[04/Dec/2015:22:38:41 -0000] access to /favicon.ico failed for 0:0:0:0:0:FFFF:A9E7:7497, reason: 
"httpd_file: Can't access /home/ec2-user/.tsung/log/20151204-2238/favicon.ico: File not found"
[04/Dec/2015:22:38:42 -0000] access to /assets/ico/favicon.ico failed for 0:0:0:0:0:FFFF:A9E7:7497, reason: 
"httpd_file: Can't access /home/ec2-user/.tsung/log/20151204-2238/assets/ico/favicon.ico: File not found"
[04/Dec/2015:22:43:41 -0000] server crash for 0:0:0:0:0:FFFF:A9E7:7497, reason: 
"Error reading request: No request received on keep-alive connection before server side timeout"

[04/Dec/2015:22:43:58 -0000] access to /oapi/getAd;jsessionid=E3B405BD7BA5E367CD92B0AD704B442E.soma-i-2a774b94 failed for 0:0:0:0:0:FFFF:4266:682, reason: 
"httpd_file: Can't access /home/ec2-user/.tsung/log/20151204-2238/oapi/getAd;jsessionid=E3B405BD7BA5E367CD92B0AD704B442E.soma-i-2a774b94: File not found"
[04/Dec/2015:22:47:43 -0000] access to /favicon.ico failed for 0:0:0:0:0:FFFF:A9E7:7497, reason: 
"httpd_file: Can't access /home/ec2-user/.tsung/log/20151204-2238/favicon.ico: File not found"
[04/Dec/2015:22:49:55 -0000] server crash for 0:0:0:0:0:FFFF:A9E7:7497, reason: 
"Error reading request: No request received on keep-alive connection before server side timeout"

[04/Dec/2015:22:49:55 -0000] server crash for 0:0:0:0:0:FFFF:A9E7:7497, reason: 
"Error reading request: No request received on keep-alive connection before server side timeout"

[04/Dec/2015:22:49:55 -0000] server crash for 0:0:0:0:0:FFFF:A9E7:7497, reason: 
"Error reading request: No request received on keep-alive connection before server side timeout"

[04/Dec/2015:22:50:07 -0000] access to /es/images/graphes-Transactions-mean_tn.png failed for 0:0:0:0:0:FFFF:A9E7:7497, reason: 
"mod_esi: Client not authorized to evaluate: images/graphes-Transactions-mean_tn.png"
[04/Dec/2015:22:50:07 -0000] access to /es/images/graphes-Perfs-mean_tn.png failed for 0:0:0:0:0:FFFF:A9E7:7497, reason: 
"mod_esi: Client not authorized to evaluate: images/graphes-Perfs-mean_tn.png"
[04/Dec/2015:22:50:07 -0000] access to /es/images/graphes-Transactions-rate_tn.png failed for 0:0:0:0:0:FFFF:A9E7:7497, reason: 
"mod_esi: Client not authorized to evaluate: images/graphes-Transactions-rate_tn.png"
[04/Dec/2015:22:50:07 -0000] access to /es/images/graphes-Perfs-rate_tn.png failed for 0:0:0:0:0:FFFF:A9E7:7497, reason: 
"mod_esi: Client not authorized to evaluate: images/graphes-Perfs-rate_tn.png"
[04/Dec/2015:22:50:07 -0000] access to /es/images/graphes-Size-rate_tn.png failed for 0:0:0:0:0:FFFF:A9E7:7497, reason: 
"mod_esi: Client not authorized to evaluate: images/graphes-Size-rate_tn.png"
[04/Dec/2015:22:50:07 -0000] access to /es/images/graphes-Users_Arrival-rate_tn.png failed for 0:0:0:0:0:FFFF:A9E7:7497, reason: 
"mod_esi: Client not authorized to evaluate: images/graphes-Users_Arrival-rate_tn.png"
[04/Dec/2015:22:50:07 -0000] access to /es/images/graphes-Users-simultaneous_tn.png failed for 0:0:0:0:0:FFFF:A9E7:7497, reason: 
"mod_esi: Client not authorized to evaluate: images/graphes-Users-simultaneous_tn.png"
[04/Dec/2015:22:50:07 -0000] access to /es/images/graphes-Errors-rate_tn.png failed for 0:0:0:0:0:FFFF:A9E7:7497, reason: 
"mod_esi: Client not authorized to evaluate: images/graphes-Errors-rate_tn.png"
[04/Dec/2015:22:50:07 -0000] access to /es/images/graphes-cpu-mean_tn.png failed for 0:0:0:0:0:FFFF:A9E7:7497, reason: 
"mod_esi: Client not authorized to evaluate: images/graphes-cpu-mean_tn.png"
[04/Dec/2015:22:50:07 -0000] access to /es/images/graphes-load-mean_tn.png failed for 0:0:0:0:0:FFFF:A9E7:7497, reason: 
"mod_esi: Client not authorized to evaluate: images/graphes-load-mean_tn.png"
[04/Dec/2015:22:50:07 -0000] access to /es/images/graphes-freemem-mean_tn.png failed for 0:0:0:0:0:FFFF:A9E7:7497, reason: 
"mod_esi: Client not authorized to evaluate: images/graphes-freemem-mean_tn.png"
[04/Dec/2015:22:50:07 -0000] access to /es/images/graphes-HTTP_CODE-rate_tn.png failed for 0:0:0:0:0:FFFF:A9E7:7497, reason: 
"mod_esi: Client not authorized to evaluate: images/graphes-HTTP_CODE-rate_tn.png"
[04/Dec/2015:22:52:40 -0000] server crash for 0:0:0:0:0:FFFF:A9E7:7497, reason: 
"Error reading request: No request received on keep-alive connection before server side timeout"

[04/Dec/2015:22:52:41 -0000] server crash for 0:0:0:0:0:FFFF:A9E7:7497, reason: 
"Error reading request: No request received on keep-alive connection before server side timeout"

[04/Dec/2015:22:52:41 -0000] server crash for 0:0:0:0:0:FFFF:A9E7:7497, reason: 
"Error reading request: No request received on keep-alive connection before server side timeout"

[04/Dec/2015:22:52:41 -0000] server crash for 0:0:0:0:0:FFFF:A9E7:7497, reason: 
"Error reading request: No request received on keep-alive connection before server side timeout"

[04/Dec/2015:22:52:41 -0000] server crash for 0:0:0:0:0:FFFF:A9E7:7497, reason: 
"Error reading request: No request received on keep-alive connection before server side timeout"

