# stats: dump at 1449423151
stats: users 12 12
stats: {load,"tsung_controller@ip-172-30-3-52"} 1 0.0 0 0.0 0.0 0 0
stats: {cpu,"tsung_controller@ip-172-30-3-52"} 1 8.030946412645749 0 8.030946412645749 8.030946412645749 0 0
stats: {freemem,"tsung_controller@ip-172-30-3-52"} 1 3170.0390625 0 3170.0390625 3170.0390625 0 0
stats: users_count 12 12
stats: finish_users_count 0 0
stats: request 19 26.653397409539473 40.66151384417021 161.869140625 7.883056640625 0 0
stats: connect 11 12.600386186079545 32.920378042487044 116.48583984375 1.11279296875 0 0
stats: page 18 28.13902452256945 42.97343707738244 169.840087890625 8.1279296875 0 0
stats: 302 1 1
stats: 200 18 18
stats: size_rcv 45172 45172
stats: size_sent 8457 8457
stats: connected 11 11
# stats: dump at 1449423161
stats: users 21 21
stats: {load,"tsung_controller@ip-172-30-3-52"} 1 0.078125 0.0 0.078125 0.0 0.0 1
stats: {recvpackets,"tsung_controller@ip-172-30-3-52"} 1 98 0 98 98 0 0
stats: {sentpackets,"tsung_controller@ip-172-30-3-52"} 1 108 0 108 108 0 0
stats: {cpu,"tsung_controller@ip-172-30-3-52"} 1 1.8774703557312251 0.0 8.030946412645749 1.8774703557312251 8.030946412645749 1
stats: {freemem,"tsung_controller@ip-172-30-3-52"} 1 3170.45703125 0.0 3170.45703125 3170.0390625 3170.0390625 1
stats: session 2 12363.54150390625 173.654541015625 12537.196044921875 12189.886962890625 0 0
stats: users_count 11 23
stats: finish_users_count 2 2
stats: request 40 41.929833984375 57.468209744585224 211.157958984375 7.323974609375 26.653397409539473 19
stats: connect 12 1.4495849609375 0.15534614763933657 116.48583984375 1.11279296875 12.600386186079545 11
stats: page 33 50.84302497632576 67.3272916687293 221.455078125 8.1279296875 28.13902452256945 18
stats: tr_sign_in_POST 2 158.271484375 0.58349609375 158.85498046875 157.68798828125 0 0
stats: 302 6 7
stats: tr_search_all_users 1 78.014892578125 0 78.014892578125 78.014892578125 0 0
stats: 200 34 52
stats: tr_friend_requests 1 19.72998046875 0 19.72998046875 19.72998046875 0 0
stats: size_rcv 117889 163061
stats: tr_browse_quizzes_page_1 1 66.924072265625 0 66.924072265625 66.924072265625 0 0
stats: size_sent 26143 34600
stats: tr_index 2 7.9345703125 0.280517578125 8.215087890625 7.654052734375 0 0
stats: connected 10 21
stats: tr_sign_in_SHOW 5 16.174609375 8.621142485895234 33.366943359375 10.94482421875 0 0
# stats: dump at 1449423171
stats: users 24 28
stats: {load,"tsung_controller@ip-172-30-3-52"} 1 0.0703125 0.0 0.078125 0.0 0.0390625 2
stats: {recvpackets,"tsung_controller@ip-172-30-3-52"} 1 188.0 0.0 188 98 98.0 1
stats: {sentpackets,"tsung_controller@ip-172-30-3-52"} 1 172.0 0.0 172 108 108.0 1
stats: {cpu,"tsung_controller@ip-172-30-3-52"} 1 1.4792899408284024 0.0 8.030946412645749 1.4792899408284024 4.954208384188487 2
stats: {freemem,"tsung_controller@ip-172-30-3-52"} 1 3169.2578125 0.0 3170.45703125 3169.2578125 3170.248046875 2
stats: session 4 16674.04443359375 6071.159041092543 26325.98193359375 9650.29296875 12363.54150390625 2
stats: users_count 7 30
stats: finish_users_count 4 6
stats: request 90 39.44625922309029 57.47409847402984 249.509033203125 6.881103515625 37.01030356197034 59
stats: connect 7 1.53515625 0.1519006005833439 116.48583984375 1.11279296875 6.782576851222826 23
stats: page 70 50.74803292410714 65.81128850498851 269.56201171875 8.1279296875 42.82984834558823 51
stats: tr_play_game__ready_page 6 14.296549479166666 2.367660444440779 18.80517578125 12.52001953125 0 0
stats: 302 11 18
stats: tr_sign_in_POST 4 196.802734375 32.396530152714725 249.64892578125 157.68798828125 158.271484375 2
stats: 200 71 123
stats: tr_question_new_POST 8 9.9033203125 1.5130177862779024 12.97607421875 8.564208984375 0 0
stats: size_rcv 280009 443070
stats: tr_quiz_new_POST 1 21.408203125 0 21.408203125 21.408203125 0 0
stats: size_sent 107912 142512
stats: tr_search_all_users 0 0 0 78.014892578125 78.014892578125 78.014892578125 1
stats: connected 3 24
stats: tr_friend_requests 1 20.322998046875 0.0 20.322998046875 19.72998046875 19.72998046875 1
stats: 404 8 8
stats: tr_friends 1 118.972900390625 0 118.972900390625 118.972900390625 0 0
stats: tr_browse_quizzes_page_1 2 65.2020263671875 1.8560791015625 67.05810546875 63.345947265625 66.924072265625 1
stats: tr_play_game__1st_question 5 20.08916015625 7.169703588942778 32.780029296875 13.23486328125 0 0
stats: tr_play_game__answer_to_question 2 26.2845458984375 11.7176513671875 38.002197265625 14.56689453125 0 0
stats: tr_index 4 11.468017578125 5.0547468515063025 20.028076171875 7.654052734375 7.9345703125 2
stats: tr_quizzes_page_INDEX 3 19.123372395833332 3.708036748405779 24.361083984375 16.282958984375 0 0
stats: tr_sign_in_SHOW 6 20.624959309895832 16.175911502773804 55.303955078125 10.696044921875 16.174609375 5
stats: tr_quiz_questions_SHOW 8 19.14251708984375 7.1722472503041965 37.47314453125 14.35595703125 0 0
# stats: dump at 1449423181
stats: users 36 37
stats: {load,"tsung_controller@ip-172-30-3-52"} 1 0.05859375 0.0 0.078125 0.0 0.049479166666666664 3
stats: {recvpackets,"tsung_controller@ip-172-30-3-52"} 1 406.0 0.0 406 98 143.0 2
stats: {sentpackets,"tsung_controller@ip-172-30-3-52"} 1 336.0 0.0 336 108 140.0 2
stats: {cpu,"tsung_controller@ip-172-30-3-52"} 1 1.87192118226601 0.0 8.030946412645749 1.4792899408284024 3.795902236401792 3
stats: {freemem,"tsung_controller@ip-172-30-3-52"} 1 3165.640625 0.0 3170.45703125 3165.640625 3169.91796875 3
stats: session 7 22367.13406808036 7266.053987537474 28180.865966796875 5606.676025390625 15237.210123697916 6
stats: users_count 19 49
stats: finish_users_count 7 13
stats: request 169 29.03123555380917 41.779513346885146 309.861083984375 6.004150390625 38.48168617606964 149
stats: connect 18 1.4838731553819444 0.17037294954508792 116.48583984375 1.11279296875 5.5581787109375 30
stats: page 126 38.987306625123985 54.78226576259932 376.116943359375 8.1279296875 47.41061628357438 121
stats: tr_play_game__ready_page 0 0 0 18.80517578125 12.52001953125 14.296549479166666 6
stats: 302 6 24
stats: tr_sign_in_POST 3 181.87003580729166 14.406152192999937 249.64892578125 157.68798828125 183.958984375 6
stats: 200 131 254
stats: tr_question_new_POST 32 16.088043212890632 11.379235536528117 62.77001953125 6.100830078125 9.9033203125 8
stats: size_rcv 534521 977591
stats: tr_quiz_new_POST 4 29.64422607421875 13.271974468795962 52.302001953125 18.444091796875 21.408203125 1
stats: newphase 1 1
stats: tr_search_all_users 1 186.52001953125 0.0 186.52001953125 78.014892578125 78.014892578125 1
stats: size_sent 210502 353014
stats: tr_friend_requests 0 0 0 20.322998046875 19.72998046875 20.0264892578125 2
stats: connected 12 36
stats: tr_friends 0 0 0 118.972900390625 118.972900390625 118.972900390625 1
stats: 404 32 40
stats: tr_browse_quizzes_page_1 1 61.7861328125 0.0 67.05810546875 61.7861328125 65.77604166666667 3
stats: tr_play_game__1st_question 1 30.035888671875 0.0 32.780029296875 13.23486328125 20.08916015625 5
stats: tr_play_game__answer_to_question 4 15.31256103515625 0.526615526574332 38.002197265625 14.56689453125 26.2845458984375 2
stats: tr_index 3 11.188313802083334 2.811192698471647 20.028076171875 7.654052734375 10.290201822916666 6
stats: tr_quizzes_page_INDEX 2 14.7640380859375 2.7230224609375 24.361083984375 12.041015625 19.123372395833332 3
stats: tr_sign_in_SHOW 4 17.7884521484375 6.517972396388675 55.303955078125 10.696044921875 18.602072975852273 11
stats: tr_quiz_questions_SHOW 32 21.46143341064453 9.104175171039758 60.302978515625 9.712890625 19.14251708984375 8
# stats: dump at 1449423191
stats: users 42 43
stats: {load,"tsung_controller@ip-172-30-3-52"} 1 0.05078125 0.0 0.078125 0.0 0.0517578125 4
stats: {recvpackets,"tsung_controller@ip-172-30-3-52"} 1 638.0 0.0 638 98 230.66666666666666 3
stats: {sentpackets,"tsung_controller@ip-172-30-3-52"} 1 565.0 0.0 565 108 205.33333333333334 3
stats: {cpu,"tsung_controller@ip-172-30-3-52"} 1 1.9821605550049552 0.0 8.030946412645749 1.4792899408284024 3.3149069728678464 4
stats: {freemem,"tsung_controller@ip-172-30-3-52"} 1 3165.0625 0.0 3170.45703125 3165.0625 3168.8486328125 4
stats: session 6 13084.523152669271 8755.820365449541 32133.433837890625 5159.926025390625 19076.399939903848 13
stats: users_count 12 61
stats: finish_users_count 6 19
stats: request 98 56.887503487723215 79.12775427939071 454.0009765625 6.004150390625 33.459276883107314 318
stats: connect 13 1.4568246694711537 0.19916642702780252 116.48583984375 1.11279296875 4.030314127604167 48
stats: page 81 68.84040738329473 92.14202524264003 479.556884765625 7.4638671875 43.11370528371709 247
stats: tr_play_game__ready_page 6 52.347330729166664 54.86452623874583 155.692138671875 10.763916015625 14.296549479166666 6
stats: 302 15 39
stats: tr_sign_in_POST 5 200.204541015625 61.88048835234041 321.2958984375 155.212890625 183.26266818576389 9
stats: 200 83 337
stats: tr_question_new_POST 0 0 0 62.77001953125 6.100830078125 14.851098632812505 40
stats: size_rcv 344691 1322282
stats: tr_quiz_new_POST 0 0 0 52.302001953125 18.444091796875 27.997021484375 5
stats: newphase 0 1
stats: tr_play_game__leaderboard 1 58.447021484375 0 58.447021484375 58.447021484375 0 0
stats: size_sent 135628 488642
stats: tr_search_all_users 2 108.046875 9.23193359375 186.52001953125 78.014892578125 132.2674560546875 2
stats: connected 7 43
stats: tr_friend_requests 0 0 0 20.322998046875 19.72998046875 20.0264892578125 2
stats: 404 0 40
stats: tr_friends 0 0 0 118.972900390625 118.972900390625 118.972900390625 1
stats: tr_browse_quizzes_page_1 4 115.44427490234375 51.879247086630876 201.465087890625 61.7861328125 64.778564453125 4
stats: tr_play_game__1st_question 5 22.4580078125 15.741914172958891 53.5419921875 12.822021484375 21.7469482421875 6
stats: tr_play_game__answer_to_question 1 41.977783203125 0.0 41.977783203125 14.56689453125 18.969889322916668 6
stats: tr_index 5 10.70556640625 3.036372754225282 20.028076171875 7.654052734375 10.58957248263889 9
stats: tr_quizzes_page_INDEX 1 41.60009765625 0.0 41.60009765625 12.041015625 17.379638671875 5
stats: tr_sign_in_SHOW 3 10.519449869791666 1.2408131501328539 55.303955078125 9.339111328125 18.385107421875 15
stats: tr_quiz_questions_SHOW 0 0 0 60.302978515625 9.712890625 20.997650146484375 40
# stats: dump at 1449423201
stats: users 49 53
stats: {load,"tsung_controller@ip-172-30-3-52"} 1 0.0390625 0.0 0.078125 0.0 0.0515625 5
stats: {recvpackets,"tsung_controller@ip-172-30-3-52"} 1 511.0 0.0 638 98 332.5 4
stats: {sentpackets,"tsung_controller@ip-172-30-3-52"} 1 470.0 0.0 565 108 295.25 4
stats: {cpu,"tsung_controller@ip-172-30-3-52"} 1 1.8774703557312251 0.0 8.030946412645749 1.4792899408284024 3.048357689295268 5
stats: {freemem,"tsung_controller@ip-172-30-3-52"} 1 3161.37109375 0.0 3170.45703125 3161.37109375 3168.09140625 5
stats: session 7 30672.20772879464 12330.594396628161 49690.45703125 5159.926025390625 17184.2283228824 19
stats: users_count 14 75
stats: finish_users_count 7 26
stats: request 120 43.094460042317706 62.269765159373854 454.0009765625 6.004150390625 38.97842641977164 416
stats: connect 14 1.5892159598214286 0.32902823859006153 116.48583984375 1.11279296875 3.4818655545594264 61
stats: page 101 51.22349744740099 79.79715521465769 479.556884765625 7.4638671875 49.46694574123474 328
stats: tr_play_game__ready_page 4 19.12030029296875 13.738433360211385 155.692138671875 10.489990234375 33.321940104166664 12
stats: 302 8 47
stats: tr_sign_in_POST 2 163.28857421875 5.465576171875 321.2958984375 155.212890625 189.31333705357142 14
stats: 200 104 441
stats: tr_question_new_POST 8 18.57427978515625 10.262215322954086 62.77001953125 6.100830078125 14.851098632812505 40
stats: size_rcv 436071 1758353
stats: tr_quiz_new_POST 1 38.50390625 0.0 52.302001953125 18.444091796875 27.997021484375 5
stats: newphase 0 1
stats: tr_play_game__leaderboard 3 28.930419921875 2.558023706663334 58.447021484375 26.547119140625 58.447021484375 1
stats: size_sent 177415 666057
stats: tr_search_all_users 2 196.685302734375 46.6865234375 243.371826171875 78.014892578125 120.15716552734375 4
stats: connected 6 49
stats: tr_friend_requests 0 0 0 20.322998046875 19.72998046875 20.0264892578125 2
stats: 404 8 48
stats: tr_friends 1 108.427978515625 0.0 118.972900390625 108.427978515625 118.972900390625 1
stats: tr_browse_quizzes_page_1 2 67.385986328125 2.218994140625 201.465087890625 61.7861328125 90.11141967773438 8
stats: tr_play_game__1st_question 3 15.758951822916666 2.207739093289405 53.5419921875 12.822021484375 22.07015713778409 11
stats: tr_play_game__answer_to_question 5 19.116015625 3.8590141294467335 41.977783203125 14.1708984375 22.256731305803573 7
stats: tr_index 2 7.6619873046875 0.0159912109375 20.028076171875 7.64599609375 10.630998883928571 14
stats: tr_quizzes_page_INDEX 3 43.434651692708336 23.468886931090875 73.39306640625 12.041015625 21.4163818359375 6
stats: tr_sign_in_SHOW 7 36.65907505580357 56.38099671501309 174.47021484375 9.339111328125 17.07416449652778 18
stats: tr_quiz_questions_SHOW 8 45.81402587890625 26.03579646358615 95.050048828125 9.712890625 20.997650146484375 40
# stats: dump at 1449423211
stats: users 58 58
stats: {load,"tsung_controller@ip-172-30-3-52"} 1 0.0390625 0.0 0.078125 0.0 0.049479166666666664 6
stats: {recvpackets,"tsung_controller@ip-172-30-3-52"} 1 576.0 0.0 638 98 368.2 5
stats: {sentpackets,"tsung_controller@ip-172-30-3-52"} 1 502.0 0.0 565 108 330.2 5
stats: {cpu,"tsung_controller@ip-172-30-3-52"} 1 2.1739130434782608 0.0 8.030946412645749 1.4792899408284024 2.853209800367928 6
stats: {freemem,"tsung_controller@ip-172-30-3-52"} 1 3158.7265625 0.0 3170.45703125 3158.7265625 3166.9713541666665 6
stats: session 8 28601.833526611328 17401.622716046088 60598.681884765625 5159.926025390625 20815.60739370493 26
stats: users_count 17 92
stats: finish_users_count 8 34
stats: request 126 51.86298091827878 69.32826413006471 454.0009765625 6.004150390625 39.899926484520755 536
stats: connect 16 1.5868072509765625 0.6127251999833969 116.48583984375 1.02490234375 3.1285709635416667 75
stats: page 104 62.84964693509615 80.92295305602063 479.556884765625 7.152099609375 49.8804928795163 429
stats: tr_play_game__ready_page 3 15.513346354166666 3.0749680024664414 155.692138671875 10.489990234375 29.771530151367188 16
stats: 302 20 67
stats: tr_sign_in_POST 8 196.10696411132813 36.91151463337893 321.2958984375 155.212890625 186.06024169921875 16
stats: 200 106 547
stats: tr_question_new_POST 0 0 0 62.77001953125 6.100830078125 15.471628824869796 48
stats: size_rcv 418668 2177021
stats: tr_quiz_new_POST 0 0 0 52.302001953125 18.444091796875 29.7481689453125 6
stats: newphase 1 2
stats: tr_play_game__leaderboard 2 21.053466796875 2.426513671875 58.447021484375 18.626953125 36.3095703125 4
stats: size_sent 205071 871128
stats: tr_search_all_users 2 93.029541015625 5.3916015625 243.371826171875 78.014892578125 145.66654459635416 6
stats: connected 8 57
stats: tr_friend_requests 0 0 0 20.322998046875 19.72998046875 20.0264892578125 2
stats: 404 0 48
stats: tr_friends 0 0 0 118.972900390625 108.427978515625 113.700439453125 2
stats: tr_browse_quizzes_page_1 3 92.99373372395833 26.38935534932197 201.465087890625 61.7861328125 85.5663330078125 10
stats: tr_play_game__1st_question 4 14.30389404296875 2.770240850834515 53.5419921875 11.5087890625 20.717755998883927 14
stats: tr_play_game__answer_to_question 4 43.677490234375 36.25579788563652 105.671142578125 14.1708984375 20.948099772135418 12
stats: tr_index 8 12.74322509765625 5.678591599854606 25.041015625 7.294921875 10.259872436523438 16
stats: tr_quizzes_page_INDEX 3 23.128580729166668 6.810254173989251 73.39306640625 12.041015625 28.75580512152778 9
stats: tr_sign_in_SHOW 5 19.200732421875 6.1973924267886105 174.47021484375 9.339111328125 22.557939453125 25
stats: tr_quiz_questions_SHOW 0 0 0 95.050048828125 9.712890625 25.133712768554688 48
# stats: dump at 1449423221
stats: users 65 65
stats: {load,"tsung_controller@ip-172-30-3-52"} 1 0.03125 0.0 0.078125 0.0 0.04799107142857143 7
stats: {recvpackets,"tsung_controller@ip-172-30-3-52"} 1 645.0 0.0 645 98 402.8333333333333 6
stats: {sentpackets,"tsung_controller@ip-172-30-3-52"} 1 594.0 0.0 594 108 358.8333333333333 6
stats: {cpu,"tsung_controller@ip-172-30-3-52"} 1 2.3738872403560833 0.0 8.030946412645749 1.4792899408284024 2.756167406526547 7
stats: {freemem,"tsung_controller@ip-172-30-3-52"} 1 3158.109375 0.0 3170.45703125 3158.109375 3165.793526785714 7
stats: session 13 32390.536452073316 14873.176072282988 63121.62109375 5159.926025390625 22647.66060144761 34
stats: users_count 20 112
stats: finish_users_count 13 47
stats: request 170 51.16503044577206 74.39816812504063 454.0009765625 6.004150390625 42.17688246435989 662
stats: connect 20 1.5147949218749999 0.21274284903480292 116.48583984375 1.02490234375 2.8574916294642856 91
stats: page 138 63.050829016644045 92.51032539702155 479.556884765625 7.152099609375 52.41105952450749 533
stats: tr_play_game__ready_page 7 17.861990792410715 6.087431702316428 155.692138671875 10.489990234375 27.520237972861842 19
stats: 302 17 84
stats: tr_sign_in_POST 6 254.208740234375 66.65297913354209 347.205078125 155.212890625 189.40914916992188 24
stats: 200 145 692
stats: tr_question_new_POST 8 10.942962646484375 3.704901037850579 62.77001953125 6.100830078125 15.471628824869796 48
stats: size_rcv 622400 2799421
stats: tr_quiz_new_POST 1 18.571044921875 0.0 52.302001953125 18.444091796875 29.7481689453125 6
stats: newphase 0 2
stats: tr_play_game__leaderboard 3 18.793375651041668 3.242910185602429 58.447021484375 15.85498046875 31.224202473958332 6
stats: size_sent 252329 1123457
stats: tr_search_all_users 6 143.83919270833334 58.03376311118942 251.43994140625 77.781982421875 132.50729370117188 8
stats: connected 6 63
stats: tr_friend_requests 1 11.7861328125 0.0 20.322998046875 11.7861328125 20.0264892578125 2
stats: 404 8 56
stats: tr_friends 0 0 0 118.972900390625 108.427978515625 113.700439453125 2
stats: tr_browse_quizzes_page_1 4 79.07171630859375 25.51845694976457 201.465087890625 55.1689453125 87.2803485576923 13
stats: tr_play_game__1st_question 8 17.344940185546875 4.32331945349404 53.5419921875 11.5087890625 19.29245334201389 18
stats: tr_play_game__answer_to_question 5 40.378564453125 14.065554985172152 105.671142578125 14.1708984375 26.630447387695313 16
stats: tr_index 6 15.721638997395834 8.44334899941317 32.125 7.294921875 11.087656656901041 24
stats: tr_quizzes_page_INDEX 4 43.65185546875 13.473598768005028 73.39306640625 12.041015625 27.3489990234375 12
stats: tr_sign_in_SHOW 3 34.055989583333336 23.73309685895343 174.47021484375 9.339111328125 21.998404947916665 30
stats: tr_quiz_questions_SHOW 8 15.468231201171875 1.1064534969818347 95.050048828125 9.712890625 25.133712768554688 48
# stats: dump at 1449423231
stats: users 69 69
stats: {load,"tsung_controller@ip-172-30-3-52"} 1 0.03125 0.0 0.078125 0.0 0.0458984375 8
stats: {recvpackets,"tsung_controller@ip-172-30-3-52"} 1 869.0 0.0 869 98 437.42857142857144 7
stats: {sentpackets,"tsung_controller@ip-172-30-3-52"} 1 770.0 0.0 770 108 392.42857142857144 7
stats: {cpu,"tsung_controller@ip-172-30-3-52"} 1 2.564102564102564 0.0 8.030946412645749 1.4792899408284024 2.708382385755239 8
stats: {freemem,"tsung_controller@ip-172-30-3-52"} 1 3159.72265625 0.0 3170.45703125 3158.109375 3164.8330078125 8
stats: session 14 33545.43319266183 24441.728289971757 71761.041015625 2937.016845703125 25342.498602684507 47
stats: users_count 18 130
stats: finish_users_count 14 61
stats: request 264 36.86954012784089 56.62241575312173 454.0009765625 6.004150390625 44.0134030855619 832
stats: connect 18 1.6153021918402777 0.19018192191378233 116.48583984375 1.02490234375 2.6155642947635136 111
stats: page 199 48.95413714078204 73.15902288978731 479.556884765625 7.152099609375 54.59926845135525 671
stats: tr_play_game__ready_page 5 22.69814453125 5.934555766489728 155.692138671875 10.489990234375 24.919940655048077 26
stats: 302 16 100
stats: tr_sign_in_POST 2 174.300537109375 14.055419921875 347.205078125 155.212890625 202.3690673828125 30
stats: 200 208 900
stats: tr_question_new_POST 40 13.0886474609375 5.404306635156772 62.77001953125 6.100830078125 14.824676513671879 56
stats: size_rcv 867979 3667400
stats: tr_quiz_new_POST 5 33.433349609375 23.682373470961835 79.9638671875 14.44189453125 28.151436941964285 7
stats: newphase 0 2
stats: tr_play_game__leaderboard 2 16.487060546875 0.447998046875 58.447021484375 15.85498046875 27.08059353298611 9
stats: size_sent 353870 1477327
stats: tr_search_all_users 4 140.42498779296875 63.60679530583825 251.43994140625 77.781982421875 137.36382184709822 14
stats: connected 4 67
stats: tr_friend_requests 0 0 0 20.322998046875 11.7861328125 17.279703776041668 3
stats: 404 40 96
stats: tr_friends 0 0 0 118.972900390625 108.427978515625 113.700439453125 2
stats: tr_browse_quizzes_page_1 2 73.9915771484375 16.0965576171875 201.465087890625 55.1689453125 85.34890567555146 17
stats: tr_play_game__1st_question 5 30.681103515625 17.0065847143105 57.175048828125 11.5087890625 18.693218524639423 26
stats: tr_play_game__answer_to_question 4 26.976318359375 20.1457392619033 105.671142578125 14.1708984375 29.90380859375 21
stats: tr_index 2 9.1064453125 1.453369140625 32.125 7.294921875 12.014453125 30
stats: tr_quizzes_page_INDEX 3 26.959635416666668 13.02556560276356 73.39306640625 12.041015625 31.424713134765625 16
stats: tr_sign_in_SHOW 4 13.2349853515625 4.778498757166619 174.47021484375 9.339111328125 23.094549005681817 33
stats: tr_quiz_questions_SHOW 40 21.413134765625 9.77255227849912 95.050048828125 9.712890625 23.7529296875 56
# stats: dump at 1449423241
stats: users 85 87
stats: {load,"tsung_controller@ip-172-30-3-52"} 1 0.01953125 0.0 0.078125 0.0 0.044270833333333336 9
stats: {recvpackets,"tsung_controller@ip-172-30-3-52"} 1 1102.0 0.0 1102 98 491.375 8
stats: {sentpackets,"tsung_controller@ip-172-30-3-52"} 1 932.0 0.0 932 108 439.625 8
stats: {cpu,"tsung_controller@ip-172-30-3-52"} 1 2.868447082096934 0.0 8.030946412645749 1.4792899408284024 2.6923512944604977 9
stats: {freemem,"tsung_controller@ip-172-30-3-52"} 1 3157.08203125 0.0 3170.45703125 3157.08203125 3164.265190972222 9
stats: session 19 29430.52231959293 17757.1140893747 72505.6728515625 2937.016845703125 27225.139328253073 61
stats: users_count 35 165
stats: finish_users_count 19 80
stats: request 289 44.95360145436853 61.81959872845887 454.0009765625 6.004150390625 42.29261857749772 1096
stats: connect 36 1.5536634657118056 0.19987621002531825 116.48583984375 1.02490234375 2.4759928385416665 129
stats: page 229 56.7645375614083 78.1674146544729 511.93115234375 7.10595703125 53.30802577227011 870
stats: tr_play_game__ready_page 5 32.52529296875 17.648635659559712 155.692138671875 10.489990234375 24.56158644153226 31
stats: 302 19 119
stats: tr_sign_in_POST 8 220.08761596679688 58.315303360156115 347.205078125 155.212890625 200.61478424072266 32
stats: 200 238 1138
stats: tr_question_new_POST 32 16.055747985839844 7.192324470083819 62.77001953125 6.100830078125 14.101331075032554 96
stats: size_rcv 986420 4653820
stats: tr_quiz_new_POST 4 41.643798828125 23.87973985070329 79.9638671875 13.81591796875 30.35223388671875 12
stats: newphase 1 3
stats: tr_play_game__leaderboard 4 48.4500732421875 22.714709801906256 85.63623046875 15.85498046875 25.154496626420453 11
stats: size_sent 384840 1862167
stats: tr_search_all_users 5 189.571435546875 69.98758146935674 283.113037109375 77.781982421875 138.04408094618054 18
stats: connected 18 85
stats: tr_friend_requests 2 21.185546875 1.222412109375 22.407958984375 11.7861328125 17.279703776041668 3
stats: 404 32 128
stats: tr_friends 3 132.15201822916666 58.15015579040857 195.613037109375 55.1259765625 113.700439453125 2
stats: tr_browse_quizzes_page_1 3 129.47566731770834 30.53905568209939 201.465087890625 55.1689453125 84.15339740953948 19
stats: tr_play_game__1st_question 4 22.43243408203125 4.9912196144173375 57.175048828125 11.5087890625 20.62674836189516 31
stats: tr_play_game__answer_to_question 6 35.347615559895836 15.593551309205676 105.671142578125 14.1708984375 29.43541015625 25
stats: tr_index 8 20.24603271484375 13.715022334878501 49.903076171875 7.294921875 11.83270263671875 32
stats: tr_quizzes_page_INDEX 2 26.8231201171875 15.8880615234375 73.39306640625 10.93505859375 30.719700863486842 19
stats: tr_sign_in_SHOW 12 23.275248209635418 13.91501454299198 174.47021484375 9.339111328125 22.028650232263512 37
stats: tr_quiz_questions_SHOW 32 23.79633331298828 9.990839675609223 95.050048828125 9.712890625 22.77801513671875 96
# stats: dump at 1449423251
stats: users 105 105
stats: {load,"tsung_controller@ip-172-30-3-52"} 1 0.01953125 0.0 0.078125 0.0 0.041796875 10
stats: {recvpackets,"tsung_controller@ip-172-30-3-52"} 1 1353.0 0.0 1353 98 559.2222222222222 9
stats: {sentpackets,"tsung_controller@ip-172-30-3-52"} 1 1143.0 0.0 1143 108 494.3333333333333 9
stats: {cpu,"tsung_controller@ip-172-30-3-52"} 1 3.5608308605341246 0.0 8.030946412645749 1.4792899408284024 2.7099608732241416 10
stats: {freemem,"tsung_controller@ip-172-30-3-52"} 1 3153.47265625 0.0 3170.45703125 3153.47265625 3163.546875 10
stats: session 14 48205.13835797991 26706.487271009697 92669.15502929688 2937.016845703125 27748.91778869629 80
stats: users_count 34 199
stats: finish_users_count 14 94
stats: request 214 49.63607075058411 69.51960369894441 490.514892578125 6.004150390625 42.847870600180514 1385
stats: connect 34 1.4955480238970589 0.30704605015949943 116.48583984375 1.016845703125 2.2747573390151516 165
stats: page 181 58.70193262258287 84.93275170085994 511.93115234375 7.10595703125 54.02826344261829 1099
stats: tr_play_game__ready_page 4 41.4725341796875 27.492800540436054 155.692138671875 10.489990234375 25.66765679253472 36
stats: 302 19 138
stats: tr_sign_in_POST 5 246.396044921875 123.84305871076064 490.59912109375 155.212890625 204.5093505859375 40
stats: 200 187 1325
stats: tr_question_new_POST 8 44.56658935546875 75.52471817418345 243.760986328125 6.100830078125 14.589935302734377 128
stats: size_rcv 708512 5362332
stats: tr_quiz_new_POST 1 39.008056640625 0.0 79.9638671875 13.81591796875 33.17512512207031 16
stats: newphase 0 3
stats: tr_play_game__leaderboard 7 47.309744698660715 31.09251091144688 106.60498046875 15.510009765625 31.366650390625 15
stats: size_sent 331674 2193841
stats: tr_search_all_users 5 124.879052734375 28.928848280224432 283.113037109375 77.781982421875 149.24567977241847 23
stats: connected 19 104
stats: tr_friend_requests 4 15.30194091796875 5.9248130207874 25.02001953125 10.083984375 18.842041015625 5
stats: 404 8 136
stats: tr_friends 2 52.762939453125 0.376953125 195.613037109375 52.385986328125 124.77138671875 5
stats: tr_browse_quizzes_page_1 2 112.14453125 44.222412109375 201.465087890625 55.1689453125 90.3337069424716 22
stats: tr_play_game__1st_question 4 47.8594970703125 47.226663315967514 129.01611328125 11.5087890625 20.833112444196427 35
stats: tr_play_game__answer_to_question 5 19.153173828125 5.53730089634812 105.671142578125 13.928955078125 30.579707976310484 31
stats: tr_index 5 19.23828125 7.954433962981912 49.903076171875 7.294921875 13.51536865234375 40
stats: tr_quizzes_page_INDEX 3 32.202067057291664 14.204484567920161 73.39306640625 10.93505859375 30.348597935267858 21
stats: tr_sign_in_SHOW 15 22.666276041666666 16.660865168266543 174.47021484375 9.339111328125 22.333939532844386 49
stats: tr_quiz_questions_SHOW 8 22.395355224609375 7.646882978490414 95.050048828125 9.712890625 23.032594680786133 128
# stats: dump at 1449423261
stats: users 123 124
stats: {load,"tsung_controller@ip-172-30-3-52"} 1 0.01953125 0.0 0.078125 0.0 0.03977272727272727 11
stats: {recvpackets,"tsung_controller@ip-172-30-3-52"} 1 1055.0 0.0 1353 98 638.6 10
stats: {sentpackets,"tsung_controller@ip-172-30-3-52"} 1 1023.0 0.0 1143 108 559.2 10
stats: {cpu,"tsung_controller@ip-172-30-3-52"} 1 3.1714568880079286 0.0 8.030946412645749 1.4792899408284024 2.7873126902523215 11
stats: {freemem,"tsung_controller@ip-172-30-3-52"} 1 3153.47265625 0.0 3170.45703125 3153.47265625 3162.631036931818 11
stats: session 24 34143.71691894531 22509.210052327868 98354.23803710938 2937.016845703125 30795.588937312998 94
stats: users_count 42 241
stats: finish_users_count 24 118
stats: request 295 116.38057882018013 178.49517697202288 1324.328125 6.004150390625 43.75636017628206 1599
stats: connect 42 1.4427083333333333 0.19629863952732102 116.48583984375 1.016845703125 2.1416260992462313 199
stats: page 237 137.11447516976529 218.54711098067068 1519.591064453125 7.10595703125 54.68914947509766 1280
stats: tr_play_game__ready_page 10 31.449560546875 17.208993870117006 155.692138671875 10.489990234375 27.24814453125 40
stats: 302 40 178
stats: tr_sign_in_POST 12 451.1746012369792 335.606763933074 1324.41796875 155.212890625 209.163427734375 45
stats: 200 248 1573
stats: tr_question_new_POST 9 47.446506076388886 105.98623614559413 346.938232421875 6.100830078125 16.353267894071692 136
stats: size_rcv 970531 6332863
stats: tr_quiz_new_POST 3 262.8299967447917 204.6494528220174 543.23193359375 13.81591796875 33.518238740808826 17
stats: newphase 0 3
stats: tr_play_game__leaderboard 4 26.7100830078125 7.5260963465454305 106.60498046875 14.76513671875 36.439453125 22
stats: size_sent 401375 2595216
stats: tr_search_all_users 6 341.0520426432292 218.45579294309533 646.321044921875 77.781982421875 144.89449637276786 28
stats: connected 19 123
stats: tr_friend_requests 1 25.425048828125 0.0 25.425048828125 10.083984375 17.268663194444443 9
stats: 404 9 145
stats: tr_friends 2 163.7515869140625 4.9334716796875 195.613037109375 52.385986328125 104.19754464285714 7
stats: tr_browse_quizzes_page_1 10 230.104248046875 161.99055889719293 586.01416015625 55.1689453125 92.15127563476563 24
stats: tr_play_game__1st_question 10 84.13837890625 137.74368655885584 490.720947265625 11.5087890625 23.60504932892628 39
stats: tr_play_game__answer_to_question 7 119.59500558035714 97.84380111326 304.737060546875 13.928955078125 28.992689344618057 36
stats: tr_index 12 44.898763020833336 61.41979506137276 195.235107421875 7.294921875 14.151247829861111 45
stats: tr_quizzes_page_INDEX 7 24.267613002232142 19.68664247822016 73.39306640625 10.780029296875 30.580281575520832 24
stats: tr_sign_in_SHOW 10 45.2831298828125 31.5912743152258 174.47021484375 9.339111328125 22.41183090209961 64
stats: tr_quiz_questions_SHOW 8 19.91851806640625 10.442378019779325 95.050048828125 9.712890625 22.995110006893384 136
# stats: dump at 1449423271
stats: users 159 159
stats: {load,"tsung_controller@ip-172-30-3-52"} 1 0.01171875 0.0 0.078125 0.0 0.0380859375 12
stats: {recvpackets,"tsung_controller@ip-172-30-3-52"} 1 1971.0 0.0 1971 98 676.4545454545455 11
stats: {sentpackets,"tsung_controller@ip-172-30-3-52"} 1 1649.0 0.0 1649 108 601.3636363636364 11
stats: {cpu,"tsung_controller@ip-172-30-3-52"} 1 3.9721946375372394 0.0 8.030946412645749 1.4792899408284024 2.819324706731955 12
stats: {freemem,"tsung_controller@ip-172-30-3-52"} 1 3145.9609375 0.0 3170.45703125 3145.9609375 3161.8678385416665 12
stats: session 27 35687.27189127604 23284.784329516944 98354.23803710938 2937.016845703125 31476.564120017876 118
stats: users_count 63 304
stats: finish_users_count 27 145
stats: request 492 114.96009839065674 190.03726140902563 1324.328125 6.004150390625 55.06794650149322 1894
stats: connect 63 1.4653707837301588 0.36581320427420516 116.48583984375 1.016845703125 2.019823003112033 241
stats: page 394 148.08942920665453 243.3598044654083 1659.026123046875 6.87890625 67.56640866404705 1517
stats: tr_play_game__ready_page 17 119.62991153492646 118.13997258073414 422.554931640625 10.489990234375 28.088427734375 50
stats: 302 42 220
stats: tr_sign_in_POST 21 486.44583565848217 288.6490554518118 1324.41796875 155.212890625 260.1131484717653 57
stats: 200 402 1975
stats: tr_question_new_POST 46 27.07974375849186 30.745022112575594 346.938232421875 6.100830078125 18.28319302262931 145
stats: size_rcv 1457768 7790631
stats: tr_quiz_new_POST 5 29.803369140625 17.521041555025427 543.23193359375 13.546875 67.91500244140624 20
stats: newphase 1 4
stats: tr_play_game__leaderboard 5 122.158447265625 135.34335894980669 389.046142578125 14.76513671875 34.942626953125 26
stats: size_sent 643130 3238346
stats: tr_search_all_users 5 257.88017578125 77.64868384459882 646.321044921875 77.781982421875 179.51053394990808 34
stats: connected 35 158
stats: tr_friend_requests 5 43.690771484375 18.505174038704308 72.613037109375 10.083984375 18.0843017578125 10
stats: 404 46 191
stats: tr_friends 1 169.60498046875 0.0 195.613037109375 52.385986328125 117.43177625868056 9
stats: tr_browse_quizzes_page_1 9 210.51603190104166 113.09985552268034 586.01416015625 55.1689453125 132.72567928538604 34
stats: tr_play_game__1st_question 13 57.69935021033654 53.89537122648377 490.720947265625 11.5087890625 35.95879005899235 49
stats: tr_play_game__answer_to_question 10 112.6895751953125 135.74443249276644 482.031005859375 13.928955078125 43.741903615552324 43
stats: tr_index 21 62.684198288690496 79.45497613624444 256.014892578125 7.294921875 20.62440892269737 57
stats: tr_quizzes_page_INDEX 5 43.451025390625 35.92249087389381 105.8330078125 9.58203125 29.154840284778224 31
stats: tr_sign_in_SHOW 24 76.68020629882813 90.74536238016279 384.802978515625 9.02392578125 25.502546980574323 74
stats: tr_quiz_questions_SHOW 46 47.95894191576089 60.06407143432762 317.9619140625 9.712890625 22.824188232421875 144
# stats: dump at 1449423281
stats: users 217 218
stats: {load,"tsung_controller@ip-172-30-3-52"} 1 0.01171875 0.0 0.078125 0.0 0.036057692307692304 13
stats: {recvpackets,"tsung_controller@ip-172-30-3-52"} 1 2317.0 0.0 2317 98 784.3333333333334 12
stats: {sentpackets,"tsung_controller@ip-172-30-3-52"} 1 1987.0 0.0 1987 108 688.6666666666666 12
stats: {cpu,"tsung_controller@ip-172-30-3-52"} 1 4.780876494023905 0.0 8.030946412645749 1.4792899408284024 2.908007009101593 13
stats: {freemem,"tsung_controller@ip-172-30-3-52"} 1 3145.13671875 0.0 3170.45703125 3145.13671875 3160.644230769231 13
stats: session 26 28005.993868314305 20786.934049468975 98354.23803710938 2937.016845703125 32260.626946390086 145
stats: users_count 84 388
stats: finish_users_count 26 171
stats: request 532 308.25280211025637 300.10671093263477 1936.445068359375 6.004150390625 67.41787891116148 2386
stats: connect 84 1.3890380859375009 0.22453665336005343 116.48583984375 0.951171875 1.904920076069079 304
stats: page 427 378.3479667145417 415.99239730861626 2285.419921875 6.87890625 84.16822451636905 1911
stats: tr_play_game__ready_page 18 210.49858940972223 133.4838193349916 447.691162109375 10.489990234375 51.315371385261194 67
stats: 302 52 272
stats: tr_sign_in_POST 19 1083.206363075658 340.0045946974694 1936.523193359375 155.212890625 321.0488719451122 78
stats: 200 442 2417
stats: tr_question_new_POST 39 209.67134289863782 184.62877635713716 818.450927734375 6.100830078125 20.401734037549087 191
stats: size_rcv 1430633 9221264
stats: tr_quiz_new_POST 7 259.03836495535717 87.3340127746512 543.23193359375 13.546875 60.29267578125 25
stats: newphase 0 4
stats: tr_play_game__leaderboard 2 47.6395263671875 32.5054931640625 389.046142578125 14.76513671875 49.00969474546371 31
stats: size_sent 666521 3904867
stats: tr_search_all_users 7 762.3308454241071 188.8085262235801 924.626953125 77.781982421875 189.55792392828525 39
stats: connected 58 216
stats: tr_friend_requests 11 290.7740367542614 176.1524831753204 633.93408203125 10.083984375 26.619791666666668 15
stats: 404 39 230
stats: tr_friends 5 434.54619140625 156.350618889413 715.740966796875 52.385986328125 122.6490966796875 10
stats: tr_browse_quizzes_page_1 8 429.02679443359375 192.8200744130661 730.2080078125 55.1689453125 149.00738099563952 43
stats: tr_play_game__1st_question 21 175.02844819568452 128.23093451333008 490.720947265625 11.5087890625 40.51729460685484 62
stats: tr_play_game__answer_to_question 10 248.401513671875 191.39859729438328 578.65185546875 13.928955078125 56.75089825324292 53
stats: tr_index 19 250.6190763774671 129.25748824074736 452.985107421875 7.294921875 31.948198367387825 78
stats: tr_quizzes_page_INDEX 5 204.158447265625 109.46009151672816 313.841064453125 9.58203125 31.140421549479168 36
stats: tr_sign_in_SHOW 26 210.99674166165866 164.5104917925343 631.133056640625 9.02392578125 38.03585130341199 98
stats: tr_quiz_questions_SHOW 39 247.93445137219553 186.20442607523955 820.52978515625 9.712890625 28.90944438733553 190
# stats: dump at 1449423291
stats: users 264 264
stats: {load,"tsung_controller@ip-172-30-3-52"} 1 0.01171875 0.0 0.078125 0.0 0.034319196428571425 14
stats: {recvpackets,"tsung_controller@ip-172-30-3-52"} 1 3015.0 0.0 3015 98 902.2307692307693 13
stats: {sentpackets,"tsung_controller@ip-172-30-3-52"} 1 2393.0 0.0 2393 108 788.5384615384615 13
stats: {cpu,"tsung_controller@ip-172-30-3-52"} 1 5.753968253968254 0.0 8.030946412645749 1.4792899408284024 3.041783400881758 14
stats: {freemem,"tsung_controller@ip-172-30-3-52"} 1 3133.29296875 0.0 3170.45703125 3133.29296875 3159.536551339286 14
stats: session 24 28633.791625976563 11824.276195473973 98354.23803710938 2937.016845703125 31613.72367136102 171
stats: users_count 71 459
stats: finish_users_count 24 195
stats: request 528 641.6332647150218 507.2015454173706 2351.8369140625 6.004150390625 111.32609657460166 2918
stats: connect 71 1.365323778609155 0.22169452160819617 116.48583984375 0.951171875 1.7932342843911084 388
stats: page 431 745.2957398310615 674.8310521280173 3362.719970703125 6.87890625 137.8956624627419 2338
stats: tr_play_game__ready_page 22 446.6519220525568 392.34037700242027 1344.407958984375 10.489990234375 85.02475873161765 85
stats: 302 55 327
stats: tr_sign_in_POST 23 1232.2560716711955 502.3312027895377 2189.363037109375 155.212890625 470.3374526820232 97
stats: 200 442 2859
stats: tr_question_new_POST 31 609.6676222278224 373.79581496171346 1411.258056640625 6.100830078125 52.49527640964674 230
stats: size_rcv 1396690 10617954
stats: tr_quiz_new_POST 5 608.092724609375 224.4053640926029 993.60986328125 13.546875 103.76829528808594 32
stats: newphase 0 4
stats: tr_play_game__leaderboard 10 641.5417724609375 532.3760130396062 1510.3330078125 14.458984375 48.92665423768939 33
stats: size_sent 838296 4743163
stats: tr_search_all_users 6 1225.1982421875 525.3109273473591 1747.649169921875 77.781982421875 276.71902067764944 46
stats: connected 47 263
stats: tr_friend_requests 2 589.7109375 350.68408203125 940.39501953125 10.083984375 138.37735689603366 26
stats: 404 31 261
stats: tr_friends 6 984.29345703125 399.5027269092592 1604.77197265625 52.385986328125 226.614794921875 15
stats: tr_browse_quizzes_page_1 8 709.7861633300781 384.8147024785173 1361.35302734375 55.1689453125 192.9319948682598 51
stats: tr_play_game__1st_question 21 477.2044968377976 454.898163835375 1429.02197265625 11.5087890625 74.55023708113704 83
stats: tr_play_game__answer_to_question 20 459.7019531250001 329.62612206189414 1068.193115234375 13.928955078125 87.171630859375 63
stats: tr_index 21 376.98148018973217 311.83118700559197 1037.64697265625 7.294921875 74.78063838998067 97
stats: tr_quizzes_page_INDEX 9 456.86162651909723 332.09561853235783 981.751953125 9.58203125 52.24018078315549 41
stats: tr_sign_in_SHOW 29 571.7361513335129 482.49957743274393 1661.125 9.02392578125 74.30184444304436 124
stats: tr_quiz_questions_SHOW 28 614.9817853655134 387.27864741886265 1283.368896484375 9.712890625 66.21064645025928 229
# stats: dump at 1449423301
stats: users 376 376
stats: {load,"tsung_controller@ip-172-30-3-52"} 1 0.1484375 0.0 0.1484375 0.0 0.032812499999999994 15
stats: {recvpackets,"tsung_controller@ip-172-30-3-52"} 1 3.2e3 0.0 3200 98 1053.142857142857 14
stats: {sentpackets,"tsung_controller@ip-172-30-3-52"} 1 2545.0 0.0 2545 108 903.1428571428571 14
stats: {cpu,"tsung_controller@ip-172-30-3-52"} 1 5.88235294117647 0.0 8.030946412645749 1.4792899408284024 3.2225957244208576 15
stats: {freemem,"tsung_controller@ip-172-30-3-52"} 1 3114.890625 0.0 3170.45703125 3114.890625 3157.7869791666667 15
stats: session 24 37244.093617757164 24670.44047595709 104665.03588867188 2937.016845703125 31246.96280423678 195
stats: users_count 136 595
stats: finish_users_count 24 219
stats: request 561 1212.3482011057267 836.3360986135934 3918.280029296875 6.004150390625 192.5803579727856 3446
stats: connect 133 1.3702071340460529 0.28391164615566294 116.48583984375 0.951171875 1.7270433346949894 459
stats: page 481 1351.8569691235712 1078.4985945216602 5536.830078125 6.87890625 232.4386141946833 2769
stats: tr_play_game__ready_page 15 913.5416829427083 715.9849535924789 2247.4970703125 10.489990234375 159.37800726489485 107
stats: 302 54 381
stats: tr_sign_in_POST 23 2017.4504500679348 846.3862053997512 3918.580078125 155.212890625 616.3718546549479 120
stats: 200 493 3352
stats: tr_question_new_POST 14 1603.9447195870537 604.9896641476839 2924.324951171875 6.100830078125 118.67283472521551 261
stats: size_rcv 1378787 11996741
stats: tr_quiz_new_POST 7 1458.8670131138392 888.4393280151735 2929.525146484375 13.546875 171.92024519636826 37
stats: newphase 1 5
stats: tr_play_game__leaderboard 9 1159.4000922309028 738.8105143291494 2257.98486328125 14.458984375 186.74412359193315 43
stats: size_sent 954949 5698112
stats: tr_search_all_users 5 2361.942822265625 634.4241431393541 3291.10400390625 77.781982421875 386.158930851863 52
stats: connected 109 372
stats: tr_friend_requests 3 819.1343587239584 458.98599925329074 1467.68310546875 10.083984375 170.61546979631697 28
stats: 404 14 275
stats: tr_friends 4 659.34375 212.41203907954096 1604.77197265625 52.385986328125 443.0944126674107 21
stats: tr_browse_quizzes_page_1 8 1537.3356628417969 667.4959566844237 2875.35498046875 55.1689453125 263.013916015625 59
stats: tr_play_game__1st_question 14 1064.4195382254463 1030.7759812285904 3026.718017578125 11.5087890625 155.8554241473858 104
stats: tr_play_game__answer_to_question 22 1023.0597478693181 712.7464209051602 2475.52197265625 13.928955078125 176.93797357398344 83
stats: tr_index 19 1242.6653089021381 935.3982956029611 3160.680908203125 7.294921875 128.56214413400423 118
stats: tr_quizzes_page_INDEX 8 967.9526977539063 737.7708417382325 2805.03515625 9.58203125 125.072041015625 50
stats: tr_sign_in_SHOW 30 1133.101123046875 828.0399260801131 3222.60107421875 9.02392578125 168.58677842881946 153
stats: tr_quiz_questions_SHOW 15 1512.3641764322917 416.3747876597228 2447.60107421875 9.712890625 125.99894174063716 257
# stats: dump at 1449423311
stats: users 493 493
stats: {load,"tsung_controller@ip-172-30-3-52"} 1 0.12890625 0.0 0.1484375 0.0 0.04003906249999999 16
stats: {recvpackets,"tsung_controller@ip-172-30-3-52"} 1 3507.0 0.0 3507 98 1196.2666666666667 15
stats: {sentpackets,"tsung_controller@ip-172-30-3-52"} 1 2957.0 0.0 2957 108 1012.6 15
stats: {cpu,"tsung_controller@ip-172-30-3-52"} 1 8.751229105211406 0.0 8.751229105211406 1.4792899408284024 3.3888305504680836 16
stats: {freemem,"tsung_controller@ip-172-30-3-52"} 1 3101.52734375 0.0 3170.45703125 3101.52734375 3155.10595703125 16
stats: session 23 40677.47804857337 20682.859369040467 104665.03588867188 2937.016845703125 31904.182619417094 219
stats: users_count 140 735
stats: finish_users_count 23 242
stats: request 663 2209.119261774723 1398.859403043985 4751.904052734375 1.4228515625 335.3529459432323 4007
stats: connect 143 1.5376181435751748 0.8712031282505799 116.48583984375 0.951171875 1.6468757423194682 592
stats: page 555 2522.1658528645844 1845.8339676824794 8651.248046875 1.490966796875 398.1125307241587 3250
stats: tr_play_game__ready_page 21 2435.4790504092275 1292.8968328826961 3819.070068359375 1.967041015625 252.1030493564293 122
stats: 302 62 443
stats: tr_sign_in_POST 30 2784.472159830729 1650.224303985213 4752.0009765625 1.888916015625 841.7201602108829 143
stats: 200 476 3828
stats: tr_question_new_POST 21 1967.9713774181548 1242.9603605778002 3633.493896484375 1.59814453125 194.28667613636364 275
stats: size_rcv 1343034 13339775
stats: tr_quiz_new_POST 7 1743.0374581473213 1213.4098435329738 3578.52685546875 2.97802734375 376.66177645596593 44
stats: newphase 0 5
stats: tr_play_game__leaderboard 7 2347.1860002790177 961.7205675525137 3560.404052734375 14.458984375 355.0884258563702 52
stats: 422 1 1
stats: tr_search_all_users 4 1523.4712524414063 1721.203460805227 4198.81201171875 8.677978515625 559.4733072916666 57
stats: size_sent 935787 6633899
stats: tr_friend_requests 6 1038.2208658854167 1445.4591185286279 4090.693115234375 1.64404296875 233.3753622731855 31
stats: connected 120 492
stats: tr_friends 1 4028.56005859375 0.0 4028.56005859375 52.385986328125 477.694306640625 25
stats: 503 105 105
stats: tr_browse_quizzes_page_1 6 1937.1199137369792 1716.3828350753893 4188.778076171875 5.465087890625 415.1717365321828 67
stats: 404 18 293
stats: tr_play_game__1st_question 17 2332.0985322840074 1348.145723880587 4110.43310546875 2.012939453125 263.65116649563026 118
stats: tr_play_game__answer_to_question 13 2044.8544921875 1450.2307462327856 4173.305908203125 1.98095703125 354.2206310453869 105
stats: tr_index 26 2048.554997370793 1478.1136908221863 3725.01708984375 1.462890625 283.0728020215557 137
stats: tr_quizzes_page_INDEX 6 2552.883015950521 1026.5301576147076 3729.153076171875 9.58203125 241.3314419450431 58
stats: tr_sign_in_SHOW 41 2126.970685261052 1365.6627211415214 4186.10205078125 1.739990234375 326.7038841039105 183
stats: tr_quiz_questions_SHOW 19 2301.6804456208883 1432.9828675719978 3822.134033203125 1.548095703125 202.452906889074 272
# stats: dump at 1449423321
stats: users 613 613
stats: {load,"tsung_controller@ip-172-30-3-52"} 1 0.109375 0.0 0.1484375 0.0 0.04526654411764705 17
stats: {recvpackets,"tsung_controller@ip-172-30-3-52"} 1 3728.0 0.0 3728 98 1340.6875 16
stats: {sentpackets,"tsung_controller@ip-172-30-3-52"} 1 3179.0 0.0 3179 108 1134.125 16
stats: {cpu,"tsung_controller@ip-172-30-3-52"} 1 7.8 0.0 8.751229105211406 1.4792899408284024 3.704265759570632 17
stats: {freemem,"tsung_controller@ip-172-30-3-52"} 1 3083.08203125 0.0 3170.45703125 3083.08203125 3151.954273897059 17
stats: session 48 39828.421686808266 19050.723559550777 104665.03588867188 2937.016845703125 32738.008218055915 242
stats: users_count 168 903
stats: finish_users_count 48 290
stats: request 999 2095.0658876650073 1952.2157637800308 5700.078125 1.4228515625 601.3715899253048 4670
stats: connect 165 1.3204057173295454 0.1975625738042782 116.48583984375 0.951171875 1.6256188217474492 735
stats: page 824 2530.5610117495694 2497.1990123909227 9955.302001953125 1.450927734375 707.9284555041683 3805
stats: tr_play_game__ready_page 40 2393.733349609375 1827.4694651781908 4680.748046875 1.652099609375 572.7386858746725 143
stats: 302 70 513
stats: tr_sign_in_POST 36 2525.8813680013022 2331.4242033971846 5700.18603515625 1.76513671875 1178.6135705495844 173
stats: 200 452 4280
stats: tr_question_new_POST 42 1480.3257359095983 1732.5944523023095 4499.781982421875 1.59814453125 320.12241507865286 296
stats: size_rcv 1472458 14812233
stats: tr_quiz_new_POST 5 2189.621826171875 1885.3553342738212 4523.863037109375 2.31494140625 564.2035366881128 51
stats: newphase 0 5
stats: tr_play_game__leaderboard 15 1684.422998046875 1819.3161520541082 4253.591064453125 2.387939453125 591.4389855336335 59
stats: 422 10 11
stats: tr_search_all_users 12 955.8232014973959 1656.946856562016 4435.6240234375 1.743896484375 622.6862873014857 61
stats: size_sent 1168649 7802548
stats: tr_friend_requests 13 1598.1168494591345 1746.8700692548873 4090.693115234375 1.64404296875 363.89084934543916 37
stats: connected 118 610
stats: tr_friends 7 2275.6094796316966 2011.3479310259627 4877.62890625 1.944091796875 614.2660663311298 26
stats: 503 447 552
stats: tr_browse_quizzes_page_1 18 2133.9122450086807 1963.4281439017577 5334.9228515625 1.777099609375 540.2633675353168 73
stats: 404 21 314
stats: tr_play_game__1st_question 30 1587.7072835286458 1861.0848638173322 4857.4140625 1.68115234375 524.122316261574 135
stats: tr_play_game__answer_to_question 20 2193.4586547851563 1837.3258368664767 4695.759033203125 1.800048828125 540.4769038830773 118
stats: tr_index 40 1893.1351318359375 1853.835588767455 4733.508056640625 1.462890625 564.6834589484279 163
stats: tr_quizzes_page_INDEX 19 2194.357666015625 1929.2623835427314 4615.363037109375 1.64501953125 458.03940200805664 64
stats: tr_sign_in_SHOW 62 2477.010683121219 1905.22288741931 4855.612060546875 1.718017578125 656.2170039585659 224
stats: tr_quiz_questions_SHOW 44 1455.6566162109384 1719.2571596508983 4692.817138671875 1.548095703125 339.5158733354811 291
# stats: dump at 1449423331
stats: users 786 786
stats: {load,"tsung_controller@ip-172-30-3-52"} 1 0.08984375 0.0 0.1484375 0.0 0.04882812499999999 18
stats: {recvpackets,"tsung_controller@ip-172-30-3-52"} 1 4361.0 0.0 4361 98 1481.1176470588234 17
stats: {sentpackets,"tsung_controller@ip-172-30-3-52"} 1 3952.0 0.0 3952 108 1254.4117647058824 17
stats: {cpu,"tsung_controller@ip-172-30-3-52"} 1 9.990108803165183 0.0 9.990108803165183 1.4792899408284024 3.931806550705597 18
stats: {freemem,"tsung_controller@ip-172-30-3-52"} 1 3074.50390625 0.0 3170.45703125 3074.50390625 3148.1280381944443 18
stats: session 95 41392.65081979852 23121.77227388698 104665.03588867188 2937.016845703125 33911.59389564251 290
stats: users_count 268 1171
stats: finish_users_count 95 385
stats: request 1472 1435.548953180729 1658.828259974758 5700.078125 1.411865234375 864.5927230073232 5669
stats: connect 271 1.3185719845479709 0.2711477537276603 116.48583984375 0.951171875 1.5696630859375003 900
stats: page 1212 1766.5786312090675 2199.172705125553 9955.302001953125 1.43408203125 1032.372012718731 4629
stats: tr_play_game__ready_page 51 1034.4243499157476 1537.3134264282462 4680.748046875 1.608154296875 970.770306363132 183
stats: 302 76 589
stats: tr_sign_in_POST 66 1699.509003610322 1889.8461241206492 5700.18603515625 1.636962890625 1410.6788370962918 209
stats: 200 487 4767
stats: tr_question_new_POST 70 985.8725237165179 1512.081439680254 4499.781982421875 1.574951171875 464.2896916316106 338
stats: size_rcv 1892017 16704250
stats: tr_quiz_new_POST 17 1879.4290556066176 1587.6592018531232 4523.863037109375 2.084228515625 709.3301696777344 56
stats: newphase 1 6
stats: tr_play_game__leaderboard 13 1518.6201923076924 1656.7698809697706 4253.591064453125 2.108154296875 812.9897988809122 74
stats: 422 31 42
stats: tr_search_all_users 14 858.8799351283482 1346.8326391850378 4435.6240234375 1.616943359375 677.4485197720462 73
stats: size_sent 1478664 9281212
stats: tr_friend_requests 16 1829.0617065429688 1431.1454682021401 4090.693115234375 1.64404296875 684.789609375 50
stats: connected 175 785
stats: tr_friends 15 1176.7186197916667 1683.8904494659976 4877.62890625 1.682861328125 966.6722449100379 33
stats: 503 832 1384
stats: tr_browse_quizzes_page_1 37 1599.3782860008446 1860.7761822152343 5334.9228515625 1.715087890625 855.4906180245536 91
stats: 404 45 359
stats: tr_play_game__1st_question 48 1688.2151997884114 1570.3596093806289 4857.4140625 1.68115234375 717.5014012192235 165
stats: tr_play_game__answer_to_question 35 1024.0698521205352 1524.0087110725392 4695.759033203125 1.4990234375 780.0394764775815 138
stats: tr_index 62 1232.7684011151712 1560.5030151531123 4733.508056640625 1.4521484375 826.4473353794643 203
stats: tr_quizzes_page_INDEX 24 1537.6339518229167 1553.9841571230813 4615.363037109375 1.64501953125 855.5098479856928 83
stats: tr_sign_in_SHOW 86 1665.1283271257269 1648.8552520441217 4855.612060546875 1.615966796875 1050.934514825994 286
stats: tr_quiz_questions_SHOW 68 1060.1389590992646 1493.0382200080733 4692.817138671875 1.538818359375 486.11346344449646 335
# stats: dump at 1449423341
stats: users 960 960
stats: {load,"tsung_controller@ip-172-30-3-52"} 1 0.078125 0.0 0.1484375 0.0 0.05098684210526315 19
stats: {recvpackets,"tsung_controller@ip-172-30-3-52"} 1 5657.0 0.0 5657 98 1641.111111111111 18
stats: {sentpackets,"tsung_controller@ip-172-30-3-52"} 1 5628.0 0.0 5628 108 1404.2777777777778 18
stats: {cpu,"tsung_controller@ip-172-30-3-52"} 1 14.37125748502994 0.0 14.37125748502994 1.4792899408284024 4.250664563992944 19
stats: {freemem,"tsung_controller@ip-172-30-3-52"} 1 3068.23828125 0.0 3170.45703125 3068.23828125 3144.2530838815787 19
stats: session 117 34196.58832673945 19566.5637917259 104682.23510742188 2937.016845703125 35757.56898082386 385
stats: users_count 291 1462
stats: finish_users_count 117 502
stats: request 2179 986.0867028623734 1456.6004210032756 5700.078125 1.39404296875 982.2859831691007 7141
stats: connect 291 1.2972567319050687 0.2011083340598789 116.48583984375 0.951171875 1.5115540436859525 1171
stats: page 1758 1235.3741731437535 1867.2651330845506 9955.302001953125 1.407958984375 1184.7189433145686 5841
stats: tr_play_game__ready_page 66 968.1027203184186 1422.5593086613117 4680.748046875 1.583984375 984.6436235476764 234
stats: 302 88 677
stats: tr_sign_in_POST 91 1019.5074020218063 1636.9463692733536 5700.18603515625 1.534912109375 1479.9980770596592 275
stats: 200 490 5257
stats: tr_question_new_POST 154 769.3483490386566 1305.308281909829 4499.781982421875 1.55810546875 553.7769422344132 408
stats: size_rcv 2308867 19013117
stats: tr_quiz_new_POST 14 232.53873116629464 811.3428741784456 4523.863037109375 1.906982421875 981.8189513324058 73
stats: newphase 0 6
stats: tr_play_game__leaderboard 17 341.17825137867646 931.1635996464466 4253.591064453125 2.044921875 918.4288231860633 87
stats: 422 44 86
stats: tr_search_all_users 24 1165.1034851074219 1682.2779634124688 4515.218994140625 1.531982421875 706.6443797144397 87
stats: size_sent 2099045 11380257
stats: tr_friend_requests 13 899.6376953125 1356.6247953857799 4090.693115234375 1.636962890625 962.188905658144 66
stats: connected 173 958
stats: tr_friends 19 1107.6999254728619 1620.7588482609183 4877.62890625 1.56787109375 1032.3117370605469 48
stats: 503 1485 2869
stats: tr_browse_quizzes_page_1 52 1320.2730900691106 1750.860573739898 5334.9228515625 1.56396484375 1070.5206470489502 128
stats: 404 73 432
stats: tr_play_game__1st_question 67 1106.4921146222016 1439.6508984393831 4857.4140625 1.529052734375 936.2538065305898 213
stats: tr_play_game__answer_to_question 54 1243.069580078125 1452.5688407558769 4695.759033203125 1.4990234375 829.4097836885836 173
stats: tr_index 90 907.2289605034722 1391.9365165727554 4733.508056640625 1.429931640625 921.5111318912146 265
stats: tr_quizzes_page_INDEX 37 566.1209023965372 1173.7183177284144 4615.363037109375 1.47509765625 1008.5096469772196 107
stats: tr_sign_in_SHOW 115 1237.0060950237778 1500.1554639875158 4855.612060546875 1.60205078125 1192.925557454427 372
stats: tr_quiz_questions_SHOW 147 818.5611813084608 1345.860289923695 4692.817138671875 1.47607421875 582.9713634557229 403
# stats: dump at 1449423351
stats: users 1145 1145
stats: {load,"tsung_controller@ip-172-30-3-52"} 1 0.0703125 0.0 0.1484375 0.0 0.05234375 20
stats: {recvpackets,"tsung_controller@ip-172-30-3-52"} 1 6468.0 0.0 6468 98 1852.4736842105262 19
stats: {sentpackets,"tsung_controller@ip-172-30-3-52"} 1 6656.0 0.0 6656 108 1626.578947368421 19
stats: {cpu,"tsung_controller@ip-172-30-3-52"} 1 16.381909547738694 0.0 16.381909547738694 1.4792899408284024 4.756694210044794 20
stats: {freemem,"tsung_controller@ip-172-30-3-52"} 1 3061.23046875 0.0 3170.45703125 3061.23046875 3140.4523437499997 20
stats: session 147 38306.24844879358 26689.988916933646 108997.23706054688 2937.016845703125 35393.754764632875 502
stats: users_count 332 1794
stats: finish_users_count 147 649
stats: request 2690 819.7007553837991 1241.232494796626 5700.078125 1.35302734375 983.1745849085472 9320
stats: connect 331 1.2846067491975073 0.18879971847305207 116.48583984375 0.951171875 1.4688997907938615 1462
stats: page 2184 1014.4074400737611 1558.4297783603042 9955.302001953125 1.389892578125 1196.4378397535352 7599
stats: tr_play_game__ready_page 109 712.485297806766 1136.737901618505 4680.748046875 1.5361328125 981.0046248372398 300
stats: 302 148 825
stats: tr_sign_in_POST 102 1236.9920486749384 1635.2102865194715 5700.18603515625 1.534912109375 1365.5044939218324 366
stats: 200 522 5779
stats: tr_question_new_POST 181 617.9120594678008 1098.9929580790026 4499.781982421875 1.55810546875 612.8481106469638 562
stats: size_rcv 2539233 21552350
stats: tr_quiz_new_POST 25 934.071708984375 1153.2959774125432 4523.863037109375 1.81591796875 861.2451227999281 87
stats: newphase 0 6
stats: tr_play_game__leaderboard 29 902.8743517645474 1261.1223794365922 4253.591064453125 1.830810546875 824.070556640625 104
stats: 422 88 174
stats: tr_search_all_users 37 487.8874973606419 1011.746824181677 4515.218994140625 1.531982421875 805.7706727723818 111
stats: size_sent 2586896 13967153
stats: tr_friend_requests 19 131.92856959292763 506.6967724993153 4090.693115234375 1.617919921875 951.8956685126582 79
stats: connected 184 1142
stats: tr_friends 16 1134.5452575683594 1501.1486033904632 4877.62890625 1.56787109375 1053.690477058069 67
stats: 503 1844 4713
stats: tr_browse_quizzes_page_1 48 900.9274953206381 1505.590666480511 5334.9228515625 1.52099609375 1142.6713528103298 180
stats: 404 88 520
stats: tr_play_game__1st_question 99 614.3774537365845 1081.068972431946 4857.4140625 1.529052734375 976.9894016810825 280
stats: tr_play_game__answer_to_question 83 701.0471662038783 1230.2179330367815 4695.759033203125 1.4990234375 927.8134356931441 227
stats: tr_index 106 945.759023990272 1298.7063550806297 4733.508056640625 1.4111328125 917.8902997084067 355
stats: tr_quizzes_page_INDEX 38 1226.6401559930098 1124.7358050390385 4615.363037109375 1.47509765625 894.8403167724609 144
stats: tr_sign_in_SHOW 109 944.9602834719037 1266.7931763395814 4855.612060546875 1.60205078125 1203.3347193034522 487
stats: tr_quiz_questions_SHOW 181 588.017061518042 1118.7595971451642 4692.817138671875 1.4580078125 645.9380965909093 550
# stats: dump at 1449423361
stats: users 1064 1179
stats: {load,"tsung_controller@ip-172-30-3-52"} 1 0.05859375 0.0 0.1484375 0.0 0.05319940476190476 21
stats: {recvpackets,"tsung_controller@ip-172-30-3-52"} 1 7750.0 0.0 7750 98 2083.25 20
stats: {sentpackets,"tsung_controller@ip-172-30-3-52"} 1 7946.0 0.0 7946 108 1878.05 20
stats: {cpu,"tsung_controller@ip-172-30-3-52"} 1 18.488253319713994 0.0 18.488253319713994 1.4792899408284024 5.310275892792124 21
stats: {freemem,"tsung_controller@ip-172-30-3-52"} 1 3054.08203125 0.0 3170.45703125 3054.08203125 3136.6798735119046 21
stats: session 155 38330.69728767641 25176.600186185522 125478.65087890625 2937.016845703125 36053.441315590695 649
stats: users_count 74 1868
stats: finish_users_count 155 804
stats: request 2312 883.326653398032 1209.8996660175267 5700.078125 1.35302734375 946.5597138492989 12010
stats: connect 77 1.2856540432224022 0.25049907374255415 116.48583984375 0.951171875 1.4348780413413276 1793
stats: page 1864 1076.5238462783736 1497.949870647673 9955.302001953125 1.363037109375 1155.8005717477467 9783
stats: tr_play_game__ready_page 89 818.366274030021 1230.1011387179103 4680.748046875 1.5361328125 909.4432393939106 409
stats: 302 171 996
stats: tr_sign_in_POST 89 890.0727429336376 1290.6325715089476 5700.18603515625 1.534912109375 1337.4953712398171 468
stats: 504 1 1
stats: tr_question_new_POST 150 768.1276936848961 1105.3989175623908 4499.781982421875 1.553955078125 614.081724020546 743
stats: 200 427 6206
stats: tr_quiz_new_POST 20 648.0537109375001 1005.1965825159177 4523.863037109375 1.81591796875 877.5010572160993 112
stats: size_rcv 2262959 23815309
stats: tr_play_game__leaderboard 33 661.068270596591 1159.4332142235316 4253.591064453125 1.6669921875 841.2533390360667 133
stats: newphase 0 6
stats: tr_search_all_users 28 870.202410016741 1177.15125403926 4515.218994140625 1.531982421875 726.2998789194468 148
stats: 422 105 279
stats: tr_friend_requests 27 1208.0616048177083 1268.5636555150882 4090.693115234375 1.569091796875 792.9224554567921 98
stats: size_sent 2349939 16317092
stats: tr_friends 15 692.0730794270834 983.4473797986243 4877.62890625 1.567138671875 1069.276940770896 83
stats: connected -67 1075
stats: tr_browse_quizzes_page_1 56 1152.6608319963725 1505.3888452207416 5334.9228515625 1.505859375 1091.7779091282894 228
stats: 503 1483 6196
stats: tr_play_game__1st_question 95 760.0143811677632 1153.9176858527771 4857.4140625 1.529052734375 882.2701857272427 379
stats: 404 126 646
stats: tr_play_game__answer_to_question 85 714.5513901654408 1089.6718870503016 4695.759033203125 1.4990234375 867.098595797631 310
stats: tr_index 88 928.1691339666194 1193.8224691982805 4733.508056640625 1.4111328125 924.2982927103108 461
stats: tr_quizzes_page_INDEX 40 841.0508117675781 1162.1309125856762 4615.363037109375 1.47509765625 964.1172062800481 182
stats: tr_sign_in_SHOW 100 999.9917211914062 1257.9375483631693 4855.612060546875 1.60205078125 1156.0816765087563 596
stats: tr_quiz_questions_SHOW 151 840.0725534199089 1208.4084722804728 4692.817138671875 1.446044921875 631.5964996713622 731
# stats: dump at 1449423371
stats: users 875 1179
stats: {load,"tsung_controller@ip-172-30-3-52"} 1 0.05078125 0.0 0.1484375 0.0 0.05344460227272727 22
stats: {recvpackets,"tsung_controller@ip-172-30-3-52"} 1 6323.0 0.0 7750 98 2353.095238095238 21
stats: {sentpackets,"tsung_controller@ip-172-30-3-52"} 1 6076.0 0.0 7946 108 2167.0 21
stats: {cpu,"tsung_controller@ip-172-30-3-52"} 1 13.184584178498987 0.0 18.488253319713994 1.4792899408284024 5.909274866743118 22
stats: {freemem,"tsung_controller@ip-172-30-3-52"} 1 3046.46484375 0.0 3170.45703125 3046.46484375 3132.9254261363635 22
stats: session 189 40465.15169400012 21843.134068573345 125478.65087890625 2937.016845703125 36492.464544040056 804
stats: users_count 0 1868
stats: finish_users_count 189 993
stats: request 2358 914.0866434163617 1170.6871177739768 5700.078125 1.35302734375 936.3520029315969 14322
stats: connect 0 0 0 116.48583984375 0.951171875 1.428733523771725 1870
stats: page 1851 1182.9915485928195 1576.3883344350397 9955.302001953125 1.363037109375 1143.1130284941269 11647
stats: tr_play_game__ready_page 83 1059.4089884930347 1126.7425368160189 4680.748046875 1.5361328125 893.1664323308862 498
stats: 302 244 1240
stats: tr_sign_in_POST 85 1107.4384880514704 1314.261535791574 5700.18603515625 1.534912109375 1266.004143377609 557
stats: 504 0 1
stats: tr_question_new_POST 218 551.5272978336438 964.5823172569626 4499.781982421875 1.553955078125 639.9573068309071 893
stats: 200 371 6577
stats: tr_quiz_new_POST 39 938.4567432892628 1132.8000104362484 4523.863037109375 1.81591796875 842.7363077799479 132
stats: size_rcv 2274309 26089618
stats: tr_play_game__leaderboard 60 827.8926798502604 1037.7332254674598 4253.591064453125 1.56396484375 805.4334157920746 166
stats: newphase 0 6
stats: tr_search_all_users 45 798.9867078993055 1204.9268906990544 4515.218994140625 1.531982421875 749.1934634121982 176
stats: 422 120 399
stats: tr_friend_requests 27 612.7341760706018 947.811672820397 4090.693115234375 1.569091796875 882.59251171875 125
stats: size_sent 2771113 19088205
stats: tr_friends 33 1189.828176787405 1248.3853465618329 4877.62890625 1.447021484375 1011.5416558713329 98
stats: connected -197 878
stats: tr_browse_quizzes_page_1 45 1335.2725097656248 1533.513339266946 5334.9228515625 1.43798828125 1103.7829925107283 284
stats: 503 1433 7629
stats: tr_play_game__1st_question 85 977.6151683134193 1159.6304678634458 4857.4140625 1.529052734375 857.7674400876846 474
stats: 404 188 834
stats: tr_play_game__answer_to_question 92 973.9308047087296 1136.035887901354 4695.759033203125 1.4990234375 834.271981927413 395
stats: tr_index 83 1089.0814341349778 1219.1810662822663 4733.508056640625 1.4111328125 924.9187554253474 549
stats: tr_quizzes_page_INDEX 34 1081.469992244945 1170.4826992088704 4615.363037109375 1.47509765625 941.9430811426661 222
stats: tr_sign_in_SHOW 19 1193.6184467516448 1160.6459076182625 4855.612060546875 1.60205078125 1133.6549587907462 696
stats: tr_quiz_questions_SHOW 217 598.5812223232283 1028.4261698114528 4692.817138671875 1.446044921875 667.2879782609659 882
# stats: dump at 1449423381
stats: users 722 1179
stats: {load,"tsung_controller@ip-172-30-3-52"} 1 0.0390625 0.0 0.1484375 0.0 0.05332880434782609 23
stats: {recvpackets,"tsung_controller@ip-172-30-3-52"} 1 6475.0 0.0 7750 98 2533.5454545454545 22
stats: {sentpackets,"tsung_controller@ip-172-30-3-52"} 1 5773.0 0.0 7946 108 2344.681818181818 22
stats: {cpu,"tsung_controller@ip-172-30-3-52"} 1 13.286713286713287 0.0 18.488253319713994 1.4792899408284024 6.225592662906417 23
stats: {freemem,"tsung_controller@ip-172-30-3-52"} 1 3040.07421875 0.0 3170.45703125 3040.07421875 3129.166270380435 23
stats: session 153 51299.34539356105 24328.204916486826 125478.65087890625 2937.016845703125 37248.59533089046 993
stats: users_count 0 1868
stats: finish_users_count 153 1146
stats: request 1862 1174.0823198394273 1023.7097989693351 5700.078125 1.35302734375 933.2044179353784 16680
stats: connect 1 1.553955078125 0.0 116.48583984375 0.951171875 1.428733523771725 1870
stats: page 1499 1459.9101854035516 1403.9270102450425 9955.302001953125 1.363037109375 1148.5816268570459 13498
stats: tr_play_game__ready_page 69 1410.7138919553895 937.358625002618 4680.748046875 1.5361328125 916.9153689254787 581
stats: 302 286 1526
stats: tr_sign_in_POST 46 1310.4499617866845 1299.5603078292652 5700.18603515625 1.534912109375 1245.0102482020297 642
stats: 504 0 1
stats: tr_question_new_POST 181 1058.3186938881215 996.0310052907521 4499.781982421875 1.553955078125 622.6056038953504 1111
stats: 200 414 6991
stats: tr_quiz_new_POST 41 1242.0496022294208 982.2860463420269 4523.863037109375 1.81591796875 864.5672842996162 171
stats: size_rcv 2248820 28338438
stats: tr_play_game__leaderboard 57 1087.6980365953948 1021.4103771778604 4253.591064453125 1.56396484375 811.3960522676991 226
stats: newphase 0 6
stats: tr_search_all_users 30 1452.9931884765624 1002.674486283211 4515.218994140625 1.531982421875 759.332359348487 221
stats: 422 138 537
stats: tr_friend_requests 22 1531.7739701704545 877.1705050192085 4090.693115234375 1.569091796875 834.6571494654605 152
stats: size_sent 2419039 21507244
stats: tr_friends 21 1401.3670014880952 1023.4756541516302 4877.62890625 1.447021484375 1056.4535275524809 131
stats: connected -152 726
stats: tr_browse_quizzes_page_1 29 1635.2537883890086 1290.6339139534666 5334.9228515625 1.43798828125 1135.4456924392096 329
stats: 503 773 8402
stats: tr_play_game__1st_question 71 1136.2103804467429 1018.0618069951523 4857.4140625 1.529052734375 875.9911554708464 559
stats: 404 252 1086
stats: tr_play_game__answer_to_question 77 1331.732583578531 963.1644057701164 4695.759033203125 1.4990234375 860.6551681612551 487
stats: tr_index 53 1240.0757711158608 1002.6027478719126 4733.508056640625 1.4111328125 946.4780945596817 632
stats: tr_quizzes_page_INDEX 27 1238.255298755787 1036.4425303157775 4615.363037109375 1.47509765625 960.4739990234375 256
stats: tr_sign_in_SHOW 6 1090.6053873697917 1092.358505360669 4855.612060546875 1.60205078125 1135.2483941351618 715
stats: tr_quiz_questions_SHOW 175 1023.0193233816964 1009.5767498474502 4692.817138671875 1.446044921875 653.7216761331324 1099
# stats: dump at 1449423391
stats: users 595 1179
stats: {load,"tsung_controller@ip-172-30-3-52"} 1 0.03125 0.0 0.1484375 0.0 0.052734375 24
stats: {recvpackets,"tsung_controller@ip-172-30-3-52"} 1 6408.0 0.0 7750 98 2704.913043478261 23
stats: {sentpackets,"tsung_controller@ip-172-30-3-52"} 1 5166.0 0.0 7946 108 2493.7391304347825 23
stats: {cpu,"tsung_controller@ip-172-30-3-52"} 1 10.140562248995984 0.0 18.488253319713994 1.4792899408284024 6.519806022231703 24
stats: {freemem,"tsung_controller@ip-172-30-3-52"} 1 3031.76171875 0.0 3170.45703125 3031.76171875 3125.4541015625 24
stats: session 127 60606.72441329355 20256.463159130173 125478.65087890625 2937.016845703125 39124.48081046167 1146
stats: users_count 0 1868
stats: finish_users_count 127 1273
stats: request 1692 1251.4417125801099 728.078238481634 5700.078125 1.35205078125 957.3935374125297 18542
stats: connect 2 2.373046875 1.131103515625 116.48583984375 0.951171875 1.42880045137961 1871
stats: page 1372 1547.813600056373 1029.4999501825032 9955.302001953125 1.363037109375 1179.6999511393165 14997
stats: tr_play_game__ready_page 42 1419.129981631324 613.9236259159358 4680.748046875 1.5361328125 969.3339813701923 650
stats: 302 355 1881
stats: tr_sign_in_POST 20 1611.5977294921875 1015.5502366579584 5700.18603515625 1.534912109375 1249.385577889376 688
stats: 504 0 1
stats: tr_question_new_POST 233 1162.73697986521 737.0160672050529 4499.781982421875 1.553955078125 683.6459052023873 1292
stats: 200 451 7442
stats: tr_quiz_new_POST 32 1140.312957763672 746.1449734508992 4523.863037109375 1.81591796875 937.5709401256634 212
stats: size_rcv 2216046 30554484
stats: tr_play_game__leaderboard 77 1315.4889122108361 629.5818386607523 4253.591064453125 1.56396484375 867.0469819732774 283
stats: newphase 0 6
stats: tr_search_all_users 13 1363.633075420673 769.9417355357931 4515.218994140625 1.531982421875 842.2400281685757 251
stats: 422 171 708
stats: tr_friend_requests 6 1172.0003662109375 546.9547555984929 4090.693115234375 1.569091796875 922.7983566810345 174
stats: size_sent 2357140 23864384
stats: tr_friends 13 1288.433856670673 607.5591535060146 4877.62890625 1.447021484375 1104.106046977796 152
stats: connected -128 598
stats: tr_browse_quizzes_page_1 16 1775.389144897461 923.0288689590044 5334.9228515625 1.43798828125 1175.9329404351429 358
stats: 503 391 8793
stats: tr_play_game__1st_question 50 1401.69416015625 642.0045217456706 4857.4140625 1.529052734375 905.3174490792411 630
stats: 404 325 1411
stats: tr_play_game__answer_to_question 71 1316.870547012544 689.1285355437653 4695.759033203125 1.4990234375 924.9689287767343 564
stats: tr_index 22 1439.166359641335 633.9287037936717 4733.508056640625 1.388916015625 969.1944111399408 685
stats: tr_quizzes_page_INDEX 3 1671.6153157552083 141.53618689376785 4615.363037109375 1.47509765625 986.976101824757 283
stats: tr_sign_in_SHOW 0 0 0 4855.612060546875 1.60205078125 1134.8768850636052 721
stats: tr_quiz_questions_SHOW 223 1132.5393197782375 726.8031417148488 4692.817138671875 1.446044921875 704.449374931012 1274
# stats: dump at 1449423401
stats: users 463 1179
stats: {load,"tsung_controller@ip-172-30-3-52"} 1 0.03125 0.0 0.1484375 0.0 0.051875 25
stats: {recvpackets,"tsung_controller@ip-172-30-3-52"} 1 6934.0 0.0 7750 98 2859.2083333333335 24
stats: {sentpackets,"tsung_controller@ip-172-30-3-52"} 1 5176.0 0.0 7946 108 2605.0833333333335 24
stats: {cpu,"tsung_controller@ip-172-30-3-52"} 1 9.494949494949495 0.0 18.488253319713994 1.4792899408284024 6.664636271302275 25
stats: {freemem,"tsung_controller@ip-172-30-3-52"} 1 3018.71484375 0.0 3170.45703125 3018.71484375 3121.70640625 25
stats: session 132 69483.05600253021 18353.56089769987 132763.14208984375 2937.016845703125 41267.642583878514 1273
stats: users_count 0 1868
stats: finish_users_count 132 1405
stats: request 1570 1162.0672727159624 327.4308702558728 5700.078125 1.35205078125 981.9823242259895 20234
stats: connect 2 1.407470703125 0.252685546875 116.48583984375 0.951171875 1.4298087230545917 1873
stats: page 1262 1454.8821535911504 648.439723459544 9955.302001953125 1.363037109375 1210.5541222135544 16369
stats: tr_play_game__ready_page 19 1219.3307077508223 364.37583056200793 4680.748046875 1.5361328125 996.6337386114749 692
stats: 302 467 2348
stats: tr_sign_in_POST 11 1091.6344992897727 580.7449704043707 5700.18603515625 1.534912109375 1259.6175595730713 708
stats: 504 0 1
stats: tr_question_new_POST 256 1138.557288169862 291.65807559915106 4499.781982421875 1.553955078125 756.8447382492317 1525
stats: 200 507 7949
stats: tr_quiz_new_POST 16 1046.6737823486328 450.7172110026939 4523.863037109375 1.81591796875 964.1600571929431 244
stats: size_rcv 2232243 32786727
stats: tr_play_game__leaderboard 74 1180.613634264147 385.3804405363408 4253.591064453125 1.56396484375 962.9637281629774 360
stats: newphase 0 6
stats: tr_search_all_users 9 1253.2402886284722 231.2718154102937 4515.218994140625 1.531982421875 867.9146857984139 264
stats: 422 245 953
stats: tr_friend_requests 2 910.756591796875 126.5244140625 4090.693115234375 1.569091796875 931.1050903320313 180
stats: size_sent 2211712 26076096
stats: tr_friends 7 1589.8463309151787 287.0359433686646 4877.62890625 1.447021484375 1118.6288441051136 165
stats: connected -129 469
stats: tr_browse_quizzes_page_1 5 1891.280517578125 268.92926548685705 5334.9228515625 1.43798828125 1201.578125652782 374
stats: 503 59 8852
stats: tr_play_game__1st_question 30 1160.2322347005208 290.22699234154186 4857.4140625 1.529052734375 941.8157366584329 680
stats: 404 290 1701
stats: tr_play_game__answer_to_question 45 1225.4955729166666 377.901641722953 4695.759033203125 1.4990234375 968.7878498708169 635
stats: tr_index 12 1064.9073486328125 381.6775432391161 4733.508056640625 1.388916015625 983.8187150537042 707
stats: tr_quizzes_page_INDEX 7 1286.372349330357 116.05985612962226 4615.363037109375 1.47509765625 994.1576320408108 286
stats: tr_sign_in_SHOW 0 0 0 4855.612060546875 1.60205078125 1134.8768850636052 721
stats: tr_quiz_questions_SHOW 250 1121.221084960937 296.5936736666139 4692.817138671875 1.446044921875 768.2196205562166 1497
# stats: dump at 1449423411
stats: users 300 1179
stats: {load,"tsung_controller@ip-172-30-3-52"} 1 0.01953125 0.0 0.1484375 0.0 0.05108173076923077 26
stats: {recvpackets,"tsung_controller@ip-172-30-3-52"} 1 7307.0 0.0 7750 98 3022.2 25
stats: {sentpackets,"tsung_controller@ip-172-30-3-52"} 1 5151.0 0.0 7946 108 2707.92 25
stats: {cpu,"tsung_controller@ip-172-30-3-52"} 1 9.50950950950951 0.0 18.488253319713994 1.4792899408284024 6.773494472211782 26
stats: {freemem,"tsung_controller@ip-172-30-3-52"} 1 3018.88671875 0.0 3170.45703125 3018.71484375 3117.7451923076924 26
stats: session 163 73207.43344247265 15277.51559849329 132763.14208984375 2937.016845703125 43918.48569509704 1405
stats: users_count 0 1868
stats: finish_users_count 163 1568
stats: request 1557 861.253137920481 437.92452524060997 5700.078125 1.35205078125 994.9493655546108 21804
stats: connect 5 1.383447265625 0.19615684193413505 116.48583984375 0.951171875 1.4297848958333337 1875
stats: page 1242 1100.3742095898115 674.9452312591806 9955.302001953125 1.363037109375 1228.0427488143441 17631
stats: tr_play_game__ready_page 9 1009.6820475260416 466.21376290073067 4680.748046875 1.5361328125 1002.5848531173084 711
stats: 302 546 2894
stats: tr_sign_in_POST 1 1529.76904296875 0.0 5700.18603515625 1.534912109375 1257.0475822947456 719
stats: 504 0 1
stats: tr_question_new_POST 288 790.2028749254017 428.8165468980091 4499.781982421875 1.553955078125 811.7118987094683 1781
stats: 200 509 8458
stats: tr_quiz_new_POST 14 938.036882672991 476.98040146577483 4523.863037109375 1.81591796875 969.2378248948318 260
stats: size_rcv 2200296 34987023
stats: tr_play_game__leaderboard 89 870.4046589712078 397.75628859509277 4253.591064453125 1.56396484375 1000.0745416456654 434
stats: newphase 0 6
stats: tr_search_all_users 7 1256.621058872768 350.0920595109217 4515.218994140625 1.531982421875 880.6177276499542 273
stats: 422 267 1220
stats: tr_friend_requests 1 1145.634033203125 0.0 4090.693115234375 1.569091796875 930.8814804580186 182
stats: size_sent 2244205 28320301
stats: tr_friends 8 999.0152282714844 213.91325917895205 4877.62890625 1.447021484375 1137.8062999636627 172
stats: connected -165 304
stats: tr_browse_quizzes_page_1 4 1718.1337890625 374.6655622053729 5334.9228515625 1.43798828125 1210.6771017995545 379
stats: 503 0 8852
stats: tr_play_game__1st_question 9 1061.9422200520833 477.19756626561144 4857.4140625 1.529052734375 951.0446027728873 710
stats: 404 235 1936
stats: tr_play_game__answer_to_question 27 1083.5148292824072 328.08497111047734 4695.759033203125 1.4990234375 985.7758609547335 680
stats: tr_index 1 715.56103515625 0.0 4733.508056640625 1.388916015625 985.172071942368 719
stats: tr_quizzes_page_INDEX 1 677.669921875 0.0 4615.363037109375 1.47509765625 1001.1388710204245 293
stats: tr_sign_in_SHOW 0 0 0 4855.612060546875 1.60205078125 1134.8768850636052 721
stats: tr_quiz_questions_SHOW 307 782.9157826178235 436.7657604035569 4692.817138671875 1.446044921875 818.734998977041 1747
# stats: dump at 1449423421
stats: users 171 1179
stats: {load,"tsung_controller@ip-172-30-3-52"} 1 0.01953125 0.0 0.1484375 0.0 0.04991319444444445 27
stats: {recvpackets,"tsung_controller@ip-172-30-3-52"} 1 6132.0 0.0 7750 98 3187.0 26
stats: {sentpackets,"tsung_controller@ip-172-30-3-52"} 1 4358.0 0.0 7946 108 2801.8846153846152 26
stats: {cpu,"tsung_controller@ip-172-30-3-52"} 1 7.077856420626897 0.0 18.488253319713994 1.4792899408284024 6.874828362482069 27
stats: {freemem,"tsung_controller@ip-172-30-3-52"} 1 3031.62109375 0.0 3170.45703125 3018.71484375 3114.0837673611113 27
stats: session 129 80402.36994874937 14100.966508167361 132763.14208984375 2937.016845703125 46963.19136016224 1568
stats: users_count 0 1868
stats: finish_users_count 129 1697
stats: request 987 294.9404183091121 263.5920641360479 5700.078125 1.35205078125 986.0385729333043 23361
stats: connect 5 1.485400390625 0.12625204556762543 116.48583984375 0.951171875 1.42966165745512 1880
stats: page 798 386.1413592575188 413.53016193062876 9955.302001953125 1.363037109375 1219.64109959499 18873
stats: tr_play_game__ready_page 1 354.262939453125 0.0 4680.748046875 1.5361328125 1002.6735680474176 720
stats: 302 264 3158
stats: tr_sign_in_POST 1 580.158935546875 0.0 5700.18603515625 1.534912109375 1257.4263621012374 720
stats: 504 0 1
stats: tr_question_new_POST 176 333.5573591752485 238.80729365247774 4499.781982421875 1.553955078125 808.7178924988297 2069
stats: 200 426 8884
stats: tr_quiz_new_POST 8 159.86300659179688 231.9105142779571 4523.863037109375 1.81591796875 967.6436161681684 274
stats: size_rcv 1786723 36773746
stats: tr_play_game__leaderboard 81 204.2073236159337 254.65139218076266 4253.591064453125 1.56396484375 978.0083474620578 523
stats: newphase 0 6
stats: tr_search_all_users 2 442.6925048828125 422.8895263671875 4515.218994140625 1.531982421875 890.0178109305245 280
stats: 422 132 1352
stats: tr_friend_requests 2 284.3929443359375 186.6719970703125 4090.693115234375 1.569091796875 932.054991675205 183
stats: size_sent 1538762 29859063
stats: tr_friends 3 168.83634440104166 174.70200056609534 4877.62890625 1.447021484375 1131.6378078884547 180
stats: connected -132 172
stats: tr_browse_quizzes_page_1 0 0 0 5334.9228515625 1.43798828125 1215.9769105438152 383
stats: 503 0 8852
stats: tr_play_game__1st_question 2 124.64892578125 74.136962890625 4857.4140625 1.529052734375 952.4327509724878 719
stats: 404 165 2101
stats: tr_play_game__answer_to_question 11 359.9312855113636 321.4769989996168 4695.759033203125 1.4990234375 989.5084665344325 707
stats: tr_index 1 452.3779296875 0.0 4733.508056640625 1.388916015625 984.797612169054 720
stats: tr_quizzes_page_INDEX 1 877.132080078125 0.0 4615.363037109375 1.47509765625 1000.0386364995217 294
stats: tr_sign_in_SHOW 0 0 0 4855.612060546875 1.60205078125 1134.8768850636052 721
stats: tr_quiz_questions_SHOW 190 358.25031481291126 241.39384242738973 4692.817138671875 1.446044921875 813.381299160936 2054
# stats: dump at 1449423431
stats: users 100 1179
stats: {load,"tsung_controller@ip-172-30-3-52"} 1 0.01953125 0.0 0.1484375 0.0 0.048828125 28
stats: {recvpackets,"tsung_controller@ip-172-30-3-52"} 1 3067.0 0.0 7750 98 3296.074074074074 27
stats: {sentpackets,"tsung_controller@ip-172-30-3-52"} 1 2349.0 0.0 7946 108 2859.5185185185187 27
stats: {cpu,"tsung_controller@ip-172-30-3-52"} 1 4.212637913741224 0.0 18.488253319713994 1.4792899408284024 6.8820793645586695 28
stats: {freemem,"tsung_controller@ip-172-30-3-52"} 1 3047.02734375 0.0 3170.45703125 3018.71484375 3111.138671875 28
stats: session 71 90604.25766464019 13272.177772473993 132763.14208984375 2937.016845703125 49505.12066948914 1697
stats: users_count 0 1868
stats: finish_users_count 71 1768
stats: request 403 18.831176454908515 18.472761522558695 5700.078125 1.35205078125 958.0233815987357 24348
stats: connect 1 1.254150390625 0.0 116.48583984375 0.951171875 1.4298095055537137 1885
stats: page 346 21.942905668578383 21.50020282918674 9955.302001953125 1.363037109375 1185.828238388681 19671
stats: tr_play_game__ready_page 0 0 0 4680.748046875 1.5361328125 1001.7742467872313 721
stats: 302 111 3269
stats: tr_sign_in_POST 0 0 0 5700.18603515625 1.534912109375 1256.4870175429094 721
stats: 504 0 1
stats: tr_question_new_POST 51 19.88072054993873 17.602627415825314 4499.781982421875 1.553955078125 771.4669999086514 2245
stats: 200 187 9071
stats: tr_quiz_new_POST 5 7.6751953125 2.0034127360532903 4523.863037109375 1.81591796875 944.7278541943706 282
stats: size_rcv 823834 37597580
stats: tr_play_game__leaderboard 48 20.48509724934896 23.20919776143399 4253.591064453125 1.56396484375 874.23701810521 604
stats: newphase 0 6
stats: tr_search_all_users 1 8.89697265625 0.0 4515.218994140625 1.531982421875 886.8452910294769 282
stats: 422 56 1408
stats: tr_friend_requests 1 7.9990234375 0.0 4090.693115234375 1.569091796875 925.0532398120777 185
stats: size_sent 794642 30653705
stats: tr_friends 2 31.3594970703125 24.6505126953125 4877.62890625 1.447021484375 1115.8541773394807 183
stats: connected -68 104
stats: tr_browse_quizzes_page_1 0 0 0 5334.9228515625 1.43798828125 1215.9769105438152 383
stats: 503 0 8852
stats: tr_play_game__1st_question 0 0 0 4857.4140625 1.529052734375 950.1365406390863 721
stats: 404 49 2150
stats: tr_play_game__answer_to_question 1 19.921142578125 0.0 4695.759033203125 1.4990234375 979.863133677533 718
stats: tr_index 0 0 0 4733.508056640625 1.388916015625 984.0591660074984 721
stats: tr_quizzes_page_INDEX 0 0 0 4615.363037109375 1.47509765625 999.6220041048729 295
stats: tr_sign_in_SHOW 0 0 0 4855.612060546875 1.60205078125 1134.8768850636052 721
stats: tr_quiz_questions_SHOW 51 15.221947763480392 13.21878723336405 4692.817138671875 1.446044921875 774.8452532491157 2244
# stats: dump at 1449423441
stats: users 53 1179
stats: {load,"tsung_controller@ip-172-30-3-52"} 1 0.01953125 0.0 0.1484375 0.0 0.04781788793103448 29
stats: {recvpackets,"tsung_controller@ip-172-30-3-52"} 1 1371.0 0.0 7750 98 3287.8928571428573 28
stats: {sentpackets,"tsung_controller@ip-172-30-3-52"} 1 1195.0 0.0 7946 108 2841.285714285714 28
stats: {cpu,"tsung_controller@ip-172-30-3-52"} 1 3.273809523809524 0.0 18.488253319713994 1.4792899408284024 6.790029659358067 29
stats: {freemem,"tsung_controller@ip-172-30-3-52"} 1 3060.734375 0.0 3170.45703125 3018.71484375 3108.927936422414 29
stats: session 47 96913.95487034574 14797.93731494481 174110.96899414063 2937.016845703125 51155.59506239396 1768
stats: users_count 0 1868
stats: finish_users_count 47 1815
stats: request 280 16.015691266741076 13.547642917645597 5700.078125 1.35205078125 942.7312940599306 24751
stats: connect 3 1.546630859375 0.2237290088034808 116.48583984375 0.951171875 1.4297163671046529 1886
stats: page 244 18.489994236680335 14.28758831613766 9955.302001953125 1.363037109375 1165.7101225311023 20017
stats: tr_play_game__ready_page 0 0 0 4680.748046875 1.5361328125 1001.7742467872313 721
stats: 302 52 3321
stats: tr_sign_in_POST 0 0 0 5700.18603515625 1.534912109375 1256.4870175429094 721
stats: 504 0 1
stats: tr_question_new_POST 32 8.365646362304686 4.247056996316312 4499.781982421875 1.553955078125 754.7723569438019 2296
stats: 200 159 9230
stats: tr_quiz_new_POST 4 13.5980224609375 6.051210895501417 4523.863037109375 1.81591796875 928.4028949804007 287
stats: size_rcv 694764 38292344
stats: tr_play_game__leaderboard 38 16.253989771792764 9.764388495178096 4253.591064453125 1.56396484375 811.3841159563123 652
stats: newphase 0 6
stats: tr_search_all_users 0 0 0 4515.218994140625 1.531982421875 883.743000151833 283
stats: 422 28 1436
stats: tr_friend_requests 0 0 0 4090.693115234375 1.569091796875 920.1228407993111 186
stats: size_sent 582051 31235756
stats: tr_friends 1 52.6220703125 0.0 4877.62890625 1.447021484375 1104.12991052576 185
stats: connected -48 56
stats: tr_browse_quizzes_page_1 0 0 0 5334.9228515625 1.43798828125 1215.9769105438152 383
stats: 503 0 8852
stats: tr_play_game__1st_question 0 0 0 4857.4140625 1.529052734375 950.1365406390863 721
stats: 404 41 2191
stats: tr_play_game__answer_to_question 2 41.7919921875 13.85791015625 4695.759033203125 1.4990234375 978.5280265967273 719
stats: tr_index 0 0 0 4733.508056640625 1.388916015625 984.0591660074984 721
stats: tr_quizzes_page_INDEX 0 0 0 4615.363037109375 1.47509765625 999.6220041048729 295
stats: tr_sign_in_SHOW 0 0 0 4855.612060546875 1.60205078125 1134.8768850636052 721
stats: tr_quiz_questions_SHOW 33 11.870598070549242 8.086639188110825 4692.817138671875 1.446044921875 757.9647353494349 2295
# stats: dump at 1449423451
stats: users 27 1179
stats: {load,"tsung_controller@ip-172-30-3-52"} 1 0.01171875 0.0 0.1484375 0.0 0.046875 30
stats: {recvpackets,"tsung_controller@ip-172-30-3-52"} 1 713.0 0.0 7750 98 3221.793103448276 29
stats: {sentpackets,"tsung_controller@ip-172-30-3-52"} 1 643.0 0.0 7946 108 2784.5172413793102 29
stats: {cpu,"tsung_controller@ip-172-30-3-52"} 1 2.274975272007913 0.0 18.488253319713994 1.4792899408284024 6.672822321506449 30
stats: {freemem,"tsung_controller@ip-172-30-3-52"} 1 3073.46484375 0.0 3170.45703125 3018.71484375 3107.321484375 30
stats: session 26 102720.07408728966 12032.546191534238 174110.96899414063 2937.016845703125 52340.52228607095 1815
stats: users_count 0 1868
stats: finish_users_count 26 1841
stats: request 124 15.578762915826614 9.40472761062084 5700.078125 1.35205078125 932.3649335956227 25031
stats: connect 1 4.55810546875 0.0 116.48583984375 0.951171875 1.429902043905506 1889
stats: page 106 18.24369380159198 10.78094643545275 9955.302001953125 1.363037109375 1151.8943330190427 20261
stats: tr_play_game__ready_page 0 0 0 4680.748046875 1.5361328125 1001.7742467872313 721
stats: 302 17 3338
stats: tr_sign_in_POST 0 0 0 5700.18603515625 1.534912109375 1256.4870175429094 721
stats: 504 0 1
stats: tr_question_new_POST 16 10.269622802734375 1.4310594991933931 4499.781982421875 1.553955078125 744.5124708876989 2328
stats: 200 75 9305
stats: tr_quiz_new_POST 2 18.1190185546875 2.4080810546875 4523.863037109375 1.81591796875 915.8282575574527 291
stats: size_rcv 321702 38614046
stats: tr_play_game__leaderboard 17 12.825640510110293 6.0379571156222624 4253.591064453125 1.56396484375 767.5943408910779 690
stats: newphase 0 6
stats: tr_search_all_users 0 0 0 4515.218994140625 1.531982421875 883.743000151833 283
stats: 422 9 1445
stats: tr_friend_requests 0 0 0 4090.693115234375 1.569091796875 920.1228407993111 186
stats: size_sent 251474 31487230
stats: tr_friends 0 0 0 4877.62890625 1.447021484375 1098.476642567624 186
stats: connected -28 28
stats: tr_browse_quizzes_page_1 0 0 0 5334.9228515625 1.43798828125 1215.9769105438152 383
stats: 503 0 8852
stats: tr_play_game__1st_question 0 0 0 4857.4140625 1.529052734375 950.1365406390863 721
stats: 404 23 2214
stats: tr_play_game__answer_to_question 0 0 0 4695.759033203125 1.4990234375 975.9295909950373 721
stats: tr_index 0 0 0 4733.508056640625 1.388916015625 984.0591660074984 721
stats: tr_quizzes_page_INDEX 0 0 0 4615.363037109375 1.47509765625 999.6220041048729 295
stats: tr_sign_in_SHOW 0 0 0 4855.612060546875 1.60205078125 1134.8768850636052 721
stats: tr_quiz_questions_SHOW 16 15.785308837890623 9.400796625834007 4692.817138671875 1.446044921875 747.3886586612033 2328
# stats: dump at 1449423461
stats: users 14 1179
stats: {load,"tsung_controller@ip-172-30-3-52"} 1 0.01171875 0.0 0.1484375 0.0 0.045740927419354836 31
stats: {recvpackets,"tsung_controller@ip-172-30-3-52"} 1 335.0 0.0 7750 98 3138.1666666666665 30
stats: {sentpackets,"tsung_controller@ip-172-30-3-52"} 1 311.0 0.0 7946 108 2713.133333333333 30
stats: {cpu,"tsung_controller@ip-172-30-3-52"} 1 1.3861386138613863 0.0 18.488253319713994 1.3861386138613863 6.530956287651658 31
stats: {freemem,"tsung_controller@ip-172-30-3-52"} 1 3076.10546875 0.0 3170.45703125 3018.71484375 3106.2293346774195 31
stats: session 13 114138.14875676081 9932.023126057782 174110.96899414063 2937.016845703125 53052.02057332335 1841
stats: users_count 0 1868
stats: finish_users_count 13 1854
stats: request 35 14.373842075892858 5.841238492612513 5700.078125 1.35205078125 927.8456934777815 25155
stats: connect 0 0 0 116.48583984375 0.951171875 1.4315571779927252 1890
stats: page 35 14.373842075892858 5.841238492612513 9955.302001953125 1.363037109375 1145.9942511337847 20367
stats: tr_play_game__ready_page 0 0 0 4680.748046875 1.5361328125 1001.7742467872313 721
stats: 302 0 3338
stats: tr_sign_in_POST 0 0 0 5700.18603515625 1.534912109375 1256.4870175429094 721
stats: 504 0 1
stats: tr_question_new_POST 0 0 0 4499.781982421875 1.553955078125 739.5005743137401 2344
stats: 200 31 9336
stats: tr_quiz_new_POST 0 0 0 4523.863037109375 1.81591796875 909.7005494413929 293
stats: size_rcv 117548 38731594
stats: tr_play_game__leaderboard 10 17.17158203125 6.979515693553446 4253.591064453125 1.56396484375 749.4457299908283 707
stats: newphase 0 6
stats: tr_search_all_users 0 0 0 4515.218994140625 1.531982421875 883.743000151833 283
stats: 422 0 1445
stats: tr_friend_requests 0 0 0 4090.693115234375 1.569091796875 920.1228407993111 186
stats: size_sent 100573 31587803
stats: tr_friends 0 0 0 4877.62890625 1.447021484375 1098.476642567624 186
stats: connected -13 15
stats: tr_browse_quizzes_page_1 0 0 0 5334.9228515625 1.43798828125 1215.9769105438152 383
stats: 503 0 8852
stats: tr_play_game__1st_question 0 0 0 4857.4140625 1.529052734375 950.1365406390863 721
stats: 404 4 2218
stats: tr_play_game__answer_to_question 0 0 0 4695.759033203125 1.4990234375 975.9295909950373 721
stats: tr_index 0 0 0 4733.508056640625 1.388916015625 984.0591660074984 721
stats: tr_quizzes_page_INDEX 0 0 0 4615.363037109375 1.47509765625 999.6220041048729 295
stats: tr_sign_in_SHOW 0 0 0 4855.612060546875 1.60205078125 1134.8768850636052 721
stats: tr_quiz_questions_SHOW 0 0 0 4692.817138671875 1.446044921875 742.3947791402251 2344
# stats: dump at 1449423471
stats: users 4 1179
stats: {load,"tsung_controller@ip-172-30-3-52"} 1 0.01171875 0.0 0.1484375 0.0 0.044677734375 32
stats: {recvpackets,"tsung_controller@ip-172-30-3-52"} 1 222.0 0.0 7750 98 3047.7419354838707 31
stats: {sentpackets,"tsung_controller@ip-172-30-3-52"} 1 213.0 0.0 7946 108 2635.6451612903224 31
stats: {cpu,"tsung_controller@ip-172-30-3-52"} 1 1.2871287128712872 0.0 18.488253319713994 1.2871287128712872 6.370180735345712 32
stats: {freemem,"tsung_controller@ip-172-30-3-52"} 1 3084.59375 0.0 3170.45703125 3018.71484375 3105.2879638671875 32
stats: session 10 127546.730859375 9231.850257673957 174110.96899414063 2937.016845703125 53480.348332969894 1854
stats: users_count 0 1868
stats: finish_users_count 10 1864
stats: request 45 12.333279079861114 6.845822317568116 5700.078125 1.35205078125 926.5764789164847 25190
stats: connect 0 0 0 116.48583984375 0.951171875 1.4315571779927252 1890
stats: page 36 15.442396375868055 6.719760026086183 9955.302001953125 1.363037109375 1144.0529358550361 20402
stats: tr_play_game__ready_page 0 0 0 4680.748046875 1.5361328125 1001.7742467872313 721
stats: 302 17 3355
stats: tr_sign_in_POST 0 0 0 5700.18603515625 1.534912109375 1256.4870175429094 721
stats: 504 0 1
stats: tr_question_new_POST 8 8.52203369140625 1.4106458345052655 4499.781982421875 1.553955078125 739.5005743137401 2344
stats: 200 19 9355
stats: tr_quiz_new_POST 1 8.698974609375 0.0 4523.863037109375 1.81591796875 909.7005494413929 293
stats: size_rcv 91998 38823592
stats: tr_play_game__leaderboard 3 27.9306640625 9.020650385322234 4253.591064453125 1.56396484375 739.2327014279332 717
stats: newphase 0 6
stats: tr_search_all_users 0 0 0 4515.218994140625 1.531982421875 883.743000151833 283
stats: 422 9 1454
stats: tr_friend_requests 0 0 0 4090.693115234375 1.569091796875 920.1228407993111 186
stats: size_sent 87497 31675300
stats: tr_friends 0 0 0 4877.62890625 1.447021484375 1098.476642567624 186
stats: connected -11 4
stats: tr_browse_quizzes_page_1 0 0 0 5334.9228515625 1.43798828125 1215.9769105438152 383
stats: 503 0 8852
stats: tr_play_game__1st_question 0 0 0 4857.4140625 1.529052734375 950.1365406390863 721
stats: 404 0 2218
stats: tr_play_game__answer_to_question 0 0 0 4695.759033203125 1.4990234375 975.9295909950373 721
stats: tr_index 0 0 0 4733.508056640625 1.388916015625 984.0591660074984 721
stats: tr_quizzes_page_INDEX 0 0 0 4615.363037109375 1.47509765625 999.6220041048729 295
stats: tr_sign_in_SHOW 0 0 0 4855.612060546875 1.60205078125 1134.8768850636052 721
stats: tr_quiz_questions_SHOW 8 8.477630615234375 2.0810294789739125 4692.817138671875 1.446044921875 742.3947791402251 2344
# stats: dump at 1449423481
stats: users 2 1179
stats: {load,"tsung_controller@ip-172-30-3-52"} 1 0.01171875 0.0 0.1484375 0.0 0.04367897727272727 33
stats: {recvpackets,"tsung_controller@ip-172-30-3-52"} 1 64.0 0.0 7750 64 2959.4375 32
stats: {sentpackets,"tsung_controller@ip-172-30-3-52"} 1 60.0 0.0 7946 60 2559.9375 32
stats: {cpu,"tsung_controller@ip-172-30-3-52"} 1 0.9861932938856016 0.0 18.488253319713994 0.9861932938856016 6.21614885587679 33
stats: {freemem,"tsung_controller@ip-172-30-3-52"} 1 3087.0546875 0.0 3170.45703125 3018.71484375 3104.6608664772725 33
stats: session 2 129423.22399902344 2023.7540283203125 174110.96899414063 2937.016845703125 53877.70017055791 1864
stats: users_count 0 1868
stats: finish_users_count 2 1866
stats: request 3 12.423177083333334 2.2663959667602684 5700.078125 1.35205078125 924.9461660972793 25235
stats: connect 0 0 0 116.48583984375 0.951171875 1.4315571779927252 1890
stats: page 3 12.423177083333334 2.2663959667602684 9955.302001953125 1.363037109375 1142.0649732647018 20438
stats: tr_play_game__ready_page 0 0 0 4680.748046875 1.5361328125 1001.7742467872313 721
stats: 302 0 3355
stats: tr_sign_in_POST 0 0 0 5700.18603515625 1.534912109375 1256.4870175429094 721
stats: 504 0 1
stats: tr_question_new_POST 0 0 0 4499.781982421875 1.553955078125 737.0142527469975 2352
stats: 200 3 9358
stats: tr_quiz_new_POST 0 0 0 4523.863037109375 1.81591796875 906.6359182344813 294
stats: size_rcv 9397 38832989
stats: tr_play_game__leaderboard 0 0 0 4253.591064453125 1.56396484375 736.2689429389106 720
stats: newphase 0 6
stats: tr_search_all_users 0 0 0 4515.218994140625 1.531982421875 883.743000151833 283
stats: 422 0 1454
stats: tr_friend_requests 0 0 0 4090.693115234375 1.569091796875 920.1228407993111 186
stats: size_sent 10980 31686280
stats: tr_friends 0 0 0 4877.62890625 1.447021484375 1098.476642567624 186
stats: connected -3 1
stats: tr_browse_quizzes_page_1 0 0 0 5334.9228515625 1.43798828125 1215.9769105438152 383
stats: 503 0 8852
stats: tr_play_game__1st_question 0 0 0 4857.4140625 1.529052734375 950.1365406390863 721
stats: 404 0 2218
stats: tr_play_game__answer_to_question 0 0 0 4695.759033203125 1.4990234375 975.9295909950373 721
stats: tr_index 0 0 0 4733.508056640625 1.388916015625 984.0591660074984 721
stats: tr_quizzes_page_INDEX 0 0 0 4615.363037109375 1.47509765625 999.6220041048729 295
stats: tr_sign_in_SHOW 0 0 0 4855.612060546875 1.60205078125 1134.8768850636052 721
stats: tr_quiz_questions_SHOW 0 0 0 4692.817138671875 1.446044921875 739.8984623085074 2352
# stats: dump at 1449423489
stats: users 0 1179
stats: {load,"tsung_controller@ip-172-30-3-52"} 1 0.01171875 0.0 0.1484375 0.0 0.042738970588235295 34
stats: {recvpackets,"tsung_controller@ip-172-30-3-52"} 1 93.0 0.0 7750 64 2871.6969696969695 33
stats: {sentpackets,"tsung_controller@ip-172-30-3-52"} 1 79.0 0.0 7946 60 2484.181818181818 33
stats: {cpu,"tsung_controller@ip-172-30-3-52"} 1 1.0869565217391304 0.0 18.488253319713994 0.9861932938856016 6.062326633465284 34
stats: {freemem,"tsung_controller@ip-172-30-3-52"} 1 3086.84375 0.0 3170.45703125 3018.71484375 3104.1430376838234 34
stats: session 2 141677.65649414063 3836.947509765625 174110.96899414063 2937.016845703125 53958.670721285096 1866
stats: users_count 0 1868
stats: finish_users_count 2 1868
stats: request 29 15.658556707974135 5.705681930172829 5700.078125 1.35205078125 924.8376959741696 25238
stats: connect 1 1.370849609375 0.0 116.48583984375 0.951171875 1.4315571779927252 1890
stats: page 20 22.76527099609375 5.483158868177745 9955.302001953125 1.363037109375 1141.8991826777176 20441
stats: tr_play_game__ready_page 0 0 0 4680.748046875 1.5361328125 1001.7742467872313 721
stats: 302 0 3355
stats: tr_sign_in_POST 0 0 0 5700.18603515625 1.534912109375 1256.4870175429094 721
stats: 504 0 1
stats: tr_question_new_POST 8 9.93475341796875 2.4475497737668226 4499.781982421875 1.553955078125 737.0142527469975 2352
stats: 200 21 9379
stats: tr_quiz_new_POST 1 19.05908203125 0.0 4523.863037109375 1.81591796875 906.6359182344813 294
stats: size_rcv 93483 38926472
stats: tr_play_game__leaderboard 1 17.876953125 0.0 4253.591064453125 1.56396484375 736.2689429389106 720
stats: newphase 0 6
stats: tr_search_all_users 0 0 0 4515.218994140625 1.531982421875 883.743000151833 283
stats: 422 0 1454
stats: tr_friend_requests 0 0 0 4090.693115234375 1.569091796875 920.1228407993111 186
stats: size_sent 38371 31724651
stats: tr_friends 0 0 0 4877.62890625 1.447021484375 1098.476642567624 186
stats: connected -1 0
stats: tr_browse_quizzes_page_1 0 0 0 5334.9228515625 1.43798828125 1215.9769105438152 383
stats: 503 0 8852
stats: tr_play_game__1st_question 0 0 0 4857.4140625 1.529052734375 950.1365406390863 721
stats: 404 8 2226
stats: tr_play_game__answer_to_question 0 0 0 4695.759033203125 1.4990234375 975.9295909950373 721
stats: tr_index 0 0 0 4733.508056640625 1.388916015625 984.0591660074984 721
stats: tr_quizzes_page_INDEX 0 0 0 4615.363037109375 1.47509765625 999.6220041048729 295
stats: tr_sign_in_SHOW 0 0 0 4855.612060546875 1.60205078125 1134.8768850636052 721
stats: tr_quiz_questions_SHOW 8 14.280914306640625 3.5252386529295574 4692.817138671875 1.446044921875 739.8984623085074 2352
EndMonitor:{1449,423489,716830}
