# stats: dump at 1448597123
stats: users 5 5
stats: {freemem,"tsung_controller@ip-172-30-3-173"} 1 3171.0 0 3171.0 3171.0 0 0
stats: {cpu,"tsung_controller@ip-172-30-3-173"} 1 8.139978926078625 0 8.139978926078625 8.139978926078625 0 0
stats: {load,"tsung_controller@ip-172-30-3-173"} 1 0.078125 0 0.078125 0.078125 0 0
stats: session 1 523.758056640625 0 523.758056640625 523.758056640625 0 0
stats: users_count 6 6
stats: finish_users_count 1 1
stats: request 12 16.233927408854168 28.8917119007297 112.0439453125 6.988037109375 0 0
stats: connect 6 18.0679931640625 38.55696372199256 104.283935546875 0.7880859375 0 0
stats: page 12 16.233927408854168 28.8917119007297 112.0439453125 6.988037109375 0 0
stats: tr_play_game__ready_page 4 7.7901611328125 0.23764895360857946 7.98388671875 7.388916015625 0 0
stats: 200 12 12
stats: tr_browse_quizzes_page_1 1 8.806884765625 0 8.806884765625 8.806884765625 0 0
stats: size_rcv 28564 28564
stats: tr_play_game__1st_question 1 7.72802734375 0 7.72802734375 7.72802734375 0 0
stats: size_sent 4296 4296
stats: tr_index 4 33.9420166015625 46.289094944069355 114.116943359375 7.114990234375 0 0
stats: connected 5 5
# stats: dump at 1448597133
stats: users 9 10
stats: {freemem,"tsung_controller@ip-172-30-3-173"} 1 3170.34375 0.0 3171.0 3170.34375 3171.0 1
stats: {recvpackets,"tsung_controller@ip-172-30-3-173"} 1 78 0 78 78 0 0
stats: {sentpackets,"tsung_controller@ip-172-30-3-173"} 1 90 0 90 90 0 0
stats: {cpu,"tsung_controller@ip-172-30-3-173"} 1 1.968503937007874 0.0 8.139978926078625 1.968503937007874 8.139978926078625 1
stats: {load,"tsung_controller@ip-172-30-3-173"} 1 0.0703125 0.0 0.078125 0.0703125 0.078125 1
stats: session 2 3781.6019287109375 3571.7830810546875 7353.385009765625 209.81884765625 523.758056640625 1
stats: users_count 6 12
stats: finish_users_count 2 3
stats: request 31 53.63056798135081 103.59919226713808 498.784912109375 6.120849609375 16.233927408854168 12
stats: connect 6 2.0514729817708335 2.845993758206687 104.283935546875 0.676025390625 18.0679931640625 6
stats: page 28 59.38234165736607 110.38748767169436 498.784912109375 6.575927734375 16.233927408854168 12
stats: tr_play_game__ready_page 1 35.112060546875 0.0 35.112060546875 7.388916015625 7.7901611328125 4
stats: 302 3 3
stats: tr_friend_requests 1 8.7861328125 0 8.7861328125 8.7861328125 0 0
stats: 200 28 40
stats: tr_friends 1 14.424072265625 0 14.424072265625 14.424072265625 0 0
stats: size_rcv 63700 92264
stats: tr_browse_quizzes_page_1 1 47.894775390625 0.0 47.894775390625 8.806884765625 8.806884765625 1
stats: size_sent 19085 23381
stats: tr_play_game__1st_question 4 134.94329833984375 210.22013028035872 498.844970703125 7.64208984375 7.72802734375 1
stats: connected 4 9
stats: tr_play_game__answer_to_question 3 20.675374348958332 4.853822921075045 25.718994140625 14.12109375 0 0
stats: tr_index 1 7.0849609375 0.0 114.116943359375 7.0849609375 33.9420166015625 4
# stats: dump at 1448597143
stats: users 10 10
stats: {freemem,"tsung_controller@ip-172-30-3-173"} 1 3169.89453125 0.0 3171.0 3169.89453125 3170.671875 2
stats: {recvpackets,"tsung_controller@ip-172-30-3-173"} 1 208.0 0.0 208 78 78.0 1
stats: {sentpackets,"tsung_controller@ip-172-30-3-173"} 1 195.0 0.0 195 90 90.0 1
stats: {cpu,"tsung_controller@ip-172-30-3-173"} 1 1.3806706114398422 0.0 8.139978926078625 1.3806706114398422 5.054241431543249 2
stats: {load,"tsung_controller@ip-172-30-3-173"} 1 0.05859375 0.0 0.078125 0.05859375 0.07421875 2
stats: session 4 8762.271789550781 8280.518267385547 21775.7509765625 209.81884765625 2695.6539713541665 3
stats: users_count 5 17
stats: finish_users_count 4 7
stats: request 27 32.91165726273149 54.11508211694773 498.784912109375 5.51904296875 43.194296193677324 43
stats: connect 4 0.67822265625 0.05595961959205125 104.283935546875 0.605224609375 10.059733072916666 12
stats: page 25 35.550439453125 84.4195666732254 498.784912109375 5.51904296875 46.4378173828125 40
stats: tr_play_game__ready_page 1 7.7001953125 0.0 35.112060546875 7.388916015625 13.254541015625 5
stats: 302 0 3
stats: tr_play_game__leaderboard 1 7.78515625 0 7.78515625 7.78515625 0 0
stats: 200 27 67
stats: tr_friend_requests 0 0 0 8.7861328125 8.7861328125 8.7861328125 1
stats: size_rcv 94541 186805
stats: tr_friends 0 0 0 14.424072265625 14.424072265625 14.424072265625 1
stats: size_sent 17740 41121
stats: tr_search_all_users 2 156.7933349609375 40.3155517578125 197.10888671875 116.477783203125 0 0
stats: connected 1 10
stats: tr_browse_quizzes_page_1 1 8.948974609375 0.0 47.894775390625 8.806884765625 28.350830078125 2
stats: tr_play_game__1st_question 1 7.947998046875 0.0 498.844970703125 7.64208984375 109.500244140625 5
stats: tr_play_game__answer_to_question 2 8.8214111328125 1.8114013671875 25.718994140625 7.010009765625 20.675374348958332 3
stats: tr_index 1 7.359130859375 0.0 114.116943359375 7.0849609375 28.57060546875 5
# stats: dump at 1448597153
stats: users 18 18
stats: {freemem,"tsung_controller@ip-172-30-3-173"} 1 3169.76953125 0.0 3171.0 3169.76953125 3170.4127604166665 3
stats: {recvpackets,"tsung_controller@ip-172-30-3-173"} 1 91.0 0.0 208 78 143.0 2
stats: {sentpackets,"tsung_controller@ip-172-30-3-173"} 1 108.0 0.0 195 90 142.5 2
stats: {cpu,"tsung_controller@ip-172-30-3-173"} 1 1.282051282051282 0.0 8.139978926078625 1.282051282051282 3.8297178248421133 3
stats: {load,"tsung_controller@ip-172-30-3-173"} 1 0.05078125 0.0 0.078125 0.05078125 0.06901041666666667 3
stats: session 3 17915.999430338543 13757.27870508932 35749.6630859375 209.81884765625 6162.292724609375 7
stats: users_count 11 28
stats: finish_users_count 3 10
stats: request 52 41.67842454176681 140.50174792397684 990.06591796875 5.4599609375 39.22813546316964 70
stats: connect 12 1.8916219075520833 2.197588869313194 104.283935546875 0.552978515625 7.71435546875 16
stats: page 47 46.11623171542551 150.14943044065663 1004.806884765625 5.4599609375 42.25036433293269 65
stats: tr_play_game__ready_page 3 9.433349609375 3.92349460488847 35.112060546875 6.47900390625 12.328816731770834 6
stats: 302 5 8
stats: tr_play_game__leaderboard 1 6.26611328125 0.0 7.78515625 6.26611328125 7.78515625 1
stats: 200 45 112
stats: tr_friend_requests 1 9.385986328125 0.0 9.385986328125 8.7861328125 8.7861328125 1
stats: size_rcv 94358 281163
stats: tr_friends 1 12.52197265625 0.0 14.424072265625 12.52197265625 14.424072265625 1
stats: newphase 1 1
stats: tr_search_all_users 0 0 0 197.10888671875 116.477783203125 156.7933349609375 2
stats: size_sent 31854 72975
stats: tr_browse_quizzes_page_1 1 8.88818359375 0.0 47.894775390625 8.806884765625 21.883544921875 3
stats: connected 8 18
stats: tr_play_game__1st_question 3 7.345052083333333 0.6223713059959406 498.844970703125 6.466064453125 92.57486979166667 6
stats: 500 2 2
stats: tr_play_game__answer_to_question 1 7.15478515625 0.0 25.718994140625 7.010009765625 15.9337890625 5
stats: tr_index 6 12.1478271484375 11.134712841178931 114.116943359375 5.989990234375 25.035359700520832 6
stats: tr_quizzes_page_INDEX 2 6.903564453125 0.0185546875 6.922119140625 6.885009765625 0 0
# stats: dump at 1448597163
stats: users 19 19
stats: {freemem,"tsung_controller@ip-172-30-3-173"} 1 3168.0703125 0.0 3171.0 3168.0703125 3170.251953125 4
stats: {recvpackets,"tsung_controller@ip-172-30-3-173"} 1 356.0 0.0 356 78 125.66666666666667 3
stats: {sentpackets,"tsung_controller@ip-172-30-3-173"} 1 356.0 0.0 356 90 131.0 3
stats: {cpu,"tsung_controller@ip-172-30-3-173"} 1 2.06286836935167 0.0 8.139978926078625 1.282051282051282 3.1928011891444052 4
stats: {load,"tsung_controller@ip-172-30-3-173"} 1 0.0390625 0.0 0.078125 0.0390625 0.064453125 4
stats: session 9 14923.078043619791 12561.543146815664 38594.358154296875 209.81884765625 9688.404736328124 10
stats: users_count 10 38
stats: finish_users_count 9 19
stats: request 106 24.185102354805423 47.466431425640714 990.06591796875 4.392822265625 40.27252097207991 122
stats: connect 8 0.778778076171875 0.146938253412745 104.283935546875 0.552978515625 5.218898228236607 28
stats: page 86 29.84079192405523 57.56619296228765 1004.806884765625 5.4599609375 43.87264796665736 112
stats: tr_play_game__ready_page 3 100.22965494791667 128.96996559362233 282.615966796875 6.47900390625 11.363661024305555 9
stats: 302 1 9
stats: tr_play_game__leaderboard 2 7.58349609375 0.052490234375 7.78515625 6.26611328125 7.025634765625 2
stats: 200 70 182
stats: tr_question_new_POST 16 17.6016845703125 14.259243741247486 51.132080078125 4.467041015625 0 0
stats: size_rcv 254732 535895
stats: tr_quiz_new_POST 2 12.70458984375 0.310546875 13.01513671875 12.39404296875 0 0
stats: newphase 0 1
stats: tr_friend_requests 1 15.025146484375 0.0 15.025146484375 8.7861328125 9.0860595703125 2
stats: size_sent 82700 155675
stats: tr_friends 1 22.52294921875 0.0 22.52294921875 12.52197265625 13.4730224609375 2
stats: connected 0 18
stats: tr_search_all_users 1 149.588134765625 0.0 197.10888671875 116.477783203125 156.7933349609375 2
stats: 500 19 21
stats: tr_browse_quizzes_page_1 3 36.288655598958336 39.519711598175654 92.1767578125 8.026123046875 18.63470458984375 4
stats: 404 16 16
stats: tr_play_game__1st_question 3 8.985758463541666 1.5354188668016593 498.844970703125 6.466064453125 64.16493055555556 9
stats: tr_play_game__answer_to_question 4 7.084228515625 0.2195205061377524 25.718994140625 6.763916015625 14.470621744791666 6
stats: tr_index 1 13.338134765625 0.0 114.116943359375 5.989990234375 18.591593424479168 12
stats: tr_quizzes_page_INDEX 1 13.3359375 0.0 13.3359375 6.885009765625 6.903564453125 2
stats: tr_quiz_questions_SHOW 16 16.439422607421875 7.761184468032529 30.593994140625 5.261962890625 0 0
# stats: dump at 1448597173
stats: users 32 32
stats: {freemem,"tsung_controller@ip-172-30-3-173"} 1 3164.5859375 0.0 3171.0 3164.5859375 3169.815625 5
stats: {recvpackets,"tsung_controller@ip-172-30-3-173"} 1 340.0 0.0 356 78 183.25 4
stats: {sentpackets,"tsung_controller@ip-172-30-3-173"} 1 321.0 0.0 356 90 187.25 4
stats: {cpu,"tsung_controller@ip-172-30-3-173"} 1 23.9010989010989 0.0 23.9010989010989 1.282051282051282 2.966814625185858 5
stats: {load,"tsung_controller@ip-172-30-3-173"} 1 0.12109375 0.0 0.12109375 0.0390625 0.059375 5
stats: session 4 13646.426452636719 20554.43087999923 49208.4189453125 209.81884765625 12167.986829255757 19
stats: users_count 17 55
stats: finish_users_count 4 23
stats: request 77 53.94401570109578 152.25651872742768 1243.7958984375 4.392822265625 32.79328249211896 228
stats: connect 19 2.3394582648026314 3.9479549782786276 104.283935546875 0.552978515625 4.232204861111111 36
stats: page 73 56.90315643728596 159.79075311189342 1259.949951171875 5.4599609375 37.77800342290088 198
stats: tr_play_game__ready_page 6 9.263875325520834 3.272506097061857 282.615966796875 6.47900390625 33.580159505208336 12
stats: 302 4 13
stats: tr_play_game__leaderboard 1 17.43505859375 0.0 17.43505859375 6.26611328125 7.3045654296875 4
stats: 200 70 252
stats: tr_question_new_POST 0 0 0 51.132080078125 4.467041015625 17.6016845703125 16
stats: size_rcv 163389 699284
stats: tr_quiz_new_POST 0 0 0 13.01513671875 12.39404296875 12.70458984375 2
stats: newphase 0 1
stats: tr_friend_requests 0 0 0 15.025146484375 8.7861328125 11.065755208333334 3
stats: size_sent 44471 200146
stats: tr_friends 0 0 0 22.52294921875 12.52197265625 16.489664713541668 3
stats: connected 14 32
stats: tr_search_all_users 0 0 0 197.10888671875 116.477783203125 154.3916015625 3
stats: 500 3 24
stats: tr_browse_quizzes_page_1 4 15.49127197265625 4.984184794772955 92.1767578125 8.026123046875 26.20068359375 7
stats: 404 0 16
stats: tr_play_game__1st_question 5 16.417431640625 6.146520839664213 498.844970703125 6.466064453125 50.370137532552086 12
stats: tr_play_game__answer_to_question 2 181.7965087890625 137.1685791015625 318.965087890625 6.763916015625 11.516064453125 10
stats: tr_index 5 11.729833984375 3.6867616806554007 114.116943359375 5.989990234375 18.187481219951923 13
stats: tr_quizzes_page_INDEX 3 74.16935221354167 52.95489593293051 135.172119140625 6.047119140625 9.047688802083334 3
stats: tr_quiz_questions_SHOW 0 0 0 30.593994140625 5.261962890625 16.439422607421875 16
# stats: dump at 1448597183
stats: users 48 48
stats: {freemem,"tsung_controller@ip-172-30-3-173"} 1 3160.73828125 0.0 3171.0 3160.73828125 3168.9440104166665 6
stats: {recvpackets,"tsung_controller@ip-172-30-3-173"} 1 476.0 0.0 476 78 214.6 5
stats: {sentpackets,"tsung_controller@ip-172-30-3-173"} 1 456.0 0.0 456 90 214.0 5
stats: {cpu,"tsung_controller@ip-172-30-3-173"} 1 55.925324675324674 0.0 55.925324675324674 1.282051282051282 6.455862004504699 6
stats: {load,"tsung_controller@ip-172-30-3-173"} 1 0.328125 0.0 0.328125 0.0390625 0.06966145833333333 6
stats: session 7 20810.35770089286 18507.485826179192 56059.261962890625 209.81884765625 12425.106763756794 23
stats: users_count 23 78
stats: finish_users_count 7 30
stats: request 153 53.3765159058415 139.7690949160121 1267.849853515625 4.392822265625 38.13297579405737 305
stats: connect 21 1.2840169270833333 1.7451975547585057 104.283935546875 0.552978515625 3.578346946022727 55
stats: page 125 65.35656640625001 155.5150587555714 1294.445068359375 5.35986328125 42.92979740832565 271
stats: tr_play_game__ready_page 3 7.712727864583333 0.06884169195747529 282.615966796875 6.47900390625 25.4747314453125 18
stats: 302 10 23
stats: tr_play_game__leaderboard 4 34.34124755859375 45.83460150598382 113.72900390625 6.26611328125 9.3306640625 5
stats: 200 103 355
stats: tr_question_new_POST 16 21.3414306640625 27.403148962848462 112.48095703125 4.467041015625 17.6016845703125 16
stats: size_rcv 311155 1010439
stats: tr_quiz_new_POST 2 13.050048828125 0.0830078125 13.133056640625 12.39404296875 12.70458984375 2
stats: newphase 1 2
stats: tr_friend_requests 1 9.60302734375 0.0 15.025146484375 8.7861328125 11.065755208333334 3
stats: size_sent 110247 310393
stats: tr_friends 0 0 0 22.52294921875 12.52197265625 16.489664713541668 3
stats: connected 14 46
stats: tr_search_all_users 0 0 0 197.10888671875 116.477783203125 154.3916015625 3
stats: 500 24 48
stats: tr_browse_quizzes_page_1 3 73.87703450520833 74.34449072754727 178.14111328125 8.026123046875 22.306352095170453 11
stats: 404 16 32
stats: tr_play_game__1st_question 2 10.4130859375 2.260986328125 498.844970703125 6.466064453125 40.38404756433823 17
stats: tr_play_game__answer_to_question 5 10.5265625 5.059569528856127 318.965087890625 6.180908203125 39.896138509114586 12
stats: tr_index 10 14.2151123046875 9.971456124202978 114.116943359375 5.989990234375 16.393690321180557 18
stats: tr_quizzes_page_INDEX 6 140.39176432291666 266.96372494135994 735.202880859375 5.554931640625 41.6085205078125 6
stats: tr_quiz_questions_SHOW 16 22.923233032226563 14.785212253874873 65.08984375 5.261962890625 16.439422607421875 16
# stats: dump at 1448597193
stats: users 44 48
stats: {freemem,"tsung_controller@ip-172-30-3-173"} 1 3164.64453125 0.0 3171.0 3160.73828125 3167.7717633928573 7
stats: {recvpackets,"tsung_controller@ip-172-30-3-173"} 1 685.0 0.0 685 78 258.1666666666667 6
stats: {sentpackets,"tsung_controller@ip-172-30-3-173"} 1 643.0 0.0 643 90 254.33333333333334 6
stats: {cpu,"tsung_controller@ip-172-30-3-173"} 1 3.152709359605911 0.0 55.925324675324674 1.282051282051282 13.522928100336125 7
stats: {load,"tsung_controller@ip-172-30-3-173"} 1 0.28125 0.0 0.328125 0.0390625 0.10658482142857142 7
stats: session 17 21902.611514820772 14018.796344270066 60223.4169921875 209.81884765625 14381.665315755208 30
stats: users_count 13 91
stats: finish_users_count 17 47
stats: request 246 64.78404967765495 177.17998508631788 2219.36083984375 4.392822265625 43.22525011087609 458
stats: connect 15 1.5871744791666667 1.7984437379895486 104.283935546875 0.533203125 2.944387335526316 76
stats: page 190 83.9155980160362 218.73406634462881 2219.36083984375 5.35986328125 50.00895428898359 396
stats: tr_play_game__ready_page 12 27.322123209635418 27.668919430487186 282.615966796875 6.24609375 22.93730236235119 21
stats: 302 7 30
stats: tr_play_game__leaderboard 2 33.1094970703125 11.8155517578125 113.72900390625 6.26611328125 20.44647894965278 9
stats: 200 153 508
stats: tr_question_new_POST 40 21.037103271484376 15.9126516831518 112.48095703125 4.467041015625 19.4715576171875 32
stats: size_rcv 583217 1593656
stats: tr_quiz_new_POST 5 33.155810546875 19.71267913877262 70.30712890625 12.39404296875 12.8773193359375 4
stats: newphase 0 2
stats: tr_friend_requests 0 0 0 15.025146484375 8.7861328125 10.7000732421875 4
stats: size_sent 192322 502715
stats: tr_friends 1 26.10400390625 0.0 26.10400390625 12.52197265625 16.489664713541668 3
stats: connected -1 45
stats: tr_search_all_users 4 474.31048583984375 188.77825682659793 687.576171875 116.477783203125 154.3916015625 3
stats: 500 46 94
stats: tr_browse_quizzes_page_1 3 51.893717447916664 25.100789010688327 178.14111328125 8.026123046875 33.357212611607146 14
stats: 404 40 72
stats: tr_play_game__1st_question 11 140.216552734375 251.10086503977482 872.669921875 6.466064453125 37.22920949835526 19
stats: tr_play_game__answer_to_question 7 21.702845982142858 24.340433811079144 318.965087890625 5.798828125 31.25802791819853 17
stats: tr_index 6 46.4871826171875 70.80495438684514 202.64208984375 5.989990234375 15.615626743861608 28
stats: tr_quizzes_page_INDEX 1 5.927978515625 0.0 735.202880859375 5.554931640625 91.00014241536458 12
stats: tr_quiz_questions_SHOW 40 28.347064208984364 33.146028751623966 164.198974609375 5.261962890625 19.68132781982422 32
# stats: dump at 1448597203
stats: users 51 53
stats: {freemem,"tsung_controller@ip-172-30-3-173"} 1 3163.56640625 0.0 3171.0 3160.73828125 3167.380859375 8
stats: {recvpackets,"tsung_controller@ip-172-30-3-173"} 1 982.0 0.0 982 78 319.14285714285717 7
stats: {sentpackets,"tsung_controller@ip-172-30-3-173"} 1 870.0 0.0 870 90 309.85714285714283 7
stats: {cpu,"tsung_controller@ip-172-30-3-173"} 1 2.559055118110236 0.0 55.925324675324674 1.282051282051282 12.226650757744848 8
stats: {load,"tsung_controller@ip-172-30-3-173"} 1 0.23046875 0.0 0.328125 0.0390625 0.12841796875 8
stats: session 15 21760.33505859375 16376.810676061217 60223.4169921875 209.81884765625 17102.007557970413 47
stats: users_count 22 113
stats: finish_users_count 15 62
stats: request 135 39.465476707175924 73.66212681165668 2219.36083984375 4.392822265625 50.758580641313024 704
stats: connect 21 1.2954915364583333 1.9100799669140516 104.283935546875 0.533203125 2.720670930631868 91
stats: page 118 45.165086649231995 98.71500803624139 2219.36083984375 5.35986328125 61.002575975229306 586
stats: tr_play_game__ready_page 4 40.52203369140625 57.64112108698436 282.615966796875 6.24609375 24.531782670454547 33
stats: 302 5 35
stats: tr_play_game__leaderboard 4 20.10174560546875 22.004510926654397 113.72900390625 6.26611328125 22.748845880681817 11
stats: 200 113 621
stats: tr_question_new_POST 8 18.36749267578125 11.64150503259508 112.48095703125 4.467041015625 20.341305202907986 72
stats: size_rcv 344269 1937925
stats: tr_quiz_new_POST 1 12.875 0.0 70.30712890625 12.39404296875 24.143147786458332 9
stats: newphase 0 2
stats: tr_friend_requests 4 47.78875732421875 67.14618596165694 164.0859375 8.18896484375 10.7000732421875 4
stats: size_sent 93173 595888
stats: tr_friends 3 14.1640625 0.11765399905378128 26.10400390625 12.52197265625 18.89324951171875 4
stats: connected 6 51
stats: tr_search_all_users 3 221.51057942708334 66.85670760726808 687.576171875 116.477783203125 337.202392578125 7
stats: 500 9 103
stats: tr_browse_quizzes_page_1 4 14.68280029296875 6.220693127430977 178.14111328125 8.026123046875 36.62836052389706 17
stats: 404 8 80
stats: tr_play_game__1st_question 6 8.245198567708334 1.8758116060521308 872.669921875 6.466064453125 74.9912353515625 30
stats: tr_play_game__answer_to_question 7 14.306884765625 12.936863074673695 318.965087890625 5.548095703125 28.471099853515625 24
stats: tr_index 7 20.681117466517858 17.629729909972294 202.64208984375 5.989990234375 21.063548368566178 34
stats: tr_quizzes_page_INDEX 0 0 0 735.202880859375 5.554931640625 84.4561298076923 13
stats: tr_quiz_questions_SHOW 8 18.524627685546875 14.950000003128498 164.198974609375 5.261962890625 24.49562581380208 72
# stats: dump at 1448597213
stats: users 66 66
stats: {freemem,"tsung_controller@ip-172-30-3-173"} 1 3163.36328125 0.0 3171.0 3160.73828125 3166.95703125 9
stats: {recvpackets,"tsung_controller@ip-172-30-3-173"} 1 722.0 0.0 982 78 402.0 8
stats: {sentpackets,"tsung_controller@ip-172-30-3-173"} 1 674.0 0.0 870 90 379.875 8
stats: {cpu,"tsung_controller@ip-172-30-3-173"} 1 2.3645320197044337 0.0 55.925324675324674 1.282051282051282 11.152473464452113 9
stats: {load,"tsung_controller@ip-172-30-3-173"} 1 0.19921875 0.0 0.328125 0.0390625 0.13975694444444445 9
stats: session 11 21257.244273792614 14906.849699801804 60223.4169921875 209.81884765625 18229.022275863153 62
stats: users_count 26 139
stats: finish_users_count 11 73
stats: request 189 23.233561197916668 37.05309775747939 2219.36083984375 4.392822265625 48.94145426335294 839
stats: connect 27 0.9942220052083334 1.2192070566768805 104.283935546875 0.533203125 2.4534497942243303 112
stats: page 165 26.630163944128782 49.27479193716107 2219.36083984375 5.35986328125 58.347996798428625 704
stats: tr_play_game__ready_page 10 11.3754150390625 6.066036855255281 282.615966796875 6.24609375 26.26045845650338 37
stats: 302 4 39
stats: tr_play_game__leaderboard 3 18.850992838541668 10.277618026279427 113.72900390625 6.26611328125 22.042952473958334 15
stats: 200 149 770
stats: tr_question_new_POST 16 16.268692016601563 7.991412469647573 112.48095703125 4.467041015625 20.143923950195312 80
stats: size_rcv 413944 2351869
stats: tr_quiz_new_POST 2 46.1429443359375 33.9649658203125 80.10791015625 12.177978515625 23.0163330078125 10
stats: newphase 1 3
stats: tr_friend_requests 0 0 0 164.0859375 8.18896484375 29.244415283203125 8
stats: size_sent 131515 727403
stats: tr_friends 0 0 0 26.10400390625 12.52197265625 16.866455078125 7
stats: connected 15 66
stats: tr_search_all_users 2 158.41162109375 37.447509765625 687.576171875 116.477783203125 302.4948486328125 10
stats: 500 20 123
stats: tr_browse_quizzes_page_1 4 16.9697265625 9.554742454252246 178.14111328125 7.6708984375 32.44825381324405 21
stats: 404 16 96
stats: tr_play_game__1st_question 9 11.172688802083334 5.40885321651249 872.669921875 6.466064453125 63.86689588758681 36
stats: tr_play_game__answer_to_question 9 9.76614040798611 5.84728430385056 318.965087890625 5.548095703125 25.272728704637096 31
stats: tr_index 12 12.0865478515625 8.395933397448532 202.64208984375 5.989990234375 20.998255287728657 41
stats: tr_quizzes_page_INDEX 2 6.2015380859375 0.6644287109375 735.202880859375 5.537109375 84.4561298076923 13
stats: tr_quiz_questions_SHOW 16 16.924652099609375 10.040295075058804 164.198974609375 5.261962890625 23.898526000976556 80
# stats: dump at 1448597223
stats: users 87 87
stats: {freemem,"tsung_controller@ip-172-30-3-173"} 1 3163.0234375 0.0 3171.0 3160.73828125 3166.59765625 10
stats: {recvpackets,"tsung_controller@ip-172-30-3-173"} 1 828.0 0.0 982 78 437.55555555555554 9
stats: {sentpackets,"tsung_controller@ip-172-30-3-173"} 1 853.0 0.0 870 90 412.55555555555554 9
stats: {cpu,"tsung_controller@ip-172-30-3-173"} 1 2.564102564102564 0.0 55.925324675324674 1.282051282051282 10.273679319977344 10
stats: {load,"tsung_controller@ip-172-30-3-173"} 1 0.171875 0.0 0.328125 0.0390625 0.145703125 10
stats: session 19 22920.314851459705 22023.97990168498 71010.248046875 53.468994140625 18685.32970020869 73
stats: users_count 40 179
stats: finish_users_count 19 92
stats: request 287 46.501736205629335 80.04850284247392 2219.36083984375 4.392822265625 44.215003106380706 1028
stats: connect 38 1.4468287417763157 2.1879132892565045 104.283935546875 0.52197265625 2.1700026697392087 139
stats: page 234 57.06280987079327 104.58671962318859 2219.36083984375 5.35986328125 52.32562347166283 869
stats: tr_play_game__ready_page 11 17.913596413352273 14.489415125053684 282.615966796875 6.24609375 23.093427942154257 47
stats: 302 12 51
stats: tr_play_game__leaderboard 6 36.717814127604164 21.179029062330862 113.72900390625 6.26611328125 21.51095920138889 18
stats: 200 201 971
stats: tr_question_new_POST 32 17.278228759765618 13.353076749581833 112.48095703125 4.467041015625 19.49805196126302 96
stats: size_rcv 678676 3030545
stats: tr_quiz_new_POST 5 23.294091796875 10.305536342593228 80.10791015625 12.177978515625 26.870768229166668 12
stats: newphase 0 3
stats: tr_friend_requests 0 0 0 164.0859375 8.18896484375 29.244415283203125 8
stats: size_sent 208727 936130
stats: tr_friends 1 21.716064453125 0.0 26.10400390625 12.52197265625 16.866455078125 7
stats: connected 19 85
stats: tr_search_all_users 4 234.75323486328125 59.08393285326719 687.576171875 116.477783203125 278.48097737630206 12
stats: 500 42 165
stats: tr_browse_quizzes_page_1 7 18.697684151785715 12.555753402851936 178.14111328125 7.6708984375 29.971689453125006 25
stats: 404 32 128
stats: tr_play_game__1st_question 12 24.376790364583332 24.05242091735406 872.669921875 6.466064453125 53.32805447048611 45
stats: tr_play_game__answer_to_question 7 26.524867466517858 30.57485658613682 318.965087890625 5.548095703125 21.783746337890626 40
stats: tr_index 19 22.912816097861842 23.535295044108516 202.64208984375 5.8740234375 18.98051020784198 53
stats: tr_quizzes_page_INDEX 5 31.714501953125 15.39878309306241 735.202880859375 5.537109375 74.02218424479166 15
stats: tr_quiz_questions_SHOW 32 23.785598754882813 26.97300696545073 164.198974609375 5.19091796875 22.736213684082028 96
# stats: dump at 1448597233
stats: users 102 102
stats: {freemem,"tsung_controller@ip-172-30-3-173"} 1 3162.0703125 0.0 3171.0 3160.73828125 3166.2727272727275 11
stats: {recvpackets,"tsung_controller@ip-172-30-3-173"} 1 1316.0 0.0 1316 78 476.6 10
stats: {sentpackets,"tsung_controller@ip-172-30-3-173"} 1 1201.0 0.0 1201 90 456.6 10
stats: {cpu,"tsung_controller@ip-172-30-3-173"} 1 3.5502958579881656 0.0 55.925324675324674 1.282051282051282 9.57280870580691 11
stats: {load,"tsung_controller@ip-172-30-3-173"} 1 0.140625 0.0 0.328125 0.0390625 0.14808238636363635 11
stats: session 18 29220.290622287328 18340.699173339563 71010.248046875 53.468994140625 19559.946198836617 92
stats: users_count 33 212
stats: finish_users_count 18 110
stats: request 265 62.299789946933934 112.29021557515621 2219.36083984375 4.380859375 44.71408477899239 1315
stats: connect 33 2.5085301254734844 2.9352882766437878 104.283935546875 0.52197265625 2.014744990289548 177
stats: page 231 71.48132694128786 137.30180624552415 2219.36083984375 5.35986328125 53.330611338749435 1103
stats: tr_play_game__ready_page 22 37.21436656605113 43.537386175482155 282.615966796875 6.10498046875 22.111046100484913 58
stats: 302 12 63
stats: tr_play_game__leaderboard 4 19.13775634765625 17.12429458788547 113.72900390625 6.26611328125 25.312672932942707 24
stats: 200 217 1188
stats: tr_question_new_POST 16 25.015304565429688 21.025301928887913 112.48095703125 4.455078125 18.943096160888672 128
stats: size_rcv 588442 3618987
stats: tr_quiz_new_POST 1 160.39501953125 0.0 160.39501953125 12.177978515625 25.818804572610293 17
stats: newphase 0 3
stats: tr_friend_requests 4 179.48028564453125 124.31558379787471 331.469970703125 8.18896484375 29.244415283203125 8
stats: size_sent 182853 1118983
stats: tr_friends 1 23.3310546875 0.0 26.10400390625 12.52197265625 17.47265625 8
stats: connected 15 100
stats: tr_search_all_users 5 267.969384765625 92.04237424506532 687.576171875 116.477783203125 267.5490417480469 16
stats: 500 20 185
stats: tr_browse_quizzes_page_1 3 40.536051432291664 38.505071025486444 178.14111328125 7.6708984375 27.505500793457035 32
stats: 404 16 144
stats: tr_play_game__1st_question 20 24.60023193359375 22.336733012524906 872.669921875 6.466064453125 47.23305150082237 57
stats: tr_play_game__answer_to_question 14 17.857421874999996 15.109765358130247 318.965087890625 5.548095703125 22.48987076130319 47
stats: tr_index 13 26.512845552884617 24.60723774378369 202.64208984375 5.8740234375 20.018202039930557 72
stats: tr_quizzes_page_INDEX 3 49.124674479166664 45.50869673292386 735.202880859375 5.537109375 63.445263671875 20
stats: tr_quiz_questions_SHOW 16 25.513900756835938 23.337631280567084 164.198974609375 5.19091796875 22.998559951782223 128
# stats: dump at 1448597243
stats: users 144 144
stats: {freemem,"tsung_controller@ip-172-30-3-173"} 1 3159.18359375 0.0 3171.0 3159.18359375 3165.9225260416665 12
stats: {recvpackets,"tsung_controller@ip-172-30-3-173"} 1 1163.0 0.0 1316 78 552.9090909090909 11
stats: {sentpackets,"tsung_controller@ip-172-30-3-173"} 1 1118.0 0.0 1201 90 524.2727272727273 11
stats: {cpu,"tsung_controller@ip-172-30-3-173"} 1 3.257650542941757 0.0 55.925324675324674 1.282051282051282 9.070932635155348 12
stats: {load,"tsung_controller@ip-172-30-3-173"} 1 0.12109375 0.0 0.328125 0.0390625 0.1474609375 12
stats: session 21 20286.463413783484 22835.51629633741 76953.94995117188 53.468994140625 21140.729831764915 110
stats: users_count 63 275
stats: finish_users_count 21 131
stats: request 378 199.03687040137243 236.04838752975965 2219.36083984375 4.380859375 47.66358596222308 1580
stats: connect 65 3.107181490384615 3.2743763863849087 104.283935546875 0.50390625 2.092339797247024 210
stats: page 331 217.8961207456099 277.0128582782411 2219.36083984375 5.273193359375 56.47365129691014 1334
stats: tr_play_game__ready_page 15 163.22034505208333 161.78530945398248 582.052978515625 6.10498046875 26.264459228515626 80
stats: 302 12 75
stats: tr_play_game__leaderboard 10 95.73642578125 103.57882219628627 363.806884765625 6.26611328125 24.4305419921875 28
stats: 200 301 1489
stats: tr_question_new_POST 26 111.5392315204327 163.2126419941575 688.108154296875 4.455078125 19.617785983615452 144
stats: size_rcv 811390 4430377
stats: tr_quiz_new_POST 6 249.91984049479166 189.96163178391836 518.7998046875 12.177978515625 33.295260959201386 18
stats: newphase 1 4
stats: tr_friend_requests 1 419.85009765625 0.0 419.85009765625 8.18896484375 79.32303873697917 12
stats: size_sent 278877 1397860
stats: tr_friends 2 253.1805419921875 232.4686279296875 485.649169921875 12.52197265625 18.12358940972222 9
stats: connected 44 144
stats: tr_search_all_users 3 1139.7237955729167 170.17827887277718 1377.4140625 116.477783203125 267.6491234188988 21
stats: 500 39 224
stats: tr_browse_quizzes_page_1 11 225.42931019176137 167.25543637168994 598.0361328125 7.6708984375 28.622405133928574 35
stats: 404 26 170
stats: tr_play_game__1st_question 17 142.36688591452207 142.72994686431795 872.669921875 6.466064453125 41.35439706777598 77
stats: tr_play_game__answer_to_question 16 116.92628479003906 145.3594111203838 494.77490234375 5.448974609375 21.4266857710041 61
stats: tr_index 19 186.18034282483552 181.2166687314464 579.510986328125 5.8740234375 21.011500459558825 85
stats: tr_quizzes_page_INDEX 8 157.8841552734375 172.36483676396537 735.202880859375 5.537109375 61.57736073369565 23
stats: tr_quiz_questions_SHOW 25 124.240751953125 172.07366748972134 547.930908203125 5.139892578125 23.278042263454857 144
# stats: dump at 1448597253
stats: users 202 202
stats: {freemem,"tsung_controller@ip-172-30-3-173"} 1 3154.59765625 0.0 3171.0 3154.59765625 3165.4041466346152 13
stats: {recvpackets,"tsung_controller@ip-172-30-3-173"} 1 2265.0 0.0 2265 78 603.75 12
stats: {sentpackets,"tsung_controller@ip-172-30-3-173"} 1 2140.0 0.0 2140 90 573.75 12
stats: {cpu,"tsung_controller@ip-172-30-3-173"} 1 5.522682445759369 0.0 55.925324675324674 1.282051282051282 8.623757089600456 13
stats: {load,"tsung_controller@ip-172-30-3-173"} 1 0.1015625 0.0 0.328125 0.0390625 0.14543269230769232 13
stats: session 33 22005.457438151043 22669.58752070437 82910.10717773438 53.468994140625 21003.786360180104 131
stats: users_count 91 366
stats: finish_users_count 33 164
stats: request 416 794.700857309195 349.3940963665276 5463.451904296875 4.380859375 76.8868247354603 1958
stats: connect 87 3.1227550287356323 2.8652275801182974 104.283935546875 0.50390625 2.3322114701704546 275
stats: page 368 881.8747585130768 513.2462491689421 6346.31591796875 5.273193359375 88.56424432244745 1665
stats: tr_play_game__ready_page 19 689.5193899054276 173.67293712968132 1080.846923828125 6.10498046875 47.889072779605264 95
stats: 302 19 94
stats: tr_play_game__leaderboard 6 717.52001953125 172.3798400496426 891.60693359375 6.26611328125 43.1952482524671 38
stats: 200 348 1837
stats: tr_question_new_POST 22 677.8364812677556 188.0414594931796 1027.10595703125 4.455078125 33.67636000689338 170
stats: size_rcv 949753 5380130
stats: tr_quiz_new_POST 4 856.831787109375 162.2599848986116 1096.338134765625 12.177978515625 87.45140584309895 24
stats: newphase 0 4
stats: tr_friend_requests 4 659.1792602539063 133.83176266161524 868.864013671875 8.18896484375 105.51742788461539 13
stats: size_sent 275720 1673580
stats: tr_friends 2 752.435546875 191.640625 944.076171875 12.52197265625 60.86121715198863 11
stats: connected 55 199
stats: tr_search_all_users 3 1271.3453776041667 387.76170927371567 1781.629150390625 116.477783203125 376.65845743815106 24
stats: 500 27 251
stats: tr_browse_quizzes_page_1 16 739.0090484619141 165.53099670492205 996.492919921875 7.6708984375 75.68492590862772 46
stats: 404 22 192
stats: tr_play_game__1st_question 9 766.6129014756945 155.1821827719953 1064.89501953125 6.466064453125 59.62261313580452 94
stats: tr_play_game__answer_to_question 19 758.5945852179276 150.03544827710277 998.06396484375 5.448974609375 41.270758294439936 77
stats: tr_index 34 767.0607048483456 170.2028001849662 1068.514892578125 5.8740234375 51.18657743013822 104
stats: tr_quizzes_page_INDEX 4 688.606201171875 66.76219472703741 759.11279296875 5.537109375 86.43072706653226 31
stats: tr_quiz_questions_SHOW 20 646.9130126953125 138.43658556326378 944.0009765625 5.139892578125 38.21335434772559 169
# stats: dump at 1448597263
stats: users 262 263
stats: {freemem,"tsung_controller@ip-172-30-3-173"} 1 3149.5234375 0.0 3171.0 3149.5234375 3164.632254464286 14
stats: {recvpackets,"tsung_controller@ip-172-30-3-173"} 1 2223.0 0.0 2265 78 731.5384615384615 13
stats: {sentpackets,"tsung_controller@ip-172-30-3-173"} 1 2022.0 0.0 2140 90 694.2307692307693 13
stats: {cpu,"tsung_controller@ip-172-30-3-173"} 1 5.133267522211254 0.0 55.925324675324674 1.282051282051282 8.402251757897522 14
stats: {load,"tsung_controller@ip-172-30-3-173"} 1 0.08984375 0.0 0.328125 0.0390625 0.14229910714285715 14
stats: session 29 24448.57917733028 21054.39576666214 82910.10717773438 53.468994140625 21205.342125869378 164
stats: users_count 89 455
stats: finish_users_count 29 193
stats: request 417 1748.5221348311975 779.8638016320696 5463.451904296875 0.06884765625 202.67058107525543 2374
stats: connect 100 3.06925537109375 3.4686342871422133 104.283935546875 0.4990234375 2.5222039828642955 362
stats: page 362 1946.6171955930588 1021.3016237809258 6346.31591796875 0.638916015625 232.16398324136117 2033
stats: tr_play_game__ready_page 32 1927.1177139282227 456.62149570364153 2848.06396484375 6.10498046875 154.82745896724234 114
stats: 302 24 118
stats: tr_play_game__leaderboard 8 1875.4717712402344 169.2205477390065 2182.887939453125 6.26611328125 135.1486261541193 44
stats: 200 311 2148
stats: tr_question_new_POST 18 1091.4873996310764 1023.3112534624453 2776.610107421875 0.69091796875 107.48637390136719 192
stats: size_rcv 846340 6226470
stats: tr_quiz_new_POST 4 2131.0057983398438 284.92099144185795 2393.510986328125 12.177978515625 197.3628888811384 28
stats: newphase 0 4
stats: tr_friend_requests 3 2162.1436360677085 432.09712027714744 2700.470947265625 8.18896484375 235.79080020680146 17
stats: size_sent 291339 1964919
stats: tr_friends 3 1905.2679850260417 139.00692603186891 2026.468994140625 12.52197265625 167.25726787860577 13
stats: connected 64 263
stats: tr_search_all_users 5 2392.834033203125 461.21512739945337 2844.086181640625 116.477783203125 476.068115234375 27
stats: 503 43 43
stats: tr_browse_quizzes_page_1 14 1434.2092808314733 752.2935453216244 2693.969970703125 0.89794921875 246.86534463205646 62
stats: 500 22 273
stats: tr_play_game__1st_question 28 1786.37109375 633.2931382557258 2706.903076171875 0.76611328125 121.39846357327063 103
stats: 404 10 202
stats: tr_play_game__answer_to_question 12 1968.3460083007813 315.32435654853657 2713.177978515625 5.448974609375 183.24109903971353 96
stats: tr_index 41 1656.8450481135671 747.9810991272166 2687.19189453125 1.27294921875 227.5613624462183 138
stats: tr_quizzes_page_INDEX 8 2098.3590393066406 563.9304910044223 2762.340087890625 5.537109375 155.25078125 35
stats: tr_quiz_questions_SHOW 19 1145.0119371916119 1011.4007876824962 2560.98388671875 0.122802734375 102.6260166067295 189
# stats: dump at 1448597273
stats: users 331 331
stats: {freemem,"tsung_controller@ip-172-30-3-173"} 1 3145.19140625 0.0 3171.0 3145.19140625 3163.625 15
stats: {recvpackets,"tsung_controller@ip-172-30-3-173"} 1 2202.0 0.0 2265 78 838.0714285714286 14
stats: {sentpackets,"tsung_controller@ip-172-30-3-173"} 1 2042.0 0.0 2140 90 789.0714285714286 14
stats: {cpu,"tsung_controller@ip-172-30-3-173"} 1 5.330700888450148 0.0 55.925324675324674 1.282051282051282 8.184319475518437 15
stats: {load,"tsung_controller@ip-172-30-3-173"} 1 0.0703125 0.0 0.328125 0.0390625 0.13880208333333333 15
stats: session 34 33235.309383616725 24271.972351754586 88287.66796875 53.468994140625 21692.667900441225 193
stats: users_count 103 558
stats: finish_users_count 34 227
stats: request 514 1988.704342378252 1199.5524083932435 5463.451904296875 0.06884765625 433.63442841177556 2791
stats: connect 101 2.7756806930693063 2.960396106647589 104.283935546875 0.4990234375 2.6406133742559526 462
stats: page 468 2190.436736278042 1631.3407401065851 7079.39697265625 0.60595703125 491.3005439391961 2395
stats: tr_play_game__ready_page 43 2379.0242664425864 835.1469720887736 3477.64892578125 0.675048828125 543.2746381367723 146
stats: 302 28 146
stats: tr_play_game__leaderboard 16 1998.807144165039 1164.9195463492965 3139.7529296875 0.671142578125 402.8906484750601 52
stats: 200 324 2472
stats: tr_question_new_POST 11 2628.932794744318 408.7776468236177 3388.051025390625 0.69091796875 191.8293189639137 210
stats: size_rcv 877197 7103667
stats: tr_quiz_new_POST 4 2395.3082275390625 238.03652497558846 2653.1689453125 12.177978515625 439.06825256347656 32
stats: newphase 1 5
stats: tr_friend_requests 8 2657.7828674316406 280.68936104676015 3097.783935546875 8.18896484375 524.7437255859375 20
stats: 422 3 3
stats: tr_friends 4 2230.03955078125 1334.4506085341882 3486.244140625 1.60400390625 493.13427734375 16
stats: size_sent 324589 2289508
stats: tr_search_all_users 7 2743.583182198661 1261.5819439053698 4192.858154296875 18.777099609375 775.5627899169922 32
stats: connected 66 329
stats: tr_browse_quizzes_page_1 13 1441.0800030048076 1358.5349048649393 3230.14501953125 0.681884765625 465.5865960372122 76
stats: 503 127 170
stats: tr_play_game__1st_question 43 2063.224711573402 1026.0862098487803 3411.970947265625 0.65185546875 477.2704761301288 131
stats: 500 20 293
stats: tr_play_game__answer_to_question 29 1707.6123804552801 1183.9985132565762 3256.9638671875 0.717041015625 381.58608895760995 108
stats: 404 11 213
stats: tr_index 35 1522.3837193080358 1270.154593861178 3414.66796875 1.130126953125 554.9391898895775 179
stats: tr_quizzes_page_INDEX 7 1817.2627650669642 1174.7561311659274 3141.97314453125 3.653076171875 516.7592943768169 43
stats: tr_quiz_questions_SHOW 11 2284.464288884943 770.236931886174 3060.648193359375 0.122802734375 197.84396127554086 208
# stats: dump at 1448597283
stats: users 410 410
stats: {freemem,"tsung_controller@ip-172-30-3-173"} 1 3139.75390625 0.0 3171.0 3139.75390625 3162.472900390625 16
stats: {recvpackets,"tsung_controller@ip-172-30-3-173"} 1 2436.0 0.0 2436 78 929.0 15
stats: {sentpackets,"tsung_controller@ip-172-30-3-173"} 1 2364.0 0.0 2364 90 872.6 15
stats: {cpu,"tsung_controller@ip-172-30-3-173"} 1 6.811451135241856 0.0 55.925324675324674 1.282051282051282 8.005968313826669 16
stats: {load,"tsung_controller@ip-172-30-3-173"} 1 0.05859375 0.0 0.328125 0.0390625 0.134521484375 16
stats: session 66 27147.347016305634 23014.537785272143 97905.81005859375 53.468994140625 23421.521690872796 227
stats: users_count 145 703
stats: finish_users_count 66 293
stats: request 803 1333.0371814314474 1279.0769856266315 5463.451904296875 0.06787109375 675.4819127623864 3305
stats: connect 148 2.6045812658361505 2.759616329371853 104.283935546875 0.495849609375 2.664843923456927 563
stats: page 726 1484.5666248332036 1591.711448652501 7520.164794921875 0.591796875 769.0496665429613 2863
stats: tr_play_game__ready_page 46 1241.1847773012905 1165.5038889396328 3477.64892578125 0.651123046875 960.9319609788358 189
stats: 302 24 170
stats: tr_play_game__leaderboard 15 948.7027506510417 1170.6360063582351 3139.7529296875 0.671142578125 778.4004121668198 68
stats: 200 346 2818
stats: tr_question_new_POST 23 2045.504585597826 1042.404948522495 3388.051025390625 0.69091796875 313.1331118760605 221
stats: size_rcv 1115508 8219175
stats: tr_quiz_new_POST 4 2312.2939453125 383.02159914230737 2973.23095703125 12.177978515625 656.4282497829861 36
stats: newphase 0 5
stats: tr_friend_requests 9 690.0961371527778 1001.3639925990857 3097.783935546875 0.66796875 1134.1834803989955 28
stats: 422 10 13
stats: tr_friends 9 1668.7813313802083 1240.714005893647 3486.244140625 0.719970703125 840.51533203125 20
stats: size_sent 466273 2755781
stats: tr_search_all_users 11 1102.4612482244318 1494.6990371683573 4192.858154296875 0.705078125 1128.7972193008814 39
stats: connected 78 407
stats: tr_browse_quizzes_page_1 26 1093.0857966496396 1214.8816791985334 3230.14501953125 0.677001953125 608.0743970549509 89
stats: 503 365 535
stats: tr_play_game__1st_question 47 1339.3321455285902 1291.5224530677617 3411.970947265625 0.65185546875 869.2016952339263 174
stats: 500 37 330
stats: tr_play_game__answer_to_question 55 1197.186106178977 1190.0527911937975 3256.9638671875 0.64599609375 662.2777856979927 137
stats: 404 17 230
stats: tr_index 65 1281.9602463942308 1225.0310214892413 3414.66796875 1.130126953125 713.166098906615 214
stats: tr_quizzes_page_INDEX 15 982.0134765625002 1225.6182839995022 3201.75 0.68017578125 698.8297802734374 50
stats: tr_quiz_questions_SHOW 21 1690.0944475446424 1113.3863264318309 3233.1259765625 0.122802734375 302.65137499108164 219
# stats: dump at 1448597293
stats: users 499 500
stats: {freemem,"tsung_controller@ip-172-30-3-173"} 1 3134.78515625 0.0 3171.0 3134.78515625 3161.1364889705883 17
stats: {recvpackets,"tsung_controller@ip-172-30-3-173"} 1 3416.0 0.0 3416 78 1023.1875 16
stats: {sentpackets,"tsung_controller@ip-172-30-3-173"} 1 3433.0 0.0 3433 90 965.8125 16
stats: {cpu,"tsung_controller@ip-172-30-3-173"} 1 9.350393700787402 0.0 55.925324675324674 1.282051282051282 7.935702597439327 17
stats: {load,"tsung_controller@ip-172-30-3-173"} 1 0.05078125 0.0 0.328125 0.0390625 0.13005514705882354 17
stats: session 76 28736.48523591694 24258.056549355144 97905.81005859375 53.468994140625 24260.786098649478 293
stats: users_count 165 868
stats: finish_users_count 76 369
stats: request 1064 1018.899836260572 1147.0523193064485 5463.451904296875 0.06396484375 804.0157201482812 4108
stats: connect 194 2.729129751932991 3.0328648962973777 104.283935546875 0.452880859375 2.652299797819972 711
stats: page 938 1158.713272192331 1355.6169772830476 7520.164794921875 0.56494140625 913.7878420009484 3589
stats: tr_play_game__ready_page 78 1220.8673377403843 1100.986317375874 3477.64892578125 0.651123046875 1015.7899590674865 235
stats: 302 40 210
stats: tr_play_game__leaderboard 16 1077.9408569335938 1230.2253054514342 3139.7529296875 0.671142578125 809.1779432181852 83
stats: 200 360 3178
stats: tr_question_new_POST 58 860.9741126751078 1131.546679620516 3388.051025390625 0.675048828125 476.430422923604 244
stats: size_rcv 1231193 9450368
stats: tr_quiz_new_POST 10 815.528125 1012.5556649837388 2973.23095703125 0.901123046875 822.0148193359375 40
stats: newphase 0 5
stats: tr_friend_requests 11 814.31982421875 1067.1029480980071 3097.783935546875 0.66796875 1026.1622347445102 37
stats: 422 12 25
stats: tr_friends 10 1043.568359375 1283.5916573631703 3486.244140625 0.662109375 1097.5634007947199 29
stats: size_sent 612485 3368266
stats: tr_search_all_users 13 1392.4078650841345 1380.910196224749 4192.858154296875 0.699951171875 1123.0033056640625 50
stats: connected 92 499
stats: tr_browse_quizzes_page_1 32 925.8039016723633 1144.916048033862 3230.14501953125 0.6689453125 717.729148267663 115
stats: 503 548 1083
stats: tr_play_game__1st_question 73 995.9770808807791 1155.4075530126229 3411.970947265625 0.65185546875 969.1841891879951 221
stats: 500 55 385
stats: tr_play_game__answer_to_question 48 939.4661000569662 1014.5821965877456 3256.9638671875 0.64599609375 815.506731669108 192
stats: 404 17 247
stats: tr_index 76 913.1487330386511 1144.4724112053966 3414.66796875 1.130126953125 845.6808644503249 279
stats: tr_quizzes_page_INDEX 17 878.3514906939338 1061.5994388845377 3201.75 0.68017578125 764.179864032452 65
stats: tr_quiz_questions_SHOW 57 724.1912691885965 1009.1426495545898 3233.1259765625 0.1220703125 424.0526438395182 240
# stats: dump at 1448597303
stats: users 646 650
stats: {freemem,"tsung_controller@ip-172-30-3-173"} 1 3129.9140625 0.0 3171.0 3129.9140625 3159.6725260416665 18
stats: {recvpackets,"tsung_controller@ip-172-30-3-173"} 1 3871.0 0.0 3871 78 1163.9411764705883 17
stats: {sentpackets,"tsung_controller@ip-172-30-3-173"} 1 3961.0 0.0 3961 90 1110.9411764705883 17
stats: {cpu,"tsung_controller@ip-172-30-3-173"} 1 10.099009900990099 0.0 55.925324675324674 1.282051282051282 8.014296547625332 18
stats: {load,"tsung_controller@ip-172-30-3-173"} 1 0.0390625 0.0 0.328125 0.0390625 0.12565104166666666 18
stats: session 98 25173.945870535714 23486.499755707788 97905.81005859375 8.64794921875 25182.61031120321 369
stats: users_count 245 1113
stats: finish_users_count 98 467
stats: request 1606 675.6468954311939 918.3328643083322 5463.451904296875 0.06396484375 848.2223519238955 5172
stats: connect 307 2.6389518017100992 3.1298610775234867 104.283935546875 0.452880859375 2.668769423342542 905
stats: page 1390 777.807288563681 1085.2617321348228 7520.164794921875 0.558837890625 964.5366941148245 4527
stats: tr_play_game__ready_page 84 696.2394583565847 933.396098411202 3477.64892578125 0.635986328125 1066.8955039124896 313
stats: 302 73 283
stats: tr_play_game__leaderboard 24 372.94826253255206 718.055059343324 3139.7529296875 0.671142578125 852.6143737176452 99
stats: 200 345 3523
stats: tr_question_new_POST 113 621.3137099004422 888.0071898010747 3388.051025390625 0.64599609375 550.2831845315087 302
stats: size_rcv 1497511 10947879
stats: tr_quiz_new_POST 13 563.6041729266827 847.616683086825 2973.23095703125 0.8369140625 820.71748046875 50
stats: newphase 1 6
stats: tr_friend_requests 12 1079.5948079427083 908.7645892853938 3097.783935546875 0.66796875 977.6150156656901 48
stats: 422 20 45
stats: tr_friends 10 588.7721923828125 890.4667093066403 3486.244140625 0.64501953125 1083.718518379407 39
stats: size_sent 908532 4276798
stats: tr_search_all_users 23 756.6798042629076 1079.7563403745476 4192.858154296875 0.691162109375 1178.594722687252 63
stats: connected 148 647
stats: tr_browse_quizzes_page_1 39 683.4248860677084 911.5474120344703 3230.14501953125 0.630126953125 763.0243326822916 147
stats: error_connection_closed 4 4
stats: tr_play_game__1st_question 80 835.5814300537111 945.6242790671445 3411.970947265625 0.65185546875 975.8368459688564 294
stats: 503 978 2061
stats: tr_play_game__answer_to_question 72 649.2349480523004 882.4348273437496 3256.9638671875 0.64599609375 840.2986053466797 240
stats: 500 102 487
stats: tr_index 108 676.3560316297743 885.8577488490852 3414.66796875 1.130126953125 860.1246898382483 355
stats: 404 24 271
stats: tr_quizzes_page_INDEX 22 852.844560102983 932.631268670579 3201.75 0.635986328125 787.8495915110518 82
stats: tr_quiz_questions_SHOW 109 517.8150063610949 840.6575555410403 3233.1259765625 0.119873046875 481.6550062802504 297
# stats: dump at 1448597313
stats: users 817 818
stats: {freemem,"tsung_controller@ip-172-30-3-173"} 1 3123.53125 0.0 3171.0 3123.53125 3158.1062911184213 19
stats: {recvpackets,"tsung_controller@ip-172-30-3-173"} 1 5124.0 0.0 5124 78 1314.3333333333333 18
stats: {sentpackets,"tsung_controller@ip-172-30-3-173"} 1 5581.0 0.0 5581 90 1269.2777777777778 18
stats: {cpu,"tsung_controller@ip-172-30-3-173"} 1 15.655577299412915 0.0 55.925324675324674 1.282051282051282 8.124018303065583 19
stats: {load,"tsung_controller@ip-172-30-3-173"} 1 0.0390625 0.0 0.328125 0.0390625 0.12109375 19
stats: session 154 30339.96460119471 26366.373542836478 105212.23803710938 8.64794921875 25180.792077401464 467
stats: users_count 325 1438
stats: finish_users_count 154 621
stats: request 2032 536.246288629968 851.3363969308767 5463.451904296875 0.06396484375 807.3317967265986 6778
stats: connect 399 2.40359137590069 2.8513509699123816 104.283935546875 0.452880859375 2.661216609942245 1212
stats: page 1803 606.5755492690132 1005.8820286158478 7520.164794921875 0.558837890625 920.6709050805015 5917
stats: tr_play_game__ready_page 131 432.29445968511453 794.6358812942531 3477.64892578125 0.62109375 988.4695396135072 397
stats: 302 80 363
stats: tr_play_game__leaderboard 53 570.1534354731722 865.9006261586051 3139.7529296875 0.64794921875 759.0209861693344 123
stats: 200 343 3866
stats: tr_question_new_POST 119 402.2778340828518 766.9316953682219 3388.051025390625 0.64599609375 569.6240263789532 415
stats: size_rcv 1702080 12649959
stats: tr_quiz_new_POST 13 659.4232459435096 828.6778248557594 2973.23095703125 0.8369140625 767.662353515625 63
stats: newphase 0 6
stats: tr_friend_requests 16 677.1385955810547 884.5749473898643 3097.783935546875 0.666015625 998.0109741210938 60
stats: 422 35 80
stats: tr_friends 14 442.38438197544644 843.9116063935403 3486.244140625 0.64501953125 982.7090640943877 49
stats: size_sent 1026260 5303058
stats: tr_search_all_users 27 602.8066044560186 950.2707279249939 4192.858154296875 0.651123046875 1065.7570119458576 86
stats: connected 169 816
stats: tr_browse_quizzes_page_1 55 490.381396484375 798.1613978437665 3230.14501953125 0.6259765625 746.3341261340726 186
stats: error_connection_closed 2 6
stats: tr_play_game__1st_question 122 587.6508468878075 864.2783930811615 3411.970947265625 0.62890625 945.8356874843333 374
stats: 503 1358 3419
stats: tr_play_game__answer_to_question 106 490.6958353294517 779.1630228337599 3256.9638671875 0.636962890625 796.2069921248998 312
stats: 500 120 607
stats: tr_index 125 604.7441347656248 871.3168246298229 3414.66796875 1.130126953125 817.2585665412392 463
stats: 404 9 280
stats: tr_quizzes_page_INDEX 25 413.9826171875 822.6441597158807 3201.75 0.635986328125 801.5985271747296 104
stats: tr_quiz_questions_SHOW 124 387.21389475176403 764.0715286417212 3233.1259765625 0.118896484375 491.36298659752146 406
# stats: dump at 1448597323
stats: users 931 933
stats: {freemem,"tsung_controller@ip-172-30-3-173"} 1 3118.51171875 0.0 3171.0 3118.51171875 3156.3775390625005 20
stats: {recvpackets,"tsung_controller@ip-172-30-3-173"} 1 5912.0 0.0 5912 78 1514.842105263158 19
stats: {sentpackets,"tsung_controller@ip-172-30-3-173"} 1 6641.0 0.0 6641 90 1496.2105263157894 19
stats: {cpu,"tsung_controller@ip-172-30-3-173"} 1 17.716535433070867 0.0 55.925324675324674 1.282051282051282 8.50059625288295 20
stats: {load,"tsung_controller@ip-172-30-3-173"} 1 0.03125 0.0 0.328125 0.03125 0.1169921875 20
stats: session 176 28478.366965553978 25039.946441040855 112627.23999023438 8.64794921875 26460.200400532154 621
stats: users_count 290 1728
stats: finish_users_count 176 797
stats: request 2222 474.6466336941305 710.4556156269067 5463.451904296875 0.054931640625 744.8067396945495 8810
stats: connect 359 2.5315247432103076 2.924489551125239 104.283935546875 0.452880859375 2.597409987730836 1611
stats: page 1919 552.562235885389 841.9267384476256 7520.164794921875 0.553955078125 847.3141788462898 7720
stats: tr_play_game__ready_page 104 522.6930095966045 730.6760322313066 3477.64892578125 0.60302734375 850.4791315252129 528
stats: 302 101 464
stats: tr_play_game__leaderboard 58 511.2065177128231 745.5756629406841 3139.7529296875 0.641845703125 702.1460987437855 176
stats: 200 335 4201
stats: tr_question_new_POST 147 378.48247169961735 663.662151660775 3388.051025390625 0.64599609375 532.3315228522939 534
stats: size_rcv 1866127 14516086
stats: tr_quiz_new_POST 27 464.92109736689815 700.3211967869468 2973.23095703125 0.8369140625 749.1477693256579 76
stats: newphase 0 6
stats: tr_friend_requests 17 669.2539206112133 801.1811777958015 3097.783935546875 0.666015625 930.458894428454 76
stats: 422 55 135
stats: tr_friends 10 467.0711181640625 699.3836799321074 3486.244140625 0.64501953125 862.6369125124008 63
stats: size_sent 1140206 6443264
stats: tr_search_all_users 25 378.168212890625 715.618164267313 4192.858154296875 0.651123046875 955.1405428996128 113
stats: connected 105 921
stats: tr_browse_quizzes_page_1 63 557.1700962611604 743.4199949107316 3230.14501953125 0.6259765625 687.9216774588303 241
stats: error_connection_closed 11 17
stats: tr_play_game__1st_question 108 537.8733633535879 728.4940213228826 3411.970947265625 0.62890625 857.7337710472847 496
stats: 503 1491 4910
stats: tr_play_game__answer_to_question 113 506.15153138827446 713.2724631770784 3256.9638671875 0.636962890625 718.7328710236618 418
stats: 500 163 770
stats: tr_index 101 549.2838606126236 681.8128055027263 3414.66796875 1.130126953125 772.0811788338382 588
stats: 404 7 287
stats: tr_quizzes_page_INDEX 31 494.100326045867 705.0254880914871 3201.75 0.635986328125 726.4791647741037 129
stats: tr_quiz_questions_SHOW 142 353.924237318442 637.497961957369 3233.1259765625 0.118896484375 466.99602926002353 530
# stats: dump at 1448597333
stats: users 872 994
stats: {freemem,"tsung_controller@ip-172-30-3-173"} 1 3112.625 0.0 3171.0 3112.625 3154.5744047619055 21
stats: {recvpackets,"tsung_controller@ip-172-30-3-173"} 1 6677.0 0.0 6677 78 1734.7 20
stats: {sentpackets,"tsung_controller@ip-172-30-3-173"} 1 7397.0 0.0 7397 90 1753.45 20
stats: {cpu,"tsung_controller@ip-172-30-3-173"} 1 21.08317214700193 0.0 55.925324675324674 1.282051282051282 8.939450499558566 21
stats: {load,"tsung_controller@ip-172-30-3-173"} 1 0.109375 0.0 0.328125 0.03125 0.11290922619047619 21
stats: session 206 30931.50357085293 22396.72260164024 112627.23999023438 8.64794921875 26905.86829945793 797
stats: users_count 147 1875
stats: finish_users_count 206 1003
stats: request 2442 661.5257634343325 898.3985046404536 5463.451904296875 0.054931640625 690.3926936890263 11032
stats: connect 264 2.618628299597538 2.9250220075729865 104.283935546875 0.452880859375 2.5854034888562825 1970
stats: page 2093 765.9731774254958 995.5802023851331 7520.164794921875 0.536865234375 788.6328863323394 9639
stats: tr_play_game__ready_page 93 714.2644804267476 900.3432967305889 3511.923095703125 0.60302734375 796.5396431065811 632
stats: 302 161 625
stats: tr_play_game__leaderboard 67 595.6518700443097 743.1782986416116 3139.7529296875 0.635009765625 654.8191940438035 234
stats: 200 279 4480
stats: tr_question_new_POST 175 416.55705078125 704.7140094976388 3571.448974609375 0.644775390625 499.1218157752844 681
stats: size_rcv 1905216 16421302
stats: tr_quiz_new_POST 28 560.3606741768972 699.2342962225522 2973.23095703125 0.8369140625 674.6417485209345 103
stats: newphase 0 6
stats: tr_friend_requests 34 653.9563347311581 730.2834055916344 3097.783935546875 0.64697265625 882.7117486769154 93
stats: 422 70 205
stats: tr_friends 22 469.50927734375 675.803530392949 3486.244140625 0.64501953125 808.44981739619 73
stats: size_sent 1256000 7699264
stats: tr_search_all_users 40 616.1393127441407 760.7325805274345 4192.858154296875 0.651123046875 850.6165700718976 138
stats: connected -35 886
stats: tr_browse_quizzes_page_1 57 596.0042446203399 843.6608411005776 3420.72509765625 0.6259765625 660.8251326711554 304
stats: error_connection_closed 26 43
stats: tr_play_game__1st_question 99 429.77103308475387 684.6152687534868 3411.970947265625 0.626953125 800.5401882146369 604
stats: 503 1656 6566
stats: tr_play_game__answer_to_question 101 487.46723681157187 651.8311810379248 3256.9638671875 0.60205078125 673.4942808564324 531
stats: 500 217 987
stats: tr_index 74 2161.989544842694 1085.232254187426 5318.885986328125 1.130126953125 739.4214848710767 689
stats: 404 6 293
stats: tr_quizzes_page_INDEX 46 453.9082933508831 676.3898752247737 3201.75 0.635986328125 681.4557647705078 160
stats: tr_quiz_questions_SHOW 176 486.95685508034427 788.7637743148887 3530.697998046875 0.118896484375 443.1028827485584 672
# stats: dump at 1448597343
stats: users 701 994
stats: {freemem,"tsung_controller@ip-172-30-3-173"} 1 3109.7734375 0.0 3171.0 3109.7734375 3152.6676136363644 22
stats: {recvpackets,"tsung_controller@ip-172-30-3-173"} 1 6646.0 0.0 6677 78 1970.047619047619 21
stats: {sentpackets,"tsung_controller@ip-172-30-3-173"} 1 6860.0 0.0 7397 90 2022.1904761904761 21
stats: {cpu,"tsung_controller@ip-172-30-3-173"} 1 16.926070038910506 0.0 55.925324675324674 1.282051282051282 9.491437847169628 22
stats: {load,"tsung_controller@ip-172-30-3-173"} 1 0.171875 0.0 0.328125 0.03125 0.11274857954545454 22
stats: session 171 42501.01745534085 18942.03511331235 112627.23999023438 8.64794921875 27732.668763971757 1003
stats: users_count 0 1875
stats: finish_users_count 171 1174
stats: request 2168 526.4747919174139 741.3423275828341 5463.451904296875 0.054931640625 685.1609107231689 13474
stats: connect 144 1.9828965928819444 2.8114578070070864 104.283935546875 0.452880859375 2.589329786992223 2234
stats: page 1760 652.2689842917698 945.6659368057952 7520.164794921875 0.536865234375 784.5903726311782 11732
stats: tr_play_game__ready_page 34 707.2257510914523 807.4469018666601 3511.923095703125 0.60302734375 785.985725686961 725
stats: 302 190 815
stats: tr_play_game__leaderboard 85 463.34491900275736 694.4800997085991 3139.7529296875 0.635009765625 641.6490588013912 301
stats: 200 216 4696
stats: tr_question_new_POST 263 467.3778971973027 698.1427697870953 3571.448974609375 0.644775390625 482.24233695056944 856
stats: size_rcv 1627991 18049293
stats: tr_quiz_new_POST 23 499.7917374320652 735.9066692657257 2973.23095703125 0.8369140625 650.2152593481632 131
stats: newphase 0 6
stats: tr_friend_requests 27 545.8587239583331 714.749733871476 3097.783935546875 0.64697265625 821.4701417937993 127
stats: 422 109 314
stats: tr_friends 27 673.0170084635416 748.1574322530379 3486.244140625 0.64501953125 729.9583239103619 95
stats: size_sent 1256017 8955281
stats: tr_search_all_users 34 560.485315659467 821.4410800089089 4192.858154296875 0.651123046875 797.9250515712781 178
stats: connected -175 711
stats: tr_browse_quizzes_page_1 5 705.14296875 870.7575418426962 3420.72509765625 0.6259765625 650.5902556105003 361
stats: error_connection_closed 31 74
stats: tr_play_game__1st_question 52 392.1033372145433 671.98488306712 3411.970947265625 0.626953125 748.3266087582239 703
stats: error_abort_max_send_retries 4 4
stats: tr_play_game__answer_to_question 82 751.1481814500762 759.4126636585542 3256.9638671875 0.60205078125 643.7652753998962 632
stats: 503 1309 7875
stats: tr_index 0 0 0 5318.885986328125 1.130126953125 877.3900778434223 763
stats: 500 215 1202
stats: tr_quizzes_page_INDEX 32 674.3886871337891 777.1898458961715 3201.75 0.635986328125 630.6441934826305 206
stats: 404 8 301
stats: tr_quiz_questions_SHOW 261 354.4031500688458 666.7558492128136 3530.697998046875 0.116943359375 452.20465059100457 848
# stats: dump at 1448597353
stats: users 517 994
stats: {freemem,"tsung_controller@ip-172-30-3-173"} 1 3109.4296875 0.0 3171.0 3109.4296875 3150.8026494565224 23
stats: {recvpackets,"tsung_controller@ip-172-30-3-173"} 1 5406.0 0.0 6677 78 2182.590909090909 22
stats: {sentpackets,"tsung_controller@ip-172-30-3-173"} 1 5407.0 0.0 7397 90 2242.090909090909 22
stats: {cpu,"tsung_controller@ip-172-30-3-173"} 1 13.982642237222759 0.0 55.925324675324674 1.282051282051282 9.814682725071405 23
stats: {load,"tsung_controller@ip-172-30-3-173"} 1 0.140625 0.0 0.328125 0.03125 0.11531929347826086 23
stats: session 184 44250.398477305534 16527.918107474965 129545.66796875 8.64794921875 29883.765549511892 1174
stats: users_count 0 1875
stats: finish_users_count 184 1358
stats: request 1819 578.7372171780505 644.1391087279372 5463.451904296875 0.054931640625 663.1668239330603 15642
stats: connect 98 1.6650565011160714 2.860515723067214 104.283935546875 0.452880859375 2.552607171369061 2378
stats: page 1473 714.3389861915518 821.3146278212719 7520.164794921875 0.536865234375 767.3293554745403 13492
stats: tr_play_game__ready_page 3 427.6776529947917 596.45874967374 3511.923095703125 0.60302734375 782.4576108829461 759
stats: 302 254 1069
stats: tr_play_game__leaderboard 107 584.0023387302863 642.2722379511317 3139.7529296875 0.635009765625 602.3851938198268 386
stats: 200 224 4920
stats: tr_question_new_POST 226 405.5181992792451 599.9783496695213 3571.448974609375 0.62890625 478.74872867969435 1119
stats: size_rcv 1399470 19448763
stats: tr_quiz_new_POST 45 608.823556857639 628.1959582547131 2973.23095703125 0.8369140625 627.7494086723823 154
stats: newphase 0 6
stats: tr_friend_requests 17 635.8941865808823 677.2579821366387 3097.783935546875 0.625 773.1486594460227 154
stats: 422 104 418
stats: tr_friends 27 523.3071198640047 640.1705038471293 3486.244140625 0.64501953125 717.3565573770492 122
stats: size_sent 1136763 10092044
stats: tr_search_all_users 35 719.8305106026786 676.2388025368161 4192.858154296875 0.651123046875 759.8450939250442 212
stats: connected -191 520
stats: tr_browse_quizzes_page_1 0 0 0 3420.72509765625 0.6259765625 651.3355112544825 366
stats: error_connection_closed 6 80
stats: tr_play_game__1st_question 7 1060.5858328683037 434.0217020857279 3411.970947265625 0.626953125 723.792025817467 755
stats: error_abort_max_send_retries 0 4
stats: tr_play_game__answer_to_question 35 676.5412527901786 634.3489383306924 3256.9638671875 0.60205078125 656.0977660107012 714
stats: 503 885 8760
stats: tr_index 0 0 0 5318.885986328125 1.130126953125 877.3900778434223 763
stats: 500 242 1444
stats: tr_quizzes_page_INDEX 14 848.4546247209821 555.3718626508827 3201.75 0.635986328125 636.5258060743829 238
stats: 404 4 305
stats: tr_quiz_questions_SHOW 225 377.2415603298612 573.8469203546495 3530.697998046875 0.110107421875 429.1873452381791 1109
# stats: dump at 1448597363
stats: users 372 994
stats: {freemem,"tsung_controller@ip-172-30-3-173"} 1 3109.1953125 0.0 3171.0 3109.1953125 3149.0787760416674 24
stats: {recvpackets,"tsung_controller@ip-172-30-3-173"} 1 5177.0 0.0 6677 78 2322.7391304347825 23
stats: {sentpackets,"tsung_controller@ip-172-30-3-173"} 1 4847.0 0.0 7397 90 2379.695652173913 23
stats: {cpu,"tsung_controller@ip-172-30-3-173"} 1 11.175898931000972 0.0 55.925324675324674 1.282051282051282 9.98834770474438 24
stats: {load,"tsung_controller@ip-172-30-3-173"} 1 0.12109375 0.0 0.328125 0.03125 0.11637369791666667 24
stats: session 145 52653.59506667566 14994.582550183253 129545.66796875 8.64794921875 31830.349097902195 1358
stats: users_count 0 1875
stats: finish_users_count 145 1503
stats: request 1275 829.2727112055761 542.0165764015006 5463.451904296875 0.054931640625 654.3713680778766 17461
stats: connect 61 2.4743292136270485 3.8107950357066755 104.283935546875 0.452880859375 2.5174779445173674 2476
stats: page 1022 1037.228429865231 756.2547021436923 7520.164794921875 0.536865234375 762.1135309537357 14965
stats: tr_play_game__ready_page 0 0 0 3511.923095703125 0.60302734375 781.0608393951975 762
stats: 302 277 1346
stats: tr_play_game__leaderboard 94 985.8484925615027 469.5365429949266 3139.7529296875 0.634033203125 598.3954057983645 493
stats: 200 280 5200
stats: tr_question_new_POST 202 743.0553051032639 556.8899069234167 3571.448974609375 0.62890625 466.44382188080846 1345
stats: size_rcv 1263166 20711929
stats: tr_quiz_new_POST 14 823.9944719587054 621.8396737131496 2973.23095703125 0.8369140625 623.4696934378926 199
stats: newphase 0 6
stats: tr_friend_requests 9 781.8345269097222 570.2893680290557 3097.783935546875 0.625 759.503477933114 171
stats: 422 139 557
stats: tr_friends 17 947.0037195542279 452.0250070929092 3486.244140625 0.64501953125 682.1932364854237 149
stats: size_sent 838800 10930844
stats: tr_search_all_users 15 787.0034016927083 586.0675148513146 4192.858154296875 0.651123046875 754.1750112680288 247
stats: connected -146 374
stats: tr_browse_quizzes_page_1 0 0 0 3420.72509765625 0.6259765625 651.3355112544825 366
stats: error_connection_closed 6 86
stats: tr_play_game__1st_question 0 0 0 3411.970947265625 0.626953125 726.8859321814512 762
stats: error_abort_max_send_retries 0 4
stats: tr_play_game__answer_to_question 9 729.5372178819445 532.510571074566 3256.9638671875 0.60205078125 657.0530691312375 749
stats: 503 302 9062
stats: tr_index 0 0 0 5318.885986328125 1.130126953125 877.3900778434223 763
stats: 500 203 1647
stats: tr_quizzes_page_INDEX 10 851.5783447265625 431.1828482454144 3201.75 0.635986328125 648.2996293325273 252
stats: 404 13 318
stats: tr_quiz_questions_SHOW 198 688.5267790206758 559.7811450170019 3530.697998046875 0.110107421875 420.42587477013444 1334
# stats: dump at 1448597373
stats: users 247 994
stats: {freemem,"tsung_controller@ip-172-30-3-173"} 1 3109.26171875 0.0 3171.0 3109.1953125 3147.4834375000005 25
stats: {recvpackets,"tsung_controller@ip-172-30-3-173"} 1 4190.0 0.0 6677 78 2441.6666666666665 24
stats: {sentpackets,"tsung_controller@ip-172-30-3-173"} 1 3614.0 0.0 7397 90 2482.5 24
stats: {cpu,"tsung_controller@ip-172-30-3-173"} 1 7.022749752720079 0.0 55.925324675324674 1.282051282051282 10.035849753794643 25
stats: {load,"tsung_controller@ip-172-30-3-173"} 1 0.1015625 0.0 0.328125 0.03125 0.1165625 25
stats: session 125 59410.99363867188 14263.512269538853 129545.66796875 8.64794921875 33839.24508291361 1503
stats: users_count 0 1875
stats: finish_users_count 125 1628
stats: request 900 1020.103198784723 145.77223977287088 5463.451904296875 0.054931640625 666.2735463703518 18736
stats: connect 2 3.6490478515625 3.0230712890625 104.283935546875 0.452880859375 2.5164404701049476 2537
stats: page 722 1277.7054240472435 475.6045406161373 7520.164794921875 0.536865234375 779.7007847654294 15987
stats: tr_play_game__ready_page 1 1049.866943359375 0.0 3511.923095703125 0.60302734375 781.0608393951975 762
stats: 302 298 1644
stats: tr_play_game__leaderboard 73 1037.8717893835612 107.08595319119179 3139.7529296875 0.634033203125 660.4407041897359 587
stats: 200 288 5488
stats: tr_question_new_POST 135 1002.9108633535884 104.85281705939738 3571.448974609375 0.62890625 502.56245123500105 1547
stats: size_rcv 1080467 21792396
stats: tr_quiz_new_POST 23 1000.0171429177989 98.08151493864204 2973.23095703125 0.8369140625 636.6497258289319 213
stats: newphase 0 6
stats: tr_friend_requests 7 1030.008998325893 44.45836169441733 3097.783935546875 0.625 760.6200303819444 180
stats: 422 138 695
stats: tr_friends 16 1031.8654479980469 162.71815407649808 3486.244140625 0.64501953125 709.3123823418674 166
stats: size_sent 609291 11540135
stats: tr_search_all_users 11 1014.5789905894886 238.29242012829133 4192.858154296875 0.651123046875 756.0544992694417 262
stats: connected -127 247
stats: tr_browse_quizzes_page_1 0 0 0 3420.72509765625 0.6259765625 651.3355112544825 366
stats: error_connection_closed 0 86
stats: tr_play_game__1st_question 1 1008.695068359375 0.0 3411.970947265625 0.626953125 726.8859321814512 762
stats: error_abort_max_send_retries 0 4
stats: tr_play_game__answer_to_question 4 1050.6895751953125 69.7290603101612 3256.9638671875 0.60205078125 657.9136988657445 758
stats: 503 3 9065
stats: tr_index 0 0 0 5318.885986328125 1.130126953125 877.3900778434223 763
stats: 500 151 1798
stats: tr_quizzes_page_INDEX 2 1008.4844970703125 45.6566162109375 3201.75 0.635986328125 656.0583589277195 262
stats: 404 23 341
stats: tr_quiz_questions_SHOW 138 992.1720289147422 107.71741108914289 3530.697998046875 0.110107421875 455.0759916380242 1532
# stats: dump at 1448597383
stats: users 150 994
stats: {freemem,"tsung_controller@ip-172-30-3-173"} 1 3109.23046875 0.0 3171.0 3109.1953125 3146.0133713942314 26
stats: {recvpackets,"tsung_controller@ip-172-30-3-173"} 1 3.7e3 0.0 6677 78 2511.6 25
stats: {sentpackets,"tsung_controller@ip-172-30-3-173"} 1 2847.0 0.0 7397 90 2527.76 25
stats: {cpu,"tsung_controller@ip-172-30-3-173"} 1 5.824284304047384 0.0 55.925324675324674 1.282051282051282 9.919961292214852 26
stats: {load,"tsung_controller@ip-172-30-3-173"} 1 0.08984375 0.0 0.328125 0.03125 0.11598557692307693 26
stats: session 97 65042.32516259262 11387.115868425117 129545.66796875 8.64794921875 35802.6778651432 1628
stats: users_count 0 1875
stats: finish_users_count 97 1725
stats: request 867 746.7677110366201 194.42879058134787 5463.451904296875 0.054931640625 682.4910390966165 19636
stats: connect 4 2.96075439453125 3.1646441425430183 104.283935546875 0.452880859375 2.5173326381880177 2539
stats: page 655 1007.4462398616412 447.32341703252564 7520.164794921875 0.536865234375 801.2196877255988 16709
stats: tr_play_game__ready_page 0 0 0 3511.923095703125 0.60302734375 781.4131409731323 763
stats: 302 320 1964
stats: tr_play_game__leaderboard 56 808.1396876743862 167.88167110876833 3139.7529296875 0.634033203125 702.1868696732954 660
stats: 200 226 5714
stats: tr_question_new_POST 189 720.3800546151621 161.7407969867697 3571.448974609375 0.62890625 542.7212120174084 1682
stats: size_rcv 1076699 22869095
stats: tr_quiz_new_POST 12 766.5842081705729 123.38432157770929 2973.23095703125 0.8369140625 672.0626520706436 236
stats: newphase 0 6
stats: tr_friend_requests 3 668.4571126302084 122.19626341730516 3097.783935546875 0.625 770.7041093958891 187
stats: 422 159 854
stats: tr_friends 2 580.280517578125 117.14453125 3486.244140625 0.64501953125 737.668695806147 182
stats: size_sent 637503 12177638
stats: tr_search_all_users 5 1240.53623046875 482.24568457505814 4192.858154296875 0.651123046875 766.4712370149382 273
stats: connected -99 148
stats: tr_browse_quizzes_page_1 0 0 0 3420.72509765625 0.6259765625 651.3355112544825 366
stats: error_connection_closed 0 86
stats: tr_play_game__1st_question 0 0 0 3411.970947265625 0.626953125 727.2552757413173 763
stats: error_abort_max_send_retries 0 4
stats: tr_play_game__answer_to_question 0 0 0 3256.9638671875 0.60205078125 659.9755144895219 762
stats: 503 0 9065
stats: tr_index 0 0 0 5318.885986328125 1.130126953125 877.3900778434223 763
stats: 500 118 1916
stats: tr_quizzes_page_INDEX 1 547.530029296875 0.0 3201.75 0.635986328125 658.7282539136482 264
stats: 404 43 384
stats: tr_quiz_questions_SHOW 196 705.102846729512 175.96093025009182 3530.697998046875 0.110107421875 499.4587779519087 1670
# stats: dump at 1448597393
stats: users 56 994
stats: {freemem,"tsung_controller@ip-172-30-3-173"} 1 3109.734375 0.0 3171.0 3109.1953125 3144.6510416666674 27
stats: {recvpackets,"tsung_controller@ip-172-30-3-173"} 1 4009.0 0.0 6677 78 2557.3076923076924 26
stats: {sentpackets,"tsung_controller@ip-172-30-3-173"} 1 2777.0 0.0 7397 90 2540.0384615384614 26
stats: {cpu,"tsung_controller@ip-172-30-3-173"} 1 5.604719764011799 0.0 55.925324675324674 1.282051282051282 9.768269551912354 27
stats: {load,"tsung_controller@ip-172-30-3-173"} 1 0.0703125 0.0 0.328125 0.03125 0.1150173611111111 27
stats: session 94 73947.92912130147 12134.586747477679 129545.66796875 8.64794921875 37446.87832186934 1725
stats: users_count 0 1875
stats: finish_users_count 94 1819
stats: request 621 211.79108914238586 156.38486953439153 5463.451904296875 0.054931640625 685.2090742413262 20503
stats: connect 5 1.261279296875 1.3195226656610246 104.283935546875 0.452880859375 2.5180301163733785 2543
stats: page 451 297.34030442333 250.15031257898244 7520.164794921875 0.536865234375 808.9989086222301 17364
stats: tr_play_game__ready_page 0 0 0 3511.923095703125 0.60302734375 781.4131409731323 763
stats: 302 276 2240
stats: tr_play_game__leaderboard 22 130.89907004616478 139.523073311128 3139.7529296875 0.634033203125 710.4736822543863 716
stats: 200 124 5838
stats: tr_question_new_POST 154 229.77635133421256 137.73366577688827 3571.448974609375 0.62890625 560.6675087843648 1871
stats: size_rcv 659626 23528721
stats: tr_quiz_new_POST 6 262.75537109375 172.8842517658356 2973.23095703125 0.8369140625 676.6362757528982 248
stats: newphase 0 6
stats: tr_friend_requests 1 8.5068359375 0.0 3097.783935546875 0.625 769.0896831311678 190
stats: 422 137 991
stats: tr_friends 5 227.6234375 204.10363417872884 3486.244140625 0.64501953125 735.9579547384511 184
stats: size_sent 459128 12636766
stats: tr_search_all_users 6 136.32283528645834 97.86284882539648 4192.858154296875 0.651123046875 774.9975858180643 278
stats: connected -93 55
stats: tr_browse_quizzes_page_1 0 0 0 3420.72509765625 0.6259765625 651.3355112544825 366
stats: error_connection_closed 0 86
stats: tr_play_game__1st_question 0 0 0 3411.970947265625 0.626953125 727.2552757413173 763
stats: error_abort_max_send_retries 0 4
stats: tr_play_game__answer_to_question 1 313.178955078125 0.0 3256.9638671875 0.60205078125 659.9755144895219 762
stats: 503 0 9065
stats: tr_index 0 0 0 5318.885986328125 1.130126953125 877.3900778434223 763
stats: 500 58 1974
stats: tr_quizzes_page_INDEX 3 75.41536458333333 99.45198930856218 3201.75 0.635986328125 658.3086379716981 265
stats: 404 26 410
stats: tr_quiz_questions_SHOW 159 218.4510551788523 139.30629803076835 3530.697998046875 0.110107421875 521.0591195812818 1866
# stats: dump at 1448597403
stats: users 24 994
stats: {freemem,"tsung_controller@ip-172-30-3-173"} 1 3110.20703125 0.0 3171.0 3109.1953125 3143.4040178571436 28
stats: {recvpackets,"tsung_controller@ip-172-30-3-173"} 1 1162.0 0.0 6677 78 2611.074074074074 27
stats: {sentpackets,"tsung_controller@ip-172-30-3-173"} 1 1017.0 0.0 7397 90 2548.814814814815 27
stats: {cpu,"tsung_controller@ip-172-30-3-173"} 1 2.5691699604743086 0.0 55.925324675324674 1.282051282051282 9.61957134520162 28
stats: {load,"tsung_controller@ip-172-30-3-173"} 1 0.05859375 0.0 0.328125 0.03125 0.11342075892857142 28
stats: session 32 86142.7236328125 13289.822584818918 129545.66796875 8.64794921875 39333.13383321987 1819
stats: users_count 0 1875
stats: finish_users_count 32 1851
stats: request 253 8.947230885622531 8.068601620725026 5463.451904296875 0.054931640625 671.2916074383323 21124
stats: connect 3 0.669677734375 0.05921538465024549 104.283935546875 0.452880859375 2.515563964843751 2548
stats: page 189 12.011647703786378 9.820923958423412 7520.164794921875 0.536865234375 796.045889790139 17815
stats: tr_play_game__ready_page 0 0 0 3511.923095703125 0.60302734375 781.4131409731323 763
stats: 302 107 2347
stats: tr_play_game__leaderboard 16 10.7347412109375 9.147593159156267 3139.7529296875 0.634033203125 693.1963902915395 738
stats: 200 55 5893
stats: tr_question_new_POST 56 9.009163992745538 5.718672763205413 3571.448974609375 0.62890625 535.5034405140817 2025
stats: size_rcv 275339 23804060
stats: tr_quiz_new_POST 7 8.547154017857142 5.843514747967564 2973.23095703125 0.8369140625 666.8595614696112 254
stats: newphase 0 6
stats: tr_friend_requests 0 0 0 3097.783935546875 0.625 765.1075739835569 191
stats: 422 54 1045
stats: tr_friends 2 18.0975341796875 4.0753173828125 3486.244140625 0.64501953125 722.5099516369048 189
stats: size_sent 192270 12829036
stats: tr_search_all_users 1 4.6611328125 0.0 4192.858154296875 0.651123046875 761.5044572857064 284
stats: connected -33 22
stats: tr_browse_quizzes_page_1 0 0 0 3420.72509765625 0.6259765625 651.3355112544825 366
stats: error_connection_closed 0 86
stats: tr_play_game__1st_question 0 0 0 3411.970947265625 0.626953125 727.2552757413173 763
stats: error_abort_max_send_retries 0 4
stats: tr_play_game__answer_to_question 0 0 0 3256.9638671875 0.60205078125 659.5209973736485 763
stats: 503 0 9065
stats: tr_index 0 0 0 5318.885986328125 1.130126953125 877.3900778434223 763
stats: 500 29 2003
stats: tr_quizzes_page_INDEX 1 4.052978515625 0.0 3201.75 0.635986328125 651.7837132695895 268
stats: 404 8 418
stats: tr_quiz_questions_SHOW 56 7.514622279575893 6.965162801984703 3530.697998046875 0.110107421875 497.2987826726466 2025
# stats: dump at 1448597413
stats: users 7 994
stats: {freemem,"tsung_controller@ip-172-30-3-173"} 1 3110.6953125 0.0 3171.0 3109.1953125 3142.259294181035 29
stats: {recvpackets,"tsung_controller@ip-172-30-3-173"} 1 573.0 0.0 6677 78 2559.3214285714284 28
stats: {sentpackets,"tsung_controller@ip-172-30-3-173"} 1 535.0 0.0 7397 90 2494.1071428571427 28
stats: {cpu,"tsung_controller@ip-172-30-3-173"} 1 1.9723865877712032 0.0 55.925324675324674 1.282051282051282 9.376454056073094 29
stats: {load,"tsung_controller@ip-172-30-3-173"} 1 0.05078125 0.0 0.328125 0.03125 0.11153017241379311 29
stats: session 17 89443.49098115809 11437.673002760015 129545.66796875 8.64794921875 40142.37579625983 1851
stats: users_count 0 1875
stats: finish_users_count 17 1868
stats: request 183 11.123114914190573 8.199427523321699 5463.451904296875 0.054931640625 663.4526624381997 21377
stats: connect 0 0 0 104.283935546875 0.452880859375 2.5133931852704827 2551
stats: page 129 15.824739204820741 9.810704491553327 7520.164794921875 0.536865234375 787.8153592550178 18004
stats: tr_play_game__ready_page 0 0 0 3511.923095703125 0.60302734375 781.4131409731323 763
stats: 302 68 2415
stats: tr_play_game__leaderboard 8 15.358642578125 12.033412874558044 3139.7529296875 0.634033203125 678.714445483463 754
stats: 200 38 5931
stats: tr_question_new_POST 48 10.253697713216146 6.839828171484381 3571.448974609375 0.62890625 521.3354061627147 2081
stats: size_rcv 226366 24030426
stats: tr_quiz_new_POST 6 11.758829752604166 8.482827992683834 2973.23095703125 0.8369140625 649.2036731471504 261
stats: newphase 0 6
stats: tr_friend_requests 0 0 0 3097.783935546875 0.625 765.1075739835569 191
stats: 422 36 1081
stats: tr_friends 0 0 0 3486.244140625 0.64501953125 715.1339053808083 191
stats: size_sent 147362 12976398
stats: tr_search_all_users 0 0 0 4192.858154296875 0.651123046875 758.8488666735198 285
stats: connected -17 5
stats: tr_browse_quizzes_page_1 0 0 0 3420.72509765625 0.6259765625 651.3355112544825 366
stats: error_connection_closed 0 86
stats: tr_play_game__1st_question 0 0 0 3411.970947265625 0.626953125 727.2552757413173 763
stats: error_abort_max_send_retries 0 4
stats: tr_play_game__answer_to_question 0 0 0 3256.9638671875 0.60205078125 659.5209973736485 763
stats: 503 0 9065
stats: tr_index 0 0 0 5318.885986328125 1.130126953125 877.3900778434223 763
stats: 500 25 2028
stats: tr_quizzes_page_INDEX 0 0 0 3201.75 0.635986328125 649.3757923225488 269
stats: 404 16 434
stats: tr_quiz_questions_SHOW 48 9.178487141927082 5.69258547034744 3530.697998046875 0.110107421875 484.118622662069 2081
# stats: dump at 1448597423
stats: users 1 994
stats: {freemem,"tsung_controller@ip-172-30-3-173"} 1 3110.9296875 0.0 3171.0 3109.1953125 3141.2071614583338 30
stats: {recvpackets,"tsung_controller@ip-172-30-3-173"} 1 468.0 0.0 6677 78 2490.8275862068967 29
stats: {sentpackets,"tsung_controller@ip-172-30-3-173"} 1 394.0 0.0 7397 90 2426.551724137931 29
stats: {cpu,"tsung_controller@ip-172-30-3-173"} 1 1.6748768472906401 0.0 55.925324675324674 1.282051282051282 9.129651807129697 30
stats: {load,"tsung_controller@ip-172-30-3-173"} 1 0.0390625 0.0 0.328125 0.03125 0.10950520833333334 30
stats: session 6 98703.60196940105 10520.879963107884 129545.66796875 8.64794921875 40591.047615394345 1868
stats: users_count 0 1875
stats: finish_users_count 6 1874
stats: request 33 18.589555220170453 27.50757950378336 5463.451904296875 0.054931640625 657.9157279671008 21560
stats: connect 1 0.802001953125 0.0 104.283935546875 0.452880859375 2.5133931852704827 2551
stats: page 23 26.716213060461957 48.18848829309164 7520.164794921875 0.536865234375 782.323339733346 18133
stats: tr_play_game__ready_page 0 0 0 3511.923095703125 0.60302734375 781.4131409731323 763
stats: 302 0 2415
stats: tr_play_game__leaderboard 1 7.760009765625 0.0 3139.7529296875 0.634033203125 671.7500800986301 762
stats: 200 15 5946
stats: tr_question_new_POST 8 11.359588623046875 3.7121427033291146 3571.448974609375 0.62890625 509.8126621488227 2129
stats: size_rcv 88438 24118864
stats: tr_quiz_new_POST 1 6.10009765625 0.0 2973.23095703125 0.8369140625 634.879069924801 267
stats: newphase 0 6
stats: tr_friend_requests 0 0 0 3097.783935546875 0.625 765.1075739835569 191
stats: 422 1 1082
stats: tr_friends 0 0 0 3486.244140625 0.64501953125 715.1339053808083 191
stats: size_sent 28011 13004409
stats: tr_search_all_users 1 124.587158203125 0.0 4192.858154296875 0.651123046875 758.8488666735198 285
stats: connected -5 0
stats: tr_browse_quizzes_page_1 0 0 0 3420.72509765625 0.6259765625 651.3355112544825 366
stats: error_connection_closed 0 86
stats: tr_play_game__1st_question 0 0 0 3411.970947265625 0.626953125 727.2552757413173 763
stats: error_abort_max_send_retries 0 4
stats: tr_play_game__answer_to_question 0 0 0 3256.9638671875 0.60205078125 659.5209973736485 763
stats: 503 0 9065
stats: tr_index 0 0 0 5318.885986328125 1.130126953125 877.3900778434223 763
stats: 500 9 2037
stats: tr_quizzes_page_INDEX 0 0 0 3201.75 0.635986328125 649.3757923225488 269
stats: 404 8 442
stats: tr_quiz_questions_SHOW 8 11.48406982421875 3.5587287624931014 3530.697998046875 0.110107421875 473.41071918392583 2129
# stats: dump at 1448597433
stats: users 1 994
stats: {freemem,"tsung_controller@ip-172-30-3-173"} 1 3111.28515625 0.0 3171.0 3109.1953125 3140.2304687500005 31
stats: {recvpackets,"tsung_controller@ip-172-30-3-173"} 1 24.0 0.0 6677 24 2423.4 30
stats: {sentpackets,"tsung_controller@ip-172-30-3-173"} 1 22.0 0.0 7397 22 2358.8 30
stats: {cpu,"tsung_controller@ip-172-30-3-173"} 1 0.9861932938856016 0.0 55.925324675324674 0.9861932938856016 8.889175195521986 31
stats: {load,"tsung_controller@ip-172-30-3-173"} 1 0.0390625 0.0 0.328125 0.03125 0.10723286290322581 31
stats: session 0 0 0 129545.66796875 8.64794921875 40777.10702101016 1874
stats: users_count 0 1875
stats: finish_users_count 0 1874
stats: request 0 0 0 5463.451904296875 0.054931640625 656.9386630062038 21593
stats: connect 0 0 0 104.283935546875 0.452880859375 2.512722577420896 2552
stats: page 0 0 0 7520.164794921875 0.536865234375 781.3661374909206 18156
stats: tr_play_game__ready_page 0 0 0 3511.923095703125 0.60302734375 781.4131409731323 763
stats: 302 0 2415
stats: tr_play_game__leaderboard 0 0 0 3139.7529296875 0.634033203125 670.8798440955724 763
stats: 200 0 5946
stats: tr_question_new_POST 0 0 0 3571.448974609375 0.62890625 507.94667029659706 2137
stats: size_rcv 0 24118864
stats: tr_quiz_new_POST 0 0 0 2973.23095703125 0.8369140625 632.5328797297691 268
stats: newphase 0 6
stats: tr_friend_requests 0 0 0 3097.783935546875 0.625 765.1075739835569 191
stats: 422 0 1082
stats: tr_friends 0 0 0 3486.244140625 0.64501953125 715.1339053808083 191
stats: size_sent 0 13004409
stats: tr_search_all_users 0 0 0 4192.858154296875 0.651123046875 756.6311683921547 286
stats: connected 0 0
stats: tr_browse_quizzes_page_1 0 0 0 3420.72509765625 0.6259765625 651.3355112544825 366
stats: error_connection_closed 0 86
stats: tr_play_game__1st_question 0 0 0 3411.970947265625 0.626953125 727.2552757413173 763
stats: error_abort_max_send_retries 0 4
stats: tr_play_game__answer_to_question 0 0 0 3256.9638671875 0.60205078125 659.5209973736485 763
stats: 503 0 9065
stats: tr_index 0 0 0 5318.885986328125 1.130126953125 877.3900778434223 763
stats: 500 0 2037
stats: tr_quizzes_page_INDEX 0 0 0 3201.75 0.635986328125 649.3757923225488 269
stats: 404 0 442
stats: tr_quiz_questions_SHOW 0 0 0 3530.697998046875 0.110107421875 471.6814664020458 2137
# stats: dump at 1448597443
stats: users 1 994
stats: {freemem,"tsung_controller@ip-172-30-3-173"} 1 3111.34765625 0.0 3171.0 3109.1953125 3139.3259277343755 32
stats: {recvpackets,"tsung_controller@ip-172-30-3-173"} 1 2.0 0.0 6677 2 2346.0 31
stats: {sentpackets,"tsung_controller@ip-172-30-3-173"} 1 1.0 0.0 7397 1 2283.4193548387098 31
stats: {cpu,"tsung_controller@ip-172-30-3-173"} 1 0.9881422924901186 0.0 55.925324675324674 0.9861932938856016 8.642207011095849 32
stats: {load,"tsung_controller@ip-172-30-3-173"} 1 0.03125 0.0 0.328125 0.03125 0.1051025390625 32
stats: session 0 0 0 129545.66796875 8.64794921875 40777.10702101016 1874
stats: users_count 0 1875
stats: finish_users_count 0 1874
stats: request 0 0 0 5463.451904296875 0.054931640625 656.9386630062038 21593
stats: connect 0 0 0 104.283935546875 0.452880859375 2.512722577420896 2552
stats: page 0 0 0 7520.164794921875 0.536865234375 781.3661374909206 18156
stats: tr_play_game__ready_page 0 0 0 3511.923095703125 0.60302734375 781.4131409731323 763
stats: 302 0 2415
stats: tr_play_game__leaderboard 0 0 0 3139.7529296875 0.634033203125 670.8798440955724 763
stats: 200 0 5946
stats: tr_question_new_POST 0 0 0 3571.448974609375 0.62890625 507.94667029659706 2137
stats: size_rcv 0 24118864
stats: tr_quiz_new_POST 0 0 0 2973.23095703125 0.8369140625 632.5328797297691 268
stats: newphase 0 6
stats: tr_friend_requests 0 0 0 3097.783935546875 0.625 765.1075739835569 191
stats: 422 0 1082
stats: tr_friends 0 0 0 3486.244140625 0.64501953125 715.1339053808083 191
stats: size_sent 0 13004409
stats: tr_search_all_users 0 0 0 4192.858154296875 0.651123046875 756.6311683921547 286
stats: connected 0 0
stats: tr_browse_quizzes_page_1 0 0 0 3420.72509765625 0.6259765625 651.3355112544825 366
stats: error_connection_closed 0 86
stats: tr_play_game__1st_question 0 0 0 3411.970947265625 0.626953125 727.2552757413173 763
stats: error_abort_max_send_retries 0 4
stats: tr_play_game__answer_to_question 0 0 0 3256.9638671875 0.60205078125 659.5209973736485 763
stats: 503 0 9065
stats: tr_index 0 0 0 5318.885986328125 1.130126953125 877.3900778434223 763
stats: 500 0 2037
stats: tr_quizzes_page_INDEX 0 0 0 3201.75 0.635986328125 649.3757923225488 269
stats: 404 0 442
stats: tr_quiz_questions_SHOW 0 0 0 3530.697998046875 0.110107421875 471.6814664020458 2137
# stats: dump at 1448597453
stats: users 1 994
stats: {freemem,"tsung_controller@ip-172-30-3-173"} 1 3111.58203125 0.0 3171.0 3109.1953125 3138.478101325758 33
stats: {recvpackets,"tsung_controller@ip-172-30-3-173"} 1 2.0 0.0 6677 2 2272.75 32
stats: {sentpackets,"tsung_controller@ip-172-30-3-173"} 1 1.0 0.0 7397 1 2212.09375 32
stats: {cpu,"tsung_controller@ip-172-30-3-173"} 1 0.8884501480750246 0.0 55.925324675324674 0.8884501480750246 8.410265655986585 33
stats: {load,"tsung_controller@ip-172-30-3-173"} 1 0.03125 0.0 0.328125 0.03125 0.10286458333333333 33
stats: session 0 0 0 129545.66796875 8.64794921875 40777.10702101016 1874
stats: users_count 0 1875
stats: finish_users_count 0 1874
stats: request 0 0 0 5463.451904296875 0.054931640625 656.9386630062038 21593
stats: connect 0 0 0 104.283935546875 0.452880859375 2.512722577420896 2552
stats: page 0 0 0 7520.164794921875 0.536865234375 781.3661374909206 18156
stats: tr_play_game__ready_page 0 0 0 3511.923095703125 0.60302734375 781.4131409731323 763
stats: 302 0 2415
stats: tr_play_game__leaderboard 0 0 0 3139.7529296875 0.634033203125 670.8798440955724 763
stats: 200 0 5946
stats: tr_question_new_POST 0 0 0 3571.448974609375 0.62890625 507.94667029659706 2137
stats: size_rcv 0 24118864
stats: tr_quiz_new_POST 0 0 0 2973.23095703125 0.8369140625 632.5328797297691 268
stats: newphase 0 6
stats: tr_friend_requests 0 0 0 3097.783935546875 0.625 765.1075739835569 191
stats: 422 0 1082
stats: tr_friends 0 0 0 3486.244140625 0.64501953125 715.1339053808083 191
stats: size_sent 0 13004409
stats: tr_search_all_users 0 0 0 4192.858154296875 0.651123046875 756.6311683921547 286
stats: connected 0 0
stats: tr_browse_quizzes_page_1 0 0 0 3420.72509765625 0.6259765625 651.3355112544825 366
stats: error_connection_closed 0 86
stats: tr_play_game__1st_question 0 0 0 3411.970947265625 0.626953125 727.2552757413173 763
stats: error_abort_max_send_retries 0 4
stats: tr_play_game__answer_to_question 0 0 0 3256.9638671875 0.60205078125 659.5209973736485 763
stats: 503 0 9065
stats: tr_index 0 0 0 5318.885986328125 1.130126953125 877.3900778434223 763
stats: 500 0 2037
stats: tr_quizzes_page_INDEX 0 0 0 3201.75 0.635986328125 649.3757923225488 269
stats: 404 0 442
stats: tr_quiz_questions_SHOW 0 0 0 3530.697998046875 0.110107421875 471.6814664020458 2137
# stats: dump at 1448597463
stats: users 0 994
stats: {freemem,"tsung_controller@ip-172-30-3-173"} 1 3111.60546875 0.0 3171.0 3109.1953125 3137.687040441177 34
stats: {recvpackets,"tsung_controller@ip-172-30-3-173"} 1 2.0 0.0 6677 2 2203.939393939394 33
stats: {sentpackets,"tsung_controller@ip-172-30-3-173"} 1 1.0 0.0 7397 1 2145.090909090909 33
stats: {cpu,"tsung_controller@ip-172-30-3-173"} 1 0.8875739644970414 0.0 55.925324675324674 0.8875739644970414 8.189035788106834 34
stats: {load,"tsung_controller@ip-172-30-3-173"} 1 0.01953125 0.0 0.328125 0.01953125 0.10075827205882353 34
stats: session 1 132882.67602539063 0.0 132882.67602539063 8.64794921875 40777.10702101016 1874
stats: users_count 0 1875
stats: finish_users_count 1 1875
stats: request 26 6.8281719501201925 4.64344732156281 5463.451904296875 0.054931640625 656.9386630062038 21593
stats: connect 1 0.7548828125 0.0 104.283935546875 0.452880859375 2.512722577420896 2552
stats: page 17 10.496179917279411 6.210704587656287 7520.164794921875 0.536865234375 781.3661374909206 18156
stats: tr_play_game__ready_page 0 0 0 3511.923095703125 0.60302734375 781.4131409731323 763
stats: 302 17 2432
stats: tr_play_game__leaderboard 0 0 0 3139.7529296875 0.634033203125 670.8798440955724 763
stats: 200 0 5946
stats: tr_question_new_POST 8 8.4940185546875 4.764453756518916 3571.448974609375 0.62890625 507.94667029659706 2137
stats: size_rcv 17033 24135897
stats: tr_quiz_new_POST 1 18.1318359375 0.0 2973.23095703125 0.8369140625 632.5328797297691 268
stats: newphase 0 6
stats: tr_friend_requests 0 0 0 3097.783935546875 0.625 765.1075739835569 191
stats: 422 9 1091
stats: tr_friends 0 0 0 3486.244140625 0.64501953125 715.1339053808083 191
stats: size_sent 22569 13026978
stats: tr_search_all_users 0 0 0 4192.858154296875 0.651123046875 756.6311683921547 286
stats: connected 0 0
stats: tr_browse_quizzes_page_1 0 0 0 3420.72509765625 0.6259765625 651.3355112544825 366
stats: error_connection_closed 0 86
stats: tr_play_game__1st_question 0 0 0 3411.970947265625 0.626953125 727.2552757413173 763
stats: error_abort_max_send_retries 0 4
stats: tr_play_game__answer_to_question 0 0 0 3256.9638671875 0.60205078125 659.5209973736485 763
stats: 503 0 9065
stats: tr_index 0 0 0 5318.885986328125 1.130126953125 877.3900778434223 763
stats: 500 0 2037
stats: tr_quizzes_page_INDEX 0 0 0 3201.75 0.635986328125 649.3757923225488 269
stats: 404 0 442
stats: tr_quiz_questions_SHOW 8 5.576751708984375 3.585832712594445 3530.697998046875 0.110107421875 471.6814664020458 2137
EndMonitor:{1448,597463,820730}
