
=INFO REPORT==== 6-Dec-2015::18:19:53 ===
    ts_config_server:(5:<0.72.0>) Config server started, logdir is "/home/ec2-user/.tsung/log/20151206-1819"
 
=INFO REPORT==== 6-Dec-2015::18:19:53 ===
              ts_mon:(5:<0.54.0>) starting monitor, global 

=INFO REPORT==== 6-Dec-2015::18:19:53 ===
           ts_config:(5:<0.72.0>) Reading config file: old_flow7.xml

=INFO REPORT==== 6-Dec-2015::18:19:53 ===
      ts_config_http:(4:<0.72.0>) Get user agent: 100 "Mozilla/5.0 (Windows; U; Windows NT 5.2; fr-FR; rv:1.7.8) Gecko/20050511 Firefox/1.0.4" 

=INFO REPORT==== 6-Dec-2015::18:19:53 ===
           ts_config:(5:<0.72.0>) Session name for id 1 is "create-quiz"

=INFO REPORT==== 6-Dec-2015::18:19:53 ===
           ts_config:(5:<0.72.0>) Session name for id 2 is "play-game"

=INFO REPORT==== 6-Dec-2015::18:19:53 ===
           ts_config:(5:<0.72.0>) Session name for id 3 is "browse-quizzes"

=INFO REPORT==== 6-Dec-2015::18:19:53 ===
           ts_config:(5:<0.72.0>) Session name for id 4 is "search-all-friends"

=INFO REPORT==== 6-Dec-2015::18:19:53 ===
           ts_config:(5:<0.72.0>) Session name for id 5 is "see-friend-requests-and-look-at-friends"

=INFO REPORT==== 6-Dec-2015::18:19:53 ===
    ts_config_server:(4:<0.72.0>) SYSINFO:Tsung version: 1.6.0

=INFO REPORT==== 6-Dec-2015::18:19:53 ===
    ts_config_server:(4:<0.72.0>) SYSINFO:Erlang version: Erlang R14B04 (erts-5.8.5) [source] [64-bit] [rq:1] [async-threads:8] [kernel-poll:true]


=INFO REPORT==== 6-Dec-2015::18:19:53 ===
    ts_config_server:(4:<0.72.0>) SYSINFO:System architecture x86_64-redhat-linux-gnu

=INFO REPORT==== 6-Dec-2015::18:19:53 ===
    ts_config_server:(4:<0.72.0>) SYSINFO:Current path: /usr/lib/erlang/lib/tsung-1.6.0/ebin/tsung.beam

=INFO REPORT==== 6-Dec-2015::18:19:53 ===
              ts_mon:(5:<0.73.0>) Activate clients with text backend

=INFO REPORT==== 6-Dec-2015::18:19:53 ===
              ts_mon:(5:<0.73.0>) Starting tsung clients on hosts: [localhost]

=INFO REPORT==== 6-Dec-2015::18:19:53 ===
    ts_config_server:(5:<0.72.0>) Start a launcher on the controller beam localhost

=INFO REPORT==== 6-Dec-2015::18:19:53 ===
  ts_launcher_static:(5:<0.128.0>) Launch msg receive ("localhost")

=INFO REPORT==== 6-Dec-2015::18:19:53 ===
         ts_launcher:(5:<0.129.0>) Launch msg receive ("localhost")

=INFO REPORT==== 6-Dec-2015::18:19:53 ===
    ts_config_server:(5:<0.72.0>) All remote beams started, syncing 

=INFO REPORT==== 6-Dec-2015::18:19:53 ===
    ts_config_server:(5:<0.72.0>) Undefined ports_range config 

=INFO REPORT==== 6-Dec-2015::18:19:53 ===
    ts_config_server:(5:<0.72.0>) New arrival phase 1 for client "localhost" (last ? true): will start 30 users

=INFO REPORT==== 6-Dec-2015::18:19:53 ===
    ts_config_server:(5:<0.72.0>) New arrival phase 2 for client "localhost" (last ? true): will start 45 users

=INFO REPORT==== 6-Dec-2015::18:19:53 ===
    ts_config_server:(5:<0.72.0>) New arrival phase 3 for client "localhost" (last ? true): will start 60 users

=INFO REPORT==== 6-Dec-2015::18:19:53 ===
    ts_config_server:(5:<0.72.0>) New arrival phase 4 for client "localhost" (last ? true): will start 120 users

=INFO REPORT==== 6-Dec-2015::18:19:53 ===
    ts_config_server:(5:<0.72.0>) New arrival phase 5 for client "localhost" (last ? true): will start 240 users

=INFO REPORT==== 6-Dec-2015::18:19:53 ===
    ts_config_server:(5:<0.72.0>) New arrival phase 6 for client "localhost" (last ? true): will start 480 users

=INFO REPORT==== 6-Dec-2015::18:19:53 ===
    ts_config_server:(5:<0.72.0>) New arrival phase 7 for client "localhost" (last ? true): will start 960 users

=INFO REPORT==== 6-Dec-2015::18:19:53 ===
         ts_launcher:(5:<0.129.0>) Expected duration of first phase: 30.0 sec (30 users) 

=INFO REPORT==== 6-Dec-2015::18:19:53 ===
         ts_launcher:(5:<0.129.0>) Activate launcher (30 users) in 1146 msec 

=INFO REPORT==== 6-Dec-2015::18:20:03 ===
           ts_search:(5:<0.138.0>) Dyn Var: no Match (varname=quiz_author), 

=INFO REPORT==== 6-Dec-2015::18:20:07 ===
           ts_search:(5:<0.137.0>) Dyn Var: no Match (varname=quiz_author), 

=INFO REPORT==== 6-Dec-2015::18:20:10 ===
           ts_search:(5:<0.137.0>) Dyn Var (RE): no Match (varname=created_quiz_id), 

=INFO REPORT==== 6-Dec-2015::18:20:15 ===
           ts_search:(5:<0.139.0>) Dyn Var: no Match (varname=quiz_author), 

=INFO REPORT==== 6-Dec-2015::18:20:17 ===
           ts_search:(5:<0.138.0>) Dyn Var (RE): no Match (varname=created_quiz_id), 

=INFO REPORT==== 6-Dec-2015::18:20:26 ===
         ts_launcher:(5:<0.129.0>) Phase duration exceeded, but not all users were launched (5 users, 16.7% of phase)

=INFO REPORT==== 6-Dec-2015::18:20:26 ===
         ts_launcher:(5:<0.129.0>) Start a new arrival phase (45 users, 0.0015); expected duration=30.0 sec

=INFO REPORT==== 6-Dec-2015::18:20:30 ===
           ts_search:(5:<0.155.0>) Dyn Var: no Match (varname=quiz_author), 

=INFO REPORT==== 6-Dec-2015::18:20:31 ===
           ts_search:(5:<0.141.0>) Dyn Var: no Match (varname=quiz_author), 

=INFO REPORT==== 6-Dec-2015::18:20:53 ===
         ts_launcher:(4:<0.129.0>) Need to wait 3.22 sec before changing phase, going to sleep

=INFO REPORT==== 6-Dec-2015::18:20:55 ===
           ts_search:(5:<0.183.0>) Dyn Var: no Match (varname=quiz_author), 

=INFO REPORT==== 6-Dec-2015::18:20:56 ===
         ts_launcher:(5:<0.129.0>) Waking up

=INFO REPORT==== 6-Dec-2015::18:20:56 ===
         ts_launcher:(5:<0.129.0>) Start a new arrival phase (60 users, 0.002); expected duration=30.0 sec

=INFO REPORT==== 6-Dec-2015::18:20:56 ===
           ts_search:(5:<0.141.0>) Dyn Var (RE): no Match (varname=created_quiz_id), 

=INFO REPORT==== 6-Dec-2015::18:21:00 ===
           ts_search:(5:<0.206.0>) Dyn Var: no Match (varname=quiz_author), 

=INFO REPORT==== 6-Dec-2015::18:21:00 ===
           ts_search:(5:<0.155.0>) Dyn Var (RE): no Match (varname=created_quiz_id), 

=INFO REPORT==== 6-Dec-2015::18:21:02 ===
           ts_search:(5:<0.225.0>) Dyn Var: no Match (varname=quiz_author), 

=INFO REPORT==== 6-Dec-2015::18:21:02 ===
           ts_search:(5:<0.189.0>) Dyn Var: no Match (varname=quiz_author), 

=INFO REPORT==== 6-Dec-2015::18:21:03 ===
           ts_search:(5:<0.209.0>) Dyn Var: no Match (varname=quiz_author), 

=INFO REPORT==== 6-Dec-2015::18:21:03 ===
           ts_search:(5:<0.140.0>) Dyn Var: no Match (varname=quiz_author), 

=INFO REPORT==== 6-Dec-2015::18:21:04 ===
           ts_search:(5:<0.225.0>) Dyn Var (RE): no Match (varname=created_quiz_id), 

=INFO REPORT==== 6-Dec-2015::18:21:05 ===
           ts_search:(5:<0.169.0>) Dyn Var: no Match (varname=quiz_author), 

=INFO REPORT==== 6-Dec-2015::18:21:05 ===
           ts_search:(5:<0.220.0>) Dyn Var: no Match (varname=quiz_author), 

=INFO REPORT==== 6-Dec-2015::18:21:07 ===
           ts_search:(5:<0.183.0>) Dyn Var (RE): no Match (varname=created_quiz_id), 

=INFO REPORT==== 6-Dec-2015::18:21:12 ===
           ts_search:(5:<0.233.0>) Dyn Var: no Match (varname=quiz_author), 

=INFO REPORT==== 6-Dec-2015::18:21:13 ===
           ts_search:(5:<0.189.0>) Dyn Var (RE): no Match (varname=created_quiz_id), 

=INFO REPORT==== 6-Dec-2015::18:21:15 ===
           ts_search:(5:<0.206.0>) Dyn Var (RE): no Match (varname=created_quiz_id), 

=INFO REPORT==== 6-Dec-2015::18:21:17 ===
           ts_search:(5:<0.244.0>) Dyn Var: no Match (varname=quiz_author), 

=INFO REPORT==== 6-Dec-2015::18:21:18 ===
           ts_search:(5:<0.140.0>) Dyn Var (RE): no Match (varname=created_quiz_id), 

=INFO REPORT==== 6-Dec-2015::18:21:18 ===
           ts_search:(5:<0.251.0>) Dyn Var: no Match (varname=quiz_author), 

=INFO REPORT==== 6-Dec-2015::18:21:19 ===
           ts_search:(5:<0.220.0>) Dyn Var (RE): no Match (varname=created_quiz_id), 

=INFO REPORT==== 6-Dec-2015::18:21:19 ===
           ts_search:(5:<0.244.0>) Dyn Var (RE): no Match (varname=created_quiz_id), 

=INFO REPORT==== 6-Dec-2015::18:21:20 ===
           ts_search:(5:<0.209.0>) Dyn Var (RE): no Match (varname=created_quiz_id), 

=INFO REPORT==== 6-Dec-2015::18:21:20 ===
           ts_search:(5:<0.247.0>) Dyn Var: no Match (varname=quiz_author), 

=INFO REPORT==== 6-Dec-2015::18:21:23 ===
           ts_search:(5:<0.263.0>) Dyn Var: no Match (varname=quiz_author), 

=INFO REPORT==== 6-Dec-2015::18:21:26 ===
         ts_launcher:(5:<0.129.0>) Start a new arrival phase (120 users, 0.004); expected duration=30.0 sec

=INFO REPORT==== 6-Dec-2015::18:21:26 ===
           ts_search:(5:<0.259.0>) Dyn Var: no Match (varname=quiz_author), 

=INFO REPORT==== 6-Dec-2015::18:21:26 ===
           ts_search:(5:<0.247.0>) Dyn Var (RE): no Match (varname=created_quiz_id), 

=INFO REPORT==== 6-Dec-2015::18:21:27 ===
           ts_search:(5:<0.267.0>) Dyn Var: no Match (varname=quiz_author), 

=INFO REPORT==== 6-Dec-2015::18:21:28 ===
           ts_search:(5:<0.253.0>) Dyn Var: no Match (varname=quiz_author), 

=INFO REPORT==== 6-Dec-2015::18:21:30 ===
           ts_search:(5:<0.263.0>) Dyn Var (RE): no Match (varname=created_quiz_id), 

=INFO REPORT==== 6-Dec-2015::18:21:30 ===
           ts_search:(5:<0.251.0>) Dyn Var (RE): no Match (varname=created_quiz_id), 

=INFO REPORT==== 6-Dec-2015::18:21:30 ===
           ts_search:(5:<0.139.0>) Dyn Var (RE): no Match (varname=created_quiz_id), 

=INFO REPORT==== 6-Dec-2015::18:21:31 ===
           ts_search:(5:<0.252.0>) Dyn Var: no Match (varname=quiz_author), 

=INFO REPORT==== 6-Dec-2015::18:21:32 ===
           ts_search:(5:<0.253.0>) Dyn Var (RE): no Match (varname=created_quiz_id), 

=INFO REPORT==== 6-Dec-2015::18:21:33 ===
           ts_search:(5:<0.274.0>) Dyn Var: no Match (varname=quiz_author), 

=INFO REPORT==== 6-Dec-2015::18:21:35 ===
           ts_search:(5:<0.265.0>) Dyn Var: no Match (varname=quiz_author), 

=INFO REPORT==== 6-Dec-2015::18:21:37 ===
           ts_search:(5:<0.233.0>) Dyn Var (RE): no Match (varname=created_quiz_id), 

=INFO REPORT==== 6-Dec-2015::18:21:38 ===
           ts_search:(5:<0.288.0>) Dyn Var: no Match (varname=quiz_author), 

=INFO REPORT==== 6-Dec-2015::18:21:40 ===
           ts_search:(5:<0.299.0>) Dyn Var: no Match (varname=quiz_author), 

=INFO REPORT==== 6-Dec-2015::18:21:41 ===
           ts_search:(5:<0.290.0>) Dyn Var: no Match (varname=quiz_author), 

=INFO REPORT==== 6-Dec-2015::18:21:45 ===
           ts_search:(5:<0.324.0>) Dyn Var: no Match (varname=quiz_author), 

=INFO REPORT==== 6-Dec-2015::18:21:45 ===
           ts_search:(5:<0.288.0>) Dyn Var (RE): no Match (varname=created_quiz_id), 

=INFO REPORT==== 6-Dec-2015::18:21:46 ===
           ts_search:(5:<0.337.0>) Dyn Var: no Match (varname=quiz_author), 

=INFO REPORT==== 6-Dec-2015::18:21:47 ===
           ts_search:(5:<0.236.0>) Dyn Var: no Match (varname=quiz_author), 

=INFO REPORT==== 6-Dec-2015::18:21:50 ===
           ts_search:(5:<0.365.0>) Dyn Var: no Match (varname=quiz_author), 

=INFO REPORT==== 6-Dec-2015::18:21:50 ===
           ts_search:(5:<0.324.0>) Dyn Var (RE): no Match (varname=created_quiz_id), 

=INFO REPORT==== 6-Dec-2015::18:21:53 ===
           ts_search:(5:<0.342.0>) Dyn Var: no Match (varname=quiz_author), 

=INFO REPORT==== 6-Dec-2015::18:21:53 ===
           ts_search:(5:<0.342.0>) Dyn Var (RE): no Match (varname=created_quiz_id), 

=INFO REPORT==== 6-Dec-2015::18:21:54 ===
           ts_search:(5:<0.290.0>) Dyn Var (RE): no Match (varname=created_quiz_id), 

=INFO REPORT==== 6-Dec-2015::18:21:54 ===
           ts_search:(5:<0.274.0>) Dyn Var (RE): no Match (varname=created_quiz_id), 

=INFO REPORT==== 6-Dec-2015::18:21:56 ===
         ts_launcher:(5:<0.129.0>) Phase duration exceeded, but not all users were launched (8 users, 6.7% of phase)

=INFO REPORT==== 6-Dec-2015::18:21:56 ===
         ts_launcher:(5:<0.129.0>) Start a new arrival phase (240 users, 0.008); expected duration=30.0 sec

=INFO REPORT==== 6-Dec-2015::18:21:57 ===
           ts_search:(5:<0.339.0>) Dyn Var: no Match (varname=quiz_author), 

=INFO REPORT==== 6-Dec-2015::18:21:57 ===
           ts_search:(5:<0.236.0>) Dyn Var (RE): no Match (varname=created_quiz_id), 

=INFO REPORT==== 6-Dec-2015::18:21:58 ===
           ts_search:(5:<0.373.0>) Dyn Var: no Match (varname=quiz_author), 

=INFO REPORT==== 6-Dec-2015::18:21:59 ===
           ts_search:(5:<0.299.0>) Dyn Var (RE): no Match (varname=created_quiz_id), 

=INFO REPORT==== 6-Dec-2015::18:22:00 ===
           ts_search:(5:<0.368.0>) Dyn Var: no Match (varname=quiz_author), 

=INFO REPORT==== 6-Dec-2015::18:22:00 ===
           ts_search:(5:<0.368.0>) Dyn Var (RE): no Match (varname=created_quiz_id), 

=INFO REPORT==== 6-Dec-2015::18:22:03 ===
           ts_search:(5:<0.335.0>) Dyn Var: no Match (varname=quiz_author), 

=INFO REPORT==== 6-Dec-2015::18:22:03 ===
           ts_search:(5:<0.169.0>) Dyn Var (RE): no Match (varname=created_quiz_id), 

=INFO REPORT==== 6-Dec-2015::18:22:04 ===
           ts_search:(5:<0.415.0>) Dyn Var: no Match (varname=quiz_author), 

=INFO REPORT==== 6-Dec-2015::18:22:04 ===
           ts_search:(5:<0.403.0>) Dyn Var: no Match (varname=quiz_author), 

=INFO REPORT==== 6-Dec-2015::18:22:05 ===
           ts_search:(5:<0.381.0>) Dyn Var: no Match (varname=quiz_author), 

=INFO REPORT==== 6-Dec-2015::18:22:05 ===
           ts_search:(5:<0.331.0>) Dyn Var: no Match (varname=quiz_author), 

=INFO REPORT==== 6-Dec-2015::18:22:06 ===
           ts_search:(5:<0.335.0>) Dyn Var (RE): no Match (varname=created_quiz_id), 

=INFO REPORT==== 6-Dec-2015::18:22:06 ===
           ts_search:(5:<0.403.0>) Dyn Var (RE): no Match (varname=created_quiz_id), 

=INFO REPORT==== 6-Dec-2015::18:22:07 ===
           ts_search:(5:<0.412.0>) Dyn Var: no Match (varname=quiz_author), 

=INFO REPORT==== 6-Dec-2015::18:22:08 ===
           ts_search:(5:<0.412.0>) Dyn Var (RE): no Match (varname=created_quiz_id), 

=INFO REPORT==== 6-Dec-2015::18:22:08 ===
           ts_search:(5:<0.404.0>) Dyn Var: no Match (varname=quiz_author), 

=INFO REPORT==== 6-Dec-2015::18:22:09 ===
           ts_search:(5:<0.252.0>) Dyn Var (RE): no Match (varname=created_quiz_id), 

=INFO REPORT==== 6-Dec-2015::18:22:10 ===
           ts_search:(5:<0.422.0>) Dyn Var: no Match (varname=quiz_author), 

=INFO REPORT==== 6-Dec-2015::18:22:11 ===
           ts_search:(5:<0.267.0>) Dyn Var (RE): no Match (varname=created_quiz_id), 

=INFO REPORT==== 6-Dec-2015::18:22:11 ===
           ts_search:(5:<0.436.0>) Dyn Var: no Match (varname=quiz_author), 

=INFO REPORT==== 6-Dec-2015::18:22:12 ===
           ts_search:(5:<0.444.0>) Dyn Var: no Match (varname=quiz_author), 

=INFO REPORT==== 6-Dec-2015::18:22:14 ===
           ts_search:(5:<0.451.0>) Dyn Var: no Match (varname=quiz_author), 

=INFO REPORT==== 6-Dec-2015::18:22:14 ===
           ts_search:(5:<0.265.0>) Dyn Var (RE): no Match (varname=created_quiz_id), 

=INFO REPORT==== 6-Dec-2015::18:22:16 ===
           ts_search:(5:<0.488.0>) Dyn Var: no Match (varname=quiz_author), 

=INFO REPORT==== 6-Dec-2015::18:22:16 ===
           ts_search:(5:<0.422.0>) Dyn Var (RE): no Match (varname=created_quiz_id), 

=INFO REPORT==== 6-Dec-2015::18:22:16 ===
           ts_search:(5:<0.502.0>) Dyn Var: no Match (varname=quiz_author), 

=INFO REPORT==== 6-Dec-2015::18:22:16 ===
           ts_search:(5:<0.337.0>) Dyn Var (RE): no Match (varname=created_quiz_id), 

=INFO REPORT==== 6-Dec-2015::18:22:17 ===
           ts_search:(5:<0.527.0>) Dyn Var: no Match (varname=quiz_author), 

=INFO REPORT==== 6-Dec-2015::18:22:19 ===
           ts_search:(5:<0.542.0>) Dyn Var: no Match (varname=quiz_author), 

=INFO REPORT==== 6-Dec-2015::18:22:20 ===
           ts_search:(5:<0.546.0>) Dyn Var: no Match (varname=quiz_author), 

=INFO REPORT==== 6-Dec-2015::18:22:20 ===
           ts_search:(5:<0.454.0>) Dyn Var: no Match (varname=quiz_author), 

=INFO REPORT==== 6-Dec-2015::18:22:22 ===
           ts_search:(5:<0.365.0>) Dyn Var (RE): no Match (varname=created_quiz_id), 

=INFO REPORT==== 6-Dec-2015::18:22:22 ===
           ts_search:(5:<0.454.0>) Dyn Var (RE): no Match (varname=created_quiz_id), 

=INFO REPORT==== 6-Dec-2015::18:22:23 ===
           ts_search:(5:<0.609.0>) Dyn Var: no Match (varname=quiz_author), 

=INFO REPORT==== 6-Dec-2015::18:22:23 ===
           ts_search:(5:<0.541.0>) Dyn Var: no Match (varname=quiz_author), 

=INFO REPORT==== 6-Dec-2015::18:22:23 ===
           ts_search:(5:<0.259.0>) Dyn Var (RE): no Match (varname=created_quiz_id), 

=INFO REPORT==== 6-Dec-2015::18:22:24 ===
         ts_launcher:(4:<0.129.0>) Need to wait 2.099 sec before changing phase, going to sleep

=INFO REPORT==== 6-Dec-2015::18:22:24 ===
           ts_search:(5:<0.613.0>) Dyn Var: no Match (varname=quiz_author), 

=INFO REPORT==== 6-Dec-2015::18:22:25 ===
           ts_search:(5:<0.559.0>) Dyn Var: no Match (varname=quiz_author), 

=INFO REPORT==== 6-Dec-2015::18:22:26 ===
           ts_search:(5:<0.436.0>) Dyn Var (RE): no Match (varname=created_quiz_id), 

=INFO REPORT==== 6-Dec-2015::18:22:26 ===
         ts_launcher:(5:<0.129.0>) Waking up

=INFO REPORT==== 6-Dec-2015::18:22:26 ===
         ts_launcher:(5:<0.129.0>) Start a new arrival phase (480 users, 0.016); expected duration=30.0 sec

=INFO REPORT==== 6-Dec-2015::18:22:26 ===
           ts_search:(5:<0.567.0>) Dyn Var: no Match (varname=quiz_author), 

=INFO REPORT==== 6-Dec-2015::18:22:27 ===
           ts_search:(5:<0.640.0>) Dyn Var: no Match (varname=quiz_author), 

=INFO REPORT==== 6-Dec-2015::18:22:28 ===
           ts_search:(5:<0.613.0>) Dyn Var (RE): no Match (varname=created_quiz_id), 

=INFO REPORT==== 6-Dec-2015::18:22:28 ===
           ts_search:(5:<0.419.0>) Dyn Var: no Match (varname=quiz_author), 

=INFO REPORT==== 6-Dec-2015::18:22:29 ===
           ts_search:(5:<0.640.0>) Dyn Var (RE): no Match (varname=created_quiz_id), 

=INFO REPORT==== 6-Dec-2015::18:22:29 ===
           ts_search:(5:<0.631.0>) Dyn Var: no Match (varname=quiz_author), 

=INFO REPORT==== 6-Dec-2015::18:22:29 ===
           ts_search:(5:<0.638.0>) Dyn Var: no Match (varname=quiz_author), 

=INFO REPORT==== 6-Dec-2015::18:22:29 ===
           ts_search:(5:<0.415.0>) Dyn Var (RE): no Match (varname=created_quiz_id), 

=INFO REPORT==== 6-Dec-2015::18:22:30 ===
           ts_search:(5:<0.451.0>) Dyn Var (RE): no Match (varname=created_quiz_id), 

=INFO REPORT==== 6-Dec-2015::18:22:31 ===
           ts_search:(5:<0.477.0>) Dyn Var: no Match (varname=quiz_author), 

=INFO REPORT==== 6-Dec-2015::18:22:31 ===
           ts_search:(5:<0.541.0>) Dyn Var (RE): no Match (varname=created_quiz_id), 

=INFO REPORT==== 6-Dec-2015::18:22:31 ===
           ts_search:(5:<0.586.0>) Dyn Var: no Match (varname=quiz_author), 

=INFO REPORT==== 6-Dec-2015::18:22:35 ===
           ts_search:(5:<0.593.0>) Dyn Var: no Match (varname=quiz_author), 

=INFO REPORT==== 6-Dec-2015::18:22:35 ===
           ts_search:(5:<0.645.0>) Dyn Var: no Match (varname=quiz_author), 

=INFO REPORT==== 6-Dec-2015::18:22:35 ===
           ts_search:(5:<0.645.0>) Dyn Var (RE): no Match (varname=created_quiz_id), 

=INFO REPORT==== 6-Dec-2015::18:22:36 ===
           ts_search:(5:<0.674.0>) Dyn Var: no Match (varname=quiz_author), 

=INFO REPORT==== 6-Dec-2015::18:22:37 ===
           ts_search:(5:<0.502.0>) Dyn Var (RE): no Match (varname=created_quiz_id), 

=INFO REPORT==== 6-Dec-2015::18:22:37 ===
           ts_search:(5:<0.373.0>) Dyn Var (RE): no Match (varname=created_quiz_id), 

=INFO REPORT==== 6-Dec-2015::18:22:37 ===
           ts_search:(5:<0.593.0>) Dyn Var (RE): no Match (varname=created_quiz_id), 

=INFO REPORT==== 6-Dec-2015::18:22:38 ===
           ts_search:(5:<0.638.0>) Dyn Var (RE): no Match (varname=created_quiz_id), 

=INFO REPORT==== 6-Dec-2015::18:22:38 ===
           ts_search:(5:<0.567.0>) Dyn Var (RE): no Match (varname=created_quiz_id), 

=INFO REPORT==== 6-Dec-2015::18:22:39 ===
           ts_search:(5:<0.546.0>) Dyn Var (RE): no Match (varname=created_quiz_id), 

=INFO REPORT==== 6-Dec-2015::18:22:40 ===
           ts_search:(5:<0.477.0>) Dyn Var (RE): no Match (varname=created_quiz_id), 

=INFO REPORT==== 6-Dec-2015::18:22:40 ===
           ts_search:(5:<0.726.0>) Dyn Var: no Match (varname=quiz_author), 

=INFO REPORT==== 6-Dec-2015::18:22:42 ===
           ts_search:(5:<0.733.0>) Dyn Var: no Match (varname=quiz_author), 

=INFO REPORT==== 6-Dec-2015::18:22:42 ===
           ts_search:(5:<0.723.0>) Dyn Var: no Match (varname=quiz_author), 

=INFO REPORT==== 6-Dec-2015::18:22:42 ===
           ts_search:(5:<0.475.0>) Dyn Var: no Match (varname=quiz_author), 

=INFO REPORT==== 6-Dec-2015::18:22:43 ===
           ts_search:(5:<0.693.0>) Dyn Var: no Match (varname=quiz_author), 

=INFO REPORT==== 6-Dec-2015::18:22:43 ===
           ts_search:(5:<0.468.0>) Dyn Var: no Match (varname=quiz_author), 

=INFO REPORT==== 6-Dec-2015::18:22:43 ===
           ts_search:(5:<0.726.0>) Dyn Var (RE): no Match (varname=created_quiz_id), 

=INFO REPORT==== 6-Dec-2015::18:22:44 ===
           ts_search:(5:<0.468.0>) Dyn Var (RE): no Match (varname=created_quiz_id), 

=INFO REPORT==== 6-Dec-2015::18:22:44 ===
           ts_search:(5:<0.701.0>) Dyn Var: no Match (varname=quiz_author), 

=INFO REPORT==== 6-Dec-2015::18:22:44 ===
           ts_search:(5:<0.714.0>) Dyn Var: no Match (varname=quiz_author), 

=INFO REPORT==== 6-Dec-2015::18:22:44 ===
           ts_search:(5:<0.404.0>) Dyn Var (RE): no Match (varname=created_quiz_id), 

=INFO REPORT==== 6-Dec-2015::18:22:44 ===
           ts_search:(5:<0.655.0>) Dyn Var: no Match (varname=quiz_author), 

=INFO REPORT==== 6-Dec-2015::18:22:44 ===
           ts_search:(5:<0.750.0>) Dyn Var: no Match (varname=quiz_author), 

=INFO REPORT==== 6-Dec-2015::18:22:44 ===
           ts_search:(5:<0.559.0>) Dyn Var (RE): no Match (varname=created_quiz_id), 

=INFO REPORT==== 6-Dec-2015::18:22:44 ===
           ts_search:(5:<0.725.0>) Dyn Var: no Match (varname=quiz_author), 

=INFO REPORT==== 6-Dec-2015::18:22:45 ===
           ts_search:(5:<0.768.0>) Dyn Var: no Match (varname=quiz_author), 

=INFO REPORT==== 6-Dec-2015::18:22:45 ===
           ts_search:(5:<0.479.0>) Dyn Var: no Match (varname=quiz_author), 

=INFO REPORT==== 6-Dec-2015::18:22:47 ===
           ts_search:(5:<0.655.0>) Dyn Var (RE): no Match (varname=created_quiz_id), 

=INFO REPORT==== 6-Dec-2015::18:22:47 ===
           ts_search:(5:<0.542.0>) Dyn Var (RE): no Match (varname=created_quiz_id), 

=INFO REPORT==== 6-Dec-2015::18:22:48 ===
           ts_search:(5:<0.643.0>) Dyn Var: no Match (varname=quiz_author), 

=INFO REPORT==== 6-Dec-2015::18:22:48 ===
           ts_search:(5:<0.657.0>) Dyn Var: no Match (varname=quiz_author), 

=INFO REPORT==== 6-Dec-2015::18:22:48 ===
           ts_search:(5:<0.789.0>) Dyn Var: no Match (varname=quiz_author), 

=INFO REPORT==== 6-Dec-2015::18:22:48 ===
           ts_search:(5:<0.768.0>) Dyn Var (RE): no Match (varname=created_quiz_id), 

=INFO REPORT==== 6-Dec-2015::18:22:49 ===
           ts_search:(5:<0.643.0>) Dyn Var (RE): no Match (varname=created_quiz_id), 

=INFO REPORT==== 6-Dec-2015::18:22:51 ===
           ts_search:(5:<0.781.0>) Dyn Var: no Match (varname=quiz_author), 

=INFO REPORT==== 6-Dec-2015::18:22:51 ===
           ts_search:(5:<0.631.0>) Dyn Var (RE): no Match (varname=created_quiz_id), 

=INFO REPORT==== 6-Dec-2015::18:22:51 ===
           ts_search:(5:<0.823.0>) Dyn Var: no Match (varname=quiz_author), 

=INFO REPORT==== 6-Dec-2015::18:22:52 ===
           ts_search:(5:<0.818.0>) Dyn Var: no Match (varname=quiz_author), 

=INFO REPORT==== 6-Dec-2015::18:22:52 ===
           ts_search:(5:<0.714.0>) Dyn Var (RE): no Match (varname=created_quiz_id), 

=INFO REPORT==== 6-Dec-2015::18:22:52 ===
           ts_search:(5:<0.750.0>) Dyn Var (RE): no Match (varname=created_quiz_id), 

=INFO REPORT==== 6-Dec-2015::18:22:52 ===
           ts_search:(5:<0.942.0>) Dyn Var: no Match (varname=quiz_author), 

=INFO REPORT==== 6-Dec-2015::18:22:53 ===
           ts_search:(5:<0.922.0>) Dyn Var: no Match (varname=quiz_author), 

=INFO REPORT==== 6-Dec-2015::18:22:53 ===
           ts_search:(5:<0.674.0>) Dyn Var (RE): no Match (varname=created_quiz_id), 

=INFO REPORT==== 6-Dec-2015::18:22:53 ===
           ts_search:(5:<0.824.0>) Dyn Var: no Match (varname=quiz_author), 

=INFO REPORT==== 6-Dec-2015::18:22:53 ===
           ts_search:(5:<0.616.0>) Dyn Var: no Match (varname=quiz_author), 

=INFO REPORT==== 6-Dec-2015::18:22:54 ===
           ts_search:(5:<0.887.0>) Dyn Var: no Match (varname=quiz_author), 

=INFO REPORT==== 6-Dec-2015::18:22:55 ===
           ts_search:(5:<0.918.0>) Dyn Var: no Match (varname=quiz_author), 

=INFO REPORT==== 6-Dec-2015::18:22:55 ===
           ts_search:(5:<0.904.0>) Dyn Var: no Match (varname=quiz_author), 

=INFO REPORT==== 6-Dec-2015::18:22:56 ===
           ts_search:(5:<0.823.0>) Dyn Var (RE): no Match (varname=created_quiz_id), 

=INFO REPORT==== 6-Dec-2015::18:22:56 ===
           ts_search:(5:<0.957.0>) Dyn Var: no Match (varname=quiz_author), 

=INFO REPORT==== 6-Dec-2015::18:22:56 ===
           ts_search:(5:<0.722.0>) Dyn Var: no Match (varname=quiz_author), 

=INFO REPORT==== 6-Dec-2015::18:22:56 ===
         ts_launcher:(5:<0.129.0>) Phase duration exceeded, but not all users were launched (16 users, 3.3% of phase)

=INFO REPORT==== 6-Dec-2015::18:22:56 ===
         ts_launcher:(5:<0.129.0>) Start a new arrival phase (960 users, 0.032); expected duration=30.0 sec

=INFO REPORT==== 6-Dec-2015::18:22:56 ===
           ts_search:(5:<0.955.0>) Dyn Var: no Match (varname=quiz_author), 

=INFO REPORT==== 6-Dec-2015::18:22:56 ===
           ts_search:(5:<0.339.0>) Dyn Var (RE): no Match (varname=created_quiz_id), 

=INFO REPORT==== 6-Dec-2015::18:22:57 ===
           ts_search:(5:<0.1016.0>) Dyn Var: no Match (varname=quiz_author), 

=INFO REPORT==== 6-Dec-2015::18:22:57 ===
           ts_search:(5:<0.701.0>) Dyn Var (RE): no Match (varname=created_quiz_id), 

=INFO REPORT==== 6-Dec-2015::18:22:57 ===
           ts_search:(5:<0.773.0>) Dyn Var: no Match (varname=quiz_author), 

=INFO REPORT==== 6-Dec-2015::18:22:58 ===
           ts_search:(5:<0.738.0>) Dyn Var: no Match (varname=quiz_author), 

=INFO REPORT==== 6-Dec-2015::18:22:58 ===
           ts_search:(5:<0.637.0>) Dyn Var: no Match (varname=quiz_author), 

=INFO REPORT==== 6-Dec-2015::18:22:59 ===
           ts_search:(5:<0.918.0>) Dyn Var (RE): no Match (varname=created_quiz_id), 

=INFO REPORT==== 6-Dec-2015::18:22:59 ===
           ts_search:(5:<0.780.0>) Dyn Var: no Match (varname=quiz_author), 

=INFO REPORT==== 6-Dec-2015::18:22:59 ===
           ts_search:(5:<0.509.0>) Dyn Var: no Match (varname=quiz_author), 

=INFO REPORT==== 6-Dec-2015::18:22:59 ===
           ts_search:(5:<0.922.0>) Dyn Var (RE): no Match (varname=created_quiz_id), 

=INFO REPORT==== 6-Dec-2015::18:23:00 ===
           ts_search:(5:<0.938.0>) Dyn Var: no Match (varname=quiz_author), 

=INFO REPORT==== 6-Dec-2015::18:23:00 ===
           ts_search:(5:<0.637.0>) Dyn Var (RE): no Match (varname=created_quiz_id), 

=INFO REPORT==== 6-Dec-2015::18:23:00 ===
           ts_search:(5:<0.723.0>) Dyn Var (RE): no Match (varname=created_quiz_id), 

=INFO REPORT==== 6-Dec-2015::18:23:00 ===
           ts_search:(5:<0.614.0>) Dyn Var: no Match (varname=quiz_author), 

=INFO REPORT==== 6-Dec-2015::18:23:00 ===
           ts_search:(5:<0.609.0>) Dyn Var (RE): no Match (varname=created_quiz_id), 

=INFO REPORT==== 6-Dec-2015::18:23:00 ===
           ts_search:(5:<0.788.0>) Dyn Var: no Match (varname=quiz_author), 

=INFO REPORT==== 6-Dec-2015::18:23:01 ===
           ts_search:(5:<0.818.0>) Dyn Var (RE): no Match (varname=created_quiz_id), 

=INFO REPORT==== 6-Dec-2015::18:23:01 ===
           ts_search:(5:<0.465.0>) Dyn Var: no Match (varname=quiz_author), 

=INFO REPORT==== 6-Dec-2015::18:23:01 ===
           ts_search:(5:<0.590.0>) Dyn Var: no Match (varname=quiz_author), 

=INFO REPORT==== 6-Dec-2015::18:23:01 ===
           ts_search:(5:<0.1074.0>) Dyn Var: no Match (varname=quiz_author), 

=INFO REPORT==== 6-Dec-2015::18:23:01 ===
           ts_search:(5:<0.828.0>) Dyn Var: no Match (varname=quiz_author), 

=INFO REPORT==== 6-Dec-2015::18:23:02 ===
           ts_search:(5:<0.1138.0>) Dyn Var: no Match (varname=quiz_author), 

=INFO REPORT==== 6-Dec-2015::18:23:02 ===
           ts_search:(5:<0.988.0>) Dyn Var: no Match (varname=quiz_author), 

=INFO REPORT==== 6-Dec-2015::18:23:03 ===
           ts_search:(5:<0.1235.0>) Dyn Var: no Match (varname=quiz_author), 

=INFO REPORT==== 6-Dec-2015::18:23:03 ===
           ts_search:(5:<0.331.0>) Dyn Var (RE): no Match (varname=created_quiz_id), 

=INFO REPORT==== 6-Dec-2015::18:23:04 ===
           ts_search:(5:<0.739.0>) Dyn Var: no Match (varname=quiz_author), 

=INFO REPORT==== 6-Dec-2015::18:23:04 ===
           ts_search:(5:<0.828.0>) Dyn Var (RE): no Match (varname=created_quiz_id), 

=INFO REPORT==== 6-Dec-2015::18:23:05 ===
           ts_search:(5:<0.773.0>) Dyn Var (RE): no Match (varname=created_quiz_id), 

=INFO REPORT==== 6-Dec-2015::18:23:05 ===
           ts_search:(5:<0.1006.0>) Dyn Var: no Match (varname=quiz_author), 

=INFO REPORT==== 6-Dec-2015::18:23:05 ===
           ts_search:(5:<0.444.0>) Dyn Var (RE): no Match (varname=created_quiz_id), 

=INFO REPORT==== 6-Dec-2015::18:23:05 ===
           ts_search:(5:<0.1101.0>) Dyn Var: no Match (varname=quiz_author), 

=INFO REPORT==== 6-Dec-2015::18:23:05 ===
           ts_search:(5:<0.657.0>) Dyn Var (RE): no Match (varname=created_quiz_id), 

=INFO REPORT==== 6-Dec-2015::18:23:06 ===
           ts_search:(5:<0.851.0>) Dyn Var: no Match (varname=quiz_author), 

=INFO REPORT==== 6-Dec-2015::18:23:06 ===
           ts_search:(5:<0.688.0>) Dyn Var: no Match (varname=quiz_author), 

=INFO REPORT==== 6-Dec-2015::18:23:06 ===
           ts_search:(5:<0.1074.0>) Dyn Var (RE): no Match (varname=created_quiz_id), 

=INFO REPORT==== 6-Dec-2015::18:23:07 ===
           ts_search:(5:<0.725.0>) Dyn Var (RE): no Match (varname=created_quiz_id), 

=INFO REPORT==== 6-Dec-2015::18:23:07 ===
           ts_search:(5:<0.1163.0>) Dyn Var: no Match (varname=quiz_author), 

=INFO REPORT==== 6-Dec-2015::18:23:07 ===
           ts_search:(5:<0.1138.0>) Dyn Var (RE): no Match (varname=created_quiz_id), 

=INFO REPORT==== 6-Dec-2015::18:23:07 ===
           ts_search:(5:<0.1178.0>) Dyn Var: no Match (varname=quiz_author), 

=INFO REPORT==== 6-Dec-2015::18:23:07 ===
           ts_search:(5:<0.887.0>) Dyn Var (RE): no Match (varname=created_quiz_id), 

=INFO REPORT==== 6-Dec-2015::18:23:07 ===
           ts_search:(5:<0.1017.0>) Dyn Var: no Match (varname=quiz_author), 

=INFO REPORT==== 6-Dec-2015::18:23:08 ===
           ts_search:(5:<0.590.0>) Dyn Var (RE): no Match (varname=created_quiz_id), 

=INFO REPORT==== 6-Dec-2015::18:23:08 ===
           ts_search:(5:<0.946.0>) Dyn Var: no Match (varname=quiz_author), 

=INFO REPORT==== 6-Dec-2015::18:23:08 ===
           ts_search:(5:<0.722.0>) Dyn Var (RE): no Match (varname=created_quiz_id), 

=INFO REPORT==== 6-Dec-2015::18:23:08 ===
           ts_search:(5:<0.1016.0>) Dyn Var (RE): no Match (varname=created_quiz_id), 

=INFO REPORT==== 6-Dec-2015::18:23:08 ===
           ts_search:(5:<0.509.0>) Dyn Var (RE): no Match (varname=created_quiz_id), 

=INFO REPORT==== 6-Dec-2015::18:23:09 ===
           ts_search:(5:<0.1310.0>) Dyn Var: no Match (varname=quiz_author), 

=INFO REPORT==== 6-Dec-2015::18:23:09 ===
           ts_search:(5:<0.419.0>) Dyn Var (RE): no Match (varname=created_quiz_id), 

=INFO REPORT==== 6-Dec-2015::18:23:09 ===
           ts_search:(5:<0.664.0>) Dyn Var: no Match (varname=quiz_author), 

=INFO REPORT==== 6-Dec-2015::18:23:09 ===
           ts_search:(5:<0.1318.0>) Dyn Var: no Match (varname=quiz_author), 

=INFO REPORT==== 6-Dec-2015::18:23:09 ===
           ts_search:(5:<0.693.0>) Dyn Var (RE): no Match (varname=created_quiz_id), 

=INFO REPORT==== 6-Dec-2015::18:23:09 ===
           ts_search:(5:<0.731.0>) Dyn Var: no Match (varname=quiz_author), 

=INFO REPORT==== 6-Dec-2015::18:23:09 ===
           ts_search:(5:<0.904.0>) Dyn Var (RE): no Match (varname=created_quiz_id), 

=INFO REPORT==== 6-Dec-2015::18:23:09 ===
           ts_search:(5:<0.948.0>) Dyn Var: no Match (varname=quiz_author), 

=INFO REPORT==== 6-Dec-2015::18:23:10 ===
           ts_search:(5:<0.488.0>) Dyn Var (RE): no Match (varname=created_quiz_id), 

=INFO REPORT==== 6-Dec-2015::18:23:10 ===
           ts_search:(5:<0.983.0>) Dyn Var: no Match (varname=quiz_author), 

=INFO REPORT==== 6-Dec-2015::18:23:10 ===
           ts_search:(5:<0.927.0>) Dyn Var: no Match (varname=quiz_author), 

=INFO REPORT==== 6-Dec-2015::18:23:10 ===
           ts_search:(5:<0.688.0>) Dyn Var (RE): no Match (varname=created_quiz_id), 

=INFO REPORT==== 6-Dec-2015::18:23:10 ===
           ts_search:(5:<0.781.0>) Dyn Var (RE): no Match (varname=created_quiz_id), 

=INFO REPORT==== 6-Dec-2015::18:23:10 ===
           ts_search:(5:<0.1193.0>) Dyn Var: no Match (varname=quiz_author), 

=INFO REPORT==== 6-Dec-2015::18:23:10 ===
           ts_search:(5:<0.957.0>) Dyn Var (RE): no Match (varname=created_quiz_id), 

=INFO REPORT==== 6-Dec-2015::18:23:11 ===
           ts_search:(5:<0.1288.0>) Dyn Var: no Match (varname=quiz_author), 

=INFO REPORT==== 6-Dec-2015::18:23:11 ===
           ts_search:(5:<0.1188.0>) Dyn Var: no Match (varname=quiz_author), 

=INFO REPORT==== 6-Dec-2015::18:23:11 ===
           ts_search:(5:<0.948.0>) Dyn Var (RE): no Match (varname=created_quiz_id), 

=INFO REPORT==== 6-Dec-2015::18:23:11 ===
           ts_search:(5:<0.586.0>) Dyn Var (RE): no Match (varname=created_quiz_id), 

=INFO REPORT==== 6-Dec-2015::18:23:11 ===
           ts_search:(5:<0.1077.0>) Dyn Var: no Match (varname=quiz_author), 

=INFO REPORT==== 6-Dec-2015::18:23:12 ===
           ts_search:(5:<0.1101.0>) Dyn Var (RE): no Match (varname=created_quiz_id), 

=INFO REPORT==== 6-Dec-2015::18:23:12 ===
           ts_search:(5:<0.1317.0>) Dyn Var: no Match (varname=quiz_author), 

=INFO REPORT==== 6-Dec-2015::18:23:12 ===
           ts_search:(5:<0.1242.0>) Dyn Var: no Match (varname=quiz_author), 

=INFO REPORT==== 6-Dec-2015::18:23:12 ===
           ts_search:(5:<0.1231.0>) Dyn Var: no Match (varname=quiz_author), 

=INFO REPORT==== 6-Dec-2015::18:23:13 ===
           ts_search:(5:<0.824.0>) Dyn Var (RE): no Match (varname=created_quiz_id), 

=INFO REPORT==== 6-Dec-2015::18:23:13 ===
           ts_search:(5:<0.1242.0>) Dyn Var (RE): no Match (varname=created_quiz_id), 

=INFO REPORT==== 6-Dec-2015::18:23:13 ===
           ts_search:(5:<0.1017.0>) Dyn Var (RE): no Match (varname=created_quiz_id), 

=INFO REPORT==== 6-Dec-2015::18:23:13 ===
           ts_search:(5:<0.1288.0>) Dyn Var (RE): no Match (varname=created_quiz_id), 

=INFO REPORT==== 6-Dec-2015::18:23:13 ===
           ts_search:(5:<0.1309.0>) Dyn Var: no Match (varname=quiz_author), 

=INFO REPORT==== 6-Dec-2015::18:23:13 ===
           ts_search:(5:<0.1322.0>) Dyn Var: no Match (varname=quiz_author), 

=INFO REPORT==== 6-Dec-2015::18:23:14 ===
           ts_search:(5:<0.1193.0>) Dyn Var (RE): no Match (varname=created_quiz_id), 

=INFO REPORT==== 6-Dec-2015::18:23:14 ===
           ts_search:(5:<0.1117.0>) Dyn Var: no Match (varname=quiz_author), 

=INFO REPORT==== 6-Dec-2015::18:23:14 ===
           ts_search:(5:<0.1262.0>) Dyn Var: no Match (varname=quiz_author), 

=INFO REPORT==== 6-Dec-2015::18:23:14 ===
           ts_search:(5:<0.1401.0>) Dyn Var: no Match (varname=quiz_author), 

=INFO REPORT==== 6-Dec-2015::18:23:14 ===
           ts_search:(5:<0.1214.0>) Dyn Var: no Match (varname=quiz_author), 

=INFO REPORT==== 6-Dec-2015::18:23:14 ===
           ts_search:(5:<0.834.0>) Dyn Var: no Match (varname=quiz_author), 

=INFO REPORT==== 6-Dec-2015::18:23:15 ===
           ts_search:(5:<0.475.0>) Dyn Var (RE): no Match (varname=created_quiz_id), 

=INFO REPORT==== 6-Dec-2015::18:23:15 ===
           ts_search:(5:<0.942.0>) Dyn Var (RE): no Match (varname=created_quiz_id), 

=INFO REPORT==== 6-Dec-2015::18:23:15 ===
           ts_search:(5:<0.894.0>) Dyn Var: no Match (varname=quiz_author), 

=INFO REPORT==== 6-Dec-2015::18:23:15 ===
           ts_search:(5:<0.1438.0>) Dyn Var: no Match (varname=quiz_author), 

=INFO REPORT==== 6-Dec-2015::18:23:15 ===
           ts_search:(5:<0.1037.0>) Dyn Var: no Match (varname=quiz_author), 

=INFO REPORT==== 6-Dec-2015::18:23:15 ===
           ts_search:(5:<0.1100.0>) Dyn Var: no Match (varname=quiz_author), 

=INFO REPORT==== 6-Dec-2015::18:23:16 ===
           ts_search:(5:<0.1488.0>) Dyn Var: no Match (varname=quiz_author), 

=INFO REPORT==== 6-Dec-2015::18:23:16 ===
           ts_search:(5:<0.938.0>) Dyn Var (RE): no Match (varname=created_quiz_id), 

=INFO REPORT==== 6-Dec-2015::18:23:16 ===
           ts_search:(5:<0.894.0>) Dyn Var (RE): no Match (varname=created_quiz_id), 

=INFO REPORT==== 6-Dec-2015::18:23:16 ===
           ts_search:(5:<0.946.0>) Dyn Var (RE): no Match (varname=created_quiz_id), 

=INFO REPORT==== 6-Dec-2015::18:23:16 ===
           ts_search:(5:<0.1099.0>) Dyn Var: no Match (varname=quiz_author), 

=INFO REPORT==== 6-Dec-2015::18:23:17 ===
           ts_search:(5:<0.402.0>) Dyn Var: no Match (varname=quiz_author), 

=INFO REPORT==== 6-Dec-2015::18:23:17 ===
           ts_search:(5:<0.616.0>) Dyn Var (RE): no Match (varname=created_quiz_id), 

=INFO REPORT==== 6-Dec-2015::18:23:17 ===
           ts_search:(5:<0.1342.0>) Dyn Var: no Match (varname=quiz_author), 

=INFO REPORT==== 6-Dec-2015::18:23:18 ===
           ts_search:(5:<0.1401.0>) Dyn Var (RE): no Match (varname=created_quiz_id), 

=INFO REPORT==== 6-Dec-2015::18:23:18 ===
           ts_search:(5:<0.664.0>) Dyn Var (RE): no Match (varname=created_quiz_id), 

=INFO REPORT==== 6-Dec-2015::18:23:18 ===
           ts_search:(5:<0.381.0>) Dyn Var (RE): no Match (varname=created_quiz_id), 

=INFO REPORT==== 6-Dec-2015::18:23:18 ===
           ts_search:(5:<0.1159.0>) Dyn Var: no Match (varname=quiz_author), 

=INFO REPORT==== 6-Dec-2015::18:23:19 ===
           ts_search:(5:<0.974.0>) Dyn Var: no Match (varname=quiz_author), 

=INFO REPORT==== 6-Dec-2015::18:23:19 ===
           ts_search:(5:<0.1235.0>) Dyn Var (RE): no Match (varname=created_quiz_id), 

=INFO REPORT==== 6-Dec-2015::18:23:19 ===
           ts_search:(5:<0.1117.0>) Dyn Var (RE): no Match (varname=created_quiz_id), 

=INFO REPORT==== 6-Dec-2015::18:23:19 ===
           ts_search:(5:<0.739.0>) Dyn Var (RE): no Match (varname=created_quiz_id), 

=INFO REPORT==== 6-Dec-2015::18:23:20 ===
           ts_search:(5:<0.1134.0>) Dyn Var: no Match (varname=quiz_author), 

=INFO REPORT==== 6-Dec-2015::18:23:20 ===
           ts_search:(5:<0.1365.0>) Dyn Var: no Match (varname=quiz_author), 

=INFO REPORT==== 6-Dec-2015::18:23:20 ===
           ts_search:(5:<0.1037.0>) Dyn Var (RE): no Match (varname=created_quiz_id), 

=INFO REPORT==== 6-Dec-2015::18:23:20 ===
           ts_search:(5:<0.1465.0>) Dyn Var: no Match (varname=quiz_author), 

=INFO REPORT==== 6-Dec-2015::18:23:20 ===
           ts_search:(5:<0.788.0>) Dyn Var (RE): no Match (varname=created_quiz_id), 

=INFO REPORT==== 6-Dec-2015::18:23:20 ===
           ts_search:(5:<0.1249.0>) Dyn Var: no Match (varname=quiz_author), 

=INFO REPORT==== 6-Dec-2015::18:23:20 ===
           ts_search:(5:<0.1645.0>) Dyn Var: no Match (varname=quiz_author), 

=INFO REPORT==== 6-Dec-2015::18:23:20 ===
           ts_search:(5:<0.1209.0>) Dyn Var: no Match (varname=quiz_author), 

=INFO REPORT==== 6-Dec-2015::18:23:21 ===
           ts_search:(5:<0.1644.0>) Dyn Var: no Match (varname=quiz_author), 

=INFO REPORT==== 6-Dec-2015::18:23:21 ===
           ts_search:(5:<0.1221.0>) Dyn Var: no Match (varname=quiz_author), 

=INFO REPORT==== 6-Dec-2015::18:23:21 ===
           ts_search:(5:<0.1060.0>) Dyn Var: no Match (varname=quiz_author), 

=INFO REPORT==== 6-Dec-2015::18:23:21 ===
           ts_search:(5:<0.1365.0>) Dyn Var (RE): no Match (varname=created_quiz_id), 

=INFO REPORT==== 6-Dec-2015::18:23:21 ===
           ts_search:(5:<0.834.0>) Dyn Var (RE): no Match (varname=created_quiz_id), 

=INFO REPORT==== 6-Dec-2015::18:23:22 ===
           ts_search:(5:<0.1645.0>) Dyn Var (RE): no Match (varname=created_quiz_id), 

=INFO REPORT==== 6-Dec-2015::18:23:22 ===
           ts_search:(5:<0.927.0>) Dyn Var (RE): no Match (varname=created_quiz_id), 

=INFO REPORT==== 6-Dec-2015::18:23:22 ===
           ts_search:(5:<0.1412.0>) Dyn Var: no Match (varname=quiz_author), 

=INFO REPORT==== 6-Dec-2015::18:23:22 ===
           ts_search:(5:<0.1060.0>) Dyn Var (RE): no Match (varname=created_quiz_id), 

=INFO REPORT==== 6-Dec-2015::18:23:22 ===
           ts_search:(5:<0.1456.0>) Dyn Var: no Match (varname=quiz_author), 

=INFO REPORT==== 6-Dec-2015::18:23:23 ===
           ts_search:(5:<0.1561.0>) Dyn Var: no Match (varname=quiz_author), 

=INFO REPORT==== 6-Dec-2015::18:23:23 ===
           ts_search:(5:<0.988.0>) Dyn Var (RE): no Match (varname=created_quiz_id), 

=INFO REPORT==== 6-Dec-2015::18:23:23 ===
           ts_search:(5:<0.974.0>) Dyn Var (RE): no Match (varname=created_quiz_id), 

=INFO REPORT==== 6-Dec-2015::18:23:23 ===
           ts_search:(5:<0.1672.0>) Dyn Var: no Match (varname=quiz_author), 

=INFO REPORT==== 6-Dec-2015::18:23:23 ===
           ts_search:(5:<0.1579.0>) Dyn Var: no Match (varname=quiz_author), 

=INFO REPORT==== 6-Dec-2015::18:23:24 ===
           ts_search:(5:<0.1306.0>) Dyn Var: no Match (varname=quiz_author), 

=INFO REPORT==== 6-Dec-2015::18:23:24 ===
           ts_search:(5:<0.1209.0>) Dyn Var (RE): no Match (varname=created_quiz_id), 

=INFO REPORT==== 6-Dec-2015::18:23:25 ===
           ts_search:(5:<0.1299.0>) Dyn Var: no Match (varname=quiz_author), 

=INFO REPORT==== 6-Dec-2015::18:23:25 ===
           ts_search:(5:<0.1202.0>) Dyn Var: no Match (varname=quiz_author), 

=INFO REPORT==== 6-Dec-2015::18:23:25 ===
           ts_search:(5:<0.1465.0>) Dyn Var (RE): no Match (varname=created_quiz_id), 

=INFO REPORT==== 6-Dec-2015::18:23:25 ===
           ts_search:(5:<0.1156.0>) Dyn Var: no Match (varname=quiz_author), 

=INFO REPORT==== 6-Dec-2015::18:23:26 ===
           ts_search:(5:<0.1159.0>) Dyn Var (RE): no Match (varname=created_quiz_id), 

=INFO REPORT==== 6-Dec-2015::18:23:26 ===
         ts_launcher:(5:<0.129.0>) Phase duration exceeded, but not all users were launched (38 users, 4.0% of phase)

=INFO REPORT==== 6-Dec-2015::18:23:26 ===
         ts_launcher:(5:<0.129.0>) This was the last phase, wait for connected users to finish their session

=INFO REPORT==== 6-Dec-2015::18:23:26 ===
     ts_launcher_mgr:(5:<0.123.0>) Still 1097 active client(s)

=INFO REPORT==== 6-Dec-2015::18:23:26 ===
           ts_search:(5:<0.1318.0>) Dyn Var (RE): no Match (varname=created_quiz_id), 

=INFO REPORT==== 6-Dec-2015::18:23:27 ===
           ts_search:(5:<0.1006.0>) Dyn Var (RE): no Match (varname=created_quiz_id), 

=INFO REPORT==== 6-Dec-2015::18:23:27 ===
           ts_search:(5:<0.1309.0>) Dyn Var (RE): no Match (varname=created_quiz_id), 

=INFO REPORT==== 6-Dec-2015::18:23:27 ===
           ts_search:(5:<0.1505.0>) Dyn Var: no Match (varname=quiz_author), 

=INFO REPORT==== 6-Dec-2015::18:23:27 ===
           ts_search:(5:<0.1306.0>) Dyn Var (RE): no Match (varname=created_quiz_id), 

=INFO REPORT==== 6-Dec-2015::18:23:27 ===
           ts_search:(5:<0.780.0>) Dyn Var (RE): no Match (varname=created_quiz_id), 

=INFO REPORT==== 6-Dec-2015::18:23:27 ===
           ts_search:(5:<0.1500.0>) Dyn Var: no Match (varname=quiz_author), 

=INFO REPORT==== 6-Dec-2015::18:23:27 ===
           ts_search:(5:<0.1672.0>) Dyn Var (RE): no Match (varname=created_quiz_id), 

=INFO REPORT==== 6-Dec-2015::18:23:27 ===
           ts_search:(5:<0.1588.0>) Dyn Var: no Match (varname=quiz_author), 

=INFO REPORT==== 6-Dec-2015::18:23:27 ===
           ts_search:(5:<0.1467.0>) Dyn Var: no Match (varname=quiz_author), 

=INFO REPORT==== 6-Dec-2015::18:23:27 ===
           ts_search:(5:<0.1471.0>) Dyn Var: no Match (varname=quiz_author), 

=INFO REPORT==== 6-Dec-2015::18:23:28 ===
           ts_search:(5:<0.1865.0>) Dyn Var: no Match (varname=quiz_author), 

=INFO REPORT==== 6-Dec-2015::18:23:28 ===
           ts_search:(5:<0.1773.0>) Dyn Var: no Match (varname=quiz_author), 

=INFO REPORT==== 6-Dec-2015::18:23:28 ===
           ts_search:(5:<0.1488.0>) Dyn Var (RE): no Match (varname=created_quiz_id), 

=INFO REPORT==== 6-Dec-2015::18:23:28 ===
           ts_search:(5:<0.1816.0>) Dyn Var: no Match (varname=quiz_author), 

=INFO REPORT==== 6-Dec-2015::18:23:28 ===
           ts_search:(5:<0.961.0>) Dyn Var: no Match (varname=quiz_author), 

=INFO REPORT==== 6-Dec-2015::18:23:29 ===
           ts_search:(5:<0.479.0>) Dyn Var (RE): no Match (varname=created_quiz_id), 

=INFO REPORT==== 6-Dec-2015::18:23:29 ===
           ts_search:(5:<0.1526.0>) Dyn Var: no Match (varname=quiz_author), 

=INFO REPORT==== 6-Dec-2015::18:23:29 ===
           ts_search:(5:<0.1831.0>) Dyn Var: no Match (varname=quiz_author), 

=INFO REPORT==== 6-Dec-2015::18:23:29 ===
           ts_search:(5:<0.1444.0>) Dyn Var: no Match (varname=quiz_author), 

=INFO REPORT==== 6-Dec-2015::18:23:30 ===
           ts_search:(5:<0.1724.0>) Dyn Var: no Match (varname=quiz_author), 

=INFO REPORT==== 6-Dec-2015::18:23:30 ===
           ts_search:(5:<0.1467.0>) Dyn Var (RE): no Match (varname=created_quiz_id), 

=INFO REPORT==== 6-Dec-2015::18:23:30 ===
           ts_search:(5:<0.1760.0>) Dyn Var: no Match (varname=quiz_author), 

=INFO REPORT==== 6-Dec-2015::18:23:31 ===
           ts_search:(5:<0.772.0>) Dyn Var: no Match (varname=quiz_author), 

=INFO REPORT==== 6-Dec-2015::18:23:31 ===
           ts_search:(5:<0.731.0>) Dyn Var (RE): no Match (varname=created_quiz_id), 

=INFO REPORT==== 6-Dec-2015::18:23:31 ===
           ts_search:(5:<0.465.0>) Dyn Var (RE): no Match (varname=created_quiz_id), 

=INFO REPORT==== 6-Dec-2015::18:23:31 ===
           ts_search:(5:<0.1099.0>) Dyn Var (RE): no Match (varname=created_quiz_id), 

=INFO REPORT==== 6-Dec-2015::18:23:31 ===
           ts_search:(5:<0.1788.0>) Dyn Var: no Match (varname=quiz_author), 

=INFO REPORT==== 6-Dec-2015::18:23:31 ===
           ts_search:(5:<0.1342.0>) Dyn Var (RE): no Match (varname=created_quiz_id), 

=INFO REPORT==== 6-Dec-2015::18:23:32 ===
           ts_search:(5:<0.1443.0>) Dyn Var: no Match (varname=quiz_author), 

=INFO REPORT==== 6-Dec-2015::18:23:32 ===
           ts_search:(5:<0.1548.0>) Dyn Var: no Match (varname=quiz_author), 

=INFO REPORT==== 6-Dec-2015::18:23:32 ===
           ts_search:(5:<0.1188.0>) Dyn Var (RE): no Match (varname=created_quiz_id), 

=INFO REPORT==== 6-Dec-2015::18:23:32 ===
           ts_search:(5:<0.1249.0>) Dyn Var (RE): no Match (varname=created_quiz_id), 

=INFO REPORT==== 6-Dec-2015::18:23:32 ===
           ts_search:(5:<0.1588.0>) Dyn Var (RE): no Match (varname=created_quiz_id), 

=INFO REPORT==== 6-Dec-2015::18:23:32 ===
           ts_search:(5:<0.733.0>) Dyn Var (RE): no Match (varname=created_quiz_id), 

=INFO REPORT==== 6-Dec-2015::18:23:32 ===
           ts_search:(5:<0.1419.0>) Dyn Var: no Match (varname=quiz_author), 

=INFO REPORT==== 6-Dec-2015::18:23:33 ===
           ts_search:(5:<0.1857.0>) Dyn Var: no Match (varname=quiz_author), 

=INFO REPORT==== 6-Dec-2015::18:23:33 ===
           ts_search:(5:<0.772.0>) Dyn Var (RE): no Match (varname=created_quiz_id), 

=INFO REPORT==== 6-Dec-2015::18:23:33 ===
           ts_search:(5:<0.1948.0>) Dyn Var: no Match (varname=quiz_author), 

=INFO REPORT==== 6-Dec-2015::18:23:33 ===
           ts_search:(5:<0.1828.0>) Dyn Var: no Match (varname=quiz_author), 

=INFO REPORT==== 6-Dec-2015::18:23:34 ===
           ts_search:(5:<0.1549.0>) Dyn Var: no Match (varname=quiz_author), 

=INFO REPORT==== 6-Dec-2015::18:23:34 ===
           ts_search:(5:<0.1179.0>) Dyn Var: no Match (varname=quiz_author), 

=INFO REPORT==== 6-Dec-2015::18:23:34 ===
           ts_search:(5:<0.1168.0>) Dyn Var: no Match (varname=quiz_author), 

=INFO REPORT==== 6-Dec-2015::18:23:34 ===
           ts_search:(5:<0.1053.0>) Dyn Var: no Match (varname=quiz_author), 

=INFO REPORT==== 6-Dec-2015::18:23:34 ===
           ts_search:(5:<0.1579.0>) Dyn Var (RE): no Match (varname=created_quiz_id), 

=INFO REPORT==== 6-Dec-2015::18:23:34 ===
           ts_search:(5:<0.1156.0>) Dyn Var (RE): no Match (varname=created_quiz_id), 

=INFO REPORT==== 6-Dec-2015::18:23:34 ===
           ts_search:(5:<0.1624.0>) Dyn Var: no Match (varname=quiz_author), 

=INFO REPORT==== 6-Dec-2015::18:23:34 ===
           ts_search:(5:<0.527.0>) Dyn Var (RE): no Match (varname=created_quiz_id), 

=INFO REPORT==== 6-Dec-2015::18:23:35 ===
           ts_search:(5:<0.1857.0>) Dyn Var (RE): no Match (varname=created_quiz_id), 

=INFO REPORT==== 6-Dec-2015::18:23:35 ===
           ts_search:(5:<0.1443.0>) Dyn Var (RE): no Match (varname=created_quiz_id), 

=INFO REPORT==== 6-Dec-2015::18:23:35 ===
           ts_search:(5:<0.1500.0>) Dyn Var (RE): no Match (varname=created_quiz_id), 

=INFO REPORT==== 6-Dec-2015::18:23:35 ===
           ts_search:(5:<0.1792.0>) Dyn Var: no Match (varname=quiz_author), 

=INFO REPORT==== 6-Dec-2015::18:23:35 ===
           ts_search:(5:<0.1911.0>) Dyn Var: no Match (varname=quiz_author), 

=INFO REPORT==== 6-Dec-2015::18:23:36 ===
           ts_search:(5:<0.1439.0>) Dyn Var: no Match (varname=quiz_author), 

=INFO REPORT==== 6-Dec-2015::18:23:36 ===
           ts_search:(5:<0.1667.0>) Dyn Var: no Match (varname=quiz_author), 

=INFO REPORT==== 6-Dec-2015::18:23:36 ===
           ts_search:(5:<0.1322.0>) Dyn Var (RE): no Match (varname=created_quiz_id), 

=INFO REPORT==== 6-Dec-2015::18:23:36 ===
           ts_search:(5:<0.1369.0>) Dyn Var: no Match (varname=quiz_author), 

=INFO REPORT==== 6-Dec-2015::18:23:36 ===
           ts_search:(5:<0.1803.0>) Dyn Var: no Match (varname=quiz_author), 

=INFO REPORT==== 6-Dec-2015::18:23:36 ===
           ts_search:(5:<0.1711.0>) Dyn Var: no Match (varname=quiz_author), 

=INFO REPORT==== 6-Dec-2015::18:23:36 ===
           ts_search:(5:<0.1280.0>) Dyn Var: no Match (varname=quiz_author), 

=INFO REPORT==== 6-Dec-2015::18:23:36 ===
           ts_search:(5:<0.1667.0>) Dyn Var (RE): no Match (varname=created_quiz_id), 

=INFO REPORT==== 6-Dec-2015::18:23:37 ===
           ts_search:(5:<0.1281.0>) Dyn Var: no Match (varname=quiz_author), 

=INFO REPORT==== 6-Dec-2015::18:23:37 ===
           ts_search:(5:<0.1493.0>) Dyn Var: no Match (varname=quiz_author), 

=INFO REPORT==== 6-Dec-2015::18:23:37 ===
           ts_search:(5:<0.1169.0>) Dyn Var: no Match (varname=quiz_author), 

=INFO REPORT==== 6-Dec-2015::18:23:37 ===
           ts_search:(5:<0.1565.0>) Dyn Var: no Match (varname=quiz_author), 

=INFO REPORT==== 6-Dec-2015::18:23:37 ===
           ts_search:(5:<0.1937.0>) Dyn Var: no Match (varname=quiz_author), 

=INFO REPORT==== 6-Dec-2015::18:23:38 ===
           ts_search:(5:<0.1670.0>) Dyn Var: no Match (varname=quiz_author), 

=INFO REPORT==== 6-Dec-2015::18:23:38 ===
           ts_search:(5:<0.402.0>) Dyn Var (RE): no Match (varname=created_quiz_id), 

=INFO REPORT==== 6-Dec-2015::18:23:38 ===
           ts_search:(5:<0.1626.0>) Dyn Var: no Match (varname=quiz_author), 

=INFO REPORT==== 6-Dec-2015::18:23:38 ===
           ts_search:(5:<0.1581.0>) Dyn Var: no Match (varname=quiz_author), 

=INFO REPORT==== 6-Dec-2015::18:23:38 ===
           ts_search:(5:<0.1535.0>) Dyn Var: no Match (varname=quiz_author), 

=INFO REPORT==== 6-Dec-2015::18:23:38 ===
           ts_search:(5:<0.961.0>) Dyn Var (RE): no Match (varname=created_quiz_id), 

=INFO REPORT==== 6-Dec-2015::18:23:38 ===
           ts_search:(5:<0.1299.0>) Dyn Var (RE): no Match (varname=created_quiz_id), 

=INFO REPORT==== 6-Dec-2015::18:23:38 ===
           ts_search:(5:<0.1419.0>) Dyn Var (RE): no Match (varname=created_quiz_id), 

=INFO REPORT==== 6-Dec-2015::18:23:38 ===
           ts_search:(5:<0.1310.0>) Dyn Var (RE): no Match (varname=created_quiz_id), 

=INFO REPORT==== 6-Dec-2015::18:23:38 ===
           ts_search:(5:<0.614.0>) Dyn Var (RE): no Match (varname=created_quiz_id), 

=INFO REPORT==== 6-Dec-2015::18:23:38 ===
           ts_search:(5:<0.1852.0>) Dyn Var: no Match (varname=quiz_author), 

=INFO REPORT==== 6-Dec-2015::18:23:39 ===
           ts_search:(5:<0.1281.0>) Dyn Var (RE): no Match (varname=created_quiz_id), 

=INFO REPORT==== 6-Dec-2015::18:23:39 ===
           ts_search:(5:<0.1735.0>) Dyn Var: no Match (varname=quiz_author), 

=INFO REPORT==== 6-Dec-2015::18:23:39 ===
           ts_search:(5:<0.1682.0>) Dyn Var: no Match (varname=quiz_author), 

=INFO REPORT==== 6-Dec-2015::18:23:39 ===
           ts_search:(5:<0.1714.0>) Dyn Var: no Match (varname=quiz_author), 

=INFO REPORT==== 6-Dec-2015::18:23:39 ===
           ts_search:(5:<0.789.0>) Dyn Var (RE): no Match (varname=created_quiz_id), 

=INFO REPORT==== 6-Dec-2015::18:23:39 ===
           ts_search:(5:<0.1135.0>) Dyn Var: no Match (varname=quiz_author), 

=INFO REPORT==== 6-Dec-2015::18:23:39 ===
           ts_search:(5:<0.1673.0>) Dyn Var: no Match (varname=quiz_author), 

=INFO REPORT==== 6-Dec-2015::18:23:39 ===
           ts_search:(5:<0.895.0>) Dyn Var: no Match (varname=quiz_author), 

=INFO REPORT==== 6-Dec-2015::18:23:39 ===
           ts_search:(5:<0.1769.0>) Dyn Var: no Match (varname=quiz_author), 

=INFO REPORT==== 6-Dec-2015::18:23:40 ===
           ts_search:(5:<0.1535.0>) Dyn Var (RE): no Match (varname=created_quiz_id), 

=INFO REPORT==== 6-Dec-2015::18:23:40 ===
           ts_search:(5:<0.1708.0>) Dyn Var: no Match (varname=quiz_author), 

=INFO REPORT==== 6-Dec-2015::18:23:40 ===
           ts_search:(5:<0.1179.0>) Dyn Var (RE): no Match (varname=created_quiz_id), 

=INFO REPORT==== 6-Dec-2015::18:23:40 ===
           ts_search:(5:<0.1214.0>) Dyn Var (RE): no Match (varname=created_quiz_id), 

=INFO REPORT==== 6-Dec-2015::18:23:40 ===
           ts_search:(5:<0.1526.0>) Dyn Var (RE): no Match (varname=created_quiz_id), 

=INFO REPORT==== 6-Dec-2015::18:23:40 ===
           ts_search:(5:<0.1548.0>) Dyn Var (RE): no Match (varname=created_quiz_id), 

=INFO REPORT==== 6-Dec-2015::18:23:40 ===
           ts_search:(5:<0.1439.0>) Dyn Var (RE): no Match (varname=created_quiz_id), 

=INFO REPORT==== 6-Dec-2015::18:23:40 ===
           ts_search:(5:<0.1395.0>) Dyn Var: no Match (varname=quiz_author), 

=INFO REPORT==== 6-Dec-2015::18:23:41 ===
           ts_search:(5:<0.738.0>) Dyn Var (RE): no Match (varname=created_quiz_id), 

=INFO REPORT==== 6-Dec-2015::18:23:41 ===
           ts_search:(5:<0.1690.0>) Dyn Var: no Match (varname=quiz_author), 

=INFO REPORT==== 6-Dec-2015::18:23:41 ===
           ts_search:(5:<0.1077.0>) Dyn Var (RE): no Match (varname=created_quiz_id), 

=INFO REPORT==== 6-Dec-2015::18:23:41 ===
           ts_search:(5:<0.1877.0>) Dyn Var: no Match (varname=quiz_author), 

=INFO REPORT==== 6-Dec-2015::18:23:41 ===
           ts_search:(5:<0.1682.0>) Dyn Var (RE): no Match (varname=created_quiz_id), 

=INFO REPORT==== 6-Dec-2015::18:23:41 ===
           ts_search:(5:<0.1408.0>) Dyn Var: no Match (varname=quiz_author), 

=INFO REPORT==== 6-Dec-2015::18:23:41 ===
           ts_search:(5:<0.1921.0>) Dyn Var: no Match (varname=quiz_author), 

=INFO REPORT==== 6-Dec-2015::18:23:42 ===
           ts_search:(5:<0.1836.0>) Dyn Var: no Match (varname=quiz_author), 

=INFO REPORT==== 6-Dec-2015::18:23:42 ===
           ts_search:(5:<0.1842.0>) Dyn Var: no Match (varname=quiz_author), 

=INFO REPORT==== 6-Dec-2015::18:23:42 ===
           ts_search:(5:<0.1995.0>) Dyn Var: no Match (varname=quiz_author), 

=INFO REPORT==== 6-Dec-2015::18:23:42 ===
           ts_search:(5:<0.1952.0>) Dyn Var: no Match (varname=quiz_author), 

=INFO REPORT==== 6-Dec-2015::18:23:42 ===
           ts_search:(5:<0.1906.0>) Dyn Var: no Match (varname=quiz_author), 

=INFO REPORT==== 6-Dec-2015::18:23:42 ===
           ts_search:(5:<0.1711.0>) Dyn Var (RE): no Match (varname=created_quiz_id), 

=INFO REPORT==== 6-Dec-2015::18:23:42 ===
           ts_search:(5:<0.1317.0>) Dyn Var (RE): no Match (varname=created_quiz_id), 

=INFO REPORT==== 6-Dec-2015::18:23:42 ===
           ts_search:(5:<0.1937.0>) Dyn Var (RE): no Match (varname=created_quiz_id), 

=INFO REPORT==== 6-Dec-2015::18:23:42 ===
           ts_search:(5:<0.1768.0>) Dyn Var: no Match (varname=quiz_author), 

=INFO REPORT==== 6-Dec-2015::18:23:42 ===
           ts_search:(5:<0.1539.0>) Dyn Var: no Match (varname=quiz_author), 

=INFO REPORT==== 6-Dec-2015::18:23:42 ===
           ts_search:(5:<0.1670.0>) Dyn Var (RE): no Match (varname=created_quiz_id), 

=INFO REPORT==== 6-Dec-2015::18:23:42 ===
           ts_search:(5:<0.1185.0>) Dyn Var: no Match (varname=quiz_author), 

=INFO REPORT==== 6-Dec-2015::18:23:42 ===
           ts_search:(5:<0.1134.0>) Dyn Var (RE): no Match (varname=created_quiz_id), 

=INFO REPORT==== 6-Dec-2015::18:23:42 ===
           ts_search:(5:<0.1231.0>) Dyn Var (RE): no Match (varname=created_quiz_id), 

=INFO REPORT==== 6-Dec-2015::18:23:42 ===
           ts_search:(5:<0.2040.0>) Dyn Var: no Match (varname=quiz_author), 

=INFO REPORT==== 6-Dec-2015::18:23:43 ===
           ts_search:(5:<0.1724.0>) Dyn Var (RE): no Match (varname=created_quiz_id), 

=INFO REPORT==== 6-Dec-2015::18:23:43 ===
           ts_search:(5:<0.1565.0>) Dyn Var (RE): no Match (varname=created_quiz_id), 

=INFO REPORT==== 6-Dec-2015::18:23:43 ===
           ts_search:(5:<0.2016.0>) Dyn Var: no Match (varname=quiz_author), 

=INFO REPORT==== 6-Dec-2015::18:23:43 ===
           ts_search:(5:<0.2023.0>) Dyn Var: no Match (varname=quiz_author), 

=INFO REPORT==== 6-Dec-2015::18:23:43 ===
           ts_search:(5:<0.1868.0>) Dyn Var: no Match (varname=quiz_author), 

=INFO REPORT==== 6-Dec-2015::18:23:43 ===
           ts_search:(5:<0.1881.0>) Dyn Var: no Match (varname=quiz_author), 

=INFO REPORT==== 6-Dec-2015::18:23:43 ===
           ts_search:(5:<0.1768.0>) Dyn Var (RE): no Match (varname=created_quiz_id), 

=INFO REPORT==== 6-Dec-2015::18:23:43 ===
           ts_search:(5:<0.1644.0>) Dyn Var (RE): no Match (varname=created_quiz_id), 

=INFO REPORT==== 6-Dec-2015::18:23:43 ===
           ts_search:(5:<0.1260.0>) Dyn Var: no Match (varname=quiz_author), 

=INFO REPORT==== 6-Dec-2015::18:23:43 ===
           ts_search:(5:<0.1925.0>) Dyn Var: no Match (varname=quiz_author), 

=INFO REPORT==== 6-Dec-2015::18:23:43 ===
           ts_search:(5:<0.1821.0>) Dyn Var: no Match (varname=quiz_author), 

=INFO REPORT==== 6-Dec-2015::18:23:43 ===
           ts_search:(5:<0.1444.0>) Dyn Var (RE): no Match (varname=created_quiz_id), 

=INFO REPORT==== 6-Dec-2015::18:23:44 ===
           ts_search:(5:<0.1767.0>) Dyn Var: no Match (varname=quiz_author), 

=INFO REPORT==== 6-Dec-2015::18:23:44 ===
           ts_search:(5:<0.1613.0>) Dyn Var: no Match (varname=quiz_author), 

=INFO REPORT==== 6-Dec-2015::18:23:44 ===
           ts_search:(5:<0.1441.0>) Dyn Var: no Match (varname=quiz_author), 

=INFO REPORT==== 6-Dec-2015::18:23:44 ===
           ts_search:(5:<0.2016.0>) Dyn Var (RE): no Match (varname=created_quiz_id), 

=INFO REPORT==== 6-Dec-2015::18:23:44 ===
           ts_search:(5:<0.2028.0>) Dyn Var: no Match (varname=quiz_author), 

=INFO REPORT==== 6-Dec-2015::18:23:45 ===
           ts_search:(5:<0.1293.0>) Dyn Var: no Match (varname=quiz_author), 

=INFO REPORT==== 6-Dec-2015::18:23:45 ===
           ts_search:(5:<0.1493.0>) Dyn Var (RE): no Match (varname=created_quiz_id), 

=INFO REPORT==== 6-Dec-2015::18:23:45 ===
           ts_search:(5:<0.1998.0>) Dyn Var: no Match (varname=quiz_author), 

=INFO REPORT==== 6-Dec-2015::18:23:45 ===
           ts_search:(5:<0.1208.0>) Dyn Var: no Match (varname=quiz_author), 

=INFO REPORT==== 6-Dec-2015::18:23:46 ===
           ts_search:(5:<0.1830.0>) Dyn Var: no Match (varname=quiz_author), 

=INFO REPORT==== 6-Dec-2015::18:23:46 ===
           ts_search:(5:<0.1523.0>) Dyn Var: no Match (varname=quiz_author), 

=INFO REPORT==== 6-Dec-2015::18:23:46 ===
           ts_search:(5:<0.1865.0>) Dyn Var (RE): no Match (varname=created_quiz_id), 

=INFO REPORT==== 6-Dec-2015::18:23:46 ===
           ts_search:(5:<0.1767.0>) Dyn Var (RE): no Match (varname=created_quiz_id), 

=INFO REPORT==== 6-Dec-2015::18:23:47 ===
           ts_search:(5:<0.1980.0>) Dyn Var: no Match (varname=quiz_author), 

=INFO REPORT==== 6-Dec-2015::18:23:47 ===
           ts_search:(5:<0.1916.0>) Dyn Var: no Match (varname=quiz_author), 

=INFO REPORT==== 6-Dec-2015::18:23:47 ===
           ts_search:(5:<0.1564.0>) Dyn Var: no Match (varname=quiz_author), 

=INFO REPORT==== 6-Dec-2015::18:23:47 ===
           ts_search:(5:<0.1714.0>) Dyn Var (RE): no Match (varname=created_quiz_id), 

=INFO REPORT==== 6-Dec-2015::18:23:47 ===
           ts_search:(5:<0.1708.0>) Dyn Var (RE): no Match (varname=created_quiz_id), 

=INFO REPORT==== 6-Dec-2015::18:23:47 ===
           ts_search:(5:<0.1395.0>) Dyn Var (RE): no Match (varname=created_quiz_id), 

=INFO REPORT==== 6-Dec-2015::18:23:47 ===
           ts_search:(5:<0.2023.0>) Dyn Var (RE): no Match (varname=created_quiz_id), 

=INFO REPORT==== 6-Dec-2015::18:23:48 ===
           ts_search:(5:<0.1794.0>) Dyn Var: no Match (varname=quiz_author), 

=INFO REPORT==== 6-Dec-2015::18:23:48 ===
           ts_search:(5:<0.1953.0>) Dyn Var: no Match (varname=quiz_author), 

=INFO REPORT==== 6-Dec-2015::18:23:48 ===
           ts_search:(5:<0.1916.0>) Dyn Var (RE): no Match (varname=created_quiz_id), 

=INFO REPORT==== 6-Dec-2015::18:23:49 ===
           ts_search:(5:<0.1742.0>) Dyn Var: no Match (varname=quiz_author), 

=INFO REPORT==== 6-Dec-2015::18:23:49 ===
           ts_search:(5:<0.1793.0>) Dyn Var: no Match (varname=quiz_author), 

=INFO REPORT==== 6-Dec-2015::18:23:49 ===
           ts_search:(5:<0.1408.0>) Dyn Var (RE): no Match (varname=created_quiz_id), 

=INFO REPORT==== 6-Dec-2015::18:23:49 ===
           ts_search:(5:<0.2007.0>) Dyn Var: no Match (varname=quiz_author), 

=INFO REPORT==== 6-Dec-2015::18:23:49 ===
           ts_search:(5:<0.1701.0>) Dyn Var: no Match (varname=quiz_author), 

=INFO REPORT==== 6-Dec-2015::18:23:49 ===
           ts_search:(5:<0.1761.0>) Dyn Var: no Match (varname=quiz_author), 

=INFO REPORT==== 6-Dec-2015::18:23:49 ===
           ts_search:(5:<0.1063.0>) Dyn Var: no Match (varname=quiz_author), 

=INFO REPORT==== 6-Dec-2015::18:23:49 ===
           ts_search:(5:<0.1742.0>) Dyn Var (RE): no Match (varname=created_quiz_id), 

=INFO REPORT==== 6-Dec-2015::18:23:50 ===
           ts_search:(5:<0.1807.0>) Dyn Var: no Match (varname=quiz_author), 

=INFO REPORT==== 6-Dec-2015::18:23:50 ===
           ts_search:(5:<0.1523.0>) Dyn Var (RE): no Match (varname=created_quiz_id), 

=INFO REPORT==== 6-Dec-2015::18:23:50 ===
           ts_search:(5:<0.1995.0>) Dyn Var (RE): no Match (varname=created_quiz_id), 

=INFO REPORT==== 6-Dec-2015::18:23:50 ===
           ts_search:(5:<0.1953.0>) Dyn Var (RE): no Match (varname=created_quiz_id), 

=INFO REPORT==== 6-Dec-2015::18:23:50 ===
           ts_search:(5:<0.1983.0>) Dyn Var: no Match (varname=quiz_author), 

=INFO REPORT==== 6-Dec-2015::18:23:50 ===
           ts_search:(5:<0.1851.0>) Dyn Var: no Match (varname=quiz_author), 

=INFO REPORT==== 6-Dec-2015::18:23:51 ===
           ts_search:(5:<0.1293.0>) Dyn Var (RE): no Match (varname=created_quiz_id), 

=INFO REPORT==== 6-Dec-2015::18:23:51 ===
           ts_search:(5:<0.1412.0>) Dyn Var (RE): no Match (varname=created_quiz_id), 

=INFO REPORT==== 6-Dec-2015::18:23:51 ===
           ts_search:(5:<0.2002.0>) Dyn Var: no Match (varname=quiz_author), 

=INFO REPORT==== 6-Dec-2015::18:23:51 ===
           ts_search:(5:<0.1471.0>) Dyn Var (RE): no Match (varname=created_quiz_id), 

=INFO REPORT==== 6-Dec-2015::18:23:52 ===
           ts_search:(5:<0.1761.0>) Dyn Var (RE): no Match (varname=created_quiz_id), 

=INFO REPORT==== 6-Dec-2015::18:23:52 ===
           ts_search:(5:<0.1135.0>) Dyn Var (RE): no Match (varname=created_quiz_id), 

=INFO REPORT==== 6-Dec-2015::18:23:52 ===
           ts_search:(5:<0.1906.0>) Dyn Var (RE): no Match (varname=created_quiz_id), 

=INFO REPORT==== 6-Dec-2015::18:23:52 ===
           ts_search:(5:<0.983.0>) Dyn Var (RE): no Match (varname=created_quiz_id), 

=INFO REPORT==== 6-Dec-2015::18:23:52 ===
           ts_search:(5:<0.1539.0>) Dyn Var (RE): no Match (varname=created_quiz_id), 

=INFO REPORT==== 6-Dec-2015::18:23:53 ===
           ts_search:(5:<0.1178.0>) Dyn Var (RE): no Match (varname=created_quiz_id), 

=INFO REPORT==== 6-Dec-2015::18:23:53 ===
           ts_search:(5:<0.1713.0>) Dyn Var: no Match (varname=quiz_author), 

=INFO REPORT==== 6-Dec-2015::18:23:53 ===
           ts_search:(5:<0.1679.0>) Dyn Var: no Match (varname=quiz_author), 

=INFO REPORT==== 6-Dec-2015::18:23:53 ===
           ts_search:(5:<0.1202.0>) Dyn Var (RE): no Match (varname=created_quiz_id), 

=INFO REPORT==== 6-Dec-2015::18:23:53 ===
           ts_search:(5:<0.1988.0>) Dyn Var: no Match (varname=quiz_author), 

=INFO REPORT==== 6-Dec-2015::18:23:54 ===
           ts_search:(5:<0.1626.0>) Dyn Var (RE): no Match (varname=created_quiz_id), 

=INFO REPORT==== 6-Dec-2015::18:23:54 ===
           ts_search:(5:<0.1996.0>) Dyn Var: no Match (varname=quiz_author), 

=INFO REPORT==== 6-Dec-2015::18:23:54 ===
           ts_search:(5:<0.1983.0>) Dyn Var (RE): no Match (varname=created_quiz_id), 

=INFO REPORT==== 6-Dec-2015::18:23:55 ===
           ts_search:(5:<0.1882.0>) Dyn Var: no Match (varname=quiz_author), 

=INFO REPORT==== 6-Dec-2015::18:23:55 ===
           ts_search:(5:<0.1701.0>) Dyn Var (RE): no Match (varname=created_quiz_id), 

=INFO REPORT==== 6-Dec-2015::18:23:55 ===
           ts_search:(5:<0.1613.0>) Dyn Var (RE): no Match (varname=created_quiz_id), 

=INFO REPORT==== 6-Dec-2015::18:23:56 ===
           ts_search:(5:<0.1868.0>) Dyn Var (RE): no Match (varname=created_quiz_id), 

=INFO REPORT==== 6-Dec-2015::18:23:56 ===
           ts_search:(5:<0.1794.0>) Dyn Var (RE): no Match (varname=created_quiz_id), 

=INFO REPORT==== 6-Dec-2015::18:23:56 ===
           ts_search:(5:<0.1690.0>) Dyn Var (RE): no Match (varname=created_quiz_id), 

=INFO REPORT==== 6-Dec-2015::18:23:56 ===
           ts_search:(5:<0.1760.0>) Dyn Var (RE): no Match (varname=created_quiz_id), 

=INFO REPORT==== 6-Dec-2015::18:23:56 ===
           ts_search:(5:<0.1673.0>) Dyn Var (RE): no Match (varname=created_quiz_id), 

=INFO REPORT==== 6-Dec-2015::18:23:56 ===
           ts_search:(5:<0.1103.0>) Dyn Var: no Match (varname=quiz_author), 

=INFO REPORT==== 6-Dec-2015::18:23:56 ===
           ts_client:(5:<0.955.0>) connection close while sending message!

=INFO REPORT==== 6-Dec-2015::18:23:56 ===
           ts_client:(5:<0.955.0>) Server must have closed connection upon us, waiting 10 msec

=INFO REPORT==== 6-Dec-2015::18:23:57 ===
           ts_search:(5:<0.955.0>) Dyn Var (RE): no Match (varname=created_quiz_id), 

=INFO REPORT==== 6-Dec-2015::18:23:57 ===
           ts_search:(5:<0.1406.0>) Dyn Var: no Match (varname=quiz_author), 

=INFO REPORT==== 6-Dec-2015::18:23:57 ===
           ts_search:(5:<0.1792.0>) Dyn Var (RE): no Match (varname=created_quiz_id), 

=INFO REPORT==== 6-Dec-2015::18:23:59 ===
           ts_search:(5:<0.1877.0>) Dyn Var (RE): no Match (varname=created_quiz_id), 

=INFO REPORT==== 6-Dec-2015::18:23:59 ===
           ts_search:(5:<0.1820.0>) Dyn Var: no Match (varname=quiz_author), 

=INFO REPORT==== 6-Dec-2015::18:24:00 ===
           ts_search:(5:<0.2007.0>) Dyn Var (RE): no Match (varname=created_quiz_id), 

=INFO REPORT==== 6-Dec-2015::18:24:00 ===
           ts_search:(5:<0.1549.0>) Dyn Var (RE): no Match (varname=created_quiz_id), 

=INFO REPORT==== 6-Dec-2015::18:24:01 ===
           ts_search:(5:<0.1948.0>) Dyn Var (RE): no Match (varname=created_quiz_id), 

=INFO REPORT==== 6-Dec-2015::18:24:01 ===
           ts_search:(5:<0.1835.0>) Dyn Var: no Match (varname=quiz_author), 

=INFO REPORT==== 6-Dec-2015::18:24:02 ===
           ts_search:(5:<0.1831.0>) Dyn Var (RE): no Match (varname=created_quiz_id), 

=INFO REPORT==== 6-Dec-2015::18:24:02 ===
           ts_search:(5:<0.1966.0>) Dyn Var: no Match (varname=quiz_author), 

=INFO REPORT==== 6-Dec-2015::18:24:03 ===
           ts_search:(5:<0.1100.0>) Dyn Var (RE): no Match (varname=created_quiz_id), 

=INFO REPORT==== 6-Dec-2015::18:24:03 ===
           ts_search:(5:<0.1668.0>) Dyn Var: no Match (varname=quiz_author), 

=INFO REPORT==== 6-Dec-2015::18:24:04 ===
           ts_search:(5:<0.1952.0>) Dyn Var (RE): no Match (varname=created_quiz_id), 

=INFO REPORT==== 6-Dec-2015::18:24:04 ===
           ts_search:(5:<0.1735.0>) Dyn Var (RE): no Match (varname=created_quiz_id), 

=INFO REPORT==== 6-Dec-2015::18:24:05 ===
           ts_search:(5:<0.1260.0>) Dyn Var (RE): no Match (varname=created_quiz_id), 

=INFO REPORT==== 6-Dec-2015::18:24:05 ===
           ts_search:(5:<0.1603.0>) Dyn Var: no Match (varname=quiz_author), 

=INFO REPORT==== 6-Dec-2015::18:24:05 ===
           ts_search:(5:<0.1925.0>) Dyn Var (RE): no Match (varname=created_quiz_id), 

=INFO REPORT==== 6-Dec-2015::18:24:06 ===
           ts_search:(5:<0.1788.0>) Dyn Var (RE): no Match (varname=created_quiz_id), 

=INFO REPORT==== 6-Dec-2015::18:24:06 ===
           ts_search:(5:<0.1828.0>) Dyn Var (RE): no Match (varname=created_quiz_id), 

=INFO REPORT==== 6-Dec-2015::18:24:06 ===
           ts_search:(5:<0.1400.0>) Dyn Var: no Match (varname=quiz_author), 

=INFO REPORT==== 6-Dec-2015::18:24:06 ===
           ts_search:(5:<0.1881.0>) Dyn Var (RE): no Match (varname=created_quiz_id), 

=INFO REPORT==== 6-Dec-2015::18:24:07 ===
           ts_search:(5:<0.1821.0>) Dyn Var (RE): no Match (varname=created_quiz_id), 

=INFO REPORT==== 6-Dec-2015::18:24:08 ===
           ts_search:(5:<0.1262.0>) Dyn Var (RE): no Match (varname=created_quiz_id), 

=INFO REPORT==== 6-Dec-2015::18:24:08 ===
           ts_search:(5:<0.1793.0>) Dyn Var (RE): no Match (varname=created_quiz_id), 

=INFO REPORT==== 6-Dec-2015::18:24:09 ===
           ts_search:(5:<0.1991.0>) Dyn Var: no Match (varname=quiz_author), 

=INFO REPORT==== 6-Dec-2015::18:24:09 ===
           ts_search:(5:<0.1911.0>) Dyn Var (RE): no Match (varname=created_quiz_id), 

=INFO REPORT==== 6-Dec-2015::18:24:09 ===
           ts_search:(5:<0.2003.0>) Dyn Var: no Match (varname=quiz_author), 

=INFO REPORT==== 6-Dec-2015::18:24:10 ===
           ts_search:(5:<0.1679.0>) Dyn Var (RE): no Match (varname=created_quiz_id), 

=INFO REPORT==== 6-Dec-2015::18:24:10 ===
           ts_search:(5:<0.1185.0>) Dyn Var (RE): no Match (varname=created_quiz_id), 

=INFO REPORT==== 6-Dec-2015::18:24:10 ===
           ts_search:(5:<0.1505.0>) Dyn Var (RE): no Match (varname=created_quiz_id), 

=INFO REPORT==== 6-Dec-2015::18:24:10 ===
           ts_search:(5:<0.1456.0>) Dyn Var (RE): no Match (varname=created_quiz_id), 

=INFO REPORT==== 6-Dec-2015::18:24:10 ===
           ts_search:(5:<0.1668.0>) Dyn Var (RE): no Match (varname=created_quiz_id), 

=INFO REPORT==== 6-Dec-2015::18:24:10 ===
           ts_search:(5:<0.1713.0>) Dyn Var (RE): no Match (varname=created_quiz_id), 

=INFO REPORT==== 6-Dec-2015::18:24:11 ===
           ts_search:(5:<0.1581.0>) Dyn Var (RE): no Match (varname=created_quiz_id), 

=INFO REPORT==== 6-Dec-2015::18:24:11 ===
           ts_search:(5:<0.1988.0>) Dyn Var (RE): no Match (varname=created_quiz_id), 

=INFO REPORT==== 6-Dec-2015::18:24:15 ===
           ts_search:(5:<0.1769.0>) Dyn Var (RE): no Match (varname=created_quiz_id), 

=INFO REPORT==== 6-Dec-2015::18:24:15 ===
           ts_search:(5:<0.1958.0>) Dyn Var: no Match (varname=quiz_author), 

=INFO REPORT==== 6-Dec-2015::18:24:16 ===
           ts_search:(5:<0.2040.0>) Dyn Var (RE): no Match (varname=created_quiz_id), 

=INFO REPORT==== 6-Dec-2015::18:24:16 ===
           ts_search:(5:<0.1807.0>) Dyn Var (RE): no Match (varname=created_quiz_id), 

=INFO REPORT==== 6-Dec-2015::18:24:16 ===
           ts_search:(5:<0.1835.0>) Dyn Var (RE): no Match (varname=created_quiz_id), 

=INFO REPORT==== 6-Dec-2015::18:24:17 ===
           ts_search:(5:<0.1921.0>) Dyn Var (RE): no Match (varname=created_quiz_id), 

=INFO REPORT==== 6-Dec-2015::18:24:17 ===
           ts_search:(5:<0.1851.0>) Dyn Var (RE): no Match (varname=created_quiz_id), 

=INFO REPORT==== 6-Dec-2015::18:24:18 ===
           ts_search:(5:<0.2028.0>) Dyn Var (RE): no Match (varname=created_quiz_id), 

=INFO REPORT==== 6-Dec-2015::18:24:18 ===
           ts_search:(5:<0.1280.0>) Dyn Var (RE): no Match (varname=created_quiz_id), 

=INFO REPORT==== 6-Dec-2015::18:24:18 ===
           ts_search:(5:<0.1103.0>) Dyn Var (RE): no Match (varname=created_quiz_id), 

=INFO REPORT==== 6-Dec-2015::18:24:19 ===
           ts_search:(5:<0.1830.0>) Dyn Var (RE): no Match (varname=created_quiz_id), 

=INFO REPORT==== 6-Dec-2015::18:24:19 ===
           ts_search:(5:<0.1842.0>) Dyn Var (RE): no Match (varname=created_quiz_id), 

=INFO REPORT==== 6-Dec-2015::18:24:19 ===
           ts_search:(5:<0.1624.0>) Dyn Var (RE): no Match (varname=created_quiz_id), 

=INFO REPORT==== 6-Dec-2015::18:24:22 ===
           ts_search:(5:<0.1803.0>) Dyn Var (RE): no Match (varname=created_quiz_id), 

=INFO REPORT==== 6-Dec-2015::18:24:22 ===
           ts_search:(5:<0.1163.0>) Dyn Var (RE): no Match (varname=created_quiz_id), 

=INFO REPORT==== 6-Dec-2015::18:24:22 ===
           ts_search:(5:<0.1564.0>) Dyn Var (RE): no Match (varname=created_quiz_id), 

=INFO REPORT==== 6-Dec-2015::18:24:22 ===
           ts_search:(5:<0.1053.0>) Dyn Var (RE): no Match (varname=created_quiz_id), 

=INFO REPORT==== 6-Dec-2015::18:24:22 ===
           ts_search:(5:<0.2003.0>) Dyn Var (RE): no Match (varname=created_quiz_id), 

=INFO REPORT==== 6-Dec-2015::18:24:23 ===
           ts_search:(5:<0.1603.0>) Dyn Var (RE): no Match (varname=created_quiz_id), 

=INFO REPORT==== 6-Dec-2015::18:24:23 ===
           ts_search:(5:<0.1400.0>) Dyn Var (RE): no Match (varname=created_quiz_id), 

=INFO REPORT==== 6-Dec-2015::18:24:25 ===
           ts_search:(5:<0.1820.0>) Dyn Var (RE): no Match (varname=created_quiz_id), 

=INFO REPORT==== 6-Dec-2015::18:24:25 ===
           ts_search:(5:<0.1773.0>) Dyn Var (RE): no Match (varname=created_quiz_id), 

=INFO REPORT==== 6-Dec-2015::18:24:25 ===
           ts_search:(5:<0.1852.0>) Dyn Var (RE): no Match (varname=created_quiz_id), 

=INFO REPORT==== 6-Dec-2015::18:24:25 ===
           ts_search:(5:<0.1441.0>) Dyn Var (RE): no Match (varname=created_quiz_id), 

=INFO REPORT==== 6-Dec-2015::18:24:26 ===
           ts_search:(5:<0.1221.0>) Dyn Var (RE): no Match (varname=created_quiz_id), 

=INFO REPORT==== 6-Dec-2015::18:24:26 ===
           ts_search:(5:<0.1438.0>) Dyn Var (RE): no Match (varname=created_quiz_id), 

=INFO REPORT==== 6-Dec-2015::18:24:27 ===
           ts_search:(5:<0.1063.0>) Dyn Var (RE): no Match (varname=created_quiz_id), 

=INFO REPORT==== 6-Dec-2015::18:24:28 ===
           ts_search:(5:<0.1991.0>) Dyn Var (RE): no Match (varname=created_quiz_id), 

=INFO REPORT==== 6-Dec-2015::18:24:30 ===
           ts_search:(5:<0.1208.0>) Dyn Var (RE): no Match (varname=created_quiz_id), 

=INFO REPORT==== 6-Dec-2015::18:24:31 ===
           ts_search:(5:<0.2002.0>) Dyn Var (RE): no Match (varname=created_quiz_id), 

=INFO REPORT==== 6-Dec-2015::18:24:33 ===
           ts_search:(5:<0.1406.0>) Dyn Var (RE): no Match (varname=created_quiz_id), 

=INFO REPORT==== 6-Dec-2015::18:24:34 ===
           ts_search:(5:<0.1816.0>) Dyn Var (RE): no Match (varname=created_quiz_id), 

=INFO REPORT==== 6-Dec-2015::18:24:34 ===
           ts_search:(5:<0.1785.0>) Dyn Var: no Match (varname=quiz_author), 

=INFO REPORT==== 6-Dec-2015::18:24:36 ===
           ts_search:(5:<0.1369.0>) Dyn Var (RE): no Match (varname=created_quiz_id), 

=INFO REPORT==== 6-Dec-2015::18:24:37 ===
           ts_search:(5:<0.1836.0>) Dyn Var (RE): no Match (varname=created_quiz_id), 

=INFO REPORT==== 6-Dec-2015::18:24:40 ===
           ts_search:(5:<0.1168.0>) Dyn Var (RE): no Match (varname=created_quiz_id), 

=INFO REPORT==== 6-Dec-2015::18:24:41 ===
           ts_search:(5:<0.1996.0>) Dyn Var (RE): no Match (varname=created_quiz_id), 

=INFO REPORT==== 6-Dec-2015::18:24:43 ===
           ts_search:(5:<0.1882.0>) Dyn Var (RE): no Match (varname=created_quiz_id), 

=INFO REPORT==== 6-Dec-2015::18:24:44 ===
           ts_search:(5:<0.1169.0>) Dyn Var (RE): no Match (varname=created_quiz_id), 

=INFO REPORT==== 6-Dec-2015::18:24:47 ===
           ts_search:(5:<0.1980.0>) Dyn Var (RE): no Match (varname=created_quiz_id), 

=INFO REPORT==== 6-Dec-2015::18:24:49 ===
           ts_search:(5:<0.895.0>) Dyn Var (RE): no Match (varname=created_quiz_id), 

=INFO REPORT==== 6-Dec-2015::18:24:52 ===
           ts_search:(5:<0.1785.0>) Dyn Var (RE): no Match (varname=created_quiz_id), 

=INFO REPORT==== 6-Dec-2015::18:25:02 ===
           ts_search:(5:<0.1464.0>) Dyn Var: no Match (varname=quiz_author), 

=INFO REPORT==== 6-Dec-2015::18:25:07 ===
           ts_search:(5:<0.1958.0>) Dyn Var (RE): no Match (varname=created_quiz_id), 

=INFO REPORT==== 6-Dec-2015::18:25:08 ===
           ts_search:(5:<0.1998.0>) Dyn Var (RE): no Match (varname=created_quiz_id), 

=INFO REPORT==== 6-Dec-2015::18:25:09 ===
           ts_search:(5:<0.1561.0>) Dyn Var (RE): no Match (varname=created_quiz_id), 

=INFO REPORT==== 6-Dec-2015::18:25:25 ===
           ts_search:(5:<0.1966.0>) Dyn Var (RE): no Match (varname=created_quiz_id), 

=INFO REPORT==== 6-Dec-2015::18:25:30 ===
           ts_search:(5:<0.851.0>) Dyn Var (RE): no Match (varname=created_quiz_id), 

=INFO REPORT==== 6-Dec-2015::18:25:33 ===
           ts_search:(5:<0.1464.0>) Dyn Var (RE): no Match (varname=created_quiz_id), 

=INFO REPORT==== 6-Dec-2015::18:25:46 ===
     ts_launcher_mgr:(5:<0.123.0>) No more active users 'tsung_controller@ip-172-30-3-52' "29317"
