# stats: dump at 1449359631
stats: users 12 12
stats: {cpu,"tsung_controller@ip-172-30-3-224"} 1 7.789822772171308 0 7.789822772171308 7.789822772171308 0 0
stats: {load,"tsung_controller@ip-172-30-3-224"} 1 0.0 0 0.0 0.0 0 0
stats: {freemem,"tsung_controller@ip-172-30-3-224"} 1 3170.92578125 0 3170.92578125 3170.92578125 0 0
stats: users_count 12 12
stats: finish_users_count 0 0
stats: request 17 37.91867244944853 86.27399242834682 366.63818359375 6.037109375 0 0
stats: connect 11 10.499289772727273 30.814687999122544 107.94384765625 0.705078125 0 0
stats: page 17 37.91867244944853 86.27399242834682 366.63818359375 6.037109375 0 0
stats: tr_browse_quizzes_page_1 2 32.8480224609375 11.8338623046875 44.681884765625 21.01416015625 0 0
stats: 200 17 17
stats: tr_index 4 6.81243896484375 0.42814628154876644 7.174072265625 6.08203125 0 0
stats: size_rcv 46026 46026
stats: size_sent 4587 4587
stats: connected 11 11
# stats: dump at 1449359641
stats: users 20 20
stats: {recvpackets,"tsung_controller@ip-172-30-3-224"} 1 126 0 126 126 0 0
stats: {sentpackets,"tsung_controller@ip-172-30-3-224"} 1 130 0 130 130 0 0
stats: {cpu,"tsung_controller@ip-172-30-3-224"} 1 2.7450980392156863 0.0 7.789822772171308 2.7450980392156863 7.789822772171308 1
stats: {load,"tsung_controller@ip-172-30-3-224"} 1 0.0 0.0 0.0 0.0 0.0 1
stats: {freemem,"tsung_controller@ip-172-30-3-224"} 1 3171.1640625 0.0 3171.1640625 3170.92578125 3170.92578125 1
stats: users_count 8 20
stats: finish_users_count 0 0
stats: request 41 15.790199838033542 20.891968345322425 366.63818359375 5.865966796875 37.91867244944853 17
stats: connect 9 0.7384168836805556 0.07669385088698162 107.94384765625 0.64892578125 10.499289772727273 11
stats: page 38 17.041870117187504 23.328634396093225 366.63818359375 5.865966796875 37.91867244944853 17
stats: tr_play_game__ready_page 4 8.20855712890625 2.0416530973403595 11.39111328125 6.18505859375 0 0
stats: 302 3 3
stats: tr_browse_quizzes_page_1 4 21.21160888671875 1.5328533125857884 44.681884765625 19.9931640625 32.8480224609375 2
stats: 200 38 55
stats: tr_play_game__1st_question 4 16.75653076171875 16.519757432645275 45.35693359375 6.732177734375 0 0
stats: size_rcv 102460 148486
stats: tr_play_game__answer_to_question 3 8.958984375 3.687146579379465 14.156982421875 6.001953125 0 0
stats: size_sent 23337 27924
stats: tr_index 3 6.991943359375 0.6244959069925468 7.6298828125 6.08203125 6.81243896484375 4
stats: connected 9 20
stats: tr_quizzes_page_INDEX 2 9.1744384765625 1.3375244140625 10.511962890625 7.8369140625 0 0
# stats: dump at 1449359651
stats: users 27 28
stats: {recvpackets,"tsung_controller@ip-172-30-3-224"} 1 179.0 0.0 179 126 126.0 1
stats: {sentpackets,"tsung_controller@ip-172-30-3-224"} 1 181.0 0.0 181 130 130.0 1
stats: {cpu,"tsung_controller@ip-172-30-3-224"} 1 1.4807502467917077 0.0 7.789822772171308 1.4807502467917077 5.267460405693497 2
stats: {load,"tsung_controller@ip-172-30-3-224"} 1 0.0 0.0 0.0 0.0 0.0 2
stats: {freemem,"tsung_controller@ip-172-30-3-224"} 1 3169.34765625 0.0 3171.1640625 3169.34765625 3171.044921875 2
stats: session 1 24224.093017578125 0 24224.093017578125 24224.093017578125 0 0
stats: users_count 8 28
stats: finish_users_count 1 1
stats: request 77 20.054297509131494 44.50527225480669 366.63818359375 4.415771484375 22.276131465517246 58
stats: connect 8 0.719085693359375 0.08295923382304533 107.94384765625 0.598876953125 6.10689697265625 20
stats: page 66 23.415997129498106 48.228167160529196 366.63818359375 5.803955078125 23.494699928977273 55
stats: tr_play_game__ready_page 7 6.947788783482143 0.4946692463139403 11.39111328125 6.18505859375 8.20855712890625 4
stats: 302 6 9
stats: tr_play_game__leaderboard 1 9.202880859375 0 9.202880859375 9.202880859375 0 0
stats: 200 67 122
stats: tr_question_new_POST 4 4.83343505859375 0.45330400466348136 5.60595703125 4.5048828125 0 0
stats: size_rcv 198827 347313
stats: tr_quiz_new_POST 1 13.593994140625 0 13.593994140625 13.593994140625 0 0
stats: size_sent 53099 81023
stats: tr_friend_requests 1 26.47802734375 0 26.47802734375 26.47802734375 0 0
stats: connected 8 28
stats: tr_browse_quizzes_page_1 7 20.2216796875 1.931902173309538 44.681884765625 18.673828125 25.090413411458332 6
stats: 404 4 4
stats: tr_play_game__1st_question 6 12.191080729166666 10.368019336699067 45.35693359375 6.732177734375 16.75653076171875 4
stats: tr_play_game__answer_to_question 4 6.42816162109375 0.542052459802167 14.156982421875 5.893798828125 8.958984375 3
stats: tr_index 7 11.656633649553571 11.444979262730152 39.67919921875 6.08203125 6.889369419642857 7
stats: tr_quizzes_page_INDEX 3 8.689290364583334 0.33565410715905725 10.511962890625 7.8369140625 9.1744384765625 2
stats: tr_quiz_questions_SHOW 4 7.5909423828125 1.0342227469351335 9.370849609375 6.89892578125 0 0
# stats: dump at 1449359661
stats: users 36 36
stats: {recvpackets,"tsung_controller@ip-172-30-3-224"} 1 393.0 0.0 393 126 152.5 2
stats: {sentpackets,"tsung_controller@ip-172-30-3-224"} 1 383.0 0.0 383 130 155.5 2
stats: {cpu,"tsung_controller@ip-172-30-3-224"} 1 1.8700787401574805 0.0 7.789822772171308 1.4807502467917077 4.005223686059567 3
stats: {load,"tsung_controller@ip-172-30-3-224"} 1 0.0 0.0 0.0 0.0 0.0 3
stats: {freemem,"tsung_controller@ip-172-30-3-224"} 1 3167.421875 0.0 3171.1640625 3167.421875 3170.4791666666665 3
stats: session 3 22609.329345703125 6685.223638398497 32017.77197265625 17099.361083984375 24224.093017578125 1
stats: users_count 12 40
stats: finish_users_count 3 4
stats: request 87 10.068999191810347 12.563829950527907 366.63818359375 4.35107421875 21.008863208912036 135
stats: connect 12 0.9748942057291666 0.6063522442182832 107.94384765625 0.598876953125 4.567522321428571 28
stats: page 80 10.9552734375 13.900469246637014 366.63818359375 5.358154296875 23.451771129261363 121
stats: tr_play_game__ready_page 4 7.3797607421875 1.4321844413386726 11.39111328125 6.18505859375 7.40625 11
stats: 302 2 11
stats: tr_play_game__leaderboard 2 7.3515625 0.892578125 9.202880859375 6.458984375 9.202880859375 1
stats: 200 81 203
stats: tr_question_new_POST 4 4.4888916015625 0.06085287722960912 5.60595703125 4.427978515625 4.83343505859375 4
stats: size_rcv 214538 561851
stats: tr_quiz_new_POST 0 0 0 13.593994140625 13.593994140625 13.593994140625 1
stats: newphase 1 1
stats: tr_friend_requests 2 9.676513671875 0.947509765625 26.47802734375 8.72900390625 26.47802734375 1
stats: size_sent 58516 139539
stats: tr_friends 1 15.183837890625 0 15.183837890625 15.183837890625 0 0
stats: connected 8 36
stats: tr_search_all_users 1 23.429931640625 0 23.429931640625 23.429931640625 0 0
stats: 404 4 8
stats: tr_browse_quizzes_page_1 5 19.206201171875 0.3284738992688999 44.681884765625 18.673828125 22.468787560096153 13
stats: tr_play_game__1st_question 5 8.730419921875 2.3009641533835876 45.35693359375 6.722900390625 14.0172607421875 10
stats: tr_play_game__answer_to_question 4 6.5970458984375 0.4456369824022372 14.156982421875 5.893798828125 7.512799944196429 7
stats: tr_index 8 7.56195068359375 0.7005879486412446 39.67919921875 6.08203125 9.273001534598214 14
stats: tr_quizzes_page_INDEX 1 7.700927734375 0.0 10.511962890625 7.700927734375 8.883349609375 5
stats: tr_quiz_questions_SHOW 4 6.92193603515625 0.04086690005560671 9.370849609375 6.888916015625 7.5909423828125 4
# stats: dump at 1449359671
stats: users 47 47
stats: {recvpackets,"tsung_controller@ip-172-30-3-224"} 1 422.0 0.0 422 126 232.66666666666666 3
stats: {sentpackets,"tsung_controller@ip-172-30-3-224"} 1 427.0 0.0 427 130 231.33333333333334 3
stats: {cpu,"tsung_controller@ip-172-30-3-224"} 1 1.6798418972332017 0.0 7.789822772171308 1.4807502467917077 3.4714374495840454 4
stats: {load,"tsung_controller@ip-172-30-3-224"} 1 0.0 0.0 0.0 0.0 0.0 4
stats: {freemem,"tsung_controller@ip-172-30-3-224"} 1 3166.59765625 0.0 3171.1640625 3166.59765625 3169.71484375 4
stats: session 4 31948.858154296875 3298.4359712997566 36162.100830078125 17099.361083984375 23013.020263671875 4
stats: users_count 15 55
stats: finish_users_count 4 8
stats: request 161 13.727058363256987 38.39963123504128 468.073974609375 4.345947265625 16.72161920221002 222
stats: connect 14 0.7235630580357143 0.07915173258943706 107.94384765625 0.598876953125 3.48973388671875 40
stats: page 136 16.27048986098346 42.460641806689154 474.821044921875 5.358154296875 18.478040704679728 201
stats: tr_play_game__ready_page 8 6.890899658203125 0.7865012063909845 11.39111328125 6.18505859375 7.399186197916666 15
stats: 302 6 17
stats: tr_play_game__leaderboard 1 6.862060546875 0.0 9.202880859375 6.458984375 7.968668619791667 3
stats: 200 139 342
stats: tr_question_new_POST 16 4.820281982421875 0.680101848645354 7.305908203125 4.427001953125 4.661163330078125 8
stats: size_rcv 393521 955372
stats: tr_quiz_new_POST 2 23.10400390625 11.552978515625 34.656982421875 11.551025390625 13.593994140625 1
stats: newphase 0 1
stats: tr_friend_requests 5 12.4025390625 5.640055635411211 26.47802734375 7.8408203125 15.277018229166666 3
stats: size_sent 117334 256873
stats: tr_friends 1 32.33203125 0.0 32.33203125 15.183837890625 15.183837890625 1
stats: connected 10 46
stats: tr_search_all_users 0 0 0 23.429931640625 23.429931640625 23.429931640625 1
stats: 404 16 24
stats: tr_browse_quizzes_page_1 9 21.303819444444443 2.749295284332028 44.681884765625 18.673828125 21.562513563368057 18
stats: tr_play_game__1st_question 7 7.144984654017857 0.5782760868757361 45.35693359375 6.504150390625 12.25498046875 15
stats: tr_play_game__answer_to_question 7 5.721819196428571 0.2481014799088229 14.156982421875 5.423095703125 7.179798473011363 11
stats: tr_index 7 6.788992745535714 0.5091292814894731 39.67919921875 6.074951171875 8.650801225142045 22
stats: tr_quizzes_page_INDEX 2 20.56201171875 12.8369140625 33.39892578125 7.700927734375 8.686279296875 6
stats: tr_quiz_questions_SHOW 16 7.01910400390625 0.16669977251708393 9.370849609375 6.825927734375 7.256439208984375 8
# stats: dump at 1449359681
stats: users 42 48
stats: {recvpackets,"tsung_controller@ip-172-30-3-224"} 1 763.0 0.0 763 126 280.0 4
stats: {sentpackets,"tsung_controller@ip-172-30-3-224"} 1 736.0 0.0 736 130 280.25 4
stats: {cpu,"tsung_controller@ip-172-30-3-224"} 1 2.65748031496063 0.0 7.789822772171308 1.4807502467917077 3.1131183391138766 5
stats: {load,"tsung_controller@ip-172-30-3-224"} 1 0.0 0.0 0.0 0.0 0.0 5
stats: {freemem,"tsung_controller@ip-172-30-3-224"} 1 3164.046875 0.0 3171.1640625 3164.046875 3169.09140625 5
stats: session 13 33666.453481820914 12957.606391478692 56166.1279296875 13992.4951171875 27480.939208984375 8
stats: users_count 8 63
stats: finish_users_count 13 21
stats: request 234 10.602857279981295 12.341834017758048 468.073974609375 4.31787109375 15.462809032310705 383
stats: connect 9 0.6880154079861112 0.0563933071040452 107.94384765625 0.598876953125 2.772578486689815 54
stats: page 185 13.443639146959459 14.424239404742401 474.821044921875 5.358154296875 17.58715965203079 337
stats: tr_play_game__ready_page 8 6.736297607421875 0.3925299057360854 11.39111328125 6.18212890625 7.222390879755435 23
stats: 302 6 23
stats: tr_play_game__leaderboard 5 7.2830078125 1.1583153233854706 9.52197265625 6.387939453125 7.6920166015625 4
stats: 200 196 538
stats: tr_question_new_POST 32 4.702949523925783 0.4909355355998923 7.305908203125 4.409912109375 4.767242431640625 24
stats: size_rcv 673786 1629158
stats: tr_quiz_new_POST 4 12.61273193359375 0.7503195792050503 34.656982421875 11.551025390625 19.934000651041668 3
stats: newphase 0 1
stats: tr_friend_requests 4 13.643798828125 8.777072484671981 28.833984375 7.8408203125 13.48046875 8
stats: size_sent 184727 441600
stats: tr_friends 7 13.781215122767858 1.414327742177823 32.33203125 12.5908203125 23.7579345703125 2
stats: connected -3 43
stats: tr_search_all_users 6 21.8458251953125 2.2446169202516493 25.35205078125 18.78515625 23.429931640625 1
stats: 404 32 56
stats: tr_browse_quizzes_page_1 7 19.996547154017858 1.6676954244101971 44.681884765625 18.135986328125 21.47628219039352 27
stats: tr_play_game__1st_question 8 6.7852783203125 0.5191037850264548 45.35693359375 6.178955078125 10.629072709517045 22
stats: tr_play_game__answer_to_question 8 6.42205810546875 0.8663199591597966 14.156982421875 5.423095703125 6.612806532118055 18
stats: tr_index 5 6.618359375 0.3897558201030477 39.67919921875 6.074951171875 8.201399178340518 29
stats: tr_quizzes_page_INDEX 2 8.195068359375 0.093994140625 33.39892578125 7.700927734375 11.65521240234375 8
stats: tr_quiz_questions_SHOW 32 7.6351470947265625 2.1203133550190136 18.47607421875 6.781005859375 7.098215738932292 24
# stats: dump at 1449359691
stats: users 48 48
stats: {recvpackets,"tsung_controller@ip-172-30-3-224"} 1 797.0 0.0 797 126 376.6 5
stats: {sentpackets,"tsung_controller@ip-172-30-3-224"} 1 733.0 0.0 736 130 371.4 5
stats: {cpu,"tsung_controller@ip-172-30-3-224"} 1 2.561576354679803 0.0 7.789822772171308 1.4807502467917077 3.037178668421669 6
stats: {load,"tsung_controller@ip-172-30-3-224"} 1 0.0 0.0 0.0 0.0 0.0 6
stats: {freemem,"tsung_controller@ip-172-30-3-224"} 1 3163.6015625 0.0 3171.1640625 3163.6015625 3168.2506510416665 6
stats: session 8 36248.356994628906 12248.902348138368 56166.1279296875 13992.4951171875 31310.067092168898 21
stats: users_count 14 77
stats: finish_users_count 8 29
stats: request 156 9.450680463741982 12.058522367614668 468.073974609375 4.31787109375 13.619650669190637 617
stats: connect 13 0.69091796875 0.05907318378804438 107.94384765625 0.587890625 2.4747837611607144 63
stats: page 134 11.021420606926306 13.787038653140886 474.821044921875 5.358154296875 16.118670584141523 522
stats: tr_play_game__ready_page 7 6.354771205357143 0.13345708962784272 11.39111328125 6.0439453125 7.096947454637097 31
stats: 302 4 27
stats: tr_play_game__leaderboard 7 6.611886160714286 0.21614098088139233 9.52197265625 6.387939453125 7.464789496527778 9
stats: 200 136 674
stats: tr_question_new_POST 16 4.87939453125 0.901797566932876 7.320068359375 4.409912109375 4.730503627232144 56
stats: size_rcv 369366 1998524
stats: tr_quiz_new_POST 2 12.25 1.136962890625 34.656982421875 11.113037109375 15.750418526785714 7
stats: newphase 1 2
stats: tr_friend_requests 1 8.3349609375 0.0 28.833984375 7.8408203125 13.534912109375 12
stats: size_sent 116859 558459
stats: tr_friends 0 0 0 32.33203125 12.5908203125 15.99826388888889 9
stats: connected 4 47
stats: tr_search_all_users 2 19.14501953125 0.72607421875 25.35205078125 18.4189453125 22.072126116071427 7
stats: 404 16 72
stats: tr_browse_quizzes_page_1 4 19.79901123046875 1.3261571709178672 44.681884765625 18.135986328125 21.171630859375 34
stats: tr_play_game__1st_question 6 7.059000651041667 0.40845197588883886 45.35693359375 6.178955078125 9.604060872395833 30
stats: tr_play_game__answer_to_question 7 5.832763671875 0.28979035283342247 14.156982421875 5.423095703125 6.554114708533654 26
stats: tr_index 5 6.51240234375 0.5717850035847406 39.67919921875 5.80419921875 7.968599207261029 34
stats: tr_quizzes_page_INDEX 1 7.4560546875 0.0 33.39892578125 7.4560546875 10.96318359375 10
stats: tr_quiz_questions_SHOW 16 6.9545745849609375 0.15465570250051214 18.47607421875 6.781005859375 7.405033656529018 56
# stats: dump at 1449359701
stats: users 56 58
stats: {recvpackets,"tsung_controller@ip-172-30-3-224"} 1 603.0 0.0 797 126 446.6666666666667 6
stats: {sentpackets,"tsung_controller@ip-172-30-3-224"} 1 600.0 0.0 736 130 431.6666666666667 6
stats: {cpu,"tsung_controller@ip-172-30-3-224"} 1 1.9782393669634024 0.0 7.789822772171308 1.4807502467917077 2.96923548074426 7
stats: {load,"tsung_controller@ip-172-30-3-224"} 1 0.0 0.0 0.0 0.0 0.0 7
stats: {freemem,"tsung_controller@ip-172-30-3-224"} 1 3163.953125 0.0 3171.1640625 3163.6015625 3167.586495535714 7
stats: session 7 32397.923235212053 11970.588157428978 56166.1279296875 10585.522216796875 32672.353961813038 29
stats: users_count 15 92
stats: finish_users_count 7 36
stats: request 120 11.242038981119789 15.117318386207694 468.073974609375 4.31787109375 12.778306099915099 773
stats: connect 16 0.71429443359375 0.12538031003837477 107.94384765625 0.5810546875 2.1696488229851973 76
stats: page 112 12.04839651925223 16.78167624581029 474.821044921875 5.358154296875 15.077464033917684 656
stats: tr_play_game__ready_page 3 6.946370442708333 0.49961959090072683 11.39111328125 6.0439453125 6.9602307771381575 38
stats: 302 5 32
stats: tr_play_game__leaderboard 5 6.89453125 0.32191198192100445 9.52197265625 6.387939453125 7.091644287109375 16
stats: 200 115 789
stats: tr_question_new_POST 0 0 0 7.320068359375 4.409912109375 4.763590494791668 72
stats: size_rcv 272673 2271197
stats: tr_quiz_new_POST 0 0 0 34.656982421875 11.113037109375 14.972547743055555 9
stats: newphase 0 2
stats: tr_friend_requests 6 8.847981770833334 0.5611324050795031 28.833984375 7.8408203125 13.134915865384615 13
stats: size_sent 79334 637793
stats: tr_friends 3 14.186279296875 1.8617817131576466 32.33203125 12.3818359375 15.99826388888889 9
stats: connected 10 57
stats: tr_search_all_users 1 23.347900390625 0.0 25.35205078125 18.4189453125 21.42165798611111 9
stats: 404 0 72
stats: tr_browse_quizzes_page_1 6 19.475504557291668 0.5444687296463847 44.681884765625 18.135986328125 21.027144582648027 38
stats: tr_play_game__1st_question 5 7.34267578125 0.6698854237418309 45.35693359375 6.178955078125 9.179884168836805 36
stats: tr_play_game__answer_to_question 5 7.215673828125 1.1573485913541715 14.156982421875 5.423095703125 6.4011008522727275 33
stats: tr_index 5 6.459228515625 0.4832427789550201 39.67919921875 5.80419921875 7.7819073016826925 39
stats: tr_quizzes_page_INDEX 0 0 0 33.39892578125 7.4560546875 10.644353693181818 11
stats: tr_quiz_questions_SHOW 0 0 0 18.47607421875 6.781005859375 7.304931640625 72
# stats: dump at 1449359711
stats: users 60 62
stats: {recvpackets,"tsung_controller@ip-172-30-3-224"} 1 742.0 0.0 797 126 469.0 7
stats: {sentpackets,"tsung_controller@ip-172-30-3-224"} 1 714.0 0.0 736 130 455.7142857142857 7
stats: {cpu,"tsung_controller@ip-172-30-3-224"} 1 2.4582104228121926 0.0 7.789822772171308 1.4807502467917077 2.845360966521653 8
stats: {load,"tsung_controller@ip-172-30-3-224"} 1 0.0 0.0 0.0 0.0 0.0 8
stats: {freemem,"tsung_controller@ip-172-30-3-224"} 1 3161.7734375 0.0 3171.1640625 3161.7734375 3167.13232421875 8
stats: session 17 42630.346492991725 19256.095882036963 85495.51708984375 10585.522216796875 32618.992431640625 36
stats: users_count 21 113
stats: finish_users_count 17 53
stats: request 216 11.056908501519104 12.840406418272792 468.073974609375 4.31787109375 12.571864829752236 893
stats: connect 21 0.6934058779761905 0.059461083740771074 107.94384765625 0.546875 1.9165437117866848 92
stats: page 182 13.140608902815936 14.869315736010385 474.821044921875 5.358154296875 14.635725021362305 768
stats: tr_play_game__ready_page 8 7.10272216796875 0.4097966706958351 11.39111328125 6.0439453125 6.959216606326219 41
stats: 302 6 38
stats: tr_play_game__leaderboard 9 7.367892795138889 0.4234685970779716 9.52197265625 6.387939453125 7.044712611607143 21
stats: 200 194 983
stats: tr_question_new_POST 16 5.0578155517578125 0.918294245126497 7.44482421875 4.409912109375 4.763590494791668 72
stats: size_rcv 625006 2896203
stats: tr_quiz_new_POST 2 12.70703125 0.875 34.656982421875 11.113037109375 14.972547743055555 9
stats: newphase 0 2
stats: tr_friend_requests 5 10.608203125 1.0893024306164862 28.833984375 7.8408203125 11.781147203947368 19
stats: size_sent 157333 795126
stats: tr_friends 10 13.8168212890625 1.388104205201202 32.33203125 12.3818359375 15.545267740885416 12
stats: connected 4 61
stats: tr_search_all_users 6 20.354817708333332 1.5578295183968633 25.35205078125 18.4189453125 21.6142822265625 10
stats: 404 16 88
stats: tr_browse_quizzes_page_1 10 21.4326904296875 2.725765376374155 44.681884765625 18.135986328125 20.815557306463067 44
stats: tr_play_game__1st_question 6 7.454345703125 1.538123262144262 45.35693359375 6.178955078125 8.955834365472562 41
stats: tr_play_game__answer_to_question 6 11.584065755208334 11.61753032999102 37.5380859375 5.423095703125 6.508281506990132 38
stats: tr_index 13 6.7169658954326925 0.3381999523409874 39.67919921875 5.80419921875 7.631602894176137 44
stats: tr_quizzes_page_INDEX 0 0 0 33.39892578125 7.4560546875 10.644353693181818 11
stats: tr_quiz_questions_SHOW 16 7.0649566650390625 0.16324777553763045 18.47607421875 6.781005859375 7.304931640625 72
# stats: dump at 1449359721
stats: users 80 80
stats: {recvpackets,"tsung_controller@ip-172-30-3-224"} 1 892.0 0.0 892 126 503.125 8
stats: {sentpackets,"tsung_controller@ip-172-30-3-224"} 1 856.0 0.0 856 130 488.0 8
stats: {cpu,"tsung_controller@ip-172-30-3-224"} 1 2.848722986247544 0.0 7.789822772171308 1.4807502467917077 2.802344239442824 9
stats: {load,"tsung_controller@ip-172-30-3-224"} 1 0.0 0.0 0.0 0.0 0.0 9
stats: {freemem,"tsung_controller@ip-172-30-3-224"} 1 3160.8125 0.0 3171.1640625 3160.8125 3166.5368923611113 9
stats: session 10 47562.15869140625 22521.008564768188 94193.65502929688 10585.522216796875 35830.181470187206 53
stats: users_count 30 143
stats: finish_users_count 10 63
stats: request 175 14.539570312499997 19.310943431873667 468.073974609375 4.31787109375 12.276796690078335 1109
stats: connect 29 0.6822467672413792 0.07545689106777635 107.94384765625 0.533935546875 1.689234910813053 113
stats: page 160 15.906785583496093 21.615948623390846 474.821044921875 5.358154296875 14.349292249177632 950
stats: tr_play_game__ready_page 8 7.068267822265625 0.9546152326129571 11.39111328125 6.0439453125 6.982646085778061 49
stats: 302 13 51
stats: tr_play_game__leaderboard 3 6.850341796875 0.22870760512645802 9.52197265625 6.387939453125 7.141666666666667 30
stats: 200 162 1145
stats: tr_question_new_POST 0 0 0 7.44482421875 4.409912109375 4.817085959694603 88
stats: size_rcv 493944 3390147
stats: tr_quiz_new_POST 0 0 0 34.656982421875 11.113037109375 14.560635653409092 11
stats: newphase 1 3
stats: tr_friend_requests 5 12.972607421875 7.792671105994026 28.833984375 7.8408203125 11.536783854166666 24
stats: size_sent 110087 905213
stats: tr_friends 2 12.9129638671875 0.2120361328125 32.33203125 12.3818359375 14.759610262784092 22
stats: connected 18 79
stats: tr_search_all_users 5 19.723974609375 0.4832099340478716 25.35205078125 18.4189453125 21.141983032226563 16
stats: 404 0 88
stats: tr_browse_quizzes_page_1 13 20.325307992788467 1.7489156785831046 44.681884765625 18.135986328125 20.929841218171298 54
stats: tr_play_game__1st_question 8 6.95587158203125 0.22027132955003542 45.35693359375 6.178955078125 8.764154961768618 47
stats: tr_play_game__answer_to_question 8 8.112030029296875 3.08906299463108 37.5380859375 5.423095703125 7.200433904474432 44
stats: tr_index 14 6.621651785714286 0.4401525972828057 39.67919921875 5.80419921875 7.423001473410087 57
stats: tr_quizzes_page_INDEX 6 7.5037841796875 0.38282435262587083 33.39892578125 7.100830078125 10.644353693181818 11
stats: tr_quiz_questions_SHOW 0 0 0 18.47607421875 6.781005859375 7.2612998268821025 88
# stats: dump at 1449359731
stats: users 103 103
stats: {recvpackets,"tsung_controller@ip-172-30-3-224"} 1 991.0 0.0 991 126 546.3333333333334 9
stats: {sentpackets,"tsung_controller@ip-172-30-3-224"} 1 905.0 0.0 905 130 528.8888888888889 9
stats: {cpu,"tsung_controller@ip-172-30-3-224"} 1 3.152709359605911 0.0 7.789822772171308 1.4807502467917077 2.8069821141232962 10
stats: {load,"tsung_controller@ip-172-30-3-224"} 1 0.0 0.0 0.0 0.0 0.0 10
stats: {freemem,"tsung_controller@ip-172-30-3-224"} 1 3160.10546875 0.0 3171.1640625 3160.10546875 3165.964453125 10
stats: session 7 33074.760044642855 17418.365261395895 94193.65502929688 10585.522216796875 37692.40007672991 63
stats: users_count 30 173
stats: finish_users_count 7 70
stats: request 243 11.525718155221192 14.823106482926699 468.073974609375 4.31787109375 12.585196521794684 1284
stats: connect 29 0.732152478448276 0.10601775502900705 107.94384765625 0.533935546875 1.483582402618838 142
stats: page 208 13.481015718900238 17.17251601984861 474.821044921875 5.358154296875 14.573795792863177 1110
stats: tr_play_game__ready_page 17 7.470545151654412 1.9051000588905613 13.677001953125 6.0439453125 6.994663171600878 57
stats: 302 10 61
stats: tr_play_game__leaderboard 3 7.728352864583333 1.149259456210672 9.52197265625 6.387939453125 7.115182587594697 33
stats: 200 217 1362
stats: tr_question_new_POST 16 5.414306640625 2.0346593799414365 12.9248046875 4.409912109375 4.817085959694603 88
stats: size_rcv 654448 4044595
stats: tr_quiz_new_POST 2 12.83447265625 0.08251953125 34.656982421875 11.113037109375 14.560635653409092 11
stats: newphase 0 3
stats: tr_friend_requests 7 9.200299944196429 1.3034536034100692 28.833984375 7.8408203125 11.784339641702585 29
stats: size_sent 166907 1072120
stats: tr_friends 7 13.997767857142858 0.8568074245561083 32.33203125 12.3818359375 14.605723063151041 24
stats: connected 21 100
stats: tr_search_all_users 4 19.33673095703125 0.8445962684121818 25.35205078125 18.369873046875 20.804361979166668 21
stats: 404 16 104
stats: tr_browse_quizzes_page_1 12 19.3167724609375 0.31560511479197645 44.681884765625 18.135986328125 20.812543726679106 67
stats: tr_play_game__1st_question 18 7.428534613715278 1.450814856665832 45.35693359375 6.178955078125 8.50113192471591 55
stats: tr_play_game__answer_to_question 5 6.142041015625 0.3833435858861968 37.5380859375 5.423095703125 7.340679462139423 52
stats: tr_index 9 6.593641493055555 0.4017299197727398 39.67919921875 5.80419921875 7.264988858934859 71
stats: tr_quizzes_page_INDEX 5 7.742626953125 0.6066210879331977 33.39892578125 7.083984375 9.535917394301471 17
stats: tr_quiz_questions_SHOW 16 7.3040313720703125 0.35638879530431267 18.47607421875 6.781005859375 7.2612998268821025 88
# stats: dump at 1449359741
stats: users 133 133
stats: {recvpackets,"tsung_controller@ip-172-30-3-224"} 1 1111.0 0.0 1111 126 590.8 10
stats: {sentpackets,"tsung_controller@ip-172-30-3-224"} 1 1071.0 0.0 1071 130 566.5 10
stats: {cpu,"tsung_controller@ip-172-30-3-224"} 1 3.5398230088495577 0.0 7.789822772171308 1.4807502467917077 2.838411863712625 11
stats: {load,"tsung_controller@ip-172-30-3-224"} 1 0.0 0.0 0.0 0.0 0.0 11
stats: {freemem,"tsung_controller@ip-172-30-3-224"} 1 3159.03125 0.0 3171.1640625 3159.03125 3165.431818181818 11
stats: session 15 43270.40213216145 21627.67702839825 96269.69213867188 10585.522216796875 37230.63607352121 70
stats: users_count 45 218
stats: finish_users_count 15 85
stats: request 306 11.055485345179742 14.72727924192025 468.073974609375 4.31787109375 12.416595838705383 1527
stats: connect 48 0.7174987792968749 0.1505984618606269 107.94384765625 0.533935546875 1.3561469184027777 171
stats: page 281 12.045704688890128 16.47421890032744 474.821044921875 5.27001953125 14.401338846441105 1318
stats: tr_play_game__ready_page 13 7.103515625 1.0239078339223018 13.677001953125 6.0439453125 7.103987410261825 74
stats: 302 12 73
stats: tr_play_game__leaderboard 4 7.248291015625 0.4983174206299256 9.52197265625 6.387939453125 7.166280110677083 36
stats: 200 286 1648
stats: tr_question_new_POST 8 4.641326904296875 0.11449332702939041 12.9248046875 4.409912109375 4.908966064453126 104
stats: size_rcv 774453 4819048
stats: tr_quiz_new_POST 1 12.2158203125 0.0 34.656982421875 11.113037109375 14.295072115384615 13
stats: newphase 0 3
stats: tr_friend_requests 9 8.372667100694445 0.6502564551045876 28.833984375 7.702880859375 11.28188747829861 36
stats: size_sent 201823 1273943
stats: tr_friends 4 14.2247314453125 1.5053065778312102 32.33203125 12.3818359375 14.468442855342742 31
stats: connected 33 133
stats: tr_search_all_users 6 19.288981119791668 0.5421855898385869 25.35205078125 18.369873046875 20.569541015625 25
stats: 404 8 112
stats: tr_browse_quizzes_page_1 17 19.845588235294116 0.7128508606309039 44.681884765625 18.135986328125 20.585337964794302 79
stats: tr_play_game__1st_question 10 6.9834228515625 0.8407785895758682 45.35693359375 6.178955078125 8.236655875428083 73
stats: tr_play_game__answer_to_question 20 6.0475830078125 0.4550565061222933 37.5380859375 5.423095703125 7.235535738760965 57
stats: tr_index 24 6.967620849609375 1.1122445322448546 39.67919921875 5.80419921875 7.189462280273437 80
stats: tr_quizzes_page_INDEX 2 7.5640869140625 0.2669677734375 33.39892578125 7.083984375 9.128351384943182 22
stats: tr_quiz_questions_SHOW 8 7.13165283203125 0.11477263123463621 18.47607421875 6.781005859375 7.267873910757212 104
# stats: dump at 1449359751
stats: users 175 175
stats: {recvpackets,"tsung_controller@ip-172-30-3-224"} 1 1441.0 0.0 1441 126 638.0909090909091 11
stats: {sentpackets,"tsung_controller@ip-172-30-3-224"} 1 1433.0 0.0 1433 130 612.3636363636364 11
stats: {cpu,"tsung_controller@ip-172-30-3-224"} 1 4.705882352941177 0.0 7.789822772171308 1.4807502467917077 2.8968627924740367 12
stats: {load,"tsung_controller@ip-172-30-3-224"} 1 0.0 0.0 0.0 0.0 0.0 12
stats: {freemem,"tsung_controller@ip-172-30-3-224"} 1 3155.53515625 0.0 3171.1640625 3155.53515625 3164.8984375 12
stats: session 22 37003.6054798473 16708.9353527385 96269.69213867188 10585.522216796875 38296.47714269302 85
stats: users_count 64 282
stats: finish_users_count 22 107
stats: request 574 12.714940725718643 22.573175634160673 468.073974609375 4.31787109375 12.189372810326308 1833
stats: connect 63 0.7085852244543651 0.25488907184544146 107.94384765625 0.533935546875 1.2161692440781962 219
stats: page 475 15.386767578125014 25.27358943524702 474.821044921875 5.27001953125 13.987371868159787 1599
stats: tr_play_game__ready_page 23 7.2852305536684785 1.05606240218969 13.677001953125 6.0439453125 7.103916913613506 87
stats: 302 22 95
stats: tr_play_game__leaderboard 9 7.000081380208333 0.3855675410613461 9.52197265625 6.387939453125 7.174481201171875 40
stats: 200 496 2144
stats: tr_question_new_POST 56 5.099849155970981 1.009868441078825 12.9248046875 4.409912109375 4.889848981584822 112
stats: size_rcv 1683287 6502335
stats: tr_quiz_new_POST 7 12.799002511160714 1.5491220230889244 34.656982421875 11.113037109375 14.146554129464286 14
stats: newphase 1 4
stats: tr_friend_requests 11 8.762073863636363 0.7389751611002989 28.833984375 7.702880859375 10.700043402777778 45
stats: size_sent 408006 1681949
stats: tr_friends 14 15.623116629464286 3.472558094396857 32.33203125 12.3818359375 14.440590122767857 35
stats: connected 41 174
stats: tr_search_all_users 12 20.178873697916668 2.146036881449928 26.22607421875 18.369873046875 20.321690713205644 31
stats: 404 56 168
stats: tr_browse_quizzes_page_1 34 21.319781135110293 2.8576541938072095 44.681884765625 18.135986328125 20.454340616861977 96
stats: tr_play_game__1st_question 22 7.279818448153409 1.2330758954884227 45.35693359375 6.178955078125 8.085663944841867 83
stats: tr_play_game__answer_to_question 13 6.759239783653846 1.0002660390405114 37.5380859375 5.423095703125 6.926976587865259 77
stats: tr_index 31 7.725916708669355 1.7574159745636442 39.67919921875 5.80419921875 7.138268103966346 104
stats: tr_quizzes_page_INDEX 10 10.2252197265625 3.2580760588483533 33.39892578125 7.083984375 8.997996012369791 24
stats: tr_quiz_questions_SHOW 56 7.404261997767857 0.7729405357859381 18.47607421875 6.781005859375 7.258143833705357 112
# stats: dump at 1449359761
stats: users 221 221
stats: {recvpackets,"tsung_controller@ip-172-30-3-224"} 1 2575.0 0.0 2575 126 705.0 12
stats: {sentpackets,"tsung_controller@ip-172-30-3-224"} 1 2398.0 0.0 2398 130 680.75 12
stats: {cpu,"tsung_controller@ip-172-30-3-224"} 1 6.078431372549019 0.0 7.789822772171308 1.4807502467917077 3.036018143279201 13
stats: {load,"tsung_controller@ip-172-30-3-224"} 1 0.0 0.0 0.0 0.0 0.0 13
stats: {freemem,"tsung_controller@ip-172-30-3-224"} 1 3149.56640625 0.0 3171.1640625 3149.56640625 3164.178185096154 13
stats: session 29 37924.51718244881 16757.88946526519 96269.69213867188 6350.696044921875 38030.653062481746 107
stats: users_count 75 357
stats: finish_users_count 29 136
stats: request 562 12.553807377391019 16.70532818240922 468.073974609375 4.31787109375 12.314705582837815 2407
stats: connect 75 0.6836360677083332 0.10659810336256528 107.94384765625 0.533935546875 1.102772814162234 282
stats: page 498 14.177479449046185 18.908852272770833 474.821044921875 5.27001953125 14.307869921309972 2074
stats: tr_play_game__ready_page 34 6.964563706341912 0.9328947295297468 13.677001953125 5.9951171875 7.141827947443182 110
stats: 302 28 123
stats: tr_play_game__leaderboard 14 7.962663922991071 1.6464386897024426 12.984130859375 6.387939453125 7.142448580994898 49
stats: 200 510 2654
stats: tr_question_new_POST 24 5.062967936197916 0.8208606490622328 12.9248046875 4.409912109375 4.959849039713542 168
stats: size_rcv 1471110 7973445
stats: tr_quiz_new_POST 3 12.909261067708334 1.5301145162575827 34.656982421875 11.113037109375 13.697370256696429 21
stats: newphase 0 4
stats: tr_friend_requests 13 9.02251727764423 1.3359452809090344 28.833984375 7.702880859375 10.319370814732142 56
stats: size_sent 380814 2062763
stats: tr_friends 9 13.914686414930555 1.4682863063147669 32.33203125 12.3818359375 14.778454838966837 49
stats: connected 46 220
stats: tr_search_all_users 11 19.74820223721591 1.3293455310005584 26.22607421875 18.10009765625 20.28183480196221 43
stats: 404 24 192
stats: tr_browse_quizzes_page_1 30 20.794962565104168 3.0520426794671036 44.681884765625 17.91015625 20.680686598557692 130
stats: tr_play_game__1st_question 34 7.419864430147059 1.0577353560117106 45.35693359375 6.178955078125 7.916820126488095 105
stats: tr_play_game__answer_to_question 24 9.579467773437498 13.514981222898816 73.8759765625 5.423095703125 6.902747938368056 90
stats: tr_index 35 6.813002232142857 0.7713821115833729 39.67919921875 5.80419921875 7.273209635416666 135
stats: tr_quizzes_page_INDEX 11 8.781649502840908 1.21142110826511 33.39892578125 7.083984375 9.358944163602942 34
stats: tr_quiz_questions_SHOW 24 7.568003336588542 0.748277899022327 18.47607421875 6.781005859375 7.306849888392857 168
# stats: dump at 1449359771
stats: users 280 281
stats: {recvpackets,"tsung_controller@ip-172-30-3-224"} 1 2667.0 0.0 2667 126 848.8461538461538 13
stats: {sentpackets,"tsung_controller@ip-172-30-3-224"} 1 2609.0 0.0 2609 130 812.8461538461538 13
stats: {cpu,"tsung_controller@ip-172-30-3-224"} 1 7.233626588465299 0.0 7.789822772171308 1.4807502467917077 3.253333373941331 14
stats: {load,"tsung_controller@ip-172-30-3-224"} 1 0.0 0.0 0.0 0.0 0.0 14
stats: {freemem,"tsung_controller@ip-172-30-3-224"} 1 3143.69140625 0.0 3171.1640625 3143.69140625 3163.1344866071427 14
stats: session 30 34950.411336263 15213.964007151839 96269.69213867188 5228.865966796875 38008.02114688649 136
stats: users_count 89 446
stats: finish_users_count 30 166
stats: request 774 13.15863210594315 25.30935708707785 468.073974609375 4.31787109375 12.359964999657924 2969
stats: connect 89 0.6751777563202246 0.14141646356601503 107.94384765625 0.533935546875 1.0147188758315824 357
stats: page 674 15.118525202267254 27.907608384678117 474.821044921875 5.27001953125 14.282623243554387 2572
stats: tr_play_game__ready_page 42 7.495750790550595 1.5151034007354622 13.677001953125 5.9951171875 7.099973890516493 144
stats: 302 31 154
stats: tr_play_game__leaderboard 19 7.188707853618421 0.9651603982996857 12.984130859375 6.387939453125 7.3247186569940474 63
stats: 200 695 3349
stats: tr_question_new_POST 48 5.4183502197265625 1.2585503948066772 12.9248046875 4.409912109375 4.972738901774089 192
stats: size_rcv 2049703 10023148
stats: tr_quiz_new_POST 6 76.07759602864583 142.65227734614018 395.056884765625 11.113037109375 13.598856608072916 24
stats: newphase 0 4
stats: tr_friend_requests 24 9.974548339843752 4.6764126116093205 31.651123046875 7.702880859375 10.075036090353262 69
stats: size_sent 536046 2598809
stats: tr_friends 15 14.952018229166667 2.3559426591521544 32.33203125 12.3818359375 14.644421807650861 58
stats: connected 61 281
stats: tr_search_all_users 10 22.4613037109375 3.554204932773051 28.68603515625 18.10009765625 20.17313187210648 54
stats: 404 48 240
stats: tr_browse_quizzes_page_1 50 29.296083984375 56.62800884249774 424.775146484375 17.91015625 20.702113342285156 160
stats: tr_play_game__1st_question 36 7.291314019097222 1.012760949669864 45.35693359375 6.178955078125 7.795262618030575 139
stats: tr_play_game__answer_to_question 38 8.90454744037829 12.999414913732103 87.7548828125 5.423095703125 7.466267903645833 114
stats: tr_index 50 6.9246240234375 0.9709451045268609 39.67919921875 5.781005859375 7.178461052389705 170
stats: tr_quizzes_page_INDEX 7 8.334158761160714 1.2235632558741678 33.39892578125 7.083984375 9.217827690972221 45
stats: tr_quiz_questions_SHOW 47 8.156587641289896 1.598797514256065 18.47607421875 6.781005859375 7.339494069417317 192
# stats: dump at 1449359781
stats: users 358 359
stats: {recvpackets,"tsung_controller@ip-172-30-3-224"} 1 3455.0 0.0 3455 126 978.7142857142857 14
stats: {sentpackets,"tsung_controller@ip-172-30-3-224"} 1 3417.0 0.0 3417 130 941.1428571428571 14
stats: {cpu,"tsung_controller@ip-172-30-3-224"} 1 8.754863813229571 0.0 8.754863813229571 1.4807502467917077 3.5186862549095954 15
stats: {load,"tsung_controller@ip-172-30-3-224"} 1 0.0 0.0 0.0 0.0 0.0 15
stats: {freemem,"tsung_controller@ip-172-30-3-224"} 1 3136.5546875 0.0 3171.1640625 3136.5546875 3161.83828125 15
stats: session 45 36154.59338107639 20191.324521614544 103122.78588867188 5228.865966796875 37455.44106062923 166
stats: users_count 123 569
stats: finish_users_count 45 211
stats: request 1059 11.935234955957867 15.318255707390826 468.073974609375 4.31787109375 12.525118176324973 3743
stats: connect 124 0.612613801033266 0.07784473297711728 107.94384765625 0.51513671875 0.9469629125210199 446
stats: page 920 13.75784275220788 17.519526896329666 474.821044921875 5.27001953125 14.456190070471354 3246
stats: tr_play_game__ready_page 53 6.960066885318396 1.1440535474689946 13.677001953125 5.9951171875 7.189342867943548 186
stats: 302 44 198
stats: tr_play_game__leaderboard 20 7.29385986328125 1.0136811457009747 12.984130859375 6.258056640625 7.293203958650914 82
stats: 200 951 4300
stats: tr_question_new_POST 64 5.189990997314453 0.9947299495638676 12.9248046875 4.409912109375 5.061861165364584 240
stats: size_rcv 2862278 12885426
stats: tr_quiz_new_POST 8 13.2545166015625 2.478357287460365 395.056884765625 11.113037109375 26.0946044921875 30
stats: newphase 1 5
stats: tr_friend_requests 26 8.816171499399035 1.2287750613635955 31.651123046875 7.507080078125 10.04910376764113 93
stats: size_sent 736359 3335168
stats: tr_friends 23 16.29639733355978 7.984846878511641 51.213134765625 12.283203125 14.707626551797945 73
stats: connected 76 357
stats: tr_search_all_users 22 21.239968039772727 2.7458682754211 28.68603515625 18.10009765625 20.530658721923828 64
stats: 404 64 304
stats: tr_browse_quizzes_page_1 55 20.591832386363638 2.6421855045761147 424.775146484375 17.91015625 22.748296828497026 210
stats: tr_play_game__1st_question 52 7.636746920072115 1.6269937166585906 45.35693359375 6.178955078125 7.6915931919642855 175
stats: tr_play_game__answer_to_question 42 6.354579380580357 1.0539825570473589 87.7548828125 5.364013671875 7.825837787828948 152
stats: tr_index 59 6.988695047669491 1.111418553432892 39.67919921875 5.7412109375 7.120770818536932 220
stats: tr_quizzes_page_INDEX 12 8.344380696614582 1.8267225865351422 33.39892578125 7.073974609375 9.09887225811298 52
stats: tr_quiz_questions_SHOW 65 7.844903094951923 1.42808570076248 18.47607421875 6.781005859375 7.500177742547071 239
# stats: dump at 1449359791
stats: users 476 476
stats: {recvpackets,"tsung_controller@ip-172-30-3-224"} 1 5438.0 0.0 5438 126 1143.8 15
stats: {sentpackets,"tsung_controller@ip-172-30-3-224"} 1 5143.0 0.0 5143 130 1106.2 15
stats: {cpu,"tsung_controller@ip-172-30-3-224"} 1 11.833171677982541 0.0 11.833171677982541 1.4807502467917077 3.8459473523045937 16
stats: {load,"tsung_controller@ip-172-30-3-224"} 1 0.0 0.0 0.0 0.0 0.0 16
stats: {freemem,"tsung_controller@ip-172-30-3-224"} 1 3131.03125 0.0 3171.1640625 3131.03125 3160.258056640625 16
stats: session 62 39616.63432459677 14914.961364722129 103122.78588867188 5228.865966796875 37178.00909105635 211
stats: users_count 180 749
stats: finish_users_count 62 273
stats: request 1386 12.443680139847121 15.877346517450063 468.073974609375 4.31787109375 12.395029394490578 4802
stats: connect 177 0.687946901483051 0.18575661803820873 107.94384765625 0.51513671875 0.8742273163377191 570
stats: page 1198 14.365614036088791 18.14562787315819 474.821044921875 5.27001953125 14.301970307436694 4166
stats: tr_play_game__ready_page 70 7.602144949776786 1.5456306557002644 13.677001953125 5.9580078125 7.138499239997385 239
stats: 302 59 257
stats: tr_play_game__leaderboard 30 7.797029622395834 2.035260431263462 15.179931640625 6.258056640625 7.2933325674019605 102
stats: 200 1231 5531
stats: tr_question_new_POST 96 6.012502034505208 5.986330253982027 62.789794921875 4.409912109375 5.088835866827714 304
stats: size_rcv 3684703 16570129
stats: tr_quiz_new_POST 12 14.354899088541666 2.5416795738080094 395.056884765625 11.113037109375 23.391428094161185 38
stats: newphase 0 5
stats: tr_friend_requests 22 12.269076260653408 12.199721540189874 64.93115234375 7.507080078125 9.779723608193278 119
stats: size_sent 953063 4288231
stats: tr_friends 21 15.350725446428571 2.2026616189523627 51.213134765625 12.283203125 15.088269551595053 96
stats: connected 115 472
stats: tr_search_all_users 19 20.720022101151315 2.294390168595577 28.68603515625 18.10009765625 20.712109942768894 86
stats: 404 96 400
stats: tr_browse_quizzes_page_1 82 21.8516845703125 5.50443052185226 424.775146484375 17.91015625 22.30072873673349 265
stats: tr_play_game__1st_question 67 8.040829786613802 4.403343475281086 45.35693359375 6.178955078125 7.679029288270925 227
stats: tr_play_game__answer_to_question 50 6.75216796875 1.3490289450920039 87.7548828125 5.364013671875 7.50731792646585 194
stats: tr_index 83 7.138733645519579 1.3846984044410495 39.67919921875 5.7412109375 7.092840816812276 279
stats: tr_quizzes_page_INDEX 26 8.454918494591347 1.3068668905005725 33.39892578125 7.073974609375 8.95740509033203 64
stats: tr_quiz_questions_SHOW 96 8.690739949544264 5.321608478151148 58.091796875 6.781005859375 7.573885465923109 304
# stats: dump at 1449359801
stats: users 591 592
stats: {recvpackets,"tsung_controller@ip-172-30-3-224"} 1 6561.0 0.0 6561 126 1412.1875 16
stats: {sentpackets,"tsung_controller@ip-172-30-3-224"} 1 6295.0 0.0 6295 130 1358.5 16
stats: {cpu,"tsung_controller@ip-172-30-3-224"} 1 14.021421616358326 0.0 14.021421616358326 1.4807502467917077 4.315784077344473 17
stats: {load,"tsung_controller@ip-172-30-3-224"} 1 0.0 0.0 0.0 0.0 0.0 17
stats: {freemem,"tsung_controller@ip-172-30-3-224"} 1 3114.51171875 0.0 3171.1640625 3114.51171875 3158.5388327205883 17
stats: session 77 38895.073115361214 17839.864626651437 103122.78588867188 5228.865966796875 37731.83606717176 273
stats: users_count 192 941
stats: finish_users_count 77 350
stats: request 1837 13.418653725928824 17.59700425698185 468.073974609375 4.31787109375 12.405926280893969 6188
stats: connect 194 0.8201149222777062 0.8271404446899115 107.94384765625 0.512939453125 0.8300885835006692 747
stats: page 1568 15.789630344935826 20.378484307140372 474.821044921875 5.27001953125 14.316184548101349 5364
stats: tr_play_game__ready_page 98 8.399314413265307 3.4203153307645926 27.697998046875 5.9580078125 7.243532248685275 309
stats: 302 86 343
stats: tr_play_game__leaderboard 29 8.590542497306034 2.9462781957652955 20.05712890625 6.258056640625 7.407809170809659 132
stats: 200 1623 7154
stats: tr_question_new_POST 128 5.667598724365234 1.645411050194022 62.789794921875 4.409912109375 5.310515747070313 400
stats: size_rcv 4903466 21473595
stats: tr_quiz_new_POST 16 13.497039794921875 2.038764071047243 395.056884765625 11.113037109375 21.2226611328125 50
stats: newphase 0 5
stats: tr_friend_requests 44 10.344887473366478 4.479999790695038 64.93115234375 7.507080078125 10.16813324191046 141
stats: size_sent 1295755 5583986
stats: tr_friends 39 16.369009164663463 5.155632160712145 51.213134765625 12.283203125 15.135377019898504 117
stats: connected 117 589
stats: tr_search_all_users 28 23.83531842912947 5.164498257181279 39.4208984375 18.10009765625 20.713541666666668 105
stats: 404 128 528
stats: tr_browse_quizzes_page_1 101 22.747399056311878 4.113642658144431 424.775146484375 17.91015625 22.19461455331412 347
stats: tr_play_game__1st_question 95 8.155340254934213 2.1435333912958323 45.35693359375 6.178955078125 7.761480422247024 294
stats: tr_play_game__answer_to_question 79 7.6108336629746836 3.6157301109364983 87.7548828125 5.364013671875 7.352574082671619 244
stats: tr_index 107 7.780823324328271 2.3805453465823962 39.67919921875 5.7412109375 7.103363205714779 362
stats: tr_quizzes_page_INDEX 31 9.236304498487904 2.418534018804547 33.39892578125 7.073974609375 8.812242296006943 90
stats: tr_quiz_questions_SHOW 128 8.705570220947264 2.9326196872791312 58.091796875 6.781005859375 7.841930541992185 400
# stats: dump at 1449359811
stats: users 715 717
stats: {recvpackets,"tsung_controller@ip-172-30-3-224"} 1 8146.0 0.0 8146 126 1715.0588235294117 17
stats: {sentpackets,"tsung_controller@ip-172-30-3-224"} 1 7654.0 0.0 7654 130 1648.8823529411766 17
stats: {cpu,"tsung_controller@ip-172-30-3-224"} 1 17.307692307692307 0.0 17.307692307692307 1.4807502467917077 4.854986162845242 18
stats: {load,"tsung_controller@ip-172-30-3-224"} 1 0.078125 0.0 0.078125 0.0 0.0 18
stats: {freemem,"tsung_controller@ip-172-30-3-224"} 1 3094.109375 0.0 3171.1640625 3094.109375 3156.0928819444443 18
stats: session 101 33806.47786538909 15344.268293465979 103122.78588867188 4696.692138671875 37987.748217773435 350
stats: users_count 225 1166
stats: finish_users_count 101 451
stats: request 2379 13.401597576614401 14.388879983109446 468.073974609375 4.31787109375 12.637749373296339 8025
stats: connect 227 0.7822061278221368 0.8903791950042313 107.94384765625 0.512939453125 0.828032377042375 941
stats: page 1978 16.125678360401913 17.237868567454147 474.821044921875 5.27001953125 14.649474076294723 6932
stats: tr_play_game__ready_page 85 9.069292853860297 3.9668860017627954 27.697998046875 5.9580078125 7.521828691262285 407
stats: 302 71 414
stats: tr_play_game__leaderboard 45 9.66901584201389 6.36399914039508 48.550048828125 6.18603515625 7.620848092973603 161
stats: 200 2049 9203
stats: tr_question_new_POST 259 7.21681007179054 3.9006241736945153 62.789794921875 4.409912109375 5.397081317323627 528
stats: size_rcv 6393068 27866663
stats: tr_quiz_new_POST 33 15.154962713068182 5.825137606022756 395.056884765625 11.113037109375 19.349783232717805 66
stats: newphase 1 6
stats: tr_friend_requests 48 12.208953857421875 4.840989435134006 64.93115234375 7.302001953125 10.21017208614865 185
stats: size_sent 1760452 7344438
stats: tr_friends 38 16.829152960526315 5.546600303651129 51.213134765625 12.283203125 15.443785056089743 156
stats: connected 126 715
stats: tr_search_all_users 41 25.629704173018293 5.477074818249915 45.117919921875 18.10009765625 21.37075782718515 133
stats: 404 259 787
stats: tr_browse_quizzes_page_1 98 26.134700852997458 7.529427115451661 424.775146484375 17.91015625 22.319237845284597 448
stats: tr_play_game__1st_question 82 9.056393507050302 2.6894758582195766 45.35693359375 6.178955078125 7.857667270846722 389
stats: tr_play_game__answer_to_question 87 9.036511651400861 4.396512560431409 87.7548828125 5.364013671875 7.415739738535216 323
stats: tr_index 121 9.500078689953517 4.87723023393342 39.67919921875 5.7412109375 7.257922337253465 469
stats: tr_quizzes_page_INDEX 31 9.678718813004032 1.9591754786465203 33.39892578125 7.073974609375 8.920886331353305 121
stats: tr_quiz_questions_SHOW 256 10.089235305786126 4.745411135107601 58.091796875 6.781005859375 8.051297736890387 528
# stats: dump at 1449359821
stats: users 904 904
stats: {recvpackets,"tsung_controller@ip-172-30-3-224"} 1 11008.0 0.0 11008 126 2072.3333333333335 18
stats: {sentpackets,"tsung_controller@ip-172-30-3-224"} 1 10236.0 0.0 10236 130 1982.5 18
stats: {cpu,"tsung_controller@ip-172-30-3-224"} 1 21.572387344199427 0.0 21.572387344199427 1.4807502467917077 5.510391749416141 19
stats: {load,"tsung_controller@ip-172-30-3-224"} 1 0.05859375 0.0 0.078125 0.0 0.004111842105263158 19
stats: {freemem,"tsung_controller@ip-172-30-3-224"} 1 3083.12109375 0.0 3171.1640625 3083.12109375 3152.8305921052633 19
stats: session 119 37914.34030536045 15127.494305072525 103122.78588867188 4696.692138671875 37051.36616546563 451
stats: users_count 308 1474
stats: finish_users_count 119 570
stats: request 2660 14.011231661918462 15.800653723005972 468.073974609375 4.31787109375 12.812412471690578 10404
stats: connect 308 0.7081600040584419 0.4649255825435258 107.94384765625 0.512939453125 0.8191260768942636 1168
stats: page 2308 16.181048361846035 18.376496141702727 474.821044921875 5.27001953125 14.977188113776656 8910
stats: tr_play_game__ready_page 129 9.406355983527126 3.5036466353661897 27.85302734375 5.9580078125 7.7891751421176325 492
stats: 302 106 520
stats: tr_play_game__leaderboard 65 9.255953275240387 3.2622221448367004 48.550048828125 6.18603515625 8.06826337795813 206
stats: 200 2373 11576
stats: tr_question_new_POST 181 6.609500442420582 3.1757170735938276 62.789794921875 4.409912109375 5.9959501196196 787
stats: size_rcv 7052639 34919302
stats: tr_quiz_new_POST 22 17.665849165482957 7.5893734324577755 395.056884765625 11.01904296875 17.95150972616793 99
stats: newphase 0 6
stats: tr_friend_requests 53 12.03294516509434 4.699479722734543 64.93115234375 7.302001953125 10.62193828795601 233
stats: size_sent 1841844 9186282
stats: tr_friends 43 17.46283952579942 3.2938348257144203 51.213134765625 12.283203125 15.715145779639176 194
stats: connected 188 903
stats: tr_search_all_users 36 24.87521023220486 3.2815368245183256 45.117919921875 18.10009765625 22.374302655801007 174
stats: 404 181 968
stats: tr_browse_quizzes_page_1 156 26.007585574419075 6.945643271911151 424.775146484375 17.91015625 23.00406453897665 546
stats: tr_play_game__1st_question 118 9.159310033765886 3.4710634692656517 45.35693359375 6.178955078125 8.066362708996815 471
stats: tr_play_game__answer_to_question 101 8.320198890006187 3.5022186818078453 87.7548828125 5.364013671875 7.7596596322408535 410
stats: tr_index 150 8.863658854166673 3.683550762853313 39.67919921875 5.68212890625 7.717754402807204 590
stats: tr_quizzes_page_INDEX 41 10.623279106326219 4.310240731863623 33.39892578125 7.073974609375 9.075444271689967 152
stats: tr_quiz_questions_SHOW 184 9.692382812499998 3.661199361411828 58.091796875 6.781005859375 8.716746738978792 784
# stats: dump at 1449359831
stats: users 1083 1085
stats: {recvpackets,"tsung_controller@ip-172-30-3-224"} 1 12499.0 0.0 12499 126 2542.6315789473683 19
stats: {sentpackets,"tsung_controller@ip-172-30-3-224"} 1 12011.0 0.0 12011 130 2416.8947368421054 19
stats: {cpu,"tsung_controller@ip-172-30-3-224"} 1 24.8565965583174 0.0 24.8565965583174 1.4807502467917077 6.313491529155305 20
stats: {load,"tsung_controller@ip-172-30-3-224"} 1 0.12890625 0.0 0.12890625 0.0 0.0068359375 20
stats: {freemem,"tsung_controller@ip-172-30-3-224"} 1 3058.3046875 0.0 3171.1640625 3058.3046875 3149.3451171875 20
stats: session 137 37119.54798699815 16056.731685588398 103122.78588867188 4696.692138671875 37231.53094204017 570
stats: users_count 316 1790
stats: finish_users_count 137 707
stats: request 3049 37.656098743312384 158.2957065906716 1790.661865234375 0.528076171875 13.056507622180945 13064
stats: connect 325 0.7143532151442309 0.5148672870341862 107.94384765625 0.512939453125 0.7959705549203929 1476
stats: page 2623 43.7823985685522 170.30964703485049 1790.661865234375 0.6162109375 15.224871252709097 11218
stats: tr_play_game__ready_page 160 11.374253845214842 6.978385487105426 65.5419921875 5.9580078125 8.125111258932165 621
stats: 302 135 655
stats: tr_play_game__leaderboard 57 13.010785019188596 11.101352325002134 68.5810546875 6.18603515625 8.353133648523984 271
stats: 200 2699 14275
stats: tr_question_new_POST 201 10.925844410758707 35.49428419948233 509.109130859375 0.760009765625 6.110673888655733 968
stats: size_rcv 7920658 42839960
stats: tr_quiz_new_POST 26 17.697603665865383 8.990775165387724 395.056884765625 11.01904296875 17.89957144240703 121
stats: newphase 0 6
stats: tr_friend_requests 68 14.594819910386025 9.889691643891824 66.969970703125 7.302001953125 10.883418583369755 286
stats: 422 1 1
stats: tr_friends 63 20.34192475818453 7.64401696046414 66.213134765625 12.283203125 16.032237893921412 237
stats: size_sent 2222140 11408422
stats: tr_search_all_users 51 28.06465896905637 7.589428776889224 61.903076171875 18.10009765625 22.80302966889881 210
stats: connected 171 1074
stats: tr_browse_quizzes_page_1 141 29.252952196919328 10.570618363653606 424.775146484375 17.91015625 23.671513657963853 702
stats: 404 199 1167
stats: tr_play_game__1st_question 164 11.878828839557931 7.35926749515303 50.51318359375 6.151123046875 8.285323293585526 589
stats: 500 15 15
stats: tr_play_game__answer_to_question 146 10.234767966074482 6.045305854222667 87.7548828125 5.34814453125 7.870451148942025 511
stats: tr_index 124 274.2207818800403 490.2281829518408 1790.75 5.68212890625 7.950032332136826 740
stats: tr_quizzes_page_INDEX 57 11.960873252467104 4.355660717572178 33.39892578125 7.073974609375 9.404258925680052 193
stats: tr_quiz_questions_SHOW 200 11.22684814453125 5.245148171364639 58.091796875 0.630859375 8.902198224028275 968
# stats: dump at 1449359841
stats: users 1003 1128
stats: {recvpackets,"tsung_controller@ip-172-30-3-224"} 1 14585.0 0.0 14585 126 3040.45 20
stats: {sentpackets,"tsung_controller@ip-172-30-3-224"} 1 13698.0 0.0 13698 130 2896.6 20
stats: {cpu,"tsung_controller@ip-172-30-3-224"} 1 27.342256214149142 0.0 27.342256214149142 1.4807502467917077 7.1964965305439765 21
stats: {load,"tsung_controller@ip-172-30-3-224"} 1 0.109375 0.0 0.12890625 0.0 0.012648809523809524 21
stats: {freemem,"tsung_controller@ip-172-30-3-224"} 1 3043.71484375 0.0 3171.1640625 3043.71484375 3145.0098586309523 21
stats: session 198 37321.09165754222 16285.212464525217 103122.78588867188 4696.692138671875 37209.831274655786 707
stats: users_count 118 1908
stats: finish_users_count 198 905
stats: request 3432 263.98910963507547 965.1446643420404 5217.31005859375 0.528076171875 17.711392083692136 16113
stats: connect 150 0.6755192057291666 0.26288009720219635 107.94384765625 0.494873046875 0.7812422731728901 1801
stats: page 2875 315.16380400815154 1046.8884104093274 5217.31005859375 0.5791015625 20.63679193397898 13841
stats: tr_play_game__ready_page 112 14.008034842354913 8.02774575251166 65.5419921875 5.9580078125 8.79074866457266 781
stats: 302 108 763
stats: tr_play_game__leaderboard 94 13.338698366855054 8.04584757063928 68.5810546875 6.18603515625 9.16254257574314 328
stats: 200 2936 17211
stats: tr_question_new_POST 351 9.335332365117514 5.858016945527201 509.109130859375 0.760009765625 6.938603122995081 1169
stats: size_rcv 8867945 51707905
stats: tr_quiz_new_POST 43 18.28332803415697 4.814707465322021 395.056884765625 10.927001953125 17.86384925063776 147
stats: newphase 0 6
stats: tr_friend_requests 62 85.73712355090726 552.6501746688243 4401.69384765625 7.302001953125 11.596343132062147 354
stats: 422 0 1
stats: tr_friends 55 21.097536399147728 7.612932517135704 66.213134765625 12.283203125 16.937272135416666 300
stats: size_sent 2612436 14020858
stats: tr_search_all_users 64 97.82695007324219 552.2669799625751 4480.796875 0.732177734375 23.83116412984914 261
stats: connected -77 997
stats: tr_browse_quizzes_page_1 110 654.3765580610794 1472.0602401157787 5058.970947265625 17.91015625 24.60506387622331 843
stats: 404 351 1518
stats: tr_play_game__1st_question 120 13.298195393880208 7.593170324977296 51.60302734375 0.77587890625 9.067972575842465 753
stats: 500 37 52
stats: tr_play_game__answer_to_question 133 49.13456553982613 440.9377039418232 5114.69189453125 5.34814453125 8.39585488608257 657
stats: tr_index 109 3802.1856991829127 862.0726101866327 5135.234130859375 5.68212890625 46.16481583206742 864
stats: tr_quizzes_page_INDEX 52 14.920480581430288 10.155453363509569 57.72314453125 7.073974609375 9.9871669921875 250
stats: tr_quiz_questions_SHOW 352 20.741876081986863 160.13255876016336 3018.883056640625 0.630859375 9.300254717265087 1168
# stats: dump at 1449359851
stats: users 765 1128
stats: {recvpackets,"tsung_controller@ip-172-30-3-224"} 1 14435.0 0.0 14585 126 3590.190476190476 21
stats: {sentpackets,"tsung_controller@ip-172-30-3-224"} 1 13077.0 0.0 13698 130 3410.9523809523807 21
stats: {cpu,"tsung_controller@ip-172-30-3-224"} 1 24.714828897338403 0.0 27.342256214149142 1.4807502467917077 8.112212879798756 22
stats: {load,"tsung_controller@ip-172-30-3-224"} 1 0.08984375 0.0 0.12890625 0.0 0.017045454545454544 22
stats: {freemem,"tsung_controller@ip-172-30-3-224"} 1 3036.390625 0.0 3171.1640625 3036.390625 3140.4055397727275 22
stats: session 238 39215.30071149556 16063.564510225553 119228.35693359375 4696.692138671875 37234.17332527624 905
stats: users_count 0 1908
stats: finish_users_count 238 1143
stats: request 3111 14.016873405355998 27.87043094700234 5217.31005859375 0.528076171875 60.95647402978308 19545
stats: connect 9 0.770263671875 0.22201132369731316 107.94384765625 0.494873046875 0.773113897920938 1951
stats: page 2533 17.202295133919787 31.371399770318625 5217.31005859375 0.5791015625 71.29275985173719 16716
stats: tr_play_game__ready_page 67 10.409201550839553 6.789801756603035 65.5419921875 5.9580078125 9.445100346444567 893
stats: 302 100 863
stats: tr_play_game__leaderboard 129 16.624808851138575 74.15130054357275 853.0859375 6.18603515625 10.092776330161433 422
stats: 200 2641 19852
stats: tr_question_new_POST 370 7.222263645481419 2.8826951875044915 509.109130859375 0.760009765625 7.492058362458879 1520
stats: size_rcv 7952091 59659996
stats: tr_quiz_new_POST 48 15.738499959309896 4.968420661861883 395.056884765625 10.927001953125 17.958783922697368 190
stats: newphase 0 6
stats: tr_friend_requests 68 13.492923512178308 7.937287156661508 4401.69384765625 7.302001953125 22.646170982947716 416
stats: 422 0 1
stats: tr_friends 69 18.802755604619566 5.562027750860456 66.213134765625 4.633056640625 17.58182011993838 355
stats: size_sent 2562101 16582959
stats: tr_search_all_users 76 24.1318648488898 5.21638473385292 4480.796875 0.732177734375 38.40264197716346 325
stats: connected -231 766
stats: tr_browse_quizzes_page_1 20 51.536962890625 115.99393392597923 5058.970947265625 17.91015625 97.2964220717471 953
stats: 404 370 1888
stats: tr_play_game__1st_question 80 9.982180786132819 3.3579323954661886 51.60302734375 0.77587890625 9.649446502720505 873
stats: 500 0 52
stats: tr_play_game__answer_to_question 109 8.231971670728212 3.331400162031018 5114.69189453125 5.34814453125 15.254397312598892 790
stats: tr_index 0 0 0 5135.234130859375 5.68212890625 466.9318007089864 973
stats: tr_quizzes_page_INDEX 33 10.440843986742424 2.380486124634175 57.72314453125 7.073974609375 10.836611716163079 302
stats: tr_quiz_questions_SHOW 369 10.419102118267276 5.17622250449069 3018.883056640625 0.630859375 11.949893349095392 1520
# stats: dump at 1449359861
stats: users 561 1128
stats: {recvpackets,"tsung_controller@ip-172-30-3-224"} 1 12577.0 0.0 14585 126 4083.1363636363635 22
stats: {sentpackets,"tsung_controller@ip-172-30-3-224"} 1 11192.0 0.0 13698 130 3850.318181818182 22
stats: {cpu,"tsung_controller@ip-172-30-3-224"} 1 20.861244019138756 0.0 27.342256214149142 1.4807502467917077 8.834065750126568 23
stats: {load,"tsung_controller@ip-172-30-3-224"} 1 0.1484375 0.0 0.1484375 0.0 0.020210597826086956 23
stats: {freemem,"tsung_controller@ip-172-30-3-224"} 1 3035.5546875 0.0 3171.1640625 3035.5546875 3135.883152173913 23
stats: session 204 45572.13295252181 15880.950185524784 129152.89208984375 4696.692138671875 37646.69153867974 1143
stats: users_count 0 1908
stats: finish_users_count 204 1347
stats: request 2530 10.73659388123763 11.089656026393422 5217.31005859375 0.528076171875 54.51098067073503 22656
stats: connect 5 0.71923828125 0.16564375573250983 107.94384765625 0.494873046875 0.773100810148278 1960
stats: page 2033 13.45341441412014 13.59631397338042 5217.31005859375 0.5791015625 64.17492790565004 19249
stats: tr_play_game__ready_page 12 8.29571533203125 1.560837971556655 65.5419921875 5.9580078125 9.512386576334633 960
stats: 302 42 905
stats: tr_play_game__leaderboard 113 8.551911210591811 3.402642839412194 853.0859375 6.08203125 11.622054361388386 551
stats: 200 2123 21975
stats: tr_question_new_POST 364 6.333917974115735 2.3567556422025313 509.109130859375 0.760009765625 7.439241407283397 1890
stats: size_rcv 6318288 65978284
stats: tr_quiz_new_POST 44 15.059930974786937 4.014265592889713 395.056884765625 10.927001953125 17.51099556033351 238
stats: newphase 0 6
stats: tr_friend_requests 36 9.9462890625 2.522540412307537 4401.69384765625 5.529052734375 21.36017753664127 484
stats: 422 1 2
stats: tr_friends 47 17.45725461269947 6.792803838677884 66.213134765625 4.633056640625 17.780510092681308 424
stats: size_sent 2122096 18705055
stats: tr_search_all_users 49 23.338413783482142 4.9649272841785566 4480.796875 0.732177734375 35.697956037640274 401
stats: connected -207 559
stats: tr_browse_quizzes_page_1 0 0 0 5058.970947265625 17.91015625 96.35583709371787 973
stats: 404 364 2252
stats: tr_play_game__1st_question 19 9.236199629934207 4.433326921095117 51.60302734375 0.77587890625 9.677378027036333 953
stats: 500 0 52
stats: tr_play_game__answer_to_question 59 7.028212725105932 1.9793334596551144 5114.69189453125 5.34814453125 14.402957496176308 899
stats: tr_index 0 0 0 5135.234130859375 5.68212890625 466.9318007089864 973
stats: tr_quizzes_page_INDEX 20 11.5924560546875 10.72665053165484 57.72314453125 7.073974609375 10.797625641324625 335
stats: tr_quiz_questions_SHOW 365 9.096091743364726 2.486151532925698 3018.883056640625 0.630859375 11.650866369648291 1889
# stats: dump at 1449359871
stats: users 374 1128
stats: {recvpackets,"tsung_controller@ip-172-30-3-224"} 1 8573.0 0.0 14585 126 4452.434782608696 23
stats: {sentpackets,"tsung_controller@ip-172-30-3-224"} 1 7814.0 0.0 13698 130 4169.521739130435 23
stats: {cpu,"tsung_controller@ip-172-30-3-224"} 1 15.369836695485112 0.0 27.342256214149142 1.4807502467917077 9.335198178002075 24
stats: {load,"tsung_controller@ip-172-30-3-224"} 1 0.12890625 0.0 0.1484375 0.0 0.025553385416666668 24
stats: {freemem,"tsung_controller@ip-172-30-3-224"} 1 3035.06640625 0.0 3171.1640625 3035.06640625 3131.7027994791665 24
stats: session 187 48899.53354518299 13749.557631737722 129152.89208984375 4696.692138671875 38846.98110692308 1347
stats: users_count 0 1908
stats: finish_users_count 187 1534
stats: request 1774 9.310811108370904 9.492106602821353 5217.31005859375 0.528076171875 50.1137282853849 25186
stats: connect 3 0.6495768229166666 0.03384340555382279 107.94384765625 0.494873046875 0.7729637553673664 1965
stats: page 1423 11.57925511545809 11.110629338594972 5217.31005859375 0.5791015625 59.329667266223275 21282
stats: tr_play_game__ready_page 1 6.416015625 0.0 65.5419921875 5.9580078125 9.497365943688912 972
stats: 302 24 929
stats: tr_play_game__leaderboard 124 7.527093702746974 1.727803479469809 853.0859375 6.08203125 11.099575180605235 664
stats: 200 1492 23467
stats: tr_question_new_POST 258 5.30326997032461 1.4151145654802273 509.109130859375 0.760009765625 7.260741970871229 2254
stats: size_rcv 4468859 70447143
stats: tr_quiz_new_POST 32 13.034843444824219 2.4995017108201756 395.056884765625 10.9130859375 17.128559951241133 282
stats: newphase 0 6
stats: tr_friend_requests 25 8.69462890625 1.4799756020390737 4401.69384765625 5.529052734375 20.56998525766226 520
stats: 422 0 2
stats: tr_friends 37 13.653122360641891 1.6656078648954855 66.213134765625 4.633056640625 17.74825317641985 471
stats: size_sent 1499820 20204875
stats: tr_search_all_users 34 21.264590992647058 4.156352906156888 4480.796875 0.732177734375 34.352139214409725 450
stats: connected -186 373
stats: tr_browse_quizzes_page_1 0 0 0 5058.970947265625 17.91015625 96.35583709371787 973
stats: 404 258 2510
stats: tr_play_game__1st_question 1 8.531005859375 0.0 51.60302734375 0.77587890625 9.66875416947981 972
stats: 500 0 52
stats: tr_play_game__answer_to_question 12 6.450520833333333 0.9300599799018832 5114.69189453125 5.34814453125 13.948771753490345 958
stats: tr_index 0 0 0 5135.234130859375 5.68212890625 466.9318007089864 973
stats: tr_quizzes_page_INDEX 11 8.085116299715908 1.2644190636463115 57.72314453125 7.073974609375 10.842404819542253 355
stats: tr_quiz_questions_SHOW 258 8.018529137899701 2.169829408944585 3018.883056640625 0.630859375 11.237160629367235 2254
# stats: dump at 1449359881
stats: users 221 1128
stats: {recvpackets,"tsung_controller@ip-172-30-3-224"} 1 5449.0 0.0 14585 126 4624.125 24
stats: {sentpackets,"tsung_controller@ip-172-30-3-224"} 1 5092.0 0.0 13698 130 4321.375 24
stats: {cpu,"tsung_controller@ip-172-30-3-224"} 1 10.1364522417154 0.0 27.342256214149142 1.4807502467917077 9.576583718701396 25
stats: {load,"tsung_controller@ip-172-30-3-224"} 1 0.1796875 0.0 0.1796875 0.0 0.0296875 25
stats: {freemem,"tsung_controller@ip-172-30-3-224"} 1 3035.3671875 0.0 3171.1640625 3035.06640625 3127.83734375 25
stats: session 153 54057.952360664305 10953.280175072732 129152.89208984375 4696.692138671875 40072.422636228555 1534
stats: users_count 0 1908
stats: finish_users_count 153 1687
stats: request 1024 8.917734861373908 8.013188590010161 5217.31005859375 0.528076171875 47.428847904375154 26960
stats: connect 2 0.6534423828125 0.0164794921875 107.94384765625 0.494873046875 0.7727756655313135 1968
stats: page 829 11.133463050833083 9.720069678016115 5217.31005859375 0.5791015625 56.33698563263865 22705
stats: tr_play_game__ready_page 0 0 0 65.5419921875 5.9580078125 9.494199088274021 973
stats: 302 9 938
stats: tr_play_game__leaderboard 91 7.139447222699176 1.3989974702185457 853.0859375 6.02587890625 10.537408044495558 788
stats: 200 875 24342
stats: tr_question_new_POST 140 4.982008579799107 0.8894541967698569 509.109130859375 0.760009765625 7.059695881643113 2512
stats: size_rcv 2809898 73257041
stats: tr_quiz_new_POST 18 11.746175130208334 0.6984435934378906 395.056884765625 10.800048828125 16.711365912370617 314
stats: newphase 0 6
stats: tr_friend_requests 12 8.630045572916666 1.246917501493793 4401.69384765625 5.529052734375 20.025244140625 545
stats: 422 0 2
stats: tr_friends 28 13.962568010602679 1.9032496172985207 66.213134765625 4.633056640625 17.449985774483267 508
stats: size_sent 867840 21072715
stats: tr_search_all_users 33 20.175973603219695 2.4141475080480146 4480.796875 0.732177734375 33.432765992219785 484
stats: connected -152 221
stats: tr_browse_quizzes_page_1 0 0 0 5058.970947265625 17.91015625 96.35583709371787 973
stats: 404 140 2650
stats: tr_play_game__1st_question 0 0 0 51.60302734375 0.77587890625 9.667584849531089 973
stats: 500 0 52
stats: tr_play_game__answer_to_question 3 6.123697916666667 0.5404414110834932 5114.69189453125 5.34814453125 13.856009886436855 970
stats: tr_index 0 0 0 5135.234130859375 5.68212890625 466.9318007089864 973
stats: tr_quizzes_page_INDEX 5 7.926416015625 0.5655744793496162 57.72314453125 7.073974609375 10.759535492443648 366
stats: tr_quiz_questions_SHOW 139 7.475735232126799 0.9754923922398332 3018.883056640625 0.630859375 10.90658462427224 2512
# stats: dump at 1449359891
stats: users 115 1128
stats: {recvpackets,"tsung_controller@ip-172-30-3-224"} 1 4509.0 0.0 14585 126 4657.12 25
stats: {sentpackets,"tsung_controller@ip-172-30-3-224"} 1 3828.0 0.0 13698 130 4352.2 25
stats: {cpu,"tsung_controller@ip-172-30-3-224"} 1 6.862745098039216 0.0 27.342256214149142 1.4807502467917077 9.598117123432704 26
stats: {load,"tsung_controller@ip-172-30-3-224"} 1 0.1484375 0.0 0.1796875 0.0 0.03545673076923077 26
stats: {freemem,"tsung_controller@ip-172-30-3-224"} 1 3043.55078125 0.0 3171.1640625 3035.06640625 3124.280799278846 26
stats: session 106 63251.45003408756 12134.874732576418 129152.89208984375 4696.692138671875 41340.8198192983 1687
stats: users_count 0 1908
stats: finish_users_count 106 1793
stats: request 720 8.50467936197917 5.761115501117337 5217.31005859375 0.528076171875 46.01963622069758 27984
stats: connect 2 0.679443359375 0.026611328125 107.94384765625 0.494873046875 0.7726545149904822 1970
stats: page 564 10.896599086463874 6.671988926371291 5217.31005859375 0.5791015625 54.744663026183446 23534
stats: tr_play_game__ready_page 0 0 0 65.5419921875 5.9580078125 9.494199088274021 973
stats: 302 2 940
stats: tr_play_game__leaderboard 47 7.049030709773936 0.9726344030999691 853.0859375 6.02587890625 10.185628255208334 879
stats: 200 594 24936
stats: tr_question_new_POST 124 4.861326156123989 0.7540973562633387 509.109130859375 0.760009765625 6.950014048212434 2652
stats: size_rcv 2095958 75352999
stats: tr_quiz_new_POST 15 11.844514973958333 0.762224296935248 395.056884765625 10.685791015625 16.442168821771457 332
stats: newphase 0 6
stats: tr_friend_requests 1 7.969970703125 0.0 4401.69384765625 5.529052734375 19.77974614634762 557
stats: 422 0 2
stats: tr_friends 15 14.937841796875 3.6441583678311487 66.213134765625 4.633056640625 17.267807234579056 536
stats: size_sent 616459 21689174
stats: tr_search_all_users 26 20.471266526442314 3.010134724280877 4480.796875 0.732177734375 32.586587754624034 517
stats: connected -111 110
stats: tr_browse_quizzes_page_1 0 0 0 5058.970947265625 17.91015625 96.35583709371787 973
stats: 404 124 2774
stats: tr_play_game__1st_question 0 0 0 51.60302734375 0.77587890625 9.667584849531089 973
stats: 500 0 52
stats: tr_play_game__answer_to_question 0 0 0 5114.69189453125 5.34814453125 13.832169253436536 973
stats: tr_index 0 0 0 5135.234130859375 5.68212890625 466.9318007089864 973
stats: tr_quizzes_page_INDEX 1 8.7490234375 0.0 57.72314453125 7.073974609375 10.721353289252022 371
stats: tr_quiz_questions_SHOW 125 7.404892578125 0.975544914854012 3018.883056640625 0.630859375 10.72669474667578 2651
# stats: dump at 1449359901
stats: users 62 1128
stats: {recvpackets,"tsung_controller@ip-172-30-3-224"} 1 2017.0 0.0 14585 126 4651.423076923077 26
stats: {sentpackets,"tsung_controller@ip-172-30-3-224"} 1 1802.0 0.0 13698 130 4332.038461538462 26
stats: {cpu,"tsung_controller@ip-172-30-3-224"} 1 4.035433070866142 0.0 27.342256214149142 1.4807502467917077 9.49680704841813 27
stats: {load,"tsung_controller@ip-172-30-3-224"} 1 0.12890625 0.0 0.1796875 0.0 0.039641203703703706 27
stats: {freemem,"tsung_controller@ip-172-30-3-224"} 1 3044.06640625 0.0 3171.1640625 3035.06640625 3121.2907986111113 27
stats: session 53 72297.12401422462 12993.378477595888 130995.30395507813 4696.692138671875 42636.14988219159 1793
stats: users_count 0 1908
stats: finish_users_count 53 1846
stats: request 300 8.567214355468746 5.984763628210191 5217.31005859375 0.528076171875 45.078625597151124 28704
stats: connect 3 0.6859537760416666 0.020271350881432625 107.94384765625 0.494873046875 0.7725599803498986 1972
stats: page 237 10.873288955366563 6.775204471759948 5217.31005859375 0.5791015625 53.71842399962515 24098
stats: tr_play_game__ready_page 0 0 0 65.5419921875 5.9580078125 9.494199088274021 973
stats: 302 3 943
stats: tr_play_game__leaderboard 19 6.5843955592105265 0.3931917850881362 853.0859375 6.02587890625 10.02642729987851 926
stats: 200 249 25185
stats: tr_question_new_POST 48 4.713541666666667 0.6683191888458759 509.109130859375 0.760009765625 6.856715309516841 2776
stats: size_rcv 937811 76290810
stats: tr_quiz_new_POST 6 12.201009114583334 1.0495062131212662 395.056884765625 10.685791015625 16.24342297820605 347
stats: newphase 0 6
stats: tr_friend_requests 1 7.700927734375 0.0 4401.69384765625 5.529052734375 19.758581674227152 558
stats: 422 0 2
stats: tr_friends 8 12.13861083984375 3.451728304774247 66.213134765625 3.580810546875 17.204378048434663 551
stats: size_sent 258275 21947449
stats: tr_search_all_users 15 18.948421223958334 1.19199399854051 4480.796875 0.732177734375 32.00648029250115 543
stats: connected -56 54
stats: tr_browse_quizzes_page_1 0 0 0 5058.970947265625 17.91015625 96.35583709371787 973
stats: 404 48 2822
stats: tr_play_game__1st_question 0 0 0 51.60302734375 0.77587890625 9.667584849531089 973
stats: 500 0 52
stats: tr_play_game__answer_to_question 0 0 0 5114.69189453125 5.34814453125 13.832169253436536 973
stats: tr_index 0 0 0 5135.234130859375 5.68212890625 466.9318007089864 973
stats: tr_quizzes_page_INDEX 2 8.010986328125 0.302978515625 57.72314453125 7.073974609375 10.716051327284946 372
stats: tr_quiz_questions_SHOW 48 6.9653167724609375 0.1637810564184504 3018.883056640625 0.630859375 10.577117919921871 2776
# stats: dump at 1449359911
stats: users 31 1128
stats: {recvpackets,"tsung_controller@ip-172-30-3-224"} 1 966.0 0.0 14585 126 4553.851851851852 27
stats: {sentpackets,"tsung_controller@ip-172-30-3-224"} 1 863.0 0.0 13698 130 4238.333333333334 27
stats: {cpu,"tsung_controller@ip-172-30-3-224"} 1 1.8774703557312251 0.0 27.342256214149142 1.4807502467917077 9.301757977791272 28
stats: {load,"tsung_controller@ip-172-30-3-224"} 1 0.109375 0.0 0.1796875 0.0 0.04282924107142857 28
stats: {freemem,"tsung_controller@ip-172-30-3-224"} 1 3044.58203125 0.0 3171.1640625 3035.06640625 3118.532784598214 28
stats: session 31 81268.36841607864 10230.914232912806 130995.30395507813 4696.692138671875 43487.73798024021 1846
stats: users_count 0 1908
stats: finish_users_count 31 1877
stats: request 247 7.107381349633097 2.247658745057117 5217.31005859375 0.528076171875 44.70097343288052 29004
stats: connect 4 0.70318603515625 0.05879795729558215 107.94384765625 0.494873046875 0.7724284266218354 1975
stats: page 184 9.582519531249995 3.128240984529525 5217.31005859375 0.5791015625 53.301152702913036 24335
stats: tr_play_game__ready_page 0 0 0 65.5419921875 5.9580078125 9.494199088274021 973
stats: 302 2 945
stats: tr_play_game__leaderboard 18 7.010837131076389 0.5526553923263086 853.0859375 6.02587890625 9.957222428902117 945
stats: 200 189 25374
stats: tr_question_new_POST 56 4.638087681361607 0.5005237817777016 509.109130859375 0.760009765625 6.820287428901824 2824
stats: size_rcv 587634 76878444
stats: tr_quiz_new_POST 7 12.824672154017858 1.2476721506827702 395.056884765625 10.685791015625 16.17471339412181 353
stats: newphase 0 6
stats: tr_friend_requests 0 0 0 4401.69384765625 5.529052734375 19.73701163140094 559
stats: 422 0 2
stats: tr_friends 0 0 0 66.213134765625 3.580810546875 17.13188048552102 559
stats: size_sent 214723 22162172
stats: tr_search_all_users 1 4.6259765625 0.0 4480.796875 0.732177734375 31.655457199260752 558
stats: connected -30 24
stats: tr_browse_quizzes_page_1 0 0 0 5058.970947265625 17.91015625 96.35583709371787 973
stats: 404 56 2878
stats: tr_play_game__1st_question 0 0 0 51.60302734375 0.77587890625 9.667584849531089 973
stats: 500 0 52
stats: tr_play_game__answer_to_question 0 0 0 5114.69189453125 5.34814453125 13.832169253436536 973
stats: tr_index 0 0 0 5135.234130859375 5.68212890625 466.9318007089864 973
stats: tr_quizzes_page_INDEX 0 0 0 57.72314453125 7.073974609375 10.701585739054144 374
stats: tr_quiz_questions_SHOW 56 7.027901785714286 0.4294511881276471 3018.883056640625 0.630859375 10.51572753214633 2824
# stats: dump at 1449359921
stats: users 17 1128
stats: {recvpackets,"tsung_controller@ip-172-30-3-224"} 1 1094.0 0.0 14585 126 4425.714285714286 28
stats: {sentpackets,"tsung_controller@ip-172-30-3-224"} 1 889.0 0.0 13698 130 4117.785714285715 28
stats: {cpu,"tsung_controller@ip-172-30-3-224"} 1 2.559055118110236 0.0 27.342256214149142 1.4807502467917077 9.045748059789203 29
stats: {load,"tsung_controller@ip-172-30-3-224"} 1 0.08984375 0.0 0.1796875 0.0 0.0451239224137931 29
stats: {freemem,"tsung_controller@ip-172-30-3-224"} 1 3065.1640625 0.0 3171.1640625 3035.06640625 3115.9827586206898 29
stats: session 14 88231.85921805246 8878.642885054729 130995.30395507813 4696.692138671875 44111.712164316385 1877
stats: users_count 0 1908
stats: finish_users_count 14 1891
stats: request 184 7.577433710512907 5.974624031769739 5217.31005859375 0.528076171875 44.38352728592616 29251
stats: connect 3 0.7137044270833334 0.03665923216616005 107.94384765625 0.494873046875 0.7722884723187216 1979
stats: page 129 10.86009038880814 7.337416549116408 5217.31005859375 0.5791015625 52.97307127611806 24519
stats: tr_play_game__ready_page 0 0 0 65.5419921875 5.9580078125 9.494199088274021 973
stats: 302 1 946
stats: tr_play_game__leaderboard 7 6.691441127232143 0.5621652277332982 853.0859375 6.02587890625 9.90214980651285 963
stats: 200 135 25509
stats: tr_question_new_POST 48 4.465347290039063 0.1283892117660607 509.109130859375 0.760009765625 6.777855767144097 2880
stats: size_rcv 464394 77342838
stats: tr_quiz_new_POST 6 12.463826497395834 1.204643046631887 395.056884765625 10.685791015625 16.10957370334201 360
stats: newphase 0 6
stats: tr_friend_requests 0 0 0 4401.69384765625 5.529052734375 19.73701163140094 559
stats: 422 0 2
stats: tr_friends 0 0 0 66.213134765625 3.580810546875 17.13188048552102 559
stats: size_sent 162531 22324703
stats: tr_search_all_users 0 0 0 4480.796875 0.732177734375 31.607103924418606 559
stats: connected -15 9
stats: tr_browse_quizzes_page_1 0 0 0 5058.970947265625 17.91015625 96.35583709371787 973
stats: 404 48 2926
stats: tr_play_game__1st_question 0 0 0 51.60302734375 0.77587890625 9.667584849531089 973
stats: 500 0 52
stats: tr_play_game__answer_to_question 0 0 0 5114.69189453125 5.34814453125 13.832169253436536 973
stats: tr_index 0 0 0 5135.234130859375 5.68212890625 466.9318007089864 973
stats: tr_quizzes_page_INDEX 1 6.834228515625 0.0 57.72314453125 6.834228515625 10.701585739054144 374
stats: tr_quiz_questions_SHOW 48 6.988382975260417 0.6765374045995142 3018.883056640625 0.630859375 10.44790869818793 2880
# stats: dump at 1449359931
stats: users 6 1128
stats: {recvpackets,"tsung_controller@ip-172-30-3-224"} 1 589.0 0.0 14585 126 4310.827586206897 29
stats: {sentpackets,"tsung_controller@ip-172-30-3-224"} 1 471.0 0.0 13698 130 4006.4482758620693 29
stats: {cpu,"tsung_controller@ip-172-30-3-224"} 1 1.9646365422396856 0.0 27.342256214149142 1.4807502467917077 8.829524961733236 30
stats: {load,"tsung_controller@ip-172-30-3-224"} 1 0.078125 0.0 0.1796875 0.0 0.046614583333333334 30
stats: {freemem,"tsung_controller@ip-172-30-3-224"} 1 3065.32421875 0.0 3171.1640625 3035.06640625 3114.2888020833334 30
stats: session 11 106208.0176225142 20556.975853319673 167182.94799804688 4696.692138671875 44438.35524139323 1891
stats: users_count 0 1908
stats: finish_users_count 11 1902
stats: request 143 8.13543317034528 6.819894131978659 5217.31005859375 0.528076171875 44.153450125475125 29435
stats: connect 7 1.8866838727678572 2.8605168596949455 107.94384765625 0.494873046875 0.7721997981836529 1982
stats: page 97 12.04956809761598 8.507904347529138 5217.31005859375 0.5791015625 52.7526649740058 24648
stats: tr_play_game__ready_page 0 0 0 65.5419921875 5.9580078125 9.494199088274021 973
stats: 302 1 947
stats: tr_play_game__leaderboard 3 8.774088541666666 1.1090151123956449 853.0859375 6.02587890625 9.878979743878865 970
stats: 200 102 25611
stats: tr_question_new_POST 40 4.548236083984375 0.3284069298197122 509.109130859375 0.760009765625 6.739945792109588 2928
stats: size_rcv 368872 77711710
stats: tr_quiz_new_POST 5 15.40625 4.741839865899643 395.056884765625 10.685791015625 16.04980735570355 366
stats: newphase 0 6
stats: tr_friend_requests 0 0 0 4401.69384765625 5.529052734375 19.73701163140094 559
stats: 422 0 2
stats: tr_friends 0 0 0 66.213134765625 3.580810546875 17.13188048552102 559
stats: size_sent 126762 22451465
stats: tr_search_all_users 0 0 0 4480.796875 0.732177734375 31.607103924418606 559
stats: connected -3 6
stats: tr_browse_quizzes_page_1 0 0 0 5058.970947265625 17.91015625 96.35583709371787 973
stats: 404 40 2966
stats: tr_play_game__1st_question 0 0 0 51.60302734375 0.77587890625 9.667584849531089 973
stats: 500 0 52
stats: tr_play_game__answer_to_question 0 0 0 5114.69189453125 5.34814453125 13.832169253436536 973
stats: tr_index 0 0 0 5135.234130859375 5.68212890625 466.9318007089864 973
stats: tr_quizzes_page_INDEX 0 0 0 57.72314453125 6.834228515625 10.691272786458333 375
stats: tr_quiz_questions_SHOW 40 7.315423583984375 1.4956965529142277 3018.883056640625 0.630859375 10.391195161746495 2928
# stats: dump at 1449359941
stats: users 4 1128
stats: {recvpackets,"tsung_controller@ip-172-30-3-224"} 1 337.0 0.0 14585 126 4186.766666666666 30
stats: {sentpackets,"tsung_controller@ip-172-30-3-224"} 1 251.0 0.0 13698 130 3888.6000000000004 30
stats: {cpu,"tsung_controller@ip-172-30-3-224"} 1 1.4792899408284024 0.0 27.342256214149142 1.4792899408284024 8.608076948201187 31
stats: {load,"tsung_controller@ip-172-30-3-224"} 1 0.0703125 0.0 0.1796875 0.0 0.047631048387096774 31
stats: {freemem,"tsung_controller@ip-172-30-3-224"} 1 3065.484375 0.0 3171.1640625 3035.06640625 3112.7092993951615 31
stats: session 2 104494.30249023438 661.789306640625 167182.94799804688 4696.692138671875 44795.59303644703 1902
stats: users_count 0 1908
stats: finish_users_count 2 1904
stats: request 30 7.40185546875 2.4524190263475516 5217.31005859375 0.528076171875 43.97931474023665 29578
stats: connect 0 0 0 107.94384765625 0.494873046875 0.7761220649117019 1989
stats: page 21 10.626278831845237 2.4630104807674575 5217.31005859375 0.5791015625 52.593109492211106 24745
stats: tr_play_game__ready_page 0 0 0 65.5419921875 5.9580078125 9.494199088274021 973
stats: 302 0 947
stats: tr_play_game__leaderboard 0 0 0 853.0859375 6.02587890625 9.875573090634635 973
stats: 200 22 25633
stats: tr_question_new_POST 8 4.487548828125 0.08214270876047695 509.109130859375 0.760009765625 6.710407925423265 2968
stats: size_rcv 78713 77790423
stats: tr_quiz_new_POST 1 12.68603515625 0.0 395.056884765625 10.685791015625 16.041134075977087 371
stats: newphase 0 6
stats: tr_friend_requests 0 0 0 4401.69384765625 5.529052734375 19.73701163140094 559
stats: 422 0 2
stats: tr_friends 0 0 0 66.213134765625 3.580810546875 17.13188048552102 559
stats: size_sent 26733 22478198
stats: tr_search_all_users 0 0 0 4480.796875 0.732177734375 31.607103924418606 559
stats: connected -4 2
stats: tr_browse_quizzes_page_1 0 0 0 5058.970947265625 17.91015625 96.35583709371787 973
stats: 404 8 2974
stats: tr_play_game__1st_question 0 0 0 51.60302734375 0.77587890625 9.667584849531089 973
stats: 500 0 52
stats: tr_play_game__answer_to_question 0 0 0 5114.69189453125 5.34814453125 13.832169253436536 973
stats: tr_index 0 0 0 5135.234130859375 5.68212890625 466.9318007089864 973
stats: tr_quizzes_page_INDEX 1 10.772216796875 0.0 57.72314453125 6.834228515625 10.691272786458333 375
stats: tr_quiz_questions_SHOW 8 6.835479736328125 0.0822603059065245 3018.883056640625 0.630859375 10.349742714606844 2968
# stats: dump at 1449359951
stats: users 1 1128
stats: {recvpackets,"tsung_controller@ip-172-30-3-224"} 1 224.0 0.0 14585 126 4062.5806451612902 31
stats: {sentpackets,"tsung_controller@ip-172-30-3-224"} 1 158.0 0.0 13698 130 3771.2580645161297 31
stats: {cpu,"tsung_controller@ip-172-30-3-224"} 1 1.282051282051282 0.0 27.342256214149142 1.282051282051282 8.385302354220787 32
stats: {load,"tsung_controller@ip-172-30-3-224"} 1 0.05859375 0.0 0.1796875 0.0 0.04833984375 32
stats: {freemem,"tsung_controller@ip-172-30-3-224"} 1 3065.55078125 0.0 3171.1640625 3035.06640625 3111.2335205078125 32
stats: session 3 126935.14274088542 20304.687719625563 167182.94799804688 4696.692138671875 44858.301764864875 1904
stats: users_count 0 1908
stats: finish_users_count 3 1907
stats: request 67 7.586156133395522 2.966574194183356 5217.31005859375 0.528076171875 43.94225300765949 29608
stats: connect 2 0.7919921875 0.030029296875 107.94384765625 0.494873046875 0.7761220649117019 1989
stats: page 44 11.621165882457387 2.9568113736052593 5217.31005859375 0.5791015625 52.557524276840525 24766
stats: tr_play_game__ready_page 0 0 0 65.5419921875 5.9580078125 9.494199088274021 973
stats: 302 0 947
stats: tr_play_game__leaderboard 0 0 0 853.0859375 6.02587890625 9.875573090634635 973
stats: 200 47 25680
stats: tr_question_new_POST 20 4.68302001953125 0.7395604964992943 509.109130859375 0.760009765625 6.7044324977423555 2976
stats: size_rcv 180710 77971133
stats: tr_quiz_new_POST 3 13.111328125 0.43569478487155433 395.056884765625 10.685791015625 16.03211499285954 372
stats: newphase 0 6
stats: tr_friend_requests 0 0 0 4401.69384765625 5.529052734375 19.73701163140094 559
stats: 422 0 2
stats: tr_friends 0 0 0 66.213134765625 3.580810546875 17.13188048552102 559
stats: size_sent 60743 22538941
stats: tr_search_all_users 0 0 0 4480.796875 0.732177734375 31.607103924418606 559
stats: connected 0 2
stats: tr_browse_quizzes_page_1 0 0 0 5058.970947265625 17.91015625 96.35583709371787 973
stats: 404 20 2994
stats: tr_play_game__1st_question 0 0 0 51.60302734375 0.77587890625 9.667584849531089 973
stats: 500 0 52
stats: tr_play_game__answer_to_question 0 0 0 5114.69189453125 5.34814453125 13.832169253436536 973
stats: tr_index 0 0 0 5135.234130859375 5.68212890625 466.9318007089864 973
stats: tr_quizzes_page_INDEX 0 0 0 57.72314453125 6.834228515625 10.691488063081781 376
stats: tr_quiz_questions_SHOW 20 6.9165283203125 0.11797982725973075 3018.883056640625 0.630859375 10.340295771116848 2976
# stats: dump at 1449359961
stats: users 1 1128
stats: {recvpackets,"tsung_controller@ip-172-30-3-224"} 1 219.0 0.0 14585 126 3942.625 32
stats: {sentpackets,"tsung_controller@ip-172-30-3-224"} 1 154.0 0.0 13698 130 3658.3437500000005 32
stats: {cpu,"tsung_controller@ip-172-30-3-224"} 1 1.185770750988142 0.0 27.342256214149142 1.185770750988142 8.170052321730802 33
stats: {load,"tsung_controller@ip-172-30-3-224"} 1 0.05078125 0.0 0.1796875 0.0 0.048650568181818184 33
stats: {freemem,"tsung_controller@ip-172-30-3-224"} 1 3110.08984375 0.0 3171.1640625 3035.06640625 3109.8491950757575 33
stats: session 0 0 0 167182.94799804688 4696.692138671875 44987.42107421362 1907
stats: users_count 0 1908
stats: finish_users_count 0 1907
stats: request 11 6.842329545454546 2.037570360424575 5217.31005859375 0.528076171875 43.860168475542366 29675
stats: connect 0 0 0 107.94384765625 0.494873046875 0.7761380067726645 1991
stats: page 7 10.794852120535714 1.0147469022788838 5217.31005859375 0.5791015625 52.48492452797504 24810
stats: tr_play_game__ready_page 0 0 0 65.5419921875 5.9580078125 9.494199088274021 973
stats: 302 0 947
stats: tr_play_game__leaderboard 0 0 0 853.0859375 6.02587890625 9.875573090634635 973
stats: 200 7 25687
stats: tr_question_new_POST 4 4.77996826171875 0.6188345883810525 509.109130859375 0.760009765625 6.690938422453897 2996
stats: size_rcv 28720 77999853
stats: tr_quiz_new_POST 0 0 0 395.056884765625 10.685791015625 16.008748697916666 375
stats: newphase 0 6
stats: tr_friend_requests 0 0 0 4401.69384765625 5.529052734375 19.73701163140094 559
stats: 422 0 2
stats: tr_friends 0 0 0 66.213134765625 3.580810546875 17.13188048552102 559
stats: size_sent 8812 22547753
stats: tr_search_all_users 0 0 0 4480.796875 0.732177734375 31.607103924418606 559
stats: connected -2 0
stats: tr_browse_quizzes_page_1 0 0 0 5058.970947265625 17.91015625 96.35583709371787 973
stats: 404 4 2998
stats: tr_play_game__1st_question 0 0 0 51.60302734375 0.77587890625 9.667584849531089 973
stats: 500 0 52
stats: tr_play_game__answer_to_question 0 0 0 5114.69189453125 5.34814453125 13.832169253436536 973
stats: tr_index 0 0 0 5135.234130859375 5.68212890625 466.9318007089864 973
stats: tr_quizzes_page_INDEX 0 0 0 57.72314453125 6.834228515625 10.691488063081781 376
stats: tr_quiz_questions_SHOW 4 6.85955810546875 0.08915352018464551 3018.883056640625 0.630859375 10.31744018065754 2996
# stats: dump at 1449359971
stats: users 0 1128
stats: {recvpackets,"tsung_controller@ip-172-30-3-224"} 1 2.0 0.0 14585 2 3829.787878787879 33
stats: {sentpackets,"tsung_controller@ip-172-30-3-224"} 1 1.0 0.0 13698 1 3552.1515151515155 33
stats: {cpu,"tsung_controller@ip-172-30-3-224"} 1 1.083743842364532 0.0 27.342256214149142 1.083743842364532 7.964632275532487 34
stats: {load,"tsung_controller@ip-172-30-3-224"} 1 0.0390625 0.0 0.1796875 0.0 0.04871323529411765 34
stats: {freemem,"tsung_controller@ip-172-30-3-224"} 1 3110.62890625 0.0 3171.1640625 3035.06640625 3109.856272977941 34
stats: session 1 151387.02490234375 0.0 167182.94799804688 4696.692138671875 44987.42107421362 1907
stats: users_count 0 1908
stats: finish_users_count 1 1908
stats: request 26 7.551297701322115 2.8584030365283852 5217.31005859375 0.528076171875 43.84645169900693 29686
stats: connect 1 0.741943359375 0.0 107.94384765625 0.494873046875 0.7761380067726645 1991
stats: page 17 11.616110409007353 3.6773887706737285 5217.31005859375 0.5791015625 52.47316522963712 24817
stats: tr_play_game__ready_page 0 0 0 65.5419921875 5.9580078125 9.494199088274021 973
stats: 302 0 947
stats: tr_play_game__leaderboard 0 0 0 853.0859375 6.02587890625 9.875573090634635 973
stats: 200 18 25705
stats: tr_question_new_POST 8 4.426116943359375 0.03929506451283033 509.109130859375 0.760009765625 6.688390462239584 3000
stats: size_rcv 69812 78069665
stats: tr_quiz_new_POST 1 15.817138671875 0.0 395.056884765625 10.685791015625 16.008748697916666 375
stats: newphase 0 6
stats: tr_friend_requests 0 0 0 4401.69384765625 5.529052734375 19.73701163140094 559
stats: 422 0 2
stats: tr_friends 0 0 0 66.213134765625 3.580810546875 17.13188048552102 559
stats: size_sent 23149 22570902
stats: tr_search_all_users 0 0 0 4480.796875 0.732177734375 31.607103924418606 559
stats: connected 0 0
stats: tr_browse_quizzes_page_1 0 0 0 5058.970947265625 17.91015625 96.35583709371787 973
stats: 404 8 3006
stats: tr_play_game__1st_question 0 0 0 51.60302734375 0.77587890625 9.667584849531089 973
stats: 500 0 52
stats: tr_play_game__answer_to_question 0 0 0 5114.69189453125 5.34814453125 13.832169253436536 973
stats: tr_index 0 0 0 5135.234130859375 5.68212890625 466.9318007089864 973
stats: tr_quizzes_page_INDEX 0 0 0 57.72314453125 6.834228515625 10.691488063081781 376
stats: tr_quiz_questions_SHOW 8 6.902862548828125 0.0843023833188941 3018.883056640625 0.630859375 10.312829671223955 3000
# stats: dump at 1449359975
stats: users 0 1128
stats: {recvpackets,"tsung_controller@ip-172-30-3-224"} 0 0 0 14585 2 3717.205882352941 34
stats: {sentpackets,"tsung_controller@ip-172-30-3-224"} 0 0 0 13698 1 3447.7058823529414 34
stats: {cpu,"tsung_controller@ip-172-30-3-224"} 0 0 0 27.342256214149142 1.083743842364532 7.76803546315626 35
stats: {load,"tsung_controller@ip-172-30-3-224"} 0 0 0 0.1796875 0.0 0.0484375 35
stats: {freemem,"tsung_controller@ip-172-30-3-224"} 0 0 0 3171.1640625 3035.06640625 3109.878348214286 35
stats: session 0 0 0 167182.94799804688 4696.692138671875 45043.1860657378 1908
stats: users_count 0 1908
stats: finish_users_count 0 1908
stats: request 0 0 0 5217.31005859375 0.528076171875 43.814690996127965 29712
stats: connect 0 0 0 107.94384765625 0.494873046875 0.7761208407850151 1992
stats: page 0 0 0 5217.31005859375 0.5791015625 52.445196721464825 24834
stats: tr_play_game__ready_page 0 0 0 65.5419921875 5.9580078125 9.494199088274021 973
stats: 302 0 947
stats: tr_play_game__leaderboard 0 0 0 853.0859375 6.02587890625 9.875573090634635 973
stats: 200 0 25705
stats: tr_question_new_POST 0 0 0 509.109130859375 0.760009765625 6.682373777348944 3008
stats: size_rcv 0 78069665
stats: tr_quiz_new_POST 0 0 0 395.056884765625 10.685791015625 16.008239096783576 376
stats: newphase 0 6
stats: tr_friend_requests 0 0 0 4401.69384765625 5.529052734375 19.73701163140094 559
stats: 422 0 2
stats: tr_friends 0 0 0 66.213134765625 3.580810546875 17.13188048552102 559
stats: size_sent 0 22570902
stats: tr_search_all_users 0 0 0 4480.796875 0.732177734375 31.607103924418606 559
stats: connected 0 0
stats: tr_browse_quizzes_page_1 0 0 0 5058.970947265625 17.91015625 96.35583709371787 973
stats: 404 0 3006
stats: tr_play_game__1st_question 0 0 0 51.60302734375 0.77587890625 9.667584849531089 973
stats: 500 0 52
stats: tr_play_game__answer_to_question 0 0 0 5114.69189453125 5.34814453125 13.832169253436536 973
stats: tr_index 0 0 0 5135.234130859375 5.68212890625 466.9318007089864 973
stats: tr_quizzes_page_INDEX 0 0 0 57.72314453125 6.834228515625 10.691488063081781 376
stats: tr_quiz_questions_SHOW 0 0 0 3018.883056640625 0.630859375 10.303760609728222 3008
EndMonitor:{1449,359975,553423}
