[20/Nov/2015:00:26:39 -0000] access to /assets/ico/favicon.ico failed for 0:0:0:0:0:FFFF:A9E7:9748, reason: 
"httpd_file: Can't access /home/ec2-user/.tsung/log/20151120-0020/assets/ico/favicon.ico: File not found"
[20/Nov/2015:00:29:06 -0000] server crash for 0:0:0:0:0:FFFF:A9E7:9748, reason: 
"Error reading request: No request received on keep-alive connection before server side timeout"

[20/Nov/2015:00:29:06 -0000] server crash for 0:0:0:0:0:FFFF:A9E7:9748, reason: 
"Error reading request: No request received on keep-alive connection before server side timeout"

[20/Nov/2015:00:29:06 -0000] server crash for 0:0:0:0:0:FFFF:A9E7:9748, reason: 
"Error reading request: No request received on keep-alive connection before server side timeout"

[20/Nov/2015:00:29:06 -0000] server crash for 0:0:0:0:0:FFFF:A9E7:9748, reason: 
"Error reading request: No request received on keep-alive connection before server side timeout"

[20/Nov/2015:00:29:09 -0000] server crash for 0:0:0:0:0:FFFF:A9E7:9748, reason: 
"Error reading request: No request received on keep-alive connection before server side timeout"

[20/Nov/2015:00:32:41 -0000] access to /favicon.ico failed for 0:0:0:0:0:FFFF:A9E7:9748, reason: 
"httpd_file: Can't access /home/ec2-user/.tsung/log/20151120-0020/favicon.ico: File not found"
[20/Nov/2015:00:32:46 -0000] access to /es/images/graphes-Size-rate_tn.png failed for 0:0:0:0:0:FFFF:A9E7:9748, reason: 
"mod_esi: Client not authorized to evaluate: images/graphes-Size-rate_tn.png"
[20/Nov/2015:00:32:47 -0000] access to /es/images/graphes-Users_Arrival-rate_tn.png failed for 0:0:0:0:0:FFFF:A9E7:9748, reason: 
"mod_esi: Client not authorized to evaluate: images/graphes-Users_Arrival-rate_tn.png"
[20/Nov/2015:00:32:47 -0000] access to /es/images/graphes-Users-simultaneous_tn.png failed for 0:0:0:0:0:FFFF:A9E7:9748, reason: 
"mod_esi: Client not authorized to evaluate: images/graphes-Users-simultaneous_tn.png"
[20/Nov/2015:00:32:47 -0000] access to /es/images/graphes-freemem-mean_tn.png failed for 0:0:0:0:0:FFFF:A9E7:9748, reason: 
"mod_esi: Client not authorized to evaluate: images/graphes-freemem-mean_tn.png"
[20/Nov/2015:00:32:47 -0000] access to /es/images/graphes-cpu-mean_tn.png failed for 0:0:0:0:0:FFFF:A9E7:9748, reason: 
"mod_esi: Client not authorized to evaluate: images/graphes-cpu-mean_tn.png"
[20/Nov/2015:00:32:47 -0000] access to /es/images/graphes-Perfs-mean_tn.png failed for 0:0:0:0:0:FFFF:A9E7:9748, reason: 
"mod_esi: Client not authorized to evaluate: images/graphes-Perfs-mean_tn.png"
[20/Nov/2015:00:32:47 -0000] access to /es/images/graphes-HTTP_CODE-rate_tn.png failed for 0:0:0:0:0:FFFF:A9E7:9748, reason: 
"mod_esi: Client not authorized to evaluate: images/graphes-HTTP_CODE-rate_tn.png"
[20/Nov/2015:00:32:47 -0000] access to /es/images/graphes-Transactions-rate_tn.png failed for 0:0:0:0:0:FFFF:A9E7:9748, reason: 
"mod_esi: Client not authorized to evaluate: images/graphes-Transactions-rate_tn.png"
[20/Nov/2015:00:32:47 -0000] access to /es/images/graphes-Perfs-rate_tn.png failed for 0:0:0:0:0:FFFF:A9E7:9748, reason: 
"mod_esi: Client not authorized to evaluate: images/graphes-Perfs-rate_tn.png"
[20/Nov/2015:00:32:47 -0000] access to /es/images/graphes-load-mean_tn.png failed for 0:0:0:0:0:FFFF:A9E7:9748, reason: 
"mod_esi: Client not authorized to evaluate: images/graphes-load-mean_tn.png"
[20/Nov/2015:00:32:47 -0000] access to /es/images/graphes-Errors-rate_tn.png failed for 0:0:0:0:0:FFFF:A9E7:9748, reason: 
"mod_esi: Client not authorized to evaluate: images/graphes-Errors-rate_tn.png"
[20/Nov/2015:00:32:47 -0000] access to /es/images/graphes-Transactions-mean_tn.png failed for 0:0:0:0:0:FFFF:A9E7:9748, reason: 
"mod_esi: Client not authorized to evaluate: images/graphes-Transactions-mean_tn.png"
[20/Nov/2015:00:32:49 -0000] access to /icons/blank.gif failed for 0:0:0:0:0:FFFF:A9E7:9748, reason: 
"httpd_file: Can't access /home/ec2-user/.tsung/log/20151120-0020/icons/blank.gif: File not found"
[20/Nov/2015:00:32:49 -0000] access to /icons/image2.gif failed for 0:0:0:0:0:FFFF:A9E7:9748, reason: 
"httpd_file: Can't access /home/ec2-user/.tsung/log/20151120-0020/icons/image2.gif: File not found"
