# stats: dump at 1447978844
stats: users 4 5
stats: {freemem,"tsung_controller@ip-172-30-3-21"} 1 3170.34375 0 3170.34375 3170.34375 0 0
stats: {load,"tsung_controller@ip-172-30-3-21"} 1 0.0 0 0.0 0.0 0 0
stats: {cpu,"tsung_controller@ip-172-30-3-21"} 1 7.915816935824652 0 7.915816935824652 7.915816935824652 0 0
stats: session 1 6601.256103515625 0 6601.256103515625 6601.256103515625 0 0
stats: users_count 5 5
stats: finish_users_count 1 1
stats: request 9 19.989637586805557 32.864157424180334 112.89892578125 6.97607421875 0 0
stats: connect 5 21.768212890625 41.590032768403994 104.947021484375 0.818115234375 0 0
stats: page 9 19.989637586805557 32.864157424180334 112.89892578125 6.97607421875 0 0
stats: tr_sign_in_SHOW 1 9.52197265625 0 9.52197265625 9.52197265625 0 0
stats: 200 9 9
stats: size_rcv 16663 16663
stats: size_sent 3504 3504
stats: connected 5 5
# stats: dump at 1447978854
stats: users 17 17
stats: {freemem,"tsung_controller@ip-172-30-3-21"} 1 3170.09765625 0.0 3170.34375 3170.09765625 3170.34375 1
stats: {load,"tsung_controller@ip-172-30-3-21"} 1 0.0 0.0 0.0 0.0 0.0 1
stats: {recvpackets,"tsung_controller@ip-172-30-3-21"} 1 75 0 75 75 0 0
stats: {sentpackets,"tsung_controller@ip-172-30-3-21"} 1 72 0 72 72 0 0
stats: {cpu,"tsung_controller@ip-172-30-3-21"} 1 2.1589793915603535 0.0 7.915816935824652 2.1589793915603535 7.915816935824652 1
stats: session 1 4452.98193359375 0.0 6601.256103515625 4452.98193359375 6601.256103515625 1
stats: users_count 14 19
stats: finish_users_count 1 2
stats: request 42 31.502755301339285 50.69037659293536 159.235107421875 5.930908203125 19.989637586805557 9
stats: connect 14 1.0155901227678572 0.25515603569379597 104.947021484375 0.7900390625 21.768212890625 5
stats: page 36 36.76991102430556 58.31801730415452 170.198974609375 6.97607421875 19.989637586805557 9
stats: tr_play_game__ready_page 2 8.348876953125 0.072998046875 8.421875 8.27587890625 0 0
stats: 302 6 6
stats: tr_sign_in_POST 3 155.90193684895834 2.8584274662966305 159.443115234375 152.44287109375 0 0
stats: 200 36 45
stats: tr_browse_quizzes_page_1 2 34.7135009765625 1.6234130859375 36.3369140625 33.090087890625 0 0
stats: size_rcv 90991 107654
stats: tr_play_game__1st_question 2 8.363525390625 0.427490234375 8.791015625 7.93603515625 0 0
stats: size_sent 24340 27844
stats: tr_index 3 11.571614583333334 3.8878938024353666 14.531982421875 6.078857421875 0 0
stats: connected 12 17
stats: tr_quizzes_page_INDEX 1 8.850830078125 0 8.850830078125 8.850830078125 0 0
stats: tr_sign_in_SHOW 4 11.34381103515625 3.623499203539439 17.619140625 9.196044921875 9.52197265625 1
# stats: dump at 1447978864
stats: users 24 25
stats: {freemem,"tsung_controller@ip-172-30-3-21"} 1 3169.02734375 0.0 3170.34375 3169.02734375 3170.220703125 2
stats: {load,"tsung_controller@ip-172-30-3-21"} 1 0.0 0.0 0.0 0.0 0.0 2
stats: {recvpackets,"tsung_controller@ip-172-30-3-21"} 1 238.0 0.0 238 75 75.0 1
stats: {sentpackets,"tsung_controller@ip-172-30-3-21"} 1 243.0 0.0 243 72 72.0 1
stats: {cpu,"tsung_controller@ip-172-30-3-21"} 1 1.6683022571148183 0.0 7.915816935824652 1.6683022571148183 5.037398163692503 2
stats: session 2 7790.7359619140625 2328.6571044921875 10119.39306640625 4452.98193359375 5527.1190185546875 2
stats: users_count 9 28
stats: finish_users_count 2 4
stats: request 48 61.08850606282552 88.95796254944882 326.47509765625 5.51904296875 29.471028645833332 51
stats: connect 9 2.0416124131944446 2.394017399634486 104.947021484375 0.7900390625 6.476806640625 19
stats: page 42 69.8271484375 103.93635271587377 382.718017578125 5.51904296875 33.41385633680556 45
stats: tr_play_game__ready_page 2 21.7559814453125 13.2979736328125 35.053955078125 8.27587890625 8.348876953125 2
stats: 302 6 12
stats: tr_sign_in_POST 1 314.0810546875 0.0 314.0810546875 152.44287109375 155.90193684895834 3
stats: 200 42 87
stats: tr_browse_quizzes_page_1 2 52.3760986328125 22.8519287109375 75.22802734375 29.524169921875 34.7135009765625 2
stats: size_rcv 103522 211176
stats: tr_play_game__1st_question 1 8.805908203125 0.0 8.805908203125 7.93603515625 8.363525390625 2
stats: size_sent 29431 57275
stats: tr_play_game__answer_to_question 2 60.493896484375 52.468017578125 112.9619140625 8.02587890625 0 0
stats: connected 7 24
stats: tr_index 1 16.093017578125 0.0 16.093017578125 6.078857421875 11.571614583333334 3
stats: tr_quizzes_page_INDEX 0 0 0 8.850830078125 8.850830078125 8.850830078125 1
stats: tr_sign_in_SHOW 4 22.11669921875 9.238969003832334 34.73095703125 9.196044921875 10.979443359375 5
# stats: dump at 1447978874
stats: users 32 32
stats: {freemem,"tsung_controller@ip-172-30-3-21"} 1 3168.078125 0.0 3170.34375 3168.078125 3169.8229166666665 3
stats: {load,"tsung_controller@ip-172-30-3-21"} 1 0.0 0.0 0.0 0.0 0.0 3
stats: {recvpackets,"tsung_controller@ip-172-30-3-21"} 1 224.0 0.0 238 75 156.5 2
stats: {sentpackets,"tsung_controller@ip-172-30-3-21"} 1 224.0 0.0 243 72 157.5 2
stats: {cpu,"tsung_controller@ip-172-30-3-21"} 1 1.5763546798029555 0.0 7.915816935824652 1.5763546798029555 3.9143661948332746 3
stats: session 3 21067.863688151043 4961.361476314621 26730.76904296875 4452.98193359375 6658.927490234375 4
stats: users_count 11 39
stats: finish_users_count 3 7
stats: request 92 99.16416334069291 211.56164898202402 1563.927001953125 4.84716796875 44.80071466619318 99
stats: connect 10 2.4086669921875 2.92805259446115 104.947021484375 0.76708984375 5.05120849609375 28
stats: page 70 130.36768973214285 245.09814902464421 1596.364013671875 5.51904296875 50.99268700610632 87
stats: tr_play_game__ready_page 3 20.493001302083332 17.675694681404057 45.489990234375 7.904052734375 15.05242919921875 4
stats: 302 13 25
stats: tr_sign_in_POST 5 626.49033203125 485.5816360115095 1564.055908203125 152.44287109375 195.44671630859375 4
stats: 200 71 158
stats: tr_question_new_POST 8 9.435821533203125 3.615428957321615 13.302978515625 4.94384765625 0 0
stats: size_rcv 205452 416628
stats: tr_quiz_new_POST 1 16.528076171875 0 16.528076171875 16.528076171875 0 0
stats: newphase 1 1
stats: tr_browse_quizzes_page_1 2 91.0379638671875 50.1719970703125 141.2099609375 29.524169921875 43.5447998046875 4
stats: size_sent 69291 126566
stats: tr_play_game__1st_question 2 155.5986328125 94.368408203125 249.967041015625 7.93603515625 8.510986328125 3
stats: connected 7 31
stats: tr_play_game__answer_to_question 1 127.2958984375 0.0 127.2958984375 8.02587890625 60.493896484375 2
stats: 404 8 8
stats: tr_index 5 27.478515625 10.043168990083778 45.02392578125 6.078857421875 12.70196533203125 4
stats: tr_quizzes_page_INDEX 4 58.80352783203125 54.936017987312404 142.52001953125 7.59912109375 8.850830078125 1
stats: tr_sign_in_SHOW 4 62.12579345703125 68.07752233346949 178.97607421875 9.196044921875 15.929334852430555 9
stats: tr_quiz_questions_SHOW 8 13.429290771484375 5.200740463892138 22.81201171875 7.328125 0 0
# stats: dump at 1447978884
stats: users 47 47
stats: {freemem,"tsung_controller@ip-172-30-3-21"} 1 3166.28515625 0.0 3170.34375 3166.28515625 3169.38671875 4
stats: {load,"tsung_controller@ip-172-30-3-21"} 1 0.078125 0.0 0.078125 0.0 0.0 4
stats: {recvpackets,"tsung_controller@ip-172-30-3-21"} 1 518.0 0.0 518 75 179.0 3
stats: {sentpackets,"tsung_controller@ip-172-30-3-21"} 1 422.0 0.0 422 72 179.66666666666666 3
stats: {cpu,"tsung_controller@ip-172-30-3-21"} 1 2.060843964671246 0.0 7.915816935824652 1.5763546798029555 3.329863316075695 4
stats: session 8 26265.617126464844 8877.712547517618 41572.630126953125 4452.98193359375 12834.185860770089 7
stats: users_count 23 62
stats: finish_users_count 8 15
stats: request 139 31.944703026641186 51.85154728124667 1563.927001953125 4.4638671875 70.98625015338678 191
stats: connect 23 1.6669284986413044 1.7623223465725197 104.947021484375 0.55908203125 4.355802837171052 38
stats: page 110 40.40413485440341 62.19173523903969 1596.364013671875 5.51904296875 86.38281561007166 157
stats: tr_play_game__ready_page 4 8.11993408203125 0.8194939548490284 45.489990234375 6.73291015625 17.384102957589285 7
stats: 302 8 33
stats: tr_sign_in_POST 4 221.49261474609375 82.14559943436454 1564.055908203125 151.850830078125 434.91539171006946 9
stats: 200 115 273
stats: tr_question_new_POST 16 10.536087036132813 5.2027188658214625 20.628173828125 4.591064453125 9.435821533203125 8
stats: size_rcv 362509 779137
stats: tr_quiz_new_POST 2 12.7286376953125 0.0274658203125 16.528076171875 12.701171875 16.528076171875 1
stats: newphase 0 1
stats: tr_play_game__leaderboard 2 31.2890625 21.81494140625 53.10400390625 9.47412109375 0 0
stats: size_sent 104238 230804
stats: tr_search_he_users 3 56.75830078125 20.9498307058509 86.305908203125 40.10107421875 0 0
stats: connected 15 46
stats: tr_search_all_users 3 76.02937825520833 62.59279940289577 164.428955078125 27.839111328125 0 0
stats: 404 16 24
stats: tr_browse_quizzes_page_1 1 30.277099609375 0.0 141.2099609375 29.524169921875 59.3758544921875 6
stats: tr_play_game__1st_question 4 15.69354248046875 7.52765262006688 249.967041015625 7.93603515625 67.346044921875 5
stats: tr_play_game__answer_to_question 3 29.099365234375 24.382594911760926 127.2958984375 7.551025390625 82.76123046875 3
stats: tr_index 4 12.40130615234375 3.3305613567077454 45.02392578125 6.078857421875 20.91115993923611 9
stats: tr_quizzes_page_INDEX 3 8.192057291666666 0.3401222890141215 142.52001953125 7.59912109375 48.81298828125 5
stats: tr_sign_in_SHOW 5 44.2240234375 33.67274680780512 178.97607421875 9.196044921875 30.143629807692307 13
stats: tr_quiz_questions_SHOW 16 17.100540161132813 7.144123512206038 34.30517578125 6.9970703125 13.429290771484375 8
# stats: dump at 1447978894
stats: users 49 49
stats: {freemem,"tsung_controller@ip-172-30-3-21"} 1 3165.30859375 0.0 3170.34375 3165.30859375 3168.76640625 5
stats: {load,"tsung_controller@ip-172-30-3-21"} 1 0.0703125 0.0 0.078125 0.0 0.015625 5
stats: {recvpackets,"tsung_controller@ip-172-30-3-21"} 1 664.0 0.0 664 75 263.75 4
stats: {sentpackets,"tsung_controller@ip-172-30-3-21"} 1 560.0 0.0 560 72 240.25 4
stats: {cpu,"tsung_controller@ip-172-30-3-21"} 1 2.24609375 0.0 7.915816935824652 1.5763546798029555 3.0760594457948054 5
stats: session 6 17911.96708170573 5034.657072154973 41572.630126953125 4452.98193359375 19997.615869140624 15
stats: users_count 8 70
stats: finish_users_count 6 21
stats: request 117 92.36739408052884 207.38632817047707 1563.927001953125 4.4638671875 54.54147727272727 330
stats: connect 8 1.302001953125 0.8316515920479426 104.947021484375 0.55908203125 3.34196497182377 61
stats: page 93 116.23052387852819 242.47177188566005 1596.364013671875 5.51904296875 67.44028795792369 267
stats: tr_play_game__ready_page 5 44.195654296875 72.0924992601416 188.380126953125 6.73291015625 14.015314275568182 11
stats: 302 13 46
stats: tr_sign_in_POST 5 682.560107421875 478.92526156169475 1564.055908203125 151.850830078125 369.2468449519231 13
stats: 200 96 369
stats: tr_question_new_POST 8 10.794769287109375 6.237967655774184 22.257080078125 4.591064453125 10.169331868489584 24
stats: size_rcv 296959 1076096
stats: tr_quiz_new_POST 1 12.880859375 0.0 16.528076171875 12.701171875 13.9951171875 3
stats: newphase 0 1
stats: tr_play_game__leaderboard 0 0 0 53.10400390625 9.47412109375 31.2890625 2
stats: size_sent 88362 319166
stats: tr_search_he_users 2 87.2060546875 39.333984375 126.5400390625 40.10107421875 56.75830078125 3
stats: connected 2 48
stats: tr_search_all_users 2 196.10205078125 126.39794921875 322.5 27.839111328125 76.02937825520833 3
stats: 404 8 32
stats: tr_friend_requests 1 13.427978515625 0 13.427978515625 13.427978515625 0 0
stats: tr_browse_quizzes_page_1 3 37.760660807291664 12.009679177793855 141.2099609375 29.237060546875 55.21888950892857 7
stats: tr_play_game__1st_question 6 16.28564453125 8.279513164939821 249.967041015625 7.93603515625 44.389377170138886 9
stats: tr_play_game__answer_to_question 4 203.9447021484375 339.7794808264995 792.4599609375 7.551025390625 55.9302978515625 6
stats: tr_index 5 46.067626953125 47.365658260010875 133.199951171875 6.078857421875 18.292743389423077 13
stats: tr_quizzes_page_INDEX 1 67.470947265625 0.0 142.52001953125 7.59912109375 33.58013916015625 8
stats: tr_sign_in_SHOW 9 47.22881401909722 53.253969746330185 178.97607421875 9.196044921875 34.054850260416664 18
stats: tr_quiz_questions_SHOW 8 13.523834228515625 4.992333889006635 34.30517578125 6.9970703125 15.876790364583334 24
# stats: dump at 1447978904
stats: users 58 59
stats: {freemem,"tsung_controller@ip-172-30-3-21"} 1 3164.8515625 0.0 3170.34375 3164.8515625 3168.1901041666665 6
stats: {load,"tsung_controller@ip-172-30-3-21"} 1 0.05859375 0.0 0.078125 0.0 0.024739583333333332 6
stats: {recvpackets,"tsung_controller@ip-172-30-3-21"} 1 564.0 0.0 664 75 343.8 5
stats: {sentpackets,"tsung_controller@ip-172-30-3-21"} 1 459.0 0.0 560 72 304.2 5
stats: {cpu,"tsung_controller@ip-172-30-3-21"} 1 2.2571148184494603 0.0 7.915816935824652 1.5763546798029555 2.9377318298290045 6
stats: session 8 32119.71453857422 9698.213650446087 46466.819091796875 4452.98193359375 19401.716215587796 21
stats: users_count 17 87
stats: finish_users_count 8 29
stats: request 203 50.30002236953508 83.97013387180036 1563.927001953125 4.4638671875 64.44222059825923 447
stats: connect 16 1.8122100830078125 2.3823543658775748 104.947021484375 0.55908203125 3.1054475203804346 69
stats: page 155 65.83189736643143 103.22233672071569 1596.364013671875 5.51904296875 80.04443223741319 360
stats: tr_play_game__ready_page 5 34.49638671875 33.79545384297723 188.380126953125 6.73291015625 23.446670532226563 16
stats: 302 13 59
stats: tr_sign_in_POST 6 320.8761393229167 121.45436548144586 1564.055908203125 151.850830078125 456.27830674913196 18
stats: 200 161 530
stats: tr_question_new_POST 29 16.256482354525865 14.044014703282315 76.970947265625 4.591064453125 10.325691223144531 32
stats: size_rcv 501093 1577189
stats: tr_quiz_new_POST 4 31.12396240234375 32.08988287134508 86.699951171875 11.875 13.716552734375 4
stats: newphase 1 2
stats: tr_play_game__leaderboard 1 25.869140625 0.0 53.10400390625 9.47412109375 31.2890625 2
stats: size_sent 169276 488442
stats: tr_search_he_users 2 66.6265869140625 23.7894287109375 126.5400390625 40.10107421875 68.93740234375 5
stats: connected 9 57
stats: tr_search_all_users 2 35.9010009765625 6.8360595703125 322.5 27.839111328125 124.058447265625 5
stats: 404 29 61
stats: tr_friend_requests 0 0 0 13.427978515625 13.427978515625 13.427978515625 1
stats: tr_friends 1 14.322998046875 0 14.322998046875 14.322998046875 0 0
stats: tr_browse_quizzes_page_1 1 120.64697265625 0.0 141.2099609375 29.237060546875 49.9814208984375 10
stats: tr_play_game__1st_question 5 41.908447265625 22.987641346337696 249.967041015625 7.93603515625 33.147884114583334 15
stats: tr_play_game__answer_to_question 7 31.207833426339285 23.153813455377147 792.4599609375 7.551025390625 115.1360595703125 10
stats: tr_index 6 25.117024739583332 14.303870616630498 133.199951171875 6.078857421875 26.00798882378472 18
stats: tr_quizzes_page_INDEX 3 14.410319010416666 7.965873050165677 142.52001953125 7.59912109375 37.345784505208336 9
stats: tr_sign_in_SHOW 5 46.8177734375 44.35552902146364 178.97607421875 9.196044921875 38.44617151331018 27
stats: tr_quiz_questions_SHOW 28 29.90870012555803 26.024920253463485 117.666015625 6.9970703125 15.288551330566406 32
# stats: dump at 1447978914
stats: users 64 68
stats: {freemem,"tsung_controller@ip-172-30-3-21"} 1 3163.05078125 0.0 3170.34375 3163.05078125 3167.7131696428573 7
stats: {load,"tsung_controller@ip-172-30-3-21"} 1 0.05078125 0.0 0.078125 0.0 0.029575892857142856 7
stats: {recvpackets,"tsung_controller@ip-172-30-3-21"} 1 1057.0 0.0 1057 75 380.5 6
stats: {sentpackets,"tsung_controller@ip-172-30-3-21"} 1 803.0 0.0 803 72 330.0 6
stats: {cpu,"tsung_controller@ip-172-30-3-21"} 1 2.6548672566371683 0.0 7.915816935824652 1.5763546798029555 2.840500828203355 7
stats: session 12 30409.020833333332 20914.971465876813 68296.67407226563 3839.972900390625 22910.12954606681 29
stats: users_count 18 105
stats: finish_users_count 12 41
stats: request 162 44.49303445698303 81.59131256507072 1563.927001953125 4.4638671875 60.02550330528846 650
stats: connect 20 1.79970703125 2.180864648472667 104.947021484375 0.52392578125 2.862014590992647 85
stats: page 136 53.11900239832261 93.61579525013559 1596.364013671875 5.51904296875 75.76687319857403 515
stats: tr_play_game__ready_page 4 10.6185302734375 6.042107549700204 188.380126953125 6.5859375 26.077555338541668 21
stats: 302 13 72
stats: tr_sign_in_POST 4 315.84124755859375 170.08156773367648 1564.055908203125 151.850830078125 422.4277648925781 24
stats: 200 138 668
stats: tr_question_new_POST 11 17.76937588778409 17.073928990583045 76.970947265625 4.591064453125 13.145247662653688 61
stats: size_rcv 395714 1972903
stats: tr_quiz_new_POST 1 31.23193359375 0.0 86.699951171875 11.875 22.420257568359375 8
stats: newphase 0 2
stats: tr_play_game__leaderboard 4 33.17303466796875 20.496971215098473 65.447998046875 9.47412109375 29.482421875 3
stats: size_sent 126079 614521
stats: tr_search_he_users 1 52.79296875 0.0 126.5400390625 40.10107421875 68.27716936383929 7
stats: connected 6 63
stats: tr_search_all_users 1 53.248046875 0.0 322.5 27.839111328125 98.87060546875 7
stats: 404 11 72
stats: tr_friend_requests 1 35.885986328125 0.0 35.885986328125 13.427978515625 13.427978515625 1
stats: tr_friends 1 71.072021484375 0.0 71.072021484375 14.322998046875 14.322998046875 1
stats: tr_browse_quizzes_page_1 5 72.329150390625 22.245165475074252 141.2099609375 29.237060546875 56.40556196732955 11
stats: tr_play_game__1st_question 4 20.0137939453125 7.392387152841903 249.967041015625 7.93603515625 35.33802490234375 20
stats: tr_play_game__answer_to_question 5 18.564794921875 8.47384516547629 792.4599609375 7.551025390625 80.57737821691177 17
stats: tr_index 4 23.895751953125 8.385767606930152 133.199951171875 6.078857421875 25.785247802734375 24
stats: tr_quizzes_page_INDEX 2 34.59814453125 25.781005859375 142.52001953125 7.59912109375 31.611918131510418 12
stats: tr_sign_in_SHOW 3 30.458333333333332 9.716710902631906 178.97607421875 9.196044921875 39.754234313964844 32
stats: tr_quiz_questions_SHOW 12 26.618855794270832 17.895865213717705 117.666015625 6.9970703125 22.111287434895832 60
# stats: dump at 1447978924
stats: users 67 68
stats: {freemem,"tsung_controller@ip-172-30-3-21"} 1 3162.94140625 0.0 3170.34375 3162.94140625 3167.13037109375 8
stats: {load,"tsung_controller@ip-172-30-3-21"} 1 0.0390625 0.0 0.078125 0.0 0.0322265625 8
stats: {recvpackets,"tsung_controller@ip-172-30-3-21"} 1 777.0 0.0 1057 75 477.14285714285717 7
stats: {sentpackets,"tsung_controller@ip-172-30-3-21"} 1 659.0 0.0 803 72 397.57142857142856 7
stats: {cpu,"tsung_controller@ip-172-30-3-21"} 1 2.623906705539359 0.0 7.915816935824652 1.5763546798029555 2.8172966317575816 8
stats: session 10 40061.07216796875 24952.461625684493 82714.6240234375 2216.27294921875 25104.926995998474 41
stats: users_count 13 118
stats: finish_users_count 10 51
stats: request 168 65.79218255905879 106.58172019854263 1563.927001953125 4.4638671875 56.92666099811422 812
stats: connect 14 1.5374407087053572 1.0455373526973715 104.947021484375 0.52392578125 2.6596702938988095 105
stats: page 138 80.11591372282608 125.6389462108759 1596.364013671875 5.51904296875 71.0355207733295 651
stats: tr_play_game__ready_page 6 31.088623046875 21.64721512139736 188.380126953125 6.5859375 23.604111328125 25
stats: 302 19 91
stats: tr_sign_in_POST 8 274.7086181640625 107.41102536553879 1564.055908203125 151.850830078125 407.2011195591518 28
stats: 200 141 809
stats: tr_question_new_POST 8 18.37054443359375 21.390760795320354 76.970947265625 4.591064453125 13.85171169704861 72
stats: size_rcv 398351 2371254
stats: tr_quiz_new_POST 1 62.448974609375 0.0 86.699951171875 11.875 23.399332682291668 9
stats: newphase 0 2
stats: tr_play_game__leaderboard 2 51.74609375 15.9609375 67.70703125 9.47412109375 31.591343470982142 7
stats: size_sent 135835 750356
stats: tr_search_he_users 2 142.2054443359375 84.1014404296875 226.306884765625 40.10107421875 66.34164428710938 8
stats: connected 4 67
stats: tr_search_all_users 2 118.5465087890625 25.2325439453125 322.5 27.839111328125 93.16778564453125 8
stats: 404 8 80
stats: tr_friend_requests 2 40.8505859375 16.784423828125 57.635009765625 13.427978515625 24.656982421875 2
stats: tr_friends 1 42.52587890625 0.0 71.072021484375 14.322998046875 42.697509765625 2
stats: tr_browse_quizzes_page_1 3 50.967366536458336 23.05163824166272 141.2099609375 29.237060546875 61.381683349609375 16
stats: tr_play_game__1st_question 7 37.343087332589285 24.440425265557348 249.967041015625 7.93603515625 32.78398640950521 24
stats: tr_play_game__answer_to_question 4 25.68621826171875 19.967397710724406 792.4599609375 6.6318359375 66.4836092862216 22
stats: tr_index 8 31.36846923828125 20.508836715099402 133.199951171875 5.720947265625 25.51531982421875 28
stats: tr_quizzes_page_INDEX 2 76.053955078125 12.9560546875 142.52001953125 7.59912109375 32.038521902901785 14
stats: tr_sign_in_SHOW 7 18.884835379464285 10.148636785005866 178.97607421875 9.196044921875 38.95744280133928 35
stats: tr_quiz_questions_SHOW 8 22.766510009765625 13.624677543224342 117.666015625 6.9970703125 22.862548828125 72
# stats: dump at 1447978934
stats: users 82 82
stats: {freemem,"tsung_controller@ip-172-30-3-21"} 1 3161.734375 0.0 3170.34375 3161.734375 3166.6649305555557 9
stats: {load,"tsung_controller@ip-172-30-3-21"} 1 0.0390625 0.0 0.078125 0.0 0.03298611111111111 9
stats: {recvpackets,"tsung_controller@ip-172-30-3-21"} 1 902.0 0.0 1057 75 514.625 8
stats: {sentpackets,"tsung_controller@ip-172-30-3-21"} 1 720.0 0.0 803 72 430.25 8
stats: {cpu,"tsung_controller@ip-172-30-3-21"} 1 2.73972602739726 0.0 7.915816935824652 1.5763546798029555 2.795808862177779 9
stats: session 16 37052.87481689453 17752.130045966747 82714.6240234375 2216.27294921875 28037.504480698528 51
stats: users_count 31 149
stats: finish_users_count 16 67
stats: request 228 144.84223911218476 374.8863830502612 4055.942138671875 4.4638671875 58.446464694276145 980
stats: connect 31 2.8596270161290316 3.231939389708771 104.947021484375 0.52392578125 2.5276432838760505 119
stats: page 190 170.41189607319075 414.9688338269736 4087.200927734375 5.51904296875 72.62372638426807 789
stats: tr_play_game__ready_page 9 52.09478081597222 72.76779806457893 233.89111328125 6.5859375 25.052726499495968 31
stats: 302 17 108
stats: tr_sign_in_POST 5 464.802783203125 278.0565454459126 1564.055908203125 151.850830078125 377.7583414713542 36
stats: 200 195 1004
stats: tr_question_new_POST 16 59.82464599609375 54.03444099900841 171.324951171875 4.591064453125 14.303594970703125 80
stats: size_rcv 544109 2915363
stats: tr_quiz_new_POST 2 77.1165771484375 52.6915283203125 129.80810546875 11.875 27.304296875 10
stats: newphase 1 3
stats: tr_play_game__leaderboard 10 124.47138671875 137.94649762513632 448.948974609375 9.47412109375 36.07017686631944 9
stats: size_sent 179465 929821
stats: tr_search_he_users 3 121.82633463541667 75.55792111766809 227.86083984375 40.10107421875 81.514404296875 10
stats: connected 15 82
stats: tr_search_all_users 3 82.95939127604167 33.16837453039229 322.5 27.839111328125 98.2435302734375 10
stats: 404 16 96
stats: tr_friend_requests 1 205.129150390625 0.0 205.129150390625 13.427978515625 32.7537841796875 4
stats: tr_friends 1 450.5029296875 0.0 450.5029296875 14.322998046875 42.640299479166664 3
stats: tr_browse_quizzes_page_1 2 51.6395263671875 17.3526611328125 141.2099609375 29.237060546875 59.73731753700658 19
stats: tr_play_game__1st_question 7 108.45099748883929 113.17170886975678 361.427978515625 7.93603515625 33.813460811491936 31
stats: tr_play_game__answer_to_question 7 70.80740792410714 71.33890395088771 792.4599609375 6.6318359375 60.20708759014423 26
stats: tr_index 5 52.21982421875 50.720659326186805 148.85107421875 5.720947265625 26.816019694010418 36
stats: tr_quizzes_page_INDEX 3 109.92496744791667 117.11613039061824 274.093994140625 7.59912109375 37.54045104980469 16
stats: tr_sign_in_SHOW 9 490.0900065104167 1067.882033124537 3500.923828125 9.196044921875 35.612008231026785 42
stats: tr_quiz_questions_SHOW 16 72.03529357910156 42.40666230084644 155.121826171875 6.9970703125 22.852944946289064 80
# stats: dump at 1447978944
stats: users 101 102
stats: {freemem,"tsung_controller@ip-172-30-3-21"} 1 3159.94921875 0.0 3170.34375 3159.94921875 3166.171875 10
stats: {load,"tsung_controller@ip-172-30-3-21"} 1 0.03125 0.0 0.078125 0.0 0.03359375 10
stats: {recvpackets,"tsung_controller@ip-172-30-3-21"} 1 1229.0 0.0 1229 75 557.6666666666666 9
stats: {sentpackets,"tsung_controller@ip-172-30-3-21"} 1 1006.0 0.0 1006 72 462.44444444444446 9
stats: {cpu,"tsung_controller@ip-172-30-3-21"} 1 3.3235581622678394 0.0 7.915816935824652 1.5763546798029555 2.7902005786997273 10
stats: session 19 35553.95853464227 23331.501542561564 90143.64794921875 2216.27294921875 30190.42874008862 67
stats: users_count 38 187
stats: finish_users_count 19 86
stats: request 237 116.71331400810915 201.45977681683104 4055.942138671875 4.4638671875 74.7529519188483 1208
stats: connect 37 3.1889978357263513 3.723400173798686 104.947021484375 0.52392578125 2.5962532552083335 150
stats: page 196 144.4760866749044 248.1180730833172 4087.200927734375 5.51904296875 91.60202285096399 979
stats: tr_play_game__ready_page 1 46.033203125 0.0 233.89111328125 6.5859375 31.137188720703126 40
stats: 302 19 127
stats: tr_sign_in_POST 8 553.1937561035156 393.16904389268524 1564.055908203125 151.850830078125 388.3735172923018 41
stats: 200 202 1206
stats: tr_question_new_POST 16 53.67779541015625 74.6282580209247 282.4208984375 4.591064453125 21.89043680826823 96
stats: size_rcv 605899 3521262
stats: tr_quiz_new_POST 2 69.472900390625 21.076904296875 129.80810546875 11.875 35.606343587239586 12
stats: newphase 0 3
stats: tr_play_game__leaderboard 3 243.56429036458334 198.9146820991354 496.84716796875 9.47412109375 82.59712942023026 19
stats: size_sent 175819 1105640
stats: tr_search_he_users 4 186.2314453125 220.89463156709138 568.10498046875 38.779052734375 90.81715745192308 13
stats: connected 18 100
stats: tr_search_all_users 4 113.2177734375 80.88271872832718 322.5 27.839111328125 94.71642127403847 13
stats: 404 16 112
stats: tr_friend_requests 3 16.612955729166668 8.224581218320909 205.129150390625 9.557861328125 67.228857421875 5
stats: tr_friends 2 295.6044921875 258.341552734375 553.946044921875 14.322998046875 144.60595703125 4
stats: tr_browse_quizzes_page_1 6 349.8704833984375 302.6316234717395 858.093994140625 29.237060546875 58.966099330357146 21
stats: tr_play_game__1st_question 3 15.233968098958334 4.636606830866273 361.427978515625 7.93603515625 47.56248072574013 38
stats: tr_play_game__answer_to_question 5 34.599853515625 19.434182166617934 792.4599609375 6.6318359375 62.45564038825758 33
stats: tr_index 8 52.123382568359375 66.21048551950236 222.488037109375 5.720947265625 29.91404463605183 41
stats: tr_quizzes_page_INDEX 1 8.85302734375 0.0 274.093994140625 7.59912109375 48.96958521792763 19
stats: tr_sign_in_SHOW 7 159.37873186383928 205.34207651449702 3500.923828125 9.196044921875 115.81400792738971 51
stats: tr_quiz_questions_SHOW 16 60.99577331542969 121.84083762748254 523.7880859375 6.9970703125 31.050003051757813 96
# stats: dump at 1447978954
stats: users 131 131
stats: {freemem,"tsung_controller@ip-172-30-3-21"} 1 3159.359375 0.0 3170.34375 3159.359375 3165.6061789772725 11
stats: {load,"tsung_controller@ip-172-30-3-21"} 1 0.03125 0.0 0.078125 0.0 0.033380681818181816 11
stats: {recvpackets,"tsung_controller@ip-172-30-3-21"} 1 1318.0 0.0 1318 75 624.8 10
stats: {sentpackets,"tsung_controller@ip-172-30-3-21"} 1 1127.0 0.0 1127 72 516.8 10
stats: {cpu,"tsung_controller@ip-172-30-3-21"} 1 3.4648700673724733 0.0 7.915816935824652 1.5763546798029555 2.8386876317513736 11
stats: session 13 25247.933837890625 22773.622722655662 97733.61889648438 2216.27294921875 31375.39462493187 86
stats: users_count 43 230
stats: finish_users_count 13 99
stats: request 220 857.1396828391337 549.3440485827361 4055.942138671875 4.4638671875 81.63503206774436 1445
stats: connect 43 2.717597429142442 2.6250517357016774 104.947021484375 0.518798828125 2.713534268465909 187
stats: page 181 1015.7023372755525 856.6011380123336 4087.200927734375 5.51904296875 100.4218666888298 1175
stats: tr_play_game__ready_page 7 592.0127650669643 409.94163785394676 1116.22900390625 6.5859375 31.50050614519817 41
stats: 302 32 159
stats: tr_sign_in_POST 6 1405.5503336588542 210.8509958984341 1651.65380859375 151.850830078125 415.2829440369898 49
stats: 200 188 1394
stats: tr_question_new_POST 1 847.43408203125 0.0 847.43408203125 4.591064453125 26.431488037109375 112
stats: size_rcv 535540 4056802
stats: tr_quiz_new_POST 2 1041.447021484375 36.20703125 1077.654052734375 11.875 40.444423130580354 14
stats: newphase 0 3
stats: tr_play_game__leaderboard 2 774.4384765625 764.1953125 1538.6337890625 9.47412109375 104.54719682173295 22
stats: size_sent 168435 1274075
stats: tr_search_he_users 4 1139.1953125 340.88057141569135 1668.033935546875 38.779052734375 113.267578125 17
stats: connected 30 130
stats: tr_search_all_users 4 1065.0009765625 260.34844655575455 1343.02392578125 27.839111328125 99.06968060661765 17
stats: 404 1 113
stats: tr_friend_requests 3 1146.9993489583333 395.1623141190535 1561.59619140625 9.557861328125 48.247894287109375 8
stats: tr_friends 1 1275.238037109375 0.0 1275.238037109375 14.322998046875 194.93880208333334 6
stats: tr_browse_quizzes_page_1 7 945.7638811383929 553.7599580818978 1481.81103515625 29.237060546875 123.61151801215277 27
stats: tr_play_game__1st_question 5 677.609619140625 521.4828287641483 1288.18994140625 7.93603515625 45.196979801829265 41
stats: tr_play_game__answer_to_question 3 589.5643717447916 388.5087718317688 918.363037109375 6.6318359375 58.7904052734375 38
stats: tr_index 4 1037.2797241210938 336.544814617475 1485.283935546875 5.720947265625 33.540058992346935 49
stats: tr_quizzes_page_INDEX 7 651.8426339285714 407.1015053753399 1055.74609375 7.59912109375 46.96375732421875 20
stats: tr_sign_in_SHOW 10 961.1877685546875 362.90345859854125 3500.923828125 9.196044921875 121.0718194369612 58
stats: tr_quiz_questions_SHOW 1 647.016845703125 0.0 647.016845703125 6.9970703125 35.32797023228237 112
# stats: dump at 1447978964
stats: users 168 168
stats: {freemem,"tsung_controller@ip-172-30-3-21"} 1 3157.1953125 0.0 3170.34375 3157.1953125 3165.0856119791665 12
stats: {load,"tsung_controller@ip-172-30-3-21"} 1 0.01953125 0.0 0.078125 0.0 0.033203125 12
stats: {recvpackets,"tsung_controller@ip-172-30-3-21"} 1 1377.0 0.0 1377 75 687.8181818181819 11
stats: {sentpackets,"tsung_controller@ip-172-30-3-21"} 1 1154.0 0.0 1154 72 572.2727272727273 11
stats: {cpu,"tsung_controller@ip-172-30-3-21"} 1 3.1589338598223096 0.0 7.915816935824652 1.5763546798029555 2.890869501386465 12
stats: session 13 30527.168419471152 19986.27948667487 97733.61889648438 2216.27294921875 30570.77856198706 99
stats: users_count 50 280
stats: finish_users_count 13 112
stats: request 298 897.6889689400696 374.95944911083285 4055.942138671875 4.4638671875 184.10411505255254 1665
stats: connect 50 3.5133349609375 3.141238162367163 104.947021484375 0.518798828125 2.7142939028532607 230
stats: page 248 1085.2824283722907 619.9098398318455 4087.200927734375 5.51904296875 222.59425988661505 1356
stats: tr_play_game__ready_page 10 727.2263671875 309.09655087589744 1116.22900390625 6.5859375 113.24187723795573 48
stats: 302 29 188
stats: tr_sign_in_POST 10 1702.34423828125 309.3351748513523 2095.4931640625 151.850830078125 523.3121138139204 55
stats: 200 254 1648
stats: tr_question_new_POST 14 695.9400634765625 311.45423557810295 1351.27978515625 4.591064453125 33.696997718473455 113
stats: size_rcv 697443 4754245
stats: tr_quiz_new_POST 3 840.210693359375 145.3903920816274 1077.654052734375 11.875 165.5697479248047 16
stats: newphase 1 4
stats: tr_play_game__leaderboard 8 892.8556823730469 194.1034811361293 1538.6337890625 9.47412109375 160.37147013346353 24
stats: size_sent 223627 1497702
stats: tr_search_he_users 3 678.2010091145834 93.38522969284104 1668.033935546875 38.779052734375 308.68238467261904 21
stats: connected 38 168
stats: tr_search_all_users 4 735.2584838867188 223.10100997416467 1343.02392578125 27.839111328125 283.0565941220238 21
stats: 404 14 127
stats: tr_friend_requests 6 914.3246663411459 203.0786182338784 1561.59619140625 9.557861328125 347.90738192471593 11
stats: tr_friends 4 1314.7632446289063 235.02631327774105 1686.109130859375 14.322998046875 349.2672642299107 7
stats: tr_browse_quizzes_page_1 3 960.4313151041666 164.09153160830473 1481.81103515625 29.237060546875 292.87818100873164 34
stats: tr_play_game__1st_question 9 889.5101182725695 279.5533899588106 1352.634033203125 7.93603515625 113.93748407778533 46
stats: tr_play_game__answer_to_question 5 806.336572265625 244.96066282123294 1257.76611328125 6.6318359375 97.62752477134147 41
stats: tr_index 11 696.7719504616477 289.1057104900294 1485.283935546875 5.720947265625 109.29399598319576 53
stats: tr_quizzes_page_INDEX 4 876.330322265625 320.1397183816574 1395.549072265625 7.59912109375 203.78420681423611 27
stats: tr_sign_in_SHOW 19 792.1988075657893 199.04027204319715 3500.923828125 9.196044921875 244.61828254250918 68
stats: tr_quiz_questions_SHOW 14 758.6958705357143 293.92728077648457 1298.18994140625 6.9970703125 40.74114612140487 113
# stats: dump at 1447978974
stats: users 214 214
stats: {freemem,"tsung_controller@ip-172-30-3-21"} 1 3153.9453125 0.0 3170.34375 3153.9453125 3164.4786658653848 13
stats: {load,"tsung_controller@ip-172-30-3-21"} 1 0.01953125 0.0 0.078125 0.0 0.032151442307692304 13
stats: {recvpackets,"tsung_controller@ip-172-30-3-21"} 1 1618.0 0.0 1618 75 745.25 12
stats: {sentpackets,"tsung_controller@ip-172-30-3-21"} 1 1362.0 0.0 1362 72 620.75 12
stats: {cpu,"tsung_controller@ip-172-30-3-21"} 1 4.0 0.0 7.915816935824652 1.5763546798029555 2.911489836650761 13
stats: session 22 43761.40358664773 21284.50725398482 97733.61889648438 2216.27294921875 30565.716670445032 112
stats: users_count 68 348
stats: finish_users_count 22 134
stats: request 285 2015.0092739172148 883.5994969275198 4180.369873046875 0.06787109375 292.4323302631894 1963
stats: connect 72 2.8004625108506946 2.934525895134701 104.947021484375 0.467041015625 2.8569798060825895 280
stats: page 225 2328.3824294704855 1237.9636222933486 6206.200927734375 0.63818359375 355.9774679816572 1604
stats: tr_play_game__ready_page 7 2116.2898297991073 517.1678460986453 2985.36181640625 6.5859375 219.10127205684267 58
stats: 302 37 225
stats: tr_sign_in_POST 15 2729.5268717447916 523.164869823191 3887.6201171875 151.850830078125 704.7016714242789 65
stats: 200 213 1861
stats: tr_question_new_POST 16 1317.5010375976563 1155.9788839481078 3146.555908203125 0.64501953125 106.70017032172736 127
stats: size_rcv 627070 5381315
stats: tr_quiz_new_POST 2 1763.4405517578125 206.1876220703125 1969.628173828125 11.875 272.09200246710526 19
stats: newphase 0 4
stats: tr_play_game__leaderboard 4 1979.5150146484375 1239.350107347186 3093.489013671875 7.75 343.4925231933594 32
stats: size_sent 237003 1734705
stats: tr_search_he_users 5 2332.75439453125 629.6324266793376 3208.673095703125 38.779052734375 354.87221272786456 24
stats: connected 43 211
stats: tr_search_all_users 5 2007.105126953125 283.29495222415727 2446.121826171875 27.839111328125 355.408896484375 25
stats: 503 20 20
stats: tr_friend_requests 2 1957.031005859375 167.885009765625 2124.916015625 9.557861328125 547.8193646599265 17
stats: 404 10 137
stats: tr_friends 6 2499.2410481770835 547.7073494346621 3001.589111328125 14.322998046875 700.3567116477273 11
stats: tr_browse_quizzes_page_1 5 1839.75458984375 444.45611240094144 2380.22998046875 29.237060546875 347.0041108002534 37
stats: tr_play_game__1st_question 8 2033.4260559082031 1024.9968677836368 3247.115966796875 0.7841796875 240.84936967329546 55
stats: tr_play_game__answer_to_question 8 1529.16064453125 650.9734262006434 2259.26318359375 6.6318359375 174.6611168902853 46
stats: tr_index 11 2057.079989346591 629.9562085155083 3186.900146484375 5.720947265625 210.2667694091797 64
stats: tr_quizzes_page_INDEX 2 1547.174072265625 172.08203125 1719.256103515625 7.59912109375 290.56435074344756 31
stats: tr_sign_in_SHOW 15 1912.7608072916667 429.3729594742105 3500.923828125 9.196044921875 364.20483398437494 87
stats: tr_quiz_questions_SHOW 12 844.1668497721354 999.7164427875433 2141.05810546875 0.123046875 119.88576141117126 127
# stats: dump at 1447978984
stats: users 275 275
stats: {freemem,"tsung_controller@ip-172-30-3-21"} 1 3151.30078125 0.0 3170.34375 3151.30078125 3163.7262834821427 14
stats: {load,"tsung_controller@ip-172-30-3-21"} 1 0.01953125 0.0 0.078125 0.0 0.031249999999999997 14
stats: {recvpackets,"tsung_controller@ip-172-30-3-21"} 1 1725.0 0.0 1725 75 812.3846153846154 13
stats: {sentpackets,"tsung_controller@ip-172-30-3-21"} 1 1487.0 0.0 1487 72 677.7692307692307 13
stats: {cpu,"tsung_controller@ip-172-30-3-21"} 1 4.761904761904762 0.0 7.915816935824652 1.5763546798029555 2.989240562604278 14
stats: session 18 48440.72440592448 33438.20991644269 129776.40991210938 2216.27294921875 32732.17273131413 134
stats: users_count 79 427
stats: finish_users_count 18 152
stats: request 376 2758.4479707758464 1140.9861323090265 5081.6640625 0.06787109375 510.819531749576 2248
stats: connect 81 4.063443407600308 3.5183752580058525 104.947021484375 0.467041015625 2.845419450239702 352
stats: page 322 3222.776104850058 1841.787038903017 7890.740966796875 0.625 598.6188656497744 1829
stats: tr_play_game__ready_page 18 2444.4002685546875 1359.6857725934294 3798.197998046875 0.72900390625 423.4138859675481 65
stats: 302 31 256
stats: tr_sign_in_POST 18 3602.2950846354165 1356.3039367991714 5081.81787109375 0.747802734375 1084.356396484375 80
stats: 200 287 2148
stats: tr_question_new_POST 7 2866.3651297433034 378.85258204291006 3466.093994140625 0.64501953125 242.1743932337194 143
stats: size_rcv 738167 6119482
stats: tr_quiz_new_POST 7 3143.5848214285716 464.68191430922195 3770.7490234375 11.875 414.1251976376488 21
stats: newphase 0 4
stats: tr_play_game__leaderboard 2 1531.3050537109375 1530.4959716796875 3093.489013671875 0.80908203125 525.2728000217014 36
stats: 422 2 2
stats: tr_search_he_users 2 2128.448974609375 2127.791015625 4256.239990234375 0.657958984375 695.8863820043103 29
stats: size_sent 238375 1973080
stats: tr_search_all_users 2 1334.62158203125 1333.892578125 2668.51416015625 0.72900390625 630.6916015625 30
stats: connected 63 274
stats: tr_friend_requests 4 1801.6837768554688 1802.9733416780953 3723.867919921875 0.697021484375 696.1574321546053 19
stats: 503 47 67
stats: tr_friends 2 3198.3505859375 422.569580078125 3620.920166015625 14.322998046875 1335.2570657169117 17
stats: 404 7 144
stats: tr_browse_quizzes_page_1 7 2848.088065011161 1255.6444570348017 3864.107177734375 0.81298828125 524.7125011625744 42
stats: 500 1 1
stats: tr_play_game__1st_question 13 2189.4772010216348 1234.3310787910066 3611.303955078125 0.7841796875 468.4781552269345 63
stats: tr_play_game__answer_to_question 7 2760.5583147321427 1205.7317556324615 3833.904052734375 0.81494140625 375.32771357783565 54
stats: tr_index 17 2881.413028492647 839.2188573508831 3867.836181640625 0.616943359375 481.1327083333333 75
stats: tr_quizzes_page_INDEX 7 3104.5486188616073 398.3515754118576 3727.72314453125 7.59912109375 366.7225156841856 33
stats: tr_sign_in_SHOW 25 3122.252255859375 379.4231580566904 3978.153076171875 9.196044921875 591.9336535883884 102
stats: tr_quiz_questions_SHOW 8 3279.749786376953 292.5769610266823 3690.401123046875 0.123046875 182.41362515456385 139
# stats: dump at 1447978994
stats: users 378 378
stats: {freemem,"tsung_controller@ip-172-30-3-21"} 1 3146.12109375 0.0 3170.34375 3146.12109375 3162.897916666667 15
stats: {load,"tsung_controller@ip-172-30-3-21"} 1 0.01171875 0.0 0.078125 0.0 0.030468749999999996 15
stats: {recvpackets,"tsung_controller@ip-172-30-3-21"} 1 1955.0 0.0 1955 75 877.5714285714286 14
stats: {sentpackets,"tsung_controller@ip-172-30-3-21"} 1 1757.0 0.0 1757 72 735.5714285714286 14
stats: {cpu,"tsung_controller@ip-172-30-3-21"} 1 5.202312138728324 0.0 7.915816935824652 1.5763546798029555 3.107418175890977 15
stats: session 30 36846.36652832031 15100.738556475735 129776.40991210938 2216.27294921875 34592.39595593904 152
stats: users_count 133 560
stats: finish_users_count 30 182
stats: request 677 1530.0969725120015 1741.933181053141 5081.6640625 0.06591796875 832.8882410002916 2624
stats: connect 158 2.565347792227058 3.019596847389448 104.947021484375 0.467041015625 3.0732715069284064 433
stats: page 554 1839.0242950769969 2281.761474674334 8356.181884765625 0.614990234375 991.4494704951912 2151
stats: tr_play_game__ready_page 19 1565.7884971217106 1653.249682318178 3798.197998046875 0.72900390625 861.7000894201807 83
stats: 302 39 295
stats: tr_sign_in_POST 29 1716.6648285964445 2054.752257833719 5081.81787109375 0.714111328125 1546.8349310427295 98
stats: 200 239 2387
stats: tr_question_new_POST 36 1012.0912543402778 1524.8080138727655 3578.385009765625 0.64501953125 364.6366276041667 150
stats: size_rcv 813282 6932764
stats: tr_quiz_new_POST 5 699.4451171875 1381.6821754735736 3770.7490234375 1.905029296875 1096.4901035853795 28
stats: newphase 1 5
stats: tr_play_game__leaderboard 4 7.486328125 5.2156840672471 3093.489013671875 0.761962890625 578.2218660053454 38
stats: 422 8 10
stats: tr_search_he_users 9 1894.9054633246528 1700.6891638248603 4256.239990234375 0.657958984375 788.3097750756049 31
stats: size_sent 418292 2391372
stats: tr_search_all_users 8 1824.1309814453127 1805.0850993601416 3727.952880859375 0.72900390625 674.6872253417969 32
stats: connected 101 375
stats: tr_friend_requests 5 1918.201025390625 1586.6678067909409 3723.867919921875 0.678955078125 888.4228834069294 23
stats: error_connection_closed 1 1
stats: tr_friends 4 19.29022216796875 24.040765993543964 3620.920166015625 0.68994140625 1531.3721731085527 19
stats: 503 352 419
stats: tr_browse_quizzes_page_1 10 1026.2630859375 1565.4756192328277 3864.107177734375 0.81298828125 856.6232959980867 49
stats: 404 9 153
stats: tr_play_game__1st_question 18 1652.9831678602432 1653.2173571712597 3611.303955078125 0.72802734375 762.8595709549753 76
stats: 500 2 3
stats: tr_play_game__answer_to_question 16 1296.999038696289 1668.1535105470314 3833.904052734375 0.715087890625 649.042700595543 61
stats: tr_index 30 1540.026700846354 1652.263666793265 3867.836181640625 0.59912109375 924.6627674932065 92
stats: tr_quizzes_page_INDEX 6 1082.108154296875 1526.7274188008905 3727.72314453125 0.68701171875 845.8420837402343 40
stats: tr_sign_in_SHOW 45 1381.2227864583335 1692.6253831432741 3978.153076171875 0.891845703125 1090.0278666338584 127
stats: tr_quiz_questions_SHOW 34 904.9250416475184 1506.232390814287 3701.023193359375 0.12109375 350.976137329932 147
# stats: dump at 1447979004
stats: users 498 499
stats: {freemem,"tsung_controller@ip-172-30-3-21"} 1 3141.296875 0.0 3170.34375 3141.296875 3161.849365234375 16
stats: {load,"tsung_controller@ip-172-30-3-21"} 1 0.01171875 0.0 0.078125 0.0 0.029296874999999997 16
stats: {recvpackets,"tsung_controller@ip-172-30-3-21"} 1 2666.0 0.0 2666 75 949.4 15
stats: {sentpackets,"tsung_controller@ip-172-30-3-21"} 1 2637.0 0.0 2637 72 803.6666666666666 15
stats: {cpu,"tsung_controller@ip-172-30-3-21"} 1 8.165225744476464 0.0 8.165225744476464 1.5763546798029555 3.238349048568311 16
stats: session 48 39599.33171590171 30017.248747741287 129776.40991210938 2216.27294921875 34963.92956677112 182
stats: users_count 168 728
stats: finish_users_count 48 230
stats: request 963 1177.0812884337681 1440.875998040837 5081.6640625 0.06494140625 975.8783383142654 3301
stats: connect 198 3.0481610538983586 2.9488146384070686 104.947021484375 0.4638671875 2.93748141061231 591
stats: page 788 1486.7569013101797 1926.430799212707 8356.181884765625 0.577880859375 1165.0378079511322 2705
stats: tr_play_game__ready_page 34 1442.1590432559742 1550.4081368719715 3798.197998046875 0.653076171875 992.8538124234069 102
stats: 302 37 332
stats: tr_sign_in_POST 41 850.9090963224086 1449.5778545411672 5081.81787109375 0.68603515625 1585.6149863896408 127
stats: 200 312 2699
stats: tr_question_new_POST 51 974.4063409543503 1347.1388832494963 3682.6259765625 0.64501953125 489.95042632728496 186
stats: size_rcv 1108419 8041183
stats: tr_quiz_new_POST 4 1516.6219482421875 1571.9136470194874 3770.7490234375 1.905029296875 1036.3317723129735 33
stats: newphase 0 5
stats: tr_play_game__leaderboard 8 464.5385437011719 1203.7915071246873 3649.227783203125 0.72998046875 523.8661004929315 42
stats: 422 23 33
stats: tr_search_he_users 4 1131.4207763671875 1145.824063036868 4256.239990234375 0.636962890625 1037.2938049316406 40
stats: size_sent 537869 2929241
stats: tr_search_all_users 5 1695.818017578125 1385.1620775379988 3727.952880859375 0.72900390625 904.5759765625 40
stats: connected 122 497
stats: tr_friend_requests 9 1245.849392361111 1392.7011037392922 3723.867919921875 0.678955078125 1072.3118373325892 28
stats: error_connection_closed 3 4
stats: tr_friends 5 1074.8802734375 1321.6625506461294 3620.920166015625 0.68994140625 1268.4013990319293 23
stats: 503 532 951
stats: tr_browse_quizzes_page_1 27 1420.726806640625 1627.122219990998 3962.857177734375 0.672119140625 885.3758027674788 59
stats: 404 13 166
stats: tr_play_game__1st_question 33 1076.9130341500947 1380.4158269627105 3760.2080078125 0.72509765625 933.308770362367 94
stats: 500 15 18
stats: tr_play_game__answer_to_question 25 1403.0056933593746 1411.4486490680101 3833.904052734375 0.715087890625 783.6829786424513 77
stats: tr_index 43 1084.5564589389535 1260.8816104054831 3867.836181640625 0.5859375 1075.9817674980789 122
stats: tr_quizzes_page_INDEX 12 1324.649393717448 1378.472820947007 3727.72314453125 0.6318359375 876.6593972911005 46
stats: tr_sign_in_SHOW 64 1350.9530792236324 1518.5843369139475 3978.153076171875 0.787109375 1166.2125840297965 172
stats: tr_quiz_questions_SHOW 53 895.5473909198113 1332.5082674020148 3701.023193359375 0.1201171875 455.03283758848414 181
# stats: dump at 1447979014
stats: users 571 574
stats: {freemem,"tsung_controller@ip-172-30-3-21"} 1 3137.140625 0.0 3170.34375 3137.140625 3160.6403952205883 17
stats: {load,"tsung_controller@ip-172-30-3-21"} 1 0.01171875 0.0 0.078125 0.0 0.02826286764705882 17
stats: {recvpackets,"tsung_controller@ip-172-30-3-21"} 1 3639.0 0.0 3639 75 1056.6875 16
stats: {sentpackets,"tsung_controller@ip-172-30-3-21"} 1 3586.0 0.0 3586 72 918.25 16
stats: {cpu,"tsung_controller@ip-172-30-3-21"} 1 9.85267034990792 0.0 9.85267034990792 1.5763546798029555 3.5281653247982026 17
stats: session 79 36588.3518375445 22184.253381338563 129776.40991210938 2216.27294921875 35931.317841372285 230
stats: users_count 152 880
stats: finish_users_count 79 309
stats: request 1201 787.7580283845492 1129.8660686167052 5081.6640625 0.06494140625 1021.3188732497912 4264
stats: connect 191 2.740460620500653 3.257513192603365 104.947021484375 0.463134765625 2.9652565302202154 789
stats: page 971 932.6837594437927 1360.5504822175074 8356.181884765625 0.547119140625 1237.615719650797 3493
stats: tr_play_game__ready_page 56 807.5595179966521 1102.2934955761427 3798.197998046875 0.60205078125 1105.1801201315486 136
stats: 302 59 391
stats: tr_sign_in_POST 66 712.8978345466384 1240.0564823472855 5081.81787109375 0.68603515625 1406.311763218471 168
stats: 200 293 2992
stats: tr_question_new_POST 54 426.41144476996527 896.115506157687 3682.6259765625 0.64501953125 594.2004332723496 237
stats: size_rcv 1223606 9264789
stats: tr_quiz_new_POST 7 895.0348772321429 1017.7356906306321 3770.7490234375 1.570068359375 1088.2550345755913 37
stats: newphase 0 5
stats: tr_play_game__leaderboard 8 864.8780517578125 1110.2277367563993 3649.227783203125 0.72998046875 514.37369140625 50
stats: 422 21 54
stats: tr_search_he_users 26 914.2455866887019 1291.830736531335 4256.239990234375 0.60205078125 1045.8508023348722 44
stats: size_sent 680415 3609656
stats: tr_search_all_users 30 1304.9008463541666 1345.321753442343 3727.952880859375 0.72900390625 992.4917588975694 45
stats: connected 73 570
stats: tr_friend_requests 17 1105.090576171875 1293.9294777142038 3769.875 0.66796875 1114.5236750422298 37
stats: error_connection_closed 4 8
stats: tr_friends 9 676.8634440104166 953.4377933134293 3620.920166015625 0.68896484375 1233.8440551757813 28
stats: 503 751 1702
stats: tr_browse_quizzes_page_1 27 1059.9415147569443 1229.3388803331727 3962.857177734375 0.672119140625 1053.451117936955 86
stats: 404 8 174
stats: tr_play_game__1st_question 46 820.1360977836277 1091.9379605308043 3760.2080078125 0.656982421875 970.6232641024852 127
stats: 500 28 46
stats: tr_play_game__answer_to_question 29 1014.0741345635773 1151.2684827323615 3833.904052734375 0.715087890625 935.4777616613052 102
stats: tr_index 56 612.6900285993303 1045.3649646354922 3867.836181640625 0.566162109375 1078.2163840553978 165
stats: tr_quizzes_page_INDEX 10 390.0023193359375 769.8296594184095 3727.72314453125 0.6318359375 969.3469827586207 58
stats: tr_sign_in_SHOW 81 887.5023871527779 1155.0756658744433 3978.153076171875 0.787109375 1216.311701370498 236
stats: tr_quiz_questions_SHOW 56 425.61756678989957 873.3738676254167 3701.023193359375 0.1201171875 554.8075013772035 234
# stats: dump at 1447979024
stats: users 717 719
stats: {freemem,"tsung_controller@ip-172-30-3-21"} 1 3134.03125 0.0 3170.34375 3134.03125 3159.3348524305557 18
stats: {load,"tsung_controller@ip-172-30-3-21"} 1 0.078125 0.0 0.078125 0.0 0.027343749999999997 18
stats: {recvpackets,"tsung_controller@ip-172-30-3-21"} 1 3728.0 0.0 3728 75 1208.5882352941176 17
stats: {sentpackets,"tsung_controller@ip-172-30-3-21"} 1 4041.0 0.0 4041 72 1075.1764705882354 17
stats: {cpu,"tsung_controller@ip-172-30-3-21"} 1 11.497584541062803 0.0 11.497584541062803 1.5763546798029555 3.879526715082076 18
stats: session 82 35517.93564810404 22276.44280294825 129776.40991210938 2216.27294921875 36099.2974067367 309
stats: users_count 228 1108
stats: finish_users_count 82 391
stats: request 1643 709.7426447250168 1245.2669310931449 5254.90283203125 0.06396484375 969.9910462263409 5465
stats: connect 297 2.888745034985269 3.2321347017991724 104.947021484375 0.463134765625 2.9214442661830358 980
stats: page 1345 875.6193096175066 1572.2249670625358 8356.181884765625 0.547119140625 1171.287553575304 4464
stats: tr_play_game__ready_page 66 552.4621656013258 1028.6637512140787 3798.197998046875 0.60205078125 1018.3741111755371 192
stats: 302 77 468
stats: tr_sign_in_POST 65 984.7245680588942 1517.5516492315148 5081.81787109375 0.658935546875 1210.7334756443643 234
stats: 200 250 3242
stats: tr_question_new_POST 106 449.8396479768573 1038.8171058723804 3682.6259765625 0.615966796875 563.0643323131443 291
stats: size_rcv 1282947 10547736
stats: tr_quiz_new_POST 17 402.84669404871306 867.3090007118561 3770.7490234375 0.868896484375 1057.5154640891335 44
stats: newphase 1 6
stats: tr_play_game__leaderboard 9 258.83270941840277 713.3773123014139 3649.227783203125 0.68603515625 562.7191204202586 58
stats: 422 34 88
stats: tr_search_he_users 23 1445.9857124660325 1528.404073657822 4256.239990234375 0.60205078125 996.968865094866 70
stats: size_sent 911229 4520885
stats: tr_search_all_users 19 884.9599223889803 1206.5798799044474 3727.952880859375 0.676025390625 1117.4553938802082 75
stats: connected 147 717
stats: tr_friend_requests 9 8.505316840277779 12.140461754504093 3769.875 0.6640625 1111.5539957682292 54
stats: error_connection_closed 6 14
stats: tr_friends 14 1332.7638113839287 1344.3430178655665 3620.920166015625 0.68603515625 1098.3622848923142 37
stats: 503 1159 2861
stats: tr_browse_quizzes_page_1 32 674.7201919555664 1189.4622339063712 3962.857177734375 0.635986328125 1055.0019207169523 113
stats: 404 5 179
stats: tr_play_game__1st_question 59 864.9342392743644 1301.969424102032 3797.45703125 0.65087890625 930.6093354859104 173
stats: 500 52 98
stats: tr_play_game__answer_to_question 70 692.0243791852678 1200.1435087014104 3833.904052734375 0.64599609375 952.8769587160067 131
stats: tr_index 69 1014.9257034080616 1432.557732350703 3867.836181640625 0.56005859375 960.2549546185663 221
stats: tr_quizzes_page_INDEX 18 972.6189507378472 1417.901345799314 3825.85986328125 0.6318359375 884.1492381376379 68
stats: tr_sign_in_SHOW 70 671.5168387276785 1250.3889993465627 3978.153076171875 0.73291015625 1132.294179441049 317
stats: tr_quiz_questions_SHOW 100 199.08669921875008 683.9541058757261 3701.023193359375 0.118896484375 529.860479525862 290
# stats: dump at 1447979034
stats: users 924 924
stats: {freemem,"tsung_controller@ip-172-30-3-21"} 1 3128.0625 0.0 3170.34375 3128.0625 3158.0030838815787 19
stats: {load,"tsung_controller@ip-172-30-3-21"} 1 0.0703125 0.0 0.078125 0.0 0.030016447368421052 19
stats: {recvpackets,"tsung_controller@ip-172-30-3-21"} 1 4763.0 0.0 4763 75 1348.5555555555557 18
stats: {sentpackets,"tsung_controller@ip-172-30-3-21"} 1 5348.0 0.0 5348 72 1239.9444444444443 18
stats: {cpu,"tsung_controller@ip-172-30-3-21"} 1 15.304182509505704 0.0 15.304182509505704 1.5763546798029555 4.280477126975799 19
stats: session 122 38361.382526335154 26516.93248411577 144191.96997070313 1266.3359375 35977.37499188279 391
stats: users_count 329 1437
stats: finish_users_count 122 513
stats: request 2190 499.2443464165965 894.9793403585626 5254.90283203125 0.06396484375 909.8351481302977 7108
stats: connect 402 3.157965057524875 3.2906450498547515 104.947021484375 0.4599609375 2.9138391983163663 1277
stats: page 1807 626.0646852409915 1149.0413299162012 8356.181884765625 0.52392578125 1102.829335616406 5809
stats: tr_play_game__ready_page 64 423.79875564575195 825.9987514434835 3798.197998046875 0.60205078125 899.1873344007389 258
stats: 302 97 565
stats: tr_sign_in_POST 78 539.9756610576924 1028.2493565384946 5081.81787109375 0.658935546875 1161.6011044301317 299
stats: 200 275 3517
stats: tr_question_new_POST 136 475.79218247357585 877.1164953912784 3682.6259765625 0.615966796875 532.8330563946395 397
stats: size_rcv 1639206 12186942
stats: tr_quiz_new_POST 13 748.370361328125 938.4420953875056 3770.7490234375 0.864013671875 875.0667904713115 61
stats: newphase 0 6
stats: tr_play_game__leaderboard 19 114.00560238486842 462.3584133190733 3649.227783203125 0.676025390625 521.8985577483676 67
stats: 422 62 150
stats: tr_search_he_users 24 771.4727681477865 1005.1725337950201 4256.239990234375 0.595947265625 1108.0160424017138 93
stats: size_sent 1073883 5594768
stats: tr_search_all_users 24 411.7936604817708 782.9598665670012 3727.952880859375 0.6279296875 1070.461628366024 94
stats: connected 197 914
stats: tr_friend_requests 13 296.1867863581731 686.9603000784153 3769.875 0.614013671875 953.9756130642362 63
stats: error_connection_closed 6 20
stats: tr_friends 11 730.7205033735795 962.8078819811858 3620.920166015625 0.68603515625 1162.7078019684436 51
stats: 503 1585 4446
stats: tr_browse_quizzes_page_1 46 685.9723696501359 1025.1179920347379 3962.857177734375 0.626953125 971.0776771282327 145
stats: 404 7 186
stats: tr_play_game__1st_question 68 744.6345250746782 1004.060075697673 3797.45703125 0.64990234375 913.9074791217672 232
stats: 500 82 180
stats: tr_play_game__answer_to_question 64 388.1288642883301 787.6395636911407 3833.904052734375 0.6240234375 862.0327767898788 201
stats: tr_index 82 477.24492068407005 901.0853954310492 3867.836181640625 0.56005859375 973.2628224339978 290
stats: tr_quizzes_page_INDEX 36 604.1088392469618 907.8064869249065 3825.85986328125 0.6318359375 902.6661547283794 86
stats: tr_sign_in_SHOW 106 503.42787026459325 901.6279531294651 3978.153076171875 0.73291015625 1048.9494408107234 387
stats: tr_quiz_questions_SHOW 141 363.7837450825575 784.0798950496843 3701.023193359375 0.118896484375 445.04668970352566 390
# stats: dump at 1447979044
stats: users 1145 1145
stats: {freemem,"tsung_controller@ip-172-30-3-21"} 1 3120.58203125 0.0 3170.34375 3120.58203125 3156.5060546874997 20
stats: {load,"tsung_controller@ip-172-30-3-21"} 1 0.2890625 0.0 0.2890625 0.0 0.03203125 20
stats: {recvpackets,"tsung_controller@ip-172-30-3-21"} 1 5914.0 0.0 5914 75 1528.2631578947369 19
stats: {sentpackets,"tsung_controller@ip-172-30-3-21"} 1 6598.0 0.0 6598 72 1456.157894736842 19
stats: {cpu,"tsung_controller@ip-172-30-3-21"} 1 17.437722419928825 0.0 17.437722419928825 1.5763546798029555 4.831662396102295 20
stats: session 123 33175.85608406378 23764.17749192872 144191.96997070313 1266.3359375 36544.331949393876 513
stats: users_count 344 1781
stats: finish_users_count 123 636
stats: request 2009 840.6518276398779 1270.3701976505395 6387.89306640625 0.06396484375 813.1268392732311 9298
stats: connect 305 127.51020027535863 535.3258659272642 3011.02001953125 0.4599609375 2.9722898209499697 1679
stats: page 1661 1012.9655945448902 1466.4489881085378 8356.181884765625 0.52392578125 989.7104118731847 7616
stats: tr_play_game__ready_page 91 578.5905386117788 909.5142367074479 3798.197998046875 0.60205078125 804.7001634680706 322
stats: 302 87 652
stats: tr_sign_in_POST 85 740.2615866268383 1152.5443295623318 5081.81787109375 0.658935546875 1032.9889437323857 377
stats: 200 281 3798
stats: tr_question_new_POST 71 687.6092030699824 931.5357538327306 3682.6259765625 0.615966796875 518.2785369701279 533
stats: size_rcv 1573616 13760558
stats: tr_quiz_new_POST 24 675.1689046223959 954.3331528564019 3770.7490234375 0.864013671875 852.8093096758869 74
stats: newphase 0 6
stats: tr_play_game__leaderboard 55 525.8159268465907 960.1979474587647 3797.27587890625 0.60400390625 431.78267226108284 86
stats: 422 83 233
stats: tr_search_he_users 29 145.1783068426724 510.80444650713196 4256.239990234375 0.575927734375 1038.9815246060364 117
stats: size_sent 995153 6589921
stats: tr_search_all_users 30 348.9657389322917 771.1669775808109 3727.952880859375 0.6279296875 936.4952620166844 118
stats: connected 117 1031
stats: tr_friend_requests 16 259.4131469726562 661.8238485033613 3769.875 0.614013671875 841.459103232936 76
stats: error_connection_closed 7 27
stats: tr_friends 18 214.53526475694446 589.7010614277013 3620.920166015625 0.655029296875 1086.0648941532259 62
stats: 503 1409 5855
stats: tr_browse_quizzes_page_1 46 427.6397068189538 861.2688425058983 3962.857177734375 0.626953125 902.4135716623036 191
stats: 404 5 191
stats: tr_play_game__1st_question 88 461.7582896839489 831.7715263609344 3797.45703125 0.64208984375 875.5389428710937 300
stats: 500 123 303
stats: tr_play_game__answer_to_question 64 315.168155670166 671.4937137559433 3833.904052734375 0.6240234375 747.5805111291273 265
stats: tr_index 87 786.2038518094469 945.679627624156 3867.836181640625 0.557861328125 863.9255430160031 372
stats: tr_quizzes_page_INDEX 33 599.7337609493371 890.6251768007648 3825.85986328125 0.6318359375 814.5672747502562 122
stats: tr_sign_in_SHOW 94 914.0491709607712 1194.024624702199 5439.0771484375 0.716064453125 931.6567704701762 493
stats: tr_quiz_questions_SHOW 65 602.4108323317305 1095.9489824123227 5244.635986328125 0.118896484375 423.46839367422905 531
# stats: dump at 1447979054
stats: users 1107 1183
stats: {freemem,"tsung_controller@ip-172-30-3-21"} 1 3111.77734375 0.0 3170.34375 3111.77734375 3154.795386904762 21
stats: {load,"tsung_controller@ip-172-30-3-21"} 1 0.3203125 0.0 0.3203125 0.0 0.044270833333333336 21
stats: {recvpackets,"tsung_controller@ip-172-30-3-21"} 1 5928.0 0.0 5928 75 1747.55 20
stats: {sentpackets,"tsung_controller@ip-172-30-3-21"} 1 6903.0 0.0 6903 72 1713.25 20
stats: {cpu,"tsung_controller@ip-172-30-3-21"} 1 19.325432999088424 0.0 19.325432999088424 1.5763546798029555 5.431950968665463 21
stats: session 159 39814.29868532575 24604.09031888096 144191.96997070313 1266.3359375 35892.881428268716 636
stats: users_count 121 1902
stats: finish_users_count 159 795
stats: request 2092 1191.8677903826315 2149.8401461125545 13075.095947265625 0.06396484375 818.0174116291694 11307
stats: connect 235 2934.2819325548544 3024.0722307163555 7028.024169921875 0.45703125 22.11748270834646 1984
stats: page 1727 1441.265966683783 2339.4948535528074 13075.095947265625 0.5087890625 993.8741348889984 9277
stats: tr_play_game__ready_page 84 576.1635625930057 878.7460884352793 3798.197998046875 0.60205078125 754.8793986692267 413
stats: 302 100 752
stats: tr_sign_in_POST 82 565.892375666921 1077.7160579665529 5111.72314453125 0.655029296875 979.1321788969494 462
stats: 200 236 4034
stats: tr_question_new_POST 109 486.78525256235645 917.2683088325056 5099.010009765625 0.614013671875 538.1833007004088 604
stats: size_rcv 1555157 15315715
stats: tr_quiz_new_POST 17 1056.609561695772 2941.490886811301 12507.029052734375 0.864013671875 809.3055370097258 98
stats: newphase 0 6
stats: tr_play_game__leaderboard 51 376.8775084252451 705.1659352071122 3797.27587890625 0.60400390625 468.4623105745788 141
stats: 422 65 298
stats: tr_search_he_users 31 488.5339591733871 825.5846031584924 4256.239990234375 0.575927734375 861.4452690229024 146
stats: size_sent 1043860 7633781
stats: tr_search_all_users 30 371.53857421875 733.8051625315996 3727.952880859375 0.6279296875 817.401439769848 148
stats: connected -7 1024
stats: tr_friend_requests 19 826.890406558388 870.7538997538871 3769.875 0.614013671875 740.2337195354959 92
stats: error_connection_closed 9 36
stats: tr_friends 17 420.0247012867647 745.5559564997114 3620.920166015625 0.635986328125 889.9707275390625 80
stats: 503 1493 7348
stats: tr_browse_quizzes_page_1 48 484.59461466471356 882.3761793680595 3962.857177734375 0.626953125 810.2633700471387 237
stats: 404 4 195
stats: tr_play_game__1st_question 82 438.7694121570122 788.9666460313632 3797.45703125 0.636962890625 781.6917844162774 388
stats: 500 161 464
stats: tr_play_game__answer_to_question 76 492.7490073756169 816.4205210721666 3833.904052734375 0.623046875 663.4638219213051 329
stats: tr_index 82 650.0084288062117 981.5633887874034 4717.30615234375 0.557861328125 849.1939806304466 459
stats: tr_quizzes_page_INDEX 28 714.0051182338169 888.3334956665627 3825.85986328125 0.6318359375 768.8285266507056 155
stats: tr_sign_in_SHOW 71 1182.4398348096388 2264.1421274971904 12556.5771484375 0.716064453125 928.8371548758251 587
stats: tr_quiz_questions_SHOW 102 707.9879246132047 1657.6392634142333 8978.47705078125 0.118896484375 442.98392809157406 596
# stats: dump at 1447979064
stats: users 946 1183
stats: {freemem,"tsung_controller@ip-172-30-3-21"} 1 3108.125 0.0 3170.34375 3108.125 3152.840021306818 22
stats: {load,"tsung_controller@ip-172-30-3-21"} 1 0.3515625 0.0 0.3515625 0.0 0.056818181818181816 22
stats: {recvpackets,"tsung_controller@ip-172-30-3-21"} 1 5468.0 0.0 5928 75 1946.6190476190477 21
stats: {sentpackets,"tsung_controller@ip-172-30-3-21"} 1 6247.0 0.0 6903 72 1960.3809523809523 21
stats: {cpu,"tsung_controller@ip-172-30-3-21"} 1 15.427509293680297 0.0 19.325432999088424 1.5763546798029555 6.063472879139234 22
stats: session 161 43769.118488572385 21640.21172407244 144191.96997070313 1266.3359375 36677.164879680124 795
stats: users_count 0 1902
stats: finish_users_count 161 956
stats: request 2288 1468.3363488470766 3187.281956285683 21096.81103515625 0.06396484375 876.3870655102234 13399
stats: connect 187 3344.7974507540953 5579.571218275253 15046.466064453125 0.45703125 330.52606572498877 2219
stats: page 1850 1818.3395737436656 3519.1989036236205 21096.81103515625 0.5087890625 1064.0891197590088 11004
stats: tr_play_game__ready_page 77 472.69998921976463 1072.9550021739262 7281.9541015625 0.60205078125 724.6739052478936 497
stats: 302 129 881
stats: tr_sign_in_POST 87 1127.9631179283404 1900.4029875174965 12590.450927734375 0.64892578125 916.8423556159524 544
stats: 200 250 4284
stats: tr_question_new_POST 165 491.45423768939395 1155.6980342811796 7409.48291015625 0.614013671875 530.3258150804261 713
stats: size_rcv 1720968 17036683
stats: tr_quiz_new_POST 28 328.13049316406244 613.355722803547 12507.029052734375 0.864013671875 845.863523267663 115
stats: newphase 0 6
stats: tr_play_game__leaderboard 54 459.6251311125579 770.4042703894318 3797.27587890625 0.60400390625 444.13509750366205 192
stats: 422 86 384
stats: tr_search_he_users 41 492.554824456936 829.1701116502144 4256.239990234375 0.575927734375 796.1331187102754 177
stats: size_sent 1205832 8839613
stats: tr_search_all_users 45 506.3344021267361 794.3143360921683 3727.952880859375 0.623046875 742.256012991573 178
stats: connected -97 927
stats: tr_friend_requests 18 386.7225477430556 715.0160135861361 3769.875 0.614013671875 755.066846143018 111
stats: error_connection_closed 55 91
stats: tr_friends 15 1152.4637532552083 1332.293038571604 5010.613037109375 0.635986328125 807.6090528350516 97
stats: error_abort_max_send_retries 2 2
stats: tr_browse_quizzes_page_1 40 607.5281372070313 936.6130618035672 3962.857177734375 0.626953125 755.4138954564145 285
stats: 503 1607 8955
stats: tr_play_game__1st_question 87 673.6286817528736 853.8562807245985 3797.45703125 0.612060546875 721.8627747880652 470
stats: 404 2 197
stats: tr_play_game__answer_to_question 98 689.5996866031572 1511.912870072112 12041.541015625 0.623046875 631.4284493152006 405
stats: 500 180 644
stats: tr_index 85 664.078394990809 874.2370048440497 4717.30615234375 0.557861328125 819.0031945868473 541
stats: tr_quizzes_page_INDEX 33 756.0621744791666 951.0044216583611 3825.85986328125 0.6318359375 760.440245581455 183
stats: tr_sign_in_SHOW 72 2237.254191080729 3340.3307603667154 21096.89404296875 0.716064453125 956.2015777866167 658
stats: tr_quiz_questions_SHOW 136 1320.2584982479314 2271.0142357176437 12890.133056640625 0.118896484375 481.70944047725646 698
# stats: dump at 1447979074
stats: users 741 1183
stats: {freemem,"tsung_controller@ip-172-30-3-21"} 1 3106.23046875 0.0 3170.34375 3106.23046875 3150.895889945652 23
stats: {load,"tsung_controller@ip-172-30-3-21"} 1 0.30078125 0.0 0.3515625 0.0 0.06963315217391304 23
stats: {recvpackets,"tsung_controller@ip-172-30-3-21"} 1 7039.0 0.0 7039 75 2106.681818181818 22
stats: {sentpackets,"tsung_controller@ip-172-30-3-21"} 1 7038.0 0.0 7038 72 2155.2272727272725 22
stats: {cpu,"tsung_controller@ip-172-30-3-21"} 1 14.623069936421434 0.0 19.325432999088424 1.5763546798029555 6.470604897162758 23
stats: session 205 50137.11304663681 22407.54039484919 144191.96997070313 1266.3359375 37871.52108368813 956
stats: users_count 0 1902
stats: finish_users_count 205 1161
stats: request 2633 617.2598692897252 2066.032192648812 31100.23095703125 0.05810546875 962.7247948577544 15687
stats: connect 243 896.7578406314303 5195.169892289267 31075.18798828125 0.445068359375 564.8023537550981 2406
stats: page 2059 791.4458118084851 2361.8390632184687 31100.23095703125 0.5087890625 1172.6439151434506 12854
stats: tr_play_game__ready_page 85 463.47707950367646 757.717674778184 7281.9541015625 0.60205078125 690.8725262685105 574
stats: 302 162 1043
stats: tr_sign_in_POST 70 680.2412074497768 988.4236906426756 12590.450927734375 0.64892578125 945.9509234783578 631
stats: 200 203 4487
stats: tr_question_new_POST 350 253.2063532366073 603.4765294464693 7409.48291015625 0.614013671875 523.0207919944121 878
stats: size_rcv 1713984 18750667
stats: tr_quiz_new_POST 30 705.3616292317708 870.1125229371762 12507.029052734375 0.864013671875 744.4892236669581 143
stats: newphase 0 6
stats: tr_play_game__leaderboard 67 475.9501151469217 788.9375936419889 3797.27587890625 0.56787109375 447.53534878366355 246
stats: 422 97 481
stats: tr_search_he_users 29 655.7408152613147 844.9054068261611 4256.239990234375 0.575927734375 739.0381184149226 218
stats: size_sent 1619648 10459261
stats: tr_search_all_users 24 536.6809895833334 823.9305074056765 3727.952880859375 0.6201171875 694.6485130412697 223
stats: connected -187 740
stats: tr_friend_requests 24 353.9094543457031 681.59935383137 3769.875 0.614013671875 703.6699672965116 129
stats: error_connection_closed 75 166
stats: tr_friends 22 420.6862681995739 766.3703419254717 5010.613037109375 0.6279296875 853.7949502127511 112
stats: error_abort_max_send_retries 25 27
stats: tr_browse_quizzes_page_1 24 662.5661112467448 923.341945078419 3962.857177734375 0.626953125 737.2125713641827 325
stats: 503 1865 10820
stats: tr_play_game__1st_question 80 520.9556091308594 816.9813365029262 3797.45703125 0.590087890625 714.328903883107 557
stats: 404 1 198
stats: tr_play_game__answer_to_question 84 450.37450009300585 774.6342477803544 12041.541015625 0.623046875 642.7620104567906 503
stats: 500 155 799
stats: tr_index 70 608.2590890066967 855.3075440247777 4717.30615234375 0.551025390625 797.9670796257238 626
stats: tr_quizzes_page_INDEX 29 689.6014278017242 885.2472974028376 3825.85986328125 0.6318359375 759.7713736074942 216
stats: tr_sign_in_SHOW 28 2381.980137416295 6309.9338778856945 31092.52490234375 0.716064453125 1082.5519725224742 730
stats: tr_quiz_questions_SHOW 390 430.86020132211524 1031.4921164046675 16189.178955078125 0.06689453125 618.4512532552081 834
# stats: dump at 1447979084
stats: users 602 1183
stats: {freemem,"tsung_controller@ip-172-30-3-21"} 1 3105.640625 0.0 3170.34375 3105.640625 3149.0348307291665 24
stats: {load,"tsung_controller@ip-172-30-3-21"} 1 0.25 0.0 0.3515625 0.0 0.07926432291666667 24
stats: {recvpackets,"tsung_controller@ip-172-30-3-21"} 1 5382.0 0.0 7039 75 2321.1304347826085 23
stats: {sentpackets,"tsung_controller@ip-172-30-3-21"} 1 5568.0 0.0 7038 72 2367.5217391304345 23
stats: {cpu,"tsung_controller@ip-172-30-3-21"} 1 15.033301617507137 0.0 19.325432999088424 1.5763546798029555 6.810290940465204 24
stats: session 139 56699.81289870448 18955.821817257238 144191.96997070313 1266.3359375 40037.28021581947 1161
stats: users_count 0 1902
stats: finish_users_count 139 1300
stats: request 1738 622.070172308778 700.9432479823448 31100.23095703125 0.05810546875 913.0736404352315 18320
stats: connect 80 1.84713134765625 2.809334402114562 31075.18798828125 0.445068359375 595.2535365829383 2649
stats: page 1424 763.2780741145099 910.4976777860783 31100.23095703125 0.5087890625 1120.0128620510686 14913
stats: tr_play_game__ready_page 50 569.3780371093751 669.4268436506455 7281.9541015625 0.60205078125 661.5423093109825 659
stats: 302 190 1233
stats: tr_sign_in_POST 34 972.8050106272977 1034.3356413814106 12590.450927734375 0.64892578125 919.4178562572441 701
stats: 200 234 4721
stats: tr_question_new_POST 189 548.344686518271 678.5661022515304 7409.48291015625 0.614013671875 446.119282576471 1228
stats: size_rcv 1494946 20245613
stats: tr_quiz_new_POST 30 638.0056477864586 680.0922008378114 12507.029052734375 0.864013671875 737.7040916839776 173
stats: newphase 0 6
stats: tr_play_game__leaderboard 82 637.9364013671875 702.5739323224034 3797.27587890625 0.56787109375 453.61774286142173 313
stats: 422 107 588
stats: tr_search_he_users 23 488.1919582201087 679.916373258313 4256.239990234375 0.575927734375 729.2582731053897 247
stats: size_sent 1085876 11545137
stats: tr_search_all_users 24 790.7699584960938 666.5371467584713 3727.952880859375 0.6201171875 679.299441936045 247
stats: connected -132 608
stats: tr_friend_requests 11 633.2216574928977 693.8387914562143 3769.875 0.614013671875 648.8055731081495 153
stats: error_connection_closed 7 173
stats: tr_friends 15 675.05693359375 721.4705693425171 5010.613037109375 0.6279296875 782.6875546583489 134
stats: error_abort_max_send_retries 1 28
stats: tr_browse_quizzes_page_1 15 730.42412109375 777.7668786641337 3962.857177734375 0.626953125 732.0792904392013 349
stats: 503 884 11704
stats: tr_play_game__1st_question 57 612.5817057291666 661.0444373261168 3797.45703125 0.590087890625 690.0434037572361 637
stats: 404 3 201
stats: tr_play_game__answer_to_question 62 715.0215906943045 689.9014285491625 12041.541015625 0.614013671875 615.231259399622 587
stats: 500 236 1035
stats: tr_index 36 927.2749091254341 664.2150089469561 4717.30615234375 0.551025390625 778.8872529830056 696
stats: tr_quizzes_page_INDEX 14 908.2741001674107 688.1960515635019 3825.85986328125 0.6318359375 751.4655432876275 245
stats: tr_sign_in_SHOW 6 1162.1985270182292 522.7130641137962 31092.52490234375 0.716064453125 1130.5519575053593 758
stats: tr_quiz_questions_SHOW 184 410.8938293457031 629.467386114977 16189.178955078125 0.06689453125 558.6795945510364 1224
# stats: dump at 1447979094
stats: users 458 1183
stats: {freemem,"tsung_controller@ip-172-30-3-21"} 1 3104.9609375 0.0 3170.34375 3104.9609375 3147.2990625 25
stats: {load,"tsung_controller@ip-172-30-3-21"} 1 0.2109375 0.0 0.3515625 0.0 0.08609375 25
stats: {recvpackets,"tsung_controller@ip-172-30-3-21"} 1 4908.0 0.0 7039 75 2448.6666666666665 24
stats: {sentpackets,"tsung_controller@ip-172-30-3-21"} 1 4723.0 0.0 7038 72 2500.8749999999995 24
stats: {cpu,"tsung_controller@ip-172-30-3-21"} 1 12.197392923649906 0.0 19.325432999088424 1.5763546798029555 7.1392113675468805 25
stats: session 144 63491.376005384656 16947.906563464632 144191.96997070313 1266.3359375 41818.88947960486 1300
stats: users_count 0 1902
stats: finish_users_count 144 1444
stats: request 1359 770.1830138486489 620.0611391302516 31100.23095703125 0.05810546875 887.8585627802422 20058
stats: connect 52 2.0346069335937496 3.1394854838157995 31075.18798828125 0.445068359375 577.8579658908084 2729
stats: page 1130 922.3446487831856 787.3428423222833 31100.23095703125 0.5087890625 1088.9183931754085 16337
stats: tr_play_game__ready_page 31 641.6096821446573 618.1513753349196 7281.9541015625 0.60205078125 655.042713245989 709
stats: 302 214 1447
stats: tr_sign_in_POST 17 494.3321892233456 687.3008381277597 12590.450927734375 0.64892578125 921.8874661192602 735
stats: 200 277 4998
stats: tr_question_new_POST 153 756.7194536994485 604.3526879265419 7409.48291015625 0.614013671875 459.7541459109807 1417
stats: size_rcv 1357930 21603543
stats: tr_quiz_new_POST 20 827.9720947265625 611.3612898453359 12507.029052734375 0.864013671875 722.9703315020782 203
stats: newphase 0 6
stats: tr_play_game__leaderboard 79 817.5667832772942 625.8029996299246 3797.27587890625 0.56787109375 491.8813631081883 395
stats: 422 113 701
stats: tr_search_he_users 17 748.47900390625 632.2362472807764 4256.239990234375 0.575927734375 708.7229944299769 270
stats: size_sent 883944 12429081
stats: tr_search_all_users 17 761.1708840762867 636.9166507355582 3727.952880859375 0.6201171875 689.1713696018796 271
stats: connected -149 459
stats: tr_friend_requests 11 837.5768599076705 641.0406021896389 3769.875 0.614013671875 647.7603104754193 164
stats: error_connection_closed 6 179
stats: tr_friends 14 880.355974469866 561.23787941666 5010.613037109375 0.6279296875 771.8522572357383 149
stats: error_abort_max_send_retries 0 28
stats: tr_browse_quizzes_page_1 11 965.5641202059659 725.8531169028464 3962.857177734375 0.626953125 732.0110829112294 364
stats: 503 476 12180
stats: tr_play_game__1st_question 39 797.1333696414263 602.8904028294745 3797.45703125 0.590087890625 683.681275821213 694
stats: 404 4 205
stats: tr_play_game__answer_to_question 51 869.3898111979166 566.4253249774051 12041.541015625 0.614013671875 624.7643881211479 649
stats: 500 226 1261
stats: tr_index 19 709.3439684416119 673.3321986303995 4717.30615234375 0.551025390625 786.1850065637807 732
stats: tr_quizzes_page_INDEX 6 803.5471598307291 565.6493141948207 3825.85986328125 0.6318359375 759.9416814973456 259
stats: tr_sign_in_SHOW 1 1407.40087890625 0.0 31092.52490234375 0.716064453125 1130.800490773785 764
stats: tr_quiz_questions_SHOW 149 614.6912292890099 621.007542528878 16189.178955078125 0.06689453125 539.3666820526122 1408
# stats: dump at 1447979104
stats: users 358 1183
stats: {freemem,"tsung_controller@ip-172-30-3-21"} 1 3105.09765625 0.0 3170.34375 3104.9609375 3145.670673076923 26
stats: {load,"tsung_controller@ip-172-30-3-21"} 1 0.25 0.0 0.3515625 0.0 0.0908954326923077 26
stats: {recvpackets,"tsung_controller@ip-172-30-3-21"} 1 4445.0 0.0 7039 75 2547.04 25
stats: {sentpackets,"tsung_controller@ip-172-30-3-21"} 1 3934.0 0.0 7038 72 2589.7599999999993 25
stats: {cpu,"tsung_controller@ip-172-30-3-21"} 1 10.507246376811594 0.0 19.325432999088424 1.5763546798029555 7.333756812012382 26
stats: session 100 72415.1647338867 16050.432210670904 144191.96997070313 1266.3359375 43980.13467331143 1444
stats: users_count 0 1902
stats: finish_users_count 100 1544
stats: request 958 1042.7411482458572 441.60670339013967 31100.23095703125 0.05810546875 880.3915472786296 21417
stats: connect 13 1.7383188100961537 2.374620571110136 31075.18798828125 0.445068359375 567.0910422425613 2781
stats: page 806 1243.2881556054203 663.5841534788143 31100.23095703125 0.5087890625 1078.142167655101 17467
stats: tr_play_game__ready_page 16 1057.5856323242185 430.81851733567646 7281.9541015625 0.60205078125 654.4799781593116 740
stats: 302 194 1641
stats: tr_sign_in_POST 9 1710.6009657118057 694.8024458669673 12590.450927734375 0.64892578125 912.221987785177 752
stats: 200 326 5324
stats: tr_question_new_POST 115 917.0670834748641 489.043287175309 7409.48291015625 0.614013671875 488.69407717953834 1570
stats: size_rcv 1232389 22835932
stats: tr_quiz_new_POST 12 1049.4738159179688 353.1696870321578 12507.029052734375 0.864013671875 732.3875299975476 223
stats: newphase 0 6
stats: tr_play_game__leaderboard 71 1184.7300079775528 295.43135462974567 3797.27587890625 0.56787109375 546.162266469706 474
stats: 422 102 803
stats: tr_search_he_users 5 692.68681640625 582.8107356372216 4256.239990234375 0.575927734375 711.0778800087108 287
stats: size_sent 659537 13088618
stats: tr_search_all_users 7 1167.4664829799108 494.7681169919368 3727.952880859375 0.6201171875 693.4213409423828 288
stats: connected -101 358
stats: tr_friend_requests 4 1168.9220581054688 166.61253346931224 3769.875 0.614013671875 659.6916364397322 175
stats: error_connection_closed 1 180
stats: tr_friends 5 922.56923828125 470.6299121786154 5010.613037109375 0.6279296875 781.1715949122892 163
stats: error_abort_max_send_retries 0 28
stats: tr_browse_quizzes_page_1 3 1533.3710123697917 36.61865440895563 3962.857177734375 0.626953125 738.8619720052084 375
stats: 503 113 12293
stats: tr_play_game__1st_question 18 966.9381510416666 523.8928599192194 3797.45703125 0.590087890625 689.7176082345668 733
stats: 404 11 216
stats: tr_play_game__answer_to_question 33 1092.1148052793562 364.3460547831657 12041.541015625 0.614013671875 642.5870975167411 700
stats: 500 200 1461
stats: tr_index 10 1247.729833984375 169.4314130654033 4717.30615234375 0.551025390625 784.2409589947778 751
stats: tr_quizzes_page_INDEX 2 479.237060546875 472.036865234375 3825.85986328125 0.6318359375 760.9289753464033 265
stats: tr_sign_in_SHOW 0 0 0 31092.52490234375 0.716064453125 1131.1620599085986 765
stats: tr_quiz_questions_SHOW 116 923.8906397326239 502.6839106559338 16189.178955078125 0.06689453125 546.5750041709316 1557
# stats: dump at 1447979114
stats: users 260 1183
stats: {freemem,"tsung_controller@ip-172-30-3-21"} 1 3105.1484375 0.0 3170.34375 3104.9609375 3144.16796875 27
stats: {load,"tsung_controller@ip-172-30-3-21"} 1 0.21875 0.0 0.3515625 0.0 0.09678819444444445 27
stats: {recvpackets,"tsung_controller@ip-172-30-3-21"} 1 3882.0 0.0 7039 75 2620.0384615384614 26
stats: {sentpackets,"tsung_controller@ip-172-30-3-21"} 1 3230.0 0.0 7038 72 2641.461538461538 26
stats: {cpu,"tsung_controller@ip-172-30-3-21"} 1 7.714016933207903 0.0 19.325432999088424 1.5763546798029555 7.451293462560501 27
stats: session 98 77771.43332220588 14616.559706921174 152476.73095703125 1266.3359375 45821.78169796009 1544
stats: users_count 0 1902
stats: finish_users_count 98 1642
stats: request 867 1061.5873302560915 329.3182781356378 31100.23095703125 0.05810546875 887.3426497468577 22375
stats: connect 17 2.198917164522059 2.5893485637262255 31075.18798828125 0.445068359375 564.460553550857 2794
stats: page 717 1291.5224531059328 588.9846946169741 31100.23095703125 0.5087890625 1085.426558082943 18273
stats: tr_play_game__ready_page 7 915.8319963727679 395.86933313143993 7281.9541015625 0.60205078125 663.0113147553943 756
stats: 302 218 1859
stats: tr_sign_in_POST 4 2151.3662109375 258.94270493717573 12590.450927734375 0.64892578125 921.6640519130872 761
stats: 200 305 5629
stats: tr_question_new_POST 119 979.7144539456408 330.67864213574575 7409.48291015625 0.614013671875 517.930217075065 1685
stats: size_rcv 1181891 24017823
stats: tr_quiz_new_POST 16 1058.593978881836 297.9481575972987 12507.029052734375 0.864013671875 748.5791701296542 235
stats: newphase 0 6
stats: tr_play_game__leaderboard 55 1140.223961292614 183.35745585163056 3797.27587890625 0.56787109375 629.3518254551319 545
stats: 422 115 918
stats: tr_search_he_users 6 1362.148681640625 113.83114275941136 4256.239990234375 0.575927734375 710.762964536066 292
stats: size_sent 603190 13691808
stats: tr_search_all_users 3 1200.4720052083333 123.85403812809233 3727.952880859375 0.6201171875 704.6698697364936 295
stats: connected -94 264
stats: tr_friend_requests 0 0 0 3769.875 0.614013671875 671.0710872032123 179
stats: error_connection_closed 0 180
stats: tr_friends 9 1236.4354654947917 196.8792233021181 5010.613037109375 0.6279296875 785.3798581077939 168
stats: error_abort_max_send_retries 0 28
stats: tr_browse_quizzes_page_1 5 1338.973046875 110.02035057458686 3962.857177734375 0.626953125 745.1675993096892 378
stats: 503 40 12333
stats: tr_play_game__1st_question 9 1038.220675998264 581.6319297003303 3797.45703125 0.590087890625 696.3620420168941 751
stats: 404 14 230
stats: tr_play_game__answer_to_question 24 1132.5962931315105 222.89320808795273 12041.541015625 0.614013671875 662.8250434323841 733
stats: 500 165 1626
stats: tr_index 3 1056.18798828125 86.80293777881799 4717.30615234375 0.551025390625 790.3314829762443 761
stats: tr_quizzes_page_INDEX 1 928.280029296875 0.0 3825.85986328125 0.6318359375 758.8189235501521 267
stats: tr_sign_in_SHOW 0 0 0 31092.52490234375 0.716064453125 1131.1620599085986 765
stats: tr_quiz_questions_SHOW 117 992.4019451956464 351.4412237443125 16189.178955078125 0.06689453125 572.7367577424536 1673
# stats: dump at 1447979124
stats: users 165 1183
stats: {freemem,"tsung_controller@ip-172-30-3-21"} 1 3105.171875 0.0 3170.34375 3104.9609375 3142.7744140625 28
stats: {load,"tsung_controller@ip-172-30-3-21"} 1 0.1796875 0.0 0.3515625 0.0 0.10114397321428571 28
stats: {recvpackets,"tsung_controller@ip-172-30-3-21"} 1 3787.0 0.0 7039 75 2666.777777777778 27
stats: {sentpackets,"tsung_controller@ip-172-30-3-21"} 1 2920.0 0.0 7038 72 2663.2592592592587 27
stats: {cpu,"tsung_controller@ip-172-30-3-21"} 1 6.509433962264151 0.0 19.325432999088424 1.5763546798029555 7.460676443655052 28
stats: session 95 85814.91039011102 10954.006234071348 152476.73095703125 1266.3359375 47728.64275714163 1642
stats: users_count 0 1902
stats: finish_users_count 95 1737
stats: request 932 648.122494415153 142.10155189815177 31100.23095703125 0.05810546875 893.8425266077778 23242
stats: connect 0 0 0 31075.18798828125 0.445068359375 561.0601807943406 2811
stats: page 744 830.0902660739035 350.615793759979 31100.23095703125 0.5087890625 1093.2080618602724 18990
stats: tr_play_game__ready_page 2 604.5869140625 62.860107421875 7281.9541015625 0.60205078125 665.3307705500491 763
stats: 302 331 2190
stats: tr_sign_in_POST 0 0 0 12590.450927734375 0.64892578125 928.0938671236723 765
stats: 200 288 5917
stats: tr_question_new_POST 173 627.7867593930637 133.8949396186288 7409.48291015625 0.614013671875 548.3915941191883 1804
stats: size_rcv 1131715 25149538
stats: tr_quiz_new_POST 9 676.7842339409722 96.96601196294695 12507.029052734375 0.864013671875 768.3410702891558 251
stats: newphase 0 6
stats: tr_play_game__leaderboard 64 651.4250526428225 134.14341433608843 3797.27587890625 0.56787109375 676.1817712402344 600
stats: 422 162 1080
stats: tr_search_he_users 3 750.3756510416666 45.322262590265716 4256.239990234375 0.575927734375 723.8781132026006 298
stats: size_sent 675767 14367575
stats: tr_search_all_users 3 734.7776692708334 88.57228000330852 3727.952880859375 0.6201171875 709.6611664023176 298
stats: connected -99 165
stats: tr_friend_requests 2 711.0885009765625 18.1414794921875 3769.875 0.614013671875 671.0710872032123 179
stats: error_connection_closed 0 180
stats: tr_friends 3 693.79638671875 216.4862983954072 5010.613037109375 0.6279296875 808.3148889918785 177
stats: error_abort_max_send_retries 0 28
stats: tr_browse_quizzes_page_1 2 1001.1396484375 141.717529296875 3962.857177734375 0.626953125 752.9196286512729 383
stats: 503 0 12333
stats: tr_play_game__1st_question 4 818.134765625 185.6828119489607 3797.45703125 0.590087890625 700.4103679456209 760
stats: 404 21 251
stats: tr_play_game__answer_to_question 4 725.626220703125 61.87572785705598 12041.541015625 0.614013671875 677.7187158138623 757
stats: 500 131 1757
stats: tr_index 1 985.73779296875 0.0 4717.30615234375 0.551025390625 791.375422133201 764
stats: tr_quizzes_page_INDEX 0 0 0 3825.85986328125 0.6318359375 759.4512411089086 268
stats: tr_sign_in_SHOW 0 0 0 31092.52490234375 0.716064453125 1131.1620599085986 765
stats: tr_quiz_questions_SHOW 179 625.9109295892979 139.1829375925619 16189.178955078125 0.06689453125 600.1673873134165 1790
# stats: dump at 1447979134
stats: users 80 1183
stats: {freemem,"tsung_controller@ip-172-30-3-21"} 1 3105.55859375 0.0 3170.34375 3104.9609375 3141.477774784483 29
stats: {load,"tsung_controller@ip-172-30-3-21"} 1 0.1484375 0.0 0.3515625 0.0 0.10385237068965517 29
stats: {recvpackets,"tsung_controller@ip-172-30-3-21"} 1 3584.0 0.0 7039 75 2706.785714285714 28
stats: {sentpackets,"tsung_controller@ip-172-30-3-21"} 1 2722.0 0.0 7038 72 2672.428571428571 28
stats: {cpu,"tsung_controller@ip-172-30-3-21"} 1 6.529850746268656 0.0 19.325432999088424 1.5763546798029555 7.427874978779503 29
stats: session 85 91917.85551757815 11211.439969645102 152476.73095703125 1266.3359375 49811.65681881813 1737
stats: users_count 0 1902
stats: finish_users_count 85 1822
stats: request 470 123.61896920711435 118.69329703342665 31100.23095703125 0.05810546875 884.3690811703854 24174
stats: connect 1 1.4189453125 0.0 31075.18798828125 0.445068359375 561.0601807943406 2811
stats: page 395 155.8176312796677 180.56648262227458 31100.23095703125 0.5087890625 1083.2881449622762 19734
stats: tr_play_game__ready_page 0 0 0 7281.9541015625 0.60205078125 665.1719630821078 765
stats: 302 134 2324
stats: tr_sign_in_POST 0 0 0 12590.450927734375 0.64892578125 928.0938671236723 765
stats: 200 201 6118
stats: tr_question_new_POST 72 170.15654161241318 106.51864481672371 7409.48291015625 0.614013671875 555.3391730733515 1977
stats: size_rcv 605289 25754827
stats: tr_quiz_new_POST 2 114.1015625 107.472412109375 12507.029052734375 0.864013671875 765.1717951847957 260
stats: newphase 0 6
stats: tr_play_game__leaderboard 53 100.53522995283019 124.5456770510544 3797.27587890625 0.56787109375 673.7955814959055 664
stats: 422 65 1145
stats: tr_search_he_users 1 17.72802734375 0.0 4256.239990234375 0.575927734375 724.1422082641195 301
stats: size_sent 342974 14710549
stats: tr_search_all_users 1 13.176025390625 0.0 3727.952880859375 0.6201171875 709.9114969956914 301
stats: connected -86 79
stats: tr_friend_requests 1 4.3828125 0.0 3769.875 0.614013671875 671.5132685708736 181
stats: error_connection_closed 0 180
stats: tr_friends 2 6.5860595703125 1.7940673828125 5010.613037109375 0.6279296875 806.4062472873264 180
stats: error_abort_max_send_retries 0 28
stats: tr_browse_quizzes_page_1 0 0 0 3962.857177734375 0.626953125 754.2090832995129 385
stats: 503 0 12333
stats: tr_play_game__1st_question 1 267.157958984375 0.0 3797.45703125 0.590087890625 701.0267260486543 764
stats: 404 9 260
stats: tr_play_game__answer_to_question 4 32.29656982421875 43.90693921955823 12041.541015625 0.614013671875 677.970529242978 761
stats: 500 59 1816
stats: tr_index 0 0 0 4717.30615234375 0.551025390625 791.6294905918096 765
stats: tr_quizzes_page_INDEX 0 0 0 3825.85986328125 0.6318359375 759.4512411089086 268
stats: tr_sign_in_SHOW 0 0 0 31092.52490234375 0.716064453125 1131.1620599085986 765
stats: tr_quiz_questions_SHOW 80 168.9292724609375 111.57324990040887 16189.178955078125 0.06689453125 602.5077093384967 1969
# stats: dump at 1447979144
stats: users 39 1183
stats: {freemem,"tsung_controller@ip-172-30-3-21"} 1 3106.1875 0.0 3170.34375 3104.9609375 3140.28046875 30
stats: {load,"tsung_controller@ip-172-30-3-21"} 1 0.12890625 0.0 0.3515625 0.0 0.10533854166666666 30
stats: {recvpackets,"tsung_controller@ip-172-30-3-21"} 1 846.0 0.0 7039 75 2737.0344827586205 29
stats: {sentpackets,"tsung_controller@ip-172-30-3-21"} 1 942.0 0.0 7038 72 2674.1379310344823 29
stats: {cpu,"tsung_controller@ip-172-30-3-21"} 1 3.232125367286973 0.0 19.325432999088424 1.5763546798029555 7.397940837695809 30
stats: session 41 103317.22316834985 13500.717846329046 152476.73095703125 1266.3359375 51775.99649466588 1822
stats: users_count 0 1902
stats: finish_users_count 41 1863
stats: request 174 8.736004007273717 5.226450915827761 31100.23095703125 0.05810546875 869.860375090904 24644
stats: connect 2 0.8226318359375 0.0184326171875 31075.18798828125 0.445068359375 560.8611618628037 2812
stats: page 156 9.756663787059296 5.750753865427426 31100.23095703125 0.5087890625 1065.0879932952967 20129
stats: tr_play_game__ready_page 0 0 0 7281.9541015625 0.60205078125 665.1719630821078 765
stats: 302 34 2358
stats: tr_sign_in_POST 0 0 0 12590.450927734375 0.64892578125 928.0938671236723 765
stats: 200 110 6228
stats: tr_question_new_POST 16 8.817886352539063 4.698279521168794 7409.48291015625 0.614013671875 541.8042050571545 2049
stats: size_rcv 242006 25996833
stats: tr_quiz_new_POST 2 6.02099609375 0.0048828125 12507.029052734375 0.864013671875 760.2017934085759 262
stats: newphase 0 6
stats: tr_play_game__leaderboard 26 9.980299729567308 3.9436594227384596 3797.27587890625 0.56787109375 631.4206880066685 717
stats: 422 18 1163
stats: tr_search_he_users 0 0 0 4256.239990234375 0.575927734375 721.8030884597474 302
stats: size_sent 138856 14849405
stats: tr_search_all_users 0 0 0 3727.952880859375 0.6201171875 707.6044258976614 302
stats: connected -44 35
stats: tr_friend_requests 0 0 0 3769.875 0.614013671875 667.8477166144403 182
stats: error_connection_closed 0 180
stats: tr_friends 0 0 0 5010.613037109375 0.6279296875 797.6170144552713 182
stats: error_abort_max_send_retries 0 28
stats: tr_browse_quizzes_page_1 0 0 0 3962.857177734375 0.626953125 754.2090832995129 385
stats: 503 0 12333
stats: tr_play_game__1st_question 0 0 0 3797.45703125 0.590087890625 700.4595773335376 765
stats: 404 0 260
stats: tr_play_game__answer_to_question 0 0 0 12041.541015625 0.614013671875 674.5944562525532 765
stats: 500 12 1828
stats: tr_index 0 0 0 4717.30615234375 0.551025390625 791.6294905918096 765
stats: tr_quizzes_page_INDEX 0 0 0 3825.85986328125 0.6318359375 759.4512411089086 268
stats: tr_sign_in_SHOW 0 0 0 31092.52490234375 0.716064453125 1131.1620599085986 765
stats: tr_quiz_questions_SHOW 16 8.183563232421875 6.592249949885168 16189.178955078125 0.06689453125 585.5793174643119 2049
# stats: dump at 1447979154
stats: users 19 1183
stats: {freemem,"tsung_controller@ip-172-30-3-21"} 1 3106.84375 0.0 3170.34375 3104.9609375 3139.180695564516 31
stats: {load,"tsung_controller@ip-172-30-3-21"} 1 0.1796875 0.0 0.3515625 0.0 0.10609879032258064 31
stats: {recvpackets,"tsung_controller@ip-172-30-3-21"} 1 568.0 0.0 7039 75 2674.0 30
stats: {sentpackets,"tsung_controller@ip-172-30-3-21"} 1 623.0 0.0 7038 72 2616.3999999999996 30
stats: {cpu,"tsung_controller@ip-172-30-3-21"} 1 2.2549019607843137 0.0 19.325432999088424 1.5763546798029555 7.263559693489072 31
stats: session 20 109386.02415771484 12466.04973372653 152476.73095703125 1266.3359375 52910.290801494135 1863
stats: users_count 0 1902
stats: finish_users_count 20 1883
stats: request 57 8.052023368969296 3.047334852804222 31100.23095703125 0.05810546875 863.8229973582684 24818
stats: connect 0 0 0 31075.18798828125 0.445068359375 560.4631245280298 2814
stats: page 57 8.052023368969296 3.047334852804222 31100.23095703125 0.5087890625 1056.9720609608976 20285
stats: tr_play_game__ready_page 0 0 0 7281.9541015625 0.60205078125 665.1719630821078 765
stats: 302 0 2358
stats: tr_sign_in_POST 0 0 0 12590.450927734375 0.64892578125 928.0938671236723 765
stats: 200 51 6279
stats: tr_question_new_POST 0 0 0 7409.48291015625 0.614013671875 537.6745289800243 2065
stats: size_rcv 101004 26097837
stats: tr_quiz_new_POST 0 0 0 12507.029052734375 0.864013671875 754.4883025198271 264
stats: newphase 0 6
stats: tr_play_game__leaderboard 14 9.833740234375 4.4041216288886 3797.27587890625 0.56787109375 609.6744563845896 743
stats: 422 0 1163
stats: tr_search_he_users 0 0 0 4256.239990234375 0.575927734375 721.8030884597474 302
stats: size_sent 47193 14896598
stats: tr_search_all_users 0 0 0 3727.952880859375 0.6201171875 707.6044258976614 302
stats: connected -20 15
stats: tr_friend_requests 0 0 0 3769.875 0.614013671875 667.8477166144403 182
stats: error_connection_closed 0 180
stats: tr_friends 0 0 0 5010.613037109375 0.6279296875 797.6170144552713 182
stats: error_abort_max_send_retries 0 28
stats: tr_browse_quizzes_page_1 0 0 0 3962.857177734375 0.626953125 754.2090832995129 385
stats: 503 0 12333
stats: tr_play_game__1st_question 0 0 0 3797.45703125 0.590087890625 700.4595773335376 765
stats: 404 0 260
stats: tr_play_game__answer_to_question 0 0 0 12041.541015625 0.614013671875 674.5944562525532 765
stats: 500 6 1834
stats: tr_index 0 0 0 4717.30615234375 0.551025390625 791.6294905918096 765
stats: tr_quizzes_page_INDEX 0 0 0 3825.85986328125 0.6318359375 759.4512411089086 268
stats: tr_sign_in_SHOW 0 0 0 31092.52490234375 0.716064453125 1131.1620599085986 765
stats: tr_quiz_questions_SHOW 0 0 0 16189.178955078125 0.06689453125 581.10554890852 2065
# stats: dump at 1447979164
stats: users 6 1183
stats: {freemem,"tsung_controller@ip-172-30-3-21"} 1 3107.19140625 0.0 3170.34375 3104.9609375 3138.170166015625 32
stats: {load,"tsung_controller@ip-172-30-3-21"} 1 0.16015625 0.0 0.3515625 0.0 0.1083984375 32
stats: {recvpackets,"tsung_controller@ip-172-30-3-21"} 1 181.0 0.0 7039 75 2606.064516129032 31
stats: {sentpackets,"tsung_controller@ip-172-30-3-21"} 1 189.0 0.0 7038 72 2552.096774193548 31
stats: {cpu,"tsung_controller@ip-172-30-3-21"} 1 1.2745098039215685 0.0 19.325432999088424 1.2745098039215685 7.1070391393420485 32
stats: session 13 119367.13634314903 8926.375388076007 152476.73095703125 1266.3359375 53510.139270492764 1883
stats: users_count 0 1902
stats: finish_users_count 13 1896
stats: request 128 9.336254119873047 6.39705000883384 31100.23095703125 0.05810546875 861.8620347244034 24875
stats: connect 4 1.57275390625 0.4586324113344206 31075.18798828125 0.445068359375 560.4631245280298 2814
stats: page 92 13.037401282269022 7.132058261941341 31100.23095703125 0.5087890625 1054.0328985313067 20342
stats: tr_play_game__ready_page 0 0 0 7281.9541015625 0.60205078125 665.1719630821078 765
stats: 302 51 2409
stats: tr_sign_in_POST 0 0 0 12590.450927734375 0.64892578125 928.0938671236723 765
stats: 200 40 6319
stats: tr_question_new_POST 32 7.4388580322265625 3.809481722649487 7409.48291015625 0.614013671875 537.6745289800243 2065
stats: size_rcv 167369 26265206
stats: tr_quiz_new_POST 4 8.53753662109375 2.232850117129618 12507.029052734375 0.864013671875 754.4883025198271 264
stats: newphase 0 6
stats: tr_play_game__leaderboard 5 17.382666015625 9.379197807943829 3797.27587890625 0.56787109375 598.5809688996451 757
stats: 422 28 1191
stats: tr_search_he_users 0 0 0 4256.239990234375 0.575927734375 721.8030884597474 302
stats: size_sent 103667 15000265
stats: tr_search_all_users 0 0 0 3727.952880859375 0.6201171875 707.6044258976614 302
stats: connected -9 6
stats: tr_friend_requests 0 0 0 3769.875 0.614013671875 667.8477166144403 182
stats: error_connection_closed 0 180
stats: tr_friends 0 0 0 5010.613037109375 0.6279296875 797.6170144552713 182
stats: error_abort_max_send_retries 0 28
stats: tr_browse_quizzes_page_1 0 0 0 3962.857177734375 0.626953125 754.2090832995129 385
stats: 503 0 12333
stats: tr_play_game__1st_question 0 0 0 3797.45703125 0.590087890625 700.4595773335376 765
stats: 404 8 268
stats: tr_play_game__answer_to_question 0 0 0 12041.541015625 0.614013671875 674.5944562525532 765
stats: 500 1 1835
stats: tr_index 0 0 0 4717.30615234375 0.551025390625 791.6294905918096 765
stats: tr_quizzes_page_INDEX 0 0 0 3825.85986328125 0.6318359375 759.4512411089086 268
stats: tr_sign_in_SHOW 0 0 0 31092.52490234375 0.716064453125 1131.1620599085986 765
stats: tr_quiz_questions_SHOW 32 8.362831115722654 5.229426362760268 16189.178955078125 0.06689453125 581.10554890852 2065
# stats: dump at 1447979174
stats: users 0 1183
stats: {freemem,"tsung_controller@ip-172-30-3-21"} 1 3107.3125 0.0 3170.34375 3104.9609375 3137.231415719697 33
stats: {load,"tsung_controller@ip-172-30-3-21"} 1 0.12890625 0.0 0.3515625 0.0 0.10996685606060606 33
stats: {recvpackets,"tsung_controller@ip-172-30-3-21"} 1 350.0 0.0 7039 75 2530.28125 32
stats: {sentpackets,"tsung_controller@ip-172-30-3-21"} 1 306.0 0.0 7038 72 2478.2499999999995 32
stats: {cpu,"tsung_controller@ip-172-30-3-21"} 1 1.663405088062622 0.0 19.325432999088424 1.2745098039215685 6.930295826147488 33
stats: session 6 139861.8487955729 17664.229719330764 173584.72998046875 1266.3359375 53961.69041075887 1896
stats: users_count 0 1902
stats: finish_users_count 6 1902
stats: request 10 9.843896484375 3.983973630547867 31100.23095703125 0.05810546875 857.4976264567003 25003
stats: connect 0 0 0 31075.18798828125 0.445068359375 559.6698095945709 2818
stats: page 10 9.843896484375 3.983973630547867 31100.23095703125 0.5087890625 1049.3460244123428 20434
stats: tr_play_game__ready_page 0 0 0 7281.9541015625 0.60205078125 665.1719630821078 765
stats: 302 0 2409
stats: tr_sign_in_POST 0 0 0 12590.450927734375 0.64892578125 928.0938671236723 765
stats: 200 9 6328
stats: tr_question_new_POST 0 0 0 7409.48291015625 0.614013671875 529.5831882693283 2097
stats: size_rcv 17915 26283121
stats: tr_quiz_new_POST 0 0 0 12507.029052734375 0.864013671875 743.3547089989505 268
stats: newphase 0 6
stats: tr_play_game__leaderboard 3 13.4150390625 4.953468611678903 3797.27587890625 0.56787109375 594.7673317416135 762
stats: 422 0 1191
stats: tr_search_he_users 0 0 0 4256.239990234375 0.575927734375 721.8030884597474 302
stats: size_sent 7404 15007669
stats: tr_search_all_users 0 0 0 3727.952880859375 0.6201171875 707.6044258976614 302
stats: connected -6 0
stats: tr_friend_requests 0 0 0 3769.875 0.614013671875 667.8477166144403 182
stats: error_connection_closed 0 180
stats: tr_friends 0 0 0 5010.613037109375 0.6279296875 797.6170144552713 182
stats: error_abort_max_send_retries 0 28
stats: tr_browse_quizzes_page_1 0 0 0 3962.857177734375 0.626953125 754.2090832995129 385
stats: 503 0 12333
stats: tr_play_game__1st_question 0 0 0 3797.45703125 0.590087890625 700.4595773335376 765
stats: 404 0 268
stats: tr_play_game__answer_to_question 0 0 0 12041.541015625 0.614013671875 674.5944562525532 765
stats: 500 1 1836
stats: tr_index 0 0 0 4717.30615234375 0.551025390625 791.6294905918096 765
stats: tr_quizzes_page_INDEX 0 0 0 3825.85986328125 0.6318359375 759.4512411089086 268
stats: tr_sign_in_SHOW 0 0 0 31092.52490234375 0.716064453125 1131.1620599085986 765
stats: tr_quiz_questions_SHOW 0 0 0 16189.178955078125 0.06689453125 572.3655551224591 2097
EndMonitor:{1447,979174,521079}
