[27/Nov/2015:02:31:55 -0000] access to /oapi/getAd;jsessionid=BE8A2CD13C2ED73C6F090A609DEC6D14.soma-i-7b87fdc5 failed for 0:0:0:0:0:FFFF:40E9:ACCE, reason: 
"httpd_file: Can't access /home/ec2-user/.tsung/log/20151127-0231/oapi/getAd;jsessionid=BE8A2CD13C2ED73C6F090A609DEC6D14.soma-i-7b87fdc5: File not found"
[27/Nov/2015:02:33:00 -0000] access to /oapi/getAd;jsessionid=D97DE0004133712B3CBB6DF08D93A7AB.soma-i-7b87fdc5 failed for 0:0:0:0:0:FFFF:40E9:ACD6, reason: 
"httpd_file: Can't access /home/ec2-user/.tsung/log/20151127-0231/oapi/getAd;jsessionid=D97DE0004133712B3CBB6DF08D93A7AB.soma-i-7b87fdc5: File not found"
[27/Nov/2015:02:33:07 -0000] access to /oapi/img/adspacer.gif failed for 0:0:0:0:0:FFFF:A455:5166, reason: 
"httpd_file: Can't access /home/ec2-user/.tsung/log/20151127-0231/oapi/img/adspacer.gif: File not found"
[27/Nov/2015:02:33:17 -0000] access to /oapi/clickAd;jsessionid=06EF2D06B945A8AEFADD202D84A06A69.soma-i-7b87fdc5 failed for 0:0:0:0:0:FFFF:5A2D:630, reason: 
"httpd_file: Can't access /home/ec2-user/.tsung/log/20151127-0231/oapi/clickAd;jsessionid=06EF2D06B945A8AEFADD202D84A06A69.soma-i-7b87fdc5: File not found"
[27/Nov/2015:02:35:47 -0000] server crash for 0:0:0:0:0:FFFF:5A2D:630, reason: 
"Error reading request: No request received on keep-alive connection before server side timeout"

[27/Nov/2015:02:35:48 -0000] server crash for 0:0:0:0:0:FFFF:B8BB:AB67, reason: 
"Error reading request: No request received on keep-alive connection before server side timeout"

[27/Nov/2015:02:35:48 -0000] server crash for 0:0:0:0:0:FFFF:B8BB:AB67, reason: 
"Error reading request: No request received on keep-alive connection before server side timeout"

[27/Nov/2015:02:37:01 -0000] access to /oapi/img/adspacer.gif failed for 0:0:0:0:0:FFFF:88EB:F43D, reason: 
"httpd_file: Can't access /home/ec2-user/.tsung/log/20151127-0231/oapi/img/adspacer.gif: File not found"
[27/Nov/2015:02:37:03 -0000] access to /oapi/getAd;jsessionid=244E23B3EEE1641108A9C0CF4A5E4D63.soma-i-7b87fdc5 failed for 0:0:0:0:0:FFFF:6C43:3719, reason: 
"httpd_file: Can't access /home/ec2-user/.tsung/log/20151127-0231/oapi/getAd;jsessionid=244E23B3EEE1641108A9C0CF4A5E4D63.soma-i-7b87fdc5: File not found"
[27/Nov/2015:02:38:24 -0000] access to /es/images/graphes-Transactions-mean_tn.png failed for 0:0:0:0:0:FFFF:B8BB:AB67, reason: 
"mod_esi: Client not authorized to evaluate: images/graphes-Transactions-mean_tn.png"
[27/Nov/2015:02:38:24 -0000] access to /es/images/graphes-Perfs-mean_tn.png failed for 0:0:0:0:0:FFFF:B8BB:AB67, reason: 
"mod_esi: Client not authorized to evaluate: images/graphes-Perfs-mean_tn.png"
[27/Nov/2015:02:38:24 -0000] access to /es/images/graphes-Transactions-rate_tn.png failed for 0:0:0:0:0:FFFF:B8BB:AB67, reason: 
"mod_esi: Client not authorized to evaluate: images/graphes-Transactions-rate_tn.png"
[27/Nov/2015:02:38:24 -0000] access to /es/images/graphes-Perfs-rate_tn.png failed for 0:0:0:0:0:FFFF:B8BB:AB67, reason: 
"mod_esi: Client not authorized to evaluate: images/graphes-Perfs-rate_tn.png"
[27/Nov/2015:02:38:24 -0000] access to /es/images/graphes-Size-rate_tn.png failed for 0:0:0:0:0:FFFF:B8BB:AB67, reason: 
"mod_esi: Client not authorized to evaluate: images/graphes-Size-rate_tn.png"
[27/Nov/2015:02:38:24 -0000] access to /es/images/graphes-Users_Arrival-rate_tn.png failed for 0:0:0:0:0:FFFF:B8BB:AB67, reason: 
"mod_esi: Client not authorized to evaluate: images/graphes-Users_Arrival-rate_tn.png"
[27/Nov/2015:02:38:24 -0000] access to /es/images/graphes-Users-simultaneous_tn.png failed for 0:0:0:0:0:FFFF:B8BB:AB67, reason: 
"mod_esi: Client not authorized to evaluate: images/graphes-Users-simultaneous_tn.png"
[27/Nov/2015:02:38:24 -0000] access to /es/images/graphes-HTTP_CODE-rate_tn.png failed for 0:0:0:0:0:FFFF:B8BB:AB67, reason: 
"mod_esi: Client not authorized to evaluate: images/graphes-HTTP_CODE-rate_tn.png"
[27/Nov/2015:02:38:24 -0000] access to /es/images/graphes-freemem-mean_tn.png failed for 0:0:0:0:0:FFFF:B8BB:AB67, reason: 
"mod_esi: Client not authorized to evaluate: images/graphes-freemem-mean_tn.png"
[27/Nov/2015:02:38:24 -0000] access to /es/images/graphes-load-mean_tn.png failed for 0:0:0:0:0:FFFF:B8BB:AB67, reason: 
"mod_esi: Client not authorized to evaluate: images/graphes-load-mean_tn.png"
[27/Nov/2015:02:38:24 -0000] access to /es/images/graphes-cpu-mean_tn.png failed for 0:0:0:0:0:FFFF:B8BB:AB67, reason: 
"mod_esi: Client not authorized to evaluate: images/graphes-cpu-mean_tn.png"
