
=INFO REPORT==== 7-Dec-2015::06:27:54 ===
    ts_config_server:(5:<0.72.0>) Config server started, logdir is "/home/ec2-user/.tsung/log/20151207-0627"
 
=INFO REPORT==== 7-Dec-2015::06:27:54 ===
              ts_mon:(5:<0.54.0>) starting monitor, global 

=INFO REPORT==== 7-Dec-2015::06:27:54 ===
           ts_config:(5:<0.72.0>) Reading config file: simple7.xml

=INFO REPORT==== 7-Dec-2015::06:27:54 ===
      ts_config_http:(4:<0.72.0>) Get user agent: 100 "Mozilla/5.0 (Windows; U; Windows NT 5.2; fr-FR; rv:1.7.8) Gecko/20050511 Firefox/1.0.4" 

=INFO REPORT==== 7-Dec-2015::06:27:54 ===
           ts_config:(5:<0.72.0>) Session name for id 1 is "create-quiz"

=INFO REPORT==== 7-Dec-2015::06:27:54 ===
           ts_config:(5:<0.72.0>) Session name for id 2 is "play-game"

=INFO REPORT==== 7-Dec-2015::06:27:54 ===
           ts_config:(5:<0.72.0>) Session name for id 3 is "see-friend-requests-and-look-at-friends-and-search-friends"

=INFO REPORT==== 7-Dec-2015::06:27:54 ===
    ts_config_server:(4:<0.72.0>) SYSINFO:Tsung version: 1.6.0

=INFO REPORT==== 7-Dec-2015::06:27:54 ===
    ts_config_server:(4:<0.72.0>) SYSINFO:Erlang version: Erlang R14B04 (erts-5.8.5) [source] [64-bit] [rq:1] [async-threads:8] [kernel-poll:true]


=INFO REPORT==== 7-Dec-2015::06:27:54 ===
    ts_config_server:(4:<0.72.0>) SYSINFO:System architecture x86_64-redhat-linux-gnu

=INFO REPORT==== 7-Dec-2015::06:27:54 ===
    ts_config_server:(4:<0.72.0>) SYSINFO:Current path: /usr/lib/erlang/lib/tsung-1.6.0/ebin/tsung.beam

=INFO REPORT==== 7-Dec-2015::06:27:54 ===
              ts_mon:(5:<0.73.0>) Activate clients with text backend

=INFO REPORT==== 7-Dec-2015::06:27:54 ===
              ts_mon:(5:<0.73.0>) Starting tsung clients on hosts: [localhost]

=INFO REPORT==== 7-Dec-2015::06:27:54 ===
    ts_config_server:(5:<0.72.0>) Start a launcher on the controller beam localhost

=INFO REPORT==== 7-Dec-2015::06:27:54 ===
  ts_launcher_static:(5:<0.128.0>) Launch msg receive ("localhost")

=INFO REPORT==== 7-Dec-2015::06:27:54 ===
         ts_launcher:(5:<0.129.0>) Launch msg receive ("localhost")

=INFO REPORT==== 7-Dec-2015::06:27:54 ===
    ts_config_server:(5:<0.72.0>) All remote beams started, syncing 

=INFO REPORT==== 7-Dec-2015::06:27:54 ===
    ts_config_server:(5:<0.72.0>) Undefined ports_range config 

=INFO REPORT==== 7-Dec-2015::06:27:54 ===
    ts_config_server:(5:<0.72.0>) New arrival phase 1 for client "localhost" (last ? true): will start 30 users

=INFO REPORT==== 7-Dec-2015::06:27:54 ===
    ts_config_server:(5:<0.72.0>) New arrival phase 2 for client "localhost" (last ? true): will start 45 users

=INFO REPORT==== 7-Dec-2015::06:27:54 ===
    ts_config_server:(5:<0.72.0>) New arrival phase 3 for client "localhost" (last ? true): will start 60 users

=INFO REPORT==== 7-Dec-2015::06:27:54 ===
    ts_config_server:(5:<0.72.0>) New arrival phase 4 for client "localhost" (last ? true): will start 120 users

=INFO REPORT==== 7-Dec-2015::06:27:54 ===
    ts_config_server:(5:<0.72.0>) New arrival phase 5 for client "localhost" (last ? true): will start 240 users

=INFO REPORT==== 7-Dec-2015::06:27:54 ===
    ts_config_server:(5:<0.72.0>) New arrival phase 6 for client "localhost" (last ? true): will start 480 users

=INFO REPORT==== 7-Dec-2015::06:27:54 ===
    ts_config_server:(5:<0.72.0>) New arrival phase 7 for client "localhost" (last ? true): will start 960 users

=INFO REPORT==== 7-Dec-2015::06:27:54 ===
         ts_launcher:(5:<0.129.0>) Expected duration of first phase: 30.0 sec (30 users) 

=INFO REPORT==== 7-Dec-2015::06:27:54 ===
         ts_launcher:(5:<0.129.0>) Activate launcher (30 users) in 2437 msec 

=INFO REPORT==== 7-Dec-2015::06:28:21 ===
           ts_search:(5:<0.141.0>) Dyn Var: no Match (varname=quiz_author), 

=INFO REPORT==== 7-Dec-2015::06:28:22 ===
           ts_search:(5:<0.150.0>) Dyn Var: no Match (varname=quiz_author), 

=INFO REPORT==== 7-Dec-2015::06:28:27 ===
         ts_launcher:(5:<0.129.0>) Start a new arrival phase (45 users, 0.0015); expected duration=30.0 sec

=INFO REPORT==== 7-Dec-2015::06:28:34 ===
           ts_search:(5:<0.160.0>) Dyn Var: no Match (varname=quiz_author), 

=INFO REPORT==== 7-Dec-2015::06:28:39 ===
           ts_search:(5:<0.169.0>) Dyn Var: no Match (varname=quiz_author), 

=INFO REPORT==== 7-Dec-2015::06:28:41 ===
           ts_search:(5:<0.169.0>) Dyn Var (RE): no Match (varname=created_quiz_id), 

=INFO REPORT==== 7-Dec-2015::06:28:42 ===
           ts_search:(5:<0.168.0>) Dyn Var: no Match (varname=quiz_author), 

=INFO REPORT==== 7-Dec-2015::06:28:47 ===
           ts_search:(5:<0.141.0>) Dyn Var (RE): no Match (varname=created_quiz_id), 

=INFO REPORT==== 7-Dec-2015::06:28:49 ===
           ts_search:(5:<0.160.0>) Dyn Var (RE): no Match (varname=created_quiz_id), 

=INFO REPORT==== 7-Dec-2015::06:28:50 ===
           ts_search:(5:<0.168.0>) Dyn Var (RE): no Match (varname=created_quiz_id), 

=INFO REPORT==== 7-Dec-2015::06:28:57 ===
         ts_launcher:(5:<0.129.0>) Phase duration exceeded, but not all users were launched (4 users, 8.9% of phase)

=INFO REPORT==== 7-Dec-2015::06:28:57 ===
         ts_launcher:(5:<0.129.0>) Start a new arrival phase (60 users, 0.002); expected duration=30.0 sec

=INFO REPORT==== 7-Dec-2015::06:29:01 ===
           ts_search:(5:<0.194.0>) Dyn Var: no Match (varname=quiz_author), 

=INFO REPORT==== 7-Dec-2015::06:29:03 ===
           ts_search:(5:<0.187.0>) Dyn Var: no Match (varname=quiz_author), 

=INFO REPORT==== 7-Dec-2015::06:29:04 ===
           ts_search:(5:<0.187.0>) Dyn Var (RE): no Match (varname=created_quiz_id), 

=INFO REPORT==== 7-Dec-2015::06:29:04 ===
           ts_search:(5:<0.165.0>) Dyn Var: no Match (varname=quiz_author), 

=INFO REPORT==== 7-Dec-2015::06:29:04 ===
           ts_search:(5:<0.165.0>) Dyn Var (RE): no Match (varname=created_quiz_id), 

=INFO REPORT==== 7-Dec-2015::06:29:08 ===
           ts_search:(5:<0.205.0>) Dyn Var: no Match (varname=quiz_author), 

=INFO REPORT==== 7-Dec-2015::06:29:08 ===
           ts_search:(5:<0.150.0>) Dyn Var (RE): no Match (varname=created_quiz_id), 

=INFO REPORT==== 7-Dec-2015::06:29:10 ===
           ts_search:(5:<0.181.0>) Dyn Var: no Match (varname=quiz_author), 

=INFO REPORT==== 7-Dec-2015::06:29:11 ===
           ts_search:(5:<0.176.0>) Dyn Var: no Match (varname=quiz_author), 

=INFO REPORT==== 7-Dec-2015::06:29:11 ===
           ts_search:(5:<0.205.0>) Dyn Var (RE): no Match (varname=created_quiz_id), 

=INFO REPORT==== 7-Dec-2015::06:29:13 ===
           ts_search:(5:<0.181.0>) Dyn Var (RE): no Match (varname=created_quiz_id), 

=INFO REPORT==== 7-Dec-2015::06:29:14 ===
           ts_search:(5:<0.235.0>) Dyn Var: no Match (varname=quiz_author), 

=INFO REPORT==== 7-Dec-2015::06:29:15 ===
           ts_search:(5:<0.228.0>) Dyn Var: no Match (varname=quiz_author), 

=INFO REPORT==== 7-Dec-2015::06:29:15 ===
           ts_search:(5:<0.234.0>) Dyn Var: no Match (varname=quiz_author), 

=INFO REPORT==== 7-Dec-2015::06:29:16 ===
           ts_search:(5:<0.194.0>) Dyn Var (RE): no Match (varname=created_quiz_id), 

=INFO REPORT==== 7-Dec-2015::06:29:17 ===
           ts_search:(5:<0.245.0>) Dyn Var: no Match (varname=quiz_author), 

=INFO REPORT==== 7-Dec-2015::06:29:18 ===
           ts_search:(5:<0.241.0>) Dyn Var: no Match (varname=quiz_author), 

=INFO REPORT==== 7-Dec-2015::06:29:18 ===
           ts_search:(5:<0.176.0>) Dyn Var (RE): no Match (varname=created_quiz_id), 

=INFO REPORT==== 7-Dec-2015::06:29:19 ===
           ts_search:(5:<0.241.0>) Dyn Var (RE): no Match (varname=created_quiz_id), 

=INFO REPORT==== 7-Dec-2015::06:29:20 ===
           ts_search:(5:<0.225.0>) Dyn Var: no Match (varname=quiz_author), 

=INFO REPORT==== 7-Dec-2015::06:29:21 ===
           ts_search:(5:<0.235.0>) Dyn Var (RE): no Match (varname=created_quiz_id), 

=INFO REPORT==== 7-Dec-2015::06:29:22 ===
           ts_search:(5:<0.250.0>) Dyn Var: no Match (varname=quiz_author), 

=INFO REPORT==== 7-Dec-2015::06:29:25 ===
           ts_search:(5:<0.250.0>) Dyn Var (RE): no Match (varname=created_quiz_id), 

=INFO REPORT==== 7-Dec-2015::06:29:26 ===
           ts_search:(5:<0.240.0>) Dyn Var: no Match (varname=quiz_author), 

=INFO REPORT==== 7-Dec-2015::06:29:28 ===
         ts_launcher:(5:<0.129.0>) Phase duration exceeded, but not all users were launched (9 users, 15.0% of phase)

=INFO REPORT==== 7-Dec-2015::06:29:28 ===
         ts_launcher:(5:<0.129.0>) Start a new arrival phase (120 users, 0.004); expected duration=30.0 sec

=INFO REPORT==== 7-Dec-2015::06:29:30 ===
           ts_search:(5:<0.234.0>) Dyn Var (RE): no Match (varname=created_quiz_id), 

=INFO REPORT==== 7-Dec-2015::06:29:30 ===
           ts_search:(5:<0.237.0>) Dyn Var: no Match (varname=quiz_author), 

=INFO REPORT==== 7-Dec-2015::06:29:32 ===
           ts_search:(5:<0.274.0>) Dyn Var: no Match (varname=quiz_author), 

=INFO REPORT==== 7-Dec-2015::06:29:33 ===
           ts_search:(5:<0.240.0>) Dyn Var (RE): no Match (varname=created_quiz_id), 

=INFO REPORT==== 7-Dec-2015::06:29:34 ===
           ts_search:(5:<0.273.0>) Dyn Var: no Match (varname=quiz_author), 

=INFO REPORT==== 7-Dec-2015::06:29:35 ===
           ts_search:(5:<0.274.0>) Dyn Var (RE): no Match (varname=created_quiz_id), 

=INFO REPORT==== 7-Dec-2015::06:29:40 ===
           ts_search:(5:<0.225.0>) Dyn Var (RE): no Match (varname=created_quiz_id), 

=INFO REPORT==== 7-Dec-2015::06:29:45 ===
           ts_search:(5:<0.294.0>) Dyn Var: no Match (varname=quiz_author), 

=INFO REPORT==== 7-Dec-2015::06:29:48 ===
           ts_search:(5:<0.345.0>) Dyn Var: no Match (varname=quiz_author), 

=INFO REPORT==== 7-Dec-2015::06:29:49 ===
           ts_search:(5:<0.281.0>) Dyn Var: no Match (varname=quiz_author), 

=INFO REPORT==== 7-Dec-2015::06:29:49 ===
           ts_search:(5:<0.296.0>) Dyn Var: no Match (varname=quiz_author), 

=INFO REPORT==== 7-Dec-2015::06:29:49 ===
           ts_search:(5:<0.270.0>) Dyn Var: no Match (varname=quiz_author), 

=INFO REPORT==== 7-Dec-2015::06:29:50 ===
           ts_search:(5:<0.314.0>) Dyn Var: no Match (varname=quiz_author), 

=INFO REPORT==== 7-Dec-2015::06:29:50 ===
           ts_search:(5:<0.296.0>) Dyn Var (RE): no Match (varname=created_quiz_id), 

=INFO REPORT==== 7-Dec-2015::06:29:51 ===
           ts_search:(5:<0.266.0>) Dyn Var: no Match (varname=quiz_author), 

=INFO REPORT==== 7-Dec-2015::06:29:52 ===
           ts_search:(5:<0.322.0>) Dyn Var: no Match (varname=quiz_author), 

=INFO REPORT==== 7-Dec-2015::06:29:52 ===
           ts_search:(5:<0.314.0>) Dyn Var (RE): no Match (varname=created_quiz_id), 

=INFO REPORT==== 7-Dec-2015::06:29:52 ===
           ts_search:(5:<0.319.0>) Dyn Var: no Match (varname=quiz_author), 

=INFO REPORT==== 7-Dec-2015::06:29:53 ===
           ts_search:(5:<0.273.0>) Dyn Var (RE): no Match (varname=created_quiz_id), 

=INFO REPORT==== 7-Dec-2015::06:29:54 ===
           ts_search:(5:<0.378.0>) Dyn Var: no Match (varname=quiz_author), 

=INFO REPORT==== 7-Dec-2015::06:29:54 ===
           ts_search:(5:<0.209.0>) Dyn Var: no Match (varname=quiz_author), 

=INFO REPORT==== 7-Dec-2015::06:29:54 ===
           ts_search:(5:<0.307.0>) Dyn Var: no Match (varname=quiz_author), 

=INFO REPORT==== 7-Dec-2015::06:29:56 ===
           ts_search:(5:<0.270.0>) Dyn Var (RE): no Match (varname=created_quiz_id), 

=INFO REPORT==== 7-Dec-2015::06:29:56 ===
         ts_launcher:(4:<0.129.0>) Need to wait 2.109 sec before changing phase, going to sleep

=INFO REPORT==== 7-Dec-2015::06:29:56 ===
           ts_search:(5:<0.322.0>) Dyn Var (RE): no Match (varname=created_quiz_id), 

=INFO REPORT==== 7-Dec-2015::06:29:57 ===
           ts_search:(5:<0.362.0>) Dyn Var: no Match (varname=quiz_author), 

=INFO REPORT==== 7-Dec-2015::06:29:58 ===
           ts_search:(5:<0.329.0>) Dyn Var: no Match (varname=quiz_author), 

=INFO REPORT==== 7-Dec-2015::06:29:58 ===
         ts_launcher:(5:<0.129.0>) Waking up

=INFO REPORT==== 7-Dec-2015::06:29:58 ===
         ts_launcher:(5:<0.129.0>) Start a new arrival phase (240 users, 0.008); expected duration=30.0 sec

=INFO REPORT==== 7-Dec-2015::06:29:59 ===
           ts_search:(5:<0.307.0>) Dyn Var (RE): no Match (varname=created_quiz_id), 

=INFO REPORT==== 7-Dec-2015::06:29:59 ===
           ts_search:(5:<0.378.0>) Dyn Var (RE): no Match (varname=created_quiz_id), 

=INFO REPORT==== 7-Dec-2015::06:30:01 ===
           ts_search:(5:<0.362.0>) Dyn Var (RE): no Match (varname=created_quiz_id), 

=INFO REPORT==== 7-Dec-2015::06:30:02 ===
           ts_search:(5:<0.245.0>) Dyn Var (RE): no Match (varname=created_quiz_id), 

=INFO REPORT==== 7-Dec-2015::06:30:03 ===
           ts_search:(5:<0.396.0>) Dyn Var: no Match (varname=quiz_author), 

=INFO REPORT==== 7-Dec-2015::06:30:03 ===
           ts_search:(5:<0.237.0>) Dyn Var (RE): no Match (varname=created_quiz_id), 

=INFO REPORT==== 7-Dec-2015::06:30:04 ===
           ts_search:(5:<0.387.0>) Dyn Var: no Match (varname=quiz_author), 

=INFO REPORT==== 7-Dec-2015::06:30:04 ===
           ts_search:(5:<0.209.0>) Dyn Var (RE): no Match (varname=created_quiz_id), 

=INFO REPORT==== 7-Dec-2015::06:30:04 ===
           ts_search:(5:<0.349.0>) Dyn Var: no Match (varname=quiz_author), 

=INFO REPORT==== 7-Dec-2015::06:30:04 ===
           ts_search:(5:<0.266.0>) Dyn Var (RE): no Match (varname=created_quiz_id), 

=INFO REPORT==== 7-Dec-2015::06:30:05 ===
           ts_search:(5:<0.319.0>) Dyn Var (RE): no Match (varname=created_quiz_id), 

=INFO REPORT==== 7-Dec-2015::06:30:06 ===
           ts_search:(5:<0.420.0>) Dyn Var: no Match (varname=quiz_author), 

=INFO REPORT==== 7-Dec-2015::06:30:06 ===
           ts_search:(5:<0.374.0>) Dyn Var: no Match (varname=quiz_author), 

=INFO REPORT==== 7-Dec-2015::06:30:07 ===
           ts_search:(5:<0.301.0>) Dyn Var: no Match (varname=quiz_author), 

=INFO REPORT==== 7-Dec-2015::06:30:07 ===
           ts_search:(5:<0.301.0>) Dyn Var (RE): no Match (varname=created_quiz_id), 

=INFO REPORT==== 7-Dec-2015::06:30:07 ===
           ts_search:(5:<0.430.0>) Dyn Var: no Match (varname=quiz_author), 

=INFO REPORT==== 7-Dec-2015::06:30:07 ===
           ts_search:(5:<0.228.0>) Dyn Var (RE): no Match (varname=created_quiz_id), 

=INFO REPORT==== 7-Dec-2015::06:30:08 ===
           ts_search:(5:<0.283.0>) Dyn Var: no Match (varname=quiz_author), 

=INFO REPORT==== 7-Dec-2015::06:30:08 ===
           ts_search:(5:<0.421.0>) Dyn Var: no Match (varname=quiz_author), 

=INFO REPORT==== 7-Dec-2015::06:30:08 ===
           ts_search:(5:<0.420.0>) Dyn Var (RE): no Match (varname=created_quiz_id), 

=INFO REPORT==== 7-Dec-2015::06:30:09 ===
           ts_search:(5:<0.346.0>) Dyn Var: no Match (varname=quiz_author), 

=INFO REPORT==== 7-Dec-2015::06:30:11 ===
           ts_search:(5:<0.405.0>) Dyn Var: no Match (varname=quiz_author), 

=INFO REPORT==== 7-Dec-2015::06:30:11 ===
           ts_search:(5:<0.410.0>) Dyn Var: no Match (varname=quiz_author), 

=INFO REPORT==== 7-Dec-2015::06:30:13 ===
           ts_search:(5:<0.407.0>) Dyn Var: no Match (varname=quiz_author), 

=INFO REPORT==== 7-Dec-2015::06:30:13 ===
           ts_search:(5:<0.349.0>) Dyn Var (RE): no Match (varname=created_quiz_id), 

=INFO REPORT==== 7-Dec-2015::06:30:14 ===
           ts_search:(5:<0.346.0>) Dyn Var (RE): no Match (varname=created_quiz_id), 

=INFO REPORT==== 7-Dec-2015::06:30:15 ===
           ts_search:(5:<0.374.0>) Dyn Var (RE): no Match (varname=created_quiz_id), 

=INFO REPORT==== 7-Dec-2015::06:30:16 ===
           ts_search:(5:<0.391.0>) Dyn Var: no Match (varname=quiz_author), 

=INFO REPORT==== 7-Dec-2015::06:30:16 ===
           ts_search:(5:<0.454.0>) Dyn Var: no Match (varname=quiz_author), 

=INFO REPORT==== 7-Dec-2015::06:30:16 ===
           ts_search:(5:<0.455.0>) Dyn Var: no Match (varname=quiz_author), 

=INFO REPORT==== 7-Dec-2015::06:30:17 ===
           ts_search:(5:<0.281.0>) Dyn Var (RE): no Match (varname=created_quiz_id), 

=INFO REPORT==== 7-Dec-2015::06:30:17 ===
           ts_search:(5:<0.329.0>) Dyn Var (RE): no Match (varname=created_quiz_id), 

=INFO REPORT==== 7-Dec-2015::06:30:17 ===
           ts_search:(5:<0.386.0>) Dyn Var: no Match (varname=quiz_author), 

=INFO REPORT==== 7-Dec-2015::06:30:18 ===
           ts_search:(5:<0.484.0>) Dyn Var: no Match (varname=quiz_author), 

=INFO REPORT==== 7-Dec-2015::06:30:19 ===
           ts_search:(5:<0.387.0>) Dyn Var (RE): no Match (varname=created_quiz_id), 

=INFO REPORT==== 7-Dec-2015::06:30:19 ===
           ts_search:(5:<0.418.0>) Dyn Var: no Match (varname=quiz_author), 

=INFO REPORT==== 7-Dec-2015::06:30:20 ===
           ts_search:(5:<0.391.0>) Dyn Var (RE): no Match (varname=created_quiz_id), 

=INFO REPORT==== 7-Dec-2015::06:30:20 ===
           ts_search:(5:<0.491.0>) Dyn Var: no Match (varname=quiz_author), 

=INFO REPORT==== 7-Dec-2015::06:30:20 ===
           ts_search:(5:<0.486.0>) Dyn Var: no Match (varname=quiz_author), 

=INFO REPORT==== 7-Dec-2015::06:30:21 ===
           ts_search:(5:<0.328.0>) Dyn Var: no Match (varname=quiz_author), 

=INFO REPORT==== 7-Dec-2015::06:30:21 ===
           ts_search:(5:<0.454.0>) Dyn Var (RE): no Match (varname=created_quiz_id), 

=INFO REPORT==== 7-Dec-2015::06:30:22 ===
           ts_search:(5:<0.484.0>) Dyn Var (RE): no Match (varname=created_quiz_id), 

=INFO REPORT==== 7-Dec-2015::06:30:22 ===
           ts_search:(5:<0.473.0>) Dyn Var: no Match (varname=quiz_author), 

=INFO REPORT==== 7-Dec-2015::06:30:23 ===
           ts_search:(5:<0.428.0>) Dyn Var: no Match (varname=quiz_author), 

=INFO REPORT==== 7-Dec-2015::06:30:23 ===
           ts_search:(5:<0.491.0>) Dyn Var (RE): no Match (varname=created_quiz_id), 

=INFO REPORT==== 7-Dec-2015::06:30:23 ===
           ts_search:(5:<0.518.0>) Dyn Var: no Match (varname=quiz_author), 

=INFO REPORT==== 7-Dec-2015::06:30:23 ===
           ts_search:(5:<0.437.0>) Dyn Var: no Match (varname=quiz_author), 

=INFO REPORT==== 7-Dec-2015::06:30:24 ===
           ts_search:(5:<0.310.0>) Dyn Var: no Match (varname=quiz_author), 

=INFO REPORT==== 7-Dec-2015::06:30:25 ===
           ts_search:(5:<0.525.0>) Dyn Var: no Match (varname=quiz_author), 

=INFO REPORT==== 7-Dec-2015::06:30:25 ===
           ts_search:(5:<0.555.0>) Dyn Var: no Match (varname=quiz_author), 

=INFO REPORT==== 7-Dec-2015::06:30:25 ===
           ts_search:(5:<0.291.0>) Dyn Var: no Match (varname=quiz_author), 

=INFO REPORT==== 7-Dec-2015::06:30:26 ===
           ts_search:(5:<0.439.0>) Dyn Var: no Match (varname=quiz_author), 

=INFO REPORT==== 7-Dec-2015::06:30:26 ===
           ts_search:(5:<0.328.0>) Dyn Var (RE): no Match (varname=created_quiz_id), 

=INFO REPORT==== 7-Dec-2015::06:30:26 ===
           ts_search:(5:<0.459.0>) Dyn Var: no Match (varname=quiz_author), 

=INFO REPORT==== 7-Dec-2015::06:30:26 ===
           ts_search:(5:<0.589.0>) Dyn Var: no Match (varname=quiz_author), 

=INFO REPORT==== 7-Dec-2015::06:30:27 ===
           ts_search:(5:<0.464.0>) Dyn Var: no Match (varname=quiz_author), 

=INFO REPORT==== 7-Dec-2015::06:30:27 ===
           ts_search:(5:<0.481.0>) Dyn Var: no Match (varname=quiz_author), 

=INFO REPORT==== 7-Dec-2015::06:30:27 ===
           ts_search:(5:<0.471.0>) Dyn Var: no Match (varname=quiz_author), 

=INFO REPORT==== 7-Dec-2015::06:30:28 ===
           ts_search:(5:<0.453.0>) Dyn Var: no Match (varname=quiz_author), 

=INFO REPORT==== 7-Dec-2015::06:30:28 ===
           ts_search:(5:<0.459.0>) Dyn Var (RE): no Match (varname=created_quiz_id), 

=INFO REPORT==== 7-Dec-2015::06:30:28 ===
           ts_search:(5:<0.523.0>) Dyn Var: no Match (varname=quiz_author), 

=INFO REPORT==== 7-Dec-2015::06:30:28 ===
           ts_search:(5:<0.589.0>) Dyn Var (RE): no Match (varname=created_quiz_id), 

=INFO REPORT==== 7-Dec-2015::06:30:28 ===
           ts_search:(5:<0.577.0>) Dyn Var: no Match (varname=quiz_author), 

=INFO REPORT==== 7-Dec-2015::06:30:28 ===
         ts_launcher:(5:<0.129.0>) Phase duration exceeded, but not all users were launched (2 users, 0.8% of phase)

=INFO REPORT==== 7-Dec-2015::06:30:28 ===
         ts_launcher:(5:<0.129.0>) Start a new arrival phase (480 users, 0.016); expected duration=30.0 sec

=INFO REPORT==== 7-Dec-2015::06:30:29 ===
           ts_search:(5:<0.525.0>) Dyn Var (RE): no Match (varname=created_quiz_id), 

=INFO REPORT==== 7-Dec-2015::06:30:29 ===
           ts_search:(5:<0.523.0>) Dyn Var (RE): no Match (varname=created_quiz_id), 

=INFO REPORT==== 7-Dec-2015::06:30:30 ===
           ts_search:(5:<0.405.0>) Dyn Var (RE): no Match (varname=created_quiz_id), 

=INFO REPORT==== 7-Dec-2015::06:30:30 ===
           ts_search:(5:<0.486.0>) Dyn Var (RE): no Match (varname=created_quiz_id), 

=INFO REPORT==== 7-Dec-2015::06:30:30 ===
           ts_search:(5:<0.453.0>) Dyn Var (RE): no Match (varname=created_quiz_id), 

=INFO REPORT==== 7-Dec-2015::06:30:31 ===
           ts_search:(5:<0.437.0>) Dyn Var (RE): no Match (varname=created_quiz_id), 

=INFO REPORT==== 7-Dec-2015::06:30:31 ===
           ts_search:(5:<0.574.0>) Dyn Var: no Match (varname=quiz_author), 

=INFO REPORT==== 7-Dec-2015::06:30:31 ===
           ts_search:(5:<0.294.0>) Dyn Var (RE): no Match (varname=created_quiz_id), 

=INFO REPORT==== 7-Dec-2015::06:30:33 ===
           ts_search:(5:<0.428.0>) Dyn Var (RE): no Match (varname=created_quiz_id), 

=INFO REPORT==== 7-Dec-2015::06:30:33 ===
           ts_search:(5:<0.418.0>) Dyn Var (RE): no Match (varname=created_quiz_id), 

=INFO REPORT==== 7-Dec-2015::06:30:34 ===
           ts_search:(5:<0.291.0>) Dyn Var (RE): no Match (varname=created_quiz_id), 

=INFO REPORT==== 7-Dec-2015::06:30:34 ===
           ts_search:(5:<0.668.0>) Dyn Var: no Match (varname=quiz_author), 

=INFO REPORT==== 7-Dec-2015::06:30:34 ===
           ts_search:(5:<0.574.0>) Dyn Var (RE): no Match (varname=created_quiz_id), 

=INFO REPORT==== 7-Dec-2015::06:30:34 ===
           ts_search:(5:<0.430.0>) Dyn Var (RE): no Match (varname=created_quiz_id), 

=INFO REPORT==== 7-Dec-2015::06:30:34 ===
           ts_search:(5:<0.506.0>) Dyn Var: no Match (varname=quiz_author), 

=INFO REPORT==== 7-Dec-2015::06:30:34 ===
           ts_search:(5:<0.439.0>) Dyn Var (RE): no Match (varname=created_quiz_id), 

=INFO REPORT==== 7-Dec-2015::06:30:34 ===
           ts_search:(5:<0.481.0>) Dyn Var (RE): no Match (varname=created_quiz_id), 

=INFO REPORT==== 7-Dec-2015::06:30:35 ===
           ts_search:(5:<0.535.0>) Dyn Var: no Match (varname=quiz_author), 

=INFO REPORT==== 7-Dec-2015::06:30:36 ===
           ts_search:(5:<0.498.0>) Dyn Var: no Match (varname=quiz_author), 

=INFO REPORT==== 7-Dec-2015::06:30:36 ===
           ts_search:(5:<0.641.0>) Dyn Var: no Match (varname=quiz_author), 

=INFO REPORT==== 7-Dec-2015::06:30:36 ===
           ts_search:(5:<0.592.0>) Dyn Var: no Match (varname=quiz_author), 

=INFO REPORT==== 7-Dec-2015::06:30:37 ===
           ts_search:(5:<0.564.0>) Dyn Var: no Match (varname=quiz_author), 

=INFO REPORT==== 7-Dec-2015::06:30:37 ===
           ts_search:(5:<0.614.0>) Dyn Var: no Match (varname=quiz_author), 

=INFO REPORT==== 7-Dec-2015::06:30:37 ===
           ts_search:(5:<0.471.0>) Dyn Var (RE): no Match (varname=created_quiz_id), 

=INFO REPORT==== 7-Dec-2015::06:30:37 ===
           ts_search:(5:<0.727.0>) Dyn Var: no Match (varname=quiz_author), 

=INFO REPORT==== 7-Dec-2015::06:30:38 ===
           ts_search:(5:<0.455.0>) Dyn Var (RE): no Match (varname=created_quiz_id), 

=INFO REPORT==== 7-Dec-2015::06:30:38 ===
           ts_search:(5:<0.628.0>) Dyn Var: no Match (varname=quiz_author), 

=INFO REPORT==== 7-Dec-2015::06:30:38 ===
           ts_search:(5:<0.592.0>) Dyn Var (RE): no Match (varname=created_quiz_id), 

=INFO REPORT==== 7-Dec-2015::06:30:38 ===
           ts_search:(5:<0.577.0>) Dyn Var (RE): no Match (varname=created_quiz_id), 

=INFO REPORT==== 7-Dec-2015::06:30:39 ===
           ts_search:(5:<0.482.0>) Dyn Var: no Match (varname=quiz_author), 

=INFO REPORT==== 7-Dec-2015::06:30:39 ===
           ts_search:(5:<0.571.0>) Dyn Var: no Match (varname=quiz_author), 

=INFO REPORT==== 7-Dec-2015::06:30:39 ===
           ts_search:(5:<0.535.0>) Dyn Var (RE): no Match (varname=created_quiz_id), 

=INFO REPORT==== 7-Dec-2015::06:30:39 ===
           ts_search:(5:<0.310.0>) Dyn Var (RE): no Match (varname=created_quiz_id), 

=INFO REPORT==== 7-Dec-2015::06:30:39 ===
           ts_search:(5:<0.507.0>) Dyn Var: no Match (varname=quiz_author), 

=INFO REPORT==== 7-Dec-2015::06:30:41 ===
           ts_search:(5:<0.757.0>) Dyn Var: no Match (varname=quiz_author), 

=INFO REPORT==== 7-Dec-2015::06:30:41 ===
           ts_search:(5:<0.421.0>) Dyn Var (RE): no Match (varname=created_quiz_id), 

=INFO REPORT==== 7-Dec-2015::06:30:41 ===
           ts_search:(5:<0.605.0>) Dyn Var: no Match (varname=quiz_author), 

=INFO REPORT==== 7-Dec-2015::06:30:42 ===
           ts_search:(5:<0.815.0>) Dyn Var: no Match (varname=quiz_author), 

=INFO REPORT==== 7-Dec-2015::06:30:42 ===
           ts_search:(5:<0.743.0>) Dyn Var: no Match (varname=quiz_author), 

=INFO REPORT==== 7-Dec-2015::06:30:42 ===
           ts_search:(5:<0.699.0>) Dyn Var: no Match (varname=quiz_author), 

=INFO REPORT==== 7-Dec-2015::06:30:43 ===
           ts_search:(5:<0.571.0>) Dyn Var (RE): no Match (varname=created_quiz_id), 

=INFO REPORT==== 7-Dec-2015::06:30:43 ===
           ts_search:(5:<0.691.0>) Dyn Var: no Match (varname=quiz_author), 

=INFO REPORT==== 7-Dec-2015::06:30:44 ===
           ts_search:(5:<0.473.0>) Dyn Var (RE): no Match (varname=created_quiz_id), 

=INFO REPORT==== 7-Dec-2015::06:30:44 ===
           ts_search:(5:<0.735.0>) Dyn Var: no Match (varname=quiz_author), 

=INFO REPORT==== 7-Dec-2015::06:30:44 ===
           ts_search:(5:<0.283.0>) Dyn Var (RE): no Match (varname=created_quiz_id), 

=INFO REPORT==== 7-Dec-2015::06:30:44 ===
           ts_search:(5:<0.701.0>) Dyn Var: no Match (varname=quiz_author), 

=INFO REPORT==== 7-Dec-2015::06:30:44 ===
           ts_search:(5:<0.555.0>) Dyn Var (RE): no Match (varname=created_quiz_id), 

=INFO REPORT==== 7-Dec-2015::06:30:45 ===
           ts_search:(5:<0.601.0>) Dyn Var: no Match (varname=quiz_author), 

=INFO REPORT==== 7-Dec-2015::06:30:45 ===
           ts_search:(5:<0.620.0>) Dyn Var: no Match (varname=quiz_author), 

=INFO REPORT==== 7-Dec-2015::06:30:45 ===
           ts_search:(5:<0.635.0>) Dyn Var: no Match (varname=quiz_author), 

=INFO REPORT==== 7-Dec-2015::06:30:45 ===
           ts_search:(5:<0.407.0>) Dyn Var (RE): no Match (varname=created_quiz_id), 

=INFO REPORT==== 7-Dec-2015::06:30:45 ===
           ts_search:(5:<0.717.0>) Dyn Var: no Match (varname=quiz_author), 

=INFO REPORT==== 7-Dec-2015::06:30:45 ===
           ts_search:(5:<0.449.0>) Dyn Var: no Match (varname=quiz_author), 

=INFO REPORT==== 7-Dec-2015::06:30:45 ===
           ts_search:(5:<0.628.0>) Dyn Var (RE): no Match (varname=created_quiz_id), 

=INFO REPORT==== 7-Dec-2015::06:30:45 ===
           ts_search:(5:<0.615.0>) Dyn Var: no Match (varname=quiz_author), 

=INFO REPORT==== 7-Dec-2015::06:30:45 ===
           ts_search:(5:<0.618.0>) Dyn Var: no Match (varname=quiz_author), 

=INFO REPORT==== 7-Dec-2015::06:30:46 ===
           ts_search:(5:<0.605.0>) Dyn Var (RE): no Match (varname=created_quiz_id), 

=INFO REPORT==== 7-Dec-2015::06:30:47 ===
           ts_search:(5:<0.518.0>) Dyn Var (RE): no Match (varname=created_quiz_id), 

=INFO REPORT==== 7-Dec-2015::06:30:47 ===
           ts_search:(5:<0.507.0>) Dyn Var (RE): no Match (varname=created_quiz_id), 

=INFO REPORT==== 7-Dec-2015::06:30:47 ===
           ts_search:(5:<0.833.0>) Dyn Var: no Match (varname=quiz_author), 

=INFO REPORT==== 7-Dec-2015::06:30:48 ===
           ts_search:(5:<0.410.0>) Dyn Var (RE): no Match (varname=created_quiz_id), 

=INFO REPORT==== 7-Dec-2015::06:30:48 ===
           ts_search:(5:<0.706.0>) Dyn Var: no Match (varname=quiz_author), 

=INFO REPORT==== 7-Dec-2015::06:30:48 ===
           ts_search:(5:<0.733.0>) Dyn Var: no Match (varname=quiz_author), 

=INFO REPORT==== 7-Dec-2015::06:30:49 ===
           ts_search:(5:<0.691.0>) Dyn Var (RE): no Match (varname=created_quiz_id), 

=INFO REPORT==== 7-Dec-2015::06:30:49 ===
           ts_search:(5:<0.820.0>) Dyn Var: no Match (varname=quiz_author), 

=INFO REPORT==== 7-Dec-2015::06:30:49 ===
           ts_search:(5:<0.773.0>) Dyn Var: no Match (varname=quiz_author), 

=INFO REPORT==== 7-Dec-2015::06:30:49 ===
           ts_search:(5:<0.703.0>) Dyn Var: no Match (varname=quiz_author), 

=INFO REPORT==== 7-Dec-2015::06:30:50 ===
           ts_search:(5:<0.569.0>) Dyn Var: no Match (varname=quiz_author), 

=INFO REPORT==== 7-Dec-2015::06:30:50 ===
           ts_search:(5:<0.564.0>) Dyn Var (RE): no Match (varname=created_quiz_id), 

=INFO REPORT==== 7-Dec-2015::06:30:50 ===
           ts_search:(5:<0.386.0>) Dyn Var (RE): no Match (varname=created_quiz_id), 

=INFO REPORT==== 7-Dec-2015::06:30:51 ===
           ts_search:(5:<0.854.0>) Dyn Var: no Match (varname=quiz_author), 

=INFO REPORT==== 7-Dec-2015::06:30:51 ===
           ts_search:(5:<0.614.0>) Dyn Var (RE): no Match (varname=created_quiz_id), 

=INFO REPORT==== 7-Dec-2015::06:30:51 ===
           ts_search:(5:<0.819.0>) Dyn Var: no Match (varname=quiz_author), 

=INFO REPORT==== 7-Dec-2015::06:30:52 ===
           ts_search:(5:<0.764.0>) Dyn Var: no Match (varname=quiz_author), 

=INFO REPORT==== 7-Dec-2015::06:30:52 ===
           ts_search:(5:<0.631.0>) Dyn Var: no Match (varname=quiz_author), 

=INFO REPORT==== 7-Dec-2015::06:30:52 ===
           ts_search:(5:<0.703.0>) Dyn Var (RE): no Match (varname=created_quiz_id), 

=INFO REPORT==== 7-Dec-2015::06:30:52 ===
           ts_search:(5:<0.833.0>) Dyn Var (RE): no Match (varname=created_quiz_id), 

=INFO REPORT==== 7-Dec-2015::06:30:53 ===
           ts_search:(5:<0.854.0>) Dyn Var (RE): no Match (varname=created_quiz_id), 

=INFO REPORT==== 7-Dec-2015::06:30:54 ===
           ts_search:(5:<0.641.0>) Dyn Var (RE): no Match (varname=created_quiz_id), 

=INFO REPORT==== 7-Dec-2015::06:30:54 ===
           ts_search:(5:<0.932.0>) Dyn Var: no Match (varname=quiz_author), 

=INFO REPORT==== 7-Dec-2015::06:30:54 ===
           ts_search:(5:<0.424.0>) Dyn Var: no Match (varname=quiz_author), 

=INFO REPORT==== 7-Dec-2015::06:30:54 ===
           ts_search:(5:<0.906.0>) Dyn Var: no Match (varname=quiz_author), 

=INFO REPORT==== 7-Dec-2015::06:30:54 ===
           ts_search:(5:<0.345.0>) Dyn Var (RE): no Match (varname=created_quiz_id), 

=INFO REPORT==== 7-Dec-2015::06:30:55 ===
           ts_search:(5:<0.884.0>) Dyn Var: no Match (varname=quiz_author), 

=INFO REPORT==== 7-Dec-2015::06:30:55 ===
           ts_search:(5:<0.743.0>) Dyn Var (RE): no Match (varname=created_quiz_id), 

=INFO REPORT==== 7-Dec-2015::06:30:55 ===
           ts_search:(5:<0.963.0>) Dyn Var: no Match (varname=quiz_author), 

=INFO REPORT==== 7-Dec-2015::06:30:55 ===
           ts_search:(5:<0.908.0>) Dyn Var: no Match (varname=quiz_author), 

=INFO REPORT==== 7-Dec-2015::06:30:55 ===
           ts_search:(5:<0.838.0>) Dyn Var: no Match (varname=quiz_author), 

=INFO REPORT==== 7-Dec-2015::06:30:56 ===
           ts_search:(5:<0.424.0>) Dyn Var (RE): no Match (varname=created_quiz_id), 

=INFO REPORT==== 7-Dec-2015::06:30:56 ===
           ts_search:(5:<0.699.0>) Dyn Var (RE): no Match (varname=created_quiz_id), 

=INFO REPORT==== 7-Dec-2015::06:30:56 ===
           ts_search:(5:<0.920.0>) Dyn Var: no Match (varname=quiz_author), 

=INFO REPORT==== 7-Dec-2015::06:30:57 ===
           ts_search:(5:<0.581.0>) Dyn Var: no Match (varname=quiz_author), 

=INFO REPORT==== 7-Dec-2015::06:30:57 ===
           ts_search:(5:<0.911.0>) Dyn Var: no Match (varname=quiz_author), 

=INFO REPORT==== 7-Dec-2015::06:30:57 ===
           ts_search:(5:<0.817.0>) Dyn Var: no Match (varname=quiz_author), 

=INFO REPORT==== 7-Dec-2015::06:30:57 ===
           ts_search:(5:<0.817.0>) Dyn Var (RE): no Match (varname=created_quiz_id), 

=INFO REPORT==== 7-Dec-2015::06:30:57 ===
           ts_search:(5:<0.601.0>) Dyn Var (RE): no Match (varname=created_quiz_id), 

=INFO REPORT==== 7-Dec-2015::06:30:58 ===
           ts_search:(5:<0.861.0>) Dyn Var: no Match (varname=quiz_author), 

=INFO REPORT==== 7-Dec-2015::06:30:58 ===
           ts_search:(5:<0.773.0>) Dyn Var (RE): no Match (varname=created_quiz_id), 

=INFO REPORT==== 7-Dec-2015::06:30:58 ===
         ts_launcher:(5:<0.129.0>) Phase duration exceeded, but not all users were launched (5 users, 1.0% of phase)

=INFO REPORT==== 7-Dec-2015::06:30:58 ===
         ts_launcher:(5:<0.129.0>) Start a new arrival phase (960 users, 0.032); expected duration=30.0 sec

=INFO REPORT==== 7-Dec-2015::06:30:58 ===
           ts_search:(5:<0.740.0>) Dyn Var: no Match (varname=quiz_author), 

=INFO REPORT==== 7-Dec-2015::06:30:59 ===
           ts_search:(5:<0.710.0>) Dyn Var: no Match (varname=quiz_author), 

=INFO REPORT==== 7-Dec-2015::06:30:59 ===
           ts_search:(5:<0.717.0>) Dyn Var (RE): no Match (varname=created_quiz_id), 

=INFO REPORT==== 7-Dec-2015::06:31:00 ===
           ts_search:(5:<0.809.0>) Dyn Var: no Match (varname=quiz_author), 

=INFO REPORT==== 7-Dec-2015::06:31:00 ===
           ts_search:(5:<0.881.0>) Dyn Var: no Match (varname=quiz_author), 

=INFO REPORT==== 7-Dec-2015::06:31:00 ===
           ts_search:(5:<0.733.0>) Dyn Var (RE): no Match (varname=created_quiz_id), 

=INFO REPORT==== 7-Dec-2015::06:31:00 ===
           ts_search:(5:<0.1064.0>) Dyn Var: no Match (varname=quiz_author), 

=INFO REPORT==== 7-Dec-2015::06:31:01 ===
           ts_search:(5:<0.963.0>) Dyn Var (RE): no Match (varname=created_quiz_id), 

=INFO REPORT==== 7-Dec-2015::06:31:01 ===
           ts_search:(5:<0.1006.0>) Dyn Var: no Match (varname=quiz_author), 

=INFO REPORT==== 7-Dec-2015::06:31:01 ===
           ts_search:(5:<0.1021.0>) Dyn Var: no Match (varname=quiz_author), 

=INFO REPORT==== 7-Dec-2015::06:31:01 ===
           ts_search:(5:<0.464.0>) Dyn Var (RE): no Match (varname=created_quiz_id), 

=INFO REPORT==== 7-Dec-2015::06:31:02 ===
           ts_search:(5:<0.631.0>) Dyn Var (RE): no Match (varname=created_quiz_id), 

=INFO REPORT==== 7-Dec-2015::06:31:02 ===
           ts_search:(5:<0.735.0>) Dyn Var (RE): no Match (varname=created_quiz_id), 

=INFO REPORT==== 7-Dec-2015::06:31:02 ===
           ts_search:(5:<0.740.0>) Dyn Var (RE): no Match (varname=created_quiz_id), 

=INFO REPORT==== 7-Dec-2015::06:31:02 ===
           ts_search:(5:<0.893.0>) Dyn Var: no Match (varname=quiz_author), 

=INFO REPORT==== 7-Dec-2015::06:31:02 ===
           ts_search:(5:<0.506.0>) Dyn Var (RE): no Match (varname=created_quiz_id), 

=INFO REPORT==== 7-Dec-2015::06:31:03 ===
           ts_search:(5:<0.1010.0>) Dyn Var: no Match (varname=quiz_author), 

=INFO REPORT==== 7-Dec-2015::06:31:03 ===
           ts_search:(5:<0.880.0>) Dyn Var: no Match (varname=quiz_author), 

=INFO REPORT==== 7-Dec-2015::06:31:04 ===
           ts_search:(5:<0.1044.0>) Dyn Var: no Match (varname=quiz_author), 

=INFO REPORT==== 7-Dec-2015::06:31:04 ===
           ts_search:(5:<0.764.0>) Dyn Var (RE): no Match (varname=created_quiz_id), 

=INFO REPORT==== 7-Dec-2015::06:31:04 ===
           ts_search:(5:<0.815.0>) Dyn Var (RE): no Match (varname=created_quiz_id), 

=INFO REPORT==== 7-Dec-2015::06:31:04 ===
           ts_search:(5:<0.1052.0>) Dyn Var: no Match (varname=quiz_author), 

=INFO REPORT==== 7-Dec-2015::06:31:04 ===
           ts_search:(5:<0.934.0>) Dyn Var: no Match (varname=quiz_author), 

=INFO REPORT==== 7-Dec-2015::06:31:05 ===
           ts_search:(5:<0.1065.0>) Dyn Var: no Match (varname=quiz_author), 

=INFO REPORT==== 7-Dec-2015::06:31:05 ===
           ts_search:(5:<0.903.0>) Dyn Var: no Match (varname=quiz_author), 

=INFO REPORT==== 7-Dec-2015::06:31:05 ===
           ts_search:(5:<0.1041.0>) Dyn Var: no Match (varname=quiz_author), 

=INFO REPORT==== 7-Dec-2015::06:31:05 ===
           ts_search:(5:<0.861.0>) Dyn Var (RE): no Match (varname=created_quiz_id), 

=INFO REPORT==== 7-Dec-2015::06:31:05 ===
           ts_search:(5:<0.794.0>) Dyn Var: no Match (varname=quiz_author), 

=INFO REPORT==== 7-Dec-2015::06:31:05 ===
           ts_search:(5:<0.888.0>) Dyn Var: no Match (varname=quiz_author), 

=INFO REPORT==== 7-Dec-2015::06:31:06 ===
           ts_search:(5:<0.932.0>) Dyn Var (RE): no Match (varname=created_quiz_id), 

=INFO REPORT==== 7-Dec-2015::06:31:06 ===
           ts_search:(5:<0.701.0>) Dyn Var (RE): no Match (varname=created_quiz_id), 

=INFO REPORT==== 7-Dec-2015::06:31:06 ===
           ts_search:(5:<0.1065.0>) Dyn Var (RE): no Match (varname=created_quiz_id), 

=INFO REPORT==== 7-Dec-2015::06:31:06 ===
           ts_search:(5:<0.1056.0>) Dyn Var: no Match (varname=quiz_author), 

=INFO REPORT==== 7-Dec-2015::06:31:07 ===
           ts_search:(5:<0.1010.0>) Dyn Var (RE): no Match (varname=created_quiz_id), 

=INFO REPORT==== 7-Dec-2015::06:31:07 ===
           ts_search:(5:<0.880.0>) Dyn Var (RE): no Match (varname=created_quiz_id), 

=INFO REPORT==== 7-Dec-2015::06:31:07 ===
           ts_search:(5:<0.1052.0>) Dyn Var (RE): no Match (varname=created_quiz_id), 

=INFO REPORT==== 7-Dec-2015::06:31:07 ===
           ts_search:(5:<0.826.0>) Dyn Var: no Match (varname=quiz_author), 

=INFO REPORT==== 7-Dec-2015::06:31:07 ===
           ts_search:(5:<0.615.0>) Dyn Var (RE): no Match (varname=created_quiz_id), 

=INFO REPORT==== 7-Dec-2015::06:31:08 ===
           ts_search:(5:<0.1044.0>) Dyn Var (RE): no Match (varname=created_quiz_id), 

=INFO REPORT==== 7-Dec-2015::06:31:08 ===
           ts_search:(5:<0.801.0>) Dyn Var: no Match (varname=quiz_author), 

=INFO REPORT==== 7-Dec-2015::06:31:08 ===
           ts_search:(5:<0.1103.0>) Dyn Var: no Match (varname=quiz_author), 

=INFO REPORT==== 7-Dec-2015::06:31:08 ===
           ts_search:(5:<0.1142.0>) Dyn Var: no Match (varname=quiz_author), 

=INFO REPORT==== 7-Dec-2015::06:31:08 ===
           ts_search:(5:<0.888.0>) Dyn Var (RE): no Match (varname=created_quiz_id), 

=INFO REPORT==== 7-Dec-2015::06:31:08 ===
           ts_search:(5:<0.1233.0>) Dyn Var: no Match (varname=quiz_author), 

=INFO REPORT==== 7-Dec-2015::06:31:08 ===
           ts_search:(5:<0.1113.0>) Dyn Var: no Match (varname=quiz_author), 

=INFO REPORT==== 7-Dec-2015::06:31:09 ===
           ts_search:(5:<0.1126.0>) Dyn Var: no Match (varname=quiz_author), 

=INFO REPORT==== 7-Dec-2015::06:31:09 ===
           ts_search:(5:<0.872.0>) Dyn Var: no Match (varname=quiz_author), 

=INFO REPORT==== 7-Dec-2015::06:31:09 ===
           ts_search:(5:<0.1198.0>) Dyn Var: no Match (varname=quiz_author), 

=INFO REPORT==== 7-Dec-2015::06:31:09 ===
           ts_search:(5:<0.801.0>) Dyn Var (RE): no Match (varname=created_quiz_id), 

=INFO REPORT==== 7-Dec-2015::06:31:09 ===
           ts_search:(5:<0.396.0>) Dyn Var (RE): no Match (varname=created_quiz_id), 

=INFO REPORT==== 7-Dec-2015::06:31:09 ===
           ts_search:(5:<0.620.0>) Dyn Var (RE): no Match (varname=created_quiz_id), 

=INFO REPORT==== 7-Dec-2015::06:31:10 ===
           ts_search:(5:<0.1311.0>) Dyn Var: no Match (varname=quiz_author), 

=INFO REPORT==== 7-Dec-2015::06:31:10 ===
           ts_search:(5:<0.828.0>) Dyn Var: no Match (varname=quiz_author), 

=INFO REPORT==== 7-Dec-2015::06:31:11 ===
           ts_search:(5:<0.1249.0>) Dyn Var: no Match (varname=quiz_author), 

=INFO REPORT==== 7-Dec-2015::06:31:11 ===
           ts_search:(5:<0.1048.0>) Dyn Var: no Match (varname=quiz_author), 

=INFO REPORT==== 7-Dec-2015::06:31:11 ===
           ts_search:(5:<0.1180.0>) Dyn Var: no Match (varname=quiz_author), 

=INFO REPORT==== 7-Dec-2015::06:31:11 ===
           ts_search:(5:<0.794.0>) Dyn Var (RE): no Match (varname=created_quiz_id), 

=INFO REPORT==== 7-Dec-2015::06:31:12 ===
           ts_search:(5:<0.1268.0>) Dyn Var: no Match (varname=quiz_author), 

=INFO REPORT==== 7-Dec-2015::06:31:12 ===
           ts_search:(5:<0.908.0>) Dyn Var (RE): no Match (varname=created_quiz_id), 

=INFO REPORT==== 7-Dec-2015::06:31:12 ===
           ts_search:(5:<0.710.0>) Dyn Var (RE): no Match (varname=created_quiz_id), 

=INFO REPORT==== 7-Dec-2015::06:31:12 ===
           ts_search:(5:<0.668.0>) Dyn Var (RE): no Match (varname=created_quiz_id), 

=INFO REPORT==== 7-Dec-2015::06:31:13 ===
           ts_search:(5:<0.850.0>) Dyn Var: no Match (varname=quiz_author), 

=INFO REPORT==== 7-Dec-2015::06:31:13 ===
           ts_search:(5:<0.618.0>) Dyn Var (RE): no Match (varname=created_quiz_id), 

=INFO REPORT==== 7-Dec-2015::06:31:13 ===
           ts_search:(5:<0.911.0>) Dyn Var (RE): no Match (varname=created_quiz_id), 

=INFO REPORT==== 7-Dec-2015::06:31:13 ===
           ts_search:(5:<0.955.0>) Dyn Var: no Match (varname=quiz_author), 

=INFO REPORT==== 7-Dec-2015::06:31:14 ===
           ts_search:(5:<0.1285.0>) Dyn Var: no Match (varname=quiz_author), 

=INFO REPORT==== 7-Dec-2015::06:31:14 ===
           ts_search:(5:<0.1306.0>) Dyn Var: no Match (varname=quiz_author), 

=INFO REPORT==== 7-Dec-2015::06:31:14 ===
           ts_search:(5:<0.1162.0>) Dyn Var: no Match (varname=quiz_author), 

=INFO REPORT==== 7-Dec-2015::06:31:14 ===
           ts_search:(5:<0.548.0>) Dyn Var: no Match (varname=quiz_author), 

=INFO REPORT==== 7-Dec-2015::06:31:14 ===
           ts_search:(5:<0.949.0>) Dyn Var: no Match (varname=quiz_author), 

=INFO REPORT==== 7-Dec-2015::06:31:15 ===
           ts_search:(5:<0.1027.0>) Dyn Var: no Match (varname=quiz_author), 

=INFO REPORT==== 7-Dec-2015::06:31:15 ===
           ts_search:(5:<0.1484.0>) Dyn Var: no Match (varname=quiz_author), 

=INFO REPORT==== 7-Dec-2015::06:31:15 ===
           ts_search:(5:<0.1187.0>) Dyn Var: no Match (varname=quiz_author), 

=INFO REPORT==== 7-Dec-2015::06:31:15 ===
           ts_search:(5:<0.866.0>) Dyn Var: no Match (varname=quiz_author), 

=INFO REPORT==== 7-Dec-2015::06:31:15 ===
           ts_search:(5:<0.1195.0>) Dyn Var: no Match (varname=quiz_author), 

=INFO REPORT==== 7-Dec-2015::06:31:15 ===
           ts_search:(5:<0.548.0>) Dyn Var (RE): no Match (varname=created_quiz_id), 

=INFO REPORT==== 7-Dec-2015::06:31:15 ===
           ts_search:(5:<0.955.0>) Dyn Var (RE): no Match (varname=created_quiz_id), 

=INFO REPORT==== 7-Dec-2015::06:31:16 ===
           ts_search:(5:<0.1176.0>) Dyn Var: no Match (varname=quiz_author), 

=INFO REPORT==== 7-Dec-2015::06:31:16 ===
           ts_search:(5:<0.1263.0>) Dyn Var: no Match (varname=quiz_author), 

=INFO REPORT==== 7-Dec-2015::06:31:16 ===
           ts_search:(5:<0.1306.0>) Dyn Var (RE): no Match (varname=created_quiz_id), 

=INFO REPORT==== 7-Dec-2015::06:31:16 ===
           ts_search:(5:<0.1100.0>) Dyn Var: no Match (varname=quiz_author), 

=INFO REPORT==== 7-Dec-2015::06:31:16 ===
           ts_search:(5:<0.722.0>) Dyn Var: no Match (varname=quiz_author), 

=INFO REPORT==== 7-Dec-2015::06:31:16 ===
           ts_search:(5:<0.1041.0>) Dyn Var (RE): no Match (varname=created_quiz_id), 

=INFO REPORT==== 7-Dec-2015::06:31:17 ===
           ts_search:(5:<0.1048.0>) Dyn Var (RE): no Match (varname=created_quiz_id), 

=INFO REPORT==== 7-Dec-2015::06:31:17 ===
           ts_search:(5:<0.1250.0>) Dyn Var: no Match (varname=quiz_author), 

=INFO REPORT==== 7-Dec-2015::06:31:17 ===
           ts_search:(5:<0.981.0>) Dyn Var: no Match (varname=quiz_author), 

=INFO REPORT==== 7-Dec-2015::06:31:17 ===
           ts_search:(5:<0.850.0>) Dyn Var (RE): no Match (varname=created_quiz_id), 

=INFO REPORT==== 7-Dec-2015::06:31:18 ===
           ts_search:(5:<0.1381.0>) Dyn Var: no Match (varname=quiz_author), 

=INFO REPORT==== 7-Dec-2015::06:31:18 ===
           ts_search:(5:<0.1340.0>) Dyn Var: no Match (varname=quiz_author), 

=INFO REPORT==== 7-Dec-2015::06:31:18 ===
           ts_search:(5:<0.1167.0>) Dyn Var: no Match (varname=quiz_author), 

=INFO REPORT==== 7-Dec-2015::06:31:18 ===
           ts_search:(5:<0.1316.0>) Dyn Var: no Match (varname=quiz_author), 

=INFO REPORT==== 7-Dec-2015::06:31:18 ===
           ts_search:(5:<0.1294.0>) Dyn Var: no Match (varname=quiz_author), 

=INFO REPORT==== 7-Dec-2015::06:31:19 ===
           ts_search:(5:<0.1497.0>) Dyn Var: no Match (varname=quiz_author), 

=INFO REPORT==== 7-Dec-2015::06:31:19 ===
           ts_search:(5:<0.1334.0>) Dyn Var: no Match (varname=quiz_author), 

=INFO REPORT==== 7-Dec-2015::06:31:19 ===
           ts_search:(5:<0.1162.0>) Dyn Var (RE): no Match (varname=created_quiz_id), 

=INFO REPORT==== 7-Dec-2015::06:31:19 ===
           ts_search:(5:<0.881.0>) Dyn Var (RE): no Match (varname=created_quiz_id), 

=INFO REPORT==== 7-Dec-2015::06:31:20 ===
           ts_search:(5:<0.1012.0>) Dyn Var: no Match (varname=quiz_author), 

=INFO REPORT==== 7-Dec-2015::06:31:20 ===
           ts_search:(5:<0.838.0>) Dyn Var (RE): no Match (varname=created_quiz_id), 

=INFO REPORT==== 7-Dec-2015::06:31:20 ===
           ts_search:(5:<0.884.0>) Dyn Var (RE): no Match (varname=created_quiz_id), 

=INFO REPORT==== 7-Dec-2015::06:31:20 ===
           ts_search:(5:<0.1294.0>) Dyn Var (RE): no Match (varname=created_quiz_id), 

=INFO REPORT==== 7-Dec-2015::06:31:21 ===
           ts_search:(5:<0.856.0>) Dyn Var: no Match (varname=quiz_author), 

=INFO REPORT==== 7-Dec-2015::06:31:21 ===
           ts_search:(5:<0.1143.0>) Dyn Var: no Match (varname=quiz_author), 

=INFO REPORT==== 7-Dec-2015::06:31:22 ===
           ts_search:(5:<0.1100.0>) Dyn Var (RE): no Match (varname=created_quiz_id), 

=INFO REPORT==== 7-Dec-2015::06:31:22 ===
           ts_search:(5:<0.1459.0>) Dyn Var: no Match (varname=quiz_author), 

=INFO REPORT==== 7-Dec-2015::06:31:22 ===
           ts_search:(5:<0.1225.0>) Dyn Var: no Match (varname=quiz_author), 

=INFO REPORT==== 7-Dec-2015::06:31:22 ===
           ts_search:(5:<0.1305.0>) Dyn Var: no Match (varname=quiz_author), 

=INFO REPORT==== 7-Dec-2015::06:31:23 ===
           ts_search:(5:<0.866.0>) Dyn Var (RE): no Match (varname=created_quiz_id), 

=INFO REPORT==== 7-Dec-2015::06:31:23 ===
           ts_search:(5:<0.1017.0>) Dyn Var: no Match (varname=quiz_author), 

=INFO REPORT==== 7-Dec-2015::06:31:23 ===
           ts_search:(5:<0.903.0>) Dyn Var (RE): no Match (varname=created_quiz_id), 

=INFO REPORT==== 7-Dec-2015::06:31:23 ===
           ts_search:(5:<0.1368.0>) Dyn Var: no Match (varname=quiz_author), 

=INFO REPORT==== 7-Dec-2015::06:31:23 ===
           ts_search:(5:<0.1397.0>) Dyn Var: no Match (varname=quiz_author), 

=INFO REPORT==== 7-Dec-2015::06:31:23 ===
           ts_search:(5:<0.1251.0>) Dyn Var: no Match (varname=quiz_author), 

=INFO REPORT==== 7-Dec-2015::06:31:24 ===
           ts_search:(5:<0.1215.0>) Dyn Var: no Match (varname=quiz_author), 

=INFO REPORT==== 7-Dec-2015::06:31:24 ===
           ts_search:(5:<0.948.0>) Dyn Var: no Match (varname=quiz_author), 

=INFO REPORT==== 7-Dec-2015::06:31:24 ===
           ts_search:(5:<0.820.0>) Dyn Var (RE): no Match (varname=created_quiz_id), 

=INFO REPORT==== 7-Dec-2015::06:31:25 ===
           ts_search:(5:<0.1004.0>) Dyn Var: no Match (varname=quiz_author), 

=INFO REPORT==== 7-Dec-2015::06:31:25 ===
           ts_search:(5:<0.1556.0>) Dyn Var: no Match (varname=quiz_author), 

=INFO REPORT==== 7-Dec-2015::06:31:25 ===
           ts_search:(5:<0.757.0>) Dyn Var (RE): no Match (varname=created_quiz_id), 

=INFO REPORT==== 7-Dec-2015::06:31:25 ===
           ts_search:(5:<0.1334.0>) Dyn Var (RE): no Match (varname=created_quiz_id), 

=INFO REPORT==== 7-Dec-2015::06:31:25 ===
           ts_search:(5:<0.1017.0>) Dyn Var (RE): no Match (varname=created_quiz_id), 

=INFO REPORT==== 7-Dec-2015::06:31:25 ===
           ts_search:(5:<0.1300.0>) Dyn Var: no Match (varname=quiz_author), 

=INFO REPORT==== 7-Dec-2015::06:31:26 ===
           ts_search:(5:<0.1358.0>) Dyn Var: no Match (varname=quiz_author), 

=INFO REPORT==== 7-Dec-2015::06:31:26 ===
           ts_search:(5:<0.1491.0>) Dyn Var: no Match (varname=quiz_author), 

=INFO REPORT==== 7-Dec-2015::06:31:26 ===
           ts_search:(5:<0.1413.0>) Dyn Var: no Match (varname=quiz_author), 

=INFO REPORT==== 7-Dec-2015::06:31:26 ===
           ts_search:(5:<0.1620.0>) Dyn Var: no Match (varname=quiz_author), 

=INFO REPORT==== 7-Dec-2015::06:31:26 ===
           ts_search:(5:<0.1249.0>) Dyn Var (RE): no Match (varname=created_quiz_id), 

=INFO REPORT==== 7-Dec-2015::06:31:26 ===
           ts_search:(5:<0.1421.0>) Dyn Var: no Match (varname=quiz_author), 

=INFO REPORT==== 7-Dec-2015::06:31:26 ===
           ts_search:(5:<0.1128.0>) Dyn Var: no Match (varname=quiz_author), 

=INFO REPORT==== 7-Dec-2015::06:31:27 ===
           ts_search:(5:<0.1405.0>) Dyn Var: no Match (varname=quiz_author), 

=INFO REPORT==== 7-Dec-2015::06:31:27 ===
           ts_search:(5:<0.1222.0>) Dyn Var: no Match (varname=quiz_author), 

=INFO REPORT==== 7-Dec-2015::06:31:27 ===
           ts_search:(5:<0.1551.0>) Dyn Var: no Match (varname=quiz_author), 

=INFO REPORT==== 7-Dec-2015::06:31:27 ===
           ts_search:(5:<0.816.0>) Dyn Var: no Match (varname=quiz_author), 

=INFO REPORT==== 7-Dec-2015::06:31:27 ===
           ts_search:(5:<0.1477.0>) Dyn Var: no Match (varname=quiz_author), 

=INFO REPORT==== 7-Dec-2015::06:31:27 ===
           ts_search:(5:<0.1051.0>) Dyn Var: no Match (varname=quiz_author), 

=INFO REPORT==== 7-Dec-2015::06:31:27 ===
           ts_search:(5:<0.706.0>) Dyn Var (RE): no Match (varname=created_quiz_id), 

=INFO REPORT==== 7-Dec-2015::06:31:28 ===
           ts_search:(5:<0.1459.0>) Dyn Var (RE): no Match (varname=created_quiz_id), 

=INFO REPORT==== 7-Dec-2015::06:31:28 ===
           ts_search:(5:<0.1176.0>) Dyn Var (RE): no Match (varname=created_quiz_id), 

=INFO REPORT==== 7-Dec-2015::06:31:28 ===
           ts_search:(5:<0.991.0>) Dyn Var: no Match (varname=quiz_author), 

=INFO REPORT==== 7-Dec-2015::06:31:28 ===
           ts_search:(5:<0.697.0>) Dyn Var: no Match (varname=quiz_author), 

=INFO REPORT==== 7-Dec-2015::06:31:28 ===
           ts_search:(5:<0.1032.0>) Dyn Var: no Match (varname=quiz_author), 

=INFO REPORT==== 7-Dec-2015::06:31:28 ===
           ts_search:(5:<0.920.0>) Dyn Var (RE): no Match (varname=created_quiz_id), 

=INFO REPORT==== 7-Dec-2015::06:31:28 ===
         ts_launcher:(5:<0.129.0>) This was the last phase, wait for connected users to finish their session

=INFO REPORT==== 7-Dec-2015::06:31:28 ===
     ts_launcher_mgr:(5:<0.123.0>) Still 1280 active client(s)

=INFO REPORT==== 7-Dec-2015::06:31:28 ===
           ts_search:(5:<0.948.0>) Dyn Var (RE): no Match (varname=created_quiz_id), 

=INFO REPORT==== 7-Dec-2015::06:31:28 ===
           ts_search:(5:<0.1243.0>) Dyn Var: no Match (varname=quiz_author), 

=INFO REPORT==== 7-Dec-2015::06:31:28 ===
           ts_search:(5:<0.1253.0>) Dyn Var: no Match (varname=quiz_author), 

=INFO REPORT==== 7-Dec-2015::06:31:28 ===
           ts_search:(5:<0.1627.0>) Dyn Var: no Match (varname=quiz_author), 

=INFO REPORT==== 7-Dec-2015::06:31:28 ===
           ts_search:(5:<0.482.0>) Dyn Var (RE): no Match (varname=created_quiz_id), 

=INFO REPORT==== 7-Dec-2015::06:31:28 ===
           ts_search:(5:<0.449.0>) Dyn Var (RE): no Match (varname=created_quiz_id), 

=INFO REPORT==== 7-Dec-2015::06:31:28 ===
           ts_search:(5:<0.1195.0>) Dyn Var (RE): no Match (varname=created_quiz_id), 

=INFO REPORT==== 7-Dec-2015::06:31:29 ===
           ts_search:(5:<0.872.0>) Dyn Var (RE): no Match (varname=created_quiz_id), 

=INFO REPORT==== 7-Dec-2015::06:31:29 ===
           ts_search:(5:<0.1251.0>) Dyn Var (RE): no Match (varname=created_quiz_id), 

=INFO REPORT==== 7-Dec-2015::06:31:29 ===
           ts_search:(5:<0.851.0>) Dyn Var: no Match (varname=quiz_author), 

=INFO REPORT==== 7-Dec-2015::06:31:29 ===
           ts_search:(5:<0.1299.0>) Dyn Var: no Match (varname=quiz_author), 

=INFO REPORT==== 7-Dec-2015::06:31:29 ===
           ts_search:(5:<0.897.0>) Dyn Var: no Match (varname=quiz_author), 

=INFO REPORT==== 7-Dec-2015::06:31:29 ===
           ts_search:(5:<0.1197.0>) Dyn Var: no Match (varname=quiz_author), 

=INFO REPORT==== 7-Dec-2015::06:31:29 ===
           ts_search:(5:<0.1637.0>) Dyn Var: no Match (varname=quiz_author), 

=INFO REPORT==== 7-Dec-2015::06:31:30 ===
           ts_search:(5:<0.1665.0>) Dyn Var: no Match (varname=quiz_author), 

=INFO REPORT==== 7-Dec-2015::06:31:30 ===
           ts_search:(5:<0.1482.0>) Dyn Var: no Match (varname=quiz_author), 

=INFO REPORT==== 7-Dec-2015::06:31:30 ===
           ts_search:(5:<0.826.0>) Dyn Var (RE): no Match (varname=created_quiz_id), 

=INFO REPORT==== 7-Dec-2015::06:31:30 ===
           ts_search:(5:<0.1504.0>) Dyn Var: no Match (varname=quiz_author), 

=INFO REPORT==== 7-Dec-2015::06:31:30 ===
           ts_search:(5:<0.1285.0>) Dyn Var (RE): no Match (varname=created_quiz_id), 

=INFO REPORT==== 7-Dec-2015::06:31:30 ===
           ts_search:(5:<0.727.0>) Dyn Var (RE): no Match (varname=created_quiz_id), 

=INFO REPORT==== 7-Dec-2015::06:31:30 ===
           ts_search:(5:<0.1488.0>) Dyn Var: no Match (varname=quiz_author), 

=INFO REPORT==== 7-Dec-2015::06:31:30 ===
           ts_search:(5:<0.991.0>) Dyn Var (RE): no Match (varname=created_quiz_id), 

=INFO REPORT==== 7-Dec-2015::06:31:30 ===
           ts_search:(5:<0.1677.0>) Dyn Var: no Match (varname=quiz_author), 

=INFO REPORT==== 7-Dec-2015::06:31:30 ===
           ts_search:(5:<0.1072.0>) Dyn Var: no Match (varname=quiz_author), 

=INFO REPORT==== 7-Dec-2015::06:31:31 ===
           ts_search:(5:<0.1589.0>) Dyn Var: no Match (varname=quiz_author), 

=INFO REPORT==== 7-Dec-2015::06:31:31 ===
           ts_search:(5:<0.1407.0>) Dyn Var: no Match (varname=quiz_author), 

=INFO REPORT==== 7-Dec-2015::06:31:31 ===
           ts_search:(5:<0.1628.0>) Dyn Var: no Match (varname=quiz_author), 

=INFO REPORT==== 7-Dec-2015::06:31:31 ===
           ts_search:(5:<0.1551.0>) Dyn Var (RE): no Match (varname=created_quiz_id), 

=INFO REPORT==== 7-Dec-2015::06:31:31 ===
           ts_search:(5:<0.819.0>) Dyn Var (RE): no Match (varname=created_quiz_id), 

=INFO REPORT==== 7-Dec-2015::06:31:31 ===
           ts_search:(5:<0.1355.0>) Dyn Var: no Match (varname=quiz_author), 

=INFO REPORT==== 7-Dec-2015::06:31:32 ===
           ts_search:(5:<0.1565.0>) Dyn Var: no Match (varname=quiz_author), 

=INFO REPORT==== 7-Dec-2015::06:31:32 ===
           ts_search:(5:<0.1477.0>) Dyn Var (RE): no Match (varname=created_quiz_id), 

=INFO REPORT==== 7-Dec-2015::06:31:32 ===
           ts_search:(5:<0.1012.0>) Dyn Var (RE): no Match (varname=created_quiz_id), 

=INFO REPORT==== 7-Dec-2015::06:31:32 ===
           ts_search:(5:<0.581.0>) Dyn Var (RE): no Match (varname=created_quiz_id), 

=INFO REPORT==== 7-Dec-2015::06:31:32 ===
           ts_search:(5:<0.1056.0>) Dyn Var (RE): no Match (varname=created_quiz_id), 

=INFO REPORT==== 7-Dec-2015::06:31:32 ===
           ts_search:(5:<0.1235.0>) Dyn Var: no Match (varname=quiz_author), 

=INFO REPORT==== 7-Dec-2015::06:31:33 ===
           ts_search:(5:<0.1152.0>) Dyn Var: no Match (varname=quiz_author), 

=INFO REPORT==== 7-Dec-2015::06:31:33 ===
           ts_search:(5:<0.1486.0>) Dyn Var: no Match (varname=quiz_author), 

=INFO REPORT==== 7-Dec-2015::06:31:33 ===
           ts_search:(5:<0.1165.0>) Dyn Var: no Match (varname=quiz_author), 

=INFO REPORT==== 7-Dec-2015::06:31:33 ===
           ts_search:(5:<0.1368.0>) Dyn Var (RE): no Match (varname=created_quiz_id), 

=INFO REPORT==== 7-Dec-2015::06:31:34 ===
           ts_search:(5:<0.1213.0>) Dyn Var: no Match (varname=quiz_author), 

=INFO REPORT==== 7-Dec-2015::06:31:34 ===
           ts_search:(5:<0.1427.0>) Dyn Var: no Match (varname=quiz_author), 

=INFO REPORT==== 7-Dec-2015::06:31:34 ===
           ts_search:(5:<0.1433.0>) Dyn Var: no Match (varname=quiz_author), 

=INFO REPORT==== 7-Dec-2015::06:31:34 ===
           ts_search:(5:<0.1715.0>) Dyn Var: no Match (varname=quiz_author), 

=INFO REPORT==== 7-Dec-2015::06:31:34 ===
           ts_search:(5:<0.1201.0>) Dyn Var: no Match (varname=quiz_author), 

=INFO REPORT==== 7-Dec-2015::06:31:34 ===
           ts_search:(5:<0.1398.0>) Dyn Var: no Match (varname=quiz_author), 

=INFO REPORT==== 7-Dec-2015::06:31:34 ===
           ts_search:(5:<0.1243.0>) Dyn Var (RE): no Match (varname=created_quiz_id), 

=INFO REPORT==== 7-Dec-2015::06:31:34 ===
           ts_search:(5:<0.1754.0>) Dyn Var: no Match (varname=quiz_author), 

=INFO REPORT==== 7-Dec-2015::06:31:34 ===
           ts_search:(5:<0.1004.0>) Dyn Var (RE): no Match (varname=created_quiz_id), 

=INFO REPORT==== 7-Dec-2015::06:31:35 ===
           ts_search:(5:<0.1345.0>) Dyn Var: no Match (varname=quiz_author), 

=INFO REPORT==== 7-Dec-2015::06:31:35 ===
           ts_search:(5:<0.1258.0>) Dyn Var: no Match (varname=quiz_author), 

=INFO REPORT==== 7-Dec-2015::06:31:35 ===
           ts_search:(5:<0.722.0>) Dyn Var (RE): no Match (varname=created_quiz_id), 

=INFO REPORT==== 7-Dec-2015::06:31:35 ===
           ts_search:(5:<0.1168.0>) Dyn Var: no Match (varname=quiz_author), 

=INFO REPORT==== 7-Dec-2015::06:31:35 ===
           ts_search:(5:<0.635.0>) Dyn Var (RE): no Match (varname=created_quiz_id), 

=INFO REPORT==== 7-Dec-2015::06:31:35 ===
           ts_search:(5:<0.1538.0>) Dyn Var: no Match (varname=quiz_author), 

=INFO REPORT==== 7-Dec-2015::06:31:35 ===
           ts_search:(5:<0.1446.0>) Dyn Var: no Match (varname=quiz_author), 

=INFO REPORT==== 7-Dec-2015::06:31:35 ===
           ts_search:(5:<0.1152.0>) Dyn Var (RE): no Match (varname=created_quiz_id), 

=INFO REPORT==== 7-Dec-2015::06:31:36 ===
           ts_search:(5:<0.1482.0>) Dyn Var (RE): no Match (varname=created_quiz_id), 

=INFO REPORT==== 7-Dec-2015::06:31:36 ===
           ts_search:(5:<0.1593.0>) Dyn Var: no Match (varname=quiz_author), 

=INFO REPORT==== 7-Dec-2015::06:31:36 ===
           ts_search:(5:<0.1637.0>) Dyn Var (RE): no Match (varname=created_quiz_id), 

=INFO REPORT==== 7-Dec-2015::06:31:36 ===
           ts_search:(5:<0.1405.0>) Dyn Var (RE): no Match (varname=created_quiz_id), 

=INFO REPORT==== 7-Dec-2015::06:31:36 ===
           ts_search:(5:<0.1258.0>) Dyn Var (RE): no Match (varname=created_quiz_id), 

=INFO REPORT==== 7-Dec-2015::06:31:36 ===
           ts_search:(5:<0.1398.0>) Dyn Var (RE): no Match (varname=created_quiz_id), 

=INFO REPORT==== 7-Dec-2015::06:31:36 ===
           ts_search:(5:<0.1714.0>) Dyn Var: no Match (varname=quiz_author), 

=INFO REPORT==== 7-Dec-2015::06:31:36 ===
           ts_search:(5:<0.1340.0>) Dyn Var (RE): no Match (varname=created_quiz_id), 

=INFO REPORT==== 7-Dec-2015::06:31:36 ===
           ts_search:(5:<0.1733.0>) Dyn Var: no Match (varname=quiz_author), 

=INFO REPORT==== 7-Dec-2015::06:31:36 ===
           ts_search:(5:<0.1702.0>) Dyn Var: no Match (varname=quiz_author), 

=INFO REPORT==== 7-Dec-2015::06:31:37 ===
           ts_search:(5:<0.1427.0>) Dyn Var (RE): no Match (varname=created_quiz_id), 

=INFO REPORT==== 7-Dec-2015::06:31:37 ===
           ts_search:(5:<0.1142.0>) Dyn Var (RE): no Match (varname=created_quiz_id), 

=INFO REPORT==== 7-Dec-2015::06:31:37 ===
           ts_search:(5:<0.906.0>) Dyn Var (RE): no Match (varname=created_quiz_id), 

=INFO REPORT==== 7-Dec-2015::06:31:37 ===
           ts_search:(5:<0.1407.0>) Dyn Var (RE): no Match (varname=created_quiz_id), 

=INFO REPORT==== 7-Dec-2015::06:31:37 ===
           ts_search:(5:<0.1113.0>) Dyn Var (RE): no Match (varname=created_quiz_id), 

=INFO REPORT==== 7-Dec-2015::06:31:37 ===
           ts_search:(5:<0.1909.0>) Dyn Var: no Match (varname=quiz_author), 

=INFO REPORT==== 7-Dec-2015::06:31:37 ===
           ts_search:(5:<0.1623.0>) Dyn Var: no Match (varname=quiz_author), 

=INFO REPORT==== 7-Dec-2015::06:31:38 ===
           ts_search:(5:<0.697.0>) Dyn Var (RE): no Match (varname=created_quiz_id), 

=INFO REPORT==== 7-Dec-2015::06:31:38 ===
           ts_search:(5:<0.1180.0>) Dyn Var (RE): no Match (varname=created_quiz_id), 

=INFO REPORT==== 7-Dec-2015::06:31:38 ===
           ts_search:(5:<0.2036.0>) Dyn Var: no Match (varname=quiz_author), 

=INFO REPORT==== 7-Dec-2015::06:31:38 ===
           ts_search:(5:<0.1488.0>) Dyn Var (RE): no Match (varname=created_quiz_id), 

=INFO REPORT==== 7-Dec-2015::06:31:38 ===
           ts_search:(5:<0.1692.0>) Dyn Var: no Match (varname=quiz_author), 

=INFO REPORT==== 7-Dec-2015::06:31:39 ===
           ts_search:(5:<0.1305.0>) Dyn Var (RE): no Match (varname=created_quiz_id), 

=INFO REPORT==== 7-Dec-2015::06:31:39 ===
           ts_search:(5:<0.1511.0>) Dyn Var: no Match (varname=quiz_author), 

=INFO REPORT==== 7-Dec-2015::06:31:39 ===
           ts_search:(5:<0.1703.0>) Dyn Var: no Match (varname=quiz_author), 

=INFO REPORT==== 7-Dec-2015::06:31:39 ===
           ts_search:(5:<0.2007.0>) Dyn Var: no Match (varname=quiz_author), 

=INFO REPORT==== 7-Dec-2015::06:31:39 ===
           ts_search:(5:<0.1849.0>) Dyn Var: no Match (varname=quiz_author), 

=INFO REPORT==== 7-Dec-2015::06:31:39 ===
           ts_search:(5:<0.1428.0>) Dyn Var: no Match (varname=quiz_author), 

=INFO REPORT==== 7-Dec-2015::06:31:40 ===
           ts_search:(5:<0.1869.0>) Dyn Var: no Match (varname=quiz_author), 

=INFO REPORT==== 7-Dec-2015::06:31:40 ===
           ts_search:(5:<0.2018.0>) Dyn Var: no Match (varname=quiz_author), 

=INFO REPORT==== 7-Dec-2015::06:31:40 ===
           ts_search:(5:<0.1197.0>) Dyn Var (RE): no Match (varname=created_quiz_id), 

=INFO REPORT==== 7-Dec-2015::06:31:40 ===
           ts_search:(5:<0.1832.0>) Dyn Var: no Match (varname=quiz_author), 

=INFO REPORT==== 7-Dec-2015::06:31:40 ===
           ts_search:(5:<0.664.0>) Dyn Var: no Match (varname=quiz_author), 

=INFO REPORT==== 7-Dec-2015::06:31:40 ===
           ts_search:(5:<0.1674.0>) Dyn Var: no Match (varname=quiz_author), 

=INFO REPORT==== 7-Dec-2015::06:31:40 ===
           ts_search:(5:<0.1905.0>) Dyn Var: no Match (varname=quiz_author), 

=INFO REPORT==== 7-Dec-2015::06:31:40 ===
           ts_search:(5:<0.1473.0>) Dyn Var: no Match (varname=quiz_author), 

=INFO REPORT==== 7-Dec-2015::06:31:40 ===
           ts_search:(5:<0.1051.0>) Dyn Var (RE): no Match (varname=created_quiz_id), 

=INFO REPORT==== 7-Dec-2015::06:31:40 ===
           ts_search:(5:<0.1675.0>) Dyn Var: no Match (varname=quiz_author), 

=INFO REPORT==== 7-Dec-2015::06:31:40 ===
           ts_search:(5:<0.1856.0>) Dyn Var: no Match (varname=quiz_author), 

=INFO REPORT==== 7-Dec-2015::06:31:41 ===
           ts_search:(5:<0.1756.0>) Dyn Var: no Match (varname=quiz_author), 

=INFO REPORT==== 7-Dec-2015::06:31:41 ===
           ts_search:(5:<0.1556.0>) Dyn Var (RE): no Match (varname=created_quiz_id), 

=INFO REPORT==== 7-Dec-2015::06:31:41 ===
           ts_search:(5:<0.893.0>) Dyn Var (RE): no Match (varname=created_quiz_id), 

=INFO REPORT==== 7-Dec-2015::06:31:41 ===
           ts_search:(5:<0.653.0>) Dyn Var: no Match (varname=quiz_author), 

=INFO REPORT==== 7-Dec-2015::06:31:41 ===
           ts_search:(5:<0.1743.0>) Dyn Var: no Match (varname=quiz_author), 

=INFO REPORT==== 7-Dec-2015::06:31:41 ===
           ts_search:(5:<0.1772.0>) Dyn Var: no Match (varname=quiz_author), 

=INFO REPORT==== 7-Dec-2015::06:31:41 ===
           ts_search:(5:<0.1072.0>) Dyn Var (RE): no Match (varname=created_quiz_id), 

=INFO REPORT==== 7-Dec-2015::06:31:41 ===
           ts_search:(5:<0.1546.0>) Dyn Var: no Match (varname=quiz_author), 

=INFO REPORT==== 7-Dec-2015::06:31:42 ===
           ts_search:(5:<0.1375.0>) Dyn Var: no Match (varname=quiz_author), 

=INFO REPORT==== 7-Dec-2015::06:31:42 ===
           ts_search:(5:<0.1397.0>) Dyn Var (RE): no Match (varname=created_quiz_id), 

=INFO REPORT==== 7-Dec-2015::06:31:42 ===
           ts_search:(5:<0.1749.0>) Dyn Var: no Match (varname=quiz_author), 

=INFO REPORT==== 7-Dec-2015::06:31:42 ===
           ts_search:(5:<0.1187.0>) Dyn Var (RE): no Match (varname=created_quiz_id), 

=INFO REPORT==== 7-Dec-2015::06:31:42 ===
           ts_search:(5:<0.1773.0>) Dyn Var: no Match (varname=quiz_author), 

=INFO REPORT==== 7-Dec-2015::06:31:42 ===
           ts_search:(5:<0.1103.0>) Dyn Var (RE): no Match (varname=created_quiz_id), 

=INFO REPORT==== 7-Dec-2015::06:31:42 ===
           ts_search:(5:<0.1856.0>) Dyn Var (RE): no Match (varname=created_quiz_id), 

=INFO REPORT==== 7-Dec-2015::06:31:42 ===
           ts_search:(5:<0.1505.0>) Dyn Var: no Match (varname=quiz_author), 

=INFO REPORT==== 7-Dec-2015::06:31:42 ===
           ts_search:(5:<0.1574.0>) Dyn Var: no Match (varname=quiz_author), 

=INFO REPORT==== 7-Dec-2015::06:31:42 ===
           ts_search:(5:<0.1819.0>) Dyn Var: no Match (varname=quiz_author), 

=INFO REPORT==== 7-Dec-2015::06:31:42 ===
           ts_search:(5:<0.1992.0>) Dyn Var: no Match (varname=quiz_author), 

=INFO REPORT==== 7-Dec-2015::06:31:42 ===
           ts_search:(5:<0.1882.0>) Dyn Var: no Match (varname=quiz_author), 

=INFO REPORT==== 7-Dec-2015::06:31:43 ===
           ts_search:(5:<0.1691.0>) Dyn Var: no Match (varname=quiz_author), 

=INFO REPORT==== 7-Dec-2015::06:31:43 ===
           ts_search:(5:<0.569.0>) Dyn Var (RE): no Match (varname=created_quiz_id), 

=INFO REPORT==== 7-Dec-2015::06:31:43 ===
           ts_search:(5:<0.934.0>) Dyn Var (RE): no Match (varname=created_quiz_id), 

=INFO REPORT==== 7-Dec-2015::06:31:43 ===
           ts_search:(5:<0.1714.0>) Dyn Var (RE): no Match (varname=created_quiz_id), 

=INFO REPORT==== 7-Dec-2015::06:31:43 ===
           ts_search:(5:<0.1491.0>) Dyn Var (RE): no Match (varname=created_quiz_id), 

=INFO REPORT==== 7-Dec-2015::06:31:43 ===
           ts_search:(5:<0.1489.0>) Dyn Var: no Match (varname=quiz_author), 

=INFO REPORT==== 7-Dec-2015::06:31:44 ===
           ts_search:(5:<0.1793.0>) Dyn Var: no Match (varname=quiz_author), 

=INFO REPORT==== 7-Dec-2015::06:31:44 ===
           ts_search:(5:<0.1394.0>) Dyn Var: no Match (varname=quiz_author), 

=INFO REPORT==== 7-Dec-2015::06:31:44 ===
           ts_search:(5:<0.1304.0>) Dyn Var: no Match (varname=quiz_author), 

=INFO REPORT==== 7-Dec-2015::06:31:44 ===
           ts_search:(5:<0.1875.0>) Dyn Var: no Match (varname=quiz_author), 

=INFO REPORT==== 7-Dec-2015::06:31:44 ===
           ts_search:(5:<0.1168.0>) Dyn Var (RE): no Match (varname=created_quiz_id), 

=INFO REPORT==== 7-Dec-2015::06:31:44 ===
           ts_search:(5:<0.1006.0>) Dyn Var (RE): no Match (varname=created_quiz_id), 

=INFO REPORT==== 7-Dec-2015::06:31:44 ===
           ts_search:(5:<0.1980.0>) Dyn Var: no Match (varname=quiz_author), 

=INFO REPORT==== 7-Dec-2015::06:31:44 ===
           ts_search:(5:<0.664.0>) Dyn Var (RE): no Match (varname=created_quiz_id), 

=INFO REPORT==== 7-Dec-2015::06:31:44 ===
           ts_search:(5:<0.1620.0>) Dyn Var (RE): no Match (varname=created_quiz_id), 

=INFO REPORT==== 7-Dec-2015::06:31:44 ===
           ts_search:(5:<0.1763.0>) Dyn Var: no Match (varname=quiz_author), 

=INFO REPORT==== 7-Dec-2015::06:31:44 ===
           ts_search:(5:<0.809.0>) Dyn Var (RE): no Match (varname=created_quiz_id), 

=INFO REPORT==== 7-Dec-2015::06:31:44 ===
           ts_search:(5:<0.2081.0>) Dyn Var: no Match (varname=quiz_author), 

=INFO REPORT==== 7-Dec-2015::06:31:44 ===
           ts_search:(5:<0.1756.0>) Dyn Var (RE): no Match (varname=created_quiz_id), 

=INFO REPORT==== 7-Dec-2015::06:31:45 ===
           ts_search:(5:<0.1250.0>) Dyn Var (RE): no Match (varname=created_quiz_id), 

=INFO REPORT==== 7-Dec-2015::06:31:45 ===
           ts_search:(5:<0.1511.0>) Dyn Var (RE): no Match (varname=created_quiz_id), 

=INFO REPORT==== 7-Dec-2015::06:31:45 ===
           ts_search:(5:<0.1998.0>) Dyn Var: no Match (varname=quiz_author), 

=INFO REPORT==== 7-Dec-2015::06:31:45 ===
           ts_search:(5:<0.1064.0>) Dyn Var (RE): no Match (varname=created_quiz_id), 

=INFO REPORT==== 7-Dec-2015::06:31:45 ===
           ts_search:(5:<0.2035.0>) Dyn Var: no Match (varname=quiz_author), 

=INFO REPORT==== 7-Dec-2015::06:31:45 ===
           ts_search:(5:<0.1643.0>) Dyn Var: no Match (varname=quiz_author), 

=INFO REPORT==== 7-Dec-2015::06:31:45 ===
           ts_search:(5:<0.1489.0>) Dyn Var (RE): no Match (varname=created_quiz_id), 

=INFO REPORT==== 7-Dec-2015::06:31:45 ===
           ts_search:(5:<0.1201.0>) Dyn Var (RE): no Match (varname=created_quiz_id), 

=INFO REPORT==== 7-Dec-2015::06:31:45 ===
           ts_search:(5:<0.1685.0>) Dyn Var: no Match (varname=quiz_author), 

=INFO REPORT==== 7-Dec-2015::06:31:45 ===
           ts_search:(5:<0.1665.0>) Dyn Var (RE): no Match (varname=created_quiz_id), 

=INFO REPORT==== 7-Dec-2015::06:31:45 ===
           ts_search:(5:<0.816.0>) Dyn Var (RE): no Match (varname=created_quiz_id), 

=INFO REPORT==== 7-Dec-2015::06:31:45 ===
           ts_search:(5:<0.1822.0>) Dyn Var: no Match (varname=quiz_author), 

=INFO REPORT==== 7-Dec-2015::06:31:45 ===
           ts_search:(5:<0.1565.0>) Dyn Var (RE): no Match (varname=created_quiz_id), 

=INFO REPORT==== 7-Dec-2015::06:31:45 ===
           ts_search:(5:<0.1032.0>) Dyn Var (RE): no Match (varname=created_quiz_id), 

=INFO REPORT==== 7-Dec-2015::06:31:45 ===
           ts_search:(5:<0.1627.0>) Dyn Var (RE): no Match (varname=created_quiz_id), 

=INFO REPORT==== 7-Dec-2015::06:31:45 ===
           ts_search:(5:<0.1126.0>) Dyn Var (RE): no Match (varname=created_quiz_id), 

=INFO REPORT==== 7-Dec-2015::06:31:45 ===
           ts_search:(5:<0.1546.0>) Dyn Var (RE): no Match (varname=created_quiz_id), 

=INFO REPORT==== 7-Dec-2015::06:31:45 ===
           ts_search:(5:<0.1257.0>) Dyn Var: no Match (varname=quiz_author), 

=INFO REPORT==== 7-Dec-2015::06:31:46 ===
           ts_search:(5:<0.1333.0>) Dyn Var: no Match (varname=quiz_author), 

=INFO REPORT==== 7-Dec-2015::06:31:46 ===
           ts_search:(5:<0.1980.0>) Dyn Var (RE): no Match (varname=created_quiz_id), 

=INFO REPORT==== 7-Dec-2015::06:31:46 ===
           ts_search:(5:<0.1299.0>) Dyn Var (RE): no Match (varname=created_quiz_id), 

=INFO REPORT==== 7-Dec-2015::06:31:46 ===
           ts_search:(5:<0.1574.0>) Dyn Var (RE): no Match (varname=created_quiz_id), 

=INFO REPORT==== 7-Dec-2015::06:31:46 ===
           ts_search:(5:<0.1702.0>) Dyn Var (RE): no Match (varname=created_quiz_id), 

=INFO REPORT==== 7-Dec-2015::06:31:46 ===
           ts_search:(5:<0.1473.0>) Dyn Var (RE): no Match (varname=created_quiz_id), 

=INFO REPORT==== 7-Dec-2015::06:31:47 ===
           ts_search:(5:<0.1337.0>) Dyn Var: no Match (varname=quiz_author), 

=INFO REPORT==== 7-Dec-2015::06:31:47 ===
           ts_search:(5:<0.1027.0>) Dyn Var (RE): no Match (varname=created_quiz_id), 

=INFO REPORT==== 7-Dec-2015::06:31:47 ===
           ts_search:(5:<0.1388.0>) Dyn Var: no Match (varname=quiz_author), 

=INFO REPORT==== 7-Dec-2015::06:31:47 ===
           ts_search:(5:<0.1263.0>) Dyn Var (RE): no Match (varname=created_quiz_id), 

=INFO REPORT==== 7-Dec-2015::06:31:47 ===
           ts_search:(5:<0.1899.0>) Dyn Var: no Match (varname=quiz_author), 

=INFO REPORT==== 7-Dec-2015::06:31:48 ===
           ts_search:(5:<0.1729.0>) Dyn Var: no Match (varname=quiz_author), 

=INFO REPORT==== 7-Dec-2015::06:31:48 ===
           ts_search:(5:<0.949.0>) Dyn Var (RE): no Match (varname=created_quiz_id), 

=INFO REPORT==== 7-Dec-2015::06:31:48 ===
           ts_search:(5:<0.1140.0>) Dyn Var: no Match (varname=quiz_author), 

=INFO REPORT==== 7-Dec-2015::06:31:48 ===
           ts_search:(5:<0.828.0>) Dyn Var (RE): no Match (varname=created_quiz_id), 

=INFO REPORT==== 7-Dec-2015::06:31:49 ===
           ts_search:(5:<0.1749.0>) Dyn Var (RE): no Match (varname=created_quiz_id), 

=INFO REPORT==== 7-Dec-2015::06:31:49 ===
           ts_search:(5:<0.1165.0>) Dyn Var (RE): no Match (varname=created_quiz_id), 

=INFO REPORT==== 7-Dec-2015::06:31:49 ===
           ts_search:(5:<0.1752.0>) Dyn Var: no Match (varname=quiz_author), 

=INFO REPORT==== 7-Dec-2015::06:31:49 ===
           ts_search:(5:<0.1628.0>) Dyn Var (RE): no Match (varname=created_quiz_id), 

=INFO REPORT==== 7-Dec-2015::06:31:49 ===
           ts_search:(5:<0.1697.0>) Dyn Var: no Match (varname=quiz_author), 

=INFO REPORT==== 7-Dec-2015::06:31:49 ===
           ts_search:(5:<0.2004.0>) Dyn Var: no Match (varname=quiz_author), 

=INFO REPORT==== 7-Dec-2015::06:31:49 ===
           ts_search:(5:<0.1857.0>) Dyn Var: no Match (varname=quiz_author), 

=INFO REPORT==== 7-Dec-2015::06:31:49 ===
           ts_search:(5:<0.2078.0>) Dyn Var: no Match (varname=quiz_author), 

=INFO REPORT==== 7-Dec-2015::06:31:50 ===
           ts_search:(5:<0.1598.0>) Dyn Var: no Match (varname=quiz_author), 

=INFO REPORT==== 7-Dec-2015::06:31:50 ===
           ts_search:(5:<0.498.0>) Dyn Var (RE): no Match (varname=created_quiz_id), 

=INFO REPORT==== 7-Dec-2015::06:31:50 ===
           ts_search:(5:<0.1500.0>) Dyn Var: no Match (varname=quiz_author), 

=INFO REPORT==== 7-Dec-2015::06:31:50 ===
           ts_search:(5:<0.1222.0>) Dyn Var (RE): no Match (varname=created_quiz_id), 

=INFO REPORT==== 7-Dec-2015::06:31:50 ===
           ts_search:(5:<0.1685.0>) Dyn Var (RE): no Match (varname=created_quiz_id), 

=INFO REPORT==== 7-Dec-2015::06:31:50 ===
           ts_search:(5:<0.897.0>) Dyn Var (RE): no Match (varname=created_quiz_id), 

=INFO REPORT==== 7-Dec-2015::06:31:50 ===
           ts_search:(5:<0.1640.0>) Dyn Var: no Match (varname=quiz_author), 

=INFO REPORT==== 7-Dec-2015::06:31:50 ===
           ts_search:(5:<0.1923.0>) Dyn Var: no Match (varname=quiz_author), 

=INFO REPORT==== 7-Dec-2015::06:31:50 ===
           ts_search:(5:<0.1600.0>) Dyn Var: no Match (varname=quiz_author), 

=INFO REPORT==== 7-Dec-2015::06:31:50 ===
           ts_search:(5:<0.1643.0>) Dyn Var (RE): no Match (varname=created_quiz_id), 

=INFO REPORT==== 7-Dec-2015::06:31:50 ===
           ts_search:(5:<0.981.0>) Dyn Var (RE): no Match (varname=created_quiz_id), 

=INFO REPORT==== 7-Dec-2015::06:31:51 ===
           ts_search:(5:<0.2024.0>) Dyn Var: no Match (varname=quiz_author), 

=INFO REPORT==== 7-Dec-2015::06:31:51 ===
           ts_search:(5:<0.1736.0>) Dyn Var: no Match (varname=quiz_author), 

=INFO REPORT==== 7-Dec-2015::06:31:51 ===
           ts_search:(5:<0.1464.0>) Dyn Var: no Match (varname=quiz_author), 

=INFO REPORT==== 7-Dec-2015::06:31:51 ===
           ts_search:(5:<0.1497.0>) Dyn Var (RE): no Match (varname=created_quiz_id), 

=INFO REPORT==== 7-Dec-2015::06:31:51 ===
           ts_search:(5:<0.2015.0>) Dyn Var: no Match (varname=quiz_author), 

=INFO REPORT==== 7-Dec-2015::06:31:51 ===
           ts_search:(5:<0.1671.0>) Dyn Var: no Match (varname=quiz_author), 

=INFO REPORT==== 7-Dec-2015::06:31:51 ===
           ts_search:(5:<0.1596.0>) Dyn Var: no Match (varname=quiz_author), 

=INFO REPORT==== 7-Dec-2015::06:31:51 ===
           ts_search:(5:<0.2068.0>) Dyn Var: no Match (varname=quiz_author), 

=INFO REPORT==== 7-Dec-2015::06:31:52 ===
           ts_search:(5:<0.1446.0>) Dyn Var (RE): no Match (varname=created_quiz_id), 

=INFO REPORT==== 7-Dec-2015::06:31:52 ===
           ts_search:(5:<0.2078.0>) Dyn Var (RE): no Match (varname=created_quiz_id), 

=INFO REPORT==== 7-Dec-2015::06:31:52 ===
           ts_search:(5:<0.2012.0>) Dyn Var: no Match (varname=quiz_author), 

=INFO REPORT==== 7-Dec-2015::06:31:52 ===
           ts_search:(5:<0.653.0>) Dyn Var (RE): no Match (varname=created_quiz_id), 

=INFO REPORT==== 7-Dec-2015::06:31:52 ===
           ts_search:(5:<0.1671.0>) Dyn Var (RE): no Match (varname=created_quiz_id), 

=INFO REPORT==== 7-Dec-2015::06:31:52 ===
           ts_search:(5:<0.1715.0>) Dyn Var (RE): no Match (varname=created_quiz_id), 

=INFO REPORT==== 7-Dec-2015::06:31:52 ===
           ts_search:(5:<0.1810.0>) Dyn Var: no Match (varname=quiz_author), 

=INFO REPORT==== 7-Dec-2015::06:31:52 ===
           ts_search:(5:<0.1849.0>) Dyn Var (RE): no Match (varname=created_quiz_id), 

=INFO REPORT==== 7-Dec-2015::06:31:52 ===
           ts_search:(5:<0.1936.0>) Dyn Var: no Match (varname=quiz_author), 

=INFO REPORT==== 7-Dec-2015::06:31:52 ===
           ts_search:(5:<0.1484.0>) Dyn Var (RE): no Match (varname=created_quiz_id), 

=INFO REPORT==== 7-Dec-2015::06:31:53 ===
           ts_search:(5:<0.1775.0>) Dyn Var: no Match (varname=quiz_author), 

=INFO REPORT==== 7-Dec-2015::06:31:53 ===
           ts_search:(5:<0.1773.0>) Dyn Var (RE): no Match (varname=created_quiz_id), 

=INFO REPORT==== 7-Dec-2015::06:31:53 ===
           ts_search:(5:<0.1333.0>) Dyn Var (RE): no Match (varname=created_quiz_id), 

=INFO REPORT==== 7-Dec-2015::06:31:53 ===
           ts_search:(5:<0.1225.0>) Dyn Var (RE): no Match (varname=created_quiz_id), 

=INFO REPORT==== 7-Dec-2015::06:31:53 ===
           ts_search:(5:<0.2058.0>) Dyn Var: no Match (varname=quiz_author), 

=INFO REPORT==== 7-Dec-2015::06:31:53 ===
           ts_search:(5:<0.1828.0>) Dyn Var: no Match (varname=quiz_author), 

=INFO REPORT==== 7-Dec-2015::06:31:54 ===
           ts_search:(5:<0.1939.0>) Dyn Var: no Match (varname=quiz_author), 

=INFO REPORT==== 7-Dec-2015::06:31:54 ===
           ts_search:(5:<0.1691.0>) Dyn Var (RE): no Match (varname=created_quiz_id), 

=INFO REPORT==== 7-Dec-2015::06:31:54 ===
           ts_search:(5:<0.1911.0>) Dyn Var: no Match (varname=quiz_author), 

=INFO REPORT==== 7-Dec-2015::06:31:54 ===
           ts_search:(5:<0.1381.0>) Dyn Var (RE): no Match (varname=created_quiz_id), 

=INFO REPORT==== 7-Dec-2015::06:31:54 ===
           ts_search:(5:<0.2058.0>) Dyn Var (RE): no Match (varname=created_quiz_id), 

=INFO REPORT==== 7-Dec-2015::06:31:54 ===
           ts_search:(5:<0.2020.0>) Dyn Var: no Match (varname=quiz_author), 

=INFO REPORT==== 7-Dec-2015::06:31:54 ===
           ts_search:(5:<0.1316.0>) Dyn Var (RE): no Match (varname=created_quiz_id), 

=INFO REPORT==== 7-Dec-2015::06:31:54 ===
           ts_search:(5:<0.1215.0>) Dyn Var (RE): no Match (varname=created_quiz_id), 

=INFO REPORT==== 7-Dec-2015::06:31:55 ===
           ts_search:(5:<0.1763.0>) Dyn Var (RE): no Match (varname=created_quiz_id), 

=INFO REPORT==== 7-Dec-2015::06:31:55 ===
           ts_search:(5:<0.1464.0>) Dyn Var (RE): no Match (varname=created_quiz_id), 

=INFO REPORT==== 7-Dec-2015::06:31:55 ===
           ts_search:(5:<0.1589.0>) Dyn Var (RE): no Match (varname=created_quiz_id), 

=INFO REPORT==== 7-Dec-2015::06:31:55 ===
           ts_search:(5:<0.1213.0>) Dyn Var (RE): no Match (varname=created_quiz_id), 

=INFO REPORT==== 7-Dec-2015::06:31:55 ===
           ts_search:(5:<0.1486.0>) Dyn Var (RE): no Match (varname=created_quiz_id), 

=INFO REPORT==== 7-Dec-2015::06:31:55 ===
           ts_search:(5:<0.1743.0>) Dyn Var (RE): no Match (varname=created_quiz_id), 

=INFO REPORT==== 7-Dec-2015::06:31:55 ===
           ts_search:(5:<0.1500.0>) Dyn Var (RE): no Match (varname=created_quiz_id), 

=INFO REPORT==== 7-Dec-2015::06:31:55 ===
           ts_search:(5:<0.2030.0>) Dyn Var: no Match (varname=quiz_author), 

=INFO REPORT==== 7-Dec-2015::06:31:55 ===
           ts_search:(5:<0.1939.0>) Dyn Var (RE): no Match (varname=created_quiz_id), 

=INFO REPORT==== 7-Dec-2015::06:31:55 ===
           ts_search:(5:<0.2007.0>) Dyn Var (RE): no Match (varname=created_quiz_id), 

=INFO REPORT==== 7-Dec-2015::06:31:55 ===
           ts_search:(5:<0.1692.0>) Dyn Var (RE): no Match (varname=created_quiz_id), 

=INFO REPORT==== 7-Dec-2015::06:31:55 ===
           ts_search:(5:<0.1355.0>) Dyn Var (RE): no Match (varname=created_quiz_id), 

=INFO REPORT==== 7-Dec-2015::06:31:56 ===
           ts_search:(5:<0.1433.0>) Dyn Var (RE): no Match (varname=created_quiz_id), 

=INFO REPORT==== 7-Dec-2015::06:31:56 ===
           ts_search:(5:<0.1639.0>) Dyn Var: no Match (varname=quiz_author), 

=INFO REPORT==== 7-Dec-2015::06:31:56 ===
           ts_search:(5:<0.1697.0>) Dyn Var (RE): no Match (varname=created_quiz_id), 

=INFO REPORT==== 7-Dec-2015::06:31:57 ===
           ts_search:(5:<0.1775.0>) Dyn Var (RE): no Match (varname=created_quiz_id), 

=INFO REPORT==== 7-Dec-2015::06:31:57 ===
           ts_search:(5:<0.1646.0>) Dyn Var: no Match (varname=quiz_author), 

=INFO REPORT==== 7-Dec-2015::06:31:57 ===
           ts_search:(5:<0.1828.0>) Dyn Var (RE): no Match (varname=created_quiz_id), 

=INFO REPORT==== 7-Dec-2015::06:31:57 ===
           ts_search:(5:<0.1936.0>) Dyn Var (RE): no Match (varname=created_quiz_id), 

=INFO REPORT==== 7-Dec-2015::06:31:57 ===
           ts_search:(5:<0.856.0>) Dyn Var (RE): no Match (varname=created_quiz_id), 

=INFO REPORT==== 7-Dec-2015::06:31:58 ===
           ts_search:(5:<0.1235.0>) Dyn Var (RE): no Match (varname=created_quiz_id), 

=INFO REPORT==== 7-Dec-2015::06:31:58 ===
           ts_search:(5:<0.1394.0>) Dyn Var (RE): no Match (varname=created_quiz_id), 

=INFO REPORT==== 7-Dec-2015::06:31:58 ===
           ts_search:(5:<0.1562.0>) Dyn Var: no Match (varname=quiz_author), 

=INFO REPORT==== 7-Dec-2015::06:31:58 ===
           ts_search:(5:<0.1772.0>) Dyn Var (RE): no Match (varname=created_quiz_id), 

=INFO REPORT==== 7-Dec-2015::06:31:58 ===
           ts_search:(5:<0.1882.0>) Dyn Var (RE): no Match (varname=created_quiz_id), 

=INFO REPORT==== 7-Dec-2015::06:31:59 ===
           ts_search:(5:<0.1128.0>) Dyn Var (RE): no Match (varname=created_quiz_id), 

=INFO REPORT==== 7-Dec-2015::06:31:59 ===
           ts_search:(5:<0.1779.0>) Dyn Var: no Match (varname=quiz_author), 

=INFO REPORT==== 7-Dec-2015::06:31:59 ===
           ts_search:(5:<0.1992.0>) Dyn Var (RE): no Match (varname=created_quiz_id), 

=INFO REPORT==== 7-Dec-2015::06:31:59 ===
           ts_search:(5:<0.1345.0>) Dyn Var (RE): no Match (varname=created_quiz_id), 

=INFO REPORT==== 7-Dec-2015::06:31:59 ===
           ts_search:(5:<0.1538.0>) Dyn Var (RE): no Match (varname=created_quiz_id), 

=INFO REPORT==== 7-Dec-2015::06:32:00 ===
           ts_search:(5:<0.1703.0>) Dyn Var (RE): no Match (varname=created_quiz_id), 

=INFO REPORT==== 7-Dec-2015::06:32:01 ===
           ts_search:(5:<0.2079.0>) Dyn Var: no Match (varname=quiz_author), 

=INFO REPORT==== 7-Dec-2015::06:32:01 ===
           ts_search:(5:<0.1875.0>) Dyn Var (RE): no Match (varname=created_quiz_id), 

=INFO REPORT==== 7-Dec-2015::06:32:01 ===
           ts_search:(5:<0.2053.0>) Dyn Var: no Match (varname=quiz_author), 

=INFO REPORT==== 7-Dec-2015::06:32:01 ===
           ts_search:(5:<0.1854.0>) Dyn Var: no Match (varname=quiz_author), 

=INFO REPORT==== 7-Dec-2015::06:32:01 ===
           ts_search:(5:<0.2053.0>) Dyn Var (RE): no Match (varname=created_quiz_id), 

=INFO REPORT==== 7-Dec-2015::06:32:01 ===
           ts_search:(5:<0.2079.0>) Dyn Var (RE): no Match (varname=created_quiz_id), 

=INFO REPORT==== 7-Dec-2015::06:32:02 ===
           ts_search:(5:<0.1167.0>) Dyn Var (RE): no Match (varname=created_quiz_id), 

=INFO REPORT==== 7-Dec-2015::06:32:02 ===
           ts_search:(5:<0.2081.0>) Dyn Var (RE): no Match (varname=created_quiz_id), 

=INFO REPORT==== 7-Dec-2015::06:32:02 ===
           ts_search:(5:<0.1605.0>) Dyn Var: no Match (varname=quiz_author), 

=INFO REPORT==== 7-Dec-2015::06:32:02 ===
           ts_search:(5:<0.2018.0>) Dyn Var (RE): no Match (varname=created_quiz_id), 

=INFO REPORT==== 7-Dec-2015::06:32:03 ===
           ts_search:(5:<0.1854.0>) Dyn Var (RE): no Match (varname=created_quiz_id), 

=INFO REPORT==== 7-Dec-2015::06:32:04 ===
           ts_search:(5:<0.1832.0>) Dyn Var (RE): no Match (varname=created_quiz_id), 

=INFO REPORT==== 7-Dec-2015::06:32:04 ===
           ts_search:(5:<0.1596.0>) Dyn Var (RE): no Match (varname=created_quiz_id), 

=INFO REPORT==== 7-Dec-2015::06:32:04 ===
           ts_search:(5:<0.1779.0>) Dyn Var (RE): no Match (varname=created_quiz_id), 

=INFO REPORT==== 7-Dec-2015::06:32:04 ===
           ts_search:(5:<0.1504.0>) Dyn Var (RE): no Match (varname=created_quiz_id), 

=INFO REPORT==== 7-Dec-2015::06:32:04 ===
           ts_search:(5:<0.1311.0>) Dyn Var (RE): no Match (varname=created_quiz_id), 

=INFO REPORT==== 7-Dec-2015::06:32:04 ===
           ts_search:(5:<0.1266.0>) Dyn Var: no Match (varname=quiz_author), 

=INFO REPORT==== 7-Dec-2015::06:32:04 ===
           ts_search:(5:<0.1674.0>) Dyn Var (RE): no Match (varname=created_quiz_id), 

=INFO REPORT==== 7-Dec-2015::06:32:04 ===
           ts_search:(5:<0.2040.0>) Dyn Var: no Match (varname=quiz_author), 

=INFO REPORT==== 7-Dec-2015::06:32:04 ===
           ts_search:(5:<0.1646.0>) Dyn Var (RE): no Match (varname=created_quiz_id), 

=INFO REPORT==== 7-Dec-2015::06:32:05 ===
           ts_search:(5:<0.1358.0>) Dyn Var (RE): no Match (varname=created_quiz_id), 

=INFO REPORT==== 7-Dec-2015::06:32:05 ===
           ts_search:(5:<0.1899.0>) Dyn Var (RE): no Match (varname=created_quiz_id), 

=INFO REPORT==== 7-Dec-2015::06:32:05 ===
           ts_search:(5:<0.2038.0>) Dyn Var: no Match (varname=quiz_author), 

=INFO REPORT==== 7-Dec-2015::06:32:05 ===
           ts_search:(5:<0.1253.0>) Dyn Var (RE): no Match (varname=created_quiz_id), 

=INFO REPORT==== 7-Dec-2015::06:32:05 ===
           ts_search:(5:<0.1198.0>) Dyn Var (RE): no Match (varname=created_quiz_id), 

=INFO REPORT==== 7-Dec-2015::06:32:05 ===
           ts_search:(5:<0.1375.0>) Dyn Var (RE): no Match (varname=created_quiz_id), 

=INFO REPORT==== 7-Dec-2015::06:32:06 ===
           ts_search:(5:<0.2012.0>) Dyn Var (RE): no Match (varname=created_quiz_id), 

=INFO REPORT==== 7-Dec-2015::06:32:06 ===
           ts_search:(5:<0.2004.0>) Dyn Var (RE): no Match (varname=created_quiz_id), 

=INFO REPORT==== 7-Dec-2015::06:32:07 ===
           ts_search:(5:<0.1257.0>) Dyn Var (RE): no Match (varname=created_quiz_id), 

=INFO REPORT==== 7-Dec-2015::06:32:07 ===
           ts_search:(5:<0.1143.0>) Dyn Var (RE): no Match (varname=created_quiz_id), 

=INFO REPORT==== 7-Dec-2015::06:32:07 ===
           ts_search:(5:<0.1605.0>) Dyn Var (RE): no Match (varname=created_quiz_id), 

=INFO REPORT==== 7-Dec-2015::06:32:07 ===
           ts_search:(5:<0.1388.0>) Dyn Var (RE): no Match (varname=created_quiz_id), 

=INFO REPORT==== 7-Dec-2015::06:32:07 ===
           ts_search:(5:<0.1505.0>) Dyn Var (RE): no Match (varname=created_quiz_id), 

=INFO REPORT==== 7-Dec-2015::06:32:07 ===
           ts_search:(5:<0.1819.0>) Dyn Var (RE): no Match (varname=created_quiz_id), 

=INFO REPORT==== 7-Dec-2015::06:32:07 ===
           ts_search:(5:<0.1639.0>) Dyn Var (RE): no Match (varname=created_quiz_id), 

=INFO REPORT==== 7-Dec-2015::06:32:08 ===
           ts_search:(5:<0.1140.0>) Dyn Var (RE): no Match (varname=created_quiz_id), 

=INFO REPORT==== 7-Dec-2015::06:32:08 ===
           ts_search:(5:<0.1729.0>) Dyn Var (RE): no Match (varname=created_quiz_id), 

=INFO REPORT==== 7-Dec-2015::06:32:09 ===
           ts_search:(5:<0.1891.0>) Dyn Var: no Match (varname=quiz_author), 

=INFO REPORT==== 7-Dec-2015::06:32:09 ===
           ts_search:(5:<0.1421.0>) Dyn Var (RE): no Match (varname=created_quiz_id), 

=INFO REPORT==== 7-Dec-2015::06:32:09 ===
           ts_search:(5:<0.2030.0>) Dyn Var (RE): no Match (varname=created_quiz_id), 

=INFO REPORT==== 7-Dec-2015::06:32:09 ===
           ts_search:(5:<0.1995.0>) Dyn Var: no Match (varname=quiz_author), 

=INFO REPORT==== 7-Dec-2015::06:32:09 ===
           ts_search:(5:<0.1733.0>) Dyn Var (RE): no Match (varname=created_quiz_id), 

=INFO REPORT==== 7-Dec-2015::06:32:10 ===
           ts_search:(5:<0.804.0>) Dyn Var: no Match (varname=quiz_author), 

=INFO REPORT==== 7-Dec-2015::06:32:10 ===
           ts_search:(5:<0.1593.0>) Dyn Var (RE): no Match (varname=created_quiz_id), 

=INFO REPORT==== 7-Dec-2015::06:32:10 ===
           ts_search:(5:<0.1754.0>) Dyn Var (RE): no Match (varname=created_quiz_id), 

=INFO REPORT==== 7-Dec-2015::06:32:11 ===
           ts_search:(5:<0.2064.0>) Dyn Var: no Match (varname=quiz_author), 

=INFO REPORT==== 7-Dec-2015::06:32:11 ===
           ts_search:(5:<0.1888.0>) Dyn Var: no Match (varname=quiz_author), 

=INFO REPORT==== 7-Dec-2015::06:32:11 ===
           ts_search:(5:<0.1598.0>) Dyn Var (RE): no Match (varname=created_quiz_id), 

=INFO REPORT==== 7-Dec-2015::06:32:11 ===
           ts_search:(5:<0.1857.0>) Dyn Var (RE): no Match (varname=created_quiz_id), 

=INFO REPORT==== 7-Dec-2015::06:32:12 ===
           ts_search:(5:<0.1752.0>) Dyn Var (RE): no Match (varname=created_quiz_id), 

=INFO REPORT==== 7-Dec-2015::06:32:12 ===
           ts_search:(5:<0.1337.0>) Dyn Var (RE): no Match (varname=created_quiz_id), 

=INFO REPORT==== 7-Dec-2015::06:32:12 ===
           ts_search:(5:<0.1911.0>) Dyn Var (RE): no Match (varname=created_quiz_id), 

=INFO REPORT==== 7-Dec-2015::06:32:13 ===
           ts_search:(5:<0.1976.0>) Dyn Var: no Match (varname=quiz_author), 

=INFO REPORT==== 7-Dec-2015::06:32:13 ===
           ts_search:(5:<0.2064.0>) Dyn Var (RE): no Match (varname=created_quiz_id), 

=INFO REPORT==== 7-Dec-2015::06:32:13 ===
           ts_search:(5:<0.1145.0>) Dyn Var: no Match (varname=quiz_author), 

=INFO REPORT==== 7-Dec-2015::06:32:13 ===
           ts_search:(5:<0.1304.0>) Dyn Var (RE): no Match (varname=created_quiz_id), 

=INFO REPORT==== 7-Dec-2015::06:32:13 ===
           ts_search:(5:<0.1822.0>) Dyn Var (RE): no Match (varname=created_quiz_id), 

=INFO REPORT==== 7-Dec-2015::06:32:14 ===
           ts_search:(5:<0.1923.0>) Dyn Var (RE): no Match (varname=created_quiz_id), 

=INFO REPORT==== 7-Dec-2015::06:32:15 ===
           ts_search:(5:<0.1891.0>) Dyn Var (RE): no Match (varname=created_quiz_id), 

=INFO REPORT==== 7-Dec-2015::06:32:15 ===
           ts_search:(5:<0.1600.0>) Dyn Var (RE): no Match (varname=created_quiz_id), 

=INFO REPORT==== 7-Dec-2015::06:32:15 ===
           ts_search:(5:<0.1558.0>) Dyn Var: no Match (varname=quiz_author), 

=INFO REPORT==== 7-Dec-2015::06:32:16 ===
           ts_search:(5:<0.2020.0>) Dyn Var (RE): no Match (varname=created_quiz_id), 

=INFO REPORT==== 7-Dec-2015::06:32:17 ===
           ts_search:(5:<0.1869.0>) Dyn Var (RE): no Match (varname=created_quiz_id), 

=INFO REPORT==== 7-Dec-2015::06:32:19 ===
           ts_search:(5:<0.1268.0>) Dyn Var (RE): no Match (varname=created_quiz_id), 

=INFO REPORT==== 7-Dec-2015::06:32:19 ===
           ts_search:(5:<0.851.0>) Dyn Var (RE): no Match (varname=created_quiz_id), 

=INFO REPORT==== 7-Dec-2015::06:32:20 ===
           ts_search:(5:<0.1675.0>) Dyn Var (RE): no Match (varname=created_quiz_id), 

=INFO REPORT==== 7-Dec-2015::06:32:20 ===
           ts_search:(5:<0.2036.0>) Dyn Var (RE): no Match (varname=created_quiz_id), 

=INFO REPORT==== 7-Dec-2015::06:32:20 ===
           ts_search:(5:<0.804.0>) Dyn Var (RE): no Match (varname=created_quiz_id), 

=INFO REPORT==== 7-Dec-2015::06:32:21 ===
           ts_search:(5:<0.1890.0>) Dyn Var: no Match (varname=quiz_author), 

=INFO REPORT==== 7-Dec-2015::06:32:21 ===
           ts_search:(5:<0.1233.0>) Dyn Var (RE): no Match (varname=created_quiz_id), 

=INFO REPORT==== 7-Dec-2015::06:32:22 ===
           ts_search:(5:<0.1736.0>) Dyn Var (RE): no Match (varname=created_quiz_id), 

=INFO REPORT==== 7-Dec-2015::06:32:22 ===
           ts_search:(5:<0.1413.0>) Dyn Var (RE): no Match (varname=created_quiz_id), 

=INFO REPORT==== 7-Dec-2015::06:32:23 ===
           ts_search:(5:<0.2038.0>) Dyn Var (RE): no Match (varname=created_quiz_id), 

=INFO REPORT==== 7-Dec-2015::06:32:23 ===
           ts_search:(5:<0.1769.0>) Dyn Var: no Match (varname=quiz_author), 

=INFO REPORT==== 7-Dec-2015::06:32:23 ===
           ts_search:(5:<0.2015.0>) Dyn Var (RE): no Match (varname=created_quiz_id), 

=INFO REPORT==== 7-Dec-2015::06:32:24 ===
           ts_search:(5:<0.1998.0>) Dyn Var (RE): no Match (varname=created_quiz_id), 

=INFO REPORT==== 7-Dec-2015::06:32:26 ===
           ts_search:(5:<0.1905.0>) Dyn Var (RE): no Match (varname=created_quiz_id), 

=INFO REPORT==== 7-Dec-2015::06:32:26 ===
           ts_search:(5:<0.1677.0>) Dyn Var (RE): no Match (varname=created_quiz_id), 

=INFO REPORT==== 7-Dec-2015::06:32:27 ===
           ts_search:(5:<0.1909.0>) Dyn Var (RE): no Match (varname=created_quiz_id), 

=INFO REPORT==== 7-Dec-2015::06:32:28 ===
           ts_search:(5:<0.1300.0>) Dyn Var (RE): no Match (varname=created_quiz_id), 

=INFO REPORT==== 7-Dec-2015::06:32:29 ===
           ts_search:(5:<0.1428.0>) Dyn Var (RE): no Match (varname=created_quiz_id), 

=INFO REPORT==== 7-Dec-2015::06:32:31 ===
           ts_search:(5:<0.1888.0>) Dyn Var (RE): no Match (varname=created_quiz_id), 

=INFO REPORT==== 7-Dec-2015::06:32:32 ===
           ts_search:(5:<0.1995.0>) Dyn Var (RE): no Match (varname=created_quiz_id), 

=INFO REPORT==== 7-Dec-2015::06:32:33 ===
           ts_search:(5:<0.1769.0>) Dyn Var (RE): no Match (varname=created_quiz_id), 

=INFO REPORT==== 7-Dec-2015::06:32:34 ===
           ts_search:(5:<0.1558.0>) Dyn Var (RE): no Match (varname=created_quiz_id), 

=INFO REPORT==== 7-Dec-2015::06:32:36 ===
           ts_search:(5:<0.1145.0>) Dyn Var (RE): no Match (varname=created_quiz_id), 

=INFO REPORT==== 7-Dec-2015::06:32:38 ===
           ts_search:(5:<0.1640.0>) Dyn Var (RE): no Match (varname=created_quiz_id), 

=INFO REPORT==== 7-Dec-2015::06:32:40 ===
           ts_search:(5:<0.1021.0>) Dyn Var (RE): no Match (varname=created_quiz_id), 

=INFO REPORT==== 7-Dec-2015::06:32:41 ===
           ts_search:(5:<0.1890.0>) Dyn Var (RE): no Match (varname=created_quiz_id), 

=INFO REPORT==== 7-Dec-2015::06:32:42 ===
           ts_search:(5:<0.1623.0>) Dyn Var (RE): no Match (varname=created_quiz_id), 

=INFO REPORT==== 7-Dec-2015::06:32:43 ===
           ts_search:(5:<0.1266.0>) Dyn Var (RE): no Match (varname=created_quiz_id), 

=INFO REPORT==== 7-Dec-2015::06:32:43 ===
           ts_search:(5:<0.1562.0>) Dyn Var (RE): no Match (varname=created_quiz_id), 

=INFO REPORT==== 7-Dec-2015::06:32:44 ===
           ts_search:(5:<0.2024.0>) Dyn Var (RE): no Match (varname=created_quiz_id), 

=INFO REPORT==== 7-Dec-2015::06:32:44 ===
           ts_search:(5:<0.2035.0>) Dyn Var (RE): no Match (varname=created_quiz_id), 

=INFO REPORT==== 7-Dec-2015::06:32:54 ===
           ts_search:(5:<0.1793.0>) Dyn Var (RE): no Match (varname=created_quiz_id), 

=INFO REPORT==== 7-Dec-2015::06:32:57 ===
           ts_search:(5:<0.2068.0>) Dyn Var (RE): no Match (varname=created_quiz_id), 

=INFO REPORT==== 7-Dec-2015::06:33:10 ===
           ts_search:(5:<0.1810.0>) Dyn Var (RE): no Match (varname=created_quiz_id), 

=INFO REPORT==== 7-Dec-2015::06:33:11 ===
           ts_search:(5:<0.2040.0>) Dyn Var (RE): no Match (varname=created_quiz_id), 

=INFO REPORT==== 7-Dec-2015::06:33:31 ===
           ts_search:(5:<0.1976.0>) Dyn Var (RE): no Match (varname=created_quiz_id), 

=INFO REPORT==== 7-Dec-2015::06:33:53 ===
     ts_launcher_mgr:(5:<0.123.0>) No more active users 'tsung_controller@ip-172-30-3-127' "30321"
