# stats: dump at 1449469684
stats: users 8 8
stats: {cpu,"tsung_controller@ip-172-30-3-127"} 1 5.1344482900501 0 5.1344482900501 5.1344482900501 0 0
stats: {load,"tsung_controller@ip-172-30-3-127"} 1 0.0 0 0.0 0.0 0 0
stats: {freemem,"tsung_controller@ip-172-30-3-127"} 1 3163.88671875 0 3163.88671875 3163.88671875 0 0
stats: users_count 8 8
stats: finish_users_count 0 0
stats: request 10 265.2869384765625 361.8961087120182 852.98583984375 10.677978515625 0 0
stats: connect 7 19.396100725446427 39.72355527663776 116.507080078125 1.15087890625 0 0
stats: page 10 265.2869384765625 361.8961087120182 852.98583984375 10.677978515625 0 0
stats: tr_browse_quizzes_page_1 2 849.4390869140625 3.6600341796875 853.09912109375 845.779052734375 0 0
stats: 200 10 10
stats: tr_index 2 15.6666259765625 4.1224365234375 19.7890625 11.544189453125 0 0
stats: size_rcv 38375 38375
stats: size_sent 4041 4041
stats: connected 7 7
# stats: dump at 1449469694
stats: users 17 17
stats: {recvpackets,"tsung_controller@ip-172-30-3-127"} 1 87 0 87 87 0 0
stats: {sentpackets,"tsung_controller@ip-172-30-3-127"} 1 84 0 84 84 0 0
stats: {cpu,"tsung_controller@ip-172-30-3-127"} 1 2.2504892367906066 0.0 5.1344482900501 2.2504892367906066 5.1344482900501 1
stats: {load,"tsung_controller@ip-172-30-3-127"} 1 0.0 0.0 0.0 0.0 0.0 1
stats: {freemem,"tsung_controller@ip-172-30-3-127"} 1 3163.79296875 0.0 3163.88671875 3163.79296875 3163.88671875 1
stats: users_count 9 17
stats: finish_users_count 0 0
stats: request 41 117.7406631097561 221.9870804876582 857.234130859375 8.049072265625 265.2869384765625 10
stats: connect 10 2.3598876953125 1.4999265869374987 116.507080078125 1.15087890625 19.396100725446427 7
stats: page 39 123.78250826322116 226.31060137407255 857.234130859375 9.748046875 265.2869384765625 10
stats: tr_play_game__ready_page 7 30.312744140625 15.397441249226825 61.455078125 11.923095703125 0 0
stats: 302 2 2
stats: tr_friend_requests 2 52.9315185546875 0.3155517578125 53.2470703125 52.615966796875 0 0
stats: 200 39 49
stats: tr_browse_quizzes_page_1 6 242.79069010416666 275.6399709275845 857.330078125 98.466064453125 849.4390869140625 2
stats: size_rcv 152858 191233
stats: tr_play_game__1st_question 4 55.98553466796875 25.4502005125696 74.919189453125 12.64794921875 0 0
stats: size_sent 35567 39608
stats: tr_index 6 12.049072265625 2.235752636909032 19.7890625 9.802978515625 15.6666259765625 2
stats: connected 10 17
# stats: dump at 1449469704
stats: users 25 25
stats: {recvpackets,"tsung_controller@ip-172-30-3-127"} 1 239.0 0.0 239 87 87.0 1
stats: {sentpackets,"tsung_controller@ip-172-30-3-127"} 1 223.0 0.0 223 84 84.0 1
stats: {cpu,"tsung_controller@ip-172-30-3-127"} 1 1.5732546705998034 0.0 5.1344482900501 1.5732546705998034 3.6924687634203535 2
stats: {load,"tsung_controller@ip-172-30-3-127"} 1 0.0 0.0 0.0 0.0 0.0 2
stats: {freemem,"tsung_controller@ip-172-30-3-127"} 1 3159.64453125 0.0 3163.88671875 3159.64453125 3163.83984375 2
stats: session 2 17011.2109375 5817.989990234375 22829.200927734375 11193.220947265625 0 0
stats: users_count 10 27
stats: finish_users_count 2 2
stats: request 65 51.11356670673077 58.3302063230477 857.234130859375 7.76708984375 146.67130533854166 51
stats: connect 9 3.61474609375 2.5705167025144013 116.507080078125 1.15087890625 9.374798943014707 17
stats: page 58 57.290859880118525 61.8440644776508 857.234130859375 9.748046875 152.66096340880102 49
stats: tr_play_game__ready_page 4 22.945068359375 9.970691636813996 61.455078125 11.923095703125 30.312744140625 7
stats: 302 5 7
stats: tr_friend_requests 2 53.044921875 2.875 55.919921875 50.169921875 52.9315185546875 2
stats: 200 60 109
stats: tr_friends 2 70.409423828125 11.281494140625 81.69091796875 59.1279296875 0 0
stats: size_rcv 223190 414423
stats: tr_search_all_users 2 91.721923828125 1.297119140625 93.01904296875 90.4248046875 0 0
stats: size_sent 109589 149197
stats: tr_browse_quizzes_page_1 3 115.00870768229167 17.89310605180691 857.330078125 98.466064453125 394.4527893066406 8
stats: connected 7 24
stats: tr_play_game__1st_question 6 71.84037272135417 88.23198667653362 262.68701171875 12.498046875 55.98553466796875 4
stats: tr_play_game__answer_to_question 7 49.09619140625 53.76511079149 179.537109375 15.18505859375 0 0
stats: tr_index 5 14.253369140625 5.52112166787799 25.0400390625 9.802978515625 12.953460693359375 8
stats: tr_quizzes_page_INDEX 2 33.0125732421875 9.1766357421875 42.189208984375 23.8359375 0 0
# stats: dump at 1449469714
stats: users 30 30
stats: {recvpackets,"tsung_controller@ip-172-30-3-127"} 1 387.0 0.0 387 87 163.0 2
stats: {sentpackets,"tsung_controller@ip-172-30-3-127"} 1 349.0 0.0 349 84 153.5 2
stats: {cpu,"tsung_controller@ip-172-30-3-127"} 1 2.0527859237536656 0.0 5.1344482900501 1.5732546705998034 2.9860640658135034 3
stats: {load,"tsung_controller@ip-172-30-3-127"} 1 0.0 0.0 0.0 0.0 0.0 3
stats: {freemem,"tsung_controller@ip-172-30-3-127"} 1 3156.0625 0.0 3163.88671875 3156.0625 3162.44140625 3
stats: session 2 26694.5458984375 4613.02001953125 31307.56591796875 11193.220947265625 17011.2109375 2
stats: users_count 7 34
stats: finish_users_count 2 4
stats: request 76 34.36802593030428 40.68580056580488 857.234130859375 7.120849609375 93.12602076037177 116
stats: connect 7 3.7274344308035716 2.6295723144634207 116.507080078125 1.088134765625 7.3809344951923075 26
stats: page 68 38.4194766773897 43.97863577142022 857.234130859375 9.264892578125 100.96501943998247 107
stats: tr_play_game__ready_page 2 18.841552734375 5.197509765625 61.455078125 11.923095703125 27.633589311079547 11
stats: 302 4 11
stats: tr_friend_requests 3 16.979654947916668 2.6440618096163004 55.919921875 14.43896484375 52.98822021484375 4
stats: 200 72 181
stats: tr_friends 4 73.64776611328125 16.64081016614362 102.343017578125 59.1279296875 70.409423828125 2
stats: size_rcv 269794 684217
stats: tr_search_all_users 2 87.6929931640625 1.3060302734375 93.01904296875 86.386962890625 91.721923828125 2
stats: newphase 1 1
stats: tr_browse_quizzes_page_1 3 112.58870442708333 14.143203261914845 857.330078125 98.466064453125 318.24076704545456 11
stats: size_sent 150621 299818
stats: tr_play_game__1st_question 3 31.524739583333332 23.418065011536562 262.68701171875 12.498046875 65.4984375 10
stats: connected 5 29
stats: tr_play_game__answer_to_question 4 18.45703125 2.5939178986957363 179.537109375 15.18505859375 49.09619140625 7
stats: tr_index 2 12.819580078125 2.868408203125 25.0400390625 9.802978515625 13.45342548076923 13
stats: tr_quizzes_page_INDEX 1 13.970947265625 0.0 42.189208984375 13.970947265625 33.0125732421875 2
# stats: dump at 1449469724
stats: users 43 44
stats: {recvpackets,"tsung_controller@ip-172-30-3-127"} 1 424.0 0.0 424 87 237.66666666666666 3
stats: {sentpackets,"tsung_controller@ip-172-30-3-127"} 1 401.0 0.0 401 84 218.66666666666666 3
stats: {cpu,"tsung_controller@ip-172-30-3-127"} 1 1.7647058823529411 0.0 5.1344482900501 1.5732546705998034 2.752744530298544 4
stats: {load,"tsung_controller@ip-172-30-3-127"} 1 0.0 0.0 0.0 0.0 0.0 4
stats: {freemem,"tsung_controller@ip-172-30-3-127"} 1 3155.109375 0.0 3163.88671875 3155.109375 3160.8466796875 4
stats: session 6 28975.211303710938 8383.443260531474 41166.02392578125 11193.220947265625 21852.87841796875 4
stats: users_count 19 53
stats: finish_users_count 6 10
stats: request 117 37.765823233840806 51.91041152205778 857.234130859375 6.56689453125 69.86764780680339 192
stats: connect 19 3.1849686472039473 3.216786504692771 116.507080078125 1.088134765625 6.605949633049242 33
stats: page 103 42.915183650637154 54.91307224246102 857.234130859375 9.264892578125 76.66160853794644 175
stats: tr_play_game__ready_page 4 12.0634765625 0.8403604204523757 61.455078125 10.983154296875 26.280968299278847 13
stats: 302 5 16
stats: tr_play_game__leaderboard 5 15.70654296875 1.5909336637481792 17.2939453125 13.283935546875 0 0
stats: 200 104 285
stats: tr_question_new_POST 8 9.710052490234375 3.0460488665065566 15.05615234375 6.652099609375 0 0
stats: size_rcv 439215 1123432
stats: tr_quiz_new_POST 1 17.345947265625 0 17.345947265625 17.345947265625 0 0
stats: newphase 0 1
stats: tr_friend_requests 2 32.9171142578125 18.6719970703125 55.919921875 14.2451171875 37.555977957589285 7
stats: size_sent 169167 468985
stats: tr_friends 0 0 0 102.343017578125 59.1279296875 72.56831868489583 6
stats: connected 13 42
stats: tr_search_all_users 2 159.762451171875 78.41748046875 238.179931640625 81.344970703125 89.70745849609375 4
stats: 404 8 8
stats: tr_browse_quizzes_page_1 11 115.81183416193181 38.99978419934032 857.330078125 94.651123046875 274.17246791294644 14
stats: tr_play_game__1st_question 0 0 0 262.68701171875 12.498046875 57.65835336538461 13
stats: tr_play_game__answer_to_question 2 31.3240966796875 0.2769775390625 179.537109375 15.18505859375 37.95467862215909 11
stats: tr_index 10 13.4557373046875 7.111681706104605 34.466064453125 9.7509765625 13.368912760416666 15
stats: tr_quizzes_page_INDEX 2 17.83349609375 2.142578125 42.189208984375 13.970947265625 26.665364583333332 3
stats: tr_quiz_questions_SHOW 8 15.424652099609375 3.25060328041914 21.09814453125 12.7041015625 0 0
# stats: dump at 1449469734
stats: users 46 49
stats: {recvpackets,"tsung_controller@ip-172-30-3-127"} 1 583.0 0.0 583 87 284.25 4
stats: {sentpackets,"tsung_controller@ip-172-30-3-127"} 1 580.0 0.0 580 84 264.25 4
stats: {cpu,"tsung_controller@ip-172-30-3-127"} 1 2.1505376344086025 0.0 5.1344482900501 1.5732546705998034 2.5551368007094233 5
stats: {load,"tsung_controller@ip-172-30-3-127"} 1 0.0 0.0 0.0 0.0 0.0 5
stats: {freemem,"tsung_controller@ip-172-30-3-127"} 1 3152.6875 0.0 3163.88671875 3152.6875 3159.69921875 5
stats: session 9 35944.712592230906 10625.703858440429 49400.080078125 11193.220947265625 26126.27814941406 10
stats: users_count 12 65
stats: finish_users_count 9 19
stats: request 179 44.3333747053946 92.74997238946065 1088.5458984375 6.56689453125 57.71258801704086 309
stats: connect 12 2.0872599283854165 1.9820294884980572 116.507080078125 1.0830078125 5.355975811298077 52
stats: page 145 54.76190564385776 103.24904787294724 1088.5458984375 8.682861328125 64.15843672718077 278
stats: tr_play_game__ready_page 10 21.0350830078125 15.860567866991857 65.609130859375 10.35302734375 22.935676125919116 17
stats: 302 4 20
stats: tr_play_game__leaderboard 3 17.695963541666668 2.5380660255208474 20.48193359375 13.283935546875 15.70654296875 5
stats: 200 151 436
stats: tr_question_new_POST 24 32.48004150390625 67.74062303596153 353.985107421875 6.652099609375 9.710052490234375 8
stats: size_rcv 601584 1725016
stats: tr_quiz_new_POST 3 17.69775390625 1.55111595916962 18.97900390625 15.51513671875 17.345947265625 1
stats: newphase 0 1
stats: tr_friend_requests 3 15.086018880208334 1.5071711430743102 55.919921875 12.989013671875 36.525119357638886 9
stats: size_sent 279191 748176
stats: tr_friends 3 76.003662109375 15.777675931486911 102.343017578125 59.1279296875 72.56831868489583 6
stats: connected 3 45
stats: tr_search_all_users 2 96.4324951171875 13.5565185546875 238.179931640625 81.344970703125 113.05912272135417 6
stats: 404 24 32
stats: tr_browse_quizzes_page_1 5 347.438037109375 383.5386809687104 1088.60498046875 90.7021484375 204.4937890625 25
stats: tr_play_game__1st_question 13 29.49297626201923 29.359470923879023 262.68701171875 11.64208984375 57.65835336538461 13
stats: tr_play_game__answer_to_question 7 39.96229771205357 32.49250554612075 179.537109375 14.64501953125 36.93458909254808 13
stats: tr_index 6 14.228841145833334 8.909361346765953 34.466064453125 9.640869140625 13.403642578125 25
stats: tr_quizzes_page_INDEX 0 0 0 42.189208984375 13.970947265625 23.1326171875 5
stats: tr_quiz_questions_SHOW 24 40.134195963541664 23.968259241018156 106.31298828125 11.927001953125 15.424652099609375 8
# stats: dump at 1449469744
stats: users 60 60
stats: {recvpackets,"tsung_controller@ip-172-30-3-127"} 1 856.0 0.0 856 87 344.0 5
stats: {sentpackets,"tsung_controller@ip-172-30-3-127"} 1 737.0 0.0 737 84 327.4 5
stats: {cpu,"tsung_controller@ip-172-30-3-127"} 1 2.6137463697967087 0.0 5.1344482900501 1.5732546705998034 2.487703606325953 6
stats: {load,"tsung_controller@ip-172-30-3-127"} 1 0.0 0.0 0.0 0.0 0.0 6
stats: {freemem,"tsung_controller@ip-172-30-3-127"} 1 3151.21484375 0.0 3163.88671875 3151.21484375 3158.5305989583335 6
stats: session 4 35905.70782470703 11349.029120147543 49400.080078125 11193.220947265625 30777.115517064143 19
stats: users_count 18 83
stats: finish_users_count 4 23
stats: request 133 97.79308990249058 161.44112386393664 1101.304931640625 6.56689453125 52.80504870805586 488
stats: connect 19 3.0127852590460527 2.161982204107938 116.507080078125 1.0830078125 4.743091583251953 64
stats: page 121 107.4972761169938 171.49397145119656 1101.304931640625 8.682861328125 60.937403613512124 423
stats: tr_play_game__ready_page 7 100.19705636160714 141.50662325311458 429.286865234375 10.35302734375 22.23175274884259 27
stats: 302 8 28
stats: tr_play_game__leaderboard 3 152.05965169270834 151.30012464571934 363.68896484375 13.283935546875 16.45257568359375 8
stats: 200 125 561
stats: tr_question_new_POST 0 0 0 353.985107421875 6.652099609375 26.78754425048828 32
stats: size_rcv 456885 2181901
stats: tr_quiz_new_POST 0 0 0 18.97900390625 15.51513671875 17.60980224609375 4
stats: newphase 1 2
stats: tr_friend_requests 5 131.011181640625 200.3236886265048 529.087158203125 12.9208984375 31.16534423828125 12
stats: size_sent 230571 978747
stats: tr_friends 4 119.21807861328125 86.39305599035984 268.3701171875 59.107177734375 73.71343315972223 9
stats: connected 15 60
stats: tr_search_all_users 2 179.1485595703125 55.0904541015625 238.179931640625 81.344970703125 108.9024658203125 8
stats: 404 0 32
stats: tr_browse_quizzes_page_1 11 147.46360085227272 72.23791886348008 1088.60498046875 90.7021484375 228.31783040364584 30
stats: tr_play_game__1st_question 5 97.2607421875 134.82884734717638 362.331787109375 11.64208984375 43.57566481370192 26
stats: tr_play_game__answer_to_question 7 60.236642020089285 39.050190376504084 179.537109375 14.64501953125 37.994287109375 20
stats: tr_index 12 16.151611328125004 5.773131343069512 34.466064453125 9.640869140625 13.563358429939516 31
stats: tr_quizzes_page_INDEX 4 16.675537109375 0.6577193522705881 42.189208984375 13.970947265625 23.1326171875 5
stats: tr_quiz_questions_SHOW 0 0 0 106.31298828125 11.927001953125 33.956809997558594 32
# stats: dump at 1449469754
stats: users 69 70
stats: {recvpackets,"tsung_controller@ip-172-30-3-127"} 1 991.0 0.0 991 87 429.3333333333333 6
stats: {sentpackets,"tsung_controller@ip-172-30-3-127"} 1 870.0 0.0 870 84 395.6666666666667 6
stats: {cpu,"tsung_controller@ip-172-30-3-127"} 1 3.1884057971014492 0.0 5.1344482900501 1.5732546705998034 2.505709715393204 7
stats: {load,"tsung_controller@ip-172-30-3-127"} 1 0.0 0.0 0.0 0.0 0.0 7
stats: {freemem,"tsung_controller@ip-172-30-3-127"} 1 3150.296875 0.0 3163.88671875 3150.296875 3157.4854910714284 7
stats: session 12 41168.468322753906 12597.039267618406 60040.782958984375 11193.220947265625 31669.044614045517 23
stats: users_count 21 104
stats: finish_users_count 12 35
stats: request 276 31.19760352977808 67.65936679854852 1101.304931640625 6.2099609375 62.44016864180757 621
stats: connect 21 2.4850027901785716 1.9648898357860198 116.507080078125 1.0830078125 4.346997364457831 83
stats: page 220 39.17307794744318 75.49572381457659 1101.304931640625 8.682861328125 71.29355172549977 544
stats: tr_play_game__ready_page 10 16.887109375 5.968695160179458 429.286865234375 10.35302734375 38.28343290441177 34
stats: 302 7 35
stats: tr_play_game__leaderboard 4 18.63006591796875 7.587119483548218 363.68896484375 12.691162109375 53.43632368607955 11
stats: 200 229 790
stats: tr_question_new_POST 40 11.052752685546874 4.89910617486351 353.985107421875 6.29296875 26.78754425048828 32
stats: size_rcv 963524 3145425
stats: tr_quiz_new_POST 5 26.83125 8.569452475113474 40.751953125 15.51513671875 17.60980224609375 4
stats: newphase 0 2
stats: tr_friend_requests 4 28.10150146484375 12.126763695293944 529.087158203125 12.9208984375 60.53176700367647 17
stats: size_sent 402182 1380929
stats: tr_friends 4 81.0294189453125 20.794206706389883 268.3701171875 55.43994140625 87.71486253004808 13
stats: connected 9 69
stats: tr_search_all_users 3 398.7774251302083 433.78186437772183 1012.22021484375 81.344970703125 122.9516845703125 10
stats: 404 40 72
stats: tr_browse_quizzes_page_1 7 119.33848353794643 37.305755981769195 1088.60498046875 90.7021484375 206.6252322313262 41
stats: tr_play_game__1st_question 11 16.233354048295453 3.3108514063205274 362.331787109375 11.64208984375 52.23454826108871 31
stats: tr_play_game__answer_to_question 8 22.559478759765625 8.595498643125348 179.537109375 14.64501953125 43.760823567708336 27
stats: tr_index 8 12.812347412109375 2.2352184322255004 34.466064453125 9.640869140625 14.285661564316861 43
stats: tr_quizzes_page_INDEX 3 25.967692057291668 8.223552911294735 42.189208984375 13.970947265625 20.262803819444443 9
stats: tr_quiz_questions_SHOW 40 20.838421630859376 12.117306751361376 106.31298828125 11.927001953125 33.956809997558594 32
# stats: dump at 1449469764
stats: users 62 71
stats: {recvpackets,"tsung_controller@ip-172-30-3-127"} 1 1128.0 0.0 1128 87 509.57142857142856 7
stats: {sentpackets,"tsung_controller@ip-172-30-3-127"} 1 994.0 0.0 994 84 463.42857142857144 7
stats: {cpu,"tsung_controller@ip-172-30-3-127"} 1 3.861003861003861 0.0 5.1344482900501 1.5732546705998034 2.5910467256067347 8
stats: {load,"tsung_controller@ip-172-30-3-127"} 1 0.0 0.0 0.0 0.0 0.0 8
stats: {freemem,"tsung_controller@ip-172-30-3-127"} 1 3144.0234375 0.0 3163.88671875 3144.0234375 3156.5869140625 8
stats: session 17 37978.882841222425 14437.373273875759 77331.54296875 10013.991943359375 34925.98988560268 35
stats: users_count 10 114
stats: finish_users_count 17 52
stats: request 271 45.20558622578414 98.70058242297914 1437.120849609375 6.2099609375 52.827071684260034 897
stats: connect 10 2.728076171875 2.301948300079359 116.507080078125 1.0830078125 3.9710176908052883 104
stats: page 223 54.9659538782231 109.31935010673011 1437.120849609375 8.682861328125 62.04420063757772 764
stats: tr_play_game__ready_page 9 29.544786241319443 41.352125402226555 429.286865234375 10.35302734375 33.42063210227273 44
stats: 302 10 45
stats: tr_play_game__leaderboard 5 14.6986328125 2.7320685838172536 363.68896484375 11.39794921875 44.15465494791667 15
stats: 200 229 1019
stats: tr_question_new_POST 32 21.432571411132813 37.39997962085749 353.985107421875 6.29296875 18.04599338107639 72
stats: size_rcv 955728 4101153
stats: tr_quiz_new_POST 4 32.30828857421875 16.097101287953627 57.2119140625 15.51513671875 22.732828776041668 9
stats: newphase 0 2
stats: tr_friend_requests 4 96.205078125 65.49293221518191 529.087158203125 12.9208984375 54.354573567708336 21
stats: size_sent 457943 1838872
stats: tr_friends 2 73.360595703125 1.00537109375 268.3701171875 55.43994140625 86.14181698069854 17
stats: connected -6 63
stats: tr_search_all_users 5 125.394287109375 47.63508189236859 1012.22021484375 81.344970703125 186.60377854567307 13
stats: 404 32 104
stats: tr_browse_quizzes_page_1 10 253.33896484375 396.8911601663314 1437.190185546875 90.7021484375 193.89591471354166 48
stats: tr_play_game__1st_question 7 14.418980189732142 0.9593372682681679 362.331787109375 11.64208984375 42.8056640625 42
stats: tr_play_game__answer_to_question 10 43.11494140625 46.25203408753167 179.537109375 14.64501953125 38.91480189732143 35
stats: tr_index 7 14.465157645089286 5.61245803070016 34.466064453125 9.463134765625 14.054553462009803 51
stats: tr_quizzes_page_INDEX 6 32.105875651041664 36.63049928578628 113.968017578125 13.350830078125 21.68902587890625 12
stats: tr_quiz_questions_SHOW 32 32.641197204589844 24.723503987712366 115.27001953125 11.927001953125 26.66881646050347 72
# stats: dump at 1449469774
stats: users 86 87
stats: {recvpackets,"tsung_controller@ip-172-30-3-127"} 1 1351.0 0.0 1351 87 586.875 8
stats: {sentpackets,"tsung_controller@ip-172-30-3-127"} 1 1175.0 0.0 1175 84 529.75 8
stats: {cpu,"tsung_controller@ip-172-30-3-127"} 1 3.8461538461538463 0.0 5.1344482900501 1.5732546705998034 2.7321530739841933 9
stats: {load,"tsung_controller@ip-172-30-3-127"} 1 0.0 0.0 0.0 0.0 0.0 9
stats: {freemem,"tsung_controller@ip-172-30-3-127"} 1 3142.21875 0.0 3163.88671875 3142.21875 3155.190972222222 9
stats: session 13 30045.73846905048 14869.790733334861 77331.54296875 10013.991943359375 35924.05104417067 52
stats: users_count 37 151
stats: finish_users_count 13 65
stats: request 298 43.52694558777266 84.15995266030447 1437.120849609375 6.2099609375 51.05873045202804 1168
stats: connect 35 2.651890345982143 2.1907365087957764 116.507080078125 1.026123046875 3.861987733004386 114
stats: page 251 51.69858456797808 92.79801877651066 1437.120849609375 8.682861328125 60.444961501472264 987
stats: tr_play_game__ready_page 10 14.17490234375 1.6217814490178535 429.286865234375 10.35302734375 32.762469597582545 53
stats: 302 12 57
stats: tr_play_game__leaderboard 8 32.315185546875 50.01482896117703 363.68896484375 11.39794921875 36.7906494140625 20
stats: 200 262 1281
stats: tr_question_new_POST 24 11.439676920572916 5.861559727977129 353.985107421875 6.29296875 19.08801739032452 104
stats: size_rcv 1113154 5214307
stats: tr_quiz_new_POST 3 18.099609375 1.2554643562459984 57.2119140625 15.51513671875 25.679124098557693 13
stats: newphase 1 3
stats: tr_friend_requests 7 24.857003348214285 25.358376149718726 529.087158203125 12.47119140625 61.050654296875 25
stats: size_sent 463825 2302697
stats: tr_friends 8 85.84512329101563 39.24715510291582 268.3701171875 55.43994140625 84.79642526726974 19
stats: connected 22 85
stats: tr_search_all_users 7 107.42647879464286 19.84450866074071 1012.22021484375 81.344970703125 169.60114203559027 18
stats: 404 24 128
stats: tr_browse_quizzes_page_1 13 198.5907264122596 224.99094516078344 1437.190185546875 90.43896484375 204.1447164601293 58
stats: tr_play_game__1st_question 11 14.141823508522727 1.378292792957017 362.331787109375 11.64208984375 38.75042350924745 49
stats: tr_play_game__answer_to_question 8 36.75897216796875 30.07560677842553 179.537109375 14.64501953125 39.848166232638896 45
stats: tr_index 16 12.299606323242188 4.122741588725978 34.466064453125 9.4599609375 14.104109139278018 58
stats: tr_quizzes_page_INDEX 4 31.76373291015625 17.55924231919455 113.968017578125 13.350830078125 25.16130913628472 18
stats: tr_quiz_questions_SHOW 24 20.744374593098957 8.040769149798981 115.27001953125 11.927001953125 28.50647207406851 104
# stats: dump at 1449469784
stats: users 114 117
stats: {recvpackets,"tsung_controller@ip-172-30-3-127"} 1 1620.0 0.0 1620 87 671.7777777777778 9
stats: {sentpackets,"tsung_controller@ip-172-30-3-127"} 1 1464.0 0.0 1464 84 601.4444444444445 9
stats: {cpu,"tsung_controller@ip-172-30-3-127"} 1 5.193578847969783 0.0 5.193578847969783 1.5732546705998034 2.8435531512011587 10
stats: {load,"tsung_controller@ip-172-30-3-127"} 1 0.0 0.0 0.0 0.0 0.0 10
stats: {freemem,"tsung_controller@ip-172-30-3-127"} 1 3139.87109375 0.0 3163.88671875 3139.87109375 3153.89375 10
stats: session 18 41154.87444390191 16971.132464451923 77331.54296875 8025.907958984375 34748.388529146636 65
stats: users_count 46 197
stats: finish_users_count 18 83
stats: request 317 37.21913970080836 66.96412383450728 1437.120849609375 6.2099609375 49.527712792036155 1466
stats: connect 47 3.3625955784574466 2.450902964422171 116.507080078125 1.026123046875 3.5777366689387584 149
stats: page 285 41.41069935581142 71.42138835479335 1437.120849609375 8.356201171875 58.67166537036803 1238
stats: tr_play_game__ready_page 17 16.422291475183822 7.7567540800351225 429.286865234375 10.35302734375 29.812062096974202 63
stats: 302 8 65
stats: tr_play_game__leaderboard 9 13.764214409722221 0.9297833559983975 363.68896484375 11.39794921875 35.51194545200893 28
stats: 200 293 1574
stats: tr_question_new_POST 16 9.737869262695313 3.1945285298448893 353.985107421875 6.29296875 17.653953552246094 128
stats: size_rcv 1199154 6413461
stats: tr_quiz_new_POST 2 16.1025390625 0.242431640625 57.2119140625 15.51513671875 24.257965087890625 16
stats: newphase 0 3
stats: tr_friend_requests 5 39.336328125 34.73496517433342 529.087158203125 12.47119140625 53.13329315185547 32
stats: size_sent 515841 2818538
stats: tr_friends 6 115.87129720052083 96.07757569023484 326.68896484375 53.556884765625 85.10715060763889 27
stats: connected 28 113
stats: tr_search_all_users 6 88.76106770833333 8.700022621813531 1012.22021484375 78.632080078125 152.192236328125 25
stats: 404 16 144
stats: tr_browse_quizzes_page_1 22 107.4030428799716 16.383243345479485 1437.190185546875 89.89599609375 203.12778870488557 71
stats: tr_play_game__1st_question 16 18.965545654296875 10.667836178275731 362.331787109375 11.64208984375 34.23884684244792 60
stats: tr_play_game__answer_to_question 15 18.5947265625 5.103125995761255 179.537109375 13.97216796875 39.381872788915096 53
stats: tr_index 22 11.875055486505682 2.526732703811244 34.466064453125 8.40380859375 13.713946368243244 74
stats: tr_quizzes_page_INDEX 0 0 0 113.968017578125 13.350830078125 26.361749822443183 22
stats: tr_quiz_questions_SHOW 16 19.642471313476563 8.527415728284364 115.27001953125 11.927001953125 27.05107879638672 128
# stats: dump at 1449469794
stats: users 136 138
stats: {recvpackets,"tsung_controller@ip-172-30-3-127"} 1 1665.0 0.0 1665 87 766.6 10
stats: {sentpackets,"tsung_controller@ip-172-30-3-127"} 1 1578.0 0.0 1578 84 687.7 10
stats: {cpu,"tsung_controller@ip-172-30-3-127"} 1 4.743833017077799 0.0 5.193578847969783 1.5732546705998034 3.057191850907397 11
stats: {load,"tsung_controller@ip-172-30-3-127"} 1 0.0 0.0 0.0 0.0 0.0 11
stats: {freemem,"tsung_controller@ip-172-30-3-127"} 1 3136.85546875 0.0 3163.88671875 3136.85546875 3152.618963068182 11
stats: session 16 40909.73794555664 18834.8833223095 81001.64916992188 8025.907958984375 36137.74692029838 83
stats: users_count 38 235
stats: finish_users_count 16 99
stats: request 373 46.50790217095341 100.37220690252727 1437.120849609375 6.2099609375 47.33936861373037 1783
stats: connect 39 3.4676795372596154 2.6177003912618857 116.507080078125 0.93994140625 3.52614671356824 196
stats: page 328 52.90590239734185 108.007159777624 1437.120849609375 8.356201171875 55.44160935319887 1523
stats: tr_play_game__ready_page 22 21.951371626420453 33.7553184471945 429.286865234375 10.35302734375 26.96673583984375 80
stats: 302 20 85
stats: tr_play_game__leaderboard 13 29.342566856971153 21.0713271491042 363.68896484375 11.02685546875 30.22195682010135 37
stats: 200 337 1911
stats: tr_question_new_POST 16 18.662582397460938 15.508255958334713 353.985107421875 6.29296875 16.774388631184895 144
stats: size_rcv 1302370 7715831
stats: tr_quiz_new_POST 3 28.891031901041668 17.68508143489793 57.2119140625 15.51513671875 23.351806640625 18
stats: newphase 0 3
stats: tr_friend_requests 6 17.192464192708332 5.738461589064094 529.087158203125 11.946044921875 51.26883841849662 37
stats: size_sent 641686 3460224
stats: tr_friends 6 78.86222330729167 15.029369625019857 326.68896484375 53.556884765625 90.7006318063447 33
stats: connected 24 137
stats: tr_search_all_users 4 116.6302490234375 22.63951259319373 1012.22021484375 78.632080078125 139.9152359501008 31
stats: 404 16 160
stats: tr_browse_quizzes_page_1 21 197.91979399181548 264.26070048956655 1437.190185546875 89.89599609375 180.48322517641128 93
stats: tr_play_game__1st_question 24 37.66330973307293 80.16968946935424 415.577880859375 11.64208984375 31.023415013363486 76
stats: tr_play_game__answer_to_question 16 24.809997558593754 15.577112239685338 179.537109375 13.957763671875 34.79647288602941 68
stats: tr_index 21 14.585716610863095 6.074666924545593 34.466064453125 8.40380859375 13.292533874511719 96
stats: tr_quizzes_page_INDEX 12 35.170491536458336 43.76050260903596 173.1708984375 13.350830078125 26.361749822443183 22
stats: tr_quiz_questions_SHOW 16 37.16319274902344 24.933293422353955 115.27001953125 11.927001953125 26.22790018717448 144
# stats: dump at 1449469804
stats: users 155 157
stats: {recvpackets,"tsung_controller@ip-172-30-3-127"} 1 1992.0 0.0 1992 87 848.2727272727273 11
stats: {sentpackets,"tsung_controller@ip-172-30-3-127"} 1 1814.0 0.0 1814 84 768.6363636363636 11
stats: {cpu,"tsung_controller@ip-172-30-3-127"} 1 5.700934579439252 0.0 5.700934579439252 1.5732546705998034 3.197745281421597 12
stats: {load,"tsung_controller@ip-172-30-3-127"} 1 0.0 0.0 0.0 0.0 0.0 12
stats: {freemem,"tsung_controller@ip-172-30-3-127"} 1 3129.76171875 0.0 3163.88671875 3129.76171875 3151.3053385416665 12
stats: session 27 37797.93767180267 16493.41431342527 81001.64916992188 8025.907958984375 36908.97779306739 99
stats: users_count 46 281
stats: finish_users_count 27 126
stats: request 560 69.25506504603797 216.28004483382 3240.275146484375 6.2099609375 47.19552029130189 2156
stats: connect 45 3.285232204861111 2.3855495692505073 116.507080078125 0.93994140625 3.5164436502659573 235
stats: page 462 83.97396625997702 241.1889794519005 3240.275146484375 8.356201171875 54.99227824486764 1851
stats: tr_play_game__ready_page 20 28.06767578125 27.417226077090845 429.286865234375 10.35302734375 25.884990617340687 102
stats: 302 23 108
stats: tr_play_game__leaderboard 7 53.206089564732146 48.96423053037772 363.68896484375 11.02685546875 29.9933154296875 50
stats: 200 475 2386
stats: tr_question_new_POST 62 12.669858870967742 6.337877174883144 353.985107421875 6.29296875 16.9632080078125 160
stats: size_rcv 1944079 9659910
stats: tr_quiz_new_POST 7 22.973005022321427 11.248142555226465 57.2119140625 14.91796875 24.143124534970237 21
stats: newphase 1 4
stats: tr_friend_requests 13 118.30955153245192 242.1473701728072 936.9169921875 11.946044921875 46.51399550327035 43
stats: size_sent 903260 4363484
stats: tr_friends 6 117.16194661458333 45.99629095461345 326.68896484375 53.556884765625 88.87933819110577 39
stats: connected 19 156
stats: tr_search_all_users 8 140.34109497070313 104.24805286362339 1012.22021484375 78.632080078125 137.25409458705357 35
stats: 404 62 222
stats: tr_browse_quizzes_page_1 19 249.52578895970396 261.39617411952884 1437.190185546875 89.89599609375 183.69522469503838 114
stats: tr_play_game__1st_question 21 65.48213123139881 184.65573576791738 884.118896484375 11.64208984375 32.61698974609375 100
stats: tr_play_game__answer_to_question 24 57.06682332356771 76.19671764055582 364.31103515625 13.957763671875 32.894287109375 84
stats: tr_index 24 31.519134521484375 69.7420570309859 364.277099609375 8.40380859375 13.52464359642094 117
stats: tr_quizzes_page_INDEX 5 21.6103515625 8.206308228982701 173.1708984375 13.350830078125 29.470717486213236 34
stats: tr_quiz_questions_SHOW 62 19.521941154233872 7.024354823044441 115.27001953125 11.7529296875 27.321429443359374 160
# stats: dump at 1449469814
stats: users 211 212
stats: {recvpackets,"tsung_controller@ip-172-30-3-127"} 1 3070.0 0.0 3070 87 943.5833333333334 12
stats: {sentpackets,"tsung_controller@ip-172-30-3-127"} 1 2669.0 0.0 2669 84 855.75 12
stats: {cpu,"tsung_controller@ip-172-30-3-127"} 1 6.1865189289012 0.0 6.1865189289012 1.5732546705998034 3.3902983043460324 13
stats: {load,"tsung_controller@ip-172-30-3-127"} 1 0.0 0.0 0.0 0.0 0.0 13
stats: {freemem,"tsung_controller@ip-172-30-3-127"} 1 3121.74609375 0.0 3163.88671875 3121.74609375 3149.648137019231 13
stats: session 23 37693.72931173574 14481.169086379688 81001.64916992188 8025.907958984375 37099.469195653524 126
stats: users_count 79 360
stats: finish_users_count 23 149
stats: request 648 40.820522355444616 73.18519039539937 3240.275146484375 6.2099609375 51.743880034546436 2716
stats: connect 79 2.7665150316455698 2.0753124421719953 116.507080078125 0.93994140625 3.47928466796875 280
stats: page 558 47.42790676103273 80.49077273986913 3240.275146484375 8.22314453125 60.781097900285076 2313
stats: tr_play_game__ready_page 35 17.720340401785716 15.313038043850876 429.286865234375 10.35302734375 26.24280785732582 122
stats: 302 17 125
stats: tr_play_game__leaderboard 10 52.7263671875 70.13230522100633 363.68896484375 11.02685546875 32.84400699013158 57
stats: 200 579 2965
stats: tr_question_new_POST 52 11.277503380408653 5.4730978642661 353.985107421875 6.29296875 15.76416455518018 222
stats: size_rcv 2467283 12127193
stats: tr_quiz_new_POST 7 32.138357979910715 15.344206987553175 57.2119140625 14.91796875 23.850594656808035 28
stats: newphase 0 4
stats: tr_friend_requests 9 23.88018120659722 11.860038303068151 936.9169921875 11.946044921875 63.180821010044646 56
stats: size_sent 1000206 5363690
stats: tr_friends 14 72.25995744977678 17.622465190818133 326.68896484375 53.556884765625 92.65035264756945 45
stats: connected 55 211
stats: tr_search_all_users 9 235.91780598958334 289.5911765372029 1041.72216796875 78.632080078125 137.8284202398256 43
stats: 404 52 274
stats: tr_browse_quizzes_page_1 42 145.80504208519352 79.48400429904856 1437.190185546875 89.89599609375 193.09959101856202 133
stats: tr_play_game__1st_question 27 18.94003182870371 12.616034558089623 884.118896484375 11.64208984375 38.32085727660124 121
stats: tr_play_game__answer_to_question 21 27.020589192708332 20.602280447219062 364.31103515625 13.549072265625 38.26596182364005 108
stats: tr_index 46 14.343357252038043 7.502114255978138 364.277099609375 8.27294921875 16.587535668772162 141
stats: tr_quizzes_page_INDEX 11 25.449263139204547 19.904184523306974 173.1708984375 13.350830078125 28.462978265224358 39
stats: tr_quiz_questions_SHOW 52 21.49102313701923 11.139889128003738 115.27001953125 11.7529296875 25.143193975225227 222
# stats: dump at 1449469824
stats: users 261 262
stats: {recvpackets,"tsung_controller@ip-172-30-3-127"} 1 3492.0 0.0 3492 87 1107.1538461538462 13
stats: {sentpackets,"tsung_controller@ip-172-30-3-127"} 1 3029.0 0.0 3029 84 995.2307692307693 13
stats: {cpu,"tsung_controller@ip-172-30-3-127"} 1 7.880434782608696 0.0 7.880434782608696 1.5732546705998034 3.590028348957116 14
stats: {load,"tsung_controller@ip-172-30-3-127"} 1 0.0 0.0 0.0 0.0 0.0 14
stats: {freemem,"tsung_controller@ip-172-30-3-127"} 1 3106.52734375 0.0 3163.88671875 3106.52734375 3147.6551339285716 14
stats: session 38 36699.80549059415 14549.665748142852 81001.64916992188 8025.907958984375 37191.20062296822 149
stats: users_count 88 448
stats: finish_users_count 38 187
stats: request 806 51.38807636573356 118.52346010041244 3240.275146484375 6.2099609375 49.63973741383955 3364
stats: connect 88 2.892508766867898 2.6146620956096776 116.507080078125 0.93505859375 3.3224356393628134 359
stats: page 687 60.31462228211431 128.37539161508013 3240.275146484375 8.0869140625 58.185806832467996 2871
stats: tr_play_game__ready_page 30 26.189811197916658 22.574996664087596 429.286865234375 10.35302734375 24.342894730294585 157
stats: 302 27 152
stats: tr_play_game__leaderboard 25 52.127265625 112.46905393331024 558.132080078125 11.02685546875 35.8115234375 67
stats: 200 702 3667
stats: tr_question_new_POST 77 13.219751927759742 7.6716437880026485 353.985107421875 6.29296875 14.91268141252281 274
stats: size_rcv 2921651 15048844
stats: tr_quiz_new_POST 9 44.61322699652778 23.833873667843534 74.10595703125 14.91796875 25.50814732142857 35
stats: newphase 0 4
stats: tr_friend_requests 13 43.12218299278846 57.053360585938265 936.9169921875 11.946044921875 57.739193960336536 65
stats: size_sent 1287799 6651489
stats: tr_friends 6 175.21171061197916 113.14768964218474 351.43115234375 53.556884765625 87.81195378707628 59
stats: connected 50 261
stats: tr_search_all_users 9 162.77549913194446 177.69115674966991 1041.72216796875 78.632080078125 154.80542931189905 52
stats: 404 77 351
stats: tr_browse_quizzes_page_1 40 261.73869628906243 313.49891645120874 1771.2001953125 89.4150390625 181.7488992745536 175
stats: tr_play_game__1st_question 29 22.10167194234914 15.679967334196894 884.118896484375 11.64208984375 34.7851661475929 148
stats: tr_play_game__answer_to_question 26 27.3917236328125 13.531494921009248 364.31103515625 13.3291015625 36.43531976744186 129
stats: tr_index 39 18.141795622996796 17.658198021225324 364.277099609375 8.27294921875 16.03549178016377 187
stats: tr_quizzes_page_INDEX 15 38.38650716145833 49.87514563675993 194.428955078125 13.0849609375 27.7999609375 50
stats: tr_quiz_questions_SHOW 77 24.393599076704547 20.14508337600034 137.447998046875 11.7529296875 24.45008126140511 274
# stats: dump at 1449469834
stats: users 330 330
stats: {recvpackets,"tsung_controller@ip-172-30-3-127"} 1 3750.0 0.0 3750 87 1277.5 14
stats: {sentpackets,"tsung_controller@ip-172-30-3-127"} 1 3376.0 0.0 3376 84 1140.5 14
stats: {cpu,"tsung_controller@ip-172-30-3-127"} 1 8.43155031731641 0.0 8.43155031731641 1.5732546705998034 3.876055444533888 15
stats: {load,"tsung_controller@ip-172-30-3-127"} 1 0.0 0.0 0.0 0.0 0.0 15
stats: {freemem,"tsung_controller@ip-172-30-3-127"} 1 3099.62109375 0.0 3163.88671875 3099.62109375 3144.91328125 15
stats: session 44 37216.42171963778 14684.15983786687 81001.64916992188 7028.764892578125 37091.34492761949 187
stats: users_count 113 561
stats: finish_users_count 44 231
stats: request 1005 77.2099424751244 164.54071687276684 3240.275146484375 6.2099609375 49.97766575801859 4170
stats: connect 112 2.524176461356027 2.1281633884509326 116.507080078125 0.859130859375 3.237796791981264 447
stats: page 855 90.7683005528143 192.18795694721246 3240.275146484375 8.0869140625 58.596851299558224 3558
stats: tr_play_game__ready_page 48 73.69143168131511 191.08046146473438 1235.0830078125 10.35302734375 24.63919148980615 187
stats: 302 40 192
stats: tr_play_game__leaderboard 17 28.30129825367647 24.990814435556445 558.132080078125 11.02685546875 40.24514903192935 92
stats: 200 882 4549
stats: tr_question_new_POST 83 20.58844655967621 41.11094337132266 373.63916015625 6.29296875 14.54129802127849 351
stats: size_rcv 3543482 18592326
stats: tr_quiz_new_POST 13 48.96394230769231 66.07465970649896 267.197021484375 14.91796875 29.416004527698863 44
stats: newphase 1 5
stats: tr_friend_requests 16 83.85293579101563 154.64173748861924 936.9169921875 11.800048828125 55.30302546574519 78
stats: size_sent 1619896 8271385
stats: tr_friends 14 138.14508928571428 101.09332954146755 460.529052734375 53.556884765625 95.87962364783654 65
stats: connected 68 329
stats: tr_search_all_users 15 159.53513997395834 133.7182973445125 1041.72216796875 78.632080078125 155.98134125256146 61
stats: 404 83 434
stats: tr_browse_quizzes_page_1 49 286.18342932876277 287.8022838173427 1771.2001953125 89.4150390625 196.63072197492733 215
stats: tr_play_game__1st_question 46 54.84513523267662 117.09866235230662 884.118896484375 11.169189453125 32.70707952639477 177
stats: tr_play_game__answer_to_question 39 73.0729479667468 111.10218959864501 492.217041015625 13.3291015625 34.91832944808468 155
stats: tr_index 60 25.573111979166665 50.73777367548409 375.5 8.27294921875 16.398968991980087 226
stats: tr_quizzes_page_INDEX 16 127.58087158203124 256.11224609724496 1078.618896484375 13.0849609375 30.243010066105768 65
stats: tr_quiz_questions_SHOW 82 39.98939476943597 99.77399800666129 907.055908203125 11.7529296875 24.437690582710115 351
# stats: dump at 1449469844
stats: users 433 433
stats: {recvpackets,"tsung_controller@ip-172-30-3-127"} 1 6327.0 0.0 6327 87 1442.3333333333333 15
stats: {sentpackets,"tsung_controller@ip-172-30-3-127"} 1 5286.0 0.0 5286 84 1289.5333333333333 15
stats: {cpu,"tsung_controller@ip-172-30-3-127"} 1 11.237928007023704 0.0 11.237928007023704 1.5732546705998034 4.160773874082795 16
stats: {load,"tsung_controller@ip-172-30-3-127"} 1 0.0 0.0 0.0 0.0 0.0 16
stats: {freemem,"tsung_controller@ip-172-30-3-127"} 1 3079.2109375 0.0 3163.88671875 3079.2109375 3142.08251953125 16
stats: session 47 36911.324920004976 15343.814952909128 81001.64916992188 7028.764892578125 37115.16907848011 231
stats: users_count 150 711
stats: finish_users_count 47 278
stats: request 1378 86.87339005380286 256.03774892643366 5191.072998046875 6.197021484375 55.26625283061594 5175
stats: connect 151 2.667449749068709 2.370389735188609 116.507080078125 0.859130859375 3.094817405523256 559
stats: page 1181 100.51656166483654 276.3893941114954 5191.072998046875 8.0869140625 64.82993290199057 4413
stats: tr_play_game__ready_page 77 32.60526582792208 34.690482135885716 1235.0830078125 10.284912109375 34.65837246509309 235
stats: 302 50 242
stats: tr_play_game__leaderboard 26 32.94921875 41.291737045070526 558.132080078125 11.02685546875 38.38234661697248 109
stats: 200 1211 5760
stats: tr_question_new_POST 117 23.960238464877136 31.340481781280456 373.63916015625 6.2900390625 15.697780345442109 434
stats: size_rcv 4707761 23300087
stats: tr_quiz_new_POST 12 42.673583984375 43.03977636792118 267.197021484375 14.91796875 33.87430612664474 57
stats: newphase 0 5
stats: tr_friend_requests 25 67.553369140625 73.99318680902141 936.9169921875 11.800048828125 60.16258467004654 94
stats: size_sent 2192852 10464237
stats: tr_friends 18 197.27483452690973 93.52857224566472 460.529052734375 53.556884765625 103.36970616594145 79
stats: connected 103 432
stats: tr_search_all_users 8 218.24237060546875 146.08402781514872 1041.72216796875 78.632080078125 156.68274889494242 76
stats: 404 117 551
stats: tr_browse_quizzes_page_1 92 291.02790368121606 534.2683635768603 5191.1337890625 89.4150390625 213.25224720348012 264
stats: tr_play_game__1st_question 72 46.513224283854164 63.76721881478046 884.118896484375 11.169189453125 37.273673977017935 223
stats: tr_play_game__answer_to_question 53 60.5943764740566 85.93585788037976 629.944091796875 13.3291015625 42.588587810083766 194
stats: tr_index 84 22.692097981770825 34.38140038750714 375.5 8.27294921875 18.323614373907343 286
stats: tr_quizzes_page_INDEX 19 41.50630910773026 31.97095652086001 1078.618896484375 13.0849609375 49.470241970486114 81
stats: tr_quiz_questions_SHOW 117 49.003008981036324 44.56973998166784 907.055908203125 11.7529296875 27.382817010681293 433
# stats: dump at 1449469854
stats: users 547 548
stats: {recvpackets,"tsung_controller@ip-172-30-3-127"} 1 7769.0 0.0 7769 87 1747.625 16
stats: {sentpackets,"tsung_controller@ip-172-30-3-127"} 1 6466.0 0.0 6466 84 1539.3125 16
stats: {cpu,"tsung_controller@ip-172-30-3-127"} 1 14.855687606112053 0.0 14.855687606112053 1.5732546705998034 4.577077058373438 17
stats: {load,"tsung_controller@ip-172-30-3-127"} 1 0.078125 0.0 0.078125 0.0 0.0 17
stats: {freemem,"tsung_controller@ip-172-30-3-127"} 1 3044.80078125 0.0 3163.88671875 3044.80078125 3138.3841911764707 17
stats: session 73 38935.61476281571 14759.3010896684 81001.64916992188 7028.764892578125 37080.70621715518 278
stats: users_count 187 898
stats: finish_users_count 73 351
stats: request 1707 137.71120566852528 310.35257713637316 5191.072998046875 6.197021484375 61.91277123341643 6553
stats: connect 187 2.540163091159757 2.089760282073541 116.507080078125 0.859130859375 3.0039265377420774 710
stats: page 1475 160.0371626721399 344.38884047922414 5428.56298828125 8.0400390625 72.36406028292033 5594
stats: tr_play_game__ready_page 90 99.66920030381945 147.08232966830707 1235.0830078125 10.284912109375 34.151676275791274 312
stats: 302 66 308
stats: tr_play_game__leaderboard 47 77.33700236868351 77.80889410644622 558.132080078125 11.02685546875 37.335966435185185 135
stats: 200 1523 7283
stats: tr_question_new_POST 118 38.44097796941211 62.161861947282006 423.876220703125 6.2900390625 17.45224059947822 551
stats: size_rcv 5710597 29010684
stats: tr_quiz_new_POST 16 233.6262664794922 603.9691011832804 2547.988037109375 13.835205078125 35.40461531929348 69
stats: newphase 0 5
stats: tr_friend_requests 38 130.21110454358552 236.2940596743229 1198.138916015625 11.800048828125 61.71527048319328 119
stats: size_sent 2815111 13279348
stats: tr_friends 32 342.63175201416016 262.60218866644897 1300.049072265625 53.556884765625 120.79540008859536 97
stats: connected 114 546
stats: tr_search_all_users 22 292.55477627840907 245.86630026614242 1041.72216796875 78.632080078125 162.54557001023062 84
stats: 404 118 669
stats: tr_browse_quizzes_page_1 97 429.97711118717785 351.6208056833047 5191.1337890625 87.6650390625 233.35157415840064 356
stats: tr_play_game__1st_question 85 90.34068244485294 151.19560307936652 1041.60986328125 10.76904296875 39.52875066207627 295
stats: tr_play_game__answer_to_question 75 93.127607421875 99.0589837390434 629.944091796875 12.822998046875 46.45217809020749 247
stats: tr_index 97 30.929143846649485 33.99219568529221 375.5 8.088134765625 19.31537822001689 370
stats: tr_quizzes_page_INDEX 24 133.60741170247394 179.43202771736324 1078.618896484375 13.0849609375 47.9570947265625 100
stats: tr_quiz_questions_SHOW 117 66.26911182892627 108.05025419057293 943.7421875 11.7529296875 31.982021484375 550
# stats: dump at 1449469864
stats: users 700 700
stats: {recvpackets,"tsung_controller@ip-172-30-3-127"} 1 9898.0 0.0 9898 87 2101.823529411765 17
stats: {sentpackets,"tsung_controller@ip-172-30-3-127"} 1 7691.0 0.0 7691 84 1829.1176470588234 17
stats: {cpu,"tsung_controller@ip-172-30-3-127"} 1 14.393305439330545 0.0 14.855687606112053 1.5732546705998034 5.14811097769225 18
stats: {load,"tsung_controller@ip-172-30-3-127"} 1 0.0703125 0.0 0.078125 0.0 0.004340277777777778 18
stats: {freemem,"tsung_controller@ip-172-30-3-127"} 1 3021.47265625 0.0 3163.88671875 3021.47265625 3133.185112847222 18
stats: session 80 38283.14153747559 15506.66583768598 81001.64916992188 7028.764892578125 37466.48491753472 351
stats: users_count 233 1131
stats: finish_users_count 80 431
stats: request 1846 124.80031426162141 225.71260101947848 5191.072998046875 6.197021484375 77.57716924561143 8260
stats: connect 231 2.9681095271915585 2.918304528394739 116.507080078125 0.859130859375 2.9072445260242468 897
stats: page 1614 140.73818534841652 244.66457281201406 5428.56298828125 8.0400390625 90.65771228802699 7069
stats: tr_play_game__ready_page 92 84.56308381453802 99.60774221764346 1235.0830078125 10.09716796875 48.819778670125935 402
stats: 302 62 370
stats: tr_play_game__leaderboard 34 70.24440630744485 66.94466163029824 558.132080078125 11.02685546875 47.665904286143544 182
stats: 200 1669 8952
stats: tr_question_new_POST 119 38.44025940454305 58.363898389627096 423.876220703125 6.2900390625 21.15428994126028 669
stats: size_rcv 6204415 35215099
stats: tr_quiz_new_POST 17 282.0852912454044 769.4415351884512 3342.35498046875 13.835205078125 72.71692612591912 85
stats: newphase 1 6
stats: tr_friend_requests 40 86.25184936523438 89.34114069170346 1198.138916015625 11.304931640625 78.29388000099522 157
stats: size_sent 3096128 16375476
stats: tr_friends 34 283.34424546185664 207.48064012164502 1300.049072265625 53.556884765625 175.8245726592781 129
stats: connected 149 695
stats: tr_search_all_users 35 410.49813058035716 334.641973222187 1725.529052734375 78.632080078125 189.52861282060726 106
stats: 404 119 788
stats: tr_browse_quizzes_page_1 89 453.267180367802 490.66176354821187 5191.1337890625 87.6650390625 275.45461409612994 453
stats: tr_play_game__1st_question 91 75.95244623540522 79.32445420703334 1041.60986328125 10.76904296875 50.89457750822368 380
stats: tr_play_game__answer_to_question 91 105.76707911229396 119.4148949150446 637.705078125 12.822998046875 57.32378430099961 322
stats: tr_index 120 44.09196370442708 52.84315293847221 375.5 8.088134765625 21.727659303064776 467
stats: tr_quizzes_page_INDEX 22 104.19312633167611 91.73928556429767 1078.618896484375 13.0849609375 64.53457543157762 124
stats: tr_quiz_questions_SHOW 121 70.667236328125 84.5498801995254 943.7421875 11.7529296875 37.99639865126031 667
# stats: dump at 1449469874
stats: users 925 925
stats: {recvpackets,"tsung_controller@ip-172-30-3-127"} 1 11844.0 0.0 11844 87 2534.9444444444443 18
stats: {sentpackets,"tsung_controller@ip-172-30-3-127"} 1 9259.0 0.0 9259 84 2154.777777777778 18
stats: {cpu,"tsung_controller@ip-172-30-3-127"} 1 17.089125102207685 0.0 17.089125102207685 1.5732546705998034 5.634700159883739 19
stats: {load,"tsung_controller@ip-172-30-3-127"} 1 0.05859375 0.0 0.078125 0.0 0.0078125 19
stats: {freemem,"tsung_controller@ip-172-30-3-127"} 1 2985.9296875 0.0 3163.88671875 2985.9296875 3127.3055098684213 19
stats: session 87 40003.71978549299 15502.145108360617 96268.84399414063 7028.764892578125 37618.06851288337 431
stats: users_count 312 1443
stats: finish_users_count 87 518
stats: request 2241 366.7422734558021 320.9696500700289 5191.072998046875 6.197021484375 86.2031266669012 10106
stats: connect 317 2.661447807817429 2.1923435891205636 116.507080078125 0.68505859375 2.9197089012632973 1128
stats: page 1972 413.39934943704003 387.5477663672873 5428.56298828125 8.0400390625 99.96669346037164 8683
stats: tr_play_game__ready_page 128 302.7258758544921 221.47681032436358 1235.0830078125 10.09716796875 55.47642659175733 494
stats: 302 101 471
stats: tr_play_game__leaderboard 41 295.6988197884909 208.87419729563769 820.510009765625 11.02685546875 51.21992775245949 216
stats: 200 2021 10973
stats: tr_question_new_POST 118 203.62520896782308 198.94111047110013 867.52294921875 6.2900390625 23.764734568329633 788
stats: size_rcv 6797041 42012140
stats: tr_quiz_new_POST 20 386.942431640625 227.39472576390241 3342.35498046875 13.835205078125 107.61165364583333 102
stats: newphase 0 6
stats: tr_friend_requests 45 291.45940212673605 201.17692637854185 1198.138916015625 11.304931640625 79.90971134398794 197
stats: size_sent 3783462 20158938
stats: tr_friends 30 611.0979573567708 292.59615639270567 1300.049072265625 53.556884765625 198.25198907208588 163
stats: connected 229 924
stats: tr_search_all_users 35 802.1520089285714 314.80790658385274 1725.529052734375 78.632080078125 244.37920233543883 141
stats: 404 118 906
stats: tr_browse_quizzes_page_1 153 768.6771296083534 295.72585739778583 5191.1337890625 87.6650390625 304.6526185208141 542
stats: tr_play_game__1st_question 114 303.81031986705045 179.8643546250402 1041.60986328125 10.76904296875 55.73590671029061 471
stats: tr_play_game__answer_to_question 86 320.57424429960014 226.22390359930017 898.01416015625 12.822998046875 67.99773061535261 413
stats: tr_index 159 232.83193144408426 210.00787571827743 971.399169921875 8.088134765625 26.299578431111584 587
stats: tr_quizzes_page_INDEX 28 235.6095232282366 191.85416984866075 1078.618896484375 13.0849609375 70.51052145761986 146
stats: tr_quiz_questions_SHOW 112 262.20698111397877 196.33363191001126 943.7421875 11.7529296875 43.01311357372303 788
# stats: dump at 1449469884
stats: users 1181 1181
stats: {recvpackets,"tsung_controller@ip-172-30-3-127"} 1 15213.0 0.0 15213 87 3024.8947368421054 19
stats: {sentpackets,"tsung_controller@ip-172-30-3-127"} 1 11487.0 0.0 11487 84 2528.684210526316 19
stats: {cpu,"tsung_controller@ip-172-30-3-127"} 1 19.838709677419356 0.0 19.838709677419356 1.5732546705998034 6.207421406999936 20
stats: {load,"tsung_controller@ip-172-30-3-127"} 1 0.19140625 0.0 0.19140625 0.0 0.0103515625 20
stats: {freemem,"tsung_controller@ip-172-30-3-127"} 1 2927.71875 0.0 3163.88671875 2927.71875 3120.2367187500004 20
stats: session 77 42429.12437538048 16346.619617242888 96268.84399414063 7028.764892578125 38018.74739457649 518
stats: users_count 333 1776
stats: finish_users_count 77 595
stats: request 2304 833.4289623896274 465.1321782513347 5191.072998046875 6.197021484375 137.1214248732612 12347
stats: connect 334 2.2172230246538183 1.8411707431966327 116.507080078125 0.68505859375 2.8630523153654845 1445
stats: page 2073 914.5753465312948 594.1653291385343 5428.56298828125 8.0400390625 157.9760034168231 10655
stats: tr_play_game__ready_page 141 762.3928084136745 381.48029376876457 1704.011962890625 10.09716796875 106.35734219566416 622
stats: 302 105 576
stats: tr_play_game__leaderboard 70 809.9743617466518 443.1587194166076 1820.4931640625 11.02685546875 90.22239690995866 257
stats: 200 2122 13095
stats: tr_question_new_POST 76 652.1289287366366 426.6720935471705 1619.011962890625 6.2900390625 47.19027096914666 906
stats: size_rcv 6627299 48639439
stats: tr_quiz_new_POST 14 858.0596226283482 487.3823960748143 3342.35498046875 13.835205078125 153.40358446465163 122
stats: newphase 0 6
stats: tr_friend_requests 57 715.7782517817982 379.5078384267702 1405.76904296875 11.304931640625 119.24746376226754 242
stats: size_sent 4302938 24461876
stats: tr_friends 36 1001.4207967122396 432.1452273268457 1651.033203125 53.556884765625 262.42493751011983 193
stats: connected 257 1181
stats: tr_search_all_users 26 1312.7196420522837 448.50027161346355 2256.759033203125 78.632080078125 355.29993091930044 176
stats: 404 76 982
stats: tr_browse_quizzes_page_1 166 1323.3465899731746 437.97458090335834 5191.1337890625 87.6650390625 406.8047770767759 695
stats: tr_play_game__1st_question 132 812.2250662138968 376.72666955611015 1649.3291015625 10.76904296875 104.0786128639156 585
stats: tr_play_game__answer_to_question 125 840.58716015625 376.631004630148 1929.299072265625 12.822998046875 111.52795141063373 499
stats: tr_index 175 653.6463295200896 376.43674532701266 1505.55908203125 8.088134765625 70.31920863092748 746
stats: tr_quizzes_page_INDEX 35 703.6712541852679 389.3886963291901 1539.402099609375 13.0849609375 97.0781769149605 174
stats: tr_quiz_questions_SHOW 74 709.9277376741978 416.4980864546684 1506.501220703125 11.7529296875 70.29057264539931 900
# stats: dump at 1449469894
stats: users 1229 1280
stats: {recvpackets,"tsung_controller@ip-172-30-3-127"} 1 16269.0 0.0 16269 87 3634.3 20
stats: {sentpackets,"tsung_controller@ip-172-30-3-127"} 1 12070.0 0.0 12070 84 2976.6 20
stats: {cpu,"tsung_controller@ip-172-30-3-127"} 1 19.98407643312102 0.0 19.98407643312102 1.5732546705998034 6.856530372258003 21
stats: {load,"tsung_controller@ip-172-30-3-127"} 1 0.16015625 0.0 0.19140625 0.0 0.018973214285714284 21
stats: {freemem,"tsung_controller@ip-172-30-3-127"} 1 2866.27734375 0.0 3163.88671875 2866.27734375 3111.0691964285716 21
stats: session 91 48490.62429708964 12817.35276768463 96268.84399414063 7028.764892578125 38589.502062680534 595
stats: users_count 139 1915
stats: finish_users_count 91 686
stats: request 2127 1599.0518275997595 578.2671233350735 5191.072998046875 6.197021484375 246.6219754457619 14651
stats: connect 139 2.4146948066546763 1.9174064418869925 116.507080078125 0.68505859375 2.7418004979974704 1779
stats: page 1883 1747.6857165935753 802.8947227300703 6536.9150390625 8.0400390625 281.2027820368969 12728
stats: tr_play_game__ready_page 146 1507.9333061322775 495.68948595068457 3453.114013671875 10.09716796875 227.59063280738036 763
stats: 302 103 679
stats: tr_play_game__leaderboard 49 1552.8547811702804 479.9058677370565 3356.015869140625 11.02685546875 244.29774106460243 327
stats: 200 1966 15061
stats: tr_question_new_POST 60 1276.1331746419273 352.78895137996807 2115.90185546875 6.2900390625 94.00833409575483 982
stats: size_rcv 6155751 54795190
stats: tr_quiz_new_POST 25 1702.477119140625 533.7296724507971 3422.73779296875 13.835205078125 225.9417060403263 136
stats: newphase 0 6
stats: tr_friend_requests 47 1460.1849495096412 411.7559404869614 2698.471923828125 11.304931640625 232.9673798730142 299
stats: size_sent 4063890 28525766
stats: tr_friends 56 1868.5889674595423 566.3372006238958 3751.134033203125 53.556884765625 378.5989590440775 229
stats: connected 55 1236
stats: tr_search_all_users 34 1965.5357666015625 555.1622017086993 4191.661865234375 78.632080078125 478.5321709661201 202
stats: 404 60 1042
stats: tr_browse_quizzes_page_1 146 2040.1778614619006 516.4083118026639 5191.1337890625 87.6650390625 583.5131869964068 861
stats: tr_play_game__1st_question 131 1498.774745795563 536.8147528082968 3471.448974609375 10.76904296875 234.44867122123432 717
stats: tr_play_game__answer_to_question 109 1562.6752280139049 579.1422473224557 3508.5419921875 12.822998046875 257.57346598307294 624
stats: tr_index 109 1303.7161025301032 358.29068477239855 2458.0849609375 8.088134765625 181.15769522767383 921
stats: tr_quizzes_page_INDEX 44 1398.3100363991477 357.30345403726966 2588.0810546875 13.0849609375 198.66074966357655 209
stats: tr_quiz_questions_SHOW 57 1303.6531232867324 427.32999694398416 2596.64599609375 11.7529296875 118.88723610754622 974
# stats: dump at 1449469904
stats: users 1084 1280
stats: {recvpackets,"tsung_controller@ip-172-30-3-127"} 1 15296.0 0.0 16269 87 4235.952380952381 21
stats: {sentpackets,"tsung_controller@ip-172-30-3-127"} 1 10477.0 0.0 12070 84 3409.6190476190477 21
stats: {cpu,"tsung_controller@ip-172-30-3-127"} 1 17.205169628432955 0.0 19.98407643312102 1.5732546705998034 7.453237011388141 22
stats: {load,"tsung_controller@ip-172-30-3-127"} 1 0.21875 0.0 0.21875 0.0 0.025390625 22
stats: {freemem,"tsung_controller@ip-172-30-3-127"} 1 2829.7890625 0.0 3163.88671875 2829.7890625 3099.942294034091 22
stats: session 145 47916.38718514278 14453.633343265117 96268.84399414063 7028.764892578125 39902.91623663276 686
stats: users_count 0 1915
stats: finish_users_count 145 831
stats: request 2513 1362.827862886429 685.5645588619445 5191.072998046875 6.197021484375 418.0737751555934 16778
stats: connect 0 0 0 116.507080078125 0.68505859375 2.7180947153610533 1918
stats: page 2141 1638.591380547385 1062.9299627233625 7070.609130859375 8.0400390625 470.19651044496106 14611
stats: tr_play_game__ready_page 105 1480.6686453683035 768.4252261935711 3681.4228515625 10.09716796875 433.23423050312846 909
stats: 302 110 789
stats: tr_play_game__leaderboard 75 1218.779111328125 603.0737089933314 3510.322021484375 11.02685546875 414.82778086560836 376
stats: 200 2239 17300
stats: tr_question_new_POST 160 962.2135971069335 504.71989605722314 2835.2978515625 6.2900390625 162.07694295637896 1042
stats: size_rcv 6929085 61724275
stats: tr_quiz_new_POST 34 1312.318323471967 541.5636028062011 3422.73779296875 13.835205078125 455.2173913043478 161
stats: newphase 0 6
stats: tr_friend_requests 83 1317.9881341773341 627.1845285633993 3562.327880859375 11.304931640625 399.6703445346369 346
stats: size_sent 4993109 33518875
stats: tr_friends 68 1554.1090985466453 640.8570502579407 3848.027099609375 53.556884765625 671.3689256099233 285
stats: connected -148 1088
stats: tr_search_all_users 70 1766.7380789620536 631.0217912023658 4191.661865234375 78.632080078125 692.7615025407177 236
stats: 404 161 1203
stats: tr_browse_quizzes_page_1 23 2371.5181407099185 769.8614708106597 5191.1337890625 87.6650390625 794.7078667103711 1007
stats: tr_play_game__1st_question 142 1370.9548597738776 609.2239784487513 3471.448974609375 10.76904296875 429.76319453401385 848
stats: tr_play_game__answer_to_question 140 1324.7619227818082 643.3625329865257 3508.5419921875 12.822998046875 451.64726142831256 733
stats: tr_index 0 0 0 2458.0849609375 8.088134765625 299.9527111460863 1030
stats: tr_quizzes_page_INDEX 49 1253.2365573182399 473.0417194522325 2835.277099609375 13.0849609375 407.29540822628456 253
stats: tr_quiz_questions_SHOW 151 1041.5248263529597 506.3695791246207 3116.775146484375 11.7529296875 184.38835693122576 1031
# stats: dump at 1449469914
stats: users 894 1280
stats: {recvpackets,"tsung_controller@ip-172-30-3-127"} 1 17882.0 0.0 17882 87 4738.681818181818 22
stats: {sentpackets,"tsung_controller@ip-172-30-3-127"} 1 10964.0 0.0 12070 84 3730.8636363636365 22
stats: {cpu,"tsung_controller@ip-172-30-3-127"} 1 18.43168957154406 0.0 19.98407643312102 1.5732546705998034 7.877234081694437 23
stats: {load,"tsung_controller@ip-172-30-3-127"} 1 0.1796875 0.0 0.21875 0.0 0.03379755434782609 23
stats: {freemem,"tsung_controller@ip-172-30-3-127"} 1 2807.9609375 0.0 3163.88671875 2807.9609375 3088.1965013586955 23
stats: session 190 51482.15489951685 14301.512328338615 106799.69287109375 7028.764892578125 41301.17530707073 831
stats: users_count 0 1915
stats: finish_users_count 190 1021
stats: request 3060 794.8016545713341 387.9751039731989 5191.072998046875 6.197021484375 541.1450012437998 19291
stats: connect 2 3.3934326171875 1.7874755859375 116.507080078125 0.68505859375 2.7180947153610533 1918
stats: page 2496 990.6361264937973 590.3359713473861 7070.609130859375 8.0400390625 619.5239589221154 16752
stats: tr_play_game__ready_page 15 1002.90908203125 337.27445885437396 3681.4228515625 10.09716796875 541.696374054256 1014
stats: 302 57 846
stats: tr_play_game__leaderboard 118 736.4370799953655 345.62298360702096 3510.322021484375 11.02685546875 548.5225697451843 451
stats: 200 2611 19911
stats: tr_question_new_POST 393 622.0336584814329 296.02986817550067 2835.2978515625 6.2900390625 268.5843178849054 1202
stats: size_rcv 8417167 70141442
stats: tr_quiz_new_POST 47 812.9038553440824 350.72425961475557 3422.73779296875 13.835205078125 604.6606307592148 195
stats: newphase 0 6
stats: tr_friend_requests 59 780.0056442002119 296.62035346730045 3562.327880859375 11.304931640625 577.3402199200539 429
stats: size_sent 5860339 39379214
stats: tr_friends 67 1104.7960842758857 397.3453043459593 3848.027099609375 53.556884765625 841.4151912181303 353
stats: connected -179 909
stats: tr_search_all_users 66 1251.504376035748 404.7548436465647 4191.661865234375 78.632080078125 938.4424187155331 306
stats: 404 393 1596
stats: tr_browse_quizzes_page_1 0 0 0 5191.1337890625 87.6650390625 829.9181932171572 1030
stats: tr_play_game__1st_question 39 999.886962890625 348.68773611066877 3471.448974609375 10.76904296875 564.7624030835701 990
stats: tr_play_game__answer_to_question 122 925.3376765016651 413.85236806331045 3508.5419921875 12.822998046875 591.6656492742339 873
stats: tr_index 0 0 0 2458.0849609375 8.088134765625 299.9527111460863 1030
stats: tr_quizzes_page_INDEX 33 793.8280288233901 345.4185045854797 2835.277099609375 13.0849609375 544.5507602312707 302
stats: tr_quiz_questions_SHOW 391 681.6269144121641 299.58639719876993 3116.775146484375 11.7529296875 293.88717832097353 1182
# stats: dump at 1449469924
stats: users 583 1280
stats: {recvpackets,"tsung_controller@ip-172-30-3-127"} 1 20786.0 0.0 20786 87 5310.130434782609 23
stats: {sentpackets,"tsung_controller@ip-172-30-3-127"} 1 12338.0 0.0 12338 84 4045.3478260869565 23
stats: {cpu,"tsung_controller@ip-172-30-3-127"} 1 18.818897637795278 0.0 19.98407643312102 1.5732546705998034 8.317003060438172 24
stats: {load,"tsung_controller@ip-172-30-3-127"} 1 0.23828125 0.0 0.23828125 0.0 0.039876302083333336 24
stats: {freemem,"tsung_controller@ip-172-30-3-127"} 1 2813.27734375 0.0 3163.88671875 2807.9609375 3076.52001953125 24
stats: session 311 54214.94034961567 14897.962251239005 110159.4599609375 7028.764892578125 43195.774839455415 1021
stats: users_count 0 1915
stats: finish_users_count 311 1332
stats: request 3076 447.01196558918906 334.22420234243634 5191.072998046875 6.197021484375 575.8722778391314 22351
stats: connect 1 3.842041015625 0.0 116.507080078125 0.68505859375 2.7187981923421223 1920
stats: page 2418 575.4275502093681 462.4857313995623 7070.609130859375 8.0400390625 667.6482300286676 19248
stats: tr_play_game__ready_page 1 81.037841796875 0.0 3681.4228515625 10.09716796875 548.4195913717049 1029
stats: 302 17 863
stats: tr_play_game__leaderboard 146 400.2129040025685 318.5566481478096 3510.322021484375 11.02685546875 587.4925384789653 569
stats: 200 2505 22416
stats: tr_question_new_POST 555 355.78085321649786 283.3841381609921 2835.2978515625 6.2900390625 355.6724626212285 1595
stats: size_rcv 9139120 79280562
stats: tr_quiz_new_POST 38 422.33567408511516 246.84651255511582 3422.73779296875 13.835205078125 645.104562806689 242
stats: newphase 0 6
stats: tr_friend_requests 21 521.9705636160714 293.0028540592961 3562.327880859375 11.304931640625 601.8428019539255 488
stats: size_sent 5402639 44781853
stats: tr_friends 48 797.1793365478516 385.3191212827402 3848.027099609375 53.556884765625 883.4307146344867 420
stats: connected -315 594
stats: tr_search_all_users 68 957.0675551470588 418.6367086489407 4191.661865234375 78.632080078125 993.9856692078293 372
stats: 404 554 2150
stats: tr_browse_quizzes_page_1 0 0 0 5191.1337890625 87.6650390625 829.9181932171572 1030
stats: tr_play_game__1st_question 1 15.116943359375 0.0 3471.448974609375 10.76904296875 581.2540044756742 1029
stats: tr_play_game__answer_to_question 28 487.66255405970986 298.2867626523267 3508.5419921875 12.822998046875 632.5781993463411 995
stats: tr_index 0 0 0 2458.0849609375 8.088134765625 299.9527111460863 1030
stats: tr_quizzes_page_INDEX 10 454.320068359375 317.2428486393398 2835.277099609375 13.0849609375 569.1064314657183 335
stats: tr_quiz_questions_SHOW 569 406.29759025908953 283.9140579401586 3116.775146484375 11.7529296875 390.26749415800816 1573
# stats: dump at 1449469934
stats: users 342 1280
stats: {recvpackets,"tsung_controller@ip-172-30-3-127"} 1 15925.0 0.0 20786 87 5954.958333333333 24
stats: {sentpackets,"tsung_controller@ip-172-30-3-127"} 1 9931.0 0.0 12338 84 4390.875 24
stats: {cpu,"tsung_controller@ip-172-30-3-127"} 1 15.504511894995899 0.0 19.98407643312102 1.5732546705998034 8.737078843532457 25
stats: {load,"tsung_controller@ip-172-30-3-127"} 1 0.19921875 0.0 0.23828125 0.0 0.0478125 25
stats: {freemem,"tsung_controller@ip-172-30-3-127"} 1 2852.19140625 0.0 3163.88671875 2807.9609375 3065.9903125 25
stats: session 241 55869.56882942168 10910.841244329093 110159.4599609375 7028.764892578125 45768.56798784869 1332
stats: users_count 0 1915
stats: finish_users_count 241 1573
stats: request 2106 126.40681108291818 164.08533211078114 5191.072998046875 6.138916015625 560.2835603152071 25427
stats: connect 3 2.4566243489583335 1.5363560917344559 116.507080078125 0.68505859375 2.7193829101054137 1921
stats: page 1649 164.3933780593827 219.3713836352107 7070.609130859375 8.0400390625 657.3560854794631 21666
stats: tr_play_game__ready_page 0 0 0 3681.4228515625 10.09716796875 547.9658226827974 1030
stats: 302 18 881
stats: tr_play_game__leaderboard 135 80.84729094328704 116.88804259836266 3510.322021484375 10.503173828125 549.2508229075613 715
stats: 200 1718 24134
stats: tr_question_new_POST 368 90.06438678243882 115.69625479289307 2835.2978515625 6.239013671875 355.70044251907706 2150
stats: size_rcv 6738746 86019308
stats: tr_quiz_new_POST 36 125.1715087890625 149.3723552871253 3422.73779296875 13.835205078125 614.8716421944755 280
stats: newphase 0 6
stats: tr_friend_requests 15 110.952392578125 128.82107276051326 3562.327880859375 11.304931640625 598.5474836727959 509
stats: size_sent 3808156 48590009
stats: tr_friends 35 301.08736746651783 265.3838090677249 3848.027099609375 50.6689453125 874.5844194461138 468
stats: connected -245 349
stats: tr_search_all_users 46 374.00181513247276 310.4072362375499 4191.661865234375 78.632080078125 988.2801424893466 440
stats: 404 368 2518
stats: tr_browse_quizzes_page_1 0 0 0 5191.1337890625 87.6650390625 829.9181932171572 1030
stats: tr_play_game__1st_question 0 0 0 3471.448974609375 10.76904296875 580.7043568435224 1030
stats: tr_play_game__answer_to_question 7 135.41050502232142 81.68136251484191 3508.5419921875 12.822998046875 628.6117887226601 1023
stats: tr_index 0 0 0 2458.0849609375 8.088134765625 299.9527111460863 1030
stats: tr_quizzes_page_INDEX 7 68.32529994419643 47.352338848116354 2835.277099609375 13.0849609375 565.7792905061141 345
stats: tr_quiz_questions_SHOW 374 131.01211564171123 133.81114913834665 3116.775146484375 11.496826171875 394.525722300639 2142
# stats: dump at 1449469944
stats: users 166 1280
stats: {recvpackets,"tsung_controller@ip-172-30-3-127"} 1 8389.0 0.0 20786 87 6353.76 25
stats: {sentpackets,"tsung_controller@ip-172-30-3-127"} 1 5828.0 0.0 12338 84 4612.48 25
stats: {cpu,"tsung_controller@ip-172-30-3-127"} 1 11.02629346904156 0.0 19.98407643312102 1.5732546705998034 8.997364730127204 26
stats: {load,"tsung_controller@ip-172-30-3-127"} 1 0.171875 0.0 0.23828125 0.0 0.053635817307692304 26
stats: {freemem,"tsung_controller@ip-172-30-3-127"} 1 2905.59375 0.0 3163.88671875 2807.9609375 3057.767277644231 26
stats: session 176 62817.555670998314 10404.50999220525 124866.7080078125 7028.764892578125 47316.14662918314 1573
stats: users_count 0 1915
stats: finish_users_count 176 1749
stats: request 974 30.198662540506323 39.33835208862354 5191.072998046875 6.138916015625 527.0963146869354 27533
stats: connect 2 3.58203125 1.89208984375 116.507080078125 0.68505859375 2.7189732034092384 1924
stats: page 814 36.24098989125848 43.777663943261075 7070.609130859375 8.0400390625 622.490312177481 23315
stats: tr_play_game__ready_page 0 0 0 3681.4228515625 10.09716796875 547.9658226827974 1030
stats: 302 2 883
stats: tr_play_game__leaderboard 106 20.298086490271228 12.722557034642257 3510.322021484375 10.503173828125 474.857320772059 850
stats: 200 850 24984
stats: tr_question_new_POST 122 14.774840308017419 10.290943488186143 2835.2978515625 6.239013671875 316.8783342938654 2518
stats: size_rcv 3407574 89426882
stats: tr_quiz_new_POST 15 22.244856770833334 8.466248195267577 3422.73779296875 13.835205078125 559.0830194014537 316
stats: newphase 0 6
stats: tr_friend_requests 3 42.5673828125 20.625924847799915 3562.327880859375 11.304931640625 584.5896089277195 524
stats: size_sent 2135505 50725514
stats: tr_friends 21 97.54559616815476 36.013607715348556 3848.027099609375 50.6689453125 834.6790579763606 503
stats: connected -184 165
stats: tr_search_all_users 25 164.83521484375 89.50893503654981 4191.661865234375 78.632080078125 930.138572410301 486
stats: 404 122 2640
stats: tr_browse_quizzes_page_1 0 0 0 5191.1337890625 87.6650390625 829.9181932171572 1030
stats: tr_play_game__1st_question 0 0 0 3471.448974609375 10.76904296875 580.7043568435224 1030
stats: tr_play_game__answer_to_question 0 0 0 3508.5419921875 12.822998046875 625.2599353382889 1030
stats: tr_index 0 0 0 2458.0849609375 8.088134765625 299.9527111460863 1030
stats: tr_quizzes_page_INDEX 3 15.939046223958334 1.0381648712595861 2835.277099609375 13.0849609375 555.8867395574396 352
stats: tr_quiz_questions_SHOW 124 26.949348695816532 18.380131432606632 3116.775146484375 11.496826171875 355.35478077025783 2516
# stats: dump at 1449469954
stats: users 69 1280
stats: {recvpackets,"tsung_controller@ip-172-30-3-127"} 1 3888.0 0.0 20786 87 6432.038461538462 26
stats: {sentpackets,"tsung_controller@ip-172-30-3-127"} 1 3173.0 0.0 12338 84 4659.230769230769 26
stats: {cpu,"tsung_controller@ip-172-30-3-127"} 1 7.129798903107861 0.0 19.98407643312102 1.5732546705998034 9.072510238975884 27
stats: {load,"tsung_controller@ip-172-30-3-127"} 1 0.21875 0.0 0.23828125 0.0 0.058015046296296294 27
stats: {freemem,"tsung_controller@ip-172-30-3-127"} 1 2964.05078125 0.0 3163.88671875 2807.9609375 3052.131221064815 27
stats: session 97 71463.4755305654 10454.760287536172 124866.7080078125 7028.764892578125 48876.036847227435 1749
stats: users_count 0 1915
stats: finish_users_count 97 1846
stats: request 494 22.838013189524304 25.911897180449273 5191.072998046875 5.967041015625 510.1187894057546 28507
stats: connect 3 2.8355305989583335 1.957563005269497 116.507080078125 0.68505859375 2.7198694215261554 1926
stats: page 401 28.20168998889495 28.446083160119127 7070.609130859375 7.81396484375 602.7129924236169 24129
stats: tr_play_game__ready_page 0 0 0 3681.4228515625 10.09716796875 547.9658226827974 1030
stats: 302 2 885
stats: tr_play_game__leaderboard 47 16.761038272938833 4.986364628391547 3510.322021484375 10.503173828125 424.45640148976867 956
stats: 200 412 25396
stats: tr_question_new_POST 80 10.210983276367186 4.269182001593448 2835.2978515625 6.083984375 302.9174910111861 2640
stats: size_rcv 1727387 91154269
stats: tr_quiz_new_POST 9 20.662190755208332 6.375707964138443 3422.73779296875 13.835205078125 534.75500598919 331
stats: newphase 0 6
stats: tr_friend_requests 2 15.0889892578125 2.0120849609375 3562.327880859375 11.304931640625 581.504093409037 527
stats: size_sent 990438 51715952
stats: tr_friends 2 95.57958984375 0.08935546875 3848.027099609375 50.6689453125 805.1374497741233 524
stats: connected -95 70
stats: tr_search_all_users 15 102.46341145833334 35.3706434803349 4191.661865234375 78.540771484375 892.6971165606653 511
stats: 404 80 2720
stats: tr_browse_quizzes_page_1 0 0 0 5191.1337890625 87.6650390625 829.9181932171572 1030
stats: tr_play_game__1st_question 0 0 0 3471.448974609375 10.76904296875 580.7043568435224 1030
stats: tr_play_game__answer_to_question 0 0 0 3508.5419921875 12.822998046875 625.2599353382889 1030
stats: tr_index 0 0 0 2458.0849609375 8.088134765625 299.9527111460863 1030
stats: tr_quizzes_page_INDEX 0 0 0 2835.277099609375 13.0849609375 551.3238013039172 355
stats: tr_quiz_questions_SHOW 80 17.85003662109375 5.030825213528033 3116.775146484375 11.496826171875 339.9296771425189 2640
# stats: dump at 1449469964
stats: users 30 1280
stats: {recvpackets,"tsung_controller@ip-172-30-3-127"} 1 1722.0 0.0 20786 87 6337.814814814815 27
stats: {sentpackets,"tsung_controller@ip-172-30-3-127"} 1 1472.0 0.0 12338 84 4604.185185185184 27
stats: {cpu,"tsung_controller@ip-172-30-3-127"} 1 3.428571428571429 0.0 19.98407643312102 1.5732546705998034 9.003127691266311 28
stats: {load,"tsung_controller@ip-172-30-3-127"} 1 0.1796875 0.0 0.23828125 0.0 0.06375558035714286 28
stats: {freemem,"tsung_controller@ip-172-30-3-127"} 1 2985.33203125 0.0 3163.88671875 2807.9609375 3048.9854910714284 28
stats: session 39 82728.16612204527 9621.773815188442 124866.7080078125 7028.764892578125 50062.917428096225 1846
stats: users_count 0 1915
stats: finish_users_count 39 1885
stats: request 271 17.65120142412361 9.793326359308866 5191.072998046875 5.967041015625 501.8184996415804 29001
stats: connect 2 3.115478515625 1.822509765625 116.507080078125 0.68505859375 2.720049298940513 1929
stats: page 204 23.46053299249387 12.151928835893836 7070.609130859375 7.81396484375 593.3212666887484 24530
stats: tr_play_game__ready_page 0 0 0 3681.4228515625 10.09716796875 547.9658226827974 1030
stats: 302 0 885
stats: tr_play_game__leaderboard 19 18.51815635279605 8.872585488223109 3510.322021484375 10.503173828125 405.3520325254706 1003
stats: 200 213 25609
stats: tr_question_new_POST 58 11.223119275323276 3.7126113571762374 2835.2978515625 6.083984375 294.3084760778091 2720
stats: size_rcv 846000 92000269
stats: tr_quiz_new_POST 8 21.44287109375 5.011459945989537 3422.73779296875 13.835205078125 521.1466667624081 340
stats: newphase 0 6
stats: tr_friend_requests 1 20.239013671875 0.0 3562.327880859375 11.304931640625 579.362637438711 529
stats: size_sent 474913 52190865
stats: tr_friends 1 57.612060546875 0.0 3848.027099609375 50.6689453125 802.4395111432094 526
stats: connected -38 32
stats: tr_search_all_users 1 94.339111328125 0.0 4191.661865234375 78.540771484375 870.1619348562263 526
stats: 404 58 2778
stats: tr_browse_quizzes_page_1 0 0 0 5191.1337890625 87.6650390625 829.9181932171572 1030
stats: tr_play_game__1st_question 0 0 0 3471.448974609375 10.76904296875 580.7043568435224 1030
stats: tr_play_game__answer_to_question 0 0 0 3508.5419921875 12.822998046875 625.2599353382889 1030
stats: tr_index 0 0 0 2458.0849609375 8.088134765625 299.9527111460863 1030
stats: tr_quizzes_page_INDEX 0 0 0 2835.277099609375 13.0849609375 551.3238013039172 355
stats: tr_quiz_questions_SHOW 57 19.28696803042763 6.701361551397953 3116.775146484375 11.496826171875 330.4567465389476 2720
# stats: dump at 1449469974
stats: users 12 1280
stats: {recvpackets,"tsung_controller@ip-172-30-3-127"} 1 1032.0 0.0 20786 87 6172.964285714285 28
stats: {sentpackets,"tsung_controller@ip-172-30-3-127"} 1 875.0 0.0 12338 84 4492.3214285714275 28
stats: {cpu,"tsung_controller@ip-172-30-3-127"} 1 2.516940948693127 0.0 19.98407643312102 1.5732546705998034 8.810901613242349 29
stats: {load,"tsung_controller@ip-172-30-3-127"} 1 0.1484375 0.0 0.23828125 0.0 0.06775323275862069 29
stats: {freemem,"tsung_controller@ip-172-30-3-127"} 1 3026.93359375 0.0 3163.88671875 2807.9609375 3046.7905441810344 29
stats: session 18 85302.5065375434 8503.996900581977 124866.7080078125 7028.764892578125 50738.75015969517 1885
stats: users_count 0 1915
stats: finish_users_count 18 1903
stats: request 104 22.15863976111779 23.807167435988813 5191.072998046875 5.967041015625 497.3360817057738 29272
stats: connect 0 0 0 116.507080078125 0.68505859375 2.7204588579427758 1931
stats: page 78 29.6851806640625 28.297919463343288 7070.609130859375 7.81396484375 588.6211943319103 24734
stats: tr_play_game__ready_page 0 0 0 3681.4228515625 10.09716796875 547.9658226827974 1030
stats: 302 0 885
stats: tr_play_game__leaderboard 6 14.8192138671875 0.6465164092118667 3510.322021484375 10.503173828125 398.16040469055787 1022
stats: 200 82 25691
stats: tr_question_new_POST 22 11.444990678267045 4.9296957044701415 2835.2978515625 6.083984375 288.39812665572697 2778
stats: size_rcv 355924 92356193
stats: tr_quiz_new_POST 2 17.9849853515625 1.3770751953125 3422.73779296875 13.835205078125 509.65922318381826 348
stats: newphase 0 6
stats: tr_friend_requests 0 0 0 3562.327880859375 11.304931640625 578.3076872051887 530
stats: size_sent 168418 52359283
stats: tr_friends 2 145.989013671875 2.524169921875 3848.027099609375 50.6689453125 801.0261763223434 527
stats: connected -23 9
stats: tr_search_all_users 2 98.4039306640625 1.2799072265625 4191.661865234375 78.540771484375 868.6897852859641 527
stats: 404 22 2800
stats: tr_browse_quizzes_page_1 0 0 0 5191.1337890625 87.6650390625 829.9181932171572 1030
stats: tr_play_game__1st_question 0 0 0 3471.448974609375 10.76904296875 580.7043568435224 1030
stats: tr_play_game__answer_to_question 0 0 0 3508.5419921875 12.822998046875 625.2599353382889 1030
stats: tr_index 0 0 0 2458.0849609375 8.088134765625 299.9527111460863 1030
stats: tr_quizzes_page_INDEX 0 0 0 2835.277099609375 13.0849609375 551.3238013039172 355
stats: tr_quiz_questions_SHOW 23 19.10889733355978 5.98299726518139 3116.775146484375 11.496826171875 324.06975432613314 2777
# stats: dump at 1449469984
stats: users 5 1280
stats: {recvpackets,"tsung_controller@ip-172-30-3-127"} 1 273.0 0.0 20786 87 5995.689655172414 29
stats: {sentpackets,"tsung_controller@ip-172-30-3-127"} 1 231.0 0.0 12338 84 4367.586206896551 29
stats: {cpu,"tsung_controller@ip-172-30-3-127"} 1 1.761252446183953 0.0 19.98407643312102 1.5732546705998034 8.601102924424042 30
stats: {load,"tsung_controller@ip-172-30-3-127"} 1 0.12890625 0.0 0.23828125 0.0 0.07044270833333334 30
stats: {freemem,"tsung_controller@ip-172-30-3-127"} 1 3029.484375 0.0 3163.88671875 2807.9609375 3046.1286458333334 30
stats: session 7 98567.04844447544 9936.684248067482 124866.7080078125 7028.764892578125 51065.680067630674 1903
stats: users_count 0 1915
stats: finish_users_count 7 1910
stats: request 59 15.88978085275424 5.41434268231042 5191.072998046875 5.967041015625 495.6538086269937 29376
stats: connect 2 1.8170166015625 0.0450439453125 116.507080078125 0.68505859375 2.7204588579427758 1931
stats: page 41 22.928026152820124 8.635561869638897 7070.609130859375 7.81396484375 586.8641006245875 24812
stats: tr_play_game__ready_page 0 0 0 3681.4228515625 10.09716796875 547.9658226827974 1030
stats: 302 0 885
stats: tr_play_game__leaderboard 1 15.339111328125 0.0 3510.322021484375 10.503173828125 395.9230047441179 1028
stats: 200 43 25734
stats: tr_question_new_POST 16 11.533233642578125 2.27899856359978 2835.2978515625 6.083984375 286.2220663016183 2800
stats: size_rcv 189445 92545638
stats: tr_quiz_new_POST 2 21.08544921875 4.6064453125 3422.73779296875 13.835205078125 506.8496561104911 350
stats: newphase 0 6
stats: tr_friend_requests 0 0 0 3562.327880859375 11.304931640625 578.3076872051887 530
stats: size_sent 80448 52439731
stats: tr_friends 0 0 0 3848.027099609375 50.6689453125 798.5496653104324 529
stats: connected -4 5
stats: tr_search_all_users 0 0 0 4191.661865234375 78.540771484375 865.7775514310609 529
stats: 404 16 2816
stats: tr_browse_quizzes_page_1 0 0 0 5191.1337890625 87.6650390625 829.9181932171572 1030
stats: tr_play_game__1st_question 0 0 0 3471.448974609375 10.76904296875 580.7043568435224 1030
stats: tr_play_game__answer_to_question 0 0 0 3508.5419921875 12.822998046875 625.2599353382889 1030
stats: tr_index 0 0 0 2458.0849609375 8.088134765625 299.9527111460863 1030
stats: tr_quizzes_page_INDEX 0 0 0 2835.277099609375 13.0849609375 551.3238013039172 355
stats: tr_quiz_questions_SHOW 16 17.407104492187496 4.1918136020106616 3116.775146484375 11.496826171875 321.56471871512275 2800
# stats: dump at 1449469994
stats: users 2 1280
stats: {recvpackets,"tsung_controller@ip-172-30-3-127"} 1 46.0 0.0 20786 46 5804.933333333333 30
stats: {sentpackets,"tsung_controller@ip-172-30-3-127"} 1 51.0 0.0 12338 51 4229.699999999999 30
stats: {cpu,"tsung_controller@ip-172-30-3-127"} 1 1.1799410029498525 0.0 19.98407643312102 1.1799410029498525 8.380462586416296 31
stats: {load,"tsung_controller@ip-172-30-3-127"} 1 0.109375 0.0 0.23828125 0.0 0.07232862903225806 31
stats: {freemem,"tsung_controller@ip-172-30-3-127"} 1 3050.2265625 0.0 3163.88671875 2807.9609375 3045.591733870968 31
stats: session 3 105958.36165364583 3021.003725339617 124866.7080078125 7028.764892578125 51239.768852257854 1910
stats: users_count 0 1915
stats: finish_users_count 3 1913
stats: request 55 15.985644531250005 6.41594803775603 5191.072998046875 5.967041015625 494.69216168836004 29435
stats: connect 2 3.39599609375 2.031982421875 116.507080078125 0.68505859375 2.7195241013402094 1933
stats: page 37 23.83247334248311 6.7427543579936255 7070.609130859375 7.81396484375 585.9337751486554 24853
stats: tr_play_game__ready_page 0 0 0 3681.4228515625 10.09716796875 547.9658226827974 1030
stats: 302 0 885
stats: tr_play_game__leaderboard 1 12.56298828125 0.0 3510.322021484375 10.503173828125 395.55314673302365 1029
stats: 200 39 25773
stats: tr_question_new_POST 16 10.551132202148438 3.7520813996666775 2835.2978515625 6.083984375 284.6613342978738 2816
stats: size_rcv 174251 92719889
stats: tr_quiz_new_POST 2 21.7818603515625 2.5120849609375 3422.73779296875 13.835205078125 504.0896322076971 352
stats: newphase 0 6
stats: tr_friend_requests 0 0 0 3562.327880859375 11.304931640625 578.3076872051887 530
stats: size_sent 66612 52506343
stats: tr_friends 0 0 0 3848.027099609375 50.6689453125 798.5496653104324 529
stats: connected -4 1
stats: tr_search_all_users 0 0 0 4191.661865234375 78.540771484375 865.7775514310609 529
stats: 404 16 2832
stats: tr_browse_quizzes_page_1 0 0 0 5191.1337890625 87.6650390625 829.9181932171572 1030
stats: tr_play_game__1st_question 0 0 0 3471.448974609375 10.76904296875 580.7043568435224 1030
stats: tr_play_game__answer_to_question 0 0 0 3508.5419921875 12.822998046875 625.2599353382889 1030
stats: tr_index 0 0 0 2458.0849609375 8.088134765625 299.9527111460863 1030
stats: tr_quizzes_page_INDEX 0 0 0 2835.277099609375 13.0849609375 551.3238013039172 355
stats: tr_quiz_questions_SHOW 16 15.25433349609375 2.028552677066645 3116.775146484375 11.496826171875 319.8365504524925 2816
# stats: dump at 1449470004
stats: users 2 1280
stats: {recvpackets,"tsung_controller@ip-172-30-3-127"} 1 203.0 0.0 20786 46 5619.1612903225805 31
stats: {sentpackets,"tsung_controller@ip-172-30-3-127"} 1 155.0 0.0 12338 51 4094.903225806451 31
stats: {cpu,"tsung_controller@ip-172-30-3-127"} 1 1.183431952662722 0.0 19.98407643312102 1.1799410029498525 8.155446286932971 32
stats: {load,"tsung_controller@ip-172-30-3-127"} 1 0.08984375 0.0 0.23828125 0.0 0.073486328125 32
stats: {freemem,"tsung_controller@ip-172-30-3-127"} 1 3050.23828125 0.0 3163.88671875 2807.9609375 3045.736572265625 32
stats: session 0 0 0 124866.7080078125 7028.764892578125 51325.57950484759 1913
stats: users_count 0 1915
stats: finish_users_count 0 1913
stats: request 0 0 0 5191.072998046875 5.967041015625 493.7993553660935 29490
stats: connect 0 0 0 116.507080078125 0.68505859375 2.7202232971979976 1935
stats: page 0 0 0 7070.609130859375 7.81396484375 585.0981886413501 24890
stats: tr_play_game__ready_page 0 0 0 3681.4228515625 10.09716796875 547.9658226827974 1030
stats: 302 0 885
stats: tr_play_game__leaderboard 0 0 0 3510.322021484375 10.503173828125 395.1813116277307 1030
stats: 200 0 25773
stats: tr_question_new_POST 0 0 0 2835.2978515625 6.083984375 283.11268908829345 2832
stats: size_rcv 0 92719889
stats: tr_quiz_new_POST 0 0 0 3422.73779296875 13.835205078125 501.36472954184325 354
stats: newphase 0 6
stats: tr_friend_requests 0 0 0 3562.327880859375 11.304931640625 578.3076872051887 530
stats: size_sent 0 52506343
stats: tr_friends 0 0 0 3848.027099609375 50.6689453125 798.5496653104324 529
stats: connected 0 1
stats: tr_search_all_users 0 0 0 4191.661865234375 78.540771484375 865.7775514310609 529
stats: 404 0 2832
stats: tr_browse_quizzes_page_1 0 0 0 5191.1337890625 87.6650390625 829.9181932171572 1030
stats: tr_play_game__1st_question 0 0 0 3471.448974609375 10.76904296875 580.7043568435224 1030
stats: tr_play_game__answer_to_question 0 0 0 3508.5419921875 12.822998046875 625.2599353382889 1030
stats: tr_index 0 0 0 2458.0849609375 8.088134765625 299.9527111460863 1030
stats: tr_quizzes_page_INDEX 0 0 0 2835.277099609375 13.0849609375 551.3238013039172 355
stats: tr_quiz_questions_SHOW 0 0 0 3116.775146484375 11.496826171875 318.11574696686307 2832
# stats: dump at 1449470014
stats: users 1 1280
stats: {recvpackets,"tsung_controller@ip-172-30-3-127"} 1 0.0 0.0 20786 0 5449.90625 32
stats: {sentpackets,"tsung_controller@ip-172-30-3-127"} 1 0.0 0.0 12338 0 3971.781249999999 32
stats: {cpu,"tsung_controller@ip-172-30-3-127"} 1 0.8893280632411068 0.0 19.98407643312102 0.8893280632411068 7.944173125288418 33
stats: {load,"tsung_controller@ip-172-30-3-127"} 1 0.078125 0.0 0.23828125 0.0 0.07398200757575757 33
stats: {freemem,"tsung_controller@ip-172-30-3-127"} 1 3050.65625 0.0 3163.88671875 2807.9609375 3045.872987689394 33
stats: session 1 126243.65698242188 0.0 126243.65698242188 7028.764892578125 51325.57950484759 1913
stats: users_count 0 1915
stats: finish_users_count 1 1914
stats: request 28 20.133274623325892 14.183284475842724 5191.072998046875 5.967041015625 493.7993553660935 29490
stats: connect 1 1.968017578125 0.0 116.507080078125 0.68505859375 2.7202232971979976 1935
stats: page 18 31.40115017361111 17.394824880103222 7070.609130859375 7.81396484375 585.0981886413501 24890
stats: tr_play_game__ready_page 0 0 0 3681.4228515625 10.09716796875 547.9658226827974 1030
stats: 302 0 885
stats: tr_play_game__leaderboard 0 0 0 3510.322021484375 10.503173828125 395.1813116277307 1030
stats: 200 20 25793
stats: tr_question_new_POST 8 11.68975830078125 1.735794031367579 2835.2978515625 6.083984375 283.11268908829345 2832
stats: size_rcv 88771 92808660
stats: tr_quiz_new_POST 1 24.134765625 0.0 3422.73779296875 13.835205078125 501.36472954184325 354
stats: newphase 0 6
stats: tr_friend_requests 0 0 0 3562.327880859375 11.304931640625 578.3076872051887 530
stats: size_sent 29970 52536313
stats: tr_friends 1 87.56689453125 0.0 3848.027099609375 50.6689453125 798.5496653104324 529
stats: connected 0 1
stats: tr_search_all_users 0 0 0 4191.661865234375 78.540771484375 865.7775514310609 529
stats: 404 8 2840
stats: tr_browse_quizzes_page_1 0 0 0 5191.1337890625 87.6650390625 829.9181932171572 1030
stats: tr_play_game__1st_question 0 0 0 3471.448974609375 10.76904296875 580.7043568435224 1030
stats: tr_play_game__answer_to_question 0 0 0 3508.5419921875 12.822998046875 625.2599353382889 1030
stats: tr_index 0 0 0 2458.0849609375 8.088134765625 299.9527111460863 1030
stats: tr_quizzes_page_INDEX 0 0 0 2835.277099609375 13.0849609375 551.3238013039172 355
stats: tr_quiz_questions_SHOW 8 19.074188232421875 2.171620612846676 3116.775146484375 11.496826171875 318.11574696686307 2832
# stats: dump at 1449470024
stats: users 1 1280
stats: {recvpackets,"tsung_controller@ip-172-30-3-127"} 1 112.0 0.0 20786 0 5284.757575757576 33
stats: {sentpackets,"tsung_controller@ip-172-30-3-127"} 1 84.0 0.0 12338 0 3851.4242424242416 33
stats: {cpu,"tsung_controller@ip-172-30-3-127"} 1 1.0826771653543308 0.0 19.98407643312102 0.8893280632411068 7.736677682287027 34
stats: {load,"tsung_controller@ip-172-30-3-127"} 1 0.0703125 0.0 0.23828125 0.0 0.07410386029411764 34
stats: {freemem,"tsung_controller@ip-172-30-3-127"} 1 3051.0625 0.0 3163.88671875 2807.9609375 3046.013671875 34
stats: session 0 0 0 126243.65698242188 7028.764892578125 51364.721656089794 1914
stats: users_count 0 1915
stats: finish_users_count 0 1914
stats: request 0 0 0 5191.072998046875 5.967041015625 493.3500481548733 29518
stats: connect 0 0 0 116.507080078125 0.68505859375 2.7198347611860796 1936
stats: page 0 0 0 7070.609130859375 7.81396484375 584.6980542792006 24908
stats: tr_play_game__ready_page 0 0 0 3681.4228515625 10.09716796875 547.9658226827974 1030
stats: 302 0 885
stats: tr_play_game__leaderboard 0 0 0 3510.322021484375 10.503173828125 395.1813116277307 1030
stats: 200 0 25793
stats: tr_question_new_POST 0 0 0 2835.2978515625 6.083984375 282.34811745227233 2840
stats: size_rcv 0 92808660
stats: tr_quiz_new_POST 0 0 0 3422.73779296875 13.835205078125 500.020419784331 355
stats: newphase 0 6
stats: tr_friend_requests 0 0 0 3562.327880859375 11.304931640625 578.3076872051887 530
stats: size_sent 0 52536313
stats: tr_friends 0 0 0 3848.027099609375 50.6689453125 797.2081883844339 530
stats: connected 0 1
stats: tr_search_all_users 0 0 0 4191.661865234375 78.540771484375 865.7775514310609 529
stats: 404 0 2840
stats: tr_browse_quizzes_page_1 0 0 0 5191.1337890625 87.6650390625 829.9181932171572 1030
stats: tr_play_game__1st_question 0 0 0 3471.448974609375 10.76904296875 580.7043568435224 1030
stats: tr_play_game__answer_to_question 0 0 0 3508.5419921875 12.822998046875 625.2599353382889 1030
stats: tr_index 0 0 0 2458.0849609375 8.088134765625 299.9527111460863 1030
stats: tr_quizzes_page_INDEX 0 0 0 2835.277099609375 13.0849609375 551.3238013039172 355
stats: tr_quiz_questions_SHOW 0 0 0 3116.775146484375 11.496826171875 317.27337637887877 2840
# stats: dump at 1449470033
stats: users 0 1280
stats: {recvpackets,"tsung_controller@ip-172-30-3-127"} 1 0.0 0.0 20786 0 5132.617647058823 34
stats: {sentpackets,"tsung_controller@ip-172-30-3-127"} 1 0.0 0.0 12338 0 3740.6176470588225 34
stats: {cpu,"tsung_controller@ip-172-30-3-127"} 1 0.8902077151335311 0.0 19.98407643312102 0.8893280632411068 7.546563381803235 35
stats: {load,"tsung_controller@ip-172-30-3-127"} 1 0.05859375 0.0 0.23828125 0.0 0.07399553571428572 35
stats: {freemem,"tsung_controller@ip-172-30-3-127"} 1 3051.0546875 0.0 3163.88671875 2807.9609375 3046.1579241071427 35
stats: session 1 154457.13208007813 0.0 154457.13208007813 7028.764892578125 51364.721656089794 1914
stats: users_count 0 1915
stats: finish_users_count 1 1915
stats: request 2 87.9515380859375 1.1214599609375 5191.072998046875 5.967041015625 493.3500481548733 29518
stats: connect 0 0 0 116.507080078125 0.68505859375 2.7198347611860796 1936
stats: page 2 87.9515380859375 1.1214599609375 7070.609130859375 7.81396484375 584.6980542792006 24908
stats: tr_play_game__ready_page 0 0 0 3681.4228515625 10.09716796875 547.9658226827974 1030
stats: 302 0 885
stats: tr_play_game__leaderboard 0 0 0 3510.322021484375 10.503173828125 395.1813116277307 1030
stats: 200 2 25795
stats: tr_question_new_POST 0 0 0 2835.2978515625 6.083984375 282.34811745227233 2840
stats: size_rcv 20622 92829282
stats: tr_quiz_new_POST 0 0 0 3422.73779296875 13.835205078125 500.020419784331 355
stats: newphase 0 6
stats: tr_friend_requests 0 0 0 3562.327880859375 11.304931640625 578.3076872051887 530
stats: size_sent 1933 52538246
stats: tr_friends 0 0 0 3848.027099609375 50.6689453125 797.2081883844339 530
stats: connected -1 0
stats: tr_search_all_users 1 86.925048828125 0.0 4191.661865234375 78.540771484375 865.7775514310609 529
stats: 404 0 2840
stats: tr_browse_quizzes_page_1 0 0 0 5191.1337890625 87.6650390625 829.9181932171572 1030
stats: tr_play_game__1st_question 0 0 0 3471.448974609375 10.76904296875 580.7043568435224 1030
stats: tr_play_game__answer_to_question 0 0 0 3508.5419921875 12.822998046875 625.2599353382889 1030
stats: tr_index 0 0 0 2458.0849609375 8.088134765625 299.9527111460863 1030
stats: tr_quizzes_page_INDEX 0 0 0 2835.277099609375 13.0849609375 551.3238013039172 355
stats: tr_quiz_questions_SHOW 0 0 0 3116.775146484375 11.496826171875 317.27337637887877 2840
EndMonitor:{1449,470033,955969}
