# stats: dump at 1448598593
stats: users 7 7
stats: {freemem,"tsung_controller@ip-172-30-3-173"} 1 3170.1953125 0 3170.1953125 3170.1953125 0 0
stats: {cpu,"tsung_controller@ip-172-30-3-173"} 1 6.3195428465237296 0 6.3195428465237296 6.3195428465237296 0 0
stats: {load,"tsung_controller@ip-172-30-3-173"} 1 0.03125 0 0.03125 0.03125 0 0
stats: users_count 7 7
stats: finish_users_count 0 0
stats: request 7 31.461704799107142 37.824144906949336 113.671142578125 6.308837890625 0 0
stats: connect 7 15.648367745535714 36.650729422733704 105.423828125 0.594970703125 0 0
stats: page 7 31.461704799107142 37.824144906949336 113.671142578125 6.308837890625 0 0
stats: tr_play_game__ready_page 2 38.4044189453125 20.6854248046875 59.08984375 17.718994140625 0 0
stats: 200 7 7
stats: tr_index 2 61.4317626953125 54.2449951171875 115.6767578125 7.186767578125 0 0
stats: size_rcv 10970 10970
stats: size_sent 3059 3059
stats: connected 7 7
# stats: dump at 1448598603
stats: users 18 18
stats: {freemem,"tsung_controller@ip-172-30-3-173"} 1 3170.16015625 0.0 3170.1953125 3170.16015625 3170.1953125 1
stats: {recvpackets,"tsung_controller@ip-172-30-3-173"} 1 97 0 97 97 0 0
stats: {sentpackets,"tsung_controller@ip-172-30-3-173"} 1 102 0 102 102 0 0
stats: {cpu,"tsung_controller@ip-172-30-3-173"} 1 2.649656526005888 0.0 6.3195428465237296 2.649656526005888 6.3195428465237296 1
stats: {load,"tsung_controller@ip-172-30-3-173"} 1 0.01953125 0.0 0.03125 0.01953125 0.03125 1
stats: session 5 2670.642822265625 1100.3255354226737 3894.3310546875 1270.594970703125 0 0
stats: users_count 16 23
stats: finish_users_count 5 5
stats: request 40 164.66738281250002 315.35291794189607 1150.3369140625 5.527099609375 31.461704799107142 7
stats: connect 15 1.9019856770833334 3.2019197021351644 105.423828125 0.490966796875 15.648367745535714 7
stats: page 40 164.66738281250002 315.35291794189607 1150.3369140625 5.527099609375 31.461704799107142 7
stats: tr_play_game__ready_page 3 9.014322916666666 0.18313707771153373 59.08984375 8.873046875 38.4044189453125 2
stats: 302 5 5
stats: tr_browse_quizzes_page_1 5 584.31298828125 478.186322882219 1150.403076171875 41.6279296875 0 0
stats: 200 35 42
stats: tr_play_game__1st_question 5 124.13125 140.93210957570506 318.737060546875 8.662109375 0 0
stats: size_rcv 57380 68350
stats: tr_play_game__answer_to_question 4 24.483642578125 22.28857400347495 63.0869140625 11.3359375 0 0
stats: size_sent 45745 48804
stats: tr_index 5 29.174169921875 37.22600938371273 115.6767578125 6.453125 61.4317626953125 2
stats: connected 10 17
# stats: dump at 1448598613
stats: users 24 24
stats: {freemem,"tsung_controller@ip-172-30-3-173"} 1 3168.37890625 0.0 3170.1953125 3168.37890625 3170.177734375 2
stats: {recvpackets,"tsung_controller@ip-172-30-3-173"} 1 223.0 0.0 223 97 97.0 1
stats: {sentpackets,"tsung_controller@ip-172-30-3-173"} 1 230.0 0.0 230 102 102.0 1
stats: {cpu,"tsung_controller@ip-172-30-3-173"} 1 1.288404360753221 0.0 6.3195428465237296 1.288404360753221 4.484599686264809 2
stats: {load,"tsung_controller@ip-172-30-3-173"} 1 0.01953125 0.0 0.03125 0.01953125 0.025390625 2
stats: session 1 2096.137939453125 0.0 3894.3310546875 1270.594970703125 2670.642822265625 5
stats: users_count 7 30
stats: finish_users_count 1 6
stats: request 58 114.97075784617455 207.11126270708408 1293.2919921875 5.515869140625 144.82823927859044 47
stats: connect 8 18.74359130859375 34.80800572872447 105.423828125 0.490966796875 6.275834517045454 22
stats: page 52 128.24256779597354 229.57309975678993 1307.409912109375 5.515869140625 144.82823927859044 47
stats: tr_play_game__ready_page 4 66.1397705078125 55.19514078071701 157.14208984375 8.39697265625 20.770361328125 5
stats: 302 7 12
stats: tr_play_game__leaderboard 1 77.42578125 0 77.42578125 77.42578125 0 0
stats: 200 51 93
stats: tr_browse_quizzes_page_1 1 122.155029296875 0.0 1150.403076171875 41.6279296875 584.31298828125 5
stats: size_rcv 93095 161445
stats: tr_play_game__1st_question 3 101.66259765625 75.27097583487675 318.737060546875 8.583984375 124.13125 5
stats: size_sent 84463 133267
stats: tr_play_game__answer_to_question 2 37.826416015625 9.771484375 63.0869140625 11.3359375 24.483642578125 4
stats: connected 7 24
stats: tr_index 3 27.215169270833332 26.821254461691186 115.6767578125 6.453125 38.390625 7
stats: tr_quizzes_page_INDEX 2 350.1553955078125 297.8385009765625 647.993896484375 52.31689453125 0 0
# stats: dump at 1448598623
stats: users 29 30
stats: {freemem,"tsung_controller@ip-172-30-3-173"} 1 3166.1875 0.0 3170.1953125 3166.1875 3169.578125 3
stats: {recvpackets,"tsung_controller@ip-172-30-3-173"} 1 302.0 0.0 302 97 160.0 2
stats: {sentpackets,"tsung_controller@ip-172-30-3-173"} 1 277.0 0.0 277 102 166.0 2
stats: {cpu,"tsung_controller@ip-172-30-3-173"} 1 1.5779092702169626 0.0 6.3195428465237296 1.288404360753221 3.419201244427613 3
stats: {load,"tsung_controller@ip-172-30-3-173"} 1 0.01953125 0.0 0.03125 0.01953125 0.0234375 3
stats: session 5 15753.63984375 6989.544740825602 23692.680908203125 1270.594970703125 2574.8920084635415 6
stats: users_count 10 40
stats: finish_users_count 5 11
stats: request 69 150.4646632982337 338.3687343360229 2272.76416015625 4.846923828125 128.33553524925594 105
stats: connect 10 1.3251220703125 1.9003050015048617 105.423828125 0.490966796875 9.600569661458334 30
stats: page 62 167.45920488911287 377.5050774907619 2279.194091796875 4.846923828125 136.11657344933712 99
stats: tr_play_game__ready_page 6 33.511474609375 35.26731924799388 157.14208984375 7.886962890625 40.934543185763886 9
stats: 302 5 17
stats: tr_play_game__leaderboard 2 15.12255859375 5.1494140625 77.42578125 9.97314453125 77.42578125 1
stats: 200 64 157
stats: tr_search_all_users 3 226.025390625 146.15810640338927 431.795166015625 106.18798828125 0 0
stats: size_rcv 167517 328962
stats: tr_friend_requests 3 56.09033203125 65.58505032704053 148.840087890625 9.2568359375 0 0
stats: newphase 1 1
stats: tr_friends 1 255.137939453125 0 255.137939453125 255.137939453125 0 0
stats: size_sent 106185 239452
stats: tr_browse_quizzes_page_1 1 4.919921875 0.0 1150.403076171875 4.919921875 507.2866617838542 6
stats: connected 5 29
stats: tr_play_game__1st_question 6 245.32722981770834 387.68660486345584 1063.087158203125 8.583984375 115.70550537109375 8
stats: tr_play_game__answer_to_question 3 17.072672526041668 3.522820154782186 63.0869140625 11.3359375 28.931233723958332 6
stats: tr_index 6 25.29150390625 15.228735084219533 115.6767578125 6.453125 35.03798828125 10
stats: tr_quizzes_page_INDEX 1 55.0009765625 0.0 647.993896484375 52.31689453125 350.1553955078125 2
# stats: dump at 1448598633
stats: users 38 38
stats: {freemem,"tsung_controller@ip-172-30-3-173"} 1 3162.4609375 0.0 3170.1953125 3162.4609375 3168.73046875 4
stats: {recvpackets,"tsung_controller@ip-172-30-3-173"} 1 457.0 0.0 457 97 207.33333333333334 3
stats: {sentpackets,"tsung_controller@ip-172-30-3-173"} 1 402.0 0.0 402 102 203.0 3
stats: {cpu,"tsung_controller@ip-172-30-3-173"} 1 1.7804154302670623 0.0 6.3195428465237296 1.288404360753221 2.9588782508749505 4
stats: {load,"tsung_controller@ip-172-30-3-173"} 1 0.01171875 0.0 0.03125 0.01171875 0.0224609375 4
stats: session 7 20910.778424944197 13990.024202246095 37420.177978515625 12.614013671875 8565.23193359375 11
stats: users_count 16 56
stats: finish_users_count 7 18
stats: request 86 23.10757233375727 44.33591515170973 2272.76416015625 3.612060546875 137.11087913074712 174
stats: connect 15 0.6479654947916667 0.07569816028056559 105.423828125 0.490966796875 7.531707763671875 40
stats: page 75 26.51600585937501 50.51945854054538 2279.194091796875 3.612060546875 148.1864066745924 161
stats: tr_play_game__ready_page 2 8.7945556640625 0.1514892578125 157.14208984375 7.886962890625 37.96531575520833 15
stats: 302 4 21
stats: tr_play_game__leaderboard 1 8.427001953125 0.0 77.42578125 8.427001953125 35.890299479166664 3
stats: 200 74 231
stats: tr_question_new_POST 8 20.29144287109375 12.641531781931892 40.77001953125 4.409912109375 0 0
stats: size_rcv 159394 488356
stats: tr_quiz_new_POST 1 12.833984375 0 12.833984375 12.833984375 0 0
stats: newphase 0 1
stats: tr_search_all_users 0 0 0 431.795166015625 106.18798828125 226.025390625 3
stats: size_sent 131512 370964
stats: tr_friend_requests 0 0 0 148.840087890625 9.2568359375 56.09033203125 3
stats: connected 8 37
stats: tr_friends 0 0 0 255.137939453125 255.137939453125 255.137939453125 1
stats: 404 8 8
stats: tr_browse_quizzes_page_1 2 3.7099609375 0.0458984375 1150.403076171875 3.6640625 435.51998465401783 7
stats: tr_play_game__1st_question 3 12.045328776041666 3.9299643545203216 1063.087158203125 8.583984375 171.25767299107142 14
stats: tr_play_game__answer_to_question 6 19.401570638020832 14.160599858785671 63.0869140625 10.340087890625 24.978379991319443 9
stats: tr_index 4 6.5574951171875 0.6127995950408984 115.6767578125 5.755126953125 31.383056640625 16
stats: tr_quizzes_page_INDEX 1 8.161865234375 0.0 647.993896484375 8.161865234375 251.77058919270834 3
stats: tr_quiz_questions_SHOW 8 27.753326416015625 15.646489536786682 52.370849609375 7.661865234375 0 0
# stats: dump at 1448598643
stats: users 51 52
stats: {freemem,"tsung_controller@ip-172-30-3-173"} 1 3161.140625 0.0 3170.1953125 3161.140625 3167.4765625 5
stats: {recvpackets,"tsung_controller@ip-172-30-3-173"} 1 631.0 0.0 631 97 269.75 4
stats: {sentpackets,"tsung_controller@ip-172-30-3-173"} 1 556.0 0.0 556 102 252.75 4
stats: {cpu,"tsung_controller@ip-172-30-3-173"} 1 1.9743336623889436 0.0 6.3195428465237296 1.288404360753221 2.723185686753373 5
stats: {load,"tsung_controller@ip-172-30-3-173"} 1 0.078125 0.0 0.078125 0.01171875 0.0203125 5
stats: session 6 30133.42549641927 13985.109957237428 40967.4150390625 12.614013671875 13366.277791341146 18
stats: users_count 19 75
stats: finish_users_count 6 24
stats: request 156 41.93728715945513 90.95560147415438 2272.76416015625 3.612060546875 99.40209303635817 260
stats: connect 20 2.22291259765625 3.0828293094428076 105.423828125 0.490966796875 5.654323508522728 55
stats: page 130 50.346497521033655 99.72087462059812 2279.194091796875 3.612060546875 109.51996573755298 236
stats: tr_play_game__ready_page 11 13.465664950284092 8.98410858137601 157.14208984375 7.136962890625 34.53346162683823 17
stats: 302 9 30
stats: tr_play_game__leaderboard 4 8.84051513671875 0.41600016444316473 77.42578125 8.427001953125 29.02447509765625 4
stats: 200 131 362
stats: tr_question_new_POST 16 13.993331909179688 7.827099329231566 40.77001953125 4.368896484375 20.29144287109375 8
stats: size_rcv 303848 792204
stats: tr_quiz_new_POST 2 24.4158935546875 5.0408935546875 29.456787109375 12.833984375 12.833984375 1
stats: newphase 0 1
stats: tr_search_all_users 0 0 0 431.795166015625 106.18798828125 226.025390625 3
stats: size_sent 209983 580947
stats: tr_friend_requests 3 22.971923828125 11.262522193881178 148.840087890625 8.889892578125 56.09033203125 3
stats: connected 14 51
stats: tr_friends 2 127.969482421875 5.262451171875 255.137939453125 122.70703125 255.137939453125 1
stats: 404 16 24
stats: tr_browse_quizzes_page_1 1 4.22900390625 0.0 1150.403076171875 3.6640625 339.56220160590277 9
stats: tr_play_game__1st_question 8 14.4495849609375 7.083222019265235 1063.087158203125 8.528076171875 143.161376953125 17
stats: tr_play_game__answer_to_question 3 31.299641927083332 10.330259667765498 63.0869140625 10.340087890625 22.74765625 15
stats: tr_index 12 16.568766276041664 15.1738760991846 115.6767578125 5.755126953125 26.4179443359375 20
stats: tr_quizzes_page_INDEX 0 0 0 647.993896484375 8.161865234375 190.868408203125 4
stats: tr_quiz_questions_SHOW 16 21.31642150878906 15.866278204055085 73.777099609375 7.4951171875 27.753326416015625 8
# stats: dump at 1448598653
stats: users 47 52
stats: {freemem,"tsung_controller@ip-172-30-3-173"} 1 3159.0703125 0.0 3170.1953125 3159.0703125 3166.4205729166665 6
stats: {recvpackets,"tsung_controller@ip-172-30-3-173"} 1 732.0 0.0 732 97 342.0 5
stats: {sentpackets,"tsung_controller@ip-172-30-3-173"} 1 688.0 0.0 688 102 313.4 5
stats: {cpu,"tsung_controller@ip-172-30-3-173"} 1 2.274975272007913 0.0 6.3195428465237296 1.288404360753221 2.598377016025968 6
stats: {load,"tsung_controller@ip-172-30-3-173"} 1 0.0703125 0.0 0.078125 0.01171875 0.029947916666666668 6
stats: session 13 27410.574012169473 17301.504864491675 52540.973876953125 12.614013671875 17558.064717610676 24
stats: users_count 9 84
stats: finish_users_count 13 37
stats: request 129 40.23658362100291 64.96266576456627 2272.76416015625 3.612060546875 77.85279083251953 416
stats: connect 9 0.6301540798611112 0.05503124944117109 105.423828125 0.490966796875 4.7392805989583335 75
stats: page 109 47.63547340883026 83.16936463866072 2279.194091796875 3.612060546875 88.50206719070185 366
stats: tr_play_game__ready_page 4 37.96685791015625 42.95776198304949 157.14208984375 7.045166015625 26.256827218191965 28
stats: 302 11 41
stats: tr_play_game__leaderboard 3 31.051025390625 23.127215689971745 77.42578125 8.427001953125 18.9324951171875 8
stats: 200 110 472
stats: tr_question_new_POST 8 10.213958740234375 7.229126487692365 40.77001953125 4.368896484375 16.092702229817707 24
stats: size_rcv 291816 1084020
stats: tr_quiz_new_POST 1 157.68310546875 0.0 157.68310546875 12.833984375 20.555257161458332 3
stats: newphase 1 2
stats: tr_search_all_users 3 167.86930338541666 85.65175936761538 431.795166015625 103.847900390625 226.025390625 3
stats: size_sent 199670 780617
stats: tr_friend_requests 3 13.57373046875 6.345275304040741 148.840087890625 8.758056640625 39.5311279296875 6
stats: connected -4 47
stats: tr_friends 3 91.59309895833333 41.221086287081434 255.137939453125 61.593017578125 170.35896809895834 3
stats: 404 8 32
stats: tr_browse_quizzes_page_1 3 4.857340494791667 1.5398409445960888 1150.403076171875 3.6640625 306.0288818359375 10
stats: tr_play_game__1st_question 5 21.952197265625 10.951697428097035 1063.087158203125 8.472900390625 101.973603515625 25
stats: tr_play_game__answer_to_question 8 18.591796875 14.211901232550392 63.0869140625 9.967041015625 24.172987196180557 18
stats: tr_index 2 11.4962158203125 5.4119873046875 115.6767578125 5.755126953125 22.724502563476563 32
stats: tr_quizzes_page_INDEX 2 28.073974609375 19.800048828125 647.993896484375 8.161865234375 190.868408203125 4
stats: tr_quiz_questions_SHOW 8 13.785369873046875 4.224820785483856 73.777099609375 7.4951171875 23.462056477864582 24
# stats: dump at 1448598663
stats: users 64 64
stats: {freemem,"tsung_controller@ip-172-30-3-173"} 1 3160.77734375 0.0 3170.1953125 3159.0703125 3165.370535714286 7
stats: {recvpackets,"tsung_controller@ip-172-30-3-173"} 1 665.0 0.0 732 97 407.0 6
stats: {sentpackets,"tsung_controller@ip-172-30-3-173"} 1 591.0 0.0 688 102 375.8333333333333 6
stats: {cpu,"tsung_controller@ip-172-30-3-173"} 1 2.3622047244094486 0.0 6.3195428465237296 1.288404360753221 2.5521767668805317 7
stats: {load,"tsung_controller@ip-172-30-3-173"} 1 0.05859375 0.0 0.078125 0.01171875 0.03571428571428571 7
stats: session 11 21792.602383700283 17995.731428456413 61804.339111328125 12.614013671875 21019.75717245566 37
stats: users_count 28 112
stats: finish_users_count 11 48
stats: request 132 28.786674730705492 49.16482361891565 2272.76416015625 3.43212890625 68.94913811639908 545
stats: connect 28 0.9279610770089286 1.0741927521342844 105.423828125 0.490966796875 4.299017043340774 84
stats: page 125 30.401080078125 57.859145827723694 2279.194091796875 3.43212890625 79.1242593544408 475
stats: tr_play_game__ready_page 10 21.1966796875 21.107317351739617 157.14208984375 7.035888671875 27.7205810546875 32
stats: 302 9 50
stats: tr_play_game__leaderboard 3 10.931722005208334 3.8244567959793687 77.42578125 8.18408203125 22.237548828125 11
stats: 200 123 595
stats: tr_question_new_POST 0 0 0 40.77001953125 4.368896484375 14.623016357421875 32
stats: size_rcv 250082 1334102
stats: tr_quiz_new_POST 0 0 0 157.68310546875 12.833984375 54.83721923828125 4
stats: newphase 0 2
stats: tr_search_all_users 2 116.8240966796875 11.1500244140625 431.795166015625 103.847900390625 196.94734700520834 6
stats: size_sent 218951 999568
stats: tr_friend_requests 1 8.24609375 0.0 148.840087890625 8.24609375 30.878662109375 9
stats: connected 17 64
stats: tr_friends 2 75.2020263671875 0.0418701171875 255.137939453125 61.593017578125 130.97603352864584 6
stats: 404 0 32
stats: tr_browse_quizzes_page_1 4 3.6484375 0.10257669394105719 1150.403076171875 3.473876953125 236.52775691105768 13
stats: tr_play_game__1st_question 10 12.3226318359375 6.743893278940319 1063.087158203125 8.260986328125 88.63670247395834 30
stats: tr_play_game__answer_to_question 7 18.493129185267858 12.362838521913178 63.0869140625 9.967041015625 22.45569786658654 26
stats: tr_index 11 14.577570134943182 13.32553392109114 115.6767578125 5.566162109375 22.064015107996322 34
stats: tr_quizzes_page_INDEX 4 20.12127685546875 20.117475534525155 647.993896484375 7.925048828125 136.60359700520834 6
stats: tr_quiz_questions_SHOW 0 0 0 73.777099609375 7.4951171875 21.042884826660156 32
# stats: dump at 1448598673
stats: users 65 70
stats: {freemem,"tsung_controller@ip-172-30-3-173"} 1 3155.10546875 0.0 3170.1953125 3155.10546875 3164.79638671875 8
stats: {recvpackets,"tsung_controller@ip-172-30-3-173"} 1 864.0 0.0 864 97 443.85714285714283 7
stats: {sentpackets,"tsung_controller@ip-172-30-3-173"} 1 789.0 0.0 789 102 406.57142857142856 7
stats: {cpu,"tsung_controller@ip-172-30-3-173"} 1 2.371541501976284 0.0 6.3195428465237296 1.288404360753221 2.5284302615716463 8
stats: {load,"tsung_controller@ip-172-30-3-173"} 1 0.05078125 0.0 0.078125 0.01171875 0.03857421875 8
stats: session 22 29945.813831676136 22317.825095758497 68022.03491210938 12.614013671875 21196.867533365887 48
stats: users_count 23 135
stats: finish_users_count 22 70
stats: request 245 52.205514588647986 135.3976693219953 2272.76416015625 3.43212890625 61.11834761874538 677
stats: connect 23 2.557245669157609 3.308972321033226 105.423828125 0.490966796875 3.4562530517578125 112
stats: page 201 63.663166103078346 155.92365245187506 2279.194091796875 3.43212890625 68.97359700520833 600
stats: tr_play_game__ready_page 9 29.372205946180557 14.864457794917142 157.14208984375 7.035888671875 26.167271205357142 42
stats: 302 13 63
stats: tr_play_game__leaderboard 5 40.988134765625 25.760191332835095 77.42578125 8.18408203125 19.814871651785715 14
stats: 200 200 795
stats: tr_question_new_POST 32 14.927009582519533 13.577335122403358 70.0 4.302978515625 14.623016357421875 32
stats: size_rcv 526236 1860338
stats: tr_quiz_new_POST 4 54.11395263671875 26.894103815107595 157.68310546875 11.90380859375 54.83721923828125 4
stats: newphase 0 2
stats: tr_search_all_users 2 377.7708740234375 225.5469970703125 603.31787109375 103.847900390625 176.91653442382813 8
stats: size_sent 348408 1347976
stats: tr_friend_requests 3 38.88232421875 5.017009714295739 148.840087890625 8.24609375 28.6154052734375 10
stats: connected 1 65
stats: tr_friends 3 185.37581380208334 108.90270371673687 323.6611328125 57.51708984375 117.03253173828125 8
stats: 404 32 64
stats: tr_browse_quizzes_page_1 7 11.934779575892858 10.535634311852796 1150.403076171875 3.473876953125 181.7326229319853 17
stats: tr_play_game__1st_question 11 30.277454723011363 20.068437116537204 1063.087158203125 8.260986328125 69.55818481445313 40
stats: tr_play_game__answer_to_question 7 25.231759207589285 17.76760129135069 64.739013671875 9.967041015625 21.615152994791668 33
stats: tr_index 10 34.3433349609375 39.99184517689497 125.606201171875 5.566162109375 20.233995225694443 45
stats: tr_quizzes_page_INDEX 2 57.1640625 0.3779296875 647.993896484375 7.925048828125 90.0106689453125 10
stats: tr_quiz_questions_SHOW 32 23.427139282226563 15.221750078858706 73.777099609375 7.4951171875 21.042884826660156 32
# stats: dump at 1448598683
stats: users 81 86
stats: {freemem,"tsung_controller@ip-172-30-3-173"} 1 3153.68359375 0.0 3170.1953125 3153.68359375 3163.7196180555557 9
stats: {recvpackets,"tsung_controller@ip-172-30-3-173"} 1 1360.0 0.0 1360 97 496.375 8
stats: {sentpackets,"tsung_controller@ip-172-30-3-173"} 1 1126.0 0.0 1126 102 454.375 8
stats: {cpu,"tsung_controller@ip-172-30-3-173"} 1 2.3856858846918487 0.0 6.3195428465237296 1.288404360753221 2.5109981771721617 9
stats: {load,"tsung_controller@ip-172-30-3-173"} 1 0.0390625 0.0 0.078125 0.01171875 0.03993055555555555 9
stats: session 18 24673.718858506945 20946.691416383674 68022.03491210938 12.614013671875 23946.53636997768 70
stats: users_count 34 169
stats: finish_users_count 18 88
stats: request 197 39.108913983185296 57.10724714209528 2272.76416015625 3.43212890625 58.74997007820974 922
stats: connect 34 1.5363051470588234 2.45523262209337 105.423828125 0.490966796875 3.3030888310185187 135
stats: page 179 43.05001336635824 69.66837085731244 2279.194091796875 3.43212890625 67.64101696609707 801
stats: tr_play_game__ready_page 8 25.550079345703125 12.667811315087837 157.14208984375 7.035888671875 26.73284792432598 51
stats: 302 15 78
stats: tr_play_game__leaderboard 5 15.963623046875 10.014701359096136 77.42578125 8.066162109375 25.386782997532894 19
stats: 200 178 973
stats: tr_question_new_POST 5 18.47216796875 10.552438890894306 70.0 4.302978515625 14.775012969970703 64
stats: size_rcv 383378 2243716
stats: tr_quiz_new_POST 1 10.842041015625 0.0 157.68310546875 10.842041015625 54.4755859375 8
stats: newphase 1 3
stats: tr_search_all_users 3 160.44930013020834 70.56615380994792 603.31787109375 103.847900390625 217.08740234375 10
stats: size_sent 332410 1680386
stats: tr_friend_requests 3 7.87939453125 0.16188677476159813 148.840087890625 7.721923828125 30.984694260817307 13
stats: connected 16 81
stats: tr_friends 2 77.6856689453125 11.0474853515625 323.6611328125 57.51708984375 135.67160866477272 11
stats: 404 5 69
stats: tr_browse_quizzes_page_1 6 8.9473876953125 11.840573047271597 1150.403076171875 3.473876953125 132.208251953125 24
stats: tr_play_game__1st_question 6 15.70751953125 14.737532755643052 1063.087158203125 8.22900390625 61.0858704810049 51
stats: tr_play_game__answer_to_question 13 41.53217022235577 32.33831065686398 114.092041015625 9.967041015625 22.24805908203125 40
stats: tr_index 13 10.41864483173077 5.801095617711008 125.606201171875 5.566162109375 22.799329723011365 55
stats: tr_quizzes_page_INDEX 3 47.208984375 41.25428599285862 647.993896484375 7.781982421875 84.53623453776042 12
stats: tr_quiz_questions_SHOW 5 28.7693359375 25.978401219691314 79.892822265625 7.4951171875 22.23501205444336 64
# stats: dump at 1448598693
stats: users 99 99
stats: {freemem,"tsung_controller@ip-172-30-3-173"} 1 3150.29296875 0.0 3170.1953125 3150.29296875 3162.716015625 10
stats: {recvpackets,"tsung_controller@ip-172-30-3-173"} 1 1378.0 0.0 1378 97 592.3333333333334 9
stats: {sentpackets,"tsung_controller@ip-172-30-3-173"} 1 1261.0 0.0 1261 102 529.0 9
stats: {cpu,"tsung_controller@ip-172-30-3-173"} 1 3.9254170755642788 0.0 6.3195428465237296 1.288404360753221 2.4984669479241304 10
stats: {load,"tsung_controller@ip-172-30-3-173"} 1 0.1015625 0.0 0.1015625 0.01171875 0.03984375 10
stats: session 18 31916.59109157986 21508.25968698315 68022.03491210938 12.614013671875 24095.278242631393 88
stats: users_count 36 205
stats: finish_users_count 18 106
stats: request 309 101.51469110285197 197.4822665960566 2521.380126953125 3.43212890625 55.292161275064245 1119
stats: connect 34 2.4786089728860294 2.821975858370031 105.423828125 0.490966796875 2.9476412259615383 169
stats: page 259 118.27153999004585 220.7587171128008 2521.380126953125 3.43212890625 63.14939488002232 980
stats: tr_play_game__ready_page 21 83.52655319940476 65.89469668020979 270.388916015625 7.035888671875 26.572472523834747 59
stats: 302 16 94
stats: tr_play_game__leaderboard 9 115.38050672743056 104.44234117187196 343.280029296875 8.015869140625 23.423624674479168 24
stats: 200 261 1234
stats: tr_question_new_POST 31 32.464583858366936 33.58419464107826 131.0830078125 4.302978515625 15.042922752490941 69
stats: size_rcv 636416 2880132
stats: tr_quiz_new_POST 4 62.71429443359375 53.436919350948116 157.68310546875 10.842041015625 49.627414279513886 9
stats: newphase 0 3
stats: tr_search_all_users 3 278.3673502604167 234.93646238595773 610.33203125 100.4560546875 204.01707106370193 13
stats: size_sent 451089 2131475
stats: tr_friend_requests 2 37.314453125 27.91943359375 148.840087890625 7.721923828125 26.652450561523438 16
stats: connected 16 97
stats: tr_friends 2 319.2080078125 131.194091796875 450.402099609375 57.51708984375 126.75069486177884 13
stats: 404 31 100
stats: tr_browse_quizzes_page_1 4 8.0162353515625 4.013070108266721 1150.403076171875 3.473876953125 107.5560791015625 30
stats: tr_play_game__1st_question 15 65.75231119791667 55.21672438571871 1063.087158203125 8.22900390625 56.30920195997807 57
stats: tr_play_game__answer_to_question 7 76.00453404017857 69.09095642951054 235.968994140625 9.967041015625 26.97812407871462 53
stats: tr_index 15 44.73245442708333 49.443589206517096 152.240966796875 5.566162109375 20.43243408203125 68
stats: tr_quizzes_page_INDEX 4 160.1297607421875 102.91437394372954 647.993896484375 7.781982421875 77.07078450520834 15
stats: tr_quiz_questions_SHOW 30 51.8196044921875 54.89756265363099 256.3759765625 7.4951171875 22.708513785099637 69
# stats: dump at 1448598703
stats: users 118 120
stats: {freemem,"tsung_controller@ip-172-30-3-173"} 1 3143.65625 0.0 3170.1953125 3143.65625 3161.5866477272725 11
stats: {recvpackets,"tsung_controller@ip-172-30-3-173"} 1 1782.0 0.0 1782 97 670.9 10
stats: {sentpackets,"tsung_controller@ip-172-30-3-173"} 1 1625.0 0.0 1625 102 602.2 10
stats: {cpu,"tsung_controller@ip-172-30-3-173"} 1 3.6597428288822944 0.0 6.3195428465237296 1.288404360753221 2.6281896868005075 11
stats: {load,"tsung_controller@ip-172-30-3-173"} 1 0.08984375 0.0 0.1015625 0.01171875 0.045454545454545456 11
stats: session 26 25946.999267578125 22680.2318957089 85629.67700195313 12.614013671875 25423.42570754717 106
stats: users_count 45 250
stats: finish_users_count 26 132
stats: request 292 294.14728368471765 297.14233579825975 2521.380126953125 3.43212890625 65.29409525040487 1428
stats: connect 47 72.64511822639628 171.59173609502403 717.6181640625 0.490966796875 2.869084099830665 203
stats: page 259 329.0324169733348 352.1971267840719 2521.380126953125 3.43212890625 74.67210317985774 1239
stats: tr_play_game__ready_page 11 208.08469460227272 109.6964007906988 402.448974609375 7.035888671875 41.522918701171875 80
stats: 302 27 121
stats: tr_play_game__leaderboard 8 168.20767211914063 131.83243202697082 457.463134765625 8.015869140625 48.50277432528409 33
stats: 200 253 1487
stats: tr_question_new_POST 12 60.049519856770836 85.65564121177246 290.800048828125 4.302978515625 20.4436376953125 100
stats: size_rcv 564721 3444853
stats: tr_quiz_new_POST 1 277.0830078125 0.0 277.0830078125 10.842041015625 53.65414663461539 13
stats: newphase 0 3
stats: tr_search_all_users 2 782.1500244140625 50.9949951171875 833.14501953125 100.4560546875 217.95774841308594 16
stats: size_sent 456387 2587862
stats: tr_friend_requests 5 219.23544921875 84.27756744285769 345.455078125 7.721923828125 27.837117513020832 18
stats: connected 21 118
stats: tr_friends 6 522.5352376302084 207.8834402465205 878.157958984375 57.51708984375 152.411669921875 15
stats: 404 12 112
stats: tr_browse_quizzes_page_1 9 152.94517686631946 146.19352121952252 1150.403076171875 3.473876953125 95.84550924862133 34
stats: tr_play_game__1st_question 14 242.6585867745536 125.79826554100636 1063.087158203125 8.22900390625 58.276516384548614 72
stats: tr_play_game__answer_to_question 15 240.53178710937496 139.23956733368863 511.461181640625 9.967041015625 32.697871907552084 60
stats: tr_index 19 322.6922029194079 271.65504038996113 1127.18701171875 5.566162109375 24.82400402390813 83
stats: tr_quizzes_page_INDEX 9 172.94620768229166 140.4218316079593 647.993896484375 7.781982421875 94.556884765625 19
stats: tr_quiz_questions_SHOW 13 118.11391977163461 143.35634698160277 406.14892578125 7.4951171875 31.53005642361111 99
# stats: dump at 1448598713
stats: users 163 163
stats: {freemem,"tsung_controller@ip-172-30-3-173"} 1 3140.75 0.0 3170.1953125 3140.75 3160.0924479166665 12
stats: {recvpackets,"tsung_controller@ip-172-30-3-173"} 1 1652.0 0.0 1782 97 771.9090909090909 11
stats: {sentpackets,"tsung_controller@ip-172-30-3-173"} 1 1506.0 0.0 1625 102 695.1818181818181 11
stats: {cpu,"tsung_controller@ip-172-30-3-173"} 1 4.047384007897334 0.0 6.3195428465237296 1.288404360753221 2.714152448640656 12
stats: {load,"tsung_controller@ip-172-30-3-173"} 1 0.0703125 0.0 0.1015625 0.01171875 0.049153645833333336 12
stats: session 26 23871.908381535457 24346.38794926267 89838.30493164063 12.614013671875 25526.553833007813 132
stats: users_count 71 321
stats: finish_users_count 26 158
stats: request 363 547.1187135470469 282.97366650204356 2521.380126953125 3.43212890625 104.14591561250913 1720
stats: connect 70 55.854680524553544 219.03492223120062 1140.389892578125 0.490966796875 15.986978515625 250
stats: page 313 630.6175665809707 394.03361601908114 2521.380126953125 3.43212890625 118.65028827499164 1498
stats: tr_play_game__ready_page 26 563.6638934795673 233.65950338704909 1129.18115234375 7.035888671875 61.65675974416209 91
stats: 302 23 144
stats: tr_play_game__leaderboard 7 801.8858816964286 274.5564500042499 1141.8349609375 8.015869140625 71.85982755335365 41
stats: 200 316 1803
stats: tr_question_new_POST 24 395.91136678059894 201.34895031740373 762.387939453125 4.302978515625 24.687125069754465 112
stats: size_rcv 779695 4224548
stats: tr_quiz_new_POST 7 487.64676339285717 174.56087827016634 756.6171875 10.842041015625 69.61335100446429 14
stats: newphase 1 4
stats: tr_search_all_users 7 1130.8710239955358 362.60445329198546 1534.18408203125 100.4560546875 280.6457790798611 18
stats: size_sent 510655 3098517
stats: tr_friend_requests 3 525.765380859375 145.55219761181402 661.44580078125 7.721923828125 69.44545049252717 23
stats: connected 44 162
stats: tr_friends 1 492.02197265625 0.0 878.157958984375 57.51708984375 258.1612606956845 21
stats: 404 24 136
stats: tr_browse_quizzes_page_1 11 452.0051935369318 185.07988857391226 1150.403076171875 3.473876953125 107.79660247093024 43
stats: tr_play_game__1st_question 20 487.0380859375 269.48382233069617 1063.087158203125 8.22900390625 88.29220226199128 86
stats: tr_play_game__answer_to_question 16 458.0342712402344 168.74595480006235 731.40087890625 9.967041015625 74.26465494791667 75
stats: tr_index 28 524.5112043108259 294.42834647866016 1478.43310546875 5.566162109375 80.30925675934436 102
stats: tr_quizzes_page_INDEX 3 491.425048828125 137.76353721987942 647.993896484375 7.781982421875 119.75345284598214 28
stats: tr_quiz_questions_SHOW 23 417.42935844089675 157.05669260703363 658.3701171875 7.4951171875 41.579969133649556 112
# stats: dump at 1448598723
stats: users 220 221
stats: {freemem,"tsung_controller@ip-172-30-3-173"} 1 3127.15234375 0.0 3170.1953125 3127.15234375 3158.6045673076924 13
stats: {recvpackets,"tsung_controller@ip-172-30-3-173"} 1 2677.0 0.0 2677 97 845.25 12
stats: {sentpackets,"tsung_controller@ip-172-30-3-173"} 1 2282.0 0.0 2282 102 762.75 12
stats: {cpu,"tsung_controller@ip-172-30-3-173"} 1 4.870775347912525 0.0 6.3195428465237296 1.288404360753221 2.8167087224296314 13
stats: {load,"tsung_controller@ip-172-30-3-173"} 1 0.05859375 0.0 0.1015625 0.01171875 0.05078125 13
stats: session 29 23602.20038052263 23286.656625690295 89838.30493164063 12.614013671875 25254.270404284514 158
stats: users_count 86 407
stats: finish_users_count 29 187
stats: request 377 1423.79328153494 512.8380034497229 2988.81494140625 3.43212890625 181.34184727368878 2083
stats: connect 86 3.222693154978198 3.3953783785889455 1140.389892578125 0.482177734375 24.708038330078118 320
stats: page 336 1571.6564658028733 777.977197181865 4776.37890625 3.43212890625 207.13496972710175 1811
stats: tr_play_game__ready_page 21 1379.5916573660713 509.9830157319722 2142.430908203125 7.035888671875 173.21390057425214 117
stats: 302 30 174
stats: tr_play_game__leaderboard 8 1485.6322937011719 497.62066321514436 1981.574951171875 8.015869140625 178.32196044921875 48
stats: 200 330 2133
stats: tr_question_new_POST 18 1244.236789279514 518.7770176965787 1981.10302734375 4.302978515625 90.1972853716682 136
stats: size_rcv 713072 4937620
stats: tr_quiz_new_POST 3 1324.028564453125 458.31273724219363 1970.9658203125 10.842041015625 208.95782180059524 21
stats: newphase 0 4
stats: tr_search_all_users 4 1360.1887817382813 204.4673697323859 1672.72900390625 100.4560546875 518.70884765625 25
stats: size_sent 652275 3750792
stats: tr_friend_requests 3 1088.8330891927083 482.9449270202489 1770.955078125 7.721923828125 122.09775015024039 26
stats: connected 59 221
stats: tr_friends 3 1803.6470540364583 358.8896533371206 2187.319091796875 57.51708984375 268.79129305752843 22
stats: 404 18 154
stats: tr_browse_quizzes_page_1 13 1218.640850360577 397.21920741080777 2033.053955078125 3.473876953125 177.91316731770834 54
stats: tr_play_game__1st_question 23 1238.9895444123642 499.320523777396 2066.134033203125 8.22900390625 163.5272746535967 106
stats: tr_play_game__answer_to_question 23 1527.5289678158967 432.73695143250103 2204.736083984375 9.967041015625 141.74063143887363 91
stats: tr_index 27 1421.543872974537 489.8204750069154 2089.830078125 5.566162109375 175.9835223858173 130
stats: tr_quizzes_page_INDEX 3 1126.3573404947917 605.0398720168629 1981.8740234375 7.781982421875 155.72167181199598 31
stats: tr_quiz_questions_SHOW 16 1344.5200653076172 480.3030949019026 2177.791015625 7.4951171875 105.61356879340278 135
# stats: dump at 1448598733
stats: users 266 266
stats: {freemem,"tsung_controller@ip-172-30-3-173"} 1 3116.0078125 0.0 3170.1953125 3116.0078125 3156.357979910714 14
stats: {recvpackets,"tsung_controller@ip-172-30-3-173"} 1 2493.0 0.0 2677 97 986.1538461538462 13
stats: {sentpackets,"tsung_controller@ip-172-30-3-173"} 1 2248.0 0.0 2282 102 879.6153846153846 13
stats: {cpu,"tsung_controller@ip-172-30-3-173"} 1 5.2683896620278325 0.0 6.3195428465237296 1.288404360753221 2.9634277671069813 14
stats: {load,"tsung_controller@ip-172-30-3-173"} 1 0.05078125 0.0 0.1015625 0.01171875 0.05133928571428571 14
stats: session 32 25982.54429626465 26076.890873726494 113082.09887695313 12.614013671875 24998.06703161556 187
stats: users_count 78 485
stats: finish_users_count 32 219
stats: request 442 2235.8271147438836 620.0597199792177 3761.1650390625 0.756103515625 371.75005488201873 2460
stats: connect 80 2.7006896972656245 2.948889774890087 1140.389892578125 0.482177734375 20.156955361953507 406
stats: page 402 2422.201515615283 1031.9448425232508 6124.06494140625 0.756103515625 420.6790883491135 2147
stats: tr_play_game__ready_page 35 2384.343575613839 312.502100234007 2888.18212890625 7.035888671875 356.7931244338768 138
stats: 302 36 210
stats: tr_play_game__leaderboard 7 2041.9222935267858 903.3772059151449 2863.299072265625 1.012939453125 365.08057948521207 56
stats: 200 369 2502
stats: tr_question_new_POST 13 2233.781775841346 206.9569665326207 2539.150146484375 4.302978515625 225.08501959466315 154
stats: size_rcv 743457 5681077
stats: tr_quiz_new_POST 6 2329.8937174479165 264.3791015006491 2834.946044921875 10.842041015625 348.34166463216144 24
stats: newphase 0 4
stats: tr_search_all_users 3 2832.2496744791665 233.3782359685635 3150.8720703125 100.4560546875 634.7750454606681 29
stats: 422 1 1
stats: tr_friend_requests 4 1657.2825317382813 957.2052683958182 2274.553955078125 4.34521484375 222.10485418911637 29
stats: size_sent 680368 4431160
stats: tr_friends 1 2259.26318359375 0.0 2259.26318359375 57.51708984375 452.973984375 25
stats: connected 45 266
stats: tr_browse_quizzes_page_1 20 2215.424291992187 298.58356550202603 2813.737060546875 3.473876953125 379.84540432602614 67
stats: 503 23 23
stats: tr_play_game__1st_question 28 2001.3472900390625 861.3500029145877 2860.719970703125 1.2080078125 355.27636150981107 129
stats: 404 13 167
stats: tr_play_game__answer_to_question 23 2239.8349078634506 556.2581050282781 2870.066162109375 1.7509765625 421.32950632195724 114
stats: tr_index 42 2097.599830264137 635.6717700476313 2883.230224609375 5.566162109375 390.18816866540607 157
stats: tr_quizzes_page_INDEX 3 2254.531982421875 148.4729444296297 2382.264892578125 7.781982421875 241.36599551930146 34
stats: tr_quiz_questions_SHOW 11 2346.979913884943 235.58446588850765 2753.705078125 7.4951171875 236.88842935120033 151
# stats: dump at 1448598743
stats: users 361 361
stats: {freemem,"tsung_controller@ip-172-30-3-173"} 1 3103.984375 0.0 3170.1953125 3103.984375 3153.66796875 15
stats: {recvpackets,"tsung_controller@ip-172-30-3-173"} 1 2686.0 0.0 2686 97 1093.7857142857142 14
stats: {sentpackets,"tsung_controller@ip-172-30-3-173"} 1 2349.0 0.0 2349 102 977.3571428571429 14
stats: {cpu,"tsung_controller@ip-172-30-3-173"} 1 5.818540433925049 0.0 6.3195428465237296 1.288404360753221 3.117091893435038 15
stats: {load,"tsung_controller@ip-172-30-3-173"} 1 0.0390625 0.0 0.1015625 0.01171875 0.05130208333333333 15
stats: session 45 30074.32236328125 22486.670959550087 113082.09887695313 12.614013671875 25141.91759083369 219
stats: users_count 140 625
stats: finish_users_count 45 264
stats: request 681 1394.8512929056544 1350.5642919166764 4353.540771484375 0.069091796875 655.6653065908209 2902
stats: connect 159 2.5686204058569175 2.8768044764757676 1140.389892578125 0.445068359375 17.283495993280603 486
stats: page 600 1533.2341255696615 1585.0376131710732 6945.554931640625 0.5458984375 736.3369995931308 2549
stats: tr_play_game__ready_page 41 1561.383878382241 1186.5104099548448 3438.576171875 0.6240234375 766.9911925916726 173
stats: 302 27 237
stats: tr_play_game__leaderboard 14 1442.0145961216517 1293.2058337072326 3315.494140625 0.839111328125 551.3963254898314 63
stats: 200 317 2819
stats: tr_question_new_POST 38 1054.4039820620887 1275.588756448435 3192.47607421875 0.634033203125 381.450635350393 167
stats: size_rcv 864961 6546038
stats: tr_quiz_new_POST 3 1681.3963216145833 1302.1339964559413 3178.0810546875 3.925048828125 744.6520751953125 30
stats: newphase 1 5
stats: tr_search_all_users 11 2054.630615234375 1594.1306841112093 3932.983154296875 0.656982421875 840.7882919311523 32
stats: 422 4 5
stats: tr_friend_requests 8 1653.338134765625 1299.127709272279 2876.364013671875 0.6669921875 396.0657848011364 33
stats: size_sent 929274 5360434
stats: tr_friends 7 1453.331752232143 1296.4422638611788 3420.041015625 0.68310546875 522.4466458834135 26
stats: connected 93 359
stats: tr_browse_quizzes_page_1 16 1323.3086853027344 1214.7911187319862 3130.192138671875 0.627197265625 801.8175624102012 87
stats: 503 292 315
stats: tr_play_game__1st_question 45 1464.4997992621527 1179.879758916477 3112.947998046875 0.634033203125 648.8431513112062 157
stats: 404 17 184
stats: tr_play_game__answer_to_question 30 1334.3875569661457 1393.958641679514 3644.990966796875 0.77294921875 726.6260335880473 137
stats: tr_index 54 1493.607105396412 1429.24128414171 3441.502197265625 1.110107421875 750.5464088018216 199
stats: tr_quizzes_page_INDEX 7 1350.659144810268 1186.3722546371728 2756.867919921875 0.674072265625 404.59567013302365 37
stats: tr_quiz_questions_SHOW 38 948.3235698499178 1213.5132764349196 3447.64013671875 0.121826171875 380.16624620225696 162
# stats: dump at 1448598753
stats: users 443 444
stats: {freemem,"tsung_controller@ip-172-30-3-173"} 1 3098.9375 0.0 3170.1953125 3098.9375 3150.562744140625 16
stats: {recvpackets,"tsung_controller@ip-172-30-3-173"} 1 3398.0 0.0 3398 97 1199.9333333333334 15
stats: {sentpackets,"tsung_controller@ip-172-30-3-173"} 1 3210.0 0.0 3210 102 1068.8 15
stats: {cpu,"tsung_controller@ip-172-30-3-173"} 1 7.569721115537849 0.0 7.569721115537849 1.288404360753221 3.2859324272156636 16
stats: {load,"tsung_controller@ip-172-30-3-173"} 1 0.0390625 0.0 0.1015625 0.01171875 0.050537109375 16
stats: session 72 27753.209950764973 23586.77784903029 113082.09887695313 12.614013671875 25982.66840431907 264
stats: users_count 154 779
stats: finish_users_count 72 336
stats: request 912 1221.6283253452225 1162.6364076971563 4396.820068359375 0.065185546875 796.1580938306762 3583
stats: connect 175 2.8780845424107144 3.392657961026447 1140.389892578125 0.43896484375 13.65610805777616 645
stats: page 820 1419.43049792778 1497.9326101196953 7664.718994140625 0.5458984375 888.1751309319427 3149
stats: tr_play_game__ready_page 62 1375.0411455708165 1148.5178992669073 3438.576171875 0.6240234375 919.1879221122956 214
stats: 302 47 284
stats: tr_play_game__leaderboard 15 1071.0717610677084 1157.912766363253 3315.494140625 0.718017578125 713.3269201501623 77
stats: 200 385 3204
stats: tr_question_new_POST 40 1073.7697387695314 1090.6642391658704 3192.47607421875 0.619873046875 506.1932069359756 205
stats: size_rcv 1074992 7621030
stats: tr_quiz_new_POST 5 1299.48203125 1064.52516847465 3178.0810546875 0.90283203125 829.8106430516099 33
stats: newphase 0 5
stats: tr_search_all_users 9 1221.1194932725693 1383.555044784253 3932.983154296875 0.652099609375 1151.3060955668604 43
stats: 422 8 13
stats: tr_friend_requests 6 1134.9785563151042 1128.867689701784 2876.364013671875 0.662109375 641.3872189405488 41
stats: size_sent 1144387 6504821
stats: tr_friends 8 1536.9083862304688 1191.509392920939 3420.041015625 0.68310546875 719.9071229876894 33
stats: connected 84 443
stats: tr_browse_quizzes_page_1 31 1197.0681152343752 1103.7246060029279 3130.192138671875 0.627197265625 882.8258921799151 103
stats: 503 402 717
stats: tr_play_game__1st_question 51 1161.569560929841 1107.9734461670832 3112.947998046875 0.634033203125 830.5488402111696 202
stats: 404 48 232
stats: tr_play_game__answer_to_question 48 1489.4292755126953 1090.3261855557032 3644.990966796875 0.635009765625 835.804750362556 167
stats: tr_index 67 1067.8933761368937 1128.6341226724733 3441.502197265625 1.110107421875 909.1443440433547 253
stats: tr_quizzes_page_INDEX 20 1203.28955078125 1110.6350038326007 2812.97412109375 0.674072265625 555.1057683771306 44
stats: tr_quiz_questions_SHOW 42 1162.3875674293154 1177.6472898660124 3447.64013671875 0.121826171875 488.1161376953125 200
# stats: dump at 1448598763
stats: users 517 520
stats: {freemem,"tsung_controller@ip-172-30-3-173"} 1 3091.29296875 0.0 3170.1953125 3091.29296875 3147.5259650735293 17
stats: {recvpackets,"tsung_controller@ip-172-30-3-173"} 1 4148.0 0.0 4148 97 1337.3125 16
stats: {sentpackets,"tsung_controller@ip-172-30-3-173"} 1 4045.0 0.0 4045 102 1202.625 16
stats: {cpu,"tsung_controller@ip-172-30-3-173"} 1 10.665362035225048 0.0 10.665362035225048 1.288404360753221 3.5379199971169686 17
stats: {load,"tsung_controller@ip-172-30-3-173"} 1 0.03125 0.0 0.1015625 0.01171875 0.04986213235294118 17
stats: session 78 29497.256435296473 26427.7140076788 113082.09887695313 12.614013671875 26362.070164271765 336
stats: users_count 152 931
stats: finish_users_count 78 414
stats: request 1233 864.2136561137723 960.6092055919964 4396.820068359375 0.065185546875 882.4826435840168 4495
stats: connect 202 2.859300065748762 3.32448551836438 1140.389892578125 0.43408203125 11.355920112423778 820
stats: page 1080 977.7486215096933 1120.2288012084882 7664.718994140625 0.537841796875 997.9331054687495 3969
stats: tr_play_game__ready_page 77 977.0773069703733 974.8509595480118 3438.576171875 0.576904296875 1021.5897331790648 276
stats: 302 66 350
stats: tr_play_game__leaderboard 27 884.8785536024305 920.7107169171336 3315.494140625 0.718017578125 771.6548833432405 92
stats: 200 400 3604
stats: tr_question_new_POST 77 524.6934703480111 833.3481184382241 3192.47607421875 0.619873046875 598.858763153699 245
stats: size_rcv 1170435 8791465
stats: tr_quiz_new_POST 11 1053.7701970880682 964.6734828732272 3178.0810546875 0.90283203125 891.6095099198191 38
stats: newphase 0 5
stats: tr_search_all_users 8 802.2432250976563 798.2573192879413 3932.983154296875 0.652099609375 1163.38918363131 52
stats: 422 25 38
stats: tr_friend_requests 11 615.50732421875 816.6533111238946 2876.364013671875 0.656005859375 704.3988790309176 47
stats: size_sent 1532418 8037239
stats: tr_friends 7 1032.0338657924108 894.5857843140009 3420.041015625 0.68310546875 879.3220036204268 41
stats: connected 74 517
stats: tr_browse_quizzes_page_1 34 763.042817957261 859.7232263362566 3130.192138671875 0.627197265625 955.5237199014692 134
stats: 503 616 1333
stats: tr_play_game__1st_question 84 788.2889811197916 941.2120152096801 3112.947998046875 0.634033203125 897.2763372730361 253
stats: 404 70 302
stats: tr_play_game__answer_to_question 67 963.9524363048041 933.9867331491226 3644.990966796875 0.635009765625 981.7302257449127 215
stats: tr_index 67 796.1515056553171 916.3720974878701 3441.502197265625 1.108154296875 942.3824226379395 320
stats: tr_quizzes_page_INDEX 19 1207.7650210731908 938.3127105703152 2812.97412109375 0.674072265625 757.663200378418 64
stats: tr_quiz_questions_SHOW 77 484.2031630478895 827.8661773922147 3447.64013671875 0.12109375 605.1384519466684 242
# stats: dump at 1448598773
stats: users 630 630
stats: {freemem,"tsung_controller@ip-172-30-3-173"} 1 3083.7578125 0.0 3170.1953125 3083.7578125 3144.401909722222 18
stats: {recvpackets,"tsung_controller@ip-172-30-3-173"} 1 4760.0 0.0 4760 97 1502.6470588235295 17
stats: {sentpackets,"tsung_controller@ip-172-30-3-173"} 1 4715.0 0.0 4715 102 1369.8235294117646 17
stats: {cpu,"tsung_controller@ip-172-30-3-173"} 1 11.220472440944881 0.0 11.220472440944881 1.288404360753221 3.9338889992340835 18
stats: {load,"tsung_controller@ip-172-30-3-173"} 1 0.03125 0.0 0.1015625 0.01171875 0.048828125 18
stats: session 120 28316.229270426426 24483.42142948645 113082.09887695313 12.614013671875 26952.757432725695 414
stats: users_count 233 1164
stats: finish_users_count 120 534
stats: request 1659 645.4461552928614 847.1429627543228 4396.820068359375 0.05712890625 878.550090938973 5728
stats: connect 307 2.6174658362174275 3.2683958715281065 1140.389892578125 0.43408203125 9.676549026877444 1022
stats: page 1428 752.9512671035208 1008.7742361898813 7664.718994140625 0.531982421875 993.6155687930155 5049
stats: tr_play_game__ready_page 64 786.1748390197754 839.6514251620424 3438.576171875 0.576904296875 1011.8802237794353 353
stats: 302 103 453
stats: tr_play_game__leaderboard 38 718.8987137643915 892.5378115974263 3315.494140625 0.718017578125 797.3442875196954 119
stats: 200 371 3975
stats: tr_question_new_POST 120 496.54662679036477 789.5074858632174 3192.47607421875 0.619873046875 581.1235844392954 322
stats: size_rcv 1371233 10162698
stats: tr_quiz_new_POST 14 585.9682268415179 793.3700773399844 3178.0810546875 0.839111328125 928.0129294882015 49
stats: newphase 1 6
stats: tr_search_all_users 26 464.93241060697113 769.4383017089018 3932.983154296875 0.637939453125 1115.2363891601563 60
stats: 422 40 78
stats: tr_friend_requests 14 540.4661516462055 851.028441150872 2876.364013671875 0.64697265625 687.5401358768858 58
stats: size_sent 1817598 9854837
stats: tr_friends 11 591.7336869673295 784.6473629754022 3420.041015625 0.68310546875 901.5924835205078 48
stats: connected 112 629
stats: tr_browse_quizzes_page_1 45 874.1565375434029 859.801374246004 3130.192138671875 0.627197265625 916.5692516508557 168
stats: error_connection_closed 4 4
stats: tr_play_game__1st_question 59 785.1547561904131 832.6913401708495 3112.947998046875 0.593994140625 870.1103493891413 337
stats: 503 965 2298
stats: tr_play_game__answer_to_question 68 654.7318474264708 835.1111008252288 3644.990966796875 0.625 977.5064247077238 282
stats: 404 100 402
stats: tr_index 75 601.3710904947919 824.0568810102621 3441.502197265625 1.108154296875 917.0659589742813 387
stats: tr_quizzes_page_INDEX 23 596.6561863111413 818.4676610569174 2812.97412109375 0.623046875 860.6985569230045 83
stats: tr_quiz_questions_SHOW 119 374.39698496586135 710.8559644343385 3447.64013671875 0.115966796875 575.9471753159287 319
# stats: dump at 1448598783
stats: users 808 809
stats: {freemem,"tsung_controller@ip-172-30-3-173"} 1 3079.14453125 0.0 3170.1953125 3079.14453125 3141.2101151315787 19
stats: {recvpackets,"tsung_controller@ip-172-30-3-173"} 1 5919.0 0.0 5919 97 1683.611111111111 18
stats: {sentpackets,"tsung_controller@ip-172-30-3-173"} 1 6219.0 0.0 6219 102 1555.6666666666667 18
stats: {cpu,"tsung_controller@ip-172-30-3-173"} 1 15.960591133004925 0.0 15.960591133004925 1.288404360753221 4.3173933909030735 19
stats: {load,"tsung_controller@ip-172-30-3-173"} 1 0.1015625 0.0 0.1015625 0.01171875 0.04790296052631579 19
stats: session 165 29615.424462890624 25464.55087778848 127725.68212890625 12.614013671875 27259.15559850114 534
stats: users_count 343 1507
stats: finish_users_count 165 699
stats: request 1972 509.20975567119416 821.7200077437451 4396.820068359375 0.055908203125 826.1987400202105 7387
stats: connect 403 2.6721076302729516 3.109403934905754 1140.389892578125 0.426025390625 8.045895498259968 1329
stats: page 1710 587.1731392486743 967.3021230154717 7664.718994140625 0.52978515625 940.5557227512372 6477
stats: tr_play_game__ready_page 92 602.5134171195656 864.2537593474409 3438.576171875 0.576904296875 977.2395891880245 417
stats: 302 108 561
stats: tr_play_game__leaderboard 49 476.0046087771045 832.8511366818686 3315.494140625 0.6220703125 778.3574607508957 157
stats: 200 308 4283
stats: tr_question_new_POST 137 419.47967573848086 747.243263987904 3192.47607421875 0.619873046875 558.1615144893595 442
stats: size_rcv 1418326 11581024
stats: tr_quiz_new_POST 17 578.6444738051471 891.8994577812864 3178.0810546875 0.820068359375 852.0029955667163 63
stats: newphase 0 6
stats: tr_search_all_users 26 429.86734713040863 784.2483177525102 3932.983154296875 0.636962890625 918.6328607603562 86
stats: 422 48 126
stats: tr_friend_requests 11 353.6167214133523 730.7666872571968 2876.364013671875 0.64697265625 658.9424167209202 72
stats: size_sent 1821701 11676538
stats: tr_friends 11 632.09765625 839.7068423841052 3420.041015625 0.6298828125 843.8221994173729 59
stats: connected 169 798
stats: tr_browse_quizzes_page_1 55 579.0559969815339 833.4737382816468 3130.192138671875 0.613037109375 907.6088190929431 213
stats: error_connection_closed 9 13
stats: tr_play_game__1st_question 85 537.5297047334558 830.2592391984276 3112.947998046875 0.578125 857.4528241398359 396
stats: 503 1347 3645
stats: tr_play_game__answer_to_question 66 652.5564889618843 870.0006148711791 3644.990966796875 0.625 914.7959354073661 350
stats: 404 85 487
stats: tr_index 108 409.30111129195603 762.3850923371781 3441.502197265625 1.098876953125 865.8167920133252 462
stats: tr_quizzes_page_INDEX 39 503.13438376402246 803.3430016767949 2812.97412109375 0.623046875 803.4063444317512 106
stats: tr_quiz_questions_SHOW 137 388.3478077241103 770.7536949632079 3447.64013671875 0.11181640625 521.1881053349744 438
# stats: dump at 1448598793
stats: users 898 902
stats: {freemem,"tsung_controller@ip-172-30-3-173"} 1 3080.640625 0.0 3170.1953125 3079.14453125 3138.1068359374995 20
stats: {recvpackets,"tsung_controller@ip-172-30-3-173"} 1 6260.0 0.0 6260 97 1906.5263157894738 19
stats: {sentpackets,"tsung_controller@ip-172-30-3-173"} 1 6771.0 0.0 6771 102 1801.1052631578948 19
stats: {cpu,"tsung_controller@ip-172-30-3-173"} 1 18.43137254901961 0.0 18.43137254901961 1.288404360753221 4.899553278008166 20
stats: {load,"tsung_controller@ip-172-30-3-173"} 1 0.078125 0.0 0.1015625 0.01171875 0.0505859375 20
stats: session 195 30118.323412459937 25982.622778205685 138041.94311523438 12.614013671875 27815.356403399946 699
stats: users_count 285 1792
stats: finish_users_count 195 894
stats: request 2411 448.88526545002094 766.0228579140394 4396.820068359375 0.051025390625 759.4071728510406 9359
stats: connect 371 2.8138371799191355 3.238567009566011 1140.389892578125 0.426025390625 6.795527997798787 1732
stats: page 2060 520.9239269663982 891.0187403953732 7664.718994140625 0.52978515625 866.7455092677411 8187
stats: tr_play_game__ready_page 127 540.827459860974 802.3942231020469 3438.576171875 0.576904296875 909.5091219379299 509
stats: 302 128 689
stats: tr_play_game__leaderboard 62 382.22897634198597 724.4546772642902 3315.494140625 0.6220703125 706.4385784852852 206
stats: 200 336 4619
stats: tr_question_new_POST 164 369.8354909012956 704.494912662748 3192.47607421875 0.619873046875 525.347331572485 579
stats: size_rcv 1682571 13263595
stats: tr_quiz_new_POST 25 466.245478515625 730.0148013802278 3178.0810546875 0.820068359375 793.9143096923829 80
stats: newphase 0 6
stats: tr_search_all_users 35 500.9654296875 800.7550608496549 3932.983154296875 0.636962890625 805.169437953404 112
stats: 422 52 178
stats: tr_friend_requests 27 430.1266456886574 715.4886766123154 2876.364013671875 0.64697265625 618.4775655355799 83
stats: size_sent 2043939 13720477
stats: tr_friends 20 259.7483764648438 586.8128456268704 3420.041015625 0.6298828125 810.5511997767857 70
stats: connected 100 898
stats: tr_browse_quizzes_page_1 63 435.05118040054583 736.2299247080457 3130.192138671875 0.613037109375 840.181933958139 268
stats: error_connection_closed 11 24
stats: tr_play_game__1st_question 119 511.710434857537 769.0961588632363 3112.947998046875 0.578125 800.9175535586669 481
stats: 503 1723 5368
stats: tr_play_game__answer_to_question 94 436.8407943400931 757.6635703131656 3644.990966796875 0.60107421875 873.1906386155349 416
stats: 404 92 579
stats: tr_index 135 370.69859121817126 694.544465565523 3441.502197265625 1.098876953125 779.3190840871711 570
stats: 500 6 6
stats: tr_quizzes_page_INDEX 49 495.86960399394127 736.6445918415224 2812.97412109375 0.623046875 722.6435412176725 145
stats: tr_quiz_questions_SHOW 161 269.59417004318703 620.622824613127 3447.64013671875 0.11181640625 489.5374605129076 575
# stats: dump at 1448598803
stats: users 798 950
stats: {freemem,"tsung_controller@ip-172-30-3-173"} 1 3079.62109375 0.0 3170.1953125 3079.14453125 3135.3703497023803 21
stats: {recvpackets,"tsung_controller@ip-172-30-3-173"} 1 7.6e3 0.0 7600 97 2124.2 20
stats: {sentpackets,"tsung_controller@ip-172-30-3-173"} 1 8116.0 0.0 8116 102 2049.6 20
stats: {cpu,"tsung_controller@ip-172-30-3-173"} 1 20.57086614173228 0.0 20.57086614173228 1.288404360753221 5.543925624246806 21
stats: {load,"tsung_controller@ip-172-30-3-173"} 1 0.140625 0.0 0.140625 0.01171875 0.05189732142857143 21
stats: session 192 34879.00301361085 21249.360178416722 138041.94311523438 12.614013671875 28317.68142215464 894
stats: users_count 92 1884
stats: finish_users_count 192 1086
stats: request 2578 478.0759295337043 737.6347614721466 4396.820068359375 0.051025390625 695.7989894403476 11770
stats: connect 303 2.2850837329826734 2.7469304141126423 1140.389892578125 0.423095703125 6.093099422699714 2103
stats: page 2108 584.9724360833357 859.7037024811051 7664.718994140625 0.510009765625 797.2234579804602 10247
stats: tr_play_game__ready_page 99 849.8858482283775 880.6204250509264 3438.576171875 0.576904296875 835.8887271521227 636
stats: 302 143 832
stats: tr_play_game__leaderboard 64 518.1859779357912 727.075049764884 3315.494140625 0.60400390625 631.4348645566115 268
stats: 200 274 4893
stats: tr_question_new_POST 305 233.0539038486168 547.194478104243 3192.47607421875 0.60888671875 491.0217032143759 743
stats: size_rcv 1754394 15017989
stats: tr_quiz_new_POST 41 382.3488709984756 659.059969919118 3178.0810546875 0.786865234375 715.8979213169642 105
stats: newphase 0 6
stats: tr_search_all_users 35 461.6664899553571 718.0474471399583 3932.983154296875 0.617919921875 732.7399121758078 147
stats: 422 63 241
stats: tr_friend_requests 26 676.996544471154 871.826104078092 2876.364013671875 0.616943359375 572.2459761186079 110
stats: size_sent 2422739 16143216
stats: tr_friends 22 394.56201171875 722.0064075999511 3420.041015625 0.61083984375 688.1505723741319 90
stats: connected -101 797
stats: tr_browse_quizzes_page_1 33 794.3599446614584 783.21527345022 3130.192138671875 0.613037109375 763.0724551843373 331
stats: error_connection_closed 81 105
stats: tr_play_game__1st_question 120 543.6992980957032 759.0081264447487 3112.947998046875 0.578125 743.5581416829427 600
stats: error_abort_max_send_retries 14 14
stats: tr_play_game__answer_to_question 119 446.0542156315651 724.5395627081307 3644.990966796875 0.60107421875 792.7653732000613 510
stats: 503 1789 7157
stats: tr_index 53 868.6150685436321 631.2640825131285 3441.502197265625 1.098876953125 701.0726067292775 705
stats: 404 172 751
stats: tr_quizzes_page_INDEX 30 630.238720703125 846.5636037927356 2812.97412109375 0.619873046875 665.3655880013692 194
stats: 500 30 36
stats: tr_quiz_questions_SHOW 309 251.198235076608 541.3569655780905 3447.64013671875 0.05908203125 441.42486572265625 736
# stats: dump at 1448598813
stats: users 655 950
stats: {freemem,"tsung_controller@ip-172-30-3-173"} 1 3072.0390625 0.0 3170.1953125 3072.0390625 3132.8362926136356 22
stats: {recvpackets,"tsung_controller@ip-172-30-3-173"} 1 7006.0 0.0 7600 97 2384.9523809523807 21
stats: {sentpackets,"tsung_controller@ip-172-30-3-173"} 1 7006.0 0.0 8116 102 2338.4761904761904 21
stats: {cpu,"tsung_controller@ip-172-30-3-173"} 1 15.815324165029471 0.0 20.57086614173228 1.288404360753221 6.2269683750416 22
stats: {load,"tsung_controller@ip-172-30-3-173"} 1 0.19921875 0.0 0.19921875 0.01171875 0.05593039772727273 22
stats: session 143 42004.37158373852 15973.4947788835 138041.94311523438 12.614013671875 29477.69407920767 1086
stats: users_count 0 1884
stats: finish_users_count 143 1229
stats: request 2152 497.7433812024424 733.3242997551132 4396.820068359375 0.051025390625 656.6792481217439 14348
stats: connect 135 1.6812319155092592 2.877832800193562 1140.389892578125 0.423095703125 5.6135363495557975 2406
stats: page 1742 614.8508637140305 908.4093849705162 7664.718994140625 0.510009765625 761.0093621359326 12355
stats: tr_play_game__ready_page 20 830.7989501953125 834.6848951616689 3438.576171875 0.576904296875 837.7740536644345 735
stats: 302 180 1012
stats: tr_play_game__leaderboard 67 564.1420643365207 725.8566158493435 3315.494140625 0.60400390625 609.6037538827184 332
stats: 200 220 5113
stats: tr_question_new_POST 247 340.9336273564018 616.5697279113891 3192.47607421875 0.60888671875 415.94519671957005 1048
stats: size_rcv 1554700 16572689
stats: tr_quiz_new_POST 41 595.3266125190548 746.9987191316483 3178.0810546875 0.786865234375 622.2300373234161 146
stats: newphase 0 6
stats: tr_search_all_users 41 552.5394138243141 815.7427624999028 3932.983154296875 0.617919921875 680.6104079026443 182
stats: 422 83 324
stats: tr_friend_requests 19 839.0072985197369 710.6974490910762 2876.364013671875 0.616943359375 592.2718200683594 136
stats: size_sent 2161520 18304736
stats: tr_friends 14 553.4261300223214 738.7930787131755 3420.041015625 0.61083984375 630.4813908168247 112
stats: connected -141 656
stats: tr_browse_quizzes_page_1 1 1761.466064453125 0.0 3130.192138671875 0.613037109375 765.9089583512191 364
stats: error_connection_closed 17 122
stats: tr_play_game__1st_question 34 677.1337316176471 812.2828264645049 3112.947998046875 0.578125 710.2483344184028 720
stats: error_abort_max_send_retries 0 14
stats: tr_play_game__answer_to_question 97 612.5897632087629 743.4268989696484 3644.990966796875 0.60107421875 727.1713704168322 629
stats: 503 1335 8492
stats: tr_index 0 0 0 3441.502197265625 1.098876953125 712.7873171199909 758
stats: 404 203 954
stats: tr_quizzes_page_INDEX 44 564.6733342950994 711.0688310584806 2812.97412109375 0.61181640625 660.6610968453543 224
stats: 500 0 36
stats: tr_quiz_questions_SHOW 241 294.1552015122536 609.2153069200598 3447.64013671875 0.05908203125 385.1760342684659 1045
# stats: dump at 1448598823
stats: users 502 950
stats: {freemem,"tsung_controller@ip-172-30-3-173"} 1 3068.06640625 0.0 3170.1953125 3068.06640625 3130.192934782608 23
stats: {recvpackets,"tsung_controller@ip-172-30-3-173"} 1 6062.0 0.0 7600 97 2594.9999999999995 22
stats: {sentpackets,"tsung_controller@ip-172-30-3-173"} 1 5899.0 0.0 8116 102 2550.6363636363635 22
stats: {cpu,"tsung_controller@ip-172-30-3-173"} 1 13.16831683168317 0.0 20.57086614173228 1.288404360753221 6.643853409388899 23
stats: {load,"tsung_controller@ip-172-30-3-173"} 1 0.171875 0.0 0.19921875 0.01171875 0.06216032608695652 23
stats: session 153 45209.73449786815 16379.512952924997 138041.94311523438 12.614013671875 30935.232633437055 1229
stats: users_count 0 1884
stats: finish_users_count 153 1382
stats: request 1905 578.2778429246647 698.9590744416757 4396.820068359375 0.051025390625 635.9501580847538 16500
stats: connect 135 1.7285879629629635 2.8921269606961695 1140.389892578125 0.423095703125 5.4046181682900425 2541
stats: page 1518 728.2554320484909 915.2678554388681 7664.718994140625 0.510009765625 742.9482069787394 14097
stats: tr_play_game__ready_page 3 1095.62060546875 788.3771297833977 3438.576171875 0.576904296875 837.58928271161 755
stats: 302 244 1256
stats: tr_play_game__leaderboard 99 518.6122208412247 666.9696340397425 3315.494140625 0.60400390625 601.9698360892465 399
stats: 200 230 5343
stats: tr_question_new_POST 277 436.64888964491195 632.8010978965982 3192.47607421875 0.60888671875 401.6379707483712 1295
stats: size_rcv 1492582 18065271
stats: tr_quiz_new_POST 44 625.1411299272016 685.0431314566782 3178.0810546875 0.786865234375 616.3314254679144 187
stats: newphase 0 6
stats: tr_search_all_users 27 681.6074670862267 824.9253583336575 3932.983154296875 0.617919921875 657.0637228927271 223
stats: 422 114 438
stats: tr_friend_requests 18 817.3187798394097 738.3836843581175 2876.364013671875 0.616943359375 622.5168142011089 155
stats: size_sent 1945010 20249746
stats: tr_friends 20 753.6072509765625 680.0264026065983 3420.041015625 0.61083984375 621.919695172991 126
stats: connected -149 507
stats: tr_browse_quizzes_page_1 0 0 0 3130.192138671875 0.613037109375 768.6365120665668 365
stats: error_connection_closed 26 148
stats: tr_play_game__1st_question 4 765.7090454101563 771.5935693073238 3112.947998046875 0.578125 708.755102992374 754
stats: error_abort_max_send_retries 0 14
stats: tr_play_game__answer_to_question 23 617.2044200067934 703.7256011486263 3644.990966796875 0.60107421875 711.8622576080406 726
stats: 503 999 9491
stats: tr_index 0 0 0 3441.502197265625 1.098876953125 712.7873171199909 758
stats: 404 200 1154
stats: tr_quizzes_page_INDEX 17 728.9822208180148 690.0209797952629 2812.97412109375 0.61181640625 644.9019119490439 268
stats: 500 0 36
stats: tr_quiz_questions_SHOW 271 413.1309116264991 635.7287546870549 3447.64013671875 0.05908203125 368.1184754082426 1286
# stats: dump at 1448598833
stats: users 348 950
stats: {freemem,"tsung_controller@ip-172-30-3-173"} 1 3068.58984375 0.0 3170.1953125 3068.06640625 3127.6043294270826 24
stats: {recvpackets,"tsung_controller@ip-172-30-3-173"} 1 5688.0 0.0 7600 97 2745.7391304347825 23
stats: {sentpackets,"tsung_controller@ip-172-30-3-173"} 1 5173.0 0.0 8116 102 2696.217391304348 23
stats: {cpu,"tsung_controller@ip-172-30-3-173"} 1 10.816125860373647 0.0 20.57086614173228 1.288404360753221 6.915706051984493 24
stats: {load,"tsung_controller@ip-172-30-3-173"} 1 0.21875 0.0 0.21875 0.01171875 0.06673177083333333 24
stats: session 154 50906.92652635451 14078.597721133798 138041.94311523438 12.614013671875 32515.55013362371 1382
stats: users_count 0 1884
stats: finish_users_count 154 1536
stats: request 1305 782.605504295378 548.042687262193 4396.820068359375 0.051025390625 629.9808149508244 18405
stats: connect 66 1.7634536280776518 2.655792761402899 1140.389892578125 0.423095703125 5.219168213985426 2676
stats: page 1033 991.9273219593268 782.830568040122 7664.718994140625 0.510009765625 741.5198603668844 15615
stats: tr_play_game__ready_page 0 0 0 3438.576171875 0.576904296875 838.6105148597254 758
stats: 302 306 1562
stats: tr_play_game__leaderboard 88 779.7383700284089 525.7848655115282 3315.494140625 0.60400390625 585.3987439013868 498
stats: 200 246 5589
stats: tr_question_new_POST 225 703.1053982204859 555.2613555179629 3192.47607421875 0.60888671875 407.80719755138756 1572
stats: size_rcv 1245560 19310831
stats: tr_quiz_new_POST 20 793.1200073242187 530.8299786889582 3178.0810546875 0.786865234375 618.0094644125406 231
stats: newphase 0 6
stats: tr_search_all_users 15 1048.8365071614583 495.6124003939914 3932.983154296875 0.617919921875 659.7144472656252 250
stats: 422 140 578
stats: tr_friend_requests 4 1137.185791015625 145.9897119902476 2876.364013671875 0.616943359375 642.7852268108743 173
stats: size_sent 1423883 21673629
stats: tr_friends 19 835.8572805304276 515.0295016888513 3420.041015625 0.61083984375 639.9590863789598 146
stats: connected -158 349
stats: tr_browse_quizzes_page_1 0 0 0 3130.192138671875 0.613037109375 768.6365120665668 365
stats: error_connection_closed 3 151
stats: tr_play_game__1st_question 0 0 0 3112.947998046875 0.578125 709.055651501175 758
stats: error_abort_max_send_retries 0 14
stats: tr_play_game__answer_to_question 5 1065.3416015625 40.62064174643829 3644.990966796875 0.60107421875 708.9555416336365 749
stats: 503 343 9834
stats: tr_index 0 0 0 3441.502197265625 1.098876953125 712.7873171199909 758
stats: 404 197 1351
stats: tr_quizzes_page_INDEX 10 743.900732421875 494.28870714254043 2812.97412109375 0.61181640625 649.9172286184211 285
stats: 500 0 36
stats: tr_quiz_questions_SHOW 229 698.5881720796941 561.7236917109137 3447.64013671875 0.05908203125 375.95300990737394 1557
# stats: dump at 1448598843
stats: users 213 950
stats: {freemem,"tsung_controller@ip-172-30-3-173"} 1 3067.63671875 0.0 3170.1953125 3067.63671875 3125.2437499999996 25
stats: {recvpackets,"tsung_controller@ip-172-30-3-173"} 1 4697.0 0.0 7600 97 2868.3333333333335 24
stats: {sentpackets,"tsung_controller@ip-172-30-3-173"} 1 4074.0 0.0 8116 102 2799.4166666666665 24
stats: {cpu,"tsung_controller@ip-172-30-3-173"} 1 7.623762376237623 0.0 20.57086614173228 1.288404360753221 7.07172284432006 25
stats: {load,"tsung_controller@ip-172-30-3-173"} 1 0.19140625 0.0 0.21875 0.01171875 0.0728125 25
stats: session 135 58241.45837673611 14164.11639294517 138041.94311523438 12.614013671875 34359.4771938324 1536
stats: users_count 0 1884
stats: finish_users_count 135 1671
stats: request 1028 922.9903597701846 471.4104977886329 4396.820068359375 0.051025390625 640.0861026014912 19710
stats: connect 26 0.8128568209134616 1.446490986594464 1140.389892578125 0.423095703125 5.135989088285238 2742
stats: page 805 1179.8863396496477 710.3654812766883 7664.718994140625 0.510009765625 757.0575170118262 16648
stats: tr_play_game__ready_page 0 0 0 3438.576171875 0.576904296875 838.6105148597254 758
stats: 302 309 1871
stats: tr_play_game__leaderboard 83 1035.14066029744 385.87448025013475 3315.494140625 0.60400390625 614.5828515791649 586
stats: 200 248 5837
stats: tr_question_new_POST 185 848.3245671452703 453.58685995544846 3192.47607421875 0.60888671875 444.78109579877054 1797
stats: size_rcv 1128935 20439766
stats: tr_quiz_new_POST 22 736.9354469992898 462.60315696806106 3178.0810546875 0.786865234375 631.9624957202441 251
stats: newphase 0 6
stats: tr_search_all_users 8 1029.8632507324219 677.8852014247667 3932.983154296875 0.617919921875 681.7402242408609 265
stats: 422 158 736
stats: tr_friend_requests 3 1322.6097005208333 91.76044889209814 2876.364013671875 0.616943359375 653.9581209171963 177
stats: size_sent 1020569 22694198
stats: tr_friends 11 1176.1294611150568 261.97882228110007 3420.041015625 0.61083984375 662.517060250947 165
stats: connected -134 215
stats: tr_browse_quizzes_page_1 0 0 0 3130.192138671875 0.613037109375 768.6365120665668 365
stats: error_connection_closed 1 152
stats: tr_play_game__1st_question 0 0 0 3112.947998046875 0.578125 709.055651501175 758
stats: error_abort_max_send_retries 0 14
stats: tr_play_game__answer_to_question 4 1281.1425170898438 307.27739865128683 3644.990966796875 0.60107421875 711.3188444183107 754
stats: 503 128 9962
stats: tr_index 0 0 0 3441.502197265625 1.098876953125 712.7873171199909 758
stats: 404 158 1509
stats: tr_quizzes_page_INDEX 7 1027.92333984375 196.0467665022382 2812.97412109375 0.61181640625 653.1031101032839 295
stats: 500 0 36
stats: tr_quiz_questions_SHOW 180 833.0405259874132 458.7595174592054 3447.64013671875 0.05908203125 417.32112420606455 1786
# stats: dump at 1448598853
stats: users 103 950
stats: {freemem,"tsung_controller@ip-172-30-3-173"} 1 3080.48828125 0.0 3170.1953125 3067.63671875 3123.0280949519224 26
stats: {recvpackets,"tsung_controller@ip-172-30-3-173"} 1 4251.0 0.0 7600 97 2941.48 25
stats: {sentpackets,"tsung_controller@ip-172-30-3-173"} 1 3222.0 0.0 8116 102 2850.4 25
stats: {cpu,"tsung_controller@ip-172-30-3-173"} 1 6.138613861386139 0.0 20.57086614173228 1.288404360753221 7.092955134009197 26
stats: {load,"tsung_controller@ip-172-30-3-173"} 1 0.16015625 0.0 0.21875 0.01171875 0.07737379807692307 26
stats: session 110 67421.18778187137 11950.039402550186 138041.94311523438 12.614013671875 36288.90116731654 1671
stats: users_count 0 1884
stats: finish_users_count 110 1781
stats: request 960 483.1003466288245 181.28586407483118 4396.820068359375 0.051025390625 654.1099031786644 20738
stats: connect 3 0.5565592447916666 0.02330857598373132 1140.389892578125 0.423095703125 5.095381632016573 2768
stats: page 700 679.9822523716524 345.2833755773977 7664.718994140625 0.510009765625 776.5600210067524 17453
stats: tr_play_game__ready_page 0 0 0 3438.576171875 0.576904296875 838.6105148597254 758
stats: 302 425 2296
stats: tr_play_game__leaderboard 43 459.63677552688955 149.342937901273 3315.494140625 0.60400390625 666.7596798655876 669
stats: 200 202 6039
stats: tr_question_new_POST 245 459.63912129304873 158.0270753420097 3192.47607421875 0.60888671875 482.4478678467536 1982
stats: size_rcv 1078924 21518690
stats: tr_quiz_new_POST 11 625.13427734375 158.32970942473162 3178.0810546875 0.786865234375 640.4218544313759 273
stats: newphase 0 6
stats: tr_search_all_users 1 1080.572021484375 0.0 3932.983154296875 0.617919921875 691.941631610577 273
stats: 422 208 944
stats: tr_friend_requests 0 0 0 2876.364013671875 0.616943359375 665.1023139105903 180
stats: size_sent 822590 23516788
stats: tr_friends 3 470.893310546875 121.30261191955462 3420.041015625 0.61083984375 694.6178353049538 176
stats: connected -112 103
stats: tr_browse_quizzes_page_1 0 0 0 3130.192138671875 0.613037109375 768.6365120665668 365
stats: error_connection_closed 0 152
stats: tr_play_game__1st_question 0 0 0 3112.947998046875 0.578125 709.055651501175 758
stats: error_abort_max_send_retries 0 14
stats: tr_play_game__answer_to_question 0 0 0 3644.990966796875 0.60107421875 714.3258294983715 758
stats: 503 0 9962
stats: tr_index 0 0 0 3441.502197265625 1.098876953125 712.7873171199909 758
stats: 404 126 1635
stats: tr_quizzes_page_INDEX 1 538.032958984375 0.0 2812.97412109375 0.61181640625 661.790996223096 302
stats: 500 0 36
stats: tr_quiz_questions_SHOW 258 464.27203605710974 168.5891558866893 3447.64013671875 0.05908203125 455.3829209103589 1966
# stats: dump at 1448598863
stats: users 44 950
stats: {freemem,"tsung_controller@ip-172-30-3-173"} 1 3092.625 0.0 3170.1953125 3067.63671875 3121.4525462962956 27
stats: {recvpackets,"tsung_controller@ip-172-30-3-173"} 1 3275.0 0.0 7600 97 2991.846153846154 26
stats: {sentpackets,"tsung_controller@ip-172-30-3-173"} 1 2326.0 0.0 8116 102 2864.6923076923076 26
stats: {cpu,"tsung_controller@ip-172-30-3-173"} 1 4.075546719681909 0.0 20.57086614173228 1.288404360753221 7.0576091609490845 27
stats: {load,"tsung_controller@ip-172-30-3-173"} 1 0.140625 0.0 0.21875 0.01171875 0.08043981481481481 27
stats: session 59 72321.29865432995 10786.601941401123 138041.94311523438 12.614013671875 38211.72628107343 1781
stats: users_count 0 1884
stats: finish_users_count 59 1840
stats: request 355 46.00883376430456 77.44231241112597 4396.820068359375 0.051025390625 646.5438061057615 21698
stats: connect 2 0.679443359375 0.0625 1140.389892578125 0.423095703125 5.0904677138781125 2771
stats: page 274 65.11227439267792 137.2177048590338 7664.718994140625 0.510009765625 772.8358741415196 18153
stats: tr_play_game__ready_page 0 0 0 3438.576171875 0.576904296875 838.6105148597254 758
stats: 302 127 2423
stats: tr_play_game__leaderboard 26 26.8802490234375 43.16039975564244 3315.494140625 0.60400390625 654.2508527777168 712
stats: 200 98 6137
stats: tr_question_new_POST 73 43.48306065389557 65.07804650460828 3192.47607421875 0.60888671875 479.93859846837114 2227
stats: size_rcv 454794 21973484
stats: tr_quiz_new_POST 6 16.575968424479168 25.601707996438325 3178.0810546875 0.786865234375 639.8297299667144 284
stats: newphase 0 6
stats: tr_search_all_users 2 71.6219482421875 48.7220458984375 3932.983154296875 0.617919921875 693.3599906977076 274
stats: 422 65 1009
stats: tr_friend_requests 0 0 0 2876.364013671875 0.616943359375 665.1023139105903 180
stats: size_sent 348160 23864948
stats: tr_friends 1 3.491943359375 0.0 3420.041015625 0.61083984375 690.8682622643156 179
stats: connected -62 41
stats: tr_browse_quizzes_page_1 0 0 0 3130.192138671875 0.613037109375 768.6365120665668 365
stats: error_connection_closed 0 152
stats: tr_play_game__1st_question 0 0 0 3112.947998046875 0.578125 709.055651501175 758
stats: error_abort_max_send_retries 0 14
stats: tr_play_game__answer_to_question 0 0 0 3644.990966796875 0.60107421875 714.3258294983715 758
stats: 503 0 9962
stats: tr_index 0 0 0 3441.502197265625 1.098876953125 712.7873171199909 758
stats: 404 64 1699
stats: tr_quizzes_page_INDEX 0 0 0 2812.97412109375 0.61181640625 661.3825538559715 303
stats: 500 0 36
stats: tr_quiz_questions_SHOW 76 50.7031828227796 68.24281598901021 3447.64013671875 0.05908203125 456.4141222178507 2224
# stats: dump at 1448598873
stats: users 18 950
stats: {freemem,"tsung_controller@ip-172-30-3-173"} 1 3095.0234375 0.0 3170.1953125 3067.63671875 3120.422991071428 28
stats: {recvpackets,"tsung_controller@ip-172-30-3-173"} 1 960.0 0.0 7600 97 3002.3333333333335 27
stats: {sentpackets,"tsung_controller@ip-172-30-3-173"} 1 876.0 0.0 8116 102 2844.740740740741 27
stats: {cpu,"tsung_controller@ip-172-30-3-173"} 1 2.0812685827552033 0.0 20.57086614173228 1.288404360753221 6.951106930903828 28
stats: {load,"tsung_controller@ip-172-30-3-173"} 1 0.12109375 0.0 0.21875 0.01171875 0.08258928571428571 28
stats: session 26 84218.244140625 9670.038752107359 138041.94311523438 12.614013671875 39305.45713434633 1840
stats: users_count 0 1884
stats: finish_users_count 26 1866
stats: request 234 8.496427617521364 7.017062953899924 4396.820068359375 0.051025390625 636.876644486879 22053
stats: connect 1 0.7099609375 0.0 1140.389892578125 0.423095703125 5.087286304318428 2773
stats: page 171 11.664599323830414 8.995478823207058 7664.718994140625 0.510009765625 762.312388694557 18427
stats: tr_play_game__ready_page 0 0 0 3438.576171875 0.576904296875 838.6105148597254 758
stats: 302 102 2525
stats: tr_play_game__leaderboard 14 7.136125837053571 5.337287360048187 3315.494140625 0.60400390625 632.1483653825795 738
stats: 200 48 6185
stats: tr_question_new_POST 56 8.520490373883929 6.007386438528489 3192.47607421875 0.60888671875 466.0858792246943 2300
stats: size_rcv 254051 22227535
stats: tr_quiz_new_POST 7 7.823869977678571 6.212739372709166 3178.0810546875 0.786865234375 626.9348245554957 290
stats: newphase 0 6
stats: tr_search_all_users 0 0 0 3932.983154296875 0.617919921875 688.854642563972 276
stats: 422 54 1063
stats: tr_friend_requests 0 0 0 2876.364013671875 0.616943359375 665.1023139105903 180
stats: size_sent 217467 24082415
stats: tr_friends 0 0 0 3420.041015625 0.61083984375 687.049504937066 180
stats: connected -26 15
stats: tr_browse_quizzes_page_1 0 0 0 3130.192138671875 0.613037109375 768.6365120665668 365
stats: error_connection_closed 0 152
stats: tr_play_game__1st_question 0 0 0 3112.947998046875 0.578125 709.055651501175 758
stats: error_abort_max_send_retries 0 14
stats: tr_play_game__answer_to_question 0 0 0 3644.990966796875 0.60107421875 714.3258294983715 758
stats: 503 0 9962
stats: tr_index 0 0 0 3441.502197265625 1.098876953125 712.7873171199909 758
stats: 404 30 1729
stats: tr_quizzes_page_INDEX 0 0 0 2812.97412109375 0.61181640625 661.3825538559715 303
stats: 500 0 36
stats: tr_quiz_questions_SHOW 56 8.365304129464286 6.002819114377922 3447.64013671875 0.05908203125 443.0080216117527 2300
# stats: dump at 1448598883
stats: users 9 950
stats: {freemem,"tsung_controller@ip-172-30-3-173"} 1 3096.21875 0.0 3170.1953125 3067.63671875 3119.547144396551 29
stats: {recvpackets,"tsung_controller@ip-172-30-3-173"} 1 290.0 0.0 7600 97 2929.3928571428573 28
stats: {sentpackets,"tsung_controller@ip-172-30-3-173"} 1 276.0 0.0 8116 102 2774.4285714285716 28
stats: {cpu,"tsung_controller@ip-172-30-3-173"} 1 1.0912698412698412 0.0 20.57086614173228 1.0912698412698412 6.783181470622841 29
stats: {load,"tsung_controller@ip-172-30-3-173"} 1 0.1015625 0.0 0.21875 0.01171875 0.08391702586206896 29
stats: session 9 97360.66156684028 13129.683659507085 138041.94311523438 12.614013671875 39931.25159424089 1866
stats: users_count 0 1884
stats: finish_users_count 9 1875
stats: request 50 46.096108398437494 109.2108120894002 4396.820068359375 0.051025390625 630.2790328411918 22287
stats: connect 2 208.5819091796875 207.9588623046875 1140.389892578125 0.423095703125 5.0857083211292355 2774
stats: page 39 59.12300931490385 126.16052759023518 7664.718994140625 0.510009765625 755.4105297859434 18598
stats: tr_play_game__ready_page 0 0 0 3438.576171875 0.576904296875 838.6105148597254 758
stats: 302 19 2544
stats: tr_play_game__leaderboard 4 9.26702880859375 9.112898013456833 3315.494140625 0.60400390625 620.5124992208277 752
stats: 200 12 6197
stats: tr_question_new_POST 8 38.853729248046875 74.15551422349692 3192.47607421875 0.60888671875 455.20996166287534 2356
stats: size_rcv 70527 22298062
stats: tr_quiz_new_POST 1 421.72705078125 0.0 3178.0810546875 0.786865234375 612.3429838752104 297
stats: newphase 0 6
stats: tr_search_all_users 1 103.555908203125 0.0 3932.983154296875 0.617919921875 688.854642563972 276
stats: 422 10 1073
stats: tr_friend_requests 0 0 0 2876.364013671875 0.616943359375 665.1023139105903 180
stats: size_sent 39555 24121970
stats: tr_friends 0 0 0 3420.041015625 0.61083984375 687.049504937066 180
stats: connected -7 8
stats: tr_browse_quizzes_page_1 0 0 0 3130.192138671875 0.613037109375 768.6365120665668 365
stats: error_connection_closed 0 152
stats: tr_play_game__1st_question 0 0 0 3112.947998046875 0.578125 709.055651501175 758
stats: error_abort_max_send_retries 0 14
stats: tr_play_game__answer_to_question 0 0 0 3644.990966796875 0.60107421875 714.3258294983715 758
stats: 503 0 9962
stats: tr_index 0 0 0 3441.502197265625 1.098876953125 712.7873171199909 758
stats: 404 9 1738
stats: tr_quizzes_page_INDEX 1 3.63916015625 0.0 2812.97412109375 0.61181640625 661.3825538559715 303
stats: 500 0 36
stats: tr_quiz_questions_SHOW 8 14.34600830078125 18.154159496438073 3447.64013671875 0.05908203125 432.6769553218511 2356
# stats: dump at 1448598893
stats: users 5 950
stats: {freemem,"tsung_controller@ip-172-30-3-173"} 1 3096.34765625 0.0 3170.1953125 3067.63671875 3118.7695312499995 30
stats: {recvpackets,"tsung_controller@ip-172-30-3-173"} 1 198.0 0.0 7600 97 2838.3793103448274 29
stats: {sentpackets,"tsung_controller@ip-172-30-3-173"} 1 172.0 0.0 8116 102 2688.2758620689656 29
stats: {cpu,"tsung_controller@ip-172-30-3-173"} 1 1.282051282051282 0.0 20.57086614173228 1.0912698412698412 6.593451082977741 30
stats: {load,"tsung_controller@ip-172-30-3-173"} 1 0.078125 0.0 0.21875 0.01171875 0.08450520833333333 30
stats: session 4 106577.20849609375 9016.69032835179 138041.94311523438 12.614013671875 40206.912762109365 1875
stats: users_count 0 1884
stats: finish_users_count 4 1879
stats: request 57 9.905873081140351 6.506537885804578 4396.820068359375 0.051025390625 628.9713753123322 22337
stats: connect 0 0 0 1140.389892578125 0.423095703125 5.232319416848658 2776
stats: page 39 14.529916616586535 8.057857935395923 7664.718994140625 0.510009765625 753.9534705329321 18637
stats: tr_play_game__ready_page 0 0 0 3438.576171875 0.576904296875 838.6105148597254 758
stats: 302 17 2561
stats: tr_play_game__leaderboard 2 3.97509765625 0.073974609375 3315.494140625 0.60400390625 617.2783962027736 756
stats: 200 20 6217
stats: tr_question_new_POST 16 5.7633209228515625 3.2033315265980344 3192.47607421875 0.60888671875 453.8009727206932 2364
stats: size_rcv 92141 22390203
stats: tr_quiz_new_POST 2 9.162109375 3.719970703125 3178.0810546875 0.786865234375 611.7033330930159 298
stats: newphase 0 6
stats: tr_search_all_users 0 0 0 3932.983154296875 0.617919921875 686.7416507431748 277
stats: 422 9 1082
stats: tr_friend_requests 0 0 0 2876.364013671875 0.616943359375 665.1023139105903 180
stats: size_sent 47177 24169147
stats: tr_friends 0 0 0 3420.041015625 0.61083984375 687.049504937066 180
stats: connected -4 4
stats: tr_browse_quizzes_page_1 0 0 0 3130.192138671875 0.613037109375 768.6365120665668 365
stats: error_connection_closed 0 152
stats: tr_play_game__1st_question 0 0 0 3112.947998046875 0.578125 709.055651501175 758
stats: error_abort_max_send_retries 0 14
stats: tr_play_game__answer_to_question 0 0 0 3644.990966796875 0.60107421875 714.3258294983715 758
stats: 503 0 9962
stats: tr_index 0 0 0 3441.502197265625 1.098876953125 712.7873171199909 758
stats: 404 11 1749
stats: tr_quizzes_page_INDEX 0 0 0 2812.97412109375 0.61181640625 659.218924271433 304
stats: 500 0 36
stats: tr_quiz_questions_SHOW 16 12.497451782226563 5.78181124035823 3447.64013671875 0.05908203125 431.261283758328 2364
# stats: dump at 1448598903
stats: users 1 950
stats: {freemem,"tsung_controller@ip-172-30-3-173"} 1 3096.38671875 0.0 3170.1953125 3067.63671875 3118.046244959677 31
stats: {recvpackets,"tsung_controller@ip-172-30-3-173"} 1 302.0 0.0 7600 97 2750.366666666667 30
stats: {sentpackets,"tsung_controller@ip-172-30-3-173"} 1 236.0 0.0 8116 102 2604.4 30
stats: {cpu,"tsung_controller@ip-172-30-3-173"} 1 1.1869436201780417 0.0 20.57086614173228 1.0912698412698412 6.4221156055285 31
stats: {load,"tsung_controller@ip-172-30-3-173"} 1 0.0703125 0.0 0.21875 0.01171875 0.08429939516129033 31
stats: session 4 117836.5541381836 18375.018148385538 148036.61181640625 12.614013671875 40348.20131077139 1879
stats: users_count 0 1884
stats: finish_users_count 4 1883
stats: request 79 11.081898363330696 10.793827547327528 4396.820068359375 0.051025390625 627.3956526354018 22394
stats: connect 2 0.7459716796875 0.0179443359375 1140.389892578125 0.423095703125 5.232319416848658 2776
stats: page 52 16.89475661057692 13.174236709815295 7664.718994140625 0.510009765625 752.4093755124386 18676
stats: tr_play_game__ready_page 0 0 0 3438.576171875 0.576904296875 838.6105148597254 758
stats: 302 34 2595
stats: tr_play_game__leaderboard 0 0 0 3315.494140625 0.60400390625 615.6601816947352 758
stats: 200 19 6236
stats: tr_question_new_POST 24 9.478037516276041 6.525486960515545 3192.47607421875 0.60888671875 450.7889548934808 2380
stats: size_rcv 102466 22492669
stats: tr_quiz_new_POST 3 18.79931640625 9.592185450995533 3178.0810546875 0.786865234375 607.6863916015624 300
stats: newphase 0 6
stats: tr_search_all_users 0 0 0 3932.983154296875 0.617919921875 686.7416507431748 277
stats: 422 18 1100
stats: tr_friend_requests 0 0 0 2876.364013671875 0.616943359375 665.1023139105903 180
stats: size_sent 71561 24240708
stats: tr_friends 0 0 0 3420.041015625 0.61083984375 687.049504937066 180
stats: connected -4 0
stats: tr_browse_quizzes_page_1 0 0 0 3130.192138671875 0.613037109375 768.6365120665668 365
stats: error_connection_closed 0 152
stats: tr_play_game__1st_question 0 0 0 3112.947998046875 0.578125 709.055651501175 758
stats: error_abort_max_send_retries 0 14
stats: tr_play_game__answer_to_question 0 0 0 3644.990966796875 0.60107421875 714.3258294983715 758
stats: 503 0 9962
stats: tr_index 0 0 0 3441.502197265625 1.098876953125 712.7873171199909 758
stats: 404 8 1757
stats: tr_quizzes_page_INDEX 0 0 0 2812.97412109375 0.61181640625 659.218924271433 304
stats: 500 0 36
stats: tr_quiz_questions_SHOW 24 9.268391927083332 6.295407283383236 3447.64013671875 0.05908203125 428.4460647198332 2380
# stats: dump at 1448598913
stats: users 1 950
stats: {freemem,"tsung_controller@ip-172-30-3-173"} 1 3104.03515625 0.0 3170.1953125 3067.63671875 3117.3693847656245 32
stats: {recvpackets,"tsung_controller@ip-172-30-3-173"} 1 76.0 0.0 7600 76 2671.3870967741937 31
stats: {sentpackets,"tsung_controller@ip-172-30-3-173"} 1 59.0 0.0 8116 59 2528.0 31
stats: {cpu,"tsung_controller@ip-172-30-3-173"} 1 0.9881422924901186 0.0 20.57086614173228 0.9881422924901186 6.258516480986298 32
stats: {load,"tsung_controller@ip-172-30-3-173"} 1 0.05859375 0.0 0.21875 0.01171875 0.0838623046875 32
stats: session 0 0 0 148036.61181640625 12.614013671875 40512.80747715994 1883
stats: users_count 0 1884
stats: finish_users_count 0 1883
stats: request 0 0 0 4396.820068359375 0.051025390625 625.2291067097357 22473
stats: connect 0 0 0 1140.389892578125 0.423095703125 5.229089504870861 2778
stats: page 0 0 0 7664.718994140625 0.510009765625 750.367152093873 18728
stats: tr_play_game__ready_page 0 0 0 3438.576171875 0.576904296875 838.6105148597254 758
stats: 302 0 2595
stats: tr_play_game__leaderboard 0 0 0 3315.494140625 0.60400390625 615.6601816947352 758
stats: 200 0 6236
stats: tr_question_new_POST 0 0 0 3192.47607421875 0.60888671875 446.3831886634255 2404
stats: size_rcv 0 22492669
stats: tr_quiz_new_POST 0 0 0 3178.0810546875 0.786865234375 601.8558265006187 303
stats: newphase 0 6
stats: tr_search_all_users 0 0 0 3932.983154296875 0.617919921875 686.7416507431748 277
stats: 422 0 1100
stats: tr_friend_requests 0 0 0 2876.364013671875 0.616943359375 665.1023139105903 180
stats: size_sent 0 24240708
stats: tr_friends 0 0 0 3420.041015625 0.61083984375 687.049504937066 180
stats: connected 0 0
stats: tr_browse_quizzes_page_1 0 0 0 3130.192138671875 0.613037109375 768.6365120665668 365
stats: error_connection_closed 0 152
stats: tr_play_game__1st_question 0 0 0 3112.947998046875 0.578125 709.055651501175 758
stats: error_abort_max_send_retries 0 14
stats: tr_play_game__answer_to_question 0 0 0 3644.990966796875 0.60107421875 714.3258294983715 758
stats: 503 0 9962
stats: tr_index 0 0 0 3441.502197265625 1.098876953125 712.7873171199909 758
stats: 404 0 1757
stats: tr_quizzes_page_INDEX 0 0 0 2812.97412109375 0.61181640625 659.218924271433 304
stats: 500 0 36
stats: tr_quiz_questions_SHOW 0 0 0 3447.64013671875 0.05908203125 424.2612626620021 2404
# stats: dump at 1448598923
stats: users 1 950
stats: {freemem,"tsung_controller@ip-172-30-3-173"} 1 3104.20703125 0.0 3170.1953125 3067.63671875 3116.965317234848 33
stats: {recvpackets,"tsung_controller@ip-172-30-3-173"} 1 5.0 0.0 7600 5 2590.28125 32
stats: {sentpackets,"tsung_controller@ip-172-30-3-173"} 1 4.0 0.0 8116 4 2450.84375 32
stats: {cpu,"tsung_controller@ip-172-30-3-173"} 1 0.7905138339920948 0.0 20.57086614173228 0.7905138339920948 6.09880817224399 33
stats: {load,"tsung_controller@ip-172-30-3-173"} 1 0.05078125 0.0 0.21875 0.01171875 0.08309659090909091 33
stats: session 0 0 0 148036.61181640625 12.614013671875 40512.80747715994 1883
stats: users_count 0 1884
stats: finish_users_count 0 1883
stats: request 0 0 0 4396.820068359375 0.051025390625 625.2291067097357 22473
stats: connect 0 0 0 1140.389892578125 0.423095703125 5.229089504870861 2778
stats: page 0 0 0 7664.718994140625 0.510009765625 750.367152093873 18728
stats: tr_play_game__ready_page 0 0 0 3438.576171875 0.576904296875 838.6105148597254 758
stats: 302 0 2595
stats: tr_play_game__leaderboard 0 0 0 3315.494140625 0.60400390625 615.6601816947352 758
stats: 200 0 6236
stats: tr_question_new_POST 0 0 0 3192.47607421875 0.60888671875 446.3831886634255 2404
stats: size_rcv 0 22492669
stats: tr_quiz_new_POST 0 0 0 3178.0810546875 0.786865234375 601.8558265006187 303
stats: newphase 0 6
stats: tr_search_all_users 0 0 0 3932.983154296875 0.617919921875 686.7416507431748 277
stats: 422 0 1100
stats: tr_friend_requests 0 0 0 2876.364013671875 0.616943359375 665.1023139105903 180
stats: size_sent 0 24240708
stats: tr_friends 0 0 0 3420.041015625 0.61083984375 687.049504937066 180
stats: connected 0 0
stats: tr_browse_quizzes_page_1 0 0 0 3130.192138671875 0.613037109375 768.6365120665668 365
stats: error_connection_closed 0 152
stats: tr_play_game__1st_question 0 0 0 3112.947998046875 0.578125 709.055651501175 758
stats: error_abort_max_send_retries 0 14
stats: tr_play_game__answer_to_question 0 0 0 3644.990966796875 0.60107421875 714.3258294983715 758
stats: 503 0 9962
stats: tr_index 0 0 0 3441.502197265625 1.098876953125 712.7873171199909 758
stats: 404 0 1757
stats: tr_quizzes_page_INDEX 0 0 0 2812.97412109375 0.61181640625 659.218924271433 304
stats: 500 0 36
stats: tr_quiz_questions_SHOW 0 0 0 3447.64013671875 0.05908203125 424.2612626620021 2404
# stats: dump at 1448598926
stats: users 0 950
stats: {freemem,"tsung_controller@ip-172-30-3-173"} 0 0 0 3170.1953125 3067.63671875 3116.5900735294113 34
stats: {recvpackets,"tsung_controller@ip-172-30-3-173"} 0 0 0 7600 5 2511.939393939394 33
stats: {sentpackets,"tsung_controller@ip-172-30-3-173"} 0 0 0 8116 4 2376.6969696969695 33
stats: {cpu,"tsung_controller@ip-172-30-3-173"} 0 0 0 20.57086614173228 0.7905138339920948 5.942681868177758 34
stats: {load,"tsung_controller@ip-172-30-3-173"} 0 0 0 0.21875 0.01171875 0.08214613970588236 34
stats: session 1 145099.2939453125 0.0 148036.61181640625 12.614013671875 40512.80747715994 1883
stats: users_count 0 1884
stats: finish_users_count 1 1884
stats: request 26 15.064528245192308 4.923832180181909 4396.820068359375 0.051025390625 625.2291067097357 22473
stats: connect 1 0.736083984375 0.0 1140.389892578125 0.423095703125 5.229089504870861 2778
stats: page 17 23.106086282169116 6.23316884348152 7664.718994140625 0.510009765625 750.367152093873 18728
stats: tr_play_game__ready_page 0 0 0 3438.576171875 0.576904296875 838.6105148597254 758
stats: 302 0 2595
stats: tr_play_game__leaderboard 0 0 0 3315.494140625 0.60400390625 615.6601816947352 758
stats: 200 18 6254
stats: tr_question_new_POST 8 11.53106689453125 4.2193372525223385 3192.47607421875 0.60888671875 446.3831886634255 2404
stats: size_rcv 66856 22559525
stats: tr_quiz_new_POST 1 25.424072265625 0.0 3178.0810546875 0.786865234375 601.8558265006187 303
stats: newphase 0 6
stats: tr_search_all_users 0 0 0 3932.983154296875 0.617919921875 686.7416507431748 277
stats: 422 0 1100
stats: tr_friend_requests 0 0 0 2876.364013671875 0.616943359375 665.1023139105903 180
stats: size_sent 23185 24263893
stats: tr_friends 0 0 0 3420.041015625 0.61083984375 687.049504937066 180
stats: connected 0 0
stats: tr_browse_quizzes_page_1 0 0 0 3130.192138671875 0.613037109375 768.6365120665668 365
stats: error_connection_closed 0 152
stats: tr_play_game__1st_question 0 0 0 3112.947998046875 0.578125 709.055651501175 758
stats: error_abort_max_send_retries 0 14
stats: tr_play_game__answer_to_question 0 0 0 3644.990966796875 0.60107421875 714.3258294983715 758
stats: 503 0 9962
stats: tr_index 0 0 0 3441.502197265625 1.098876953125 712.7873171199909 758
stats: 404 8 1765
stats: tr_quizzes_page_INDEX 0 0 0 2812.97412109375 0.61181640625 659.218924271433 304
stats: 500 0 36
stats: tr_quiz_questions_SHOW 8 15.87127685546875 3.408771480072792 3447.64013671875 0.05908203125 424.2612626620021 2404
EndMonitor:{1448,598926,683720}
