# stats: dump at 1448599155
stats: users 6 6
stats: {freemem,"tsung_controller@ip-172-30-3-173"} 1 3171.1171875 0 3171.1171875 3171.1171875 0 0
stats: {cpu,"tsung_controller@ip-172-30-3-173"} 1 6.111185284844253 0 6.111185284844253 6.111185284844253 0 0
stats: {load,"tsung_controller@ip-172-30-3-173"} 1 0.16015625 0 0.16015625 0.16015625 0 0
stats: session 1 480.822998046875 0 480.822998046875 480.822998046875 0 0
stats: users_count 7 7
stats: finish_users_count 1 1
stats: request 13 35.54839618389423 69.31392322733048 255.2041015625 4.748046875 0 0
stats: connect 7 15.473597935267858 36.01263705938615 103.68603515625 0.64599609375 0 0
stats: page 13 35.54839618389423 69.31392322733048 255.2041015625 4.748046875 0 0
stats: tr_play_game__ready_page 2 13.2325439453125 3.8155517578125 17.048095703125 9.4169921875 0 0
stats: 302 1 1
stats: tr_browse_quizzes_page_1 1 4.8291015625 0 4.8291015625 4.8291015625 0 0
stats: 200 12 12
stats: tr_play_game__1st_question 2 132.9869384765625 122.3221435546875 255.30908203125 10.664794921875 0 0
stats: size_rcv 19959 19959
stats: tr_index 3 43.47998046875 50.88749885541902 115.434814453125 6.4150390625 0 0
stats: size_sent 9504 9504
stats: connected 6 6
# stats: dump at 1448599165
stats: users 13 14
stats: {freemem,"tsung_controller@ip-172-30-3-173"} 1 3170.42578125 0.0 3171.1171875 3170.42578125 3171.1171875 1
stats: {recvpackets,"tsung_controller@ip-172-30-3-173"} 1 73 0 73 73 0 0
stats: {sentpackets,"tsung_controller@ip-172-30-3-173"} 1 78 0 78 78 0 0
stats: {cpu,"tsung_controller@ip-172-30-3-173"} 1 2.060843964671246 0.0 6.111185284844253 2.060843964671246 6.111185284844253 1
stats: {load,"tsung_controller@ip-172-30-3-173"} 1 0.140625 0.0 0.16015625 0.140625 0.16015625 1
stats: session 1 573.844970703125 0.0 573.844970703125 480.822998046875 480.822998046875 1
stats: users_count 8 15
stats: finish_users_count 1 2
stats: request 26 12.820828951322115 14.06161891953759 255.2041015625 4.748046875 35.54839618389423 13
stats: connect 8 0.692840576171875 0.03908546487955956 103.68603515625 0.62890625 15.473597935267858 7
stats: page 25 13.335419921875 15.442529568729558 255.2041015625 4.748046875 35.54839618389423 13
stats: tr_play_game__ready_page 2 8.64599609375 0.4169921875 17.048095703125 8.22900390625 13.2325439453125 2
stats: 302 1 2
stats: tr_browse_quizzes_page_1 0 0 0 4.8291015625 4.8291015625 4.8291015625 1
stats: 200 25 37
stats: tr_play_game__1st_question 2 10.011474609375 0.552490234375 255.30908203125 9.458984375 132.9869384765625 2
stats: size_rcv 42396 62355
stats: tr_play_game__answer_to_question 3 13.367594401041666 1.8524231267524096 15.986083984375 11.98876953125 0 0
stats: size_sent 35181 44685
stats: tr_index 3 7.674723307291667 0.7534688714143828 115.434814453125 6.4150390625 43.47998046875 3
stats: connected 8 14
# stats: dump at 1448599175
stats: users 18 18
stats: {freemem,"tsung_controller@ip-172-30-3-173"} 1 3168.01953125 0.0 3171.1171875 3168.01953125 3170.771484375 2
stats: {recvpackets,"tsung_controller@ip-172-30-3-173"} 1 179.0 0.0 179 73 73.0 1
stats: {sentpackets,"tsung_controller@ip-172-30-3-173"} 1 177.0 0.0 177 78 78.0 1
stats: {cpu,"tsung_controller@ip-172-30-3-173"} 1 1.2833168805528135 0.0 6.111185284844253 1.2833168805528135 4.08601462475775 2
stats: {load,"tsung_controller@ip-172-30-3-173"} 1 0.12109375 0.0 0.16015625 0.12109375 0.150390625 2
stats: session 5 7998.526904296875 7100.199424296649 19853.369140625 381.723876953125 527.333984375 2
stats: users_count 10 25
stats: finish_users_count 5 7
stats: request 54 19.173186125578702 24.909154554253835 255.2041015625 3.8271484375 20.39668469551282 39
stats: connect 10 0.7279541015625 0.03756054917282393 103.68603515625 0.62890625 7.59052734375 15
stats: page 48 21.575342814127605 31.444850399331603 255.2041015625 3.8271484375 20.934596011513158 38
stats: tr_play_game__ready_page 3 8.842366536458334 0.4952230480352582 17.048095703125 8.14599609375 10.93927001953125 4
stats: 302 8 10
stats: tr_friend_requests 3 9.018717447916666 0.5398862261085735 9.777099609375 8.56298828125 0 0
stats: 200 46 83
stats: tr_search_all_users 1 76.253173828125 0 76.253173828125 76.253173828125 0 0
stats: size_rcv 108530 170885
stats: tr_friends 2 37.4324951171875 3.9783935546875 41.410888671875 33.4541015625 0 0
stats: size_sent 70790 115475
stats: tr_browse_quizzes_page_1 3 4.507080078125 0.44866125924213557 4.87109375 3.875 4.8291015625 1
stats: connected 4 18
stats: tr_play_game__1st_question 3 9.535970052083334 0.7558545471965986 255.30908203125 8.721923828125 71.49920654296875 4
stats: tr_play_game__answer_to_question 2 12.949462890625 1.1884765625 15.986083984375 11.760986328125 13.367594401041666 3
stats: tr_index 5 8.000634765625 1.4829152496722702 115.434814453125 6.4150390625 25.577351888020832 6
stats: tr_quizzes_page_INDEX 1 10.655029296875 0 10.655029296875 10.655029296875 0 0
# stats: dump at 1448599185
stats: users 23 23
stats: {freemem,"tsung_controller@ip-172-30-3-173"} 1 3166.33203125 0.0 3171.1171875 3166.33203125 3169.8541666666665 3
stats: {recvpackets,"tsung_controller@ip-172-30-3-173"} 1 283.0 0.0 283 73 126.0 2
stats: {sentpackets,"tsung_controller@ip-172-30-3-173"} 1 253.0 0.0 253 78 127.5 2
stats: {cpu,"tsung_controller@ip-172-30-3-173"} 1 1.5794669299111548 0.0 6.111185284844253 1.2833168805528135 3.151782043356105 3
stats: {load,"tsung_controller@ip-172-30-3-173"} 1 0.1015625 0.0 0.16015625 0.1015625 0.140625 3
stats: session 8 13908.283264160156 12444.80491386896 35425.150146484375 381.723876953125 5863.900355747768 7
stats: users_count 13 38
stats: finish_users_count 8 15
stats: request 78 12.85240134214744 14.439746404396342 255.2041015625 3.8271484375 19.686266171034948 93
stats: connect 11 0.71044921875 0.047341310362130164 103.68603515625 0.62890625 4.845498046875 25
stats: page 66 15.211355498342803 18.930275253945716 255.2041015625 3.8271484375 21.292222133902616 86
stats: tr_play_game__ready_page 4 10.6026611328125 1.5070632545549352 17.048095703125 8.14599609375 10.040597098214286 7
stats: 302 6 16
stats: tr_play_game__leaderboard 1 9.783203125 0 9.783203125 9.783203125 0 0
stats: 200 64 147
stats: tr_question_new_POST 8 5.199615478515625 0.850047749846197 6.951904296875 4.538818359375 0 0
stats: size_rcv 169229 340114
stats: tr_quiz_new_POST 1 11.820068359375 0 11.820068359375 11.820068359375 0 0
stats: newphase 1 1
stats: tr_friend_requests 0 0 0 9.777099609375 8.56298828125 9.018717447916666 3
stats: size_sent 100382 215857
stats: tr_search_all_users 1 54.7451171875 0.0 76.253173828125 54.7451171875 76.253173828125 1
stats: connected 3 21
stats: tr_friends 1 39.013916015625 0.0 41.410888671875 33.4541015625 37.4324951171875 2
stats: 404 8 8
stats: tr_browse_quizzes_page_1 4 4.10205078125 0.14924931637529137 4.87109375 3.875 4.58758544921875 4
stats: tr_play_game__1st_question 3 10.865641276041666 0.7438435688874461 255.30908203125 8.721923828125 44.943533761160715 7
stats: tr_play_game__answer_to_question 3 12.542317708333334 2.0491381680219916 15.986083984375 10.868896484375 13.200341796875 5
stats: tr_index 4 7.80584716796875 1.0553042039299436 115.434814453125 6.4150390625 17.587935014204547 11
stats: tr_quizzes_page_INDEX 2 14.29443359375 0.04541015625 14.33984375 10.655029296875 10.655029296875 1
stats: tr_quiz_questions_SHOW 8 9.593719482421875 1.3107346312825623 12.201904296875 8.58203125 0 0
# stats: dump at 1448599195
stats: users 38 38
stats: {freemem,"tsung_controller@ip-172-30-3-173"} 1 3164.65234375 0.0 3171.1171875 3164.65234375 3168.9736328125 4
stats: {recvpackets,"tsung_controller@ip-172-30-3-173"} 1 431.0 0.0 431 73 178.33333333333334 3
stats: {sentpackets,"tsung_controller@ip-172-30-3-173"} 1 394.0 0.0 394 78 169.33333333333334 3
stats: {cpu,"tsung_controller@ip-172-30-3-173"} 1 1.5841584158415842 0.0 6.111185284844253 1.2833168805528135 2.758703264994867 4
stats: {load,"tsung_controller@ip-172-30-3-173"} 1 0.078125 0.0 0.16015625 0.078125 0.130859375 4
stats: session 4 21167.169067382813 14472.249778635394 40677.049072265625 234.255126953125 10154.237906901042 15
stats: users_count 19 57
stats: finish_users_count 4 19
stats: request 131 11.785111521946563 15.167415448321012 255.2041015625 3.8271484375 16.569064670138893 171
stats: connect 21 0.6685849144345238 0.06191550832261033 103.68603515625 0.537109375 3.5820109049479165 36
stats: page 108 14.31980613425926 17.561403635156058 255.2041015625 3.8271484375 18.651845831620065 152
stats: tr_play_game__ready_page 8 9.48828125 2.3846167221883485 17.048095703125 7.31005859375 10.244984019886363 11
stats: 302 6 22
stats: tr_play_game__leaderboard 3 8.549397786458334 0.31259594609994656 9.783203125 8.213134765625 9.783203125 1
stats: 200 109 256
stats: tr_question_new_POST 16 4.7698516845703125 0.4828682561638337 6.951904296875 4.538818359375 5.199615478515625 8
stats: size_rcv 271278 611392
stats: tr_quiz_new_POST 2 11.79833984375 0.466552734375 12.264892578125 11.331787109375 11.820068359375 1
stats: newphase 0 1
stats: tr_friend_requests 0 0 0 9.777099609375 8.56298828125 9.018717447916666 3
stats: size_sent 153876 369733
stats: tr_search_all_users 0 0 0 76.253173828125 54.7451171875 65.4991455078125 2
stats: connected 17 38
stats: tr_friends 0 0 0 41.410888671875 33.4541015625 37.959635416666664 3
stats: 404 16 24
stats: tr_browse_quizzes_page_1 1 4.2890625 0.0 4.87109375 3.875 4.344818115234375 8
stats: tr_play_game__1st_question 8 9.167449951171875 0.4906919014246464 255.30908203125 8.43994140625 34.720166015625 10
stats: tr_play_game__answer_to_question 2 16.760498046875 4.508544921875 21.26904296875 10.868896484375 12.953582763671875 8
stats: tr_index 5 6.438232421875 0.45876347846829596 115.434814453125 5.98291015625 14.979378255208333 15
stats: tr_quizzes_page_INDEX 3 9.636067708333334 0.2669880867077046 14.33984375 9.362060546875 13.081298828125 3
stats: tr_quiz_questions_SHOW 16 9.783035278320313 2.9026941915996787 19.88720703125 8.56201171875 9.593719482421875 8
# stats: dump at 1448599205
stats: users 46 49
stats: {freemem,"tsung_controller@ip-172-30-3-173"} 1 3162.3671875 0.0 3171.1171875 3162.3671875 3168.109375 5
stats: {recvpackets,"tsung_controller@ip-172-30-3-173"} 1 648.0 0.0 648 73 241.5 4
stats: {sentpackets,"tsung_controller@ip-172-30-3-173"} 1 613.0 0.0 613 78 225.5 4
stats: {cpu,"tsung_controller@ip-172-30-3-173"} 1 2.171767028627838 0.0 6.111185284844253 1.2833168805528135 2.5237942951642105 5
stats: {load,"tsung_controller@ip-172-30-3-173"} 1 0.0703125 0.0 0.16015625 0.0703125 0.1203125 5
stats: session 8 22467.291625976563 17691.12752744879 54869.681884765625 234.255126953125 12472.749730160362 19
stats: users_count 16 73
stats: finish_users_count 8 27
stats: request 126 11.731381370907737 13.373478037328722 255.2041015625 3.751953125 14.493906185326987 302
stats: connect 16 0.70404052734375 0.1006102116006879 103.68603515625 0.537109375 2.508643434758772 57
stats: page 113 13.095156509264381 15.164230516272177 255.2041015625 3.751953125 16.852383188100962 260
stats: tr_play_game__ready_page 6 8.240315755208334 0.5837571613944382 17.048095703125 7.31005859375 9.926372327302632 19
stats: 302 7 29
stats: tr_play_game__leaderboard 1 8.68798828125 0.0 9.783203125 8.213134765625 8.85784912109375 4
stats: 200 111 367
stats: tr_question_new_POST 8 5.795013427734375 2.3717967784982346 11.773193359375 4.538818359375 4.913106282552083 24
stats: size_rcv 232016 843408
stats: tr_quiz_new_POST 1 12.593994140625 0.0 12.593994140625 11.331787109375 11.805582682291666 3
stats: newphase 0 1
stats: tr_friend_requests 2 8.992919921875 0.764892578125 9.777099609375 8.22802734375 9.018717447916666 3
stats: size_sent 208476 578209
stats: tr_search_all_users 0 0 0 76.253173828125 54.7451171875 65.4991455078125 2
stats: connected 8 46
stats: tr_friends 1 39.317138671875 0.0 41.410888671875 33.4541015625 37.959635416666664 3
stats: 404 8 32
stats: tr_browse_quizzes_page_1 3 4.1787109375 0.4644240506854508 4.87109375 3.802001953125 4.338623046875 9
stats: tr_play_game__1st_question 6 9.2921142578125 0.817057466950214 255.30908203125 8.43994140625 23.3634033203125 18
stats: tr_play_game__answer_to_question 9 11.328314887152779 0.7141950987132505 21.26904296875 10.16796875 13.7149658203125 10
stats: tr_index 7 6.95751953125 0.9162343066575379 115.434814453125 5.98291015625 12.844091796875 20
stats: tr_quizzes_page_INDEX 2 9.7281494140625 0.1199951171875 14.33984375 9.362060546875 11.358683268229166 6
stats: tr_quiz_questions_SHOW 8 8.71734619140625 0.07576169322033822 19.88720703125 8.56201171875 9.719930013020834 24
# stats: dump at 1448599215
stats: users 50 50
stats: {freemem,"tsung_controller@ip-172-30-3-173"} 1 3156.8203125 0.0 3171.1171875 3156.8203125 3167.15234375 6
stats: {recvpackets,"tsung_controller@ip-172-30-3-173"} 1 751.0 0.0 751 73 322.8 5
stats: {sentpackets,"tsung_controller@ip-172-30-3-173"} 1 643.0 0.0 643 78 303.0 5
stats: {cpu,"tsung_controller@ip-172-30-3-173"} 1 2.3738872403560833 0.0 6.111185284844253 1.2833168805528135 2.465123084074815 6
stats: {load,"tsung_controller@ip-172-30-3-173"} 1 0.05859375 0.0 0.16015625 0.05859375 0.11197916666666667 6
stats: session 11 19950.43974165483 14137.457833654726 54869.681884765625 234.255126953125 15434.095477068866 27
stats: users_count 15 88
stats: finish_users_count 11 38
stats: request 155 15.488175718245968 19.203768347975075 255.2041015625 3.7470703125 13.680639534353096 428
stats: connect 14 0.6581159319196427 0.06475499177390003 103.68603515625 0.537109375 2.113114030393836 73
stats: page 126 19.076261005704364 24.243926419071897 255.2041015625 3.7470703125 15.714134891295242 373
stats: tr_play_game__ready_page 5 9.37421875 1.7716414538204621 17.048095703125 7.31005859375 9.52171875 25
stats: 302 11 40
stats: tr_play_game__leaderboard 3 9.559733072916666 0.7854151596742939 10.18603515625 8.213134765625 8.823876953125 5
stats: 200 128 495
stats: tr_question_new_POST 16 5.3897857666015625 1.0824859915705105 11.773193359375 4.4951171875 5.133583068847656 32
stats: size_rcv 350132 1193540
stats: tr_quiz_new_POST 2 12.714111328125 0.9970703125 13.711181640625 11.331787109375 12.002685546875 4
stats: newphase 1 2
stats: tr_friend_requests 4 9.16497802734375 0.9562911831177923 10.656005859375 8.22802734375 9.0083984375 5
stats: size_sent 213085 791294
stats: tr_search_all_users 2 60.4844970703125 1.5926513671875 76.253173828125 54.7451171875 65.4991455078125 2
stats: connected 3 49
stats: tr_friends 3 38.618001302083336 4.770936869035045 44.698974609375 33.0458984375 38.29901123046875 4
stats: 404 16 48
stats: tr_browse_quizzes_page_1 2 3.862060546875 0.070068359375 4.87109375 3.7919921875 4.29864501953125 12
stats: tr_play_game__1st_question 4 9.91424560546875 0.5354866448888832 255.30908203125 8.43994140625 19.8455810546875 24
stats: tr_play_game__answer_to_question 7 12.682861328125 2.250066911368528 21.26904296875 10.16796875 12.584446957236842 19
stats: tr_index 5 6.5560546875 0.4960255156921995 115.434814453125 5.98291015625 11.317943431712964 27
stats: tr_quizzes_page_INDEX 2 11.3594970703125 1.7784423828125 14.33984375 9.362060546875 10.9510498046875 8
stats: tr_quiz_questions_SHOW 16 10.27313232421875 2.0498468713658826 19.88720703125 8.56201171875 9.469284057617188 32
# stats: dump at 1448599225
stats: users 47 55
stats: {freemem,"tsung_controller@ip-172-30-3-173"} 1 3156.203125 0.0 3171.1171875 3156.203125 3165.676339285714 7
stats: {recvpackets,"tsung_controller@ip-172-30-3-173"} 1 769.0 0.0 769 73 394.1666666666667 6
stats: {sentpackets,"tsung_controller@ip-172-30-3-173"} 1 644.0 0.0 644 78 359.6666666666667 6
stats: {cpu,"tsung_controller@ip-172-30-3-173"} 1 2.0792079207920793 0.0 6.111185284844253 1.2833168805528135 2.452089392114996 7
stats: {load,"tsung_controller@ip-172-30-3-173"} 1 0.05078125 0.0 0.16015625 0.05078125 0.10435267857142858 7
stats: session 18 28372.88210720486 15997.397955548222 60501.802978515625 135.81201171875 16741.458290501643 38
stats: users_count 15 103
stats: finish_users_count 18 56
stats: request 228 15.937306186609105 20.266564199536884 255.2041015625 3.7470703125 14.161202327669383 583
stats: connect 14 0.6851632254464286 0.09603227845777099 103.68603515625 0.537109375 1.8789764053520117 87
stats: page 177 20.560013076006346 28.32127364340935 255.2041015625 3.7470703125 16.563088579502754 499
stats: tr_play_game__ready_page 6 9.233846028645834 0.7132728620270186 17.048095703125 7.31005859375 9.497135416666667 30
stats: 302 11 51
stats: tr_play_game__leaderboard 3 8.621744791666666 0.15183025885441184 10.18603515625 8.213134765625 9.099822998046875 8
stats: 200 185 680
stats: tr_question_new_POST 32 5.517555236816405 1.6440825182662906 12.721923828125 4.485107421875 5.218983968098958 48
stats: size_rcv 586540 1780080
stats: tr_quiz_new_POST 4 15.23345947265625 4.078298595632437 22.28515625 11.331787109375 12.239827473958334 6
stats: newphase 0 2
stats: tr_friend_requests 2 9.5400390625 0.126953125 10.656005859375 8.22802734375 9.077989366319445 9
stats: size_sent 292259 1083553
stats: tr_search_all_users 5 71.524658203125 17.730701589053524 105.8740234375 54.7451171875 62.9918212890625 4
stats: connected -3 46
stats: tr_friends 3 49.79541015625 23.085877901141266 82.440185546875 33.0458984375 38.435721261160715 7
stats: 404 32 80
stats: tr_browse_quizzes_page_1 1 4.9990234375 0.0 4.9990234375 3.7919921875 4.236275809151786 14
stats: tr_play_game__1st_question 6 9.4476318359375 0.6476108958489026 255.30908203125 8.43994140625 18.42681884765625 28
stats: tr_play_game__answer_to_question 4 12.7452392578125 2.4128257923083694 21.26904296875 10.16796875 12.610943134014423 26
stats: tr_index 6 8.631022135416666 4.332879524126786 115.434814453125 5.98291015625 10.573898315429688 32
stats: tr_quizzes_page_INDEX 4 10.27557373046875 1.3708800491662818 14.33984375 9.01513671875 11.0327392578125 10
stats: tr_quiz_questions_SHOW 32 10.138870239257813 2.1045402516388245 19.88720703125 8.531982421875 9.737233479817709 48
# stats: dump at 1448599235
stats: users 54 55
stats: {freemem,"tsung_controller@ip-172-30-3-173"} 1 3154.78515625 0.0 3171.1171875 3154.78515625 3164.4921875 8
stats: {recvpackets,"tsung_controller@ip-172-30-3-173"} 1 1174.0 0.0 1174 73 447.7142857142857 7
stats: {sentpackets,"tsung_controller@ip-172-30-3-173"} 1 936.0 0.0 936 78 400.2857142857143 7
stats: {cpu,"tsung_controller@ip-172-30-3-173"} 1 2.4752475247524752 0.0 6.111185284844253 1.2833168805528135 2.4054792081996315 8
stats: {load,"tsung_controller@ip-172-30-3-173"} 1 0.0390625 0.0 0.16015625 0.0390625 0.09765625 8
stats: session 10 21731.523681640625 15704.330549855751 60501.802978515625 135.81201171875 20480.130231584822 56
stats: users_count 17 120
stats: finish_users_count 10 66
stats: request 175 15.126088169642857 18.8452839432092 255.2041015625 3.739013671875 14.660526223894113 811
stats: connect 19 0.6926655016447368 0.09615073787315581 103.68603515625 0.537109375 1.713497350711634 101
stats: page 146 18.151158162992296 23.179964045893183 255.2041015625 3.739013671875 17.60962058524408 676
stats: tr_play_game__ready_page 3 10.281656901041666 2.548633727499675 17.048095703125 7.31005859375 9.453253851996529 36
stats: 302 14 65
stats: tr_play_game__leaderboard 5 12.310400390625 2.567403361462078 16.6162109375 8.213134765625 8.969438032670455 11
stats: 200 145 825
stats: tr_question_new_POST 16 5.1275787353515625 0.831716244883664 12.721923828125 4.485107421875 5.338412475585938 80
stats: size_rcv 355578 2135658
stats: tr_quiz_new_POST 2 12.359375 0.594482421875 22.28515625 11.331787109375 13.4372802734375 10
stats: newphase 0 2
stats: tr_friend_requests 2 8.8179931640625 0.1038818359375 10.656005859375 8.22802734375 9.161998401988637 11
stats: size_sent 254395 1337948
stats: tr_search_all_users 1 55.802001953125 0.0 105.8740234375 54.7451171875 67.73228624131944 9
stats: connected 8 54
stats: tr_friends 1 32.97216796875 0.0 82.440185546875 32.97216796875 41.8436279296875 10
stats: 404 16 96
stats: tr_browse_quizzes_page_1 4 4.44482421875 0.636908099331704 5.22509765625 3.7841796875 4.287125651041666 15
stats: tr_play_game__1st_question 5 11.27060546875 2.756554052661926 255.30908203125 8.39990234375 16.84225643382353 34
stats: tr_play_game__answer_to_question 6 13.599527994791666 2.22497481761688 21.26904296875 10.16796875 12.628849283854167 30
stats: tr_index 6 8.202351888020834 2.8680827518538137 115.434814453125 5.98291015625 10.267128392269736 38
stats: tr_quizzes_page_INDEX 2 12.35400390625 2.76513671875 15.119140625 9.01513671875 10.81640625 14
stats: tr_quiz_questions_SHOW 16 9.48052978515625 1.624132618356598 19.88720703125 8.531982421875 9.89788818359375 80
# stats: dump at 1448599245
stats: users 63 63
stats: {freemem,"tsung_controller@ip-172-30-3-173"} 1 3152.62890625 0.0 3171.1171875 3152.62890625 3163.413628472222 9
stats: {recvpackets,"tsung_controller@ip-172-30-3-173"} 1 987.0 0.0 1174 73 538.5 8
stats: {sentpackets,"tsung_controller@ip-172-30-3-173"} 1 802.0 0.0 936 78 467.25 8
stats: {cpu,"tsung_controller@ip-172-30-3-173"} 1 2.6627218934911245 0.0 6.111185284844253 1.2833168805528135 2.4132312433721697 9
stats: {load,"tsung_controller@ip-172-30-3-173"} 1 0.0390625 0.0 0.16015625 0.0390625 0.09114583333333333 9
stats: session 22 23007.583584872158 21074.20226536486 72486.02197265625 135.81201171875 20669.735299775093 66
stats: users_count 31 151
stats: finish_users_count 22 88
stats: request 202 16.07732731280941 20.303521585616593 255.2041015625 3.674072265625 14.743156386679132 986
stats: connect 30 0.6691080729166666 0.09711737580270424 103.68603515625 0.537109375 1.5518656412760419 120
stats: page 173 18.78952820177023 29.9877533830481 255.2041015625 3.674072265625 17.705806091754102 822
stats: tr_play_game__ready_page 10 9.2448974609375 1.985067428319236 17.048095703125 7.048095703125 9.516977163461538 39
stats: 302 12 77
stats: tr_play_game__leaderboard 6 11.66650390625 2.526100068875583 16.6162109375 8.213134765625 10.01348876953125 16
stats: 200 174 999
stats: tr_question_new_POST 16 7.597244262695313 5.622780373667849 24.638916015625 4.4658203125 5.303273518880208 96
stats: size_rcv 484180 2619838
stats: tr_quiz_new_POST 2 18.3740234375 6.053955078125 24.427978515625 11.331787109375 13.25762939453125 12
stats: newphase 1 3
stats: tr_friend_requests 0 0 0 10.656005859375 8.22802734375 9.10907451923077 13
stats: size_sent 294944 1632892
stats: tr_search_all_users 6 73.30989583333333 16.005110740053738 105.8740234375 54.7451171875 66.5392578125 10
stats: connected 8 62
stats: tr_friends 1 53.906005859375 0.0 82.440185546875 32.97216796875 41.03713156960227 11
stats: 404 16 112
stats: tr_browse_quizzes_page_1 7 4.827985491071429 1.0641717249904865 6.471923828125 3.72509765625 4.320325349506579 19
stats: tr_play_game__1st_question 6 10.528157552083334 1.7385831573088368 255.30908203125 8.39990234375 16.12794220753205 39
stats: tr_play_game__answer_to_question 4 14.423583984375 3.668288829353836 21.26904296875 9.966064453125 12.790629069010416 36
stats: tr_index 13 7.198486328125 0.8217577879414065 115.434814453125 5.907958984375 9.985567959872158 44
stats: tr_quizzes_page_INDEX 4 12.2655029296875 2.651879802347079 15.119140625 9.01513671875 11.00860595703125 16
stats: tr_quiz_questions_SHOW 16 12.106002807617188 4.881330857525136 25.48583984375 8.438232421875 9.828328450520834 96
# stats: dump at 1448599255
stats: users 81 82
stats: {freemem,"tsung_controller@ip-172-30-3-173"} 1 3151.7890625 0.0 3171.1171875 3151.7890625 3162.33515625 10
stats: {recvpackets,"tsung_controller@ip-172-30-3-173"} 1 1.1e3 0.0 1174 73 588.3333333333334 9
stats: {sentpackets,"tsung_controller@ip-172-30-3-173"} 1 953.0 0.0 953 78 504.44444444444446 9
stats: {cpu,"tsung_controller@ip-172-30-3-173"} 1 2.868447082096934 0.0 6.111185284844253 1.2833168805528135 2.438180308384065 10
stats: {load,"tsung_controller@ip-172-30-3-173"} 1 0.03125 0.0 0.16015625 0.03125 0.0859375 10
stats: session 28 24139.987574986048 25563.823845610405 75390.63403320313 135.81201171875 21254.197371049362 88
stats: users_count 46 197
stats: finish_users_count 28 116
stats: request 308 11.357063590706174 12.134038549152047 255.2041015625 3.64013671875 14.970010365701283 1188
stats: connect 46 0.6309655230978263 0.09673125545257855 103.68603515625 0.510009765625 1.375314127604167 150
stats: page 264 13.269888213186553 14.711944290088963 255.2041015625 3.64013671875 17.894232147063438 995
stats: tr_play_game__ready_page 19 9.289961965460526 2.182709257953848 17.048095703125 7.048095703125 9.461450693558673 49
stats: 302 21 98
stats: tr_play_game__leaderboard 10 10.6705810546875 3.615227133951298 20.27197265625 8.1689453125 10.464311079545455 22
stats: 200 255 1254
stats: tr_question_new_POST 32 5.629829406738281 1.5389199829127584 24.638916015625 4.4658203125 5.630983625139509 112
stats: size_rcv 608553 3228391
stats: tr_quiz_new_POST 4 14.74078369140625 2.3621055224175733 24.427978515625 11.331787109375 13.988542829241071 14
stats: newphase 0 3
stats: tr_friend_requests 1 10.946044921875 0.0 10.946044921875 8.22802734375 9.10907451923077 13
stats: size_sent 421750 2054642
stats: tr_search_all_users 1 56.06201171875 0.0 105.8740234375 54.7451171875 69.0782470703125 16
stats: connected 19 81
stats: tr_friends 1 50.7041015625 0.0 82.440185546875 32.97216796875 42.109537760416664 12
stats: 404 32 144
stats: tr_browse_quizzes_page_1 14 4.321550641741071 0.8499957853114882 6.471923828125 3.68896484375 4.457003079927885 26
stats: tr_play_game__1st_question 20 10.31031494140625 2.3370757177850496 255.30908203125 8.39990234375 15.381304253472223 45
stats: tr_play_game__answer_to_question 15 12.019791666666666 1.8170340608364444 21.26904296875 9.966064453125 12.953924560546875 40
stats: tr_index 16 7.7277679443359375 1.8612361286175747 115.434814453125 5.676025390625 9.349917763157896 57
stats: tr_quizzes_page_INDEX 4 13.103759765625 3.6553661712778847 17.638916015625 9.01513671875 11.2599853515625 20
stats: tr_quiz_questions_SHOW 32 10.266921997070313 2.2148006268811744 25.48583984375 8.438232421875 10.153710501534599 112
# stats: dump at 1448599265
stats: users 95 95
stats: {freemem,"tsung_controller@ip-172-30-3-173"} 1 3146.4609375 0.0 3171.1171875 3146.4609375 3161.3764204545455 11
stats: {recvpackets,"tsung_controller@ip-172-30-3-173"} 1 1522.0 0.0 1522 73 639.5 10
stats: {sentpackets,"tsung_controller@ip-172-30-3-173"} 1 1396.0 0.0 1396 78 549.3 10
stats: {cpu,"tsung_controller@ip-172-30-3-173"} 1 3.277060575968222 0.0 6.111185284844253 1.2833168805528135 2.4772954696306897 11
stats: {load,"tsung_controller@ip-172-30-3-173"} 1 0.03125 0.0 0.16015625 0.03125 0.08096590909090909 11
stats: session 22 28681.49246493253 24701.382971492247 83043.0341796875 135.81201171875 21950.767420275457 116
stats: users_count 36 233
stats: finish_users_count 22 138
stats: request 383 25.368062709081265 61.01622439865572 870.717041015625 3.5859375 14.226168382614054 1496
stats: connect 34 0.6159955193014706 0.054407533578156184 103.68603515625 0.510009765625 1.2006200673628828 196
stats: page 321 30.289702133226264 68.81809532125843 870.717041015625 3.5859375 16.924552402390287 1259
stats: tr_play_game__ready_page 13 17.27843299278846 11.42070857180977 41.97900390625 7.048095703125 9.413534725413603 68
stats: 302 21 119
stats: tr_play_game__leaderboard 5 24.441064453125 21.852184877666733 63.9951171875 8.1689453125 10.528770446777344 32
stats: 200 322 1576
stats: tr_question_new_POST 40 8.030145263671875 6.0125299103511125 34.6630859375 4.4658203125 5.630727132161458 144
stats: size_rcv 806180 4034571
stats: tr_quiz_new_POST 5 116.55439453125 202.83282628077376 522.18798828125 11.331787109375 14.155707465277779 18
stats: newphase 0 3
stats: tr_friend_requests 1 8.050048828125 0.0 10.946044921875 8.050048828125 9.240286690848214 14
stats: size_sent 588590 2643232
stats: tr_search_all_users 3 90.59342447916667 4.345858450219929 105.8740234375 54.7451171875 68.3125861672794 17
stats: connected 11 92
stats: tr_friends 1 55.710205078125 0.0 82.440185546875 32.97216796875 42.77065805288461 13
stats: 404 40 184
stats: tr_browse_quizzes_page_1 7 128.189697265625 303.155051884063 870.762939453125 3.635009765625 4.4095947265625 40
stats: tr_play_game__1st_question 10 14.0999267578125 8.595007010375765 255.30908203125 8.39990234375 13.820999849759616 65
stats: tr_play_game__answer_to_question 15 16.111051432291667 8.26376285254556 41.89697265625 9.966064453125 12.69916104403409 55
stats: tr_index 15 10.363753255208334 6.28726465182064 115.434814453125 5.676025390625 8.994378076840754 73
stats: tr_quizzes_page_INDEX 8 17.868896484375 10.172421757847628 42.9931640625 8.755126953125 11.567281087239584 24
stats: tr_quiz_questions_SHOW 40 16.13875122070312 12.39602611511366 66.39990234375 8.438232421875 10.178868611653646 144
# stats: dump at 1448599275
stats: users 127 127
stats: {freemem,"tsung_controller@ip-172-30-3-173"} 1 3139.6796875 0.0 3171.1171875 3139.6796875 3160.1334635416665 12
stats: {recvpackets,"tsung_controller@ip-172-30-3-173"} 1 2142.0 0.0 2142 73 719.7272727272727 11
stats: {sentpackets,"tsung_controller@ip-172-30-3-173"} 1 1814.0 0.0 1814 78 626.2727272727273 11
stats: {cpu,"tsung_controller@ip-172-30-3-173"} 1 3.9721946375372394 0.0 6.111185284844253 1.2833168805528135 2.543942561825484 12
stats: {load,"tsung_controller@ip-172-30-3-173"} 1 0.01953125 0.0 0.16015625 0.01953125 0.07682291666666667 12
stats: session 32 18718.36651611329 21054.51047101345 83043.0341796875 56.718017578125 23023.781557829483 138
stats: users_count 64 297
stats: finish_users_count 32 170
stats: request 386 14.307638059625969 18.098811640629258 870.717041015625 3.5859375 16.49724104202701 1879
stats: connect 65 0.645282451923077 0.08534551472017443 103.68603515625 0.510009765625 1.1141973080842391 230
stats: page 331 16.702844717711482 23.09342820039486 870.717041015625 3.5859375 19.639877126186708 1580
stats: tr_play_game__ready_page 18 9.062811957465279 1.8848112265395225 41.97900390625 7.048095703125 10.675802348572532 81
stats: 302 29 148
stats: tr_play_game__leaderboard 9 10.815239800347221 2.9050219681052383 63.9951171875 8.1689453125 12.408810177364865 37
stats: 200 325 1901
stats: tr_question_new_POST 32 5.390045166015625 1.0332315054350656 34.6630859375 4.4658203125 6.152339769446331 184
stats: size_rcv 793531 4828102
stats: tr_quiz_new_POST 4 20.02606201171875 7.225747940705593 522.18798828125 11.331787109375 36.41629161005435 23
stats: newphase 1 4
stats: tr_friend_requests 3 8.116943359375 0.2040087718635993 10.946044921875 7.923095703125 9.1609375 15
stats: size_sent 533091 3176323
stats: tr_search_all_users 4 66.71954345703125 3.893833439849112 105.8740234375 54.7451171875 71.6547119140625 20
stats: connected 34 126
stats: tr_friends 1 59.843994140625 0.0 82.440185546875 32.97216796875 43.694911411830354 14
stats: 404 32 216
stats: tr_browse_quizzes_page_1 14 5.517857142857143 2.1900129381237896 870.762939453125 3.635009765625 22.844929147273938 47
stats: tr_play_game__1st_question 22 11.089078036221593 2.8737340836156546 255.30908203125 8.344970703125 13.858190104166667 75
stats: tr_play_game__answer_to_question 9 13.25979275173611 3.9289654092031085 41.89697265625 9.966064453125 13.430280412946429 70
stats: tr_index 23 8.569771144701088 3.355832833481614 115.434814453125 5.676025390625 9.227794300426137 88
stats: tr_quizzes_page_INDEX 5 15.576025390625 8.58126914709168 42.9931640625 8.755126953125 13.142684936523438 32
stats: tr_quiz_questions_SHOW 32 10.858711242675781 3.3103627585434796 66.39990234375 8.438232421875 11.474495265794838 184
# stats: dump at 1448599285
stats: users 170 170
stats: {freemem,"tsung_controller@ip-172-30-3-173"} 1 3140.63671875 0.0 3171.1171875 3139.6796875 3158.560096153846 13
stats: {recvpackets,"tsung_controller@ip-172-30-3-173"} 1 2251.0 0.0 2251 73 838.25 12
stats: {sentpackets,"tsung_controller@ip-172-30-3-173"} 1 1990.0 0.0 1990 78 725.25 12
stats: {cpu,"tsung_controller@ip-172-30-3-173"} 1 4.568023833167826 0.0 6.111185284844253 1.2833168805528135 2.6538081061110037 13
stats: {load,"tsung_controller@ip-172-30-3-173"} 1 0.1015625 0.0 0.16015625 0.01953125 0.07241586538461539 13
stats: session 39 21633.625513321313 17347.41451122036 83043.0341796875 56.718017578125 22213.35049115349 170
stats: users_count 82 379
stats: finish_users_count 39 209
stats: request 546 23.626519842462237 48.86932131758509 870.717041015625 3.5859375 16.124090158492 2265
stats: connect 83 0.5990387330572291 0.05627501258583448 103.68603515625 0.501953125 1.0108770855402542 295
stats: page 471 27.4060836111664 56.69837148997423 870.717041015625 3.5859375 19.131160366790947 1911
stats: tr_play_game__ready_page 27 13.37303783275463 8.06201590018676 43.825927734375 7.048095703125 10.382531368371213 99
stats: 302 40 188
stats: tr_play_game__leaderboard 14 17.055890764508927 13.163864530912347 63.9951171875 7.955078125 12.097024668817935 46
stats: 200 466 2367
stats: tr_question_new_POST 40 9.543402099609377 4.874945277581673 34.6630859375 4.4658203125 6.039407235604745 216
stats: size_rcv 1101472 5929574
stats: tr_quiz_new_POST 5 25.099853515625 17.693340618419633 522.18798828125 11.331787109375 33.98810944733797 27
stats: newphase 0 4
stats: tr_friend_requests 3 11.101806640625 0.4738745003921262 11.569091796875 7.923095703125 8.9869384765625 18
stats: size_sent 780045 3956368
stats: tr_search_all_users 5 128.662353515625 61.87824528785867 216.2509765625 54.7451171875 70.83218383789063 24
stats: connected 43 169
stats: tr_friends 1 52.072021484375 0.0 82.440185546875 32.97216796875 44.77151692708333 15
stats: 404 40 256
stats: tr_browse_quizzes_page_1 15 7.382177734375 4.099230466321473 870.762939453125 3.635009765625 18.868224097079917 61
stats: tr_play_game__1st_question 25 15.8403515625 10.630377570504663 255.30908203125 8.344970703125 13.230144068137887 97
stats: tr_play_game__answer_to_question 23 20.42569633152174 10.920873963185933 53.135986328125 9.966064453125 13.410857767998417 79
stats: tr_index 31 11.643979964717742 9.951010763406092 115.434814453125 5.676025390625 9.091447160050675 111
stats: tr_quizzes_page_INDEX 11 21.323952414772727 18.016971982457967 60.511962890625 8.755126953125 13.471514727618244 37
stats: tr_quiz_questions_SHOW 40 18.37386474609375 13.48616724453376 81.723876953125 8.438232421875 11.383268003110532 216
# stats: dump at 1448599295
stats: users 204 204
stats: {freemem,"tsung_controller@ip-172-30-3-173"} 1 3129.08203125 0.0 3171.1171875 3129.08203125 3157.279854910714 14
stats: {recvpackets,"tsung_controller@ip-172-30-3-173"} 1 2748.0 0.0 2748 73 946.9230769230769 13
stats: {sentpackets,"tsung_controller@ip-172-30-3-173"} 1 2489.0 0.0 2489 78 822.5384615384615 13
stats: {cpu,"tsung_controller@ip-172-30-3-173"} 1 5.660377358490567 0.0 6.111185284844253 1.2833168805528135 2.790537800900777 14
stats: {load,"tsung_controller@ip-172-30-3-173"} 1 0.078125 0.0 0.16015625 0.01953125 0.07449776785714286 14
stats: session 51 17344.268597771148 16790.590015679853 83043.0341796875 56.718017578125 22105.172146007775 209
stats: users_count 85 464
stats: finish_users_count 51 260
stats: request 643 33.93776084698191 50.48263455043524 870.717041015625 3.5859375 17.58133904054385 2811
stats: connect 83 0.6374335231551205 0.10507408686968825 103.68603515625 0.501953125 0.9204469711061508 378
stats: page 543 40.20775512920122 71.53771919500494 870.717041015625 3.5859375 20.767385743827404 2382
stats: tr_play_game__ready_page 32 22.18622589111328 18.801512488272586 93.609130859375 7.048095703125 11.023354182167658 126
stats: 302 45 233
stats: tr_play_game__leaderboard 13 24.518704927884617 30.74697885701006 124.25390625 7.955078125 13.254093424479167 60
stats: 200 542 2909
stats: tr_question_new_POST 56 16.256552559988837 18.769553670946443 100.05712890625 4.447998046875 6.586906433105469 256
stats: size_rcv 1433161 7362735
stats: tr_quiz_new_POST 7 25.100027901785715 11.147554648634433 522.18798828125 11.331787109375 32.59931945800781 32
stats: newphase 0 4
stats: tr_friend_requests 8 22.051055908203125 14.03764743468362 49.010986328125 7.923095703125 9.2890625 21
stats: size_sent 884305 4840673
stats: tr_search_all_users 11 189.10169566761363 123.45944264419522 461.742919921875 54.7451171875 80.80290274784483 29
stats: connected 33 202
stats: tr_friends 6 82.33186848958333 53.11779556054796 160.179931640625 32.97216796875 45.22779846191406 16
stats: 404 56 312
stats: tr_browse_quizzes_page_1 19 9.788073087993421 14.026085136177253 870.762939453125 3.635009765625 16.601241262335527 76
stats: tr_play_game__1st_question 29 24.243829135237068 16.767407720898188 255.30908203125 8.3310546875 13.765022653048156 122
stats: tr_play_game__answer_to_question 25 28.539833984375 25.018532602734584 113.6669921875 9.966064453125 14.992635091145834 102
stats: tr_index 38 17.306235865542764 19.946405273152152 115.434814453125 5.676025390625 9.64869023712588 142
stats: tr_quizzes_page_INDEX 10 21.6414306640625 14.554547227008475 61.157958984375 8.755126953125 15.271031697591146 48
stats: tr_quiz_questions_SHOW 56 24.52522931780134 19.650665816931493 94.95703125 8.438232421875 12.47554874420166 256
# stats: dump at 1448599305
stats: users 260 260
stats: {freemem,"tsung_controller@ip-172-30-3-173"} 1 3120.2734375 0.0 3171.1171875 3120.2734375 3155.4 15
stats: {recvpackets,"tsung_controller@ip-172-30-3-173"} 1 4009.0 0.0 4009 73 1075.5714285714287 14
stats: {sentpackets,"tsung_controller@ip-172-30-3-173"} 1 3408.0 0.0 3408 78 941.5714285714286 14
stats: {cpu,"tsung_controller@ip-172-30-3-173"} 1 7.874015748031496 0.0 7.874015748031496 1.2833168805528135 2.9818604380734297 15
stats: {load,"tsung_controller@ip-172-30-3-173"} 1 0.0703125 0.0 0.16015625 0.01953125 0.07473958333333333 15
stats: session 58 24756.101255219557 20226.35469522763 86007.09204101563 56.718017578125 21171.302603853666 260
stats: users_count 114 578
stats: finish_users_count 58 318
stats: request 836 41.24636534184357 50.4168792802664 870.717041015625 3.5859375 20.626266435315035 3454
stats: connect 116 0.5857943830818964 0.07435718972106861 103.68603515625 0.484130859375 0.8694922722342733 461
stats: page 723 47.71029625097251 66.74865482472147 870.717041015625 3.5859375 24.376315855368595 2925
stats: tr_play_game__ready_page 45 27.41720920138889 27.21714944014289 112.027099609375 7.048095703125 13.284188958662975 158
stats: 302 41 274
stats: tr_play_game__leaderboard 13 23.911283052884617 21.648604051254846 124.25390625 7.953125 15.260120130565069 73
stats: 200 723 3632
stats: tr_question_new_POST 72 24.527323404947918 33.77912355184102 178.033203125 4.447998046875 8.322483943058895 312
stats: size_rcv 1754548 9117283
stats: tr_quiz_new_POST 9 44.415066189236114 20.322422125018086 522.18798828125 11.331787109375 31.253292768429485 39
stats: newphase 1 5
stats: tr_friend_requests 4 8.3453369140625 0.24002776526737665 49.010986328125 7.923095703125 12.809612405711206 29
stats: size_sent 1262582 6103255
stats: tr_search_all_users 9 188.97298177083334 70.98680648550403 461.742919921875 54.7451171875 110.58507080078125 40
stats: connected 57 259
stats: tr_friends 8 117.40365600585938 54.32902004133557 175.565185546875 32.97216796875 55.34709028764205 22
stats: 404 72 384
stats: tr_browse_quizzes_page_1 18 21.994276258680557 39.39594966253476 870.762939453125 3.634033203125 15.238607627467106 95
stats: tr_play_game__1st_question 42 27.210391090029763 29.900497505666618 255.30908203125 8.3310546875 15.777508666183774 151
stats: tr_play_game__answer_to_question 45 35.10445963541667 27.139311747462113 136.023193359375 9.966064453125 17.659406526820867 127
stats: tr_index 46 38.99413001019022 44.925664411747896 193.76806640625 5.676025390625 11.265283203125 180
stats: tr_quizzes_page_INDEX 7 26.818603515625 25.071390136034097 73.260009765625 8.755126953125 16.369376346982758 58
stats: tr_quiz_questions_SHOW 72 36.411892361111114 31.684599317342645 150.18408203125 8.438232421875 14.638311924078526 312
# stats: dump at 1448599315
stats: users 339 340
stats: {freemem,"tsung_controller@ip-172-30-3-173"} 1 3099.66796875 0.0 3171.1171875 3099.66796875 3153.20458984375 16
stats: {recvpackets,"tsung_controller@ip-172-30-3-173"} 1 4707.0 0.0 4707 73 1271.1333333333334 15
stats: {sentpackets,"tsung_controller@ip-172-30-3-173"} 1 4128.0 0.0 4128 78 1106.0 15
stats: {cpu,"tsung_controller@ip-172-30-3-173"} 1 8.721506442021804 0.0 8.721506442021804 1.2833168805528135 3.2876201449458087 16
stats: {load,"tsung_controller@ip-172-30-3-173"} 1 0.05859375 0.0 0.16015625 0.01953125 0.074462890625 16
stats: session 69 25876.728614696556 21180.35040620565 88170.17602539063 56.718017578125 21825.133804417255 318
stats: users_count 148 726
stats: finish_users_count 69 387
stats: request 1017 82.75849066840269 82.36988974002985 870.717041015625 3.5859375 24.644542119664184 4290
stats: connect 148 0.6020227380701012 0.1386164673926039 103.68603515625 0.484130859375 0.8124576879332756 577
stats: page 873 96.41989782449171 110.45776603301876 870.717041015625 3.5859375 29.000895851536804 3648
stats: tr_play_game__ready_page 61 76.77670738345287 62.224023938568585 236.240966796875 7.048095703125 16.41712448044951 203
stats: 302 63 337
stats: tr_play_game__leaderboard 24 47.016632080078125 47.995931462061556 208.5849609375 7.953125 16.56785406068314 86
stats: 200 872 4504
stats: tr_question_new_POST 82 46.8445479230183 44.941625485048164 223.740966796875 4.447998046875 11.360891342163086 384
stats: size_rcv 2094944 11212227
stats: tr_quiz_new_POST 11 86.4200772372159 54.87554505072904 522.18798828125 11.331787109375 33.72112528483073 48
stats: newphase 0 5
stats: tr_friend_requests 9 64.87654622395833 51.52239529308595 144.489013671875 7.822021484375 12.268488103693182 33
stats: size_sent 1484979 7588234
stats: tr_search_all_users 10 275.5766357421875 76.06700812644739 461.742919921875 54.7451171875 124.98285036670919 49
stats: connected 81 340
stats: tr_friends 5 193.917626953125 51.91184528506547 283.736083984375 32.97216796875 71.8955078125 30
stats: 404 82 466
stats: tr_browse_quizzes_page_1 22 51.10898659446023 62.14871784065059 870.762939453125 3.634033203125 16.31473183420907 113
stats: tr_play_game__1st_question 58 81.50335903825432 67.43801959545071 299.970947265625 8.3310546875 18.265493442357513 193
stats: tr_play_game__answer_to_question 34 84.5443115234375 64.15443836990435 253.215087890625 9.966064453125 22.22351925872093 172
stats: tr_index 72 58.117828369140625 59.16065461670208 293.927978515625 5.676025390625 16.909207774474556 226
stats: tr_quizzes_page_INDEX 14 82.03346470424107 63.8021363243734 220.633056640625 8.755126953125 17.494677734375 65
stats: tr_quiz_questions_SHOW 81 63.352394386574076 48.880568202230776 273.411865234375 8.438232421875 18.720858256022137 384
# stats: dump at 1448599325
stats: users 426 426
stats: {freemem,"tsung_controller@ip-172-30-3-173"} 1 3088.421875 0.0 3171.1171875 3088.421875 3150.055376838235 17
stats: {recvpackets,"tsung_controller@ip-172-30-3-173"} 1 6770.0 0.0 6770 73 1485.875 16
stats: {sentpackets,"tsung_controller@ip-172-30-3-173"} 1 5551.0 0.0 5551 78 1294.875 16
stats: {cpu,"tsung_controller@ip-172-30-3-173"} 1 11.383709519136408 0.0 11.383709519136408 1.2833168805528135 3.607260515362044 17
stats: {load,"tsung_controller@ip-172-30-3-173"} 1 0.05078125 0.0 0.16015625 0.01953125 0.07352941176470588 17
stats: session 64 24719.027126312252 19393.498587507187 88170.17602539063 56.718017578125 22547.51117369186 387
stats: users_count 151 877
stats: finish_users_count 64 451
stats: request 1090 252.47548940116124 151.06550327183177 870.717041015625 3.5859375 35.781132599043694 5307
stats: connect 150 0.9226481119791666 3.740114802765208 103.68603515625 0.484130859375 0.769499932650862 725
stats: page 939 287.9259359503964 206.17976885410675 1177.349853515625 3.5859375 42.0194290792275 4521
stats: tr_play_game__ready_page 70 245.7374476841518 124.85484421010119 438.577880859375 7.048095703125 30.36384628758286 264
stats: 302 74 411
stats: tr_play_game__leaderboard 23 241.44466499660325 127.66015820803241 440.9638671875 7.953125 23.21122381036932 110
stats: 200 948 5452
stats: tr_question_new_POST 68 182.26735911649823 151.52683584030345 496.427001953125 4.447998046875 17.60479657742087 466
stats: size_rcv 2210979 13423206
stats: tr_quiz_new_POST 16 280.54693603515625 123.53146423222172 522.18798828125 11.331787109375 43.54635361493644 59
stats: newphase 0 5
stats: tr_friend_requests 12 262.4505208333333 137.94747117141353 435.072998046875 7.822021484375 23.541643415178573 42
stats: size_sent 1724782 9313016
stats: tr_search_all_users 11 372.995361328125 134.34435552666972 587.368896484375 54.7451171875 150.50722076933263 59
stats: connected 85 425
stats: tr_friends 9 347.93755425347223 153.93633151258507 568.72802734375 32.97216796875 89.32723911830357 35
stats: 404 68 534
stats: tr_browse_quizzes_page_1 18 163.47873263888889 118.49359866898672 870.762939453125 3.634033203125 21.984906684027777 135
stats: tr_play_game__1st_question 64 265.5052375793457 134.31977983174065 449.89697265625 8.3310546875 32.878227325074704 251
stats: tr_play_game__answer_to_question 62 273.95839371219756 127.19603198131107 512.6640625 9.966064453125 32.509475263577066 206
stats: tr_index 72 229.37804497612848 150.68921252426108 501.958984375 5.676025390625 26.865653018823405 298
stats: tr_quizzes_page_INDEX 22 250.2874090021307 105.43652458033 429.346923828125 8.755126953125 28.931931121439874 79
stats: tr_quiz_questions_SHOW 64 173.65301513671872 138.6018749117173 490.31201171875 8.438232421875 26.49538390456989 465
# stats: dump at 1448599335
stats: users 554 554
stats: {freemem,"tsung_controller@ip-172-30-3-173"} 1 3061.15625 0.0 3171.1171875 3061.15625 3146.631293402778 18
stats: {recvpackets,"tsung_controller@ip-172-30-3-173"} 1 7121.0 0.0 7121 73 1796.7058823529412 17
stats: {sentpackets,"tsung_controller@ip-172-30-3-173"} 1 5425.0 0.0 5551 78 1545.235294117647 17
stats: {cpu,"tsung_controller@ip-172-30-3-173"} 1 13.073170731707318 0.0 13.073170731707318 1.2833168805528135 4.039285460016175 18
stats: {load,"tsung_controller@ip-172-30-3-173"} 1 0.0390625 0.0 0.16015625 0.01953125 0.072265625 18
stats: session 89 24771.22186622191 21043.080757921343 88170.17602539063 56.718017578125 22855.664213531563 451
stats: users_count 217 1094
stats: finish_users_count 89 540
stats: request 1252 550.0659185537517 206.1295712866428 1150.18701171875 0.0830078125 72.70419792877765 6397
stats: connect 220 0.593018687855113 0.07581797909261215 103.68603515625 0.484130859375 0.79575390625 875
stats: page 1105 618.1955919913037 305.4872779031403 2017.034912109375 0.701904296875 84.309943722456 5460
stats: tr_play_game__ready_page 60 534.6238932291666 210.5206804070056 924.06201171875 0.75 75.5020262209955 334
stats: 302 71 482
stats: tr_play_game__leaderboard 29 543.7846090382544 166.03220940267244 921.62890625 7.953125 60.95084145911654 133
stats: 200 1051 6503
stats: tr_question_new_POST 82 512.2737858469893 163.0161404950659 895.50390625 0.7998046875 38.5730629681648 534
stats: size_rcv 2442001 15865207
stats: tr_quiz_new_POST 13 523.5147235576923 214.08301100654532 940.156005859375 1.26904296875 94.10647786458334 75
stats: newphase 1 6
stats: tr_friend_requests 13 545.2612492487981 177.97227253255497 904.18603515625 7.822021484375 76.6325050636574 54
stats: size_sent 2002426 11315442
stats: tr_search_all_users 12 710.0769449869791 167.0907542076502 1130.8740234375 54.7451171875 185.46964285714284 70
stats: connected 128 553
stats: tr_friends 10 610.2678466796875 344.2570566898716 968.863037109375 0.791015625 142.22480357776988 44
stats: 503 48 48
stats: tr_browse_quizzes_page_1 34 515.243745691636 208.05068441707363 874.02490234375 0.755126953125 38.63123914930556 153
stats: 404 81 615
stats: tr_play_game__1st_question 58 518.3889665274785 204.47659356378273 943.511962890625 0.985107421875 80.14212782118055 315
stats: tr_play_game__answer_to_question 61 544.4606733478483 209.7163599087444 946.697998046875 0.958984375 88.3670608748251 268
stats: tr_index 74 541.0765116923566 210.42212923025727 939.35595703125 1.323974609375 66.27346983213683 370
stats: tr_quizzes_page_INDEX 12 551.2675170898438 137.83112851828324 767.00390625 8.755126953125 77.14797580832303 101
stats: tr_quiz_questions_SHOW 84 536.5453171502976 177.03199726082542 933.756103515625 0.156005859375 44.298953656663514 529
# stats: dump at 1448599345
stats: users 752 752
stats: {freemem,"tsung_controller@ip-172-30-3-173"} 1 3042.421875 0.0 3171.1171875 3042.421875 3142.1326069078946 19
stats: {recvpackets,"tsung_controller@ip-172-30-3-173"} 1 8347.0 0.0 8347 73 2092.5 18
stats: {sentpackets,"tsung_controller@ip-172-30-3-173"} 1 6753.0 0.0 6753 78 1760.7777777777778 18
stats: {cpu,"tsung_controller@ip-172-30-3-173"} 1 16.197866149369545 0.0 16.197866149369545 1.2833168805528135 4.514753105894656 19
stats: {load,"tsung_controller@ip-172-30-3-173"} 1 0.0390625 0.0 0.16015625 0.01953125 0.07051809210526316 19
stats: session 137 19716.11840998518 20183.790306191924 88170.17602539063 56.718017578125 23171.37649332682 540
stats: users_count 335 1429
stats: finish_users_count 137 677
stats: request 1859 566.7405793763025 438.85239762426244 1301.824951171875 0.056884765625 150.8394932905854 7649
stats: connect 385 0.5983994521103893 0.08922124067471415 103.68603515625 0.482177734375 0.7550217162528537 1095
stats: page 1641 643.1836809324541 562.0286246011347 2466.403076171875 0.64208984375 174.17188452018283 6565
stats: tr_play_game__ready_page 112 490.4635205950058 438.1875647493511 1058.482177734375 0.68408203125 145.4190618059962 394
stats: 302 103 585
stats: tr_play_game__leaderboard 32 526.6419372558595 442.2329822751664 1066.958984375 0.96484375 147.38404676649307 162
stats: 200 967 7470
stats: tr_question_new_POST 114 499.34557248834966 446.57349890198697 1056.0029296875 0.755126953125 101.63062672800832 616
stats: size_rcv 2562612 18427819
stats: tr_quiz_new_POST 11 483.1036487926136 444.81385348577425 1059.3759765625 0.97119140625 157.54178688742897 88
stats: newphase 0 6
stats: tr_friend_requests 14 628.1410435267857 402.36029226118717 1029.06201171875 0.796142578125 167.56047035331156 67
stats: 422 13 13
stats: tr_search_all_users 15 835.870068359375 428.5835274073096 1232.8388671875 0.782958984375 262.2414431688262 82
stats: size_sent 2399232 13714674
stats: tr_friends 11 743.4580300071023 461.17331858173037 1127.72412109375 0.787109375 228.89944118923611 54
stats: connected 199 752
stats: tr_browse_quizzes_page_1 70 527.675275530134 422.9455666457669 1036.756103515625 0.699951171875 125.28805852063837 187
stats: error_connection_closed 1 1
stats: tr_play_game__1st_question 110 602.2527765447443 409.74518040172416 1076.22607421875 0.7451171875 148.28774885325905 373
stats: 503 628 676
stats: tr_play_game__answer_to_question 79 540.0827853045885 439.871421420151 1076.717041015625 0.73193359375 172.93153005675342 329
stats: 404 96 711
stats: tr_index 134 524.3861648787314 428.6544738570282 1070.041015625 1.22705078125 145.40731014217346 444
stats: tr_quizzes_page_INDEX 31 559.9161101310483 421.2593941580339 1038.702880859375 0.722900390625 127.49695364352876 113
stats: tr_quiz_questions_SHOW 113 470.2810490701052 454.3700534750098 1076.52294921875 0.115966796875 111.75196268352366 613
# stats: dump at 1448599355
stats: users 876 880
stats: {freemem,"tsung_controller@ip-172-30-3-173"} 1 3029.12890625 0.0 3171.1171875 3029.12890625 3137.1470703125 20
stats: {recvpackets,"tsung_controller@ip-172-30-3-173"} 1 8803.0 0.0 8803 73 2421.684210526316 19
stats: {sentpackets,"tsung_controller@ip-172-30-3-173"} 1 7693.0 0.0 7693 78 2023.5263157894738 19
stats: {cpu,"tsung_controller@ip-172-30-3-173"} 1 17.733990147783253 0.0 17.733990147783253 1.2833168805528135 5.098908758068401 20
stats: {load,"tsung_controller@ip-172-30-3-173"} 1 0.03125 0.0 0.16015625 0.01953125 0.0689453125 20
stats: session 189 24907.360828217996 22629.76205650758 88170.17602539063 56.718017578125 22472.158830966695 677
stats: users_count 313 1742
stats: finish_users_count 189 866
stats: request 2328 450.63332773320013 408.36922824458554 1301.824951171875 0.056884765625 232.15629167440412 9508
stats: connect 397 0.6203250452613358 0.5701398193815527 103.68603515625 0.466064453125 0.714278762404983 1480
stats: page 2028 514.746342826406 506.0670027590098 2466.403076171875 0.63916015625 267.9628128546377 8206
stats: tr_play_game__ready_page 135 414.7395833333333 396.57645454335085 1058.482177734375 0.683837890625 221.79253885020387 506
stats: 302 140 725
stats: tr_play_game__leaderboard 54 488.5500126591437 393.6442798937841 1066.958984375 0.88916015625 209.94204932144012 194
stats: 200 970 8440
stats: tr_question_new_POST 162 365.7842912085263 397.226822210727 1056.0029296875 0.72998046875 163.73953606592463 730
stats: size_rcv 2807305 21235124
stats: tr_quiz_new_POST 21 412.11356026785717 396.3803653589089 1059.3759765625 0.933837890625 193.71532709911617 99
stats: newphase 0 6
stats: tr_friend_requests 23 481.25307829483694 391.9932072344051 1029.06201171875 0.71484375 247.16698917341822 81
stats: 422 29 42
stats: tr_search_all_users 27 532.2853461371528 456.89572527212545 1232.8388671875 0.7470703125 350.94690067251935 97
stats: size_sent 2883711 16598385
stats: tr_friends 20 436.30308837890624 438.300469708012 1127.72412109375 0.7490234375 315.9785869891827 65
stats: connected 124 876
stats: tr_browse_quizzes_page_1 78 393.6331974909856 386.9534818827691 1036.756103515625 0.682861328125 234.88768961271887 257
stats: error_connection_closed 0 1
stats: tr_play_game__1st_question 120 450.94309488932294 399.15854205146223 1076.22607421875 0.731201171875 251.6752292798913 483
stats: 503 941 1617
stats: tr_play_game__answer_to_question 105 469.8884068080357 410.93631292769646 1076.717041015625 0.701904296875 244.02209173464303 408
stats: 404 156 867
stats: tr_index 128 476.1655426025391 385.15988791847957 1070.041015625 1.22705078125 233.26745985618513 578
stats: tr_quizzes_page_INDEX 35 540.6338588169642 346.44523136050566 1038.702880859375 0.722900390625 220.5871887207031 144
stats: tr_quiz_questions_SHOW 161 364.24027380143633 408.38156697475756 1076.52294921875 0.115966796875 167.55607668033318 726
# stats: dump at 1448599365
stats: users 835 923
stats: {freemem,"tsung_controller@ip-172-30-3-173"} 1 3015.48046875 0.0 3171.1171875 3015.48046875 3132.003348214286 21
stats: {recvpackets,"tsung_controller@ip-172-30-3-173"} 1 10242.0 0.0 10242 73 2740.75 20
stats: {sentpackets,"tsung_controller@ip-172-30-3-173"} 1 9185.0 0.0 9185 78 2307.0 20
stats: {cpu,"tsung_controller@ip-172-30-3-173"} 1 20.857699805068226 0.0 20.857699805068226 1.2833168805528135 5.700579300435774 21
stats: {load,"tsung_controller@ip-172-30-3-173"} 1 0.03125 0.0 0.16015625 0.01953125 0.06715029761904762 21
stats: session 150 30922.855870768228 20688.042084633358 91557.48486328125 56.718017578125 23003.629012814847 866
stats: users_count 109 1851
stats: finish_users_count 150 1016
stats: request 2111 483.3235429974316 374.82691341156936 1775.489013671875 0.055908203125 275.1281183003653 11836
stats: connect 159 0.6343049823113207 0.7288677149312089 103.68603515625 0.466064453125 0.6944068254278769 1877
stats: page 1828 559.9359820009056 485.00985638550037 2466.403076171875 0.512939453125 316.8661740802334 10234
stats: tr_play_game__ready_page 87 459.8455347521552 370.61147081807474 1058.482177734375 0.607177734375 262.42881186927167 641
stats: 302 173 898
stats: tr_play_game__leaderboard 58 458.9261053677263 360.43410674033004 1066.958984375 0.742919921875 270.606686499811 248
stats: 200 825 9265
stats: tr_question_new_POST 125 446.842732421875 367.7906623741893 1056.0029296875 0.72998046875 200.4337628967559 892
stats: size_rcv 2682807 23917931
stats: tr_quiz_new_POST 22 442.6061456853693 369.0631831159131 1059.3759765625 0.9189453125 231.93501790364584 120
stats: newphase 0 6
stats: tr_friend_requests 23 452.5200301460598 362.3786062465707 1029.06201171875 0.68798828125 298.936028113732 104
stats: 422 63 105
stats: tr_search_all_users 27 572.6589355468749 425.13190022487703 1232.8388671875 0.6708984375 390.431884765625 124
stats: size_sent 2850209 19448594
stats: tr_friends 22 462.8956298828125 424.6712720812633 1127.72412109375 0.739013671875 344.290234375 85
stats: connected -41 835
stats: tr_browse_quizzes_page_1 34 396.4875129250919 376.49864622083055 1036.756103515625 0.588134765625 271.8493302530317 335
stats: error_connection_closed 1 2
stats: tr_play_game__1st_question 113 501.0729397123895 359.0699489556038 1076.22607421875 0.720947265625 291.33052591858416 603
stats: 503 733 2350
stats: tr_play_game__answer_to_question 137 524.7886348083939 346.8078223837394 1076.717041015625 0.701904296875 290.25203926428486 513
stats: 404 260 1127
stats: tr_index 40 590.197802734375 334.64860290558073 1319.9150390625 1.22705078125 277.30563916430594 706
stats: 500 13 13
stats: tr_quizzes_page_INDEX 43 343.8295557776162 388.33613759105504 1038.702880859375 0.677001953125 283.16614656075416 179
stats: tr_quiz_questions_SHOW 122 431.03819800204917 373.5567130090549 1076.52294921875 0.115966796875 203.25636499656497 887
# stats: dump at 1448599375
stats: users 683 923
stats: {freemem,"tsung_controller@ip-172-30-3-173"} 1 2997.921875 0.0 3171.1171875 2997.921875 3126.706853693182 22
stats: {recvpackets,"tsung_controller@ip-172-30-3-173"} 1 9163.0 0.0 10242 73 3097.9523809523807 21
stats: {sentpackets,"tsung_controller@ip-172-30-3-173"} 1 7530.0 0.0 9185 78 2634.5238095238096 21
stats: {cpu,"tsung_controller@ip-172-30-3-173"} 1 17.058823529411764 0.0 20.857699805068226 1.2833168805528135 6.389539323373612 22
stats: {load,"tsung_controller@ip-172-30-3-173"} 1 0.01953125 0.0 0.16015625 0.01953125 0.06551846590909091 22
stats: session 152 41490.00646330182 17170.54115866167 100669.63305664063 56.718017578125 24172.806206410325 1016
stats: users_count 0 1851
stats: finish_users_count 152 1168
stats: request 2139 487.35801082573624 320.1848121876396 1775.489013671875 0.055908203125 306.64031027968036 13947
stats: connect 62 0.5435318485383066 0.058149009081855746 103.68603515625 0.462158203125 0.6897132139074779 2036
stats: page 1757 592.6633064560955 448.72731260267585 2466.403076171875 0.512939453125 353.70348206224213 12062
stats: tr_play_game__ready_page 17 459.879150390625 340.9253251029799 1058.482177734375 0.607177734375 286.02119496104484 728
stats: 302 301 1199
stats: tr_play_game__leaderboard 80 486.10537109375 311.4876148492528 1066.958984375 0.69384765625 306.3012168734682 306
stats: 200 800 10065
stats: tr_question_new_POST 233 440.18366919259654 318.0209050422482 1056.0029296875 0.72998046875 230.72001775480888 1017
stats: size_rcv 2774642 26692573
stats: tr_quiz_new_POST 39 493.44205103165064 311.1026739186388 1059.3759765625 0.9189453125 264.57420671489876 142
stats: newphase 0 6
stats: tr_friend_requests 28 516.0595703125 301.21187786251835 1029.06201171875 0.68798828125 326.75045367864175 127
stats: 422 111 216
stats: tr_search_all_users 32 545.8996734619142 351.48477528187414 1232.8388671875 0.6708984375 423.01552960730544 151
stats: size_sent 3072869 22521463
stats: tr_friends 24 426.3727620442708 367.0408616036986 1127.72412109375 0.73486328125 368.67639046071844 107
stats: connected -152 683
stats: tr_browse_quizzes_page_1 0 0 0 1036.756103515625 0.588134765625 283.3336072472053 369
stats: error_connection_closed 1 3
stats: tr_play_game__1st_question 26 501.5558330829327 334.6653991097417 1076.22607421875 0.720947265625 324.4323314474948 716
stats: 503 560 2910
stats: tr_play_game__answer_to_question 72 568.5077650282119 270.3823322031054 1076.717041015625 0.701904296875 339.6851370943509 650
stats: 404 295 1422
stats: tr_index 0 0 0 1319.9150390625 1.22705078125 294.08269887315686 746
stats: 500 0 13
stats: tr_quizzes_page_INDEX 40 515.5190124511719 300.51840439544947 1038.702880859375 0.677001953125 294.9162663640202 222
stats: tr_quiz_questions_SHOW 232 423.3568241514009 330.6529215337953 1076.52294921875 0.115966796875 230.79787503290697 1009
# stats: dump at 1448599385
stats: users 513 923
stats: {freemem,"tsung_controller@ip-172-30-3-173"} 1 2989.61328125 0.0 3171.1171875 2989.61328125 3121.1075067934785 23
stats: {recvpackets,"tsung_controller@ip-172-30-3-173"} 1 9037.0 0.0 10242 73 3373.6363636363635 22
stats: {sentpackets,"tsung_controller@ip-172-30-3-173"} 1 7010.0 0.0 9185 78 2857.0454545454545 22
stats: {cpu,"tsung_controller@ip-172-30-3-173"} 1 13.875123885034688 0.0 20.857699805068226 1.2833168805528135 6.853421245375272 23
stats: {load,"tsung_controller@ip-172-30-3-173"} 1 0.1015625 0.0 0.16015625 0.01953125 0.06351902173913043 23
stats: session 170 44205.75996811811 13164.113493427232 103774.48095703125 56.718017578125 26426.414459019492 1168
stats: users_count 0 1851
stats: finish_users_count 170 1338
stats: request 1785 572.1859364058118 247.80994118999013 1775.489013671875 0.055908203125 330.67084375400674 16086
stats: connect 29 0.5454775053879309 0.0512298639614952 103.68603515625 0.462158203125 0.6853932688870352 2098
stats: page 1426 714.2172288292751 410.02858502963215 2466.403076171875 0.512939453125 384.085739205306 13819
stats: tr_play_game__ready_page 1 749.946044921875 0.0 1058.482177734375 0.607177734375 289.98842347420305 745
stats: 302 357 1556
stats: tr_play_game__leaderboard 111 574.1929194819817 230.32890537949405 1066.958984375 0.69384765625 343.5663265564281 386
stats: 200 742 10807
stats: tr_question_new_POST 253 573.1548121757659 220.87601962669652 1056.0029296875 0.72998046875 269.7640423828125 1250
stats: size_rcv 2678694 29371267
stats: tr_quiz_new_POST 31 495.54029895413305 300.6026042439955 1059.3759765625 0.910888671875 313.8882726174033 181
stats: newphase 0 6
stats: tr_friend_requests 16 531.0271911621094 265.4586443859679 1029.06201171875 0.68798828125 360.94822958669357 155
stats: 422 162 378
stats: tr_search_all_users 25 748.1556640625 208.89411750620516 1232.8388671875 0.6708984375 444.5034673305157 183
stats: size_sent 2480109 25001572
stats: tr_friends 18 536.8199462890625 308.142313440482 1127.72412109375 0.73486328125 379.2467180790792 131
stats: connected -167 516
stats: tr_browse_quizzes_page_1 0 0 0 1036.756103515625 0.588134765625 283.3336072472053 369
stats: error_connection_closed 0 3
stats: tr_play_game__1st_question 4 638.365966796875 94.08836425015238 1076.22607421875 0.720947265625 330.63881533229454 742
stats: 503 218 3128
stats: tr_play_game__answer_to_question 16 603.1041412353516 237.3582178663725 1076.717041015625 0.701904296875 362.5040141182262 722
stats: 404 274 1696
stats: tr_index 0 0 0 1319.9150390625 1.22705078125 294.08269887315686 746
stats: 500 0 13
stats: tr_quizzes_page_INDEX 24 644.516845703125 73.91720379165793 1038.702880859375 0.677001953125 328.59607492694414 262
stats: tr_quiz_questions_SHOW 244 554.047534379803 244.20825435445192 1076.52294921875 0.115966796875 266.7960025071137 1241
# stats: dump at 1448599395
stats: users 322 923
stats: {freemem,"tsung_controller@ip-172-30-3-173"} 1 3004.2734375 0.0 3171.1171875 2989.61328125 3115.6285807291665 24
stats: {recvpackets,"tsung_controller@ip-172-30-3-173"} 1 8845.0 0.0 10242 73 3619.8695652173915 23
stats: {sentpackets,"tsung_controller@ip-172-30-3-173"} 1 6412.0 0.0 9185 78 3037.608695652174 23
stats: {cpu,"tsung_controller@ip-172-30-3-173"} 1 11.1 0.0 20.857699805068226 1.2833168805528135 7.145992188694414 24
stats: {load,"tsung_controller@ip-172-30-3-173"} 1 0.078125 0.0 0.16015625 0.01953125 0.06510416666666667 24
stats: session 191 48120.09319652937 12464.661034646226 110093.7099609375 56.718017578125 28685.374650758476 1338
stats: users_count 0 1851
stats: finish_users_count 191 1529
stats: request 1794 414.7799758145639 108.48935517882657 1775.489013671875 0.055908203125 354.79397286728926 17871
stats: connect 3 0.6449381510416666 0.026152565381990706 103.68603515625 0.462158203125 0.6834856256611425 2127
stats: page 1382 546.9840964111685 240.60601060324467 2466.403076171875 0.512939453125 414.9658641120807 15245
stats: tr_play_game__ready_page 0 0 0 1058.482177734375 0.607177734375 290.60498865040637 746
stats: 302 447 2003
stats: tr_play_game__leaderboard 116 387.6276560816271 122.36525776635243 1066.958984375 0.69384765625 395.07447910116946 497
stats: 200 786 11593
stats: tr_question_new_POST 346 388.29263288023844 97.90004586648206 1056.0029296875 0.72998046875 320.83381268062834 1503
stats: size_rcv 2995998 32367265
stats: tr_quiz_new_POST 31 428.2280667212702 96.21042444246078 1059.3759765625 0.910888671875 340.4505972232459 212
stats: newphase 0 6
stats: tr_friend_requests 12 448.955810546875 74.83966959519847 1029.06201171875 0.68798828125 376.8620505528143 171
stats: 422 211 589
stats: tr_search_all_users 17 567.9355899586398 135.77694588950595 1232.8388671875 0.6708984375 481.00012559157153 208
stats: size_sent 2113796 27115368
stats: tr_friends 17 489.75604607077196 85.99177327116377 1127.72412109375 0.73486328125 398.2824100776007 149
stats: connected -189 327
stats: tr_browse_quizzes_page_1 0 0 0 1036.756103515625 0.588134765625 283.3336072472053 369
stats: error_connection_closed 0 3
stats: tr_play_game__1st_question 0 0 0 1076.22607421875 0.720947265625 332.2888268682977 746
stats: 503 9 3137
stats: tr_play_game__answer_to_question 5 412.6408203125 57.216892475913596 1076.717041015625 0.701904296875 367.72027703675474 738
stats: 404 341 2037
stats: tr_index 0 0 0 1319.9150390625 1.22705078125 294.08269887315686 746
stats: 500 0 13
stats: tr_quizzes_page_INDEX 14 430.79635184151783 143.8723241357232 1038.702880859375 0.677001953125 355.106908838232 286
stats: tr_quiz_questions_SHOW 354 397.5251278634799 97.79401341288052 1076.52294921875 0.115966796875 313.994234006734 1485
# stats: dump at 1448599405
stats: users 153 923
stats: {freemem,"tsung_controller@ip-172-30-3-173"} 1 3014.015625 0.0 3171.1171875 2989.61328125 3111.174375 25
stats: {recvpackets,"tsung_controller@ip-172-30-3-173"} 1 8864.0 0.0 10242 73 3837.5833333333335 24
stats: {sentpackets,"tsung_controller@ip-172-30-3-173"} 1 5978.0 0.0 9185 78 3178.2083333333335 24
stats: {cpu,"tsung_controller@ip-172-30-3-173"} 1 9.831181727904667 0.0 20.857699805068226 1.2833168805528135 7.304152501146637 25
stats: {load,"tsung_controller@ip-172-30-3-173"} 1 0.0703125 0.0 0.16015625 0.01953125 0.065625 25
stats: session 169 57086.28836041513 13398.005330843323 110093.7099609375 56.718017578125 31113.125626718087 1529
stats: users_count 0 1851
stats: finish_users_count 169 1698
stats: request 1256 109.19681349833277 82.66744362220882 1775.489013671875 0.055908203125 360.2663801537073 19665
stats: connect 0 0 0 103.68603515625 0.462158203125 0.6834313334433686 2130
stats: page 936 149.67958916558155 131.47437066665245 2466.403076171875 0.512939453125 425.9389318355028 16627
stats: tr_play_game__ready_page 0 0 0 1058.482177734375 0.607177734375 290.60498865040637 746
stats: 302 319 2322
stats: tr_play_game__leaderboard 67 99.46676407999067 81.28438525434386 1066.958984375 0.69384765625 393.6652923633768 613
stats: 200 560 12153
stats: tr_question_new_POST 279 104.13950842853937 72.18711167613327 1056.0029296875 0.72998046875 333.457258753676 1849
stats: size_rcv 2196928 34564193
stats: tr_quiz_new_POST 23 118.86179517663045 81.83778461150769 1059.3759765625 0.910888671875 351.64854600694446 243
stats: newphase 0 6
stats: tr_friend_requests 6 47.786905924479164 56.978931308788525 1029.06201171875 0.68798828125 381.589510224556 183
stats: 422 160 749
stats: tr_search_all_users 8 236.60253906250003 141.76267256700606 1232.8388671875 0.6708984375 487.56858289930557 225
stats: size_sent 1424756 28540124
stats: tr_friends 12 184.0263671875 143.85093302941132 1127.72412109375 0.73486328125 407.65019207690136 166
stats: connected -177 150
stats: tr_browse_quizzes_page_1 0 0 0 1036.756103515625 0.588134765625 283.3336072472053 369
stats: error_connection_closed 0 3
stats: tr_play_game__1st_question 0 0 0 1076.22607421875 0.720947265625 332.2888268682977 746
stats: 503 0 3137
stats: tr_play_game__answer_to_question 2 104.362060546875 37.58203125 1076.717041015625 0.701904296875 368.02256871424964 743
stats: 404 217 2254
stats: tr_index 0 0 0 1319.9150390625 1.22705078125 294.08269887315686 746
stats: 500 0 13
stats: tr_quizzes_page_INDEX 3 71.60270182291667 61.51592641180678 1038.702880859375 0.677001953125 358.63908284505203 300
stats: tr_quiz_questions_SHOW 289 110.0619272410251 74.22003473357039 1076.52294921875 0.115966796875 330.07359040982703 1839
# stats: dump at 1448599415
stats: users 89 923
stats: {freemem,"tsung_controller@ip-172-30-3-173"} 1 3030.0 0.0 3171.1171875 2989.61328125 3107.4375 26
stats: {recvpackets,"tsung_controller@ip-172-30-3-173"} 1 3319.0 0.0 10242 73 4038.64 25
stats: {sentpackets,"tsung_controller@ip-172-30-3-173"} 1 2654.0 0.0 9185 78 3290.2 25
stats: {cpu,"tsung_controller@ip-172-30-3-173"} 1 4.671968190854871 0.0 20.857699805068226 1.2833168805528135 7.4013459329450235 26
stats: {load,"tsung_controller@ip-172-30-3-173"} 1 0.12890625 0.0 0.16015625 0.01953125 0.06580528846153846 26
stats: session 64 62676.32588195801 10526.34275538624 110093.7099609375 56.718017578125 33698.20483872916 1698
stats: users_count 0 1851
stats: finish_users_count 64 1762
stats: request 363 8.98034836109676 11.921891631028982 1775.489013671875 0.055908203125 345.1933255330319 20921
stats: connect 3 0.6863606770833334 0.06592831628532235 103.68603515625 0.462158203125 0.6834313334433686 2130
stats: page 293 11.07831997920222 16.155214670786318 2466.403076171875 0.512939453125 411.2160060973574 17563
stats: tr_play_game__ready_page 0 0 0 1058.482177734375 0.607177734375 290.60498865040637 746
stats: 302 96 2418
stats: tr_play_game__leaderboard 30 7.305745442708333 4.1121003706247965 1066.958984375 0.69384765625 364.67808442957255 680
stats: 200 163 12316
stats: tr_question_new_POST 56 5.469290597098213 2.392640845236519 1056.0029296875 0.72998046875 303.3916326537168 2128
stats: size_rcv 559215 35123408
stats: tr_quiz_new_POST 8 9.9930419921875 6.82818245699908 1059.3759765625 0.910888671875 331.52036830357144 266
stats: newphase 0 6
stats: tr_friend_requests 1 7.85595703125 0.0 1029.06201171875 0.68798828125 370.9926021515377 189
stats: 422 45 794
stats: tr_search_all_users 2 61.364501953125 3.030517578125 1232.8388671875 0.6708984375 478.95172302508047 233
stats: size_sent 487645 29027769
stats: tr_friends 9 17.85574001736111 14.917909335317262 1127.72412109375 0.73486328125 392.57442860121137 178
stats: connected -65 85
stats: tr_browse_quizzes_page_1 0 0 0 1036.756103515625 0.588134765625 283.3336072472053 369
stats: error_connection_closed 0 3
stats: tr_play_game__1st_question 0 0 0 1076.22607421875 0.720947265625 332.2888268682977 746
stats: 503 0 3137
stats: tr_play_game__answer_to_question 1 15.0 0.0 1076.717041015625 0.701904296875 367.31475526950504 745
stats: 404 60 2314
stats: tr_index 0 0 0 1319.9150390625 1.22705078125 294.08269887315686 746
stats: 500 0 13
stats: tr_quizzes_page_INDEX 4 8.6973876953125 3.060450498211295 1038.702880859375 0.677001953125 355.79713847849627 303
stats: tr_quiz_questions_SHOW 54 5.6614990234375 2.909658850525011 1076.52294921875 0.115966796875 300.19418690616925 2128
# stats: dump at 1448599425
stats: users 46 923
stats: {freemem,"tsung_controller@ip-172-30-3-173"} 1 3040.74609375 0.0 3171.1171875 2989.61328125 3104.5694444444443 27
stats: {recvpackets,"tsung_controller@ip-172-30-3-173"} 1 1.7e3 0.0 10242 73 4010.9615384615386 26
stats: {sentpackets,"tsung_controller@ip-172-30-3-173"} 1 1448.0 0.0 9185 78 3265.730769230769 26
stats: {cpu,"tsung_controller@ip-172-30-3-173"} 1 3.740157480314961 0.0 20.857699805068226 1.2833168805528135 7.300257868423166 27
stats: {load,"tsung_controller@ip-172-30-3-173"} 1 0.109375 0.0 0.16015625 0.01953125 0.0681423611111111 27
stats: session 43 79243.01533543786 18885.32252799455 143560.90087890625 56.718017578125 34750.758611014426 1762
stats: users_count 0 1851
stats: finish_users_count 43 1805
stats: request 439 9.967575455580869 8.865616694968535 1775.489013671875 0.055908203125 339.459191408177 21284
stats: connect 4 0.67889404296875 0.04027779282737685 103.68603515625 0.462158203125 0.6834354534766175 2133
stats: page 319 13.811165262539188 13.361960934042738 2466.403076171875 0.512939453125 404.65012672725106 17856
stats: tr_play_game__ready_page 0 0 0 1058.482177734375 0.607177734375 290.60498865040637 746
stats: 302 85 2503
stats: tr_play_game__leaderboard 24 8.578450520833334 7.137099347135848 1066.958984375 0.69384765625 349.57784475407124 710
stats: 200 222 12538
stats: tr_question_new_POST 105 6.375276692708334 3.3719564776202966 1056.0029296875 0.72998046875 295.7525982420086 2184
stats: size_rcv 854008 35977416
stats: tr_quiz_new_POST 13 13.325232872596153 6.087168865966556 1059.3759765625 0.910888671875 322.1327091411953 274
stats: newphase 0 6
stats: tr_friend_requests 0 0 0 1029.06201171875 0.68798828125 369.0813566509046 190
stats: 422 45 839
stats: tr_search_all_users 2 60.6644287109375 6.4144287109375 1232.8388671875 0.6708984375 475.3977892287234 235
stats: size_sent 512534 29540303
stats: tr_friends 2 40.5560302734375 7.3099365234375 1127.72412109375 0.73486328125 374.53983931107956 187
stats: connected -40 45
stats: tr_browse_quizzes_page_1 0 0 0 1036.756103515625 0.588134765625 283.3336072472053 369
stats: error_connection_closed 0 3
stats: tr_play_game__1st_question 0 0 0 1076.22607421875 0.720947265625 332.2888268682977 746
stats: 503 0 3137
stats: tr_play_game__answer_to_question 0 0 0 1076.717041015625 0.701904296875 366.84248347959954 746
stats: 404 86 2400
stats: tr_index 0 0 0 1319.9150390625 1.22705078125 294.08269887315686 746
stats: 500 0 13
stats: tr_quizzes_page_INDEX 0 0 0 1038.702880859375 0.677001953125 351.27466615558836 307
stats: tr_quiz_questions_SHOW 106 9.790647110849052 6.451099382661923 1076.52294921875 0.115966796875 292.9051103041218 2182
# stats: dump at 1448599435
stats: users 28 923
stats: {freemem,"tsung_controller@ip-172-30-3-173"} 1 3051.50390625 0.0 3171.1171875 2989.61328125 3102.2900390625 28
stats: {recvpackets,"tsung_controller@ip-172-30-3-173"} 1 1192.0 0.0 10242 73 3925.3703703703704 27
stats: {sentpackets,"tsung_controller@ip-172-30-3-173"} 1 904.0 0.0 9185 78 3198.4074074074074 27
stats: {cpu,"tsung_controller@ip-172-30-3-173"} 1 2.1760633036597428 0.0 20.857699805068226 1.2833168805528135 7.17311142599073 28
stats: {load,"tsung_controller@ip-172-30-3-173"} 1 0.1015625 0.0 0.16015625 0.01953125 0.06961495535714285 28
stats: session 18 84271.88703070747 12313.92018852704 143560.90087890625 56.718017578125 35810.68494849376 1805
stats: users_count 0 1851
stats: finish_users_count 18 1823
stats: request 212 7.189677688310733 3.0732964736240302 1775.489013671875 0.055908203125 332.80049696435293 21723
stats: connect 0 0 0 103.68603515625 0.462158203125 0.6834269529422088 2137
stats: page 151 10.170246856891556 3.8526230607547514 2466.403076171875 0.512939453125 397.79028470759533 18175
stats: tr_play_game__ready_page 0 0 0 1058.482177734375 0.607177734375 290.60498865040637 746
stats: 302 35 2538
stats: tr_play_game__leaderboard 7 9.657331194196429 1.760823028365653 1066.958984375 0.69384765625 338.4280008009408 734
stats: 200 118 12656
stats: tr_question_new_POST 55 4.558429509943184 0.6160749885745118 1056.0029296875 0.72998046875 282.4784091801141 2289
stats: size_rcv 428661 36406077
stats: tr_quiz_new_POST 6 10.029988606770834 3.8436648879324156 1059.3759765625 0.910888671875 308.14491404888935 287
stats: newphase 0 6
stats: tr_friend_requests 1 4.262939453125 0.0 1029.06201171875 0.68798828125 369.0813566509046 190
stats: 422 18 857
stats: tr_search_all_users 0 0 0 1232.8388671875 0.6708984375 471.8979296462948 237
stats: size_sent 244137 29784440
stats: tr_friends 0 0 0 1127.72412109375 0.73486328125 371.005619109623 189
stats: connected -21 24
stats: tr_browse_quizzes_page_1 0 0 0 1036.756103515625 0.588134765625 283.3336072472053 369
stats: error_connection_closed 0 3
stats: tr_play_game__1st_question 0 0 0 1076.22607421875 0.720947265625 332.2888268682977 746
stats: 503 0 3137
stats: tr_play_game__answer_to_question 0 0 0 1076.717041015625 0.701904296875 366.84248347959954 746
stats: 404 41 2441
stats: tr_index 0 0 0 1319.9150390625 1.22705078125 294.08269887315686 746
stats: 500 0 13
stats: tr_quizzes_page_INDEX 0 0 0 1038.702880859375 0.677001953125 351.27466615558836 307
stats: tr_quiz_questions_SHOW 56 7.374607631138391 2.6482260385637555 1076.52294921875 0.115966796875 279.7887933904475 2288
# stats: dump at 1448599445
stats: users 18 923
stats: {freemem,"tsung_controller@ip-172-30-3-173"} 1 3053.50390625 0.0 3171.1171875 2989.61328125 3100.5387931034484 29
stats: {recvpackets,"tsung_controller@ip-172-30-3-173"} 1 379.0 0.0 10242 73 3827.75 28
stats: {sentpackets,"tsung_controller@ip-172-30-3-173"} 1 327.0 0.0 9185 78 3116.464285714286 28
stats: {cpu,"tsung_controller@ip-172-30-3-173"} 1 1.8700787401574805 0.0 20.857699805068226 1.2833168805528135 7.000799421772419 29
stats: {load,"tsung_controller@ip-172-30-3-173"} 1 0.078125 0.0 0.16015625 0.01953125 0.0707165948275862 29
stats: session 10 95036.72932128907 15445.524473124233 143560.90087890625 56.718017578125 36289.18282972242 1823
stats: users_count 0 1851
stats: finish_users_count 10 1833
stats: request 42 7.192946661086309 5.328258096829668 1775.489013671875 0.055908203125 329.6534947447714 21935
stats: connect 2 0.81298828125 0.01806640625 103.68603515625 0.462158203125 0.6834269529422088 2137
stats: page 33 9.181485262784092 5.551824425453853 2466.403076171875 0.512939453125 394.59642758026496 18326
stats: tr_play_game__ready_page 0 0 0 1058.482177734375 0.607177734375 290.60498865040637 746
stats: 302 18 2556
stats: tr_play_game__leaderboard 4 10.0067138671875 1.128532380758392 1066.958984375 0.69384765625 335.3222050016868 741
stats: 200 15 12671
stats: tr_question_new_POST 8 5.4468994140625 0.7161434844007405 1056.0029296875 0.72998046875 275.95724924758025 2344
stats: size_rcv 44725 36450802
stats: tr_quiz_new_POST 1 6.579833984375 0.0 1059.3759765625 0.910888671875 302.04017154836816 293
stats: newphase 0 6
stats: tr_friend_requests 0 0 0 1029.06201171875 0.68798828125 367.17131258180626 191
stats: 422 9 866
stats: tr_search_all_users 0 0 0 1232.8388671875 0.6708984375 471.8979296462948 237
stats: size_sent 64634 29849074
stats: tr_friends 2 20.2764892578125 14.9825439453125 1127.72412109375 0.73486328125 371.005619109623 189
stats: connected -13 11
stats: tr_browse_quizzes_page_1 0 0 0 1036.756103515625 0.588134765625 283.3336072472053 369
stats: error_connection_closed 0 3
stats: tr_play_game__1st_question 0 0 0 1076.22607421875 0.720947265625 332.2888268682977 746
stats: 503 0 3137
stats: tr_play_game__answer_to_question 0 0 0 1076.717041015625 0.701904296875 366.84248347959954 746
stats: 404 0 2441
stats: tr_index 0 0 0 1319.9150390625 1.22705078125 294.08269887315686 746
stats: 500 0 13
stats: tr_quizzes_page_INDEX 0 0 0 1038.702880859375 0.677001953125 351.27466615558836 307
stats: tr_quiz_questions_SHOW 8 4.26849365234375 0.5526253791612343 1076.52294921875 0.115966796875 273.2806046521705 2344
# stats: dump at 1448599455
stats: users 6 923
stats: {freemem,"tsung_controller@ip-172-30-3-173"} 1 3054.3046875 0.0 3171.1171875 2989.61328125 3098.9709635416666 30
stats: {recvpackets,"tsung_controller@ip-172-30-3-173"} 1 570.0 0.0 10242 73 3708.8275862068967 29
stats: {sentpackets,"tsung_controller@ip-172-30-3-173"} 1 468.0 0.0 9185 78 3020.2758620689656 29
stats: {cpu,"tsung_controller@ip-172-30-3-173"} 1 2.0648967551622417 0.0 20.857699805068226 1.2833168805528135 6.829775399051922 30
stats: {load,"tsung_controller@ip-172-30-3-173"} 1 0.0703125 0.0 0.16015625 0.01953125 0.07096354166666667 30
stats: session 12 109398.18959554036 13848.489112458814 143560.90087890625 56.718017578125 36609.68226502829 1833
stats: users_count 0 1851
stats: finish_users_count 12 1845
stats: request 238 5.806502141872372 2.7595944577814753 1775.489013671875 0.055908203125 329.03724398172307 21977
stats: connect 6 0.813720703125 0.01926340183240376 103.68603515625 0.462158203125 0.6835480949041609 2139
stats: page 157 8.860433979398888 4.109616187880756 2466.403076171875 0.512939453125 393.9036505719052 18359
stats: tr_play_game__ready_page 0 0 0 1058.482177734375 0.607177734375 290.60498865040637 746
stats: 302 85 2641
stats: tr_play_game__leaderboard 0 0 0 1066.958984375 0.69384765625 333.5755446466023 745
stats: 200 74 12745
stats: tr_question_new_POST 72 4.512091742621528 0.5696776599901201 1056.0029296875 0.72998046875 275.037146016854 2352
stats: size_rcv 372865 36823667
stats: tr_quiz_new_POST 9 8.402452256944445 3.7726184281786757 1059.3759765625 0.910888671875 301.03520441379675 294
stats: newphase 0 6
stats: tr_friend_requests 0 0 0 1029.06201171875 0.68798828125 367.17131258180626 191
stats: 422 46 912
stats: tr_search_all_users 0 0 0 1232.8388671875 0.6708984375 471.8979296462948 237
stats: size_sent 216679 30065753
stats: tr_friends 0 0 0 1127.72412109375 0.73486328125 367.3330627760962 191
stats: connected -8 3
stats: tr_browse_quizzes_page_1 0 0 0 1036.756103515625 0.588134765625 283.3336072472053 369
stats: error_connection_closed 0 3
stats: tr_play_game__1st_question 0 0 0 1076.22607421875 0.720947265625 332.2888268682977 746
stats: 503 0 3137
stats: tr_play_game__answer_to_question 0 0 0 1076.717041015625 0.701904296875 366.84248347959954 746
stats: 404 33 2474
stats: tr_index 0 0 0 1319.9150390625 1.22705078125 294.08269887315686 746
stats: 500 0 13
stats: tr_quizzes_page_INDEX 0 0 0 1038.702880859375 0.677001953125 351.27466615558836 307
stats: tr_quiz_questions_SHOW 72 6.021365695529514 2.842879004179669 1076.52294921875 0.115966796875 272.365597471899 2352
# stats: dump at 1448599465
stats: users 4 923
stats: {freemem,"tsung_controller@ip-172-30-3-173"} 1 3064.9453125 0.0 3171.1171875 2989.61328125 3097.5301159274195 31
stats: {recvpackets,"tsung_controller@ip-172-30-3-173"} 1 323.0 0.0 10242 73 3604.2 30
stats: {sentpackets,"tsung_controller@ip-172-30-3-173"} 1 356.0 0.0 9185 78 2935.2 30
stats: {cpu,"tsung_controller@ip-172-30-3-173"} 1 1.3847675568743818 0.0 20.857699805068226 1.2833168805528135 6.676069636345803 31
stats: {load,"tsung_controller@ip-172-30-3-173"} 1 0.05859375 0.0 0.16015625 0.01953125 0.07094254032258064 31
stats: session 2 109579.88903808594 4107.7940673828125 143560.90087890625 56.718017578125 37083.1034509178 1845
stats: users_count 0 1851
stats: finish_users_count 2 1847
stats: request 28 7.97877720424107 2.710875336469899 1775.489013671875 0.055908203125 325.57431728544196 22215
stats: connect 1 0.778076171875 0.0 103.68603515625 0.462158203125 0.6839122140879954 2145
stats: page 19 11.819515830592104 3.501202416961643 2466.403076171875 0.512939453125 390.63881016333835 18516
stats: tr_play_game__ready_page 0 0 0 1058.482177734375 0.607177734375 290.60498865040637 746
stats: 302 0 2641
stats: tr_play_game__leaderboard 1 4.47900390625 0.0 1066.958984375 0.69384765625 333.5755446466023 745
stats: 200 19 12764
stats: tr_question_new_POST 8 4.639923095703125 0.07922226327144373 1056.0029296875 0.72998046875 267.0017483651441 2424
stats: size_rcv 73890 36897557
stats: tr_quiz_new_POST 1 13.7060546875 0.0 1059.3759765625 0.910888671875 292.3431424685437 303
stats: newphase 0 6
stats: tr_friend_requests 0 0 0 1029.06201171875 0.68798828125 367.17131258180626 191
stats: 422 0 912
stats: tr_search_all_users 0 0 0 1232.8388671875 0.6708984375 471.8979296462948 237
stats: size_sent 24374 30090127
stats: tr_friends 0 0 0 1127.72412109375 0.73486328125 367.3330627760962 191
stats: connected -3 0
stats: tr_browse_quizzes_page_1 0 0 0 1036.756103515625 0.588134765625 283.3336072472053 369
stats: error_connection_closed 0 3
stats: tr_play_game__1st_question 0 0 0 1076.22607421875 0.720947265625 332.2888268682977 746
stats: 503 0 3137
stats: tr_play_game__answer_to_question 0 0 0 1076.717041015625 0.701904296875 366.84248347959954 746
stats: 404 9 2483
stats: tr_index 0 0 0 1319.9150390625 1.22705078125 294.08269887315686 746
stats: 500 0 13
stats: tr_quizzes_page_INDEX 0 0 0 1038.702880859375 0.677001953125 351.27466615558836 307
stats: tr_quiz_questions_SHOW 8 8.64849853515625 0.06974689497069554 1076.52294921875 0.115966796875 264.45438266666025 2424
# stats: dump at 1448599475
stats: users 2 923
stats: {freemem,"tsung_controller@ip-172-30-3-173"} 1 3065.5859375 0.0 3171.1171875 2989.61328125 3096.5118408203125 32
stats: {recvpackets,"tsung_controller@ip-172-30-3-173"} 1 155.0 0.0 10242 73 3498.3548387096776 31
stats: {sentpackets,"tsung_controller@ip-172-30-3-173"} 1 105.0 0.0 9185 78 2852.0 31
stats: {cpu,"tsung_controller@ip-172-30-3-173"} 1 1.3820335636722607 0.0 20.857699805068226 1.2833168805528135 6.510716446362321 32
stats: {load,"tsung_controller@ip-172-30-3-173"} 1 0.05078125 0.0 0.16015625 0.01953125 0.070556640625 32
stats: session 2 124529.88842773438 14585.7744140625 143560.90087890625 56.718017578125 37161.60565512697 1847
stats: users_count 0 1851
stats: finish_users_count 2 1849
stats: request 31 9.991203061995966 18.688847001813887 1775.489013671875 0.055908203125 325.17452071473326 22243
stats: connect 2 0.826416015625 0.01953125 103.68603515625 0.462158203125 0.6839560929126866 2146
stats: page 20 15.5406005859375 28.58426397940542 2466.403076171875 0.512939453125 390.25048717481275 18535
stats: tr_play_game__ready_page 0 0 0 1058.482177734375 0.607177734375 290.60498865040637 746
stats: 302 18 2659
stats: tr_play_game__leaderboard 0 0 0 1066.958984375 0.69384765625 333.1343964686661 746
stats: 200 4 12768
stats: tr_question_new_POST 8 4.12860107421875 0.06833896332222981 1056.0029296875 0.72998046875 266.13871604517885 2432
stats: size_rcv 42477 36940034
stats: tr_quiz_new_POST 1 6.346923828125 0.0 1059.3759765625 0.910888671875 291.42657310084286 304
stats: newphase 0 6
stats: tr_friend_requests 0 0 0 1029.06201171875 0.68798828125 367.17131258180626 191
stats: 422 9 921
stats: tr_search_all_users 1 56.1240234375 0.0 1232.8388671875 0.6708984375 471.8979296462948 237
stats: size_sent 26590 30116717
stats: tr_friends 0 0 0 1127.72412109375 0.73486328125 367.3330627760962 191
stats: connected 0 0
stats: tr_browse_quizzes_page_1 0 0 0 1036.756103515625 0.588134765625 283.3336072472053 369
stats: error_connection_closed 0 3
stats: tr_play_game__1st_question 0 0 0 1076.22607421875 0.720947265625 332.2888268682977 746
stats: 503 0 3137
stats: tr_play_game__answer_to_question 0 0 0 1076.717041015625 0.701904296875 366.84248347959954 746
stats: 404 0 2483
stats: tr_index 0 0 0 1319.9150390625 1.22705078125 294.08269887315686 746
stats: 500 0 13
stats: tr_quizzes_page_INDEX 0 0 0 1038.702880859375 0.677001953125 351.27466615558836 307
stats: tr_quiz_questions_SHOW 8 3.47039794921875 0.06178732695766561 1076.52294921875 0.115966796875 263.61291594254345 2432
# stats: dump at 1448599484
stats: users 0 923
stats: {freemem,"tsung_controller@ip-172-30-3-173"} 1 3074.6875 0.0 3171.1171875 2989.61328125 3095.5746922348485 33
stats: {recvpackets,"tsung_controller@ip-172-30-3-173"} 1 235.0 0.0 10242 73 3393.875 32
stats: {sentpackets,"tsung_controller@ip-172-30-3-173"} 1 274.0 0.0 9185 78 2766.15625 32
stats: {cpu,"tsung_controller@ip-172-30-3-173"} 1 1.2833168805528135 0.0 20.857699805068226 1.2833168805528135 6.355301813553531 33
stats: {load,"tsung_controller@ip-172-30-3-173"} 1 0.0390625 0.0 0.16015625 0.01953125 0.06995738636363637 33
stats: session 2 124863.82299804688 1357.592041015625 143560.90087890625 56.718017578125 37256.10893557328 1849
stats: users_count 0 1851
stats: finish_users_count 2 1851
stats: request 52 6.617041954627404 3.9562554403146697 1775.489013671875 0.055908203125 324.73586206127027 22274
stats: connect 2 0.7894287109375 0.0604248046875 103.68603515625 0.462158203125 0.6840887371610221 2148
stats: page 34 10.180520450367647 5.64057073746295 2466.403076171875 0.512939453125 389.84659616259086 18555
stats: tr_play_game__ready_page 0 0 0 1058.482177734375 0.607177734375 290.60498865040637 746
stats: 302 17 2676
stats: tr_play_game__leaderboard 0 0 0 1066.958984375 0.69384765625 333.1343964686661 746
stats: 200 18 12786
stats: tr_question_new_POST 16 4.775390625 1.8428669225028897 1056.0029296875 0.72998046875 265.27966648789703 2440
stats: size_rcv 87609 37027643
stats: tr_quiz_new_POST 2 9.740966796875 3.69384765625 1059.3759765625 0.910888671875 290.4918857261782 305
stats: newphase 0 6
stats: tr_friend_requests 0 0 0 1029.06201171875 0.68798828125 367.17131258180626 191
stats: 422 9 930
stats: tr_search_all_users 0 0 0 1232.8388671875 0.6708984375 470.15098046054356 238
stats: size_sent 45824 30162541
stats: tr_friends 0 0 0 1127.72412109375 0.73486328125 367.3330627760962 191
stats: connected 0 0
stats: tr_browse_quizzes_page_1 0 0 0 1036.756103515625 0.588134765625 283.3336072472053 369
stats: error_connection_closed 0 3
stats: tr_play_game__1st_question 0 0 0 1076.22607421875 0.720947265625 332.2888268682977 746
stats: 503 0 3137
stats: tr_play_game__answer_to_question 0 0 0 1076.717041015625 0.701904296875 366.84248347959954 746
stats: 404 8 2491
stats: tr_index 0 0 0 1319.9150390625 1.22705078125 294.08269887315686 746
stats: 500 0 13
stats: tr_quizzes_page_INDEX 0 0 0 1038.702880859375 0.677001953125 351.27466615558836 307
stats: tr_quiz_questions_SHOW 16 6.8321380615234375 3.904624533029877 1076.52294921875 0.115966796875 262.75998965404074 2440
EndMonitor:{1448,599484,699815}
