# stats: dump at 1448601486
stats: users 10 10
stats: {freemem,"tsung_controller@ip-172-30-3-25"} 1 3170.47265625 0 3170.47265625 3170.47265625 0 0
stats: {load,"tsung_controller@ip-172-30-3-25"} 1 0.12109375 0 0.12109375 0.12109375 0 0
stats: {cpu,"tsung_controller@ip-172-30-3-25"} 1 5.554340994179214 0 5.554340994179214 5.554340994179214 0 0
stats: users_count 10 10
stats: finish_users_count 0 0
stats: request 18 30.43960232204861 30.046338596157 130.638916015625 7.327880859375 0 0
stats: connect 9 17.06122504340278 34.97157939561735 110.40185546875 0.66796875 0 0
stats: page 18 30.43960232204861 30.046338596157 130.638916015625 7.327880859375 0 0
stats: tr_play_game__ready_page 1 8.680908203125 0 8.680908203125 8.680908203125 0 0
stats: 200 18 18
stats: tr_browse_quizzes_page_1 7 40.760009765625 4.468007247965153 49.3779296875 35.401123046875 0 0
stats: size_rcv 97637 97637
stats: tr_play_game__1st_question 1 8.2861328125 0 8.2861328125 8.2861328125 0 0
stats: size_sent 6195 6195
stats: tr_index 9 27.6513671875 40.4692441580381 132.702880859375 7.380126953125 0 0
stats: connected 9 9
# stats: dump at 1448601496
stats: users 19 19
stats: {freemem,"tsung_controller@ip-172-30-3-25"} 1 3169.671875 0.0 3170.47265625 3169.671875 3170.47265625 1
stats: {load,"tsung_controller@ip-172-30-3-25"} 1 0.1015625 0.0 0.12109375 0.1015625 0.12109375 1
stats: {recvpackets,"tsung_controller@ip-172-30-3-25"} 1 218 0 218 218 0 0
stats: {sentpackets,"tsung_controller@ip-172-30-3-25"} 1 259 0 259 259 0 0
stats: {cpu,"tsung_controller@ip-172-30-3-25"} 1 2.546523016650343 0.0 5.554340994179214 2.546523016650343 5.554340994179214 1
stats: users_count 9 19
stats: finish_users_count 0 0
stats: request 44 22.24355801669034 30.09064144470922 180.60107421875 5.880859375 30.43960232204861 18
stats: connect 10 0.764599609375 0.10380466629594266 110.40185546875 0.573974609375 17.06122504340278 9
stats: page 43 22.762082122093023 31.05692515583198 186.534912109375 7.2890625 30.43960232204861 18
stats: tr_play_game__ready_page 8 16.093505859375 14.062402468449081 47.0830078125 7.343017578125 8.680908203125 1
stats: 302 1 1
stats: tr_browse_quizzes_page_1 7 49.830008370535715 17.44906245697923 91.1240234375 35.401123046875 40.760009765625 7
stats: 200 43 61
stats: tr_play_game__1st_question 7 10.209298270089286 4.414186101625918 21.005126953125 7.93603515625 8.2861328125 1
stats: size_rcv 136682 234319
stats: tr_play_game__answer_to_question 5 16.958642578125 17.942734732451118 52.841064453125 7.609130859375 0 0
stats: size_sent 24025 30220
stats: tr_index 6 10.324666341145834 3.079424244756378 132.702880859375 7.380126953125 27.6513671875 9
stats: connected 10 19
# stats: dump at 1448601506
stats: users 25 25
stats: {freemem,"tsung_controller@ip-172-30-3-25"} 1 3167.921875 0.0 3170.47265625 3167.921875 3170.072265625 2
stats: {load,"tsung_controller@ip-172-30-3-25"} 1 0.078125 0.0 0.12109375 0.078125 0.111328125 2
stats: {recvpackets,"tsung_controller@ip-172-30-3-25"} 1 253.0 0.0 253 218 218.0 1
stats: {sentpackets,"tsung_controller@ip-172-30-3-25"} 1 265.0 0.0 265 259 259.0 1
stats: {cpu,"tsung_controller@ip-172-30-3-25"} 1 1.477832512315271 0.0 5.554340994179214 1.477832512315271 4.050432005414779 2
stats: users_count 6 25
stats: finish_users_count 0 0
stats: request 63 20.633312406994055 34.57082118335469 183.7158203125 5.552001953125 24.623054750504032 62
stats: connect 6 0.8663330078125 0.12496699453756717 110.40185546875 0.573974609375 8.484053762335526 19
stats: page 61 21.31101114241804 35.971171466287245 190.07177734375 5.552001953125 25.027579886014344 61
stats: tr_play_game__ready_page 7 11.623395647321429 6.066967396658657 47.0830078125 6.5458984375 15.269883897569445 9
stats: 302 2 3
stats: tr_friend_requests 1 10.2021484375 0 10.2021484375 10.2021484375 0 0
stats: 200 59 120
stats: tr_browse_quizzes_page_1 3 47.690022786458336 7.9273331786996115 91.1240234375 35.401123046875 45.295009068080354 14
stats: size_rcv 128105 362424
stats: tr_play_game__1st_question 7 10.800223214285714 2.0860410747838323 21.005126953125 7.93603515625 9.968902587890625 8
stats: size_sent 42341 72561
stats: tr_play_game__answer_to_question 6 25.6524658203125 37.86720370655724 110.225830078125 7.41796875 16.958642578125 5
stats: connected 6 25
stats: tr_index 2 7.7470703125 0.031005859375 132.702880859375 7.380126953125 20.720686848958334 15
stats: 500 2 2
stats: tr_quizzes_page_INDEX 2 7.5474853515625 0.1224365234375 7.669921875 7.425048828125 0 0
# stats: dump at 1448601516
stats: users 37 37
stats: {freemem,"tsung_controller@ip-172-30-3-25"} 1 3164.7265625 0.0 3170.47265625 3164.7265625 3169.35546875 3
stats: {load,"tsung_controller@ip-172-30-3-25"} 1 0.0703125 0.0 0.12109375 0.0703125 0.10026041666666667 3
stats: {recvpackets,"tsung_controller@ip-172-30-3-25"} 1 309.0 0.0 309 218 235.5 2
stats: {sentpackets,"tsung_controller@ip-172-30-3-25"} 1 400.0 0.0 400 259 262.0 2
stats: {cpu,"tsung_controller@ip-172-30-3-25"} 1 1.966568338249754 0.0 5.554340994179214 1.477832512315271 3.192898841048276 3
stats: session 2 24653.007934570313 5858.2130126953125 30511.220947265625 18794.794921875 0 0
stats: users_count 14 39
stats: finish_users_count 2 2
stats: request 101 22.33740234375 32.93204225051342 237.7431640625 5.31005859375 22.612224609375005 125
stats: connect 13 1.0949331430288463 0.27250175658156284 110.40185546875 0.573974609375 6.65580078125 25
stats: page 90 25.083504231770828 35.540443722766945 245.962158203125 5.552001953125 23.16929551421619 122
stats: tr_play_game__ready_page 4 11.0126953125 4.3988502539147625 47.0830078125 6.5458984375 13.674545288085938 16
stats: 302 2 5
stats: tr_play_game__leaderboard 4 23.45947265625 15.058054081885937 39.52294921875 8.22705078125 0 0
stats: 200 81 201
stats: tr_quiz_new_POST 1 13.785888671875 0 13.785888671875 13.785888671875 0 0
stats: size_rcv 243825 606249
stats: tr_question_new_POST 8 11.28912353515625 5.226464020794879 20.133056640625 5.390869140625 0 0
stats: newphase 1 1
stats: tr_friend_requests 1 9.07080078125 0.0 10.2021484375 9.07080078125 10.2021484375 1
stats: size_sent 70651 143212
stats: tr_browse_quizzes_page_1 7 60.278982979910715 29.832979264084774 118.2490234375 34.115966796875 45.717658547794116 17
stats: connected 11 36
stats: tr_play_game__1st_question 3 10.376708984375 2.4526217080006965 21.005126953125 7.93603515625 10.356852213541666 15
stats: 500 10 12
stats: tr_play_game__answer_to_question 5 12.6490234375 9.983483709153814 110.225830078125 7.2109375 21.700727982954547 11
stats: 404 8 8
stats: tr_index 8 11.333984375 8.361086338666764 132.702880859375 7.2958984375 19.194379021139707 17
stats: tr_quizzes_page_INDEX 1 7.376953125 0.0 7.669921875 7.376953125 7.5474853515625 2
stats: tr_quiz_questions_SHOW 8 14.04693603515625 7.663599761259223 30.169921875 5.49609375 0 0
# stats: dump at 1448601526
stats: users 43 44
stats: {freemem,"tsung_controller@ip-172-30-3-25"} 1 3164.203125 0.0 3170.47265625 3164.203125 3168.1982421875 4
stats: {load,"tsung_controller@ip-172-30-3-25"} 1 0.05859375 0.0 0.12109375 0.05859375 0.0927734375 4
stats: {recvpackets,"tsung_controller@ip-172-30-3-25"} 1 461.0 0.0 461 218 260.0 3
stats: {sentpackets,"tsung_controller@ip-172-30-3-25"} 1 445.0 0.0 445 259 308.0 3
stats: {cpu,"tsung_controller@ip-172-30-3-25"} 1 2.2200772200772203 0.0 5.554340994179214 1.477832512315271 2.8863162153486455 4
stats: session 3 39086.849365234375 5910.901153184316 44361.0380859375 18794.794921875 24653.007934570313 2
stats: users_count 9 48
stats: finish_users_count 3 5
stats: request 97 25.26735663659794 46.411286819001596 299.740966796875 4.794921875 22.489405809250552 226
stats: connect 10 0.8052001953125 0.3103927796195673 110.40185546875 0.573974609375 4.753398694490132 38
stats: page 91 26.936598557692307 49.818897919708995 307.052001953125 5.552001953125 23.981931290536558 212
stats: tr_play_game__ready_page 7 9.996616908482142 5.40678246965097 47.0830078125 6.5458984375 13.14217529296875 20
stats: 302 4 9
stats: tr_play_game__leaderboard 3 13.882731119791666 7.96226119181211 39.52294921875 8.22705078125 23.45947265625 4
stats: 200 93 294
stats: tr_quiz_new_POST 0 0 0 13.785888671875 13.785888671875 13.785888671875 1
stats: size_rcv 239385 845634
stats: tr_question_new_POST 0 0 0 20.133056640625 5.390869140625 11.28912353515625 8
stats: newphase 0 1
stats: tr_friend_requests 3 15.36572265625 7.688944107195338 26.239013671875 9.07080078125 9.636474609375 2
stats: size_sent 65510 208722
stats: tr_friends 2 27.1915283203125 4.7913818359375 31.98291015625 22.400146484375 0 0
stats: connected 8 44
stats: tr_search_all_users 1 46.787841796875 0 46.787841796875 46.787841796875 0 0
stats: 500 0 12
stats: tr_browse_quizzes_page_1 6 56.8106689453125 25.03776997688327 118.2490234375 34.115966796875 49.96471150716146 24
stats: 404 0 8
stats: tr_play_game__1st_question 9 16.41476779513889 11.422135558677809 40.527099609375 7.93603515625 10.360161675347221 18
stats: tr_play_game__answer_to_question 5 9.08740234375 2.1822775652907054 110.225830078125 7.2109375 18.8720703125 16
stats: tr_index 6 15.282145182291666 10.829348312629003 132.702880859375 6.39501953125 16.679052734375 25
stats: tr_quizzes_page_INDEX 0 0 0 7.669921875 7.376953125 7.490641276041667 3
stats: tr_quiz_questions_SHOW 0 0 0 30.169921875 5.49609375 14.04693603515625 8
# stats: dump at 1448601536
stats: users 53 54
stats: {freemem,"tsung_controller@ip-172-30-3-25"} 1 3163.75 0.0 3170.47265625 3163.75 3167.39921875 5
stats: {load,"tsung_controller@ip-172-30-3-25"} 1 0.05078125 0.0 0.12109375 0.05078125 0.0859375 5
stats: {recvpackets,"tsung_controller@ip-172-30-3-25"} 1 433.0 0.0 461 218 310.25 4
stats: {sentpackets,"tsung_controller@ip-172-30-3-25"} 1 465.0 0.0 465 259 342.25 4
stats: {cpu,"tsung_controller@ip-172-30-3-25"} 1 1.6798418972332017 0.0 5.554340994179214 1.477832512315271 2.7530684162943606 5
stats: session 9 38638.019341362844 9197.230242262718 52806.86181640625 18794.794921875 33313.31279296875 5
stats: users_count 19 67
stats: finish_users_count 9 14
stats: request 130 27.052447040264422 42.24651526893558 299.740966796875 4.7919921875 23.323651104150542 323
stats: connect 19 0.7859143708881579 0.5197858885763437 110.40185546875 0.5498046875 3.9308573404947915 48
stats: page 114 30.8622254488761 47.82404826249093 330.10498046875 5.552001953125 24.869306608395213 303
stats: tr_play_game__ready_page 5 20.528271484375 10.650713051400144 47.0830078125 6.5458984375 12.32666015625 27
stats: 302 5 14
stats: tr_play_game__leaderboard 3 18.749755859375 10.220971442506501 39.52294921875 8.22705078125 19.355154854910715 7
stats: 200 105 399
stats: tr_quiz_new_POST 1 21.1650390625 0.0 21.1650390625 13.785888671875 13.785888671875 1
stats: size_rcv 303654 1149288
stats: tr_question_new_POST 8 10.23626708984375 4.78325520452432 20.133056640625 4.885986328125 11.28912353515625 8
stats: newphase 0 1
stats: tr_friend_requests 0 0 0 26.239013671875 9.07080078125 13.0740234375 5
stats: size_sent 90177 298899
stats: tr_friends 2 30.0870361328125 16.4010009765625 46.488037109375 13.68603515625 27.1915283203125 2
stats: connected 9 53
stats: tr_search_all_users 2 72.320068359375 0.368896484375 72.68896484375 46.787841796875 46.787841796875 1
stats: 500 12 24
stats: tr_browse_quizzes_page_1 3 61.000406901041664 24.189508317222117 118.2490234375 34.115966796875 51.333902994791664 30
stats: 404 8 16
stats: tr_play_game__1st_question 5 11.974462890625 5.475027750545877 40.527099609375 7.93603515625 12.378363715277779 27
stats: tr_play_game__answer_to_question 7 28.889439174107142 19.216037393297967 110.225830078125 7.2109375 16.54238746279762 21
stats: tr_index 6 6.999796549479167 0.6684950663004027 132.702880859375 6.14794921875 16.408683530745964 31
stats: tr_quizzes_page_INDEX 3 22.58203125 7.430662797785786 31.947021484375 7.376953125 7.490641276041667 3
stats: tr_quiz_questions_SHOW 8 16.637359619140625 7.7939677608569635 34.60693359375 5.27197265625 14.04693603515625 8
# stats: dump at 1448601546
stats: users 65 65
stats: {freemem,"tsung_controller@ip-172-30-3-25"} 1 3163.13671875 0.0 3170.47265625 3163.13671875 3166.791015625 6
stats: {load,"tsung_controller@ip-172-30-3-25"} 1 0.0390625 0.0 0.12109375 0.0390625 0.080078125 6
stats: {recvpackets,"tsung_controller@ip-172-30-3-25"} 1 673.0 0.0 673 218 334.8 5
stats: {sentpackets,"tsung_controller@ip-172-30-3-25"} 1 687.0 0.0 687 259 366.8 5
stats: {cpu,"tsung_controller@ip-172-30-3-25"} 1 2.747791952894995 0.0 5.554340994179214 1.477832512315271 2.5741973297841674 6
stats: session 6 46905.78568522135 6858.173887839396 52806.86181640625 18794.794921875 36736.338431222095 14
stats: users_count 18 85
stats: finish_users_count 6 20
stats: request 190 39.37707262541117 65.76904185709161 449.60205078125 4.7919921875 24.393724993101547 453
stats: connect 16 1.524261474609375 2.0305958132287842 110.40185546875 0.5400390625 3.0390078416511193 67
stats: page 162 46.20124572000386 76.60961961633365 504.839111328125 5.552001953125 26.507658521620204 417
stats: tr_play_game__ready_page 6 28.0335693359375 25.198963692349555 81.194091796875 6.5458984375 13.608161926269531 32
stats: 302 8 22
stats: tr_play_game__leaderboard 6 34.5751953125 45.52910378184037 133.93798828125 8.22705078125 19.17353515625 10
stats: 200 142 541
stats: tr_quiz_new_POST 2 96.425048828125 19.488037109375 115.9130859375 13.785888671875 17.4754638671875 2
stats: size_rcv 434769 1584057
stats: tr_question_new_POST 16 26.784103393554688 14.724611820403092 55.955078125 4.885986328125 10.7626953125 16
stats: newphase 1 2
stats: tr_friend_requests 3 32.572591145833336 5.689178227348199 39.197021484375 9.07080078125 13.0740234375 5
stats: size_sent 139924 438823
stats: tr_friends 2 22.1429443359375 0.5159912109375 46.488037109375 13.68603515625 28.6392822265625 4
stats: connected 11 64
stats: tr_search_all_users 1 45.52783203125 0.0 72.68896484375 45.52783203125 63.809326171875 3
stats: 500 24 48
stats: tr_browse_quizzes_page_1 7 74.9033203125 35.63573178028954 129.257080078125 34.115966796875 52.21267607717803 33
stats: 404 16 32
stats: tr_play_game__1st_question 5 13.633203125 7.151868724371869 40.527099609375 7.93603515625 12.315254211425781 32
stats: tr_play_game__answer_to_question 6 13.488850911458334 8.181913787206822 110.225830078125 6.531982421875 19.629150390625 28
stats: tr_index 4 15.33807373046875 9.441284956012863 132.702880859375 6.14794921875 14.882918074324321 37
stats: tr_quizzes_page_INDEX 6 30.806193033854168 24.43845027546586 79.906005859375 7.376953125 15.036336263020834 6
stats: tr_quiz_questions_SHOW 16 22.8076171875 15.465121760065157 51.2890625 5.27197265625 15.342147827148438 16
# stats: dump at 1448601556
stats: users 75 77
stats: {freemem,"tsung_controller@ip-172-30-3-25"} 1 3162.80078125 0.0 3170.47265625 3162.80078125 3166.268973214286 7
stats: {load,"tsung_controller@ip-172-30-3-25"} 1 0.109375 0.0 0.12109375 0.0390625 0.07421875 7
stats: {recvpackets,"tsung_controller@ip-172-30-3-25"} 1 921.0 0.0 921 218 391.1666666666667 6
stats: {sentpackets,"tsung_controller@ip-172-30-3-25"} 1 843.0 0.0 843 259 420.1666666666667 6
stats: {cpu,"tsung_controller@ip-172-30-3-25"} 1 2.3622047244094486 0.0 5.554340994179214 1.477832512315271 2.5989965616571427 7
stats: session 13 38313.78109975961 20504.533760231494 71419.05615234375 8749.718994140625 39787.172607421875 20
stats: users_count 23 108
stats: finish_users_count 13 33
stats: request 269 53.881990227114315 110.91539947524828 875.85595703125 4.617919921875 28.82115275381512 643
stats: connect 24 2.101165771484375 2.399323749938567 110.40185546875 0.5400390625 2.7470085419804215 83
stats: page 221 65.61178878853222 133.1541007560865 937.046875 5.30322265625 32.01778136469128 579
stats: tr_play_game__ready_page 11 18.42626953125 9.275190727714415 81.194091796875 6.425048828125 15.88585783305921 38
stats: 302 10 32
stats: tr_play_game__leaderboard 6 38.297037760416664 33.394845650156086 133.93798828125 8.22705078125 24.94915771484375 16
stats: 200 185 726
stats: tr_quiz_new_POST 4 17.25274658203125 3.9572238832866375 115.9130859375 13.22900390625 56.95025634765625 4
stats: size_rcv 680037 2264094
stats: tr_question_new_POST 32 24.222946166992188 24.040433939265853 110.233154296875 4.701904296875 18.773399353027344 32
stats: newphase 0 2
stats: tr_friend_requests 3 30.034749348958332 16.905609478728522 51.2861328125 9.07080078125 20.385986328125 8
stats: size_sent 200054 638877
stats: tr_friends 2 18.8284912109375 4.1356201171875 46.488037109375 13.68603515625 26.473836263020832 6
stats: connected 11 75
stats: tr_search_all_users 2 95.991455078125 27.96240234375 123.953857421875 45.52783203125 59.23895263671875 4
stats: 500 42 90
stats: tr_browse_quizzes_page_1 14 135.6334228515625 146.0393354698371 541.637939453125 31.68994140625 56.183538818359374 40
stats: 404 32 64
stats: tr_play_game__1st_question 8 22.866943359375 30.340598334344826 100.607177734375 6.816162109375 12.493355415962839 37
stats: tr_play_game__answer_to_question 6 55.364705403645836 62.4069387075111 190.743896484375 5.35205078125 18.545568129595587 34
stats: tr_index 16 13.457061767578125 6.732471157606846 132.702880859375 6.14794921875 14.92732350419207 41
stats: tr_quizzes_page_INDEX 6 15.548990885416666 7.270959715031739 79.906005859375 5.716796875 22.9212646484375 12
stats: tr_quiz_questions_SHOW 32 26.972877502441406 34.14143094869152 187.320068359375 5.19091796875 19.07488250732422 32
# stats: dump at 1448601566
stats: users 84 87
stats: {freemem,"tsung_controller@ip-172-30-3-25"} 1 3161.12109375 0.0 3170.47265625 3161.12109375 3165.83544921875 8
stats: {load,"tsung_controller@ip-172-30-3-25"} 1 0.08984375 0.0 0.12109375 0.0390625 0.07861328125 8
stats: {recvpackets,"tsung_controller@ip-172-30-3-25"} 1 1149.0 0.0 1149 218 466.85714285714283 7
stats: {sentpackets,"tsung_controller@ip-172-30-3-25"} 1 1059.0 0.0 1059 259 480.57142857142856 7
stats: {cpu,"tsung_controller@ip-172-30-3-25"} 1 3.3398821218074657 0.0 5.554340994179214 1.477832512315271 2.569397582001181 8
stats: session 13 41794.97348257212 14770.55115406366 71419.05615234375 8749.718994140625 39206.745649857956 33
stats: users_count 22 130
stats: finish_users_count 13 46
stats: request 289 63.12066882704369 100.63791887561142 895.98583984375 4.4541015625 36.213000648900085 912
stats: connect 23 2.163627292798913 2.5860635136790315 110.40185546875 0.5400390625 2.6021466121495327 107
stats: page 248 73.57713268649191 114.27597178620827 937.046875 5.30322265625 41.29812591552734 800
stats: tr_play_game__ready_page 14 48.1685791015625 56.417684435181094 200.6318359375 6.425048828125 16.456154336734695 49
stats: 302 10 42
stats: tr_play_game__leaderboard 8 26.565155029296875 33.476036688245635 133.93798828125 6.215087890625 28.589488636363637 22
stats: 200 222 948
stats: tr_quiz_new_POST 3 72.866455078125 71.11357244906742 172.775146484375 12.942138671875 37.10150146484375 8
stats: size_rcv 706931 2971025
stats: tr_question_new_POST 24 35.65242513020833 34.41081924553745 140.927978515625 4.5390625 21.498172760009766 64
stats: newphase 0 2
stats: tr_friend_requests 5 52.204248046875 44.96189399360694 108.522216796875 8.406982421875 23.017467151988637 11
stats: size_sent 214484 853361
stats: tr_friends 4 115.0762939453125 105.25629259512903 275.919189453125 13.68603515625 24.5625 8
stats: connected 9 84
stats: tr_search_all_users 3 163.79874674479166 66.68653074295246 231.575927734375 45.52783203125 71.48978678385417 6
stats: 500 33 123
stats: tr_browse_quizzes_page_1 12 185.00836181640625 135.84584120290197 541.637939453125 31.549072265625 76.78165690104167 54
stats: 404 24 88
stats: tr_play_game__1st_question 11 22.209095348011363 21.232215905387644 100.607177734375 6.816162109375 14.337548828125 45
stats: tr_play_game__answer_to_question 13 45.62623948317308 50.526324967987776 190.743896484375 5.35205078125 24.068438720703124 40
stats: tr_index 11 34.18767755681818 43.62665307455815 167.17822265625 6.14794921875 14.514618455317981 57
stats: tr_quizzes_page_INDEX 6 38.880574544270836 29.6589111445981 97.064208984375 5.716796875 20.46384006076389 18
stats: tr_quiz_questions_SHOW 24 32.388702392578125 37.264905554967065 187.320068359375 5.19091796875 23.023880004882813 64
# stats: dump at 1448601576
stats: users 97 98
stats: {freemem,"tsung_controller@ip-172-30-3-25"} 1 3158.9609375 0.0 3170.47265625 3158.9609375 3165.3116319444443 9
stats: {load,"tsung_controller@ip-172-30-3-25"} 1 0.078125 0.0 0.12109375 0.0390625 0.0798611111111111 9
stats: {recvpackets,"tsung_controller@ip-172-30-3-25"} 1 1332.0 0.0 1332 218 552.125 8
stats: {sentpackets,"tsung_controller@ip-172-30-3-25"} 1 1186.0 0.0 1186 259 552.875 8
stats: {cpu,"tsung_controller@ip-172-30-3-25"} 1 3.988326848249027 0.0 5.554340994179214 1.477832512315271 2.6550069753129906 9
stats: session 18 33279.12561035156 13921.159119903032 71419.05615234375 8749.718994140625 39938.20134171196 46
stats: users_count 31 161
stats: finish_users_count 18 64
stats: request 334 109.70512636835701 153.40913275933937 1168.010986328125 4.4541015625 42.68786834538926 1201
stats: connect 31 2.521846648185484 2.6445657820791317 110.40185546875 0.5400390625 2.5245624248798078 130
stats: page 270 135.74512351707176 181.14895684516884 1276.2431640625 5.30322265625 48.93666950254949 1048
stats: tr_play_game__ready_page 5 49.210791015625 38.95052729079547 200.6318359375 6.425048828125 23.503359840029763 63
stats: 302 11 53
stats: tr_play_game__leaderboard 6 68.89253743489583 64.5203023881517 182.632080078125 6.215087890625 28.049666341145834 30
stats: 200 227 1175
stats: tr_quiz_new_POST 7 165.25571986607142 91.37068826007292 291.23486328125 12.942138671875 46.85557972301137 11
stats: size_rcv 856026 3827051
stats: tr_question_new_POST 43 57.620656567950604 56.45849527609242 200.51708984375 4.5390625 25.35842340642756 88
stats: newphase 1 3
stats: tr_friend_requests 3 52.944010416666664 22.967845380215813 108.522216796875 8.406982421875 32.138336181640625 16
stats: size_sent 254080 1107441
stats: tr_friends 3 62.264892578125 52.53863397737855 275.919189453125 13.68603515625 54.7337646484375 12
stats: connected 13 97
stats: tr_search_all_users 5 172.478662109375 146.1886332012223 438.39111328125 42.09912109375 102.25944010416667 9
stats: 500 53 176
stats: tr_browse_quizzes_page_1 12 245.0316162109375 148.11767751262 541.637939453125 31.549072265625 96.45923961292614 66
stats: 404 43 131
stats: tr_play_game__1st_question 12 74.14420572916667 67.75102664640131 235.923095703125 6.816162109375 15.883745465959821 56
stats: tr_play_game__answer_to_question 9 56.159586588541664 45.48103698289871 190.743896484375 5.35205078125 29.356201171875 53
stats: tr_index 12 80.888671875 44.837889195852455 167.17822265625 6.14794921875 17.697025074678308 68
stats: tr_quizzes_page_INDEX 3 106.08837890625 43.29232725151005 139.800048828125 5.716796875 25.068023681640625 24
stats: tr_quiz_questions_SHOW 43 54.897284929142444 43.06344196225684 187.320068359375 5.19091796875 25.57792247425426 88
# stats: dump at 1448601586
stats: users 122 123
stats: {freemem,"tsung_controller@ip-172-30-3-25"} 1 3158.6171875 0.0 3170.47265625 3158.6171875 3164.6765625 10
stats: {load,"tsung_controller@ip-172-30-3-25"} 1 0.0703125 0.0 0.12109375 0.0390625 0.0796875 10
stats: {recvpackets,"tsung_controller@ip-172-30-3-25"} 1 1811.0 0.0 1811 218 638.7777777777778 9
stats: {sentpackets,"tsung_controller@ip-172-30-3-25"} 1 1442.0 0.0 1442 259 623.2222222222222 9
stats: {cpu,"tsung_controller@ip-172-30-3-25"} 1 4.117647058823529 0.0 5.554340994179214 1.477832512315271 2.788338962606594 10
stats: session 14 45965.12116350447 14125.171298092955 71419.05615234375 8749.718994140625 38065.336292266846 64
stats: users_count 39 200
stats: finish_users_count 14 78
stats: request 351 92.42038302951387 134.709632330181 1168.010986328125 4.4541015625 57.270125139963355 1535
stats: connect 38 2.7656442742598686 3.1620402150789575 110.40185546875 0.5400390625 2.5240395113548137 161
stats: page 290 111.88458883351295 154.21770614022853 1276.2431640625 5.30322265625 66.7198884584835 1318
stats: tr_play_game__ready_page 15 48.814794921875 25.929791082834463 200.6318359375 6.425048828125 25.393612132352942 68
stats: 302 15 68
stats: tr_play_game__leaderboard 5 32.259619140625 13.94901918754021 182.632080078125 6.215087890625 34.8568115234375 36
stats: 200 259 1434
stats: tr_quiz_new_POST 3 99.0771484375 65.31648360611052 291.23486328125 12.942138671875 92.90007866753473 18
stats: size_rcv 938894 4765945
stats: tr_question_new_POST 33 32.27961499763258 21.80313882084398 200.51708984375 4.5390625 35.948316734255734 131
stats: newphase 0 3
stats: tr_friend_requests 8 47.173980712890625 50.47088064457787 158.941162109375 8.406982421875 35.42344263980263 19
stats: size_sent 253056 1360497
stats: tr_friends 10 141.40849609375 108.11567368118033 358.703125 13.68603515625 56.239990234375 15
stats: connected 24 121
stats: tr_search_all_users 6 304.4150390625 146.07516134765294 593.31494140625 42.09912109375 127.33773367745536 14
stats: 500 44 220
stats: tr_browse_quizzes_page_1 15 171.00553385416666 125.22234299456434 541.637939453125 31.549072265625 119.3165283203125 78
stats: 404 33 164
stats: tr_play_game__1st_question 11 49.07359730113637 39.499895210555614 235.923095703125 6.816162109375 26.165003159466913 68
stats: tr_play_game__answer_to_question 7 67.60260881696429 64.78992129485617 209.342041015625 5.35205078125 33.247015183971776 62
stats: tr_index 20 55.7017333984375 47.09021715773852 175.9169921875 6.14794921875 27.17577209472656 80
stats: tr_quizzes_page_INDEX 8 68.95144653320313 57.40096338570857 187.265869140625 5.716796875 34.070285373263886 27
stats: tr_quiz_questions_SHOW 33 38.207882043087125 33.266443034041174 187.320068359375 5.19091796875 35.20183534112596 131
# stats: dump at 1448601596
stats: users 139 142
stats: {freemem,"tsung_controller@ip-172-30-3-25"} 1 3155.96484375 0.0 3170.47265625 3155.96484375 3164.1257102272725 11
stats: {load,"tsung_controller@ip-172-30-3-25"} 1 0.05859375 0.0 0.12109375 0.0390625 0.07883522727272728 11
stats: {recvpackets,"tsung_controller@ip-172-30-3-25"} 1 1907.0 0.0 1907 218 756.0 10
stats: {sentpackets,"tsung_controller@ip-172-30-3-25"} 1 1604.0 0.0 1604 259 705.1 10
stats: {cpu,"tsung_controller@ip-172-30-3-25"} 1 4.317958783120707 0.0 5.554340994179214 1.477832512315271 2.90918515317177 11
stats: session 22 47597.10830965909 15731.477903892677 92131.66796875 8749.718994140625 39483.246397360774 78
stats: users_count 39 239
stats: finish_users_count 22 100
stats: request 414 217.56160245886164 241.40037623877495 1420.10205078125 4.4541015625 63.81187515016072 1886
stats: connect 40 2.96058349609375 3.3745331763456177 110.40185546875 0.526123046875 2.5701750942211055 199
stats: page 356 252.27643439475057 298.8965747776997 1815.56103515625 5.30322265625 74.8652635261194 1608
stats: tr_play_game__ready_page 21 198.26220703125 169.91761289706508 643.488037109375 6.425048828125 29.62635600997741 83
stats: 302 16 84
stats: tr_play_game__leaderboard 14 135.5501185825893 116.35555869878209 341.656982421875 6.215087890625 34.540080745045735 41
stats: 200 313 1747
stats: tr_quiz_new_POST 4 217.11328125 118.41104423301489 397.20703125 12.942138671875 93.78251720610119 21
stats: size_rcv 1037931 5803876
stats: tr_question_new_POST 36 138.09673394097223 123.71103173464508 427.488037109375 4.5390625 35.21010236042302 164
stats: newphase 0 3
stats: tr_friend_requests 10 162.2007080078125 113.02322542955244 342.791015625 8.406982421875 38.90508355034722 27
stats: size_sent 300884 1661381
stats: tr_friends 2 218.655029296875 48.169921875 358.703125 13.68603515625 90.307392578125 25
stats: connected 21 142
stats: tr_search_all_users 4 437.57965087890625 186.02007724150295 668.661865234375 42.09912109375 180.46092529296874 20
stats: 500 49 269
stats: tr_browse_quizzes_page_1 21 341.1049339657738 196.10669906509509 792.02294921875 31.549072265625 127.65346469674058 93
stats: 404 36 200
stats: tr_play_game__1st_question 21 137.1242908296131 122.75356898776327 442.764892578125 6.816162109375 29.35480740704114 79
stats: tr_play_game__answer_to_question 18 190.54648166232639 144.39218065726544 526.64111328125 5.35205078125 36.73236526268116 69
stats: tr_index 23 151.6256581182065 116.80084305112536 392.06494140625 6.14794921875 32.88096435546875 100
stats: tr_quizzes_page_INDEX 9 218.35951063368054 188.37009699714645 574.677001953125 5.716796875 42.043122209821426 35
stats: tr_quiz_questions_SHOW 36 144.28116861979166 138.60979877310342 539.453125 5.19091796875 35.80671059213034 164
# stats: dump at 1448601606
stats: users 193 193
stats: {freemem,"tsung_controller@ip-172-30-3-25"} 1 3154.14453125 0.0 3170.47265625 3154.14453125 3163.4456380208335 12
stats: {load,"tsung_controller@ip-172-30-3-25"} 1 0.05078125 0.0 0.12109375 0.0390625 0.07714843750000001 12
stats: {recvpackets,"tsung_controller@ip-172-30-3-25"} 1 2210.0 0.0 2210 218 860.6363636363636 11
stats: {sentpackets,"tsung_controller@ip-172-30-3-25"} 1 1912.0 0.0 1912 259 786.8181818181819 11
stats: {cpu,"tsung_controller@ip-172-30-3-25"} 1 4.6875 0.0 5.554340994179214 1.477832512315271 3.026582955667515 12
stats: session 13 40881.939378004805 13536.441181252094 92131.66796875 8749.718994140625 41268.2960180664 100
stats: users_count 67 306
stats: finish_users_count 13 113
stats: request 406 394.81847242533854 371.55894498479734 2141.6220703125 4.4541015625 91.48682606572689 2300
stats: connect 66 3.51345732717803 3.540193522468662 110.40185546875 0.52001953125 2.635515412526151 239
stats: page 351 440.846644909633 437.1479293130588 2592.56005859375 5.30322265625 107.02329653489369 1964
stats: tr_play_game__ready_page 22 301.63725142045456 292.6727688095226 1081.76904296875 6.425048828125 63.677825927734375 104
stats: 302 15 99
stats: tr_play_game__leaderboard 6 290.7567952473958 231.0347743940665 747.06591796875 6.215087890625 60.251726740056824 55
stats: 200 332 2079
stats: tr_quiz_new_POST 6 268.1277262369792 349.2002158871116 1031.614990234375 12.942138671875 113.515439453125 25
stats: size_rcv 1106717 6910593
stats: tr_question_new_POST 26 176.65450345552884 232.75860103878708 955.23193359375 4.5390625 53.72969604492187 200
stats: newphase 1 4
stats: tr_friend_requests 6 472.81103515625 419.85568876501964 1068.7939453125 8.406982421875 72.22822529560811 37
stats: size_sent 302419 1963800
stats: tr_friends 8 574.0862121582031 374.47747269943414 984.994140625 13.68603515625 99.81462492766204 27
stats: connected 49 191
stats: tr_search_all_users 5 581.079052734375 309.7356361215463 1020.62109375 42.09912109375 223.31404622395834 24
stats: 500 34 303
stats: tr_browse_quizzes_page_1 28 599.8040248325894 344.22239027119986 1264.85400390625 31.549072265625 166.97347219366776 114
stats: 404 26 226
stats: tr_play_game__1st_question 23 327.160400390625 300.71003343106935 992.27197265625 6.816162109375 51.98639892578125 100
stats: tr_play_game__answer_to_question 24 349.2325948079427 314.83226346547866 1039.735107421875 5.35205078125 68.55597555226294 87
stats: tr_index 30 386.69313151041666 328.05322928293214 976.43212890625 6.14794921875 55.085256685086385 123
stats: tr_quizzes_page_INDEX 4 205.87078857421875 48.19938190072269 574.677001953125 5.716796875 78.10783802379261 44
stats: tr_quiz_questions_SHOW 25 208.909287109375 242.64176759764229 942.380859375 5.19091796875 55.33211303710937 200
# stats: dump at 1448601616
stats: users 254 254
stats: {freemem,"tsung_controller@ip-172-30-3-25"} 1 3150.625 0.0 3170.47265625 3150.625 3162.730168269231 13
stats: {load,"tsung_controller@ip-172-30-3-25"} 1 0.0390625 0.0 0.12109375 0.0390625 0.07512019230769232 13
stats: {recvpackets,"tsung_controller@ip-172-30-3-25"} 1 2354.0 0.0 2354 218 973.0833333333334 12
stats: {sentpackets,"tsung_controller@ip-172-30-3-25"} 1 2055.0 0.0 2055 259 880.5833333333334 12
stats: {cpu,"tsung_controller@ip-172-30-3-25"} 1 5.801376597836775 0.0 5.801376597836775 1.477832512315271 3.1543458052315523 13
stats: session 13 45725.21131310096 13760.965714247859 92131.66796875 8749.718994140625 41223.847909032775 113
stats: users_count 74 380
stats: finish_users_count 13 126
stats: request 410 1426.0995224371195 666.4302367498294 2925.550048828125 0.069091796875 136.99778261487776 2706
stats: connect 76 2.4206093236019743 2.9165588737049584 110.40185546875 0.471923828125 2.825496285860656 305
stats: page 364 1561.7300837590158 834.4785314091712 5093.340087890625 0.60400390625 157.63754935542653 2315
stats: tr_play_game__ready_page 31 1376.7937484248991 737.5446793324307 2805.262939453125 0.9111328125 105.22629704551092 126
stats: 302 14 113
stats: tr_play_game__leaderboard 4 1602.1255493164063 246.1480977926245 1856.694091796875 6.215087890625 82.92435642930327 61
stats: 200 329 2408
stats: tr_quiz_new_POST 6 1517.4474690755208 312.56058735309045 2180.47900390625 12.942138671875 143.44039818548387 31
stats: size_rcv 1152736 8063329
stats: tr_question_new_POST 16 1145.6256561279297 785.352418943775 2654.350830078125 0.698974609375 67.87148804791205 226
stats: newphase 0 4
stats: tr_friend_requests 8 1365.8349914550781 488.21245171030347 2418.68994140625 8.406982421875 128.1235010901163 43
stats: size_sent 302072 2265872
stats: tr_friends 9 1098.849365234375 675.6980553351156 2057.257080078125 0.699951171875 208.21955915178572 35
stats: connected 60 251
stats: tr_search_all_users 7 1811.171909877232 493.8868008570248 2869.345947265625 42.09912109375 284.9976680360991 29
stats: 503 33 33
stats: tr_browse_quizzes_page_1 38 1623.8185842413652 603.22966861721 2818.822998046875 0.68701171875 252.320341728103 142
stats: 500 17 320
stats: tr_play_game__1st_question 21 1489.9106096540174 622.390146789895 2582.2939453125 6.816162109375 103.44170001270325 123
stats: 404 12 238
stats: tr_play_game__answer_to_question 16 1562.5465850830078 489.0023302095223 2641.703125 5.35205078125 129.2428121480856 111
stats: tr_index 36 1215.5042656792536 479.02652185566023 2025.77685546875 1.7529296875 120.10640861162173 153
stats: tr_quizzes_page_INDEX 2 828.8590087890625 827.9320068359375 1656.791015625 0.927001953125 88.75475056966145 48
stats: tr_quiz_questions_SHOW 15 1108.3002278645833 921.520693653021 2800.7880859375 0.121826171875 72.39624348958333 225
# stats: dump at 1448601626
stats: users 312 312
stats: {freemem,"tsung_controller@ip-172-30-3-25"} 1 3145.77734375 0.0 3170.47265625 3145.77734375 3161.8655133928573 14
stats: {load,"tsung_controller@ip-172-30-3-25"} 1 0.03125 0.0 0.12109375 0.03125 0.07254464285714286 14
stats: {recvpackets,"tsung_controller@ip-172-30-3-25"} 1 2346.0 0.0 2354 218 1079.3076923076924 13
stats: {sentpackets,"tsung_controller@ip-172-30-3-25"} 1 2117.0 0.0 2117 259 970.9230769230769 13
stats: {cpu,"tsung_controller@ip-172-30-3-25"} 1 5.974534769833497 0.0 5.974534769833497 1.477832512315271 3.343419433274782 14
stats: session 16 42579.711349487305 11889.24347415106 92131.66796875 8749.718994140625 41688.27429199219 126
stats: users_count 74 454
stats: finish_users_count 16 142
stats: request 568 1858.7669501506107 1490.2145611992203 4432.22900390625 0.054931640625 306.6164325914885 3116
stats: connect 89 2.932880530196629 3.1227667941070014 110.40185546875 0.471923828125 2.744731432496719 381
stats: page 490 2116.550938197545 1804.7297598529865 7199.719970703125 0.580078125 348.41383995748197 2679
stats: tr_play_game__ready_page 27 2158.7018681278937 1291.4694247472924 3349.427978515625 0.700927734375 356.3001250248806 157
stats: 302 24 137
stats: tr_play_game__leaderboard 8 2157.8172912597656 1264.806013479297 3416.626953125 1.075927734375 176.41366060697115 65
stats: 200 292 2700
stats: tr_quiz_new_POST 4 2376.5020141601563 1376.9808542313058 3341.5419921875 2.175048828125 366.2523556271115 37
stats: size_rcv 986634 9049963
stats: tr_question_new_POST 29 798.394253434806 1289.6193432197667 3264.0458984375 0.6640625 139.12796197055786 242
stats: newphase 0 4
stats: tr_friend_requests 14 1288.9141496930804 1486.0764808686104 3205.00390625 0.81298828125 322.27432310814953 51
stats: 422 3 3
stats: tr_friends 5 1220.757080078125 1489.9256245616093 3136.68896484375 0.699951171875 390.393837668679 44
stats: size_sent 368866 2634738
stats: tr_search_all_users 10 2240.8244140625 1466.3862362630873 3359.234130859375 2.18017578125 581.7537706163195 36
stats: connected 59 310
stats: tr_browse_quizzes_page_1 28 2050.97403390067 1533.1415499493069 3551.097900390625 0.68701171875 541.8588595920139 180
stats: 503 203 236
stats: tr_play_game__1st_question 25 2008.0122753906253 1385.7254630829748 3387.783935546875 0.72705078125 305.6350826687283 144
stats: 500 23 343
stats: tr_play_game__answer_to_question 21 2535.0488397507443 1056.9054878968775 3549.666015625 0.7900390625 309.81651582492617 127
stats: 404 8 246
stats: tr_index 35 1928.885205078125 1400.2162435354192 3335.1669921875 1.248046875 328.75361948164687 189
stats: tr_quizzes_page_INDEX 9 1680.5020345052083 1502.3288721064405 3342.61083984375 0.927001953125 118.3589208984375 50
stats: tr_quiz_questions_SHOW 28 837.8222307477679 1326.6542811909728 3262.8759765625 0.1201171875 137.14024251302084 240
# stats: dump at 1448601636
stats: users 429 429
stats: {freemem,"tsung_controller@ip-172-30-3-25"} 1 3140.53515625 0.0 3170.47265625 3140.53515625 3160.79296875 15
stats: {load,"tsung_controller@ip-172-30-3-25"} 1 0.03125 0.0 0.12109375 0.03125 0.06979166666666667 15
stats: {recvpackets,"tsung_controller@ip-172-30-3-25"} 1 2471.0 0.0 2471 218 1169.7857142857142 14
stats: {sentpackets,"tsung_controller@ip-172-30-3-25"} 1 2274.0 0.0 2274 259 1052.7857142857142 14
stats: {cpu,"tsung_controller@ip-172-30-3-25"} 1 7.490272373540856 0.0 7.490272373540856 1.477832512315271 3.5188271223786964 15
stats: session 26 58644.57280085637 17779.21118076804 92131.66796875 8749.718994140625 41788.71790410431 142
stats: users_count 143 597
stats: finish_users_count 26 168
stats: request 848 1290.7270217031796 1354.358096111181 4432.22900390625 0.054931640625 545.9273701521784 3684
stats: connect 167 2.823163243824849 2.933102889066148 110.40185546875 0.471923828125 2.7803596658909573 470
stats: page 751 1495.8223803808448 1669.6063736150027 7199.719970703125 0.580078125 621.8083423675895 3169
stats: tr_play_game__ready_page 46 1339.6765508237095 1297.2660751078738 3349.427978515625 0.700927734375 620.7829895019531 184
stats: 302 37 174
stats: tr_play_game__leaderboard 18 1445.5766059027778 1297.2962138474877 3416.626953125 0.81103515625 393.55378451412673 73
stats: 200 311 3011
stats: tr_quiz_new_POST 9 1719.4523111979167 1244.6374136687568 3341.5419921875 1.153076171875 562.3742735327744 41
stats: size_rcv 1191198 10241161
stats: tr_question_new_POST 44 843.3503029563212 1242.2782350119746 3264.0458984375 0.6640625 209.67675330806043 271
stats: newphase 1 5
stats: tr_friend_requests 20 1292.674658203125 1301.007817787341 3205.00390625 0.81298828125 530.4736703725962 65
stats: 422 5 8
stats: tr_friends 12 1183.2148234049478 1395.7830951390886 3136.68896484375 0.699951171875 475.1247807716837 49
stats: size_sent 506487 3141225
stats: tr_search_all_users 7 1615.9566127232142 1433.1964389910775 3359.234130859375 0.865966796875 942.4213018002717 46
stats: connected 115 425
stats: tr_browse_quizzes_page_1 57 1251.6689967105258 1427.215953790593 3551.097900390625 0.68701171875 745.0089792104868 208
stats: error_connection_closed 3 3
stats: tr_play_game__1st_question 48 1554.7095286051433 1272.3732110283988 3387.783935546875 0.72705078125 557.4660283376479 169
stats: 503 412 648
stats: tr_play_game__answer_to_question 33 1764.3997987689395 1265.3699516486085 3549.666015625 0.739990234375 625.5589401657517 148
stats: 500 43 386
stats: tr_index 69 1137.9001783288043 1301.771633133939 3335.1669921875 1.198974609375 578.7741797310965 224
stats: 404 12 258
stats: tr_quizzes_page_INDEX 20 1365.8167114257813 1374.2629393329928 3342.61083984375 0.766845703125 356.6519382282839 59
stats: tr_quiz_questions_SHOW 44 774.6625588156962 1200.9471456329418 3262.8759765625 0.1201171875 210.34582337336755 268
# stats: dump at 1448601646
stats: users 552 553
stats: {freemem,"tsung_controller@ip-172-30-3-25"} 1 3133.95703125 0.0 3170.47265625 3133.95703125 3159.52685546875 16
stats: {load,"tsung_controller@ip-172-30-3-25"} 1 0.01953125 0.0 0.12109375 0.01953125 0.0673828125 16
stats: {recvpackets,"tsung_controller@ip-172-30-3-25"} 1 3373.0 0.0 3373 218 1256.5333333333333 15
stats: {sentpackets,"tsung_controller@ip-172-30-3-25"} 1 3351.0 0.0 3351 259 1134.2 15
stats: {cpu,"tsung_controller@ip-172-30-3-25"} 1 9.663120567375886 0.0 9.663120567375886 1.477832512315271 3.7670424505763314 16
stats: session 44 47667.10566295277 17460.121821085657 113380.54907226563 8749.718994140625 44397.36211431594 168
stats: users_count 167 764
stats: finish_users_count 44 212
stats: request 1411 756.9799062403099 1110.7291673510329 4432.22900390625 0.054931640625 685.2897056586322 4532
stats: connect 224 2.6933321271623867 2.9175812233668705 110.40185546875 0.471923828125 2.791581326040031 637
stats: page 1211 869.7701999654853 1308.3854634806146 7199.719970703125 0.580078125 789.2533787318636 3920
stats: tr_play_game__ready_page 90 782.3080946180555 1090.2618710037555 3349.427978515625 0.673095703125 764.5617017663044 230
stats: 302 34 208
stats: tr_play_game__leaderboard 20 622.00458984375 1034.8813653056668 3416.626953125 0.77197265625 601.6462107228709 91
stats: 200 323 3334
stats: tr_quiz_new_POST 15 644.0342610677084 1059.877636668968 3341.5419921875 0.905029296875 770.6483203125 50
stats: size_rcv 1544702 11785863
stats: tr_question_new_POST 110 503.2299272017047 947.9213038136284 3264.0458984375 0.6640625 298.1898840525794 315
stats: newphase 0 5
stats: tr_friend_requests 24 963.9952290852865 1131.4174861263602 3205.00390625 0.81298828125 709.815079273897 85
stats: 422 21 29
stats: tr_friends 22 670.9389759410514 1083.5195847574005 3136.68896484375 0.699951171875 614.4211826011783 61
stats: size_sent 847606 3988831
stats: tr_search_all_users 13 571.0513258713943 1033.8818832242105 3359.234130859375 0.760009765625 1031.3787956957547 53
stats: connected 119 544
stats: tr_browse_quizzes_page_1 105 833.7564313616072 1192.7744320669226 3551.097900390625 0.68701171875 853.9886810878537 265
stats: error_connection_closed 5 8
stats: tr_play_game__1st_question 76 553.6310232062091 983.2510664206688 3387.783935546875 0.702880859375 778.054452359951 217
stats: 503 904 1552
stats: tr_play_game__answer_to_question 54 743.4325945818865 1087.3437135408926 3549.666015625 0.739990234375 833.1929088613605 181
stats: 500 48 434
stats: tr_index 101 1047.8327274133667 1177.979204524549 3335.1669921875 1.198974609375 710.4454899810687 293
stats: 404 18 276
stats: tr_quizzes_page_INDEX 20 366.1174682617187 853.4071281530255 3342.61083984375 0.70703125 612.1366909365111 79
stats: tr_quiz_questions_SHOW 107 403.67961220429345 892.8469726653585 3262.8759765625 0.1181640625 289.928952730619 312
# stats: dump at 1448601656
stats: users 646 646
stats: {freemem,"tsung_controller@ip-172-30-3-25"} 1 3127.55078125 0.0 3170.47265625 3127.55078125 3158.022748161765 17
stats: {load,"tsung_controller@ip-172-30-3-25"} 1 0.01953125 0.0 0.12109375 0.01953125 0.06456801470588236 17
stats: {recvpackets,"tsung_controller@ip-172-30-3-25"} 1 4684.0 0.0 4684 218 1388.8125 16
stats: {sentpackets,"tsung_controller@ip-172-30-3-25"} 1 4822.0 0.0 4822 259 1272.75 16
stats: {cpu,"tsung_controller@ip-172-30-3-25"} 1 12.582159624413144 0.0 12.582159624413144 1.477832512315271 4.113870575093952 17
stats: session 61 51762.244776991545 19266.436965526726 123125.28198242188 8749.718994140625 45075.98813384434 212
stats: users_count 155 919
stats: finish_users_count 61 273
stats: request 1656 674.2629996037141 976.6357185131305 4432.22900390625 0.054931640625 702.3105491755003 5943
stats: connect 247 6.283626170293525 22.928680522407472 205.35498046875 0.471923828125 2.7660205588523508 861
stats: page 1421 792.9830479470883 1169.9188166083477 7199.719970703125 0.574951171875 808.2566666901399 5131
stats: tr_play_game__ready_page 94 801.890482151762 989.2059212621532 3349.427978515625 0.637939453125 769.5528747558594 320
stats: 302 70 278
stats: tr_play_game__leaderboard 24 591.6974589029948 913.4364378380193 3416.626953125 0.748046875 605.3143871410473 111
stats: 200 307 3641
stats: tr_quiz_new_POST 13 615.7277080829327 918.0042224132343 3341.5419921875 0.905029296875 741.4296912560096 65
stats: size_rcv 1666822 13452685
stats: tr_question_new_POST 145 400.33201609644385 800.3214798830486 3264.0458984375 0.64501953125 351.2590716911765 425
stats: newphase 0 5
stats: tr_friend_requests 33 573.6184599905301 932.5933329351625 3205.00390625 0.638916015625 765.7813507920011 109
stats: 422 35 64
stats: tr_friends 26 693.8745868389425 950.4877459600912 3136.68896484375 0.684814453125 629.4018025225904 83
stats: size_sent 962653 4951484
stats: tr_search_all_users 26 584.6133282001202 958.5821253047866 3359.234130859375 0.708984375 940.7082334576231 66
stats: connected 101 645
stats: tr_browse_quizzes_page_1 87 812.0711206896553 1090.444911388253 3551.097900390625 0.654052734375 848.247096706081 370
stats: error_connection_closed 6 14
stats: tr_play_game__1st_question 95 682.3679250616775 956.1511132414523 3387.783935546875 0.662109375 719.8422318286049 293
stats: 503 1030 2582
stats: tr_play_game__answer_to_question 80 834.7636505126953 1000.661573416561 3549.666015625 0.698974609375 812.5671345162899 235
stats: 500 115 549
stats: tr_index 88 500.7031610662287 835.2619190317786 3335.1669921875 1.197021484375 796.933081302546 394
stats: 404 9 285
stats: tr_quizzes_page_INDEX 25 1055.8844921875 1023.6328555569032 3342.61083984375 0.673828125 562.4358378708964 99
stats: tr_quiz_questions_SHOW 148 376.812300398543 800.7548533668127 3262.8759765625 0.116943359375 318.9774504959726 419
# stats: dump at 1448601666
stats: users 814 814
stats: {freemem,"tsung_controller@ip-172-30-3-25"} 1 3125.3046875 0.0 3170.47265625 3125.3046875 3156.3298611111113 18
stats: {load,"tsung_controller@ip-172-30-3-25"} 1 0.08984375 0.0 0.12109375 0.01953125 0.062065972222222224 18
stats: {recvpackets,"tsung_controller@ip-172-30-3-25"} 1 4540.0 0.0 4684 218 1582.6470588235295 17
stats: {sentpackets,"tsung_controller@ip-172-30-3-25"} 1 4831.0 0.0 4831 259 1481.5294117647059 17
stats: {cpu,"tsung_controller@ip-172-30-3-25"} 1 14.903846153846153 0.0 14.903846153846153 1.477832512315271 4.584331077833907 18
stats: session 70 51337.961645507814 19589.260254879842 123125.28198242188 8749.718994140625 46569.986870957815 273
stats: users_count 238 1157
stats: finish_users_count 70 343
stats: request 1878 554.9244418565714 840.0364842338653 4432.22900390625 0.054931640625 696.1983315033227 7599
stats: connect 283 2.9179057737963774 3.2762119539722883 205.35498046875 0.471923828125 3.550179932521999 1108
stats: page 1645 623.9166322841473 974.2864248945505 7199.719970703125 0.56982421875 804.9441190353969 6552
stats: tr_play_game__ready_page 91 639.7305519187844 851.4120473847327 3349.427978515625 0.637939453125 776.8952300583107 414
stats: 302 102 380
stats: tr_play_game__leaderboard 36 472.2612711588542 768.8575626430201 3416.626953125 0.6708984375 602.8935998987268 135
stats: 200 308 3949
stats: tr_quiz_new_POST 21 523.9173642113095 821.7351745370227 3341.5419921875 0.875 720.4793607271635 78
stats: size_rcv 1693470 15146155
stats: tr_question_new_POST 102 562.939266429228 852.8426710405774 3264.0458984375 0.64501953125 363.74254000479715 570
stats: newphase 1 6
stats: tr_friend_requests 39 517.3152231069711 820.6526230052605 3205.00390625 0.638916015625 721.1237775775749 142
stats: 422 36 100
stats: tr_friends 34 733.2217945772059 877.7431511401642 3136.68896484375 0.661865234375 644.7806318090596 109
stats: size_sent 991834 5943318
stats: tr_search_all_users 27 737.0787850839121 897.5879830610999 3359.234130859375 0.680908203125 840.0727167544158 92
stats: connected 166 811
stats: tr_browse_quizzes_page_1 97 551.6204066325705 903.2895938872771 3551.097900390625 0.638916015625 841.3602041165208 457
stats: error_connection_closed 2 16
stats: tr_play_game__1st_question 93 632.9574749033939 853.3319277382675 3387.783935546875 0.662109375 710.6668216665994 388
stats: 503 1257 3839
stats: tr_play_game__answer_to_question 86 512.8547987827034 800.6176036834046 3549.666015625 0.661865234375 818.2043449280754 315
stats: 500 117 666
stats: tr_index 113 500.50376797566395 795.573264948793 3335.1669921875 1.197021484375 742.8496103880317 482
stats: 404 10 295
stats: tr_quizzes_page_INDEX 30 421.3496337890625 751.9678621935269 3342.61083984375 0.630859375 661.9214536605343 124
stats: tr_quiz_questions_SHOW 95 368.36733912417765 712.5990906048537 3262.8759765625 0.109130859375 334.0736723400298 567
# stats: dump at 1448601676
stats: users 1037 1038
stats: {freemem,"tsung_controller@ip-172-30-3-25"} 1 3120.3359375 0.0 3170.47265625 3120.3359375 3154.696957236842 19
stats: {load,"tsung_controller@ip-172-30-3-25"} 1 0.078125 0.0 0.12109375 0.01953125 0.06352796052631579 19
stats: {recvpackets,"tsung_controller@ip-172-30-3-25"} 1 5905.0 0.0 5905 218 1746.9444444444443 18
stats: {sentpackets,"tsung_controller@ip-172-30-3-25"} 1 6627.0 0.0 6627 259 1667.611111111111 18
stats: {cpu,"tsung_controller@ip-172-30-3-25"} 1 18.703007518796994 0.0 18.703007518796994 1.477832512315271 5.127463450255605 19
stats: session 96 46433.16924540203 19615.336545234695 157332.47778320313 8749.718994140625 47543.04294739659 343
stats: users_count 319 1476
stats: finish_users_count 96 439
stats: request 2238 565.4220705961308 955.4315706229762 4432.22900390625 0.054931640625 668.2029358341659 9477
stats: connect 408 2.7404797123927698 3.1271239152052197 205.35498046875 0.471923828125 3.4215432776554637 1391
stats: page 1970 648.4742092074471 1098.8730832744434 7199.719970703125 0.56982421875 768.6149479111067 8197
stats: tr_play_game__ready_page 112 688.1411132812498 1011.621930832764 3349.427978515625 0.637939453125 752.1784266707921 505
stats: 302 98 478
stats: tr_play_game__leaderboard 64 381.35075378417963 824.8327090527811 3416.626953125 0.625 575.3920570061221 171
stats: 200 248 4197
stats: tr_quiz_new_POST 17 154.02063706341912 581.8952923447033 3341.5419921875 0.875 678.7843917692551 99
stats: size_rcv 1869105 17015260
stats: tr_question_new_POST 119 512.9242302389706 899.617460179928 3264.0458984375 0.64501953125 393.9777574085054 672
stats: newphase 0 6
stats: tr_friend_requests 36 477.0432874891493 882.3692452715549 3205.00390625 0.638916015625 677.2092271667817 181
stats: 422 34 134
stats: tr_friends 38 349.0661364103618 784.0936992769148 3136.68896484375 0.661865234375 665.8086005791084 143
stats: size_sent 1139204 7082522
stats: tr_search_all_users 34 459.4797578699449 894.0631421412368 3359.234130859375 0.680908203125 816.704345703125 119
stats: connected 211 1022
stats: tr_browse_quizzes_page_1 125 748.1719023437498 1105.9200337306502 3551.097900390625 0.635009765625 790.6295897556125 554
stats: error_connection_closed 4 20
stats: tr_play_game__1st_question 105 447.42222842261907 835.9728283404628 3387.783935546875 0.652099609375 695.6419375730898 481
stats: 503 1632 5471
stats: tr_play_game__answer_to_question 102 412.7655771292892 851.0344194712486 3549.666015625 0.635009765625 752.7179085976466 401
stats: 500 145 811
stats: tr_index 118 1164.200093932071 1205.843080078947 4118.808837890625 1.197021484375 696.8242655265232 595
stats: 404 9 304
stats: tr_quizzes_page_INDEX 36 769.9309556749132 1021.9201427081432 3342.61083984375 0.630859375 615.0568134258319 154
stats: tr_quiz_questions_SHOW 125 534.462646484375 921.6447299460461 3262.8759765625 0.108154296875 338.9949689329211 662
# stats: dump at 1448601686
stats: users 1243 1244
stats: {freemem,"tsung_controller@ip-172-30-3-25"} 1 3111.09375 0.0 3170.47265625 3111.09375 3152.97890625 20
stats: {load,"tsung_controller@ip-172-30-3-25"} 1 0.05859375 0.0 0.12109375 0.01953125 0.0642578125 20
stats: {recvpackets,"tsung_controller@ip-172-30-3-25"} 1 5758.0 0.0 5905 218 1965.7894736842106 19
stats: {sentpackets,"tsung_controller@ip-172-30-3-25"} 1 6674.0 0.0 6674 259 1928.6315789473683 19
stats: {cpu,"tsung_controller@ip-172-30-3-25"} 1 21.448999046711155 0.0 21.448999046711155 1.477832512315271 5.806240653682674 20
stats: session 116 46662.69868206156 18052.98096223804 157332.47778320313 8749.718994140625 47300.3370809012 439
stats: users_count 322 1798
stats: finish_users_count 116 555
stats: request 2322 950.7377906556175 1709.9369489605629 9444.951904296875 0.054931640625 648.5679741267205 11715
stats: connect 194 467.55387957071537 1419.727245608461 7016.72802734375 0.471923828125 3.2670830582962758 1799
stats: page 2002 1093.432382193004 1852.371101134039 10194.376220703125 0.56982421875 745.3359811317018 10167
stats: tr_play_game__ready_page 105 604.2870465959819 956.1213226477231 4060.7880859375 0.637939453125 740.5541493618315 617
stats: 302 157 635
stats: tr_play_game__leaderboard 87 457.89282787805314 976.559238947723 6296.887939453125 0.625 522.546765915891 235
stats: 200 219 4416
stats: tr_quiz_new_POST 40 562.8185791015625 1211.6527762541416 6642.76904296875 0.875 601.8793587520205 116
stats: size_rcv 1791465 18806725
stats: tr_question_new_POST 121 520.6438109342715 1008.108343076477 6607.80419921875 0.64501953125 411.87235951574354 791
stats: newphase 0 6
stats: tr_friend_requests 61 637.9775670786372 906.924503815182 3205.00390625 0.638916015625 644.0019745013681 217
stats: 422 50 184
stats: tr_friends 56 722.6296822684153 1265.8224566889196 7432.64794921875 0.661865234375 599.3101826873274 181
stats: size_sent 1158650 8241172
stats: tr_search_all_users 41 690.1222251333842 964.9797039318764 3359.234130859375 0.680908203125 737.3211039624183 153
stats: connected 2 1024
stats: tr_browse_quizzes_page_1 82 955.4627149628429 1691.3757084659867 7052.037841796875 0.635009765625 782.8133733690398 679
stats: error_connection_closed 8 28
stats: tr_play_game__1st_question 109 553.2506629873853 1038.5443449834327 6489.823974609375 0.652099609375 651.1657098242853 586
stats: 503 1687 7158
stats: tr_play_game__answer_to_question 107 484.618002062646 937.8590816050718 6002.8740234375 0.635009765625 683.7812529122142 503
stats: 500 175 986
stats: tr_index 77 5629.951488940746 1451.3197004175631 9445.119140625 1.197021484375 774.1739818685353 713
stats: 404 5 309
stats: tr_quizzes_page_INDEX 45 411.49463433159724 760.1599744966287 3342.61083984375 0.630859375 644.4013877467105 190
stats: tr_quiz_questions_SHOW 115 621.7931131114125 1354.9154994884111 6673.237060546875 0.108154296875 370.0412963712079 787
# stats: dump at 1448601696
stats: users 1228 1318
stats: {freemem,"tsung_controller@ip-172-30-3-25"} 1 3102.53515625 0.0 3170.47265625 3102.53515625 3150.984375 21
stats: {load,"tsung_controller@ip-172-30-3-25"} 1 0.12890625 0.0 0.12890625 0.01953125 0.06398809523809523 21
stats: {recvpackets,"tsung_controller@ip-172-30-3-25"} 1 5917.0 0.0 5917 218 2155.4 20
stats: {sentpackets,"tsung_controller@ip-172-30-3-25"} 1 7282.0 0.0 7282 259 2165.9 20
stats: {cpu,"tsung_controller@ip-172-30-3-25"} 1 21.462945139557267 0.0 21.462945139557267 1.477832512315271 6.551133910493554 21
stats: session 151 49246.72072737737 17977.887439120135 157332.47778320313 8749.718994140625 47167.06491105363 555
stats: users_count 136 1934
stats: finish_users_count 151 706
stats: request 2512 1253.3434547375707 2567.835952157004 19085.072998046875 0.054931640625 698.5528935525308 14037
stats: connect 314 4207.368513945563 5684.059859459163 15045.694091796875 0.471923828125 48.46108131389553 1993
stats: page 2148 1472.9151826144591 2778.6170718107455 19085.072998046875 0.544921875 802.6035458391327 12169
stats: tr_play_game__ready_page 81 597.7641812548227 1157.8913310075168 7500.781982421875 0.634033203125 720.7369114249698 722
stats: 302 169 804
stats: tr_play_game__leaderboard 67 482.6480731110075 820.348721503259 6296.887939453125 0.625 505.07815532802795 322
stats: 200 229 4645
stats: tr_quiz_new_POST 34 183.62046185661765 468.92491237295627 6642.76904296875 0.875 591.863774226262 156
stats: size_rcv 1973302 20780027
stats: tr_question_new_POST 178 596.5806679029142 1161.6982751737526 6607.80419921875 0.64501953125 426.3036595394737 912
stats: newphase 0 6
stats: tr_friend_requests 63 735.0580085875496 2339.1759266039335 18095.5361328125 0.638916015625 642.680072153215 278
stats: 422 55 239
stats: tr_friends 50 336.62994140625 663.7279618839783 7432.64794921875 0.661865234375 628.4489673984705 237
stats: size_sent 1277975 9519147
stats: tr_search_all_users 62 344.1647437310988 648.2600669568789 3359.234130859375 0.680908203125 727.3460831789627 194
stats: connected -2 1022
stats: tr_browse_quizzes_page_1 92 1780.95861551036 2955.458363280456 19001.070068359375 0.630126953125 801.4168503870317 761
stats: error_connection_closed 35 63
stats: tr_play_game__1st_question 80 562.6660949707032 821.8357424082955 6489.823974609375 0.652099609375 635.8092492412319 695
stats: 503 1772 8930
stats: tr_play_game__answer_to_question 93 550.2650212113575 808.3039597788494 6002.8740234375 0.635009765625 648.8460597304047 610
stats: 500 238 1224
stats: tr_index 104 7255.76655461238 3642.9212266730146 19035.510986328125 1.197021484375 1247.458624962915 790
stats: 404 1 310
stats: tr_quizzes_page_INDEX 36 469.75571695963544 748.2897092510556 3342.61083984375 0.630859375 599.8022221991356 235
stats: tr_quiz_questions_SHOW 159 820.2021284763167 1517.342220382821 6673.237060546875 0.108154296875 402.1382574855356 902
# stats: dump at 1448601706
stats: users 1080 1318
stats: {freemem,"tsung_controller@ip-172-30-3-25"} 1 3099.1015625 0.0 3170.47265625 3099.1015625 3148.782137784091 22
stats: {load,"tsung_controller@ip-172-30-3-25"} 1 0.171875 0.0 0.171875 0.01953125 0.06693892045454546 22
stats: {recvpackets,"tsung_controller@ip-172-30-3-25"} 1 6869.0 0.0 6869 218 2334.5238095238096 21
stats: {sentpackets,"tsung_controller@ip-172-30-3-25"} 1 7759.0 0.0 7759 259 2409.5238095238096 21
stats: {cpu,"tsung_controller@ip-172-30-3-25"} 1 18.33976833976834 0.0 21.462945139557267 1.477832512315271 7.228943511814632 22
stats: session 148 49251.23269735801 17190.333394789293 157332.47778320313 8749.718994140625 47611.8638179444 706
stats: users_count 0 1934
stats: finish_users_count 148 854
stats: request 2590 1594.4319210567987 3924.8609723563127 22716.701904296875 0.054931640625 782.7654677078767 16549
stats: connect 275 5539.294276455967 6829.3030102715775 15045.694091796875 0.471923828125 614.519570193975 2307
stats: page 2210 1869.1613106706025 4223.386827592412 22716.701904296875 0.544921875 903.1713600315893 14317
stats: tr_play_game__ready_page 93 655.7421822496639 956.9639777888084 7500.781982421875 0.634033203125 708.3324392658392 803
stats: 302 202 1006
stats: tr_play_game__leaderboard 95 488.0824681332237 913.1815309250068 6296.887939453125 0.625 501.2148763857648 389
stats: 200 234 4879
stats: tr_quiz_new_POST 30 380.0048095703125 665.2598157911777 6642.76904296875 0.875 518.8097078022204 190
stats: size_rcv 2001146 22781173
stats: tr_question_new_POST 191 570.4544581867635 980.9869780875583 6607.80419921875 0.64501953125 454.1103636575401 1090
stats: newphase 0 6
stats: tr_friend_requests 68 567.4326279584097 758.2518258403056 18095.5361328125 0.638916015625 659.7469636352181 341
stats: 422 69 308
stats: tr_friends 63 690.0075141059028 1621.5258566246894 12007.241943359375 0.661865234375 577.6094158318815 287
stats: size_sent 1352342 10871489
stats: tr_search_all_users 52 517.8747042142429 771.8145263406985 3359.234130859375 0.680908203125 634.5443525314331 256
stats: connected -33 989
stats: tr_browse_quizzes_page_1 90 1815.5566921657987 4047.844670783289 20258.06005859375 0.630126953125 907.0649657344482 853
stats: error_connection_closed 48 111
stats: tr_play_game__1st_question 100 527.3399365234375 961.5099756959485 6489.823974609375 0.652099609375 628.2589881552418 775
stats: error_abort_max_send_retries 1 1
stats: tr_play_game__answer_to_question 104 571.3255896935095 1911.9714200640708 18772.19091796875 0.635009765625 635.8047559149404 703
stats: 503 1794 10724
stats: tr_index 68 17059.486313763788 3594.73224690651 22716.75 1.197021484375 1946.4116727073717 894
stats: 500 215 1439
stats: tr_quizzes_page_INDEX 31 618.6954778855846 763.8803060724633 3342.61083984375 0.630859375 582.5266716876154 271
stats: 404 5 315
stats: tr_quiz_questions_SHOW 193 1400.5832089438973 1908.4317936810824 12017.125 0.108154296875 464.7887339111098 1061
# stats: dump at 1448601716
stats: users 796 1318
stats: {freemem,"tsung_controller@ip-172-30-3-25"} 1 3095.95703125 0.0 3170.47265625 3095.95703125 3146.622112771739 23
stats: {load,"tsung_controller@ip-172-30-3-25"} 1 0.1484375 0.0 0.171875 0.01953125 0.07150135869565218 23
stats: {recvpackets,"tsung_controller@ip-172-30-3-25"} 1 7876.0 0.0 7876 218 2540.6363636363635 22
stats: {sentpackets,"tsung_controller@ip-172-30-3-25"} 1 8019.0 0.0 8019 259 2652.681818181818 22
stats: {cpu,"tsung_controller@ip-172-30-3-25"} 1 18.611378977820635 0.0 21.462945139557267 1.477832512315271 7.7120228521604455 23
stats: session 284 54763.611316089904 18629.217305118746 157332.47778320313 8749.718994140625 47895.969900091026 854
stats: users_count 0 1934
stats: finish_users_count 284 1138
stats: request 3530 1197.3643312621741 4473.116444671055 34133.5390625 0.054931640625 892.6048592212112 19139
stats: connect 434 4724.017752511162 11100.820694442442 31085.87109375 0.471923828125 1139.0405013411664 2582
stats: page 2727 1554.9316172584056 5052.916002914929 34133.5390625 0.528076171875 1032.344095005403 16527
stats: tr_play_game__ready_page 63 687.1283559647817 1362.190777120987 9765.2060546875 0.634033203125 702.8738523210799 896
stats: 302 200 1206
stats: tr_play_game__leaderboard 94 616.8655174742352 1246.130074167966 10183.10498046875 0.625 498.63723427008006 484
stats: 200 204 5083
stats: tr_quiz_new_POST 45 466.53661024305563 791.0345827197197 6642.76904296875 0.869140625 499.881767134233 220
stats: size_rcv 2230540 25011713
stats: tr_question_new_POST 617 259.2696088052068 551.5208769793518 6607.80419921875 0.64501953125 471.457531538166 1281
stats: newphase 0 6
stats: tr_friend_requests 59 415.68731792902554 633.2691550434056 18095.5361328125 0.638916015625 644.3988589261155 409
stats: 422 108 416
stats: tr_friends 61 499.1557937371927 761.5490904362812 12007.241943359375 0.661865234375 597.8410735212053 350
stats: size_sent 2172872 13044361
stats: tr_search_all_users 59 446.0585482322563 701.2666790178004 3359.234130859375 0.680908203125 614.8468794389205 308
stats: connected -197 792
stats: tr_browse_quizzes_page_1 45 1311.1538411458334 1941.4109499786882 20258.06005859375 0.630126953125 993.771493177525 943
stats: error_connection_closed 210 321
stats: tr_play_game__1st_question 66 539.3241521661934 786.6863028450524 6489.823974609375 0.652099609375 616.7253822544642 875
stats: error_abort_max_send_retries 53 54
stats: tr_play_game__answer_to_question 77 614.4934525923294 741.4800111629054 18772.19091796875 0.635009765625 627.4951731553012 807
stats: 503 2704 13428
stats: tr_index 29 26811.67252323545 6215.186392974005 32777.635009765625 1.197021484375 3014.695535068948 962
stats: 500 171 1610
stats: tr_quizzes_page_INDEX 25 318.849580078125 586.8669271971737 3342.61083984375 0.630859375 586.2393637145592 302
stats: 404 2 317
stats: tr_quiz_questions_SHOW 638 635.5166402117211 1954.3088874573455 32138.55615234375 0.057861328125 608.8145183459806 1254
# stats: dump at 1448601726
stats: users 601 1318
stats: {freemem,"tsung_controller@ip-172-30-3-25"} 1 3095.58203125 0.0 3170.47265625 3095.58203125 3144.5110677083335 24
stats: {load,"tsung_controller@ip-172-30-3-25"} 1 0.19921875 0.0 0.19921875 0.01953125 0.07470703125 24
stats: {recvpackets,"tsung_controller@ip-172-30-3-25"} 1 9258.0 0.0 9258 218 2772.608695652174 23
stats: {sentpackets,"tsung_controller@ip-172-30-3-25"} 1 8953.0 0.0 8953 259 2886.0 23
stats: {cpu,"tsung_controller@ip-172-30-3-25"} 1 18.8715953307393 0.0 21.462945139557267 1.477832512315271 8.16616269072962 24
stats: session 195 53285.222825270415 14872.719520914747 157332.47778320313 8749.718994140625 49609.862836948385 1138
stats: users_count 0 1934
stats: finish_users_count 195 1333
stats: request 2039 671.4645427350264 2176.0640960710853 34133.5390625 0.051025390625 940.0617799633965 22669
stats: connect 116 1341.5476158405172 6311.6224993171245 31106.860107421875 0.471923828125 1654.9158750174854 3016
stats: page 1674 815.8079529173198 2413.672607735283 34133.5390625 0.528076171875 1106.3596851780394 19254
stats: tr_play_game__ready_page 29 715.6043911637931 691.8664450461125 9765.2060546875 0.634033203125 701.8394766480385 959
stats: 302 263 1469
stats: tr_play_game__leaderboard 103 558.7980364456914 642.031530564297 10183.10498046875 0.625 517.8646713309635 578
stats: 200 258 5341
stats: tr_quiz_new_POST 24 689.291269938151 631.0404806630279 6642.76904296875 0.869140625 494.21938200176885 265
stats: size_rcv 1541201 26552914
stats: tr_question_new_POST 243 390.45603157953985 590.8890870991102 6607.80419921875 0.64501953125 402.4796873199174 1898
stats: newphase 0 6
stats: tr_friend_requests 52 615.5180147611177 631.4627433708839 18095.5361328125 0.638916015625 615.5655663645166 468
stats: 422 98 514
stats: tr_friends 52 570.171424278846 609.2222735289479 12007.241943359375 0.661865234375 583.1943531639674 411
stats: size_sent 1216760 14261121
stats: tr_search_all_users 64 548.5165138244631 640.8362583301466 3359.234130859375 0.680908203125 587.7119706073314 367
stats: connected -191 601
stats: tr_browse_quizzes_page_1 5 1446.335009765625 147.71379116390176 20258.06005859375 0.630126953125 1008.2271669210209 988
stats: error_connection_closed 27 348
stats: tr_play_game__1st_question 41 1516.4172899199696 4710.357497063092 31041.10888671875 0.652099609375 611.2966030984323 941
stats: error_abort_max_send_retries 1 55
stats: tr_play_game__answer_to_question 61 920.3743196080943 598.309211460342 18772.19091796875 0.635009765625 626.3626703460832 884
stats: 503 1116 14544
stats: tr_index 2 31864.366943359375 791.51416015625 32777.635009765625 1.197021484375 3711.0752854794714 991
stats: 500 210 1820
stats: tr_quizzes_page_INDEX 9 436.2524685329861 593.7530821948495 3342.61083984375 0.630859375 565.7967197056574 327
stats: 404 2 319
stats: tr_quiz_questions_SHOW 242 292.0547006149923 535.6934100555712 32138.55615234375 0.057861328125 617.8187222309396 1892
# stats: dump at 1448601736
stats: users 468 1318
stats: {freemem,"tsung_controller@ip-172-30-3-25"} 1 3095.4765625 0.0 3170.47265625 3095.4765625 3142.55390625 25
stats: {load,"tsung_controller@ip-172-30-3-25"} 1 0.171875 0.0 0.19921875 0.01953125 0.0796875 25
stats: {recvpackets,"tsung_controller@ip-172-30-3-25"} 1 4597.0 0.0 9258 218 3042.8333333333335 24
stats: {sentpackets,"tsung_controller@ip-172-30-3-25"} 1 4484.0 0.0 8953 259 3138.7916666666665 24
stats: {cpu,"tsung_controller@ip-172-30-3-25"} 1 9.693372898120673 0.0 21.462945139557267 1.477832512315271 8.594379996330005 25
stats: session 133 57690.97294628172 12575.688337091864 157332.47778320313 8749.718994140625 50147.518649193546 1333
stats: users_count 0 1934
stats: finish_users_count 133 1466
stats: request 1254 839.4773042669713 661.3339116713677 34133.5390625 0.051025390625 917.896094083979 24708
stats: connect 34 1.2032973345588236 2.076915113362021 31106.860107421875 0.471923828125 1643.3096431961162 3132
stats: page 1060 987.1786095961083 848.3502353247059 34133.5390625 0.528076171875 1083.11887861246 20928
stats: tr_play_game__ready_page 4 1105.7623291015625 671.0908102945572 9765.2060546875 0.634033203125 702.2435075396952 988
stats: 302 258 1727
stats: tr_play_game__leaderboard 76 883.8931017423927 676.62655094803 10183.10498046875 0.625 524.0557676699017 681
stats: 200 236 5577
stats: tr_quiz_new_POST 18 809.4608561197916 657.049747368832 6642.76904296875 0.869140625 510.41912356049954 289
stats: size_rcv 1171803 27724717
stats: tr_question_new_POST 108 708.4557766384547 648.0790884578141 6607.80419921875 0.64501953125 401.1150220490572 2141
stats: newphase 0 6
stats: tr_friend_requests 23 753.312595533288 670.5655471585834 18095.5361328125 0.638916015625 615.5608112041767 520
stats: 422 80 594
stats: tr_friends 43 862.1878804051598 608.1922819700417 12007.241943359375 0.661865234375 581.7317348010597 463
stats: size_sent 749136 15010257
stats: tr_search_all_users 47 840.1200964095744 637.4356345574938 3359.234130859375 0.680908203125 581.8917635676479 431
stats: connected -129 472
stats: tr_browse_quizzes_page_1 0 0 0 20258.06005859375 0.630126953125 1010.4331480028164 993
stats: error_connection_closed 3 351
stats: tr_play_game__1st_question 9 920.6970486111111 671.0559878513549 31041.10888671875 0.652099609375 649.0867743404722 982
stats: error_abort_max_send_retries 0 55
stats: tr_play_game__answer_to_question 36 1021.9461195203993 558.8674687141448 18772.19091796875 0.635009765625 645.3412000868055 945
stats: 503 431 14975
stats: tr_index 0 0 0 32777.635009765625 1.197021484375 3767.7787933503273 993
stats: 500 210 2030
stats: tr_quizzes_page_INDEX 18 1147.8599039713542 458.3131915039049 3342.61083984375 0.630859375 562.3267844063894 336
stats: 404 4 323
stats: tr_quiz_questions_SHOW 102 652.2713599111521 671.0216366561273 32138.55615234375 0.057861328125 580.876410501296 2134
# stats: dump at 1448601746
stats: users 345 1318
stats: {freemem,"tsung_controller@ip-172-30-3-25"} 1 3095.4921875 0.0 3170.47265625 3095.4765625 3140.7432391826924 26
stats: {load,"tsung_controller@ip-172-30-3-25"} 1 0.1484375 0.0 0.19921875 0.01953125 0.08323317307692307 26
stats: {recvpackets,"tsung_controller@ip-172-30-3-25"} 1 4413.0 0.0 9258 218 3105.0 25
stats: {sentpackets,"tsung_controller@ip-172-30-3-25"} 1 4008.0 0.0 8953 259 3192.6 25
stats: {cpu,"tsung_controller@ip-172-30-3-25"} 1 9.019607843137255 0.0 21.462945139557267 1.477832512315271 8.636648954091186 26
stats: session 123 64658.708218210115 11290.352335094252 157332.47778320313 8749.718994140625 50831.88387532774 1466
stats: users_count 0 1934
stats: finish_users_count 123 1589
stats: request 935 1058.8726787057162 324.4256758314896 34133.5390625 0.051025390625 914.1083596093418 25962
stats: connect 1 0.66796875 0.0 31106.860107421875 0.471923828125 1625.674894061785 3166
stats: page 785 1257.1979146969545 577.1270121134194 34133.5390625 0.528076171875 1078.49377923292 21988
stats: tr_play_game__ready_page 1 1214.573974609375 0.0 9765.2060546875 0.634033203125 703.870599562122 992
stats: 302 313 2040
stats: tr_play_game__leaderboard 76 1052.1960545590052 351.5692063251417 10183.10498046875 0.625 560.1821050404556 757
stats: 200 283 5860
stats: tr_quiz_new_POST 11 1020.0199085582386 337.83597275851673 6642.76904296875 0.869140625 527.9525150460606 307
stats: size_rcv 1045256 28769973
stats: tr_question_new_POST 95 1123.4962273848685 164.01962914731067 6607.80419921875 0.64501953125 415.8739377874542 2249
stats: newphase 0 6
stats: tr_friend_requests 15 1177.4030273437497 105.36443323946021 18095.5361328125 0.638916015625 621.3956013322975 543
stats: 422 104 698
stats: tr_friends 29 1017.7463294719828 363.8556806391685 12007.241943359375 0.661865234375 605.564964565835 506
stats: size_sent 604860 15615117
stats: tr_search_all_users 39 930.7907589643429 452.63956644843563 3359.234130859375 0.680908203125 607.2824155416449 478
stats: connected -127 345
stats: tr_browse_quizzes_page_1 0 0 0 20258.06005859375 0.630126953125 1010.4331480028164 993
stats: error_connection_closed 0 351
stats: tr_play_game__1st_question 2 1240.9105224609375 81.3016357421875 31041.10888671875 0.652099609375 651.5534670432327 991
stats: error_abort_max_send_retries 0 55
stats: tr_play_game__answer_to_question 9 737.4546712239584 520.8582076643914 18772.19091796875 0.635009765625 659.1615641027173 981
stats: 503 65 15040
stats: tr_index 0 0 0 32777.635009765625 1.197021484375 3767.7787933503273 993
stats: 500 164 2194
stats: tr_quizzes_page_INDEX 6 1081.7288818359375 103.560908110486 3342.61083984375 0.630859375 592.0996548927435 354
stats: 404 6 329
stats: tr_quiz_questions_SHOW 93 1069.7679850260417 199.38985088233872 32138.55615234375 0.057861328125 584.1332462972734 2236
# stats: dump at 1448601756
stats: users 227 1318
stats: {freemem,"tsung_controller@ip-172-30-3-25"} 1 3095.546875 0.0 3170.47265625 3095.4765625 3139.0672743055557 27
stats: {load,"tsung_controller@ip-172-30-3-25"} 1 0.12109375 0.0 0.19921875 0.01953125 0.08564814814814815 27
stats: {recvpackets,"tsung_controller@ip-172-30-3-25"} 1 3661.0 0.0 9258 218 3155.3076923076924 26
stats: {sentpackets,"tsung_controller@ip-172-30-3-25"} 1 3017.0 0.0 8953 259 3223.9615384615386 26
stats: {cpu,"tsung_controller@ip-172-30-3-25"} 1 7.156862745098039 0.0 21.462945139557267 1.477832512315271 8.650832616648447 27
stats: session 118 76238.84006513175 12899.779790240213 157332.47778320313 8749.718994140625 51902.17927757729 1589
stats: users_count 0 1934
stats: finish_users_count 118 1707
stats: request 835 1121.0436429874642 145.177956887867 34133.5390625 0.051025390625 919.140691778547 26897
stats: connect 5 4.42998046875 3.980196057263854 31106.860107421875 0.471923828125 1625.1617879912728 3167
stats: page 674 1398.412588238362 513.8860686314713 34133.5390625 0.528076171875 1084.6538260576363 22773
stats: tr_play_game__ready_page 0 0 0 9765.2060546875 0.634033203125 704.3849030616661 993
stats: 302 316 2356
stats: tr_play_game__leaderboard 66 1131.2913226503315 117.93261063820323 10183.10498046875 0.625 605.0717330877662 833
stats: 200 250 6110
stats: tr_quiz_new_POST 20 1108.7799194335937 102.55297397892994 6642.76904296875 0.869140625 544.9737141927084 318
stats: size_rcv 1001354 29771327
stats: tr_question_new_POST 110 1111.264180131392 137.84528540739748 6607.80419921875 0.64501953125 444.55316880782726 2344
stats: newphase 0 6
stats: tr_friend_requests 9 1135.82666015625 135.72528438036707 18095.5361328125 0.638916015625 636.342037515401 558
stats: 422 125 823
stats: tr_friends 21 1135.558349609375 124.75931713855357 12007.241943359375 0.661865234375 627.9075058411215 535
stats: size_sent 558719 16173836
stats: tr_search_all_users 26 1132.3245286207934 125.65915971875675 3359.234130859375 0.680908203125 631.6863331305912 517
stats: connected -116 229
stats: tr_browse_quizzes_page_1 0 0 0 20258.06005859375 0.630126953125 1010.4331480028164 993
stats: error_connection_closed 0 351
stats: tr_play_game__1st_question 0 0 0 31041.10888671875 0.652099609375 652.7404903169844 993
stats: error_abort_max_send_retries 0 55
stats: tr_play_game__answer_to_question 2 1234.842041015625 29.81201171875 18772.19091796875 0.635009765625 659.8733196220013 990
stats: 503 1 15041
stats: tr_index 0 0 0 32777.635009765625 1.197021484375 3767.7787933503273 993
stats: 500 132 2326
stats: tr_quizzes_page_INDEX 4 1167.8172607421875 144.38684872649094 3342.61083984375 0.630859375 600.2601420084634 360
stats: 404 10 339
stats: tr_quiz_questions_SHOW 113 1099.5430940611177 93.59907617696831 32138.55615234375 0.057861328125 603.5252732194613 2329
# stats: dump at 1448601766
stats: users 122 1318
stats: {freemem,"tsung_controller@ip-172-30-3-25"} 1 3095.84375 0.0 3170.47265625 3095.4765625 3137.5129743303573 28
stats: {load,"tsung_controller@ip-172-30-3-25"} 1 0.1015625 0.0 0.19921875 0.01953125 0.0869140625 28
stats: {recvpackets,"tsung_controller@ip-172-30-3-25"} 1 3657.0 0.0 9258 218 3174.037037037037 27
stats: {sentpackets,"tsung_controller@ip-172-30-3-25"} 1 2849.0 0.0 8953 259 3216.296296296296 27
stats: {cpu,"tsung_controller@ip-172-30-3-25"} 1 6.084396467124632 0.0 21.462945139557267 1.477832512315271 8.59747654980736 28
stats: session 105 83535.59093889507 10177.121852203598 157332.47778320313 8749.718994140625 53584.502636060846 1707
stats: users_count 0 1934
stats: finish_users_count 105 1812
stats: request 907 572.9085207500684 196.8554940605643 34133.5390625 0.051025390625 925.21991304854 27732
stats: connect 4 4.0296630859375 3.3997918532449174 31106.860107421875 0.471923828125 1622.6070405014832 3172
stats: page 686 779.1819950915636 374.81881455520823 34133.5390625 0.528076171875 1093.673035581661 23447
stats: tr_play_game__ready_page 0 0 0 9765.2060546875 0.634033203125 704.3849030616661 993
stats: 302 414 2770
stats: tr_play_game__leaderboard 49 680.3176169882015 207.06480615191836 10183.10498046875 0.625 643.7040945017031 899
stats: 200 194 6304
stats: tr_quiz_new_POST 12 569.7377726236979 233.41949133583915 6642.76904296875 0.869140625 578.3350281122873 338
stats: size_rcv 972655 30743982
stats: tr_question_new_POST 206 546.1683965886681 174.20594330346952 6607.80419921875 0.64501953125 474.43834046454776 2454
stats: newphase 0 6
stats: tr_friend_requests 5 647.951806640625 202.282861730377 18095.5361328125 0.638916015625 644.2703648589065 567
stats: 422 197 1020
stats: tr_friends 3 827.7467447916666 132.3077599315528 12007.241943359375 0.661865234375 647.0813686453181 556
stats: size_sent 658307 16832143
stats: tr_search_all_users 11 613.7264959161931 204.9172928906658 3359.234130859375 0.680908203125 655.6579594339894 543
stats: connected -105 124
stats: tr_browse_quizzes_page_1 0 0 0 20258.06005859375 0.630126953125 1010.4331480028164 993
stats: error_connection_closed 0 351
stats: tr_play_game__1st_question 0 0 0 31041.10888671875 0.652099609375 652.7404903169844 993
stats: error_abort_max_send_retries 0 55
stats: tr_play_game__answer_to_question 1 456.14208984375 0.0 18772.19091796875 0.635009765625 661.0325307538433 992
stats: 503 0 15041
stats: tr_index 0 0 0 32777.635009765625 1.197021484375 3767.7787933503273 993
stats: 500 82 2408
stats: tr_quizzes_page_INDEX 1 418.157958984375 0.0 3342.61083984375 0.630859375 606.4970334231197 364
stats: 404 20 359
stats: tr_quiz_questions_SHOW 212 528.1098701908899 172.99744053859422 32138.55615234375 0.057861328125 626.4777768046812 2442
# stats: dump at 1448601776
stats: users 48 1318
stats: {freemem,"tsung_controller@ip-172-30-3-25"} 1 3096.51953125 0.0 3170.47265625 3095.4765625 3136.076104525862 29
stats: {load,"tsung_controller@ip-172-30-3-25"} 1 0.08984375 0.0 0.19921875 0.01953125 0.08741918103448276 29
stats: {recvpackets,"tsung_controller@ip-172-30-3-25"} 1 3483.0 0.0 9258 218 3191.285714285714 28
stats: {sentpackets,"tsung_controller@ip-172-30-3-25"} 1 2413.0 0.0 8953 259 3203.1785714285716 28
stats: {cpu,"tsung_controller@ip-172-30-3-25"} 1 4.653465346534653 0.0 21.462945139557267 1.477832512315271 8.51081861592175 29
stats: session 74 91208.89792282513 12258.553452511915 157332.47778320313 8749.718994140625 55320.078944999914 1812
stats: users_count 0 1934
stats: finish_users_count 74 1886
stats: request 545 91.66166275444382 81.6727592788863 34133.5390625 0.051025390625 914.0621759482672 28639
stats: connect 3 0.653076171875 0.023896699215123673 31106.860107421875 0.471923828125 1620.5685299505822 3176
stats: page 403 129.1132079472316 130.16948462816234 34133.5390625 0.528076171875 1084.7333739657738 24133
stats: tr_play_game__ready_page 0 0 0 9765.2060546875 0.634033203125 704.3849030616661 993
stats: 302 227 2997
stats: tr_play_game__leaderboard 27 58.8766185619213 80.9363765199217 10183.10498046875 0.625 645.5965656006888 948
stats: 200 141 6445
stats: tr_quiz_new_POST 7 81.55583844866071 74.83974073825115 6642.76904296875 0.869140625 578.0402650669643 350
stats: size_rcv 761058 31505040
stats: tr_question_new_POST 121 107.33014874418902 83.11906191083193 6607.80419921875 0.64501953125 479.99337488619017 2660
stats: newphase 0 6
stats: tr_friend_requests 0 0 0 18095.5361328125 0.638916015625 644.3025452940614 572
stats: 422 108 1128
stats: tr_friends 10 94.5694580078125 79.11614086680801 12007.241943359375 0.661865234375 648.0509502704327 559
stats: size_sent 408339 17240482
stats: tr_search_all_users 13 54.66034405048077 46.76931981802529 3359.234130859375 0.680908203125 654.825385248618 554
stats: connected -75 49
stats: tr_browse_quizzes_page_1 0 0 0 20258.06005859375 0.630126953125 1010.4331480028164 993
stats: error_connection_closed 0 351
stats: tr_play_game__1st_question 0 0 0 31041.10888671875 0.652099609375 652.7404903169844 993
stats: error_abort_max_send_retries 0 55
stats: tr_play_game__answer_to_question 0 0 0 18772.19091796875 0.635009765625 660.8261959694423 993
stats: 503 0 15041
stats: tr_index 0 0 0 32777.635009765625 1.197021484375 3767.7787933503273 993
stats: 500 48 2456
stats: tr_quizzes_page_INDEX 2 4.4295654296875 0.3475341796875 3342.61083984375 0.630859375 605.9810359589039 365
stats: 404 21 380
stats: tr_quiz_questions_SHOW 127 99.32413224347937 79.14047585550344 32138.55615234375 0.057861328125 618.6202047616806 2654
# stats: dump at 1448601786
stats: users 14 1318
stats: {freemem,"tsung_controller@ip-172-30-3-25"} 1 3097.26953125 0.0 3170.47265625 3095.4765625 3134.7575520833334 30
stats: {load,"tsung_controller@ip-172-30-3-25"} 1 0.1484375 0.0 0.19921875 0.01953125 0.0875 30
stats: {recvpackets,"tsung_controller@ip-172-30-3-25"} 1 1086.0 0.0 9258 218 3201.344827586207 29
stats: {sentpackets,"tsung_controller@ip-172-30-3-25"} 1 1036.0 0.0 8953 259 3175.9310344827586 29
stats: {cpu,"tsung_controller@ip-172-30-3-25"} 1 2.8543307086614176 0.0 21.462945139557267 1.477832512315271 8.382240173608846 30
stats: session 34 101084.5780101103 7797.151074318955 157332.47778320313 8749.718994140625 56728.22984868977 1886
stats: users_count 0 1934
stats: finish_users_count 34 1920
stats: request 226 11.179628085246133 11.275275765047612 34133.5390625 0.051025390625 898.7041619786045 29184
stats: connect 0 0 0 31106.860107421875 0.471923828125 1619.039827100209 3179
stats: page 169 14.9851666512574 12.848931684196504 34133.5390625 0.528076171875 1069.037460740086 24536
stats: tr_play_game__ready_page 0 0 0 9765.2060546875 0.634033203125 704.3849030616661 993
stats: 302 114 3111
stats: tr_play_game__leaderboard 14 21.855398995535715 18.80262294953667 10183.10498046875 0.625 629.3489362980768 975
stats: 200 53 6498
stats: tr_quiz_new_POST 6 8.162109375 3.7158500706955238 6642.76904296875 0.869140625 568.3052763097427 357
stats: size_rcv 239615 31744655
stats: tr_question_new_POST 48 8.51103210449219 5.406494423971128 6607.80419921875 0.64501953125 463.77897346109773 2781
stats: newphase 0 6
stats: tr_friend_requests 2 10.08251953125 0.353515625 18095.5361328125 0.638916015625 644.3025452940614 572
stats: 422 54 1182
stats: tr_friends 3 15.952718098958334 12.195843832391379 12007.241943359375 0.661865234375 638.3236832710896 569
stats: size_sent 180973 17421455
stats: tr_search_all_users 5 24.39404296875 23.394828628634716 3359.234130859375 0.680908203125 641.064987478643 567
stats: connected -34 15
stats: tr_browse_quizzes_page_1 0 0 0 20258.06005859375 0.630126953125 1010.4331480028164 993
stats: error_connection_closed 0 351
stats: tr_play_game__1st_question 0 0 0 31041.10888671875 0.652099609375 652.7404903169844 993
stats: error_abort_max_send_retries 0 55
stats: tr_play_game__answer_to_question 0 0 0 18772.19091796875 0.635009765625 660.8261959694423 993
stats: 503 0 15041
stats: tr_index 0 0 0 32777.635009765625 1.197021484375 3767.7787933503273 993
stats: 500 5 2461
stats: tr_quizzes_page_INDEX 0 0 0 3342.61083984375 0.630859375 602.7028263102434 367
stats: 404 0 380
stats: tr_quiz_questions_SHOW 48 9.875498453776043 8.552592172165484 32138.55615234375 0.057861328125 594.9054973867034 2781
# stats: dump at 1448601796
stats: users 8 1318
stats: {freemem,"tsung_controller@ip-172-30-3-25"} 1 3107.51171875 0.0 3170.47265625 3095.4765625 3133.5482610887098 31
stats: {load,"tsung_controller@ip-172-30-3-25"} 1 0.12890625 0.0 0.19921875 0.01953125 0.08946572580645161 31
stats: {recvpackets,"tsung_controller@ip-172-30-3-25"} 1 500.0 0.0 9258 218 3130.8333333333335 30
stats: {sentpackets,"tsung_controller@ip-172-30-3-25"} 1 443.0 0.0 8953 259 3104.6 30
stats: {cpu,"tsung_controller@ip-172-30-3-25"} 1 1.4851485148514851 0.0 21.462945139557267 1.477832512315271 8.203920513449251 31
stats: session 6 107713.45564778645 6466.249829078625 157332.47778320313 8749.718994140625 57513.70684738159 1920
stats: users_count 0 1934
stats: finish_users_count 6 1926
stats: request 15 11.716796875 8.322704569501667 34133.5390625 0.051025390625 891.8840142513043 29410
stats: connect 0 0 0 31106.860107421875 0.471923828125 1619.039827100209 3179
stats: page 13 13.52753155048077 12.05876404874407 34133.5390625 0.528076171875 1061.8269836018142 24705
stats: tr_play_game__ready_page 0 0 0 9765.2060546875 0.634033203125 704.3849030616661 993
stats: 302 0 3111
stats: tr_play_game__leaderboard 2 8.4415283203125 0.0103759765625 10183.10498046875 0.625 620.7494322311045 989
stats: 200 14 6512
stats: tr_quiz_new_POST 0 0 0 6642.76904296875 0.869140625 559.0467115670197 363
stats: size_rcv 32202 31776857
stats: tr_question_new_POST 0 0 0 6607.80419921875 0.64501953125 456.05438484847235 2829
stats: newphase 0 6
stats: tr_friend_requests 0 0 0 18095.5361328125 0.638916015625 642.0927194203234 574
stats: 422 0 1182
stats: tr_friends 2 31.487548828125 4.2265625 12007.241943359375 0.661865234375 635.0594998873197 572
stats: size_sent 11349 17432804
stats: tr_search_all_users 0 0 0 3359.234130859375 0.680908203125 635.6745071944657 572
stats: connected -8 7
stats: tr_browse_quizzes_page_1 0 0 0 20258.06005859375 0.630126953125 1010.4331480028164 993
stats: error_connection_closed 0 351
stats: tr_play_game__1st_question 0 0 0 31041.10888671875 0.652099609375 652.7404903169844 993
stats: error_abort_max_send_retries 0 55
stats: tr_play_game__answer_to_question 0 0 0 18772.19091796875 0.635009765625 660.8261959694423 993
stats: 503 0 15041
stats: tr_index 0 0 0 32777.635009765625 1.197021484375 3767.7787933503273 993
stats: 500 1 2462
stats: tr_quizzes_page_INDEX 0 0 0 3342.61083984375 0.630859375 602.7028263102434 367
stats: 404 0 380
stats: tr_quiz_questions_SHOW 0 0 0 32138.55615234375 0.057861328125 584.9792195681172 2829
# stats: dump at 1448601806
stats: users 2 1318
stats: {freemem,"tsung_controller@ip-172-30-3-25"} 1 3107.69140625 0.0 3170.47265625 3095.4765625 3132.734619140625 32
stats: {load,"tsung_controller@ip-172-30-3-25"} 1 0.109375 0.0 0.19921875 0.01953125 0.0906982421875 32
stats: {recvpackets,"tsung_controller@ip-172-30-3-25"} 1 165.0 0.0 9258 165 3045.967741935484 31
stats: {sentpackets,"tsung_controller@ip-172-30-3-25"} 1 132.0 0.0 8953 132 3018.7419354838707 31
stats: {cpu,"tsung_controller@ip-172-30-3-25"} 1 1.1822660098522169 0.0 21.462945139557267 1.1822660098522169 7.993958888493071 32
stats: session 6 116316.13879394531 5886.152482173823 157332.47778320313 8749.718994140625 57670.09235766323 1926
stats: users_count 0 1934
stats: finish_users_count 6 1932
stats: request 86 8.576149164244189 10.01664726964809 34133.5390625 0.051025390625 891.4353308779604 29425
stats: connect 1 0.921875 0.0 31106.860107421875 0.471923828125 1619.039827100209 3179
stats: page 59 12.545981197033898 11.566927015047247 34133.5390625 0.528076171875 1061.2756488305274 24718
stats: tr_play_game__ready_page 0 0 0 9765.2060546875 0.634033203125 704.3849030616661 993
stats: 302 51 3162
stats: tr_play_game__leaderboard 1 8.070068359375 0.0 10183.10498046875 0.625 619.5136947862795 991
stats: 200 8 6520
stats: tr_quiz_new_POST 3 6.755615234375 0.9839076996767817 6642.76904296875 0.869140625 559.0467115670197 363
stats: size_rcv 106906 31883763
stats: tr_question_new_POST 24 8.70367431640625 4.3023559179053725 6607.80419921875 0.64501953125 456.05438484847235 2829
stats: newphase 0 6
stats: tr_friend_requests 0 0 0 18095.5361328125 0.638916015625 642.0927194203234 574
stats: 422 27 1209
stats: tr_friends 0 0 0 12007.241943359375 0.661865234375 632.956461730319 574
stats: size_sent 73195 17505999
stats: tr_search_all_users 2 45.946533203125 3.947509765625 3359.234130859375 0.680908203125 635.6745071944657 572
stats: connected -5 2
stats: tr_browse_quizzes_page_1 0 0 0 20258.06005859375 0.630126953125 1010.4331480028164 993
stats: error_connection_closed 0 351
stats: tr_play_game__1st_question 0 0 0 31041.10888671875 0.652099609375 652.7404903169844 993
stats: error_abort_max_send_retries 0 55
stats: tr_play_game__answer_to_question 0 0 0 18772.19091796875 0.635009765625 660.8261959694423 993
stats: 503 0 15041
stats: tr_index 0 0 0 32777.635009765625 1.197021484375 3767.7787933503273 993
stats: 500 0 2462
stats: tr_quizzes_page_INDEX 0 0 0 3342.61083984375 0.630859375 602.7028263102434 367
stats: 404 0 380
stats: tr_quiz_questions_SHOW 24 5.36444091796875 3.6073179081996782 32138.55615234375 0.057861328125 584.9792195681172 2829
# stats: dump at 1448601816
stats: users 1 1318
stats: {freemem,"tsung_controller@ip-172-30-3-25"} 1 3116.05859375 0.0 3170.47265625 3095.4765625 3131.975733901515 33
stats: {load,"tsung_controller@ip-172-30-3-25"} 1 0.08984375 0.0 0.19921875 0.01953125 0.09126420454545454 33
stats: {recvpackets,"tsung_controller@ip-172-30-3-25"} 1 227.0 0.0 9258 165 2955.9375 32
stats: {sentpackets,"tsung_controller@ip-172-30-3-25"} 1 182.0 0.0 8953 132 2928.53125 32
stats: {cpu,"tsung_controller@ip-172-30-3-25"} 1 1.1869436201780417 0.0 21.462945139557267 1.1822660098522169 7.787543952776682 33
stats: session 1 127420.52709960938 0.0 157332.47778320313 8749.718994140625 57852.22293665789 1932
stats: users_count 0 1934
stats: finish_users_count 1 1933
stats: request 27 7.755208333333333 5.366989109864833 34133.5390625 0.051025390625 888.8625312565521 29511
stats: connect 0 0 0 31106.860107421875 0.471923828125 1618.5309849769071 3180
stats: page 18 11.680528428819445 7.341215031273789 34133.5390625 0.528076171875 1058.778371097534 24777
stats: tr_play_game__ready_page 0 0 0 9765.2060546875 0.634033203125 704.3849030616661 993
stats: 302 17 3179
stats: tr_play_game__leaderboard 1 9.76708984375 0.0 10183.10498046875 0.625 618.8973201628653 992
stats: 200 1 6521
stats: tr_quiz_new_POST 1 5.74609375 0.0 6642.76904296875 0.869140625 554.5197353675717 366
stats: size_rcv 18723 31902486
stats: tr_question_new_POST 8 4.215728759765625 0.1397732230509923 6607.80419921875 0.64501953125 452.29118223621526 2853
stats: newphase 0 6
stats: tr_friend_requests 0 0 0 18095.5361328125 0.638916015625 642.0927194203234 574
stats: 422 9 1218
stats: tr_friends 0 0 0 12007.241943359375 0.661865234375 632.956461730319 574
stats: size_sent 23354 17529353
stats: tr_search_all_users 0 0 0 3359.234130859375 0.680908203125 633.61970589136 574
stats: connected -1 1
stats: tr_browse_quizzes_page_1 0 0 0 20258.06005859375 0.630126953125 1010.4331480028164 993
stats: error_connection_closed 0 351
stats: tr_play_game__1st_question 0 0 0 31041.10888671875 0.652099609375 652.7404903169844 993
stats: error_abort_max_send_retries 0 55
stats: tr_play_game__answer_to_question 0 0 0 18772.19091796875 0.635009765625 660.8261959694423 993
stats: 503 0 15041
stats: tr_index 0 0 0 32777.635009765625 1.197021484375 3767.7787933503273 993
stats: 500 0 2462
stats: tr_quizzes_page_INDEX 0 0 0 3342.61083984375 0.630859375 602.7028263102434 367
stats: 404 0 380
stats: tr_quiz_questions_SHOW 8 13.2730712890625 5.190697012303593 32138.55615234375 0.057861328125 580.1033854680109 2853
# stats: dump at 1448601826
stats: users 1 1318
stats: {freemem,"tsung_controller@ip-172-30-3-25"} 1 3116.1484375 0.0 3170.47265625 3095.4765625 3131.5075827205883 34
stats: {load,"tsung_controller@ip-172-30-3-25"} 1 0.078125 0.0 0.19921875 0.01953125 0.09122242647058823 34
stats: {recvpackets,"tsung_controller@ip-172-30-3-25"} 1 9.0 0.0 9258 9 2873.242424242424 33
stats: {sentpackets,"tsung_controller@ip-172-30-3-25"} 1 7.0 0.0 8953 7 2845.3030303030305 33
stats: {cpu,"tsung_controller@ip-172-30-3-25"} 1 0.8884501480750246 0.0 21.462945139557267 0.8884501480750246 7.593408648876722 34
stats: session 0 0 0 157332.47778320313 8749.718994140625 57888.2127473992 1933
stats: users_count 0 1934
stats: finish_users_count 0 1933
stats: request 0 0 0 34133.5390625 0.051025390625 888.0571315098216 29538
stats: connect 0 0 0 31106.860107421875 0.471923828125 1618.5309849769071 3180
stats: page 0 0 0 34133.5390625 0.528076171875 1058.018227473092 24795
stats: tr_play_game__ready_page 0 0 0 9765.2060546875 0.634033203125 704.3849030616661 993
stats: 302 0 3179
stats: tr_play_game__leaderboard 0 0 0 10183.10498046875 0.625 618.2838959631482 993
stats: 200 0 6521
stats: tr_quiz_new_POST 0 0 0 6642.76904296875 0.869140625 553.0244393413658 367
stats: size_rcv 0 31902486
stats: tr_question_new_POST 0 0 0 6607.80419921875 0.64501953125 451.03826240824895 2861
stats: newphase 0 6
stats: tr_friend_requests 0 0 0 18095.5361328125 0.638916015625 642.0927194203234 574
stats: 422 0 1218
stats: tr_friends 0 0 0 12007.241943359375 0.661865234375 632.956461730319 574
stats: size_sent 0 17529353
stats: tr_search_all_users 0 0 0 3359.234130859375 0.680908203125 633.61970589136 574
stats: connected 0 1
stats: tr_browse_quizzes_page_1 0 0 0 20258.06005859375 0.630126953125 1010.4331480028164 993
stats: error_connection_closed 0 351
stats: tr_play_game__1st_question 0 0 0 31041.10888671875 0.652099609375 652.7404903169844 993
stats: error_abort_max_send_retries 0 55
stats: tr_play_game__answer_to_question 0 0 0 18772.19091796875 0.635009765625 660.8261959694423 993
stats: 503 0 15041
stats: tr_index 0 0 0 32777.635009765625 1.197021484375 3767.7787933503273 993
stats: 500 0 2462
stats: tr_quizzes_page_INDEX 0 0 0 3342.61083984375 0.630859375 602.7028263102434 367
stats: 404 0 380
stats: tr_quiz_questions_SHOW 0 0 0 32138.55615234375 0.057861328125 578.518400318262 2861
# stats: dump at 1448601831
stats: users 0 1318
stats: {freemem,"tsung_controller@ip-172-30-3-25"} 0 0 0 3170.47265625 3095.4765625 3131.06875 35
stats: {load,"tsung_controller@ip-172-30-3-25"} 0 0 0 0.19921875 0.01953125 0.09084821428571428 35
stats: {recvpackets,"tsung_controller@ip-172-30-3-25"} 0 0 0 9258 9 2789.0 34
stats: {sentpackets,"tsung_controller@ip-172-30-3-25"} 0 0 0 8953 7 2761.823529411765 34
stats: {cpu,"tsung_controller@ip-172-30-3-25"} 0 0 0 21.462945139557267 0.8884501480750246 7.401838405996674 35
stats: session 1 140214.44506835938 0.0 157332.47778320313 8749.718994140625 57888.2127473992 1933
stats: users_count 0 1934
stats: finish_users_count 1 1934
stats: request 1 7.388916015625 0.0 34133.5390625 0.051025390625 888.0571315098216 29538
stats: connect 0 0 0 31106.860107421875 0.471923828125 1618.5309849769071 3180
stats: page 1 7.388916015625 0.0 34133.5390625 0.528076171875 1058.018227473092 24795
stats: tr_play_game__ready_page 0 0 0 9765.2060546875 0.634033203125 704.3849030616661 993
stats: 302 0 3179
stats: tr_play_game__leaderboard 0 0 0 10183.10498046875 0.625 618.2838959631482 993
stats: 200 1 6522
stats: tr_quiz_new_POST 0 0 0 6642.76904296875 0.869140625 553.0244393413658 367
stats: size_rcv 1635 31904121
stats: tr_question_new_POST 0 0 0 6607.80419921875 0.64501953125 451.03826240824895 2861
stats: newphase 0 6
stats: tr_friend_requests 0 0 0 18095.5361328125 0.638916015625 642.0927194203234 574
stats: 422 0 1218
stats: tr_friends 0 0 0 12007.241943359375 0.661865234375 632.956461730319 574
stats: size_sent 932 17530285
stats: tr_search_all_users 0 0 0 3359.234130859375 0.680908203125 633.61970589136 574
stats: connected -1 0
stats: tr_browse_quizzes_page_1 0 0 0 20258.06005859375 0.630126953125 1010.4331480028164 993
stats: error_connection_closed 0 351
stats: tr_play_game__1st_question 0 0 0 31041.10888671875 0.652099609375 652.7404903169844 993
stats: error_abort_max_send_retries 0 55
stats: tr_play_game__answer_to_question 0 0 0 18772.19091796875 0.635009765625 660.8261959694423 993
stats: 503 0 15041
stats: tr_index 0 0 0 32777.635009765625 1.197021484375 3767.7787933503273 993
stats: 500 0 2462
stats: tr_quizzes_page_INDEX 0 0 0 3342.61083984375 0.630859375 602.7028263102434 367
stats: 404 0 380
stats: tr_quiz_questions_SHOW 0 0 0 32138.55615234375 0.057861328125 578.518400318262 2861
EndMonitor:{1448,601831,303589}
