# stats: dump at 1449269813
stats: users 7 7
stats: {load,"tsung_controller@ip-172-30-3-16"} 1 0.01171875 0 0.01171875 0.01171875 0 0
stats: {cpu,"tsung_controller@ip-172-30-3-16"} 1 4.882799249191524 0 4.882799249191524 4.882799249191524 0 0
stats: {freemem,"tsung_controller@ip-172-30-3-16"} 1 3171.15625 0 3171.15625 3171.15625 0 0
stats: users_count 7 7
stats: finish_users_count 0 0
stats: request 14 32.62011718750001 39.28821577426454 126.7529296875 4.72509765625 0 0
stats: connect 6 33.905965169270836 46.856882406911886 108.107177734375 0.782958984375 0 0
stats: page 14 32.62011718750001 39.28821577426454 126.7529296875 4.72509765625 0 0
stats: tr_play_game__ready_page 2 33.1669921875 3.445068359375 36.612060546875 29.721923828125 0 0
stats: 302 4 4
stats: tr_browse_quizzes_page_1 4 7.14642333984375 2.6293949074067506 11.56689453125 4.7978515625 0 0
stats: 200 10 10
stats: tr_play_game__1st_question 2 36.6754150390625 25.9205322265625 62.595947265625 10.7548828125 0 0
stats: size_rcv 17113 17113
stats: tr_index 4 69.20782470703125 53.20452858292479 128.818115234375 11.151123046875 0 0
stats: size_sent 11422 11422
stats: connected 6 6
# stats: dump at 1449269823
stats: users 17 17
stats: {load,"tsung_controller@ip-172-30-3-16"} 1 0.0 0.0 0.01171875 0.0 0.01171875 1
stats: {recvpackets,"tsung_controller@ip-172-30-3-16"} 1 92 0 92 92 0 0
stats: {sentpackets,"tsung_controller@ip-172-30-3-16"} 1 107 0 107 107 0 0
stats: {cpu,"tsung_controller@ip-172-30-3-16"} 1 1.968503937007874 0.0 4.882799249191524 1.968503937007874 4.882799249191524 1
stats: {freemem,"tsung_controller@ip-172-30-3-16"} 1 3169.91796875 0.0 3171.15625 3169.91796875 3171.15625 1
stats: users_count 10 17
stats: finish_users_count 0 0
stats: request 35 20.452587890624997 40.821214051384445 154.29296875 3.60888671875 32.62011718750001 14
stats: connect 11 0.8000932173295454 0.07249409455593894 108.107177734375 0.6728515625 33.905965169270836 6
stats: page 32 22.37517547607422 44.961287727045594 167.427978515625 3.60888671875 32.62011718750001 14
stats: tr_play_game__ready_page 3 8.477376302083334 0.4747800725012544 36.612060546875 8.035888671875 33.1669921875 2
stats: 302 7 11
stats: tr_browse_quizzes_page_1 4 4.39752197265625 0.57354248538434 11.56689453125 3.655029296875 7.14642333984375 4
stats: 200 28 38
stats: tr_play_game__1st_question 1 8.77001953125 0.0 62.595947265625 8.77001953125 36.6754150390625 2
stats: size_rcv 50301 67414
stats: tr_play_game__answer_to_question 2 13.2135009765625 1.1304931640625 14.343994140625 12.0830078125 0 0
stats: size_sent 35735 47157
stats: tr_index 4 6.85833740234375 0.7161477161151527 128.818115234375 6.05810546875 69.20782470703125 4
stats: connected 11 17
# stats: dump at 1449269833
stats: users 28 30
stats: {load,"tsung_controller@ip-172-30-3-16"} 1 0.0 0.0 0.01171875 0.0 0.005859375 2
stats: {recvpackets,"tsung_controller@ip-172-30-3-16"} 1 197.0 0.0 197 92 92.0 1
stats: {sentpackets,"tsung_controller@ip-172-30-3-16"} 1 193.0 0.0 193 107 107.0 1
stats: {cpu,"tsung_controller@ip-172-30-3-16"} 1 1.3820335636722607 0.0 4.882799249191524 1.3820335636722607 3.425651593099699 2
stats: {freemem,"tsung_controller@ip-172-30-3-16"} 1 3169.33984375 0.0 3171.15625 3169.33984375 3170.537109375 2
stats: session 2 18920.612182617188 1334.2979736328125 20254.91015625 17586.314208984375 0 0
stats: users_count 13 30
stats: finish_users_count 2 2
stats: request 62 46.478173040574596 113.82997796697788 838.926025390625 3.60888671875 23.929024832589285 49
stats: connect 13 0.7328162560096154 0.10556228439465826 108.107177734375 0.56396484375 12.484518612132353 17
stats: page 57 50.55943325109649 119.74427744369481 838.926025390625 3.60888671875 25.49320121433424 46
stats: tr_play_game__ready_page 5 14.381201171875 8.034253522265411 36.612060546875 8.035888671875 18.35322265625 5
stats: 302 7 18
stats: tr_friend_requests 3 9.152750651041666 0.530409665657102 9.6259765625 8.412109375 0 0
stats: 200 55 93
stats: tr_friends 2 100.031982421875 9.363037109375 109.39501953125 90.6689453125 0 0
stats: size_rcv 129411 196825
stats: tr_search_all_users 1 98.552001953125 0 98.552001953125 98.552001953125 0 0
stats: size_sent 66301 113458
stats: tr_browse_quizzes_page_1 4 6.0462646484375 2.8570474234569927 11.56689453125 3.655029296875 5.77197265625 8
stats: connected 12 29
stats: tr_play_game__1st_question 6 17.664998372395832 12.454634755941134 62.595947265625 8.77001953125 27.373616536458332 3
stats: tr_play_game__answer_to_question 2 58.54052734375 28.6435546875 87.18408203125 12.0830078125 13.2135009765625 2
stats: tr_index 5 26.725634765625 27.612022503704274 128.818115234375 5.72509765625 38.0330810546875 8
stats: tr_quizzes_page_INDEX 2 8.7044677734375 0.1175537109375 8.822021484375 8.5869140625 0 0
# stats: dump at 1449269843
stats: users 37 37
stats: {load,"tsung_controller@ip-172-30-3-16"} 1 0.0 0.0 0.01171875 0.0 0.00390625 3
stats: {recvpackets,"tsung_controller@ip-172-30-3-16"} 1 405.0 0.0 405 92 144.5 2
stats: {sentpackets,"tsung_controller@ip-172-30-3-16"} 1 360.0 0.0 360 107 150.0 2
stats: {cpu,"tsung_controller@ip-172-30-3-16"} 1 1.4866204162537164 0.0 4.882799249191524 1.3820335636722607 2.7444455832905525 3
stats: {freemem,"tsung_controller@ip-172-30-3-16"} 1 3165.35546875 0.0 3171.15625 3165.35546875 3170.1380208333335 3
stats: session 2 27423.243896484375 680.467041015625 28103.7109375 17586.314208984375 18920.612182617188 2
stats: users_count 11 41
stats: finish_users_count 2 4
stats: request 72 44.23737589518228 78.22780757045408 838.926025390625 3.60888671875 36.52404455236486 111
stats: connect 11 1.017578125 1.005231551268915 108.107177734375 0.510986328125 7.3921142578125 30
stats: page 66 48.2630245324337 84.6992812634223 838.926025390625 3.60888671875 39.36480535118325 103
stats: tr_play_game__ready_page 4 13.00628662109375 4.711537205543512 36.612060546875 7.8740234375 16.3672119140625 10
stats: 302 10 28
stats: tr_play_game__leaderboard 1 11.120849609375 0 11.120849609375 11.120849609375 0 0
stats: 200 62 155
stats: tr_friend_requests 3 9.797932942708334 1.5000062032853885 11.90087890625 8.412109375 9.152750651041666 3
stats: size_rcv 166948 363773
stats: tr_friends 2 58.1590576171875 3.5760498046875 109.39501953125 54.5830078125 100.031982421875 2
stats: newphase 1 1
stats: tr_search_all_users 3 123.67439778645833 7.9903975423757165 131.069091796875 98.552001953125 98.552001953125 1
stats: size_sent 109192 222650
stats: tr_browse_quizzes_page_1 6 6.843505859375 6.364697682174978 21.06787109375 3.655029296875 5.8634033203125 12
stats: connected 8 37
stats: tr_play_game__1st_question 4 13.15118408203125 6.233869812689167 62.595947265625 8.77001953125 20.901204427083332 9
stats: tr_play_game__answer_to_question 4 29.12298583984375 14.114736140853335 87.18408203125 12.0830078125 35.87701416015625 4
stats: tr_index 6 12.761555989583334 5.361264402114673 128.818115234375 5.72509765625 33.68406325120192 13
stats: tr_quizzes_page_INDEX 1 8.68701171875 0.0 8.822021484375 8.5869140625 8.7044677734375 2
# stats: dump at 1449269853
stats: users 48 49
stats: {load,"tsung_controller@ip-172-30-3-16"} 1 0.0 0.0 0.01171875 0.0 0.0029296875 4
stats: {recvpackets,"tsung_controller@ip-172-30-3-16"} 1 416.0 0.0 416 92 231.33333333333334 3
stats: {sentpackets,"tsung_controller@ip-172-30-3-16"} 1 383.0 0.0 383 107 220.0 3
stats: {cpu,"tsung_controller@ip-172-30-3-16"} 1 1.483679525222552 0.0 4.882799249191524 1.3820335636722607 2.4299892915313435 4
stats: {freemem,"tsung_controller@ip-172-30-3-16"} 1 3164.75390625 0.0 3171.15625 3164.75390625 3168.9423828125 4
stats: session 3 33171.63273111979 8495.548168751984 44014.64306640625 17586.314208984375 23171.92803955078 4
stats: users_count 14 55
stats: finish_users_count 3 7
stats: request 159 104.2284281028892 256.5883934801065 2765.6171875 3.60888671875 39.55879786757172 183
stats: connect 12 2.7656453450520835 3.099769444663517 108.107177734375 0.510986328125 5.681872856326219 41
stats: page 131 126.53636204377385 288.7809066832557 2839.047119140625 3.60888671875 42.83984952847632 169
stats: tr_play_game__ready_page 7 174.560302734375 308.4812321200796 899.8828125 7.8740234375 15.406947544642858 14
stats: 302 8 36
stats: tr_play_game__leaderboard 2 48.5670166015625 24.0001220703125 72.567138671875 11.120849609375 11.120849609375 1
stats: 200 130 285
stats: tr_question_new_POST 21 29.225039527529763 34.23799698395087 158.549072265625 4.7880859375 0 0
stats: size_rcv 331014 694787
stats: tr_quiz_new_POST 3 955.259033203125 1280.8019298081842 2766.2900390625 21.364013671875 0 0
stats: newphase 0 1
stats: tr_friend_requests 1 8.262939453125 0.0 11.90087890625 8.262939453125 9.475341796875 6
stats: size_sent 252776 475426
stats: tr_friends 2 243.10302734375 95.126953125 338.22998046875 54.5830078125 79.09552001953125 4
stats: connected 10 47
stats: tr_search_all_users 1 502.427001953125 0.0 502.427001953125 98.552001953125 117.393798828125 4
stats: 404 21 21
stats: tr_browse_quizzes_page_1 6 37.625325520833336 45.973469932445106 114.39794921875 3.655029296875 6.190104166666667 18
stats: tr_play_game__1st_question 6 75.733642578125 104.7496765032335 298.77001953125 8.77001953125 18.516582782451923 13
stats: tr_play_game__answer_to_question 8 158.17672729492188 240.8863048306319 744.12890625 11.2509765625 32.5 8
stats: tr_index 6 44.507486979166664 74.82560562812982 211.56591796875 5.72509765625 27.076955694901315 19
stats: tr_quizzes_page_INDEX 1 9.697021484375 0.0 9.697021484375 8.5869140625 8.698649088541666 3
stats: tr_quiz_questions_SHOW 21 46.52618117559524 30.531688471629867 125.051025390625 8.4609375 0 0
# stats: dump at 1449269863
stats: users 51 52
stats: {load,"tsung_controller@ip-172-30-3-16"} 1 0.0 0.0 0.01171875 0.0 0.00234375 5
stats: {recvpackets,"tsung_controller@ip-172-30-3-16"} 1 967.0 0.0 967 92 277.5 4
stats: {sentpackets,"tsung_controller@ip-172-30-3-16"} 1 802.0 0.0 802 107 260.75 4
stats: {cpu,"tsung_controller@ip-172-30-3-16"} 1 2.277227722772277 0.0 4.882799249191524 1.3820335636722607 2.2407273382695854 5
stats: {freemem,"tsung_controller@ip-172-30-3-16"} 1 3160.62890625 0.0 3171.15625 3160.62890625 3168.1046875 5
stats: session 8 40347.16729736328 10527.534692610732 53972.568115234375 17586.314208984375 27457.515764508928 7
stats: users_count 11 66
stats: finish_users_count 8 15
stats: request 149 228.14228810559987 602.1246378187826 4585.361083984375 3.60888671875 69.6245031524123 342
stats: connect 13 1.4960749699519231 1.4914312961095229 108.107177734375 0.510986328125 5.021594929245283 53
stats: page 125 271.96121093750014 670.8018595227522 4626.300048828125 3.60888671875 79.38732666015625 300
stats: tr_play_game__ready_page 4 43.96856689453125 28.422863786501765 899.8828125 7.8740234375 68.45806594122024 21
stats: 302 19 55
stats: tr_play_game__leaderboard 4 28.04510498046875 33.18650032699109 85.506103515625 8.130126953125 36.0849609375 3
stats: 200 119 404
stats: tr_question_new_POST 11 112.47454279119319 272.1722661596571 965.51611328125 4.739990234375 29.225039527529763 21
stats: size_rcv 292248 987035
stats: tr_quiz_new_POST 1 4586.037109375 0.0 4586.037109375 21.364013671875 955.259033203125 3
stats: newphase 0 1
stats: tr_friend_requests 6 75.0765380859375 103.44891886811759 299.486083984375 8.262939453125 9.302141462053571 7
stats: size_sent 215043 690469
stats: tr_friends 2 105.8155517578125 7.8524169921875 338.22998046875 54.5830078125 133.76468912760416 6
stats: connected 4 51
stats: tr_search_all_users 1 791.10009765625 0.0 791.10009765625 98.552001953125 194.400439453125 5
stats: 404 11 32
stats: tr_browse_quizzes_page_1 9 109.12103949652777 155.42715014151577 454.927978515625 3.655029296875 14.048909505208334 24
stats: tr_play_game__1st_question 5 98.598486328125 84.81259539121633 298.77001953125 8.77001953125 36.58512798108553 19
stats: tr_play_game__answer_to_question 4 99.1204833984375 125.40080372142461 744.12890625 11.2509765625 95.33836364746094 16
stats: tr_index 8 68.5947265625 119.17356787267315 372.47216796875 5.72509765625 31.260283203125 25
stats: tr_quizzes_page_INDEX 1 59.60595703125 0.0 59.60595703125 8.5869140625 8.9482421875 4
stats: tr_quiz_questions_SHOW 11 64.32981178977273 74.49622365463537 283.808837890625 8.4609375 46.52618117559524 21
# stats: dump at 1449269873
stats: users 55 55
stats: {load,"tsung_controller@ip-172-30-3-16"} 1 0.0 0.0 0.01171875 0.0 0.001953125 6
stats: {recvpackets,"tsung_controller@ip-172-30-3-16"} 1 752.0 0.0 967 92 415.4 5
stats: {sentpackets,"tsung_controller@ip-172-30-3-16"} 1 650.0 0.0 802 107 369.0 5
stats: {cpu,"tsung_controller@ip-172-30-3-16"} 1 2.263779527559055 0.0 4.882799249191524 1.3820335636722607 2.246810735686701 6
stats: {freemem,"tsung_controller@ip-172-30-3-16"} 1 3159.67578125 0.0 3171.15625 3159.67578125 3166.8587239583335 6
stats: session 11 37332.817915482956 12063.771300709084 58276.94091796875 17586.314208984375 34331.99658203125 15
stats: users_count 15 81
stats: finish_users_count 11 26
stats: request 147 54.829838966836746 106.34099831556412 4585.361083984375 3.60888671875 117.72867821967289 491
stats: connect 14 0.673095703125 0.07989880624565147 108.107177734375 0.510986328125 4.327174331202651 66
stats: page 132 61.072493119673254 110.97953226288345 4626.300048828125 3.60888671875 136.0267043887868 425
stats: tr_play_game__ready_page 10 14.1398193359375 9.102380411651962 899.8828125 7.8740234375 64.53974609375 25
stats: 302 5 60
stats: tr_play_game__leaderboard 6 34.4876708984375 31.961815656780338 102.593017578125 8.130126953125 31.490757533482142 7
stats: 200 134 538
stats: tr_question_new_POST 8 9.496368408203125 4.792279437858129 965.51611328125 4.47705078125 57.84205627441406 32
stats: size_rcv 365338 1352373
stats: tr_quiz_new_POST 1 23.897216796875 0.0 4586.037109375 21.364013671875 1862.9535522460938 4
stats: newphase 1 2
stats: tr_friend_requests 3 9.714029947916666 0.2734346177690977 299.486083984375 8.262939453125 39.65955528846154 13
stats: size_sent 247493 937962
stats: tr_friends 4 80.27032470703125 21.027105816124426 338.22998046875 54.5830078125 126.77740478515625 8
stats: connected 3 54
stats: tr_search_all_users 5 337.615869140625 240.52834233475633 791.10009765625 98.552001953125 293.8503824869792 6
stats: 404 8 40
stats: tr_browse_quizzes_page_1 3 18.572672526041668 20.006811879670817 454.927978515625 3.655029296875 39.97767223011363 33
stats: tr_play_game__1st_question 8 22.36444091796875 14.68440463632291 298.77001953125 8.77001953125 49.50457763671875 24
stats: tr_play_game__answer_to_question 7 84.39990234375 108.01582513658109 744.12890625 10.782958984375 96.09478759765625 20
stats: tr_index 6 7.5821533203125 2.1545336141630274 372.47216796875 5.72509765625 40.31105735085227 33
stats: tr_quizzes_page_INDEX 3 31.238606770833332 30.793501522463185 74.787109375 8.5869140625 19.07978515625 5
stats: tr_quiz_questions_SHOW 8 20.21990966796875 7.0774293759290225 283.808837890625 8.4609375 52.64617919921875 32
# stats: dump at 1449269883
stats: users 69 69
stats: {load,"tsung_controller@ip-172-30-3-16"} 1 0.0 0.0 0.01171875 0.0 0.0016741071428571428 7
stats: {recvpackets,"tsung_controller@ip-172-30-3-16"} 1 1038.0 0.0 1038 92 471.5 6
stats: {sentpackets,"tsung_controller@ip-172-30-3-16"} 1 883.0 0.0 883 107 415.8333333333333 6
stats: {cpu,"tsung_controller@ip-172-30-3-16"} 1 2.083333333333333 0.0 4.882799249191524 1.3820335636722607 2.249234848811323 7
stats: {freemem,"tsung_controller@ip-172-30-3-16"} 1 3157.1796875 0.0 3171.15625 3157.1796875 3165.832589285714 7
stats: session 12 42703.96417236328 8925.559142779826 58276.94091796875 17586.314208984375 35601.574838491586 26
stats: users_count 26 107
stats: finish_users_count 12 38
stats: request 209 56.68037903708132 85.63208186527163 4585.361083984375 3.60888671875 103.23631243571221 638
stats: connect 27 2.210476345486111 2.76590533158489 108.107177734375 0.510986328125 3.6877105712890623 80
stats: page 184 64.39217741593069 98.77239116071006 4626.300048828125 3.60888671875 118.26376742734517 557
stats: tr_play_game__ready_page 9 34.12665473090278 29.84955333803334 899.8828125 7.673095703125 50.13976702008929 35
stats: 302 21 81
stats: tr_play_game__leaderboard 6 36.407796223958336 18.277314243708172 102.593017578125 8.130126953125 32.87394831730769 13
stats: 200 180 718
stats: tr_question_new_POST 8 18.01849365234375 18.642613016258746 965.51611328125 4.47705078125 48.172918701171874 40
stats: size_rcv 453540 1805913
stats: tr_quiz_new_POST 1 20.7919921875 0.0 4586.037109375 20.7919921875 1495.14228515625 5
stats: newphase 0 2
stats: tr_friend_requests 4 59.561279296875 67.72958863296665 299.486083984375 7.881103515625 34.044769287109375 16
stats: size_sent 336940 1274902
stats: tr_friends 5 120.133447265625 45.297847938839276 338.22998046875 54.5830078125 111.27504475911458 12
stats: connected 15 69
stats: tr_search_all_users 5 172.90224609375 57.95718375204249 791.10009765625 98.552001953125 313.7437855113636 11
stats: 404 8 48
stats: tr_browse_quizzes_page_1 10 15.043408203125 20.821425264205658 454.927978515625 3.655029296875 38.19392225477431 36
stats: tr_play_game__1st_question 9 50.269259982638886 57.75317571712939 298.77001953125 8.77001953125 42.71954345703125 32
stats: tr_play_game__answer_to_question 10 38.2974365234375 23.216893177065405 744.12890625 10.27587890625 93.06278030960648 27
stats: tr_index 11 23.4873046875 22.823446822363525 372.47216796875 5.72509765625 35.27584134615385 39
stats: tr_quizzes_page_INDEX 3 14.312662760416666 8.096840950266806 74.787109375 8.43505859375 23.63934326171875 8
stats: tr_quiz_questions_SHOW 8 27.8126220703125 15.332900313026112 283.808837890625 8.4609375 46.16092529296875 40
# stats: dump at 1449269893
stats: users 82 82
stats: {load,"tsung_controller@ip-172-30-3-16"} 1 0.0 0.0 0.01171875 0.0 0.00146484375 8
stats: {recvpackets,"tsung_controller@ip-172-30-3-16"} 1 1210.0 0.0 1210 92 552.4285714285714 7
stats: {sentpackets,"tsung_controller@ip-172-30-3-16"} 1 1124.0 0.0 1124 107 482.57142857142856 7
stats: {cpu,"tsung_controller@ip-172-30-3-16"} 1 2.68389662027833 0.0 4.882799249191524 1.3820335636722607 2.228497159376574 8
stats: {freemem,"tsung_controller@ip-172-30-3-16"} 1 3153.55078125 0.0 3171.15625 3153.55078125 3164.7509765625 8
stats: session 8 32044.354095458984 10963.136857609581 58276.94091796875 13092.796875 37844.43462813528 38
stats: users_count 21 128
stats: finish_users_count 8 46
stats: request 243 61.872347608024704 92.01244013357743 4585.361083984375 3.60888671875 91.74848471397212 847
stats: connect 20 2.9846435546875005 3.2519251347617377 108.107177734375 0.510986328125 3.3149505330023366 107
stats: page 210 71.61177339099709 106.33189286982454 4626.300048828125 3.60888671875 104.88674642586034 741
stats: tr_play_game__ready_page 10 17.956103515625 16.199167708147932 899.8828125 7.4580078125 46.86435768821023 44
stats: 302 24 105
stats: tr_play_game__leaderboard 4 17.9384765625 8.699796314020086 102.593017578125 8.130126953125 33.989900287828945 19
stats: 200 203 921
stats: tr_question_new_POST 16 37.338043212890625 32.98617699608703 965.51611328125 4.47705078125 43.14718119303385 48
stats: size_rcv 480567 2286480
stats: tr_quiz_new_POST 2 114.178466796875 29.862548828125 4586.037109375 20.7919921875 1249.417236328125 6
stats: newphase 0 2
stats: tr_friend_requests 8 51.76092529296875 47.86384041895503 299.486083984375 7.881103515625 39.1480712890625 20
stats: size_sent 377280 1652182
stats: tr_friends 4 113.126708984375 54.26234900512417 338.22998046875 54.5830078125 113.8804572610294 17
stats: connected 12 81
stats: tr_search_all_users 2 295.8665771484375 136.6654052734375 791.10009765625 98.552001953125 269.7308044433594 16
stats: 404 16 64
stats: tr_browse_quizzes_page_1 13 19.684964693509617 26.531803621742363 454.927978515625 3.655029296875 33.161201808763586 46
stats: tr_play_game__1st_question 10 46.1056640625 51.545139610747356 298.77001953125 8.526123046875 44.37679830411585 41
stats: tr_play_game__answer_to_question 11 48.97434303977273 43.671313178450156 744.12890625 10.27587890625 78.26133604307432 37
stats: tr_index 9 44.66845703125 49.54441498864515 372.47216796875 5.72509765625 32.68236328125 50
stats: tr_quizzes_page_INDEX 4 35.20550537109375 26.150470877044253 77.18603515625 8.2060546875 21.095703125 11
stats: tr_quiz_questions_SHOW 16 45.050323486328125 29.575127194899117 283.808837890625 8.4609375 43.102874755859375 48
# stats: dump at 1449269903
stats: users 89 90
stats: {load,"tsung_controller@ip-172-30-3-16"} 1 0.0 0.0 0.01171875 0.0 0.0013020833333333333 9
stats: {recvpackets,"tsung_controller@ip-172-30-3-16"} 1 1490.0 0.0 1490 92 634.625 8
stats: {sentpackets,"tsung_controller@ip-172-30-3-16"} 1 1276.0 0.0 1276 107 562.75 8
stats: {cpu,"tsung_controller@ip-172-30-3-16"} 1 2.783300198807157 0.0 4.882799249191524 1.3820335636722607 2.279097099476769 9
stats: {freemem,"tsung_controller@ip-172-30-3-16"} 1 3146.29296875 0.0 3171.15625 3146.29296875 3163.5065104166665 9
stats: session 14 34319.415719168515 11389.062667547996 59568.81298828125 13092.796875 36835.724970278534 46
stats: users_count 21 149
stats: finish_users_count 14 60
stats: request 245 90.36294941804844 121.52798957678091 4585.361083984375 3.60888671875 85.08802479035265 1090
stats: connect 21 1.8115583147321428 2.097805762789048 108.107177734375 0.510986328125 3.262933686023622 127
stats: page 205 106.67374595083841 138.78885433421704 4626.300048828125 3.60888671875 97.53896058219969 951
stats: tr_play_game__ready_page 10 85.7578369140625 86.70062995557556 899.8828125 7.4580078125 41.510977285879626 54
stats: 302 21 126
stats: tr_play_game__leaderboard 8 44.71014404296875 43.23053075330622 151.283935546875 8.130126953125 31.198348335597824 23
stats: 200 204 1125
stats: tr_question_new_POST 20 63.23958740234375 72.4889450993908 965.51611328125 4.47705078125 41.69489669799805 64
stats: size_rcv 557223 2843703
stats: tr_quiz_new_POST 4 67.3712158203125 41.764977275829246 4586.037109375 20.7919921875 965.6075439453125 8
stats: newphase 1 3
stats: tr_friend_requests 4 36.677978515625 18.31938660809498 299.486083984375 7.881103515625 42.751743861607146 28
stats: size_sent 370161 2022343
stats: tr_friends 4 190.40228271484375 91.91729521076044 338.22998046875 54.5830078125 113.73688616071429 21
stats: connected 8 89
stats: tr_search_all_users 5 294.950634765625 177.79897319846657 791.10009765625 98.552001953125 272.63477918836804 18
stats: 404 20 84
stats: tr_browse_quizzes_page_1 9 64.75895182291667 60.3724842239547 454.927978515625 3.655029296875 30.19186142743644 59
stats: tr_play_game__1st_question 10 46.228515625 45.58722306897769 298.77001953125 8.526123046875 44.71579159007353 51
stats: tr_play_game__answer_to_question 7 46.397042410714285 65.55791657826317 744.12890625 10.27587890625 71.5497334798177 48
stats: tr_index 12 45.823079427083336 48.07739738534606 372.47216796875 5.72509765625 34.51075046345339 59
stats: tr_quizzes_page_INDEX 6 48.570231119791664 34.56341309104888 102.343994140625 8.2060546875 24.858317057291668 15
stats: tr_quiz_questions_SHOW 19 81.4896304481908 70.09039345697445 296.171142578125 8.4609375 43.58973693847656 64
# stats: dump at 1449269913
stats: users 108 109
stats: {load,"tsung_controller@ip-172-30-3-16"} 1 0.0 0.0 0.01171875 0.0 0.001171875 10
stats: {recvpackets,"tsung_controller@ip-172-30-3-16"} 1 1533.0 0.0 1533 92 729.6666666666666 9
stats: {sentpackets,"tsung_controller@ip-172-30-3-16"} 1 1271.0 0.0 1276 107 642.0 9
stats: {cpu,"tsung_controller@ip-172-30-3-16"} 1 2.783300198807157 0.0 4.882799249191524 1.3820335636722607 2.329517409409808 10
stats: {freemem,"tsung_controller@ip-172-30-3-16"} 1 3146.921875 0.0 3171.15625 3146.29296875 3161.78515625 10
stats: session 20 37953.31656494141 14925.510183347365 73524.17114257813 13092.796875 36248.58614501953 60
stats: users_count 39 188
stats: finish_users_count 20 80
stats: request 371 143.31340483385281 181.55120161842643 4585.361083984375 3.60888671875 86.0560821190309 1335
stats: connect 38 3.3940815172697367 3.2878471699271925 108.107177734375 0.510986328125 3.056995288745777 148
stats: page 302 176.9944227610203 225.7637972675983 4626.300048828125 3.60888671875 99.15888359307421 1156
stats: tr_play_game__ready_page 12 97.73443603515625 128.6433650399607 899.8828125 7.4580078125 48.4245491027832 64
stats: 302 27 153
stats: tr_play_game__leaderboard 8 64.868896484375 65.25151321581184 217.513916015625 8.130126953125 34.68526335685484 31
stats: 200 301 1426
stats: tr_question_new_POST 43 70.64835801235465 73.11657470498582 965.51611328125 4.47705078125 46.8245849609375 84
stats: size_rcv 834758 3678461
stats: tr_quiz_new_POST 4 150.633056640625 98.30700036000255 4586.037109375 20.7919921875 666.1954345703125 12
stats: newphase 0 3
stats: tr_friend_requests 9 132.42418077256946 69.76614737938542 299.486083984375 7.881103515625 41.992523193359375 32
stats: size_sent 494608 2516951
stats: tr_friends 10 342.502001953125 151.19753332383246 564.6748046875 54.5830078125 126.003349609375 25
stats: connected 20 109
stats: tr_search_all_users 5 448.4548828125 185.31444336098292 791.10009765625 98.552001953125 277.4860521399456 23
stats: 404 43 127
stats: tr_browse_quizzes_page_1 15 59.738476562500004 65.29337566287049 454.927978515625 3.655029296875 34.766917509191174 68
stats: tr_play_game__1st_question 12 115.81813557942708 91.4653804926198 298.77001953125 8.526123046875 44.96377913678279 61
stats: tr_play_game__answer_to_question 8 138.40789794921875 76.50299059882562 744.12890625 10.27587890625 68.34848188920455 55
stats: tr_index 19 85.2225406044408 63.03377923296733 372.47216796875 5.72509765625 36.4226933868838 71
stats: tr_quizzes_page_INDEX 2 102.8426513671875 94.7135009765625 197.55615234375 8.129150390625 31.63314964657738 21
stats: tr_quiz_questions_SHOW 44 98.06659490411934 83.65303241450177 340.0751953125 7.951904296875 52.26561617564006 83
# stats: dump at 1449269923
stats: users 120 121
stats: {load,"tsung_controller@ip-172-30-3-16"} 1 0.0 0.0 0.01171875 0.0 0.001065340909090909 11
stats: {recvpackets,"tsung_controller@ip-172-30-3-16"} 1 1968.0 0.0 1968 92 810.0 10
stats: {sentpackets,"tsung_controller@ip-172-30-3-16"} 1 1639.0 0.0 1639 107 704.9 10
stats: {cpu,"tsung_controller@ip-172-30-3-16"} 1 3.5678889990089195 0.0 4.882799249191524 1.3820335636722607 2.3707703902641124 11
stats: {freemem,"tsung_controller@ip-172-30-3-16"} 1 3147.5390625 0.0 3171.15625 3146.29296875 3160.4339488636365 11
stats: session 18 41695.78340657552 17370.54604743945 76533.62890625 10573.236083984375 36674.76875 80
stats: users_count 30 218
stats: finish_users_count 18 98
stats: request 273 72.83482858287549 118.55112817181218 4585.361083984375 3.60888671875 98.50770388175009 1706
stats: connect 32 1.8151092529296875 2.485577986648184 108.107177734375 0.510986328125 3.1258623676915325 186
stats: page 246 80.8374817390752 127.87375456905124 4626.300048828125 3.60888671875 115.28119691867072 1458
stats: tr_play_game__ready_page 18 51.285847981770836 34.07254554551185 899.8828125 7.4580078125 56.21032072368421 76
stats: 302 30 183
stats: tr_play_game__leaderboard 5 23.918408203125 13.329955662784545 217.513916015625 8.130126953125 40.876777844551285 39
stats: 200 234 1660
stats: tr_question_new_POST 9 20.936143663194443 16.657557308793315 965.51611328125 4.4638671875 54.89090182086614 127
stats: size_rcv 635880 4314341
stats: tr_quiz_new_POST 1 23.116943359375 0.0 4586.037109375 20.7919921875 537.3048400878906 16
stats: newphase 0 3
stats: tr_friend_requests 7 56.133335658482146 31.324982479719395 299.486083984375 7.881103515625 61.84337485708841 41
stats: size_sent 406474 2923425
stats: tr_friends 4 223.4100341796875 172.68582410000025 564.6748046875 51.52001953125 187.860107421875 35
stats: connected 11 120
stats: tr_search_all_users 10 260.42744140625 129.82762349653373 791.10009765625 98.552001953125 308.01620047433033 28
stats: 404 9 136
stats: tr_browse_quizzes_page_1 17 20.06950827205882 15.524284131633676 454.927978515625 3.655029296875 39.27984986822289 83
stats: tr_play_game__1st_question 16 49.772613525390625 34.05802762510947 298.77001953125 8.526123046875 56.61107060680651 73
stats: tr_play_game__answer_to_question 13 43.07496995192308 25.79388956803067 744.12890625 9.916015625 77.24491567460318 63
stats: tr_index 15 26.770279947916666 23.8334054450298 372.47216796875 5.72509765625 46.72488335503472 90
stats: tr_quizzes_page_INDEX 6 36.8980712890625 17.57509177408612 197.55615234375 8.129150390625 37.82528023097826 23
stats: tr_quiz_questions_SHOW 9 34.745090060763886 26.741925166722243 340.0751953125 7.639892578125 68.13367179810531 127
# stats: dump at 1449269933
stats: users 174 174
stats: {load,"tsung_controller@ip-172-30-3-16"} 1 0.0 0.0 0.01171875 0.0 9.765625e-4 12
stats: {recvpackets,"tsung_controller@ip-172-30-3-16"} 1 1678.0 0.0 1968 92 915.2727272727273 11
stats: {sentpackets,"tsung_controller@ip-172-30-3-16"} 1 1473.0 0.0 1639 107 789.8181818181819 11
stats: {cpu,"tsung_controller@ip-172-30-3-16"} 1 3.663366336633663 0.0 4.882799249191524 1.3820335636722607 2.4705302743261797 12
stats: {freemem,"tsung_controller@ip-172-30-3-16"} 1 3143.31640625 0.0 3171.15625 3143.31640625 3159.359375 12
stats: session 10 45234.50876464844 27314.207979641942 116155.86181640625 10573.236083984375 37596.99593181999 98
stats: users_count 64 282
stats: finish_users_count 10 108
stats: request 314 491.28594620820076 414.3832876957771 4585.361083984375 3.60888671875 94.9661703008543 1979
stats: connect 65 2.3586500901442307 2.868842667699654 108.107177734375 0.510986328125 2.933458240754014 218
stats: page 288 524.7388695610894 504.0813268897284 4626.300048828125 3.60888671875 110.30868874133475 1704
stats: tr_play_game__ready_page 19 415.7159488075658 368.26983876976374 899.8828125 7.178955078125 55.267336581615695 94
stats: 302 37 220
stats: tr_play_game__leaderboard 7 216.33164760044642 308.33036898932636 730.62109375 8.088134765625 38.9496903852983 44
stats: 200 276 1936
stats: tr_question_new_POST 3 774.99462890625 67.45266819648212 965.51611328125 4.4638671875 52.64389576631434 136
stats: size_rcv 588645 4902986
stats: tr_quiz_new_POST 3 754.627685546875 81.50751715007274 4586.037109375 20.7919921875 507.0584932215074 17
stats: newphase 1 4
stats: tr_friend_requests 8 298.76922607421875 305.5203311900561 744.620849609375 7.679931640625 61.010660807291664 48
stats: size_sent 564423 3487848
stats: tr_friends 5 197.23154296875 162.40211944954362 564.6748046875 51.52001953125 191.5062537560096 39
stats: connected 53 173
stats: tr_search_all_users 4 1099.7572631835938 252.17826079814543 1359.40185546875 98.552001953125 295.4928428248355 38
stats: 404 3 139
stats: tr_browse_quizzes_page_1 22 426.875732421875 369.51496200010354 1004.343994140625 3.655029296875 36.014091796875 100
stats: tr_play_game__1st_question 19 344.75950863486844 348.67760224377366 913.988037109375 8.526123046875 55.38168506408006 89
stats: tr_play_game__answer_to_question 19 410.6724789268092 358.1036283085018 860.39501953125 9.916015625 71.40005653782895 76
stats: tr_index 26 538.7418025090144 325.8983723771518 840.97607421875 5.72509765625 43.87422572544643 105
stats: tr_quizzes_page_INDEX 5 612.835205078125 294.5493214770781 805.947021484375 8.129150390625 37.6334438981681 29
stats: tr_quiz_questions_SHOW 1 609.828125 0.0 609.828125 7.639892578125 65.92413330078125 136
# stats: dump at 1449269943
stats: users 258 258
stats: {load,"tsung_controller@ip-172-30-3-16"} 1 0.0 0.0 0.01171875 0.0 9.014423076923077e-4 13
stats: {recvpackets,"tsung_controller@ip-172-30-3-16"} 1 2170.0 0.0 2170 92 978.8333333333334 12
stats: {sentpackets,"tsung_controller@ip-172-30-3-16"} 1 2027.0 0.0 2027 107 846.75 12
stats: {cpu,"tsung_controller@ip-172-30-3-16"} 1 5.8128078817733995 0.0 5.8128078817733995 1.3820335636722607 2.5622868945036785 13
stats: {freemem,"tsung_controller@ip-172-30-3-16"} 1 3130.15625 0.0 3171.15625 3130.15625 3158.125300480769 13
stats: session 4 43537.01007080078 12886.994955632461 116155.86181640625 10573.236083984375 38304.17304597077 108
stats: users_count 88 370
stats: finish_users_count 4 112
stats: request 400 1724.1377886962885 699.8482266553091 4585.361083984375 0.5830078125 149.2376093043025 2293
stats: connect 87 3.304695918642242 3.69751257275488 108.107177734375 0.510986328125 2.8014351672924027 283
stats: page 356 1886.442856006408 891.3788036589309 5178.10302734375 0.7978515625 170.22630524539565 1992
stats: tr_play_game__ready_page 18 1691.6893988715278 768.1467674644252 2599.05419921875 7.178955078125 115.87374040721792 113
stats: 302 48 268
stats: tr_play_game__leaderboard 9 1631.1650390625 796.1583790770007 2640.260009765625 8.088134765625 63.29623353247549 51
stats: 200 323 2259
stats: tr_question_new_POST 7 1729.9174107142858 541.3429857288965 2581.050048828125 4.4638671875 68.23419935926259 139
stats: size_rcv 709050 5612036
stats: tr_quiz_new_POST 4 1461.9857788085938 373.2011063937549 4586.037109375 20.7919921875 544.1938720703125 20
stats: newphase 0 4
stats: tr_friend_requests 10 1534.9215576171875 699.27220323267 2534.52587890625 1.041015625 94.97617013113839 56
stats: size_sent 583403 4071251
stats: tr_friends 10 1763.8996337890626 497.8186701795049 2547.72607421875 51.52001953125 192.15685480291194 44
stats: connected 83 256
stats: tr_search_all_users 3 2000.7594401041667 113.550154284392 2117.84619140625 98.552001953125 372.0894542875744 42
stats: 503 20 20
stats: tr_browse_quizzes_page_1 28 1954.597159249442 565.1147677637732 2664.843994140625 3.655029296875 106.49733846695696 122
stats: 404 7 146
stats: tr_play_game__1st_question 14 1594.8359898158483 497.05100869971557 2642.968994140625 8.526123046875 106.29074661820023 108
stats: tr_play_game__answer_to_question 17 1522.8335391773896 674.7217357586866 2557.074951171875 0.869140625 139.254541015625 95
stats: tr_index 43 1724.8599257358285 653.394297227786 2734.005126953125 1.34912109375 142.09221806416986 131
stats: tr_quizzes_page_INDEX 5 1673.468994140625 714.0850433189257 2554.241943359375 8.129150390625 122.22193818933823 34
stats: tr_quiz_questions_SHOW 7 1417.2157156808037 576.5406635767104 2520.12890625 7.639892578125 69.89423542997262 137
# stats: dump at 1449269953
stats: users 310 310
stats: {load,"tsung_controller@ip-172-30-3-16"} 1 0.0 0.0 0.01171875 0.0 8.370535714285714e-4 14
stats: {recvpackets,"tsung_controller@ip-172-30-3-16"} 1 2561.0 0.0 2561 92 1070.4615384615386 13
stats: {sentpackets,"tsung_controller@ip-172-30-3-16"} 1 2320.0 0.0 2320 107 937.5384615384615 13
stats: {cpu,"tsung_controller@ip-172-30-3-16"} 1 6.021717670286279 0.0 6.021717670286279 1.3820335636722607 2.7944669650229446 14
stats: {freemem,"tsung_controller@ip-172-30-3-16"} 1 3120.890625 0.0 3171.15625 3120.890625 3156.127511160714 14
stats: session 18 55602.32919650608 16754.100420518495 116155.86181640625 10573.236083984375 38491.060082571836 112
stats: users_count 70 440
stats: finish_users_count 18 130
stats: request 496 1757.8580652052353 1143.792812247831 4585.361083984375 0.071044921875 383.1626266666472 2693
stats: connect 76 3.184432180304276 3.554338439900915 108.107177734375 0.506103515625 2.9197694520692568 370
stats: page 441 1880.82991591819 1358.2115082426374 6195.27685546875 0.60302734375 430.43631038633276 2348
stats: tr_play_game__ready_page 39 2062.7205716646636 1014.4605036802777 3724.927001953125 0.6630859375 332.3980293565124 131
stats: 302 59 327
stats: tr_play_game__leaderboard 10 2181.03994140625 1214.8649700323817 3631.587158203125 1.017822265625 298.47655436197914 60
stats: 200 308 2567
stats: tr_question_new_POST 16 1727.76708984375 1132.0299137824788 3501.1220703125 0.694091796875 147.90394236943493 146
stats: size_rcv 751553 6363589
stats: tr_quiz_new_POST 5 1830.960205078125 966.2794215380356 4586.037109375 4.712890625 697.159189860026 24
stats: newphase 0 4
stats: tr_friend_requests 16 1752.8010864257813 1054.2697514593547 3651.373046875 0.7099609375 313.1497136896307 66
stats: 422 1 1
stats: tr_friends 8 2168.4481811523438 1023.6059781825633 3693.830078125 0.875 483.22033239293984 54
stats: size_sent 730244 4801495
stats: tr_search_all_users 7 2139.492989676339 1462.596541286988 4095.338134765625 0.718017578125 480.6674533420139 45
stats: connected 52 308
stats: tr_browse_quizzes_page_1 43 1493.0923192223838 905.4661765849434 3511.723876953125 0.68701171875 451.4759716796875 150
stats: 503 109 129
stats: tr_play_game__1st_question 33 1685.8539077296402 1282.6290465996165 3758.673095703125 0.751953125 277.10741387038934 122
stats: 404 14 160
stats: tr_play_game__answer_to_question 17 1639.5036477481617 910.397874085097 3682.59912109375 0.869140625 349.26206752232144 112
stats: tr_index 39 1693.4621331630608 1115.3546691079039 3624.617919921875 1.22119140625 533.2359619140625 174
stats: tr_quizzes_page_INDEX 4 1923.412841796875 246.1727063481861 2554.241943359375 8.129150390625 321.09976587540064 39
stats: tr_quiz_questions_SHOW 14 1552.2181919642858 1123.1971978638662 3711.8388671875 0.125 135.38902960883246 144
# stats: dump at 1449269963
stats: users 429 429
stats: {load,"tsung_controller@ip-172-30-3-16"} 1 0.0 0.0 0.01171875 0.0 7.8125e-4 15
stats: {recvpackets,"tsung_controller@ip-172-30-3-16"} 1 2682.0 0.0 2682 92 1176.9285714285713 14
stats: {sentpackets,"tsung_controller@ip-172-30-3-16"} 1 2477.0 0.0 2477 107 1036.2857142857142 14
stats: {cpu,"tsung_controller@ip-172-30-3-16"} 1 6.594488188976378 0.0 6.594488188976378 1.3820335636722607 3.0096170120405 15
stats: {freemem,"tsung_controller@ip-172-30-3-16"} 1 3110.140625 0.0 3171.15625 3110.140625 3153.778385416667 15
stats: session 35 52557.57583705357 20067.55051100132 116155.86181640625 10573.236083984375 40860.31272911658 130
stats: users_count 154 594
stats: finish_users_count 35 165
stats: request 962 1135.9264735739364 1426.8679219786459 5002.410888671875 0.066162109375 596.9754010520783 3189
stats: connect 196 2.760268853635205 3.37748038491313 108.107177734375 0.488037109375 2.964868930423206 446
stats: page 843 1335.4255168367247 1784.8131499637684 8046.550048828125 0.5849609375 659.7742738282651 2789
stats: tr_play_game__ready_page 50 1282.0481445312498 1404.399827626057 3724.927001953125 0.6630859375 729.3543772977941 170
stats: 302 48 375
stats: tr_play_game__leaderboard 15 510.1908528645834 1009.9825016156219 3631.587158203125 0.81201171875 567.4141810825893 70
stats: 200 305 2872
stats: tr_question_new_POST 54 601.2929144965278 1135.0474415351175 3501.1220703125 0.679931640625 303.9398087866512 162
stats: size_rcv 1031191 7394780
stats: tr_quiz_new_POST 8 930.0734558105469 1188.3092027156476 4586.037109375 1.112060546875 892.642123518319 29
stats: newphase 1 5
stats: tr_friend_requests 22 1424.6373180042613 1310.1692699380014 3651.373046875 0.705078125 594.0572986137577 82
stats: 422 5 6
stats: tr_friends 19 1449.123445209704 1712.9720344468421 4145.43310546875 0.669921875 700.6690870715726 62
stats: size_sent 1136317 5937812
stats: tr_search_all_users 18 1200.4990641276042 1717.8739448895358 4189.254150390625 0.69189453125 703.9708909254807 52
stats: connected 119 427
stats: tr_browse_quizzes_page_1 62 1189.7763002457157 1422.119326591265 3511.723876953125 0.68701171875 683.5459351218426 193
stats: error_connection_closed 2 2
stats: tr_play_game__1st_question 52 1397.5693547175479 1419.6105557366136 3758.673095703125 0.642822265625 577.0340867565524 155
stats: 503 536 665
stats: tr_play_game__answer_to_question 41 1216.5234136814022 1464.382598408944 3682.59912109375 0.703125 519.2939036761144 129
stats: 404 24 184
stats: tr_index 69 1093.1201419553895 1373.9699053215131 3624.617919921875 1.19091796875 745.6717397483861 213
stats: tr_quizzes_page_INDEX 15 1279.6257161458334 1394.950113818666 3666.74609375 0.72900390625 470.15214503088663 43
stats: tr_quiz_questions_SHOW 56 719.8241620744977 1211.2665429691197 3711.8388671875 0.121826171875 260.930854121341 158
# stats: dump at 1449269973
stats: users 534 534
stats: {load,"tsung_controller@ip-172-30-3-16"} 1 0.16015625 0.0 0.16015625 0.0 7.32421875e-4 16
stats: {recvpackets,"tsung_controller@ip-172-30-3-16"} 1 3903.0 0.0 3903 92 1277.2666666666667 15
stats: {sentpackets,"tsung_controller@ip-172-30-3-16"} 1 3916.0 0.0 3916 107 1132.3333333333333 15
stats: {cpu,"tsung_controller@ip-172-30-3-16"} 1 8.743718592964825 0.0 8.743718592964825 1.3820335636722607 3.2336714605989925 16
stats: {freemem,"tsung_controller@ip-172-30-3-16"} 1 3107.54296875 0.0 3171.15625 3107.54296875 3151.051025390625 16
stats: session 45 49267.396728515625 21589.829048258285 154634.61303710938 10573.236083984375 43341.55035807291 165
stats: users_count 150 744
stats: finish_users_count 45 210
stats: request 1351 816.897820913907 1148.44069839836 5002.410888671875 0.066162109375 721.8780586685629 4151
stats: connect 225 2.6185384114583323 3.3402073062874615 108.107177734375 0.48291015625 2.902405355578271 642
stats: page 1157 971.2440958905021 1385.4569969542215 8046.550048828125 0.576904296875 816.5953084802837 3632
stats: tr_play_game__ready_page 76 867.1430535567434 1133.7941907548654 3724.927001953125 0.6630859375 854.9665971235795 220
stats: 302 76 451
stats: tr_play_game__leaderboard 18 796.3670247395834 1128.560081628758 3631.587158203125 0.81201171875 557.3159466911765 85
stats: 200 313 3185
stats: tr_question_new_POST 99 563.7745053069758 996.3798025463042 3501.1220703125 0.6689453125 378.2780852141204 216
stats: size_rcv 1250752 8645532
stats: tr_quiz_new_POST 16 1010.7625122070314 1155.4383826168003 4586.037109375 0.953857421875 900.7353845544764 37
stats: newphase 0 5
stats: tr_friend_requests 30 727.6596435546875 1110.691656628614 3651.373046875 0.68994140625 769.7569181002103 104
stats: 422 15 21
stats: tr_friends 16 1080.7099914550784 1238.4820683411876 4145.43310546875 0.653076171875 876.2324550298997 81
stats: size_sent 1361992 7299804
stats: tr_search_all_users 19 1109.2804790296052 1454.009632577941 4189.254150390625 0.680908203125 831.6495640345983 70
stats: connected 107 534
stats: tr_browse_quizzes_page_1 83 1066.6693335843377 1166.5549976044194 3511.723876953125 0.64794921875 806.6293964460784 255
stats: error_connection_closed 6 8
stats: tr_play_game__1st_question 69 727.0249412647192 1031.1287812184005 3758.673095703125 0.642822265625 783.1588883699425 207
stats: 503 822 1487
stats: tr_play_game__answer_to_question 56 758.843558175223 1102.943599632148 3682.59912109375 0.68310546875 687.4492560891545 170
stats: 404 54 238
stats: tr_index 79 842.7279284513447 1129.6856402157066 3624.617919921875 1.19091796875 830.6857105011636 282
stats: tr_quizzes_page_INDEX 24 973.654062906901 1157.3903764614156 3666.74609375 0.6650390625 679.4987582502694 58
stats: tr_quiz_questions_SHOW 99 510.04775785195693 985.7141702337528 3711.8388671875 0.121826171875 381.0150842399241 214
# stats: dump at 1449269983
stats: users 630 630
stats: {load,"tsung_controller@ip-172-30-3-16"} 1 0.140625 0.0 0.16015625 0.0 0.01011029411764706 17
stats: {recvpackets,"tsung_controller@ip-172-30-3-16"} 1 4379.0 0.0 4379 92 1441.375 16
stats: {sentpackets,"tsung_controller@ip-172-30-3-16"} 1 4529.0 0.0 4529 107 1306.3125 16
stats: {cpu,"tsung_controller@ip-172-30-3-16"} 1 10.31031031031031 0.0 10.31031031031031 1.3820335636722607 3.557791880149924 17
stats: {freemem,"tsung_controller@ip-172-30-3-16"} 1 3099.7109375 0.0 3171.15625 3099.7109375 3148.4917279411766 17
stats: session 60 48481.73727213542 22170.511554833472 154634.61303710938 10573.236083984375 44611.37458031064 210
stats: users_count 156 900
stats: finish_users_count 60 270
stats: request 1608 662.7291902001217 922.9116654339325 5002.410888671875 0.055908203125 745.2098832402568 5502
stats: connect 215 2.9525867550872094 3.7165059185638576 108.107177734375 0.48291015625 2.828737463505623 867
stats: page 1363 769.2914086143853 1125.1030007623897 8046.550048828125 0.55517578125 853.9577321665695 4789
stats: tr_play_game__ready_page 63 786.359142485119 939.9452063803277 3724.927001953125 0.6630859375 858.0929845861486 296
stats: 302 108 559
stats: tr_play_game__leaderboard 24 247.10797119140625 632.2922688807906 3631.587158203125 0.68505859375 599.0918632433253 103
stats: 200 303 3488
stats: tr_question_new_POST 136 599.5938864315258 883.2963883800722 3501.1220703125 0.6689453125 436.57696010044634 315
stats: size_rcv 1368651 10014183
stats: tr_quiz_new_POST 13 972.2042705829327 901.5173669620622 4586.037109375 0.89892578125 933.9511212043043 53
stats: newphase 0 5
stats: tr_friend_requests 41 570.8900831269053 877.6478142219934 3651.373046875 0.68994140625 760.3321551422574 134
stats: 422 37 58
stats: tr_friends 38 528.404541015625 883.8313812321649 4145.43310546875 0.653076171875 909.960708460857 97
stats: size_sent 1670016 8969820
stats: tr_search_all_users 21 600.3025251116071 959.143993273937 4189.254150390625 0.680908203125 890.9190852133075 89
stats: connected 93 627
stats: tr_browse_quizzes_page_1 77 784.2460778967127 928.7254709518621 3511.723876953125 0.64794921875 870.4853573409763 338
stats: error_connection_closed 1 9
stats: tr_play_game__1st_question 67 717.3915651236008 927.6029722385515 3758.673095703125 0.642822265625 769.1254015936366 276
stats: 503 986 2473
stats: tr_play_game__answer_to_question 76 725.4388074372944 924.812443594403 3682.59912109375 0.6669921875 705.139879614906 226
stats: 404 103 341
stats: tr_index 67 688.7718414762127 919.9305780153829 3624.617919921875 1.12890625 833.3209881135301 361
stats: tr_quizzes_page_INDEX 18 655.1527235243055 917.0719212891294 3666.74609375 0.64892578125 765.5929937595274 82
stats: tr_quiz_questions_SHOW 130 507.0880540114185 837.9838295072182 3711.8388671875 0.110107421875 421.8273356379792 313
# stats: dump at 1449269993
stats: users 801 802
stats: {load,"tsung_controller@ip-172-30-3-16"} 1 0.12109375 0.0 0.16015625 0.0 0.017361111111111112 18
stats: {recvpackets,"tsung_controller@ip-172-30-3-16"} 1 5176.0 0.0 5176 92 1614.1764705882354 17
stats: {sentpackets,"tsung_controller@ip-172-30-3-16"} 1 5313.0 0.0 5313 107 1495.8823529411766 17
stats: {cpu,"tsung_controller@ip-172-30-3-16"} 1 11.59274193548387 0.0 11.59274193548387 1.3820335636722607 3.932931792936612 18
stats: {freemem,"tsung_controller@ip-172-30-3-16"} 1 3090.87109375 0.0 3171.15625 3090.87109375 3145.781684027778 18
stats: session 94 46557.16796615276 18217.685592733502 154634.61303710938 6197.34912109375 45471.455178493925 270
stats: users_count 265 1165
stats: finish_users_count 94 364
stats: request 2022 538.5981498439044 838.2340771084421 5002.410888671875 0.055908203125 726.5560218607156 7110
stats: connect 318 3.0593776103085686 3.341332954972813 108.107177734375 0.468017578125 2.8533470732006703 1082
stats: page 1766 626.4914336501545 1014.0672391913195 8046.550048828125 0.543212890625 835.1995723808694 6152
stats: tr_play_game__ready_page 94 467.27292844082444 813.3441355969679 3724.927001953125 0.6630859375 845.5045944681407 359
stats: 302 146 705
stats: tr_play_game__leaderboard 37 305.4133960620777 671.2119617914381 3631.587158203125 0.67578125 532.5752222256398 127
stats: 200 298 3786
stats: tr_question_new_POST 115 536.7307362432067 828.8361033053382 3501.1220703125 0.64697265625 485.73505761935274 451
stats: size_rcv 1520632 11534815
stats: tr_quiz_new_POST 15 830.648388671875 892.5015290428345 4586.037109375 0.864013671875 941.4858324455492 66
stats: newphase 1 6
stats: tr_friend_requests 41 476.298857898247 780.8691028851014 3651.373046875 0.6669921875 715.948583984375 175
stats: 422 44 102
stats: tr_friends 41 384.77714129192066 771.7278203391662 4145.43310546875 0.653076171875 802.5597131799768 135
stats: size_sent 1766023 10735843
stats: tr_search_all_users 43 663.2556322674417 922.6242660421992 4189.254150390625 0.671875 835.4377419211647 110
stats: connected 174 801
stats: tr_browse_quizzes_page_1 111 680.3461848078549 846.6933512941039 3511.723876953125 0.635986328125 854.4843344079443 415
stats: error_connection_closed 3 12
stats: tr_play_game__1st_question 79 427.1984214299842 746.9050862636749 3758.673095703125 0.630126953125 759.0199583181486 343
stats: 503 1377 3850
stats: tr_play_game__answer_to_question 75 421.66194661458326 759.5957778292892 3682.59912109375 0.660888671875 710.2482190668977 302
stats: 404 100 441
stats: tr_index 135 628.4821379484955 859.9859268009651 3624.617919921875 1.12890625 810.6929674950716 428
stats: tr_quizzes_page_INDEX 28 514.2225864955359 808.7381716897402 3666.74609375 0.639892578125 745.7137451171875 100
stats: tr_quiz_questions_SHOW 121 481.28896968620853 819.2870836855298 3711.8388671875 0.110107421875 446.8474110071601 443
# stats: dump at 1449270003
stats: users 1012 1015
stats: {load,"tsung_controller@ip-172-30-3-16"} 1 0.1015625 0.0 0.16015625 0.0 0.022820723684210526 19
stats: {recvpackets,"tsung_controller@ip-172-30-3-16"} 1 6268.0 0.0 6268 92 1812.0555555555557 18
stats: {sentpackets,"tsung_controller@ip-172-30-3-16"} 1 6825.0 0.0 6825 107 1707.9444444444443 18
stats: {cpu,"tsung_controller@ip-172-30-3-16"} 1 16.95085255767302 0.0 16.95085255767302 1.3820335636722607 4.3360796951759415 19
stats: {freemem,"tsung_controller@ip-172-30-3-16"} 1 3085.828125 0.0 3171.15625 3085.828125 3142.8916529605262 19
stats: session 100 44543.3086669922 16747.872312439504 154634.61303710938 6197.34912109375 45751.8315577245 364
stats: users_count 311 1476
stats: finish_users_count 100 464
stats: request 2307 487.9201214628712 758.0934570096355 5002.410888671875 0.055908203125 684.9385429713166 9132
stats: connect 380 2.9686137952302634 3.301976307873926 108.107177734375 0.468017578125 2.900145438058036 1400
stats: page 2006 559.9499012727457 876.9412903195562 8046.550048828125 0.529052734375 788.650118857449 7918
stats: tr_play_game__ready_page 132 551.1789587772253 793.7414460208782 3724.927001953125 0.6298828125 767.0194363962472 453
stats: 302 164 869
stats: tr_play_game__leaderboard 51 509.5970770143994 763.0937089138534 3631.587158203125 0.6728515625 481.32529803020196 164
stats: 200 309 4095
stats: tr_question_new_POST 139 370.623389374438 681.0947627812731 3501.1220703125 0.64697265625 496.09637041395206 566
stats: size_rcv 1661207 13196022
stats: tr_quiz_new_POST 14 950.0973423549107 859.3464681146439 4586.037109375 0.864013671875 920.9603798948689 81
stats: newphase 0 6
stats: tr_friend_requests 66 378.49572014086175 670.8906615936035 3651.373046875 0.6279296875 670.4595156069155 216
stats: 422 53 155
stats: tr_friends 46 553.7215788468071 779.2687126407716 4145.43310546875 0.65087890625 705.2353640469638 176
stats: size_sent 1864536 12600379
stats: tr_search_all_users 41 566.2162371379574 895.5255332526285 4189.254150390625 0.64599609375 787.0466914956087 153
stats: connected 200 1001
stats: tr_browse_quizzes_page_1 142 535.3172383912852 769.4921258523784 3511.723876953125 0.634033203125 817.7365499866326 526
stats: error_connection_closed 4 16
stats: tr_play_game__1st_question 130 469.5045842097356 730.6981671496204 3758.673095703125 0.630126953125 696.9017085215492 422
stats: 503 1558 5408
stats: tr_play_game__answer_to_question 90 606.386203342014 809.3895625525379 3682.59912109375 0.660888671875 652.8371569079493 377
stats: 404 136 577
stats: tr_index 127 559.1398502860483 768.3425191131253 3624.617919921875 1.12890625 767.0012055256439 563
stats: 500 25 25
stats: tr_quizzes_page_INDEX 42 467.56043643043154 696.0847472498875 3666.74609375 0.639892578125 695.0750541687012 128
stats: tr_quiz_questions_SHOW 139 250.89849370503597 577.1238545509035 3711.8388671875 0.110107421875 454.23646880887077 564
# stats: dump at 1449270013
stats: users 1222 1222
stats: {load,"tsung_controller@ip-172-30-3-16"} 1 0.16015625 0.0 0.16015625 0.0 0.0267578125 20
stats: {recvpackets,"tsung_controller@ip-172-30-3-16"} 1 6607.0 0.0 6607 92 2046.578947368421 19
stats: {sentpackets,"tsung_controller@ip-172-30-3-16"} 1 7295.0 0.0 7295 107 1977.2631578947369 19
stats: {cpu,"tsung_controller@ip-172-30-3-16"} 1 18.6 0.0 18.6 1.3820335636722607 4.966818338300795 20
stats: {freemem,"tsung_controller@ip-172-30-3-16"} 1 3077.51171875 0.0 3171.15625 3077.51171875 3140.0384765625 20
stats: session 122 47891.79499391648 18407.268714416932 154634.61303710938 6197.34912109375 45491.37403817012 464
stats: users_count 332 1808
stats: finish_users_count 122 586
stats: request 2193 985.8442124533323 1608.0329350815605 8071.114013671875 0.055908203125 645.204169475383 11439
stats: connect 241 729.0046417109701 1421.679621158113 7020.619873046875 0.468017578125 2.9147622783532303 1780
stats: page 1914 1131.9272876767404 1725.9848240204253 8071.114013671875 0.513916015625 742.421517842242 9924
stats: tr_play_game__ready_page 99 695.4826487531566 819.4840565946499 3724.927001953125 0.6298828125 718.3169696514423 585
stats: 302 182 1051
stats: tr_play_game__leaderboard 81 498.19804627218355 755.0375023173767 3631.587158203125 0.64794921875 488.0316269985465 215
stats: 200 264 4359
stats: tr_question_new_POST 91 450.3938551682692 706.0289648198074 3501.1220703125 0.64697265625 471.35772592531026 705
stats: size_rcv 1576558 14772580
stats: tr_quiz_new_POST 32 448.0269393920899 712.2575739558512 4586.037109375 0.825927734375 925.254248046875 95
stats: newphase 0 6
stats: tr_friend_requests 53 368.43340949292445 663.2552685157085 3651.373046875 0.6279296875 602.1275634765625 282
stats: 422 63 218
stats: tr_friends 56 421.5863560267857 723.9740069633552 4145.43310546875 0.65087890625 673.8406157622467 222
stats: size_sent 2068114 14668493
stats: tr_search_all_users 53 567.0154499557783 1141.233982606601 7253.526123046875 0.64599609375 740.3763377396102 194
stats: connected 33 1034
stats: tr_browse_quizzes_page_1 67 1209.3219558943563 1585.5928714219358 6740.740966796875 0.634033203125 757.7013071025917 668
stats: error_connection_closed 8 24
stats: tr_play_game__1st_question 115 511.4912491508152 747.5482162062721 3758.673095703125 0.630126953125 643.3480379408684 552
stats: 503 1444 6852
stats: tr_play_game__answer_to_question 115 517.21962890625 739.8553394774904 3682.59912109375 0.642822265625 643.8851530087326 467
stats: 404 164 741
stats: tr_index 79 5190.222183420687 1321.3286832571866 7348.797119140625 1.12890625 728.7426662279212 690
stats: 500 49 74
stats: tr_quizzes_page_INDEX 37 582.3617240287164 742.2294651393997 3666.74609375 0.639892578125 638.8655603745405 170
stats: tr_quiz_questions_SHOW 85 444.64286247702205 991.0480666486997 5348.85595703125 0.110107421875 414.0316629206303 703
# stats: dump at 1449270023
stats: users 1186 1279
stats: {load,"tsung_controller@ip-172-30-3-16"} 1 0.140625 0.0 0.16015625 0.0 0.03311011904761905 21
stats: {recvpackets,"tsung_controller@ip-172-30-3-16"} 1 6378.0 0.0 6607 92 2274.6 20
stats: {sentpackets,"tsung_controller@ip-172-30-3-16"} 1 7571.0 0.0 7571 107 2243.15 20
stats: {cpu,"tsung_controller@ip-172-30-3-16"} 1 18.14516129032258 0.0 18.6 1.3820335636722607 5.616017465048377 21
stats: {freemem,"tsung_controller@ip-172-30-3-16"} 1 3067.671875 0.0 3171.15625 3067.671875 3137.061011904762 21
stats: session 134 47776.11119694496 16673.95556150863 154634.61303710938 6197.34912109375 45991.12038049275 586
stats: users_count 98 1906
stats: finish_users_count 134 720
stats: request 2406 1171.6191014569692 2313.663887828902 14811.703125 0.055908203125 700.0034369526894 13632
stats: connect 232 4638.658672464305 4755.2871250034505 15039.4599609375 0.468017578125 89.49945349223776 2021
stats: page 2063 1352.1098888432348 2469.932859682322 14811.703125 0.47900390625 805.3978688697155 11838
stats: tr_play_game__ready_page 96 589.3092575073241 1115.4119307235046 8430.107177734375 0.6298828125 715.0120021530062 684
stats: 302 174 1225
stats: tr_play_game__leaderboard 72 656.9249572753905 1215.890260556674 8584.255859375 0.64794921875 490.81365389437286 296
stats: 200 211 4570
stats: tr_question_new_POST 150 309.34578450520837 652.3303424493777 3501.1220703125 0.64697265625 468.9611025096184 796
stats: size_rcv 1650865 16423445
stats: tr_quiz_new_POST 38 822.7058619449014 1804.4366957567179 9136.911865234375 0.825927734375 805.0079970472441 127
stats: newphase 0 6
stats: tr_friend_requests 63 455.15724981398813 765.8447931005398 3651.373046875 0.6279296875 565.1550555328824 335
stats: 422 58 276
stats: tr_friends 52 679.8489332932693 1778.823353970247 12218.572021484375 0.65087890625 623.026808045751 278
stats: size_sent 2032613 16701106
stats: tr_search_all_users 48 367.172602335612 751.2366984383543 7253.526123046875 0.635009765625 703.177442790043 247
stats: connected -13 1021
stats: tr_browse_quizzes_page_1 89 1491.4631183067065 2744.2691037533186 13283.35302734375 0.633056640625 798.8694478768069 735
stats: error_connection_closed 18 42
stats: tr_play_game__1st_question 90 793.4615912543403 1394.7503933746489 7207.617919921875 0.630126953125 620.6141088391352 667
stats: 503 1684 8536
stats: tr_play_game__answer_to_question 98 551.9114840760518 977.7252956741082 6786.781005859375 0.571044921875 618.8567418888263 582
stats: 404 181 922
stats: tr_index 90 7727.589686414931 2479.1590558345215 13243.8759765625 1.12890625 1187.074112077373 769
stats: 500 59 133
stats: tr_quizzes_page_INDEX 34 734.5609274471508 882.3544534422874 3666.74609375 0.639892578125 628.7658408344656 207
stats: tr_quiz_questions_SHOW 140 675.0246738978792 1670.7280349886519 12770.04296875 0.110107421875 417.3336324159264 788
# stats: dump at 1449270033
stats: users 1040 1279
stats: {load,"tsung_controller@ip-172-30-3-16"} 1 0.19140625 0.0 0.19140625 0.0 0.03799715909090909 22
stats: {recvpackets,"tsung_controller@ip-172-30-3-16"} 1 6714.0 0.0 6714 92 2470.0 21
stats: {sentpackets,"tsung_controller@ip-172-30-3-16"} 1 7420.0 0.0 7571 107 2496.8571428571427 21
stats: {cpu,"tsung_controller@ip-172-30-3-16"} 1 14.965312190287413 0.0 18.6 1.3820335636722607 6.1855240025608405 22
stats: {freemem,"tsung_controller@ip-172-30-3-16"} 1 3063.3515625 0.0 3171.15625 3063.3515625 3133.9069602272725 22
stats: session 146 45807.6501715673 14452.578579700465 154634.61303710938 6197.34912109375 46323.3270046658 720
stats: users_count 0 1906
stats: finish_users_count 146 866
stats: request 2298 1677.201299044854 4079.6368121206697 21882.530029296875 0.055908203125 770.7546084701665 16038
stats: connect 207 5732.049062830239 6821.803416212668 15043.85693359375 0.468017578125 557.9437228226948 2253
stats: page 1969 1963.187572907408 4384.502284248121 21882.530029296875 0.47900390625 886.5335351674904 13901
stats: tr_play_game__ready_page 86 665.6008158839023 1402.8727003079332 9038.568115234375 0.6298828125 699.5408951196914 780
stats: 302 193 1418
stats: tr_play_game__leaderboard 81 759.8446481963733 2494.2093565928662 21465.81591796875 0.64794921875 523.3136915123981 368
stats: 200 215 4785
stats: tr_question_new_POST 152 504.4226427580179 1043.4801865710333 5336.77001953125 0.64697265625 443.6521197393631 946
stats: size_rcv 1580859 18004304
stats: tr_quiz_new_POST 28 716.5912126813616 1139.120152426185 9136.911865234375 0.825927734375 809.0838689630682 165
stats: newphase 0 6
stats: tr_friend_requests 65 502.9148888221153 719.9568656918024 3651.373046875 0.6279296875 547.7433425673288 398
stats: 422 63 339
stats: tr_friends 64 576.309051513672 914.5755147007477 12218.572021484375 0.65087890625 631.9805974786933 330
stats: size_sent 2004271 18705377
stats: tr_search_all_users 63 586.505909753224 943.4122158858972 7253.526123046875 0.635009765625 648.50546875 295
stats: connected -44 977
stats: tr_browse_quizzes_page_1 73 1845.9617100545804 3041.1158764820448 13283.35302734375 0.6259765625 873.6762884936286 824
stats: error_connection_closed 28 70
stats: tr_play_game__1st_question 85 523.3002527573531 769.3089553201406 7207.617919921875 0.630126953125 641.1640076731753 757
stats: error_abort_max_send_retries 2 2
stats: tr_play_game__answer_to_question 95 787.6579769736842 1706.8758508606193 13070.883056640625 0.571044921875 609.2087488511029 680
stats: 503 1586 10122
stats: tr_index 57 15629.285803008497 4713.404442052416 21581.576904296875 1.12890625 1872.3434970487122 859
stats: 404 159 1081
stats: tr_quizzes_page_INDEX 32 467.48802947998047 673.5989146804684 3666.74609375 0.639892578125 643.6912887383298 241
stats: 500 36 169
stats: tr_quiz_questions_SHOW 144 1181.9183281792536 2414.420412049086 20049.2412109375 0.110107421875 456.20943608777276 928
# stats: dump at 1449270043
stats: users 792 1279
stats: {load,"tsung_controller@ip-172-30-3-16"} 1 0.16015625 0.0 0.19140625 0.0 0.04466711956521739 23
stats: {recvpackets,"tsung_controller@ip-172-30-3-16"} 1 7342.0 0.0 7342 92 2662.909090909091 22
stats: {sentpackets,"tsung_controller@ip-172-30-3-16"} 1 7544.0 0.0 7571 107 2720.6363636363635 22
stats: {cpu,"tsung_controller@ip-172-30-3-16"} 1 15.4 0.0 18.6 1.3820335636722607 6.567253923766344 23
stats: {freemem,"tsung_controller@ip-172-30-3-16"} 1 3059.89453125 0.0 3171.15625 3059.89453125 3130.8393342391305 23
stats: session 248 52648.91880060011 15886.018572119074 154634.61303710938 6197.34912109375 46236.38841617575 866
stats: users_count 0 1906
stats: finish_users_count 248 1114
stats: request 3101 1087.4355789179644 3924.344575339646 35732.299072265625 0.055908203125 884.3570569289707 18336
stats: connect 388 2796.7852418250645 8673.580828674636 31084.6220703125 0.468017578125 993.3257575306466 2460
stats: page 2454 1375.9281567959827 4396.10543180862 35732.299072265625 0.47900390625 1020.1146189929408 15870
stats: tr_play_game__ready_page 52 734.997314453125 860.6711847015888 9038.568115234375 0.6298828125 696.1704022625576 866
stats: 302 212 1630
stats: tr_play_game__leaderboard 97 418.0214088675902 768.3310884444089 21465.81591796875 0.64306640625 565.9840868161888 449
stats: 200 209 4994
stats: tr_question_new_POST 483 265.57293536895054 618.5846359909231 5336.77001953125 0.64697265625 452.0647968785576 1098
stats: size_rcv 1947759 19952063
stats: tr_quiz_new_POST 34 1571.1371495863968 5192.297137173557 31055.650146484375 0.825927734375 795.6652452538051 193
stats: newphase 0 6
stats: tr_friend_requests 52 514.430419921875 733.7048363525506 3651.373046875 0.6279296875 541.4499311344155 463
stats: 422 85 424
stats: tr_friends 58 506.53096797548477 754.0958060778914 12218.572021484375 0.65087890625 622.9375037178776 394
stats: size_sent 2690675 21396052
stats: tr_search_all_users 58 582.1748804552803 851.7265076406997 7253.526123046875 0.635009765625 637.5949318315729 358
stats: connected -199 778
stats: tr_browse_quizzes_page_1 39 2027.501252003205 3978.832147109692 19191.822021484375 0.6259765625 952.8031957109637 897
stats: error_connection_closed 179 249
stats: tr_play_game__1st_question 64 442.4960823059082 720.3518727119322 7207.617919921875 0.630126953125 629.2656476163525 842
stats: error_abort_max_send_retries 43 45
stats: tr_play_game__answer_to_question 80 623.6221679687501 798.2978452364058 13070.883056640625 0.571044921875 631.0831703629032 775
stats: 503 2247 12369
stats: tr_index 25 25564.4909375 6029.4867743888235 33815.97509765625 1.12890625 2728.3977671793973 916
stats: 404 158 1239
stats: tr_quizzes_page_INDEX 28 632.6099068777902 775.1823866547752 3666.74609375 0.639892578125 623.0374268472412 273
stats: 500 34 203
stats: tr_quiz_questions_SHOW 499 601.8564531406561 1628.0632313241824 31067.455078125 0.110107421875 553.6927201000613 1072
# stats: dump at 1449270053
stats: users 605 1279
stats: {load,"tsung_controller@ip-172-30-3-16"} 1 0.2109375 0.0 0.2109375 0.0 0.049479166666666664 24
stats: {recvpackets,"tsung_controller@ip-172-30-3-16"} 1 8116.0 0.0 8116 92 2866.3478260869565 23
stats: {sentpackets,"tsung_controller@ip-172-30-3-16"} 1 8005.0 0.0 8005 107 2930.3478260869565 23
stats: {cpu,"tsung_controller@ip-172-30-3-16"} 1 14.673366834170853 0.0 18.6 1.3820335636722607 6.93528501027608 24
stats: {freemem,"tsung_controller@ip-172-30-3-16"} 1 3057.7578125 0.0 3171.15625 3057.7578125 3127.88330078125 24
stats: session 187 55862.668336919276 15410.729217606335 154634.61303710938 6197.34912109375 47663.95352868674 1114
stats: users_count 0 1906
stats: finish_users_count 187 1301
stats: request 2116 721.3858662192445 2668.311919762386 35732.299072265625 0.055908203125 913.7336719724875 21437
stats: connect 129 3612.950420527493 9956.218359557544 31084.6220703125 0.468017578125 1239.021782778622 2848
stats: page 1730 883.843312099213 2966.0071104055196 35732.299072265625 0.47900390625 1067.7661373169237 18324
stats: tr_play_game__ready_page 17 525.8790211397059 691.5024299978335 9038.568115234375 0.6298828125 698.36974805113 918
stats: 302 245 1875
stats: tr_play_game__leaderboard 103 603.724630707676 692.1249315470945 21465.81591796875 0.64306640625 539.6976769974817 546
stats: 200 210 5204
stats: tr_question_new_POST 256 415.85208225250244 635.6974333309691 5336.77001953125 0.64697265625 395.0910023756226 1581
stats: size_rcv 1568732 21520795
stats: tr_quiz_new_POST 29 566.2059705010776 727.2793664731623 31055.650146484375 0.825927734375 911.8152221141933 227
stats: newphase 0 6
stats: tr_friend_requests 47 512.7576306931517 678.8140463944743 3651.373046875 0.6279296875 538.7217474780036 515
stats: 422 100 524
stats: tr_friends 48 625.0064544677733 679.5393180639719 12218.572021484375 0.65087890625 608.0003818748272 452
stats: size_sent 2037541 23433593
stats: tr_search_all_users 62 694.899209299395 784.981445855458 7253.526123046875 0.635009765625 629.8680977454552 416
stats: connected -172 606
stats: tr_browse_quizzes_page_1 10 576.9522705078125 679.0851127548957 19191.822021484375 0.6259765625 997.582281389807 936
stats: error_connection_closed 5 254
stats: tr_play_game__1st_question 26 779.804922250601 720.3964975969619 7207.617919921875 0.630126953125 616.072212539235 906
stats: error_abort_max_send_retries 0 45
stats: tr_play_game__answer_to_question 53 493.87159124410385 687.5140710029012 13070.883056640625 0.571044921875 630.385064875731 855
stats: 503 1254 13623
stats: tr_index 6 31521.724527994793 627.3762544536988 33815.97509765625 1.12890625 3335.0952477936535 941
stats: 404 188 1427
stats: tr_quizzes_page_INDEX 23 715.318115234375 691.7521646654196 3666.74609375 0.639892578125 623.9278901058971 301
stats: 500 0 203
stats: tr_quiz_questions_SHOW 254 439.214128629429 2014.843307971447 31090.505126953125 0.110107421875 568.9910668774367 1571
# stats: dump at 1449270063
stats: users 461 1279
stats: {load,"tsung_controller@ip-172-30-3-16"} 1 0.1796875 0.0 0.2109375 0.0 0.0559375 25
stats: {recvpackets,"tsung_controller@ip-172-30-3-16"} 1 5585.0 0.0 8116 92 3085.0833333333335 24
stats: {sentpackets,"tsung_controller@ip-172-30-3-16"} 1 5338.0 0.0 8005 107 3141.7916666666665 24
stats: {cpu,"tsung_controller@ip-172-30-3-16"} 1 10.32064128256513 0.0 18.6 1.3820335636722607 7.244808283231871 25
stats: {freemem,"tsung_controller@ip-172-30-3-16"} 1 3058.00390625 0.0 3171.15625 3057.7578125 3125.07828125 25
stats: session 144 60158.9924299452 11778.023210923518 154634.61303710938 6197.34912109375 48842.40062256798 1301
stats: users_count 0 1906
stats: finish_users_count 144 1445
stats: request 1430 758.1267185451254 673.6248580866501 35732.299072265625 0.055908203125 896.4531575168402 23553
stats: connect 54 3.1037507233796298 4.365124900751272 31084.6220703125 0.468017578125 1341.8893656706625 2977
stats: page 1146 944.4841736798516 902.2801226835047 35732.299072265625 0.47900390625 1051.8996524447464 20054
stats: tr_play_game__ready_page 10 655.436181640625 654.8627602077802 9038.568115234375 0.6298828125 695.2335530163768 935
stats: 302 328 2203
stats: tr_play_game__leaderboard 79 715.2834998022151 655.3882621493221 21465.81591796875 0.64306640625 549.859119573984 649
stats: 200 190 5394
stats: tr_question_new_POST 184 652.7612463909646 649.3474185868733 5336.77001953125 0.64697265625 397.98421764425694 1837
stats: size_rcv 1185644 22706439
stats: tr_quiz_new_POST 26 683.8504638671875 689.7205087473118 31055.650146484375 0.825927734375 872.664174079895 256
stats: newphase 0 6
stats: tr_friend_requests 22 827.7572021484375 571.6747500926494 3651.373046875 0.6279296875 536.5503711632563 562
stats: 422 109 633
stats: tr_friends 47 986.6186107878989 621.9921995552189 12218.572021484375 0.65087890625 609.63296484375 500
stats: size_sent 1317363 24750956
stats: tr_search_all_users 39 842.7101424779647 642.0239993903715 7253.526123046875 0.635009765625 638.3030954783931 478
stats: connected -149 457
stats: tr_browse_quizzes_page_1 1 1058.116943359375 0.0 19191.822021484375 0.6259765625 993.1358753551136 946
stats: error_connection_closed 5 259
stats: tr_play_game__1st_question 12 1006.2831013997396 606.3386415440061 7207.617919921875 0.630126953125 620.6398632393375 932
stats: error_abort_max_send_retries 0 45
stats: tr_play_game__answer_to_question 20 605.3483520507813 678.3308091786106 13070.883056640625 0.571044921875 622.4167674060435 908
stats: 503 553 14176
stats: tr_index 0 0 0 33815.97509765625 1.12890625 3513.6800162004192 947
stats: 404 192 1619
stats: tr_quizzes_page_INDEX 13 796.0625751201923 640.9727300606781 3666.74609375 0.639892578125 630.4154678156348 324
stats: 500 0 203
stats: tr_quiz_questions_SHOW 182 605.5611169836025 672.3039938081058 31090.505126953125 0.108154296875 550.9289614993578 1825
# stats: dump at 1449270073
stats: users 318 1279
stats: {load,"tsung_controller@ip-172-30-3-16"} 1 0.1484375 0.0 0.2109375 0.0 0.060697115384615384 26
stats: {recvpackets,"tsung_controller@ip-172-30-3-16"} 1 4436.0 0.0 8116 92 3185.08 25
stats: {sentpackets,"tsung_controller@ip-172-30-3-16"} 1 3948.0 0.0 8005 107 3229.64 25
stats: {cpu,"tsung_controller@ip-172-30-3-16"} 1 7.329317269076305 0.0 18.6 1.3820335636722607 7.363109552436996 26
stats: {freemem,"tsung_controller@ip-172-30-3-16"} 1 3064.90234375 0.0 3171.15625 3057.7578125 3122.498497596154 26
stats: session 143 66728.8492491396 12594.74292914794 154634.61303710938 6197.34912109375 49970.14402759381 1445
stats: users_count 0 1906
stats: finish_users_count 143 1588
stats: request 1131 919.0296705331978 629.2876897235188 35732.299072265625 0.055908203125 888.5355012013636 24983
stats: connect 40 1.810357666015625 3.09405867476261 31084.6220703125 0.468017578125 1318.03769189727 3031
stats: page 914 1136.134199079852 889.0483020530718 35732.299072265625 0.47900390625 1046.0931364700025 21200
stats: tr_play_game__ready_page 2 702.8370361328125 701.9739990234375 9038.568115234375 0.6298828125 694.8124168113425 945
stats: 302 300 2503
stats: tr_play_game__leaderboard 86 953.3994027071221 598.8153725051494 21465.81591796875 0.630859375 567.8103916042454 728
stats: 200 193 5587
stats: tr_question_new_POST 148 911.7341457057644 607.3093233512411 5336.77001953125 0.64697265625 421.18014703039955 2021
stats: size_rcv 1111857 23818296
stats: tr_quiz_new_POST 26 913.0581336388221 611.898063719207 31055.650146484375 0.825927734375 855.2558178191489 282
stats: newphase 0 6
stats: tr_friend_requests 7 524.9189104352679 610.1642930632161 3651.373046875 0.6279296875 547.5204915085884 584
stats: 422 121 754
stats: tr_friends 27 999.0001175491898 668.8979491644808 12218.572021484375 0.65087890625 642.0247845135398 547
stats: size_sent 1132456 25883412
stats: tr_search_all_users 40 1113.5260925292969 653.1152093716012 7253.526123046875 0.635009765625 653.7225825828094 517
stats: connected -141 316
stats: tr_browse_quizzes_page_1 0 0 0 19191.822021484375 0.6259765625 993.2044931671561 947
stats: error_connection_closed 3 262
stats: tr_play_game__1st_question 2 1194.3499755859375 98.5889892578125 7207.617919921875 0.630126953125 625.5421077922239 944
stats: error_abort_max_send_retries 0 45
stats: tr_play_game__answer_to_question 10 432.0847412109375 654.1398379621342 13070.883056640625 0.571044921875 622.0489136268353 928
stats: 503 315 14491
stats: tr_index 0 0 0 33815.97509765625 1.12890625 3513.6800162004192 947
stats: 404 166 1785
stats: tr_quizzes_page_INDEX 12 977.3223266601563 574.1826895046681 3666.74609375 0.639892578125 636.8054155751578 337
stats: 500 0 203
stats: tr_quiz_questions_SHOW 149 914.0521445050335 626.335846131779 31090.505126953125 0.108154296875 555.883147995687 2007
# stats: dump at 1449270083
stats: users 214 1279
stats: {load,"tsung_controller@ip-172-30-3-16"} 1 0.12890625 0.0 0.2109375 0.0 0.06394675925925926 27
stats: {recvpackets,"tsung_controller@ip-172-30-3-16"} 1 4202.0 0.0 8116 92 3233.1923076923076 26
stats: {sentpackets,"tsung_controller@ip-172-30-3-16"} 1 3459.0 0.0 8005 107 3257.269230769231 26
stats: {cpu,"tsung_controller@ip-172-30-3-16"} 1 5.61122244488978 0.0 18.6 1.3820335636722607 7.3618579863866005 27
stats: {freemem,"tsung_controller@ip-172-30-3-16"} 1 3068.4375 0.0 3171.15625 3057.7578125 3120.365306712963 27
stats: session 104 74237.1051847018 11515.176610992612 154634.61303710938 6197.34912109375 51479.2717647985 1588
stats: users_count 0 1906
stats: finish_users_count 104 1692
stats: request 927 969.828461055487 188.98717917213273 35732.299072265625 0.055908203125 889.856206781294 26114
stats: connect 2 0.6549072265625 0.0250244140625 31084.6220703125 0.468017578125 1300.893734434147 3071
stats: page 722 1262.9923237723983 494.47508817194915 35732.299072265625 0.47900390625 1049.8146491418574 22114
stats: tr_play_game__ready_page 0 0 0 9038.568115234375 0.6298828125 694.8293642650309 947
stats: 302 409 2912
stats: tr_play_game__leaderboard 58 966.4392721241913 191.02855858757462 21465.81591796875 0.630859375 608.5482969541808 814
stats: 200 187 5774
stats: tr_question_new_POST 173 941.8883402388907 151.07083357670973 5336.77001953125 0.64697265625 454.6527112553668 2169
stats: size_rcv 1034566 24852862
stats: tr_quiz_new_POST 16 1004.3675689697267 207.7247566063724 31055.650146484375 0.825927734375 860.1352340896408 308
stats: newphase 0 6
stats: tr_friend_requests 6 1057.035400390625 190.58827301718947 3651.373046875 0.6279296875 547.2527908867386 591
stats: 422 177 931
stats: tr_friends 11 1052.850008877841 187.1036393193532 12218.572021484375 0.65087890625 658.8163071476208 574
stats: size_sent 852553 26735965
stats: tr_search_all_users 20 1191.15986328125 365.8195237157608 7253.526123046875 0.635009765625 686.7425832970994 557
stats: connected -107 209
stats: tr_browse_quizzes_page_1 0 0 0 19191.822021484375 0.6259765625 993.2044931671561 947
stats: error_connection_closed 0 262
stats: tr_play_game__1st_question 1 990.611083984375 0.0 7207.617919921875 0.630126953125 626.744661423923 946
stats: error_abort_max_send_retries 0 45
stats: tr_play_game__answer_to_question 7 1044.1561453683037 91.58473273804563 13070.883056640625 0.571044921875 620.0237092300773 938
stats: 503 0 14491
stats: tr_index 0 0 0 33815.97509765625 1.12890625 3513.6800162004192 947
stats: 404 156 1941
stats: tr_quizzes_page_INDEX 4 999.6057739257813 212.41278626543374 3666.74609375 0.639892578125 648.513733434814 349
stats: 500 0 203
stats: tr_quiz_questions_SHOW 173 933.8088731710626 168.9829178472251 31090.505126953125 0.108154296875 580.6360146375666 2156
# stats: dump at 1449270093
stats: users 93 1279
stats: {load,"tsung_controller@ip-172-30-3-16"} 1 0.109375 0.0 0.2109375 0.0 0.06626674107142858 28
stats: {recvpackets,"tsung_controller@ip-172-30-3-16"} 1 4375.0 0.0 8116 92 3269.074074074074 27
stats: {sentpackets,"tsung_controller@ip-172-30-3-16"} 1 3171.0 0.0 8005 107 3264.740740740741 27
stats: {cpu,"tsung_controller@ip-172-30-3-16"} 1 4.814443329989969 0.0 18.6 1.3820335636722607 7.2993352884760005 28
stats: {freemem,"tsung_controller@ip-172-30-3-16"} 1 3068.8515625 0.0 3171.15625 3057.7578125 3118.5107421875 28
stats: session 121 82653.74476409156 9817.238622531897 154634.61303710938 6197.34912109375 52878.098405265366 1692
stats: users_count 0 1906
stats: finish_users_count 121 1813
stats: request 1012 386.96174663799997 202.69226212385303 35732.299072265625 0.055908203125 892.5977577487944 27041
stats: connect 2 2.3389892578125 1.6370849609375 31084.6220703125 0.468017578125 1300.0475002478747 3073
stats: page 740 544.0007528769 340.3267885119091 35732.299072265625 0.47900390625 1056.5546334247113 22836
stats: tr_play_game__ready_page 0 0 0 9038.568115234375 0.6298828125 694.8293642650309 947
stats: 302 490 3402
stats: tr_play_game__leaderboard 34 404.0286290785846 197.35077404274082 21465.81591796875 0.630859375 632.3529719081494 872
stats: 200 172 5946
stats: tr_question_new_POST 252 371.3655511765252 188.57803878053613 5336.77001953125 0.64697265625 490.6440706977877 2342
stats: size_rcv 1045147 25898009
stats: tr_quiz_new_POST 8 389.2091064453125 124.62416842568443 31055.650146484375 0.825927734375 867.2578185281636 324
stats: newphase 0 6
stats: tr_friend_requests 4 482.28656005859375 123.11719937924788 3651.373046875 0.6279296875 552.3762341983354 597
stats: 422 228 1159
stats: tr_friends 11 584.6226695667614 286.4545867165848 12218.572021484375 0.65087890625 666.2254878639156 585
stats: size_sent 854543 27590508
stats: tr_search_all_users 13 487.19112454927887 233.6382914991769 7253.526123046875 0.635009765625 704.2267177852849 577
stats: connected -127 82
stats: tr_browse_quizzes_page_1 0 0 0 19191.822021484375 0.6259765625 993.2044931671561 947
stats: error_connection_closed 0 262
stats: tr_play_game__1st_question 0 0 0 7207.617919921875 0.630126953125 627.1288920707663 947
stats: error_abort_max_send_retries 0 45
stats: tr_play_game__answer_to_question 2 375.16796875 15.115966796875 13070.883056640625 0.571044921875 623.1654309792493 945
stats: 503 0 14491
stats: tr_index 0 0 0 33815.97509765625 1.12890625 3513.6800162004192 947
stats: 404 118 2059
stats: tr_quizzes_page_INDEX 0 0 0 3666.74609375 0.639892578125 652.4921134970346 353
stats: 500 0 203
stats: tr_quiz_questions_SHOW 265 366.2987000663326 185.52836927396623 31090.505126953125 0.108154296875 606.8699796552974 2329
# stats: dump at 1449270103
stats: users 46 1279
stats: {load,"tsung_controller@ip-172-30-3-16"} 1 0.08984375 0.0 0.2109375 0.0 0.06775323275862069 29
stats: {recvpackets,"tsung_controller@ip-172-30-3-16"} 1 3119.0 0.0 8116 92 3308.5714285714284 28
stats: {sentpackets,"tsung_controller@ip-172-30-3-16"} 1 2313.0 0.0 8005 107 3261.3928571428573 28
stats: {cpu,"tsung_controller@ip-172-30-3-16"} 1 3.3099297893681046 0.0 18.6 1.3820335636722607 7.213649358873034 29
stats: {freemem,"tsung_controller@ip-172-30-3-16"} 1 3072.8125 0.0 3171.15625 3057.7578125 3116.7983566810344 29
stats: session 47 90234.00762030418 8717.880184224332 154634.61303710938 6197.34912109375 54865.331284150074 1813
stats: users_count 0 1906
stats: finish_users_count 47 1860
stats: request 461 29.441623911164534 45.5677822770942 35732.299072265625 0.055908203125 874.357154489103 28053
stats: connect 9 2.4468858506944446 2.912127111735809 31084.6220703125 0.468017578125 1299.2034621919463 3075
stats: page 339 40.0798973601125 55.31800993470409 35732.299072265625 0.47900390625 1040.4666680529187 23576
stats: tr_play_game__ready_page 0 0 0 9038.568115234375 0.6298828125 694.8293642650309 947
stats: 302 189 3591
stats: tr_play_game__leaderboard 21 25.898123604910715 26.77010417280354 21465.81591796875 0.630859375 623.7845087114549 906
stats: 200 119 6065
stats: tr_question_new_POST 104 23.82848182091346 25.316700320618978 5336.77001953125 0.64697265625 479.0564890018131 2594
stats: size_rcv 596241 26494250
stats: tr_quiz_new_POST 13 21.13348858173077 23.040885723428477 31055.650146484375 0.825927734375 855.738572453878 332
stats: newphase 0 6
stats: tr_friend_requests 2 61.54150390625 53.43359375 3651.373046875 0.6279296875 551.9097471824304 601
stats: 422 91 1250
stats: tr_friends 3 24.991780598958332 12.008065586626001 12218.572021484375 0.65087890625 664.7193955799078 596
stats: size_sent 444890 28035398
stats: tr_search_all_users 8 115.33993530273438 115.66895326343979 7253.526123046875 0.635009765625 699.444577595339 590
stats: connected -42 40
stats: tr_browse_quizzes_page_1 0 0 0 19191.822021484375 0.6259765625 993.2044931671561 947
stats: error_connection_closed 0 262
stats: tr_play_game__1st_question 0 0 0 7207.617919921875 0.630126953125 627.1288920707663 947
stats: error_abort_max_send_retries 0 45
stats: tr_play_game__answer_to_question 0 0 0 13070.883056640625 0.571044921875 622.6416770991453 947
stats: 503 0 14491
stats: tr_index 0 0 0 33815.97509765625 1.12890625 3513.6800162004192 947
stats: 404 62 2121
stats: tr_quizzes_page_INDEX 1 6.760986328125 0.0 3666.74609375 0.639892578125 652.4921134970346 353
stats: 500 0 203
stats: tr_quiz_questions_SHOW 104 24.286095252403847 28.280188420810855 31090.505126953125 0.108154296875 582.2934996664478 2594
# stats: dump at 1449270113
stats: users 27 1279
stats: {load,"tsung_controller@ip-172-30-3-16"} 1 0.078125 0.0 0.2109375 0.0 0.06848958333333334 30
stats: {recvpackets,"tsung_controller@ip-172-30-3-16"} 1 1098.0 0.0 8116 92 3302.0344827586205 29
stats: {sentpackets,"tsung_controller@ip-172-30-3-16"} 1 911.0 0.0 8005 107 3228.689655172414 29
stats: {cpu,"tsung_controller@ip-172-30-3-16"} 1 2.083333333333333 0.0 18.6 1.3820335636722607 7.083525373222869 30
stats: {freemem,"tsung_controller@ip-172-30-3-16"} 1 3084.3046875 0.0 3171.15625 3057.7578125 3115.3321614583333 30
stats: session 19 96800.30944181743 5332.135579610214 154634.61303710938 6197.34912109375 55759.05590124644 1860
stats: users_count 0 1906
stats: finish_users_count 19 1879
stats: request 74 12.738779428842905 20.65491552688579 35732.299072265625 0.055908203125 860.6969854634864 28514
stats: connect 0 0 0 31084.6220703125 0.468017578125 1295.4191531170204 3084
stats: page 62 15.223349294354836 23.016434764841517 35732.299072265625 0.47900390625 1026.2859816525483 23915
stats: tr_play_game__ready_page 0 0 0 9038.568115234375 0.6298828125 694.8293642650309 947
stats: 302 23 3614
stats: tr_play_game__leaderboard 10 9.3425048828125 6.528521273890192 21465.81591796875 0.630859375 610.2401569452873 927
stats: 200 30 6095
stats: tr_question_new_POST 8 9.772979736328125 5.99568443322454 5336.77001953125 0.64697265625 461.5087822757888 2698
stats: size_rcv 108795 26603045
stats: tr_quiz_new_POST 1 28.8779296875 0.0 31055.650146484375 0.825927734375 824.2896852355072 345
stats: newphase 0 6
stats: tr_friend_requests 0 0 0 3651.373046875 0.6279296875 550.2833185148477 603
stats: 422 9 1259
stats: tr_friends 3 27.865641276041668 33.34500014517694 12218.572021484375 0.65087890625 661.5154175416059 599
stats: size_sent 93764 28129162
stats: tr_search_all_users 2 60.359130859375 55.634033203125 7253.526123046875 0.635009765625 691.6304686683476 598
stats: connected -19 21
stats: tr_browse_quizzes_page_1 0 0 0 19191.822021484375 0.6259765625 993.2044931671561 947
stats: error_connection_closed 0 262
stats: tr_play_game__1st_question 0 0 0 7207.617919921875 0.630126953125 627.1288920707663 947
stats: error_abort_max_send_retries 0 45
stats: tr_play_game__answer_to_question 0 0 0 13070.883056640625 0.571044921875 622.6416770991453 947
stats: 503 0 14491
stats: tr_index 0 0 0 33815.97509765625 1.12890625 3513.6800162004192 947
stats: 404 12 2133
stats: tr_quizzes_page_INDEX 0 0 0 3666.74609375 0.639892578125 650.6680142677438 354
stats: 500 0 203
stats: tr_quiz_questions_SHOW 8 5.666229248046875 4.124015050103133 31090.505126953125 0.108154296875 560.7839481249131 2698
# stats: dump at 1449270123
stats: users 14 1279
stats: {load,"tsung_controller@ip-172-30-3-16"} 1 0.05859375 0.0 0.2109375 0.0 0.06880040322580645 31
stats: {recvpackets,"tsung_controller@ip-172-30-3-16"} 1 466.0 0.0 8116 92 3228.5666666666666 30
stats: {sentpackets,"tsung_controller@ip-172-30-3-16"} 1 391.0 0.0 8005 107 3151.4333333333334 30
stats: {cpu,"tsung_controller@ip-172-30-3-16"} 1 1.8737672583826428 0.0 18.6 1.3820335636722607 6.922228855807078 31
stats: {freemem,"tsung_controller@ip-172-30-3-16"} 1 3085.375 0.0 3171.15625 3057.7578125 3114.3312752016127 31
stats: session 13 112993.59102689303 18379.134418982052 166469.32397460938 6197.34912109375 56174.055271800375 1879
stats: users_count 0 1906
stats: finish_users_count 13 1892
stats: request 158 8.481247527689876 12.936834078360558 35732.299072265625 0.055908203125 858.5020467742964 28588
stats: connect 4 0.722412109375 0.04484219325749555 31084.6220703125 0.468017578125 1295.4191531170204 3084
stats: page 111 12.113701347832206 15.125871927658418 35732.299072265625 0.47900390625 1023.6715643690596 23977
stats: tr_play_game__ready_page 0 0 0 9038.568115234375 0.6298828125 694.8293642650309 947
stats: 302 87 3701
stats: tr_play_game__leaderboard 6 9.206298828125 6.77478013303578 21465.81591796875 0.630859375 603.8271617258371 937
stats: 200 17 6112
stats: tr_question_new_POST 40 8.485943603515626 4.542070251032677 5336.77001953125 0.64697265625 460.173273620831 2706
stats: size_rcv 149226 26752271
stats: tr_quiz_new_POST 5 5.90673828125 1.75383048456769 31055.650146484375 0.825927734375 821.9908073292992 346
stats: newphase 0 6
stats: tr_friend_requests 0 0 0 3651.373046875 0.6279296875 550.2833185148477 603
stats: 422 46 1305
stats: tr_friends 1 73.22998046875 0.0 12218.572021484375 0.65087890625 658.3576944040699 602
stats: size_sent 143595 28272757
stats: tr_search_all_users 2 55.8240966796875 51.0211181640625 7253.526123046875 0.635009765625 689.5262308756511 600
stats: connected -10 11
stats: tr_browse_quizzes_page_1 0 0 0 19191.822021484375 0.6259765625 993.2044931671561 947
stats: error_connection_closed 0 262
stats: tr_play_game__1st_question 0 0 0 7207.617919921875 0.630126953125 627.1288920707663 947
stats: error_abort_max_send_retries 0 45
stats: tr_play_game__answer_to_question 0 0 0 13070.883056640625 0.571044921875 622.6416770991453 947
stats: 503 0 14491
stats: tr_index 0 0 0 33815.97509765625 1.12890625 3513.6800162004192 947
stats: 404 8 2141
stats: tr_quizzes_page_INDEX 0 0 0 3666.74609375 0.639892578125 650.6680142677438 354
stats: 500 0 203
stats: tr_quiz_questions_SHOW 40 5.290557861328125 4.5496648718047314 31090.505126953125 0.108154296875 559.1428018754618 2706
# stats: dump at 1449270133
stats: users 6 1279
stats: {load,"tsung_controller@ip-172-30-3-16"} 1 0.05078125 0.0 0.2109375 0.0 0.0684814453125 32
stats: {recvpackets,"tsung_controller@ip-172-30-3-16"} 1 365.0 0.0 8116 92 3139.451612903226 31
stats: {sentpackets,"tsung_controller@ip-172-30-3-16"} 1 318.0 0.0 8005 107 3062.3870967741937 31
stats: {cpu,"tsung_controller@ip-172-30-3-16"} 1 1.2871287128712872 0.0 18.6 1.2871287128712872 6.764464430887565 32
stats: {freemem,"tsung_controller@ip-172-30-3-16"} 1 3085.83203125 0.0 3171.15625 3057.7578125 3113.4263916015625 32
stats: session 8 120947.71212768555 7989.5394802601795 166469.32397460938 6197.34912109375 56564.46434411338 1892
stats: users_count 0 1906
stats: finish_users_count 8 1900
stats: request 42 5.808797200520834 3.358184625484111 35732.299072265625 0.055908203125 853.8299780940987 28746
stats: connect 2 0.7099609375 0.009033203125 31084.6220703125 0.468017578125 1293.742084799653 3088
stats: page 32 7.652038574218747 4.826139911559659 35732.299072265625 0.47900390625 1019.0102009185715 24088
stats: tr_play_game__ready_page 0 0 0 9038.568115234375 0.6298828125 694.8293642650309 947
stats: 302 20 3721
stats: tr_play_game__leaderboard 3 5.516357421875 2.383182117582366 21465.81591796875 0.630859375 600.0437840191709 943
stats: 200 8 6120
stats: tr_question_new_POST 8 4.85986328125 2.7180633499950115 5336.77001953125 0.64697265625 453.5937058128585 2746
stats: size_rcv 39459 26791730
stats: tr_quiz_new_POST 1 4.864013671875 0.0 31055.650146484375 0.825927734375 810.3656781405805 351
stats: newphase 0 6
stats: tr_friend_requests 1 4.39111328125 0.0 3651.373046875 0.6279296875 550.2833185148477 603
stats: 422 10 1315
stats: tr_friends 0 0 0 12218.572021484375 0.65087890625 657.3873333527675 603
stats: size_sent 38569 28311326
stats: tr_search_all_users 1 4.930908203125 0.0 7253.526123046875 0.635009765625 687.4209081706812 602
stats: connected -6 5
stats: tr_browse_quizzes_page_1 0 0 0 19191.822021484375 0.6259765625 993.2044931671561 947
stats: error_connection_closed 0 262
stats: tr_play_game__1st_question 0 0 0 7207.617919921875 0.630126953125 627.1288920707663 947
stats: error_abort_max_send_retries 0 45
stats: tr_play_game__answer_to_question 0 0 0 13070.883056640625 0.571044921875 622.6416770991453 947
stats: 503 0 14491
stats: tr_index 0 0 0 33815.97509765625 1.12890625 3513.6800162004192 947
stats: 404 4 2145
stats: tr_quizzes_page_INDEX 0 0 0 3666.74609375 0.639892578125 650.6680142677438 354
stats: 500 0 203
stats: tr_quiz_questions_SHOW 8 9.314361572265625 5.024430510435625 31090.505126953125 0.108154296875 551.0750343006019 2746
# stats: dump at 1449270143
stats: users 4 1279
stats: {load,"tsung_controller@ip-172-30-3-16"} 1 0.05078125 0.0 0.2109375 0.0 0.06794507575757576 33
stats: {recvpackets,"tsung_controller@ip-172-30-3-16"} 1 194.0 0.0 8116 92 3052.75 32
stats: {sentpackets,"tsung_controller@ip-172-30-3-16"} 1 150.0 0.0 8005 107 2976.625 32
stats: {cpu,"tsung_controller@ip-172-30-3-16"} 1 1.1811023622047243 0.0 18.6 1.1811023622047243 6.598484560644648 33
stats: {freemem,"tsung_controller@ip-172-30-3-16"} 1 3090.43359375 0.0 3171.15625 3057.7578125 3112.5901988636365 33
stats: session 2 128309.01489257813 898.39111328125 166469.32397460938 6197.34912109375 56835.5517032021 1900
stats: users_count 0 1906
stats: finish_users_count 2 1902
stats: request 30 6.3683837890625 3.826794864940682 35732.299072265625 0.055908203125 852.5927650331869 28788
stats: connect 0 0 0 31084.6220703125 0.468017578125 1292.9051708036257 3090
stats: page 20 9.5974853515625 4.796502043611287 35732.299072265625 0.47900390625 1017.6684322123103 24120
stats: tr_play_game__ready_page 0 0 0 9038.568115234375 0.6298828125 694.8293642650309 947
stats: 302 20 3741
stats: tr_play_game__leaderboard 0 0 0 21465.81591796875 0.630859375 598.1583904887354 946
stats: 200 1 6121
stats: tr_question_new_POST 8 8.110015869140625 3.9990746033717426 5336.77001953125 0.64697265625 452.2901942877122 2754
stats: size_rcv 18978 26810708
stats: tr_quiz_new_POST 1 5.34912109375 0.0 31055.650146484375 0.825927734375 808.077321139249 352
stats: newphase 0 6
stats: tr_friend_requests 1 4.869140625 0.0 3651.373046875 0.6279296875 549.3795234730702 604
stats: 422 9 1324
stats: tr_friends 1 4.744873046875 0.0 12218.572021484375 0.65087890625 657.3873333527675 603
stats: size_sent 24776 28336102
stats: tr_search_all_users 0 0 0 7253.526123046875 0.635009765625 686.289083958463 603
stats: connected -2 3
stats: tr_browse_quizzes_page_1 0 0 0 19191.822021484375 0.6259765625 993.2044931671561 947
stats: error_connection_closed 0 262
stats: tr_play_game__1st_question 0 0 0 7207.617919921875 0.630126953125 627.1288920707663 947
stats: error_abort_max_send_retries 0 45
stats: tr_play_game__answer_to_question 0 0 0 13070.883056640625 0.571044921875 622.6416770991453 947
stats: 503 0 14491
stats: tr_index 0 0 0 33815.97509765625 1.12890625 3513.6800162004192 947
stats: 404 0 2145
stats: tr_quizzes_page_INDEX 0 0 0 3666.74609375 0.639892578125 650.6680142677438 354
stats: 500 0 203
stats: tr_quiz_questions_SHOW 8 5.41796875 3.5088373207958905 31090.505126953125 0.108154296875 549.5012923318922 2754
# stats: dump at 1449270153
stats: users 0 1279
stats: {load,"tsung_controller@ip-172-30-3-16"} 1 0.0390625 0.0 0.2109375 0.0 0.06744025735294118 34
stats: {recvpackets,"tsung_controller@ip-172-30-3-16"} 1 109.0 0.0 8116 92 2966.121212121212 33
stats: {sentpackets,"tsung_controller@ip-172-30-3-16"} 1 90.0 0.0 8005 90 2890.969696969697 33
stats: {cpu,"tsung_controller@ip-172-30-3-16"} 1 1.0848126232741617 0.0 18.6 1.0848126232741617 6.439149790102297 34
stats: {freemem,"tsung_controller@ip-172-30-3-16"} 1 3090.53125 0.0 3171.15625 3057.7578125 3111.938534007353 34
stats: session 4 144889.18231201172 7590.6892448524195 166469.32397460938 6197.34912109375 56910.707815914386 1902
stats: users_count 0 1906
stats: finish_users_count 4 1906
stats: request 35 6.654157366071429 4.892154846167963 35732.299072265625 0.055908203125 851.7118318859413 28818
stats: connect 1 0.680908203125 0.0 31084.6220703125 0.468017578125 1292.9051708036257 3090
stats: page 25 9.35142578125 6.086609206177372 35732.299072265625 0.47900390625 1016.8332450152426 24140
stats: tr_play_game__ready_page 0 0 0 9038.568115234375 0.6298828125 694.8293642650309 947
stats: 302 23 3764
stats: tr_play_game__leaderboard 1 9.8310546875 0.0 21465.81591796875 0.630859375 598.1583904887354 946
stats: 200 3 6124
stats: tr_question_new_POST 8 11.743896484375 3.2058876289209364 5336.77001953125 0.64697265625 451.0036477897583 2762
stats: size_rcv 22263 26832971
stats: tr_quiz_new_POST 1 5.80712890625 0.0 31055.650146484375 0.825927734375 805.8033035753807 353
stats: newphase 0 6
stats: tr_friend_requests 0 0 0 3651.373046875 0.6279296875 548.4795063113379 605
stats: 422 9 1333
stats: tr_friends 1 4.742919921875 0.0 12218.572021484375 0.65087890625 656.3067994780889 604
stats: size_sent 36965 28373067
stats: tr_search_all_users 2 4.718017578125 0.156982421875 7253.526123046875 0.635009765625 686.289083958463 603
stats: connected -3 0
stats: tr_browse_quizzes_page_1 0 0 0 19191.822021484375 0.6259765625 993.2044931671561 947
stats: error_connection_closed 0 262
stats: tr_play_game__1st_question 0 0 0 7207.617919921875 0.630126953125 627.1288920707663 947
stats: error_abort_max_send_retries 0 45
stats: tr_play_game__answer_to_question 0 0 0 13070.883056640625 0.571044921875 622.6416770991453 947
stats: 503 0 14491
stats: tr_index 0 0 0 33815.97509765625 1.12890625 3513.6800162004192 947
stats: 404 0 2145
stats: tr_quizzes_page_INDEX 0 0 0 3666.74609375 0.639892578125 650.6680142677438 354
stats: 500 0 203
stats: tr_quiz_questions_SHOW 8 3.420135498046875 0.13715301414226605 31090.505126953125 0.108154296875 547.9253811846601 2762
# stats: dump at 1449270156
stats: users 0 1279
stats: {load,"tsung_controller@ip-172-30-3-16"} 0 0 0 0.2109375 0.0 0.06662946428571428 35
stats: {recvpackets,"tsung_controller@ip-172-30-3-16"} 0 0 0 8116 92 2882.0882352941176 34
stats: {sentpackets,"tsung_controller@ip-172-30-3-16"} 0 0 0 8005 90 2808.5882352941176 34
stats: {cpu,"tsung_controller@ip-172-30-3-16"} 0 0 0 18.6 1.0848126232741617 6.286168728192921 35
stats: {freemem,"tsung_controller@ip-172-30-3-16"} 0 0 0 3171.15625 3057.7578125 3111.3268973214285 35
stats: session 0 0 0 166469.32397460938 6197.34912109375 57095.3425997467 1906
stats: users_count 0 1906
stats: finish_users_count 0 1906
stats: request 0 0 0 35732.299072265625 0.055908203125 850.6867385296804 28853
stats: connect 0 0 0 31084.6220703125 0.468017578125 1292.4871105439684 3091
stats: page 0 0 0 35732.299072265625 0.47900390625 1015.7909505612452 24165
stats: tr_play_game__ready_page 0 0 0 9038.568115234375 0.6298828125 694.8293642650309 947
stats: 302 0 3764
stats: tr_play_game__leaderboard 0 0 0 21465.81591796875 0.630859375 597.5371367022506 947
stats: 200 0 6124
stats: tr_question_new_POST 0 0 0 5336.77001953125 0.64697265625 449.73502756938177 2770
stats: size_rcv 0 26832971
stats: tr_quiz_new_POST 0 0 0 31055.650146484375 0.825927734375 803.5434273757503 354
stats: newphase 0 6
stats: tr_friend_requests 0 0 0 3651.373046875 0.6279296875 548.4795063113379 605
stats: 422 0 1333
stats: tr_friends 0 0 0 12218.572021484375 0.65087890625 655.2298343879133 605
stats: size_sent 0 28373067
stats: tr_search_all_users 0 0 0 7253.526123046875 0.635009765625 684.0359564662966 605
stats: connected 0 0
stats: tr_browse_quizzes_page_1 0 0 0 19191.822021484375 0.6259765625 993.2044931671561 947
stats: error_connection_closed 0 262
stats: tr_play_game__1st_question 0 0 0 7207.617919921875 0.630126953125 627.1288920707663 947
stats: error_abort_max_send_retries 0 45
stats: tr_play_game__answer_to_question 0 0 0 13070.883056640625 0.571044921875 622.6416770991453 947
stats: 503 0 14491
stats: tr_index 0 0 0 33815.97509765625 1.12890625 3513.6800162004192 947
stats: 404 0 2145
stats: tr_quizzes_page_INDEX 0 0 0 3666.74609375 0.639892578125 650.6680142677438 354
stats: 500 0 203
stats: tr_quiz_questions_SHOW 0 0 0 31090.505126953125 0.108154296875 546.3528028577673 2770
EndMonitor:{1449,270156,646788}
