[05/Dec/2015:01:01:35 -0000] access to /oapi/getAd;jsessionid=27D5BAD11B87B025FAFC828AC22EC3F3.soma-i-2a774b94 failed for 0:0:0:0:0:FFFF:C62D:B88D, reason: 
"httpd_file: Can't access /home/ec2-user/.tsung/log/20151205-0058/oapi/getAd;jsessionid=27D5BAD11B87B025FAFC828AC22EC3F3.soma-i-2a774b94: File not found"
[05/Dec/2015:01:01:35 -0000] access to /oapi/img/adspacer.gif failed for 0:0:0:0:0:FFFF:C62D:B88D, reason: 
"httpd_file: Can't access /home/ec2-user/.tsung/log/20151205-0058/oapi/img/adspacer.gif: File not found"
[05/Dec/2015:01:02:29 -0000] server crash for 0:0:0:0:0:FFFF:A9E7:7497, reason: 
"Error reading request: No request received on keep-alive connection before server side timeout"

[05/Dec/2015:01:02:29 -0000] server crash for 0:0:0:0:0:FFFF:A9E7:7497, reason: 
"Error reading request: No request received on keep-alive connection before server side timeout"

[05/Dec/2015:01:02:29 -0000] server crash for 0:0:0:0:0:FFFF:A9E7:7497, reason: 
"Error reading request: No request received on keep-alive connection before server side timeout"

[05/Dec/2015:01:02:29 -0000] server crash for 0:0:0:0:0:FFFF:A9E7:7497, reason: 
"Error reading request: No request received on keep-alive connection before server side timeout"

[05/Dec/2015:01:02:29 -0000] server crash for 0:0:0:0:0:FFFF:A9E7:7497, reason: 
"Error reading request: No request received on keep-alive connection before server side timeout"

[05/Dec/2015:01:05:13 -0000] access to /es/images/graphes-Transactions-mean_tn.png failed for 0:0:0:0:0:FFFF:A9E7:7497, reason: 
"mod_esi: Client not authorized to evaluate: images/graphes-Transactions-mean_tn.png"
[05/Dec/2015:01:05:13 -0000] access to /es/images/graphes-Perfs-mean_tn.png failed for 0:0:0:0:0:FFFF:A9E7:7497, reason: 
"mod_esi: Client not authorized to evaluate: images/graphes-Perfs-mean_tn.png"
[05/Dec/2015:01:05:13 -0000] access to /es/images/graphes-Transactions-rate_tn.png failed for 0:0:0:0:0:FFFF:A9E7:7497, reason: 
"mod_esi: Client not authorized to evaluate: images/graphes-Transactions-rate_tn.png"
[05/Dec/2015:01:05:13 -0000] access to /es/images/graphes-Perfs-rate_tn.png failed for 0:0:0:0:0:FFFF:A9E7:7497, reason: 
"mod_esi: Client not authorized to evaluate: images/graphes-Perfs-rate_tn.png"
[05/Dec/2015:01:05:13 -0000] access to /es/images/graphes-Size-rate_tn.png failed for 0:0:0:0:0:FFFF:A9E7:7497, reason: 
"mod_esi: Client not authorized to evaluate: images/graphes-Size-rate_tn.png"
[05/Dec/2015:01:05:13 -0000] access to /es/images/graphes-Users_Arrival-rate_tn.png failed for 0:0:0:0:0:FFFF:A9E7:7497, reason: 
"mod_esi: Client not authorized to evaluate: images/graphes-Users_Arrival-rate_tn.png"
[05/Dec/2015:01:05:13 -0000] access to /es/images/graphes-Users-simultaneous_tn.png failed for 0:0:0:0:0:FFFF:A9E7:7497, reason: 
"mod_esi: Client not authorized to evaluate: images/graphes-Users-simultaneous_tn.png"
[05/Dec/2015:01:05:13 -0000] access to /es/images/graphes-cpu-mean_tn.png failed for 0:0:0:0:0:FFFF:A9E7:7497, reason: 
"mod_esi: Client not authorized to evaluate: images/graphes-cpu-mean_tn.png"
[05/Dec/2015:01:05:13 -0000] access to /es/images/graphes-HTTP_CODE-rate_tn.png failed for 0:0:0:0:0:FFFF:A9E7:7497, reason: 
"mod_esi: Client not authorized to evaluate: images/graphes-HTTP_CODE-rate_tn.png"
[05/Dec/2015:01:05:13 -0000] access to /es/images/graphes-freemem-mean_tn.png failed for 0:0:0:0:0:FFFF:A9E7:7497, reason: 
"mod_esi: Client not authorized to evaluate: images/graphes-freemem-mean_tn.png"
[05/Dec/2015:01:05:13 -0000] access to /es/images/graphes-load-mean_tn.png failed for 0:0:0:0:0:FFFF:A9E7:7497, reason: 
"mod_esi: Client not authorized to evaluate: images/graphes-load-mean_tn.png"
