# stats: dump at 1449460453
stats: users 5 5
stats: {cpu,"tsung_controller@ip-172-30-3-127"} 1 16.22748327328873 0 16.22748327328873 16.22748327328873 0 0
stats: {load,"tsung_controller@ip-172-30-3-127"} 1 0.0 0 0.0 0.0 0 0
stats: {freemem,"tsung_controller@ip-172-30-3-127"} 1 3172.27734375 0 3172.27734375 3172.27734375 0 0
stats: users_count 5 5
stats: finish_users_count 0 0
stats: request 9 265.2268880208333 372.54251819227494 1141.30078125 6.927978515625 0 0
stats: connect 5 24.802392578125 44.478708872718066 113.575927734375 0.73193359375 0 0
stats: page 9 265.2268880208333 372.54251819227494 1141.30078125 6.927978515625 0 0
stats: tr_play_game__ready_page 1 30.906005859375 0 30.906005859375 30.906005859375 0 0
stats: 200 9 9
stats: tr_browse_quizzes_page_1 2 711.2545166015625 430.1585693359375 1141.4130859375 281.095947265625 0 0
stats: size_rcv 31747 31747
stats: tr_play_game__1st_question 1 66.009033203125 0 66.009033203125 66.009033203125 0 0
stats: size_sent 5477 5477
stats: tr_index 3 274.4156087239583 299.1000847414714 691.947021484375 6.98193359375 0 0
stats: connected 5 5
# stats: dump at 1449460463
stats: users 12 12
stats: {recvpackets,"tsung_controller@ip-172-30-3-127"} 1 141 0 141 141 0 0
stats: {sentpackets,"tsung_controller@ip-172-30-3-127"} 1 190 0 190 190 0 0
stats: {cpu,"tsung_controller@ip-172-30-3-127"} 1 2.1696252465483234 0.0 16.22748327328873 2.1696252465483234 16.22748327328873 1
stats: {load,"tsung_controller@ip-172-30-3-127"} 1 0.0 0.0 0.0 0.0 0.0 1
stats: {freemem,"tsung_controller@ip-172-30-3-127"} 1 3171.8984375 0.0 3172.27734375 3171.8984375 3172.27734375 1
stats: users_count 7 12
stats: finish_users_count 0 0
stats: request 25 44.753271484375006 70.18422453173012 1141.30078125 5.673095703125 265.2268880208333 9
stats: connect 7 0.6630859375 0.06892750601576883 113.575927734375 0.533935546875 24.802392578125 5
stats: page 24 46.61957804361979 71.77637398778674 1141.30078125 5.673095703125 265.2268880208333 9
stats: tr_play_game__ready_page 3 24.984944661458332 21.560717428241826 55.471923828125 9.288818359375 30.906005859375 1
stats: 302 1 1
stats: tr_browse_quizzes_page_1 3 139.802978515625 55.429392100598385 1141.4130859375 95.473876953125 711.2545166015625 2
stats: 200 24 33
stats: tr_play_game__1st_question 2 9.757568359375 0.594482421875 66.009033203125 9.1630859375 66.009033203125 1
stats: size_rcv 66554 98301
stats: tr_play_game__answer_to_question 2 20.5054931640625 6.7376708984375 27.2431640625 13.767822265625 0 0
stats: size_sent 30741 36218
stats: tr_index 3 6.67236328125 0.7757010427080695 691.947021484375 5.715087890625 274.4156087239583 3
stats: connected 7 12
# stats: dump at 1449460473
stats: users 17 17
stats: {recvpackets,"tsung_controller@ip-172-30-3-127"} 1 181.0 0.0 181 141 141.0 1
stats: {sentpackets,"tsung_controller@ip-172-30-3-127"} 1 174.0 0.0 190 174 190.0 1
stats: {cpu,"tsung_controller@ip-172-30-3-127"} 1 1.0869565217391304 0.0 16.22748327328873 1.0869565217391304 9.198554259918527 2
stats: {load,"tsung_controller@ip-172-30-3-127"} 1 0.0 0.0 0.0 0.0 0.0 2
stats: {freemem,"tsung_controller@ip-172-30-3-127"} 1 3169.45703125 0.0 3172.27734375 3169.45703125 3172.087890625 2
stats: session 1 24769.23583984375 0 24769.23583984375 24769.23583984375 0 0
stats: users_count 6 18
stats: finish_users_count 1 1
stats: request 27 31.980622468171298 44.58906743613568 1141.30078125 5.673095703125 103.11393468520221 34
stats: connect 5 2.0904296875 2.75063256704533 113.575927734375 0.533935546875 10.72113037109375 12
stats: page 25 34.542431640625 48.14574702544697 1141.30078125 5.673095703125 106.23975349195075 33
stats: tr_play_game__ready_page 2 15.721923828125 6.6708984375 55.471923828125 9.051025390625 26.4652099609375 4
stats: 302 2 3
stats: tr_play_game__leaderboard 1 11.666015625 0 11.666015625 11.666015625 0 0
stats: 200 25 58
stats: tr_friend_requests 1 52.137939453125 0 52.137939453125 52.137939453125 0 0
stats: size_rcv 60187 158488
stats: tr_browse_quizzes_page_1 2 110.8714599609375 6.0694580078125 1141.4130859375 95.473876953125 368.38359375 5
stats: size_sent 39562 75780
stats: tr_play_game__1st_question 2 10.1395263671875 0.0894775390625 66.009033203125 9.1630859375 28.508056640625 3
stats: connected 4 16
stats: tr_play_game__answer_to_question 0 0 0 27.2431640625 13.767822265625 20.5054931640625 2
stats: tr_index 3 7.294352213541667 0.33336263766223245 691.947021484375 5.715087890625 140.54398600260416 6
# stats: dump at 1449460483
stats: users 30 30
stats: {recvpackets,"tsung_controller@ip-172-30-3-127"} 1 171.0 0.0 181 141 161.0 2
stats: {sentpackets,"tsung_controller@ip-172-30-3-127"} 1 160.0 0.0 190 160 182.0 2
stats: {cpu,"tsung_controller@ip-172-30-3-127"} 1 1.185770750988142 0.0 16.22748327328873 1.0869565217391304 6.494688347192061 3
stats: {load,"tsung_controller@ip-172-30-3-127"} 1 0.0 0.0 0.0 0.0 0.0 3
stats: {freemem,"tsung_controller@ip-172-30-3-127"} 1 3169.69921875 0.0 3172.27734375 3169.45703125 3171.2109375 3
stats: session 0 0 0 24769.23583984375 24769.23583984375 24769.23583984375 1
stats: users_count 13 31
stats: finish_users_count 0 1
stats: request 47 117.6353162400266 228.26066757909337 1141.30078125 5.673095703125 71.62869813012296 61
stats: connect 14 1.1962541852678572 1.9939118343489382 113.575927734375 0.52392578125 8.182688993566176 17
stats: page 43 111.85936932231105 218.78697118776313 1141.30078125 5.673095703125 75.3357354525862 58
stats: tr_play_game__ready_page 3 13.301676432291666 7.745658895222299 55.471923828125 7.47412109375 22.884114583333332 6
stats: 302 3 6
stats: tr_play_game__leaderboard 0 0 0 11.666015625 11.666015625 11.666015625 1
stats: 200 44 102
stats: tr_friend_requests 2 569.5625 559.571533203125 1129.134033203125 9.990966796875 52.137939453125 1
stats: size_rcv 112876 271364
stats: tr_friends 1 59.498046875 0 59.498046875 59.498046875 0 0
stats: newphase 1 1
stats: tr_browse_quizzes_page_1 4 199.20599365234375 115.29589422281244 1141.4130859375 94.2470703125 294.80869838169644 7
stats: size_sent 71430 147210
stats: tr_play_game__1st_question 3 16.8046875 10.173937342855679 66.009033203125 9.157958984375 21.16064453125 5
stats: connected 14 30
stats: tr_play_game__answer_to_question 5 33.82314453125 36.4273083282684 106.14990234375 10.06494140625 20.5054931640625 2
stats: tr_index 5 163.4330078125 259.3363957540397 691.947021484375 5.715087890625 96.12744140625 9
stats: tr_quizzes_page_INDEX 1 11.005126953125 0 11.005126953125 11.005126953125 0 0
# stats: dump at 1449460493
stats: users 40 40
stats: {recvpackets,"tsung_controller@ip-172-30-3-127"} 1 373.0 0.0 373 141 164.33333333333334 3
stats: {sentpackets,"tsung_controller@ip-172-30-3-127"} 1 349.0 0.0 349 160 174.66666666666666 3
stats: {cpu,"tsung_controller@ip-172-30-3-127"} 1 1.582591493570722 0.0 16.22748327328873 1.0869565217391304 5.167458948141081 4
stats: {load,"tsung_controller@ip-172-30-3-127"} 1 0.0 0.0 0.0 0.0 0.0 4
stats: {freemem,"tsung_controller@ip-172-30-3-127"} 1 3167.23828125 0.0 3172.27734375 3167.23828125 3170.8330078125 4
stats: session 3 24546.158365885418 3083.626477155567 28241.77197265625 20693.3681640625 24769.23583984375 1
stats: users_count 13 44
stats: finish_users_count 3 4
stats: request 125 254.67404687500002 535.0061867472039 3689.510009765625 5.465087890625 91.65009675202546 108
stats: connect 13 3.764423076923077 4.162956785178195 113.575927734375 0.52392578125 5.027524886592742 31
stats: page 108 301.435519748264 586.0227772090758 3689.510009765625 5.673095703125 90.88540135751856 101
stats: tr_play_game__ready_page 9 154.12714301215277 199.495251405786 596.177001953125 7.47412109375 19.68996853298611 9
stats: 302 7 13
stats: tr_play_game__leaderboard 0 0 0 11.666015625 11.666015625 11.666015625 1
stats: 200 110 212
stats: tr_quiz_new_POST 1 138.446044921875 0 138.446044921875 138.446044921875 0 0
stats: size_rcv 366105 637469
stats: tr_question_new_POST 8 63.26898193359376 71.15704519290226 228.90185546875 14.485107421875 0 0
stats: newphase 0 1
stats: tr_friend_requests 2 182.007568359375 12.95654296875 1129.134033203125 9.990966796875 397.087646484375 3
stats: size_sent 131286 278496
stats: tr_friends 1 725.739013671875 0.0 725.739013671875 59.498046875 59.498046875 1
stats: connected 10 40
stats: tr_search_all_users 2 595.2794189453125 125.3475341796875 720.626953125 469.931884765625 0 0
stats: 404 8 8
stats: tr_browse_quizzes_page_1 10 1009.6359375 1043.4438442702942 2673.4189453125 94.2470703125 260.0440784801136 11
stats: tr_play_game__1st_question 9 96.89832899305556 133.28281208950577 456.963134765625 9.157958984375 19.52716064453125 8
stats: tr_play_game__answer_to_question 4 21.64007568359375 17.058111100873596 106.14990234375 10.06494140625 30.018101283482142 7
stats: tr_index 8 198.862548828125 331.01435686144936 965.761962890625 5.715087890625 120.16514369419643 14
stats: tr_quizzes_page_INDEX 4 232.4095458984375 210.7294735736603 506.833984375 10.552978515625 11.005126953125 1
stats: tr_quiz_questions_SHOW 8 73.05349731445313 27.669321325875007 118.762939453125 34.5361328125 0 0
# stats: dump at 1449460503
stats: users 52 52
stats: {recvpackets,"tsung_controller@ip-172-30-3-127"} 1 822.0 0.0 822 141 216.5 4
stats: {sentpackets,"tsung_controller@ip-172-30-3-127"} 1 640.0 0.0 640 160 218.25 4
stats: {cpu,"tsung_controller@ip-172-30-3-127"} 1 2.1739130434782608 0.0 16.22748327328873 1.0869565217391304 4.450485457227009 5
stats: {load,"tsung_controller@ip-172-30-3-127"} 1 0.0703125 0.0 0.0703125 0.0 0.0 5
stats: {freemem,"tsung_controller@ip-172-30-3-127"} 1 3162.02734375 0.0 3172.27734375 3162.02734375 3170.1140625 5
stats: session 6 29146.17500813802 18730.7945137933 55687.9208984375 9378.595947265625 24601.927734375 4
stats: users_count 18 62
stats: finish_users_count 6 10
stats: request 176 68.0142850008878 118.3177527058352 3689.510009765625 4.361083984375 179.10929746177575 233
stats: connect 18 1.5286729600694444 1.9414372742887867 113.575927734375 0.52392578125 4.6543357155539775 44
stats: page 150 79.82379231770835 133.01219845654825 3689.510009765625 5.673095703125 199.68641947331048 209
stats: tr_play_game__ready_page 5 28.595166015625 35.83580702111537 596.177001953125 7.47412109375 86.90855577256944 18
stats: 302 4 17
stats: tr_play_game__leaderboard 4 56.59832763671875 72.51369547385681 181.66796875 8.880126953125 11.666015625 1
stats: 200 156 368
stats: tr_quiz_new_POST 2 30.429443359375 16.404541015625 138.446044921875 14.02490234375 138.446044921875 1
stats: size_rcv 465873 1103342
stats: tr_question_new_POST 16 27.46624755859375 29.39265590737027 228.90185546875 4.448974609375 63.26898193359376 8
stats: newphase 0 1
stats: tr_friend_requests 5 30.0513671875 28.558038792864398 1129.134033203125 8.259033203125 311.055615234375 5
stats: size_sent 268343 546839
stats: tr_friends 4 178.2225341796875 117.18874177738937 725.739013671875 59.498046875 392.6185302734375 2
stats: connected 12 52
stats: tr_search_all_users 2 229.3765869140625 43.3504638671875 720.626953125 186.026123046875 595.2794189453125 2
stats: 404 16 24
stats: tr_browse_quizzes_page_1 9 217.85755750868054 122.60086814529693 2673.4189453125 94.2470703125 616.9925827752976 21
stats: tr_play_game__1st_question 6 64.00333658854167 68.35714443537331 456.963134765625 9.046875 60.48836741727941 17
stats: tr_play_game__answer_to_question 7 113.65642438616071 190.40434280006644 575.218994140625 10.06494140625 26.971546519886363 11
stats: tr_index 9 17.10300021701389 22.331644979648928 965.761962890625 5.715087890625 148.7823819247159 22
stats: tr_quizzes_page_INDEX 0 0 0 506.833984375 10.552978515625 188.128662109375 5
stats: tr_quiz_questions_SHOW 16 49.22044372558594 84.27989839377183 371.14111328125 16.846923828125 73.05349731445313 8
# stats: dump at 1449460513
stats: users 57 58
stats: {recvpackets,"tsung_controller@ip-172-30-3-127"} 1 1070.0 0.0 1070 141 337.6 5
stats: {sentpackets,"tsung_controller@ip-172-30-3-127"} 1 882.0 0.0 882 160 302.6 5
stats: {cpu,"tsung_controller@ip-172-30-3-127"} 1 2.6627218934911245 0.0 16.22748327328873 1.0869565217391304 4.0710567216022175 6
stats: {load,"tsung_controller@ip-172-30-3-127"} 1 0.05859375 0.0 0.0703125 0.0 0.01171875 6
stats: {freemem,"tsung_controller@ip-172-30-3-127"} 1 3158.7734375 0.0 3172.27734375 3158.7734375 3168.7662760416665 6
stats: session 8 37085.24060058594 14707.78843893121 60412.2421875 9378.595947265625 27328.47609863281 10
stats: users_count 13 75
stats: finish_users_count 8 18
stats: request 162 77.33573555652 107.10340801657155 3689.510009765625 4.361083984375 131.3031307304401 409
stats: connect 11 2.6168323863636362 2.9518113021443066 113.575927734375 0.52392578125 3.746885238155242 62
stats: page 145 86.40743702855606 124.29869241824318 3689.510009765625 5.673095703125 149.60454183169398 359
stats: tr_play_game__ready_page 9 30.97100151909722 20.630106317546 596.177001953125 7.47412109375 74.23173191236413 23
stats: 302 12 29
stats: tr_play_game__leaderboard 5 21.87060546875 12.628211933828895 181.66796875 8.778076171875 47.611865234375 5
stats: 200 151 519
stats: tr_quiz_new_POST 0 0 0 138.446044921875 14.02490234375 66.43497721354167 3
stats: size_rcv 385474 1488816
stats: tr_question_new_POST 0 0 0 228.90185546875 4.448974609375 39.400492350260414 24
stats: newphase 1 2
stats: tr_friend_requests 7 46.52089146205357 73.45921529880903 1129.134033203125 8.14013671875 170.5534912109375 10
stats: size_sent 296951 843790
stats: tr_friends 5 169.3638671875 28.334969187121164 725.739013671875 59.498046875 249.6878662109375 6
stats: connected 4 56
stats: tr_search_all_users 4 204.710693359375 123.27400621036044 720.626953125 103.809814453125 412.3280029296875 4
stats: 404 0 24
stats: tr_browse_quizzes_page_1 5 196.6818359375 91.93967332513068 2673.4189453125 94.2470703125 497.2520751953125 30
stats: tr_play_game__1st_question 9 46.10614691840278 35.06653546811024 456.963134765625 8.840087890625 61.40531589673913 23
stats: tr_play_game__answer_to_question 9 52.784695095486114 48.81001228135109 575.218994140625 10.06494140625 60.682332356770836 18
stats: tr_index 6 24.0948486328125 19.955059666566108 965.761962890625 5.715087890625 110.55288400957662 31
stats: tr_quizzes_page_INDEX 4 31.9627685546875 23.574498396623618 506.833984375 9.695068359375 188.128662109375 5
stats: tr_quiz_questions_SHOW 0 0 0 371.14111328125 16.846923828125 57.164794921875 24
# stats: dump at 1449460523
stats: users 66 67
stats: {recvpackets,"tsung_controller@ip-172-30-3-127"} 1 1214.0 0.0 1214 141 459.6666666666667 6
stats: {sentpackets,"tsung_controller@ip-172-30-3-127"} 1 1009.0 0.0 1009 160 399.1666666666667 6
stats: {cpu,"tsung_controller@ip-172-30-3-127"} 1 2.6732673267326734 0.0 16.22748327328873 1.0869565217391304 3.869866031872061 7
stats: {load,"tsung_controller@ip-172-30-3-127"} 1 0.05078125 0.0 0.0703125 0.0 0.018415178571428572 7
stats: {freemem,"tsung_controller@ip-172-30-3-127"} 1 3154.48046875 0.0 3172.27734375 3154.48046875 3167.3387276785716 7
stats: session 14 40814.46419852121 13988.226044479488 66775.06201171875 9378.595947265625 31664.815877278645 18
stats: users_count 23 98
stats: finish_users_count 14 32
stats: request 230 77.62944654381796 127.32809626935762 3689.510009765625 4.35302734375 115.99189076866242 571
stats: connect 23 1.6851541270380435 2.312856567966512 113.575927734375 0.52294921875 3.576603301583904 73
stats: page 191 92.11024546997713 144.82414755075735 3689.510009765625 5.673095703125 131.42283509269595 504
stats: tr_play_game__ready_page 9 23.61867947048611 15.456678726710944 596.177001953125 7.47412109375 62.06465148925781 32
stats: 302 7 36
stats: tr_play_game__leaderboard 6 54.6483154296875 38.55652543498665 181.66796875 8.3779296875 34.7412353515625 10
stats: 200 198 717
stats: tr_quiz_new_POST 3 83.506103515625 51.18428323851896 138.446044921875 11.8291015625 66.43497721354167 3
stats: size_rcv 621560 2110376
stats: tr_question_new_POST 24 32.32688395182292 34.85983602395608 228.90185546875 4.43798828125 39.400492350260414 24
stats: newphase 0 2
stats: tr_friend_requests 7 85.394287109375 94.81310741055047 1129.134033203125 7.781982421875 119.48124425551471 17
stats: size_sent 321345 1165135
stats: tr_friends 5 231.437060546875 76.81474279141744 725.739013671875 59.498046875 213.17695756392047 11
stats: connected 9 65
stats: tr_search_all_users 3 201.49609375 74.57055134669227 720.626953125 103.809814453125 308.51934814453125 8
stats: 404 24 48
stats: tr_browse_quizzes_page_1 10 257.4623046875 147.30465859829687 2673.4189453125 94.2470703125 454.3134695870536 35
stats: tr_play_game__1st_question 7 22.29931640625 13.031416619135076 456.963134765625 8.840087890625 57.10242462158203 32
stats: tr_play_game__answer_to_question 9 51.058430989583336 53.6655918951842 575.218994140625 10.06494140625 58.04978660300926 27
stats: tr_index 9 14.86056857638889 12.743524466019911 965.761962890625 5.715087890625 96.53266205658784 37
stats: tr_quizzes_page_INDEX 1 69.067138671875 0.0 506.833984375 9.695068359375 118.72159830729167 9
stats: tr_quiz_questions_SHOW 24 54.35565185546875 39.236869675936994 371.14111328125 11.4140625 57.164794921875 24
# stats: dump at 1449460533
stats: users 76 76
stats: {recvpackets,"tsung_controller@ip-172-30-3-127"} 1 1319.0 0.0 1319 141 567.4285714285714 7
stats: {sentpackets,"tsung_controller@ip-172-30-3-127"} 1 1115.0 0.0 1115 160 486.2857142857143 7
stats: {cpu,"tsung_controller@ip-172-30-3-127"} 1 2.7750247770069376 0.0 16.22748327328873 1.0869565217391304 3.7202911937296377 8
stats: {load,"tsung_controller@ip-172-30-3-127"} 1 0.0390625 0.0 0.0703125 0.0 0.0224609375 8
stats: {freemem,"tsung_controller@ip-172-30-3-127"} 1 3152.22265625 0.0 3172.27734375 3152.22265625 3165.7314453125 8
stats: session 11 39535.23785955256 15720.353009011586 72712.67016601563 9378.595947265625 35667.787017822266 32
stats: users_count 21 119
stats: finish_users_count 11 43
stats: request 239 144.43488085120288 273.9742348824222 3689.510009765625 4.35302734375 104.97645734579822 801
stats: connect 22 2.0344793146306817 2.6485127626639975 113.575927734375 0.52294921875 3.123443603515625 96
stats: page 200 173.95340454101554 305.58297717882084 3689.510009765625 5.673095703125 120.61894355609267 695
stats: tr_play_game__ready_page 7 112.45295061383929 147.66682452671566 596.177001953125 7.3759765625 53.625291777820124 41
stats: 302 8 44
stats: tr_play_game__leaderboard 5 204.8927734375 157.98332316123455 471.719970703125 8.3779296875 42.206390380859375 16
stats: 200 207 924
stats: tr_quiz_new_POST 3 40.704671223958336 29.393643188129282 138.446044921875 11.56787109375 74.97054036458333 6
stats: size_rcv 652842 2763218
stats: tr_question_new_POST 24 55.365987141927086 67.43845710234737 239.052001953125 4.43798828125 35.863688151041664 48
stats: newphase 0 2
stats: tr_friend_requests 5 92.067431640625 73.8200362576538 1129.134033203125 7.781982421875 109.53921508789063 24
stats: size_sent 340883 1506018
stats: tr_friends 4 269.9097900390625 255.78563334744047 725.739013671875 59.498046875 218.88323974609375 16
stats: connected 10 75
stats: tr_search_all_users 6 366.7581787109375 283.60984636978156 983.6279296875 103.809814453125 279.3311878551136 11
stats: 404 24 72
stats: tr_browse_quizzes_page_1 7 438.86471121651783 243.513249956167 2673.4189453125 94.2470703125 410.5687662760417 45
stats: tr_play_game__1st_question 9 132.08601888020834 147.60105677949193 456.963134765625 8.840087890625 50.855712890625 39
stats: tr_play_game__answer_to_question 6 91.86629231770833 59.27083020000752 575.218994140625 10.06494140625 56.30194769965278 36
stats: tr_index 9 73.85080295138889 132.2050843014652 965.761962890625 5.715087890625 80.55333941915761 46
stats: tr_quizzes_page_INDEX 2 46.728515625 3.929443359375 506.833984375 9.695068359375 113.75615234375 10
stats: tr_quiz_questions_SHOW 24 98.15370686848958 145.23874362645995 608.48193359375 8.60791015625 55.760223388671875 48
# stats: dump at 1449460543
stats: users 81 82
stats: {recvpackets,"tsung_controller@ip-172-30-3-127"} 1 1526.0 0.0 1526 141 661.375 8
stats: {sentpackets,"tsung_controller@ip-172-30-3-127"} 1 1231.0 0.0 1231 160 564.875 8
stats: {cpu,"tsung_controller@ip-172-30-3-127"} 1 3.356367226061204 0.0 16.22748327328873 1.0869565217391304 3.61526159187156 9
stats: {load,"tsung_controller@ip-172-30-3-127"} 1 0.0390625 0.0 0.0703125 0.0 0.024305555555555556 9
stats: {freemem,"tsung_controller@ip-172-30-3-127"} 1 3149.6484375 0.0 3172.27734375 3149.6484375 3164.23046875 9
stats: session 20 37932.950561523445 12387.00321315274 72712.67016601563 9378.595947265625 36657.134907567226 43
stats: users_count 25 144
stats: finish_users_count 20 63
stats: request 239 158.02185620423634 208.4980839783829 3689.510009765625 4.35302734375 114.04430659367486 1040
stats: connect 25 3.20228515625 3.429483048433421 113.575927734375 0.4912109375 2.9204163632150424 118
stats: page 205 184.24733588986285 240.1918528613555 3689.510009765625 5.57421875 132.53725885998605 895
stats: tr_play_game__ready_page 5 48.91123046875 24.287339837257395 596.177001953125 7.3759765625 62.204325358072914 48
stats: 302 9 53
stats: tr_play_game__leaderboard 7 76.77975027901786 69.99498158566676 471.719970703125 8.3779296875 80.94124348958333 21
stats: 200 219 1143
stats: tr_quiz_new_POST 2 29.3480224609375 6.4810791015625 138.446044921875 11.56787109375 63.548583984375 9
stats: size_rcv 732090 3495308
stats: tr_question_new_POST 11 41.02598987926137 55.2089358668687 239.052001953125 4.43798828125 42.36445448133681 72
stats: newphase 1 3
stats: tr_friend_requests 5 40.12734375 29.076910217836488 1129.134033203125 7.781982421875 106.52683863146552 29
stats: size_sent 341816 1847834
stats: tr_friends 12 344.5240885416667 251.5951779371715 963.375 59.498046875 229.0885498046875 20
stats: connected 5 80
stats: tr_search_all_users 9 416.0610080295139 218.44014677699133 983.6279296875 103.809814453125 310.18777286305146 17
stats: 404 11 83
stats: tr_browse_quizzes_page_1 11 454.3916681463068 305.7754364583823 2673.4189453125 94.2470703125 414.37783578725964 52
stats: tr_play_game__1st_question 5 101.00419921875 67.34550103221599 456.963134765625 8.840087890625 66.08639526367188 48
stats: tr_play_game__answer_to_question 7 146.59218052455358 93.47422158542177 575.218994140625 10.06494140625 61.382568359375 42
stats: tr_index 10 126.63193359375 90.05643354557756 965.761962890625 5.715087890625 79.45656072443182 55
stats: tr_quizzes_page_INDEX 3 52.275716145833336 30.891420727068 506.833984375 9.695068359375 102.58487955729167 12
stats: tr_quiz_questions_SHOW 11 73.48490767045455 102.4894058997442 608.48193359375 8.60791015625 69.89138454861111 72
# stats: dump at 1449460553
stats: users 103 103
stats: {recvpackets,"tsung_controller@ip-172-30-3-127"} 1 1605.0 0.0 1605 141 757.4444444444445 9
stats: {sentpackets,"tsung_controller@ip-172-30-3-127"} 1 1304.0 0.0 1304 160 638.8888888888889 9
stats: {cpu,"tsung_controller@ip-172-30-3-127"} 1 2.982107355864811 0.0 16.22748327328873 1.0869565217391304 3.589372155290524 10
stats: {load,"tsung_controller@ip-172-30-3-127"} 1 0.03125 0.0 0.0703125 0.0 0.02578125 10
stats: {freemem,"tsung_controller@ip-172-30-3-127"} 1 3150.578125 0.0 3172.27734375 3149.6484375 3162.772265625 10
stats: session 10 31457.440209960936 13945.618057877748 72712.67016601563 9378.595947265625 37062.15575009301 63
stats: users_count 32 176
stats: finish_users_count 10 73
stats: request 270 512.6549741391781 359.77348949710625 3689.510009765625 4.35302734375 122.2621598829041 1279
stats: connect 32 2.695663452148437 2.7831396048391333 113.575927734375 0.4912109375 2.96969412423514 143
stats: page 232 596.6443491968614 454.0601725556906 3689.510009765625 5.57421875 142.17413685191764 1100
stats: tr_play_game__ready_page 19 437.63368626644734 233.12722287074794 825.680908203125 7.3759765625 60.95025980247642 53
stats: 302 16 69
stats: tr_play_game__leaderboard 6 468.1599527994792 283.14778877840615 971.81689453125 8.3779296875 79.90087018694196 28
stats: 200 237 1380
stats: tr_quiz_new_POST 3 348.2386067708333 227.32486445061772 667.56787109375 11.56787109375 57.33030007102273 11
stats: size_rcv 730846 4226154
stats: tr_question_new_POST 17 283.16061580882354 189.0366670743892 755.619140625 4.43798828125 42.18706760636295 83
stats: newphase 0 3
stats: tr_friend_requests 8 315.0720520019531 172.4230877257383 1129.134033203125 7.781982421875 96.76220703125 34
stats: size_sent 368080 2215914
stats: tr_friends 2 843.5321044921875 45.4349365234375 963.375 59.498046875 272.3768768310547 32
stats: connected 22 102
stats: tr_search_all_users 4 984.8143310546875 107.94555837824507 1100.755126953125 103.809814453125 346.8362004206731 26
stats: 404 17 100
stats: tr_browse_quizzes_page_1 17 1012.6191980698529 199.98584891230115 2673.4189453125 94.2470703125 421.3643779451885 63
stats: tr_play_game__1st_question 14 513.727312360491 253.3453573260952 963.653076171875 8.840087890625 69.38052771226415 53
stats: tr_play_game__answer_to_question 7 585.2547084263393 186.62322744417588 922.882080078125 10.06494140625 73.55537009725765 49
stats: tr_index 19 399.34932668585526 233.11613874406052 965.761962890625 5.715087890625 86.71431039663462 65
stats: tr_quizzes_page_INDEX 7 379.13040597098217 276.51292699724314 835.2890625 9.695068359375 92.523046875 15
stats: tr_quiz_questions_SHOW 17 367.01022518382354 221.7143824287204 824.1650390625 8.60791015625 70.36763460090361 83
# stats: dump at 1449460563
stats: users 140 141
stats: {recvpackets,"tsung_controller@ip-172-30-3-127"} 1 1792.0 0.0 1792 141 842.2 10
stats: {sentpackets,"tsung_controller@ip-172-30-3-127"} 1 1475.0 0.0 1475 160 705.4 10
stats: {cpu,"tsung_controller@ip-172-30-3-127"} 1 3.751233958538993 0.0 16.22748327328873 1.0869565217391304 3.534166264433641 11
stats: {load,"tsung_controller@ip-172-30-3-127"} 1 0.03125 0.0 0.0703125 0.0 0.026278409090909092 11
stats: {freemem,"tsung_controller@ip-172-30-3-127"} 1 3147.27734375 0.0 3172.27734375 3147.27734375 3161.6637073863635 11
stats: session 10 53079.25920410156 14216.98266304735 75638.9599609375 9378.595947265625 36294.38649802012 73
stats: users_count 47 223
stats: finish_users_count 10 83
stats: request 266 1258.657861695254 551.093208107382 3689.510009765625 4.35302734375 190.3099712768318 1549
stats: connect 47 2.859354222074468 3.0075085428996173 113.575927734375 0.4912109375 2.9195856584821427 175
stats: page 225 1413.1917751736105 712.8615650574426 4093.265869140625 5.57421875 221.3311107738598 1332
stats: tr_play_game__ready_page 16 1233.2014770507813 491.56485215154885 2288.44287109375 7.3759765625 160.3528306749132 72
stats: 302 16 85
stats: tr_play_game__leaderboard 6 1217.1449788411458 797.7967687859804 2291.333984375 8.3779296875 148.41717888327207 34
stats: 200 238 1618
stats: tr_quiz_new_POST 3 652.1940104166666 203.26130415598016 837.9609375 11.56787109375 119.66779436383929 14
stats: size_rcv 706764 4932918
stats: tr_question_new_POST 12 820.2203369140625 216.62279109342018 1167.5478515625 4.43798828125 83.15257080078125 100
stats: newphase 0 3
stats: tr_friend_requests 6 983.0516764322916 395.29154690209606 1715.16796875 7.781982421875 138.34503464471726 42
stats: size_sent 408845 2624759
stats: tr_friends 10 1564.62939453125 501.93104518997876 2495.3701171875 59.498046875 305.9742431640625 34
stats: connected 38 140
stats: tr_search_all_users 4 1704.3602905273438 512.4466428547781 2392.244140625 103.809814453125 431.899951171875 30
stats: 404 12 112
stats: tr_browse_quizzes_page_1 15 1497.7041829427083 337.644757793053 2673.4189453125 94.2470703125 547.0060272216797 80
stats: tr_play_game__1st_question 13 1070.493182842548 554.8996853110873 2068.744873046875 8.840087890625 162.22910957905785 67
stats: tr_play_game__answer_to_question 12 1349.2029825846355 631.2460176388738 2387.198974609375 10.06494140625 137.51778738839286 56
stats: tr_index 18 1193.2849527994792 590.1524092846199 2286.77294921875 5.715087890625 157.42937360491072 84
stats: tr_quizzes_page_INDEX 5 1272.7888671875 564.0360285043105 2340.9619140625 9.695068359375 183.71629749644887 22
stats: tr_quiz_questions_SHOW 12 1340.714090983073 529.6102550371116 2237.208984375 8.60791015625 120.796875 100
# stats: dump at 1449460573
stats: users 201 201
stats: {recvpackets,"tsung_controller@ip-172-30-3-127"} 1 1865.0 0.0 1865 141 928.5454545454545 11
stats: {sentpackets,"tsung_controller@ip-172-30-3-127"} 1 1532.0 0.0 1532 160 775.3636363636364 11
stats: {cpu,"tsung_controller@ip-172-30-3-127"} 1 4.154302670623145 0.0 16.22748327328873 1.0869565217391304 3.5522552389424207 12
stats: {load,"tsung_controller@ip-172-30-3-127"} 1 0.01953125 0.0 0.0703125 0.0 0.026692708333333332 12
stats: {freemem,"tsung_controller@ip-172-30-3-127"} 1 3140.08984375 0.0 3172.27734375 3140.08984375 3160.46484375 12
stats: session 10 45818.74672851562 12756.762760641383 75638.9599609375 9378.595947265625 38316.660318029935 83
stats: users_count 71 294
stats: finish_users_count 10 93
stats: request 254 2375.8854346087624 385.3177979013879 3689.510009765625 4.35302734375 346.8832709194215 1815
stats: connect 71 3.749962175396127 3.151861792371757 113.575927734375 0.4912109375 2.906833957981419 222
stats: page 235 2582.4298869680842 769.6306044721183 5861.766845703125 5.57421875 393.56531083162724 1557
stats: tr_play_game__ready_page 10 2228.9754638671875 207.3475355315375 2527.257080078125 7.3759765625 355.416220925071 88
stats: 302 5 90
stats: tr_play_game__leaderboard 5 2100.91337890625 333.1743621101965 2664.0390625 8.3779296875 308.7263488769531 40
stats: 200 243 1861
stats: tr_quiz_new_POST 2 2115.9669189453125 253.8199462890625 2369.786865234375 11.56787109375 213.64300896139707 17
stats: size_rcv 775757 5708675
stats: tr_question_new_POST 7 2275.2826102120534 313.46715542124525 2850.998046875 4.43798828125 162.1241171700614 112
stats: newphase 1 4
stats: tr_friend_requests 5 2404.81640625 167.91762182149432 2606.777099609375 7.781982421875 243.93336486816406 48
stats: size_sent 383332 3008091
stats: tr_friends 5 2623.22099609375 200.09384251722435 2923.60693359375 59.498046875 592.0322321111506 44
stats: connected 60 200
stats: tr_search_all_users 8 2983.565460205078 229.15220103016904 3444.983154296875 103.809814453125 581.601167566636 34
stats: 404 7 119
stats: tr_browse_quizzes_page_1 21 2887.2113909040177 356.9695354315068 3572.260986328125 94.2470703125 697.1162623355264 95
stats: tr_play_game__1st_question 15 2313.001399739583 269.8108399578539 2960.699951171875 8.840087890625 309.822021484375 80
stats: tr_play_game__answer_to_question 10 2415.72763671875 265.0363627733987 2909.1640625 10.06494140625 351.34458654067095 68
stats: tr_index 33 2191.725867069129 304.00265396431126 3015.81787109375 5.715087890625 340.2274169921875 102
stats: tr_quizzes_page_INDEX 7 2253.2713448660716 350.7119651665255 2840.7490234375 9.695068359375 385.3964029947917 27
stats: tr_quiz_questions_SHOW 5 2332.84140625 171.52025403562692 2499.06298828125 8.60791015625 251.5022909981864 112
# stats: dump at 1449460583
stats: users 262 262
stats: {recvpackets,"tsung_controller@ip-172-30-3-127"} 1 1931.0 0.0 1931 141 1006.5833333333334 12
stats: {sentpackets,"tsung_controller@ip-172-30-3-127"} 1 1651.0 0.0 1651 160 838.4166666666666 12
stats: {cpu,"tsung_controller@ip-172-30-3-127"} 1 4.174950298210735 0.0 16.22748327328873 1.0869565217391304 3.5985665798409383 13
stats: {load,"tsung_controller@ip-172-30-3-127"} 1 0.01953125 0.0 0.0703125 0.0 0.026141826923076924 13
stats: {freemem,"tsung_controller@ip-172-30-3-127"} 1 3131.9765625 0.0 3172.27734375 3131.9765625 3158.8975360576924 13
stats: session 11 49996.877752130684 13432.418561482822 80784.64013671875 9378.595947265625 39123.33627614668 93
stats: users_count 72 366
stats: finish_users_count 11 104
stats: request 436 2223.0115373243984 2070.0232320472946 5914.10498046875 0.055908203125 595.9729517203361 2069
stats: connect 97 2.6322260591172673 3.2234485753427444 113.575927734375 0.464111328125 3.111141478242321 293
stats: page 385 2488.4277565696025 2407.6376347264595 9207.989990234375 0.597900390625 680.6094935280934 1792
stats: tr_play_game__ready_page 33 2568.938535748106 1843.6006279917426 4716.912109375 0.68310546875 546.5957355110013 98
stats: 302 11 101
stats: tr_play_game__leaderboard 4 1181.5620727539063 2036.0672601219865 4708.130126953125 2.797119140625 507.85824110243055 45
stats: 200 219 2080
stats: tr_quiz_new_POST 6 2001.2339680989583 2026.491095869619 4663.198974609375 3.052001953125 413.8876310649671 19
stats: size_rcv 821696 6530371
stats: tr_question_new_POST 28 744.4869123186384 1602.3750733642757 4556.384033203125 0.639892578125 286.4275579372374 119
stats: newphase 0 4
stats: tr_friend_requests 3 4.612060546875 2.7421480340825615 2606.777099609375 0.735107421875 447.79025556456367 53
stats: size_sent 509972 3518063
stats: tr_friends 3 4082.2036946614585 755.1139273369306 5062.44189453125 59.498046875 799.2963917012117 49
stats: connected 62 262
stats: tr_search_all_users 3 4465.821370442708 269.04001388135174 4841.56103515625 103.809814453125 1039.118175688244 42
stats: 503 173 173
stats: tr_browse_quizzes_page_1 46 2823.57154912534 2089.3899250353843 5147.001953125 0.672119140625 1093.599001128098 116
stats: 404 6 125
stats: tr_play_game__1st_question 21 1161.3979027157739 1837.6193065572884 4489.739013671875 0.64208984375 626.1135022615132 95
stats: tr_play_game__answer_to_question 16 2246.7362365722656 1998.9125652613502 4870.39990234375 0.94482421875 616.0090801532452 78
stats: tr_index 49 2486.2759735730224 2001.4551263855842 4870.819091796875 1.221923828125 792.8159270109953 135
stats: tr_quizzes_page_INDEX 0 0 0 2840.7490234375 9.695068359375 769.958891027114 34
stats: tr_quiz_questions_SHOW 29 776.6681034482758 1528.4384716101656 4406.255126953125 0.109130859375 340.4484070345887 117
# stats: dump at 1449460593
stats: users 320 320
stats: {recvpackets,"tsung_controller@ip-172-30-3-127"} 1 2186.0 0.0 2186 141 1077.6923076923076 13
stats: {sentpackets,"tsung_controller@ip-172-30-3-127"} 1 2004.0 0.0 2004 160 900.9230769230769 13
stats: {cpu,"tsung_controller@ip-172-30-3-127"} 1 4.965243296921549 0.0 16.22748327328873 1.0869565217391304 3.639736845438781 14
stats: {load,"tsung_controller@ip-172-30-3-127"} 1 0.01953125 0.0 0.0703125 0.0 0.025669642857142856 14
stats: {freemem,"tsung_controller@ip-172-30-3-127"} 1 3125.078125 0.0 3172.27734375 3125.078125 3156.974609375 14
stats: session 18 51675.50954861111 11777.4333307277 80784.64013671875 9378.595947265625 40273.422393798835 104
stats: users_count 76 442
stats: finish_users_count 18 122
stats: request 614 1861.0383129803292 1912.0393580498649 5914.10498046875 0.055908203125 879.1621027476301 2505
stats: connect 85 2.676795151654411 3.139618709090805 113.575927734375 0.464111328125 2.992026617588141 390
stats: page 544 2112.448391185089 2275.327329935407 9254.493896484375 0.586181640625 1000.3201188248232 2177
stats: tr_play_game__ready_page 52 1582.5664672851563 1822.6886975486384 4716.912109375 0.634033203125 1056.0408683951575 131
stats: 302 20 121
stats: tr_play_game__leaderboard 7 1912.1066196986608 1732.904562920107 4708.130126953125 0.89111328125 562.854472257653 49
stats: 200 255 2335
stats: tr_quiz_new_POST 4 2231.5346069335938 2229.6191334084874 4663.198974609375 0.922119140625 794.850751953125 25
stats: size_rcv 960999 7491370
stats: tr_question_new_POST 22 1788.161698774858 1845.9426976284212 4556.384033203125 0.639892578125 373.67695877178994 147
stats: newphase 0 4
stats: tr_friend_requests 11 2214.058283025568 1725.7002615212393 4258.614013671875 0.692138671875 424.04856654575894 56
stats: 422 7 7
stats: tr_friends 10 2010.454638671875 2053.866177470196 5062.44189453125 0.719970703125 988.6948899489182 52
stats: size_sent 721620 4239683
stats: tr_search_all_users 10 2623.3211669921875 2234.4604264750506 5214.4541015625 2.85009765625 1267.5650553385417 45
stats: connected 56 318
stats: tr_browse_quizzes_page_1 39 2450.903094951923 2310.2587986163608 5221.7099609375 0.635009765625 1584.8257740162037 162
stats: 503 290 463
stats: tr_play_game__1st_question 45 2075.774750434028 1921.4859335364604 4489.739013671875 0.64208984375 723.0184368265086 116
stats: 404 29 154
stats: tr_play_game__answer_to_question 33 1952.9115249171402 1747.6644165129019 4870.39990234375 0.863037109375 893.5796599692487 94
stats: tr_index 40 1830.2442687988282 1810.4570576361875 4870.819091796875 1.177001953125 1243.7917002802308 184
stats: tr_quizzes_page_INDEX 12 2152.3338012695313 1898.6494102275458 4688.552001953125 1.635009765625 769.958891027114 34
stats: tr_quiz_questions_SHOW 21 1205.281261625744 1602.9751494441948 4423.055908203125 0.109130859375 427.0947850893622 146
# stats: dump at 1449460603
stats: users 422 422
stats: {recvpackets,"tsung_controller@ip-172-30-3-127"} 1 2808.0 0.0 2808 141 1156.857142857143 14
stats: {sentpackets,"tsung_controller@ip-172-30-3-127"} 1 2587.0 0.0 2587 160 979.7142857142857 14
stats: {cpu,"tsung_controller@ip-172-30-3-127"} 1 5.970149253731343 0.0 16.22748327328873 1.0869565217391304 3.728103942204299 15
stats: {load,"tsung_controller@ip-172-30-3-127"} 1 0.01171875 0.0 0.0703125 0.0 0.025260416666666667 15
stats: {freemem,"tsung_controller@ip-172-30-3-127"} 1 3115.40234375 0.0 3172.27734375 3115.40234375 3154.848177083333 15
stats: session 24 54856.44328816732 14698.562598207134 86852.42700195313 9378.595947265625 41955.69754778753 122
stats: users_count 126 568
stats: finish_users_count 24 146
stats: request 827 1289.3380391168196 1567.9614747286125 5914.10498046875 0.055908203125 1072.4522576315278 3119
stats: connect 151 3.034106930360099 3.381320914529742 113.575927734375 0.459228515625 2.9356167763157894 475
stats: page 742 1426.2581734464475 1791.1912692306164 9254.493896484375 0.5390625 1222.6640292121751 2721
stats: tr_play_game__ready_page 38 1233.9940314041942 1531.336632533418 4716.912109375 0.6318359375 1205.6546997737364 183
stats: 302 37 158
stats: tr_play_game__leaderboard 13 1224.7520658052886 1558.8093283618455 4708.130126953125 0.8720703125 731.510990687779 56
stats: 200 242 2577
stats: tr_quiz_new_POST 7 1315.0070103236608 1524.750246849449 4663.198974609375 0.922119140625 993.0140422952586 29
stats: size_rcv 1069575 8560945
stats: tr_question_new_POST 37 982.3832875844595 1419.8016668924847 4556.384033203125 0.639892578125 557.8110669378698 169
stats: newphase 1 5
stats: tr_friend_requests 28 1824.5459943498884 1482.0785951940115 4258.614013671875 0.669921875 717.930758803638 67
stats: 422 7 14
stats: tr_friends 10 950.9422119140625 1460.3802765241483 5062.44189453125 0.683837890625 1153.494849420363 62
stats: size_sent 870077 5109760
stats: tr_search_all_users 11 1928.6128151633523 1800.188336387934 5214.4541015625 0.697998046875 1514.0661665482955 55
stats: connected 104 422
stats: tr_browse_quizzes_page_1 54 1849.0614239728009 1792.7432625221047 5221.7099609375 0.635009765625 1752.8706273320895 201
stats: 503 465 928
stats: tr_play_game__1st_question 42 1486.3815976097471 1576.454339606717 4489.739013671875 0.631103515625 1101.1180275863742 161
stats: 404 50 204
stats: tr_play_game__answer_to_question 49 1229.0588179607778 1474.524793202311 4870.39990234375 0.65087890625 1168.8391209399606 127
stats: tr_index 50 1290.7700585937498 1579.187608243455 4870.819091796875 1.177001953125 1348.5153732299805 224
stats: tr_quizzes_page_INDEX 12 993.5159505208334 1397.8426290831044 4688.552001953125 0.6630859375 1130.5784328294837 46
stats: tr_quiz_questions_SHOW 34 840.0139088350185 1405.0949485062863 4423.055908203125 0.109130859375 524.950569563997 167
# stats: dump at 1449460613
stats: users 535 535
stats: {recvpackets,"tsung_controller@ip-172-30-3-127"} 1 3222.0 0.0 3222 141 1266.9333333333334 15
stats: {sentpackets,"tsung_controller@ip-172-30-3-127"} 1 3251.0 0.0 3251 160 1086.8666666666666 15
stats: {cpu,"tsung_controller@ip-172-30-3-127"} 1 7.422266800401204 0.0 16.22748327328873 1.0869565217391304 3.868231774174739 16
stats: {load,"tsung_controller@ip-172-30-3-127"} 1 0.01171875 0.0 0.0703125 0.0 0.0244140625 16
stats: {freemem,"tsung_controller@ip-172-30-3-127"} 1 3111.36328125 0.0 3172.27734375 3111.36328125 3152.3828125 16
stats: session 34 51607.15230784697 18678.832252287444 92647.65087890625 9378.595947265625 44076.3680804527 146
stats: users_count 147 715
stats: finish_users_count 34 180
stats: request 1214 879.5035557251974 1257.9804987235061 5914.10498046875 0.055908203125 1117.9070324131642 3946
stats: connect 174 2.4622409864403734 2.8571515155274017 113.575927734375 0.459228515625 2.959373985997404 626
stats: page 1055 1007.7441931557286 1526.7787739299974 9254.493896484375 0.5390625 1266.2871464578668 3463
stats: tr_play_game__ready_page 67 674.2985329699159 1145.2684817199456 4716.912109375 0.618896484375 1210.5275260269373 221
stats: 302 53 211
stats: tr_play_game__leaderboard 21 509.63741629464283 1029.0891014478404 4708.130126953125 0.846923828125 824.4404686084692 69
stats: 200 255 2832
stats: tr_quiz_new_POST 13 809.9657451923077 1201.2388612946172 4663.198974609375 0.8349609375 1055.623786078559 36
stats: size_rcv 1236216 9797161
stats: tr_question_new_POST 66 861.4769472064394 1223.430884063807 4556.384033203125 0.639892578125 634.0691842384708 206
stats: newphase 0 5
stats: tr_friend_requests 22 578.2712291370739 1060.2250704871153 4258.614013671875 0.64892578125 1044.0910387541119 95
stats: 422 23 37
stats: tr_friends 20 747.715515136719 1137.8621374496163 5062.44189453125 0.64990234375 1125.3625386555989 72
stats: size_sent 1161886 6271646
stats: tr_search_all_users 12 1101.8677775065103 1300.1656088902027 5214.4541015625 0.651123046875 1583.157274650805 66
stats: connected 110 532
stats: tr_browse_quizzes_page_1 74 1094.8624135610216 1528.9255599026067 5221.7099609375 0.620849609375 1773.240443091299 255
stats: error_connection_closed 1 1
stats: tr_play_game__1st_question 68 1134.884973862592 1281.1341939596093 4489.739013671875 0.631103515625 1180.827731729141 203
stats: 503 780 1708
stats: tr_play_game__answer_to_question 47 1001.9018087184179 1275.162441332508 4870.39990234375 0.65087890625 1185.6048320423472 176
stats: 404 71 275
stats: tr_index 83 1064.2102697900984 1279.990089006366 4870.819091796875 1.14208984375 1337.977907055486 274
stats: tr_quizzes_page_INDEX 16 1068.7217864990234 1220.45260610449 4688.552001953125 0.6630859375 1102.2206778690734 58
stats: tr_quiz_questions_SHOW 63 898.5776638454861 1276.6770095009658 4423.055908203125 0.109130859375 578.2448657590952 201
# stats: dump at 1449460623
stats: users 623 624
stats: {recvpackets,"tsung_controller@ip-172-30-3-127"} 1 4159.0 0.0 4159 141 1389.125 16
stats: {sentpackets,"tsung_controller@ip-172-30-3-127"} 1 4340.0 0.0 4340 160 1222.125 16
stats: {cpu,"tsung_controller@ip-172-30-3-127"} 1 8.571428571428571 0.0 16.22748327328873 1.0869565217391304 4.077292658070413 17
stats: {load,"tsung_controller@ip-172-30-3-127"} 1 0.078125 0.0 0.078125 0.0 0.023667279411764705 17
stats: {freemem,"tsung_controller@ip-172-30-3-127"} 1 3109.5546875 0.0 3172.27734375 3109.5546875 3149.969898897059 17
stats: session 72 52511.96311781141 17851.541965734647 121931.84399414063 9378.595947265625 45498.84954562718 180
stats: users_count 160 875
stats: finish_users_count 72 252
stats: request 1637 666.4376343742845 1166.6162504611907 5914.10498046875 0.055908203125 1061.817532277662 5160
stats: connect 239 2.363487594796024 2.8770574409452525 113.575927734375 0.448974609375 2.85124755859375 800
stats: page 1419 777.8087346599166 1355.1202676502817 9254.493896484375 0.5390625 1205.914677282622 4518
stats: tr_play_game__ready_page 90 587.8949218749999 1102.919406731895 4716.912109375 0.618896484375 1085.779808892144 288
stats: 302 77 288
stats: tr_play_game__leaderboard 37 793.5844198690878 1215.876514113994 4708.130126953125 0.658935546875 750.9864230685764 90
stats: 200 217 3049
stats: tr_quiz_new_POST 14 689.1707763671876 1103.4053038313969 4663.198974609375 0.8349609375 990.4492038026148 49
stats: size_rcv 1400063 11197224
stats: tr_question_new_POST 128 455.2602310180664 979.4658680486992 4556.384033203125 0.625 689.2490090762867 272
stats: newphase 0 5
stats: tr_friend_requests 37 801.1867081925676 1166.4489956337027 4258.614013671875 0.6279296875 956.5009890825321 117
stats: 422 21 58
stats: tr_friends 24 583.5000915527343 1125.0281013007573 5062.44189453125 0.64404296875 1043.2653596297555 92
stats: size_sent 1339604 7611250
stats: tr_search_all_users 25 811.479892578125 1292.8091951174652 5214.4541015625 0.651123046875 1509.1127366286057 78
stats: connected 90 622
stats: tr_browse_quizzes_page_1 90 969.4823079427083 1522.673123697378 5221.7099609375 0.596923828125 1620.656934929474 329
stats: error_connection_closed 3 4
stats: tr_play_game__1st_question 94 487.9453722365359 1001.594022888787 4489.739013671875 0.612060546875 1169.2996596445457 271
stats: 503 1142 2850
stats: tr_play_game__answer_to_question 74 672.404468433277 1140.2985522780446 4870.39990234375 0.6318359375 1146.8871544808017 223
stats: 404 91 366
stats: tr_index 87 570.0678851248201 1072.5074629682426 4870.819091796875 1.136962890625 1274.3288485316002 357
stats: tr_quizzes_page_INDEX 28 950.004150390625 1286.0186451084842 4688.552001953125 0.64208984375 1094.9776743296031 74
stats: tr_quiz_questions_SHOW 131 335.95156324546747 844.5117040776912 4423.055908203125 0.109130859375 654.687919847893 264
# stats: dump at 1449460633
stats: users 826 827
stats: {recvpackets,"tsung_controller@ip-172-30-3-127"} 1 4540.0 0.0 4540 141 1552.0588235294117 17
stats: {sentpackets,"tsung_controller@ip-172-30-3-127"} 1 4868.0 0.0 4868 160 1405.5294117647059 17
stats: {cpu,"tsung_controller@ip-172-30-3-127"} 1 9.518935516888433 0.0 16.22748327328873 1.0869565217391304 4.3269668754792 18
stats: {load,"tsung_controller@ip-172-30-3-127"} 1 0.0703125 0.0 0.078125 0.0 0.026692708333333332 18
stats: {freemem,"tsung_controller@ip-172-30-3-127"} 1 3109.1015625 0.0 3172.27734375 3109.1015625 3147.724609375 18
stats: session 82 46530.960413490844 18161.703594678555 121931.84399414063 9378.595947265625 47502.596280536956 252
stats: users_count 285 1160
stats: finish_users_count 82 334
stats: request 2017 513.0892769128424 1081.1252449330689 5914.10498046875 0.055908203125 966.5936257206766 6797
stats: connect 329 2.4221228509688446 2.7299124437460023 113.575927734375 0.448974609375 2.739048683379451 1039
stats: page 1757 579.0785782650626 1237.1520902774994 9254.493896484375 0.5390625 1103.5932468326273 5937
stats: tr_play_game__ready_page 102 529.516331092984 1103.060531412824 4716.912109375 0.60693359375 967.2357881737764 378
stats: 302 76 364
stats: tr_play_game__leaderboard 40 406.45785522460943 956.966943790928 4708.130126953125 0.615966796875 763.3968630813238 127
stats: 200 189 3238
stats: tr_quiz_new_POST 13 656.5847919170673 1168.758720714097 4663.198974609375 0.8349609375 923.4984421502976 63
stats: size_rcv 1484174 12681398
stats: tr_question_new_POST 118 427.39672230865983 977.5085554956254 4556.384033203125 0.625 614.3726000976562 400
stats: newphase 1 6
stats: tr_friend_requests 42 498.171834309896 1014.9173390880035 4258.614013671875 0.6279296875 919.1852202972808 154
stats: 422 29 87
stats: tr_friends 34 563.1754724839154 1083.1350262850276 5062.44189453125 0.64404296875 948.1415110620959 116
stats: size_sent 1432972 9044222
stats: tr_search_all_users 29 579.2101966594828 1114.5548286703909 5214.4541015625 0.638916015625 1339.7843764221784 103
stats: connected 203 825
stats: tr_browse_quizzes_page_1 129 552.6272483648257 1248.2942191293114 5221.7099609375 0.596923828125 1480.7864899919823 419
stats: error_connection_closed 2 6
stats: tr_play_game__1st_question 78 529.7000419421074 1078.0048575646497 4489.739013671875 0.612060546875 993.8275965860445 365
stats: 503 1593 4443
stats: tr_play_game__answer_to_question 83 634.2590773249244 1160.5815924014005 4870.39990234375 0.6318359375 1028.665879169297 297
stats: 404 76 442
stats: tr_index 153 378.9368681066176 934.478861655431 4870.819091796875 1.136962890625 1136.3317678640556 444
stats: tr_quizzes_page_INDEX 31 753.1449959047379 1269.9660361664296 4688.552001953125 0.64208984375 1055.1810206992952 102
stats: tr_quiz_questions_SHOW 118 340.9371606859111 898.7213154179927 4423.055908203125 0.109130859375 548.9804193037975 395
# stats: dump at 1449460643
stats: users 1060 1060
stats: {recvpackets,"tsung_controller@ip-172-30-3-127"} 1 5590.0 0.0 5590 141 1718.0555555555557 18
stats: {sentpackets,"tsung_controller@ip-172-30-3-127"} 1 6591.0 0.0 6591 160 1597.888888888889 18
stats: {cpu,"tsung_controller@ip-172-30-3-127"} 1 14.447884416924664 0.0 16.22748327328873 1.0869565217391304 4.600228382921792 19
stats: {load,"tsung_controller@ip-172-30-3-127"} 1 0.05859375 0.0 0.078125 0.0 0.028988486842105265 19
stats: {freemem,"tsung_controller@ip-172-30-3-127"} 1 3104.4609375 0.0 3172.27734375 3104.4609375 3145.6918174342104 19
stats: session 95 50241.2720600329 19300.36401357742 121931.84399414063 9378.595947265625 47264.05094790887 334
stats: users_count 329 1489
stats: finish_users_count 95 429
stats: request 2317 595.6341460536252 1101.82591108442 5914.10498046875 0.055908203125 862.8134723799232 8814
stats: connect 404 2.66770043703589 3.006934405099416 113.575927734375 0.448974609375 2.6628289473684212 1368
stats: page 2028 686.9543771235899 1276.0076005254255 9254.493896484375 0.524169921875 983.8152025548509 7694
stats: tr_play_game__ready_page 135 482.18955258969896 998.3902597169956 4716.912109375 0.60693359375 874.2204035441081 480
stats: 302 88 452
stats: tr_play_game__leaderboard 56 563.2828325544085 1054.1181054787326 4708.130126953125 0.61083984375 677.902489941991 167
stats: 200 209 3447
stats: tr_quiz_new_POST 24 485.51294962565106 1076.426200470415 4663.198974609375 0.8349609375 877.8421598735608 76
stats: size_rcv 1746510 14427908
stats: tr_question_new_POST 132 399.7702211322206 919.5622598366114 4556.384033203125 0.625 571.7796395202402 518
stats: newphase 0 6
stats: tr_friend_requests 56 547.8060215541298 1034.0404963894648 4258.614013671875 0.625 828.9680661571269 196
stats: 422 34 121
stats: tr_friends 40 283.847119140625 845.2173648112007 5062.44189453125 0.64404296875 860.8825423177084 150
stats: size_sent 1516745 10560967
stats: tr_search_all_users 33 803.2045158617424 1233.1682532183693 5214.4541015625 0.6220703125 1172.6885338985558 132
stats: connected 198 1023
stats: tr_browse_quizzes_page_1 133 755.4360333206062 1364.3525491588994 5221.7099609375 0.596923828125 1262.2964495359547 548
stats: error_connection_closed 3 9
stats: tr_play_game__1st_question 132 607.4040083451708 1061.7496261677027 4489.739013671875 0.612060546875 912.1076208248095 443
stats: 503 1768 6211
stats: tr_play_game__answer_to_question 103 469.9806820767599 967.6178855402784 4870.39990234375 0.6318359375 942.5191303453947 380
stats: 404 105 547
stats: tr_index 105 1509.7120442708333 1360.1595264348596 4870.819091796875 1.136962890625 942.2255372729533 597
stats: 500 45 45
stats: tr_quizzes_page_INDEX 35 464.3413853236607 1018.2096190518929 4688.552001953125 0.64208984375 984.78164649906 133
stats: tr_quiz_questions_SHOW 131 424.15207910901705 951.2567535255504 4423.055908203125 0.109130859375 501.126414397539 513
# stats: dump at 1449460653
stats: users 1287 1290
stats: {recvpackets,"tsung_controller@ip-172-30-3-127"} 1 5935.0 0.0 5935 141 1921.842105263158 19
stats: {sentpackets,"tsung_controller@ip-172-30-3-127"} 1 6796.0 0.0 6796 160 1860.6842105263158 19
stats: {cpu,"tsung_controller@ip-172-30-3-127"} 1 15.129533678756477 0.0 16.22748327328873 1.0869565217391304 5.092611184621935 20
stats: {load,"tsung_controller@ip-172-30-3-127"} 1 0.05078125 0.0 0.078125 0.0 0.03046875 20
stats: {freemem,"tsung_controller@ip-172-30-3-127"} 1 3094.72265625 0.0 3172.27734375 3094.72265625 3143.6302734375 20
stats: session 94 48453.313546688 16796.810317811298 121931.84399414063 9378.595947265625 47923.34233637456 429
stats: users_count 321 1810
stats: finish_users_count 94 523
stats: request 2257 1012.4542008629403 1729.9024931938293 8741.285888671875 0.055908203125 807.198118943751 11131
stats: connect 216 822.6253323025173 1251.8681298392016 7014.44189453125 0.448974609375 2.6639396030262414 1772
stats: page 1931 1181.8846340090563 1863.2993255406748 9254.493896484375 0.52099609375 921.890315291469 9722
stats: tr_play_game__ready_page 99 570.2511368568498 894.7042266748905 4716.912109375 0.60693359375 788.1648508955793 615
stats: 302 141 593
stats: tr_play_game__leaderboard 63 457.7056516617063 1109.7079134746089 6763.741943359375 0.61083984375 649.1190782213425 223
stats: 200 204 3651
stats: tr_quiz_new_POST 37 673.3815983952703 1171.9972021916828 5680.071044921875 0.8349609375 783.6831494140625 100
stats: size_rcv 1736086 16163994
stats: tr_question_new_POST 138 485.5085113083109 888.4293425762668 5452.225830078125 0.625 536.84849609375 650
stats: newphase 0 6
stats: tr_friend_requests 50 748.466572265625 872.0291800847777 4258.614013671875 0.625 766.4876118009053 252
stats: 422 57 178
stats: tr_friends 52 462.2520517202524 819.309570610807 5062.44189453125 0.635009765625 739.4014005962171 190
stats: size_sent 1484470 12045437
stats: tr_search_all_users 38 535.4264301500823 773.3727962818402 5214.4541015625 0.6220703125 1098.7917302911933 165
stats: connected -2 1021
stats: tr_browse_quizzes_page_1 79 1360.458149970333 1983.4493234015276 7097.450927734375 0.596923828125 1163.3060892472008 681
stats: error_connection_closed 12 21
stats: tr_play_game__1st_question 109 578.9011230468747 874.2697672238421 4489.739013671875 0.612060546875 842.1582697860056 575
stats: 503 1558 7769
stats: tr_play_game__answer_to_question 117 699.0850861378208 1238.2213002503872 7955.955078125 0.587890625 841.7500616669902 483
stats: 404 184 731
stats: tr_index 85 5621.304431870406 1212.431146888557 8724.4970703125 1.136962890625 1027.1059977213542 702
stats: 500 76 121
stats: tr_quizzes_page_INDEX 38 652.73972681949 839.2734338338479 4688.552001953125 0.64208984375 876.3565920875186 168
stats: tr_quiz_questions_SHOW 128 631.9148788452146 1404.3857839367631 7870.240966796875 0.109130859375 485.46859153605396 644
# stats: dump at 1449460663
stats: users 1215 1328
stats: {recvpackets,"tsung_controller@ip-172-30-3-127"} 1 6058.0 0.0 6058 141 2122.5 20
stats: {sentpackets,"tsung_controller@ip-172-30-3-127"} 1 7473.0 0.0 7473 160 2107.45 20
stats: {cpu,"tsung_controller@ip-172-30-3-127"} 1 14.748953974895398 0.0 16.22748327328873 1.0869565217391304 5.5705598748188185 21
stats: {load,"tsung_controller@ip-172-30-3-127"} 1 0.12109375 0.0 0.12109375 0.0 0.031436011904761904 21
stats: {freemem,"tsung_controller@ip-172-30-3-127"} 1 3083.63671875 0.0 3172.27734375 3083.63671875 3141.301339285714 21
stats: session 135 47585.34319118923 17512.35063587915 121931.84399414063 9378.595947265625 48018.595288132616 523
stats: users_count 63 1873
stats: finish_users_count 135 658
stats: request 2538 1238.2386324546603 2500.519049830085 19620.23193359375 0.055908203125 841.8009705191625 13388
stats: connect 273 3993.955088856456 4872.833872270217 15045.782958984375 0.443115234375 91.75431225045585 1988
stats: page 2169 1450.9809861840492 2695.797378534956 19620.23193359375 0.47607421875 964.9735581854587 11653
stats: tr_play_game__ready_page 81 775.3929126880787 1217.1228188698021 5868.781005859375 0.60205078125 757.9499241591169 714
stats: 302 124 717
stats: tr_play_game__leaderboard 75 639.3211881510417 1177.10900201108 6763.741943359375 0.61083984375 606.954582161003 286
stats: 200 197 3848
stats: tr_quiz_new_POST 38 860.9542493318256 1894.4185973521408 11040.199951171875 0.828125 753.8936794308851 137
stats: size_rcv 1838593 18002587
stats: tr_question_new_POST 171 420.3977793197185 1020.3641496469596 7972.77392578125 0.625 527.8574835298025 788
stats: newphase 0 6
stats: tr_friend_requests 75 409.0779557291666 768.4611467364757 4258.614013671875 0.625 763.5039959838059 302
stats: 422 51 229
stats: tr_friends 62 702.6063389931954 1458.7013418212186 7373.67919921875 0.60302734375 679.8486479451834 242
stats: size_sent 1828571 13874008
stats: tr_search_all_users 60 676.5275512695313 1325.1591106174674 7398.251953125 0.6220703125 993.334186422414 203
stats: connected -6 1015
stats: tr_browse_quizzes_page_1 72 1069.2513461642798 1525.066822992708 7097.450927734375 0.596923828125 1183.7995271381578 760
stats: error_connection_closed 29 50
stats: tr_play_game__1st_question 85 873.9251005284926 1727.7985524218705 8781.030029296875 0.612060546875 800.2064730103253 684
stats: 503 1870 9639
stats: tr_play_game__answer_to_question 97 545.9876193017075 1018.634487589374 7955.955078125 0.587890625 813.9303914388021 600
stats: 404 177 908
stats: tr_index 78 8057.628565079127 2729.214806332002 19601.73193359375 1.136962890625 1523.3027790462197 787
stats: 500 73 194
stats: tr_quizzes_page_INDEX 30 495.0241455078125 816.6781462505623 4688.552001953125 0.64208984375 835.1068790769114 206
stats: tr_quiz_questions_SHOW 158 1240.4015773338601 2286.88532948472 11069.60888671875 0.109130859375 509.7498412453449 772
# stats: dump at 1449460673
stats: users 1037 1328
stats: {recvpackets,"tsung_controller@ip-172-30-3-127"} 1 7693.0 0.0 7693 141 2309.904761904762 21
stats: {sentpackets,"tsung_controller@ip-172-30-3-127"} 1 8198.0 0.0 8198 160 2362.9523809523807 21
stats: {cpu,"tsung_controller@ip-172-30-3-127"} 1 13.146997929606624 0.0 16.22748327328873 1.0869565217391304 5.987759606640481 22
stats: {load,"tsung_controller@ip-172-30-3-127"} 1 0.1015625 0.0 0.12109375 0.0 0.03551136363636364 22
stats: {freemem,"tsung_controller@ip-172-30-3-127"} 1 3073.703125 0.0 3172.27734375 3073.703125 3138.6802201704545 22
stats: session 178 48994.68612705188 18439.306063155633 154326.11401367188 9378.595947265625 47929.70618009712 658
stats: users_count 0 1873
stats: finish_users_count 178 836
stats: request 2797 1531.6115925161193 3745.914502331624 19916.672119140625 0.055908203125 904.9780888158028 15926
stats: connect 348 3695.395540785512 6295.795520590779 15045.782958984375 0.443115234375 562.9178735124807 2261
stats: page 2306 1849.7205435760304 4083.468156607615 19916.672119140625 0.454833984375 1041.2396637656166 13822
stats: tr_play_game__ready_page 71 496.5967518981074 833.9534899644193 5868.781005859375 0.60205078125 759.7271343111244 795
stats: 302 165 882
stats: tr_play_game__leaderboard 89 428.99461793363787 866.0017977966119 6763.741943359375 0.597900390625 613.6789462863574 361
stats: 200 188 4036
stats: tr_quiz_new_POST 25 1322.6909375 2759.904164837857 11040.199951171875 0.828125 777.1411174665178 175
stats: size_rcv 1897054 19899641
stats: tr_question_new_POST 324 379.36821153428804 890.3888083851131 7972.77392578125 0.625 508.696264113823 959
stats: newphase 0 6
stats: tr_friend_requests 59 1086.0020234706037 3212.435975925044 17941.783203125 0.625 692.9948367819546 377
stats: 422 58 287
stats: tr_friends 55 276.7604536576704 625.9780899263542 7373.67919921875 0.60302734375 684.4900191457648 304
stats: size_sent 2006796 15880804
stats: tr_search_all_users 66 562.7302135120739 947.6468763951929 7398.251953125 0.6220703125 921.0589084407677 263
stats: connected -74 941
stats: tr_browse_quizzes_page_1 75 2441.8802083333335 4260.811586645184 18309.41015625 0.5791015625 1173.8867037846492 832
stats: error_connection_closed 103 153
stats: tr_play_game__1st_question 78 923.9507649739584 2331.633359269171 17957.56591796875 0.612060546875 808.3548258569367 769
stats: error_abort_max_send_retries 5 5
stats: tr_play_game__answer_to_question 87 976.0843772449716 2668.6404066653895 17679.798095703125 0.587890625 776.6413686306267 697
stats: 503 2080 11719
stats: tr_index 59 16723.36132398703 3122.6325054974122 19916.722900390625 1.136962890625 2112.5252198676844 865
stats: 404 155 1063
stats: tr_quizzes_page_INDEX 35 692.2000837053571 891.9621391184348 4688.552001953125 0.6259765625 791.8760231147378 236
stats: 500 70 264
stats: tr_quiz_questions_SHOW 312 1110.0347477839532 1423.9668322356229 11069.60888671875 0.109130859375 633.8820716775872 930
# stats: dump at 1449460683
stats: users 784 1328
stats: {recvpackets,"tsung_controller@ip-172-30-3-127"} 1 8232.0 0.0 8232 141 2554.590909090909 22
stats: {sentpackets,"tsung_controller@ip-172-30-3-127"} 1 8080.0 0.0 8198 160 2628.181818181818 22
stats: {cpu,"tsung_controller@ip-172-30-3-127"} 1 13.422131147540984 0.0 16.22748327328873 1.0869565217391304 6.299030838073791 23
stats: {load,"tsung_controller@ip-172-30-3-127"} 1 0.078125 0.0 0.12109375 0.0 0.03838315217391305 23
stats: {freemem,"tsung_controller@ip-172-30-3-127"} 1 3072.7734375 0.0 3172.27734375 3072.7734375 3135.855129076087 23
stats: session 253 55126.71529729187 17427.97957475527 154326.11401367188 9378.595947265625 48156.46028363534 836
stats: users_count 0 1873
stats: finish_users_count 253 1089
stats: request 2633 1414.4464500302672 5269.527322698024 34036.76513671875 0.055908203125 998.5898983468494 18723
stats: connect 244 9931.738508380826 14485.512300197346 31083.406005859375 0.443115234375 980.7416482196539 2609
stats: page 2144 1748.500152246276 5810.044385188211 34036.76513671875 0.454833984375 1156.8371903555728 16128
stats: tr_play_game__ready_page 61 568.8474881531762 767.8018008982583 5868.781005859375 0.60205078125 738.154089101743 866
stats: 302 203 1085
stats: tr_play_game__leaderboard 106 582.0047054650646 784.4817308920503 6763.741943359375 0.597900390625 577.152490234375 450
stats: 200 200 4236
stats: tr_quiz_new_POST 23 583.6124851392663 718.0429629620013 11040.199951171875 0.828125 845.3348449707031 200
stats: size_rcv 1840236 21739877
stats: tr_question_new_POST 333 261.25876413522883 578.472466611947 7972.77392578125 0.625 476.03664678274794 1283
stats: newphase 0 6
stats: tr_friend_requests 48 600.4099222819009 735.8800110366775 17941.783203125 0.619873046875 746.177001953125 436
stats: 422 77 364
stats: tr_friends 64 515.3360633850098 725.5161179079552 7373.67919921875 0.60302734375 622.0244868286472 359
stats: size_sent 2014693 17895497
stats: tr_search_all_users 53 238.46218584168633 572.6238297478654 7398.251953125 0.6220703125 849.1753404611512 329
stats: connected -165 776
stats: tr_browse_quizzes_page_1 40 2281.4052307128904 6735.110232368788 31317.3291015625 0.5791015625 1278.7373243371865 907
stats: error_connection_closed 97 250
stats: tr_play_game__1st_question 62 2152.2455700289815 6671.195788082122 32459.118896484375 0.612060546875 819.000024500535 847
stats: error_abort_max_send_retries 45 50
stats: tr_play_game__answer_to_question 86 907.4009754269622 3358.542956390686 31064.64990234375 0.587890625 798.7734371885962 784
stats: 503 1880 13599
stats: tr_index 30 31793.286328125 688.4657331248821 34036.807861328125 1.136962890625 3045.4682178579887 924
stats: 404 201 1264
stats: tr_quizzes_page_INDEX 36 340.20028347439234 608.3541797383343 4688.552001953125 0.6259765625 779.0027468072532 271
stats: 500 10 274
stats: tr_quiz_questions_SHOW 368 661.4162942637565 1779.8424997175591 31089.794921875 0.0791015625 753.4953043226647 1242
# stats: dump at 1449460693
stats: users 616 1328
stats: {recvpackets,"tsung_controller@ip-172-30-3-127"} 1 6451.0 0.0 8232 141 2801.4347826086955 23
stats: {sentpackets,"tsung_controller@ip-172-30-3-127"} 1 6612.0 0.0 8198 160 2865.217391304348 23
stats: {cpu,"tsung_controller@ip-172-30-3-127"} 1 11.282051282051283 0.0 16.22748327328873 1.0869565217391304 6.595826684301591 24
stats: {load,"tsung_controller@ip-172-30-3-127"} 1 0.0703125 0.0 0.12109375 0.0 0.04003906250000001 24
stats: {freemem,"tsung_controller@ip-172-30-3-127"} 1 3069.80078125 0.0 3172.27734375 3069.80078125 3133.2267252604165 24
stats: session 168 56652.44736880348 14309.717651602296 154326.11401367188 9378.595947265625 49775.81245852524 1089
stats: users_count 0 1873
stats: finish_users_count 168 1257
stats: request 1756 698.3038658194226 1775.2375865923218 34036.76513671875 0.055908203125 1049.8612179096158 21356
stats: connect 54 1152.6316641348385 5863.648902798751 31083.406005859375 0.443115234375 1746.2667915352254 2853
stats: page 1465 835.4780180114121 1971.0201753163362 34036.76513671875 0.454833984375 1226.261741050279 18272
stats: tr_play_game__ready_page 21 639.2896205357142 678.9725625581656 5868.781005859375 0.60205078125 727.013093785818 927
stats: 302 270 1355
stats: tr_play_game__leaderboard 95 607.319053248355 635.719748379146 6763.741943359375 0.597900390625 578.0775528502979 556
stats: 200 229 4465
stats: tr_quiz_new_POST 34 504.4320642807904 596.5699544112613 11040.199951171875 0.828125 818.3410589791199 223
stats: size_rcv 1472433 23212310
stats: tr_question_new_POST 159 552.6955827437108 618.9018433228963 7972.77392578125 0.625 431.7785806183768 1616
stats: newphase 0 6
stats: tr_friend_requests 39 557.6925643529648 606.9863822646395 17941.783203125 0.619873046875 731.7207626468879 484
stats: 422 95 459
stats: tr_friends 49 559.5801279496173 615.2327253025053 7373.67919921875 0.60302734375 605.8825031397754 423
stats: size_sent 1489561 19385058
stats: tr_search_all_users 52 794.111079289363 607.1689367966848 7398.251953125 0.6220703125 764.4428870715396 382
stats: connected -162 614
stats: tr_browse_quizzes_page_1 11 709.5491388494319 935.0942231931178 31317.3291015625 0.5791015625 1321.0886614597082 947
stats: error_connection_closed 20 270
stats: tr_play_game__1st_question 39 711.2083708934294 629.3267796554395 32459.118896484375 0.612060546875 909.93646434956 909
stats: error_abort_max_send_retries 3 53
stats: tr_play_game__answer_to_question 47 612.6776460688167 622.8766464100709 31064.64990234375 0.587890625 809.5113317730783 870
stats: 503 874 14473
stats: tr_index 4 31632.77178955078 583.4236289725005 34036.807861328125 1.136962890625 3949.487655287769 954
stats: 404 257 1521
stats: tr_quizzes_page_INDEX 13 709.0618426983172 663.7435276906774 4688.552001953125 0.6259765625 727.5470833545398 307
stats: 500 0 274
stats: tr_quiz_questions_SHOW 157 519.4457168093154 613.350990543306 31089.794921875 0.0791015625 732.4486734520572 1610
# stats: dump at 1449460703
stats: users 439 1328
stats: {recvpackets,"tsung_controller@ip-172-30-3-127"} 1 5872.0 0.0 8232 141 2953.5 24
stats: {sentpackets,"tsung_controller@ip-172-30-3-127"} 1 5460.0 0.0 8198 160 3021.3333333333335 24
stats: {cpu,"tsung_controller@ip-172-30-3-127"} 1 8.868501529051988 0.0 16.22748327328873 1.0869565217391304 6.783275668211578 25
stats: {load,"tsung_controller@ip-172-30-3-127"} 1 0.05859375 0.0 0.12109375 0.0 0.04125000000000001 25
stats: {freemem,"tsung_controller@ip-172-30-3-127"} 1 3070.796875 0.0 3172.27734375 3069.80078125 3130.6896875 25
stats: session 177 60384.44018416755 11987.940786151188 154326.11401367188 9378.595947265625 50694.885382094646 1257
stats: users_count 0 1873
stats: finish_users_count 177 1434
stats: request 1506 690.095240295328 575.3607413345799 34036.76513671875 0.055908203125 1023.1506471987132 23112
stats: connect 77 1.4749010754870129 2.094613006662872 31083.406005859375 0.443115234375 1735.2395136268592 2907
stats: page 1232 837.2513257311538 735.2310957119154 34036.76513671875 0.454833984375 1197.2553999522427 19737
stats: tr_play_game__ready_page 9 758.8257378472222 542.3174667456261 5868.781005859375 0.60205078125 725.0698522897713 948
stats: 302 335 1690
stats: tr_play_game__leaderboard 105 745.5165783110119 545.95256334436 6763.741943359375 0.597900390625 582.3447456887241 651
stats: 200 206 4671
stats: tr_quiz_new_POST 21 835.0192289806549 472.80825809247943 11040.199951171875 0.828125 776.8122425598857 257
stats: size_rcv 1278234 24490544
stats: tr_question_new_POST 181 551.4303025725139 579.9930905029756 7972.77392578125 0.625 442.61001911861797 1775
stats: newphase 0 6
stats: tr_friend_requests 24 713.8854370117188 504.82770655686903 17941.783203125 0.619873046875 718.7435165025992 523
stats: 422 110 569
stats: tr_friends 46 711.9620998216712 551.0428736544442 7373.67919921875 0.60302734375 601.0756887662209 472
stats: size_sent 1350458 20735516
stats: tr_search_all_users 56 768.4112810407366 593.3114678914287 7398.251953125 0.6220703125 767.9976013464861 434
stats: connected -171 443
stats: tr_browse_quizzes_page_1 0 0 0 31317.3291015625 0.5791015625 1314.0668089036403 958
stats: error_connection_closed 22 292
stats: tr_play_game__1st_question 6 921.3186442057291 424.1118573496617 32459.118896484375 0.612060546875 901.760941517504 948
stats: error_abort_max_send_retries 2 55
stats: tr_play_game__answer_to_question 25 813.69533203125 567.1383239551856 31064.64990234375 0.587890625 799.4228004447247 917
stats: 503 541 15014
stats: tr_index 0 0 0 34036.807861328125 1.136962890625 4065.0754804830217 958
stats: 404 251 1772
stats: tr_quizzes_page_INDEX 13 679.6748422475962 543.5115372329159 4688.552001953125 0.6259765625 726.7961204528808 320
stats: 500 0 274
stats: tr_quiz_questions_SHOW 175 481.3758217075893 554.5421350492431 31089.794921875 0.051025390625 713.5231136371673 1767
# stats: dump at 1449460713
stats: users 307 1328
stats: {recvpackets,"tsung_controller@ip-172-30-3-127"} 1 4810.0 0.0 8232 141 3070.24 25
stats: {sentpackets,"tsung_controller@ip-172-30-3-127"} 1 4288.0 0.0 8198 160 3118.88 25
stats: {cpu,"tsung_controller@ip-172-30-3-127"} 1 6.8686868686868685 0.0 16.22748327328873 1.0869565217391304 6.863476662859286 26
stats: {load,"tsung_controller@ip-172-30-3-127"} 1 0.05078125 0.0 0.12109375 0.0 0.04191706730769232 26
stats: {freemem,"tsung_controller@ip-172-30-3-127"} 1 3066.0234375 0.0 3172.27734375 3066.0234375 3128.3861177884614 26
stats: session 132 66963.2322350705 10105.283113826154 154326.11401367188 9378.595947265625 51890.87645599067 1434
stats: users_count 0 1873
stats: finish_users_count 132 1566
stats: request 1097 934.0670554370585 410.5631415603834 34036.76513671875 0.055908203125 1002.7760658843702 24618
stats: connect 15 1.3025227864583333 1.9194953967206463 31083.406005859375 0.443115234375 1690.5009495630334 2984
stats: page 896 1154.9515568869422 665.7061530731861 34036.76513671875 0.454833984375 1176.1039373436117 20969
stats: tr_play_game__ready_page 1 1114.798095703125 0.0 5868.781005859375 0.60205078125 725.3873057589636 957
stats: 302 368 2058
stats: tr_play_game__leaderboard 73 943.7744909835188 398.3816285935537 6763.741943359375 0.597900390625 605.0075002195974 756
stats: 200 213 4884
stats: tr_quiz_new_POST 23 970.1082816745924 338.1053817280084 11040.199951171875 0.828125 781.2091731887928 278
stats: size_rcv 1119512 25610056
stats: tr_question_new_POST 141 919.9289498836437 396.6796815076667 7972.77392578125 0.625 452.6797897245255 1956
stats: newphase 0 6
stats: tr_friend_requests 16 965.4869995117188 376.73078420721714 17941.783203125 0.619873046875 718.5303649344436 547
stats: 422 141 710
stats: tr_friends 26 950.7022611177885 374.88714362833963 7373.67919921875 0.60302734375 610.9227445742339 518
stats: size_sent 1044773 21780289
stats: tr_search_all_users 32 994.6648330688477 408.46922626304666 7398.251953125 0.6220703125 768.0448790258291 490
stats: connected -134 309
stats: tr_browse_quizzes_page_1 0 0 0 31317.3291015625 0.5791015625 1314.0668089036403 958
stats: error_connection_closed 0 292
stats: tr_play_game__1st_question 4 520.2440185546875 520.459178666847 32459.118896484375 0.612060546875 901.8839459369268 954
stats: error_abort_max_send_retries 0 55
stats: tr_play_game__answer_to_question 12 756.5152384440104 536.7191967733862 31064.64990234375 0.587890625 799.801583130142 942
stats: 503 146 15160
stats: tr_index 0 0 0 34036.807861328125 1.136962890625 4065.0754804830217 958
stats: 404 218 1990
stats: tr_quizzes_page_INDEX 8 804.7388000488281 477.74346598679233 4688.552001953125 0.6259765625 724.9565510334553 333
stats: 500 0 274
stats: tr_quiz_questions_SHOW 138 908.9954391700634 417.11686275106837 31089.794921875 0.051025390625 692.6035584941826 1942
# stats: dump at 1449460723
stats: users 192 1328
stats: {recvpackets,"tsung_controller@ip-172-30-3-127"} 1 4331.0 0.0 8232 141 3137.153846153846 26
stats: {sentpackets,"tsung_controller@ip-172-30-3-127"} 1 3541.0 0.0 8198 160 3163.846153846154 26
stats: {cpu,"tsung_controller@ip-172-30-3-127"} 1 5.616850551654965 0.0 16.22748327328873 1.0869565217391304 6.863669633445493 27
stats: {load,"tsung_controller@ip-172-30-3-127"} 1 0.0390625 0.0 0.12109375 0.0 0.04224537037037038 27
stats: {freemem,"tsung_controller@ip-172-30-3-127"} 1 3074.37890625 0.0 3172.27734375 3066.0234375 3126.0763888888887 27
stats: session 115 75492.3224715523 12504.325457192288 154326.11401367188 9378.595947265625 53161.34322664108 1566
stats: users_count 0 1873
stats: finish_users_count 115 1681
stats: request 1012 790.9111518709086 212.89614097836 34036.76513671875 0.055908203125 999.8449445753793 25715
stats: connect 1 3.72607421875 0.0 31083.406005859375 0.443115234375 1682.0521411596828 2999
stats: page 780 1036.572172350761 433.49529978034815 34036.76513671875 0.454833984375 1175.2371395897048 21865
stats: tr_play_game__ready_page 0 0 0 5868.781005859375 0.60205078125 725.7937888382373 958
stats: 302 474 2532
stats: tr_play_game__leaderboard 57 777.7879531592654 196.24856910659784 6763.741943359375 0.597900390625 634.8386103833685 829
stats: 200 181 5065
stats: tr_quiz_new_POST 18 828.7156032986111 216.2792669677911 11040.199951171875 0.828125 795.6433243355482 301
stats: size_rcv 1020670 26630726
stats: tr_question_new_POST 201 757.2207650711284 193.53470027805176 7972.77392578125 0.625 484.09711522878666 2097
stats: newphase 0 6
stats: tr_friend_requests 3 980.4300130208334 118.59751535390271 17941.783203125 0.619873046875 725.5486707128385 563
stats: 422 205 915
stats: tr_friends 11 952.0721102627841 220.6707123297257 7373.67919921875 0.60302734375 627.1622067619774 544
stats: size_sent 890619 22670908
stats: tr_search_all_users 25 848.195712890625 218.29228492738935 7398.251953125 0.6220703125 781.9372900016463 522
stats: connected -118 191
stats: tr_browse_quizzes_page_1 0 0 0 31317.3291015625 0.5791015625 1314.0668089036403 958
stats: error_connection_closed 0 292
stats: tr_play_game__1st_question 0 0 0 32459.118896484375 0.612060546875 900.2904598100698 958
stats: error_abort_max_send_retries 0 55
stats: tr_play_game__answer_to_question 3 1072.9063313802083 56.58668456701484 31064.64990234375 0.587890625 799.257100807046 954
stats: 503 0 15160
stats: tr_index 0 0 0 34036.807861328125 1.136962890625 4065.0754804830217 958
stats: 404 151 2141
stats: tr_quizzes_page_INDEX 2 860.0660400390625 270.3499755859375 4688.552001953125 0.6259765625 726.8282753505315 341
stats: 500 0 274
stats: tr_quiz_questions_SHOW 204 742.1514844707411 193.06056982688378 31089.794921875 0.051025390625 706.9603275005632 2080
# stats: dump at 1449460733
stats: users 80 1328
stats: {recvpackets,"tsung_controller@ip-172-30-3-127"} 1 4370.0 0.0 8232 141 3181.3703703703704 27
stats: {sentpackets,"tsung_controller@ip-172-30-3-127"} 1 3093.0 0.0 8198 160 3177.814814814815 27
stats: {cpu,"tsung_controller@ip-172-30-3-127"} 1 8.397683397683398 0.0 16.22748327328873 1.0869565217391304 6.819140380524403 28
stats: {load,"tsung_controller@ip-172-30-3-127"} 1 0.0390625 0.0 0.12109375 0.0 0.04213169642857144 28
stats: {freemem,"tsung_controller@ip-172-30-3-127"} 1 3078.8671875 0.0 3172.27734375 3066.0234375 3124.230050223214 28
stats: session 112 84236.33179146903 11103.551081952575 155146.25 9378.595947265625 54689.04258010021 1681
stats: users_count 0 1873
stats: finish_users_count 112 1793
stats: request 890 449.04752567591294 197.39889652516877 34036.76513671875 0.055908203125 991.9338060930609 26727
stats: connect 1 0.6298828125 0.0 31083.406005859375 0.443115234375 1681.492699137369 3000
stats: page 655 624.1284861790317 333.35193027251074 34036.76513671875 0.454833984375 1170.4608678102225 22645
stats: tr_play_game__ready_page 0 0 0 5868.781005859375 0.60205078125 725.7937888382373 958
stats: 302 395 2927
stats: tr_play_game__leaderboard 39 460.30303485576906 203.0635167923003 6763.741943359375 0.597900390625 644.0351256635334 886
stats: 200 199 5264
stats: tr_quiz_new_POST 8 476.1281433105469 151.8112131435376 11040.199951171875 0.828125 797.5094717378527 319
stats: size_rcv 1042333 27673059
stats: tr_question_new_POST 216 427.33780585394965 183.2008405986656 7972.77392578125 0.625 507.9865206327513 2298
stats: newphase 0 6
stats: tr_friend_requests 1 370.240966796875 0.0 17941.783203125 0.619873046875 726.8996318911495 566
stats: 422 185 1100
stats: tr_friends 8 510.3446350097656 247.86049863540228 7373.67919921875 0.60302734375 633.6018625070384 555
stats: size_sent 800985 23471893
stats: tr_search_all_users 12 497.61785888671875 268.48408963042846 7398.251953125 0.6220703125 784.9655543018739 547
stats: connected -112 79
stats: tr_browse_quizzes_page_1 0 0 0 31317.3291015625 0.5791015625 1314.0668089036403 958
stats: error_connection_closed 0 292
stats: tr_play_game__1st_question 0 0 0 32459.118896484375 0.612060546875 900.2904598100698 958
stats: error_abort_max_send_retries 0 55
stats: tr_play_game__answer_to_question 1 1003.762939453125 0.0 31064.64990234375 0.587890625 800.1149353856453 957
stats: 503 0 15160
stats: tr_index 0 0 0 34036.807861328125 1.136962890625 4065.0754804830217 958
stats: 404 112 2253
stats: tr_quizzes_page_INDEX 1 770.0419921875 0.0 4688.552001953125 0.6259765625 727.6051719376367 343
stats: 500 0 274
stats: tr_quiz_questions_SHOW 227 426.44828520787473 178.33018959141063 31089.794921875 0.051025390625 710.1034956362533 2284
# stats: dump at 1449460743
stats: users 33 1328
stats: {recvpackets,"tsung_controller@ip-172-30-3-127"} 1 2839.0 0.0 8232 141 3223.8214285714284 28
stats: {sentpackets,"tsung_controller@ip-172-30-3-127"} 1 2019.0 0.0 8198 160 3174.785714285714 28
stats: {cpu,"tsung_controller@ip-172-30-3-127"} 1 5.744888023369036 0.0 16.22748327328873 1.0869565217391304 6.873572898357472 29
stats: {load,"tsung_controller@ip-172-30-3-127"} 1 0.03125 0.0 0.12109375 0.0 0.042025862068965525 29
stats: {freemem,"tsung_controller@ip-172-30-3-127"} 1 3091.66015625 0.0 3172.27734375 3066.0234375 3122.665813577586 29
stats: session 47 90536.36680830286 6377.527586661366 155146.25 9378.595947265625 56534.718202896256 1793
stats: users_count 0 1873
stats: finish_users_count 47 1840
stats: request 368 25.84582187818446 46.459418590998425 34036.76513671875 0.055908203125 974.4384666437629 27617
stats: connect 2 0.616455078125 0.0234375 31083.406005859375 0.443115234375 1680.9325982322293 3001
stats: page 271 35.73480382264761 60.66293995750822 34036.76513671875 0.454833984375 1155.1025969961267 23300
stats: tr_play_game__ready_page 0 0 0 5868.781005859375 0.60205078125 725.7937888382373 958
stats: 302 130 3057
stats: tr_play_game__leaderboard 17 18.22983685661765 15.111989540975614 6763.741943359375 0.597900390625 636.2885834565034 925
stats: 200 115 5379
stats: tr_quiz_new_POST 9 11.907633463541666 11.02173962078661 11040.199951171875 0.828125 789.6469315928422 327
stats: size_rcv 531843 28204902
stats: tr_question_new_POST 84 17.111403692336314 23.61110794040799 7972.77392578125 0.625 501.0572754488924 2514
stats: newphase 0 6
stats: tr_friend_requests 3 5.530598958333333 2.324969620432113 17941.783203125 0.619873046875 726.2706042631173 567
stats: 422 63 1163
stats: tr_friends 2 64.43310546875 1.98291015625 7373.67919921875 0.60302734375 631.8504276580541 563
stats: size_sent 331912 23803805
stats: tr_search_all_users 5 53.466796875 91.55488097236086 7398.251953125 0.6220703125 778.7970885684537 559
stats: connected -45 34
stats: tr_browse_quizzes_page_1 0 0 0 31317.3291015625 0.5791015625 1314.0668089036403 958
stats: error_connection_closed 0 292
stats: tr_play_game__1st_question 0 0 0 32459.118896484375 0.612060546875 900.2904598100698 958
stats: error_abort_max_send_retries 0 55
stats: tr_play_game__answer_to_question 0 0 0 31064.64990234375 0.587890625 800.3275115903086 958
stats: 503 0 15160
stats: tr_index 0 0 0 34036.807861328125 1.136962890625 4065.0754804830217 958
stats: 404 58 2311
stats: tr_quizzes_page_INDEX 1 9.60888671875 0.0 4688.552001953125 0.6259765625 727.7285347872003 344
stats: 500 0 274
stats: tr_quiz_questions_SHOW 87 30.89604941181752 60.33619679880197 31089.794921875 0.051025390625 684.4604320093151 2511
# stats: dump at 1449460753
stats: users 19 1328
stats: {recvpackets,"tsung_controller@ip-172-30-3-127"} 1 955.0 0.0 8232 141 3210.551724137931 29
stats: {sentpackets,"tsung_controller@ip-172-30-3-127"} 1 780.0 0.0 8198 160 3134.9310344827586 29
stats: {cpu,"tsung_controller@ip-172-30-3-127"} 1 1.9801980198019802 0.0 16.22748327328873 1.0869565217391304 6.835950069191191 30
stats: {load,"tsung_controller@ip-172-30-3-127"} 1 0.03125 0.0 0.12109375 0.0 0.04166666666666667 30
stats: {freemem,"tsung_controller@ip-172-30-3-127"} 1 3100.21484375 0.0 3172.27734375 3066.0234375 3121.632291666667 30
stats: session 14 104797.427734375 8160.571037235228 155146.25 9378.595947265625 57403.23857488218 1840
stats: users_count 0 1873
stats: finish_users_count 14 1854
stats: request 136 13.933568617876842 34.38394755651835 34036.76513671875 0.055908203125 961.9645665803813 27985
stats: connect 2 0.6854248046875 0.0655517578125 31083.406005859375 0.443115234375 1679.8135065617969 3003
stats: page 103 18.427409644265776 39.63921728407074 34036.76513671875 0.454833984375 1142.2330254060366 23571
stats: tr_play_game__ready_page 0 0 0 5868.781005859375 0.60205078125 725.7937888382373 958
stats: 302 61 3118
stats: tr_play_game__leaderboard 12 6.078450520833333 2.915854613473694 6763.741943359375 0.597900390625 625.1346570316647 942
stats: 200 29 5408
stats: tr_quiz_new_POST 3 5.401123046875 0.4818752553685984 11040.199951171875 0.828125 768.8146289643788 336
stats: size_rcv 154395 28359297
stats: tr_question_new_POST 27 9.94435402199074 7.157422957500099 7972.77392578125 0.625 485.4100648147313 2598
stats: newphase 0 6
stats: tr_friend_requests 0 0 0 17941.783203125 0.619873046875 722.4772358141447 570
stats: 422 27 1190
stats: tr_friends 3 5.215006510416667 1.0467575032610341 7373.67919921875 0.60302734375 629.8418707653485 565
stats: size_sent 129686 23933491
stats: tr_search_all_users 3 99.459716796875 134.3331343128826 7398.251953125 0.6220703125 772.3668554860649 564
stats: connected -18 16
stats: tr_browse_quizzes_page_1 0 0 0 31317.3291015625 0.5791015625 1314.0668089036403 958
stats: error_connection_closed 0 292
stats: tr_play_game__1st_question 0 0 0 32459.118896484375 0.612060546875 900.2904598100698 958
stats: error_abort_max_send_retries 0 55
stats: tr_play_game__answer_to_question 0 0 0 31064.64990234375 0.587890625 800.3275115903086 958
stats: 503 0 15160
stats: tr_index 0 0 0 34036.807861328125 1.136962890625 4065.0754804830217 958
stats: 404 19 2330
stats: tr_quizzes_page_INDEX 0 0 0 4688.552001953125 0.6259765625 725.6470285609148 345
stats: 500 0 274
stats: tr_quiz_questions_SHOW 27 13.273102936921292 18.32390837643716 31089.794921875 0.051025390625 662.5743268184059 2598
# stats: dump at 1449460763
stats: users 8 1328
stats: {recvpackets,"tsung_controller@ip-172-30-3-127"} 1 565.0 0.0 8232 141 3135.366666666667 30
stats: {sentpackets,"tsung_controller@ip-172-30-3-127"} 1 473.0 0.0 8198 160 3056.4333333333334 30
stats: {cpu,"tsung_controller@ip-172-30-3-127"} 1 1.5857284440039643 0.0 16.22748327328873 1.0869565217391304 6.679312906307668 31
stats: {load,"tsung_controller@ip-172-30-3-127"} 1 0.01953125 0.0 0.12109375 0.0 0.04133064516129033 31
stats: {freemem,"tsung_controller@ip-172-30-3-127"} 1 3102.328125 0.0 3172.27734375 3066.0234375 3120.94140625 31
stats: session 11 113539.349609375 12472.483680356152 155146.25 9378.595947265625 57761.12349841665 1854
stats: users_count 0 1873
stats: finish_users_count 11 1865
stats: request 100 13.751328125 25.802887615622172 34036.76513671875 0.055908203125 957.3796579454502 28121
stats: connect 2 0.699462890625 0.051513671875 31083.406005859375 0.443115234375 1678.6959504341717 3005
stats: page 71 19.406542281029925 30.28672631172277 34036.76513671875 0.454833984375 1137.3436117698338 23674
stats: tr_play_game__ready_page 0 0 0 5868.781005859375 0.60205078125 725.7937888382373 958
stats: 302 53 3171
stats: tr_play_game__leaderboard 2 10.96044921875 7.217529296875 6763.741943359375 0.597900390625 617.3477865095158 954
stats: 200 16 5424
stats: tr_quiz_new_POST 3 4.995035807291667 0.5385991314863016 11040.199951171875 0.828125 762.0587572305956 339
stats: size_rcv 126549 28485846
stats: tr_question_new_POST 24 8.239227294921875 5.269289312477241 7972.77392578125 0.625 480.51956036086307 2625
stats: newphase 0 6
stats: tr_friend_requests 0 0 0 17941.783203125 0.619873046875 722.4772358141447 570
stats: 422 27 1217
stats: tr_friends 2 104.1505126953125 46.1925048828125 7373.67919921875 0.60302734375 626.5427852147063 568
stats: size_sent 93059 24026550
stats: tr_search_all_users 3 74.7216796875 49.35696848965923 7398.251953125 0.6220703125 768.8065002549051 567
stats: connected -10 6
stats: tr_browse_quizzes_page_1 0 0 0 31317.3291015625 0.5791015625 1314.0668089036403 958
stats: error_connection_closed 0 292
stats: tr_play_game__1st_question 0 0 0 32459.118896484375 0.612060546875 900.2904598100698 958
stats: error_abort_max_send_retries 0 55
stats: tr_play_game__answer_to_question 0 0 0 31064.64990234375 0.587890625 800.3275115903086 958
stats: 503 0 15160
stats: tr_index 0 0 0 34036.807861328125 1.136962890625 4065.0754804830217 958
stats: 404 4 2334
stats: tr_quizzes_page_INDEX 0 0 0 4688.552001953125 0.6259765625 725.6470285609148 345
stats: 500 0 274
stats: tr_quiz_questions_SHOW 24 7.546437581380207 8.577397489930723 31089.794921875 0.051025390625 655.8957999441964 2625
# stats: dump at 1449460773
stats: users 3 1328
stats: {recvpackets,"tsung_controller@ip-172-30-3-127"} 1 161.0 0.0 8232 141 3052.451612903226 31
stats: {sentpackets,"tsung_controller@ip-172-30-3-127"} 1 129.0 0.0 8198 129 2973.0967741935483 31
stats: {cpu,"tsung_controller@ip-172-30-3-127"} 1 0.9881422924901186 0.0 16.22748327328873 0.9881422924901186 6.5201383918606775 32
stats: {load,"tsung_controller@ip-172-30-3-127"} 1 0.01953125 0.0 0.12109375 0.0 0.04064941406250001 32
stats: {freemem,"tsung_controller@ip-172-30-3-127"} 1 3103.25390625 0.0 3172.27734375 3066.0234375 3120.3597412109375 32
stats: session 5 120809.86865234375 4416.421601610168 155146.25 9378.595947265625 58090.11035483517 1865
stats: users_count 0 1873
stats: finish_users_count 5 1870
stats: request 32 6.7111053466796875 3.9400775895993303 34036.76513671875 0.055908203125 954.0359481909395 28221
stats: connect 1 0.761962890625 0.0 31083.406005859375 0.443115234375 1677.5798902495733 3007
stats: page 23 9.37561565896739 3.796481078710203 34036.76513671875 0.454833984375 1134.000864583744 23745
stats: tr_play_game__ready_page 0 0 0 5868.781005859375 0.60205078125 725.7937888382373 958
stats: 302 17 3188
stats: tr_play_game__leaderboard 1 10.04296875 0.0 6763.741943359375 0.597900390625 616.0791937536775 956
stats: 200 6 5430
stats: tr_quiz_new_POST 1 11.85498046875 0.0 11040.199951171875 0.828125 755.4178473935491 342
stats: size_rcv 26472 28512318
stats: tr_question_new_POST 8 4.93206787109375 2.6866496142116345 7972.77392578125 0.625 476.2406898461094 2649
stats: newphase 0 6
stats: tr_friend_requests 0 0 0 17941.783203125 0.619873046875 722.4772358141447 570
stats: 422 9 1226
stats: tr_friends 0 0 0 7373.67919921875 0.60302734375 624.709829872533 570
stats: size_sent 35954 24062504
stats: tr_search_all_users 0 0 0 7398.251953125 0.6220703125 765.1534222519188 570
stats: connected -5 1
stats: tr_browse_quizzes_page_1 0 0 0 31317.3291015625 0.5791015625 1314.0668089036403 958
stats: error_connection_closed 0 292
stats: tr_play_game__1st_question 0 0 0 32459.118896484375 0.612060546875 900.2904598100698 958
stats: error_abort_max_send_retries 0 55
stats: tr_play_game__answer_to_question 0 0 0 31064.64990234375 0.587890625 800.3275115903086 958
stats: 503 0 15160
stats: tr_index 0 0 0 34036.807861328125 1.136962890625 4065.0754804830217 958
stats: 404 0 2334
stats: tr_quizzes_page_INDEX 0 0 0 4688.552001953125 0.6259765625 725.6470285609148 345
stats: 500 0 274
stats: tr_quiz_questions_SHOW 8 4.33551025390625 2.7051144174007273 31089.794921875 0.051025390625 650.0217400360394 2649
# stats: dump at 1449460783
stats: users 2 1328
stats: {recvpackets,"tsung_controller@ip-172-30-3-127"} 1 44.0 0.0 8232 44 2962.09375 32
stats: {sentpackets,"tsung_controller@ip-172-30-3-127"} 1 50.0 0.0 8198 50 2884.21875 32
stats: {cpu,"tsung_controller@ip-172-30-3-127"} 1 0.8902077151335311 0.0 16.22748327328873 0.8902077151335311 6.3525021464252065 33
stats: {load,"tsung_controller@ip-172-30-3-127"} 1 0.01953125 0.0 0.12109375 0.0 0.0400094696969697 33
stats: {freemem,"tsung_controller@ip-172-30-3-127"} 1 3103.3984375 0.0 3172.27734375 3066.0234375 3119.8413825757575 33
stats: session 1 129143.64282226563 0.0 155146.25 9378.595947265625 58257.81024333118 1870
stats: users_count 0 1873
stats: finish_users_count 1 1871
stats: request 3 17.208333333333332 7.79855351631076 34036.76513671875 0.055908203125 952.9629862056277 28253
stats: connect 0 0 0 31083.406005859375 0.443115234375 1677.0224374811694 3008
stats: page 3 17.208333333333332 7.79855351631076 34036.76513671875 0.454833984375 1132.9125786225663 23768
stats: tr_play_game__ready_page 0 0 0 5868.781005859375 0.60205078125 725.7937888382373 958
stats: 302 0 3188
stats: tr_play_game__leaderboard 1 8.672119140625 0.0 6763.741943359375 0.597900390625 615.4459270608836 957
stats: 200 3 5433
stats: tr_quiz_new_POST 0 0 0 11040.199951171875 0.828125 753.2500256240891 343
stats: size_rcv 4600 28516918
stats: tr_question_new_POST 0 0 0 7972.77392578125 0.625 474.8216198514537 2657
stats: newphase 0 6
stats: tr_friend_requests 0 0 0 17941.783203125 0.619873046875 722.4772358141447 570
stats: 422 0 1226
stats: tr_friends 0 0 0 7373.67919921875 0.60302734375 624.709829872533 570
stats: size_sent 9787 24072291
stats: tr_search_all_users 0 0 0 7398.251953125 0.6220703125 765.1534222519188 570
stats: connected -1 0
stats: tr_browse_quizzes_page_1 0 0 0 31317.3291015625 0.5791015625 1314.0668089036403 958
stats: error_connection_closed 0 292
stats: tr_play_game__1st_question 0 0 0 32459.118896484375 0.612060546875 900.2904598100698 958
stats: error_abort_max_send_retries 0 55
stats: tr_play_game__answer_to_question 0 0 0 31064.64990234375 0.587890625 800.3275115903086 958
stats: 503 0 15160
stats: tr_index 0 0 0 34036.807861328125 1.136962890625 4065.0754804830217 958
stats: 404 0 2334
stats: tr_quizzes_page_INDEX 0 0 0 4688.552001953125 0.6259765625 725.6470285609148 345
stats: 500 0 274
stats: tr_quiz_questions_SHOW 0 0 0 31089.794921875 0.051025390625 648.0776339621752 2657
# stats: dump at 1449460793
stats: users 1 1328
stats: {recvpackets,"tsung_controller@ip-172-30-3-127"} 1 0.0 0.0 8232 0 2873.6666666666665 33
stats: {sentpackets,"tsung_controller@ip-172-30-3-127"} 1 0.0 0.0 8198 0 2798.3333333333335 33
stats: {cpu,"tsung_controller@ip-172-30-3-127"} 1 0.9861932938856016 0.0 16.22748327328873 0.8902077151335311 6.191846427857804 34
stats: {load,"tsung_controller@ip-172-30-3-127"} 1 0.01171875 0.0 0.12109375 0.0 0.039407169117647065 34
stats: {freemem,"tsung_controller@ip-172-30-3-127"} 1 3103.9453125 0.0 3172.27734375 3066.0234375 3119.3577665441176 34
stats: session 1 146893.6689453125 0.0 155146.25 9378.595947265625 58295.69684545782 1871
stats: users_count 0 1873
stats: finish_users_count 1 1872
stats: request 20 16.38466796875 5.715272101451866 34036.76513671875 0.055908203125 952.8636351312146 28256
stats: connect 1 0.7919921875 0.0 31083.406005859375 0.443115234375 1677.0224374811694 3008
stats: page 13 25.28309044471154 9.209615021284106 34036.76513671875 0.454833984375 1132.771772062646 23771
stats: tr_play_game__ready_page 0 0 0 5868.781005859375 0.60205078125 725.7937888382373 958
stats: 302 0 3188
stats: tr_play_game__leaderboard 0 0 0 6763.741943359375 0.597900390625 614.8125514785033 958
stats: 200 14 5447
stats: tr_quiz_new_POST 1 25.97509765625 0.0 11040.199951171875 0.828125 753.2500256240891 343
stats: size_rcv 54083 28571001
stats: tr_question_new_POST 6 10.286824544270834 3.7127710046996487 7972.77392578125 0.625 474.8216198514537 2657
stats: newphase 0 6
stats: tr_friend_requests 0 0 0 17941.783203125 0.619873046875 722.4772358141447 570
stats: 422 0 1226
stats: tr_friends 0 0 0 7373.67919921875 0.60302734375 624.709829872533 570
stats: size_sent 18618 24090909
stats: tr_search_all_users 0 0 0 7398.251953125 0.6220703125 765.1534222519188 570
stats: connected 1 1
stats: tr_browse_quizzes_page_1 0 0 0 31317.3291015625 0.5791015625 1314.0668089036403 958
stats: error_connection_closed 0 292
stats: tr_play_game__1st_question 0 0 0 32459.118896484375 0.612060546875 900.2904598100698 958
stats: error_abort_max_send_retries 0 55
stats: tr_play_game__answer_to_question 0 0 0 31064.64990234375 0.587890625 800.3275115903086 958
stats: 503 0 15160
stats: tr_index 0 0 0 34036.807861328125 1.136962890625 4065.0754804830217 958
stats: 404 6 2340
stats: tr_quizzes_page_INDEX 0 0 0 4688.552001953125 0.6259765625 725.6470285609148 345
stats: 500 0 274
stats: tr_quiz_questions_SHOW 6 19.6756591796875 4.171587498958328 31089.794921875 0.051025390625 648.0776339621752 2657
# stats: dump at 1449460801
stats: users 0 1328
stats: {recvpackets,"tsung_controller@ip-172-30-3-127"} 1 214.0 0.0 8232 0 2789.1470588235293 34
stats: {sentpackets,"tsung_controller@ip-172-30-3-127"} 1 149.0 0.0 8198 0 2716.029411764706 34
stats: {cpu,"tsung_controller@ip-172-30-3-127"} 1 0.8919722497522299 0.0 16.22748327328873 0.8902077151335311 6.043113481172884 35
stats: {load,"tsung_controller@ip-172-30-3-127"} 1 0.01171875 0.0 0.12109375 0.0 0.03861607142857144 35
stats: {freemem,"tsung_controller@ip-172-30-3-127"} 1 3104.19921875 0.0 3172.27734375 3066.0234375 3118.917410714286 35
stats: session 1 149678.59521484375 0.0 155146.25 9378.595947265625 58343.02482200688 1872
stats: users_count 0 1873
stats: finish_users_count 1 1873
stats: request 32 14.811149597167969 6.97152148049607 34036.76513671875 0.055908203125 952.2012508002183 28276
stats: connect 1 0.75 0.0 31083.406005859375 0.443115234375 1676.4653652161996 3009
stats: page 21 22.618466331845237 6.467120266033523 34036.76513671875 0.454833984375 1132.1664343204231 23784
stats: tr_play_game__ready_page 0 0 0 5868.781005859375 0.60205078125 725.7937888382373 958
stats: 302 0 3188
stats: tr_play_game__leaderboard 0 0 0 6763.741943359375 0.597900390625 614.8125514785033 958
stats: 200 21 5468
stats: tr_quiz_new_POST 1 6.037109375 0.0 11040.199951171875 0.828125 751.135854321857 344
stats: size_rcv 85151 28656152
stats: tr_question_new_POST 10 8.0529541015625 4.385815402506855 7972.77392578125 0.625 473.7749774286812 2663
stats: newphase 0 6
stats: tr_friend_requests 0 0 0 17941.783203125 0.619873046875 722.4772358141447 570
stats: 422 1 1227
stats: tr_friends 0 0 0 7373.67919921875 0.60302734375 624.709829872533 570
stats: size_sent 28018 24118927
stats: tr_search_all_users 0 0 0 7398.251953125 0.6220703125 765.1534222519188 570
stats: connected -1 0
stats: tr_browse_quizzes_page_1 0 0 0 31317.3291015625 0.5791015625 1314.0668089036403 958
stats: error_connection_closed 0 292
stats: tr_play_game__1st_question 0 0 0 32459.118896484375 0.612060546875 900.2904598100698 958
stats: error_abort_max_send_retries 0 55
stats: tr_play_game__answer_to_question 0 0 0 31064.64990234375 0.587890625 800.3275115903086 958
stats: 503 0 15160
stats: tr_index 0 0 0 34036.807861328125 1.136962890625 4065.0754804830217 958
stats: 404 10 2350
stats: tr_quizzes_page_INDEX 0 0 0 4688.552001953125 0.6259765625 725.6470285609148 345
stats: 500 0 274
stats: tr_quiz_questions_SHOW 10 17.963525390625 4.098295382247318 31089.794921875 0.051025390625 646.6617827234613 2663
EndMonitor:{1449,460801,209875}
