[20/Nov/2015:05:17:37 -0000] access to /es/images/graphes-Perfs-mean_tn.png failed for 0:0:0:0:0:FFFF:B8BB:AB67, reason: 
"mod_esi: Client not authorized to evaluate: images/graphes-Perfs-mean_tn.png"
[20/Nov/2015:05:17:37 -0000] access to /es/images/graphes-Transactions-mean_tn.png failed for 0:0:0:0:0:FFFF:B8BB:AB67, reason: 
"mod_esi: Client not authorized to evaluate: images/graphes-Transactions-mean_tn.png"
[20/Nov/2015:05:17:37 -0000] access to /es/images/graphes-Transactions-rate_tn.png failed for 0:0:0:0:0:FFFF:B8BB:AB67, reason: 
"mod_esi: Client not authorized to evaluate: images/graphes-Transactions-rate_tn.png"
[20/Nov/2015:05:17:37 -0000] access to /es/images/graphes-Perfs-rate_tn.png failed for 0:0:0:0:0:FFFF:B8BB:AB67, reason: 
"mod_esi: Client not authorized to evaluate: images/graphes-Perfs-rate_tn.png"
[20/Nov/2015:05:17:37 -0000] access to /es/images/graphes-Size-rate_tn.png failed for 0:0:0:0:0:FFFF:B8BB:AB67, reason: 
"mod_esi: Client not authorized to evaluate: images/graphes-Size-rate_tn.png"
[20/Nov/2015:05:17:37 -0000] access to /es/images/graphes-Users_Arrival-rate_tn.png failed for 0:0:0:0:0:FFFF:B8BB:AB67, reason: 
"mod_esi: Client not authorized to evaluate: images/graphes-Users_Arrival-rate_tn.png"
[20/Nov/2015:05:17:37 -0000] access to /es/images/graphes-Users-simultaneous_tn.png failed for 0:0:0:0:0:FFFF:B8BB:AB67, reason: 
"mod_esi: Client not authorized to evaluate: images/graphes-Users-simultaneous_tn.png"
[20/Nov/2015:05:17:37 -0000] access to /es/images/graphes-HTTP_CODE-rate_tn.png failed for 0:0:0:0:0:FFFF:B8BB:AB67, reason: 
"mod_esi: Client not authorized to evaluate: images/graphes-HTTP_CODE-rate_tn.png"
[20/Nov/2015:05:17:37 -0000] access to /es/images/graphes-freemem-mean_tn.png failed for 0:0:0:0:0:FFFF:B8BB:AB67, reason: 
"mod_esi: Client not authorized to evaluate: images/graphes-freemem-mean_tn.png"
[20/Nov/2015:05:17:37 -0000] access to /es/images/graphes-load-mean_tn.png failed for 0:0:0:0:0:FFFF:B8BB:AB67, reason: 
"mod_esi: Client not authorized to evaluate: images/graphes-load-mean_tn.png"
[20/Nov/2015:05:17:37 -0000] access to /es/images/graphes-cpu-mean_tn.png failed for 0:0:0:0:0:FFFF:B8BB:AB67, reason: 
"mod_esi: Client not authorized to evaluate: images/graphes-cpu-mean_tn.png"
[20/Nov/2015:05:17:40 -0000] access to /icons/blank.gif failed for 0:0:0:0:0:FFFF:B8BB:AB67, reason: 
"httpd_file: Can't access /home/ec2-user/.tsung/log/20151120-0510/icons/blank.gif: File not found"
[20/Nov/2015:05:17:40 -0000] access to /icons/image2.gif failed for 0:0:0:0:0:FFFF:B8BB:AB67, reason: 
"httpd_file: Can't access /home/ec2-user/.tsung/log/20151120-0510/icons/image2.gif: File not found"
[20/Nov/2015:05:20:07 -0000] server crash for 0:0:0:0:0:FFFF:B8BB:AB67, reason: 
"Error reading request: No request received on keep-alive connection before server side timeout"

[20/Nov/2015:05:20:07 -0000] server crash for 0:0:0:0:0:FFFF:B8BB:AB67, reason: 
"Error reading request: No request received on keep-alive connection before server side timeout"

[20/Nov/2015:05:20:07 -0000] server crash for 0:0:0:0:0:FFFF:B8BB:AB67, reason: 
"Error reading request: No request received on keep-alive connection before server side timeout"

[20/Nov/2015:05:20:07 -0000] server crash for 0:0:0:0:0:FFFF:B8BB:AB67, reason: 
"Error reading request: No request received on keep-alive connection before server side timeout"

[20/Nov/2015:05:20:10 -0000] server crash for 0:0:0:0:0:FFFF:B8BB:AB67, reason: 
"Error reading request: No request received on keep-alive connection before server side timeout"

[20/Nov/2015:05:20:10 -0000] server crash for 0:0:0:0:0:FFFF:B8BB:AB67, reason: 
"Error reading request: No request received on keep-alive connection before server side timeout"

