# stats: dump at 1446758761
stats: users 11 11
stats: {cpu,"tsung_controller@ip-172-30-3-252"} 1 2.923710624371746 0 2.923710624371746 2.923710624371746 0 0
stats: {load,"tsung_controller@ip-172-30-3-252"} 1 0.078125 0 0.078125 0.078125 0 0
stats: {freemem,"tsung_controller@ip-172-30-3-252"} 1 3168.26953125 0 3168.26953125 3168.26953125 0 0
stats: users_count 11 11
stats: finish_users_count 0 0
stats: request 16 79.61460876464844 204.63631016301588 848.68603515625 7.112060546875 0 0
stats: connect 11 10.871826171875 31.321750671429772 109.91796875 0.7998046875 0 0
stats: page 15 84.92823893229166 211.2184603651436 848.68603515625 7.112060546875 0 0
stats: 302 1 1
stats: 200 15 15
stats: size_rcv 26291 26291
stats: size_sent 4636 4636
stats: connected 11 11
# stats: dump at 1446758771
stats: users 19 19
stats: {recvpackets,"tsung_controller@ip-172-30-3-252"} 1 105 0 105 105 0 0
stats: {sentpackets,"tsung_controller@ip-172-30-3-252"} 1 116 0 116 116 0 0
stats: {cpu,"tsung_controller@ip-172-30-3-252"} 1 2.06286836935167 0.0 2.923710624371746 2.06286836935167 2.923710624371746 1
stats: {load,"tsung_controller@ip-172-30-3-252"} 1 0.05859375 0.0 0.078125 0.05859375 0.078125 1
stats: {freemem,"tsung_controller@ip-172-30-3-252"} 1 3168.8359375 0.0 3168.8359375 3168.26953125 3168.26953125 1
stats: users_count 8 19
stats: finish_users_count 0 0
stats: request 32 92.85890197753906 218.97463178983656 1147.472900390625 5.783203125 79.61460876464844 16
stats: connect 8 1.648590087890625 2.2957679680229317 109.91796875 0.60302734375 10.871826171875 11
stats: page 28 106.13105991908482 232.8798765800904 1147.472900390625 6.924072265625 84.92823893229166 15
stats: 302 4 5
stats: 200 28 43
stats: size_rcv 59496 85787
stats: size_sent 16842 21478
stats: connected 8 19
# stats: dump at 1446758781
stats: users 22 22
stats: {recvpackets,"tsung_controller@ip-172-30-3-252"} 1 173.0 0.0 173 105 105.0 1
stats: {sentpackets,"tsung_controller@ip-172-30-3-252"} 1 169.0 0.0 169 116 116.0 1
stats: {cpu,"tsung_controller@ip-172-30-3-252"} 1 1.4792899408284024 0.0 2.923710624371746 1.4792899408284024 2.493289496861708 2
stats: {load,"tsung_controller@ip-172-30-3-252"} 1 0.05078125 0.0 0.078125 0.05078125 0.068359375 2
stats: {freemem,"tsung_controller@ip-172-30-3-252"} 1 3167.25390625 0.0 3168.8359375 3167.25390625 3168.552734375 2
stats: session 2 18980.310546875 2746.00244140625 21726.31298828125 16234.30810546875 0 0
stats: users_count 5 24
stats: finish_users_count 2 2
stats: request 60 177.63480631510416 297.34512159703445 1319.284912109375 5.783203125 88.44413757324219 48
stats: connect 5 4.112353515625 5.5630433457993504 109.91796875 0.60302734375 6.9883583470394735 19
stats: page 47 226.7795773769947 341.79578331601255 1319.284912109375 6.59814453125 98.73472701671511 43
stats: tr_search_users 2 939.9005126953125 379.5054931640625 1319.406005859375 560.39501953125 0 0
stats: 302 13 18
stats: 200 47 90
stats: size_rcv 212028 297815
stats: size_sent 64815 86293
stats: connected 3 22
# stats: dump at 1446758791
stats: users 30 32
stats: {recvpackets,"tsung_controller@ip-172-30-3-252"} 1 368.0 0.0 368 105 139.0 2
stats: {sentpackets,"tsung_controller@ip-172-30-3-252"} 1 276.0 0.0 276 116 142.5 2
stats: {cpu,"tsung_controller@ip-172-30-3-252"} 1 1.8700787401574805 0.0 2.923710624371746 1.4792899408284024 2.155289644850606 3
stats: {load,"tsung_controller@ip-172-30-3-252"} 1 0.05078125 0.0 0.078125 0.05078125 0.0625 3
stats: {freemem,"tsung_controller@ip-172-30-3-252"} 1 3165.2734375 0.0 3168.8359375 3165.2734375 3168.1197916666665 3
stats: session 5 24245.140771484374 6239.74151090699 30896.305908203125 13449.5810546875 18980.310546875 2
stats: users_count 13 37
stats: finish_users_count 5 7
stats: request 121 56.775931366219005 129.3836097700172 1319.284912109375 5.64794921875 137.99450909649883 108
stats: connect 13 0.8540978064903846 0.3696321876390185 109.91796875 0.552001953125 6.389190673828125 24
stats: page 97 70.83719847374356 143.75687493389518 1319.284912109375 5.64794921875 165.60259331597223 90
stats: tr_search_users 3 715.8653971354166 106.22866257212964 1319.406005859375 560.39501953125 939.9005126953125 2
stats: 302 24 42
stats: 200 97 187
stats: size_rcv 414851 712666
stats: newphase 1 1
stats: size_sent 154451 240744
stats: connected 8 30
# stats: dump at 1446758801
stats: users 37 38
stats: {recvpackets,"tsung_controller@ip-172-30-3-252"} 1 747.0 0.0 747 105 215.33333333333334 3
stats: {sentpackets,"tsung_controller@ip-172-30-3-252"} 1 531.0 0.0 531 116 187.0 3
stats: {cpu,"tsung_controller@ip-172-30-3-252"} 1 2.1696252465483234 0.0 2.923710624371746 1.4792899408284024 2.0839869186773248 4
stats: {load,"tsung_controller@ip-172-30-3-252"} 1 0.0390625 0.0 0.078125 0.0390625 0.0595703125 4
stats: {freemem,"tsung_controller@ip-172-30-3-252"} 1 3163.94921875 0.0 3168.8359375 3163.94921875 3167.408203125 4
stats: session 7 34835.28567940848 8481.474020612166 43322.947998046875 13449.5810546875 22740.903564453125 7
stats: users_count 14 51
stats: finish_users_count 7 14
stats: request 118 318.276611328125 870.1502914055709 4901.6689453125 5.64794921875 95.07988942242085 229
stats: connect 14 2.553798130580357 3.2083757071955765 109.91796875 0.552001953125 4.444428315033784 37
stats: page 95 395.3469546669408 983.0400548948619 4901.6689453125 5.64794921875 116.44621203417447 187
stats: tr_search_users 3 2772.9827473958335 219.01248427350598 3065.4130859375 560.39501953125 805.479443359375 5
stats: 302 23 65
stats: tr_friends 1 162.51806640625 0 162.51806640625 162.51806640625 0 0
stats: 200 95 282
stats: size_rcv 421054 1133720
stats: newphase 0 1
stats: size_sent 137084 377828
stats: connected 7 37
# stats: dump at 1446758811
stats: users 51 51
stats: {recvpackets,"tsung_controller@ip-172-30-3-252"} 1 777.0 0.0 777 105 348.25 4
stats: {sentpackets,"tsung_controller@ip-172-30-3-252"} 1 560.0 0.0 560 116 273.0 4
stats: {cpu,"tsung_controller@ip-172-30-3-252"} 1 2.1297192642787994 0.0 2.923710624371746 1.4792899408284024 2.1011145842515244 5
stats: {load,"tsung_controller@ip-172-30-3-252"} 1 0.03125 0.0 0.078125 0.03125 0.05546875 5
stats: {freemem,"tsung_controller@ip-172-30-3-252"} 1 3162.1640625 0.0 3168.8359375 3162.1640625 3166.71640625 5
stats: session 3 33543.500651041664 19490.939074928785 53115.125 6948.2060546875 28788.094621930803 14
stats: users_count 17 68
stats: finish_users_count 3 17
stats: request 116 97.99242532664331 173.11299922587096 4901.6689453125 5.64794921875 170.97963923473523 347
stats: connect 17 2.200094784007353 1.9722516916350434 109.91796875 0.552001953125 3.925431793811275 51
stats: page 97 117.19625634262242 192.6602741878102 4901.6689453125 5.64794921875 210.4021359707447 282
stats: tr_search_users 1 751.31298828125 0.0 3065.4130859375 560.39501953125 1543.2931823730469 8
stats: 302 19 84
stats: tr_friends 0 0 0 162.51806640625 162.51806640625 162.51806640625 1
stats: 200 97 379
stats: size_rcv 259801 1393521
stats: newphase 0 1
stats: size_sent 163437 541265
stats: connected 14 51
# stats: dump at 1446758821
stats: users 69 69
stats: {recvpackets,"tsung_controller@ip-172-30-3-252"} 1 685.0 0.0 777 105 434.0 5
stats: {sentpackets,"tsung_controller@ip-172-30-3-252"} 1 595.0 0.0 595 116 330.4 5
stats: {cpu,"tsung_controller@ip-172-30-3-252"} 1 2.2615535889872174 0.0 2.923710624371746 1.4792899408284024 2.105882030922737 6
stats: {load,"tsung_controller@ip-172-30-3-252"} 1 0.03125 0.0 0.078125 0.03125 0.051432291666666664 6
stats: {freemem,"tsung_controller@ip-172-30-3-252"} 1 3157.20703125 0.0 3168.8359375 3157.20703125 3165.9576822916665 6
stats: session 5 39744.23701171875 11532.53178741977 59744.885009765625 6948.2060546875 29627.283921185663 17
stats: users_count 23 91
stats: finish_users_count 5 22
stats: request 163 73.57436703172931 145.6094159356779 4901.6689453125 5.322021484375 152.6934258149973 463
stats: connect 21 2.260160900297619 2.7318283683257523 109.91796875 0.552001953125 3.4940975413602944 68
stats: page 143 83.87071814903847 160.5990801244559 4901.6689453125 5.322021484375 186.54733300523583 379
stats: tr_search_users 2 861.739501953125 168.887451171875 3065.4130859375 560.39501953125 1455.295383029514 9
stats: 302 20 104
stats: tr_friends 0 0 0 162.51806640625 162.51806640625 162.51806640625 1
stats: 200 143 522
stats: size_rcv 443473 1836994
stats: newphase 1 2
stats: size_sent 264979 806244
stats: connected 16 67
# stats: dump at 1446758831
stats: users 76 77
stats: {recvpackets,"tsung_controller@ip-172-30-3-252"} 1 1226.0 0.0 1226 105 475.8333333333333 6
stats: {sentpackets,"tsung_controller@ip-172-30-3-252"} 1 945.0 0.0 945 116 374.5 6
stats: {cpu,"tsung_controller@ip-172-30-3-252"} 1 2.857142857142857 0.0 2.923710624371746 1.4792899408284024 2.1281208249319485 7
stats: {load,"tsung_controller@ip-172-30-3-252"} 1 0.01953125 0.0 0.078125 0.01953125 0.048549107142857144 7
stats: {freemem,"tsung_controller@ip-172-30-3-252"} 1 3154.55859375 0.0 3168.8359375 3154.55859375 3164.707589285714 7
stats: session 9 36485.70743815104 16533.28292395558 67098.15405273438 6948.2060546875 31926.591441761364 22
stats: users_count 16 107
stats: finish_users_count 9 31
stats: request 194 417.6135052553157 458.3005918039354 4901.6689453125 5.322021484375 132.0921373458716 626
stats: connect 17 3.674560546875001 3.402272022527165 109.91796875 0.552001953125 3.2029439518960676 89
stats: page 158 504.7709760062302 561.3297290371248 4901.6689453125 5.322021484375 158.41944809252274 522
stats: tr_search_users 4 2395.8338623046875 825.8198467242769 3580.152099609375 560.39501953125 1347.376131924716 11
stats: 302 36 140
stats: tr_friends 0 0 0 162.51806640625 162.51806640625 162.51806640625 1
stats: 200 158 680
stats: size_rcv 588791 2425785
stats: newphase 0 2
stats: size_sent 309261 1115505
stats: connected 9 76
# stats: dump at 1446758841
stats: users 76 77
stats: {recvpackets,"tsung_controller@ip-172-30-3-252"} 1 1604.0 0.0 1604 105 583.0 7
stats: {sentpackets,"tsung_controller@ip-172-30-3-252"} 1 1126.0 0.0 1126 116 456.0 7
stats: {cpu,"tsung_controller@ip-172-30-3-252"} 1 2.6759167492566895 0.0 2.923710624371746 1.4792899408284024 2.2192485789583123 8
stats: {load,"tsung_controller@ip-172-30-3-252"} 1 0.01953125 0.0 0.078125 0.01953125 0.044921875 8
stats: {freemem,"tsung_controller@ip-172-30-3-252"} 1 3152.01953125 0.0 3168.8359375 3152.01953125 3163.43896484375 8
stats: session 13 37233.2241398738 17226.586751608196 76326.01489257813 6948.2060546875 33250.20576329385 31
stats: users_count 13 120
stats: finish_users_count 13 44
stats: request 266 126.15952295289014 249.77306359780601 4901.6689453125 5.322021484375 199.6423146317645 820
stats: connect 14 1.8103899274553572 2.5581783703918313 109.91796875 0.552001953125 3.2785805756191038 106
stats: page 213 163.50767495598592 292.01678369017304 4901.6689453125 5.322021484375 238.89524428423712 680
stats: tr_search_users 3 2007.891357421875 724.7270137365398 3580.152099609375 560.39501953125 1626.9648600260416 15
stats: 302 53 193
stats: tr_friends 1 155.401123046875 0.0 162.51806640625 155.401123046875 162.51806640625 1
stats: 200 213 893
stats: size_rcv 799624 3225409
stats: newphase 0 2
stats: size_sent 401785 1517290
stats: connected 0 76
# stats: dump at 1446758851
stats: users 98 98
stats: {recvpackets,"tsung_controller@ip-172-30-3-252"} 1 1438.0 0.0 1604 105 710.625 8
stats: {sentpackets,"tsung_controller@ip-172-30-3-252"} 1 1027.0 0.0 1126 116 539.75 8
stats: {cpu,"tsung_controller@ip-172-30-3-252"} 1 3.2480314960629917 0.0 3.2480314960629917 1.4792899408284024 2.269989486769243 9
stats: {load,"tsung_controller@ip-172-30-3-252"} 1 0.01953125 0.0 0.078125 0.01953125 0.04210069444444445 9
stats: {freemem,"tsung_controller@ip-172-30-3-252"} 1 3147.79296875 0.0 3168.8359375 3147.79296875 3162.1701388888887 9
stats: session 16 39831.21806335449 16992.3558621113 79375.68798828125 6948.2060546875 34427.00664728338 44
stats: users_count 38 158
stats: finish_users_count 16 60
stats: request 313 157.9318083254293 259.21421803494553 4901.6689453125 5.322021484375 181.64376713030907 1086
stats: connect 38 1.9157522101151316 2.4192899306926146 109.91796875 0.547119140625 3.107291666666667 120
stats: page 255 193.1717505361519 296.5771796599961 4901.6689453125 5.322021484375 220.91366279832727 893
stats: tr_search_users 3 1623.0657552083333 1009.9656559801919 3580.152099609375 560.39501953125 1690.452609592014 18
stats: 302 58 251
stats: tr_friends 1 182.069091796875 0.0 182.069091796875 155.401123046875 158.9595947265625 2
stats: 200 255 1148
stats: size_rcv 843383 4068792
stats: newphase 1 3
stats: size_sent 442783 1960073
stats: connected 22 98
# stats: dump at 1446758861
stats: users 129 129
stats: {recvpackets,"tsung_controller@ip-172-30-3-252"} 1 2167.0 0.0 2167 105 791.4444444444445 9
stats: {sentpackets,"tsung_controller@ip-172-30-3-252"} 1 1566.0 0.0 1566 116 593.8888888888889 9
stats: {cpu,"tsung_controller@ip-172-30-3-252"} 1 4.317958783120707 0.0 4.317958783120707 1.4792899408284024 2.367793687698618 10
stats: {load,"tsung_controller@ip-172-30-3-252"} 1 0.01171875 0.0 0.078125 0.01171875 0.03984375 10
stats: {freemem,"tsung_controller@ip-172-30-3-252"} 1 3149.96484375 0.0 3168.8359375 3147.79296875 3160.732421875 10
stats: session 8 42637.55944824219 17261.379729054683 79375.68798828125 6948.2060546875 35868.12969156901 60
stats: users_count 39 197
stats: finish_users_count 8 68
stats: request 240 158.4819101969401 256.7995111443923 4901.6689453125 5.322021484375 176.33866126474268 1399
stats: connect 35 3.2955357142857142 3.8139997232210727 109.91796875 0.5439453125 2.820718885977057 158
stats: page 198 182.40711189038822 286.1777448143291 4901.6689453125 5.322021484375 214.75147845437718 1148
stats: tr_search_users 1 1881.40380859375 0.0 3580.152099609375 560.39501953125 1680.825916108631 21
stats: 302 42 293
stats: tr_friends 1 921.045166015625 0.0 921.045166015625 155.401123046875 166.66276041666666 3
stats: 200 198 1346
stats: size_rcv 581227 4650019
stats: newphase 0 3
stats: size_sent 364028 2324101
stats: connected 26 124
# stats: dump at 1446758871
stats: users 151 152
stats: {recvpackets,"tsung_controller@ip-172-30-3-252"} 1 1540.0 0.0 2167 105 929.0 10
stats: {sentpackets,"tsung_controller@ip-172-30-3-252"} 1 1185.0 0.0 1566 116 691.1 10
stats: {cpu,"tsung_controller@ip-172-30-3-252"} 1 3.154875717017208 0.0 4.317958783120707 1.4792899408284024 2.545081423646081 11
stats: {load,"tsung_controller@ip-172-30-3-252"} 1 0.08984375 0.0 0.08984375 0.01171875 0.037286931818181816 11
stats: {freemem,"tsung_controller@ip-172-30-3-252"} 1 3147.1640625 0.0 3168.8359375 3147.1640625 3159.7535511363635 11
stats: session 11 41956.10043057529 20429.71160770325 79375.68798828125 6948.2060546875 36664.53319235409 68
stats: users_count 33 230
stats: finish_users_count 11 79
stats: request 201 1242.8777523515237 960.7573424285571 4901.6689453125 5.322021484375 173.72388380514985 1639
stats: connect 37 3.0279837943412162 3.0806651820638624 109.91796875 0.5439453125 2.9068255646858807 193
stats: page 172 1314.802158089571 1107.143775679995 5094.168212890625 5.322021484375 209.99354043084836 1346
stats: tr_search_users 5 3112.75341796875 313.69312953237403 3580.152099609375 560.39501953125 1689.9430930397727 22
stats: 302 29 322
stats: tr_friends 1 2939.4580078125 0.0 2939.4580078125 155.401123046875 355.25836181640625 4
stats: 200 172 1518
stats: size_rcv 637975 5287994
stats: newphase 0 3
stats: size_sent 358797 2682898
stats: connected 27 151
# stats: dump at 1446758881
stats: users 206 206
stats: {recvpackets,"tsung_controller@ip-172-30-3-252"} 1 1443.0 0.0 2167 105 984.5454545454545 11
stats: {sentpackets,"tsung_controller@ip-172-30-3-252"} 1 1206.0 0.0 1566 116 736.0 11
stats: {cpu,"tsung_controller@ip-172-30-3-252"} 1 3.4482758620689653 0.0 4.317958783120707 1.4792899408284024 2.5958976147603416 12
stats: {load,"tsung_controller@ip-172-30-3-252"} 1 0.078125 0.0 0.08984375 0.01171875 0.041666666666666664 12
stats: {freemem,"tsung_controller@ip-172-30-3-252"} 1 3141.6640625 0.0 3168.8359375 3141.6640625 3158.7044270833335 12
stats: session 7 62622.41619001116 15549.096805412959 96353.26098632813 6948.2060546875 37401.33369387856 79
stats: users_count 62 292
stats: finish_users_count 7 86
stats: request 283 2340.948433704172 441.4020123807815 5116.281982421875 5.322021484375 290.5173227061396 1840
stats: connect 60 3.2026082356770833 3.358776573313259 109.91796875 0.52197265625 2.9263162364130433 230
stats: page 244 2744.6402517850292 1131.836053989881 6190.784912109375 5.322021484375 335.1760715489645 1518
stats: tr_search_users 1 5116.555908203125 0.0 5116.555908203125 560.39501953125 1953.426486545139 27
stats: 302 39 361
stats: tr_friends 2 3279.9510498046875 352.0460205078125 3631.9970703125 155.401123046875 872.098291015625 5
stats: 200 244 1762
stats: size_rcv 669274 5957268
stats: newphase 1 4
stats: size_sent 399363 3082261
stats: connected 50 201
# stats: dump at 1446758891
stats: users 279 279
stats: {recvpackets,"tsung_controller@ip-172-30-3-252"} 1 1819.0 0.0 2167 105 1022.75 12
stats: {sentpackets,"tsung_controller@ip-172-30-3-252"} 1 1558.0 0.0 1566 116 775.1666666666666 12
stats: {cpu,"tsung_controller@ip-172-30-3-252"} 1 4.901960784313726 0.0 4.901960784313726 1.4792899408284024 2.6614651722456206 13
stats: {load,"tsung_controller@ip-172-30-3-252"} 1 0.05859375 0.0 0.08984375 0.01171875 0.04447115384615385 13
stats: {freemem,"tsung_controller@ip-172-30-3-252"} 1 3136.6875 0.0 3168.8359375 3136.6875 3157.3936298076924 13
stats: session 19 54772.354710629115 27420.516547421274 101605.02685546875 6948.2060546875 39454.2125017033 86
stats: users_count 92 384
stats: finish_users_count 19 105
stats: request 373 2448.471494454801 1910.5147637704035 7332.576171875 0.06298828125 563.8437496550059 2123
stats: connect 100 3.1972119140625 3.6824809677482926 109.91796875 0.4990234375 2.9834800983297414 290
stats: page 321 2773.1421058155656 2230.803409434392 8615.43505859375 0.615966796875 668.8362644987941 1762
stats: tr_search_users 8 4097.2781982421875 3238.5787984632275 7332.660888671875 0.702880859375 2066.3953944614955 28
stats: 302 27 388
stats: tr_friends 4 2633.5050659179688 1593.189716458274 4273.908203125 0.87109375 1560.0562220982142 7
stats: 200 214 1976
stats: size_rcv 849782 6807050
stats: newphase 0 4
stats: 422 1 1
stats: size_sent 415343 3497604
stats: connected 73 274
stats: 503 121 121
stats: 404 2 2
# stats: dump at 1446758901
stats: users 342 342
stats: {recvpackets,"tsung_controller@ip-172-30-3-252"} 1 2203.0 0.0 2203 105 1084.0 13
stats: {sentpackets,"tsung_controller@ip-172-30-3-252"} 1 1921.0 0.0 1921 116 835.3846153846154 13
stats: {cpu,"tsung_controller@ip-172-30-3-252"} 1 5.019685039370079 0.0 5.019685039370079 1.4792899408284024 2.8215005731076284 14
stats: {load,"tsung_controller@ip-172-30-3-252"} 1 0.05078125 0.0 0.08984375 0.01171875 0.04547991071428571 14
stats: {freemem,"tsung_controller@ip-172-30-3-252"} 1 3135.84375 0.0 3168.8359375 3135.84375 3155.914620535714 14
stats: session 23 45691.37265412704 17544.553996951192 101605.02685546875 6948.2060546875 42226.06680617559 105
stats: users_count 86 470
stats: finish_users_count 23 128
stats: request 644 1640.555122707201 2025.2602620089244 7339.212158203125 0.06298828125 845.4808285052958 2496
stats: connect 117 2.6013287927350426 3.009811985118038 109.91796875 0.49609375 3.0382831280048075 390
stats: page 525 1907.0065159970238 2455.1268721937436 9209.552001953125 0.615966796875 993.1195938615804 2083
stats: tr_search_users 9 2301.6940646701387 3255.389388531968 7339.280029296875 0.702880859375 2517.702684190538 36
stats: 302 43 431
stats: tr_friends 3 4043.943359375 733.1407587946617 4569.196044921875 0.87109375 1950.4012562144887 11
stats: 200 203 2179
stats: size_rcv 813153 7620203
stats: newphase 0 4
stats: 422 11 12
stats: size_sent 616736 4114340
stats: connected 67 341
stats: 503 351 472
stats: 404 5 7
# stats: dump at 1446758911
stats: users 469 469
stats: {recvpackets,"tsung_controller@ip-172-30-3-252"} 1 2597.0 0.0 2597 105 1163.9285714285713 14
stats: {sentpackets,"tsung_controller@ip-172-30-3-252"} 1 2491.0 0.0 2491 116 912.9285714285714 14
stats: {cpu,"tsung_controller@ip-172-30-3-252"} 1 7.045009784735812 0.0 7.045009784735812 1.4792899408284024 2.968046204191792 15
stats: {load,"tsung_controller@ip-172-30-3-252"} 1 0.05078125 0.0 0.08984375 0.01171875 0.04583333333333333 15
stats: {freemem,"tsung_controller@ip-172-30-3-252"} 1 3130.94921875 0.0 3168.8359375 3130.94921875 3154.5765625 15
stats: session 27 49951.95024956597 30491.335683016343 121569.97412109375 6159.81787109375 42848.73895072937 128
stats: users_count 154 624
stats: finish_users_count 27 155
stats: request 949 1118.391303911602 1286.7375603105959 7339.212158203125 0.06298828125 1008.5470213288713 3140
stats: connect 183 2.712643816171447 3.188285739884847 109.91796875 0.49609375 2.9374475121733234 507
stats: page 789 1445.9373400244588 1891.068104919281 9209.552001953125 0.60302734375 1177.0883952883855 2608
stats: tr_search_users 8 959.69140625 1239.8916468763853 7339.280029296875 0.702880859375 2474.5009602864584 45
stats: 401 3 3
stats: tr_friends 5 920.9130859375 1164.5150942395087 4569.196044921875 0.781005859375 2399.017421177455 14
stats: 302 66 497
stats: 200 302 2481
stats: size_rcv 1076416 8696619
stats: newphase 1 5
stats: 422 30 42
stats: size_sent 830146 4944486
stats: connected 127 468
stats: error_connection_closed 1 1
stats: 503 495 967
stats: 404 24 31
# stats: dump at 1446758921
stats: users 579 579
stats: {recvpackets,"tsung_controller@ip-172-30-3-252"} 1 3662.0 0.0 3662 105 1259.4666666666667 15
stats: {sentpackets,"tsung_controller@ip-172-30-3-252"} 1 3587.0 0.0 3587 116 1018.1333333333333 15
stats: {cpu,"tsung_controller@ip-172-30-3-252"} 1 10.166177908113392 0.0 10.166177908113392 1.4792899408284024 3.222856427975793 16
stats: {load,"tsung_controller@ip-172-30-3-252"} 1 0.26953125 0.0 0.26953125 0.01171875 0.046142578125 16
stats: {freemem,"tsung_controller@ip-172-30-3-252"} 1 3121.77734375 0.0 3168.8359375 3121.77734375 3153.099853515625 16
stats: session 42 36465.43198358444 19137.81623097206 121569.97412109375 6159.81787109375 44086.07253181704 155
stats: users_count 152 776
stats: finish_users_count 42 197
stats: request 1294 897.4797746283934 1481.4519013581953 7339.212158203125 0.06005859375 1034.0403507910896 4089
stats: connect 211 3.1238394642328196 3.3856523989656027 109.91796875 0.491943359375 2.8778256623641303 690
stats: page 1054 1077.946657821397 1785.8381432445792 9209.552001953125 0.571044921875 1239.5322626409795 3397
stats: tr_search_users 23 1793.933349609375 2341.9393870105514 7339.280029296875 0.702880859375 2245.850461563974 53
stats: 401 5 8
stats: tr_friends 6 1667.5887044270833 1671.0484866625468 4569.196044921875 0.781005859375 2010.0425961143092 19
stats: 302 60 557
stats: 200 231 2712
stats: size_rcv 1320498 10017117
stats: newphase 0 5
stats: 422 24 66
stats: size_sent 1108537 6053023
stats: connected 109 577
stats: error_connection_closed 2 3
stats: 503 876 1843
stats: 404 34 65
# stats: dump at 1446758931
stats: users 674 676
stats: {recvpackets,"tsung_controller@ip-172-30-3-252"} 1 4248.0 0.0 4248 105 1409.625 16
stats: {sentpackets,"tsung_controller@ip-172-30-3-252"} 1 4242.0 0.0 4242 116 1178.6875 16
stats: {cpu,"tsung_controller@ip-172-30-3-252"} 1 10.471204188481675 0.0 10.471204188481675 1.4792899408284024 3.6312871032780047 17
stats: {load,"tsung_controller@ip-172-30-3-252"} 1 0.23046875 0.0 0.26953125 0.01171875 0.059283088235294115 17
stats: {freemem,"tsung_controller@ip-172-30-3-252"} 1 3115.1953125 0.0 3168.8359375 3115.1953125 3151.2573529411766 17
stats: session 60 49276.60819498698 28140.858041640855 121569.97412109375 6159.81787109375 42461.36744031567 197
stats: users_count 155 931
stats: finish_users_count 60 257
stats: request 1517 703.119696499567 1187.381082262027 7339.212158203125 0.06005859375 1001.2130452821673 5383
stats: connect 215 2.6705486918604664 3.14814347438511 109.91796875 0.488037109375 2.9354382175187292 901
stats: page 1222 886.7200218487875 1496.5728358056508 9209.552001953125 0.5517578125 1201.268675249418 4451
stats: tr_search_users 20 970.03046875 1823.132793478092 7339.280029296875 0.702880859375 2109.086072419819 76
stats: 401 3 11
stats: tr_friends 9 595.5759006076389 1141.9599191775328 4569.196044921875 0.68505859375 1927.853662109375 25
stats: 302 78 635
stats: 200 251 2963
stats: size_rcv 1378585 11395702
stats: newphase 0 5
stats: 422 33 99
stats: size_sent 1180851 7233874
stats: connected 97 674
stats: error_connection_closed 2 5
stats: 503 1032 2875
stats: 404 51 116
# stats: dump at 1446758941
stats: users 879 879
stats: {recvpackets,"tsung_controller@ip-172-30-3-252"} 1 4311.0 0.0 4311 105 1576.5882352941176 17
stats: {sentpackets,"tsung_controller@ip-172-30-3-252"} 1 4549.0 0.0 4549 116 1358.8823529411766 17
stats: {cpu,"tsung_controller@ip-172-30-3-252"} 1 12.79847182425979 0.0 12.79847182425979 1.4792899408284024 4.0112824969004315 18
stats: {load,"tsung_controller@ip-172-30-3-252"} 1 0.19921875 0.0 0.26953125 0.01171875 0.06879340277777778 18
stats: {freemem,"tsung_controller@ip-172-30-3-252"} 1 3113.2734375 0.0 3168.8359375 3113.2734375 3149.25390625 18
stats: session 88 49057.127807617195 27509.75186857231 127521.458984375 6159.81787109375 44052.47423128952 257
stats: users_count 293 1224
stats: finish_users_count 88 345
stats: request 2036 507.2406848839994 926.5178537759209 7339.212158203125 0.05615234375 935.6757104846013 6900
stats: connect 380 2.911218261718751 3.766265127821122 109.91796875 0.469970703125 2.8844066332745295 1116
stats: page 1714 597.2338006855306 1163.7446338465645 9209.552001953125 0.5517578125 1133.5129103180643 5673
stats: tr_search_users 27 356.1651385271991 740.1072988759352 7339.280029296875 0.700927734375 1871.7828216552734 96
stats: 401 5 16
stats: tr_friends 14 839.8695940290179 1140.9944403518584 4569.196044921875 0.68505859375 1575.1919017118566 34
stats: 302 83 718
stats: 200 257 3220
stats: size_rcv 1487106 12882808
stats: newphase 1 6
stats: 422 62 161
stats: size_sent 1560205 8794079
stats: connected 204 878
stats: error_connection_closed 2 7
stats: 503 1463 4338
stats: 404 70 186
# stats: dump at 1446758951
stats: users 1096 1096
stats: {recvpackets,"tsung_controller@ip-172-30-3-252"} 1 6157.0 0.0 6157 105 1728.5 18
stats: {sentpackets,"tsung_controller@ip-172-30-3-252"} 1 6831.0 0.0 6831 116 1536.111111111111 18
stats: {cpu,"tsung_controller@ip-172-30-3-252"} 1 19.428571428571427 0.0 19.428571428571427 1.4792899408284024 4.47376614570882 19
stats: {load,"tsung_controller@ip-172-30-3-252"} 1 0.25 0.0 0.26953125 0.01171875 0.0756578947368421 19
stats: {freemem,"tsung_controller@ip-172-30-3-252"} 1 3104.69921875 0.0 3168.8359375 3104.69921875 3147.3601973684213 19
stats: session 98 44363.408596739464 22201.87112963012 127521.458984375 6159.81787109375 45329.02354930933 345
stats: users_count 315 1539
stats: finish_users_count 98 443
stats: request 2157 660.895231414073 1111.1842388528205 7339.212158203125 0.05615234375 838.0600309721991 8936
stats: connect 326 24.278139828172925 144.78288659043437 1008.0068359375 0.469970703125 2.891217073654746 1496
stats: page 1773 809.2726009775538 1305.7810871891138 9209.552001953125 0.5517578125 1009.0804757830483 7387
stats: tr_search_users 42 992.5924479166666 1495.395905753955 7339.280029296875 0.700927734375 1539.0862570661839 123
stats: 401 13 29
stats: tr_friends 18 298.99823676215277 827.9053855376536 4569.196044921875 0.68505859375 1360.722895304362 48
stats: 302 92 810
stats: 200 223 3443
stats: size_rcv 1644216 14527024
stats: newphase 0 6
stats: 422 65 226
stats: size_sent 1534140 10328219
stats: connected 148 1026
stats: error_connection_closed 6 13
stats: 503 1602 5940
stats: 404 85 271
stats: 500 32 32
# stats: dump at 1446758961
stats: users 1265 1265
stats: {recvpackets,"tsung_controller@ip-172-30-3-252"} 1 5476.0 0.0 6157 105 1961.578947368421 19
stats: {sentpackets,"tsung_controller@ip-172-30-3-252"} 1 6297.0 0.0 6831 116 1814.7894736842106 19
stats: {cpu,"tsung_controller@ip-172-30-3-252"} 1 18.56171039844509 0.0 19.428571428571427 1.4792899408284024 5.2215064098519495 20
stats: {load,"tsung_controller@ip-172-30-3-252"} 1 0.2109375 0.0 0.26953125 0.01171875 0.084375 20
stats: {freemem,"tsung_controller@ip-172-30-3-252"} 1 3097.5390625 0.0 3168.8359375 3097.5390625 3145.2271484375005 20
stats: session 118 44650.95609813624 28026.486169398435 161965.873046875 6159.81787109375 45115.41121217198 443
stats: users_count 287 1826
stats: finish_users_count 118 561
stats: request 2101 1053.5855183590024 1919.3115054174468 10702.453125 0.05615234375 803.6108763118838 11093
stats: connect 183 1020.1993761740094 2102.70434024378 7024.35009765625 0.469970703125 6.717856380994442 1822
stats: page 1762 1244.1284305776019 2078.9775614828845 10702.453125 0.5517578125 970.4058729413297 9160
stats: tr_search_users 47 410.95805975731383 703.5060244936822 7339.280029296875 0.697998046875 1399.9787420099433 165
stats: 401 12 41
stats: tr_friends 19 575.5966925370066 869.2132328527387 4569.196044921875 0.682861328125 1071.1616247928505 66
stats: 302 105 915
stats: 200 219 3662
stats: size_rcv 1517038 16044062
stats: newphase 0 6
stats: 422 76 302
stats: size_sent 1515105 11843324
stats: connected -6 1020
stats: error_connection_closed 4 17
stats: 503 1481 7421
stats: 404 136 407
stats: 500 39 71
# stats: dump at 1446758971
stats: users 1194 1296
stats: {recvpackets,"tsung_controller@ip-172-30-3-252"} 1 5853.0 0.0 6157 105 2137.3 20
stats: {sentpackets,"tsung_controller@ip-172-30-3-252"} 1 6984.0 0.0 6984 116 2038.9 20
stats: {cpu,"tsung_controller@ip-172-30-3-252"} 1 19.186046511627907 0.0 19.428571428571427 1.4792899408284024 5.856754218832575 21
stats: {load,"tsung_controller@ip-172-30-3-252"} 1 0.26171875 0.0 0.26953125 0.01171875 0.09040178571428571 21
stats: {freemem,"tsung_controller@ip-172-30-3-252"} 1 3085.8359375 0.0 3168.8359375 3085.8359375 3142.9562872023816 21
stats: session 115 52888.87594259511 25235.491245738423 161965.873046875 6159.81787109375 45017.71833613595 561
stats: users_count 44 1870
stats: finish_users_count 115 676
stats: request 1995 1433.8605954583702 2862.8542383199947 21489.81298828125 0.05615234375 843.4166003486426 13194
stats: connect 201 6540.508249766791 6202.938796848517 15040.39208984375 0.469970703125 99.2201596837983 2005
stats: page 1716 1680.8067799103555 3096.5745236405483 21489.81298828125 0.5517578125 1014.5643738161797 10922
stats: tr_search_users 33 912.5108161695076 1273.276279139915 7339.280029296875 0.697998046875 1180.7147228312945 212
stats: 401 13 54
stats: tr_friends 18 517.108642578125 845.5795744843475 4569.196044921875 0.682861328125 960.3882869944853 85
stats: 302 117 1032
stats: 200 236 3898
stats: size_rcv 1615981 17660043
stats: newphase 0 6
stats: 422 74 376
stats: size_sent 1534918 13378242
stats: connected 2 1022
stats: error_connection_closed 7 24
stats: 503 1303 8724
stats: 404 173 580
stats: 500 41 112
# stats: dump at 1446758981
stats: users 1065 1296
stats: {recvpackets,"tsung_controller@ip-172-30-3-252"} 1 5949.0 0.0 6157 105 2314.2380952380954 21
stats: {sentpackets,"tsung_controller@ip-172-30-3-252"} 1 6586.0 0.0 6984 116 2274.3809523809523 21
stats: {cpu,"tsung_controller@ip-172-30-3-252"} 1 15.10164569215876 0.0 19.428571428571427 1.4792899408284024 6.462631141232364 22
stats: {load,"tsung_controller@ip-172-30-3-252"} 1 0.21875 0.0 0.26953125 0.01171875 0.09818892045454546 22
stats: {freemem,"tsung_controller@ip-172-30-3-252"} 1 3079.46484375 0.0 3168.8359375 3079.46484375 3140.3599076704554 22
stats: session 129 55108.59504072795 22582.400915909577 161965.873046875 6159.81787109375 46356.7466271756 676
stats: users_count 0 1870
stats: finish_users_count 129 805
stats: request 2427 1842.0946812953887 4521.0588010087195 22468.494140625 0.05615234375 920.9684977904693 15189
stats: connect 252 6140.251990908669 8319.479864032119 31066.879150390625 0.469970703125 686.1190291791208 2206
stats: page 2028 2207.385211771528 4912.012628187588 22468.494140625 0.5517578125 1105.0274193026178 12638
stats: tr_search_users 34 706.2409596162684 1510.1632606489857 7339.280029296875 0.697021484375 1144.5892986686865 245
stats: 401 4 58
stats: tr_friends 13 648.6388972355769 981.0598022413483 4569.196044921875 0.682861328125 882.9219413683253 103
stats: 302 110 1142
stats: 200 208 4106
stats: size_rcv 1780979 19441022
stats: newphase 0 6
stats: 422 74 450
stats: size_sent 1981642 15359884
stats: connected -31 991
stats: error_connection_closed 21 45
stats: 503 1725 10449
stats: 404 169 749
stats: 500 57 169
# stats: dump at 1446758991
stats: users 830 1296
stats: {recvpackets,"tsung_controller@ip-172-30-3-252"} 1 6873.0 0.0 6873 105 2479.4545454545455 22
stats: {sentpackets,"tsung_controller@ip-172-30-3-252"} 1 6965.0 0.0 6984 116 2470.3636363636365 22
stats: {cpu,"tsung_controller@ip-172-30-3-252"} 1 13.277310924369749 0.0 19.428571428571427 1.4792899408284024 6.8382404695335115 23
stats: {load,"tsung_controller@ip-172-30-3-252"} 1 0.1796875 0.0 0.26953125 0.01171875 0.10343070652173914 23
stats: {freemem,"tsung_controller@ip-172-30-3-252"} 1 3073.046875 0.0 3168.8359375 3073.046875 3137.712296195653 23
stats: session 235 61601.866378199804 20946.003951359355 161965.873046875 6159.81787109375 47759.21674562063 805
stats: users_count 0 1870
stats: finish_users_count 235 1040
stats: request 3259 1205.3472136655266 4359.807836158171 35833.27685546875 0.05615234375 1047.8743360832962 17616
stats: connect 398 3082.4800430374517 9183.045561955489 31095.388916015625 0.469970703125 1245.2896989740134 2458
stats: page 2534 1552.9602336928704 4913.723244119863 35833.27685546875 0.5517578125 1257.4603664679628 14666
stats: tr_search_users 32 423.0442123413086 617.7037624417018 7339.280029296875 0.697021484375 1091.1705046622985 279
stats: 401 10 68
stats: tr_friends 11 255.00026633522728 534.3876516579801 4569.196044921875 0.682861328125 856.6660829741379 116
stats: 302 174 1316
stats: 200 230 4336
stats: size_rcv 2152055 21593077
stats: newphase 0 6
stats: 422 120 570
stats: size_sent 2659333 18019217
stats: connected -179 812
stats: error_connection_closed 152 197
stats: error_abort_max_send_retries 22 22
stats: 503 2285 12734
stats: 404 219 968
stats: 500 43 212
# stats: dump at 1446759001
stats: users 659 1296
stats: {recvpackets,"tsung_controller@ip-172-30-3-252"} 1 9181.0 0.0 9181 105 2670.478260869565 23
stats: {sentpackets,"tsung_controller@ip-172-30-3-252"} 1 8826.0 0.0 8826 116 2665.782608695652 23
stats: {cpu,"tsung_controller@ip-172-30-3-252"} 1 18.28681424446583 0.0 19.428571428571427 1.4792899408284024 7.106535071818354 24
stats: {load,"tsung_controller@ip-172-30-3-252"} 1 0.23046875 0.0 0.26953125 0.01171875 0.10660807291666667 24
stats: {freemem,"tsung_controller@ip-172-30-3-252"} 1 3071.91015625 0.0 3168.8359375 3071.91015625 3135.017903645834 24
stats: session 171 59732.99486162511 16882.634148610206 161965.873046875 6159.81787109375 50887.12315298227 1040
stats: users_count 0 1870
stats: finish_users_count 171 1211
stats: request 2381 661.2576101944761 2613.8179290199146 35833.27685546875 0.0478515625 1072.4589640133795 20875
stats: connect 194 2563.9396041398213 8543.26745613783 31095.388916015625 0.469970703125 1501.3127231117055 2856
stats: page 1901 826.9700699775606 2936.567614099941 35833.27685546875 0.5517578125 1300.9950562091205 17200
stats: tr_search_users 19 626.974609375 733.1256905554741 7339.280029296875 0.697021484375 1022.4243909829685 311
stats: 401 8 76
stats: tr_friends 24 404.4942220052083 695.9151664697296 4569.196044921875 0.682861328125 804.5532957062007 127
stats: 302 209 1525
stats: 200 222 4558
stats: size_rcv 1705855 23298932
stats: newphase 0 6
stats: 422 126 696
stats: size_sent 2106029 20125246
stats: connected -155 657
stats: error_connection_closed 20 217
stats: error_abort_max_send_retries 1 23
stats: 503 1443 14177
stats: 404 193 1161
stats: 500 0 212
# stats: dump at 1446759011
stats: users 525 1296
stats: {recvpackets,"tsung_controller@ip-172-30-3-252"} 1 6276.0 0.0 9181 105 2941.75 24
stats: {sentpackets,"tsung_controller@ip-172-30-3-252"} 1 6209.0 0.0 8826 116 2922.4583333333335 24
stats: {cpu,"tsung_controller@ip-172-30-3-252"} 1 13.378248315688163 0.0 19.428571428571427 1.4792899408284024 7.553746238724253 25
stats: {load,"tsung_controller@ip-172-30-3-252"} 1 0.19140625 0.0 0.26953125 0.01171875 0.1115625 25
stats: {freemem,"tsung_controller@ip-172-30-3-252"} 1 3067.96484375 0.0 3168.8359375 3067.96484375 3132.4935937500004 25
stats: session 134 69322.28011675025 17659.827153982962 161965.873046875 6159.81787109375 52136.209909528865 1211
stats: users_count 0 1870
stats: finish_users_count 134 1345
stats: request 1595 643.924246914186 775.5534056923926 35833.27685546875 0.0478515625 1030.3592726028699 23256
stats: connect 98 1.5646723533163265 2.248862326676756 31095.388916015625 0.469970703125 1568.902760790215 3050
stats: page 1320 770.941497987687 944.3163870755232 35833.27685546875 0.5517578125 1253.8183901274394 19101
stats: tr_search_users 17 1235.3425723805146 1640.7598305384201 7339.280029296875 0.697021484375 999.6560702237217 330
stats: 401 7 83
stats: tr_friends 8 936.8895568847656 728.5084319699341 4569.196044921875 0.682861328125 740.9677475682947 151
stats: 302 145 1670
stats: 200 202 4760
stats: size_rcv 1406463 24705395
stats: newphase 0 6
stats: 422 97 793
stats: size_sent 1559901 21685147
stats: connected -132 525
stats: error_connection_closed 3 220
stats: error_abort_max_send_retries 0 23
stats: 503 827 15004
stats: 404 214 1375
stats: 500 0 212
# stats: dump at 1446759021
stats: users 409 1296
stats: {recvpackets,"tsung_controller@ip-172-30-3-252"} 1 4546.0 0.0 9181 105 3075.12 25
stats: {sentpackets,"tsung_controller@ip-172-30-3-252"} 1 4371.0 0.0 8826 116 3053.92 25
stats: {cpu,"tsung_controller@ip-172-30-3-252"} 1 9.126594700686947 0.0 19.428571428571427 1.4792899408284024 7.777765549376711 26
stats: {load,"tsung_controller@ip-172-30-3-252"} 1 0.23828125 0.0 0.26953125 0.01171875 0.11463341346153846 26
stats: {freemem,"tsung_controller@ip-172-30-3-252"} 1 3072.109375 0.0 3168.8359375 3067.96484375 3130.0117187500005 26
stats: session 116 73508.33672253838 14692.92177539961 161965.873046875 6159.81787109375 53848.42805656802 1345
stats: users_count 0 1870
stats: finish_users_count 116 1461
stats: request 1272 837.8158830366792 747.3440191131725 35833.27685546875 0.0478515625 1005.5568957981757 24851
stats: connect 77 1.6859875963879871 3.089485453960992 31095.388916015625 0.468994140625 1520.1101519379865 3148
stats: page 1068 1009.9654614166376 938.5469154869965 35833.27685546875 0.5517578125 1222.6055456230335 20421
stats: tr_search_users 15 1680.5111490885417 1634.832615087081 7339.280029296875 0.697021484375 1011.2026711939393 347
stats: 401 8 91
stats: tr_friends 12 902.8017374674479 832.4135656401273 4569.196044921875 0.682861328125 750.8254486659788 159
stats: 302 211 1881
stats: 200 197 4957
stats: size_rcv 1322523 26027918
stats: newphase 0 6
stats: 422 91 884
stats: size_sent 1301355 22986502
stats: connected -113 412
stats: error_connection_closed 4 224
stats: error_abort_max_send_retries 0 23
stats: 503 444 15448
stats: 404 244 1619
stats: 500 0 212
# stats: dump at 1446759031
stats: users 298 1296
stats: {recvpackets,"tsung_controller@ip-172-30-3-252"} 1 4474.0 0.0 9181 105 3131.6923076923076 26
stats: {sentpackets,"tsung_controller@ip-172-30-3-252"} 1 3896.0 0.0 8826 116 3104.576923076923 26
stats: {cpu,"tsung_controller@ip-172-30-3-252"} 1 8.562992125984252 0.0 19.428571428571427 1.4792899408284024 7.8277221846104235 27
stats: {load,"tsung_controller@ip-172-30-3-252"} 1 0.2109375 0.0 0.26953125 0.01171875 0.11921296296296297 27
stats: {freemem,"tsung_controller@ip-172-30-3-252"} 1 3074.17578125 0.0 3168.8359375 3067.96484375 3127.8671875000005 27
stats: session 111 80212.15828450525 15878.058927785427 161965.873046875 6159.81787109375 55409.37905263411 1461
stats: users_count 0 1870
stats: finish_users_count 111 1572
stats: request 876 1003.8091372137201 218.14258241130514 35833.27685546875 0.0478515625 997.3891291468484 26123
stats: connect 1 5.176025390625 0.0 31095.388916015625 0.468994140625 1483.8563036730861 3225
stats: page 742 1172.1452603815699 443.1512624842689 35833.27685546875 0.5517578125 1212.0373660924631 21489
stats: tr_search_users 10 1246.9076171875 951.1308512407822 7339.280029296875 0.697021484375 1038.9364479022793 362
stats: 401 9 100
stats: tr_friends 9 1038.4451768663193 414.2185906381829 4569.196044921875 0.682861328125 761.4904513888889 171
stats: 302 221 2102
stats: 200 245 5202
stats: size_rcv 1265921 27293839
stats: newphase 0 6
stats: 422 125 1009
stats: size_sent 975047 23961549
stats: connected -112 300
stats: error_connection_closed 0 224
stats: error_abort_max_send_retries 0 23
stats: 503 0 15448
stats: 404 277 1896
stats: 500 0 212
# stats: dump at 1446759041
stats: users 187 1296
stats: {recvpackets,"tsung_controller@ip-172-30-3-252"} 1 4021.0 0.0 9181 105 3181.4074074074074 27
stats: {sentpackets,"tsung_controller@ip-172-30-3-252"} 1 3359.0 0.0 8826 116 3133.8888888888887 27
stats: {cpu,"tsung_controller@ip-172-30-3-252"} 1 7.065750736015702 0.0 19.428571428571427 1.4792899408284024 7.853981825373775 28
stats: {load,"tsung_controller@ip-172-30-3-252"} 1 0.171875 0.0 0.26953125 0.01171875 0.12248883928571429 28
stats: {freemem,"tsung_controller@ip-172-30-3-252"} 1 3071.140625 0.0 3168.8359375 3067.96484375 3125.9496372767862 28
stats: session 111 88362.07828116202 13356.98231502796 161965.873046875 6159.81787109375 57160.720334273865 1572
stats: users_count 0 1870
stats: finish_users_count 111 1683
stats: request 906 658.7212118860366 363.10559979400784 35833.27685546875 0.0478515625 997.5974304567702 26999
stats: connect 1 1.300048828125 0.0 31095.388916015625 0.468994140625 1483.3979402886218 3226
stats: page 750 824.3669902343756 516.3183065870485 35833.27685546875 0.5517578125 1210.7058946140105 22231
stats: tr_search_users 3 2124.6600748697915 1607.8307242224037 7339.280029296875 0.697021484375 1044.5270707325271 372
stats: 401 2 102
stats: tr_friends 2 1247.3590087890625 69.7010498046875 4569.196044921875 0.682861328125 775.3381876627604 180
stats: 302 296 2398
stats: 200 253 5455
stats: size_rcv 1314049 28607888
stats: newphase 0 6
stats: 422 144 1153
stats: size_sent 958769 24920318
stats: connected -114 186
stats: error_connection_closed 0 224
stats: error_abort_max_send_retries 0 23
stats: 503 0 15448
stats: 404 210 2106
stats: 500 0 212
# stats: dump at 1446759051
stats: users 109 1296
stats: {recvpackets,"tsung_controller@ip-172-30-3-252"} 1 4093.0 0.0 9181 105 3211.3928571428573 28
stats: {sentpackets,"tsung_controller@ip-172-30-3-252"} 1 3044.0 0.0 8826 116 3141.9285714285716 28
stats: {cpu,"tsung_controller@ip-172-30-3-252"} 1 5.119152691968226 0.0 19.428571428571427 1.4792899408284024 7.826801442982117 29
stats: {load,"tsung_controller@ip-172-30-3-252"} 1 0.1484375 0.0 0.26953125 0.01171875 0.12419181034482758 29
stats: {freemem,"tsung_controller@ip-172-30-3-252"} 1 3070.8125 0.0 3168.8359375 3067.96484375 3124.0596713362074 29
stats: session 78 95721.34923690405 12305.171654624315 161965.873046875 6159.81787109375 59218.56390652852 1683
stats: users_count 0 1870
stats: finish_users_count 78 1761
stats: request 662 65.47864580874717 83.10679954093139 35833.27685546875 0.0478515625 986.5950346845042 27905
stats: connect 3 0.87060546875 0.32292899241560485 31095.388916015625 0.468994140625 1482.9386598760216 3227
stats: page 529 82.7020510581581 111.94492409903718 35833.27685546875 0.5517578125 1198.097471208383 22981
stats: tr_search_users 1 118.8359375 0.0 7339.280029296875 0.697021484375 1053.1681347656254 375
stats: 401 1 103
stats: tr_friends 0 0 0 4569.196044921875 0.682861328125 780.5252296531594 182
stats: 302 229 2627
stats: 200 198 5653
stats: size_rcv 910527 29518415
stats: newphase 0 6
stats: 422 109 1262
stats: size_sent 757962 25678280
stats: connected -80 106
stats: error_connection_closed 0 224
stats: error_abort_max_send_retries 0 23
stats: 503 0 15448
stats: 404 124 2230
stats: 500 0 212
# stats: dump at 1446759061
stats: users 58 1296
stats: {recvpackets,"tsung_controller@ip-172-30-3-252"} 1 1908.0 0.0 9181 105 3241.793103448276 29
stats: {sentpackets,"tsung_controller@ip-172-30-3-252"} 1 1687.0 0.0 8826 116 3138.551724137931 29
stats: {cpu,"tsung_controller@ip-172-30-3-252"} 1 3.9408866995073892 0.0 19.428571428571427 1.4792899408284024 7.736546484614988 30
stats: {load,"tsung_controller@ip-172-30-3-252"} 1 0.12109375 0.0 0.26953125 0.01171875 0.125 30
stats: {freemem,"tsung_controller@ip-172-30-3-252"} 1 3070.75390625 0.0 3168.8359375 3067.96484375 3122.2847656250005 30
stats: session 51 103940.53585037531 8668.09031413135 161965.873046875 6159.81787109375 60835.38233683476 1761
stats: users_count 0 1870
stats: finish_users_count 51 1812
stats: request 315 14.156160094246031 37.42263354716093 35833.27685546875 0.0478515625 965.2494593900823 28567
stats: connect 3 0.733642578125 0.12409070210879426 31095.388916015625 0.468994140625 1481.5621260793584 3230
stats: page 260 17.231400240384623 41.303349308927224 35833.27685546875 0.5517578125 1172.999888168848 23510
stats: tr_search_users 1 601.091064453125 0.0 7339.280029296875 0.697021484375 1050.6832087090677 376
stats: 401 0 103
stats: tr_friends 0 0 0 4569.196044921875 0.682861328125 780.5252296531594 182
stats: 302 95 2722
stats: 200 120 5773
stats: size_rcv 462847 29981262
stats: newphase 0 6
stats: 422 45 1307
stats: size_sent 413916 26092196
stats: connected -52 54
stats: error_connection_closed 0 224
stats: error_abort_max_send_retries 0 23
stats: 503 0 15448
stats: 404 55 2285
stats: 500 0 212
# stats: dump at 1446759071
stats: users 27 1296
stats: {recvpackets,"tsung_controller@ip-172-30-3-252"} 1 927.0 0.0 9181 105 3197.3333333333335 30
stats: {sentpackets,"tsung_controller@ip-172-30-3-252"} 1 893.0 0.0 8826 116 3090.1666666666665 30
stats: {cpu,"tsung_controller@ip-172-30-3-252"} 1 2.5540275049115913 0.0 19.428571428571427 1.4792899408284024 7.61410584638571 31
stats: {load,"tsung_controller@ip-172-30-3-252"} 1 0.109375 0.0 0.26953125 0.01171875 0.12487399193548387 31
stats: {freemem,"tsung_controller@ip-172-30-3-252"} 1 3075.81640625 0.0 3168.8359375 3067.96484375 3120.62247983871 31
stats: session 31 112823.03659746723 7563.46646884641 161965.873046875 6159.81787109375 62048.6068562556 1812
stats: users_count 0 1870
stats: finish_users_count 31 1843
stats: request 132 10.45300477923769 9.996745920375362 35833.27685546875 0.0478515625 954.876410803482 28882
stats: connect 2 0.7574462890625 0.0594482421875 31095.388916015625 0.468994140625 1480.1880198466015 3233
stats: page 113 12.222321366841815 10.768230130290899 35833.27685546875 0.5517578125 1160.3579105979015 23770
stats: tr_search_users 1 4.293212890625 0.0 7339.280029296875 0.697021484375 1049.490656602288 377
stats: 401 1 104
stats: tr_friends 0 0 0 4569.196044921875 0.682861328125 780.5252296531594 182
stats: 302 35 2757
stats: 200 61 5834
stats: size_rcv 161777 30143039
stats: newphase 0 6
stats: 422 19 1326
stats: size_sent 209052 26301248
stats: connected -31 23
stats: error_connection_closed 0 224
stats: error_abort_max_send_retries 0 23
stats: 503 0 15448
stats: 404 16 2301
stats: 500 0 212
# stats: dump at 1446759081
stats: users 9 1296
stats: {recvpackets,"tsung_controller@ip-172-30-3-252"} 1 689.0 0.0 9181 105 3124.0967741935483 31
stats: {sentpackets,"tsung_controller@ip-172-30-3-252"} 1 624.0 0.0 8826 116 3019.2903225806454 31
stats: {cpu,"tsung_controller@ip-172-30-3-252"} 1 2.073050345508391 0.0 19.428571428571427 1.4792899408284024 7.455978398214644 32
stats: {load,"tsung_controller@ip-172-30-3-252"} 1 0.08984375 0.0 0.26953125 0.01171875 0.1243896484375 32
stats: {freemem,"tsung_controller@ip-172-30-3-252"} 1 3079.9765625 0.0 3168.8359375 3067.96484375 3119.222290039063 32
stats: session 18 122832.98193359375 13399.988581596026 174970.76196289063 6159.81787109375 62902.65315141435 1843
stats: users_count 0 1870
stats: finish_users_count 18 1861
stats: request 115 10.098840862771738 7.311335898913716 35833.27685546875 0.0478515625 950.5797302494323 29014
stats: connect 2 3.5235595703125 2.7625732421875 31095.388916015625 0.468994140625 1479.273379615654 3235
stats: page 88 13.219113436612217 9.406710539827955 35833.27685546875 0.5517578125 1154.9256231305353 23883
stats: tr_search_users 0 0 0 7339.280029296875 0.697021484375 1046.725583999876 378
stats: 401 0 104
stats: tr_friends 0 0 0 4569.196044921875 0.682861328125 780.5252296531594 182
stats: 302 51 2808
stats: 200 32 5866
stats: size_rcv 112218 30255257
stats: newphase 0 6
stats: 422 27 1353
stats: size_sent 152578 26453826
stats: connected -17 6
stats: error_connection_closed 0 224
stats: error_abort_max_send_retries 0 23
stats: 503 0 15448
stats: 404 5 2306
stats: 500 0 212
# stats: dump at 1446759091
stats: users 7 1296
stats: {recvpackets,"tsung_controller@ip-172-30-3-252"} 1 150.0 0.0 9181 105 3048.0 32
stats: {sentpackets,"tsung_controller@ip-172-30-3-252"} 1 141.0 0.0 8826 116 2944.4375 32
stats: {cpu,"tsung_controller@ip-172-30-3-252"} 1 1.574803149606299 0.0 19.428571428571427 1.4792899408284024 7.292859366314455 33
stats: {load,"tsung_controller@ip-172-30-3-252"} 1 0.078125 0.0 0.26953125 0.01171875 0.12334280303030302 33
stats: {freemem,"tsung_controller@ip-172-30-3-252"} 1 3083.6875 0.0 3168.8359375 3067.96484375 3118.0330255681824 33
stats: session 2 148351.40100097656 15709.296020507813 174970.76196289063 6159.81787109375 63482.31243033924 1861
stats: users_count 0 1870
stats: finish_users_count 2 1863
stats: request 13 13.112436147836538 5.8411284973418995 35833.27685546875 0.0478515625 946.8667534126213 29129
stats: connect 1 0.882080078125 0.0 31095.388916015625 0.468994140625 1478.361578676485 3237
stats: page 12 14.207804361979166 6.345938864633218 35833.27685546875 0.5517578125 1150.734301414584 23971
stats: tr_search_users 0 0 0 7339.280029296875 0.697021484375 1046.725583999876 378
stats: 401 0 104
stats: tr_friends 0 0 0 4569.196044921875 0.682861328125 780.5252296531594 182
stats: 302 0 2808
stats: 200 12 5878
stats: size_rcv 22360 30277617
stats: newphase 0 6
stats: 422 1 1354
stats: size_sent 34976 26488802
stats: connected -1 5
stats: error_connection_closed 0 224
stats: error_abort_max_send_retries 0 23
stats: 503 0 15448
stats: 404 0 2306
stats: 500 0 212
# stats: dump at 1446759101
stats: users 4 1296
stats: {recvpackets,"tsung_controller@ip-172-30-3-252"} 1 63.0 0.0 9181 63 2960.181818181818 33
stats: {sentpackets,"tsung_controller@ip-172-30-3-252"} 1 66.0 0.0 8826 66 2859.4848484848485 33
stats: {cpu,"tsung_controller@ip-172-30-3-252"} 1 1.5670910871694417 0.0 19.428571428571427 1.4792899408284024 7.124681242293627 34
stats: {load,"tsung_controller@ip-172-30-3-252"} 1 0.05859375 0.0 0.26953125 0.01171875 0.12201286764705882 34
stats: {freemem,"tsung_controller@ip-172-30-3-252"} 1 3084.4140625 0.0 3168.8359375 3067.96484375 3117.022863051471 34
stats: session 3 142122.59399414063 3678.000987467797 174970.76196289063 6159.81787109375 63573.42256299693 1863
stats: users_count 0 1870
stats: finish_users_count 3 1866
stats: request 31 8.359059979838706 5.912817601476122 35833.27685546875 0.0478515625 946.4502135003146 29142
stats: connect 1 8.514892578125 0.0 31095.388916015625 0.468994140625 1477.9052848226866 3238
stats: page 22 11.807905717329545 6.391461444030788 35833.27685546875 0.5517578125 1150.1656353609362 23983
stats: tr_search_users 0 0 0 7339.280029296875 0.697021484375 1046.725583999876 378
stats: 401 0 104
stats: tr_friends 0 0 0 4569.196044921875 0.682861328125 780.5252296531594 182
stats: 302 17 2825
stats: 200 5 5883
stats: size_rcv 25375 30302992
stats: newphase 0 6
stats: 422 9 1363
stats: size_sent 39424 26528226
stats: connected -2 3
stats: error_connection_closed 0 224
stats: error_abort_max_send_retries 0 23
stats: 503 0 15448
stats: 404 0 2306
stats: 500 0 212
# stats: dump at 1446759111
stats: users 2 1296
stats: {recvpackets,"tsung_controller@ip-172-30-3-252"} 1 87.0 0.0 9181 63 2874.970588235294 34
stats: {sentpackets,"tsung_controller@ip-172-30-3-252"} 1 73.0 0.0 8826 66 2777.323529411765 34
stats: {cpu,"tsung_controller@ip-172-30-3-252"} 1 1.071080817916261 0.0 19.428571428571427 1.071080817916261 6.965892952147222 35
stats: {load,"tsung_controller@ip-172-30-3-252"} 1 0.05078125 0.0 0.26953125 0.01171875 0.12020089285714286 35
stats: {freemem,"tsung_controller@ip-172-30-3-252"} 1 3084.4609375 0.0 3168.8359375 3067.96484375 3116.0911830357145 35
stats: session 2 144489.20837402344 181.8475341796875 174970.76196289063 6159.81787109375 63699.7074045261 1866
stats: users_count 0 1870
stats: finish_users_count 2 1868
stats: request 4 14.3909912109375 4.068046563292387 35833.27685546875 0.0478515625 945.4533730739225 29173
stats: connect 0 0 0 31095.388916015625 0.468994140625 1477.4516292523733 3239
stats: page 4 14.3909912109375 4.068046563292387 35833.27685546875 0.5517578125 1149.1223581248537 24005
stats: tr_search_users 0 0 0 7339.280029296875 0.697021484375 1046.725583999876 378
stats: 401 0 104
stats: tr_friends 0 0 0 4569.196044921875 0.682861328125 780.5252296531594 182
stats: 302 0 2825
stats: 200 4 5887
stats: size_rcv 6711 30309703
stats: newphase 0 6
stats: 422 0 1363
stats: size_sent 13625 26541851
stats: connected -2 1
stats: error_connection_closed 0 224
stats: error_abort_max_send_retries 0 23
stats: 503 0 15448
stats: 404 0 2306
stats: 500 0 212
# stats: dump at 1446759121
stats: users 1 1296
stats: {recvpackets,"tsung_controller@ip-172-30-3-252"} 1 39.0 0.0 9181 39 2795.3142857142857 35
stats: {sentpackets,"tsung_controller@ip-172-30-3-252"} 1 35.0 0.0 8826 35 2700.057142857143 35
stats: {cpu,"tsung_controller@ip-172-30-3-252"} 1 1.0848126232741617 0.0 19.428571428571427 1.071080817916261 6.802148170640806 36
stats: {load,"tsung_controller@ip-172-30-3-252"} 1 0.05078125 0.0 0.26953125 0.01171875 0.11827256944444445 36
stats: {freemem,"tsung_controller@ip-172-30-3-252"} 1 3084.34765625 0.0 3168.8359375 3067.96484375 3115.2125651041665 36
stats: session 1 165354.09692382813 0.0 174970.76196289063 6159.81787109375 63786.205799568386 1868
stats: users_count 0 1870
stats: finish_users_count 1 1869
stats: request 5 19.331201171875 13.178539627821772 35833.27685546875 0.0478515625 945.3257297409051 29177
stats: connect 0 0 0 31095.388916015625 0.468994140625 1477.4516292523733 3239
stats: page 5 19.331201171875 13.178539627821772 35833.27685546875 0.5517578125 1148.9333071244932 24009
stats: tr_search_users 0 0 0 7339.280029296875 0.697021484375 1046.725583999876 378
stats: 401 0 104
stats: tr_friends 0 0 0 4569.196044921875 0.682861328125 780.5252296531594 182
stats: 302 0 2825
stats: 200 5 5892
stats: size_rcv 7612 30317315
stats: newphase 0 6
stats: 422 0 1363
stats: size_sent 16468 26558319
stats: connected -1 0
stats: error_connection_closed 0 224
stats: error_abort_max_send_retries 0 23
stats: 503 0 15448
stats: 404 0 2306
stats: 500 0 212
# stats: dump at 1446759128
stats: users 0 1296
stats: {recvpackets,"tsung_controller@ip-172-30-3-252"} 1 80.0 0.0 9181 39 2718.75 36
stats: {sentpackets,"tsung_controller@ip-172-30-3-252"} 1 65.0 0.0 8826 35 2626.027777777778 36
stats: {cpu,"tsung_controller@ip-172-30-3-252"} 1 1.282051282051282 0.0 19.428571428571427 1.071080817916261 6.647625588279546 37
stats: {load,"tsung_controller@ip-172-30-3-252"} 1 0.0390625 0.0 0.26953125 0.01171875 0.11644847972972973 37
stats: {freemem,"tsung_controller@ip-172-30-3-252"} 1 3085.03125 0.0 3168.8359375 3067.96484375 3114.3783783783783 37
stats: session 1 193609.40185546875 0.0 193609.40185546875 6159.81787109375 63840.54924051235 1869
stats: users_count 0 1870
stats: finish_users_count 1 1870
stats: request 26 6.958721454326923 4.160126098172564 35833.27685546875 0.0478515625 945.1670712307671 29182
stats: connect 1 0.7890625 0.0 31095.388916015625 0.468994140625 1477.4516292523733 3239
stats: page 17 10.683708639705882 6.076501395041697 35833.27685546875 0.5517578125 1148.6981105504212 24014
stats: tr_search_users 0 0 0 7339.280029296875 0.697021484375 1046.725583999876 378
stats: 401 0 104
stats: tr_friends 0 0 0 4569.196044921875 0.682861328125 780.5252296531594 182
stats: 302 17 2842
stats: 200 0 5892
stats: size_rcv 17054 30334369
stats: newphase 0 6
stats: 422 9 1372
stats: size_sent 18669 26576988
stats: connected 0 0
stats: error_connection_closed 0 224
stats: error_abort_max_send_retries 0 23
stats: 503 0 15448
stats: 404 0 2306
stats: 500 0 212
EndMonitor:{1446,759128,337044}
