# stats: dump at 1448599160
stats: users 13 13
stats: {freemem,"tsung_controller@ip-172-30-3-25"} 1 3170.86328125 0 3170.86328125 3170.86328125 0 0
stats: {load,"tsung_controller@ip-172-30-3-25"} 1 0.01171875 0 0.01171875 0.01171875 0 0
stats: {cpu,"tsung_controller@ip-172-30-3-25"} 1 5.5058484112210815 0 5.5058484112210815 5.5058484112210815 0 0
stats: users_count 13 13
stats: finish_users_count 0 0
stats: request 22 14.0711669921875 23.934176545777845 122.26904296875 4.756103515625 0 0
stats: connect 13 9.665978064903847 30.14546787617813 114.0771484375 0.537109375 0 0
stats: page 22 14.0711669921875 23.934176545777845 122.26904296875 4.756103515625 0 0
stats: tr_browse_quizzes_page_1 3 6.722005208333333 2.384783290082854 10.090087890625 4.886962890625 0 0
stats: 302 3 3
stats: tr_index 6 9.119384765625 3.4102201277382287 16.5078125 7.036865234375 0 0
stats: 200 19 19
stats: size_rcv 34234 34234
stats: size_sent 6401 6401
stats: connected 13 13
# stats: dump at 1448599170
stats: users 22 22
stats: {freemem,"tsung_controller@ip-172-30-3-25"} 1 3170.6171875 0.0 3170.86328125 3170.6171875 3170.86328125 1
stats: {load,"tsung_controller@ip-172-30-3-25"} 1 0.01171875 0.0 0.01171875 0.01171875 0.01171875 1
stats: {recvpackets,"tsung_controller@ip-172-30-3-25"} 1 129 0 129 129 0 0
stats: {sentpackets,"tsung_controller@ip-172-30-3-25"} 1 148 0 148 148 0 0
stats: {cpu,"tsung_controller@ip-172-30-3-25"} 1 2.549019607843137 0.0 5.5058484112210815 2.549019607843137 5.5058484112210815 1
stats: users_count 9 22
stats: finish_users_count 0 0
stats: request 61 40.519983510502044 69.30442888647167 418.819091796875 4.65087890625 14.0711669921875 22
stats: connect 9 2.915310329861111 5.268863231191423 114.0771484375 0.537109375 9.665978064903847 13
stats: page 57 36.01894445586623 54.5249927968326 269.52587890625 4.65087890625 14.0711669921875 22
stats: tr_play_game__ready_page 8 19.21527099609375 12.909862422484995 38.9990234375 8.31787109375 0 0
stats: 302 12 15
stats: tr_friend_requests 1 19.1748046875 0 19.1748046875 19.1748046875 0 0
stats: 200 49 68
stats: tr_browse_quizzes_page_1 8 8.538360595703125 9.392286994943262 33.3779296875 4.734130859375 6.722005208333333 3
stats: size_rcv 90075 124309
stats: tr_play_game__1st_question 7 49.769984654017854 84.84151351000543 255.649169921875 8.995849609375 0 0
stats: size_sent 88110 94511
stats: tr_play_game__answer_to_question 3 23.175618489583332 8.444542252050148 32.5009765625 12.052001953125 0 0
stats: connected 9 22
stats: tr_index 5 26.946142578125 21.9241835096344 61.0849609375 6.72998046875 9.119384765625 6
stats: tr_quizzes_page_INDEX 2 45.639404296875 2.7255859375 48.364990234375 42.913818359375 0 0
# stats: dump at 1448599180
stats: users 26 28
stats: {freemem,"tsung_controller@ip-172-30-3-25"} 1 3163.9375 0.0 3170.86328125 3163.9375 3170.740234375 2
stats: {load,"tsung_controller@ip-172-30-3-25"} 1 0.01171875 0.0 0.01171875 0.01171875 0.01171875 2
stats: {recvpackets,"tsung_controller@ip-172-30-3-25"} 1 425.0 0.0 425 129 129.0 1
stats: {sentpackets,"tsung_controller@ip-172-30-3-25"} 1 403.0 0.0 403 148 148.0 1
stats: {cpu,"tsung_controller@ip-172-30-3-25"} 1 2.167487684729064 0.0 5.5058484112210815 2.167487684729064 4.02743400953211 2
stats: session 4 19558.942260742188 3330.8701658639734 24253.637939453125 14884.99609375 0 0
stats: users_count 8 30
stats: finish_users_count 4 4
stats: request 103 73.21395488850118 133.2669471036931 936.18896484375 4.41796875 33.50945383094879 83
stats: connect 8 2.52716064453125 2.6172363241111025 114.0771484375 0.537109375 6.904341264204546 22
stats: page 87 91.52168080998564 159.60377406908148 961.036865234375 4.65087890625 29.90690516218355 79
stats: tr_play_game__ready_page 6 63.734944661458336 101.62345378360132 290.294921875 7.358154296875 19.21527099609375 8
stats: 302 7 22
stats: tr_question_new_POST 8 12.6697998046875 9.805295696620425 29.01318359375 4.528076171875 0 0
stats: 200 88 156
stats: tr_quiz_new_POST 1 936.966064453125 0 936.966064453125 936.966064453125 0 0
stats: size_rcv 256084 380393
stats: tr_play_game__leaderboard 2 9.7314453125 0.026611328125 9.758056640625 9.704833984375 0 0
stats: size_sent 144231 238742
stats: tr_friend_requests 2 29.06591796875 3.676025390625 32.741943359375 19.1748046875 19.1748046875 1
stats: connected 4 26
stats: tr_friends 3 88.49625651041667 42.11776012211513 147.971923828125 55.9580078125 0 0
stats: 404 8 8
stats: tr_search_all_users 3 99.78483072916667 4.952345819220922 106.5087890625 94.725830078125 0 0
stats: tr_browse_quizzes_page_1 3 19.689371744791668 10.96708981326645 35.038818359375 4.734130859375 8.042990944602273 11
stats: tr_play_game__1st_question 6 51.207194010416664 68.72284309852662 255.649169921875 8.995849609375 49.769984654017854 7
stats: tr_play_game__answer_to_question 6 148.75956217447916 168.97204670039173 440.856201171875 11.571044921875 23.175618489583332 3
stats: tr_index 3 69.13492838541667 49.90700524237139 138.826904296875 6.72998046875 17.222456498579547 11
stats: tr_quizzes_page_INDEX 3 33.656087239583336 9.265065958084852 48.364990234375 20.58203125 45.639404296875 2
stats: tr_quiz_questions_SHOW 8 24.185028076171875 27.901403649855634 97.4580078125 7.79296875 0 0
# stats: dump at 1448599190
stats: users 38 38
stats: {freemem,"tsung_controller@ip-172-30-3-25"} 1 3163.23046875 0.0 3170.86328125 3163.23046875 3168.47265625 3
stats: {load,"tsung_controller@ip-172-30-3-25"} 1 0.01171875 0.0 0.01171875 0.01171875 0.01171875 3
stats: {recvpackets,"tsung_controller@ip-172-30-3-25"} 1 507.0 0.0 507 129 277.0 2
stats: {sentpackets,"tsung_controller@ip-172-30-3-25"} 1 398.0 0.0 403 148 275.5 2
stats: {cpu,"tsung_controller@ip-172-30-3-25"} 1 1.9704433497536946 0.0 5.5058484112210815 1.9704433497536946 3.407451901264428 3
stats: session 4 28390.808532714844 2045.1283079288507 30383.638916015625 14884.99609375 19558.942260742188 4
stats: users_count 16 46
stats: finish_users_count 4 8
stats: request 113 35.4122498098728 66.06387593714597 936.18896484375 3.7490234375 55.49635495421705 186
stats: connect 14 1.6193673270089286 1.6329814160292868 114.0771484375 0.537109375 5.737093098958334 30
stats: page 96 41.705352783203125 75.01942140724003 961.036865234375 3.7490234375 62.19898637518826 166
stats: tr_play_game__ready_page 2 8.511474609375 0.732421875 290.294921875 7.358154296875 38.295131138392854 14
stats: 302 15 37
stats: tr_question_new_POST 8 12.498870849609375 7.319393073693029 29.01318359375 4.528076171875 12.6697998046875 8
stats: 200 90 246
stats: tr_quiz_new_POST 1 16.677001953125 0.0 936.966064453125 16.677001953125 936.966064453125 1
stats: size_rcv 203834 584227
stats: tr_play_game__leaderboard 2 24.8040771484375 14.9310302734375 39.735107421875 9.704833984375 9.7314453125 2
stats: newphase 1 1
stats: tr_friend_requests 1 8.444091796875 0.0 32.741943359375 8.444091796875 25.768880208333332 3
stats: size_sent 157897 396639
stats: tr_friends 0 0 0 147.971923828125 55.9580078125 88.49625651041667 3
stats: connected 10 36
stats: tr_search_all_users 0 0 0 106.5087890625 94.725830078125 99.78483072916667 3
stats: 404 8 16
stats: tr_browse_quizzes_page_1 7 8.066301618303571 5.939480084054568 35.038818359375 3.83203125 10.538643973214286 14
stats: tr_play_game__1st_question 3 15.334309895833334 3.6341951115979207 255.649169921875 8.995849609375 50.43331204927885 13
stats: tr_play_game__answer_to_question 4 28.4134521484375 16.207254408253682 440.856201171875 10.851806640625 106.89824761284723 9
stats: tr_index 7 21.588134765625 17.986848948646546 138.826904296875 6.72998046875 28.3465576171875 14
stats: tr_quizzes_page_INDEX 6 24.1544189453125 25.365121945407395 77.162841796875 7.722900390625 38.4494140625 5
stats: tr_quiz_questions_SHOW 8 17.08050537109375 1.6354722930525056 97.4580078125 7.79296875 24.185028076171875 8
# stats: dump at 1448599200
stats: users 52 52
stats: {freemem,"tsung_controller@ip-172-30-3-25"} 1 3161.6640625 0.0 3170.86328125 3161.6640625 3167.162109375 4
stats: {load,"tsung_controller@ip-172-30-3-25"} 1 0.01171875 0.0 0.01171875 0.01171875 0.01171875 4
stats: {recvpackets,"tsung_controller@ip-172-30-3-25"} 1 615.0 0.0 615 129 353.6666666666667 3
stats: {sentpackets,"tsung_controller@ip-172-30-3-25"} 1 555.0 0.0 555 148 316.3333333333333 3
stats: {cpu,"tsung_controller@ip-172-30-3-25"} 1 2.6341463414634148 0.0 5.5058484112210815 1.9704433497536946 3.0481997633867444 4
stats: session 4 29806.054260253906 8682.156945006816 38750.31201171875 14884.99609375 23974.875396728516 8
stats: users_count 18 64
stats: finish_users_count 4 12
stats: request 144 29.977588229709195 54.26418731494461 936.18896484375 3.7490234375 47.90604096989966 299
stats: connect 19 1.437448601973684 1.843155411255195 114.0771484375 0.537109375 4.426907626065341 44
stats: page 119 36.30524348411237 64.58773309334963 961.036865234375 3.7490234375 54.68986872316317 262
stats: tr_play_game__ready_page 5 13.984228515625 9.683162406741289 290.294921875 7.358154296875 34.572174072265625 16
stats: 302 8 45
stats: tr_question_new_POST 16 12.482955932617188 9.323626131139191 33.077880859375 4.367919921875 12.584335327148438 16
stats: 200 120 366
stats: tr_quiz_new_POST 2 19.093017578125 6.427978515625 936.966064453125 12.6650390625 476.821533203125 2
stats: size_rcv 289072 873299
stats: tr_play_game__leaderboard 1 8.85009765625 0.0 39.735107421875 8.85009765625 17.26776123046875 4
stats: newphase 0 1
stats: tr_friend_requests 4 30.13031005859375 14.138348036086233 47.633056640625 8.444091796875 21.43768310546875 4
stats: size_sent 196134 592773
stats: tr_friends 3 59.903401692708336 5.969401090482366 147.971923828125 51.843994140625 88.49625651041667 3
stats: connected 15 51
stats: tr_search_all_users 0 0 0 106.5087890625 94.725830078125 99.78483072916667 3
stats: 404 16 32
stats: tr_browse_quizzes_page_1 4 6.87103271484375 3.1170651757229173 35.038818359375 3.83203125 9.714529854910714 21
stats: tr_play_game__1st_question 5 16.211181640625 13.238061855701003 255.649169921875 8.995849609375 43.85224914550781 16
stats: tr_play_game__answer_to_question 4 57.39178466796875 46.76082252635117 440.856201171875 10.851806640625 82.74907977764423 13
stats: tr_index 4 17.076171875 8.304037255267568 138.826904296875 6.72998046875 26.09375 21
stats: tr_quizzes_page_INDEX 0 0 0 77.162841796875 7.722900390625 30.652143998579547 11
stats: tr_quiz_questions_SHOW 16 24.734786987304688 27.359576662802738 126.935791015625 7.690185546875 20.632766723632813 16
# stats: dump at 1448599210
stats: users 55 55
stats: {freemem,"tsung_controller@ip-172-30-3-25"} 1 3159.88671875 0.0 3170.86328125 3159.88671875 3166.0625 5
stats: {load,"tsung_controller@ip-172-30-3-25"} 1 0.0 0.0 0.01171875 0.0 0.01171875 5
stats: {recvpackets,"tsung_controller@ip-172-30-3-25"} 1 779.0 0.0 779 129 419.0 4
stats: {sentpackets,"tsung_controller@ip-172-30-3-25"} 1 755.0 0.0 755 148 376.0 4
stats: {cpu,"tsung_controller@ip-172-30-3-25"} 1 2.9296875 0.0 5.5058484112210815 1.9704433497536946 2.9653890790020787 5
stats: session 8 37587.64498901367 9926.87080975611 56371.424072265625 14884.99609375 25918.601684570313 12
stats: users_count 11 75
stats: finish_users_count 8 20
stats: request 178 30.301233870259846 36.68640928654463 936.18896484375 3.7490234375 42.0782820656391 443
stats: connect 12 2.7177734375 3.954722718647583 114.0771484375 0.537109375 3.5253247457837302 63
stats: page 143 37.75370820585666 43.28163276292738 961.036865234375 3.7490234375 48.94768918655676 381
stats: tr_play_game__ready_page 7 20.939243861607142 12.438315336355378 290.294921875 7.358154296875 29.670282273065474 21
stats: 302 11 56
stats: tr_question_new_POST 24 13.570933024088541 10.9537436684191 54.15185546875 4.367919921875 12.533645629882813 32
stats: 200 143 509
stats: tr_quiz_new_POST 3 17.892333984375 8.556421837429136 936.966064453125 11.612060546875 247.957275390625 4
stats: size_rcv 423473 1296772
stats: tr_play_game__leaderboard 2 54.76806640625 6.85498046875 61.623046875 8.85009765625 15.584228515625 5
stats: newphase 0 1
stats: tr_friend_requests 3 14.460286458333334 8.558246645168026 47.633056640625 8.31494140625 25.78399658203125 8
stats: size_sent 221781 814554
stats: tr_friends 3 115.72477213541667 36.85449464381405 147.971923828125 51.843994140625 74.1998291015625 6
stats: connected 4 55
stats: tr_search_all_users 3 104.12833658854167 13.817243130384128 123.64697265625 93.568115234375 99.78483072916667 3
stats: 404 24 56
stats: tr_browse_quizzes_page_1 6 7.200602213541667 4.694790730583144 35.038818359375 3.83203125 9.2595703125 25
stats: tr_play_game__1st_question 6 22.1400146484375 19.643225090213214 255.649169921875 8.61181640625 37.27104259672619 21
stats: tr_play_game__answer_to_question 5 13.8259765625 3.3904758733485307 440.856201171875 10.851806640625 76.78265739889706 17
stats: tr_index 7 14.357979910714286 11.616251147928123 138.826904296875 6.2509765625 24.6509375 25
stats: tr_quizzes_page_INDEX 3 9.151936848958334 1.126537990670877 77.162841796875 7.722900390625 30.652143998579547 11
stats: tr_quiz_questions_SHOW 24 25.603535970052082 16.239889938961916 126.935791015625 7.683837890625 22.68377685546875 32
# stats: dump at 1448599220
stats: users 73 75
stats: {freemem,"tsung_controller@ip-172-30-3-25"} 1 3156.85546875 0.0 3170.86328125 3156.85546875 3165.033203125 6
stats: {load,"tsung_controller@ip-172-30-3-25"} 1 0.0 0.0 0.01171875 0.0 0.009765625 6
stats: {recvpackets,"tsung_controller@ip-172-30-3-25"} 1 984.0 0.0 984 129 491.0 5
stats: {sentpackets,"tsung_controller@ip-172-30-3-25"} 1 800.0 0.0 800 148 451.8 5
stats: {cpu,"tsung_controller@ip-172-30-3-25"} 1 2.8543307086614176 0.0 5.5058484112210815 1.9704433497536946 2.9594388158350657 6
stats: session 5 30884.9494140625 11430.411169912153 56371.424072265625 14884.99609375 30586.219006347656 20
stats: users_count 23 98
stats: finish_users_count 5 25
stats: request 219 91.00903654751711 293.83571714140425 2824.68115234375 3.543212890625 38.70257420931461 621
stats: connect 23 2.851265285326087 2.929820019326266 114.0771484375 0.537109375 3.3961165364583334 75
stats: page 182 109.53680486993476 321.94802745191345 2844.774169921875 3.543212890625 45.89284323190005 524
stats: tr_play_game__ready_page 8 40.215118408203125 28.111739989871175 290.294921875 7.358154296875 27.487522670200892 28
stats: 302 21 77
stats: tr_question_new_POST 24 19.207946777343754 18.75929785351621 86.69287109375 4.367919921875 12.978197370256696 56
stats: 200 174 683
stats: tr_quiz_new_POST 3 15.669677734375 5.8330596848289 936.966064453125 11.43994140625 149.35801478794642 7
stats: size_rcv 431317 1728089
stats: tr_play_game__leaderboard 3 186.31868489583334 140.84393398423458 370.675048828125 8.85009765625 26.779610770089285 7
stats: newphase 1 2
stats: tr_friend_requests 4 212.2650146484375 118.61783230400336 299.01611328125 7.972900390625 22.69571200284091 11
stats: size_sent 311585 1126139
stats: tr_friends 1 199.4111328125 0.0 199.4111328125 51.843994140625 88.04147677951389 9
stats: connected 18 73
stats: tr_search_all_users 1 111.784912109375 0.0 123.64697265625 93.568115234375 101.95658365885417 6
stats: 404 24 80
stats: tr_browse_quizzes_page_1 12 23.88409423828125 38.82625853187923 148.385009765625 3.591064453125 8.861060357862904 31
stats: tr_play_game__1st_question 8 52.894805908203125 58.617130502003945 255.649169921875 8.61181640625 33.908591941550924 27
stats: tr_play_game__answer_to_question 8 61.263671875 51.1394867468787 440.856201171875 10.39208984375 62.47432084517045 22
stats: tr_index 17 57.25807100183823 91.23773068809514 398.212158203125 6.23095703125 22.39935302734375 32
stats: tr_quizzes_page_INDEX 3 47.581298828125 52.87898801451736 122.3349609375 7.722900390625 26.044956752232142 14
stats: tr_quiz_questions_SHOW 24 33.41368611653646 34.98963350494518 154.31591796875 7.58203125 23.935102190290177 56
# stats: dump at 1448599230
stats: users 80 82
stats: {freemem,"tsung_controller@ip-172-30-3-25"} 1 3152.26953125 0.0 3170.86328125 3152.26953125 3163.8649553571427 7
stats: {load,"tsung_controller@ip-172-30-3-25"} 1 0.0 0.0 0.01171875 0.0 0.008370535714285714 7
stats: {recvpackets,"tsung_controller@ip-172-30-3-25"} 1 1214.0 0.0 1214 129 573.1666666666666 6
stats: {sentpackets,"tsung_controller@ip-172-30-3-25"} 1 1077.0 0.0 1077 148 509.8333333333333 6
stats: {cpu,"tsung_controller@ip-172-30-3-25"} 1 3.44149459193707 0.0 5.5058484112210815 1.9704433497536946 2.9444233719531163 7
stats: session 12 43168.960205078125 12148.02030293128 68781.10791015625 14884.99609375 30645.965087890625 25
stats: users_count 19 117
stats: finish_users_count 12 37
stats: request 192 127.23609034220368 255.02095765180852 2824.68115234375 3.543212890625 52.33961617606027 840
stats: connect 19 3.2318950452302633 3.681436452150863 114.0771484375 0.537109375 3.268243283641582 98
stats: page 173 141.22347616735902 276.90914726338826 2844.774169921875 3.543212890625 62.29964354085517 706
stats: tr_play_game__ready_page 15 82.25314127604166 116.47394362697024 462.053955078125 7.358154296875 30.315877278645832 36
stats: 302 21 98
stats: tr_question_new_POST 8 69.547119140625 85.95883223352946 243.572998046875 4.367919921875 14.847122192382813 80
stats: 200 163 846
stats: tr_quiz_new_POST 1 92.6748046875 0.0 936.966064453125 11.43994140625 109.251513671875 10
stats: size_rcv 428373 2156462
stats: tr_play_game__leaderboard 10 71.3038818359375 86.62669907055783 370.675048828125 8.20703125 74.6413330078125 10
stats: newphase 0 2
stats: tr_friend_requests 4 27.5062255859375 12.395796655619346 299.01611328125 7.972900390625 73.24752604166666 15
stats: size_sent 323129 1449268
stats: tr_friends 3 115.24462890625 41.24407612621126 199.4111328125 51.843994140625 99.1784423828125 10
stats: connected 8 81
stats: tr_search_all_users 6 408.1221923828125 280.7963746034669 848.18896484375 93.568115234375 103.36063058035714 7
stats: 404 8 88
stats: tr_browse_quizzes_page_1 14 55.935215541294646 82.99342263488306 232.194091796875 3.591064453125 13.053534929142442 43
stats: tr_play_game__1st_question 12 56.352132161458336 49.21316380991082 255.649169921875 8.447021484375 38.24829799107143 35
stats: tr_play_game__answer_to_question 6 93.68461100260417 78.3876383748246 440.856201171875 10.39208984375 62.15148111979167 30
stats: tr_index 12 102.04892985026042 111.40874661908916 398.212158203125 6.20703125 34.49319395727041 49
stats: tr_quizzes_page_INDEX 1 9.7109375 0.0 122.3349609375 7.722900390625 29.84548770680147 17
stats: tr_quiz_questions_SHOW 8 115.48114013671875 125.40199624505587 408.373046875 7.58203125 26.77867736816406 80
# stats: dump at 1448599240
stats: users 86 89
stats: {freemem,"tsung_controller@ip-172-30-3-25"} 1 3147.921875 0.0 3170.86328125 3147.921875 3162.41552734375 8
stats: {load,"tsung_controller@ip-172-30-3-25"} 1 0.0 0.0 0.01171875 0.0 0.00732421875 8
stats: {recvpackets,"tsung_controller@ip-172-30-3-25"} 1 1269.0 0.0 1269 129 664.7142857142857 7
stats: {sentpackets,"tsung_controller@ip-172-30-3-25"} 1 1094.0 0.0 1094 148 590.8571428571429 7
stats: {cpu,"tsung_controller@ip-172-30-3-25"} 1 3.51219512195122 0.0 5.5058484112210815 1.9704433497536946 3.00655727445111 8
stats: session 12 42128.450703938805 17225.158375201943 77084.34008789063 14884.99609375 34707.47701778927 37
stats: users_count 18 135
stats: finish_users_count 12 49
stats: request 246 61.62481342098582 100.6971518761871 2824.68115234375 3.543212890625 66.27384392790091 1032
stats: connect 19 1.6416529605263157 2.337461857626708 114.0771484375 0.537109375 3.262340578258547 117
stats: page 212 71.52528122236139 110.43882581385037 2844.774169921875 3.543212890625 77.83300309078142 879
stats: tr_play_game__ready_page 11 34.72214577414773 39.94098920479582 462.053955078125 7.358154296875 45.591543160232845 51
stats: 302 23 121
stats: tr_question_new_POST 16 28.937316894531246 35.75551460816911 243.572998046875 4.367919921875 19.81984918767756 88
stats: 200 207 1053
stats: tr_quiz_new_POST 2 16.0093994140625 3.8995361328125 936.966064453125 11.43994140625 107.7445401278409 11
stats: size_rcv 527010 2683472
stats: tr_play_game__leaderboard 3 25.185384114583332 16.376888673802497 370.675048828125 8.20703125 72.972607421875 20
stats: newphase 0 2
stats: tr_friend_requests 8 33.387542724609375 25.695534275131713 299.01611328125 7.7080078125 63.61777857730263 19
stats: size_sent 394061 1843329
stats: tr_friends 7 150.51273018973214 141.67282893053647 485.697021484375 51.843994140625 102.88602388822116 13
stats: connected 5 86
stats: tr_search_all_users 4 301.98480224609375 124.64249343284288 848.18896484375 93.568115234375 244.01981295072116 13
stats: 404 16 104
stats: tr_browse_quizzes_page_1 14 18.418631417410715 17.569114192147957 232.194091796875 3.591064453125 23.585877535635966 57
stats: tr_play_game__1st_question 13 58.86818284254808 43.54903611893274 255.649169921875 8.447021484375 42.870553523936174 47
stats: tr_play_game__answer_to_question 14 66.94449288504464 62.81013959277903 440.856201171875 10.39208984375 67.40700276692708 36
stats: tr_index 10 27.8931396484375 16.382866412862207 398.212158203125 6.025146484375 47.78284691982582 61
stats: tr_quizzes_page_INDEX 4 33.789794921875 16.051373386113802 122.3349609375 7.722900390625 28.72690158420139 18
stats: tr_quiz_questions_SHOW 16 41.32301330566406 27.842359443430542 408.373046875 7.58203125 34.84253761985085 88
# stats: dump at 1448599250
stats: users 103 104
stats: {freemem,"tsung_controller@ip-172-30-3-25"} 1 3148.65234375 0.0 3170.86328125 3147.921875 3160.805121527778 9
stats: {load,"tsung_controller@ip-172-30-3-25"} 1 0.0 0.0 0.01171875 0.0 0.006510416666666667 9
stats: {recvpackets,"tsung_controller@ip-172-30-3-25"} 1 1378.0 0.0 1378 129 740.25 8
stats: {sentpackets,"tsung_controller@ip-172-30-3-25"} 1 1178.0 0.0 1178 148 653.75 8
stats: {cpu,"tsung_controller@ip-172-30-3-25"} 1 3.729146221786065 0.0 5.5058484112210815 1.9704433497536946 3.062739257506678 9
stats: session 17 43677.37593347887 17662.92164852129 83858.6640625 14884.99609375 36524.85832868303 49
stats: users_count 34 169
stats: finish_users_count 17 66
stats: request 341 118.91971066830094 155.86850222914592 2824.68115234375 3.543212890625 65.37896012140551 1278
stats: connect 34 2.3342500574448524 2.562831561235926 114.0771484375 0.537109375 3.0359209846047794 136
stats: page 279 145.37872336329525 182.2985342785899 2844.774169921875 3.543212890625 76.60730461589135 1091
stats: tr_play_game__ready_page 15 93.84679361979167 80.92733512233336 462.053955078125 7.358154296875 43.663101688508064 62
stats: 302 24 145
stats: tr_question_new_POST 40 62.25645751953125 63.10122621169528 246.89208984375 4.367919921875 21.22253652719351 104
stats: 200 277 1330
stats: tr_quiz_new_POST 5 91.681201171875 48.05506270632861 936.966064453125 11.408935546875 93.63144155649039 13
stats: size_rcv 796276 3479748
stats: tr_play_game__leaderboard 8 99.21328735351563 75.42765435362831 370.675048828125 8.20703125 66.73949133831522 23
stats: newphase 1 3
stats: tr_friend_requests 5 48.859619140625 55.02104201144254 299.01611328125 7.656005859375 54.660671657986114 27
stats: size_sent 472707 2316036
stats: tr_friends 9 256.8682454427083 137.65840424550208 485.697021484375 51.843994140625 119.55537109375 20
stats: connected 18 104
stats: tr_search_all_users 7 393.3643275669643 338.4564561504075 1083.781005859375 93.568115234375 257.6586339613971 17
stats: 404 40 144
stats: tr_browse_quizzes_page_1 16 59.02183532714843 52.59339578841098 232.194091796875 3.591064453125 22.566983934859156 71
stats: tr_play_game__1st_question 10 47.542919921875 48.586475044708166 255.649169921875 8.447021484375 46.33670654296875 60
stats: tr_play_game__answer_to_question 10 99.24716796875 76.08348727498631 440.856201171875 10.39208984375 67.2775 50
stats: tr_index 21 94.08506556919643 80.17691121233933 398.212158203125 6.025146484375 44.98147969850352 71
stats: tr_quizzes_page_INDEX 2 50.1885986328125 3.2674560546875 122.3349609375 7.722900390625 29.64742764559659 22
stats: tr_quiz_questions_SHOW 40 93.4198913574219 72.24375038523581 408.373046875 7.58203125 35.83953387920673 104
# stats: dump at 1448599260
stats: users 115 117
stats: {freemem,"tsung_controller@ip-172-30-3-25"} 1 3144.8046875 0.0 3170.86328125 3144.8046875 3159.58984375 10
stats: {load,"tsung_controller@ip-172-30-3-25"} 1 0.0 0.0 0.01171875 0.0 0.005859375 10
stats: {recvpackets,"tsung_controller@ip-172-30-3-25"} 1 2160.0 0.0 2160 129 811.1111111111111 9
stats: {sentpackets,"tsung_controller@ip-172-30-3-25"} 1 1733.0 0.0 1733 148 712.0 9
stats: {cpu,"tsung_controller@ip-172-30-3-25"} 1 4.799216454456415 0.0 5.5058484112210815 1.9704433497536946 3.1293799539346168 10
stats: session 21 43621.00266229539 16212.770715976107 83858.6640625 14884.99609375 38367.17346931226 66
stats: users_count 33 202
stats: finish_users_count 21 87
stats: request 335 83.38108675373135 123.77258721002023 2824.68115234375 3.543212890625 76.65591869860832 1619
stats: connect 33 2.929828065814394 3.0879852430929984 114.0771484375 0.537109375 2.895586799172794 170
stats: page 296 94.31825545027453 143.7987884593998 2844.774169921875 3.543212890625 90.61257894474222 1370
stats: tr_play_game__ready_page 19 52.881758840460535 59.14244499543976 462.053955078125 7.358154296875 53.43914557122565 77
stats: 302 32 177
stats: tr_question_new_POST 24 34.633829752604164 28.5011248413351 246.89208984375 4.367919921875 32.620847913953995 144
stats: 200 279 1609
stats: tr_quiz_new_POST 3 71.62532552083333 35.48135138139488 936.966064453125 11.408935546875 93.08970811631944 18
stats: size_rcv 699912 4179660
stats: tr_play_game__leaderboard 7 74.29942103794643 77.90442049398155 370.675048828125 8.20703125 75.11982579385081 31
stats: newphase 0 3
stats: tr_friend_requests 3 85.80428059895833 93.08957326532254 299.01611328125 7.656005859375 53.75425720214844 32
stats: size_sent 542412 2858448
stats: tr_friends 3 173.5400390625 102.55696535044838 485.697021484375 51.843994140625 162.16971140894395 29
stats: connected 13 117
stats: tr_search_all_users 6 218.497314453125 144.0581724309884 1083.781005859375 93.568115234375 297.2394612630208 24
stats: 404 24 168
stats: tr_browse_quizzes_page_1 23 28.72603175951087 45.50422636113718 232.194091796875 3.591064453125 29.271324420797413 87
stats: tr_play_game__1st_question 18 88.85682508680556 69.25420777265029 287.722900390625 8.447021484375 46.509022739955356 70
stats: tr_play_game__answer_to_question 15 72.09861653645834 69.92280676930021 440.856201171875 10.39208984375 72.60577799479167 60
stats: tr_index 22 64.72867098721592 61.101648972819454 398.212158203125 6.025146484375 56.1899069081182 92
stats: tr_quizzes_page_INDEX 6 58.2734375 88.8669198852534 255.2861328125 7.722900390625 31.35919189453125 24
stats: tr_quiz_questions_SHOW 23 74.81810461956522 57.09885514432582 408.373046875 7.58203125 51.834077623155395 144
# stats: dump at 1448599270
stats: users 142 143
stats: {freemem,"tsung_controller@ip-172-30-3-25"} 1 3136.12109375 0.0 3170.86328125 3136.12109375 3158.2457386363635 11
stats: {load,"tsung_controller@ip-172-30-3-25"} 1 0.0 0.0 0.01171875 0.0 0.005326704545454545 11
stats: {recvpackets,"tsung_controller@ip-172-30-3-25"} 1 2055.0 0.0 2160 129 946.0 10
stats: {sentpackets,"tsung_controller@ip-172-30-3-25"} 1 1735.0 0.0 1735 148 814.1 10
stats: {cpu,"tsung_controller@ip-172-30-3-25"} 1 4.662226450999048 0.0 5.5058484112210815 1.9704433497536946 3.281183272163871 11
stats: session 12 49301.878885904945 18255.03220254204 83858.6640625 13854.7509765625 39635.33913658405 87
stats: users_count 39 241
stats: finish_users_count 12 99
stats: request 343 86.61159575437318 107.90751616531375 2824.68115234375 3.543212890625 77.80890298646206 1954
stats: connect 38 2.7849699321546053 2.7197303466621814 114.0771484375 0.537109375 2.9011531134544337 203
stats: page 317 93.63151247042585 116.00306797823977 2844.774169921875 3.543212890625 91.27097044872635 1666
stats: tr_play_game__ready_page 23 57.79186480978261 48.546632797260614 462.053955078125 7.358154296875 53.32882944742838 96
stats: 302 36 213
stats: tr_question_new_POST 6 29.217610677083332 19.82999664025725 246.89208984375 4.367919921875 32.908416748046875 168
stats: 200 301 1910
stats: tr_quiz_new_POST 1 102.550048828125 0.0 936.966064453125 11.408935546875 90.02336774553571 21
stats: size_rcv 636504 4816164
stats: tr_play_game__leaderboard 12 70.05171712239583 51.62703566850339 370.675048828125 8.20703125 74.96869860197368 38
stats: newphase 0 3
stats: tr_friend_requests 5 45.45361328125 36.11197839395228 299.01611328125 7.656005859375 56.50140206473214 35
stats: size_sent 646585 3505033
stats: tr_friends 7 190.54973493303572 85.58030894394889 485.697021484375 51.843994140625 163.23567962646484 32
stats: connected 25 142
stats: tr_search_all_users 4 262.28924560546875 89.80508812584355 1083.781005859375 93.568115234375 281.49103190104165 30
stats: 404 6 174
stats: tr_browse_quizzes_page_1 24 18.195180257161457 15.45814715262916 232.194091796875 3.591064453125 29.15730868252841 110
stats: tr_play_game__1st_question 26 81.81678185096153 71.27247187837126 287.722900390625 8.447021484375 55.1710732199929 88
stats: tr_play_game__answer_to_question 28 111.11710030691964 82.41594814474625 440.856201171875 10.205078125 72.504345703125 75
stats: tr_index 23 48.50835385529892 33.83100378965536 398.212158203125 5.967041015625 57.83773857250548 114
stats: tr_quizzes_page_INDEX 4 52.9825439453125 15.995286514072564 255.2861328125 7.722900390625 36.742041015625 30
stats: tr_quiz_questions_SHOW 6 105.7156982421875 89.45302513458475 408.373046875 7.58203125 54.99954241906813 167
# stats: dump at 1448599280
stats: users 192 192
stats: {freemem,"tsung_controller@ip-172-30-3-25"} 1 3128.46484375 0.0 3170.86328125 3128.46484375 3156.4020182291665 12
stats: {load,"tsung_controller@ip-172-30-3-25"} 1 0.078125 0.0 0.078125 0.0 0.004882812499999999 12
stats: {recvpackets,"tsung_controller@ip-172-30-3-25"} 1 2296.0 0.0 2296 129 1046.8181818181818 11
stats: {sentpackets,"tsung_controller@ip-172-30-3-25"} 1 2049.0 0.0 2049 148 897.8181818181819 11
stats: {cpu,"tsung_controller@ip-172-30-3-25"} 1 5.843543826578699 0.0 5.843543826578699 1.9704433497536946 3.396270203733469 12
stats: session 17 46606.0376551011 22948.633559022404 115885.68701171875 13854.7509765625 40807.040924380526 99
stats: users_count 67 308
stats: finish_users_count 17 116
stats: request 419 465.5555626771331 230.9614309589802 2824.68115234375 3.543212890625 79.12336690435214 2297
stats: connect 68 39.509083467371326 90.21260151589097 501.655029296875 0.508056640625 2.882833773664419 241
stats: page 392 490.44992439114316 284.2525889309023 2844.774169921875 3.543212890625 91.64832386318865 1983
stats: tr_play_game__ready_page 32 410.84814453125 195.0479903712469 956.203857421875 7.358154296875 54.19143292082458 119
stats: 302 43 256
stats: tr_question_new_POST 8 352.6665344238281 184.49531687616937 716.095947265625 4.367919921875 32.78114757318606 174
stats: 200 368 2278
stats: tr_quiz_new_POST 3 457.6482747395833 119.62617088615362 936.966064453125 11.408935546875 90.59276234019886 22
stats: size_rcv 751051 5567215
stats: tr_play_game__leaderboard 11 457.8384454900568 175.78490094919292 805.600830078125 8.20703125 73.788623046875 50
stats: newphase 1 4
stats: tr_friend_requests 10 455.2524169921875 202.45198524066095 808.39794921875 7.656005859375 55.120428466796874 40
stats: size_sent 808150 4313183
stats: tr_friends 3 706.5940755208334 72.55647313543004 781.33203125 51.843994140625 168.13820237379807 39
stats: connected 50 192
stats: tr_search_all_users 5 774.6466796875 128.9650155118925 1083.781005859375 93.568115234375 279.2319982192096 34
stats: 404 8 182
stats: tr_browse_quizzes_page_1 30 349.01909993489585 157.7898587077628 759.993896484375 3.591064453125 27.19394239738806 134
stats: tr_play_game__1st_question 29 378.69585129310343 122.24449081922054 692.258056640625 8.447021484375 61.24816466214364 114
stats: tr_play_game__answer_to_question 19 469.76693564967104 181.86299284721997 875.4609375 10.205078125 83.00101685755462 103
stats: tr_index 36 452.8173828125 191.99214249633766 856.821044921875 5.967041015625 56.27149150319343 137
stats: tr_quizzes_page_INDEX 2 494.568359375 70.902587890625 565.470947265625 7.722900390625 38.652688419117645 34
stats: tr_quiz_questions_SHOW 8 310.00323486328125 124.37927461691918 498.347900390625 7.58203125 56.758484239523135 173
# stats: dump at 1448599290
stats: users 263 263
stats: {freemem,"tsung_controller@ip-172-30-3-25"} 1 3114.8359375 0.0 3170.86328125 3114.8359375 3154.2530048076924 13
stats: {load,"tsung_controller@ip-172-30-3-25"} 1 0.05859375 0.0 0.078125 0.0 0.010516826923076924 13
stats: {recvpackets,"tsung_controller@ip-172-30-3-25"} 1 2790.0 0.0 2790 129 1150.9166666666667 12
stats: {sentpackets,"tsung_controller@ip-172-30-3-25"} 1 2552.0 0.0 2552 148 993.75 12
stats: {cpu,"tsung_controller@ip-172-30-3-25"} 1 6.7114093959731544 0.0 6.7114093959731544 1.9704433497536946 3.5845220208754105 13
stats: session 9 49951.696533203125 13193.82372808288 115885.68701171875 13854.7509765625 41656.893893537854 116
stats: users_count 80 388
stats: finish_users_count 9 125
stats: request 450 1233.261291232639 315.8120383827742 2824.68115234375 3.543212890625 138.7386430563386 2716
stats: connect 80 2.806588745117188 3.1740061087822196 501.655029296875 0.508056640625 10.942979337328074 309
stats: page 411 1329.0821577754327 494.88078649513807 3644.873046875 3.543212890625 157.47157750822367 2375
stats: tr_play_game__ready_page 30 1246.1808919270836 263.11229742308024 1851.756103515625 7.358154296875 129.77431220250415 151
stats: 302 51 307
stats: tr_question_new_POST 11 1056.2320445667613 214.75709238068455 1555.464111328125 4.367919921875 46.842043698489015 182
stats: 200 388 2666
stats: tr_quiz_new_POST 6 1326.9285074869792 408.64059551466346 2009.826904296875 11.408935546875 134.639423828125 25
stats: size_rcv 778822 6346037
stats: tr_play_game__leaderboard 9 1310.1966145833333 284.3571848398569 1897.632080078125 8.20703125 143.04350906121925 61
stats: newphase 0 4
stats: tr_friend_requests 6 1196.4341227213542 194.25735200570873 1593.546875 7.656005859375 135.146826171875 50
stats: size_sent 803641 5116824
stats: tr_friends 8 1439.9566040039063 284.5025554641768 1894.908935546875 51.843994140625 206.59933617001488 42
stats: connected 71 263
stats: tr_search_all_users 2 2054.7388916015625 82.4949951171875 2137.23388671875 93.568115234375 342.7467009715545 39
stats: 404 11 193
stats: tr_browse_quizzes_page_1 37 1132.3739046663854 320.9305427873842 1904.716064453125 3.591064453125 86.06439804449315 164
stats: tr_play_game__1st_question 23 1277.8817085597825 358.4376419502195 1938.31689453125 8.447021484375 125.62566754534528 143
stats: tr_play_game__answer_to_question 18 1191.4606255425347 314.1778519492856 2055.68701171875 10.205078125 143.23505339075308 122
stats: tr_index 38 1176.2606201171875 259.6582010691088 1906.72802734375 5.967041015625 138.78971166004337 173
stats: tr_quizzes_page_INDEX 4 1128.0027465820313 9.236165499813376 1143.886962890625 7.722900390625 63.98133680555556 36
stats: tr_quiz_questions_SHOW 11 1162.1186301491477 229.1538991533451 1567.43408203125 7.58203125 67.9516223886395 181
# stats: dump at 1448599300
stats: users 311 311
stats: {freemem,"tsung_controller@ip-172-30-3-25"} 1 3103.5 0.0 3170.86328125 3103.5 3151.4375 14
stats: {load,"tsung_controller@ip-172-30-3-25"} 1 0.05078125 0.0 0.078125 0.0 0.013950892857142858 14
stats: {recvpackets,"tsung_controller@ip-172-30-3-25"} 1 2852.0 0.0 2852 129 1277.0 13
stats: {sentpackets,"tsung_controller@ip-172-30-3-25"} 1 2579.0 0.0 2579 148 1113.6153846153845 13
stats: {cpu,"tsung_controller@ip-172-30-3-25"} 1 6.582768635043562 0.0 6.7114093959731544 1.9704433497536946 3.807871119096678 14
stats: session 26 49900.007080078125 17397.411530202346 115885.68701171875 13854.7509765625 42254.11968359375 125
stats: users_count 74 462
stats: finish_users_count 26 151
stats: request 524 1877.5505594734018 1262.5723374538077 4028.64111328125 0.071044921875 294.30882362466934 3166
stats: connect 86 2.8382823855377906 3.183866553503673 501.655029296875 0.506103515625 9.26968564227185 389
stats: page 460 2084.385664699388 1497.007674504544 6523.986083984375 0.56005859375 330.31147287427643 2786
stats: tr_play_game__ready_page 30 2213.236450195313 1001.624980749465 3161.708984375 1.426025390625 314.8140767977383 181
stats: 302 38 345
stats: tr_question_new_POST 28 1298.7533307756696 1304.4135531701359 2823.304931640625 0.677001953125 104.37204374797604 193
stats: 200 311 2977
stats: tr_quiz_new_POST 3 2673.3972981770835 89.05332195537461 2763.885986328125 11.408935546875 365.4050529233871 31
stats: size_rcv 783681 7129718
stats: tr_play_game__leaderboard 20 2386.1961059570313 820.0353323527017 2944.375 0.761962890625 293.1060511997768 70
stats: newphase 0 4
stats: tr_friend_requests 10 1567.50712890625 1277.7750507891271 2676.93994140625 0.68408203125 248.8561793736049 56
stats: 422 1 1
stats: tr_friends 6 1454.9377034505208 1437.2974227717698 3035.386962890625 4.568115234375 403.9364990234375 50
stats: size_sent 812473 5929297
stats: tr_search_all_users 11 2241.804776278409 1396.1817509817454 3446.791015625 0.7138671875 426.258515148628 41
stats: connected 47 310
stats: tr_browse_quizzes_page_1 27 1830.651882595486 1188.9246770161144 2879.69189453125 0.862060546875 278.6686355818564 201
stats: 503 146 146
stats: tr_play_game__1st_question 28 1780.6783796037946 1228.0581459965551 3014.325927734375 0.77880859375 285.2756009389119 166
stats: 404 15 208
stats: tr_play_game__answer_to_question 32 2432.189102172851 800.85988631531 3178.7919921875 0.903076171875 278.0069126674107 140
stats: tr_index 35 1812.4595982142857 1224.0285243784492 2953.093994140625 1.232177734375 325.63281365706456 211
stats: tr_quizzes_page_INDEX 7 1495.9549734933037 1293.320186853096 2755.89306640625 0.830078125 170.38347778320312 40
stats: tr_quiz_questions_SHOW 24 1108.6608378092449 1316.7075667797792 2871.900146484375 0.1279296875 130.6382738749186 192
# stats: dump at 1448599310
stats: users 454 455
stats: {freemem,"tsung_controller@ip-172-30-3-25"} 1 3102.421875 0.0 3170.86328125 3102.421875 3148.241666666667 15
stats: {load,"tsung_controller@ip-172-30-3-25"} 1 0.05078125 0.0 0.078125 0.0 0.01640625 15
stats: {recvpackets,"tsung_controller@ip-172-30-3-25"} 1 2981.0 0.0 2981 129 1389.5 14
stats: {sentpackets,"tsung_controller@ip-172-30-3-25"} 1 2758.0 0.0 2758 148 1218.2857142857142 14
stats: {cpu,"tsung_controller@ip-172-30-3-25"} 1 7.5 0.0 7.5 1.9704433497536946 3.99286428682647 15
stats: session 31 54469.75496944304 14683.783709166039 115885.68701171875 13854.7509765625 43570.63009623344 151
stats: users_count 174 636
stats: finish_users_count 31 182
stats: request 904 1193.5803517029344 1331.6980759981143 4137.14990234375 0.066162109375 519.1377313712102 3690
stats: connect 187 2.596269740140375 2.899665658462729 501.655029296875 0.48486328125 8.105263157894736 475
stats: page 815 1343.5532202597778 1625.5950671751655 6876.05419921875 0.56005859375 578.8863737490612 3246
stats: tr_play_game__ready_page 42 1012.2374616350446 1315.0119607266083 3332.02099609375 0.630859375 584.7319497926542 211
stats: 302 66 411
stats: tr_question_new_POST 27 971.587257667824 1193.1088199365117 2832.272216796875 0.677001953125 255.69636970623586 221
stats: 200 315 3292
stats: tr_quiz_new_POST 6 1937.8438720703125 1376.841150668955 3169.80908203125 1.012939453125 569.0514275045956 34
stats: size_rcv 953443 8083161
stats: tr_play_game__leaderboard 20 1116.9041259765625 1263.6039022394054 3175.66796875 0.761962890625 758.2371744791667 90
stats: newphase 1 5
stats: tr_friend_requests 25 615.102119140625 1100.9917765699195 3161.154052734375 0.68408203125 448.65177778764206 66
stats: 422 8 9
stats: tr_friends 13 986.7374924879807 1259.9665114532763 3261.64208984375 0.906982421875 516.5437709263393 56
stats: size_sent 1071466 7000763
stats: tr_search_all_users 8 1741.3606567382813 1487.9559627888952 4049.255126953125 0.692138671875 810.3163780799279 52
stats: connected 144 454
stats: tr_browse_quizzes_page_1 71 1233.1245357889525 1270.9803621393853 3124.31689453125 0.655029296875 462.4561253597862 228
stats: 503 472 618
stats: tr_play_game__1st_question 43 1309.912342160247 1307.7458812590196 3274.842041015625 0.64404296875 501.1069298183795 194
stats: 404 26 234
stats: tr_play_game__answer_to_question 37 1242.7812302048142 1303.4936897900998 3215.114990234375 0.6611328125 678.7849944358647 172
stats: tr_index 71 1106.1891677211704 1317.5101035113148 3274.7578125 1.197021484375 537.1732098339049 246
stats: tr_quizzes_page_INDEX 15 483.8859537760417 981.1252130225367 2784.968994140625 0.6669921875 367.8090196974734 47
stats: tr_quiz_questions_SHOW 32 978.4579467773439 1207.0942442186338 3133.981201171875 0.123046875 239.3074476453993 216
# stats: dump at 1448599320
stats: users 599 599
stats: {freemem,"tsung_controller@ip-172-30-3-25"} 1 3099.484375 0.0 3170.86328125 3099.484375 3145.3779296875 16
stats: {load,"tsung_controller@ip-172-30-3-25"} 1 0.0390625 0.0 0.078125 0.0 0.0185546875 16
stats: {recvpackets,"tsung_controller@ip-172-30-3-25"} 1 3867.0 0.0 3867 129 1495.6 15
stats: {sentpackets,"tsung_controller@ip-172-30-3-25"} 1 3919.0 0.0 3919 148 1320.9333333333334 15
stats: {cpu,"tsung_controller@ip-172-30-3-25"} 1 11.11111111111111 0.0 11.11111111111111 1.9704433497536946 4.212060268899815 16
stats: session 44 50734.73795942827 16858.544120390336 115885.68701171875 13854.7509765625 45427.074442769146 182
stats: users_count 189 825
stats: finish_users_count 44 226
stats: request 1342 811.834432633197 1070.0394202721352 4137.14990234375 0.05810546875 651.8534755549017 4594
stats: connect 223 3.023760466297646 3.4028170904099153 501.655029296875 0.48486328125 6.5490973435139725 662
stats: page 1172 926.408958669409 1263.218806674527 6876.05419921875 0.5478515625 732.3469696383088 4061
stats: tr_play_game__ready_page 77 864.4135742187497 1055.6571657097675 3332.02099609375 0.583984375 655.7012442487032 253
stats: 302 71 482
stats: tr_question_new_POST 76 635.4635716488486 969.6269687520356 2832.272216796875 0.654052734375 333.63610347624746 248
stats: 200 341 3633
stats: tr_quiz_new_POST 9 699.1108669704861 992.5345233823199 3169.80908203125 0.864013671875 774.3702941894531 40
stats: size_rcv 1251353 9334514
stats: tr_play_game__leaderboard 16 862.769287109375 1116.5382511082826 3175.66796875 0.761962890625 823.4493474786932 110
stats: newphase 0 5
stats: tr_friend_requests 31 697.3821903351815 1010.9432069952416 3161.154052734375 0.64990234375 494.37989354395603 91
stats: 422 22 31
stats: tr_friends 19 1089.1990902549342 1159.2384902851454 3261.64208984375 0.635009765625 605.1309938292572 69
stats: size_sent 1427010 8427773
stats: tr_search_all_users 11 688.2224564985796 1124.4099199570257 4049.255126953125 0.666015625 934.455615234375 60
stats: connected 141 595
stats: tr_browse_quizzes_page_1 79 809.977239294897 1068.082136446711 3124.31689453125 0.628173828125 645.4576542576818 299
stats: error_connection_closed 3 3
stats: tr_play_game__1st_question 71 1110.531724526849 1080.2190380409088 3274.842041015625 0.64404296875 647.8522156019251 237
stats: 503 807 1425
stats: tr_play_game__answer_to_question 53 851.1316701061321 1054.8289955226408 3215.114990234375 0.6611328125 778.6312179930472 209
stats: 404 61 295
stats: tr_index 91 676.1525422819371 1014.7214531519909 3274.7578125 1.1640625 664.6184243764786 317
stats: tr_quizzes_page_INDEX 25 850.327275390625 1050.702758654739 2784.968994140625 0.638916015625 395.89214891003024 62
stats: tr_quiz_questions_SHOW 69 394.61116890285325 831.24633560663 3133.981201171875 0.11083984375 334.68170559790826 248
# stats: dump at 1448599330
stats: users 649 673
stats: {freemem,"tsung_controller@ip-172-30-3-25"} 1 3093.53515625 0.0 3170.86328125 3093.53515625 3142.6783088235293 17
stats: {load,"tsung_controller@ip-172-30-3-25"} 1 0.109375 0.0 0.109375 0.0 0.019761029411764705 17
stats: {recvpackets,"tsung_controller@ip-172-30-3-25"} 1 4577.0 0.0 4577 129 1643.8125 16
stats: {sentpackets,"tsung_controller@ip-172-30-3-25"} 1 4734.0 0.0 4734 148 1483.3125 16
stats: {cpu,"tsung_controller@ip-172-30-3-25"} 1 13.27683615819209 0.0 13.27683615819209 1.9704433497536946 4.617886789029892 17
stats: session 71 48858.9160225022 23398.324813978143 128084.2431640625 12795.39697265625 46460.42486194172 226
stats: users_count 121 946
stats: finish_users_count 71 297
stats: request 1841 584.7225786713656 942.9767742248969 4137.14990234375 0.054931640625 688.0216771046106 5936
stats: connect 215 2.6653683684593013 3.3657795350779582 501.655029296875 0.47802734375 5.6607921190854515 885
stats: page 1552 687.7371634257208 1109.4995446975634 6876.05419921875 0.5478515625 775.809735001284 5233
stats: tr_play_game__ready_page 93 659.4340820312499 959.3656136184292 3332.02099609375 0.583984375 704.4007879083807 330
stats: 302 139 621
stats: tr_question_new_POST 139 355.021751348921 756.3234303994979 2832.272216796875 0.654052734375 404.43513922043786 324
stats: 200 255 3888
stats: tr_quiz_new_POST 20 668.2884765625 1012.9938346405905 3169.80908203125 0.864013671875 760.5471340880102 49
stats: size_rcv 1371965 10706479
stats: tr_play_game__leaderboard 33 289.5168309067235 672.8482949259158 3175.66796875 0.761962890625 828.4423556857639 126
stats: newphase 0 5
stats: tr_friend_requests 52 660.5757868840145 954.1683914198679 3161.154052734375 0.64990234375 545.962444367956 122
stats: 422 40 71
stats: tr_friends 38 682.1574771278783 1004.1310936791567 3261.64208984375 0.635009765625 709.6456964666194 88
stats: size_sent 1810005 10237778
stats: tr_search_all_users 35 741.7129534040179 1116.910010128527 4049.255126953125 0.666015625 896.306815993618 71
stats: connected 54 649
stats: tr_browse_quizzes_page_1 94 577.6230079163898 911.8542972635291 3124.31689453125 0.628173828125 679.8413770564649 378
stats: error_connection_closed 11 14
stats: tr_play_game__1st_question 90 732.7002387152776 947.9631297357289 3274.842041015625 0.64404296875 754.5088556463069 308
stats: 503 1234 2659
stats: tr_play_game__answer_to_question 81 702.563464506173 972.2850163556204 3215.114990234375 0.656982421875 793.2973399853888 262
stats: 404 84 379
stats: tr_index 70 646.9436802455358 978.3428149051205 3274.7578125 1.1640625 667.1909849877451 408
stats: tr_quizzes_page_INDEX 34 754.8393267463235 970.9211773933623 2784.968994140625 0.638916015625 526.4769553699713 87
stats: tr_quiz_questions_SHOW 139 302.88641313511675 720.8722754793095 3133.981201171875 0.10791015625 347.7262890933064 317
# stats: dump at 1448599340
stats: users 863 863
stats: {freemem,"tsung_controller@ip-172-30-3-25"} 1 3089.67578125 0.0 3170.86328125 3089.67578125 3139.9481336805557 18
stats: {load,"tsung_controller@ip-172-30-3-25"} 1 0.1015625 0.0 0.109375 0.0 0.024739583333333332 18
stats: {recvpackets,"tsung_controller@ip-172-30-3-25"} 1 5345.0 0.0 5345 129 1816.3529411764705 17
stats: {sentpackets,"tsung_controller@ip-172-30-3-25"} 1 5627.0 0.0 5627 148 1674.5294117647059 17
stats: {cpu,"tsung_controller@ip-172-30-3-25"} 1 14.873713751169317 0.0 14.873713751169317 1.9704433497536946 5.098939531761125 18
stats: session 95 43066.73628700658 17660.79990353142 128084.2431640625 12795.39697265625 47033.8015366885 297
stats: users_count 309 1255
stats: finish_users_count 95 392
stats: request 2272 469.0144071981945 692.2953798945997 4137.14990234375 0.054931640625 663.5683351712682 7777
stats: connect 395 3.0227254746835452 3.335528960480662 501.655029296875 0.47509765625 5.075322931463068 1100
stats: page 1940 560.6947932607139 865.622560249076 6876.05419921875 0.5478515625 755.6640266615236 6785
stats: tr_play_game__ready_page 91 416.78746083018535 689.8684637551902 3332.02099609375 0.583984375 694.5144908715647 423
stats: 302 208 829
stats: tr_question_new_POST 176 454.12535511363643 675.2304285734315 2832.272216796875 0.654052734375 389.60045042099756 463
stats: 200 323 4211
stats: tr_quiz_new_POST 24 651.4322814941406 774.1142077461215 3169.80908203125 0.85107421875 733.8054942255435 69
stats: size_rcv 1632339 12338818
stats: tr_play_game__leaderboard 43 527.8515170784883 716.8494090965007 3175.66796875 0.761962890625 716.5898882787932 159
stats: newphase 1 6
stats: tr_friend_requests 42 543.8708263578869 693.3518480252055 3161.154052734375 0.64990234375 580.2147076486171 174
stats: 422 74 145
stats: tr_friends 53 490.24298901827837 719.2318288432324 3261.64208984375 0.635009765625 701.3555985708085 126
stats: size_sent 1928195 12165973
stats: tr_search_all_users 41 459.8797994474085 721.0955294380877 4049.255126953125 0.666015625 845.2616726857311 106
stats: connected 209 858
stats: tr_browse_quizzes_page_1 116 338.77950102707433 592.2807062020088 3124.31689453125 0.597900390625 659.4843289650092 472
stats: error_connection_closed 8 22
stats: tr_play_game__1st_question 86 446.0258533566497 692.5223049292828 3274.842041015625 0.64404296875 749.577258852858 398
stats: 503 1460 4119
stats: tr_play_game__answer_to_question 73 469.73285999036807 709.9003920236995 3215.114990234375 0.656982421875 771.8703897993349 343
stats: 404 111 490
stats: tr_index 151 536.7797835394244 683.5718881052594 3274.7578125 1.1640625 664.2258985192207 478
stats: tr_quizzes_page_INDEX 32 424.03916931152344 677.5343627494907 2784.968994140625 0.620849609375 590.6448944344008 121
stats: tr_quiz_questions_SHOW 178 390.9546021879389 643.0038686733812 3133.981201171875 0.10791015625 334.0579935709635 456
# stats: dump at 1448599350
stats: users 1076 1077
stats: {freemem,"tsung_controller@ip-172-30-3-25"} 1 3087.3359375 0.0 3170.86328125 3087.3359375 3137.3022203947367 19
stats: {load,"tsung_controller@ip-172-30-3-25"} 1 0.1484375 0.0 0.1484375 0.0 0.028782894736842105 19
stats: {recvpackets,"tsung_controller@ip-172-30-3-25"} 1 6844.0 0.0 6844 129 2012.388888888889 18
stats: {sentpackets,"tsung_controller@ip-172-30-3-25"} 1 7389.0 0.0 7389 148 1894.111111111111 18
stats: {cpu,"tsung_controller@ip-172-30-3-25"} 1 19.758812615955474 0.0 19.758812615955474 1.9704433497536946 5.613401332782608 19
stats: session 106 45959.06664117777 15705.572863595717 128084.2431640625 12795.39697265625 46072.39541750538 392
stats: users_count 319 1574
stats: finish_users_count 106 498
stats: request 2338 635.6383763583341 902.1914374176982 5004.361083984375 0.054931640625 619.581219602075 10049
stats: connect 384 18.660058975219723 124.01484714014448 1010.20703125 0.466064453125 4.532997850909281 1495
stats: page 2024 730.4830705846252 1005.0296179798084 6876.05419921875 0.5478515625 712.3127014125183 8725
stats: tr_play_game__ready_page 132 490.8449448094224 718.704829334234 3332.02099609375 0.583984375 645.3449194050949 514
stats: 302 214 1043
stats: tr_question_new_POST 137 551.8291282932254 807.5410023971505 3577.9580078125 0.64697265625 407.37256814541763 639
stats: 200 256 4467
stats: tr_quiz_new_POST 25 490.4943652343751 709.7818656316404 3169.80908203125 0.846923828125 712.5478909400201 93
stats: size_rcv 1640975 13979793
stats: tr_play_game__leaderboard 49 379.2041862643495 651.8014759721592 3175.66796875 0.673828125 676.4129082708074 202
stats: newphase 0 6
stats: tr_friend_requests 58 554.7931876346983 699.3001666590195 3161.154052734375 0.6240234375 573.1478418420863 216
stats: 422 71 216
stats: tr_friends 45 348.3089192708334 636.0320636369835 3261.64208984375 0.635009765625 638.8473957424058 179
stats: size_sent 1925187 14091160
stats: tr_search_all_users 48 540.4458262125652 807.8231853015697 4049.255126953125 0.64990234375 737.7742114423894 147
stats: connected 172 1030
stats: tr_browse_quizzes_page_1 125 651.421818359375 809.7044855024233 3687.533935546875 0.597900390625 596.2160295758929 588
stats: error_connection_closed 13 35
stats: tr_play_game__1st_question 132 569.2729973070549 799.8120398678261 4122.983154296875 0.64404296875 695.6404388679946 484
stats: 503 1518 5637
stats: tr_play_game__answer_to_question 105 622.0868117559521 713.1027497891698 3215.114990234375 0.64599609375 718.8510636549729 416
stats: 404 175 665
stats: tr_index 109 1617.1694179149943 1383.3729396600838 5004.43603515625 1.1640625 633.6307262426719 629
stats: 500 45 45
stats: tr_quizzes_page_INDEX 37 542.7609401393581 687.6133457492481 2784.968994140625 0.620849609375 555.7992525786357 153
stats: tr_quiz_questions_SHOW 132 374.0150571880918 679.7765609294767 3133.981201171875 0.10791015625 350.0321202804613 634
# stats: dump at 1448599360
stats: users 1295 1298
stats: {freemem,"tsung_controller@ip-172-30-3-25"} 1 3078.234375 0.0 3170.86328125 3078.234375 3134.80390625 20
stats: {load,"tsung_controller@ip-172-30-3-25"} 1 0.12890625 0.0 0.1484375 0.0 0.034765625 20
stats: {recvpackets,"tsung_controller@ip-172-30-3-25"} 1 6593.0 0.0 6844 129 2266.684210526316 19
stats: {sentpackets,"tsung_controller@ip-172-30-3-25"} 1 7119.0 0.0 7389 148 2183.315789473684 19
stats: {cpu,"tsung_controller@ip-172-30-3-25"} 1 21.461187214611872 0.0 21.461187214611872 1.9704433497536946 6.320671896941251 20
stats: session 112 45381.485220772876 15469.805159341136 128084.2431640625 12795.39697265625 46048.273228166574 498
stats: users_count 331 1905
stats: finish_users_count 112 610
stats: request 2209 980.4884327741272 1808.6056080209635 11240.220947265625 0.054931640625 622.6119479863596 12387
stats: connect 177 1201.5093325167732 1933.3046672166072 7017.802001953125 0.466064453125 7.420060901327168 1879
stats: page 1929 1119.1289419408567 1940.2941557743366 11240.220947265625 0.491943359375 715.7341198890598 10749
stats: tr_play_game__ready_page 91 624.8444770561468 984.0197163192744 6713.510009765625 0.583984375 613.7752651533475 646
stats: 302 189 1232
stats: tr_question_new_POST 105 632.5157877604169 1130.7079716197024 7114.861083984375 0.64697265625 432.87585260450226 776
stats: 200 234 4701
stats: tr_quiz_new_POST 29 417.4173626077586 656.5712564202357 3169.80908203125 0.846923828125 665.5026524430615 118
stats: size_rcv 1554947 15534740
stats: tr_play_game__leaderboard 71 480.8543890294894 704.3962725990765 3175.66796875 0.64599609375 618.3920820623754 251
stats: newphase 0 6
stats: tr_friend_requests 63 412.6041627914187 669.0091697602583 3161.154052734375 0.6240234375 569.2625500755589 274
stats: 422 57 273
stats: tr_friends 50 380.5714990234375 642.7051154048972 3261.64208984375 0.618896484375 580.4802910940988 224
stats: size_sent 1947143 16038303
stats: tr_search_all_users 50 456.76811523437505 718.3719400044604 4049.255126953125 0.64990234375 689.2010704627404 195
stats: connected -16 1014
stats: tr_browse_quizzes_page_1 62 1054.2349026587697 1865.9617339721651 7937.85107421875 0.597900390625 605.8944637945959 713
stats: error_connection_closed 8 43
stats: tr_play_game__1st_question 102 532.8657681334253 746.067249828115 4122.983154296875 0.64404296875 668.5617013906503 616
stats: 503 1458 7095
stats: tr_play_game__answer_to_question 122 565.0137759349382 927.6144165349499 7001.238037109375 0.614990234375 699.3496309306022 521
stats: 404 194 859
stats: tr_index 75 6512.015374348956 1344.101447272691 9680.975830078125 1.1640625 778.8959259612127 738
stats: 500 45 90
stats: tr_quizzes_page_INDEX 51 866.9540106081494 1418.289051910076 8446.84521484375 0.620849609375 553.260212787829 190
stats: tr_quiz_questions_SHOW 101 764.2115587291152 1684.579306393146 10916.55517578125 0.10791015625 354.16495013921747 766
# stats: dump at 1448599370
stats: users 1154 1298
stats: {freemem,"tsung_controller@ip-172-30-3-25"} 1 3066.99609375 0.0 3170.86328125 3066.99609375 3132.1101190476193 21
stats: {load,"tsung_controller@ip-172-30-3-25"} 1 0.3203125 0.0 0.3203125 0.0 0.039248511904761904 21
stats: {recvpackets,"tsung_controller@ip-172-30-3-25"} 1 6569.0 0.0 6844 129 2483.0 20
stats: {sentpackets,"tsung_controller@ip-172-30-3-25"} 1 7704.0 0.0 7704 148 2430.1 20
stats: {cpu,"tsung_controller@ip-172-30-3-25"} 1 18.48512173128945 0.0 21.461187214611872 1.9704433497536946 7.041648816830327 21
stats: session 142 48557.124824631384 18358.522236655717 128084.2431640625 12795.39697265625 45925.84657762871 610
stats: users_count 1 1906
stats: finish_users_count 142 752
stats: request 2480 1456.6410491943357 3173.2647703440894 21048.837158203125 0.054931640625 676.773989291935 14596
stats: connect 249 6519.96255726029 5957.485786666158 15044.412841796875 0.466064453125 110.21860228067247 2056
stats: page 2131 1684.7578594721522 3387.0578064039155 21048.837158203125 0.491943359375 777.1119879863872 12678
stats: tr_play_game__ready_page 70 811.8758649553572 1196.4840513916645 6713.510009765625 0.583984375 615.1420199473159 737
stats: 302 227 1459
stats: tr_question_new_POST 171 635.8480188916302 1199.9150020461425 7736.421142578125 0.64697265625 456.66948846303916 881
stats: 200 261 4962
stats: tr_quiz_new_POST 39 346.10120567908655 579.4408909789958 3169.80908203125 0.846923828125 616.5606564891582 147
stats: size_rcv 1752140 17286880
stats: tr_play_game__leaderboard 99 376.3499620225693 604.240735143826 3175.66796875 0.64599609375 588.0654478843167 322
stats: newphase 0 6
stats: tr_friend_requests 50 398.2357080078125 605.9486817796576 3161.154052734375 0.6240234375 539.9762640254081 337
stats: 422 76 349
stats: tr_friends 54 919.3740641276044 2579.4079454178914 19092.534912109375 0.618896484375 544.0005845118613 274
stats: size_sent 2273298 18311601
stats: tr_search_all_users 52 867.6790724534253 2706.2954788816955 19580.761962890625 0.64990234375 641.7657734773597 245
stats: connected 0 1014
stats: tr_browse_quizzes_page_1 87 1967.5950212149787 3873.0417609695633 20160.598876953125 0.597900390625 641.7616989037299 775
stats: error_connection_closed 25 68
stats: tr_play_game__1st_question 71 478.4503466109155 640.5333099645869 4122.983154296875 0.64404296875 649.2845632399025 718
stats: 503 1623 8718
stats: tr_play_game__answer_to_question 89 576.3654318820222 844.7896256378775 7001.238037109375 0.614990234375 673.8613349594186 643
stats: 404 209 1068
stats: tr_index 91 9660.972701858687 3441.5485784003063 20152.746826171875 1.1640625 1307.7814839305618 813
stats: 500 38 128
stats: tr_quizzes_page_INDEX 39 356.33677634214746 596.257470318922 8446.84521484375 0.620849609375 619.6435475962785 241
stats: tr_quiz_questions_SHOW 161 908.4695006186918 1896.6675488294159 12181.47802734375 0.10791015625 401.93277882154695 867
# stats: dump at 1448599380
stats: users 977 1298
stats: {freemem,"tsung_controller@ip-172-30-3-25"} 1 3057.91796875 0.0 3170.86328125 3057.91796875 3129.150390625 22
stats: {load,"tsung_controller@ip-172-30-3-25"} 1 0.421875 0.0 0.421875 0.0 0.05202414772727273 22
stats: {recvpackets,"tsung_controller@ip-172-30-3-25"} 1 7258.0 0.0 7258 129 2677.5714285714284 21
stats: {sentpackets,"tsung_controller@ip-172-30-3-25"} 1 7596.0 0.0 7704 148 2681.2380952380954 21
stats: {cpu,"tsung_controller@ip-172-30-3-25"} 1 16.666666666666664 0.0 21.461187214611872 1.9704433497536946 7.5618066765784695 22
stats: session 177 52463.26962090616 16346.079159568222 128084.2431640625 12795.39697265625 46422.71028916379 752
stats: users_count 0 1906
stats: finish_users_count 177 929
stats: request 2744 1627.7971969915893 4063.535142605198 21048.837158203125 0.054931640625 790.0364810088449 17076
stats: connect 356 3821.307087758953 6231.603862618692 15045.1181640625 0.466064453125 802.6377974172992 2305
stats: page 2250 1989.4401232638913 4452.173400117394 23126.454833984375 0.491943359375 907.7213034118829 14809
stats: tr_play_game__ready_page 89 564.7527020057936 1095.497452845488 7376.22998046875 0.583984375 632.2069135663529 807
stats: 302 203 1662
stats: tr_question_new_POST 311 334.66641833927866 751.1175959437026 7736.421142578125 0.64697265625 485.79451574753443 1052
stats: 200 218 5180
stats: tr_quiz_new_POST 44 962.0156749378551 2676.9640891232125 17326.840087890625 0.846923828125 559.8514168031754 186
stats: size_rcv 1762240 19049120
stats: tr_play_game__leaderboard 82 389.8737227277058 894.6258376505756 6270.5859375 0.6220703125 538.2796210427181 421
stats: newphase 0 6
stats: tr_friend_requests 46 490.9860202955163 697.0210179228822 3161.154052734375 0.6240234375 521.6635306898014 387
stats: 422 84 433
stats: tr_friends 52 358.01715087890625 827.1732944462228 19092.534912109375 0.618896484375 605.7998768876239 328
stats: size_sent 2340234 20651835
stats: tr_search_all_users 47 551.3140843168218 797.5456526956683 19580.761962890625 0.648193359375 681.3196170691288 297
stats: connected -83 931
stats: tr_browse_quizzes_page_1 84 2067.0977201915925 4136.80478165353 20160.598876953125 0.597900390625 775.5755028957005 862
stats: error_connection_closed 138 206
stats: tr_play_game__1st_question 89 787.5133481829354 2107.0523677853516 19101.678955078125 0.64404296875 633.9116489424905 789
stats: error_abort_max_send_retries 7 7
stats: tr_play_game__answer_to_question 81 367.4191382137346 643.8608515087957 7001.238037109375 0.614990234375 662.0073248858008 732
stats: 503 1960 10678
stats: tr_index 54 18271.37501808451 1730.2004074337603 20152.746826171875 1.1640625 2148.644759186601 904
stats: 404 147 1215
stats: tr_quizzes_page_INDEX 29 1359.6602572737067 3449.3194251244727 19166.325927734375 0.620849609375 582.9686758858817 280
stats: 500 55 183
stats: tr_quiz_questions_SHOW 287 1447.8689339135997 2030.2015846370475 16984.593017578125 0.10791015625 481.2639191030064 1028
# stats: dump at 1448599390
stats: users 718 1298
stats: {freemem,"tsung_controller@ip-172-30-3-25"} 1 3058.453125 0.0 3170.86328125 3057.91796875 3126.053328804348 23
stats: {load,"tsung_controller@ip-172-30-3-25"} 1 0.359375 0.0 0.421875 0.0 0.06810461956521739 23
stats: {recvpackets,"tsung_controller@ip-172-30-3-25"} 1 9895.0 0.0 9895 129 2885.7727272727275 22
stats: {sentpackets,"tsung_controller@ip-172-30-3-25"} 1 9424.0 0.0 9424 148 2904.6363636363635 22
stats: {cpu,"tsung_controller@ip-172-30-3-25"} 1 20.626151012891345 0.0 21.461187214611872 1.9704433497536946 7.95767015440839 23
stats: session 259 54160.9105144486 14841.896362521005 128084.2431640625 12795.39697265625 47573.602648387045 929
stats: users_count 0 1906
stats: finish_users_count 259 1188
stats: request 3151 774.9747621662779 3211.5086533020935 32442.615966796875 0.054931640625 906.0211129289585 19820
stats: connect 327 3468.677405867736 9740.849226449847 31083.419921875 0.466064453125 1206.4883300597753 2661
stats: page 2453 1007.3887303970906 3649.539762498576 32490.56103515625 0.491943359375 1050.3948097526425 17059
stats: tr_play_game__ready_page 49 650.2187898596937 841.0005841575797 7376.22998046875 0.583984375 625.5066626412528 896
stats: 302 241 1903
stats: tr_question_new_POST 535 288.61670286945093 579.0639282186361 7736.421142578125 0.64697265625 451.31114209091845 1363
stats: 200 207 5387
stats: tr_quiz_new_POST 40 484.4609069824219 684.1243526616906 17326.840087890625 0.846923828125 636.7871879245924 230
stats: size_rcv 2007314 21056434
stats: tr_play_game__leaderboard 103 451.1081708889563 638.6255273435561 6270.5859375 0.61083984375 514.0862141603503 503
stats: newphase 0 6
stats: tr_friend_requests 39 421.0964793669872 661.027967622683 3161.154052734375 0.6240234375 518.4044880151199 433
stats: 422 121 554
stats: tr_friends 47 536.3482068650266 710.5217527689335 19092.534912109375 0.618896484375 571.8927670127467 380
stats: size_sent 2707268 23359103
stats: tr_search_all_users 50 1087.2443310546876 4330.947024403255 31066.522216796875 0.648193359375 663.5572332337845 344
stats: connected -213 718
stats: tr_browse_quizzes_page_1 16 4882.467834472656 10049.182114547377 31129.48095703125 0.597900390625 890.2561226133062 946
stats: error_connection_closed 186 392
stats: tr_play_game__1st_question 58 487.6752592941812 687.7991314042089 19101.678955078125 0.64404296875 649.4817528518295 878
stats: error_abort_max_send_retries 69 76
stats: tr_play_game__answer_to_question 90 481.2253634982639 673.0309970744464 7001.238037109375 0.614990234375 632.6572103465174 813
stats: 503 2272 12950
stats: tr_index 9 31313.342312282984 376.3948912219187 32182.629150390625 1.1640625 3057.4416631328295 958
stats: 404 194 1409
stats: tr_quizzes_page_INDEX 40 425.3107055664062 626.7951096319075 19166.325927734375 0.620849609375 655.862060546875 309
stats: 500 14 197
stats: tr_quiz_questions_SHOW 577 453.87108909567195 905.8742276540162 16984.593017578125 0.06494140625 692.2263824114781 1315
# stats: dump at 1448599400
stats: users 547 1298
stats: {freemem,"tsung_controller@ip-172-30-3-25"} 1 3059.0625 0.0 3170.86328125 3057.91796875 3123.2366536458335 24
stats: {load,"tsung_controller@ip-172-30-3-25"} 1 0.37890625 0.0 0.421875 0.0 0.08024088541666667 24
stats: {recvpackets,"tsung_controller@ip-172-30-3-25"} 1 6713.0 0.0 9895 129 3190.521739130435 23
stats: {sentpackets,"tsung_controller@ip-172-30-3-25"} 1 6486.0 0.0 9424 148 3188.086956521739 23
stats: {cpu,"tsung_controller@ip-172-30-3-25"} 1 12.97208538587849 0.0 21.461187214611872 1.9704433497536946 8.485523523511846 24
stats: session 171 54571.88448579131 12430.830367806813 128084.2431640625 12795.39697265625 49009.72448113952 1188
stats: users_count 0 1906
stats: finish_users_count 171 1359
stats: request 1758 720.4813426845586 2222.9888307567503 32492.134765625 0.054931640625 888.0450974636672 22971
stats: connect 93 1338.5018113659287 6300.586526078638 31083.419921875 0.466064453125 1454.057214862052 2988
stats: page 1439 878.9246338399611 2477.9105248989217 32492.134765625 0.491943359375 1044.988192662689 19512
stats: tr_play_game__ready_page 20 760.6910522460937 693.2574118275694 7376.22998046875 0.583984375 626.7880322007275 945
stats: 302 276 2179
stats: tr_question_new_POST 204 436.3750418868719 632.6646871330727 7736.421142578125 0.64697265625 405.451539886764 1898
stats: 200 184 5571
stats: tr_quiz_new_POST 33 647.7776988636363 664.3787603521098 17326.840087890625 0.846923828125 614.2203314887153 270
stats: size_rcv 1295566 22352000
stats: tr_play_game__leaderboard 93 585.1106875840056 670.9301173248818 6270.5859375 0.61083984375 503.3820252874897 606
stats: newphase 0 6
stats: tr_friend_requests 34 632.1314338235294 672.271494616913 3161.154052734375 0.6240234375 510.3642076395327 472
stats: 422 87 641
stats: tr_friends 43 616.3852879723836 694.1597908727648 19092.534912109375 0.618896484375 567.9803681206089 427
stats: size_sent 1596406 24955509
stats: tr_search_all_users 54 721.1474654586228 676.4290695954165 31066.522216796875 0.648193359375 717.3246314344067 394
stats: connected -166 552
stats: tr_browse_quizzes_page_1 9 736.6297743055555 656.3598989475528 31129.48095703125 0.597900390625 956.6546542034824 962
stats: error_connection_closed 10 402
stats: tr_play_game__1st_question 24 599.3032938639323 650.5351375918126 19101.678955078125 0.64404296875 639.4552820971888 936
stats: error_abort_max_send_retries 0 76
stats: tr_play_game__answer_to_question 31 628.3915070564516 695.9007036988204 7001.238037109375 0.614990234375 617.5643352453627 903
stats: 503 919 13869
stats: tr_index 5 32094.34853515625 519.5728378108937 32492.19384765625 1.1640625 3320.423158316233 967
stats: 404 203 1612
stats: tr_quizzes_page_INDEX 18 837.7012939453125 668.2637902054528 19166.325927734375 0.620849609375 629.4378364803456 349
stats: 500 0 197
stats: tr_quiz_questions_SHOW 203 387.0121252501542 596.3174635743508 16984.593017578125 0.06494140625 619.5355767860975 1892
# stats: dump at 1448599410
stats: users 401 1298
stats: {freemem,"tsung_controller@ip-172-30-3-25"} 1 3060.41796875 0.0 3170.86328125 3057.91796875 3120.6696875 25
stats: {load,"tsung_controller@ip-172-30-3-25"} 1 0.3203125 0.0 0.421875 0.0 0.0921875 25
stats: {recvpackets,"tsung_controller@ip-172-30-3-25"} 1 4867.0 0.0 9895 129 3337.2916666666665 24
stats: {sentpackets,"tsung_controller@ip-172-30-3-25"} 1 4398.0 0.0 9424 148 3325.5 24
stats: {cpu,"tsung_controller@ip-172-30-3-25"} 1 9.709543568464731 0.0 21.461187214611872 1.9704433497536946 8.664985998006513 25
stats: session 146 60897.98460910745 11066.632603685626 128084.2431640625 12795.39697265625 49709.59891881094 1359
stats: users_count 0 1906
stats: finish_users_count 146 1505
stats: request 1277 837.12389247718 626.6467534458765 32492.134765625 0.054931640625 876.1328858537487 24729
stats: connect 49 1.5216737085459184 2.55397070739679 31083.419921875 0.466064453125 1450.5691744449343 3081
stats: page 1042 1009.3867011774969 817.9140800057496 32492.134765625 0.491943359375 1033.5822711722635 20951
stats: tr_play_game__ready_page 6 1070.9285074869792 521.5605996860563 7376.22998046875 0.583984375 629.5632243260201 965
stats: 302 284 2463
stats: tr_question_new_POST 172 764.0525257199306 622.2050040505486 7736.421142578125 0.64697265625 408.4526789961941 2102
stats: 200 225 5796
stats: tr_quiz_new_POST 24 789.0783487955729 618.158294534973 17326.840087890625 0.846923828125 617.8750942721225 303
stats: size_rcv 1227090 23579090
stats: tr_play_game__leaderboard 91 896.559835916037 611.1859922053017 6270.5859375 0.61083984375 514.255795807627 699
stats: newphase 0 6
stats: tr_friend_requests 23 902.2703061311141 614.7541729016353 3161.154052734375 0.6240234375 518.5461951696826 506
stats: 422 115 756
stats: tr_friends 29 956.0288675242454 624.4936922163838 19092.534912109375 0.618896484375 572.4089033410904 470
stats: size_sent 1318719 26274228
stats: tr_search_all_users 30 879.0803385416667 681.8890668904928 31066.522216796875 0.648193359375 717.7854194641113 448
stats: connected -150 402
stats: tr_browse_quizzes_page_1 1 1741.43701171875 0.0 31129.48095703125 0.597900390625 954.6152886843462 971
stats: error_connection_closed 2 404
stats: tr_play_game__1st_question 10 816.4484130859375 669.0743693112737 19101.678955078125 0.64404296875 638.4514823913574 960
stats: error_abort_max_send_retries 0 76
stats: tr_play_game__answer_to_question 19 884.1833239103619 615.1479649090179 7001.238037109375 0.614990234375 617.9236953375937 934
stats: 503 390 14259
stats: tr_index 0 0 0 32492.19384765625 1.1640625 3468.4371777444226 972
stats: 404 211 1823
stats: tr_quizzes_page_INDEX 11 1025.1954456676137 488.1566103642745 19166.325927734375 0.620849609375 639.652392977265 367
stats: 500 0 197
stats: tr_quiz_questions_SHOW 164 680.5591356230944 627.032528178457 16984.593017578125 0.06494140625 597.0046647756934 2095
# stats: dump at 1448599420
stats: users 289 1298
stats: {freemem,"tsung_controller@ip-172-30-3-25"} 1 3063.28125 0.0 3170.86328125 3057.91796875 3118.352313701923 26
stats: {load,"tsung_controller@ip-172-30-3-25"} 1 0.26953125 0.0 0.421875 0.0 0.10096153846153846 26
stats: {recvpackets,"tsung_controller@ip-172-30-3-25"} 1 4457.0 0.0 9895 129 3398.48 25
stats: {sentpackets,"tsung_controller@ip-172-30-3-25"} 1 3869.0 0.0 9424 148 3368.4 25
stats: {cpu,"tsung_controller@ip-172-30-3-25"} 1 9.30232558139535 0.0 21.461187214611872 1.9704433497536946 8.705161289177983 26
stats: session 112 68036.04272896903 10551.959027693214 128084.2431640625 12795.39697265625 50794.983842919435 1505
stats: users_count 0 1906
stats: finish_users_count 112 1617
stats: request 931 1093.2434425558888 562.827213951493 32492.134765625 0.054931640625 874.217386178986 26006
stats: connect 26 3.0606219951923075 4.406696062235141 31083.419921875 0.466064453125 1427.8844052640773 3130
stats: page 744 1381.9519036405834 855.0563832055146 32492.134765625 0.491943359375 1032.4359162441253 21993
stats: tr_play_game__ready_page 1 1358.142822265625 0.0 7376.22998046875 0.583984375 632.2905072291774 971
stats: 302 288 2751
stats: tr_question_new_POST 128 966.1757946014403 599.1208652667434 7736.421142578125 0.64697265625 435.3494132250783 2274
stats: 200 218 6014
stats: tr_quiz_new_POST 23 1136.6526940387228 458.7570569573492 17326.840087890625 0.846923828125 630.4404707509078 327
stats: size_rcv 995476 24574566
stats: tr_play_game__leaderboard 58 1216.0433602168641 369.9019209151086 6270.5859375 0.61083984375 558.2933497947984 790
stats: newphase 0 6
stats: tr_friend_requests 8 1242.1510620117188 478.3851816327114 3161.154052734375 0.6240234375 535.2298521680058 529
stats: 422 110 866
stats: tr_friends 22 1168.574174360795 575.429372953311 19092.534912109375 0.618896484375 594.7034503577468 499
stats: size_sent 1011269 27285497
stats: tr_search_all_users 26 1140.329824594351 683.8424343877905 31066.522216796875 0.648193359375 727.9085315401085 478
stats: connected -114 288
stats: tr_browse_quizzes_page_1 0 0 0 31129.48095703125 0.597900390625 955.4247760537231 972
stats: error_connection_closed 4 408
stats: tr_play_game__1st_question 1 1208.4990234375 0.0 19101.678955078125 0.64404296875 640.2865022954253 970
stats: error_abort_max_send_retries 0 76
stats: tr_play_game__answer_to_question 11 1131.2439408735795 538.5521033514403 7001.238037109375 0.614990234375 623.2321244486982 953
stats: 503 154 14413
stats: tr_index 0 0 0 32492.19384765625 1.1640625 3468.4371777444226 972
stats: 404 140 1963
stats: tr_quizzes_page_INDEX 5 1317.991796875 196.67678224011377 19166.325927734375 0.620849609375 650.8718998015873 378
stats: 500 0 197
stats: tr_quiz_questions_SHOW 132 955.0252463600852 590.1572902945577 16984.593017578125 0.06494140625 603.0705936021536 2259
# stats: dump at 1448599430
stats: users 211 1298
stats: {freemem,"tsung_controller@ip-172-30-3-25"} 1 3066.7421875 0.0 3170.86328125 3057.91796875 3116.312644675926 27
stats: {load,"tsung_controller@ip-172-30-3-25"} 1 0.23046875 0.0 0.421875 0.0 0.1072048611111111 27
stats: {recvpackets,"tsung_controller@ip-172-30-3-25"} 1 3597.0 0.0 9895 129 3439.1923076923076 26
stats: {sentpackets,"tsung_controller@ip-172-30-3-25"} 1 2874.0 0.0 9424 148 3387.653846153846 26
stats: {cpu,"tsung_controller@ip-172-30-3-25"} 1 8.220502901353965 0.0 21.461187214611872 1.9704433497536946 8.727278485186034 27
stats: session 78 77025.36780724162 13579.021977150973 141061.50903320313 12795.39697265625 51989.169739788675 1617
stats: users_count 0 1906
stats: finish_users_count 78 1695
stats: request 795 1223.6066716416085 221.06883139307874 32492.134765625 0.054931640625 881.7873924338361 26937
stats: connect 3 2.1736653645833335 1.4108238483297135 31083.419921875 0.466064453125 1416.1463132599608 3156
stats: page 618 1582.2612541717228 607.6006925060997 32492.134765625 0.491943359375 1043.8727766312902 22737
stats: tr_play_game__ready_page 0 0 0 7376.22998046875 0.583984375 633.0372688701614 972
stats: 302 316 3067
stats: tr_question_new_POST 152 1187.3796595523231 184.66756745238308 7736.421142578125 0.64697265625 463.6365809254007 2402
stats: 200 211 6225
stats: tr_quiz_new_POST 10 1244.50595703125 135.13616009024923 17326.840087890625 0.846923828125 663.7058454241071 350
stats: size_rcv 1020582 25595148
stats: tr_play_game__leaderboard 48 1191.6090545654295 171.2557349966376 6270.5859375 0.61083984375 603.2809684321567 848
stats: newphase 0 6
stats: tr_friend_requests 4 1363.7127685546875 171.57779323335458 3161.154052734375 0.6240234375 545.7612668397929 537
stats: 422 145 1011
stats: tr_friends 10 1505.2876708984375 299.51349453263754 19092.534912109375 0.618896484375 618.9359953252459 521
stats: size_sent 783350 28068847
stats: tr_search_all_users 20 1438.894287109375 390.7971180555852 31066.522216796875 0.648193359375 749.1842331659226 504
stats: connected -77 211
stats: tr_browse_quizzes_page_1 0 0 0 31129.48095703125 0.597900390625 955.4247760537231 972
stats: error_connection_closed 0 408
stats: tr_play_game__1st_question 1 1393.798095703125 0.0 19101.678955078125 0.64404296875 640.8716851184346 971
stats: error_abort_max_send_retries 0 76
stats: tr_play_game__answer_to_question 4 1408.1627807617188 198.85703407675598 7001.238037109375 0.614990234375 629.0289397813473 964
stats: 503 0 14413
stats: tr_index 0 0 0 32492.19384765625 1.1640625 3468.4371777444226 972
stats: 404 122 2085
stats: tr_quizzes_page_INDEX 4 1375.4954833984375 174.41885197405952 19166.325927734375 0.620849609375 659.5810368390993 383
stats: 500 0 197
stats: tr_quiz_questions_SHOW 147 1182.451253255208 191.91634994422535 16984.593017578125 0.06494140625 622.5009633905463 2391
# stats: dump at 1448599440
stats: users 115 1298
stats: {freemem,"tsung_controller@ip-172-30-3-25"} 1 3068.171875 0.0 3170.86328125 3057.91796875 3114.5422712053573 28
stats: {load,"tsung_controller@ip-172-30-3-25"} 1 0.19140625 0.0 0.421875 0.0 0.11160714285714286 28
stats: {recvpackets,"tsung_controller@ip-172-30-3-25"} 1 3838.0 0.0 9895 129 3445.037037037037 27
stats: {sentpackets,"tsung_controller@ip-172-30-3-25"} 1 2703.0 0.0 9424 148 3368.6296296296296 27
stats: {cpu,"tsung_controller@ip-172-30-3-25"} 1 6.340057636887608 0.0 21.461187214611872 1.9704433497536946 8.709179357192031 28
stats: session 96 85329.1881713867 11127.86752801568 141061.50903320313 12795.39697265625 53141.27796944137 1695
stats: users_count 0 1906
stats: finish_users_count 96 1791
stats: request 885 718.0654517567093 153.68161592969736 32492.134765625 0.054931640625 891.5864089840372 27732
stats: connect 2 4.35498046875 3.76904296875 31083.419921875 0.466064453125 1414.8035092258722 3159
stats: page 646 1000.9368616818638 393.39702769299276 32492.134765625 0.491943359375 1058.119151245719 23355
stats: tr_play_game__ready_page 0 0 0 7376.22998046875 0.583984375 633.0372688701614 972
stats: 302 407 3474
stats: tr_question_new_POST 213 702.790732513571 130.20672795841412 7736.421142578125 0.64697265625 506.70977902692465 2554
stats: 200 190 6415
stats: tr_quiz_new_POST 15 735.2333333333333 188.47303365386904 17326.840087890625 0.846923828125 679.8391818576389 360
stats: size_rcv 1044159 26639307
stats: tr_play_game__leaderboard 30 749.0689371744792 117.16368000216228 6270.5859375 0.61083984375 634.7985444750105 896
stats: newphase 0 6
stats: tr_friend_requests 3 815.9763997395834 128.07038698758097 3161.154052734375 0.6240234375 551.808967407001 541
stats: 422 196 1207
stats: tr_friends 10 877.4052001953125 283.9007115414962 19092.534912109375 0.618896484375 635.6281172757768 531
stats: size_sent 827219 28896066
stats: tr_search_all_users 11 1043.5573508522727 353.70047166911223 31066.522216796875 0.648193359375 775.5090443851384 524
stats: connected -97 114
stats: tr_browse_quizzes_page_1 0 0 0 31129.48095703125 0.597900390625 955.4247760537231 972
stats: error_connection_closed 0 408
stats: tr_play_game__1st_question 0 0 0 19101.678955078125 0.64404296875 641.6463007671842 972
stats: error_abort_max_send_retries 0 76
stats: tr_play_game__answer_to_question 4 818.910400390625 124.2046306470617 7001.238037109375 0.614990234375 632.2485011077124 968
stats: 503 0 14413
stats: tr_index 0 0 0 32492.19384765625 1.1640625 3468.4371777444226 972
stats: 404 92 2177
stats: tr_quizzes_page_INDEX 2 656.4249267578125 117.4630126953125 19166.325927734375 0.620849609375 666.9806693616764 387
stats: 500 0 197
stats: tr_quiz_questions_SHOW 221 700.0592223292563 133.58652626217872 16984.593017578125 0.06494140625 654.9330723779794 2538
# stats: dump at 1448599450
stats: users 38 1298
stats: {freemem,"tsung_controller@ip-172-30-3-25"} 1 3071.25 0.0 3170.86328125 3057.91796875 3112.943292025862 29
stats: {load,"tsung_controller@ip-172-30-3-25"} 1 0.16015625 0.0 0.421875 0.0 0.11435883620689655 29
stats: {recvpackets,"tsung_controller@ip-172-30-3-25"} 1 3779.0 0.0 9895 129 3459.0714285714284 28
stats: {sentpackets,"tsung_controller@ip-172-30-3-25"} 1 2598.0 0.0 9424 148 3344.8571428571427 28
stats: {cpu,"tsung_controller@ip-172-30-3-25"} 1 5.797101449275362 0.0 21.461187214611872 1.9704433497536946 8.627485504767742 29
stats: session 77 94483.11966061284 11202.862387301122 141061.50903320313 12795.39697265625 54866.59308914364 1791
stats: users_count 0 1906
stats: finish_users_count 77 1868
stats: request 641 213.84100922630668 202.1095251494029 32492.134765625 0.054931640625 886.2201565066222 28617
stats: connect 0 0 0 31083.419921875 0.466064453125 1413.9111026907522 3161
stats: page 465 305.92326791414644 305.2738934951547 32492.134765625 0.491943359375 1056.5800587471458 24001
stats: tr_play_game__ready_page 0 0 0 7376.22998046875 0.583984375 633.0372688701614 972
stats: 302 297 3771
stats: tr_question_new_POST 165 210.24649621212126 181.40231817818915 7736.421142578125 0.64697265625 521.8038314637355 2767
stats: 200 130 6545
stats: tr_quiz_new_POST 8 139.67550659179688 195.92881026157514 17326.840087890625 0.846923828125 682.0549479166667 375
stats: size_rcv 713924 27353231
stats: tr_play_game__leaderboard 26 224.5289963942307 233.89813152482162 6270.5859375 0.61083984375 638.5006090333087 926
stats: newphase 0 6
stats: tr_friend_requests 0 0 0 3161.154052734375 0.6240234375 553.2657731000115 544
stats: 422 149 1356
stats: tr_friends 2 388.4024658203125 312.7774658203125 19092.534912109375 0.618896484375 640.0971945940677 541
stats: size_sent 597735 29493801
stats: tr_search_all_users 7 307.15872628348217 266.55392945414275 31066.522216796875 0.648193359375 781.0203179760514 535
stats: connected -78 36
stats: tr_browse_quizzes_page_1 0 0 0 31129.48095703125 0.597900390625 955.4247760537231 972
stats: error_connection_closed 0 408
stats: tr_play_game__1st_question 0 0 0 19101.678955078125 0.64404296875 641.6463007671842 972
stats: error_abort_max_send_retries 0 76
stats: tr_play_game__answer_to_question 0 0 0 7001.238037109375 0.614990234375 633.0166570718396 972
stats: 503 0 14413
stats: tr_index 0 0 0 32492.19384765625 1.1640625 3468.4371777444226 972
stats: 404 65 2242
stats: tr_quizzes_page_INDEX 1 158.37890625 0.0 19166.325927734375 0.620849609375 666.9263981914767 389
stats: 500 0 197
stats: tr_quiz_questions_SHOW 173 201.99912645637644 173.27059067450324 16984.593017578125 0.06494140625 658.5477440485964 2759
# stats: dump at 1448599460
stats: users 20 1298
stats: {freemem,"tsung_controller@ip-172-30-3-25"} 1 3074.7109375 0.0 3170.86328125 3057.91796875 3111.553515625 30
stats: {load,"tsung_controller@ip-172-30-3-25"} 1 0.140625 0.0 0.421875 0.0 0.11588541666666667 30
stats: {recvpackets,"tsung_controller@ip-172-30-3-25"} 1 1001.0 0.0 9895 129 3470.103448275862 29
stats: {sentpackets,"tsung_controller@ip-172-30-3-25"} 1 846.0 0.0 9424 148 3319.103448275862 29
stats: {cpu,"tsung_controller@ip-172-30-3-25"} 1 2.346041055718475 0.0 21.461187214611872 1.9704433497536946 8.533139369584664 30
stats: session 18 103668.10099283855 7389.6199862866115 141061.50903320313 12795.39697265625 56499.60837072989 1868
stats: users_count 0 1906
stats: finish_users_count 18 1886
stats: request 101 16.99025613010519 24.71177618378321 32492.134765625 0.054931640625 871.4893125184248 29258
stats: connect 1 0.72509765625 0.0 31083.419921875 0.466064453125 1413.9111026907522 3161
stats: page 82 20.958844440739327 27.47140280382566 32492.134765625 0.491943359375 1042.3131002031523 24466
stats: tr_play_game__ready_page 0 0 0 7376.22998046875 0.583984375 633.0372688701614 972
stats: 302 2 3773
stats: tr_question_new_POST 16 11.041839599609375 9.09449072524577 7736.421142578125 0.64697265625 504.2707617787026 2932
stats: 200 70 6615
stats: tr_quiz_new_POST 2 9.07958984375 2.870361328125 17326.840087890625 0.846923828125 670.7258734242413 383
stats: size_rcv 225592 27578823
stats: tr_play_game__leaderboard 8 7.115478515625 2.9286575566915976 6270.5859375 0.61083984375 627.1946616293003 952
stats: newphase 0 6
stats: tr_friend_requests 0 0 0 3161.154052734375 0.6240234375 553.2657731000115 544
stats: 422 1 1357
stats: tr_friends 1 4.4921875 0.0 19092.534912109375 0.618896484375 639.1701421860612 543
stats: size_sent 133343 29627144
stats: tr_search_all_users 1 202.198974609375 0.0 31066.522216796875 0.648193359375 774.9003343195053 542
stats: connected -18 18
stats: tr_browse_quizzes_page_1 0 0 0 31129.48095703125 0.597900390625 955.4247760537231 972
stats: error_connection_closed 0 408
stats: tr_play_game__1st_question 0 0 0 19101.678955078125 0.64404296875 641.6463007671842 972
stats: error_abort_max_send_retries 0 76
stats: tr_play_game__answer_to_question 0 0 0 7001.238037109375 0.614990234375 633.0166570718396 972
stats: 503 0 14413
stats: tr_index 0 0 0 32492.19384765625 1.1640625 3468.4371777444226 972
stats: 404 28 2270
stats: tr_quizzes_page_INDEX 0 0 0 19166.325927734375 0.620849609375 665.6224302634216 390
stats: 500 0 197
stats: tr_quiz_questions_SHOW 16 18.114105224609375 9.327073740417921 16984.593017578125 0.06494140625 631.6095070624252 2932
# stats: dump at 1448599470
stats: users 11 1298
stats: {freemem,"tsung_controller@ip-172-30-3-25"} 1 3088.9765625 0.0 3170.86328125 3057.91796875 3110.3650453629034 31
stats: {load,"tsung_controller@ip-172-30-3-25"} 1 0.12109375 0.0 0.421875 0.0 0.11668346774193548 31
stats: {recvpackets,"tsung_controller@ip-172-30-3-25"} 1 576.0 0.0 9895 129 3387.8 30
stats: {sentpackets,"tsung_controller@ip-172-30-3-25"} 1 550.0 0.0 9424 148 3236.6666666666665 30
stats: {cpu,"tsung_controller@ip-172-30-3-25"} 1 2.046783625730994 0.0 21.461187214611872 1.9704433497536946 8.333555553008337 31
stats: session 9 114095.96457248264 8423.268400235018 141061.50903320313 12795.39697265625 56949.78486447218 1886
stats: users_count 0 1906
stats: finish_users_count 9 1895
stats: request 77 10.004486480316558 7.150448000813145 32492.134765625 0.054931640625 868.5496890743285 29359
stats: connect 1 0.712890625 0.0 31083.419921875 0.466064453125 1413.464174795422 3162
stats: page 59 13.09734590174788 7.978820351640138 32492.134765625 0.491943359375 1038.9013742388163 24548
stats: tr_play_game__ready_page 0 0 0 7376.22998046875 0.583984375 633.0372688701614 972
stats: 302 19 3792
stats: tr_question_new_POST 16 7.7750244140625 3.837655278141254 7736.421142578125 0.64697265625 501.59380697718785 2948
stats: 200 35 6650
stats: tr_quiz_new_POST 2 13.0521240234375 7.2908935546875 17326.840087890625 0.846923828125 667.2887498731737 385
stats: size_rcv 119876 27698699
stats: tr_play_game__leaderboard 6 7.632893880208333 2.5905268864394313 6270.5859375 0.61083984375 622.027335103353 960
stats: newphase 0 6
stats: tr_friend_requests 0 0 0 3161.154052734375 0.6240234375 553.2657731000115 544
stats: 422 9 1366
stats: tr_friends 0 0 0 19092.534912109375 0.618896484375 638.0034547693589 544
stats: size_sent 96837 29723981
stats: tr_search_all_users 1 4.429931640625 0.0 31066.522216796875 0.648193359375 773.8456356828384 543
stats: connected -8 10
stats: tr_browse_quizzes_page_1 0 0 0 31129.48095703125 0.597900390625 955.4247760537231 972
stats: error_connection_closed 0 408
stats: tr_play_game__1st_question 0 0 0 19101.678955078125 0.64404296875 641.6463007671842 972
stats: error_abort_max_send_retries 0 76
stats: tr_play_game__answer_to_question 0 0 0 7001.238037109375 0.614990234375 633.0166570718396 972
stats: 503 0 14413
stats: tr_index 0 0 0 32492.19384765625 1.1640625 3468.4371777444226 972
stats: 404 14 2284
stats: tr_quizzes_page_INDEX 0 0 0 19166.325927734375 0.620849609375 665.6224302634216 390
stats: 500 0 197
stats: tr_quiz_questions_SHOW 16 9.590377807617188 5.897348359724461 16984.593017578125 0.06494140625 628.279816957471 2948
# stats: dump at 1448599480
stats: users 5 1298
stats: {freemem,"tsung_controller@ip-172-30-3-25"} 1 3090.1875 0.0 3170.86328125 3057.91796875 3109.6966552734375 32
stats: {load,"tsung_controller@ip-172-30-3-25"} 1 0.1015625 0.0 0.421875 0.0 0.1168212890625 32
stats: {recvpackets,"tsung_controller@ip-172-30-3-25"} 1 279.0 0.0 9895 129 3297.0967741935483 31
stats: {sentpackets,"tsung_controller@ip-172-30-3-25"} 1 244.0 0.0 9424 148 3150.0 31
stats: {cpu,"tsung_controller@ip-172-30-3-25"} 1 1.1741682974559686 0.0 21.461187214611872 1.1741682974559686 8.137093930280919 32
stats: session 6 116906.35888671875 3949.121316517282 141061.50903320313 12795.39697265625 57221.19152271603 1895
stats: users_count 0 1906
stats: finish_users_count 6 1901
stats: request 64 10.072910308837889 5.952397941224133 32492.134765625 0.054931640625 866.3038682902635 29436
stats: connect 1 0.721923828125 0.0 31083.419921875 0.466064453125 1413.0175256382388 3163
stats: page 46 14.06873089334239 8.236403292295217 32492.134765625 0.491943359375 1036.4418124201513 24607
stats: tr_play_game__ready_page 0 0 0 7376.22998046875 0.583984375 633.0372688701614 972
stats: 302 17 3809
stats: tr_question_new_POST 16 8.931335449218752 4.618970749697208 7736.421142578125 0.64697265625 498.92811854229916 2964
stats: 200 28 6678
stats: tr_quiz_new_POST 2 9.0950927734375 3.9058837890625 17326.840087890625 0.846923828125 663.907682039325 387
stats: size_rcv 102786 27801485
stats: tr_play_game__leaderboard 2 9.9669189453125 0.0589599609375 6270.5859375 0.61083984375 618.2112205615944 966
stats: newphase 0 6
stats: tr_friend_requests 0 0 0 3161.154052734375 0.6240234375 553.2657731000115 544
stats: 422 9 1375
stats: tr_friends 0 0 0 19092.534912109375 0.618896484375 638.0034547693589 544
stats: size_sent 77052 29801033
stats: tr_search_all_users 0 0 0 31066.522216796875 0.648193359375 772.4312685798196 544
stats: connected -5 5
stats: tr_browse_quizzes_page_1 0 0 0 31129.48095703125 0.597900390625 955.4247760537231 972
stats: error_connection_closed 0 408
stats: tr_play_game__1st_question 0 0 0 19101.678955078125 0.64404296875 641.6463007671842 972
stats: error_abort_max_send_retries 0 76
stats: tr_play_game__answer_to_question 0 0 0 7001.238037109375 0.614990234375 633.0166570718396 972
stats: 503 0 14413
stats: tr_index 0 0 0 32492.19384765625 1.1640625 3468.4371777444226 972
stats: 404 10 2294
stats: tr_quizzes_page_INDEX 0 0 0 19166.325927734375 0.620849609375 665.6224302634216 390
stats: 500 0 197
stats: tr_quiz_questions_SHOW 16 9.897232055664063 6.665939823230856 16984.593017578125 0.06494140625 624.940062899982 2964
# stats: dump at 1448599490
stats: users 3 1298
stats: {freemem,"tsung_controller@ip-172-30-3-25"} 1 3090.01953125 0.0 3170.86328125 3057.91796875 3109.10546875 33
stats: {load,"tsung_controller@ip-172-30-3-25"} 1 0.078125 0.0 0.421875 0.0 0.11635890151515152 33
stats: {recvpackets,"tsung_controller@ip-172-30-3-25"} 1 132.0 0.0 9895 129 3202.78125 32
stats: {sentpackets,"tsung_controller@ip-172-30-3-25"} 1 126.0 0.0 9424 126 3059.1875 32
stats: {cpu,"tsung_controller@ip-172-30-3-25"} 1 1.1811023622047243 0.0 21.461187214611872 1.1741682974559686 7.926096183831679 33
stats: session 2 131387.27099609375 2551.224853515625 141061.50903320313 12795.39697265625 57409.57185106112 1901
stats: users_count 0 1906
stats: finish_users_count 2 1903
stats: request 11 12.47705078125 5.85020226226731 32492.134765625 0.054931640625 864.4462824831173 29500
stats: connect 0 0 0 31083.419921875 0.466064453125 1412.571161668008 3164
stats: page 11 12.47705078125 5.85020226226731 32492.134765625 0.491943359375 1034.534167843417 24653
stats: tr_play_game__ready_page 0 0 0 7376.22998046875 0.583984375 633.0372688701614 972
stats: 302 0 3809
stats: tr_question_new_POST 0 0 0 7736.421142578125 0.64697265625 496.2972633310612 2980
stats: 200 8 6686
stats: tr_quiz_new_POST 0 0 0 17326.840087890625 0.846923828125 660.5410363361585 389
stats: size_rcv 17433 27818918
stats: tr_play_game__leaderboard 3 10.746988932291666 5.570750790699928 6270.5859375 0.61083984375 616.9545174590813 968
stats: newphase 0 6
stats: tr_friend_requests 0 0 0 3161.154052734375 0.6240234375 553.2657731000115 544
stats: 422 0 1375
stats: tr_friends 0 0 0 19092.534912109375 0.618896484375 638.0034547693589 544
stats: size_sent 24988 29826021
stats: tr_search_all_users 0 0 0 31066.522216796875 0.648193359375 772.4312685798196 544
stats: connected -2 3
stats: tr_browse_quizzes_page_1 0 0 0 31129.48095703125 0.597900390625 955.4247760537231 972
stats: error_connection_closed 0 408
stats: tr_play_game__1st_question 0 0 0 19101.678955078125 0.64404296875 641.6463007671842 972
stats: error_abort_max_send_retries 0 76
stats: tr_play_game__answer_to_question 0 0 0 7001.238037109375 0.614990234375 633.0166570718396 972
stats: 503 0 14413
stats: tr_index 0 0 0 32492.19384765625 1.1640625 3468.4371777444226 972
stats: 404 3 2297
stats: tr_quizzes_page_INDEX 0 0 0 19166.325927734375 0.620849609375 665.6224302634216 390
stats: 500 0 197
stats: tr_quiz_questions_SHOW 0 0 0 16984.593017578125 0.06494140625 621.6378195128984 2980
# stats: dump at 1448599500
stats: users 0 1298
stats: {freemem,"tsung_controller@ip-172-30-3-25"} 1 3090.4140625 0.0 3170.86328125 3057.91796875 3108.544117647059 34
stats: {load,"tsung_controller@ip-172-30-3-25"} 1 0.0703125 0.0 0.421875 0.0 0.115234375 34
stats: {recvpackets,"tsung_controller@ip-172-30-3-25"} 1 45.0 0.0 9895 45 3109.7272727272725 33
stats: {sentpackets,"tsung_controller@ip-172-30-3-25"} 1 51.0 0.0 9424 51 2970.3030303030305 33
stats: {cpu,"tsung_controller@ip-172-30-3-25"} 1 1.1764705882352942 0.0 21.461187214611872 1.1741682974559686 7.727714012607358 34
stats: session 3 140766.15926106772 7120.640989427683 148022.82495117188 12795.39697265625 57487.32035252726 1903
stats: users_count 0 1906
stats: finish_users_count 3 1906
stats: request 29 6.560479525862069 3.977284832202185 32492.134765625 0.054931640625 864.1287174548661 29511
stats: connect 1 1.364013671875 0.0 31083.419921875 0.466064453125 1412.571161668008 3164
stats: page 20 9.562744140625 4.75174007040068 32492.134765625 0.491943359375 1034.078336336456 24664
stats: tr_play_game__ready_page 0 0 0 7376.22998046875 0.583984375 633.0372688701614 972
stats: 302 17 3826
stats: tr_question_new_POST 8 6.181488037109375 3.7089213685574376 7736.421142578125 0.64697265625 496.2972633310612 2980
stats: 200 2 6688
stats: tr_quiz_new_POST 1 6.505126953125 0.0 17326.840087890625 0.846923828125 660.5410363361585 389
stats: size_rcv 21918 27840836
stats: tr_play_game__leaderboard 1 4.426025390625 0.0 6270.5859375 0.61083984375 615.0815796778451 971
stats: newphase 0 6
stats: tr_friend_requests 0 0 0 3161.154052734375 0.6240234375 553.2657731000115 544
stats: 422 9 1384
stats: tr_friends 0 0 0 19092.534912109375 0.618896484375 638.0034547693589 544
stats: size_sent 26248 29852269
stats: tr_search_all_users 0 0 0 31066.522216796875 0.648193359375 772.4312685798196 544
stats: connected -3 0
stats: tr_browse_quizzes_page_1 0 0 0 31129.48095703125 0.597900390625 955.4247760537231 972
stats: error_connection_closed 0 408
stats: tr_play_game__1st_question 0 0 0 19101.678955078125 0.64404296875 641.6463007671842 972
stats: error_abort_max_send_retries 0 76
stats: tr_play_game__answer_to_question 0 0 0 7001.238037109375 0.614990234375 633.0166570718396 972
stats: 503 0 14413
stats: tr_index 0 0 0 32492.19384765625 1.1640625 3468.4371777444226 972
stats: 404 1 2298
stats: tr_quizzes_page_INDEX 0 0 0 19166.325927734375 0.620849609375 665.6224302634216 390
stats: 500 0 197
stats: tr_quiz_questions_SHOW 8 4.65679931640625 2.859696786393528 16984.593017578125 0.06494140625 621.6378195128984 2980
# stats: dump at 1448599500
stats: users 0 1298
stats: {freemem,"tsung_controller@ip-172-30-3-25"} 0 0 0 3170.86328125 3057.91796875 3108.0261160714285 35
stats: {load,"tsung_controller@ip-172-30-3-25"} 0 0 0 0.421875 0.0 0.11395089285714285 35
stats: {recvpackets,"tsung_controller@ip-172-30-3-25"} 0 0 0 9895 45 3019.5882352941176 34
stats: {sentpackets,"tsung_controller@ip-172-30-3-25"} 0 0 0 9424 51 2884.4411764705883 34
stats: {cpu,"tsung_controller@ip-172-30-3-25"} 0 0 0 21.461187214611872 1.1741682974559686 7.54053562905387 35
stats: session 0 0 0 148022.82495117188 12795.39697265625 57618.399322477744 1906
stats: users_count 0 1906
stats: finish_users_count 0 1906
stats: request 0 0 0 32492.134765625 0.054931640625 863.2868258197971 29540
stats: connect 0 0 0 31083.419921875 0.466064453125 1412.1252826323062 3165
stats: page 0 0 0 32492.134765625 0.491943359375 1033.2482313354872 24684
stats: tr_play_game__ready_page 0 0 0 7376.22998046875 0.583984375 633.0372688701614 972
stats: 302 0 3826
stats: tr_question_new_POST 0 0 0 7736.421142578125 0.64697265625 494.9850390330854 2988
stats: 200 0 6688
stats: tr_quiz_new_POST 0 0 0 17326.840087890625 0.846923828125 658.8640211838944 390
stats: size_rcv 0 27840836
stats: tr_play_game__leaderboard 0 0 0 6270.5859375 0.61083984375 614.4533332228172 972
stats: newphase 0 6
stats: tr_friend_requests 0 0 0 3161.154052734375 0.6240234375 553.2657731000115 544
stats: 422 0 1384
stats: tr_friends 0 0 0 19092.534912109375 0.618896484375 638.0034547693589 544
stats: size_sent 0 29852269
stats: tr_search_all_users 0 0 0 31066.522216796875 0.648193359375 772.4312685798196 544
stats: connected 0 0
stats: tr_browse_quizzes_page_1 0 0 0 31129.48095703125 0.597900390625 955.4247760537231 972
stats: error_connection_closed 0 408
stats: tr_play_game__1st_question 0 0 0 19101.678955078125 0.64404296875 641.6463007671842 972
stats: error_abort_max_send_retries 0 76
stats: tr_play_game__answer_to_question 0 0 0 7001.238037109375 0.614990234375 633.0166570718396 972
stats: 503 0 14413
stats: tr_index 0 0 0 32492.19384765625 1.1640625 3468.4371777444226 972
stats: 404 0 2298
stats: tr_quizzes_page_INDEX 0 0 0 19166.325927734375 0.620849609375 665.6224302634216 390
stats: 500 0 197
stats: tr_quiz_questions_SHOW 0 0 0 16984.593017578125 0.06494140625 619.9859292312478 2988
EndMonitor:{1448,599500,699630}
