[06/Dec/2015:17:22:29 -0000] access to /oapi/img/adspacer.gif failed for 0:0:0:0:0:FFFF:CA03:D0A1, reason: 
"httpd_file: Can't access /home/ec2-user/.tsung/log/20151206-1716/oapi/img/adspacer.gif: File not found"
[06/Dec/2015:17:23:36 -0000] access to /es/images/graphes-Transactions-mean_tn.png failed for 0:0:0:0:0:FFFF:44E3:55A3, reason: 
"mod_esi: Client not authorized to evaluate: images/graphes-Transactions-mean_tn.png"
[06/Dec/2015:17:23:36 -0000] access to /es/images/graphes-Perfs-mean_tn.png failed for 0:0:0:0:0:FFFF:44E3:55A3, reason: 
"mod_esi: Client not authorized to evaluate: images/graphes-Perfs-mean_tn.png"
[06/Dec/2015:17:23:36 -0000] access to /es/images/graphes-Transactions-rate_tn.png failed for 0:0:0:0:0:FFFF:44E3:55A3, reason: 
"mod_esi: Client not authorized to evaluate: images/graphes-Transactions-rate_tn.png"
[06/Dec/2015:17:23:36 -0000] access to /es/images/graphes-Perfs-rate_tn.png failed for 0:0:0:0:0:FFFF:44E3:55A3, reason: 
"mod_esi: Client not authorized to evaluate: images/graphes-Perfs-rate_tn.png"
[06/Dec/2015:17:23:36 -0000] access to /es/images/graphes-Size-rate_tn.png failed for 0:0:0:0:0:FFFF:44E3:55A3, reason: 
"mod_esi: Client not authorized to evaluate: images/graphes-Size-rate_tn.png"
[06/Dec/2015:17:23:36 -0000] access to /es/images/graphes-Users-simultaneous_tn.png failed for 0:0:0:0:0:FFFF:44E3:55A3, reason: 
"mod_esi: Client not authorized to evaluate: images/graphes-Users-simultaneous_tn.png"
[06/Dec/2015:17:23:36 -0000] access to /es/images/graphes-Users_Arrival-rate_tn.png failed for 0:0:0:0:0:FFFF:44E3:55A3, reason: 
"mod_esi: Client not authorized to evaluate: images/graphes-Users_Arrival-rate_tn.png"
[06/Dec/2015:17:23:36 -0000] access to /es/images/graphes-freemem-mean_tn.png failed for 0:0:0:0:0:FFFF:44E3:55A3, reason: 
"mod_esi: Client not authorized to evaluate: images/graphes-freemem-mean_tn.png"
[06/Dec/2015:17:23:36 -0000] access to /es/images/graphes-load-mean_tn.png failed for 0:0:0:0:0:FFFF:44E3:55A3, reason: 
"mod_esi: Client not authorized to evaluate: images/graphes-load-mean_tn.png"
[06/Dec/2015:17:23:36 -0000] access to /es/images/graphes-cpu-mean_tn.png failed for 0:0:0:0:0:FFFF:44E3:55A3, reason: 
"mod_esi: Client not authorized to evaluate: images/graphes-cpu-mean_tn.png"
[06/Dec/2015:17:23:36 -0000] access to /es/images/graphes-HTTP_CODE-rate_tn.png failed for 0:0:0:0:0:FFFF:44E3:55A3, reason: 
"mod_esi: Client not authorized to evaluate: images/graphes-HTTP_CODE-rate_tn.png"
