[19/Nov/2015:23:39:39 -0000] access to /favicon.ico failed for 0:0:0:0:0:FFFF:A9E7:9748, reason: 
"httpd_file: Can't access /home/ec2-user/.tsung/log/20151119-2339/favicon.ico: File not found"
[19/Nov/2015:23:39:40 -0000] access to /assets/ico/favicon.ico failed for 0:0:0:0:0:FFFF:A9E7:9748, reason: 
"httpd_file: Can't access /home/ec2-user/.tsung/log/20151119-2339/assets/ico/favicon.ico: File not found"
[19/Nov/2015:23:42:09 -0000] server crash for 0:0:0:0:0:FFFF:A9E7:9748, reason: 
"Error reading request: No request received on keep-alive connection before server side timeout"

[19/Nov/2015:23:42:09 -0000] server crash for 0:0:0:0:0:FFFF:A9E7:9748, reason: 
"Error reading request: No request received on keep-alive connection before server side timeout"

[19/Nov/2015:23:42:09 -0000] server crash for 0:0:0:0:0:FFFF:A9E7:9748, reason: 
"Error reading request: No request received on keep-alive connection before server side timeout"

[19/Nov/2015:23:42:09 -0000] server crash for 0:0:0:0:0:FFFF:A9E7:9748, reason: 
"Error reading request: No request received on keep-alive connection before server side timeout"

[19/Nov/2015:23:42:10 -0000] server crash for 0:0:0:0:0:FFFF:A9E7:9748, reason: 
"Error reading request: No request received on keep-alive connection before server side timeout"

[19/Nov/2015:23:46:21 -0000] access to /assets/ico/favicon.ico failed for 0:0:0:0:0:FFFF:A9E7:9748, reason: 
"httpd_file: Can't access /home/ec2-user/.tsung/log/20151119-2339/assets/ico/favicon.ico: File not found"
[19/Nov/2015:23:47:11 -0000] access to /assets/ico/favicon.ico failed for 0:0:0:0:0:FFFF:A9E7:9748, reason: 
"httpd_file: Can't access /home/ec2-user/.tsung/log/20151119-2339/assets/ico/favicon.ico: File not found"
[19/Nov/2015:23:47:23 -0000] access to /assets/ico/favicon.ico failed for 0:0:0:0:0:FFFF:A9E7:9748, reason: 
"httpd_file: Can't access /home/ec2-user/.tsung/log/20151119-2339/assets/ico/favicon.ico: File not found"
[19/Nov/2015:23:47:34 -0000] access to /assets/ico/favicon.ico failed for 0:0:0:0:0:FFFF:A9E7:9748, reason: 
"httpd_file: Can't access /home/ec2-user/.tsung/log/20151119-2339/assets/ico/favicon.ico: File not found"
[19/Nov/2015:23:47:41 -0000] access to /assets/ico/favicon.ico failed for 0:0:0:0:0:FFFF:A9E7:9748, reason: 
"httpd_file: Can't access /home/ec2-user/.tsung/log/20151119-2339/assets/ico/favicon.ico: File not found"
[19/Nov/2015:23:47:45 -0000] access to /assets/ico/favicon.ico failed for 0:0:0:0:0:FFFF:A9E7:9748, reason: 
"httpd_file: Can't access /home/ec2-user/.tsung/log/20151119-2339/assets/ico/favicon.ico: File not found"
[19/Nov/2015:23:47:53 -0000] access to /assets/ico/favicon.ico failed for 0:0:0:0:0:FFFF:A9E7:9748, reason: 
"httpd_file: Can't access /home/ec2-user/.tsung/log/20151119-2339/assets/ico/favicon.ico: File not found"
[19/Nov/2015:23:47:54 -0000] access to /assets/ico/favicon.ico failed for 0:0:0:0:0:FFFF:A9E7:9748, reason: 
"httpd_file: Can't access /home/ec2-user/.tsung/log/20151119-2339/assets/ico/favicon.ico: File not found"
[19/Nov/2015:23:47:59 -0000] access to /favicon.ico failed for 0:0:0:0:0:FFFF:A9E7:9748, reason: 
"httpd_file: Can't access /home/ec2-user/.tsung/log/20151119-2339/favicon.ico: File not found"
[19/Nov/2015:23:48:15 -0000] access to /es/images/graphes-Transactions-mean_tn.png failed for 0:0:0:0:0:FFFF:A9E7:9748, reason: 
"mod_esi: Client not authorized to evaluate: images/graphes-Transactions-mean_tn.png"
[19/Nov/2015:23:48:15 -0000] access to /es/images/graphes-Perfs-mean_tn.png failed for 0:0:0:0:0:FFFF:A9E7:9748, reason: 
"mod_esi: Client not authorized to evaluate: images/graphes-Perfs-mean_tn.png"
[19/Nov/2015:23:48:15 -0000] access to /es/images/graphes-Transactions-rate_tn.png failed for 0:0:0:0:0:FFFF:A9E7:9748, reason: 
"mod_esi: Client not authorized to evaluate: images/graphes-Transactions-rate_tn.png"
[19/Nov/2015:23:48:15 -0000] access to /es/images/graphes-Perfs-rate_tn.png failed for 0:0:0:0:0:FFFF:A9E7:9748, reason: 
"mod_esi: Client not authorized to evaluate: images/graphes-Perfs-rate_tn.png"
[19/Nov/2015:23:48:15 -0000] access to /es/images/graphes-Size-rate_tn.png failed for 0:0:0:0:0:FFFF:A9E7:9748, reason: 
"mod_esi: Client not authorized to evaluate: images/graphes-Size-rate_tn.png"
[19/Nov/2015:23:48:15 -0000] access to /es/images/graphes-Users_Arrival-rate_tn.png failed for 0:0:0:0:0:FFFF:A9E7:9748, reason: 
"mod_esi: Client not authorized to evaluate: images/graphes-Users_Arrival-rate_tn.png"
[19/Nov/2015:23:48:15 -0000] access to /es/images/graphes-Users-simultaneous_tn.png failed for 0:0:0:0:0:FFFF:A9E7:9748, reason: 
"mod_esi: Client not authorized to evaluate: images/graphes-Users-simultaneous_tn.png"
[19/Nov/2015:23:48:15 -0000] access to /es/images/graphes-HTTP_CODE-rate_tn.png failed for 0:0:0:0:0:FFFF:A9E7:9748, reason: 
"mod_esi: Client not authorized to evaluate: images/graphes-HTTP_CODE-rate_tn.png"
[19/Nov/2015:23:48:15 -0000] access to /es/images/graphes-load-mean_tn.png failed for 0:0:0:0:0:FFFF:A9E7:9748, reason: 
"mod_esi: Client not authorized to evaluate: images/graphes-load-mean_tn.png"
[19/Nov/2015:23:48:15 -0000] access to /es/images/graphes-freemem-mean_tn.png failed for 0:0:0:0:0:FFFF:A9E7:9748, reason: 
"mod_esi: Client not authorized to evaluate: images/graphes-freemem-mean_tn.png"
[19/Nov/2015:23:48:15 -0000] access to /es/images/graphes-Errors-rate_tn.png failed for 0:0:0:0:0:FFFF:A9E7:9748, reason: 
"mod_esi: Client not authorized to evaluate: images/graphes-Errors-rate_tn.png"
[19/Nov/2015:23:48:15 -0000] access to /es/images/graphes-cpu-mean_tn.png failed for 0:0:0:0:0:FFFF:A9E7:9748, reason: 
"mod_esi: Client not authorized to evaluate: images/graphes-cpu-mean_tn.png"
[19/Nov/2015:23:48:20 -0000] access to /icons/blank.gif failed for 0:0:0:0:0:FFFF:A9E7:9748, reason: 
"httpd_file: Can't access /home/ec2-user/.tsung/log/20151119-2339/icons/blank.gif: File not found"
[19/Nov/2015:23:48:20 -0000] access to /icons/image2.gif failed for 0:0:0:0:0:FFFF:A9E7:9748, reason: 
"httpd_file: Can't access /home/ec2-user/.tsung/log/20151119-2339/icons/image2.gif: File not found"
