[06/Dec/2015:18:18:40 -0000] server crash for 0:0:0:0:0:FFFF:44E3:55A3, reason: 
"Error reading request: No request received on keep-alive connection before server side timeout"

[06/Dec/2015:18:18:40 -0000] server crash for 0:0:0:0:0:FFFF:44E3:55A3, reason: 
"Error reading request: No request received on keep-alive connection before server side timeout"

[06/Dec/2015:18:18:40 -0000] server crash for 0:0:0:0:0:FFFF:44E3:55A3, reason: 
"Error reading request: No request received on keep-alive connection before server side timeout"

[06/Dec/2015:18:18:40 -0000] server crash for 0:0:0:0:0:FFFF:44E3:55A3, reason: 
"Error reading request: No request received on keep-alive connection before server side timeout"

[06/Dec/2015:18:18:40 -0000] server crash for 0:0:0:0:0:FFFF:44E3:55A3, reason: 
"Error reading request: No request received on keep-alive connection before server side timeout"

[06/Dec/2015:18:18:48 -0000] access to /oapi/getAd;jsessionid=3C175D3F1CEA5872CDE6C393285780F6.soma-i-33c44c8d failed for 0:0:0:0:0:FFFF:4266:6DA, reason: 
"httpd_file: Can't access /home/ec2-user/.tsung/log/20151206-1811/oapi/getAd;jsessionid=3C175D3F1CEA5872CDE6C393285780F6.soma-i-33c44c8d: File not found"
[06/Dec/2015:18:19:13 -0000] access to /es/images/graphes-Transactions-mean_tn.png failed for 0:0:0:0:0:FFFF:44E3:55A3, reason: 
"mod_esi: Client not authorized to evaluate: images/graphes-Transactions-mean_tn.png"
[06/Dec/2015:18:19:13 -0000] access to /es/images/graphes-Perfs-mean_tn.png failed for 0:0:0:0:0:FFFF:44E3:55A3, reason: 
"mod_esi: Client not authorized to evaluate: images/graphes-Perfs-mean_tn.png"
[06/Dec/2015:18:19:13 -0000] access to /es/images/graphes-Perfs-rate_tn.png failed for 0:0:0:0:0:FFFF:44E3:55A3, reason: 
"mod_esi: Client not authorized to evaluate: images/graphes-Perfs-rate_tn.png"
[06/Dec/2015:18:19:13 -0000] access to /es/images/graphes-Transactions-rate_tn.png failed for 0:0:0:0:0:FFFF:44E3:55A3, reason: 
"mod_esi: Client not authorized to evaluate: images/graphes-Transactions-rate_tn.png"
[06/Dec/2015:18:19:13 -0000] access to /es/images/graphes-Size-rate_tn.png failed for 0:0:0:0:0:FFFF:44E3:55A3, reason: 
"mod_esi: Client not authorized to evaluate: images/graphes-Size-rate_tn.png"
[06/Dec/2015:18:19:13 -0000] access to /es/images/graphes-Users-simultaneous_tn.png failed for 0:0:0:0:0:FFFF:44E3:55A3, reason: 
"mod_esi: Client not authorized to evaluate: images/graphes-Users-simultaneous_tn.png"
[06/Dec/2015:18:19:13 -0000] access to /es/images/graphes-Users_Arrival-rate_tn.png failed for 0:0:0:0:0:FFFF:44E3:55A3, reason: 
"mod_esi: Client not authorized to evaluate: images/graphes-Users_Arrival-rate_tn.png"
[06/Dec/2015:18:19:13 -0000] access to /es/images/graphes-freemem-mean_tn.png failed for 0:0:0:0:0:FFFF:44E3:55A3, reason: 
"mod_esi: Client not authorized to evaluate: images/graphes-freemem-mean_tn.png"
[06/Dec/2015:18:19:13 -0000] access to /es/images/graphes-cpu-mean_tn.png failed for 0:0:0:0:0:FFFF:44E3:55A3, reason: 
"mod_esi: Client not authorized to evaluate: images/graphes-cpu-mean_tn.png"
[06/Dec/2015:18:19:13 -0000] access to /es/images/graphes-load-mean_tn.png failed for 0:0:0:0:0:FFFF:44E3:55A3, reason: 
"mod_esi: Client not authorized to evaluate: images/graphes-load-mean_tn.png"
[06/Dec/2015:18:19:13 -0000] access to /es/images/graphes-HTTP_CODE-rate_tn.png failed for 0:0:0:0:0:FFFF:44E3:55A3, reason: 
"mod_esi: Client not authorized to evaluate: images/graphes-HTTP_CODE-rate_tn.png"
