# stats: dump at 1448596353
stats: users 9 9
stats: {freemem,"tsung_controller@ip-172-30-3-25"} 1 3171.07421875 0 3171.07421875 3171.07421875 0 0
stats: {load,"tsung_controller@ip-172-30-3-25"} 1 0.0 0 0.0 0.0 0 0
stats: {cpu,"tsung_controller@ip-172-30-3-25"} 1 5.8470757734226 0 5.8470757734226 5.8470757734226 0 0
stats: users_count 9 9
stats: finish_users_count 0 0
stats: request 15 15.255729166666667 28.45239376835326 121.614990234375 5.888916015625 0 0
stats: connect 9 13.30810546875 35.559703855532916 113.885986328125 0.6181640625 0 0
stats: page 15 15.255729166666667 28.45239376835326 121.614990234375 5.888916015625 0 0
stats: tr_play_game__ready_page 1 8.211181640625 0 8.211181640625 8.211181640625 0 0
stats: 200 15 15
stats: tr_browse_quizzes_page_1 4 8.8785400390625 0.25597236409812674 9.273193359375 8.55908203125 0 0
stats: size_rcv 63275 63275
stats: tr_play_game__1st_question 1 7.509033203125 0 7.509033203125 7.509033203125 0 0
stats: size_sent 4647 4647
stats: tr_index 8 21.681640625 38.57570077352452 123.681884765625 5.93798828125 0 0
stats: connected 9 9
# stats: dump at 1448596363
stats: users 16 16
stats: {freemem,"tsung_controller@ip-172-30-3-25"} 1 3171.2890625 0.0 3171.2890625 3171.07421875 3171.07421875 1
stats: {load,"tsung_controller@ip-172-30-3-25"} 1 0.0 0.0 0.0 0.0 0.0 1
stats: {recvpackets,"tsung_controller@ip-172-30-3-25"} 1 139 0 139 139 0 0
stats: {sentpackets,"tsung_controller@ip-172-30-3-25"} 1 139 0 139 139 0 0
stats: {cpu,"tsung_controller@ip-172-30-3-25"} 1 2.0689655172413794 0.0 5.8470757734226 2.0689655172413794 5.8470757734226 1
stats: users_count 7 16
stats: finish_users_count 0 0
stats: request 44 22.11262096058239 33.087063986129564 164.341796875 5.43603515625 15.255729166666667 15
stats: connect 7 3.0355398995535716 2.3066383542029225 113.885986328125 0.6181640625 13.30810546875 9
stats: page 42 23.168241954985117 38.25212858504154 200.941162109375 5.43603515625 15.255729166666667 15
stats: tr_play_game__ready_page 7 11.294294084821429 7.066484860531794 27.385986328125 6.134033203125 8.211181640625 1
stats: 302 2 2
stats: tr_browse_quizzes_page_1 7 14.437290736607142 8.172858239168647 27.43603515625 6.9111328125 8.8785400390625 4
stats: 200 42 57
stats: tr_play_game__1st_question 7 20.933558872767858 19.620218603248905 60.801025390625 6.352783203125 7.509033203125 1
stats: size_rcv 137171 200446
stats: tr_play_game__answer_to_question 4 15.0362548828125 5.537756841302455 19.075927734375 5.530029296875 0 0
stats: size_sent 25648 30295
stats: tr_index 3 17.150716145833332 7.102284663203835 123.681884765625 5.93798828125 21.681640625 8
stats: connected 7 16
# stats: dump at 1448596373
stats: users 28 28
stats: {freemem,"tsung_controller@ip-172-30-3-25"} 1 3170.09765625 0.0 3171.2890625 3170.09765625 3171.181640625 2
stats: {load,"tsung_controller@ip-172-30-3-25"} 1 0.0 0.0 0.0 0.0 0.0 2
stats: {recvpackets,"tsung_controller@ip-172-30-3-25"} 1 201.0 0.0 201 139 139.0 1
stats: {sentpackets,"tsung_controller@ip-172-30-3-25"} 1 219.0 0.0 219 139 139.0 1
stats: {cpu,"tsung_controller@ip-172-30-3-25"} 1 1.4807502467917077 0.0 5.8470757734226 1.4807502467917077 3.95802064533199 2
stats: users_count 12 28
stats: finish_users_count 0 0
stats: request 57 81.70831620065789 197.85452618554245 908.346923828125 5.43603515625 20.369343385858055 59
stats: connect 12 1.678955078125 3.1343819150661405 113.885986328125 0.510986328125 8.813858032226563 16
stats: page 54 72.45286277488425 186.45707909305375 908.346923828125 5.43603515625 21.086001747532894 57
stats: tr_play_game__ready_page 3 228.85270182291666 313.1644603620189 671.73388671875 6.134033203125 10.908905029296875 8
stats: 302 2 4
stats: tr_friend_requests 1 9.30615234375 0 9.30615234375 9.30615234375 0 0
stats: 200 55 112
stats: tr_friends 1 62.486083984375 0 62.486083984375 62.486083984375 0 0
stats: size_rcv 161663 362109
stats: tr_browse_quizzes_page_1 7 8.125209263392858 0.5714846907034009 27.43603515625 6.9111328125 12.415926846590908 11
stats: size_sent 35984 66279
stats: tr_play_game__1st_question 2 7.5894775390625 0.5985107421875 60.801025390625 6.352783203125 19.2554931640625 8
stats: connected 12 28
stats: tr_play_game__answer_to_question 4 84.8408203125 132.94677342608983 315.10302734375 5.530029296875 15.0362548828125 4
stats: tr_index 7 62.980294363839285 91.53493968246669 246.27294921875 5.93798828125 20.445933948863637 11
# stats: dump at 1448596383
stats: users 35 35
stats: {freemem,"tsung_controller@ip-172-30-3-25"} 1 3168.05078125 0.0 3171.2890625 3168.05078125 3170.8203125 3
stats: {load,"tsung_controller@ip-172-30-3-25"} 1 0.0 0.0 0.0 0.0 0.0 3
stats: {recvpackets,"tsung_controller@ip-172-30-3-25"} 1 327.0 0.0 327 139 170.0 2
stats: {sentpackets,"tsung_controller@ip-172-30-3-25"} 1 338.0 0.0 338 139 179.0 2
stats: {cpu,"tsung_controller@ip-172-30-3-25"} 1 2.2571148184494603 0.0 5.8470757734226 1.4807502467917077 3.1322638458185623 3
stats: session 4 20727.16143798828 8481.17357543486 32449.1640625 12236.52099609375 0 0
stats: users_count 11 39
stats: finish_users_count 4 4
stats: request 94 92.52676975980725 345.0881748678146 2514.780029296875 5.2958984375 50.51004554485453 116
stats: connect 11 1.51806640625 2.4239676085176907 113.885986328125 0.510986328125 5.75604248046875 28
stats: page 88 107.30655184659085 382.01534263529203 2530.389892578125 5.2958984375 46.075285490568696 111
stats: tr_play_game__ready_page 8 27.96630859375 21.718968271626935 671.73388671875 6.134033203125 70.34812233664773 11
stats: 302 5 9
stats: tr_play_game__leaderboard 3 7.1904296875 0.5541698924188257 7.9501953125 6.64404296875 0 0
stats: 200 86 198
stats: tr_friend_requests 3 32.154296875 33.67152473521252 79.77294921875 8.27197265625 9.30615234375 1
stats: size_rcv 254887 616996
stats: tr_friends 1 12.843017578125 0.0 62.486083984375 12.843017578125 62.486083984375 1
stats: newphase 1 1
stats: tr_search_all_users 2 1030.5445556640625 853.2554931640625 1883.800048828125 177.2890625 0 0
stats: size_sent 61175 127454
stats: tr_browse_quizzes_page_1 6 8.272216796875 1.3440787925936002 27.43603515625 6.9111328125 10.747314453125 18
stats: connected 7 35
stats: tr_play_game__1st_question 8 19.3797607421875 24.968143976780087 83.412109375 6.352783203125 16.9222900390625 10
stats: 500 3 3
stats: tr_play_game__answer_to_question 6 8.679524739583334 4.660998049979393 315.10302734375 5.530029296875 49.93853759765625 8
stats: tr_index 7 10.107735770089286 4.500811421781415 246.27294921875 5.93798828125 36.98707411024306 18
stats: tr_quizzes_page_INDEX 3 22.571695963541668 14.079336904302048 40.119140625 5.64892578125 0 0
# stats: dump at 1448596393
stats: users 46 46
stats: {freemem,"tsung_controller@ip-172-30-3-25"} 1 3167.3359375 0.0 3171.2890625 3167.3359375 3170.1279296875 4
stats: {load,"tsung_controller@ip-172-30-3-25"} 1 0.0 0.0 0.0 0.0 0.0 4
stats: {recvpackets,"tsung_controller@ip-172-30-3-25"} 1 450.0 0.0 450 139 222.33333333333334 3
stats: {sentpackets,"tsung_controller@ip-172-30-3-25"} 1 448.0 0.0 448 139 232.0 3
stats: {cpu,"tsung_controller@ip-172-30-3-25"} 1 2.359882005899705 0.0 5.8470757734226 1.4807502467917077 2.913476588976287 4
stats: session 4 33287.20977783203 4181.865379402309 38131.489990234375 12236.52099609375 20727.16143798828 4
stats: users_count 15 54
stats: finish_users_count 4 8
stats: request 95 26.560500616776316 47.513862238567704 2514.780029296875 4.843017578125 69.31753162202385 210
stats: connect 14 0.8773193359375 0.4115063381761434 113.885986328125 0.510986328125 4.5607158954326925 39
stats: page 88 28.677584561434653 50.82335957599878 2530.389892578125 5.289794921875 73.15242840177447 199
stats: tr_play_game__ready_page 8 11.67041015625 8.202839242408448 671.73388671875 6.06298828125 52.50314812911185 19
stats: 302 4 13
stats: tr_play_game__leaderboard 3 48.775960286458336 45.324657631632064 111.81298828125 6.64404296875 7.1904296875 3
stats: 200 90 288
stats: tr_friend_requests 2 15.323486328125 7.097412109375 79.77294921875 8.22607421875 26.4422607421875 4
stats: size_rcv 218269 835265
stats: tr_friends 3 24.24462890625 9.64854055084507 62.486083984375 12.843017578125 37.66455078125 2
stats: newphase 0 1
stats: tr_search_all_users 1 171.02197265625 0.0 1883.800048828125 171.02197265625 1030.5445556640625 2
stats: size_sent 61998 189452
stats: tr_browse_quizzes_page_1 4 25.17974853515625 20.245554425270647 57.9609375 6.9111328125 10.1285400390625 24
stats: connected 10 45
stats: tr_play_game__1st_question 7 13.582728794642858 9.798604516974637 83.412109375 6.352783203125 18.01449924045139 18
stats: 500 1 4
stats: tr_play_game__answer_to_question 7 6.353062220982143 0.5057470118561083 315.10302734375 5.35302734375 32.256103515625 14
stats: tr_index 7 19.789725167410715 21.087263141129423 246.27294921875 5.93798828125 29.460859375 25
stats: tr_quizzes_page_INDEX 1 34.344970703125 0.0 40.119140625 5.64892578125 22.571695963541668 3
# stats: dump at 1448596403
stats: users 50 51
stats: {freemem,"tsung_controller@ip-172-30-3-25"} 1 3166.01171875 0.0 3171.2890625 3166.01171875 3169.56953125 5
stats: {load,"tsung_controller@ip-172-30-3-25"} 1 0.0 0.0 0.0 0.0 0.0 5
stats: {recvpackets,"tsung_controller@ip-172-30-3-25"} 1 474.0 0.0 474 139 279.25 4
stats: {sentpackets,"tsung_controller@ip-172-30-3-25"} 1 491.0 0.0 491 139 286.0 4
stats: {cpu,"tsung_controller@ip-172-30-3-25"} 1 2.551521099116781 0.0 5.8470757734226 1.4807502467917077 2.8027576723609706 5
stats: session 9 33697.298014322914 10158.762688732686 54894.589111328125 12236.52099609375 27007.185607910156 8
stats: users_count 13 67
stats: finish_users_count 9 17
stats: request 211 151.65817766957935 414.28282417463464 3615.27001953125 4.3798828125 55.99976786629101 305
stats: connect 14 4.191528320312499 9.131060573730421 113.885986328125 0.510986328125 3.5877432193396226 53
stats: page 168 190.51572236560656 484.80915017070015 3661.93798828125 5.289794921875 59.51554248557271 287
stats: tr_play_game__ready_page 6 115.39188639322917 163.01072065161543 671.73388671875 6.06298828125 40.40455910011574 27
stats: 302 4 17
stats: tr_play_game__leaderboard 3 240.87996419270834 215.91337686656442 536.787109375 6.64404296875 27.983194986979168 6
stats: 200 139 427
stats: tr_question_new_POST 32 36.96949005126953 84.09850674614445 493.89892578125 4.48681640625 0 0
stats: size_rcv 534843 1370108
stats: tr_quiz_new_POST 4 1394.3909301757813 1488.9967730564404 3616.032958984375 13.824951171875 0 0
stats: newphase 0 1
stats: tr_friend_requests 5 246.4904296875 217.766228623009 585.299072265625 8.22607421875 22.736002604166668 6
stats: size_sent 164750 354202
stats: tr_friends 3 313.2179361979167 223.50269580646952 548.758056640625 12.843017578125 29.61259765625 5
stats: connected 6 51
stats: tr_search_all_users 2 577.6710205078125 399.9420166015625 1883.800048828125 171.02197265625 744.0370279947916 3
stats: 500 37 41
stats: tr_browse_quizzes_page_1 8 40.944244384765625 41.37180646425941 131.7080078125 6.9111328125 12.278712681361608 28
stats: 404 32 32
stats: tr_play_game__1st_question 6 278.9490559895833 348.904650260886 884.218017578125 6.168212890625 16.773603515625 25
stats: tr_play_game__answer_to_question 4 242.75250244140625 209.20012973165552 498.22998046875 5.35302734375 23.621756417410715 21
stats: tr_index 6 35.163370768229164 23.53121574006606 246.27294921875 5.93798828125 27.345298767089844 32
stats: tr_quizzes_page_INDEX 1 40.564208984375 0.0 40.564208984375 5.64892578125 25.5150146484375 4
stats: tr_quiz_questions_SHOW 32 45.96502685546875 83.19679405666584 468.932861328125 5.14599609375 0 0
# stats: dump at 1448596413
stats: users 61 61
stats: {freemem,"tsung_controller@ip-172-30-3-25"} 1 3165.546875 0.0 3171.2890625 3165.546875 3168.9765625 6
stats: {load,"tsung_controller@ip-172-30-3-25"} 1 0.0 0.0 0.0 0.0 0.0 6
stats: {recvpackets,"tsung_controller@ip-172-30-3-25"} 1 1064.0 0.0 1064 139 318.2 5
stats: {sentpackets,"tsung_controller@ip-172-30-3-25"} 1 874.0 0.0 874 139 327.0 5
stats: {cpu,"tsung_controller@ip-172-30-3-25"} 1 2.9615004935834155 0.0 5.8470757734226 1.4807502467917077 2.7608849101536053 6
stats: session 6 30449.090209960938 11642.976331277247 54894.589111328125 12236.52099609375 30549.009823069853 17
stats: users_count 17 84
stats: finish_users_count 6 23
stats: request 152 34.45507812499998 69.92219606684749 3615.27001953125 4.3798828125 95.11590055717055 516
stats: connect 16 1.4319305419921875 1.9255007530249029 113.885986328125 0.510986328125 3.713907270289179 67
stats: page 137 38.23989043966697 75.2501906511146 3661.93798828125 5.289794921875 107.88483967204675 455
stats: tr_play_game__ready_page 8 7.3536376953125 1.54298693972139 671.73388671875 6.0458984375 54.03861860795455 33
stats: 302 5 22
stats: tr_play_game__leaderboard 3 8.925455729166666 2.1924815026613014 536.787109375 6.610107421875 98.94878472222223 9
stats: 200 127 554
stats: tr_question_new_POST 8 8.07763671875 5.85467407096746 493.89892578125 4.48681640625 36.96949005126953 32
stats: size_rcv 452576 1822684
stats: tr_quiz_new_POST 1 28.169921875 0.0 3616.032958984375 13.824951171875 1394.3909301757813 4
stats: newphase 1 2
stats: tr_friend_requests 4 16.34027099609375 8.022983191562593 585.299072265625 7.950927734375 124.44256036931819 11
stats: size_sent 105190 459392
stats: tr_friends 1 12.98681640625 0.0 548.758056640625 12.843017578125 135.964599609375 8
stats: connected 9 60
stats: tr_search_all_users 4 251.0267333984375 59.01788554168492 1883.800048828125 171.02197265625 677.490625 5
stats: 500 11 52
stats: tr_browse_quizzes_page_1 11 19.07998934659091 20.196059365484967 131.7080078125 6.9111328125 18.64883083767361 36
stats: 404 8 40
stats: tr_play_game__1st_question 10 12.1020263671875 10.984526183307516 884.218017578125 6.168212890625 67.51723947832662 31
stats: tr_play_game__answer_to_question 9 18.632486979166668 19.982157417732903 498.22998046875 5.35302734375 58.68267578125 25
stats: tr_index 10 10.3077392578125 8.169669692351276 246.27294921875 5.93798828125 28.57973118832237 38
stats: tr_quizzes_page_INDEX 2 8.43603515625 1.337890625 40.564208984375 5.64892578125 28.524853515625 5
stats: tr_quiz_questions_SHOW 8 16.612152099609375 6.9639122981818495 468.932861328125 5.133056640625 45.96502685546875 32
# stats: dump at 1448596423
stats: users 71 74
stats: {freemem,"tsung_controller@ip-172-30-3-25"} 1 3163.5078125 0.0 3171.2890625 3163.5078125 3168.4866071428573 7
stats: {load,"tsung_controller@ip-172-30-3-25"} 1 0.0 0.0 0.0 0.0 0.0 7
stats: {recvpackets,"tsung_controller@ip-172-30-3-25"} 1 634.0 0.0 1064 139 442.5 6
stats: {sentpackets,"tsung_controller@ip-172-30-3-25"} 1 646.0 0.0 874 139 418.1666666666667 6
stats: {cpu,"tsung_controller@ip-172-30-3-25"} 1 2.561576354679803 0.0 5.8470757734226 1.4807502467917077 2.789544279215007 7
stats: session 8 50124.008239746094 11658.732299977557 69813.751953125 12236.52099609375 30522.94383704144 23
stats: users_count 18 102
stats: finish_users_count 8 31
stats: request 191 43.93890604548428 89.16194270507346 3615.27001953125 4.3798828125 81.31283916541916 668
stats: connect 19 1.084241365131579 1.0965558151330077 113.885986328125 0.510986328125 3.274008141942771 83
stats: page 168 49.96656000046504 97.8613371176957 3661.93798828125 5.289794921875 91.76768081252644 592
stats: tr_play_game__ready_page 10 21.1356689453125 20.05852000996111 671.73388671875 6.0458984375 44.92935403963415 41
stats: 302 10 32
stats: tr_play_game__leaderboard 10 23.1576171875 46.96158789563024 536.787109375 6.39501953125 76.44295247395833 12
stats: 200 162 716
stats: tr_question_new_POST 8 9.991241455078125 5.722951082618865 493.89892578125 4.48681640625 31.191119384765624 40
stats: size_rcv 440772 2263456
stats: tr_quiz_new_POST 1 11.842041015625 0.0 3616.032958984375 11.842041015625 1121.146728515625 5
stats: newphase 0 2
stats: tr_friend_requests 3 97.47298177083333 126.61454274997979 585.299072265625 7.85888671875 95.615283203125 15
stats: size_sent 133693 593085
stats: tr_friends 4 55.84649658203125 18.361162551845087 548.758056640625 12.843017578125 122.30040147569444 9
stats: connected 12 72
stats: tr_search_all_users 1 338.09814453125 0.0 1883.800048828125 171.02197265625 487.95111762152777 9
stats: 500 11 63
stats: tr_browse_quizzes_page_1 9 15.785834418402779 11.414838577112674 131.7080078125 6.9111328125 18.74974027593085 47
stats: 404 8 48
stats: tr_play_game__1st_question 8 32.500518798828125 32.92195411604673 884.218017578125 6.168212890625 54.00133384146341 41
stats: tr_play_game__answer_to_question 9 14.617974175347221 10.317497204899784 498.22998046875 5.35302734375 48.081155215992645 34
stats: tr_index 8 26.5963134765625 31.451629181222227 246.27294921875 5.886962890625 24.77306620279948 48
stats: tr_quizzes_page_INDEX 2 50.4371337890625 44.7200927734375 95.1572265625 5.64892578125 22.785191127232142 7
stats: tr_quiz_questions_SHOW 8 13.619476318359375 3.5652492771932285 468.932861328125 5.133056640625 40.094451904296875 40
# stats: dump at 1448596433
stats: users 76 78
stats: {freemem,"tsung_controller@ip-172-30-3-25"} 1 3161.9453125 0.0 3171.2890625 3161.9453125 3167.8642578125 8
stats: {load,"tsung_controller@ip-172-30-3-25"} 1 0.0 0.0 0.0 0.0 0.0 8
stats: {recvpackets,"tsung_controller@ip-172-30-3-25"} 1 926.0 0.0 1064 139 469.85714285714283 7
stats: {sentpackets,"tsung_controller@ip-172-30-3-25"} 1 921.0 0.0 921 139 450.7142857142857 7
stats: {cpu,"tsung_controller@ip-172-30-3-25"} 1 3.5294117647058822 0.0 5.8470757734226 1.4807502467917077 2.7610482886481065 8
stats: session 15 43524.600423177086 13044.812011166547 69813.751953125 12236.52099609375 35581.28303773941 31
stats: users_count 20 122
stats: finish_users_count 15 46
stats: request 202 57.70313225170173 123.63243407535627 3615.27001953125 4.321044921875 73.00268639951979 859
stats: connect 20 1.528271484375 1.7950111717285566 113.885986328125 0.510986328125 2.866110409007353 102
stats: page 179 65.12986644553078 134.2354907063057 3661.93798828125 5.289794921875 82.52743305407076 760
stats: tr_play_game__ready_page 9 11.70065646701389 9.490815012898793 671.73388671875 6.0458984375 40.263925589767155 51
stats: 302 8 40
stats: tr_play_game__leaderboard 5 19.52421875 17.252713756638354 536.787109375 6.152099609375 52.22234552556818 22
stats: 200 172 888
stats: tr_question_new_POST 8 6.539886474609375 3.5378172853002554 493.89892578125 4.4150390625 27.657806396484375 48
stats: size_rcv 534862 2798318
stats: tr_quiz_new_POST 1 12.384033203125 0.0 3616.032958984375 11.842041015625 936.2626139322916 6
stats: newphase 0 2
stats: tr_friend_requests 5 10.702587890625 4.401541869982174 585.299072265625 7.85888671875 95.92489963107639 18
stats: size_sent 145478 738563
stats: tr_friends 6 66.6239013671875 46.67456723269289 548.758056640625 12.673095703125 101.85304612379808 13
stats: connected 5 77
stats: tr_search_all_users 5 208.554052734375 63.594792918545856 1883.800048828125 119.637939453125 472.9658203125 10
stats: 500 14 77
stats: tr_browse_quizzes_page_1 7 40.546665736607146 49.13498203063476 152.412841796875 6.9111328125 18.27339826311384 56
stats: 404 8 56
stats: tr_play_game__1st_question 11 40.53193803267045 61.68284049797411 884.218017578125 6.168212890625 50.49099669164541 49
stats: tr_play_game__answer_to_question 10 21.2922607421875 15.986366324852737 498.22998046875 5.35302734375 41.077233602834305 43
stats: tr_index 11 43.51828835227273 56.48857402866093 246.27294921875 5.64404296875 25.03353009905134 56
stats: tr_quizzes_page_INDEX 5 6.480224609375 1.3202135850319237 95.1572265625 5.52099609375 28.930067274305557 9
stats: tr_quiz_questions_SHOW 8 12.614593505859375 10.915389983025982 468.932861328125 5.133056640625 35.68195597330729 48
# stats: dump at 1448596443
stats: users 90 90
stats: {freemem,"tsung_controller@ip-172-30-3-25"} 1 3160.75 0.0 3171.2890625 3160.75 3167.206597222222 9
stats: {load,"tsung_controller@ip-172-30-3-25"} 1 0.078125 0.0 0.078125 0.0 0.0 9
stats: {recvpackets,"tsung_controller@ip-172-30-3-25"} 1 985.0 0.0 1064 139 526.875 8
stats: {sentpackets,"tsung_controller@ip-172-30-3-25"} 1 914.0 0.0 921 139 509.5 8
stats: {cpu,"tsung_controller@ip-172-30-3-25"} 1 3.3398821218074657 0.0 5.8470757734226 1.4807502467917077 2.8464220082100815 9
stats: session 11 39929.844193892044 13475.588408175538 75167.60302734375 12236.52099609375 38171.495228643005 46
stats: users_count 25 147
stats: finish_users_count 11 57
stats: request 247 48.125540667699916 77.62164001849075 3615.27001953125 4.321044921875 70.08985893688148 1061
stats: connect 24 2.032928466796875 2.2428703722704393 113.885986328125 0.510986328125 2.646792552510246 122
stats: page 221 53.80554585866797 84.16170500403825 3661.93798828125 5.289794921875 79.21096402006792 939
stats: tr_play_game__ready_page 13 31.514423076923087 26.117423477263955 671.73388671875 6.0458984375 35.979435221354166 60
stats: 302 5 45
stats: tr_play_game__leaderboard 5 48.493798828125 62.400944029410056 536.787109375 6.152099609375 46.167136863425924 27
stats: 200 202 1090
stats: tr_question_new_POST 16 31.926376342773438 19.110085310598794 493.89892578125 4.4150390625 24.640960693359375 56
stats: size_rcv 695139 3493457
stats: tr_quiz_new_POST 2 52.2406005859375 5.5194091796875 3616.032958984375 11.842041015625 804.2799595424107 7
stats: newphase 1 3
stats: tr_friend_requests 2 42.626953125 9.22412109375 585.299072265625 7.85888671875 77.39831012228261 23
stats: size_sent 179138 917701
stats: tr_friends 3 43.807698567708336 36.27176703018717 548.758056640625 12.673095703125 90.72805304276316 19
stats: connected 12 89
stats: tr_search_all_users 5 279.24560546875 172.19161672901438 1883.800048828125 119.637939453125 384.828564453125 15
stats: 500 24 101
stats: tr_browse_quizzes_page_1 16 44.644439697265625 47.21970094761114 190.607177734375 6.9111328125 20.748205760168652 63
stats: 404 16 72
stats: tr_play_game__1st_question 7 13.574916294642858 10.683382942651262 884.218017578125 6.168212890625 48.66516927083333 60
stats: tr_play_game__answer_to_question 11 22.674937855113637 20.823879542481304 498.22998046875 5.35302734375 37.344219855542455 53
stats: tr_index 15 32.54329427083333 25.865507912520254 246.27294921875 5.64404296875 28.068341155550375 67
stats: tr_quizzes_page_INDEX 6 32.650594075520836 30.68909634564755 98.005126953125 5.52099609375 20.912266322544642 14
stats: tr_quiz_questions_SHOW 16 29.512542724609375 16.928209955011035 468.932861328125 5.133056640625 32.38661847795759 56
# stats: dump at 1448596453
stats: users 115 115
stats: {freemem,"tsung_controller@ip-172-30-3-25"} 1 3160.515625 0.0 3171.2890625 3160.515625 3166.5609375 10
stats: {load,"tsung_controller@ip-172-30-3-25"} 1 0.05859375 0.0 0.078125 0.0 0.0078125 10
stats: {recvpackets,"tsung_controller@ip-172-30-3-25"} 1 1180.0 0.0 1180 139 577.7777777777778 9
stats: {sentpackets,"tsung_controller@ip-172-30-3-25"} 1 1101.0 0.0 1101 139 554.4444444444445 9
stats: {cpu,"tsung_controller@ip-172-30-3-25"} 1 3.6417322834645667 0.0 5.8470757734226 1.4807502467917077 2.89576801956982 10
stats: session 14 50033.65107073103 22669.495833773213 98994.07592773438 12236.52099609375 38510.82573070861 57
stats: users_count 39 186
stats: finish_users_count 14 71
stats: request 323 35.70770169190209 54.08028679575467 3615.27001953125 4.321044921875 65.94216274996417 1308
stats: connect 39 1.6401742788461537 2.0084205326678815 113.885986328125 0.510986328125 2.5458833877354454 146
stats: page 281 40.833390096752666 60.548533130447 3661.93798828125 5.289794921875 74.37079383587017 1160
stats: tr_play_game__ready_page 11 28.918412642045453 25.318106337809596 671.73388671875 6.0458984375 35.18429607234589 73
stats: 302 10 55
stats: tr_play_game__leaderboard 12 32.6380615234375 30.88841788362079 536.787109375 6.152099609375 46.530677795410156 32
stats: 200 257 1347
stats: tr_question_new_POST 26 18.569598858173077 15.209669440616029 493.89892578125 4.4150390625 26.25994194878472 72
stats: size_rcv 740657 4234114
stats: tr_quiz_new_POST 4 40.47576904296875 18.250915541427705 3616.032958984375 11.842041015625 637.1601019965278 9
stats: newphase 0 3
stats: tr_friend_requests 6 91.63435872395833 86.70441909833771 585.299072265625 7.85888671875 74.6166015625 25
stats: size_sent 231007 1148708
stats: tr_friends 2 94.629638671875 36.33251953125 548.758056640625 12.673095703125 84.32982288707387 22
stats: connected 25 114
stats: tr_search_all_users 1 212.209228515625 0.0 1883.800048828125 119.637939453125 358.4328247070313 20
stats: 500 31 132
stats: tr_browse_quizzes_page_1 15 34.19778645833333 41.64131175443988 190.607177734375 6.9111328125 25.587949342365505 79
stats: 404 26 98
stats: tr_play_game__1st_question 16 28.412338256835938 31.252571698641997 884.218017578125 6.168212890625 44.9990234375 67
stats: tr_play_game__answer_to_question 10 19.804541015625 19.89343298360742 498.22998046875 5.35302734375 34.82293701171875 64
stats: tr_index 17 15.440128102022056 10.418622640403004 246.27294921875 5.64404296875 28.886930140053355 82
stats: tr_quizzes_page_INDEX 2 15.4090576171875 7.2969970703125 98.005126953125 5.52099609375 24.4337646484375 20
stats: tr_quiz_questions_SHOW 25 23.168681640624996 20.837426929874376 468.932861328125 5.133056640625 31.747934977213543 72
# stats: dump at 1448596463
stats: users 147 147
stats: {freemem,"tsung_controller@ip-172-30-3-25"} 1 3158.12109375 0.0 3171.2890625 3158.12109375 3166.0113636363635 11
stats: {load,"tsung_controller@ip-172-30-3-25"} 1 0.05078125 0.0 0.078125 0.0 0.012428977272727272 11
stats: {recvpackets,"tsung_controller@ip-172-30-3-25"} 1 1670.0 0.0 1670 139 638.0 10
stats: {sentpackets,"tsung_controller@ip-172-30-3-25"} 1 1569.0 0.0 1569 139 609.1 10
stats: {cpu,"tsung_controller@ip-172-30-3-25"} 1 4.818092428711897 0.0 5.8470757734226 1.4807502467917077 2.9635829526511603 11
stats: session 17 49549.010928883275 17480.753142323854 98994.07592773438 12236.52099609375 40782.93213578345 71
stats: users_count 49 235
stats: finish_users_count 17 88
stats: request 419 229.55555160631712 252.77443213360064 3615.27001953125 4.321044921875 59.954590143125394 1631
stats: connect 47 3.9536963929521276 3.128722125539982 113.885986328125 0.510986328125 2.354950116131757 185
stats: page 356 270.38770765668875 312.24693625075173 3661.93798828125 5.289794921875 67.83088373823519 1441
stats: tr_play_game__ready_page 21 211.35943312872024 151.745450269372 671.73388671875 6.0458984375 34.363763718377974 84
stats: 302 20 75
stats: tr_play_game__leaderboard 9 164.43058268229166 102.66525616776099 536.787109375 6.152099609375 42.74178244850852 44
stats: 200 312 1659
stats: tr_question_new_POST 37 109.58930268158784 106.19809037653471 493.89892578125 4.4150390625 24.219646843112244 98
stats: size_rcv 1062640 5296754
stats: tr_quiz_new_POST 4 230.66949462890625 161.6910366885461 3616.032958984375 11.842041015625 453.5649226262019 13
stats: newphase 0 3
stats: tr_friend_requests 5 219.74228515625 151.22571502104392 585.299072265625 7.85888671875 77.91036101310483 31
stats: size_sent 297475 1446183
stats: tr_friends 2 152.7430419921875 49.3848876953125 548.758056640625 12.673095703125 85.18814086914064 24
stats: connected 31 145
stats: tr_search_all_users 4 784.3883056640625 302.2872335992941 1883.800048828125 119.637939453125 351.4697963169643 21
stats: 500 50 182
stats: tr_browse_quizzes_page_1 24 172.51760864257813 127.83460345747461 522.926025390625 6.9111328125 26.96185952044548 94
stats: 404 37 135
stats: tr_play_game__1st_question 18 207.9007568359375 106.10067465058908 884.218017578125 6.168212890625 41.801590149661145 83
stats: tr_play_game__answer_to_question 15 212.22421875 113.14597959135422 498.22998046875 5.35302734375 32.793424039273646 74
stats: tr_index 20 239.93797607421874 156.76058911811944 586.206787109375 5.64404296875 26.57788332544192 99
stats: tr_quizzes_page_INDEX 8 142.5172119140625 92.99421298428203 305.31298828125 5.52099609375 23.613336736505683 22
stats: tr_quiz_questions_SHOW 38 95.8393361944901 100.53469976448501 468.932861328125 5.133056640625 29.536787210051546 97
# stats: dump at 1448596473
stats: users 179 180
stats: {freemem,"tsung_controller@ip-172-30-3-25"} 1 3155.2109375 0.0 3171.2890625 3155.2109375 3165.3538411458335 12
stats: {load,"tsung_controller@ip-172-30-3-25"} 1 0.05078125 0.0 0.078125 0.0 0.015625 12
stats: {recvpackets,"tsung_controller@ip-172-30-3-25"} 1 2.3e3 0.0 2300 139 731.8181818181819 11
stats: {sentpackets,"tsung_controller@ip-172-30-3-25"} 1 1908.0 0.0 1908 139 696.3636363636364 11
stats: {cpu,"tsung_controller@ip-172-30-3-25"} 1 5.138339920948617 0.0 5.8470757734226 1.4807502467917077 3.1181254089895556 12
stats: session 20 45450.37093505859 15157.889757650591 98994.07592773438 12236.52099609375 42476.37917535955 88
stats: users_count 52 287
stats: finish_users_count 20 108
stats: request 379 438.4062197239858 317.74457478669257 3615.27001953125 4.321044921875 94.61937202267531 2050
stats: connect 54 2.6972023292824074 3.3184204805056754 113.885986328125 0.510986328125 2.6788340601427802 232
stats: page 320 515.282194519043 399.8058283216469 3661.93798828125 5.289794921875 107.95900244439515 1797
stats: tr_play_game__ready_page 14 290.8062395368304 157.18844183581976 671.73388671875 6.0458984375 69.76289760044642 105
stats: 302 17 92
stats: tr_play_game__leaderboard 8 318.88751220703125 182.1930968084881 591.05908203125 6.152099609375 63.405918337264154 53
stats: 200 301 1960
stats: tr_question_new_POST 26 251.2498685396635 192.46178787718515 745.56982421875 4.4150390625 47.617256221064814 135
stats: size_rcv 1003142 6299896
stats: tr_quiz_new_POST 4 306.36566162109375 113.628530932343 3616.032958984375 11.842041015625 401.1189395680147 17
stats: newphase 1 4
stats: tr_friend_requests 12 494.0768229166667 229.1962518311031 840.399169921875 7.85888671875 97.60923936631944 36
stats: size_sent 281063 1727246
stats: tr_friends 12 443.67559814453125 224.2983813957529 826.5908203125 12.673095703125 90.38467172475963 26
stats: connected 34 179
stats: tr_search_all_users 8 1244.3389587402344 315.78967617168416 1883.800048828125 119.637939453125 420.7367578125 25
stats: 500 34 216
stats: tr_browse_quizzes_page_1 16 505.1015167236328 258.0626346066574 846.85595703125 6.9111328125 56.56641866393009 118
stats: 404 26 161
stats: tr_play_game__1st_question 16 361.45826721191406 229.09318390335295 884.218017578125 6.168212890625 71.40342183632426 101
stats: tr_play_game__answer_to_question 16 422.5193328857422 224.64695284059204 821.052978515625 5.35302734375 63.03456921523876 89
stats: tr_index 23 391.4200492527174 241.27357587722696 794.06689453125 5.64404296875 62.4367224428834 119
stats: tr_quizzes_page_INDEX 6 348.8928629557292 246.7217489973255 864.89404296875 5.52099609375 55.32103678385417 30
stats: tr_quiz_questions_SHOW 24 251.2429402669271 221.85157877465872 782.3779296875 5.133056640625 48.19972692418981 135
# stats: dump at 1448596483
stats: users 253 253
stats: {freemem,"tsung_controller@ip-172-30-3-25"} 1 3153.0 0.0 3171.2890625 3153.0 3164.5736177884614 13
stats: {load,"tsung_controller@ip-172-30-3-25"} 1 0.0390625 0.0 0.078125 0.0 0.018329326923076924 13
stats: {recvpackets,"tsung_controller@ip-172-30-3-25"} 1 2010.0 0.0 2300 139 862.5 12
stats: {sentpackets,"tsung_controller@ip-172-30-3-25"} 1 1632.0 0.0 1908 139 797.3333333333334 12
stats: {cpu,"tsung_controller@ip-172-30-3-25"} 1 5.397448478900883 0.0 5.8470757734226 1.4807502467917077 3.273526525294099 13
stats: session 11 36820.822509765625 16191.717081053835 98994.07592773438 12236.52099609375 43027.11839011864 108
stats: users_count 85 372
stats: finish_users_count 11 119
stats: request 354 1835.5378252449689 552.8020648285269 3615.27001953125 0.64794921875 148.2608768719123 2429
stats: connect 84 2.796517508370537 3.068708274898759 113.885986328125 0.510986328125 2.682302194875437 286
stats: page 309 2009.9129855949127 874.6864394660131 5330.156982421875 0.64794921875 169.52887559691632 2117
stats: tr_play_game__ready_page 24 1694.1583557128906 635.326046387626 2417.14697265625 4.611083984375 95.76799665178571 119
stats: 302 21 113
stats: tr_play_game__leaderboard 3 1651.5380859375 360.97368476649956 2103.4111328125 6.152099609375 96.91170113985656 61
stats: 200 300 2260
stats: tr_question_new_POST 8 1953.4892578125 313.93280362970995 2330.948974609375 4.4150390625 80.50202591226709 161
stats: size_rcv 1002440 7302336
stats: tr_quiz_new_POST 10 1792.8304931640625 514.0333894709563 3616.032958984375 11.842041015625 383.07069614955356 21
stats: newphase 0 4
stats: tr_friend_requests 8 1680.0701293945313 721.2825244644409 2217.135009765625 0.776123046875 196.72613525390625 48
stats: size_sent 267572 1994818
stats: tr_friends 6 1548.8558756510417 223.382115136535 1798.912841796875 12.673095703125 201.95022743626646 38
stats: connected 70 249
stats: tr_search_all_users 5 1536.18388671875 814.8122077411375 2258.715087890625 5.63916015625 620.3978974313447 33
stats: 503 7 7
stats: tr_browse_quizzes_page_1 28 1845.005118233817 438.1533544417972 2364.296142578125 6.9111328125 110.12284828299907 134
stats: 500 18 234
stats: tr_play_game__1st_question 15 1717.1203938802084 492.0732753527151 2252.20703125 6.168212890625 111.0690417167468 117
stats: 404 8 169
stats: tr_play_game__answer_to_question 11 2046.1279518821023 384.997600136175 2382.3291015625 5.35302734375 117.81319986979166 105
stats: tr_index 38 1723.6454692639804 561.8609008728129 2381.333984375 1.406982421875 115.72275425011003 142
stats: tr_quizzes_page_INDEX 2 1276.6890869140625 284.5198974609375 1561.208984375 5.52099609375 104.24967447916667 36
stats: tr_quiz_questions_SHOW 7 1736.8047921316963 533.4601644724067 2215.877197265625 5.133056640625 78.84775912686713 159
# stats: dump at 1448596493
stats: users 316 316
stats: {freemem,"tsung_controller@ip-172-30-3-25"} 1 3146.1640625 0.0 3171.2890625 3146.1640625 3163.7469308035716 14
stats: {load,"tsung_controller@ip-172-30-3-25"} 1 0.109375 0.0 0.109375 0.0 0.019810267857142856 14
stats: {recvpackets,"tsung_controller@ip-172-30-3-25"} 1 2365.0 0.0 2365 139 950.7692307692307 13
stats: {sentpackets,"tsung_controller@ip-172-30-3-25"} 1 2186.0 0.0 2186 139 861.5384615384615 13
stats: {cpu,"tsung_controller@ip-172-30-3-25"} 1 6.293018682399214 0.0 6.293018682399214 1.4807502467917077 3.425235236266012 14
stats: session 15 52981.27114257812 14915.595938438997 98994.07592773438 12236.52099609375 42453.42717428768 119
stats: users_count 78 450
stats: finish_users_count 15 134
stats: request 614 1693.399272111029 1244.9838194765757 4152.455078125 0.06494140625 362.8839597767136 2783
stats: connect 94 2.7165267619680855 3.0085160598583993 113.885986328125 0.510986328125 2.7082321579391895 370
stats: page 544 1911.7902544806964 1548.7882595447722 6588.598876953125 0.63720703125 403.93888795857373 2426
stats: tr_play_game__ready_page 42 1636.0878383091517 1244.1762997716235 3041.2119140625 0.7099609375 364.0293156550481 143
stats: 302 23 136
stats: tr_play_game__leaderboard 12 1622.8423868815105 1160.4834870326388 2766.31591796875 0.81201171875 169.7848129272461 64
stats: 200 327 2587
stats: tr_question_new_POST 28 1230.518493652344 1236.6884174977874 2929.859130859375 0.693115234375 169.16414339866864 169
stats: size_rcv 1186581 8488917
stats: tr_quiz_new_POST 1 3056.132080078125 0.0 3616.032958984375 11.842041015625 837.8319209929435 31
stats: newphase 0 4
stats: tr_friend_requests 13 1713.2510892427886 1164.1561203744768 2974.953125 0.7529296875 408.6324201311384 56
stats: 422 5 5
stats: tr_friends 7 2009.7107979910713 897.474201235248 2918.093017578125 2.235107421875 385.619179465554 44
stats: size_sent 385980 2380798
stats: tr_search_all_users 7 2438.712332589286 1538.6001132407462 3569.51806640625 2.385986328125 740.8960539165296 38
stats: connected 65 314
stats: tr_browse_quizzes_page_1 46 1680.444113026495 1249.3860795376577 3044.93408203125 0.741943359375 409.9790430893133 162
stats: 503 193 200
stats: tr_play_game__1st_question 36 1895.320305718316 1037.8776114381767 2985.12890625 0.755126953125 293.57487718986744 132
stats: 500 39 273
stats: tr_play_game__answer_to_question 22 1633.4344482421875 1259.368289999493 2974.928955078125 0.805908203125 300.6706332502694 116
stats: 404 13 182
stats: tr_index 42 1723.6851864769346 1175.8771018975062 2996.800048828125 1.406982421875 455.17310519748264 180
stats: tr_quizzes_page_INDEX 16 2063.7071380615234 836.924485531212 3131.39794921875 0.738037109375 165.95701197574013 38
stats: tr_quiz_questions_SHOW 29 1298.5920325969828 1273.5955539721554 2969.251953125 0.1220703125 148.7616099162274 166
# stats: dump at 1448596503
stats: users 409 409
stats: {freemem,"tsung_controller@ip-172-30-3-25"} 1 3139.58984375 0.0 3171.2890625 3139.58984375 3162.574739583333 15
stats: {load,"tsung_controller@ip-172-30-3-25"} 1 0.171875 0.0 0.171875 0.0 0.02578125 15
stats: {recvpackets,"tsung_controller@ip-172-30-3-25"} 1 2910.0 0.0 2910 139 1051.7857142857142 14
stats: {sentpackets,"tsung_controller@ip-172-30-3-25"} 1 2673.0 0.0 2673 139 956.1428571428571 14
stats: {cpu,"tsung_controller@ip-172-30-3-25"} 1 8.187134502923977 0.0 8.187134502923977 1.4807502467917077 3.616420799341559 15
stats: session 24 51639.138834635414 13713.013122540833 98994.07592773438 12236.52099609375 43631.9171707381 134
stats: users_count 117 567
stats: finish_users_count 24 158
stats: request 795 1337.252060915388 1190.3893919399109 4152.455078125 0.05810546875 603.3715670105286 3397
stats: connect 145 2.7393723060344826 3.2068361776734564 113.885986328125 0.4951171875 2.7099125303071125 464
stats: page 689 1539.9092590597784 1445.0853760818109 6588.598876953125 0.615966796875 680.1244581228951 2970
stats: tr_play_game__ready_page 43 1435.8035065406978 1115.12118814125 3041.2119140625 0.697021484375 652.8209802576014 185
stats: 302 34 170
stats: tr_play_game__leaderboard 15 1824.6381184895833 929.19145762814 2812.737060546875 0.76904296875 399.21495618318255 76
stats: 200 360 2947
stats: tr_question_new_POST 51 756.3151807598039 1075.6300140777564 2929.859130859375 0.693115234375 320.0165383585819 197
stats: size_rcv 1323319 9812236
stats: tr_quiz_new_POST 7 792.0019880022321 1247.9292660683952 3616.032958984375 1.074951171875 907.1538009643555 32
stats: newphase 1 5
stats: tr_friend_requests 27 1351.321732132523 1131.9742764564212 2974.953125 0.73095703125 654.4301403985507 69
stats: 422 6 11
stats: tr_friends 21 1396.2705775669642 1226.5196947327988 2918.093017578125 0.708984375 608.5337153416054 51
stats: size_sent 506474 2887272
stats: tr_search_all_users 9 2005.895290798611 1446.2081729979575 3569.51806640625 0.801025390625 1005.0008083767361 45
stats: connected 87 401
stats: tr_browse_quizzes_page_1 49 1512.1102618781888 1124.5695537673223 3044.93408203125 0.68896484375 690.947279710036 208
stats: 503 306 506
stats: tr_play_game__1st_question 43 1358.2538324400437 1164.720699020453 2985.12890625 0.72998046875 636.8060404459635 168
stats: 500 35 308
stats: tr_play_game__answer_to_question 31 1747.2171118951612 873.6137986915554 2974.928955078125 0.761962890625 513.1402269446331 138
stats: 404 16 198
stats: tr_index 50 1034.398232421875 1168.5623588089445 2996.800048828125 1.39599609375 695.161877331433 222
stats: tr_quizzes_page_INDEX 10 1266.746533203125 1045.3565719613027 3131.39794921875 0.676025390625 728.2533456307871 54
stats: tr_quiz_questions_SHOW 48 645.1389821370441 1015.9326366843856 2969.251953125 0.120849609375 319.76203175080127 195
# stats: dump at 1448596513
stats: users 517 521
stats: {freemem,"tsung_controller@ip-172-30-3-25"} 1 3136.6875 0.0 3171.2890625 3136.6875 3161.13818359375 16
stats: {load,"tsung_controller@ip-172-30-3-25"} 1 0.1484375 0.0 0.171875 0.0 0.034912109375 16
stats: {recvpackets,"tsung_controller@ip-172-30-3-25"} 1 3345.0 0.0 3345 139 1175.6666666666667 15
stats: {sentpackets,"tsung_controller@ip-172-30-3-25"} 1 3245.0 0.0 3245 139 1070.6 15
stats: {cpu,"tsung_controller@ip-172-30-3-25"} 1 9.82490272373541 0.0 9.82490272373541 1.4807502467917077 3.9020904058154597 16
stats: session 46 49301.172076681374 14138.554781896948 98994.07592773438 11624.008056640625 44848.20400576048 158
stats: users_count 154 721
stats: finish_users_count 46 204
stats: request 1237 864.3402822952455 1153.7526896283941 4152.455078125 0.05810546875 742.5497618231152 4192
stats: connect 214 2.2216078143253486 2.7988284999963904 113.885986328125 0.4951171875 2.716926762623153 609
stats: page 1065 1020.5750928422077 1416.4238689721406 6588.598876953125 0.60302734375 842.0243564135517 3659
stats: tr_play_game__ready_page 64 1070.0575752258296 1131.690469753817 3041.2119140625 0.6650390625 800.4887374074835 228
stats: 302 39 209
stats: tr_play_game__leaderboard 20 654.1403198242188 997.9803090825683 2812.737060546875 0.732177734375 634.17481810182 91
stats: 200 321 3268
stats: tr_question_new_POST 86 496.7182248137718 939.9685252035262 2929.859130859375 0.676025390625 409.7392430459299 248
stats: size_rcv 1409769 11222005
stats: tr_quiz_new_POST 14 1067.9803118024554 1252.3722020733474 3616.032958984375 1.01708984375 886.4855268429487 39
stats: newphase 0 5
stats: tr_friend_requests 17 553.9752412683823 842.0139616555483 2974.953125 0.723876953125 850.4309005737305 96
stats: 422 19 30
stats: tr_friends 18 668.2750515407986 1081.2731657786735 2918.093017578125 0.694091796875 838.2903001573351 72
stats: size_sent 744780 3632052
stats: tr_search_all_users 16 817.1682434082031 1274.2323283566352 3613.824951171875 0.721923828125 1171.8165554470486 54
stats: connected 114 515
stats: tr_browse_quizzes_page_1 84 711.3135521298365 1073.268276235947 3044.93408203125 0.659912109375 847.5114280611624 257
stats: error_connection_closed 2 2
stats: tr_play_game__1st_question 56 1040.3756801060265 1178.8349753774733 2985.12890625 0.68212890625 783.8309459234301 211
stats: 503 723 1229
stats: tr_play_game__answer_to_question 57 996.3682540090462 1132.4514997004555 2974.928955078125 0.717041015625 739.5093596870378 169
stats: 500 64 372
stats: tr_index 86 922.161805618641 1152.4726458979237 3011.403076171875 1.297119140625 757.5215014289407 272
stats: 404 13 211
stats: tr_quizzes_page_INDEX 18 1190.332275390625 1117.3449168317254 3131.39794921875 0.676025390625 812.3929061889648 64
stats: tr_quiz_questions_SHOW 88 510.69235506924707 956.4902518775808 2969.251953125 0.117919921875 384.034021950553 243
# stats: dump at 1448596523
stats: users 643 646
stats: {freemem,"tsung_controller@ip-172-30-3-25"} 1 3131.51171875 0.0 3171.2890625 3131.51171875 3159.699908088235 17
stats: {load,"tsung_controller@ip-172-30-3-25"} 1 0.19921875 0.0 0.19921875 0.0 0.04159007352941176 17
stats: {recvpackets,"tsung_controller@ip-172-30-3-25"} 1 4010.0 0.0 4010 139 1311.25 16
stats: {sentpackets,"tsung_controller@ip-172-30-3-25"} 1 4151.0 0.0 4151 139 1206.5 16
stats: {cpu,"tsung_controller@ip-172-30-3-25"} 1 11.753183153770813 0.0 11.753183153770813 1.4807502467917077 4.250491130398986 17
stats: session 66 53033.25953258167 18569.712315359357 102688.15112304688 11624.008056640625 45852.304649203434 204
stats: users_count 192 913
stats: finish_users_count 66 270
stats: request 1532 703.3245980285167 1070.0823241468001 4152.455078125 0.05810546875 770.2997846310035 5429
stats: connect 247 2.615990519040992 3.014673307267754 113.885986328125 0.494873046875 2.5881317991532504 823
stats: page 1342 800.381696948351 1227.2675469033313 6588.598876953125 0.5771484375 882.2776447913076 4724
stats: tr_play_game__ready_page 83 912.7938629518069 1141.9026769314582 3082.4970703125 0.6650390625 859.5723182991759 292
stats: 302 53 262
stats: tr_play_game__leaderboard 29 713.3575481546336 1069.4473741477614 2946.765869140625 0.68701171875 637.7722057995495 111
stats: 200 305 3573
stats: tr_question_new_POST 88 601.7287680886006 1024.652033952754 2999.6669921875 0.676025390625 432.13502877058386 334
stats: size_rcv 1679960 12901965
stats: tr_quiz_new_POST 10 839.7131591796875 1038.8414230070484 3616.032958984375 0.97998046875 934.4275455114977 53
stats: newphase 0 5
stats: tr_friend_requests 44 705.7394076260653 1038.4277534014946 2984.567138671875 0.7109375 805.8313766074392 113
stats: 422 23 53
stats: tr_friends 26 560.3163029597355 1004.9370353699571 2918.093017578125 0.6640625 804.2872504340278 90
stats: size_sent 856509 4488561
stats: tr_search_all_users 29 1399.3879647090516 1486.2693769793664 4062.31201171875 0.671142578125 1090.754084123884 70
stats: connected 129 644
stats: tr_browse_quizzes_page_1 82 701.4786674685593 1036.3384626080606 3067.866943359375 0.657958984375 813.9612181543255 341
stats: error_connection_closed 5 7
stats: tr_play_game__1st_question 86 771.221603038699 1053.975524444624 2993.47607421875 0.673095703125 837.6380811827013 267
stats: 503 1007 2236
stats: tr_play_game__answer_to_question 63 513.3156428261409 967.5472849082574 2999.992919921875 0.662841796875 804.2923551576329 226
stats: 500 75 447
stats: tr_index 96 646.5070241292318 1034.4067292535965 3011.403076171875 1.297119140625 797.0719655638967 358
stats: 404 14 225
stats: tr_quizzes_page_INDEX 20 1182.4462768554688 1075.1984543465774 3131.39794921875 0.676025390625 895.3552067454268 82
stats: tr_quiz_questions_SHOW 87 480.4238533809266 921.6875755858243 3000.68798828125 0.117919921875 417.7075364957043 331
# stats: dump at 1448596533
stats: users 780 783
stats: {freemem,"tsung_controller@ip-172-30-3-25"} 1 3127.36328125 0.0 3171.2890625 3127.36328125 3158.1338975694443 18
stats: {load,"tsung_controller@ip-172-30-3-25"} 1 0.25 0.0 0.25 0.0 0.050347222222222224 18
stats: {recvpackets,"tsung_controller@ip-172-30-3-25"} 1 4891.0 0.0 4891 139 1470.0 17
stats: {sentpackets,"tsung_controller@ip-172-30-3-25"} 1 5023.0 0.0 5023 139 1379.7058823529412 17
stats: {cpu,"tsung_controller@ip-172-30-3-25"} 1 14.868804664723031 0.0 14.868804664723031 1.4807502467917077 4.667307353919643 18
stats: session 80 46567.173809814456 18651.033577807186 119642.80517578125 8698.406005859375 47607.64917625145 270
stats: users_count 217 1130
stats: finish_users_count 80 350
stats: request 1889 555.1893220722769 828.7457072787638 4152.455078125 0.05810546875 755.559663114697 6961
stats: connect 304 2.6481202778063317 3.0702306632490495 113.885986328125 0.4931640625 2.594562737295561 1070
stats: page 1628 643.0947693021054 981.7129265127398 6588.598876953125 0.5771484375 864.1595501646594 6066
stats: tr_play_game__ready_page 96 682.0098495483397 841.9302585109292 3082.4970703125 0.662841796875 871.3520201822915 375
stats: 302 112 374
stats: tr_play_game__leaderboard 32 548.2297210693359 814.0660391895499 2946.765869140625 0.68701171875 653.4291695731026 140
stats: 200 330 3903
stats: tr_question_new_POST 134 396.70244541452894 737.3865002585475 2999.6669921875 0.676025390625 467.50054787007554 422
stats: size_rcv 1832913 14734878
stats: tr_quiz_new_POST 16 215.27279663085938 555.6249549571629 3616.032958984375 0.908935546875 919.3935159350199 63
stats: newphase 1 6
stats: tr_friend_requests 45 648.2689453125001 833.5950934926949 2984.567138671875 0.68505859375 777.7801241540606 157
stats: 422 40 93
stats: tr_friends 35 554.4092006138393 822.9677670768764 2918.093017578125 0.6640625 749.6041070346174 116
stats: size_sent 1047285 5535846
stats: tr_search_all_users 31 746.0133411038306 939.4065022179653 4062.31201171875 0.671142578125 1181.161988537721 99
stats: connected 137 781
stats: tr_browse_quizzes_page_1 104 680.3745187612677 858.4201072513895 3067.866943359375 0.657958984375 792.1560901254063 423
stats: error_connection_closed 3 10
stats: tr_play_game__1st_question 91 615.4501738495879 827.9267177125145 2993.47607421875 0.673095703125 821.45729613912 353
stats: 503 1205 3441
stats: tr_play_game__answer_to_question 82 477.86654439786594 757.1677638808245 2999.992919921875 0.656005859375 740.8614455490377 289
stats: 500 93 540
stats: tr_index 113 535.5731471238938 839.8129914336682 3011.403076171875 1.218017578125 765.2344449081085 454
stats: 404 10 235
stats: tr_quizzes_page_INDEX 28 715.2084176199777 826.1857169867098 3131.39794921875 0.676025390625 951.6475734336703 102
stats: tr_quiz_questions_SHOW 134 348.54290498192637 694.9727174932679 3000.68798828125 0.117919921875 430.76093259382475 418
# stats: dump at 1448596543
stats: users 998 998
stats: {freemem,"tsung_controller@ip-172-30-3-25"} 1 3119.21875 0.0 3171.2890625 3119.21875 3156.5143914473683 19
stats: {load,"tsung_controller@ip-172-30-3-25"} 1 0.2890625 0.0 0.2890625 0.0 0.06085526315789474 19
stats: {recvpackets,"tsung_controller@ip-172-30-3-25"} 1 6004.0 0.0 6004 139 1660.0555555555557 18
stats: {sentpackets,"tsung_controller@ip-172-30-3-25"} 1 6553.0 0.0 6553 139 1582.111111111111 18
stats: {cpu,"tsung_controller@ip-172-30-3-25"} 1 18.768046198267566 0.0 18.768046198267566 1.4807502467917077 5.2042282650145575 19
stats: session 86 46173.67919070223 17352.995799332675 119642.80517578125 5842.087890625 47369.82623535156 350
stats: users_count 304 1434
stats: finish_users_count 86 436
stats: request 2274 535.7063266348191 847.9099274988606 4152.455078125 0.05810546875 712.7913496424787 8850
stats: connect 376 2.9886474609375 3.0357719124863554 113.885986328125 0.470947265625 2.606412440581787 1374
stats: page 1986 612.0081934626364 973.6353852349162 6588.598876953125 0.572021484375 817.3836906320058 7694
stats: tr_play_game__ready_page 133 455.0528573631344 806.9350524461413 3082.4970703125 0.64306640625 832.7599854033969 471
stats: 302 111 485
stats: tr_play_game__leaderboard 46 469.39025878906244 832.2481291419215 2946.765869140625 0.68310546875 633.8571791537972 172
stats: 200 330 4233
stats: tr_question_new_POST 119 494.7780905330883 802.7256026054745 2999.6669921875 0.6708984375 450.4376958394222 556
stats: size_rcv 2103035 16837913
stats: tr_quiz_new_POST 15 389.599560546875 775.296559696061 3616.032958984375 0.908935546875 776.7867879746835 79
stats: newphase 0 6
stats: tr_friend_requests 58 583.7069302262931 878.6288138117823 2984.567138671875 0.6708984375 748.9286239170793 202
stats: 422 43 136
stats: tr_friends 53 438.35235019899767 756.2533301878534 2918.093017578125 0.64990234375 704.3602545529801 151
stats: size_sent 1157468 6693314
stats: tr_search_all_users 39 387.1065204326923 757.3461078978692 4062.31201171875 0.671142578125 1077.3957726111778 130
stats: connected 207 988
stats: tr_browse_quizzes_page_1 135 623.5632215711802 877.7177831430203 3067.866943359375 0.64892578125 770.096728793584 527
stats: error_connection_closed 5 15
stats: tr_play_game__1st_question 125 549.4816835937498 843.196031513278 2993.47607421875 0.64990234375 779.2351156698691 444
stats: 503 1588 5029
stats: tr_play_game__answer_to_question 107 444.92158066223715 777.7346251018729 2999.992919921875 0.656005859375 682.7331924644121 371
stats: 500 138 678
stats: tr_index 118 751.65990590241 909.9848484423874 3011.403076171875 1.19287109375 719.4642039034943 567
stats: 404 7 242
stats: tr_quizzes_page_INDEX 43 351.5524164244186 731.4516811869559 3131.39794921875 0.6728515625 900.722216796875 130
stats: tr_quiz_questions_SHOW 118 385.10923637778063 749.5306366140264 3000.68798828125 0.117919921875 410.802208499632 552
# stats: dump at 1448596553
stats: users 1191 1194
stats: {freemem,"tsung_controller@ip-172-30-3-25"} 1 3111.53125 0.0 3171.2890625 3111.53125 3154.649609375 20
stats: {load,"tsung_controller@ip-172-30-3-25"} 1 0.23828125 0.0 0.2890625 0.0 0.072265625 20
stats: {recvpackets,"tsung_controller@ip-172-30-3-25"} 1 6261.0 0.0 6261 139 1888.6842105263158 19
stats: {sentpackets,"tsung_controller@ip-172-30-3-25"} 1 6921.0 0.0 6921 139 1843.7368421052631 19
stats: {cpu,"tsung_controller@ip-172-30-3-25"} 1 21.168582375478927 0.0 21.168582375478927 1.4807502467917077 5.882419161677208 20
stats: session 114 45914.72050824082 17001.341371657792 119642.80517578125 5842.087890625 47133.888974251 436
stats: users_count 307 1741
stats: finish_users_count 114 550
stats: request 2267 885.6912331869271 1441.6065456227643 7349.115966796875 0.05810546875 676.5911210988418 11124
stats: connect 239 321.0039317877223 1106.336829394218 7018.576904296875 0.470947265625 2.6885383649553574 1750
stats: page 1955 1031.2344855189 1575.9489996407017 9207.451904296875 0.568115234375 775.2477673491165 9680
stats: tr_play_game__ready_page 92 540.1341765030571 758.3579210920072 3082.4970703125 0.64306640625 749.5893760832729 604
stats: 302 178 663
stats: tr_play_game__leaderboard 57 517.9203459087174 715.6144395457395 2946.765869140625 0.656982421875 599.1531500860092 218
stats: 200 292 4525
stats: tr_question_new_POST 111 400.468655423001 707.5783447201015 3037.31982421875 0.6611328125 458.2547432002315 675
stats: size_rcv 1949874 18787787
stats: tr_quiz_new_POST 41 588.6521710651676 973.8438040068976 4228.625 0.881103515625 715.0015921085438 94
stats: newphase 0 6
stats: tr_friend_requests 52 353.45783409705535 630.2320297107113 2984.567138671875 0.6708984375 712.0714768629808 260
stats: 422 62 198
stats: tr_friends 54 369.18578649450234 656.1953715985077 2918.093017578125 0.64990234375 635.2503578335632 204
stats: size_sent 1175706 7869020
stats: tr_search_all_users 55 394.3339888139204 690.1214351458913 4062.31201171875 0.64990234375 918.0982528776813 169
stats: connected 36 1024
stats: tr_browse_quizzes_page_1 81 904.5018265335648 1294.6826406940545 5731.639892578125 0.638916015625 740.2145181062358 662
stats: error_connection_closed 6 21
stats: tr_play_game__1st_question 101 676.1744735264541 917.9733253864993 5917.038818359375 0.64990234375 728.7620418394387 569
stats: 503 1475 6504
stats: tr_play_game__answer_to_question 114 588.4816273471761 718.9026379193074 2999.992919921875 0.656005859375 629.4992124166449 478
stats: 500 220 898
stats: tr_index 79 4789.158042424841 1158.8299627344045 6962.72802734375 1.19287109375 725.0103248317746 685
stats: 404 2 244
stats: tr_quizzes_page_INDEX 48 575.9166717529297 714.539538979419 3131.39794921875 0.657958984375 764.2233646811777 173
stats: tr_quiz_questions_SHOW 108 558.9907972547743 1088.9685968024094 6032.18212890625 0.117919921875 406.2771775886194 670
# stats: dump at 1448596563
stats: users 1219 1279
stats: {freemem,"tsung_controller@ip-172-30-3-25"} 1 3101.15234375 0.0 3171.2890625 3101.15234375 3152.5963541666665 21
stats: {load,"tsung_controller@ip-172-30-3-25"} 1 0.2109375 0.0 0.2890625 0.0 0.08017113095238096 21
stats: {recvpackets,"tsung_controller@ip-172-30-3-25"} 1 6503.0 0.0 6503 139 2107.3 20
stats: {sentpackets,"tsung_controller@ip-172-30-3-25"} 1 7567.0 0.0 7567 139 2097.6 20
stats: {cpu,"tsung_controller@ip-172-30-3-25"} 1 22.264875239923224 0.0 22.264875239923224 1.4807502467917077 6.6103316956677665 21
stats: session 124 46984.6072171119 16384.230906173863 119642.80517578125 5842.087890625 46881.18860129616 550
stats: users_count 152 1893
stats: finish_users_count 124 674
stats: request 2425 1045.5999935566979 1974.1760496840864 13374.123779296875 0.05810546875 711.9902663533925 13391
stats: connect 220 3312.1337935014194 5052.049619523664 15039.31201171875 0.470947265625 40.93759770534817 1989
stats: page 2083 1215.4024284901207 2134.6395912387206 13374.123779296875 0.568115234375 818.2605764614439 11635
stats: tr_play_game__ready_page 74 510.9372558593751 926.8017503345964 5970.71484375 0.64306640625 721.9027692422098 696
stats: 302 175 838
stats: tr_play_game__leaderboard 74 571.5277429529139 724.5491266623068 2946.765869140625 0.656982421875 582.3158052201705 275
stats: 200 270 4795
stats: tr_question_new_POST 149 433.7014029074035 1016.8273677185005 6102.9140625 0.6611328125 450.0941124835997 786
stats: size_rcv 1897833 20685620
stats: tr_quiz_new_POST 35 343.86049804687497 615.5134882894268 4228.625 0.880126953125 676.6288049768518 135
stats: newphase 0 6
stats: tr_friend_requests 53 337.07033092570754 611.0904764314212 2984.567138671875 0.6708984375 652.3025364019933 312
stats: 422 54 252
stats: tr_friends 64 623.66393661499 756.2897870547714 2918.093017578125 0.64990234375 579.5624242974807 258
stats: size_sent 1285893 9154913
stats: tr_search_all_users 56 399.7325701032366 691.5905629531005 4062.31201171875 0.64990234375 789.4954201834543 224
stats: connected 2 1026
stats: tr_browse_quizzes_page_1 70 1125.7706263950897 1993.3240379094925 7824.430908203125 0.638916015625 758.1247091999285 743
stats: error_connection_closed 21 42
stats: tr_play_game__1st_question 81 669.7346311969521 973.0049909504743 6307.83203125 0.64990234375 720.8346621385261 670
stats: 503 1660 8164
stats: tr_play_game__answer_to_question 98 510.2194425621812 718.342883034743 2999.992919921875 0.656005859375 621.6005558323214 592
stats: 500 224 1122
stats: tr_index 85 6784.533332375919 1531.52520004521 13031.85595703125 1.19287109375 1145.2559657870786 764
stats: 404 2 246
stats: tr_quizzes_page_INDEX 38 486.1002261513158 708.274258365887 3131.39794921875 0.657958984375 723.3241734569428 221
stats: tr_quiz_questions_SHOW 135 775.0845106336806 1581.3100169799498 6086.9208984375 0.117919921875 427.47649754227587 778
# stats: dump at 1448596573
stats: users 1053 1279
stats: {freemem,"tsung_controller@ip-172-30-3-25"} 1 3097.61328125 0.0 3171.2890625 3097.61328125 3150.257990056818 22
stats: {load,"tsung_controller@ip-172-30-3-25"} 1 0.26171875 0.0 0.2890625 0.0 0.08611505681818182 22
stats: {recvpackets,"tsung_controller@ip-172-30-3-25"} 1 6553.0 0.0 6553 139 2316.6190476190477 21
stats: {sentpackets,"tsung_controller@ip-172-30-3-25"} 1 7385.0 0.0 7567 139 2358.0476190476193 21
stats: {cpu,"tsung_controller@ip-172-30-3-25"} 1 18.357487922705314 0.0 22.264875239923224 1.4807502467917077 7.321901856770287 22
stats: session 166 49618.13098144532 16796.227926519543 119642.80517578125 5842.087890625 46900.21517156493 674
stats: users_count 0 1893
stats: finish_users_count 166 840
stats: request 2450 1810.0472734972889 4241.500511435837 21682.371826171875 0.05810546875 763.1412266763576 15816
stats: connect 273 6684.419428228022 7110.286904833285 15046.283935546875 0.470947265625 366.7244528774331 2209
stats: page 2107 2078.306714203209 4516.342213456339 21682.371826171875 0.568115234375 878.5642998741669 13718
stats: tr_play_game__ready_page 83 677.0327413168297 1047.6694804520575 5970.71484375 0.64306640625 701.6281614625609 770
stats: 302 190 1028
stats: tr_play_game__leaderboard 106 403.7703120393573 772.5861120684538 4352.2060546875 0.639892578125 580.0283650832737 349
stats: 200 256 5051
stats: tr_question_new_POST 184 541.6291928498642 1585.3139877375427 18806.7080078125 0.6611328125 447.48179833723265 935
stats: size_rcv 1959209 22644829
stats: tr_quiz_new_POST 36 2074.3323771158853 4285.537350494061 19282.990966796875 0.878173828125 608.1176829618566 170
stats: newphase 0 6
stats: tr_friend_requests 53 576.4844072449885 770.8074008036907 2984.567138671875 0.6708984375 606.5290928670805 365
stats: 422 69 321
stats: tr_friends 46 676.1561279296876 1051.9656752248366 5364.43505859375 0.64990234375 588.3279422736316 322
stats: size_sent 1329079 10483992
stats: tr_search_all_users 63 487.8096943204365 805.3567167361122 4062.31201171875 0.64990234375 711.5428501674107 280
stats: connected -39 987
stats: tr_browse_quizzes_page_1 87 2226.5647056842668 4029.4964756325326 19934.418212890625 0.638916015625 789.779339216732 813
stats: error_connection_closed 54 96
stats: tr_play_game__1st_question 76 716.9173166375411 2267.7263231669053 19368.29296875 0.64990234375 715.3232074031499 751
stats: 503 1676 9840
stats: tr_play_game__answer_to_question 72 546.8789130316841 1173.8565263150335 8460.700927734375 0.656005859375 605.7812093098958 690
stats: 500 198 1320
stats: tr_index 68 15719.15869140625 4945.030439884724 21479.1689453125 1.19287109375 1709.8479282841947 849
stats: 404 3 249
stats: tr_quizzes_page_INDEX 34 572.9243523092832 767.4432142070068 3131.39794921875 0.657958984375 688.519115551098 259
stats: tr_quiz_questions_SHOW 156 1590.8582184620393 2936.16205348571 19529.6611328125 0.117919921875 478.8752727529436 913
# stats: dump at 1448596583
stats: users 811 1279
stats: {freemem,"tsung_controller@ip-172-30-3-25"} 1 3096.7578125 0.0 3171.2890625 3096.7578125 3147.969089673913 23
stats: {load,"tsung_controller@ip-172-30-3-25"} 1 0.30078125 0.0 0.30078125 0.0 0.09375 23
stats: {recvpackets,"tsung_controller@ip-172-30-3-25"} 1 7466.0 0.0 7466 139 2509.181818181818 22
stats: {sentpackets,"tsung_controller@ip-172-30-3-25"} 1 7642.0 0.0 7642 139 2586.545454545455 22
stats: {cpu,"tsung_controller@ip-172-30-3-25"} 1 17.070805043646946 0.0 22.264875239923224 1.4807502467917077 7.801709946593548 23
stats: session 242 55610.96853713359 20012.66234741394 180959.93090820313 5842.087890625 47437.32710542225 840
stats: users_count 0 1893
stats: finish_users_count 242 1082
stats: request 3034 1297.0973663229504 4351.393149971871 33756.43701171875 0.052978515625 903.5616698336597 18266
stats: connect 408 3563.5029733695264 9468.552184999673 31083.93798828125 0.470947265625 1061.6199920678887 2482
stats: page 2389 1672.3094966308795 4895.824856962079 33756.43701171875 0.55908203125 1038.3025157977872 15825
stats: tr_play_game__ready_page 62 876.8990675403224 2332.017152942379 18245.968994140625 0.64306640625 699.2349376969153 853
stats: 302 197 1225
stats: tr_play_game__leaderboard 97 563.0592833843432 709.6469133222587 4352.2060546875 0.639892578125 538.9660494290866 455
stats: 200 249 5300
stats: tr_question_new_POST 504 280.55863298688604 562.9381706448447 18806.7080078125 0.6611328125 462.96269251982795 1119
stats: size_rcv 2094479 24739308
stats: tr_quiz_new_POST 30 445.9304606119792 800.9666956070164 19282.990966796875 0.878173828125 864.3493770858616 206
stats: newphase 0 6
stats: tr_friend_requests 37 721.4813067461994 753.7658011002922 2984.567138671875 0.6708984375 602.7195992355713 418
stats: 422 104 425
stats: tr_friends 42 449.40833682105665 733.5630686888042 5364.43505859375 0.64990234375 599.3064654806386 368
stats: size_sent 1898654 12382646
stats: tr_search_all_users 40 361.0301818847656 608.8573316805051 4062.31201171875 0.64990234375 670.4490052159257 343
stats: connected -174 813
stats: tr_browse_quizzes_page_1 46 651.2637939453126 744.0301049083229 19934.418212890625 0.638916015625 928.6685913085937 900
stats: error_connection_closed 222 318
stats: tr_play_game__1st_question 77 540.2796519886364 646.5461218224573 19368.29296875 0.64404296875 715.4697035359357 827
stats: error_abort_max_send_retries 53 53
stats: tr_play_game__answer_to_question 83 618.3197036191641 713.7958832496423 8460.700927734375 0.656005859375 600.2156380080174 762
stats: 503 2157 11997
stats: tr_index 34 24144.635060029872 6957.838386869418 33714.697021484375 1.19287109375 2748.7063054840855 917
stats: 500 204 1524
stats: tr_quizzes_page_INDEX 33 332.0093661221592 583.5203933378011 3131.39794921875 0.657958984375 675.1053887585324 293
stats: 404 7 256
stats: tr_quiz_questions_SHOW 546 1012.4990341689552 1766.4307066075155 19529.6611328125 0.05908203125 641.1478073933729 1069
# stats: dump at 1448596593
stats: users 642 1279
stats: {freemem,"tsung_controller@ip-172-30-3-25"} 1 3096.6796875 0.0 3171.2890625 3096.6796875 3145.8352864583335 24
stats: {load,"tsung_controller@ip-172-30-3-25"} 1 0.25 0.0 0.30078125 0.0 0.10237630208333333 24
stats: {recvpackets,"tsung_controller@ip-172-30-3-25"} 1 8506.0 0.0 8506 139 2724.695652173913 23
stats: {sentpackets,"tsung_controller@ip-172-30-3-25"} 1 8094.0 0.0 8094 139 2806.347826086957 23
stats: {cpu,"tsung_controller@ip-172-30-3-25"} 1 16.76470588235294 0.0 22.264875239923224 1.4807502467917077 8.187922242304106 24
stats: session 169 55470.41021114553 14733.971822120684 180959.93090820313 5842.087890625 49265.442841535136 1082
stats: users_count 0 1893
stats: finish_users_count 169 1251
stats: request 2085 530.9425386643798 1163.6406557645294 33756.43701171875 0.052978515625 959.6174117655145 21300
stats: connect 127 490.4956881305363 3865.1394681588554 31083.93798828125 0.470947265625 1414.8270011928257 2890
stats: page 1676 660.1047951782518 1350.4581208752893 33756.43701171875 0.555908203125 1121.460673105916 18214
stats: tr_play_game__ready_page 34 780.4166403377758 691.3057514968693 18245.968994140625 0.64306640625 711.2733814677254 915
stats: 302 231 1456
stats: tr_play_game__leaderboard 96 572.5915476481122 693.0855710726414 4352.2060546875 0.639892578125 543.1998242364416 552
stats: 200 237 5537
stats: tr_question_new_POST 255 409.77297794117646 632.3378936087071 18806.7080078125 0.6611328125 406.3196573968442 1623
stats: size_rcv 1554893 26294201
stats: tr_quiz_new_POST 35 607.2761788504462 695.3512271081013 19282.990966796875 0.84716796875 811.1605317713851 236
stats: newphase 0 6
stats: tr_friend_requests 48 704.3724670410157 702.6189178106897 2984.567138671875 0.6708984375 612.3771446814906 455
stats: 422 107 532
stats: tr_friends 44 568.746543190696 688.1456669588667 5364.43505859375 0.64990234375 583.9510474228277 410
stats: size_sent 1295200 13677846
stats: tr_search_all_users 35 515.4727957589286 730.1634727247701 4062.31201171875 0.64990234375 638.1337234058828 383
stats: connected -168 645
stats: tr_browse_quizzes_page_1 5 1494.24736328125 188.02196497140807 19934.418212890625 0.638916015625 915.1795631069965 946
stats: error_connection_closed 9 327
stats: tr_play_game__1st_question 39 631.6255696614584 675.8325170829019 19368.29296875 0.64404296875 700.5475420656458 904
stats: error_abort_max_send_retries 1 54
stats: tr_play_game__answer_to_question 66 716.6599195075758 723.2401126396087 8460.700927734375 0.656005859375 601.993907174556 845
stats: 503 1214 13211
stats: tr_index 0 0 0 33714.697021484375 1.19287109375 3513.650130567741 951
stats: 500 162 1686
stats: tr_quizzes_page_INDEX 27 551.627857349537 665.7131808451487 3131.39794921875 0.657958984375 640.3748097800038 326
stats: 404 5 261
stats: tr_quiz_questions_SHOW 258 322.38849870548694 585.092049651118 19529.6611328125 0.05908203125 766.6944140927338 1615
# stats: dump at 1448596603
stats: users 473 1279
stats: {freemem,"tsung_controller@ip-172-30-3-25"} 1 3096.453125 0.0 3171.2890625 3096.453125 3143.8690625 25
stats: {load,"tsung_controller@ip-172-30-3-25"} 1 0.2109375 0.0 0.30078125 0.0 0.10828125 25
stats: {recvpackets,"tsung_controller@ip-172-30-3-25"} 1 5763.0 0.0 8506 139 2965.5833333333335 24
stats: {sentpackets,"tsung_controller@ip-172-30-3-25"} 1 5625.0 0.0 8094 139 3026.6666666666665 24
stats: {cpu,"tsung_controller@ip-172-30-3-25"} 1 14.271938283510124 0.0 22.264875239923224 1.4807502467917077 8.53099358790606 25
stats: session 169 59265.03799348188 13375.253422741258 180959.93090820313 5842.087890625 50103.68383711 1251
stats: users_count 0 1893
stats: finish_users_count 169 1420
stats: request 1828 607.3865420552276 656.4324524084267 33756.43701171875 0.052978515625 921.3968810656698 23385
stats: connect 108 1.4760538736979167 2.2706770111870864 31083.93798828125 0.470947265625 1375.9174629896734 3017
stats: page 1439 765.139653357638 865.3537550628309 33756.43701171875 0.555908203125 1082.5852356294572 19890
stats: tr_play_game__ready_page 1 0.81982421875 0.0 18245.968994140625 0.64306640625 713.7505898993184 949
stats: 302 318 1774
stats: tr_play_game__leaderboard 86 724.5588322129358 645.5702511618535 4352.2060546875 0.639892578125 547.5541536307632 648
stats: 200 226 5763
stats: tr_question_new_POST 277 541.3977993851536 635.7862462339273 18806.7080078125 0.6611328125 406.7885587487104 1878
stats: size_rcv 1421900 27716101
stats: tr_quiz_new_POST 38 680.9382581208881 638.2309093296724 19282.990966796875 0.84716796875 784.8286042723709 271
stats: newphase 0 6
stats: tr_friend_requests 30 773.5088216145833 634.4094831291393 2984.567138671875 0.6708984375 621.1560223619223 503
stats: 422 140 672
stats: tr_friends 43 623.4849314135179 638.3537349971983 5364.43505859375 0.64990234375 582.4774831360132 454
stats: size_sent 1222664 14900510
stats: tr_search_all_users 58 631.0918768521013 729.9014490988 4062.31201171875 0.64990234375 627.8630715694154 418
stats: connected -162 483
stats: tr_browse_quizzes_page_1 0 0 0 19934.418212890625 0.638916015625 918.2240836126446 951
stats: error_connection_closed 12 339
stats: tr_play_game__1st_question 6 1013.7674153645834 737.4301789845609 19368.29296875 0.64404296875 697.697110545218 943
stats: error_abort_max_send_retries 0 54
stats: tr_play_game__answer_to_question 26 453.9332463191104 626.075217713945 8460.700927734375 0.656005859375 610.3012143249175 911
stats: 503 873 14084
stats: tr_index 0 0 0 33714.697021484375 1.19287109375 3513.650130567741 951
stats: 500 154 1840
stats: tr_quizzes_page_INDEX 17 590.4413918887867 713.1886937751975 3131.39794921875 0.657958984375 633.5867992541607 353
stats: 404 11 272
stats: tr_quiz_questions_SHOW 266 411.797471584234 587.0155772687199 19529.6611328125 0.05908203125 705.492638241207 1873
# stats: dump at 1448596613
stats: users 337 1279
stats: {freemem,"tsung_controller@ip-172-30-3-25"} 1 3096.5 0.0 3171.2890625 3096.453125 3142.045372596154 26
stats: {load,"tsung_controller@ip-172-30-3-25"} 1 0.1796875 0.0 0.30078125 0.0 0.1122295673076923 26
stats: {recvpackets,"tsung_controller@ip-172-30-3-25"} 1 5199.0 0.0 8506 139 3077.48 25
stats: {sentpackets,"tsung_controller@ip-172-30-3-25"} 1 4657.0 0.0 8094 139 3130.6 25
stats: {cpu,"tsung_controller@ip-172-30-3-25"} 1 9.594460929772502 0.0 22.264875239923224 1.4807502467917077 8.751799153121603 26
stats: session 136 66159.37212057678 13231.456380286258 180959.93090820313 5842.087890625 51194.014014875385 1420
stats: users_count 0 1893
stats: finish_users_count 136 1556
stats: request 1248 818.7747489733574 451.89212950431374 33756.43701171875 0.052978515625 898.630415364996 25213
stats: connect 36 1.9056599934895833 2.702890242827149 31083.93798828125 0.470947265625 1328.4167678906254 3125
stats: page 997 1033.7095483227022 672.3888608939599 33756.43701171875 0.555908203125 1061.168188750131 21329
stats: tr_play_game__ready_page 0 0 0 18245.968994140625 0.64306640625 713.0001364617599 950
stats: 302 375 2149
stats: tr_play_game__leaderboard 72 879.219957139757 405.79905466029993 4352.2060546875 0.639892578125 568.293121421045 734
stats: 200 262 6025
stats: tr_question_new_POST 192 808.5657615661625 451.4421176682735 18806.7080078125 0.6611328125 424.09099942448523 2155
stats: size_rcv 1220856 28936957
stats: tr_quiz_new_POST 25 829.68546875 368.8472889420032 19282.990966796875 0.84716796875 772.0524451987258 309
stats: newphase 0 6
stats: tr_friend_requests 17 805.7137235753677 528.4198093635263 2984.567138671875 0.6708984375 629.7312268226725 533
stats: 422 156 828
stats: tr_friends 28 680.3519897460939 471.3504649995749 5364.43505859375 0.64990234375 586.0254112566021 497
stats: size_sent 848073 15748583
stats: tr_search_all_users 28 806.2805088588169 580.5484644953764 4062.31201171875 0.64990234375 628.2564974231881 476
stats: connected -140 343
stats: tr_browse_quizzes_page_1 0 0 0 19934.418212890625 0.638916015625 918.2240836126446 951
stats: error_connection_closed 1 340
stats: tr_play_game__1st_question 1 1.133056640625 0.0 19368.29296875 0.64404296875 699.6954475619896 949
stats: error_abort_max_send_retries 0 54
stats: tr_play_game__answer_to_question 11 580.7915261008523 533.8818820042683 8460.700927734375 0.656005859375 605.962295255386 937
stats: 503 239 14323
stats: tr_index 0 0 0 33714.697021484375 1.19287109375 3513.650130567741 951
stats: 500 163 2003
stats: tr_quizzes_page_INDEX 5 815.0236328125 422.0134243437385 3131.39794921875 0.657958984375 631.6044426995355 370
stats: 404 17 289
stats: tr_quiz_questions_SHOW 192 747.3797442118326 459.0733717724223 19529.6611328125 0.05908203125 668.9695366373011 2139
# stats: dump at 1448596623
stats: users 229 1279
stats: {freemem,"tsung_controller@ip-172-30-3-25"} 1 3096.53125 0.0 3171.2890625 3096.453125 3140.3585069444443 27
stats: {load,"tsung_controller@ip-172-30-3-25"} 1 0.23046875 0.0 0.30078125 0.0 0.11472800925925926 27
stats: {recvpackets,"tsung_controller@ip-172-30-3-25"} 1 4106.0 0.0 8506 139 3159.076923076923 26
stats: {sentpackets,"tsung_controller@ip-172-30-3-25"} 1 3225.0 0.0 8094 139 3189.3076923076924 26
stats: {cpu,"tsung_controller@ip-172-30-3-25"} 1 7.737512242899118 0.0 22.264875239923224 1.4807502467917077 8.783008848553116 27
stats: session 108 73455.64855278864 11021.731862885774 180959.93090820313 5842.087890625 52502.04017321432 1556
stats: users_count 0 1893
stats: finish_users_count 108 1664
stats: request 861 1031.4441581486838 178.3993239988892 33756.43701171875 0.052978515625 894.8641226452664 26461
stats: connect 0 0 0 31083.93798828125 0.470947265625 1313.309396842129 3161
stats: page 680 1304.941932588466 491.6682615250796 33756.43701171875 0.555908203125 1059.941983227147 22326
stats: tr_play_game__ready_page 1 902.1689453125 0.0 18245.968994140625 0.64306640625 713.0001364617599 950
stats: 302 350 2499
stats: tr_play_game__leaderboard 56 1052.592032296317 155.7529361322314 4352.2060546875 0.639892578125 596.0682233711036 806
stats: 200 228 6253
stats: tr_question_new_POST 148 1020.018647065034 146.73866479236523 18806.7080078125 0.6611328125 455.5435577249547 2347
stats: size_rcv 1003189 29940146
stats: tr_quiz_new_POST 13 1027.2642916165864 127.2226493585072 19282.990966796875 0.84716796875 776.3662942669349 334
stats: newphase 0 6
stats: tr_friend_requests 6 999.9925537109375 129.95589391598696 2984.567138671875 0.6708984375 635.1706858132103 550
stats: 422 152 980
stats: tr_friends 12 976.0127563476563 132.23165248869503 5364.43505859375 0.64990234375 591.056162109375 525
stats: size_sent 618915 16367498
stats: tr_search_all_users 23 1215.2422618036687 292.1089576928775 4062.31201171875 0.64990234375 638.146720280723 504
stats: connected -114 229
stats: tr_browse_quizzes_page_1 0 0 0 19934.418212890625 0.638916015625 918.2240836126446 951
stats: error_connection_closed 0 340
stats: tr_play_game__1st_question 1 992.68896484375 0.0 19368.29296875 0.64404296875 698.9601187294408 950
stats: error_abort_max_send_retries 0 54
stats: tr_play_game__answer_to_question 3 1016.1529947916666 93.2538154319062 8460.700927734375 0.656005859375 605.6702293685719 948
stats: 503 0 14323
stats: tr_index 0 0 0 33714.697021484375 1.19287109375 3513.650130567741 951
stats: 500 117 2120
stats: tr_quizzes_page_INDEX 2 984.7845458984375 134.3145751953125 3131.39794921875 0.657958984375 634.0500319010417 375
stats: 404 13 302
stats: tr_quiz_questions_SHOW 147 1002.2049884406888 148.9916316503777 19529.6611328125 0.05908203125 675.4280350732986 2331
# stats: dump at 1448596633
stats: users 111 1279
stats: {freemem,"tsung_controller@ip-172-30-3-25"} 1 3096.71875 0.0 3171.2890625 3096.453125 3138.7932477678573 28
stats: {load,"tsung_controller@ip-172-30-3-25"} 1 0.19921875 0.0 0.30078125 0.0 0.11886160714285714 28
stats: {recvpackets,"tsung_controller@ip-172-30-3-25"} 1 3599.0 0.0 8506 139 3194.1481481481483 27
stats: {sentpackets,"tsung_controller@ip-172-30-3-25"} 1 2680.0 0.0 8094 139 3190.6296296296296 27
stats: {cpu,"tsung_controller@ip-172-30-3-25"} 1 5.9171597633136095 0.0 22.264875239923224 1.4807502467917077 8.745669684065474 28
stats: session 118 83088.0499474477 10877.003195530298 180959.93090820313 5842.087890625 53862.00994785015 1664
stats: users_count 0 1893
stats: finish_users_count 118 1782
stats: request 973 579.8644502645656 293.22503204146784 33756.43701171875 0.052978515625 899.1681783720961 27322
stats: connect 2 0.6783447265625 0.0045166015625 31083.93798828125 0.470947265625 1313.309396842129 3161
stats: page 723 804.777148910249 484.6319572182006 33756.43701171875 0.555908203125 1067.1835708810502 23006
stats: tr_play_game__ready_page 0 0 0 18245.968994140625 0.64306640625 713.1990521387849 951
stats: 302 498 2997
stats: tr_play_game__leaderboard 49 641.3819156568879 285.71635865309037 4352.2060546875 0.639892578125 625.7263826516279 862
stats: 200 165 6418
stats: tr_question_new_POST 225 549.8843641493056 265.248378497138 18806.7080078125 0.6611328125 489.02745080003757 2495
stats: size_rcv 919265 30859411
stats: tr_quiz_new_POST 9 603.3974338107639 247.81713784211087 19282.990966796875 0.84716796875 785.7659310552503 347
stats: newphase 0 6
stats: tr_friend_requests 3 580.8194173177084 158.01746588458988 2984.567138671875 0.6708984375 639.1076124452002 556
stats: 422 218 1198
stats: tr_friends 13 676.5946326622596 281.93773199531057 5364.43505859375 0.64990234375 599.6585441035265 537
stats: size_sent 704841 17072339
stats: tr_search_all_users 18 571.2165256076389 386.30219530110986 4062.31201171875 0.64990234375 663.3330532124644 527
stats: connected -115 114
stats: tr_browse_quizzes_page_1 0 0 0 19934.418212890625 0.638916015625 918.2240836126446 951
stats: error_connection_closed 0 340
stats: tr_play_game__1st_question 0 0 0 19368.29296875 0.64404296875 699.2689818694138 951
stats: error_abort_max_send_retries 0 54
stats: tr_play_game__answer_to_question 0 0 0 8460.700927734375 0.656005859375 606.9651276822094 951
stats: 503 0 14323
stats: tr_index 0 0 0 33714.697021484375 1.19287109375 3513.650130567741 951
stats: 500 76 2196
stats: tr_quizzes_page_INDEX 2 937.6845703125 23.283447265625 3131.39794921875 0.657958984375 635.9106924527521 377
stats: 404 16 318
stats: tr_quiz_questions_SHOW 239 530.2848385607355 267.8862488173809 19529.6611328125 0.05908203125 694.8131085781438 2478
# stats: dump at 1448596643
stats: users 50 1279
stats: {freemem,"tsung_controller@ip-172-30-3-25"} 1 3097.41796875 0.0 3171.2890625 3096.453125 3137.3424030172414 29
stats: {load,"tsung_controller@ip-172-30-3-25"} 1 0.171875 0.0 0.30078125 0.0 0.12163254310344827 29
stats: {recvpackets,"tsung_controller@ip-172-30-3-25"} 1 3468.0 0.0 8506 139 3208.6071428571427 28
stats: {sentpackets,"tsung_controller@ip-172-30-3-25"} 1 2510.0 0.0 8094 139 3172.3928571428573 28
stats: {cpu,"tsung_controller@ip-172-30-3-25"} 1 5.725567620927937 0.0 22.264875239923224 1.4807502467917077 8.648134859211961 29
stats: session 61 89354.3028104188 11543.989861939184 180959.93090820313 5842.087890625 55797.29205781228 1782
stats: users_count 0 1893
stats: finish_users_count 61 1843
stats: request 459 46.820054530058535 58.87400285201629 33756.43701171875 0.052978515625 888.1880572394357 28295
stats: connect 3 0.78369140625 0.08920614693563836 31083.93798828125 0.470947265625 1312.479405661531 3163
stats: page 337 65.08126332993321 83.96016908369133 33756.43701171875 0.555908203125 1059.1882974567638 23729
stats: tr_play_game__ready_page 0 0 0 18245.968994140625 0.64306640625 713.1990521387849 951
stats: 302 222 3219
stats: tr_play_game__leaderboard 26 50.54171987680289 54.887926287489805 4352.2060546875 0.639892578125 626.5684475443367 911
stats: 200 94 6512
stats: tr_question_new_POST 102 50.38259229473039 57.67134476044348 18806.7080078125 0.6611328125 494.0615704704733 2720
stats: size_rcv 470099 31329510
stats: tr_quiz_new_POST 9 39.77275933159722 56.66213452804772 19282.990966796875 0.84716796875 781.1554915181706 356
stats: newphase 0 6
stats: tr_friend_requests 2 50.868896484375 46.166015625 2984.567138671875 0.6708984375 638.7947956556072 559
stats: 422 107 1305
stats: tr_friends 9 17.37014431423611 26.1124391758292 5364.43505859375 0.64990234375 601.4770334694603 550
stats: size_sent 347715 17420054
stats: tr_search_all_users 7 67.48876953125 75.19174298557937 4062.31201171875 0.64990234375 660.2906724842317 545
stats: connected -64 50
stats: tr_browse_quizzes_page_1 0 0 0 19934.418212890625 0.638916015625 918.2240836126446 951
stats: error_connection_closed 0 340
stats: tr_play_game__1st_question 0 0 0 19368.29296875 0.64404296875 699.2689818694138 951
stats: error_abort_max_send_retries 0 54
stats: tr_play_game__answer_to_question 0 0 0 8460.700927734375 0.656005859375 606.9651276822094 951
stats: 503 0 14323
stats: tr_index 0 0 0 33714.697021484375 1.19287109375 3513.650130567741 951
stats: 500 30 2226
stats: tr_quizzes_page_INDEX 0 0 0 3131.39794921875 0.657958984375 637.5031667422494 379
stats: 404 6 324
stats: tr_quiz_questions_SHOW 105 44.7893043154762 51.16691776258655 19529.6611328125 0.05908203125 680.3404341084491 2717
# stats: dump at 1448596653
stats: users 23 1279
stats: {freemem,"tsung_controller@ip-172-30-3-25"} 1 3098.1953125 0.0 3171.2890625 3096.453125 3136.0115885416667 30
stats: {load,"tsung_controller@ip-172-30-3-25"} 1 0.140625 0.0 0.30078125 0.0 0.12330729166666667 30
stats: {recvpackets,"tsung_controller@ip-172-30-3-25"} 1 708.0 0.0 8506 139 3217.551724137931 29
stats: {sentpackets,"tsung_controller@ip-172-30-3-25"} 1 633.0 0.0 8094 139 3149.551724137931 29
stats: {cpu,"tsung_controller@ip-172-30-3-25"} 1 2.0710059171597637 0.0 22.264875239923224 1.4807502467917077 8.55071595126916 30
stats: session 27 98654.87828233506 9750.575833752437 180959.93090820313 5842.087890625 56907.969027920255 1843
stats: users_count 0 1893
stats: finish_users_count 27 1870
stats: request 216 14.903974745008677 37.819929041046365 33756.43701171875 0.052978515625 874.757302796798 28754
stats: connect 2 4.346435546875 3.550537109375 31083.93798828125 0.470947265625 1311.2364848962861 3166
stats: page 160 20.156983947753908 43.45379014185545 33756.43701171875 0.555908203125 1045.267659606654 24066
stats: tr_play_game__ready_page 0 0 0 18245.968994140625 0.64306640625 713.1990521387849 951
stats: 302 115 3334
stats: tr_play_game__leaderboard 10 13.1943603515625 12.38739002106306 4352.2060546875 0.639892578125 610.584781675227 937
stats: 200 38 6550
stats: tr_question_new_POST 48 10.682596842447916 7.434169803067134 18806.7080078125 0.6611328125 478.02498089785615 2822
stats: size_rcv 235830 31565340
stats: tr_quiz_new_POST 6 9.276326497395834 6.253299292786794 19282.990966796875 0.84716796875 762.8748214094607 365
stats: newphase 0 6
stats: tr_friend_requests 1 4.43408203125 0.0 2984.567138671875 0.6708984375 636.6988031451929 561
stats: 422 54 1359
stats: tr_friends 2 9.4700927734375 4.8299560546875 5364.43505859375 0.64990234375 592.0728080626677 559
stats: size_sent 161525 17581579
stats: tr_search_all_users 6 81.981201171875 122.5331838063278 4062.31201171875 0.64990234375 652.7732570482337 552
stats: connected -30 20
stats: tr_browse_quizzes_page_1 0 0 0 19934.418212890625 0.638916015625 918.2240836126446 951
stats: error_connection_closed 0 340
stats: tr_play_game__1st_question 0 0 0 19368.29296875 0.64404296875 699.2689818694138 951
stats: error_abort_max_send_retries 0 54
stats: tr_play_game__answer_to_question 0 0 0 8460.700927734375 0.656005859375 606.9651276822094 951
stats: 503 0 14323
stats: tr_index 0 0 0 33714.697021484375 1.19287109375 3513.650130567741 951
stats: 500 9 2235
stats: tr_quizzes_page_INDEX 1 4.68408203125 0.0 3131.39794921875 0.657958984375 637.5031667422494 379
stats: 404 0 324
stats: tr_quiz_questions_SHOW 48 8.25151062011719 7.924720946994961 19529.6611328125 0.05908203125 656.6930674790153 2822
# stats: dump at 1448596663
stats: users 13 1279
stats: {freemem,"tsung_controller@ip-172-30-3-25"} 1 3098.73828125 0.0 3171.2890625 3096.453125 3134.7917086693546 31
stats: {load,"tsung_controller@ip-172-30-3-25"} 1 0.12109375 0.0 0.30078125 0.0 0.12386592741935484 31
stats: {recvpackets,"tsung_controller@ip-172-30-3-25"} 1 634.0 0.0 8506 139 3133.9 30
stats: {sentpackets,"tsung_controller@ip-172-30-3-25"} 1 548.0 0.0 8094 139 3065.6666666666665 30
stats: {cpu,"tsung_controller@ip-172-30-3-25"} 1 2.3645320197044337 0.0 22.264875239923224 1.4807502467917077 8.341693046943051 31
stats: session 10 108302.44560546875 11704.734384126676 180959.93090820313 5842.087890625 57510.73188881288 1870
stats: users_count 0 1893
stats: finish_users_count 10 1880
stats: request 69 9.424521625905792 7.179517236261748 33756.43701171875 0.052978515625 868.346245880706 28970
stats: connect 0 0 0 31083.93798828125 0.470947265625 1310.4114280469494 3168
stats: page 51 12.794610715379902 8.327015996777831 33756.43701171875 0.555908203125 1038.4973422573012 24226
stats: tr_play_game__ready_page 0 0 0 18245.968994140625 0.64306640625 713.1990521387849 951
stats: 302 23 3357
stats: tr_play_game__leaderboard 2 14.70654296875 7.759521484375 4352.2060546875 0.639892578125 604.2765406897605 947
stats: 200 16 6566
stats: tr_question_new_POST 16 7.3137969970703125 3.788845270083291 18806.7080078125 0.6611328125 470.2088016523301 2870
stats: size_rcv 92747 31658087
stats: tr_quiz_new_POST 2 13.2930908203125 7.9610595703125 19282.990966796875 0.84716796875 750.6872446723382 371
stats: newphase 0 6
stats: tr_friend_requests 0 0 0 2984.567138671875 0.6708984375 635.5737769510399 562
stats: 422 9 1368
stats: tr_friends 0 0 0 5364.43505859375 0.64990234375 589.9957930348986 561
stats: size_sent 56829 17638408
stats: tr_search_all_users 3 4.650716145833333 0.18514482093586615 4062.31201171875 0.64990234375 646.6357080603159 558
stats: connected -11 9
stats: tr_browse_quizzes_page_1 0 0 0 19934.418212890625 0.638916015625 918.2240836126446 951
stats: error_connection_closed 0 340
stats: tr_play_game__1st_question 0 0 0 19368.29296875 0.64404296875 699.2689818694138 951
stats: error_abort_max_send_retries 0 54
stats: tr_play_game__answer_to_question 0 0 0 8460.700927734375 0.656005859375 606.9651276822094 951
stats: 503 0 14323
stats: tr_index 0 0 0 33714.697021484375 1.19287109375 3513.650130567741 951
stats: 500 13 2248
stats: tr_quizzes_page_INDEX 0 0 0 3131.39794921875 0.657958984375 635.837853361431 380
stats: 404 8 332
stats: tr_quiz_questions_SHOW 16 8.819793701171875 5.029606870615721 19529.6611328125 0.05908203125 645.8480518939188 2870
# stats: dump at 1448596673
stats: users 8 1279
stats: {freemem,"tsung_controller@ip-172-30-3-25"} 1 3098.80078125 0.0 3171.2890625 3096.453125 3133.6650390625 32
stats: {load,"tsung_controller@ip-172-30-3-25"} 1 0.1015625 0.0 0.30078125 0.0 0.123779296875 32
stats: {recvpackets,"tsung_controller@ip-172-30-3-25"} 1 180.0 0.0 8506 139 3053.2580645161293 31
stats: {sentpackets,"tsung_controller@ip-172-30-3-25"} 1 155.0 0.0 8094 139 2984.451612903226 31
stats: {cpu,"tsung_controller@ip-172-30-3-25"} 1 1.2833168805528135 0.0 22.264875239923224 1.2833168805528135 8.154906764841844 32
stats: session 5 123483.04599609374 19593.23073456364 180959.93090820313 5842.087890625 57780.90057879509 1880
stats: users_count 0 1893
stats: finish_users_count 5 1885
stats: request 58 6.931956324084052 5.515027209911467 33756.43701171875 0.052978515625 866.3053491909583 29039
stats: connect 1 0.72998046875 0.0 31083.93798828125 0.470947265625 1310.4114280469494 3168
stats: page 40 10.098669433593749 6.340140991752414 33756.43701171875 0.555908203125 1036.342593346454 24277
stats: tr_play_game__ready_page 0 0 0 18245.968994140625 0.64306640625 713.1990521387849 951
stats: 302 34 3391
stats: tr_play_game__leaderboard 2 7.2730712890625 0.4859619140625 4352.2060546875 0.639892578125 603.0340327915077 949
stats: 200 5 6571
stats: tr_question_new_POST 16 7.6607666015625 5.093751412227645 18806.7080078125 0.6611328125 467.6425091802289 2886
stats: size_rcv 43966 31702053
stats: tr_quiz_new_POST 2 5.2705078125 0.482421875 19282.990966796875 0.84716796875 746.7333886195124 373
stats: newphase 0 6
stats: tr_friend_requests 0 0 0 2984.567138671875 0.6708984375 635.5737769510399 562
stats: 422 18 1386
stats: tr_friends 0 0 0 5364.43505859375 0.64990234375 589.9957930348986 561
stats: size_sent 48135 17686543
stats: tr_search_all_users 0 0 0 4062.31201171875 0.64990234375 643.2026332372437 561
stats: connected -7 2
stats: tr_browse_quizzes_page_1 0 0 0 19934.418212890625 0.638916015625 918.2240836126446 951
stats: error_connection_closed 0 340
stats: tr_play_game__1st_question 0 0 0 19368.29296875 0.64404296875 699.2689818694138 951
stats: error_abort_max_send_retries 0 54
stats: tr_play_game__answer_to_question 0 0 0 8460.700927734375 0.656005859375 606.9651276822094 951
stats: 503 0 14323
stats: tr_index 0 0 0 33714.697021484375 1.19287109375 3513.650130567741 951
stats: 500 1 2249
stats: tr_quizzes_page_INDEX 0 0 0 3131.39794921875 0.657958984375 635.837853361431 380
stats: 404 0 332
stats: tr_quiz_questions_SHOW 16 5.1646270751953125 3.8977542870208133 19529.6611328125 0.05908203125 642.3163636988099 2886
# stats: dump at 1448596683
stats: users 1 1279
stats: {freemem,"tsung_controller@ip-172-30-3-25"} 1 3099.43359375 0.0 3171.2890625 3096.453125 3132.608546401515 33
stats: {load,"tsung_controller@ip-172-30-3-25"} 1 0.08984375 0.0 0.30078125 0.0 0.12310606060606061 33
stats: {recvpackets,"tsung_controller@ip-172-30-3-25"} 1 331.0 0.0 8506 139 2963.46875 32
stats: {sentpackets,"tsung_controller@ip-172-30-3-25"} 1 276.0 0.0 8094 139 2896.03125 32
stats: {cpu,"tsung_controller@ip-172-30-3-25"} 1 1.2871287128712872 0.0 22.264875239923224 1.2833168805528135 7.9466767683482376 33
stats: session 7 137033.63636997767 17021.37446656135 180959.93090820313 5842.087890625 57955.17682658633 1885
stats: users_count 0 1893
stats: finish_users_count 7 1892
stats: request 110 9.577450284090904 7.492057371871046 33756.43701171875 0.052978515625 864.5923321518726 29097
stats: connect 5 0.80361328125 0.015097763633592892 31083.93798828125 0.470947265625 1309.998148953362 3169
stats: page 73 14.486993659032533 7.865194965166274 33756.43701171875 0.555908203125 1034.654483918625 24317
stats: tr_play_game__ready_page 0 0 0 18245.968994140625 0.64306640625 713.1990521387849 951
stats: 302 38 3429
stats: tr_play_game__leaderboard 0 0 0 4352.2060546875 0.639892578125 601.7811180459714 951
stats: 200 19 6590
stats: tr_question_new_POST 32 5.853034973144531 3.606955122420292 18806.7080078125 0.6611328125 465.10642789792064 2902
stats: size_rcv 151044 31853097
stats: tr_quiz_new_POST 4 7.87896728515625 3.219460725439997 19282.990966796875 0.84716796875 742.778919921875 375
stats: newphase 0 6
stats: tr_friend_requests 0 0 0 2984.567138671875 0.6708984375 635.5737769510399 562
stats: 422 19 1405
stats: tr_friends 1 5.368896484375 0.0 5364.43505859375 0.64990234375 589.9957930348986 561
stats: size_sent 96560 17783103
stats: tr_search_all_users 1 4.79296875 0.0 4062.31201171875 0.64990234375 643.2026332372437 561
stats: connected -2 0
stats: tr_browse_quizzes_page_1 0 0 0 19934.418212890625 0.638916015625 918.2240836126446 951
stats: error_connection_closed 0 340
stats: tr_play_game__1st_question 0 0 0 19368.29296875 0.64404296875 699.2689818694138 951
stats: error_abort_max_send_retries 0 54
stats: tr_play_game__answer_to_question 0 0 0 8460.700927734375 0.656005859375 606.9651276822094 951
stats: 503 0 14323
stats: tr_index 0 0 0 33714.697021484375 1.19287109375 3513.650130567741 951
stats: 500 18 2267
stats: tr_quizzes_page_INDEX 0 0 0 3131.39794921875 0.657958984375 635.837853361431 380
stats: 404 16 348
stats: tr_quiz_questions_SHOW 32 8.358467102050781 4.976847075029551 19529.6611328125 0.05908203125 638.8034664603613 2902
# stats: dump at 1448596693
stats: users 1 1279
stats: {freemem,"tsung_controller@ip-172-30-3-25"} 1 3099.515625 0.0 3171.2890625 3096.453125 3131.6328125 34
stats: {load,"tsung_controller@ip-172-30-3-25"} 1 0.0703125 0.0 0.30078125 0.0 0.12212775735294118 34
stats: {recvpackets,"tsung_controller@ip-172-30-3-25"} 1 86.0 0.0 8506 86 2883.6969696969695 33
stats: {sentpackets,"tsung_controller@ip-172-30-3-25"} 1 72.0 0.0 8094 72 2816.6363636363635 33
stats: {cpu,"tsung_controller@ip-172-30-3-25"} 1 1.083743842364532 0.0 22.264875239923224 1.083743842364532 7.750807707893032 34
stats: session 0 0 0 180959.93090820313 5842.087890625 58247.75040840649 1892
stats: users_count 0 1893
stats: finish_users_count 0 1892
stats: request 0 0 0 33756.43701171875 0.052978515625 861.3721576387265 29207
stats: connect 0 0 0 31083.93798828125 0.470947265625 1307.9357757087619 3174
stats: page 0 0 0 33756.43701171875 0.555908203125 1031.6010920863598 24390
stats: tr_play_game__ready_page 0 0 0 18245.968994140625 0.64306640625 713.1990521387849 951
stats: 302 0 3429
stats: tr_play_game__leaderboard 0 0 0 4352.2060546875 0.639892578125 601.7811180459714 951
stats: 200 0 6590
stats: tr_question_new_POST 0 0 0 18806.7080078125 0.6611328125 460.09752927024755 2934
stats: size_rcv 0 31853097
stats: tr_quiz_new_POST 0 0 0 19282.990966796875 0.84716796875 735.0227198940469 379
stats: newphase 0 6
stats: tr_friend_requests 0 0 0 2984.567138671875 0.6708984375 635.5737769510399 562
stats: 422 0 1405
stats: tr_friends 0 0 0 5364.43505859375 0.64990234375 588.9555316531362 562
stats: size_sent 0 17783103
stats: tr_search_all_users 0 0 0 4062.31201171875 0.64990234375 642.0666729801491 562
stats: connected 0 0
stats: tr_browse_quizzes_page_1 0 0 0 19934.418212890625 0.638916015625 918.2240836126446 951
stats: error_connection_closed 0 340
stats: tr_play_game__1st_question 0 0 0 19368.29296875 0.64404296875 699.2689818694138 951
stats: error_abort_max_send_retries 0 54
stats: tr_play_game__answer_to_question 0 0 0 8460.700927734375 0.656005859375 606.9651276822094 951
stats: 503 0 14323
stats: tr_index 0 0 0 33714.697021484375 1.19287109375 3513.650130567741 951
stats: 500 0 2267
stats: tr_quizzes_page_INDEX 0 0 0 3131.39794921875 0.657958984375 635.837853361431 380
stats: 404 0 348
stats: tr_quiz_questions_SHOW 0 0 0 19529.6611328125 0.05908203125 631.9274473807887 2934
# stats: dump at 1448596703
stats: users 0 1279
stats: {freemem,"tsung_controller@ip-172-30-3-25"} 1 3099.67578125 0.0 3171.2890625 3096.453125 3130.7151785714286 35
stats: {load,"tsung_controller@ip-172-30-3-25"} 1 0.05859375 0.0 0.30078125 0.0 0.12064732142857143 35
stats: {recvpackets,"tsung_controller@ip-172-30-3-25"} 1 3.0 0.0 8506 3 2801.4117647058824 34
stats: {sentpackets,"tsung_controller@ip-172-30-3-25"} 1 2.0 0.0 8094 2 2735.9117647058824 34
stats: {cpu,"tsung_controller@ip-172-30-3-25"} 1 0.8893280632411068 0.0 22.264875239923224 0.8893280632411068 7.560320168877932 35
stats: session 1 145578.56201171875 0.0 180959.93090820313 5842.087890625 58247.75040840649 1892
stats: users_count 0 1893
stats: finish_users_count 1 1893
stats: request 25 12.23724609375 8.768133936366333 33756.43701171875 0.052978515625 861.3721576387265 29207
stats: connect 1 0.81103515625 0.0 31083.93798828125 0.470947265625 1307.9357757087619 3174
stats: page 16 18.328140258789063 7.933559447922336 33756.43701171875 0.555908203125 1031.6010920863598 24390
stats: tr_play_game__ready_page 0 0 0 18245.968994140625 0.64306640625 713.1990521387849 951
stats: 302 0 3429
stats: tr_play_game__leaderboard 0 0 0 4352.2060546875 0.639892578125 601.7811180459714 951
stats: 200 8 6598
stats: tr_question_new_POST 8 6.71148681640625 3.7534956628135823 18806.7080078125 0.6611328125 460.09752927024755 2934
stats: size_rcv 54317 31907414
stats: tr_quiz_new_POST 1 6.12890625 0.0 19282.990966796875 0.84716796875 735.0227198940469 379
stats: newphase 0 6
stats: tr_friend_requests 0 0 0 2984.567138671875 0.6708984375 635.5737769510399 562
stats: 422 1 1406
stats: tr_friends 0 0 0 5364.43505859375 0.64990234375 588.9555316531362 562
stats: size_sent 22828 17805931
stats: tr_search_all_users 0 0 0 4062.31201171875 0.64990234375 642.0666729801491 562
stats: connected 1 1
stats: tr_browse_quizzes_page_1 0 0 0 19934.418212890625 0.638916015625 918.2240836126446 951
stats: error_connection_closed 0 340
stats: tr_play_game__1st_question 0 0 0 19368.29296875 0.64404296875 699.2689818694138 951
stats: error_abort_max_send_retries 0 54
stats: tr_play_game__answer_to_question 0 0 0 8460.700927734375 0.656005859375 606.9651276822094 951
stats: 503 0 14323
stats: tr_index 0 0 0 33714.697021484375 1.19287109375 3513.650130567741 951
stats: 500 8 2275
stats: tr_quizzes_page_INDEX 0 0 0 3131.39794921875 0.657958984375 635.837853361431 380
stats: 404 8 356
stats: tr_quiz_questions_SHOW 7 9.399169921875 4.862383104601048 19529.6611328125 0.05908203125 631.9274473807887 2934
# stats: dump at 1448596704
stats: users 0 1279
stats: {freemem,"tsung_controller@ip-172-30-3-25"} 0 0 0 3171.2890625 3096.453125 3129.852973090278 36
stats: {load,"tsung_controller@ip-172-30-3-25"} 0 0 0 0.30078125 0.0 0.1189236111111111 36
stats: {recvpackets,"tsung_controller@ip-172-30-3-25"} 0 0 0 8506 3 2721.457142857143 35
stats: {sentpackets,"tsung_controller@ip-172-30-3-25"} 0 0 0 8094 2 2657.8 35
stats: {cpu,"tsung_controller@ip-172-30-3-25"} 0 0 0 22.264875239923224 0.8893280632411068 7.375014832610243 36
stats: session 0 0 0 180959.93090820313 5842.087890625 58293.88395917422 1893
stats: users_count 0 1893
stats: finish_users_count 0 1893
stats: request 1 5.39697265625 0.0 33756.43701171875 0.052978515625 860.6459544097779 29232
stats: connect 0 0 0 31083.93798828125 0.470947265625 1307.5240828770918 3175
stats: page 1 19.219970703125 0.0 33756.43701171875 0.555908203125 1030.9368141535056 24406
stats: tr_play_game__ready_page 0 0 0 18245.968994140625 0.64306640625 713.1990521387849 951
stats: 302 0 3429
stats: tr_play_game__leaderboard 0 0 0 4352.2060546875 0.639892578125 601.7811180459714 951
stats: 200 0 6598
stats: tr_question_new_POST 0 0 0 18806.7080078125 0.6611328125 458.86466443692643 2942
stats: size_rcv 1623 31909037
stats: tr_quiz_new_POST 0 0 0 19282.990966796875 0.84716796875 733.1045782791941 380
stats: newphase 0 6
stats: tr_friend_requests 0 0 0 2984.567138671875 0.6708984375 635.5737769510399 562
stats: 422 0 1406
stats: tr_friends 0 0 0 5364.43505859375 0.64990234375 588.9555316531362 562
stats: size_sent 765 17806696
stats: tr_search_all_users 0 0 0 4062.31201171875 0.64990234375 642.0666729801491 562
stats: connected -1 0
stats: tr_browse_quizzes_page_1 0 0 0 19934.418212890625 0.638916015625 918.2240836126446 951
stats: error_connection_closed 0 340
stats: tr_play_game__1st_question 0 0 0 19368.29296875 0.64404296875 699.2689818694138 951
stats: error_abort_max_send_retries 0 54
stats: tr_play_game__answer_to_question 0 0 0 8460.700927734375 0.656005859375 606.9651276822094 951
stats: 503 0 14323
stats: tr_index 0 0 0 33714.697021484375 1.19287109375 3513.650130567741 951
stats: 500 1 2276
stats: tr_quizzes_page_INDEX 0 0 0 3131.39794921875 0.657958984375 635.837853361431 380
stats: 404 0 356
stats: tr_quiz_questions_SHOW 1 5.48291015625 0.0 19529.6611328125 0.05908203125 630.4457411780644 2941
EndMonitor:{1448,596704,530675}
