# stats: dump at 1449365207
stats: users 7 7
stats: {cpu,"tsung_controller@ip-172-30-3-224"} 1 5.9722000955870636 0 5.9722000955870636 5.9722000955870636 0 0
stats: {load,"tsung_controller@ip-172-30-3-224"} 1 0.0 0 0.0 0.0 0 0
stats: {freemem,"tsung_controller@ip-172-30-3-224"} 1 3170.70703125 0 3170.70703125 3170.70703125 0 0
stats: users_count 7 7
stats: finish_users_count 0 0
stats: request 14 194.74862234933036 316.84539484957725 802.8427734375 10.593994140625 0 0
stats: connect 7 18.484898158482142 41.66765320427096 120.548095703125 1.2138671875 0 0
stats: page 14 194.74862234933036 316.84539484957725 802.8427734375 10.593994140625 0 0
stats: tr_play_game__ready_page 2 18.490478515625 0.451416015625 18.94189453125 18.0390625 0 0
stats: 200 14 14
stats: tr_browse_quizzes_page_1 4 606.8865966796875 332.27841454960065 802.925048828125 31.416015625 0 0
stats: size_rcv 61978 61978
stats: tr_play_game__1st_question 1 59.683837890625 0 59.683837890625 59.683837890625 0 0
stats: size_sent 6496 6496
stats: tr_index 6 32.397867838541664 44.59407239147067 132.072021484375 10.656005859375 0 0
stats: connected 7 7
# stats: dump at 1449365217
stats: users 13 13
stats: {recvpackets,"tsung_controller@ip-172-30-3-224"} 1 100 0 100 100 0 0
stats: {sentpackets,"tsung_controller@ip-172-30-3-224"} 1 103 0 103 103 0 0
stats: {cpu,"tsung_controller@ip-172-30-3-224"} 1 2.1653543307086616 0.0 5.9722000955870636 2.1653543307086616 5.9722000955870636 1
stats: {load,"tsung_controller@ip-172-30-3-224"} 1 0.0 0.0 0.0 0.0 0.0 1
stats: {freemem,"tsung_controller@ip-172-30-3-224"} 1 3170.66796875 0.0 3170.70703125 3170.66796875 3170.70703125 1
stats: users_count 6 13
stats: finish_users_count 0 0
stats: request 32 113.81060791015624 249.880825720385 802.8427734375 6.951904296875 194.74862234933036 14
stats: connect 6 1.5234375 0.29779866066659894 120.548095703125 0.932861328125 18.484898158482142 7
stats: page 32 113.81060791015624 249.880825720385 802.8427734375 6.951904296875 194.74862234933036 14
stats: tr_play_game__ready_page 5 15.54423828125 4.8471200488755555 19.89111328125 9.280029296875 18.490478515625 2
stats: 200 32 46
stats: tr_browse_quizzes_page_1 7 354.7743443080357 373.31081968481436 802.925048828125 26.176025390625 606.8865966796875 4
stats: size_rcv 127021 188999
stats: tr_play_game__1st_question 4 44.41204833984375 20.142395768384606 59.683837890625 10.047119140625 59.683837890625 1
stats: size_sent 22756 29252
stats: tr_play_game__answer_to_question 3 15.445719401041666 1.940828830636789 17.526123046875 12.85498046875 0 0
stats: connected 6 13
stats: tr_index 5 10.832666015625 0.8197494114637807 132.072021484375 10.14404296875 32.397867838541664 6
# stats: dump at 1449365227
stats: users 19 19
stats: {recvpackets,"tsung_controller@ip-172-30-3-224"} 1 423.0 0.0 423 100 100.0 1
stats: {sentpackets,"tsung_controller@ip-172-30-3-224"} 1 370.0 0.0 370 103 103.0 1
stats: {cpu,"tsung_controller@ip-172-30-3-224"} 1 1.7733990147783252 0.0 5.9722000955870636 1.7733990147783252 4.068777213147863 2
stats: {load,"tsung_controller@ip-172-30-3-224"} 1 0.0 0.0 0.0 0.0 0.0 2
stats: {freemem,"tsung_controller@ip-172-30-3-224"} 1 3168.3671875 0.0 3170.70703125 3168.3671875 3170.6875 2
stats: users_count 6 19
stats: finish_users_count 0 0
stats: request 33 27.270478219696965 35.04682971741602 802.8427734375 6.951904296875 138.4439166525136 46
stats: connect 6 1.560302734375 0.31861682927363183 120.548095703125 0.932861328125 10.656531700721153 13
stats: page 32 28.125144958496094 36.840253065928835 802.8427734375 6.951904296875 138.4439166525136 46
stats: tr_play_game__ready_page 4 18.970947265625 9.565869343941554 35.47705078125 9.280029296875 16.386021205357142 7
stats: 302 1 1
stats: tr_friend_requests 1 55.7529296875 0 55.7529296875 55.7529296875 0 0
stats: 200 32 78
stats: tr_browse_quizzes_page_1 2 53.2105712890625 15.4635009765625 802.925048828125 26.176025390625 446.4515269886364 11
stats: size_rcv 90336 279335
stats: tr_play_game__1st_question 6 31.247843424479168 23.02975115020976 65.004150390625 10.047119140625 47.46640625 5
stats: size_sent 25481 54733
stats: tr_play_game__answer_to_question 3 19.354654947916668 7.852505356420675 25.968017578125 8.322021484375 15.445719401041666 3
stats: connected 6 19
stats: tr_index 3 10.5009765625 0.48091823982999865 132.072021484375 9.995849609375 22.595503373579547 11
# stats: dump at 1449365237
stats: users 28 29
stats: {recvpackets,"tsung_controller@ip-172-30-3-224"} 1 134.0 0.0 423 100 261.5 2
stats: {sentpackets,"tsung_controller@ip-172-30-3-224"} 1 151.0 0.0 370 103 236.5 2
stats: {cpu,"tsung_controller@ip-172-30-3-224"} 1 1.2833168805528135 0.0 5.9722000955870636 1.2833168805528135 3.303651147024684 3
stats: {load,"tsung_controller@ip-172-30-3-224"} 1 0.0 0.0 0.0 0.0 0.0 3
stats: {freemem,"tsung_controller@ip-172-30-3-224"} 1 3167.9921875 0.0 3170.70703125 3167.9921875 3169.9140625 3
stats: session 3 22749.549967447918 8681.95696800666 33901.935791015625 12725.572998046875 0 0
stats: users_count 12 31
stats: finish_users_count 3 3
stats: request 61 30.501020587858616 41.523371326965886 802.8427734375 6.951904296875 92.0043790793117 79
stats: connect 12 1.691650390625 0.6205571813878924 120.548095703125 0.8798828125 7.784038342927632 19
stats: page 56 33.23022024972098 44.86876979346809 802.8427734375 6.951904296875 93.18493339342949 78
stats: tr_play_game__ready_page 4 13.32232666015625 3.6344166828522084 35.47705078125 9.280029296875 17.325994318181817 11
stats: 302 3 4
stats: tr_play_game__leaderboard 1 12.032958984375 0 12.032958984375 12.032958984375 0 0
stats: 200 58 136
stats: tr_friend_requests 2 48.08154296875 2.75048828125 55.7529296875 45.3310546875 55.7529296875 1
stats: size_rcv 232206 511541
stats: tr_friends 2 34.0050048828125 10.5721435546875 44.5771484375 23.432861328125 0 0
stats: newphase 1 1
stats: tr_search_all_users 2 83.8424072265625 14.4315185546875 98.27392578125 69.410888671875 0 0
stats: size_sent 46687 101420
stats: tr_browse_quizzes_page_1 6 32.564453125 6.483881477357477 802.925048828125 22.718994140625 385.95291841947113 13
stats: connected 10 29
stats: tr_play_game__1st_question 2 34.446044921875 24.7470703125 65.004150390625 9.698974609375 38.61991743607955 11
stats: tr_play_game__answer_to_question 5 17.1837890625 7.446897920164245 29.75 8.322021484375 17.400187174479168 6
stats: tr_index 9 11.605224609375 1.614017034503511 132.072021484375 9.967041015625 20.003819056919642 14
stats: tr_quizzes_page_INDEX 1 13.801025390625 0 13.801025390625 13.801025390625 0 0
# stats: dump at 1449365247
stats: users 39 40
stats: {recvpackets,"tsung_controller@ip-172-30-3-224"} 1 296.0 0.0 423 100 219.0 3
stats: {sentpackets,"tsung_controller@ip-172-30-3-224"} 1 310.0 0.0 370 103 208.0 3
stats: {cpu,"tsung_controller@ip-172-30-3-224"} 1 1.8682399213372665 0.0 5.9722000955870636 1.2833168805528135 2.7985675804067163 4
stats: {load,"tsung_controller@ip-172-30-3-224"} 1 0.0 0.0 0.0 0.0 0.0 4
stats: {freemem,"tsung_controller@ip-172-30-3-224"} 1 3165.359375 0.0 3170.70703125 3165.359375 3169.43359375 4
stats: session 2 31870.33544921875 11300.1904296875 43170.52587890625 12725.572998046875 22749.549967447918 3
stats: users_count 13 44
stats: finish_users_count 2 5
stats: request 84 19.359499976748506 28.965240555256525 802.8427734375 6.951904296875 65.20648716517857 140
stats: connect 13 1.7934758112980769 0.6583769112738366 120.548095703125 0.8798828125 5.425694619455645 31
stats: page 80 20.330227661132813 31.24122587934983 802.8427734375 6.951904296875 68.12923237814832 134
stats: tr_play_game__ready_page 8 12.8642578125 2.985614139887699 35.47705078125 9.280029296875 16.258349609375 15
stats: 302 3 7
stats: tr_play_game__leaderboard 1 13.5859375 0.0 13.5859375 12.032958984375 12.032958984375 1
stats: 200 81 217
stats: tr_friend_requests 0 0 0 55.7529296875 45.3310546875 50.638671875 3
stats: size_rcv 253706 765247
stats: tr_friends 1 22.8330078125 0.0 44.5771484375 22.8330078125 34.0050048828125 2
stats: newphase 0 1
stats: tr_search_all_users 0 0 0 98.27392578125 69.410888671875 83.8424072265625 2
stats: size_sent 69381 170801
stats: tr_browse_quizzes_page_1 6 30.56884765625 8.51127615191227 802.925048828125 22.025146484375 274.3565609580592 19
stats: connected 11 40
stats: tr_play_game__1st_question 8 12.754241943359375 3.166312336034869 65.004150390625 9.698974609375 37.977783203125 13
stats: tr_play_game__answer_to_question 4 13.2108154296875 6.669141795841379 29.75 8.322021484375 17.301824396306817 11
stats: tr_index 3 13.3984375 3.5569054695075115 132.072021484375 9.967041015625 16.71741253396739 23
stats: tr_quizzes_page_INDEX 1 20.64794921875 0.0 20.64794921875 13.801025390625 13.801025390625 1
# stats: dump at 1449365257
stats: users 49 50
stats: {recvpackets,"tsung_controller@ip-172-30-3-224"} 1 411.0 0.0 423 100 238.25 4
stats: {sentpackets,"tsung_controller@ip-172-30-3-224"} 1 448.0 0.0 448 103 233.5 4
stats: {cpu,"tsung_controller@ip-172-30-3-224"} 1 2.167487684729064 0.0 5.9722000955870636 1.2833168805528135 2.6125020485928263 5
stats: {load,"tsung_controller@ip-172-30-3-224"} 1 0.0 0.0 0.0 0.0 0.0 5
stats: {freemem,"tsung_controller@ip-172-30-3-224"} 1 3163.07421875 0.0 3170.70703125 3163.07421875 3168.61875 5
stats: session 5 34527.57319335938 18233.60082684138 54750.5400390625 11411.3720703125 26397.86416015625 5
stats: users_count 15 59
stats: finish_users_count 5 10
stats: request 152 31.25461939761513 51.31179228629182 802.8427734375 6.056884765625 48.0138669695173 224
stats: connect 15 1.6147786458333333 0.5834284173582791 120.548095703125 0.8798828125 4.3525390625 44
stats: page 133 35.7346778812265 61.05448216640365 802.8427734375 6.951904296875 50.260445568049064 214
stats: tr_play_game__ready_page 5 11.37646484375 1.4163752994848449 35.47705078125 9.280029296875 15.077795940896738 23
stats: 302 9 16
stats: tr_play_game__leaderboard 5 19.922412109375 11.082664115511545 40.097900390625 10.26708984375 12.8094482421875 2
stats: 200 135 352
stats: tr_question_new_POST 8 9.654510498046875 4.356195088943333 16.556884765625 6.14501953125 0 0
stats: size_rcv 477341 1242588
stats: tr_quiz_new_POST 1 24.02001953125 0 24.02001953125 24.02001953125 0 0
stats: newphase 0 1
stats: tr_friend_requests 4 17.3167724609375 3.5934320993380386 55.7529296875 15.00390625 50.638671875 3
stats: size_sent 132276 303077
stats: tr_friends 1 19.37109375 0.0 44.5771484375 19.37109375 30.281005859375 3
stats: connected 10 50
stats: tr_search_all_users 1 73.02197265625 0.0 98.27392578125 69.410888671875 83.8424072265625 2
stats: 404 8 8
stats: tr_browse_quizzes_page_1 7 36.52500697544643 10.717324978301104 802.925048828125 22.025146484375 215.847509765625 25
stats: tr_play_game__1st_question 7 11.390311104910714 1.7318256042694633 65.004150390625 9.465087890625 28.368815104166668 21
stats: tr_play_game__answer_to_question 7 14.466657366071429 7.830072612473983 32.73193359375 8.322021484375 16.210888671874997 15
stats: tr_index 7 10.993582589285714 0.8871641267473712 132.072021484375 9.967041015625 16.334453876201923 26
stats: tr_quizzes_page_INDEX 4 12.69482421875 1.4603033678490493 20.64794921875 10.427978515625 17.2244873046875 2
stats: tr_quiz_questions_SHOW 8 12.680755615234375 3.9292573521588237 17.056884765625 8.35107421875 0 0
# stats: dump at 1449365267
stats: users 61 61
stats: {recvpackets,"tsung_controller@ip-172-30-3-224"} 1 434.0 0.0 434 100 272.8 5
stats: {sentpackets,"tsung_controller@ip-172-30-3-224"} 1 477.0 0.0 477 103 276.4 5
stats: {cpu,"tsung_controller@ip-172-30-3-224"} 1 2.0792079207920793 0.0 5.9722000955870636 1.2833168805528135 2.538332987948866 6
stats: {load,"tsung_controller@ip-172-30-3-224"} 1 0.0 0.0 0.0 0.0 0.0 6
stats: {freemem,"tsung_controller@ip-172-30-3-224"} 1 3161.5078125 0.0 3170.70703125 3161.5078125 3167.6946614583335 6
stats: session 5 39041.755078125 20400.806585595918 58646.43017578125 11411.3720703125 30462.718676757813 10
stats: users_count 17 76
stats: finish_users_count 5 15
stats: request 141 24.13602615248227 39.02835162302739 802.8427734375 6.056884765625 41.23885199364195 376
stats: connect 17 1.7258157169117647 0.6694840313983046 120.548095703125 0.8798828125 3.656498278601695 59
stats: page 128 26.59911346435547 43.81041263944716 802.8427734375 6.951904296875 44.692932304800074 347
stats: tr_play_game__ready_page 9 15.24270290798611 8.30749404122157 35.47705078125 9.10791015625 14.416843959263392 28
stats: 302 2 18
stats: tr_play_game__leaderboard 2 11.778076171875 1.531005859375 40.097900390625 10.2470703125 17.89013671875 7
stats: 200 131 483
stats: tr_question_new_POST 8 11.51953125 4.0481082903870655 19.205078125 6.14501953125 9.654510498046875 8
stats: size_rcv 461278 1703866
stats: tr_quiz_new_POST 1 17.735107421875 0.0 24.02001953125 17.735107421875 24.02001953125 1
stats: newphase 1 2
stats: tr_friend_requests 3 65.74332682291667 48.421738503781995 131.299072265625 15.00390625 31.597586495535715 7
stats: size_sent 119831 422908
stats: tr_friends 2 21.1715087890625 1.8416748046875 44.5771484375 19.329833984375 27.55352783203125 4
stats: connected 11 61
stats: tr_search_all_users 2 70.5821533203125 2.6229248046875 98.27392578125 67.959228515625 80.235595703125 3
stats: 404 8 16
stats: tr_browse_quizzes_page_1 9 45.01307508680556 24.26602368624947 802.925048828125 22.025146484375 176.62071228027344 32
stats: tr_play_game__1st_question 8 59.20812988281251 99.5265927440822 318.35009765625 8.9931640625 24.124189104352677 28
stats: tr_play_game__answer_to_question 7 9.939801897321429 0.9624429255634348 32.73193359375 8.322021484375 15.65590598366477 22
stats: tr_index 10 10.7120849609375 1.443323195524087 132.072021484375 9.48095703125 15.201541785037879 33
stats: tr_quizzes_page_INDEX 1 26.632080078125 0.0 26.632080078125 10.427978515625 14.2047119140625 6
stats: tr_quiz_questions_SHOW 8 11.033172607421875 0.9688287936553542 17.056884765625 8.35107421875 12.680755615234375 8
# stats: dump at 1449365277
stats: users 72 72
stats: {recvpackets,"tsung_controller@ip-172-30-3-224"} 1 551.0 0.0 551 100 299.6666666666667 6
stats: {sentpackets,"tsung_controller@ip-172-30-3-224"} 1 584.0 0.0 584 103 309.8333333333333 6
stats: {cpu,"tsung_controller@ip-172-30-3-224"} 1 2.366863905325444 0.0 5.9722000955870636 1.2833168805528135 2.4727436926407536 7
stats: {load,"tsung_controller@ip-172-30-3-224"} 1 0.0 0.0 0.0 0.0 0.0 7
stats: {freemem,"tsung_controller@ip-172-30-3-224"} 1 3162.71875 0.0 3170.70703125 3161.5078125 3166.8108258928573 7
stats: session 7 33352.65576171875 14094.935765698663 58646.43017578125 11411.3720703125 33322.39747721354 15
stats: users_count 18 94
stats: finish_users_count 7 22
stats: request 164 42.19208210270582 140.43681284146533 1627.27197265625 6.012939453125 36.57444494605295 517
stats: connect 17 1.4718376608455883 0.22747034236460795 120.548095703125 0.8798828125 3.224635074013158 76
stats: page 143 48.40129377458479 153.78881641004946 1642.80908203125 6.951904296875 39.817124280427635 475
stats: tr_play_game__ready_page 8 11.16485595703125 0.6835847663289085 35.47705078125 9.10791015625 14.617728568412161 37
stats: 302 9 27
stats: tr_play_game__leaderboard 5 15.402587890625 5.638078225587395 40.097900390625 10.2470703125 16.531901041666668 9
stats: 200 147 630
stats: tr_question_new_POST 8 8.87176513671875 3.3594469500754376 19.205078125 6.118896484375 10.587020874023438 16
stats: size_rcv 529119 2232985
stats: tr_quiz_new_POST 1 15.032958984375 0.0 24.02001953125 15.032958984375 20.8775634765625 2
stats: newphase 0 2
stats: tr_friend_requests 2 32.986083984375 18.010009765625 131.299072265625 14.97607421875 41.84130859375 10
stats: size_sent 144988 567896
stats: tr_friends 3 21.8232421875 3.937738865464432 44.5771484375 18.10986328125 25.426188151041668 6
stats: connected 10 71
stats: tr_search_all_users 3 69.80769856770833 5.484137463233215 98.27392578125 65.5419921875 76.37421875 5
stats: 404 8 24
stats: tr_browse_quizzes_page_1 6 31.0455322265625 4.412963844676309 802.925048828125 22.025146484375 147.73123094512195 41
stats: tr_play_game__1st_question 7 10.304513113839286 0.6563772573061717 318.35009765625 8.760009765625 31.92062038845486 36
stats: tr_play_game__answer_to_question 9 25.48749457465278 39.846739759080606 137.698974609375 8.322021484375 14.276156721443964 29
stats: tr_index 8 12.06646728515625 5.227223453939142 132.072021484375 9.48095703125 14.157482058502907 43
stats: tr_quizzes_page_INDEX 3 10.95263671875 0.744427349556968 26.632080078125 10.138916015625 15.980050223214286 7
stats: tr_quiz_questions_SHOW 8 12.474822998046875 4.090845321388503 17.056884765625 8.2470703125 11.856964111328125 16
# stats: dump at 1449365287
stats: users 67 73
stats: {recvpackets,"tsung_controller@ip-172-30-3-224"} 1 737.0 0.0 737 100 335.57142857142856 7
stats: {sentpackets,"tsung_controller@ip-172-30-3-224"} 1 751.0 0.0 751 103 349.0 7
stats: {cpu,"tsung_controller@ip-172-30-3-224"} 1 2.9469548133595285 0.0 5.9722000955870636 1.2833168805528135 2.45950871922634 8
stats: {load,"tsung_controller@ip-172-30-3-224"} 1 0.0 0.0 0.0 0.0 0.0 8
stats: {freemem,"tsung_controller@ip-172-30-3-224"} 1 3160.93359375 0.0 3170.70703125 3160.93359375 3166.29931640625 8
stats: session 18 45632.70850965712 17422.81650242969 81026.30615234375 11411.3720703125 33332.025113192474 22
stats: users_count 13 107
stats: finish_users_count 18 40
stats: request 318 49.855855689858494 166.6613761999836 2151.33203125 5.971923828125 37.927297359696226 681
stats: connect 13 1.5373347355769231 0.28973673999476657 120.548095703125 0.8798828125 2.904231245799731 93
stats: page 250 63.45267480468747 192.3107605599314 2151.33203125 6.951904296875 41.80342887211772 618
stats: tr_play_game__ready_page 6 18.26806640625 17.023510235273186 56.2080078125 9.10791015625 14.003884548611111 45
stats: 302 10 37
stats: tr_play_game__leaderboard 6 43.6683349609375 70.18943124357094 200.571044921875 9.96484375 16.128574916294642 14
stats: 200 260 890
stats: tr_question_new_POST 48 17.547012329101566 39.25592276384946 284.0029296875 6.05810546875 10.015268961588541 24
stats: size_rcv 1022322 3255307
stats: tr_quiz_new_POST 6 36.274495442708336 26.986390275722503 85.7138671875 15.032958984375 18.929361979166668 3
stats: newphase 0 2
stats: tr_friend_requests 9 44.826822916666664 61.75579704788422 214.245849609375 11.526123046875 40.365437825520836 12
stats: size_sent 313325 881221
stats: tr_friends 4 40.55596923828125 33.06218929738574 97.718017578125 18.10986328125 24.225206163194443 9
stats: connected -3 68
stats: tr_search_all_users 3 99.74943033854167 29.919468966284654 141.754150390625 65.5419921875 73.91177368164063 8
stats: 404 48 72
stats: tr_browse_quizzes_page_1 7 44.725899832589285 28.05668437559299 802.925048828125 22.025146484375 132.83518430019947 47
stats: tr_play_game__1st_question 8 26.764251708984375 18.20084171379991 318.35009765625 8.760009765625 28.401719204215116 43
stats: tr_play_game__answer_to_question 4 12.74249267578125 6.224048402199722 137.698974609375 8.322021484375 16.931473581414473 38
stats: tr_index 4 11.75579833984375 2.5198965850149992 132.072021484375 9.48095703125 13.829479741115197 51
stats: tr_quizzes_page_INDEX 6 113.56791178385417 146.34202599665096 365.47802734375 10.138916015625 14.471826171875 10
stats: tr_quiz_questions_SHOW 48 20.974889119466145 19.880765102397284 123.986083984375 8.2470703125 12.062917073567709 24
# stats: dump at 1449365297
stats: users 82 82
stats: {recvpackets,"tsung_controller@ip-172-30-3-224"} 1 1049.0 0.0 1049 100 385.75 8
stats: {sentpackets,"tsung_controller@ip-172-30-3-224"} 1 993.0 0.0 993 103 399.25 8
stats: {cpu,"tsung_controller@ip-172-30-3-224"} 1 2.9644268774703555 0.0 5.9722000955870636 1.2833168805528135 2.51366939635225 9
stats: {load,"tsung_controller@ip-172-30-3-224"} 1 0.078125 0.0 0.078125 0.0 0.0 9
stats: {freemem,"tsung_controller@ip-172-30-3-224"} 1 3159.01171875 0.0 3170.70703125 3159.01171875 3165.703125 9
stats: session 17 41732.286319508275 17401.179831142097 81026.30615234375 5637.05712890625 38867.33264160156 40
stats: users_count 32 139
stats: finish_users_count 17 57
stats: request 260 23.88757793719952 36.11582278359142 2151.33203125 5.971923828125 41.72437598731545 999
stats: connect 33 2.2616077769886362 2.511723151732088 120.548095703125 0.8798828125 2.7365929945459904 106
stats: page 227 27.375426977216403 41.38927449684855 2151.33203125 6.951904296875 48.03881076513896 868
stats: tr_play_game__ready_page 11 26.38370028409091 43.04498804942027 161.10302734375 9.10791015625 14.50555300245098 51
stats: 302 9 46
stats: tr_play_game__leaderboard 10 20.995947265625 28.145252370963366 200.571044921875 9.362060546875 24.3905029296875 20
stats: 200 235 1125
stats: tr_question_new_POST 16 10.582351684570313 3.561105752000913 284.0029296875 6.05810546875 15.036431206597225 72
stats: size_rcv 923458 4178765
stats: tr_quiz_new_POST 2 18.6165771484375 0.2835693359375 85.7138671875 15.032958984375 30.492784288194443 9
stats: newphase 1 3
stats: tr_friend_requests 2 14.928466796875 0.476318359375 214.245849609375 11.526123046875 42.277460007440474 21
stats: size_sent 222524 1103745
stats: tr_friends 6 20.492350260416668 1.3522103777477883 97.718017578125 18.10986328125 29.25005634014423 13
stats: connected 14 82
stats: tr_search_all_users 6 71.14591471354167 7.813138150748936 141.754150390625 62.734130859375 80.9584073153409 11
stats: 404 16 88
stats: tr_browse_quizzes_page_1 15 32.82815755208333 4.8900475652622415 802.925048828125 22.025146484375 121.41361038773148 54
stats: tr_play_game__1st_question 9 23.834879557291668 37.61381136773685 318.35009765625 8.760009765625 28.144861557904413 51
stats: tr_play_game__answer_to_question 7 10.034563337053571 1.3372442462972929 137.698974609375 7.574951171875 16.532523018973215 42
stats: tr_index 17 12.301341337316176 4.478728365197533 132.072021484375 8.33203125 13.678666548295455 55
stats: tr_quizzes_page_INDEX 5 15.7984375 7.268199463886913 365.47802734375 10.138916015625 51.63285827636719 16
stats: tr_quiz_questions_SHOW 16 12.757614135742188 2.8423763224728114 123.986083984375 8.2470703125 18.004231770833332 72
# stats: dump at 1449365307
stats: users 112 112
stats: {recvpackets,"tsung_controller@ip-172-30-3-224"} 1 1254.0 0.0 1254 100 459.44444444444446 9
stats: {sentpackets,"tsung_controller@ip-172-30-3-224"} 1 1226.0 0.0 1226 103 465.22222222222223 9
stats: {cpu,"tsung_controller@ip-172-30-3-224"} 1 4.031465093411996 0.0 5.9722000955870636 1.2833168805528135 2.5587451444640603 10
stats: {load,"tsung_controller@ip-172-30-3-224"} 1 0.05859375 0.0 0.078125 0.0 0.0078125 10
stats: {freemem,"tsung_controller@ip-172-30-3-224"} 1 3158.06640625 0.0 3170.70703125 3158.06640625 3165.033984375 10
stats: session 11 34788.91677024148 14216.528724392694 81026.30615234375 5637.05712890625 39721.792510450934 57
stats: users_count 41 180
stats: finish_users_count 11 68
stats: request 370 32.275346415751706 93.097259747368 2151.33203125 5.971923828125 38.04084342732328 1259
stats: connect 41 1.4979277820121952 0.41013257647328966 120.548095703125 0.865966796875 2.6238267198741005 139
stats: page 308 38.79710804332387 102.46431196184767 2151.33203125 6.951904296875 43.7551686465468 1095
stats: tr_play_game__ready_page 21 17.430071149553573 23.23131368261893 161.10302734375 7.43310546875 16.612966229838708 62
stats: 302 14 60
stats: tr_play_game__leaderboard 5 11.953857421875 0.6447776924389763 200.571044921875 9.362060546875 23.258984375 30
stats: 200 316 1441
stats: tr_question_new_POST 40 9.247686767578127 3.662033003348956 284.0029296875 6.05810546875 14.226598566228695 88
stats: size_rcv 1259073 5437838
stats: tr_quiz_new_POST 5 17.39140625 1.8763593158733514 85.7138671875 14.7509765625 28.333473899147727 11
stats: newphase 0 3
stats: tr_friend_requests 6 13.885213216145834 1.7835581443367672 214.245849609375 11.18310546875 39.89928668478261 23
stats: size_sent 329489 1433234
stats: tr_friends 3 28.918782552083332 6.973823987651104 97.718017578125 18.10986328125 26.48446494654605 19
stats: connected 30 112
stats: tr_search_all_users 5 71.52822265625 8.942663590606811 141.754150390625 62.151123046875 77.49517463235294 17
stats: 404 40 128
stats: tr_browse_quizzes_page_1 20 79.9040283203125 204.56968291651265 970.907958984375 22.025146484375 102.1559032495471 69
stats: tr_play_game__1st_question 15 11.089925130208334 1.4862353868107425 318.35009765625 8.26611328125 27.4983642578125 60
stats: tr_play_game__answer_to_question 15 15.387369791666666 10.253915324147563 137.698974609375 7.574951171875 15.604243064413266 49
stats: tr_index 23 10.929783033288043 2.5998125375302634 132.072021484375 8.33203125 13.353464762369791 72
stats: tr_quizzes_page_INDEX 5 27.400830078125 23.131769946360876 365.47802734375 10.138916015625 43.100853329613095 21
stats: tr_quiz_questions_SHOW 40 11.417327880859375 3.8985765564940227 123.986083984375 8.2470703125 17.05030129172585 88
# stats: dump at 1449365317
stats: users 140 140
stats: {recvpackets,"tsung_controller@ip-172-30-3-224"} 1 1325.0 0.0 1325 100 538.9 10
stats: {sentpackets,"tsung_controller@ip-172-30-3-224"} 1 1358.0 0.0 1358 103 541.3 10
stats: {cpu,"tsung_controller@ip-172-30-3-224"} 1 4.133858267716536 0.0 5.9722000955870636 1.2833168805528135 2.6926287761866 11
stats: {load,"tsung_controller@ip-172-30-3-224"} 1 0.05078125 0.0 0.078125 0.0 0.012428977272727272 11
stats: {freemem,"tsung_controller@ip-172-30-3-224"} 1 3152.6171875 0.0 3170.70703125 3152.6171875 3164.400568181818 11
stats: session 17 43957.871883616725 16352.841037732538 81026.30615234375 5637.05712890625 38923.82731718176 68
stats: users_count 45 225
stats: finish_users_count 17 85
stats: request 376 85.36090542407744 217.71482209114893 2151.33203125 5.971923828125 36.731307580618875 1629
stats: connect 40 68.21813354492187 220.75540417848848 1020.5439453125 0.865966796875 2.3673719618055555 180
stats: page 326 98.46978048312884 237.23330626543768 2151.33203125 6.951904296875 42.6667276873218 1403
stats: tr_play_game__ready_page 15 12.424690755208333 4.091598138215913 161.10302734375 7.43310546875 16.819703619164155 83
stats: 302 14 74
stats: tr_play_game__leaderboard 9 140.33626302083334 365.3616582637114 1173.72314453125 9.178955078125 21.643966238839287 35
stats: 200 338 1779
stats: tr_question_new_POST 24 10.962412516276041 6.365868410906838 284.0029296875 6.05810546875 12.670688629150394 128
stats: size_rcv 1217913 6655751
stats: tr_quiz_new_POST 3 314.4923502604167 413.29742739851 898.9580078125 14.7509765625 24.914077758789063 16
stats: newphase 0 3
stats: tr_friend_requests 10 96.699609375 185.36665629592264 624.9990234375 10.85205078125 34.51706458782328 29
stats: size_sent 329257 1762491
stats: tr_friends 9 111.40831163194444 220.34644978491357 732.240966796875 18.10986328125 26.816417347301137 22
stats: connected 23 135
stats: tr_search_all_users 6 83.03019205729167 24.260670711371418 141.754150390625 62.151123046875 76.13904918323864 22
stats: 404 24 152
stats: tr_browse_quizzes_page_1 16 175.1621856689453 262.878137480806 970.907958984375 21.053955078125 97.15548191713484 89
stats: tr_play_game__1st_question 21 97.59647042410714 227.05489436924017 799.158935546875 8.26611328125 24.216676432291667 75
stats: tr_play_game__answer_to_question 17 18.259593290441178 24.17373204405805 137.698974609375 7.574951171875 15.553413391113281 64
stats: tr_index 15 104.040673828125 275.93927111407277 1093.02294921875 8.33203125 12.766678659539474 95
stats: tr_quizzes_page_INDEX 2 12.79541015625 0.91650390625 365.47802734375 10.138916015625 40.08161808894231 26
stats: tr_quiz_questions_SHOW 24 16.741597493489582 9.050371765259287 123.986083984375 8.2470703125 15.289997100830078 128
# stats: dump at 1449365327
stats: users 174 174
stats: {recvpackets,"tsung_controller@ip-172-30-3-224"} 1 1598.0 0.0 1598 100 610.3636363636364 11
stats: {sentpackets,"tsung_controller@ip-172-30-3-224"} 1 1559.0 0.0 1559 103 615.5454545454545 11
stats: {cpu,"tsung_controller@ip-172-30-3-224"} 1 4.433497536945813 0.0 5.9722000955870636 1.2833168805528135 2.8127312338140946 12
stats: {load,"tsung_controller@ip-172-30-3-224"} 1 0.19140625 0.0 0.19140625 0.0 0.015625 12
stats: {freemem,"tsung_controller@ip-172-30-3-224"} 1 3149.37890625 0.0 3170.70703125 3149.37890625 3163.4186197916665 12
stats: session 19 43911.09231085526 17741.17717280376 81756.17797851563 5637.05712890625 39930.63623046875 85
stats: users_count 53 278
stats: finish_users_count 19 104
stats: request 474 42.74507443713741 165.73370577888252 2371.403076171875 5.971923828125 45.850873061486915 2005
stats: connect 57 1.5668003015350878 0.4321247192612786 1020.5439453125 0.865966796875 14.340237704190342 220
stats: page 416 48.72028057391828 178.04109363563057 2389.407958984375 6.951904296875 53.18829808144159 1729
stats: tr_play_game__ready_page 20 16.92744140625 13.7852324026917 161.10302734375 7.43310546875 16.14699756855867 98
stats: 302 20 94
stats: tr_play_game__leaderboard 10 20.571044921875 19.627453076371264 1173.72314453125 9.178955078125 45.92193603515625 44
stats: 200 428 2207
stats: tr_question_new_POST 26 25.4449462890625 24.74689959161859 284.0029296875 6.05810546875 12.400960821854444 152
stats: size_rcv 1547976 8203727
stats: tr_quiz_new_POST 4 66.5799560546875 48.89824923695289 898.9580078125 14.7509765625 70.636962890625 19
stats: newphase 1 4
stats: tr_friend_requests 12 16.247212727864582 6.247463858915047 624.9990234375 10.470947265625 50.46130684094551 39
stats: size_sent 415444 2177935
stats: tr_friends 8 19.984375 3.871176767854446 732.240966796875 15.05908203125 51.37535439768145 31
stats: connected 38 173
stats: tr_search_all_users 5 75.62294921875 9.828199721205452 141.754150390625 62.151123046875 77.61572265625 28
stats: 404 26 178
stats: tr_browse_quizzes_page_1 29 147.4773959455819 420.87309127751007 2241.0810546875 21.053955078125 109.04221772693452 105
stats: tr_play_game__1st_question 19 14.52258943256579 10.516151401732312 799.158935546875 7.89599609375 40.268506368001304 96
stats: tr_play_game__answer_to_question 22 11.761707652698863 6.597933079015936 137.698974609375 7.574951171875 16.121377073688272 81
stats: tr_index 33 14.515114524147727 12.32884846487052 1093.02294921875 8.33203125 25.213132546164772 110
stats: tr_quizzes_page_INDEX 9 26.964680989583332 33.13035409990553 365.47802734375 9.400146484375 38.132603236607146 28
stats: tr_quiz_questions_SHOW 26 28.89716045673077 25.976634700915977 123.986083984375 8.2470703125 15.519197162828947 152
# stats: dump at 1449365337
stats: users 224 224
stats: {recvpackets,"tsung_controller@ip-172-30-3-224"} 1 1949.0 0.0 1949 100 692.6666666666666 12
stats: {sentpackets,"tsung_controller@ip-172-30-3-224"} 1 2020.0 0.0 2020 103 694.1666666666666 12
stats: {cpu,"tsung_controller@ip-172-30-3-224"} 1 6.451612903225806 0.0 6.451612903225806 1.2833168805528135 2.937405564824227 13
stats: {load,"tsung_controller@ip-172-30-3-224"} 1 0.16015625 0.0 0.19140625 0.0 0.029146634615384616 13
stats: {freemem,"tsung_controller@ip-172-30-3-224"} 1 3144.140625 0.0 3170.70703125 3144.140625 3162.338641826923 13
stats: session 33 34307.905598958336 15821.580129176456 81756.17797851563 5637.05712890625 40657.83493746244 104
stats: users_count 83 361
stats: finish_users_count 33 137
stats: request 753 40.09203485537021 114.65377401945295 2371.403076171875 5.81298828125 45.257025321292616 2479
stats: connect 83 1.4389118975903614 0.3786327231885708 1020.5439453125 0.822998046875 11.711768635773916 277
stats: page 628 48.09429620633463 126.94558388804546 2389.407958984375 6.934814453125 52.32177347392191 2145
stats: tr_play_game__ready_page 37 29.310454497466218 32.99334699336395 175.362060546875 7.43310546875 16.279276185116522 118
stats: 302 28 122
stats: tr_play_game__leaderboard 15 23.524153645833334 17.376163926342493 1173.72314453125 8.830078125 41.2273265697338 54
stats: 200 647 2854
stats: tr_question_new_POST 78 15.374111077724365 23.59086407222382 284.0029296875 5.913818359375 14.306262069873599 178
stats: size_rcv 2496712 10700439
stats: tr_quiz_new_POST 9 23.55951605902778 9.830672282395172 898.9580078125 14.7509765625 69.931396484375 23
stats: newphase 0 4
stats: tr_friend_requests 13 28.15929236778846 28.994520754909853 624.9990234375 10.43505859375 42.4109317555147 51
stats: size_sent 669856 2847791
stats: tr_friends 10 59.0804443359375 79.31694510407662 732.240966796875 14.90087890625 44.93617913661859 39
stats: connected 50 223
stats: tr_search_all_users 10 96.87568359375 27.07852777660285 155.97900390625 62.151123046875 77.31378728693181 33
stats: 404 78 256
stats: tr_browse_quizzes_page_1 38 53.50501773231908 42.66500405180431 2241.0810546875 20.73193359375 117.3602786847015 134
stats: tr_play_game__1st_question 30 16.782316080729167 11.769875073738763 799.158935546875 7.89599609375 36.014833135190216 115
stats: tr_play_game__answer_to_question 22 16.071777343749996 14.04181591168064 137.698974609375 7.574951171875 15.190185546875 103
stats: tr_index 42 13.842203776041666 7.909746089335624 1093.02294921875 8.239990234375 22.74435915646853 143
stats: tr_quizzes_page_INDEX 12 21.659912109375 16.718799910961057 365.47802734375 9.0439453125 35.4160816089527 37
stats: tr_quiz_questions_SHOW 78 27.955879407051288 60.56709921745651 530.669921875 8.117919921875 17.473281688904493 178
# stats: dump at 1449365347
stats: users 257 257
stats: {recvpackets,"tsung_controller@ip-172-30-3-224"} 1 3075.0 0.0 3075 100 789.3076923076923 13
stats: {sentpackets,"tsung_controller@ip-172-30-3-224"} 1 3014.0 0.0 3014 103 796.1538461538462 13
stats: {cpu,"tsung_controller@ip-172-30-3-224"} 1 8.01564027370479 0.0 8.01564027370479 1.2833168805528135 3.1884203747100544 14
stats: {load,"tsung_controller@ip-172-30-3-224"} 1 0.140625 0.0 0.19140625 0.0 0.03850446428571429 14
stats: {freemem,"tsung_controller@ip-172-30-3-224"} 1 3135.78125 0.0 3170.70703125 3135.78125 3161.0387834821427 14
stats: session 43 38752.920279569415 15887.770814322816 92428.548828125 5637.05712890625 39128.28991431912 137
stats: users_count 76 437
stats: finish_users_count 43 180
stats: request 933 53.175820762577 265.2746868310673 4019.44091796875 5.81298828125 44.05367203514176 3232
stats: connect 75 1.62560546875 1.1727670896205653 1020.5439453125 0.822998046875 9.343304443359376 360
stats: page 788 62.98254022743493 288.4958532831638 4019.44091796875 6.934814453125 51.364378694244735 2773
stats: tr_play_game__ready_page 41 27.03657941120427 33.23631253458482 175.362060546875 7.43310546875 19.38994455645161 155
stats: 302 31 153
stats: tr_play_game__leaderboard 19 25.940224095394736 20.544233462552103 1173.72314453125 8.093994140625 37.37881071671195 69
stats: 200 814 3668
stats: tr_question_new_POST 88 12.088456587357955 5.089103950975835 284.0029296875 5.913818359375 14.631622314453129 256
stats: size_rcv 3086242 13786681
stats: tr_quiz_new_POST 11 24.882679332386363 13.425304454063747 898.9580078125 13.5029296875 56.889305114746094 32
stats: newphase 0 4
stats: tr_friend_requests 16 43.143157958984375 34.33587914233787 624.9990234375 10.43505859375 39.51606750488281 64
stats: size_sent 849593 3697384
stats: tr_friends 15 42.59083658854167 54.50729163147973 732.240966796875 14.90087890625 47.82276387117347 49
stats: connected 32 255
stats: tr_search_all_users 16 101.41361999511719 43.17005937269186 245.928955078125 62.151123046875 81.86306549781976 43
stats: 404 88 344
stats: tr_browse_quizzes_page_1 41 358.36072670541154 988.0580407553069 4019.490966796875 20.73193359375 103.25272103243096 172
stats: tr_play_game__1st_question 46 26.673806895380434 25.323560132379303 799.158935546875 7.89599609375 32.035691675646554 145
stats: tr_play_game__answer_to_question 47 14.826395237699469 8.68353958980197 137.698974609375 7.123046875 15.345345703125 125
stats: tr_index 37 13.17017921241554 6.275967141248684 1093.02294921875 8.1279296875 20.72332928631757 185
stats: tr_quizzes_page_INDEX 16 33.732879638671875 53.567440809725426 365.47802734375 8.23486328125 32.04722377232143 49
stats: tr_quiz_questions_SHOW 88 19.16191239790483 18.836269970596085 530.669921875 8.117919921875 20.667198181152344 256
# stats: dump at 1449365357
stats: users 336 336
stats: {recvpackets,"tsung_controller@ip-172-30-3-224"} 1 3579.0 0.0 3579 100 952.5714285714286 14
stats: {sentpackets,"tsung_controller@ip-172-30-3-224"} 1 3518.0 0.0 3518 103 954.5714285714286 14
stats: {cpu,"tsung_controller@ip-172-30-3-224"} 1 8.984375 0.0 8.984375 1.2833168805528135 3.5102350346430367 15
stats: {load,"tsung_controller@ip-172-30-3-224"} 1 0.19921875 0.0 0.19921875 0.0 0.0453125 15
stats: {freemem,"tsung_controller@ip-172-30-3-224"} 1 3129.65234375 0.0 3170.70703125 3129.65234375 3159.354947916667 15
stats: session 45 39793.11481662327 16155.31992286083 92428.548828125 5637.05712890625 39038.618279351125 180
stats: users_count 124 561
stats: finish_users_count 45 225
stats: request 1090 41.98686120269496 110.96177070992664 4019.44091796875 5.81298828125 46.0971209577581 4165
stats: connect 125 1.4821621093749997 0.6426792934702121 1020.5439453125 0.822998046875 8.012666689116381 435
stats: page 929 49.193691290618276 123.61320239303694 4019.44091796875 6.753173828125 53.93531699476534 3561
stats: tr_play_game__ready_page 45 22.132817925347222 20.405150689882515 175.362060546875 7.43310546875 20.98949572504783 196
stats: 302 36 189
stats: tr_play_game__leaderboard 23 19.107400645380434 30.75469655535152 1173.72314453125 7.9619140625 34.90911587801847 88
stats: 200 958 4626
stats: tr_question_new_POST 96 19.33455657958984 17.529843802454288 284.0029296875 5.913818359375 13.981045035428782 344
stats: size_rcv 3504747 17291428
stats: tr_quiz_new_POST 12 147.44683837890625 369.86696135360273 1372.4091796875 13.5029296875 48.70156363553779 43
stats: newphase 1 5
stats: tr_friend_requests 17 31.659466911764707 19.397746337533377 624.9990234375 10.43505859375 40.241485595703125 80
stats: size_sent 962360 4659744
stats: tr_friends 17 69.56287339154412 91.77885201810965 732.240966796875 14.90087890625 46.59653091430664 64
stats: connected 80 335
stats: tr_search_all_users 10 115.6904052734375 67.04787251364064 245.928955078125 62.151123046875 87.16491078522246 59
stats: 404 96 440
stats: tr_browse_quizzes_page_1 60 83.13747151692709 198.0906904738108 4019.490966796875 20.60009765625 152.35801789906102 213
stats: tr_play_game__1st_question 40 15.876177978515624 16.486105821137933 799.158935546875 7.89208984375 30.74434769715314 191
stats: tr_play_game__answer_to_question 36 18.74045138888889 19.946455380306233 137.698974609375 7.123046875 15.203539471293604 172
stats: tr_index 58 13.133397595635776 9.38909183623285 1093.02294921875 8.1279296875 19.46447094066723 222
stats: tr_quizzes_page_INDEX 11 31.849165482954547 28.778597105744296 365.47802734375 8.23486328125 32.46215444711538 65
stats: tr_quiz_questions_SHOW 96 27.82648213704427 46.479915343107116 530.669921875 8.117919921875 20.282125073809958 344
# stats: dump at 1449365367
stats: users 452 455
stats: {recvpackets,"tsung_controller@ip-172-30-3-224"} 1 4256.0 0.0 4256 100 1127.6666666666667 15
stats: {sentpackets,"tsung_controller@ip-172-30-3-224"} 1 4326.0 0.0 4326 103 1125.4666666666667 15
stats: {cpu,"tsung_controller@ip-172-30-3-224"} 1 11.508704061895552 0.0 11.508704061895552 1.2833168805528135 3.8523687824778468 16
stats: {load,"tsung_controller@ip-172-30-3-224"} 1 0.171875 0.0 0.19921875 0.0 0.054931640625 16
stats: {freemem,"tsung_controller@ip-172-30-3-224"} 1 3122.5546875 0.0 3170.70703125 3122.5546875 3157.49853515625 16
stats: session 52 37793.79505333534 13572.016396176263 92428.548828125 5637.05712890625 39189.51758680555 225
stats: users_count 168 729
stats: finish_users_count 52 277
stats: request 1159 36.02409029706374 65.41800549810881 4019.44091796875 5.81298828125 45.244564700285444 5255
stats: connect 167 1.3672415910366762 0.429632460507392 1020.5439453125 0.779052734375 6.554964773995537 560
stats: page 1027 40.7468104822146 72.70143156938285 4019.44091796875 6.753173828125 52.95425457179148 4490
stats: tr_play_game__ready_page 65 29.079522235576917 52.68531535143927 422.9169921875 7.43310546875 21.202979123443985 241
stats: 302 55 244
stats: tr_play_game__leaderboard 27 16.233714916087962 9.782318542973696 1173.72314453125 7.9619140625 31.634886595579953 111
stats: 200 1056 5682
stats: tr_question_new_POST 48 17.39205932617188 13.661514825781532 284.0029296875 5.913818359375 15.149083917791193 440
stats: size_rcv 3832437 21123865
stats: tr_quiz_new_POST 6 24.041666666666668 9.422521202809932 1372.4091796875 13.5029296875 70.2459872159091 55
stats: newphase 0 5
stats: tr_friend_requests 29 31.222748855064648 39.013733102367965 624.9990234375 10.28515625 38.73742046552835 97
stats: size_sent 965531 5625275
stats: tr_friends 23 60.787300441576086 71.58285221314296 732.240966796875 14.90087890625 51.41662748360339 81
stats: connected 115 450
stats: tr_search_all_users 19 109.18577816611842 52.75732689120479 289.114013671875 62.151123046875 91.29904042119566 69
stats: 404 48 488
stats: tr_browse_quizzes_page_1 76 49.183307848478634 34.33285050896648 4019.490966796875 20.60009765625 137.14471100188874 273
stats: tr_play_game__1st_question 59 20.924076403601696 18.402318353078677 799.158935546875 7.89208984375 28.169772854099026 231
stats: tr_play_game__answer_to_question 38 15.714522512335526 13.02627911128402 137.698974609375 7.123046875 15.815697303185097 208
stats: tr_index 84 12.913922991071429 7.277050971217899 1093.02294921875 7.9609375 18.15303431919643 280
stats: tr_quizzes_page_INDEX 18 20.02605523003472 16.68751612828094 365.47802734375 8.23486328125 32.37343236019737 76
stats: tr_quiz_questions_SHOW 48 21.610488891601563 16.028452476616046 530.669921875 8.117919921875 21.928166614879263 440
# stats: dump at 1449365377
stats: users 537 537
stats: {recvpackets,"tsung_controller@ip-172-30-3-224"} 1 5248.0 0.0 5248 100 1323.1875 16
stats: {sentpackets,"tsung_controller@ip-172-30-3-224"} 1 5389.0 0.0 5389 103 1325.5 16
stats: {cpu,"tsung_controller@ip-172-30-3-224"} 1 13.953488372093023 0.0 13.953488372093023 1.2833168805528135 4.302741445973005 17
stats: {load,"tsung_controller@ip-172-30-3-224"} 1 0.140625 0.0 0.19921875 0.0 0.061810661764705885 17
stats: {freemem,"tsung_controller@ip-172-30-3-224"} 1 3111.25390625 0.0 3170.70703125 3111.25390625 3155.4430147058824 17
stats: session 69 34442.959341740265 14645.991920665832 92428.548828125 5637.05712890625 38927.504692435694 277
stats: users_count 154 883
stats: finish_users_count 69 346
stats: request 1470 65.97996402662632 221.18438380514795 4462.990966796875 5.81298828125 43.578439063657136 6414
stats: connect 154 1.6859701577719153 3.2361965325104243 1020.5439453125 0.77685546875 5.363286958927959 727
stats: page 1306 74.277243177522 239.32964283567006 4507.906005859375 6.699951171875 50.68181573184305 5517
stats: tr_play_game__ready_page 82 30.755576529153963 35.896849564101764 422.9169921875 7.43310546875 22.87610102634804 306
stats: 302 61 305
stats: tr_play_game__leaderboard 39 37.89616511418269 57.63042528908793 1173.72314453125 7.9619140625 28.621613875679348 138
stats: 200 1345 7027
stats: tr_question_new_POST 64 18.987003326416016 15.068879723711289 284.0029296875 5.913818359375 15.369704449763063 488
stats: size_rcv 4877392 26001257
stats: tr_quiz_new_POST 10 33.5379150390625 25.560206020050373 1372.4091796875 13.5029296875 65.7012999487705 61
stats: newphase 0 5
stats: tr_friend_requests 33 63.14885179924242 89.40819838008537 624.9990234375 10.28515625 37.007853190104164 126
stats: size_sent 1284920 6910195
stats: tr_friends 29 59.82128064385776 65.42019742879168 732.240966796875 14.90087890625 53.48898784930889 104
stats: connected 85 535
stats: tr_search_all_users 34 290.4504035500919 624.5701898106971 3571.256103515625 62.151123046875 95.16094970703125 88
stats: 404 64 552
stats: tr_browse_quizzes_page_1 85 86.50856502757352 157.35491133337763 4019.490966796875 20.60009765625 117.98979226361031 349
stats: tr_play_game__1st_question 85 50.847380514705904 80.15418614329775 799.158935546875 7.85791015625 26.69564840382543 290
stats: tr_play_game__answer_to_question 84 35.61246454148065 57.36530277793836 341.151123046875 7.123046875 15.8000686769563 246
stats: tr_index 85 17.337385110294115 23.147107918270475 1093.02294921875 7.9609375 16.94400862809066 364
stats: tr_quizzes_page_INDEX 28 37.33556256975447 42.20442280627721 365.47802734375 8.23486328125 30.009040994847073 94
stats: tr_quiz_questions_SHOW 64 24.240364074707024 20.145482473796605 530.669921875 8.117919921875 21.896919625704406 488
# stats: dump at 1449365387
stats: users 692 692
stats: {recvpackets,"tsung_controller@ip-172-30-3-224"} 1 6563.0 0.0 6563 100 1554.0588235294117 17
stats: {sentpackets,"tsung_controller@ip-172-30-3-224"} 1 6467.0 0.0 6467 103 1564.5294117647059 17
stats: {cpu,"tsung_controller@ip-172-30-3-224"} 1 15.942028985507244 0.0 15.942028985507244 1.2833168805528135 4.838894052979672 18
stats: {load,"tsung_controller@ip-172-30-3-224"} 1 0.12109375 0.0 0.19921875 0.0 0.0661892361111111 18
stats: {freemem,"tsung_controller@ip-172-30-3-224"} 1 3095.046875 0.0 3170.70703125 3095.046875 3152.9880642361113 18
stats: session 86 40050.25437182049 15497.681764444766 92428.548828125 5637.05712890625 38033.187845042674 346
stats: users_count 241 1124
stats: finish_users_count 86 432
stats: request 2113 67.57523921852805 182.9266006032769 4462.990966796875 5.81298828125 47.755283520222925 7884
stats: connect 241 1.3942374708246887 0.7930303306127219 1020.5439453125 0.688232421875 4.720486973254825 881
stats: page 1783 79.98351140217508 206.26224213891373 4507.906005859375 6.699951171875 55.198249594375184 6823
stats: tr_play_game__ready_page 79 60.753912430775316 106.61795511394534 547.37109375 7.43310546875 24.541351003745167 388
stats: 302 80 385
stats: tr_play_game__leaderboard 39 34.71327248597756 44.70191995545262 1173.72314453125 7.9619140625 30.665159063824152 177
stats: 200 1839 8866
stats: tr_question_new_POST 194 30.42369472857602 64.43386487913298 583.27099609375 5.913818359375 15.789101420969203 552
stats: size_rcv 6475285 32476542
stats: tr_quiz_new_POST 23 74.39697265625 80.25192028493305 1372.4091796875 13.5029296875 61.17124573613556 71
stats: newphase 1 6
stats: tr_friend_requests 48 87.15464782714844 139.51546968787156 678.280029296875 10.28515625 42.43334346747248 159
stats: size_sent 1873720 8783915
stats: tr_friends 33 76.47639234138258 81.94032030523742 732.240966796875 14.90087890625 54.86971334586466 133
stats: connected 154 689
stats: tr_search_all_users 25 178.2895703125 119.74489908073564 3571.256103515625 62.151123046875 149.58587946657275 122
stats: 404 194 746
stats: tr_browse_quizzes_page_1 102 118.83963551240807 340.8629691686198 4019.490966796875 20.60009765625 111.82411411830357 434
stats: tr_play_game__1st_question 81 70.9864486882716 169.09232709401303 1326.39697265625 7.85791015625 32.170041015625 375
stats: tr_play_game__answer_to_question 68 46.28146541819853 59.88805863130742 360.18408203125 7.123046875 20.843223987926137 330
stats: tr_index 120 18.879425048828118 17.84418017766194 1093.02294921875 7.9609375 17.01847856347439 449
stats: tr_quizzes_page_INDEX 29 46.527722588900865 82.72456835355263 428.60595703125 8.23486328125 31.690537749743854 122
stats: tr_quiz_questions_SHOW 194 31.84457680613727 43.6528308678239 530.669921875 8.117919921875 22.168623329936594 552
# stats: dump at 1449365397
stats: users 919 919
stats: {recvpackets,"tsung_controller@ip-172-30-3-224"} 1 9698.0 0.0 9698 100 1832.3333333333333 18
stats: {sentpackets,"tsung_controller@ip-172-30-3-224"} 1 9341.0 0.0 9341 103 1836.888888888889 18
stats: {cpu,"tsung_controller@ip-172-30-3-224"} 1 20.520231213872833 0.0 20.520231213872833 1.2833168805528135 5.423269575744281 19
stats: {load,"tsung_controller@ip-172-30-3-224"} 1 0.1015625 0.0 0.19921875 0.0 0.06907894736842106 19
stats: {freemem,"tsung_controller@ip-172-30-3-224"} 1 3076.375 0.0 3170.70703125 3076.375 3149.9385279605262 19
stats: session 110 35859.2721923828 13149.719796707257 92428.548828125 5637.05712890625 38434.733496206776 432
stats: users_count 337 1461
stats: finish_users_count 110 542
stats: request 2802 89.86185387251302 147.34189886900333 4462.990966796875 5.81298828125 51.94449692329572 9997
stats: connect 341 1.5219697924303506 1.5259030438175796 1020.5439453125 0.688232421875 4.006025181734627 1122
stats: page 2417 104.20059723039265 169.46964480339076 4507.906005859375 6.699951171875 60.333285825296315 8606
stats: tr_play_game__ready_page 159 63.48808778007076 64.1794482789351 547.37109375 7.43310546875 30.66724469268603 467
stats: 302 85 470
stats: tr_play_game__leaderboard 55 50.91880326704545 40.92127430002833 1173.72314453125 7.9619140625 31.396068431712962 216
stats: 200 2487 11353
stats: tr_question_new_POST 231 51.889755182968074 49.87811645204315 583.27099609375 5.913818359375 19.594880377639072 746
stats: size_rcv 8477667 40954209
stats: tr_quiz_new_POST 31 160.96108713457662 283.1685477019781 1665.26806640625 13.5029296875 64.40732785488697 94
stats: newphase 0 6
stats: tr_friend_requests 45 115.48436414930555 114.13237685113688 678.280029296875 10.28515625 52.803501000150966 207
stats: size_sent 2449013 11232928
stats: tr_friends 38 115.61386590254934 129.4296864719132 773.41015625 14.90087890625 59.16501700160015 166
stats: connected 228 917
stats: tr_search_all_users 35 219.66421595982143 111.13970092374393 3571.256103515625 62.151123046875 154.46745954241072 147
stats: 404 231 977
stats: tr_browse_quizzes_page_1 166 146.0298881071159 163.12246655136025 4019.490966796875 20.60009765625 113.1591573686742 536
stats: tr_play_game__1st_question 137 68.87669116389142 70.54850666600458 1326.39697265625 7.85791015625 39.065060799581964 456
stats: tr_play_game__answer_to_question 112 70.22605242047989 102.93159894398222 974.14599609375 7.123046875 25.189456192093278 398
stats: tr_index 163 31.97344708588957 29.850847297887828 1093.02294921875 7.342041015625 17.410945309067444 569
stats: tr_quizzes_page_INDEX 36 77.89476860894098 77.72454958130788 428.60595703125 8.23486328125 34.540063314879966 151
stats: tr_quiz_questions_SHOW 229 67.17243684327235 57.94232574614339 530.669921875 8.117919921875 24.684890051629534 746
# stats: dump at 1449365407
stats: users 1111 1111
stats: {recvpackets,"tsung_controller@ip-172-30-3-224"} 1 13187.0 0.0 13187 100 2246.315789473684 19
stats: {sentpackets,"tsung_controller@ip-172-30-3-224"} 1 11974.0 0.0 11974 103 2231.842105263158 19
stats: {cpu,"tsung_controller@ip-172-30-3-224"} 1 27.101038715769594 0.0 27.101038715769594 1.2833168805528135 6.178117657650708 20
stats: {load,"tsung_controller@ip-172-30-3-224"} 1 0.08984375 0.0 0.19921875 0.0 0.070703125 20
stats: {freemem,"tsung_controller@ip-172-30-3-224"} 1 3049.93359375 0.0 3170.70703125 3049.93359375 3146.2603515625 20
stats: session 123 40576.232747395836 16689.541054742098 110477.82299804688 5637.05712890625 37912.03839764472 542
stats: users_count 315 1776
stats: finish_users_count 123 665
stats: request 3066 229.9269364985936 255.40184846057187 4462.990966796875 5.81298828125 60.2454918581896 12799
stats: connect 315 1.9260424417162694 1.5523063465594704 1020.5439453125 0.688232421875 3.427034827836637 1463
stats: page 2622 263.7793829108268 314.43248595357386 4507.906005859375 6.699951171875 69.95201862635935 11023
stats: tr_play_game__ready_page 150 193.30768391927083 169.38057480259144 755.794921875 7.43310546875 39.003529119034546 626
stats: 302 139 609
stats: tr_play_game__leaderboard 66 201.64827843868375 174.90365632708648 1173.72314453125 7.9619140625 35.35824708833026 271
stats: 200 2705 14058
stats: tr_question_new_POST 221 163.88756164274605 143.46941619146946 684.282958984375 5.913818359375 27.23061843294204 977
stats: size_rcv 8690572 49644781
stats: tr_quiz_new_POST 36 227.89606391059027 154.0723852161345 1665.26806640625 13.5029296875 88.35266015625 125
stats: newphase 0 6
stats: tr_friend_requests 50 262.319892578125 171.91130906371907 678.280029296875 10.28515625 63.996512276785715 252
stats: size_sent 2789301 14022229
stats: tr_friends 48 331.51733398437494 209.82334011365828 797.78515625 14.90087890625 69.6799986596201 204
stats: connected 192 1109
stats: tr_search_all_users 41 570.8527415205792 448.7899457734461 3571.256103515625 62.151123046875 167.0052973149897 182
stats: 404 221 1198
stats: tr_browse_quizzes_page_1 140 288.13621477399556 208.74398221101697 4019.490966796875 20.60009765625 120.93200822705215 702
stats: tr_play_game__1st_question 151 189.48127716266552 164.1666805365456 1326.39697265625 7.85791015625 45.952402047322934 593
stats: tr_play_game__answer_to_question 131 154.7077841722328 141.30709293985794 974.14599609375 7.123046875 35.079845952052686 510
stats: tr_index 145 96.34649447737067 114.40091945139184 1093.02294921875 7.342041015625 20.65368819106472 732
stats: tr_quizzes_page_INDEX 61 221.17590131915983 166.30896185825046 652.8740234375 8.23486328125 42.886423692346256 187
stats: tr_quiz_questions_SHOW 218 192.68789420871568 158.3309040265059 655.389892578125 8.117919921875 34.66401642628205 975
# stats: dump at 1449365417
stats: users 1054 1172
stats: {recvpackets,"tsung_controller@ip-172-30-3-224"} 1 14821.0 0.0 14821 100 2793.35 20
stats: {sentpackets,"tsung_controller@ip-172-30-3-224"} 1 12858.0 0.0 12858 103 2718.95 20
stats: {cpu,"tsung_controller@ip-172-30-3-224"} 1 27.87193973634652 0.0 27.87193973634652 1.2833168805528135 7.174447231846846 21
stats: {load,"tsung_controller@ip-172-30-3-224"} 1 0.1484375 0.0 0.19921875 0.0 0.07161458333333333 21
stats: {freemem,"tsung_controller@ip-172-30-3-224"} 1 3022.171875 0.0 3170.70703125 3022.171875 3141.673363095238 21
stats: session 172 39851.13977760493 15489.155827348997 110477.82299804688 5637.05712890625 38404.81419466635 665
stats: users_count 115 1891
stats: finish_users_count 172 837
stats: request 3290 329.791203294192 292.43967552050697 4462.990966796875 5.81298828125 93.03738024567645 15865
stats: connect 120 1.701314290364583 2.067550341878342 1020.5439453125 0.688232421875 3.161110979901926 1778
stats: page 2741 397.5858907382973 385.35460734326756 4507.906005859375 6.699951171875 107.1975553910258 13645
stats: tr_play_game__ready_page 123 304.6201628398119 247.2517278030835 924.6259765625 7.43310546875 68.83036316547197 776
stats: 302 147 756
stats: tr_play_game__leaderboard 85 303.7657111672794 231.58437337369386 1173.72314453125 7.9619140625 67.92543423706417 337
stats: 200 2829 16887
stats: tr_question_new_POST 315 238.80184926835327 203.33965116081086 811.47509765625 5.913818359375 52.440288257121246 1198
stats: size_rcv 8772171 58416952
stats: tr_quiz_new_POST 39 333.0040502303686 217.10873441710666 1665.26806640625 13.5029296875 119.55491192740683 161
stats: newphase 0 6
stats: tr_friend_requests 82 322.6817567406632 228.4968339826738 858.30322265625 10.28515625 96.83150901541805 302
stats: size_sent 3138066 17160295
stats: tr_friends 48 345.5079803466797 212.9573519483364 957.39697265625 14.90087890625 119.55377681671625 252
stats: connected -56 1053
stats: tr_search_all_users 48 562.8929341634115 263.81958545894815 3571.256103515625 62.151123046875 241.25527584606223 223
stats: 404 316 1514
stats: tr_browse_quizzes_page_1 101 438.06042843053837 230.4336278914996 4019.490966796875 20.60009765625 148.73318271229215 842
stats: tr_play_game__1st_question 132 274.5258604107481 231.18820959230248 1326.39697265625 7.85791015625 75.08259041078628 744
stats: tr_play_game__answer_to_question 145 280.1430781923491 238.4537023841097 974.14599609375 7.123046875 59.52798933246391 641
stats: tr_index 67 274.54651061100736 213.9151705429648 1093.02294921875 7.342041015625 33.16846232049957 877
stats: tr_quizzes_page_INDEX 56 306.7043587820871 212.65990866327067 966.31591796875 8.23486328125 86.73988391507056 248
stats: tr_quiz_questions_SHOW 312 258.6396147899138 212.03539478339664 937.51806640625 8.117919921875 63.540131561714176 1193
# stats: dump at 1449365427
stats: users 858 1172
stats: {recvpackets,"tsung_controller@ip-172-30-3-224"} 1 14881.0 0.0 14881 100 3366.095238095238 21
stats: {sentpackets,"tsung_controller@ip-172-30-3-224"} 1 12171.0 0.0 12858 103 3201.7619047619046 21
stats: {cpu,"tsung_controller@ip-172-30-3-224"} 1 23.745173745173744 0.0 27.87193973634652 1.2833168805528135 8.11524234568774 22
stats: {load,"tsung_controller@ip-172-30-3-224"} 1 0.19921875 0.0 0.19921875 0.0 0.07510653409090909 22
stats: {freemem,"tsung_controller@ip-172-30-3-224"} 1 3016.078125 0.0 3170.70703125 3016.078125 3136.2414772727275 22
stats: session 196 39428.41520971184 13710.584064549877 110477.82299804688 5637.05712890625 38702.02805400379 837
stats: users_count 0 1891
stats: finish_users_count 196 1033
stats: request 3304 157.15493988702138 200.01973343181854 4462.990966796875 5.81298828125 133.70144069097094 19155
stats: connect 1 1.015869140625 0.0 1020.5439453125 0.688232421875 3.0688161417857613 1898
stats: page 2641 199.97871160308623 261.54167075371 4507.906005859375 6.699951171875 155.77282862347246 16386
stats: tr_play_game__ready_page 39 122.53550055088141 119.16753579541977 924.6259765625 7.43310546875 101.09081406641056 899
stats: 302 112 868
stats: tr_play_game__leaderboard 90 107.53325466579861 105.43400051404731 1173.72314453125 7.9619140625 115.42880755239189 422
stats: 200 2770 19657
stats: tr_question_new_POST 421 104.65644774810718 99.32809733731285 811.47509765625 5.913818359375 91.2399523143176 1513
stats: size_rcv 8897311 67314263
stats: tr_quiz_new_POST 45 150.02124023437497 131.26397029276387 1665.26806640625 13.5029296875 161.17749389648438 200
stats: newphase 0 6
stats: tr_friend_requests 94 157.66220027842417 152.90783482424243 858.30322265625 10.28515625 145.05994733174643 384
stats: size_sent 3303164 20463459
stats: tr_friends 85 158.94995691636035 115.60871603227423 957.39697265625 14.90087890625 155.70644938151042 300
stats: connected -198 855
stats: tr_search_all_users 61 362.66673203765373 239.40951142138044 3571.256103515625 62.151123046875 298.2243075775484 271
stats: 404 420 1934
stats: tr_browse_quizzes_page_1 1 783.5849609375 0.0 4019.490966796875 20.60009765625 179.72157276270877 943
stats: tr_play_game__1st_question 60 117.50929361979168 156.78852081527674 1326.39697265625 7.85791015625 105.1356858902326 876
stats: tr_play_game__answer_to_question 106 106.06270037956956 139.17976179563811 974.14599609375 7.123046875 100.226701653944 786
stats: tr_index 0 0 0 1093.02294921875 7.342041015625 50.30016701908434 944
stats: tr_quizzes_page_INDEX 52 134.69910606971155 148.15465248827547 966.31591796875 8.23486328125 127.25965560109992 304
stats: tr_quiz_questions_SHOW 426 132.37422574182068 119.5912236311526 937.51806640625 8.117919921875 103.98600449672965 1505
# stats: dump at 1449365437
stats: users 632 1172
stats: {recvpackets,"tsung_controller@ip-172-30-3-224"} 1 12959.0 0.0 14881 100 3889.5 22
stats: {sentpackets,"tsung_controller@ip-172-30-3-224"} 1 10415.0 0.0 12858 103 3609.4545454545455 22
stats: {cpu,"tsung_controller@ip-172-30-3-224"} 1 21.863117870722434 0.0 27.87193973634652 1.2833168805528135 8.794804580448002 23
stats: {load,"tsung_controller@ip-172-30-3-224"} 1 0.171875 0.0 0.19921875 0.0 0.08050271739130435 23
stats: {freemem,"tsung_controller@ip-172-30-3-224"} 1 3014.734375 0.0 3170.70703125 3014.734375 3131.016983695652 23
stats: session 226 43457.96045137929 13237.071705089622 110477.82299804688 5637.05712890625 38839.85175440919 1033
stats: users_count 0 1891
stats: finish_users_count 226 1259
stats: request 2305 128.3977863171096 278.22090228502907 4462.990966796875 5.81298828125 137.15174397000166 22459
stats: connect 1 1.821044921875 0.0 1020.5439453125 0.688232421875 3.0677350743812535 1899
stats: page 1865 158.45273895672767 309.6717126108864 4507.906005859375 6.699951171875 161.90872692321284 19027
stats: tr_play_game__ready_page 6 47.228597005208336 45.46244330799618 924.6259765625 7.43310546875 101.98243749167108 938
stats: 302 39 907
stats: tr_play_game__leaderboard 131 78.51001908396947 118.21573618039459 1173.72314453125 7.9619140625 114.04091739654541 512
stats: 200 1982 21639
stats: tr_question_new_POST 285 38.83341814007675 48.899606290356395 811.47509765625 5.913818359375 94.1605027681053 1934
stats: size_rcv 7111770 74426033
stats: tr_quiz_new_POST 37 94.30706952069256 123.01875722108244 1665.26806640625 13.5029296875 159.1283860809949 245
stats: newphase 0 6
stats: tr_friend_requests 39 116.08221279046474 207.44842014228723 1268.760986328125 10.28515625 147.5382146476203 478
stats: size_sent 2378975 22842434
stats: tr_friends 79 112.47204126285601 133.97558720725993 957.39697265625 14.90087890625 156.42254844764614 385
stats: connected -211 644
stats: tr_search_all_users 75 1077.8800813802084 399.56787173512265 3571.256103515625 62.151123046875 310.06463255365213 332
stats: 404 285 2219
stats: tr_browse_quizzes_page_1 0 0 0 4019.490966796875 20.60009765625 180.36125855526683 944
stats: tr_play_game__1st_question 6 52.254313151041664 47.42845941814024 1326.39697265625 7.85791015625 105.92886587289664 936
stats: tr_play_game__answer_to_question 36 110.15526665581598 193.1696990161187 974.14599609375 7.123046875 100.92021719757216 892
stats: tr_index 0 0 0 1093.02294921875 7.342041015625 50.30016701908434 944
stats: tr_quizzes_page_INDEX 19 61.42921206825658 78.56921365733155 966.31591796875 8.23486328125 128.34631690550387 356
stats: tr_quiz_questions_SHOW 287 51.50421419043986 52.79873500803703 937.51806640625 8.117919921875 110.24876071133804 1931
# stats: dump at 1449365447
stats: users 383 1172
stats: {recvpackets,"tsung_controller@ip-172-30-3-224"} 1 9120.0 0.0 14881 100 4283.826086956522 23
stats: {sentpackets,"tsung_controller@ip-172-30-3-224"} 1 7661.0 0.0 12858 103 3905.3478260869565 23
stats: {cpu,"tsung_controller@ip-172-30-3-224"} 1 15.451895043731778 0.0 27.87193973634652 1.2833168805528135 9.339317634209436 24
stats: {load,"tsung_controller@ip-172-30-3-224"} 1 0.140625 0.0 0.19921875 0.0 0.08430989583333333 24
stats: {freemem,"tsung_controller@ip-172-30-3-224"} 1 3014.46484375 0.0 3170.70703125 3014.46484375 3126.171875 24
stats: session 249 49771.99687813752 14903.676904848982 156235.1650390625 5637.05712890625 39668.83711224497 1259
stats: users_count 0 1891
stats: finish_users_count 249 1508
stats: request 1917 145.03013360108554 376.25644596579656 4462.990966796875 5.81298828125 136.33693729943485 24764
stats: connect 2 3.1875 1.819580078125 1020.5439453125 0.688232421875 3.067078921669408 1900
stats: page 1533 181.77234483931633 417.4848146044836 4507.906005859375 6.699951171875 161.6002156482035 20892
stats: tr_play_game__ready_page 0 0 0 924.6259765625 7.43310546875 101.6344257936639 944
stats: 302 23 930
stats: tr_play_game__leaderboard 136 65.3372641170726 117.69359284116028 1173.72314453125 7.9619140625 106.80211851793351 643
stats: 200 1612 23251
stats: tr_question_new_POST 282 44.52816707529918 57.27724892819609 811.47509765625 5.913818359375 87.05450046121565 2219
stats: size_rcv 6409736 80835769
stats: tr_quiz_new_POST 32 82.48591613769531 78.17808738069171 1665.26806640625 13.5029296875 150.62346156776374 282
stats: newphase 0 6
stats: tr_friend_requests 19 83.65501644736842 69.15490885161219 1268.760986328125 10.28515625 145.16532475897606 517
stats: size_sent 1942049 24784483
stats: tr_friends 47 95.92774995844415 127.03805427428159 957.39697265625 14.90087890625 148.939595715753 464
stats: connected -251 393
stats: tr_search_all_users 76 1063.0771452251233 825.5104267979909 3571.256103515625 62.151123046875 451.5539658754991 407
stats: 404 282 2501
stats: tr_browse_quizzes_page_1 0 0 0 4019.490966796875 20.60009765625 180.36125855526683 944
stats: tr_play_game__1st_question 2 42.758544921875 12.030517578125 1326.39697265625 7.85791015625 105.5869897409103 942
stats: tr_play_game__answer_to_question 13 41.64145132211539 50.91328003889042 974.14599609375 7.123046875 101.27847342655575 928
stats: tr_index 0 0 0 1093.02294921875 7.342041015625 50.30016701908434 944
stats: tr_quizzes_page_INDEX 12 24.886942545572918 16.930838122127145 966.31591796875 8.23486328125 124.95585026041667 375
stats: tr_quiz_questions_SHOW 281 62.13633472809153 77.8708844075185 937.51806640625 8.117919921875 102.64746005692065 2218
# stats: dump at 1449365457
stats: users 212 1172
stats: {recvpackets,"tsung_controller@ip-172-30-3-224"} 1 6926.0 0.0 14881 100 4485.333333333333 24
stats: {sentpackets,"tsung_controller@ip-172-30-3-224"} 1 5941.0 0.0 12858 103 4061.8333333333335 24
stats: {cpu,"tsung_controller@ip-172-30-3-224"} 1 11.770428015564201 0.0 27.87193973634652 1.2833168805528135 9.58382073059033 25
stats: {load,"tsung_controller@ip-172-30-3-224"} 1 0.12109375 0.0 0.19921875 0.0 0.0865625 25
stats: {freemem,"tsung_controller@ip-172-30-3-224"} 1 3021.171875 0.0 3170.70703125 3014.46484375 3121.70359375 25
stats: session 171 56642.121193690604 13387.836986410812 156235.1650390625 5637.05712890625 41337.0644210694 1508
stats: users_count 0 1891
stats: finish_users_count 171 1679
stats: request 1405 24.841782278692175 27.430794465865805 4462.990966796875 5.81298828125 136.9615337279894 26681
stats: connect 1 1.239990234375 0.0 1020.5439453125 0.688232421875 3.067205547408977 1902
stats: page 1072 32.626362131602754 31.952296317921014 4507.906005859375 6.699951171875 162.97920668722136 22425
stats: tr_play_game__ready_page 0 0 0 924.6259765625 7.43310546875 101.6344257936639 944
stats: 302 7 937
stats: tr_play_game__leaderboard 78 19.712007962740383 12.380230707263607 1173.72314453125 7.9619140625 99.56306819891287 779
stats: 200 1128 24379
stats: tr_question_new_POST 269 14.56670121543913 9.499104152899587 811.47509765625 5.913818359375 82.25944807623827 2501
stats: size_rcv 4517869 85353638
stats: tr_quiz_new_POST 35 35.5744140625 22.396172117864136 1665.26806640625 13.5029296875 143.67950789336186 314
stats: newphase 0 6
stats: tr_friend_requests 7 24.855538504464285 25.84954935786588 1268.760986328125 10.28515625 142.98492203897504 536
stats: size_sent 1479068 26263551
stats: tr_friends 22 33.44949618252841 23.81906760254362 957.39697265625 14.90087890625 144.06375080265414 511
stats: connected -176 217
stats: tr_search_all_users 36 108.02393934461806 36.20035475951943 3571.256103515625 62.151123046875 547.7770748414855 483
stats: 404 269 2770
stats: tr_browse_quizzes_page_1 0 0 0 4019.490966796875 20.60009765625 180.36125855526683 944
stats: tr_play_game__1st_question 0 0 0 1326.39697265625 7.85791015625 105.45387862900556 944
stats: tr_play_game__answer_to_question 2 16.0340576171875 1.1881103515625 974.14599609375 7.123046875 100.45458257920428 941
stats: tr_index 0 0 0 1093.02294921875 7.342041015625 50.30016701908434 944
stats: tr_quizzes_page_INDEX 4 29.2977294921875 12.384381510130995 966.31591796875 8.23486328125 121.85293839328973 387
stats: tr_quiz_questions_SHOW 269 19.39255815810874 11.47072165390772 937.51806640625 8.117919921875 98.09218746092186 2499
# stats: dump at 1449365467
stats: users 103 1172
stats: {recvpackets,"tsung_controller@ip-172-30-3-224"} 1 4330.0 0.0 14881 100 4582.96 25
stats: {sentpackets,"tsung_controller@ip-172-30-3-224"} 1 3734.0 0.0 12858 103 4137.0 25
stats: {cpu,"tsung_controller@ip-172-30-3-224"} 1 7.345739471106757 0.0 27.87193973634652 1.2833168805528135 9.667921010781633 26
stats: {load,"tsung_controller@ip-172-30-3-224"} 1 0.1015625 0.0 0.19921875 0.0 0.087890625 26
stats: {freemem,"tsung_controller@ip-172-30-3-224"} 1 3021.609375 0.0 3170.70703125 3014.46484375 3117.8369891826924 26
stats: session 109 63010.48141843463 10566.488109341506 156235.1650390625 5637.05712890625 42895.82839255137 1679
stats: users_count 0 1891
stats: finish_users_count 109 1788
stats: request 825 28.81981948390149 43.88679732016313 4462.990966796875 5.81298828125 131.35275174457195 28086
stats: connect 1 2.64208984375 0.0 1020.5439453125 0.688232421875 3.0662453712066475 1903
stats: page 624 38.16658959021939 51.27411942644672 4507.906005859375 6.699951171875 157.0321390035331 23497
stats: tr_play_game__ready_page 0 0 0 924.6259765625 7.43310546875 101.6344257936639 944
stats: 302 7 944
stats: tr_play_game__leaderboard 49 19.512864716198983 17.180697898077725 1173.72314453125 7.9619140625 92.29541044112821 857
stats: 200 652 25031
stats: tr_question_new_POST 166 17.175016472138545 11.16516415665093 811.47509765625 5.913818359375 75.68567590816788 2770
stats: size_rcv 2670140 88023778
stats: tr_quiz_new_POST 18 32.245686848958336 17.123488208847167 1665.26806640625 13.5029296875 132.8380228386909 349
stats: newphase 0 6
stats: tr_friend_requests 7 20.704275948660715 7.858788920729477 1268.760986328125 10.28515625 141.46207547407343 543
stats: size_sent 866267 27129818
stats: tr_friends 10 37.0683837890625 18.204764632173855 957.39697265625 14.90087890625 139.49805924234877 533
stats: connected -116 101
stats: tr_search_all_users 19 161.23050729851974 153.15777213397357 3571.256103515625 62.151123046875 517.2739671769629 519
stats: 404 166 2936
stats: tr_browse_quizzes_page_1 0 0 0 4019.490966796875 20.60009765625 180.36125855526683 944
stats: tr_play_game__1st_question 0 0 0 1326.39697265625 7.85791015625 105.45387862900556 944
stats: tr_play_game__answer_to_question 0 0 0 974.14599609375 7.123046875 100.27553586666555 943
stats: tr_index 0 0 0 1093.02294921875 7.342041015625 50.30016701908434 944
stats: tr_quizzes_page_INDEX 1 33.35009765625 0.0 966.31591796875 8.23486328125 120.90608203624521 391
stats: tr_quiz_questions_SHOW 168 23.256628127325136 16.363383727580867 937.51806640625 8.117919921875 90.44399371725976 2768
# stats: dump at 1449365477
stats: users 50 1172
stats: {recvpackets,"tsung_controller@ip-172-30-3-224"} 1 2241.0 0.0 14881 100 4573.2307692307695 26
stats: {sentpackets,"tsung_controller@ip-172-30-3-224"} 1 2054.0 0.0 12858 103 4121.5 26
stats: {cpu,"tsung_controller@ip-172-30-3-224"} 1 4.523107177974435 0.0 27.87193973634652 1.2833168805528135 9.58191428708997 27
stats: {load,"tsung_controller@ip-172-30-3-224"} 1 0.08984375 0.0 0.19921875 0.0 0.08839699074074074 27
stats: {freemem,"tsung_controller@ip-172-30-3-224"} 1 3022.2734375 0.0 3170.70703125 3014.46484375 3114.273003472222 27
stats: session 53 73506.1320063753 8758.787683531313 156235.1650390625 5637.05712890625 44122.05724032613 1788
stats: users_count 0 1891
stats: finish_users_count 53 1841
stats: request 368 18.29710786238962 18.010573976353147 4462.990966796875 5.81298828125 128.42688722535598 28911
stats: connect 3 1.5642903645833333 0.25091206224385676 1020.5439453125 0.688232421875 3.0660226004464284 1904
stats: page 278 24.261643224482906 21.044709291690353 4507.906005859375 6.699951171875 153.95713784960466 24121
stats: tr_play_game__ready_page 0 0 0 924.6259765625 7.43310546875 101.6344257936639 944
stats: 302 2 946
stats: tr_play_game__leaderboard 19 12.879664370888158 2.7906458207620655 1173.72314453125 7.9619140625 88.35904759287045 906
stats: 200 294 25325
stats: tr_question_new_POST 72 10.864590115017359 4.151323296025793 811.47509765625 5.913818359375 72.37751192098094 2936
stats: size_rcv 1208738 89232516
stats: tr_quiz_new_POST 9 22.15595160590278 6.559234920803146 1665.26806640625 13.5029296875 127.90433878469857 367
stats: newphase 0 6
stats: tr_friend_requests 2 33.5726318359375 14.1104736328125 1268.760986328125 10.28515625 139.92515802556818 550
stats: size_sent 389213 27519031
stats: tr_friends 7 27.412702287946427 9.340226106127975 957.39697265625 14.90087890625 137.6116932119015 543
stats: connected -56 45
stats: tr_search_all_users 8 71.00704956054688 5.144399676653488 3571.256103515625 62.151123046875 504.69994164222237 538
stats: 404 72 3008
stats: tr_browse_quizzes_page_1 0 0 0 4019.490966796875 20.60009765625 180.36125855526683 944
stats: tr_play_game__1st_question 0 0 0 1326.39697265625 7.85791015625 105.45387862900556 944
stats: tr_play_game__answer_to_question 1 9.9169921875 0.0 974.14599609375 7.123046875 100.27553586666555 943
stats: tr_index 0 0 0 1093.02294921875 7.342041015625 50.30016701908434 944
stats: tr_quizzes_page_INDEX 0 0 0 966.31591796875 8.23486328125 120.68272493323501 392
stats: tr_quiz_questions_SHOW 72 13.041961669921875 3.914744358973944 937.51806640625 8.117919921875 86.59948505952508 2936
# stats: dump at 1449365487
stats: users 31 1172
stats: {recvpackets,"tsung_controller@ip-172-30-3-224"} 1 955.0 0.0 14881 100 4486.851851851852 27
stats: {sentpackets,"tsung_controller@ip-172-30-3-224"} 1 842.0 0.0 12858 103 4044.925925925926 27
stats: {cpu,"tsung_controller@ip-172-30-3-224"} 1 2.848722986247544 0.0 27.87193973634652 1.2833168805528135 9.40124260462156 28
stats: {load,"tsung_controller@ip-172-30-3-224"} 1 0.0703125 0.0 0.19921875 0.0 0.08844866071428571 28
stats: {freemem,"tsung_controller@ip-172-30-3-224"} 1 3036.46484375 0.0 3170.70703125 3014.46484375 3110.9873046875 28
stats: session 19 85725.772473787 12725.179495937386 156235.1650390625 5637.05712890625 44967.98660621457 1841
stats: users_count 0 1891
stats: finish_users_count 19 1860
stats: request 186 18.13106151293685 18.393290925742406 4462.990966796875 5.81298828125 127.04269518308776 29279
stats: connect 5 1.6763671875 0.37452634780342847 1020.5439453125 0.688232421875 3.063660148056502 1907
stats: page 138 24.483056994451992 20.727748432158723 4507.906005859375 6.699951171875 152.479399110075 24399
stats: tr_play_game__ready_page 0 0 0 924.6259765625 7.43310546875 101.6344257936639 944
stats: 302 1 947
stats: tr_play_game__leaderboard 8 14.76629638671875 6.976754657655691 1173.72314453125 7.9619140625 86.80866026182433 925
stats: 200 145 25470
stats: tr_question_new_POST 40 11.19964599609375 3.6648783785010015 811.47509765625 5.913818359375 70.90512815434883 3008
stats: size_rcv 644051 89876567
stats: tr_quiz_new_POST 5 20.80810546875 3.4589845335328695 1665.26806640625 13.5029296875 125.37312738946143 376
stats: newphase 0 6
stats: tr_friend_requests 3 26.690673828125 9.83263106721022 1268.760986328125 10.28515625 139.5398227857507 552
stats: size_sent 195714 27714745
stats: tr_friends 2 24.8160400390625 7.1419677734375 957.39697265625 14.90087890625 136.20916060014207 550
stats: connected -18 27
stats: tr_search_all_users 5 73.635400390625 4.503122021834946 3571.256103515625 62.151123046875 498.345467032967 546
stats: 404 40 3048
stats: tr_browse_quizzes_page_1 0 0 0 4019.490966796875 20.60009765625 180.36125855526683 944
stats: tr_play_game__1st_question 0 0 0 1326.39697265625 7.85791015625 105.45387862900556 944
stats: tr_play_game__answer_to_question 0 0 0 974.14599609375 7.123046875 100.17981707039525 944
stats: tr_index 0 0 0 1093.02294921875 7.342041015625 50.30016701908434 944
stats: tr_quizzes_page_INDEX 0 0 0 966.31591796875 8.23486328125 120.68272493323501 392
stats: tr_quiz_questions_SHOW 40 13.082861328125 3.7471296291512965 937.51806640625 8.117919921875 84.83879965924203 3008
# stats: dump at 1449365497
stats: users 15 1172
stats: {recvpackets,"tsung_controller@ip-172-30-3-224"} 1 584.0 0.0 14881 100 4360.714285714286 28
stats: {sentpackets,"tsung_controller@ip-172-30-3-224"} 1 533.0 0.0 12858 103 3930.535714285714 28
stats: {cpu,"tsung_controller@ip-172-30-3-224"} 1 1.8737672583826428 0.0 27.87193973634652 1.2833168805528135 9.175293652263836 29
stats: {load,"tsung_controller@ip-172-30-3-224"} 1 0.05859375 0.0 0.19921875 0.0 0.08782327586206896 29
stats: {freemem,"tsung_controller@ip-172-30-3-224"} 1 3059.58203125 0.0 3170.70703125 3014.46484375 3108.4175646551726 29
stats: session 16 97865.29571533203 19019.059323611018 156235.1650390625 5637.05712890625 45384.32958013063 1860
stats: users_count 0 1891
stats: finish_users_count 16 1876
stats: request 166 18.297276508377262 17.276875227864146 4462.990966796875 5.81298828125 126.35518240987723 29465
stats: connect 4 1.53271484375 0.24246747231346555 1020.5439453125 0.688232421875 3.0600322898960512 1912
stats: page 120 25.361055501302083 19.492985151738488 4507.906005859375 6.699951171875 151.75952727521516 24537
stats: tr_play_game__ready_page 0 0 0 924.6259765625 7.43310546875 101.6344257936639 944
stats: 302 0 947
stats: tr_play_game__leaderboard 7 12.198067801339286 2.159654168086708 1173.72314453125 7.9619140625 86.19093366911174 933
stats: 200 128 25598
stats: tr_question_new_POST 38 11.398264031661185 3.4006810687857327 811.47509765625 5.913818359375 70.12159164308564 3048
stats: size_rcv 571536 90448103
stats: tr_quiz_new_POST 5 22.243017578125 2.7394269980339634 1665.26806640625 13.5029296875 124.00088300729986 381
stats: newphase 0 6
stats: tr_friend_requests 0 0 0 1268.760986328125 10.28515625 138.92982738597973 555
stats: size_sent 176805 27891550
stats: tr_friends 3 27.820231119791668 11.680916959141138 957.39697265625 14.90087890625 135.80556233723962 552
stats: connected -13 14
stats: tr_search_all_users 4 95.034423828125 6.827894970753141 3571.256103515625 62.151123046875 494.4914736877552 551
stats: 404 38 3086
stats: tr_browse_quizzes_page_1 0 0 0 4019.490966796875 20.60009765625 180.36125855526683 944
stats: tr_play_game__1st_question 0 0 0 1326.39697265625 7.85791015625 105.45387862900556 944
stats: tr_play_game__answer_to_question 0 0 0 974.14599609375 7.123046875 100.17981707039525 944
stats: tr_index 0 0 0 1093.02294921875 7.342041015625 50.30016701908434 944
stats: tr_quizzes_page_INDEX 0 0 0 966.31591796875 8.23486328125 120.68272493323501 392
stats: tr_quiz_questions_SHOW 38 14.636879368832236 5.884315885019914 937.51806640625 8.117919921875 83.8971206785187 3048
# stats: dump at 1449365507
stats: users 7 1172
stats: {recvpackets,"tsung_controller@ip-172-30-3-224"} 1 446.0 0.0 14881 100 4230.48275862069 29
stats: {sentpackets,"tsung_controller@ip-172-30-3-224"} 1 386.0 0.0 12858 103 3813.3793103448274 29
stats: {cpu,"tsung_controller@ip-172-30-3-224"} 1 1.3875123885034688 0.0 27.87193973634652 1.2833168805528135 8.931909439134463 30
stats: {load,"tsung_controller@ip-172-30-3-224"} 1 0.05078125 0.0 0.19921875 0.0 0.08684895833333334 30
stats: {freemem,"tsung_controller@ip-172-30-3-224"} 1 3080.99609375 0.0 3170.70703125 3014.46484375 3106.7897135416665 30
stats: session 8 103332.28869628906 8563.389179996644 156235.1650390625 5637.05712890625 45831.92843842659 1876
stats: users_count 0 1891
stats: finish_users_count 8 1884
stats: request 92 14.284203570822012 4.795565539624251 4462.990966796875 5.81298828125 125.74981599026098 29631
stats: connect 2 2.66650390625 1.021484375 1020.5439453125 0.688232421875 3.056843735728732 1916
stats: page 63 20.91913519965278 7.662277537907978 4507.906005859375 6.699951171875 151.14437471761005 24657
stats: tr_play_game__ready_page 0 0 0 924.6259765625 7.43310546875 101.6344257936639 944
stats: 302 0 947
stats: tr_play_game__leaderboard 2 11.1619873046875 0.7640380859375 1173.72314453125 7.9619140625 85.6399229658411 940
stats: 200 66 25664
stats: tr_question_new_POST 26 11.618492713341347 3.2895856956901106 811.47509765625 5.913818359375 69.39849169194042 3086
stats: size_rcv 289527 90737630
stats: tr_quiz_new_POST 3 26.675455729166668 7.6001895040524206 1665.26806640625 13.5029296875 122.68277594215512 386
stats: newphase 0 6
stats: tr_friend_requests 0 0 0 1268.760986328125 10.28515625 138.92982738597973 555
stats: size_sent 98139 27989689
stats: tr_friends 0 0 0 957.39697265625 14.90087890625 135.22185784417232 555
stats: connected -8 6
stats: tr_search_all_users 0 0 0 3571.256103515625 62.151123046875 491.61250395903716 555
stats: 404 26 3112
stats: tr_browse_quizzes_page_1 0 0 0 4019.490966796875 20.60009765625 180.36125855526683 944
stats: tr_play_game__1st_question 0 0 0 1326.39697265625 7.85791015625 105.45387862900556 944
stats: tr_play_game__answer_to_question 0 0 0 974.14599609375 7.123046875 100.17981707039525 944
stats: tr_index 0 0 0 1093.02294921875 7.342041015625 50.30016701908434 944
stats: tr_quizzes_page_INDEX 0 0 0 966.31591796875 8.23486328125 120.68272493323501 392
stats: tr_quiz_questions_SHOW 26 13.136765700120192 1.8903684290660423 937.51806640625 8.117919921875 83.04427260017519 3086
# stats: dump at 1449365517
stats: users 2 1172
stats: {recvpackets,"tsung_controller@ip-172-30-3-224"} 1 266.0 0.0 14881 100 4104.333333333334 30
stats: {sentpackets,"tsung_controller@ip-172-30-3-224"} 1 224.0 0.0 12858 103 3699.133333333333 30
stats: {cpu,"tsung_controller@ip-172-30-3-224"} 1 1.3806706114398422 0.0 27.87193973634652 1.2833168805528135 8.688541792339914 31
stats: {load,"tsung_controller@ip-172-30-3-224"} 1 0.0390625 0.0 0.19921875 0.0 0.08568548387096774 31
stats: {freemem,"tsung_controller@ip-172-30-3-224"} 1 3091.03125 0.0 3170.70703125 3014.46484375 3105.9576612903224 31
stats: session 5 106265.86499023438 4275.657628905847 156235.1650390625 5637.05712890625 46076.09132699501 1884
stats: users_count 0 1891
stats: finish_users_count 5 1889
stats: request 59 14.939829680879237 6.998936397607166 4462.990966796875 5.81298828125 125.40480248749921 29723
stats: connect 2 1.31298828125 0.013916015625 1020.5439453125 0.688232421875 3.0564367077522157 1918
stats: page 41 21.557992330411587 9.321521819180505 4507.906005859375 6.699951171875 150.8124900052463 24720
stats: tr_play_game__ready_page 0 0 0 924.6259765625 7.43310546875 101.6344257936639 944
stats: 302 0 947
stats: tr_play_game__leaderboard 1 23.532958984375 0.0 1173.72314453125 7.9619140625 85.48179571390658 942
stats: 200 43 25707
stats: tr_question_new_POST 16 10.04669189453125 2.95074104469043 811.47509765625 5.913818359375 68.9157539112709 3112
stats: size_rcv 182875 90920505
stats: tr_quiz_new_POST 2 26.5946044921875 3.8135986328125 1665.26806640625 13.5029296875 121.94235959089814 389
stats: newphase 0 6
stats: tr_friend_requests 0 0 0 1268.760986328125 10.28515625 138.92982738597973 555
stats: size_sent 63546 28053235
stats: tr_friends 0 0 0 957.39697265625 14.90087890625 135.22185784417232 555
stats: connected -5 1
stats: tr_search_all_users 0 0 0 3571.256103515625 62.151123046875 491.61250395903716 555
stats: 404 16 3128
stats: tr_browse_quizzes_page_1 0 0 0 4019.490966796875 20.60009765625 180.36125855526683 944
stats: tr_play_game__1st_question 0 0 0 1326.39697265625 7.85791015625 105.45387862900556 944
stats: tr_play_game__answer_to_question 0 0 0 974.14599609375 7.123046875 100.17981707039525 944
stats: tr_index 0 0 0 1093.02294921875 7.342041015625 50.30016701908434 944
stats: tr_quizzes_page_INDEX 0 0 0 966.31591796875 8.23486328125 120.68272493323501 392
stats: tr_quiz_questions_SHOW 16 13.480514526367188 6.120588135799369 937.51806640625 8.117919921875 82.46021245255262 3112
# stats: dump at 1449365527
stats: users 1 1172
stats: {recvpackets,"tsung_controller@ip-172-30-3-224"} 1 91.0 0.0 14881 91 3980.5161290322585 31
stats: {sentpackets,"tsung_controller@ip-172-30-3-224"} 1 80.0 0.0 12858 80 3587.032258064516 31
stats: {cpu,"tsung_controller@ip-172-30-3-224"} 1 1.279527559055118 0.0 27.87193973634652 1.279527559055118 8.460170817936786 32
stats: {load,"tsung_controller@ip-172-30-3-224"} 1 0.0390625 0.0 0.19921875 0.0 0.084228515625 32
stats: {freemem,"tsung_controller@ip-172-30-3-224"} 1 3102.234375 0.0 3170.70703125 3014.46484375 3105.4912109375 32
stats: session 1 141920.51489257813 0.0 156235.1650390625 5637.05712890625 46235.4078268977 1889
stats: users_count 0 1891
stats: finish_users_count 1 1890
stats: request 3 13.186930338541666 3.3132086681557356 4462.990966796875 5.81298828125 125.18596448482677 29782
stats: connect 0 0 0 1020.5439453125 0.688232421875 3.054620615641276 1920
stats: page 3 13.186930338541666 3.3132086681557356 4507.906005859375 6.699951171875 150.59846656497052 24761
stats: tr_play_game__ready_page 0 0 0 924.6259765625 7.43310546875 101.6344257936639 944
stats: 302 0 947
stats: tr_play_game__leaderboard 1 17.60400390625 0.0 1173.72314453125 7.9619140625 85.41610235576286 943
stats: 200 3 25710
stats: tr_question_new_POST 0 0 0 811.47509765625 5.913818359375 68.61463338944614 3128
stats: size_rcv 7110 90927615
stats: tr_quiz_new_POST 0 0 0 1665.26806640625 13.5029296875 121.45464728860294 391
stats: newphase 0 6
stats: tr_friend_requests 0 0 0 1268.760986328125 10.28515625 138.92982738597973 555
stats: size_sent 3064 28056299
stats: tr_friends 0 0 0 957.39697265625 14.90087890625 135.22185784417232 555
stats: connected -1 0
stats: tr_search_all_users 0 0 0 3571.256103515625 62.151123046875 491.61250395903716 555
stats: 404 0 3128
stats: tr_browse_quizzes_page_1 0 0 0 4019.490966796875 20.60009765625 180.36125855526683 944
stats: tr_play_game__1st_question 0 0 0 1326.39697265625 7.85791015625 105.45387862900556 944
stats: tr_play_game__answer_to_question 0 0 0 974.14599609375 7.123046875 100.17981707039525 944
stats: tr_index 0 0 0 1093.02294921875 7.342041015625 50.30016701908434 944
stats: tr_quizzes_page_INDEX 0 0 0 966.31591796875 8.23486328125 120.68272493323501 392
stats: tr_quiz_questions_SHOW 0 0 0 937.51806640625 8.117919921875 82.10737512300692 3128
# stats: dump at 1449365537
stats: users 1 1172
stats: {recvpackets,"tsung_controller@ip-172-30-3-224"} 1 10.0 0.0 14881 10 3858.9687500000005 32
stats: {sentpackets,"tsung_controller@ip-172-30-3-224"} 1 14.0 0.0 12858 14 3477.4375 32
stats: {cpu,"tsung_controller@ip-172-30-3-224"} 1 1.083743842364532 0.0 27.87193973634652 1.083743842364532 8.242575567667645 33
stats: {load,"tsung_controller@ip-172-30-3-224"} 1 0.03125 0.0 0.19921875 0.0 0.08285984848484848 33
stats: {freemem,"tsung_controller@ip-172-30-3-224"} 1 3102.6015625 0.0 3170.70703125 3014.46484375 3105.392518939394 33
stats: session 0 0 0 156235.1650390625 5637.05712890625 46286.034867673196 1890
stats: users_count 0 1891
stats: finish_users_count 0 1890
stats: request 0 0 0 4462.990966796875 5.81298828125 125.17468373604588 29785
stats: connect 0 0 0 1020.5439453125 0.688232421875 3.054620615641276 1920
stats: page 0 0 0 4507.906005859375 6.699951171875 150.58182003740313 24764
stats: tr_play_game__ready_page 0 0 0 924.6259765625 7.43310546875 101.6344257936639 944
stats: 302 0 947
stats: tr_play_game__leaderboard 0 0 0 1173.72314453125 7.9619140625 85.3442675057104 944
stats: 200 0 25710
stats: tr_question_new_POST 0 0 0 811.47509765625 5.913818359375 68.61463338944614 3128
stats: size_rcv 0 90927615
stats: tr_quiz_new_POST 0 0 0 1665.26806640625 13.5029296875 121.45464728860294 391
stats: newphase 0 6
stats: tr_friend_requests 0 0 0 1268.760986328125 10.28515625 138.92982738597973 555
stats: size_sent 0 28056299
stats: tr_friends 0 0 0 957.39697265625 14.90087890625 135.22185784417232 555
stats: connected 0 0
stats: tr_search_all_users 0 0 0 3571.256103515625 62.151123046875 491.61250395903716 555
stats: 404 0 3128
stats: tr_browse_quizzes_page_1 0 0 0 4019.490966796875 20.60009765625 180.36125855526683 944
stats: tr_play_game__1st_question 0 0 0 1326.39697265625 7.85791015625 105.45387862900556 944
stats: tr_play_game__answer_to_question 0 0 0 974.14599609375 7.123046875 100.17981707039525 944
stats: tr_index 0 0 0 1093.02294921875 7.342041015625 50.30016701908434 944
stats: tr_quizzes_page_INDEX 0 0 0 966.31591796875 8.23486328125 120.68272493323501 392
stats: tr_quiz_questions_SHOW 0 0 0 937.51806640625 8.117919921875 82.10737512300692 3128
# stats: dump at 1449365547
stats: users 1 1172
stats: {recvpackets,"tsung_controller@ip-172-30-3-224"} 1 0.0 0.0 14881 0 3742.333333333334 33
stats: {sentpackets,"tsung_controller@ip-172-30-3-224"} 1 0.0 0.0 12858 0 3372.4848484848485 33
stats: {cpu,"tsung_controller@ip-172-30-3-224"} 1 0.9881422924901186 0.0 27.87193973634652 0.9881422924901186 8.032021693394023 34
stats: {load,"tsung_controller@ip-172-30-3-224"} 1 0.03125 0.0 0.19921875 0.0 0.08134191176470588 34
stats: {freemem,"tsung_controller@ip-172-30-3-224"} 1 3102.65234375 0.0 3170.70703125 3014.46484375 3105.310431985294 34
stats: session 0 0 0 156235.1650390625 5637.05712890625 46286.034867673196 1890
stats: users_count 0 1891
stats: finish_users_count 0 1890
stats: request 0 0 0 4462.990966796875 5.81298828125 125.17468373604588 29785
stats: connect 0 0 0 1020.5439453125 0.688232421875 3.054620615641276 1920
stats: page 0 0 0 4507.906005859375 6.699951171875 150.58182003740313 24764
stats: tr_play_game__ready_page 0 0 0 924.6259765625 7.43310546875 101.6344257936639 944
stats: 302 0 947
stats: tr_play_game__leaderboard 0 0 0 1173.72314453125 7.9619140625 85.3442675057104 944
stats: 200 0 25710
stats: tr_question_new_POST 0 0 0 811.47509765625 5.913818359375 68.61463338944614 3128
stats: size_rcv 0 90927615
stats: tr_quiz_new_POST 0 0 0 1665.26806640625 13.5029296875 121.45464728860294 391
stats: newphase 0 6
stats: tr_friend_requests 0 0 0 1268.760986328125 10.28515625 138.92982738597973 555
stats: size_sent 0 28056299
stats: tr_friends 0 0 0 957.39697265625 14.90087890625 135.22185784417232 555
stats: connected 0 0
stats: tr_search_all_users 0 0 0 3571.256103515625 62.151123046875 491.61250395903716 555
stats: 404 0 3128
stats: tr_browse_quizzes_page_1 0 0 0 4019.490966796875 20.60009765625 180.36125855526683 944
stats: tr_play_game__1st_question 0 0 0 1326.39697265625 7.85791015625 105.45387862900556 944
stats: tr_play_game__answer_to_question 0 0 0 974.14599609375 7.123046875 100.17981707039525 944
stats: tr_index 0 0 0 1093.02294921875 7.342041015625 50.30016701908434 944
stats: tr_quizzes_page_INDEX 0 0 0 966.31591796875 8.23486328125 120.68272493323501 392
stats: tr_quiz_questions_SHOW 0 0 0 937.51806640625 8.117919921875 82.10737512300692 3128
# stats: dump at 1449365557
stats: users 1 1172
stats: {recvpackets,"tsung_controller@ip-172-30-3-224"} 1 0.0 0.0 14881 0 3632.264705882353 34
stats: {sentpackets,"tsung_controller@ip-172-30-3-224"} 1 0.0 0.0 12858 0 3273.294117647059 34
stats: {cpu,"tsung_controller@ip-172-30-3-224"} 1 1.0826771653543308 0.0 27.87193973634652 0.9881422924901186 7.830767996225341 35
stats: {load,"tsung_controller@ip-172-30-3-224"} 1 0.01953125 0.0 0.19921875 0.0 0.07991071428571428 35
stats: {freemem,"tsung_controller@ip-172-30-3-224"} 1 3102.6640625 0.0 3170.70703125 3014.46484375 3105.234486607143 35
stats: session 0 0 0 156235.1650390625 5637.05712890625 46286.034867673196 1890
stats: users_count 0 1891
stats: finish_users_count 0 1890
stats: request 0 0 0 4462.990966796875 5.81298828125 125.17468373604588 29785
stats: connect 0 0 0 1020.5439453125 0.688232421875 3.054620615641276 1920
stats: page 0 0 0 4507.906005859375 6.699951171875 150.58182003740313 24764
stats: tr_play_game__ready_page 0 0 0 924.6259765625 7.43310546875 101.6344257936639 944
stats: 302 0 947
stats: tr_play_game__leaderboard 0 0 0 1173.72314453125 7.9619140625 85.3442675057104 944
stats: 200 0 25710
stats: tr_question_new_POST 0 0 0 811.47509765625 5.913818359375 68.61463338944614 3128
stats: size_rcv 0 90927615
stats: tr_quiz_new_POST 0 0 0 1665.26806640625 13.5029296875 121.45464728860294 391
stats: newphase 0 6
stats: tr_friend_requests 0 0 0 1268.760986328125 10.28515625 138.92982738597973 555
stats: size_sent 0 28056299
stats: tr_friends 0 0 0 957.39697265625 14.90087890625 135.22185784417232 555
stats: connected 0 0
stats: tr_search_all_users 0 0 0 3571.256103515625 62.151123046875 491.61250395903716 555
stats: 404 0 3128
stats: tr_browse_quizzes_page_1 0 0 0 4019.490966796875 20.60009765625 180.36125855526683 944
stats: tr_play_game__1st_question 0 0 0 1326.39697265625 7.85791015625 105.45387862900556 944
stats: tr_play_game__answer_to_question 0 0 0 974.14599609375 7.123046875 100.17981707039525 944
stats: tr_index 0 0 0 1093.02294921875 7.342041015625 50.30016701908434 944
stats: tr_quizzes_page_INDEX 0 0 0 966.31591796875 8.23486328125 120.68272493323501 392
stats: tr_quiz_questions_SHOW 0 0 0 937.51806640625 8.117919921875 82.10737512300692 3128
# stats: dump at 1449365566
stats: users 0 1172
stats: {recvpackets,"tsung_controller@ip-172-30-3-224"} 1 0.0 0.0 14881 0 3528.4857142857145 35
stats: {sentpackets,"tsung_controller@ip-172-30-3-224"} 1 0.0 0.0 12858 0 3179.7714285714287 35
stats: {cpu,"tsung_controller@ip-172-30-3-224"} 1 1.085883514313919 0.0 27.87193973634652 0.9881422924901186 7.643321028701146 36
stats: {load,"tsung_controller@ip-172-30-3-224"} 1 0.01953125 0.0 0.19921875 0.0 0.07823350694444445 36
stats: {freemem,"tsung_controller@ip-172-30-3-224"} 1 3102.69140625 0.0 3170.70703125 3014.46484375 3105.1630859375 36
stats: session 1 151986.501953125 0.0 156235.1650390625 5637.05712890625 46286.034867673196 1890
stats: users_count 0 1891
stats: finish_users_count 1 1891
stats: request 26 13.468599759615385 4.474530161124224 4462.990966796875 5.81298828125 125.17468373604588 29785
stats: connect 1 2.5390625 0.0 1020.5439453125 0.688232421875 3.054620615641276 1920
stats: page 17 20.682487936580884 6.016175859096845 4507.906005859375 6.699951171875 150.58182003740313 24764
stats: tr_play_game__ready_page 0 0 0 924.6259765625 7.43310546875 101.6344257936639 944
stats: 302 0 947
stats: tr_play_game__leaderboard 0 0 0 1173.72314453125 7.9619140625 85.3442675057104 944
stats: 200 18 25728
stats: tr_question_new_POST 8 11.061431884765625 2.7326211534558182 811.47509765625 5.913818359375 68.61463338944614 3128
stats: size_rcv 86248 91013863
stats: tr_quiz_new_POST 1 21.343994140625 0.0 1665.26806640625 13.5029296875 121.45464728860294 391
stats: newphase 0 6
stats: tr_friend_requests 0 0 0 1268.760986328125 10.28515625 138.92982738597973 555
stats: size_sent 28099 28084398
stats: tr_friends 0 0 0 957.39697265625 14.90087890625 135.22185784417232 555
stats: connected 0 0
stats: tr_search_all_users 0 0 0 3571.256103515625 62.151123046875 491.61250395903716 555
stats: 404 8 3136
stats: tr_browse_quizzes_page_1 0 0 0 4019.490966796875 20.60009765625 180.36125855526683 944
stats: tr_play_game__1st_question 0 0 0 1326.39697265625 7.85791015625 105.45387862900556 944
stats: tr_play_game__answer_to_question 0 0 0 974.14599609375 7.123046875 100.17981707039525 944
stats: tr_index 0 0 0 1093.02294921875 7.342041015625 50.30016701908434 944
stats: tr_quizzes_page_INDEX 0 0 0 966.31591796875 8.23486328125 120.68272493323501 392
stats: tr_quiz_questions_SHOW 8 11.103607177734375 2.5504228475585613 937.51806640625 8.117919921875 82.10737512300692 3128
EndMonitor:{1449,365566,924606}
