# stats: dump at 1448593974
stats: users 5 5
stats: {cpu,"tsung_controller@ip-172-30-3-176"} 1 3.020126048108338 0 3.020126048108338 3.020126048108338 0 0
stats: {load,"tsung_controller@ip-172-30-3-176"} 1 0.0 0 0.0 0.0 0 0
stats: {freemem,"tsung_controller@ip-172-30-3-176"} 1 3170.6953125 0 3170.6953125 3170.6953125 0 0
stats: users_count 5 5
stats: finish_users_count 0 0
stats: request 7 27.948695591517858 40.54631727491384 127.182861328125 9.64892578125 0 0
stats: connect 4 30.24176025390625 50.0065355781133 116.85498046875 1.09619140625 0 0
stats: page 7 27.948695591517858 40.54631727491384 127.182861328125 9.64892578125 0 0
stats: tr_play_game__ready_page 2 13.1634521484375 2.1644287109375 15.327880859375 10.9990234375 0 0
stats: 200 7 7
stats: tr_play_game__1st_question 1 10.346923828125 0 10.346923828125 10.346923828125 0 0
stats: size_rcv 13453 13453
stats: tr_index 3 50.07373046875 56.043574392069765 129.326904296875 9.72314453125 0 0
stats: size_sent 3217 3217
stats: connected 4 4
# stats: dump at 1448593984
stats: users 12 12
stats: {recvpackets,"tsung_controller@ip-172-30-3-176"} 1 41 0 41 41 0 0
stats: {sentpackets,"tsung_controller@ip-172-30-3-176"} 1 44 0 44 44 0 0
stats: {cpu,"tsung_controller@ip-172-30-3-176"} 1 2.066929133858268 0.0 3.020126048108338 2.066929133858268 3.020126048108338 1
stats: {load,"tsung_controller@ip-172-30-3-176"} 1 0.0 0.0 0.0 0.0 0.0 1
stats: {freemem,"tsung_controller@ip-172-30-3-176"} 1 3170.5703125 0.0 3170.6953125 3170.5703125 3170.6953125 1
stats: session 3 2675.3209635416665 1180.4375899267893 3940.5380859375 1099.54296875 0 0
stats: users_count 10 15
stats: finish_users_count 3 3
stats: request 30 13.841845703125 5.887585178023656 127.182861328125 8.385009765625 27.948695591517858 7
stats: connect 10 1.4477294921875 0.28842814044914117 116.85498046875 0.89501953125 30.24176025390625 4
stats: page 30 13.841845703125 5.887585178023656 127.182861328125 8.385009765625 27.948695591517858 7
stats: tr_play_game__ready_page 4 12.9732666015625 1.4242056357930324 15.327880859375 10.615966796875 13.1634521484375 2
stats: 200 30 37
stats: tr_browse_quizzes_page_1 3 28.874348958333332 5.595610645973178 33.968994140625 21.0830078125 0 0
stats: size_rcv 88031 101484
stats: tr_play_game__1st_question 5 12.05419921875 2.1021367986538166 14.760009765625 8.444091796875 10.346923828125 1
stats: size_sent 19541 22758
stats: tr_play_game__answer_to_question 3 12.173421223958334 2.875659731022059 15.97412109375 9.02001953125 0 0
stats: connected 7 11
stats: tr_index 6 11.696248372395834 1.8775213794736874 129.326904296875 8.672119140625 50.07373046875 3
# stats: dump at 1448593994
stats: users 20 20
stats: {recvpackets,"tsung_controller@ip-172-30-3-176"} 1 157.0 0.0 157 41 41.0 1
stats: {sentpackets,"tsung_controller@ip-172-30-3-176"} 1 160.0 0.0 160 44 44.0 1
stats: {cpu,"tsung_controller@ip-172-30-3-176"} 1 1.5763546798029555 0.0 3.020126048108338 1.5763546798029555 2.5435275909833033 2
stats: {load,"tsung_controller@ip-172-30-3-176"} 1 0.0 0.0 0.0 0.0 0.0 2
stats: {freemem,"tsung_controller@ip-172-30-3-176"} 1 3169.5 0.0 3170.6953125 3169.5 3170.6328125 2
stats: session 3 1969.6388346354167 1273.934197585948 3940.5380859375 1025.0361328125 2675.3209635416665 3
stats: users_count 11 26
stats: finish_users_count 3 6
stats: request 51 16.851710899203432 22.31966741567995 161.114990234375 8.22900390625 16.51070919552365 37
stats: connect 11 1.3847212357954546 0.28452385424324345 116.85498046875 0.89501953125 9.674595424107142 14
stats: page 50 17.190107421875002 23.71402748747467 170.43115234375 8.22900390625 16.51070919552365 37
stats: tr_play_game__ready_page 6 15.8148193359375 13.304527247963279 45.5390625 9.090087890625 13.036661783854166 6
stats: 302 1 1
stats: tr_play_game__leaderboard 1 13.087890625 0 13.087890625 13.087890625 0 0
stats: 200 50 87
stats: tr_browse_quizzes_page_1 3 30.9716796875 5.982128242794749 35.9599609375 21.0830078125 28.874348958333332 3
stats: size_rcv 141617 243101
stats: tr_play_game__1st_question 6 9.583089192708334 1.2097277159529007 14.760009765625 8.3291015625 11.7696533203125 6
stats: size_sent 38768 61526
stats: tr_play_game__answer_to_question 6 10.347981770833334 1.055825593493966 15.97412109375 8.870849609375 12.173421223958334 3
stats: connected 8 19
stats: tr_index 6 13.966227213541666 9.652880670988598 129.326904296875 8.672119140625 24.48874240451389 9
stats: tr_quizzes_page_INDEX 1 12.181884765625 0 12.181884765625 12.181884765625 0 0
# stats: dump at 1448594004
stats: users 31 32
stats: {recvpackets,"tsung_controller@ip-172-30-3-176"} 1 228.0 0.0 228 41 99.0 2
stats: {sentpackets,"tsung_controller@ip-172-30-3-176"} 1 284.0 0.0 284 44 102.0 2
stats: {cpu,"tsung_controller@ip-172-30-3-176"} 1 1.7716535433070866 0.0 3.020126048108338 1.5763546798029555 2.221136620589854 3
stats: {load,"tsung_controller@ip-172-30-3-176"} 1 0.0 0.0 0.0 0.0 0.0 3
stats: {freemem,"tsung_controller@ip-172-30-3-176"} 1 3167.34765625 0.0 3170.6953125 3167.34765625 3170.2552083333335 3
stats: session 6 4762.9399820963545 9155.697484277067 25220.955078125 145.282958984375 2322.4798990885415 6
stats: users_count 17 43
stats: finish_users_count 6 12
stats: request 66 18.074407404119317 20.79623086935464 161.114990234375 7.338134765625 16.708335182883523 88
stats: connect 18 1.3358968098958333 0.2440644174951743 116.85498046875 0.89501953125 6.02705078125 25
stats: page 65 18.353241436298084 21.667922759930395 170.43115234375 7.716064453125 16.901167946300287 87
stats: tr_play_game__ready_page 6 27.291300455729168 19.60717378215699 59.1689453125 9.090087890625 14.425740559895834 12
stats: 302 1 2
stats: tr_play_game__leaderboard 0 0 0 13.087890625 13.087890625 13.087890625 1
stats: 200 65 152
stats: tr_browse_quizzes_page_1 5 36.179052734375 4.120009265977199 43.302001953125 21.0830078125 29.923014322916668 6
stats: size_rcv 187024 430125
stats: tr_play_game__1st_question 4 13.8575439453125 2.346262414911599 16.828125 8.3291015625 10.676371256510416 12
stats: newphase 1 1
stats: tr_play_game__answer_to_question 2 16.4954833984375 7.3455810546875 23.841064453125 8.870849609375 10.956461588541666 9
stats: size_sent 46463 107989
stats: tr_index 6 10.343668619791666 1.010009073850371 129.326904296875 8.672119140625 20.279736328125 15
stats: connected 12 31
stats: tr_quizzes_page_INDEX 0 0 0 12.181884765625 12.181884765625 12.181884765625 1
# stats: dump at 1448594014
stats: users 39 40
stats: {recvpackets,"tsung_controller@ip-172-30-3-176"} 1 311.0 0.0 311 41 142.0 3
stats: {sentpackets,"tsung_controller@ip-172-30-3-176"} 1 369.0 0.0 369 44 162.66666666666666 3
stats: {cpu,"tsung_controller@ip-172-30-3-176"} 1 2.0689655172413794 0.0 3.020126048108338 1.5763546798029555 2.1087658512691623 4
stats: {load,"tsung_controller@ip-172-30-3-176"} 1 0.0 0.0 0.0 0.0 0.0 4
stats: {freemem,"tsung_controller@ip-172-30-3-176"} 1 3165.109375 0.0 3170.6953125 3165.109375 3169.5283203125 4
stats: session 6 9964.091959635416 10828.699259143921 25308.324951171875 117.076904296875 3542.7099405924478 12
stats: users_count 14 57
stats: finish_users_count 6 18
stats: request 117 22.808230669070515 36.93628771789112 294.361083984375 7.338134765625 17.293794706270294 154
stats: connect 12 1.9916585286458333 2.085895411304499 116.85498046875 0.89501953125 4.0633119095203485 43
stats: page 103 25.924607952821592 43.05497082817392 326.9130859375 7.444091796875 17.52212042557566 152
stats: tr_play_game__ready_page 8 12.611602783203125 2.680628515226717 59.1689453125 8.93994140625 18.71426052517361 18
stats: 302 4 6
stats: tr_play_game__leaderboard 3 14.5673828125 3.7143817752076904 19.39013671875 10.35302734375 13.087890625 1
stats: 200 105 257
stats: tr_question_new_POST 8 13.337005615234375 5.851056592660539 25.70703125 7.594970703125 0 0
stats: size_rcv 323557 753682
stats: tr_quiz_new_POST 1 18.558837890625 0 18.558837890625 18.558837890625 0 0
stats: newphase 0 1
stats: tr_search_all_users 1 75.1171875 0 75.1171875 75.1171875 0 0
stats: size_sent 105807 213796
stats: tr_friend_requests 1 12.924072265625 0 12.924072265625 12.924072265625 0 0
stats: connected 7 38
stats: tr_browse_quizzes_page_1 2 30.0535888671875 3.2264404296875 43.302001953125 21.0830078125 32.76666814630682 11
stats: 404 8 8
stats: tr_play_game__1st_question 10 13.714208984375 9.961762551160598 43.386962890625 8.31689453125 11.471664428710938 16
stats: tr_play_game__answer_to_question 6 15.532511393229166 4.632225253321978 23.841064453125 8.870849609375 11.963556463068182 11
stats: tr_index 6 21.39306640625 10.813174680560397 129.326904296875 8.672119140625 17.440859840029763 21
stats: tr_quizzes_page_INDEX 2 51.739501953125 37.095458984375 88.8349609375 12.181884765625 12.181884765625 1
stats: tr_quiz_questions_SHOW 8 10.5523681640625 0.20943491491249486 10.85595703125 10.2060546875 0 0
# stats: dump at 1448594024
stats: users 43 46
stats: {recvpackets,"tsung_controller@ip-172-30-3-176"} 1 429.0 0.0 429 41 184.25 4
stats: {sentpackets,"tsung_controller@ip-172-30-3-176"} 1 429.0 0.0 429 44 214.25 4
stats: {cpu,"tsung_controller@ip-172-30-3-176"} 1 2.167487684729064 0.0 3.020126048108338 1.5763546798029555 2.1008057844636054 5
stats: {load,"tsung_controller@ip-172-30-3-176"} 1 0.0 0.0 0.0 0.0 0.0 5
stats: {freemem,"tsung_controller@ip-172-30-3-176"} 1 3163.0703125 0.0 3170.6953125 3163.0703125 3168.64453125 5
stats: session 11 21121.41015625 8669.435462172176 31771.27685546875 117.076904296875 5683.1706136067705 18
stats: users_count 15 72
stats: finish_users_count 11 29
stats: request 122 21.38010694159836 36.04778537230209 294.361083984375 5.94091796875 19.674565952202492 271
stats: connect 17 1.3780445772058822 0.29988436664842477 116.85498046875 0.87109375 3.6113148082386357 55
stats: page 105 24.85823800223214 41.375769413536545 326.9130859375 7.330078125 20.91606636795343 255
stats: tr_play_game__ready_page 3 12.666422526041666 0.735321255943534 59.1689453125 8.93994140625 16.836519681490383 26
stats: 302 7 13
stats: tr_play_game__leaderboard 4 13.61224365234375 4.45163635125364 21.05908203125 9.986083984375 14.197509765625 4
stats: 200 107 364
stats: tr_question_new_POST 8 9.22784423828125 3.7306239525230636 25.70703125 6.028076171875 13.337005615234375 8
stats: size_rcv 342158 1095840
stats: tr_quiz_new_POST 1 15.995849609375 0.0 18.558837890625 15.995849609375 18.558837890625 1
stats: newphase 0 1
stats: tr_search_all_users 1 57.501953125 0.0 75.1171875 57.501953125 75.1171875 1
stats: size_sent 107082 320878
stats: tr_friend_requests 3 14.071126302083334 1.9639010416716307 16.776123046875 12.173095703125 12.924072265625 1
stats: connected 6 44
stats: tr_friends 2 18.655029296875 0.949951171875 19.60498046875 17.705078125 0 0
stats: 404 8 16
stats: tr_browse_quizzes_page_1 2 26.1156005859375 3.0235595703125 43.302001953125 21.0830078125 32.34927133413461 13
stats: tr_play_game__1st_question 1 11.362060546875 0.0 43.386962890625 8.31689453125 12.334181565504808 26
stats: tr_play_game__answer_to_question 5 9.927978515625 1.2557971897421258 23.841064453125 8.114013671875 13.223187614889707 17
stats: tr_index 8 10.4117431640625 1.1251473197905768 129.326904296875 8.672119140625 18.31912796585648 27
stats: tr_quizzes_page_INDEX 2 12.324951171875 2.33203125 88.8349609375 9.992919921875 38.553629557291664 3
stats: tr_quiz_questions_SHOW 8 10.24761962890625 3.7788291577663062 20.197021484375 8.43701171875 10.5523681640625 8
# stats: dump at 1448594034
stats: users 46 49
stats: {recvpackets,"tsung_controller@ip-172-30-3-176"} 1 516.0 0.0 516 41 233.2 5
stats: {sentpackets,"tsung_controller@ip-172-30-3-176"} 1 509.0 0.0 509 44 257.2 5
stats: {cpu,"tsung_controller@ip-172-30-3-176"} 1 2.4582104228121926 0.0 3.020126048108338 1.5763546798029555 2.1119194345078487 6
stats: {load,"tsung_controller@ip-172-30-3-176"} 1 0.0 0.0 0.0 0.0 0.0 6
stats: {freemem,"tsung_controller@ip-172-30-3-176"} 1 3162.48046875 0.0 3170.6953125 3162.48046875 3167.7154947916665 6
stats: session 13 37671.63005183293 22190.342533573163 65538.15112304688 117.076904296875 11539.05457805765 29
stats: users_count 16 88
stats: finish_users_count 13 42
stats: request 142 46.2105351837588 117.04646034687127 842.322998046875 5.94091796875 20.204021424737597 393
stats: connect 16 1.528900146484375 0.6385431123418193 116.85498046875 0.87109375 3.0840148925781246 72
stats: page 125 52.508439453125 133.49456976139936 898.208984375 7.0849609375 22.065866427951388 360
stats: tr_play_game__ready_page 11 18.37784090909091 16.757509858562024 69.657958984375 8.47900390625 16.405130320581893 29
stats: 302 5 18
stats: tr_play_game__leaderboard 6 11.276814778645834 1.1075218323021216 21.05908203125 9.986083984375 13.904876708984375 8
stats: 200 129 493
stats: tr_question_new_POST 8 11.267333984375 2.4619212167492925 25.70703125 6.028076171875 11.282424926757813 16
stats: size_rcv 426954 1522794
stats: tr_quiz_new_POST 1 34.34619140625 0.0 34.34619140625 15.995849609375 17.27734375 2
stats: newphase 1 2
stats: tr_search_all_users 3 360.6774088541667 343.3010101860069 842.385986328125 57.501953125 66.3095703125 2
stats: size_sent 126518 447396
stats: tr_friend_requests 0 0 0 16.776123046875 12.173095703125 13.78436279296875 4
stats: connected 2 46
stats: tr_friends 2 17.5360107421875 1.0570068359375 19.60498046875 16.47900390625 18.655029296875 2
stats: 404 8 24
stats: tr_browse_quizzes_page_1 2 32.08642578125 2.181396484375 43.302001953125 21.0830078125 31.518115234375 15
stats: tr_play_game__1st_question 10 37.7129150390625 73.71550243233192 258.398193359375 8.22998046875 12.298177083333334 27
stats: tr_play_game__answer_to_question 8 17.28851318359375 16.940601842019465 61.760986328125 8.114013671875 12.474276455965908 22
stats: tr_index 8 68.33026123046875 149.37741567226323 463.47998046875 8.672119140625 16.51172572544643 35
stats: tr_quizzes_page_INDEX 1 10.498046875 0.0 88.8349609375 9.992919921875 28.062158203125 5
stats: tr_quiz_questions_SHOW 8 14.312530517578125 2.1110177334655322 20.197021484375 8.43701171875 10.399993896484375 16
# stats: dump at 1448594044
stats: users 54 56
stats: {recvpackets,"tsung_controller@ip-172-30-3-176"} 1 448.0 0.0 516 41 280.3333333333333 6
stats: {sentpackets,"tsung_controller@ip-172-30-3-176"} 1 488.0 0.0 509 44 299.1666666666667 6
stats: {cpu,"tsung_controller@ip-172-30-3-176"} 1 2.0710059171597637 0.0 3.020126048108338 1.5763546798029555 2.1613895756941837 7
stats: {load,"tsung_controller@ip-172-30-3-176"} 1 0.0 0.0 0.0 0.0 0.0 7
stats: {freemem,"tsung_controller@ip-172-30-3-176"} 1 3161.8671875 0.0 3170.6953125 3161.8671875 3166.9676339285716 7
stats: session 8 22554.881622314453 14909.595908080273 65538.15112304688 117.076904296875 19627.708891369046 42
stats: users_count 16 104
stats: finish_users_count 8 50
stats: request 133 35.32510353031016 116.09303620140976 1264.422119140625 5.94091796875 27.10668488974883 535
stats: connect 16 2.417144775390625 2.6811964689301293 116.85498046875 0.87109375 2.8012667569247154 88
stats: page 124 37.89260765814012 122.3853352365699 1273.275146484375 7.0849609375 29.9118904035116 485
stats: tr_play_game__ready_page 9 11.306233723958334 1.198369772537877 69.657958984375 8.47900390625 16.947625732421873 40
stats: 302 6 24
stats: tr_play_game__leaderboard 3 46.412027994791664 18.02267394175252 67.446044921875 9.986083984375 12.778564453125 14
stats: 200 127 620
stats: tr_question_new_POST 0 0 0 25.70703125 6.028076171875 11.277394612630209 24
stats: size_rcv 367195 1889989
stats: tr_quiz_new_POST 0 0 0 34.34619140625 15.995849609375 22.966959635416668 3
stats: newphase 0 2
stats: tr_search_all_users 3 82.38199869791667 16.7676063086598 842.385986328125 57.501953125 242.9302734375 5
stats: size_sent 113167 560563
stats: tr_friend_requests 0 0 0 16.776123046875 12.173095703125 13.78436279296875 4
stats: connected 8 54
stats: tr_friends 0 0 0 19.60498046875 16.47900390625 18.09552001953125 4
stats: 404 0 24
stats: tr_browse_quizzes_page_1 2 63.072021484375 28.02294921875 91.094970703125 21.0830078125 31.584975298713236 17
stats: tr_play_game__1st_question 10 20.2950927734375 26.835871905128684 258.398193359375 8.22998046875 19.16702517947635 37
stats: tr_play_game__answer_to_question 12 20.314778645833332 20.005969278879352 85.10009765625 8.114013671875 13.758072916666666 30
stats: tr_index 6 13.357706705729166 4.0050198711557 463.47998046875 8.672119140625 26.152383493822676 43
stats: tr_quizzes_page_INDEX 1 10.545166015625 0.0 88.8349609375 9.992919921875 25.134806315104168 6
stats: tr_quiz_questions_SHOW 0 0 0 20.197021484375 8.43701171875 11.704172770182291 24
# stats: dump at 1448594054
stats: users 67 68
stats: {recvpackets,"tsung_controller@ip-172-30-3-176"} 1 571.0 0.0 571 41 304.2857142857143 7
stats: {sentpackets,"tsung_controller@ip-172-30-3-176"} 1 575.0 0.0 575 44 326.14285714285717 7
stats: {cpu,"tsung_controller@ip-172-30-3-176"} 1 2.559055118110236 0.0 3.020126048108338 1.5763546798029555 2.150091618377381 8
stats: {load,"tsung_controller@ip-172-30-3-176"} 1 0.0 0.0 0.0 0.0 0.0 8
stats: {freemem,"tsung_controller@ip-172-30-3-176"} 1 3158.87109375 0.0 3170.6953125 3158.87109375 3166.330078125 8
stats: session 9 35769.657524956594 15678.617466590189 65538.15112304688 117.076904296875 20096.05652832031 50
stats: users_count 22 126
stats: finish_users_count 9 59
stats: request 186 22.88719259282593 37.97555884444761 1264.422119140625 5.94091796875 28.742986804710892 668
stats: connect 20 1.3291137695312503 0.31297412643918604 116.85498046875 0.824951171875 2.742171067457932 104
stats: page 158 26.51287610017802 43.13234983306707 1273.275146484375 7.0849609375 31.536864031711822 609
stats: tr_play_game__ready_page 6 11.755208333333334 1.598673717503911 69.657958984375 8.47900390625 15.911451690051019 49
stats: 302 8 32
stats: tr_play_game__leaderboard 6 12.845174153645834 4.768913975618871 67.446044921875 8.89013671875 18.713881548713236 17
stats: 200 162 782
stats: tr_question_new_POST 16 10.422317504882813 3.214950099982966 25.70703125 6.028076171875 11.277394612630209 24
stats: size_rcv 519344 2409333
stats: tr_quiz_new_POST 2 29.2960205078125 8.5321044921875 37.828125 15.995849609375 22.966959635416668 3
stats: newphase 0 2
stats: tr_search_all_users 2 70.7020263671875 0.4749755859375 842.385986328125 57.501953125 182.72467041015625 8
stats: size_sent 171580 732143
stats: tr_friend_requests 0 0 0 16.776123046875 12.173095703125 13.78436279296875 4
stats: connected 12 66
stats: tr_friends 0 0 0 19.60498046875 16.47900390625 18.09552001953125 4
stats: 404 16 40
stats: tr_browse_quizzes_page_1 0 0 0 91.094970703125 21.0830078125 34.89940121299342 19
stats: tr_play_game__1st_question 6 15.581217447916666 7.804594812191782 258.398193359375 8.22998046875 19.407039561170212 47
stats: tr_play_game__answer_to_question 5 10.24306640625 1.5415280927634138 85.10009765625 7.5771484375 15.631417410714286 42
stats: tr_index 9 10.726888020833334 1.2012842472102174 463.47998046875 8.672119140625 24.585688376913264 49
stats: tr_quizzes_page_INDEX 6 25.8992919921875 27.162034193422095 88.8349609375 9.992919921875 23.050571986607142 7
stats: tr_quiz_questions_SHOW 16 13.43701171875 4.512078406295595 26.885986328125 8.4189453125 11.704172770182291 24
# stats: dump at 1448594064
stats: users 79 80
stats: {recvpackets,"tsung_controller@ip-172-30-3-176"} 1 606.0 0.0 606 41 337.625 8
stats: {sentpackets,"tsung_controller@ip-172-30-3-176"} 1 618.0 0.0 618 44 357.25 8
stats: {cpu,"tsung_controller@ip-172-30-3-176"} 1 3.042198233562316 0.0 3.042198233562316 1.5763546798029555 2.1955320072365874 9
stats: {load,"tsung_controller@ip-172-30-3-176"} 1 0.0 0.0 0.0 0.0 0.0 9
stats: {freemem,"tsung_controller@ip-172-30-3-176"} 1 3157.3125 0.0 3170.6953125 3157.3125 3165.5013020833335 9
stats: session 18 31377.612250434027 25660.381269000754 85158.54809570313 117.076904296875 22486.944815942796 59
stats: users_count 30 156
stats: finish_users_count 18 77
stats: request 296 24.666745572476778 39.50847692397386 1264.422119140625 5.94091796875 27.467603053644613 854
stats: connect 31 1.3517278855846775 0.35763853839871024 116.85498046875 0.824951171875 2.5142586000504026 124
stats: page 248 29.752087993006565 45.94471577842969 1273.275146484375 7.0849609375 30.501935618175523 767
stats: tr_play_game__ready_page 12 20.915629069010418 28.261754205564767 114.468994140625 8.47900390625 15.458043323863635 55
stats: 302 10 42
stats: tr_play_game__leaderboard 9 27.42995876736111 25.37169502907608 89.963134765625 8.89013671875 17.182914402173914 23
stats: 200 254 1036
stats: tr_question_new_POST 32 11.102569580078125 6.723708648018495 41.926025390625 6.028076171875 10.93536376953125 40
stats: size_rcv 855532 3264865
stats: tr_quiz_new_POST 4 16.658447265625 1.5097189694952216 37.828125 15.110107421875 25.498583984375 5
stats: newphase 1 3
stats: tr_search_all_users 2 93.115478515625 15.383544921875 842.385986328125 57.501953125 160.3201416015625 10
stats: size_sent 272897 1005040
stats: tr_friend_requests 0 0 0 16.776123046875 12.173095703125 13.78436279296875 4
stats: connected 13 79
stats: tr_friends 0 0 0 19.60498046875 16.47900390625 18.09552001953125 4
stats: 404 32 72
stats: tr_browse_quizzes_page_1 5 35.399853515625 8.089789471557012 91.094970703125 21.0830078125 34.89940121299342 19
stats: tr_play_game__1st_question 12 37.973612467447914 78.66127715917584 297.754150390625 8.22998046875 18.973927623820753 53
stats: tr_play_game__answer_to_question 11 14.683682528409092 9.140080176982648 85.10009765625 7.239990234375 15.058188580452128 47
stats: tr_index 14 12.8399658203125 8.749963635130657 463.47998046875 7.51806640625 22.43518487338362 58
stats: tr_quizzes_page_INDEX 6 19.5960693359375 19.862852660324922 88.8349609375 9.876953125 24.36536583533654 13
stats: tr_quiz_questions_SHOW 32 14.961242675781252 9.282664692916669 44.97509765625 8.4189453125 12.397308349609375 40
# stats: dump at 1448594074
stats: users 100 103
stats: {recvpackets,"tsung_controller@ip-172-30-3-176"} 1 1130.0 0.0 1130 41 367.44444444444446 9
stats: {sentpackets,"tsung_controller@ip-172-30-3-176"} 1 1179.0 0.0 1179 44 386.22222222222223 9
stats: {cpu,"tsung_controller@ip-172-30-3-176"} 1 3.7475345167652856 0.0 3.7475345167652856 1.5763546798029555 2.2801986298691603 10
stats: {load,"tsung_controller@ip-172-30-3-176"} 1 0.0 0.0 0.0 0.0 0.0 10
stats: {freemem,"tsung_controller@ip-172-30-3-176"} 1 3155.76171875 0.0 3170.6953125 3155.76171875 3164.682421875 10
stats: session 19 21244.0673828125 21718.324630881463 85158.54809570313 117.076904296875 24565.282657771917 77
stats: users_count 40 196
stats: finish_users_count 19 96
stats: request 196 18.945833167251276 27.223691036003494 1264.422119140625 5.94091796875 26.746686693274455 1150
stats: connect 41 1.3114162538109757 0.30367981783073333 116.85498046875 0.77197265625 2.281752457157258 155
stats: page 188 19.75405818858046 30.219581790115765 1273.275146484375 6.830078125 30.31872161714902 1015
stats: tr_play_game__ready_page 9 12.198133680555555 2.8793978665695406 114.468994140625 8.47900390625 16.435521367770523 67
stats: 302 5 47
stats: tr_play_game__leaderboard 9 12.333170572916666 3.3465175662984685 89.963134765625 8.89013671875 20.064895629882813 32
stats: 200 192 1228
stats: tr_question_new_POST 0 0 0 41.926025390625 6.028076171875 11.00967746310764 72
stats: size_rcv 594728 3859593
stats: tr_quiz_new_POST 0 0 0 37.828125 15.110107421875 21.56963433159722 9
stats: newphase 0 3
stats: tr_search_all_users 3 76.57169596354167 8.11587370185123 842.385986328125 57.501953125 149.1193644205729 12
stats: size_sent 155311 1160351
stats: tr_friend_requests 2 52.0379638671875 39.7830810546875 91.821044921875 12.173095703125 13.78436279296875 4
stats: connected 22 101
stats: tr_friends 0 0 0 19.60498046875 16.47900390625 18.09552001953125 4
stats: 404 0 72
stats: tr_browse_quizzes_page_1 9 36.50084092881944 12.968301604515649 91.094970703125 21.0830078125 35.00366210937499 24
stats: tr_play_game__1st_question 10 11.37880859375 3.3838085024496825 297.754150390625 8.052978515625 22.481561748798075 65
stats: tr_play_game__answer_to_question 8 10.433135986328125 1.1477367925816453 85.10009765625 7.239990234375 14.987161570581897 58
stats: tr_index 14 10.808663504464286 3.8995220101321038 463.47998046875 7.373046875 20.569447835286457 72
stats: tr_quizzes_page_INDEX 2 14.4749755859375 0.0150146484375 88.8349609375 9.876953125 22.85927220394737 19
stats: tr_quiz_questions_SHOW 0 0 0 44.97509765625 8.4189453125 13.536834716796875 72
# stats: dump at 1448594084
stats: users 110 111
stats: {recvpackets,"tsung_controller@ip-172-30-3-176"} 1 854.0 0.0 1130 41 443.7 10
stats: {sentpackets,"tsung_controller@ip-172-30-3-176"} 1 898.0 0.0 1179 44 465.5 10
stats: {cpu,"tsung_controller@ip-172-30-3-176"} 1 3.1589338598223096 0.0 3.7475345167652856 1.5763546798029555 2.4135928014051715 11
stats: {load,"tsung_controller@ip-172-30-3-176"} 1 0.0 0.0 0.0 0.0 0.0 11
stats: {freemem,"tsung_controller@ip-172-30-3-176"} 1 3153.99609375 0.0 3170.6953125 3153.99609375 3163.8714488636365 11
stats: session 33 27563.695090553978 22794.90162738211 89777.96801757813 114.0361328125 23907.95880126953 96
stats: users_count 43 239
stats: finish_users_count 33 129
stats: request 390 76.99160531850957 329.9222788158031 4006.97705078125 5.94091796875 25.61075259884612 1346
stats: connect 39 1.5030611478365385 1.370135641535032 116.85498046875 0.77197265625 2.0787739656409436 196
stats: page 321 93.26546604239681 367.7375714543031 4035.1640625 6.486083984375 28.66771852108012 1203
stats: tr_play_game__ready_page 17 14.847196691176471 6.799729545373875 114.468994140625 8.323974609375 15.933725457442435 76
stats: 302 22 69
stats: tr_play_game__leaderboard 9 24.76898871527778 23.72892312116003 89.963134765625 8.89013671875 18.36768769054878 41
stats: 200 330 1558
stats: tr_question_new_POST 37 18.10921004011824 18.705830239615874 95.7880859375 6.028076171875 11.00967746310764 72
stats: size_rcv 1142605 5002198
stats: tr_quiz_new_POST 5 38.3423828125 36.869806039808005 111.447021484375 14.0849609375 21.56963433159722 9
stats: newphase 0 3
stats: tr_search_all_users 5 83.430615234375 31.446433373380696 842.385986328125 57.501953125 134.60983072916667 15
stats: size_sent 357483 1517834
stats: tr_friend_requests 4 82.5885009765625 69.0954621094034 163.549072265625 12.173095703125 26.535563151041668 6
stats: connected 5 106
stats: tr_friends 5 47.157421875 36.61838267940192 96.661865234375 16.26806640625 18.09552001953125 4
stats: 404 37 109
stats: tr_browse_quizzes_page_1 8 106.56796264648438 96.32759892604955 342.43994140625 21.0830078125 35.41198360558712 33
stats: tr_play_game__1st_question 14 34.19590541294643 67.315769965742 297.754150390625 8.052978515625 21.00119466145833 75
stats: tr_play_game__answer_to_question 15 13.8580078125 8.557470628875782 85.10009765625 7.239990234375 14.435158469460227 66
stats: tr_index 11 31.063742897727273 38.34289321180353 463.47998046875 7.373046875 18.980482944222384 86
stats: tr_quizzes_page_INDEX 8 45.95452880859375 24.55393037552692 91.007080078125 9.876953125 22.060767764136905 21
stats: tr_quiz_questions_SHOW 36 31.72814263237846 54.63653548426637 308.304931640625 8.4189453125 13.536834716796875 72
# stats: dump at 1448594094
stats: users 150 151
stats: {recvpackets,"tsung_controller@ip-172-30-3-176"} 1 1.5e3 0.0 1500 41 481.0 11
stats: {sentpackets,"tsung_controller@ip-172-30-3-176"} 1 1401.0 0.0 1401 44 504.8181818181818 11
stats: {cpu,"tsung_controller@ip-172-30-3-176"} 1 4.878048780487805 0.0 4.878048780487805 1.5763546798029555 2.4757045562732665 12
stats: {load,"tsung_controller@ip-172-30-3-176"} 1 0.0 0.0 0.0 0.0 0.0 12
stats: {freemem,"tsung_controller@ip-172-30-3-176"} 1 3153.0234375 0.0 3170.6953125 3153.0234375 3163.0485026041665 12
stats: session 36 20867.81780327691 23733.809739290744 89777.96801757813 84.886962890625 24843.147154342296 129
stats: users_count 76 315
stats: finish_users_count 36 165
stats: request 546 58.12650016812614 233.6566101853849 4006.97705078125 5.93603515625 37.15368610153549 1736
stats: connect 75 1.388746744791666 0.9113770668988698 116.85498046875 0.77197265625 1.9832301363031912 235
stats: page 455 69.98527054000688 258.83435891322523 4035.1640625 6.486083984375 42.27393699505824 1524
stats: tr_play_game__ready_page 24 30.051249186197918 37.64895764219474 178.14208984375 8.243896484375 15.735112672211022 93
stats: 302 20 89
stats: tr_play_game__leaderboard 12 22.982076009114582 18.27096250050302 89.963134765625 8.650146484375 19.519921875 50
stats: 200 467 2025
stats: tr_question_new_POST 59 16.29762811175847 12.808275113887762 95.7880859375 6.028076171875 13.419610539707566 109
stats: size_rcv 1604567 6606765
stats: tr_quiz_new_POST 7 16.035051618303573 2.858852743350036 111.447021484375 13.733154296875 27.559901646205358 14
stats: newphase 1 4
stats: tr_search_all_users 5 746.6134765625 1317.2227027283643 3380.77099609375 57.501953125 121.81502685546874 20
stats: size_sent 483440 2001274
stats: tr_friend_requests 6 31.6331787109375 26.711619494879685 163.549072265625 12.173095703125 48.95673828125 10
stats: connected 43 149
stats: tr_friends 1 39.00390625 0.0 96.661865234375 16.26806640625 34.24102105034722 9
stats: 404 59 168
stats: tr_browse_quizzes_page_1 11 59.1201171875 32.36195008645072 342.43994140625 21.0830078125 49.2960770769817 41
stats: tr_play_game__1st_question 21 27.636207217261905 35.766886139021246 297.754150390625 8.052978515625 23.076767139220507 89
stats: tr_play_game__answer_to_question 18 29.55535210503472 31.671565520775147 137.089111328125 7.239990234375 14.328278718171296 81
stats: tr_index 33 31.32985617897726 41.71444174191945 463.47998046875 7.373046875 20.350749536887886 97
stats: tr_quizzes_page_INDEX 7 37.051583426339285 38.83992458782695 124.593994140625 9.2041015625 28.65215012122845 29
stats: tr_quiz_questions_SHOW 60 27.40024820963542 32.215176507843694 308.304931640625 8.408935546875 19.600604021990737 108
# stats: dump at 1448594104
stats: users 186 186
stats: {recvpackets,"tsung_controller@ip-172-30-3-176"} 1 2359.0 0.0 2359 41 565.9166666666666 12
stats: {sentpackets,"tsung_controller@ip-172-30-3-176"} 1 2272.0 0.0 2272 44 579.5 12
stats: {cpu,"tsung_controller@ip-172-30-3-176"} 1 6.299212598425196 0.0 6.299212598425196 1.5763546798029555 2.660500265828231 13
stats: {load,"tsung_controller@ip-172-30-3-176"} 1 0.0703125 0.0 0.0703125 0.0 0.0 13
stats: {freemem,"tsung_controller@ip-172-30-3-176"} 1 3147.078125 0.0 3170.6953125 3147.078125 3162.27734375 13
stats: session 51 27002.983034620098 24413.891374020248 91679.93481445313 84.886962890625 23975.802568655305 165
stats: users_count 87 402
stats: finish_users_count 51 216
stats: request 636 42.81980003500884 153.31979153386845 4006.97705078125 5.93603515625 42.171721369001965 2282
stats: connect 91 1.3965326665521975 0.6178305039745546 116.85498046875 0.77197265625 1.8394035093245964 310
stats: page 537 50.73664728090087 168.66575083130118 4035.1640625 6.486083984375 48.645163252234404 1979
stats: tr_play_game__ready_page 32 23.10393524169922 26.529297689462595 178.14208984375 8.243896484375 18.671756059695515 117
stats: 302 20 109
stats: tr_play_game__leaderboard 11 42.10941938920455 34.29809119963842 116.0380859375 8.650146484375 20.190016223538308 62
stats: 200 552 2577
stats: tr_question_new_POST 64 16.734130859375 11.660438856057961 95.7880859375 6.028076171875 14.430342901320682 168
stats: size_rcv 1969833 8576598
stats: tr_quiz_new_POST 8 39.803619384765625 15.942759425313797 111.447021484375 13.733154296875 23.718284970238095 21
stats: newphase 0 4
stats: tr_search_all_users 7 151.35787527901786 192.00383097632422 3380.77099609375 57.501953125 246.774716796875 25
stats: size_sent 557349 2558623
stats: tr_friend_requests 7 16.052839006696427 4.85283656771146 163.549072265625 11.52099609375 42.46040344238281 16
stats: connected 36 185
stats: tr_friends 8 75.765869140625 108.87044479484935 348.402099609375 16.26806640625 34.7173095703125 10
stats: 404 64 232
stats: tr_browse_quizzes_page_1 20 198.0201171875 569.4612697901083 2672.73095703125 21.0830078125 51.37423940805289 52
stats: tr_play_game__1st_question 35 16.450411551339286 19.574018952568018 297.754150390625 8.052978515625 23.947205699573864 110
stats: tr_play_game__answer_to_question 20 14.02691650390625 10.268058766730409 137.089111328125 7.239990234375 17.096837515782827 99
stats: tr_index 43 19.452977380087205 31.6539864064199 463.47998046875 7.373046875 23.137753530649036 130
stats: tr_quizzes_page_INDEX 9 28.431260850694443 33.19761146516657 124.593994140625 9.069091796875 30.28537326388889 36
stats: tr_quiz_questions_SHOW 64 28.84665679931641 28.932119331351156 308.304931640625 8.408935546875 22.38619123186384 168
# stats: dump at 1448594114
stats: users 212 213
stats: {recvpackets,"tsung_controller@ip-172-30-3-176"} 1 2417.0 0.0 2417 41 703.8461538461538 13
stats: {sentpackets,"tsung_controller@ip-172-30-3-176"} 1 2374.0 0.0 2374 44 709.6923076923077 13
stats: {cpu,"tsung_controller@ip-172-30-3-176"} 1 6.508875739644971 0.0 6.508875739644971 1.5763546798029555 2.9204082895851573 14
stats: {load,"tsung_controller@ip-172-30-3-176"} 1 0.05859375 0.0 0.0703125 0.0 0.005022321428571429 14
stats: {freemem,"tsung_controller@ip-172-30-3-176"} 1 3140.7109375 0.0 3170.6953125 3140.7109375 3161.1916852678573 14
stats: session 51 24340.49428423713 22658.520887405837 91679.93481445313 84.886962890625 24690.5535120081 216
stats: users_count 77 479
stats: finish_users_count 51 267
stats: request 765 41.94385084763067 113.36601386746624 4006.97705078125 5.93603515625 42.31297497817961 2918
stats: connect 76 1.3469977127878294 0.30697599434568545 116.85498046875 0.77197265625 1.7389016472490646 401
stats: page 645 49.77165016351745 126.59992614728095 4035.1640625 6.486083984375 49.09155710096012 2516
stats: tr_play_game__ready_page 32 19.82758331298828 16.335916061211066 178.14208984375 8.123046875 19.623633467911073 149
stats: 302 26 135
stats: tr_play_game__leaderboard 12 22.272989908854168 14.293926677741084 116.0380859375 8.650146484375 23.49293998822774 73
stats: 200 659 3236
stats: tr_question_new_POST 80 18.96886596679688 23.41855218282961 147.716064453125 6.028076171875 15.065870613887391 232
stats: size_rcv 2189977 10766575
stats: tr_quiz_new_POST 10 38.2935791015625 33.980271315228556 122.7060546875 13.733154296875 28.155618601831897 29
stats: newphase 0 4
stats: tr_search_all_users 4 85.38104248046875 15.811682440025601 3380.77099609375 57.501953125 225.90228271484375 32
stats: size_sent 705049 3263672
stats: tr_friend_requests 4 33.94622802734375 23.671263916245383 163.549072265625 11.52099609375 34.42331861413044 23
stats: connected 24 209
stats: tr_friends 3 19.966715494791668 4.95111425175221 348.402099609375 16.152099609375 52.96111382378472 18
stats: 404 80 312
stats: tr_browse_quizzes_page_1 19 136.3000616776316 386.8299166333285 2672.73095703125 21.0830078125 92.10920545789931 72
stats: tr_play_game__1st_question 30 35.1197509765625 83.19962322622693 466.958984375 8.052978515625 22.13763469827586 145
stats: tr_play_game__answer_to_question 39 22.47352013221154 21.687748121470403 137.089111328125 7.239990234375 16.580884404543067 119
stats: tr_index 26 28.063260591947117 61.49764720740448 463.47998046875 7.373046875 22.2218843140354 173
stats: tr_quizzes_page_INDEX 20 30.93880615234375 24.812091837400718 124.593994140625 9.069091796875 29.91455078125 45
stats: tr_quiz_questions_SHOW 80 28.737756347656244 27.79784146529938 308.304931640625 8.390869140625 24.168388629781788 232
# stats: dump at 1448594124
stats: users 275 278
stats: {recvpackets,"tsung_controller@ip-172-30-3-176"} 1 2907.0 0.0 2907 41 826.2142857142857 14
stats: {sentpackets,"tsung_controller@ip-172-30-3-176"} 1 2844.0 0.0 2844 44 828.5714285714286 14
stats: {cpu,"tsung_controller@ip-172-30-3-176"} 1 7.820136852394917 0.0 7.820136852394917 1.5763546798029555 3.159639452922478 15
stats: {load,"tsung_controller@ip-172-30-3-176"} 1 0.12890625 0.0 0.12890625 0.0 0.00859375 15
stats: {freemem,"tsung_controller@ip-172-30-3-176"} 1 3136.0625 0.0 3170.6953125 3136.0625 3159.8263020833333 15
stats: session 56 22404.763170514787 19425.641775419423 91679.93481445313 57.258056640625 24623.688266254096 267
stats: users_count 119 598
stats: finish_users_count 56 323
stats: request 906 41.14178561111685 101.32385102806059 4006.97705078125 5.93603515625 42.23630379711256 3683
stats: connect 122 1.367679783555328 0.42418386846532796 116.85498046875 0.77197265625 1.6764599302279872 477
stats: page 772 48.30567987471664 112.2152066320292 4035.1640625 6.486083984375 49.2303296493149 3161
stats: tr_play_game__ready_page 43 29.63206304505814 37.597654470317124 209.779052734375 8.111083984375 19.659690899084946 181
stats: 302 27 162
stats: tr_play_game__leaderboard 17 29.254308363970587 22.76889881057334 116.0380859375 8.650146484375 23.32071174172794 85
stats: 200 787 4023
stats: tr_question_new_POST 92 15.45731519616168 10.442302770620802 147.716064453125 6.028076171875 16.06663865309495 312
stats: size_rcv 2533164 13299739
stats: tr_quiz_new_POST 12 35.01318359375 17.44803695599289 122.7060546875 13.733154296875 30.755095653044872 39
stats: newphase 1 5
stats: tr_search_all_users 3 89.89501953125 11.670060315873831 3380.77099609375 57.501953125 210.28881157769098 36
stats: size_sent 805015 4068687
stats: tr_friend_requests 11 78.88445490056819 132.50758138526496 445.948974609375 11.52099609375 34.352638527199076 27
stats: connected 67 276
stats: tr_friends 9 283.75965711805554 218.65741823160988 642.364990234375 16.152099609375 48.247628348214285 21
stats: 404 92 404
stats: tr_browse_quizzes_page_1 19 80.03677528782895 55.57104729385114 2672.73095703125 21.0830078125 101.33586774553571 91
stats: tr_play_game__1st_question 37 21.51414036106419 21.45416737202684 466.958984375 8.031982421875 24.363140345982142 175
stats: tr_play_game__answer_to_question 26 32.94136868990385 63.83674585900333 309.4150390625 7.239990234375 18.035395755043513 158
stats: tr_index 52 16.01196758563702 10.764518364637924 463.47998046875 7.373046875 22.98507920461683 199
stats: tr_quizzes_page_INDEX 13 22.212552584134617 14.956311099954034 124.593994140625 9.069091796875 30.229706280048077 65
stats: tr_quiz_questions_SHOW 92 22.217080821161677 31.880902199988142 308.304931640625 8.390869140625 25.340021377954727 312
# stats: dump at 1448594134
stats: users 360 360
stats: {recvpackets,"tsung_controller@ip-172-30-3-176"} 1 3670.0 0.0 3670 41 964.9333333333333 15
stats: {sentpackets,"tsung_controller@ip-172-30-3-176"} 1 3552.0 0.0 3552 44 962.9333333333333 15
stats: {cpu,"tsung_controller@ip-172-30-3-176"} 1 9.803921568627452 0.0 9.803921568627452 1.5763546798029555 3.4509205403895056 16
stats: {load,"tsung_controller@ip-172-30-3-176"} 1 0.26171875 0.0 0.26171875 0.0 0.01611328125 16
stats: {freemem,"tsung_controller@ip-172-30-3-176"} 1 3130.14453125 0.0 3170.6953125 3130.14453125 3158.341064453125 16
stats: session 71 20117.477356816682 18365.735502283547 91679.93481445313 57.258056640625 24238.982986497434 323
stats: users_count 156 754
stats: finish_users_count 71 394
stats: request 1083 72.17629996429191 176.1006050376056 4093.2939453125 5.93603515625 42.02021456710339 4589
stats: connect 154 1.3570683466923699 0.34484948220220263 116.85498046875 0.77197265625 1.6135698168823036 599
stats: page 927 84.3447181347761 199.93021093084724 4093.2939453125 6.486083984375 49.04883215986922 3933
stats: tr_play_game__ready_page 55 49.23605291193182 56.622343005248545 237.23193359375 8.111083984375 21.57403019496373 224
stats: 302 41 203
stats: tr_play_game__leaderboard 24 65.21974690755208 69.52703352969621 276.77197265625 8.650146484375 24.309644512101716 102
stats: 200 946 4969
stats: tr_question_new_POST 96 24.83667755126953 29.38015271588382 210.549072265625 6.028076171875 15.927881826268564 404
stats: size_rcv 2840946 16140685
stats: tr_quiz_new_POST 14 60.798671177455354 61.1928189309861 224.240966796875 13.733154296875 31.756998697916668 51
stats: newphase 0 5
stats: tr_search_all_users 5 97.697802734375 18.524698804422254 3380.77099609375 57.501953125 201.02775065104166 39
stats: size_sent 953459 5022146
stats: tr_friend_requests 6 81.41495768229167 72.45575408131678 445.948974609375 11.52099609375 47.24342747738487 38
stats: connected 82 358
stats: tr_friends 7 75.96693638392857 82.38658222020926 642.364990234375 16.152099609375 118.90123697916667 30
stats: 404 96 500
stats: tr_browse_quizzes_page_1 29 293.2757694639009 733.8077438584318 4093.35205078125 21.0830078125 97.65693359375 110
stats: tr_play_game__1st_question 52 45.683128943810075 55.9608207575871 466.958984375 8.031982421875 23.865909216538917 212
stats: tr_play_game__answer_to_question 49 40.70698142538265 53.746148539374516 309.4150390625 7.239990234375 20.141674539317254 184
stats: tr_index 64 39.092193603515625 53.61368852802002 463.47998046875 7.373046875 21.54045050267679 251
stats: tr_quizzes_page_INDEX 12 42.468404134114586 40.349960453948135 151.5419921875 9.069091796875 28.893513997395832 78
stats: tr_quiz_questions_SHOW 96 30.606150309244793 33.12835234961577 308.304931640625 8.390869140625 24.628856696704826 404
# stats: dump at 1448594144
stats: users 402 404
stats: {recvpackets,"tsung_controller@ip-172-30-3-176"} 1 4981.0 0.0 4981 41 1134.0 16
stats: {sentpackets,"tsung_controller@ip-172-30-3-176"} 1 4604.0 0.0 4604 44 1124.75 16
stats: {cpu,"tsung_controller@ip-172-30-3-176"} 1 11.890838206627679 0.0 11.890838206627679 1.5763546798029555 3.824626483227032 17
stats: {load,"tsung_controller@ip-172-30-3-176"} 1 0.21875 0.0 0.26171875 0.0 0.03056066176470588 17
stats: {freemem,"tsung_controller@ip-172-30-3-176"} 1 3119.375 0.0 3170.6953125 3119.375 3156.682444852941 17
stats: session 103 25802.5751953125 20307.710525450006 91679.93481445313 57.258056640625 23496.27511921994 394
stats: users_count 145 899
stats: finish_users_count 103 497
stats: request 1231 85.94313010890548 202.00400068609056 4225.947021484375 5.93603515625 47.77815541427461 5672
stats: connect 147 1.3281250000000004 0.4566462059410513 116.85498046875 0.7119140625 1.5611113488753317 753
stats: page 1051 100.70939483787758 232.78919798216452 4225.947021484375 6.486083984375 55.78119559582369 4860
stats: tr_play_game__ready_page 60 42.22164713541667 42.89681372441103 237.23193359375 8.111083984375 27.027117110495073 279
stats: 302 51 254
stats: tr_play_game__leaderboard 36 42.392544216579864 38.81100993232553 276.77197265625 8.636962890625 32.102044968377974 126
stats: 200 1080 6049
stats: tr_question_new_POST 100 49.8773193359375 59.39363156102332 255.421875 6.028076171875 17.63837060546875 500
stats: size_rcv 3324370 19465055
stats: tr_quiz_new_POST 10 84.02783203125 74.89467718637121 260.193115234375 13.733154296875 38.012128155048075 65
stats: newphase 0 5
stats: tr_search_all_users 19 328.96627004523026 673.3113635815085 3380.77099609375 57.501953125 189.2857111150568 44
stats: size_sent 1093844 6115990
stats: tr_friend_requests 15 56.352962239583334 53.96719750091154 445.948974609375 11.52099609375 51.9031815962358 44
stats: connected 43 401
stats: tr_friends 7 85.454345703125 77.4568292175122 642.364990234375 16.152099609375 110.77853146114865 37
stats: 404 100 600
stats: tr_browse_quizzes_page_1 31 142.16868542086692 120.51317133108526 4093.35205078125 21.0830078125 138.469496473134 139
stats: tr_play_game__1st_question 60 52.31636149088542 59.618150612857285 466.958984375 7.871826171875 28.163240374940813 264
stats: tr_play_game__answer_to_question 47 44.978422124335104 62.75279252294921 342.303955078125 7.138916015625 24.466567403768778 233
stats: tr_index 57 31.806747704221497 33.00898417761937 463.47998046875 7.373046875 25.106518942212297 315
stats: tr_quizzes_page_INDEX 11 60.83884499289773 72.19101014687298 256.870849609375 9.0458984375 30.703499348958335 90
stats: tr_quiz_questions_SHOW 100 62.76095458984378 57.61402206827768 323.5419921875 8.390869140625 25.7764970703125 500
# stats: dump at 1448594154
stats: users 551 551
stats: {recvpackets,"tsung_controller@ip-172-30-3-176"} 1 5533.0 0.0 5533 41 1360.2941176470588 17
stats: {sentpackets,"tsung_controller@ip-172-30-3-176"} 1 5156.0 0.0 5156 44 1329.4117647058824 17
stats: {cpu,"tsung_controller@ip-172-30-3-176"} 1 13.96917148362235 0.0 13.96917148362235 1.5763546798029555 4.272749356749291 18
stats: {load,"tsung_controller@ip-172-30-3-176"} 1 0.33984375 0.0 0.33984375 0.0 0.041015625 18
stats: {freemem,"tsung_controller@ip-172-30-3-176"} 1 3112.22265625 0.0 3170.6953125 3112.22265625 3154.609809027778 18
stats: session 112 23651.352414812358 22538.883664629007 91679.93481445313 57.258056640625 23974.240728550994 497
stats: users_count 261 1160
stats: finish_users_count 112 609
stats: request 1499 140.09237001099686 196.96799786575005 4225.947021484375 5.93603515625 54.58404906183228 6903
stats: connect 260 1.3175396259014427 0.6901440952897426 116.85498046875 0.7119140625 1.523056911892361 900
stats: page 1307 159.0352658984673 236.50974311838223 4225.947021484375 6.486083984375 63.76961335989046 5911
stats: tr_play_game__ready_page 81 127.37976827739197 149.22764834297033 671.363037109375 8.111083984375 29.716414460038717 339
stats: 302 66 320
stats: tr_play_game__leaderboard 33 118.25284830729169 141.3112201709749 570.135009765625 8.636962890625 34.388822579089506 162
stats: 200 1335 7384
stats: tr_question_new_POST 98 88.04286660953444 136.6773349206949 679.43701171875 6.028076171875 23.01152872721354 600
stats: size_rcv 3817217 23282272
stats: tr_quiz_new_POST 14 95.07388741629464 88.87763802925771 291.554931640625 13.733154296875 44.147555338541665 75
stats: newphase 1 6
stats: tr_search_all_users 14 185.88401576450892 93.81899232830379 3380.77099609375 57.501953125 231.41159396701389 63
stats: size_sent 1280077 7396067
stats: tr_friend_requests 17 163.4592715992647 173.88530257500778 667.23486328125 11.52099609375 53.03448175979873 59
stats: connected 148 549
stats: tr_friends 12 266.52235921223956 214.48596079416657 663.52099609375 16.0791015625 106.74968372691761 44
stats: 404 98 698
stats: tr_browse_quizzes_page_1 44 215.25088223544034 149.17293858767366 4093.35205078125 21.0830078125 139.14405445772059 170
stats: tr_play_game__1st_question 83 139.52353162650604 165.1514906567844 680.04296875 7.708984375 32.63604058159722 324
stats: tr_play_game__answer_to_question 56 123.42503138950893 146.40192921408305 724.74609375 7.138916015625 27.90962873186384 280
stats: tr_index 101 144.30332659730814 158.7775540495728 661.260986328125 7.373046875 26.13316689768145 372
stats: tr_quizzes_page_INDEX 23 91.0171535326087 133.18098581150684 644.31005859375 9.0458984375 33.98556669631807 101
stats: tr_quiz_questions_SHOW 97 89.33511446923325 102.36473264818102 444.923095703125 8.390869140625 31.940573323567715 600
# stats: dump at 1448594164
stats: users 709 710
stats: {recvpackets,"tsung_controller@ip-172-30-3-176"} 1 7194.0 0.0 7194 41 1592.111111111111 18
stats: {sentpackets,"tsung_controller@ip-172-30-3-176"} 1 6712.0 0.0 6712 44 1542.0 18
stats: {cpu,"tsung_controller@ip-172-30-3-176"} 1 17.55062680810029 0.0 17.55062680810029 1.5763546798029555 4.783087363426819 19
stats: {load,"tsung_controller@ip-172-30-3-176"} 1 0.37109375 0.0 0.37109375 0.0 0.05674342105263158 19
stats: {freemem,"tsung_controller@ip-172-30-3-176"} 1 3096.140625 0.0 3170.6953125 3096.140625 3152.37890625 19
stats: session 153 20275.275366689646 18592.18971874006 91679.93481445313 57.258056640625 23914.85896970251 609
stats: users_count 311 1471
stats: finish_users_count 153 762
stats: request 1670 282.5742292758236 294.3088073203739 4225.947021484375 5.93603515625 69.83958025711884 8402
stats: connect 314 1.3539168242436301 0.6153126120929406 116.85498046875 0.7119140625 1.4769926926185344 1160
stats: page 1481 315.60116537996873 364.7587571518867 4225.947021484375 6.486083984375 81.01984997223735 7218
stats: tr_play_game__ready_page 91 246.60082471239699 244.72956443007675 909.6279296875 8.111083984375 48.5514898390997 420
stats: 302 74 394
stats: tr_play_game__leaderboard 30 140.77122395833334 193.3660678695322 741.819091796875 8.202880859375 48.58119616386218 195
stats: 200 1526 8910
stats: tr_question_new_POST 72 156.46229383680554 177.38051122271972 953.1669921875 6.028076171875 32.14200310037607 698
stats: size_rcv 4349083 27631355
stats: tr_quiz_new_POST 17 310.35578469669116 217.69310784325964 697.929931640625 13.733154296875 52.15843903616573 89
stats: newphase 0 6
stats: tr_search_all_users 26 414.39637169471155 268.82284610932743 3380.77099609375 57.501953125 223.13385247564935 77
stats: size_sent 1416366 8812433
stats: tr_friend_requests 17 307.0389619715074 226.61579483158678 802.412109375 11.43408203125 77.73476369757401 76
stats: connected 160 709
stats: tr_friends 14 456.28050013950894 269.2030010287702 907.77001953125 16.0791015625 140.98668561662947 56
stats: 404 72 770
stats: tr_browse_quizzes_page_1 66 331.3950306285511 226.90568904033256 4093.35205078125 21.0830078125 154.79218727183118 214
stats: tr_play_game__1st_question 86 245.64953613281247 230.73877253398328 997.73388671875 7.708984375 54.433735315571255 407
stats: tr_play_game__answer_to_question 81 225.0080656828704 217.01961583584256 724.74609375 7.004150390625 43.82886250813802 336
stats: tr_index 101 242.4255177715037 221.6450733715177 987.94287109375 7.373046875 51.36611854601611 473
stats: tr_quizzes_page_INDEX 24 258.6505940755208 217.29140363484842 791.924072265625 9.0458984375 44.564006190146166 124
stats: tr_quiz_questions_SHOW 68 154.2705616670496 142.74848155383427 598.688232421875 8.390869140625 39.928048920597206 697
# stats: dump at 1448594174
stats: users 852 852
stats: {recvpackets,"tsung_controller@ip-172-30-3-176"} 1 8718.0 0.0 8718 41 1886.9473684210527 19
stats: {sentpackets,"tsung_controller@ip-172-30-3-176"} 1 7981.0 0.0 7981 44 1814.1052631578948 19
stats: {cpu,"tsung_controller@ip-172-30-3-176"} 1 20.382775119617225 0.0 20.382775119617225 1.5763546798029555 5.4214643356604935 20
stats: {load,"tsung_controller@ip-172-30-3-176"} 1 0.390625 0.0 0.390625 0.0 0.0724609375 20
stats: {freemem,"tsung_controller@ip-172-30-3-176"} 1 3080.34375 0.0 3170.6953125 3080.34375 3149.5669921875 20
stats: session 141 24656.71648001164 20746.693176071713 91679.93481445313 57.258056640625 23184.076435239298 762
stats: users_count 284 1755
stats: finish_users_count 141 903
stats: request 1655 961.5561200375286 498.2393132799477 4225.947021484375 5.93603515625 105.11230303921147 10072
stats: connect 284 1.2965062101122358 0.6630010284771348 116.85498046875 0.7119140625 1.450774359735414 1474
stats: page 1457 1072.1676366383206 684.4157434661438 4555.214111328125 6.486083984375 120.957190829675 8699
stats: tr_play_game__ready_page 100 890.5834301757812 429.3680381191594 1975.992919921875 8.111083984375 83.82054947407045 511
stats: 302 94 488
stats: tr_play_game__leaderboard 44 808.8482610529122 420.5604967160562 1753.428955078125 8.202880859375 60.87319986979167 225
stats: 200 1495 10405
stats: tr_question_new_POST 64 779.6380043029786 529.3645206467561 1918.298095703125 6.028076171875 43.7667575588474 770
stats: size_rcv 4107462 31738817
stats: tr_quiz_new_POST 11 872.0918412642045 455.0865699870466 1591.7080078125 13.733154296875 93.56744730247641 106
stats: newphase 0 6
stats: tr_search_all_users 29 981.8962654903017 417.07320610254305 3380.77099609375 57.501953125 271.4137116959951 103
stats: size_sent 1513091 10325524
stats: tr_friend_requests 11 818.5706898082386 254.45527469989347 1336.053955078125 11.43408203125 119.6505848874328 93
stats: connected 142 851
stats: tr_friends 22 962.2256081321023 342.4967026779285 1562.63916015625 16.0791015625 204.04544852120534 70
stats: 404 64 834
stats: tr_browse_quizzes_page_1 56 1182.205797467913 531.1470183114639 4093.35205078125 21.0830078125 196.42000034877233 280
stats: tr_play_game__1st_question 84 959.445062546503 461.8779567965014 2144.26611328125 7.708984375 87.78983850072896 493
stats: tr_play_game__answer_to_question 87 887.7886022808908 461.43834945420326 2027.885986328125 7.004150390625 79.02194513920114 417
stats: tr_index 114 910.9771642852248 486.69748112952067 2018.678955078125 7.373046875 84.98458426339286 574
stats: tr_quizzes_page_INDEX 29 953.6619746767242 469.375238755948 1881.93896484375 9.0458984375 79.28075017155828 148
stats: tr_quiz_questions_SHOW 62 774.7466804750505 506.443297043318 1905.6669921875 8.390869140625 50.091827831392976 765
# stats: dump at 1448594184
stats: users 1251 1251
stats: {recvpackets,"tsung_controller@ip-172-30-3-176"} 1 8759.0 0.0 8759 41 2228.5 20
stats: {sentpackets,"tsung_controller@ip-172-30-3-176"} 1 8051.0 0.0 8051 44 2122.45 20
stats: {cpu,"tsung_controller@ip-172-30-3-176"} 1 21.232227488151658 0.0 21.232227488151658 1.5763546798029555 6.1339077063251 21
stats: {load,"tsung_controller@ip-172-30-3-176"} 1 0.41015625 0.0 0.41015625 0.0 0.08761160714285714 21
stats: {freemem,"tsung_controller@ip-172-30-3-176"} 1 3055.87890625 0.0 3170.6953125 3055.87890625 3146.2706473214284 21
stats: session 151 22964.22305398903 22646.559997931527 110012.28393554688 57.258056640625 23414.023551864877 903
stats: users_count 550 2305
stats: finish_users_count 151 1054
stats: request 2066 1621.1387612120354 805.0935450796894 4225.947021484375 1.088134765625 225.97991770043896 11727
stats: connect 550 1.33224520596591 1.0159605802762448 116.85498046875 0.64501953125 1.4258527701489618 1758
stats: page 1870 1772.5087027646637 1051.4424561069459 5683.27294921875 1.195068359375 257.41973706275854 10156
stats: tr_play_game__ready_page 138 1595.0993970788043 773.8842462391809 2883.267822265625 1.257080078125 215.86030081641263 611
stats: 302 86 574
stats: tr_play_game__leaderboard 37 1658.6117570206925 654.619124311137 2618.243896484375 1.2919921875 183.21856303729095 269
stats: 200 1621 12026
stats: tr_question_new_POST 43 1638.6513047329215 681.0635619521129 2760.344970703125 1.873046875 100.23649352002772 834
stats: size_rcv 4322035 36060852
stats: tr_quiz_new_POST 26 1877.7640662560095 493.8886335987152 2883.134033203125 13.733154296875 166.76204844417734 117
stats: newphase 1 7
stats: tr_search_all_users 27 1488.2930501302083 834.7426304831619 3380.77099609375 1.35205078125 427.50457578716856 132
stats: size_sent 1696651 12022175
stats: tr_friend_requests 24 1654.0484822591145 838.848402025814 3039.006103515625 2.163818359375 193.5748267540565 104
stats: connected 399 1250
stats: tr_friends 12 1389.1929728190105 927.6764806158891 2613.220947265625 1.90185546875 385.3493997325068 92
stats: 503 316 316
stats: tr_browse_quizzes_page_1 74 1644.6005727407094 918.1620888264182 4093.35205078125 1.287109375 360.7176332019624 336
stats: 404 38 872
stats: tr_play_game__1st_question 116 1456.4982931202856 856.3412206746935 2924.4990234375 1.5341796875 214.68591964430783 577
stats: 500 7 7
stats: tr_play_game__answer_to_question 93 1463.2493778351813 835.3100609485487 2932.919921875 1.323974609375 218.63047524104041 504
stats: tr_index 204 1617.979620241652 796.2913801096413 2958.498779296875 2.15283203125 221.8496338600336 688
stats: tr_quizzes_page_INDEX 36 1662.943122016059 679.2476012477455 2619.791015625 1.569091796875 222.54095079669844 177
stats: tr_quiz_questions_SHOW 38 1670.2166812294408 639.597133744319 2439.9921875 1.662841796875 104.41903564748337 827
# stats: dump at 1448594194
stats: users 1612 1615
stats: {recvpackets,"tsung_controller@ip-172-30-3-176"} 1 11429.0 0.0 11429 41 2539.4761904761904 21
stats: {sentpackets,"tsung_controller@ip-172-30-3-176"} 1 11192.0 0.0 11192 44 2404.7619047619046 21
stats: {cpu,"tsung_controller@ip-172-30-3-176"} 1 27.86729857819905 0.0 27.86729857819905 1.5763546798029555 6.820194969135399 22
stats: {load,"tsung_controller@ip-172-30-3-176"} 1 0.33984375 0.0 0.41015625 0.0 0.10227272727272728 22
stats: {freemem,"tsung_controller@ip-172-30-3-176"} 1 3023.16796875 0.0 3170.6953125 3023.16796875 3142.161931818182 22
stats: session 251 23368.474261158484 22619.147963503023 110012.28393554688 57.258056640625 23349.58344258665 1054
stats: users_count 612 2917
stats: finish_users_count 251 1305
stats: request 3303 1280.4760904060947 1106.1548324618025 4225.947021484375 1.088134765625 434.95535239158363 13793
stats: connect 614 1.347934586217427 1.1369314397067414 116.85498046875 0.64501953125 1.4035459415958083 2308
stats: page 2943 1434.534049694853 1314.8021446734174 6332.114013671875 1.179931640625 493.01065389816205 12026
stats: tr_play_game__ready_page 230 1377.4511071246607 1071.9195651599682 2885.61279296875 1.257080078125 469.9791196204314 749
stats: 302 99 673
stats: tr_play_game__leaderboard 69 1370.436664968297 1050.9302901391136 2731.875 1.2919921875 361.6157793032578 306
stats: 200 1657 13683
stats: tr_question_new_POST 154 936.6234083299513 1077.9247894733828 2760.344970703125 1.298095703125 175.66618209717075 877
stats: size_rcv 5408028 41468880
stats: tr_quiz_new_POST 17 1135.5322409237133 1215.6838817079476 2896.322021484375 1.9580078125 477.853324409965 143
stats: newphase 0 7
stats: tr_search_all_users 38 1608.7295114617598 1115.4816426427485 3380.77099609375 1.26806640625 607.6384676567413 159
stats: 422 24 24
stats: tr_friend_requests 28 1542.4786115373884 995.4217935526964 3039.006103515625 1.8388671875 467.4136371612549 128
stats: size_sent 2504352 14526527
stats: tr_friends 23 1299.2619204313858 1055.0460724896463 2812.48193359375 1.722900390625 501.17750431941107 104
stats: connected 361 1611
stats: tr_browse_quizzes_page_1 134 1645.1819940823227 1072.381894715668 4093.35205078125 1.287109375 592.4428466796875 410
stats: 503 1382 1698
stats: tr_play_game__1st_question 226 1319.8870115026964 1077.006962474576 2924.4990234375 1.369873046875 422.5506170804022 693
stats: 404 61 933
stats: tr_play_game__answer_to_question 159 1082.3611622936323 1079.7857566008186 2932.919921875 1.27294921875 412.5158319265599 597
stats: 500 79 86
stats: tr_index 229 1505.7882458549398 1005.2586112153759 2958.498779296875 2.14013671875 541.1439356782513 892
stats: tr_quizzes_page_INDEX 43 1219.6914914153342 1091.1696354769324 2619.791015625 1.569091796875 465.9892050872946 213
stats: tr_quiz_questions_SHOW 148 895.7589523727829 1088.5909278132278 2866.634033203125 1.22412109375 173.20552181177746 865
# stats: dump at 1448594204
stats: users 1937 1937
stats: {recvpackets,"tsung_controller@ip-172-30-3-176"} 1 13247.0 0.0 13247 41 2943.5454545454545 22
stats: {sentpackets,"tsung_controller@ip-172-30-3-176"} 1 13180.0 0.0 13180 44 2804.181818181818 22
stats: {cpu,"tsung_controller@ip-172-30-3-176"} 1 32.450331125827816 0.0 32.450331125827816 1.5763546798029555 7.735286430399036 23
stats: {load,"tsung_controller@ip-172-30-3-176"} 1 0.37109375 0.0 0.41015625 0.0 0.11260190217391304 23
stats: {freemem,"tsung_controller@ip-172-30-3-176"} 1 3000.72265625 0.0 3170.6953125 3000.72265625 3136.98828125 23
stats: session 324 26163.175748848615 22946.09452855653 110012.28393554688 24.953125 23353.21684907058 1305
stats: users_count 649 3566
stats: finish_users_count 324 1629
stats: request 4118 980.3250427690731 1047.4981131878133 4225.947021484375 1.088134765625 598.3125703175272 17096
stats: connect 612 1.3733731936785132 1.2559182719592088 116.85498046875 0.64501953125 1.3918603248256762 2922
stats: page 3602 1118.6216167341988 1250.534902628654 6332.114013671875 1.101806640625 678.1201036830282 14969
stats: tr_play_game__ready_page 236 904.7710126456568 1016.8101111727682 2885.61279296875 1.257080078125 683.1747857348059 979
stats: 302 159 832
stats: tr_play_game__leaderboard 78 989.7245499048474 1028.6731853898486 2731.875 1.2919921875 547.238822265625 375
stats: 200 1510 15193
stats: tr_question_new_POST 215 890.0839117005814 1023.2993558882529 2760.344970703125 1.298095703125 289.3300160834445 1031
stats: size_rcv 5404210 46873090
stats: tr_quiz_new_POST 45 992.5776475694446 1026.2188661428747 2896.322021484375 1.8720703125 547.7317092895507 160
stats: newphase 0 7
stats: tr_search_all_users 59 955.3289815611759 1047.444768896475 3380.77099609375 1.26806640625 800.7423238221764 197
stats: 422 60 84
stats: tr_friend_requests 45 925.0034450954861 990.7160256239962 3039.006103515625 1.23193359375 660.374017177484 156
stats: size_sent 3170751 17697278
stats: tr_friends 33 571.930908203125 937.3926571414346 2812.48193359375 1.364013671875 645.7124773160679 127
stats: connected 307 1918
stats: tr_browse_quizzes_page_1 126 1218.9543011377727 1101.7722938080262 4093.35205078125 1.25 851.7572690178366 544
stats: 503 2169 3867
stats: tr_play_game__1st_question 223 896.399219187921 992.0648347760948 2924.4990234375 1.175048828125 643.2231145117825 919
stats: 404 70 1003
stats: tr_play_game__answer_to_question 208 1000.6500819279591 986.5288640346241 2932.919921875 1.27294921875 553.3960006148727 756
stats: 500 151 237
stats: tr_index 260 1023.3208514873811 1020.7131470744521 2958.498779296875 1.9599609375 738.2032996661743 1121
stats: tr_quizzes_page_INDEX 73 962.5306680757706 983.0955199354587 2619.791015625 1.426025390625 592.5876359939575 256
stats: tr_quiz_questions_SHOW 210 918.0603294735863 1019.0308664119198 2866.634033203125 1.180908203125 278.77107731328664 1013
# stats: dump at 1448594214
stats: users 1784 1996
stats: {recvpackets,"tsung_controller@ip-172-30-3-176"} 1 14737.0 0.0 14737 41 3391.521739130435 23
stats: {sentpackets,"tsung_controller@ip-172-30-3-176"} 1 14828.0 0.0 14828 44 3255.304347826087 23
stats: {cpu,"tsung_controller@ip-172-30-3-176"} 1 36.20037807183365 0.0 36.20037807183365 1.5763546798029555 8.765079959375235 24
stats: {load,"tsung_controller@ip-172-30-3-176"} 1 0.390625 0.0 0.41015625 0.0 0.12337239583333333 24
stats: {freemem,"tsung_controller@ip-172-30-3-176"} 1 2986.42578125 0.0 3170.6953125 2986.42578125 3131.310546875 24
stats: session 272 34129.57073615578 25222.635827322294 141785.34497070313 24.953125 23912.10370206511 1629
stats: users_count 119 3685
stats: finish_users_count 272 1901
stats: request 3997 1060.307915201537 1023.9060707283433 4225.947021484375 1.088134765625 672.4677207632454 21214
stats: connect 159 1.3548560952240567 0.9072687841502929 116.85498046875 0.64501953125 1.3886588182433153 3534
stats: page 3417 1220.9752124745078 1256.8102709193683 6332.114013671875 1.093994140625 763.5590380436075 18571
stats: tr_play_game__ready_page 200 1022.3826818847656 992.661781738734 2885.61279296875 1.184814453125 726.2173450360083 1215
stats: 302 257 1089
stats: tr_play_game__leaderboard 87 973.3484728582974 1016.4497961429911 2731.875 1.27392578125 623.4284177531733 453
stats: 504 1 1
stats: tr_question_new_POST 268 969.0825587030668 981.9594763395288 2760.344970703125 1.248046875 392.9914025663373 1246
stats: 200 1370 16563
stats: tr_quiz_new_POST 39 1184.1892465444712 1001.3691021212727 2896.322021484375 1.8720703125 645.3808176924542 205
stats: size_rcv 5177886 52050976
stats: tr_search_all_users 64 1123.1204948425293 1040.8263792776474 3380.77099609375 1.26806640625 836.3697175979614 256
stats: newphase 0 7
stats: tr_friend_requests 39 1109.285412910657 1045.454808706929 3039.006103515625 1.199951171875 719.6194114874844 201
stats: 422 115 199
stats: tr_friends 29 919.488037109375 964.9245336203974 2812.48193359375 1.244873046875 630.4950286865235 160
stats: size_sent 3360611 21057889
stats: tr_browse_quizzes_page_1 82 1366.6859994283532 1020.7761208890297 4093.35205078125 1.25 920.8122332672575 670
stats: connected -127 1791
stats: tr_play_game__1st_question 238 998.1811205439207 1003.4754123238447 2924.4990234375 1.175048828125 692.6611804861948 1142
stats: 503 1889 5756
stats: tr_play_game__answer_to_question 225 1052.850112847222 993.9382064251588 2932.919921875 1.170166015625 649.8989559189412 964
stats: 404 86 1089
stats: tr_index 70 1159.6019391741072 925.1767498623698 2958.498779296875 1.9599609375 791.8822015296889 1381
stats: 500 278 515
stats: tr_quizzes_page_INDEX 66 816.902695164536 930.9023077920453 2619.791015625 1.15087890625 674.6722601336911 329
stats: tr_quiz_questions_SHOW 267 907.1425077174042 976.0539170501896 2866.634033203125 1.1630859375 388.542739581204 1223
# stats: dump at 1448594224
stats: users 1523 1996
stats: {recvpackets,"tsung_controller@ip-172-30-3-176"} 1 11342.0 0.0 14737 41 3864.25 24
stats: {sentpackets,"tsung_controller@ip-172-30-3-176"} 1 10463.0 0.0 14828 44 3737.5 24
stats: {cpu,"tsung_controller@ip-172-30-3-176"} 1 27.238454288407166 0.0 36.20037807183365 1.5763546798029555 9.862491883873572 25
stats: {load,"tsung_controller@ip-172-30-3-176"} 1 0.328125 0.0 0.41015625 0.0 0.1340625 25
stats: {freemem,"tsung_controller@ip-172-30-3-176"} 1 2982.21875 0.0 3170.6953125 2982.21875 3125.51515625 25
stats: session 261 45154.75222345697 18607.61019215882 141785.34497070313 24.953125 25374.045329246943 1901
stats: users_count 0 3685
stats: finish_users_count 261 2162
stats: request 3514 1204.4748528903401 923.5728329505476 4225.947021484375 1.088134765625 733.9566445334192 25211
stats: connect 0 0 0 116.85498046875 0.64501953125 1.3872034613627136 3693
stats: page 2918 1468.3374230931925 1255.7398369848167 6332.114013671875 1.093994140625 834.6428595840108 21988
stats: tr_play_game__ready_page 31 1408.1390262726813 931.421107499354 2885.61279296875 1.184814453125 768.078170032299 1415
stats: 302 453 1542
stats: tr_play_game__leaderboard 116 1047.8707485856683 911.7413427307463 2731.875 1.27392578125 679.8044266312211 540
stats: 504 0 1
stats: tr_question_new_POST 293 1092.0380484414998 901.1519994492472 2760.344970703125 1.248046875 494.96790840824184 1514
stats: 200 1206 17769
stats: tr_quiz_new_POST 59 1085.723227290784 904.4126191516461 2896.322021484375 1.60595703125 731.5018370581455 244
stats: size_rcv 4558083 56609059
stats: tr_search_all_users 74 1131.6478436444256 879.2195546691951 3380.77099609375 1.26806640625 893.719873046875 320
stats: newphase 0 7
stats: tr_friend_requests 65 1253.0826847956725 878.8885017621915 3039.006103515625 1.199951171875 782.94013671875 240
stats: 422 146 345
stats: tr_friends 52 1408.1585129957932 815.2528223874954 2812.48193359375 1.244873046875 674.8378712487599 189
stats: size_sent 3209184 24267073
stats: tr_browse_quizzes_page_1 2 2065.408447265625 326.16552734375 4093.35205078125 1.25 969.4314471305685 752
stats: connected -260 1531
stats: tr_play_game__1st_question 63 1288.9975043402778 877.835597160713 2924.4990234375 1.175048828125 745.352300583107 1380
stats: 503 1227 6983
stats: tr_play_game__answer_to_question 176 1282.5112054998224 860.4645422676408 2932.919921875 1.170166015625 726.1512774570934 1189
stats: 404 102 1191
stats: tr_index 0 0 0 2958.498779296875 1.9599609375 809.621954551818 1451
stats: 500 381 896
stats: tr_quizzes_page_INDEX 70 1344.3699323381697 855.244837061013 2619.791015625 1.15087890625 698.4373454806171 395
stats: tr_quiz_questions_SHOW 288 1070.5814319186738 887.7493007862755 2866.634033203125 1.158935546875 481.47303360292574 1490
# stats: dump at 1448594234
stats: users 1215 1996
stats: {recvpackets,"tsung_controller@ip-172-30-3-176"} 1 11569.0 0.0 14737 41 4163.36 25
stats: {sentpackets,"tsung_controller@ip-172-30-3-176"} 1 10165.0 0.0 14828 44 4006.52 25
stats: {cpu,"tsung_controller@ip-172-30-3-176"} 1 24.448705656759348 0.0 36.20037807183365 1.5763546798029555 10.530798130201788 26
stats: {load,"tsung_controller@ip-172-30-3-176"} 1 0.28125 0.0 0.41015625 0.0 0.14152644230769232 26
stats: {freemem,"tsung_controller@ip-172-30-3-176"} 1 2979.8359375 0.0 3170.6953125 2979.8359375 3120.0037560096152 26
stats: session 308 50015.952446479314 16602.9277611074 141785.34497070313 24.953125 27762.003007040104 2162
stats: users_count 0 3685
stats: finish_users_count 308 2470
stats: request 3388 1228.0917115554873 667.911517187169 4225.947021484375 1.088134765625 791.5162958533921 28725
stats: connect 1 4.844970703125 0.0 116.85498046875 0.64501953125 1.3872034613627136 3693
stats: page 2762 1510.9849800480004 963.9927952752606 6332.114013671875 1.093994140625 908.8868464273332 24906
stats: tr_play_game__ready_page 5 1578.642626953125 320.05099891659574 2885.61279296875 1.184814453125 781.8000832712007 1446
stats: 302 559 2101
stats: tr_play_game__leaderboard 174 1312.483242692619 578.618883092179 2731.875 1.27392578125 744.889325025605 656
stats: 504 0 1
stats: tr_question_new_POST 407 1095.5683923669758 700.2890375876738 2760.344970703125 1.248046875 591.7811629902809 1807
stats: 200 1400 19169
stats: tr_quiz_new_POST 61 1051.5114065701844 733.9271277902842 2896.322021484375 1.60595703125 800.475639116646 303
stats: size_rcv 5083180 61692239
stats: tr_search_all_users 66 1253.8863118489578 627.9024060008356 3380.77099609375 1.26806640625 938.4068522961612 394
stats: newphase 0 7
stats: tr_friend_requests 42 1422.8095993768598 542.4350445602398 3039.006103515625 1.199951171875 883.1344502433402 305
stats: 422 228 573
stats: tr_friends 54 1252.4558874059612 607.0331561651855 2812.48193359375 1.244873046875 833.0647317087007 241
stats: size_sent 3147769 27414842
stats: tr_browse_quizzes_page_1 0 0 0 4093.35205078125 1.25 972.3385479266827 754
stats: connected -307 1224
stats: tr_play_game__1st_question 7 1377.230712890625 625.8788114455102 2924.4990234375 1.175048828125 769.0873302689708 1443
stats: 503 674 7657
stats: tr_play_game__answer_to_question 64 1280.5640106201172 599.6534718197665 2932.919921875 1.170166015625 797.8870630508812 1365
stats: 404 130 1321
stats: tr_index 0 0 0 2958.498779296875 1.9599609375 809.621954551818 1451
stats: 500 396 1292
stats: tr_quizzes_page_INDEX 53 1383.5350641214623 652.7113339419446 2619.791015625 1.15087890625 795.674509093582 465
stats: tr_quiz_questions_SHOW 392 1049.1896050900818 695.2399593851741 2866.634033203125 1.158935546875 576.8966661760054 1778
# stats: dump at 1448594244
stats: users 906 1996
stats: {recvpackets,"tsung_controller@ip-172-30-3-176"} 1 12291.0 0.0 14737 41 4448.192307692307 26
stats: {sentpackets,"tsung_controller@ip-172-30-3-176"} 1 9881.0 0.0 14828 44 4243.384615384615 26
stats: {cpu,"tsung_controller@ip-172-30-3-176"} 1 23.033175355450236 0.0 36.20037807183365 1.5763546798029555 11.046276186740956 27
stats: {load,"tsung_controller@ip-172-30-3-176"} 1 0.23828125 0.0 0.41015625 0.0 0.1467013888888889 27
stats: {freemem,"tsung_controller@ip-172-30-3-176"} 1 2978.40234375 0.0 3170.6953125 2978.40234375 3114.812355324074 27
stats: session 309 55314.48614245171 14694.057736627185 141785.34497070313 24.953125 30536.98941487301 2470
stats: users_count 0 3685
stats: finish_users_count 309 2779
stats: request 3171 1056.9369712981186 440.1576211941508 4225.947021484375 1.088134765625 837.5760694154604 32113
stats: connect 3 1.2979329427083333 0.258842977669591 116.85498046875 0.64501953125 1.388139510967955 3694
stats: page 2507 1349.381123576641 735.2365389748888 6332.114013671875 1.093994140625 968.9922044243075 27668
stats: tr_play_game__ready_page 0 0 0 2885.61279296875 1.184814453125 784.5459224982233 1451
stats: 302 700 2801
stats: tr_play_game__leaderboard 182 1085.178207900498 410.8658595139262 2731.875 1.27392578125 863.8788933076054 830
stats: 504 0 1
stats: tr_question_new_POST 521 970.0806709040608 405.7862537409788 2760.344970703125 1.248046875 684.3924558341448 2214
stats: 200 1462 20631
stats: tr_quiz_new_POST 62 1072.5370975617448 339.9130369250759 2896.322021484375 1.60595703125 842.5448199261676 364
stats: size_rcv 5369652 67061891
stats: tr_search_all_users 40 1181.263543701172 529.7220993962267 3380.77099609375 1.26806640625 983.6712964928669 460
stats: newphase 0 7
stats: tr_friend_requests 17 1159.9308363970588 332.7314170910539 3039.006103515625 1.199951171875 948.4553616658411 347
stats: 422 326 899
stats: tr_friends 37 1156.2373706714527 405.2494806513822 2812.48193359375 1.244873046875 909.8346381753178 295
stats: size_sent 3017605 30432447
stats: tr_browse_quizzes_page_1 0 0 0 4093.35205078125 1.25 972.3385479266827 754
stats: connected -314 910
stats: tr_play_game__1st_question 1 1223.650146484375 0.0 2924.4990234375 1.175048828125 772.0231948747306 1450
stats: 503 110 7767
stats: tr_play_game__answer_to_question 13 916.8202561598557 149.34630922185846 2932.919921875 1.170166015625 819.5045050693775 1429
stats: 404 229 1550
stats: tr_index 0 0 0 2958.498779296875 1.9599609375 809.621954551818 1451
stats: 500 345 1637
stats: tr_quizzes_page_INDEX 20 1167.5517944335938 359.2343216455477 2619.791015625 1.15087890625 855.8224037199867 518
stats: tr_quiz_questions_SHOW 509 1003.3229716662588 409.5591529904505 2866.634033203125 1.158935546875 662.2141003024193 2170
# stats: dump at 1448594254
stats: users 550 1996
stats: {recvpackets,"tsung_controller@ip-172-30-3-176"} 1 13022.0 0.0 14737 41 4738.666666666665 27
stats: {sentpackets,"tsung_controller@ip-172-30-3-176"} 1 9724.0 0.0 14828 44 4452.185185185185 27
stats: {cpu,"tsung_controller@ip-172-30-3-176"} 1 20.057859209257472 0.0 36.20037807183365 1.5763546798029555 11.474379728480573 28
stats: {load,"tsung_controller@ip-172-30-3-176"} 1 0.19921875 0.0 0.41015625 0.0 0.14997209821428573 28
stats: {freemem,"tsung_controller@ip-172-30-3-176"} 1 2977.78515625 0.0 3170.6953125 2977.78515625 3109.9405691964284 28
stats: session 356 61361.55565583304 13697.0718709659 141785.34497070313 24.953125 33292.025934780104 2779
stats: users_count 0 3685
stats: finish_users_count 356 3135
stats: request 3090 757.8224965709686 251.26957522016212 4225.947021484375 1.088134765625 857.2902010295039 35284
stats: connect 2 1.5750732421875 0.1070556640625 116.85498046875 0.64501953125 1.3880663111560052 3697
stats: page 2357 1006.4165541430774 491.16133405613067 6332.114013671875 1.093994140625 1000.5956847992836 30175
stats: tr_play_game__ready_page 0 0 0 2885.61279296875 1.184814453125 784.5459224982233 1451
stats: 302 729 3530
stats: tr_play_game__leaderboard 207 760.0820678121225 240.17772565891616 2731.875 1.27392578125 903.6777819003984 1012
stats: 504 0 1
stats: tr_question_new_POST 648 729.6308703010463 243.06547734267963 2760.344970703125 1.248046875 738.8142328182129 2735
stats: 200 1467 22098
stats: tr_quiz_new_POST 42 816.6742059616815 212.92154757810616 2896.322021484375 1.60595703125 876.0178744177305 426
stats: size_rcv 5512379 72574270
stats: tr_search_all_users 25 864.207236328125 241.6034386180488 3380.77099609375 1.26806640625 999.4786762695312 500
stats: newphase 0 7
stats: tr_friend_requests 8 766.5425109863281 219.66370504270066 3039.006103515625 1.199951171875 958.3319635076837 364
stats: 422 353 1252
stats: tr_friends 25 741.99642578125 261.23905330897696 2812.48193359375 1.244873046875 937.2951836643449 332
stats: size_sent 2992127 33424574
stats: tr_browse_quizzes_page_1 0 0 0 4093.35205078125 1.25 972.3385479266827 754
stats: connected -350 560
stats: tr_play_game__1st_question 0 0 0 2924.4990234375 1.175048828125 772.3344470812156 1451
stats: 503 0 7767
stats: tr_play_game__answer_to_question 5 718.887451171875 136.0570473827341 2932.919921875 1.170166015625 820.381831535519 1442
stats: 404 325 1875
stats: tr_index 0 0 0 2958.498779296875 1.9599609375 809.621954551818 1451
stats: 500 216 1853
stats: tr_quizzes_page_INDEX 7 837.3603166852679 292.7429137955278 2619.791015625 1.15087890625 867.4108569063661 538
stats: tr_quiz_questions_SHOW 671 736.8770277134176 241.22961128664366 2866.634033203125 1.158935546875 727.0235125921521 2679
# stats: dump at 1448594264
stats: users 244 1996
stats: {recvpackets,"tsung_controller@ip-172-30-3-176"} 1 12335.0 0.0 14737 41 5034.499999999998 28
stats: {sentpackets,"tsung_controller@ip-172-30-3-176"} 1 8888.0 0.0 14828 44 4640.464285714285 28
stats: {cpu,"tsung_controller@ip-172-30-3-176"} 1 18.21668264621285 0.0 36.20037807183365 1.5763546798029555 11.770361779541846 29
stats: {load,"tsung_controller@ip-172-30-3-176"} 1 0.171875 0.0 0.41015625 0.0 0.15167025862068967 29
stats: {freemem,"tsung_controller@ip-172-30-3-176"} 1 2978.02734375 0.0 3170.6953125 2977.78515625 3105.3834859913795 29
stats: session 306 67583.32161059401 12238.356929674112 141785.34497070313 24.953125 36479.5068217641 3135
stats: users_count 0 3685
stats: finish_users_count 306 3441
stats: request 2469 290.6303491418593 257.6917457159237 4225.947021484375 1.088134765625 849.280736111151 38374
stats: connect 6 1.3294677734375 0.2642644463623001 116.85498046875 0.64501953125 1.3881674233111991 3699
stats: page 1820 407.10147973364514 407.9166950953005 6332.114013671875 1.093994140625 1001.0174169105378 32532
stats: tr_play_game__ready_page 0 0 0 2885.61279296875 1.184814453125 784.5459224982233 1451
stats: 302 674 4204
stats: tr_play_game__leaderboard 143 271.5951089925698 256.32555736771417 2731.875 1.27392578125 879.2936040363516 1219
stats: 504 0 1
stats: tr_question_new_POST 590 288.19394862288175 246.6234015060854 2760.344970703125 1.248046875 737.0551967818179 3383
stats: 200 1073 23171
stats: tr_quiz_new_POST 36 263.01893446180554 269.3868612707971 2896.322021484375 1.60595703125 870.6921605819313 468
stats: size_rcv 4373853 76948123
stats: tr_search_all_users 14 238.59205845424108 301.9629290774176 3380.77099609375 1.26806640625 993.0371791294643 525
stats: newphase 0 7
stats: tr_friend_requests 8 290.6906433105469 310.7926161448327 3039.006103515625 1.199951171875 954.2074591523858 372
stats: 422 330 1582
stats: tr_friends 12 327.31492106119794 286.01750794812574 2812.48193359375 1.244873046875 923.6188000590861 357
stats: size_sent 2411191 35835765
stats: tr_browse_quizzes_page_1 0 0 0 4093.35205078125 1.25 972.3385479266827 754
stats: connected -317 243
stats: tr_play_game__1st_question 0 0 0 2924.4990234375 1.175048828125 772.3344470812156 1451
stats: 503 0 7767
stats: tr_play_game__answer_to_question 3 555.9833984375 104.39920472796615 2932.919921875 1.170166015625 820.0311253144976 1447
stats: 404 285 2160
stats: tr_index 0 0 0 2958.498779296875 1.9599609375 809.621954551818 1451
stats: 500 106 1959
stats: tr_quizzes_page_INDEX 3 168.23543294270834 187.33267746204737 2619.791015625 1.15087890625 867.0248866649943 545
stats: tr_quiz_questions_SHOW 615 293.7580455252794 244.52245436599023 2866.634033203125 1.158935546875 728.9971569642025 3350
# stats: dump at 1448594274
stats: users 96 1996
stats: {recvpackets,"tsung_controller@ip-172-30-3-176"} 1 5353.0 0.0 14737 41 5286.241379310342 29
stats: {sentpackets,"tsung_controller@ip-172-30-3-176"} 1 4322.0 0.0 14828 44 4786.931034482759 29
stats: {cpu,"tsung_controller@ip-172-30-3-176"} 1 9.037328094302556 0.0 36.20037807183365 1.5763546798029555 11.985239141764213 30
stats: {load,"tsung_controller@ip-172-30-3-176"} 1 0.140625 0.0 0.41015625 0.0 0.15234375 30
stats: {freemem,"tsung_controller@ip-172-30-3-176"} 1 2978.83984375 0.0 3170.6953125 2977.78515625 3101.13828125 30
stats: session 148 76589.03746403877 12203.93569912282 141785.34497070313 24.953125 39245.49558240982 3441
stats: users_count 0 3685
stats: finish_users_count 148 3589
stats: request 977 61.72604348251979 104.31244802343328 4225.947021484375 1.088134765625 815.5097642083235 40843
stats: connect 5 1.39453125 0.18303709660981718 116.85498046875 0.64501953125 1.3880723631494605 3705
stats: page 720 87.69418199327252 154.88393411081213 6332.114013671875 1.093994140625 969.5512139045427 34352
stats: tr_play_game__ready_page 0 0 0 2885.61279296875 1.184814453125 784.5459224982233 1451
stats: 302 300 4504
stats: tr_play_game__leaderboard 52 87.57108717698317 133.3356445406967 2731.875 1.27392578125 815.4897238665566 1362
stats: 504 0 1
stats: tr_question_new_POST 227 58.45007377994225 96.08333453630712 2760.344970703125 1.248046875 670.398228140043 3973
stats: 200 402 23573
stats: tr_quiz_new_POST 21 23.455798921130953 42.708821593503686 2896.322021484375 1.60595703125 827.2869301447794 504
stats: size_rcv 1837227 78785350
stats: tr_search_all_users 7 91.57414899553571 81.57582903542924 3380.77099609375 1.26806640625 973.4412019690689 539
stats: newphase 0 7
stats: tr_friend_requests 2 10.5545654296875 1.9495849609375 3039.006103515625 1.199951171875 940.2386840820312 380
stats: 422 153 1735
stats: tr_friends 8 45.745361328125 70.8553645047349 2812.48193359375 1.244873046875 904.2268039941141 369
stats: size_sent 976480 36812245
stats: tr_browse_quizzes_page_1 0 0 0 4093.35205078125 1.25 972.3385479266827 754
stats: connected -154 89
stats: tr_play_game__1st_question 0 0 0 2924.4990234375 1.175048828125 772.3344470812156 1451
stats: 503 0 7767
stats: tr_play_game__answer_to_question 1 12.05615234375 0.0 2932.919921875 1.170166015625 819.484819672683 1450
stats: 404 91 2251
stats: tr_index 0 0 0 2958.498779296875 1.9599609375 809.621954551818 1451
stats: 500 30 1989
stats: tr_quizzes_page_INDEX 0 0 0 2619.791015625 1.15087890625 863.1993969548357 548
stats: tr_quiz_questions_SHOW 235 67.58536922373673 108.87236759039037 2866.634033203125 1.158935546875 661.4884423273961 3965
# stats: dump at 1448594284
stats: users 47 1996
stats: {recvpackets,"tsung_controller@ip-172-30-3-176"} 1 1898.0 0.0 14737 41 5288.466666666664 30
stats: {sentpackets,"tsung_controller@ip-172-30-3-176"} 1 1771.0 0.0 14828 44 4771.433333333333 30
stats: {cpu,"tsung_controller@ip-172-30-3-176"} 1 4.343534057255676 0.0 36.20037807183365 1.5763546798029555 11.890145237007385 31
stats: {load,"tsung_controller@ip-172-30-3-176"} 1 0.12109375 0.0 0.41015625 0.0 0.15196572580645162 31
stats: {freemem,"tsung_controller@ip-172-30-3-176"} 1 2994.92578125 0.0 3170.6953125 2977.78515625 3097.1931703629034 31
stats: session 49 84074.99503746814 10589.771793967831 141785.34497070313 24.953125 40785.435453817205 3589
stats: users_count 0 3685
stats: finish_users_count 49 3638
stats: request 341 13.891590107221402 10.223435799913064 4225.947021484375 1.088134765625 797.8998480163315 41820
stats: connect 5 1.5666015625 0.32886376185773375 116.85498046875 0.64501953125 1.3880810678487199 3710
stats: page 257 18.476665096060298 12.943785562450003 6332.114013671875 1.093994140625 951.4473970997949 35072
stats: tr_play_game__ready_page 0 0 0 2885.61279296875 1.184814453125 784.5459224982233 1451
stats: 302 22 4526
stats: tr_play_game__leaderboard 21 13.638148716517858 5.1587234274473275 2731.875 1.27392578125 788.7204387832059 1414
stats: 504 0 1
stats: tr_question_new_POST 72 10.34286838107639 3.8361700622740695 2760.344970703125 1.248046875 637.3238874162946 4200
stats: 200 227 23800
stats: tr_quiz_new_POST 9 19.06296115451389 6.058474260932117 2896.322021484375 1.60595703125 795.1336848958334 525
stats: size_rcv 880466 79665816
stats: tr_search_all_users 1 19.43212890625 0.0 3380.77099609375 1.26806640625 962.1352141104338 546
stats: newphase 0 7
stats: tr_friend_requests 0 0 0 3039.006103515625 1.199951171875 935.3712279634326 382
stats: 422 10 1745
stats: tr_friends 4 25.46624755859375 5.276930640729951 2812.48193359375 1.244873046875 886.0096911523956 377
stats: size_sent 345446 37157691
stats: tr_browse_quizzes_page_1 0 0 0 4093.35205078125 1.25 972.3385479266827 754
stats: connected -48 41
stats: tr_play_game__1st_question 0 0 0 2924.4990234375 1.175048828125 772.3344470812156 1451
stats: 503 0 7767
stats: tr_play_game__answer_to_question 0 0 0 2932.919921875 1.170166015625 818.9283560838967 1451
stats: 404 64 2315
stats: tr_index 0 0 0 2958.498779296875 1.9599609375 809.621954551818 1451
stats: 500 18 2007
stats: tr_quizzes_page_INDEX 2 11.7230224609375 2.3380126953125 2619.791015625 1.15087890625 863.1993969548357 548
stats: tr_quiz_questions_SHOW 72 13.015482584635414 5.456748653008571 2866.634033203125 1.158935546875 628.2581513323104 4200
# stats: dump at 1448594294
stats: users 28 1996
stats: {recvpackets,"tsung_controller@ip-172-30-3-176"} 1 486.0 0.0 14737 41 5179.0967741935465 31
stats: {sentpackets,"tsung_controller@ip-172-30-3-176"} 1 554.0 0.0 14828 44 4674.645161290323 31
stats: {cpu,"tsung_controller@ip-172-30-3-176"} 1 2.167487684729064 0.0 36.20037807183365 1.5763546798029555 11.654313637640143 32
stats: {load,"tsung_controller@ip-172-30-3-176"} 1 0.1015625 0.0 0.41015625 0.0 0.1510009765625 32
stats: {freemem,"tsung_controller@ip-172-30-3-176"} 1 3004.4921875 0.0 3170.6953125 2977.78515625 3093.997314453125 32
stats: session 19 98200.95149311266 14244.41036391721 141785.34497070313 24.953125 41368.49989021052 3638
stats: users_count 0 3685
stats: finish_users_count 19 3657
stats: request 195 11.402501502403844 5.588201593490155 4225.947021484375 1.088134765625 791.5587551592597 42161
stats: connect 4 2.05572509765625 1.1848584380554301 116.85498046875 0.64501953125 1.3883213376934727 3715
stats: page 141 15.814705923093971 7.470214614986118 6332.114013671875 1.093994140625 944.660522913575 35329
stats: tr_play_game__ready_page 0 0 0 2885.61279296875 1.184814453125 784.5459224982233 1451
stats: 302 51 4577
stats: tr_play_game__leaderboard 12 12.345235188802084 1.8611105409995157 2731.875 1.27392578125 777.3777711236934 1435
stats: 504 0 1
stats: tr_question_new_POST 48 9.853785196940104 3.4414730600429615 2760.344970703125 1.248046875 626.7567915898584 4272
stats: 200 89 23889
stats: tr_quiz_new_POST 6 13.7974853515625 6.202952461421478 2896.322021484375 1.60595703125 782.0538412372719 534
stats: size_rcv 447848 80113664
stats: tr_search_all_users 0 0 0 3380.77099609375 1.26806640625 960.4118081045762 547
stats: newphase 0 7
stats: tr_friend_requests 0 0 0 3039.006103515625 1.199951171875 935.3712279634326 382
stats: 422 28 1773
stats: tr_friends 0 0 0 2812.48193359375 1.244873046875 876.9751143167651 381
stats: size_sent 202615 37360306
stats: tr_browse_quizzes_page_1 0 0 0 4093.35205078125 1.25 972.3385479266827 754
stats: connected -18 23
stats: tr_play_game__1st_question 0 0 0 2924.4990234375 1.175048828125 772.3344470812156 1451
stats: 503 0 7767
stats: tr_play_game__answer_to_question 0 0 0 2932.919921875 1.170166015625 818.9283560838967 1451
stats: 404 24 2339
stats: tr_index 0 0 0 2958.498779296875 1.9599609375 809.621954551818 1451
stats: 500 3 2010
stats: tr_quizzes_page_INDEX 0 0 0 2619.791015625 1.15087890625 860.1031192294034 550
stats: tr_quiz_questions_SHOW 48 9.963821411132813 3.46329746114048 2866.634033203125 1.158935546875 617.8888928702709 4272
# stats: dump at 1448594304
stats: users 12 1996
stats: {recvpackets,"tsung_controller@ip-172-30-3-176"} 1 578.0 0.0 14737 41 5032.437499999998 32
stats: {sentpackets,"tsung_controller@ip-172-30-3-176"} 1 533.0 0.0 14828 44 4545.875 32
stats: {cpu,"tsung_controller@ip-172-30-3-176"} 1 1.5857284440039643 0.0 36.20037807183365 1.5763546798029555 11.366834063309504 33
stats: {load,"tsung_controller@ip-172-30-3-176"} 1 0.08984375 0.0 0.41015625 0.0 0.1495028409090909 33
stats: {freemem,"tsung_controller@ip-172-30-3-176"} 1 3024.69921875 0.0 3170.6953125 2977.78515625 3091.285037878788 33
stats: session 16 102496.1923828125 8735.374858451156 141785.34497070313 24.953125 41663.77377056467 3657
stats: users_count 0 3685
stats: finish_users_count 16 3673
stats: request 128 12.175037384033203 14.914076377255578 4225.947021484375 1.088134765625 787.9670451426603 42356
stats: connect 4 1.42681884765625 0.21206669211129903 116.85498046875 0.64501953125 1.3890391691104802 3719
stats: page 91 17.171829391311814 18.740373006379038 6332.114013671875 1.093994140625 940.9681840301339 35470
stats: tr_play_game__ready_page 0 0 0 2885.61279296875 1.184814453125 784.5459224982233 1451
stats: 302 35 4612
stats: tr_play_game__leaderboard 4 12.4710693359375 1.616366878489118 2731.875 1.27392578125 771.0333409708124 1447
stats: 504 0 1
stats: tr_question_new_POST 32 9.017143249511719 2.514881086038544 2760.344970703125 1.248046875 619.9023137410481 4320
stats: 200 58 23947
stats: tr_quiz_new_POST 4 16.5093994140625 4.017226662328068 2896.322021484375 1.60595703125 773.5176595052085 540
stats: size_rcv 267476 80381140
stats: tr_search_all_users 0 0 0 3380.77099609375 1.26806640625 960.4118081045762 547
stats: newphase 0 7
stats: tr_friend_requests 0 0 0 3039.006103515625 1.199951171875 935.3712279634326 382
stats: 422 18 1791
stats: tr_friends 0 0 0 2812.48193359375 1.244873046875 876.9751143167651 381
stats: size_sent 135260 37495566
stats: tr_browse_quizzes_page_1 0 0 0 4093.35205078125 1.25 972.3385479266827 754
stats: connected -14 9
stats: tr_play_game__1st_question 0 0 0 2924.4990234375 1.175048828125 772.3344470812156 1451
stats: 503 0 7767
stats: tr_play_game__answer_to_question 0 0 0 2932.919921875 1.170166015625 818.9283560838967 1451
stats: 404 16 2355
stats: tr_index 0 0 0 2958.498779296875 1.9599609375 809.621954551818 1451
stats: 500 1 2011
stats: tr_quizzes_page_INDEX 0 0 0 2619.791015625 1.15087890625 860.1031192294034 550
stats: tr_quiz_questions_SHOW 32 9.355934143066404 2.4416550176598766 2866.634033203125 1.158935546875 611.1341698540583 4320
# stats: dump at 1448594314
stats: users 6 1996
stats: {recvpackets,"tsung_controller@ip-172-30-3-176"} 1 194.0 0.0 14737 41 4897.454545454544 33
stats: {sentpackets,"tsung_controller@ip-172-30-3-176"} 1 243.0 0.0 14828 44 4424.272727272727 33
stats: {cpu,"tsung_controller@ip-172-30-3-176"} 1 1.2833168805528135 0.0 36.20037807183365 1.2833168805528135 11.079154486271106 34
stats: {load,"tsung_controller@ip-172-30-3-176"} 1 0.1484375 0.0 0.41015625 0.0 0.14774816176470587 34
stats: {freemem,"tsung_controller@ip-172-30-3-176"} 1 3032.28125 0.0 3170.6953125 2977.78515625 3089.3266314338234 34
stats: session 6 113209.71997070313 7225.758855796861 141785.34497070313 24.953125 41928.766609605234 3673
stats: users_count 0 3685
stats: finish_users_count 6 3679
stats: request 58 12.089477539062498 4.774125765720042 4225.947021484375 1.088134765625 785.6296621986554 42484
stats: connect 1 1.55908203125 0.0 116.85498046875 0.64501953125 1.389079759686409 3723
stats: page 40 17.582940673828126 7.854228139987682 6332.114013671875 1.093994140625 938.6042047193122 35561
stats: tr_play_game__ready_page 0 0 0 2885.61279296875 1.184814453125 784.5459224982233 1451
stats: 302 18 4630
stats: tr_play_game__leaderboard 0 0 0 2731.875 1.27392578125 768.942197561757 1451
stats: 504 0 1
stats: tr_question_new_POST 16 10.3353271484375 1.8034882111063608 2760.344970703125 1.248046875 615.4105110168457 4352
stats: 200 23 23970
stats: tr_quiz_new_POST 2 16.6904296875 5.508544921875 2896.322021484375 1.60595703125 767.9514222986559 544
stats: size_rcv 114815 80495955
stats: tr_search_all_users 0 0 0 3380.77099609375 1.26806640625 960.4118081045762 547
stats: newphase 0 7
stats: tr_friend_requests 0 0 0 3039.006103515625 1.199951171875 935.3712279634326 382
stats: 422 9 1800
stats: tr_friends 1 8.360107421875 0.0 2812.48193359375 1.244873046875 876.9751143167651 381
stats: size_sent 62517 37558083
stats: tr_browse_quizzes_page_1 0 0 0 4093.35205078125 1.25 972.3385479266827 754
stats: connected -6 3
stats: tr_play_game__1st_question 0 0 0 2924.4990234375 1.175048828125 772.3344470812156 1451
stats: 503 0 7767
stats: tr_play_game__answer_to_question 0 0 0 2932.919921875 1.170166015625 818.9283560838967 1451
stats: 404 8 2363
stats: tr_index 0 0 0 2958.498779296875 1.9599609375 809.621954551818 1451
stats: 500 0 2011
stats: tr_quizzes_page_INDEX 1 19.43505859375 0.0 2619.791015625 1.15087890625 860.1031192294034 550
stats: tr_quiz_questions_SHOW 16 11.849716186523438 3.9675982138434627 2866.634033203125 1.158935546875 606.7093298855951 4352
# stats: dump at 1448594324
stats: users 3 1996
stats: {recvpackets,"tsung_controller@ip-172-30-3-176"} 1 345.0 0.0 14737 41 4759.117647058822 34
stats: {sentpackets,"tsung_controller@ip-172-30-3-176"} 1 350.0 0.0 14828 44 4301.294117647059 34
stats: {cpu,"tsung_controller@ip-172-30-3-176"} 1 1.5763546798029555 0.0 36.20037807183365 1.2833168805528135 10.799273411822012 35
stats: {load,"tsung_controller@ip-172-30-3-176"} 1 0.12109375 0.0 0.41015625 0.0 0.14776785714285715 35
stats: {freemem,"tsung_controller@ip-172-30-3-176"} 1 3047.03515625 0.0 3170.6953125 2977.78515625 3087.696763392857 35
stats: session 3 126284.92496744792 12962.660093178858 141785.34497070313 24.953125 42045.01714512211 3679
stats: users_count 0 3685
stats: finish_users_count 3 3682
stats: request 75 11.716282552083333 6.05072889069484 4225.947021484375 1.088134765625 784.5750495638414 42542
stats: connect 2 5.4788818359375 3.7359619140625 116.85498046875 0.64501953125 1.3891254101352715 3724
stats: page 49 17.99843052455357 6.988234592877776 6332.114013671875 1.093994140625 937.5693784346062 35601
stats: tr_play_game__ready_page 0 0 0 2885.61279296875 1.184814453125 784.5459224982233 1451
stats: 302 17 4647
stats: tr_play_game__leaderboard 0 0 0 2731.875 1.27392578125 768.942197561757 1451
stats: 504 0 1
stats: tr_question_new_POST 23 9.252590013586957 3.7891888009580605 2760.344970703125 1.248046875 613.1941184019431 4368
stats: 200 34 24004
stats: tr_quiz_new_POST 3 17.121907552083332 5.907513149806658 2896.322021484375 1.60595703125 765.1995505308495 546
stats: size_rcv 168311 80664266
stats: tr_search_all_users 0 0 0 3380.77099609375 1.26806640625 960.4118081045762 547
stats: newphase 0 7
stats: tr_friend_requests 0 0 0 3039.006103515625 1.199951171875 935.3712279634326 382
stats: 422 9 1809
stats: tr_friends 0 0 0 2812.48193359375 1.244873046875 874.7012530421712 382
stats: size_sent 82041 37640124
stats: tr_browse_quizzes_page_1 0 0 0 4093.35205078125 1.25 972.3385479266827 754
stats: connected -1 2
stats: tr_play_game__1st_question 0 0 0 2924.4990234375 1.175048828125 772.3344470812156 1451
stats: 503 0 7767
stats: tr_play_game__answer_to_question 0 0 0 2932.919921875 1.170166015625 818.9283560838967 1451
stats: 404 15 2378
stats: tr_index 0 0 0 2958.498779296875 1.9599609375 809.621954551818 1451
stats: 500 0 2011
stats: tr_quizzes_page_INDEX 0 0 0 2619.791015625 1.15087890625 858.577405870718 551
stats: tr_quiz_questions_SHOW 23 9.481700067934783 3.5467732996906545 2866.634033203125 1.158935546875 604.5303569416425 4368
# stats: dump at 1448594334
stats: users 2 1996
stats: {recvpackets,"tsung_controller@ip-172-30-3-176"} 1 172.0 0.0 14737 41 4632.999999999998 35
stats: {sentpackets,"tsung_controller@ip-172-30-3-176"} 1 137.0 0.0 14828 44 4188.4 35
stats: {cpu,"tsung_controller@ip-172-30-3-176"} 1 1.1846001974333662 0.0 36.20037807183365 1.1846001974333662 10.543081224821483 36
stats: {load,"tsung_controller@ip-172-30-3-176"} 1 0.109375 0.0 0.41015625 0.0 0.1470269097222222 36
stats: {freemem,"tsung_controller@ip-172-30-3-176"} 1 3070.0390625 0.0 3170.6953125 2977.78515625 3086.5672743055557 36
stats: session 1 128832.9638671875 0.0 141785.34497070313 24.953125 42113.653680555835 3682
stats: users_count 0 3685
stats: finish_users_count 1 3683
stats: request 29 13.365007071659482 6.4294106298199445 4225.947021484375 1.088134765625 783.2149254930274 42617
stats: connect 1 1.14208984375 0.0 116.85498046875 0.64501953125 1.3913206631818642 3726
stats: page 19 20.46866005345395 5.0931359711518125 6332.114013671875 1.093994140625 936.305452026539 35650
stats: tr_play_game__ready_page 0 0 0 2885.61279296875 1.184814453125 784.5459224982233 1451
stats: 302 0 4647
stats: tr_play_game__leaderboard 0 0 0 2731.875 1.27392578125 768.942197561757 1451
stats: 504 0 1
stats: tr_question_new_POST 9 6.923909505208333 2.0569207899370694 2760.344970703125 1.248046875 610.0306806536097 4391
stats: 200 20 24024
stats: tr_quiz_new_POST 1 16.867919921875 0.0 2896.322021484375 1.60595703125 761.1116945582879 549
stats: size_rcv 83868 80748134
stats: tr_search_all_users 0 0 0 3380.77099609375 1.26806640625 960.4118081045762 547
stats: newphase 0 7
stats: tr_friend_requests 0 0 0 3039.006103515625 1.199951171875 935.3712279634326 382
stats: 422 0 1809
stats: tr_friends 0 0 0 2812.48193359375 1.244873046875 874.7012530421712 382
stats: size_sent 30673 37670797
stats: tr_browse_quizzes_page_1 0 0 0 4093.35205078125 1.25 972.3385479266827 754
stats: connected -1 1
stats: tr_play_game__1st_question 0 0 0 2924.4990234375 1.175048828125 772.3344470812156 1451
stats: 503 0 7767
stats: tr_play_game__answer_to_question 0 0 0 2932.919921875 1.170166015625 818.9283560838967 1451
stats: 404 9 2387
stats: tr_index 0 0 0 2958.498779296875 1.9599609375 809.621954551818 1451
stats: 500 0 2011
stats: tr_quizzes_page_INDEX 0 0 0 2619.791015625 1.15087890625 858.577405870718 551
stats: tr_quiz_questions_SHOW 9 12.354085286458334 4.371257064930469 2866.634033203125 1.158935546875 601.4134999368382 4391
# stats: dump at 1448594342
stats: users 0 1996
stats: {recvpackets,"tsung_controller@ip-172-30-3-176"} 1 131.0 0.0 14737 41 4509.083333333332 36
stats: {sentpackets,"tsung_controller@ip-172-30-3-176"} 1 169.0 0.0 14828 44 4075.8611111111113 36
stats: {cpu,"tsung_controller@ip-172-30-3-176"} 1 1.282051282051282 0.0 36.20037807183365 1.1846001974333662 10.290149305162345 37
stats: {load,"tsung_controller@ip-172-30-3-176"} 1 0.08984375 0.0 0.41015625 0.0 0.14600929054054054 37
stats: {freemem,"tsung_controller@ip-172-30-3-176"} 1 3070.921875 0.0 3170.6953125 2977.78515625 3086.1205658783783 37
stats: session 2 134913.6190185547 2155.2730712890625 141785.34497070313 24.953125 42137.199515523695 3683
stats: users_count 0 3685
stats: finish_users_count 2 3685
stats: request 27 14.811867042824074 9.256573677489968 4225.947021484375 1.088134765625 782.6914145509878 42646
stats: connect 1 1.533935546875 0.0 116.85498046875 0.64501953125 1.3912537914835996 3727
stats: page 18 22.28293185763889 9.851356417098096 6332.114013671875 1.093994140625 935.8176082673226 35669
stats: tr_play_game__ready_page 0 0 0 2885.61279296875 1.184814453125 784.5459224982233 1451
stats: 302 0 4647
stats: tr_play_game__leaderboard 0 0 0 2731.875 1.27392578125 768.942197561757 1451
stats: 504 0 1
stats: tr_question_new_POST 8 11.2640380859375 3.3654185248594897 2760.344970703125 1.248046875 608.7970531671698 4400
stats: 200 19 24043
stats: tr_quiz_new_POST 1 19.0810546875 0.0 2896.322021484375 1.60595703125 759.758524058949 550
stats: size_rcv 87884 80836018
stats: tr_search_all_users 0 0 0 3380.77099609375 1.26806640625 960.4118081045762 547
stats: newphase 0 7
stats: tr_friend_requests 0 0 0 3039.006103515625 1.199951171875 935.3712279634326 382
stats: 422 0 1809
stats: tr_friends 0 0 0 2812.48193359375 1.244873046875 874.7012530421712 382
stats: size_sent 29214 37700011
stats: tr_browse_quizzes_page_1 0 0 0 4093.35205078125 1.25 972.3385479266827 754
stats: connected -1 0
stats: tr_play_game__1st_question 0 0 0 2924.4990234375 1.175048828125 772.3344470812156 1451
stats: 503 0 7767
stats: tr_play_game__answer_to_question 0 0 0 2932.919921875 1.170166015625 818.9283560838967 1451
stats: 404 8 2395
stats: tr_index 0 0 0 2958.498779296875 1.9599609375 809.621954551818 1451
stats: 500 0 2011
stats: tr_quizzes_page_INDEX 0 0 0 2619.791015625 1.15087890625 858.577405870718 551
stats: tr_quiz_questions_SHOW 8 10.845794677734375 1.0212193901201894 2866.634033203125 1.158935546875 600.2086056795988 4400
EndMonitor:{1448,594342,390787}
