# stats: dump at 1448599883
stats: users 10 10
stats: {freemem,"tsung_controller@ip-172-30-3-25"} 1 3170.97265625 0 3170.97265625 3170.97265625 0 0
stats: {load,"tsung_controller@ip-172-30-3-25"} 1 0.078125 0 0.078125 0.078125 0 0
stats: {cpu,"tsung_controller@ip-172-30-3-25"} 1 5.467764947906298 0 5.467764947906298 5.467764947906298 0 0
stats: users_count 10 10
stats: finish_users_count 0 0
stats: request 20 42.04305419921875 82.08174394509155 368.412841796875 3.97900390625 0 0
stats: connect 9 12.993977864583334 34.62247669372642 110.9208984375 0.5791015625 0 0
stats: page 18 46.722262912326386 85.9633305742094 368.412841796875 3.97900390625 0 0
stats: tr_friend_requests 1 29.147216796875 0 29.147216796875 29.147216796875 0 0
stats: 302 5 5
stats: tr_browse_quizzes_page_1 3 5.289632161458333 1.3650322823516725 7.18896484375 4.041015625 0 0
stats: 200 15 15
stats: tr_index 4 15.04296875 15.51149705696238 41.906982421875 5.8310546875 0 0
stats: size_rcv 29031 29031
stats: size_sent 8334 8334
stats: connected 9 9
# stats: dump at 1448599893
stats: users 16 16
stats: {freemem,"tsung_controller@ip-172-30-3-25"} 1 3169.6015625 0.0 3170.97265625 3169.6015625 3170.97265625 1
stats: {load,"tsung_controller@ip-172-30-3-25"} 1 0.0703125 0.0 0.078125 0.0703125 0.078125 1
stats: {recvpackets,"tsung_controller@ip-172-30-3-25"} 1 175 0 175 175 0 0
stats: {sentpackets,"tsung_controller@ip-172-30-3-25"} 1 226 0 226 226 0 0
stats: {cpu,"tsung_controller@ip-172-30-3-25"} 1 2.753195673549656 0.0 5.467764947906298 2.753195673549656 5.467764947906298 1
stats: session 2 14404.446044921875 2077.4609375 16481.906982421875 12326.985107421875 0 0
stats: users_count 8 18
stats: finish_users_count 2 2
stats: request 63 15.22970145089285 31.94306004924705 368.412841796875 3.829833984375 42.04305419921875 20
stats: connect 7 0.7861676897321429 0.0452236542083857 110.9208984375 0.5791015625 12.993977864583334 9
stats: page 53 18.13114957989387 34.424714480292145 368.412841796875 3.829833984375 46.722262912326386 18
stats: tr_play_game__ready_page 5 14.5080078125 10.100327815505153 34.468994140625 7.722900390625 0 0
stats: 302 5 10
stats: tr_quiz_new_POST 1 12.629150390625 0 12.629150390625 12.629150390625 0 0
stats: 200 50 65
stats: tr_question_new_POST 8 4.67388916015625 0.35401170919303143 5.59912109375 4.447021484375 0 0
stats: size_rcv 145164 174195
stats: tr_friend_requests 0 0 0 29.147216796875 29.147216796875 29.147216796875 1
stats: size_sent 68226 76560
stats: tr_friends 1 38.925048828125 0 38.925048828125 38.925048828125 0 0
stats: connected 5 14
stats: tr_search_all_users 1 57.998046875 0 57.998046875 57.998046875 0 0
stats: 404 8 8
stats: tr_browse_quizzes_page_1 5 4.34521484375 0.295200645617681 7.18896484375 3.9130859375 5.289632161458333 3
stats: tr_play_game__1st_question 4 77.01568603515625 101.63908837164416 252.158935546875 8.875 0 0
stats: tr_play_game__answer_to_question 3 14.159016927083334 4.5026357593387765 20.526123046875 10.90087890625 0 0
stats: tr_index 4 7.80621337890625 0.810409853740304 41.906982421875 5.8310546875 15.04296875 4
stats: tr_quizzes_page_INDEX 1 13.926025390625 0 13.926025390625 13.926025390625 0 0
stats: tr_quiz_questions_SHOW 8 7.79144287109375 0.09423683837418532 7.93505859375 7.678955078125 0 0
# stats: dump at 1448599903
stats: users 28 28
stats: {freemem,"tsung_controller@ip-172-30-3-25"} 1 3164.7734375 0.0 3170.97265625 3164.7734375 3170.287109375 2
stats: {load,"tsung_controller@ip-172-30-3-25"} 1 0.05859375 0.0 0.078125 0.05859375 0.07421875 2
stats: {recvpackets,"tsung_controller@ip-172-30-3-25"} 1 293.0 0.0 293 175 175.0 1
stats: {sentpackets,"tsung_controller@ip-172-30-3-25"} 1 263.0 0.0 263 226 226.0 1
stats: {cpu,"tsung_controller@ip-172-30-3-25"} 1 1.483679525222552 0.0 5.467764947906298 1.483679525222552 4.1104803107279775 2
stats: session 0 0 0 16481.906982421875 12326.985107421875 14404.446044921875 2
stats: users_count 12 30
stats: finish_users_count 0 2
stats: request 76 11.585066945929276 15.422877436996261 368.412841796875 3.56201171875 21.690750305911138 83
stats: connect 14 0.7470703125 0.06300936627991297 110.9208984375 0.5791015625 7.6530609130859375 16
stats: page 73 12.063275898972602 16.756260745603768 368.412841796875 3.56201171875 25.379600847271128 71
stats: tr_play_game__ready_page 10 8.311328125 0.9298304587330759 34.468994140625 7.335205078125 14.5080078125 5
stats: 302 13 23
stats: tr_quiz_new_POST 0 0 0 12.629150390625 12.629150390625 12.629150390625 1
stats: 200 63 128
stats: tr_question_new_POST 0 0 0 5.59912109375 4.447021484375 4.67388916015625 8
stats: size_rcv 108965 283160
stats: tr_friend_requests 1 11.3369140625 0.0 29.147216796875 11.3369140625 29.147216796875 1
stats: size_sent 123773 200333
stats: tr_friends 0 0 0 38.925048828125 38.925048828125 38.925048828125 1
stats: connected 14 28
stats: tr_search_all_users 0 0 0 57.998046875 57.998046875 57.998046875 1
stats: 404 0 8
stats: tr_browse_quizzes_page_1 10 4.18125 0.5171770745923655 7.18896484375 3.614013671875 4.699371337890625 8
stats: tr_play_game__1st_question 10 9.328173828125 1.0108649863130033 252.158935546875 8.72998046875 77.01568603515625 4
stats: tr_play_game__answer_to_question 6 12.067097981770834 1.70543515969387 20.526123046875 10.43798828125 14.159016927083334 3
stats: tr_index 10 6.410107421875 0.15347238955865003 41.906982421875 5.8310546875 11.424591064453125 8
stats: tr_quizzes_page_INDEX 1 8.56201171875 0.0 13.926025390625 8.56201171875 13.926025390625 1
stats: tr_quiz_questions_SHOW 0 0 0 7.93505859375 7.678955078125 7.79144287109375 8
# stats: dump at 1448599913
stats: users 42 42
stats: {freemem,"tsung_controller@ip-172-30-3-25"} 1 3160.9140625 0.0 3170.97265625 3160.9140625 3168.44921875 3
stats: {load,"tsung_controller@ip-172-30-3-25"} 1 0.05078125 0.0 0.078125 0.05078125 0.06901041666666667 3
stats: {recvpackets,"tsung_controller@ip-172-30-3-25"} 1 371.0 0.0 371 175 234.0 2
stats: {sentpackets,"tsung_controller@ip-172-30-3-25"} 1 362.0 0.0 362 226 244.5 2
stats: {cpu,"tsung_controller@ip-172-30-3-25"} 1 1.9743336623889436 0.0 5.467764947906298 1.483679525222552 3.2348800488928355 3
stats: session 2 25362.073608398438 3534.2606201171875 28896.334228515625 12326.985107421875 14404.446044921875 2
stats: users_count 16 46
stats: finish_users_count 2 4
stats: request 90 15.384179687499994 19.898753093487837 368.412841796875 3.56201171875 16.860360775353772 159
stats: connect 16 0.6969451904296875 0.06271870724750708 110.9208984375 0.574951171875 4.430265299479166 30
stats: page 83 16.684958584337345 21.82028182903627 368.412841796875 3.56201171875 18.628963894314236 144
stats: tr_play_game__ready_page 6 8.361572265625 0.7738374260528456 34.468994140625 7.335205078125 10.376888020833333 15
stats: 302 12 35
stats: tr_quiz_new_POST 0 0 0 12.629150390625 12.629150390625 12.629150390625 1
stats: 200 78 206
stats: tr_question_new_POST 0 0 0 5.59912109375 4.447021484375 4.67388916015625 8
stats: size_rcv 173377 456537
stats: tr_play_game__leaderboard 1 10.455810546875 0 10.455810546875 10.455810546875 0 0
stats: newphase 1 1
stats: tr_friend_requests 4 21.4327392578125 22.688852454101752 60.73095703125 8.289794921875 20.2420654296875 2
stats: size_sent 143010 343343
stats: tr_friends 2 34.3604736328125 0.5604248046875 38.925048828125 33.800048828125 38.925048828125 1
stats: connected 14 42
stats: tr_search_all_users 2 57.4019775390625 2.6170654296875 60.01904296875 54.784912109375 57.998046875 1
stats: 404 0 8
stats: tr_browse_quizzes_page_1 7 4.388776506696429 0.4025103528507882 7.18896484375 3.614013671875 4.411526150173611 18
stats: tr_play_game__1st_question 6 9.204752604166666 0.43655453807500494 252.158935546875 8.537109375 28.667463030133927 14
stats: tr_play_game__answer_to_question 8 10.9466552734375 0.7592482288334912 20.526123046875 10.18115234375 12.764404296875 9
stats: tr_index 9 6.903998480902778 0.697593355757977 41.906982421875 5.8310546875 8.63876681857639 18
stats: tr_quizzes_page_INDEX 0 0 0 13.926025390625 8.56201171875 11.2440185546875 2
stats: tr_quiz_questions_SHOW 0 0 0 7.93505859375 7.678955078125 7.79144287109375 8
# stats: dump at 1448599923
stats: users 54 54
stats: {freemem,"tsung_controller@ip-172-30-3-25"} 1 3160.17578125 0.0 3170.97265625 3160.17578125 3166.5654296875 4
stats: {load,"tsung_controller@ip-172-30-3-25"} 1 0.0390625 0.0 0.078125 0.0390625 0.064453125 4
stats: {recvpackets,"tsung_controller@ip-172-30-3-25"} 1 465.0 0.0 465 175 279.6666666666667 3
stats: {sentpackets,"tsung_controller@ip-172-30-3-25"} 1 426.0 0.0 426 226 283.6666666666667 3
stats: {cpu,"tsung_controller@ip-172-30-3-25"} 1 2.1653543307086616 0.0 5.467764947906298 1.483679525222552 2.9197434522668626 4
stats: session 5 34834.82373046875 6078.863342668743 42035.630126953125 12326.985107421875 19883.259826660156 4
stats: users_count 17 63
stats: finish_users_count 5 9
stats: request 142 14.78897997359155 31.798673781554978 368.412841796875 3.503173828125 16.326801346009034 249
stats: connect 16 0.8030242919921875 0.43448993255596313 110.9208984375 0.574951171875 3.131719174592391 46
stats: page 127 16.548424427903544 33.74135034810078 368.412841796875 3.503173828125 17.9181601906663 227
stats: tr_play_game__ready_page 10 7.8665283203125 0.6119976732959338 34.468994140625 7.282958984375 9.801083519345237 21
stats: 302 15 50
stats: tr_quiz_new_POST 1 11.69189453125 0.0 12.629150390625 11.69189453125 12.629150390625 1
stats: 200 119 325
stats: tr_question_new_POST 8 5.44189453125 1.147379472153847 7.674072265625 4.447021484375 4.67388916015625 8
stats: size_rcv 284150 740687
stats: tr_play_game__leaderboard 2 8.9053955078125 0.6815185546875 10.455810546875 8.223876953125 10.455810546875 1
stats: newphase 0 1
stats: tr_friend_requests 2 9.053955078125 0.990966796875 60.73095703125 8.06298828125 21.035847981770832 6
stats: size_sent 234159 577502
stats: tr_friends 3 34.545247395833336 2.60618138008236 38.925048828125 32.6298828125 35.881998697916664 3
stats: connected 11 53
stats: tr_search_all_users 2 58.73193359375 1.31201171875 60.0439453125 54.784912109375 57.600667317708336 3
stats: 404 8 16
stats: tr_browse_quizzes_page_1 12 31.9581298828125 92.96256992846781 340.278076171875 3.551025390625 4.40515625 25
stats: tr_play_game__1st_question 8 9.168365478515625 1.1044561913996778 252.158935546875 8.48193359375 22.82864990234375 20
stats: tr_play_game__answer_to_question 6 11.1068115234375 1.3691995021261345 20.526123046875 10.10205078125 11.908992991727942 17
stats: tr_index 10 8.292626953125 3.423927709041934 41.906982421875 5.8310546875 8.060510706018519 27
stats: tr_quizzes_page_INDEX 2 8.259521484375 0.243408203125 13.926025390625 8.01611328125 11.2440185546875 2
stats: tr_quiz_questions_SHOW 8 8.986663818359375 1.880952779039128 12.350830078125 7.678955078125 7.79144287109375 8
# stats: dump at 1448599933
stats: users 59 61
stats: {freemem,"tsung_controller@ip-172-30-3-25"} 1 3155.25 0.0 3170.97265625 3155.25 3165.2875 5
stats: {load,"tsung_controller@ip-172-30-3-25"} 1 0.0390625 0.0 0.078125 0.0390625 0.059375 5
stats: {recvpackets,"tsung_controller@ip-172-30-3-25"} 1 887.0 0.0 887 175 326.0 4
stats: {sentpackets,"tsung_controller@ip-172-30-3-25"} 1 756.0 0.0 756 226 319.25 4
stats: {cpu,"tsung_controller@ip-172-30-3-25"} 1 2.5742574257425743 0.0 5.467764947906298 1.483679525222552 2.7688656279552224 5
stats: session 7 33667.4629952567 6289.989493006305 45015.73388671875 12326.985107421875 28189.68421766493 9
stats: users_count 12 75
stats: finish_users_count 7 16
stats: request 179 14.315343760911313 36.19270925910335 457.81005859375 3.503173828125 15.768308673673273 391
stats: connect 13 0.7549203725961539 0.07478063279919289 110.9208984375 0.574951171875 2.530765656502016 62
stats: page 153 16.766068601919933 39.783395038808074 463.971923828125 3.503173828125 17.4267578125 354
stats: tr_play_game__ready_page 7 8.032331194196429 0.4480259545795645 34.468994140625 7.282958984375 9.17703345514113 31
stats: 302 13 63
stats: tr_quiz_new_POST 2 12.0880126953125 0.0860595703125 12.629150390625 11.69189453125 12.1605224609375 2
stats: 200 150 475
stats: tr_question_new_POST 16 4.8560638427734375 0.84392344921103 8.098876953125 4.447021484375 5.057891845703125 16
stats: size_rcv 349194 1089881
stats: tr_play_game__leaderboard 4 10.456787109375 2.3587154262275045 14.502197265625 8.223876953125 9.422200520833334 3
stats: newphase 0 1
stats: tr_friend_requests 1 10.9580078125 0.0 60.73095703125 8.06298828125 18.040374755859375 8
stats: size_sent 289659 867161
stats: tr_friends 1 32.38623046875 0.0 38.925048828125 32.38623046875 35.213623046875 6
stats: connected 7 60
stats: tr_search_all_users 1 53.593017578125 0.0 60.0439453125 53.593017578125 58.053173828125 5
stats: 404 16 32
stats: tr_browse_quizzes_page_1 6 4.065226236979167 0.48379172650078045 340.278076171875 3.551025390625 13.341255806587839 37
stats: tr_play_game__1st_question 8 9.501739501953125 1.3507754368075044 252.158935546875 8.48193359375 18.925711495535715 28
stats: tr_play_game__answer_to_question 6 11.509521484375 2.3071856391834134 20.526123046875 10.10205078125 11.699728260869565 23
stats: tr_index 6 7.302652994791667 1.3367801906056356 41.906982421875 5.8310546875 8.123244826858109 37
stats: tr_quizzes_page_INDEX 5 10.03525390625 3.0223158955568667 16.033203125 8.01611328125 9.75177001953125 4
stats: tr_quiz_questions_SHOW 16 8.204925537109375 0.9416241685432124 12.350830078125 7.673095703125 8.389053344726563 16
# stats: dump at 1448599943
stats: users 73 74
stats: {freemem,"tsung_controller@ip-172-30-3-25"} 1 3153.0625 0.0 3170.97265625 3153.0625 3163.6145833333335 6
stats: {load,"tsung_controller@ip-172-30-3-25"} 1 0.03125 0.0 0.078125 0.03125 0.055989583333333336 6
stats: {recvpackets,"tsung_controller@ip-172-30-3-25"} 1 748.0 0.0 887 175 438.2 5
stats: {sentpackets,"tsung_controller@ip-172-30-3-25"} 1 653.0 0.0 756 226 406.6 5
stats: {cpu,"tsung_controller@ip-172-30-3-25"} 1 2.6600985221674875 0.0 5.467764947906298 1.483679525222552 2.7364309275864476 6
stats: session 9 34552.012993706594 12005.870149743638 53115.364990234375 9959.259033203125 30586.212432861328 16
stats: users_count 23 98
stats: finish_users_count 9 25
stats: request 203 12.637868495997532 15.570635544241863 457.81005859375 3.482177734375 15.312026709841009 570
stats: connect 22 0.7083629261363634 0.06660276200952504 110.9208984375 0.574951171875 2.2229524739583333 75
stats: page 176 14.593171553178268 17.30460029289839 463.971923828125 3.482177734375 17.22737822824211 507
stats: tr_play_game__ready_page 8 8.009368896484375 0.6933604273989574 34.468994140625 7.282958984375 8.966167249177632 38
stats: 302 14 77
stats: tr_quiz_new_POST 2 12.7188720703125 0.9710693359375 13.68994140625 11.69189453125 12.124267578125 4
stats: 200 173 648
stats: tr_question_new_POST 16 4.8926544189453125 1.1332536092397054 9.2421875 4.418212890625 4.956977844238281 32
stats: size_rcv 445989 1535870
stats: tr_play_game__leaderboard 6 9.607950846354166 1.6144194042910371 14.502197265625 8.223876953125 10.013392857142858 7
stats: newphase 1 2
stats: tr_friend_requests 1 8.086181640625 0.0 60.73095703125 8.06298828125 17.25344509548611 9
stats: size_sent 314386 1181547
stats: tr_friends 3 33.272705078125 1.6400216703805253 38.925048828125 32.10888671875 34.80970982142857 7
stats: connected 13 73
stats: tr_search_all_users 3 58.906412760416664 0.28474021999468635 60.0439453125 53.593017578125 57.309814453125 6
stats: 404 16 48
stats: tr_browse_quizzes_page_1 8 4.201873779296875 0.4863465307575119 340.278076171875 3.531005859375 12.046926099200581 43
stats: tr_play_game__1st_question 8 9.482879638671875 1.2054045523343828 252.158935546875 8.48193359375 16.831495496961807 36
stats: tr_play_game__answer_to_question 8 11.205657958984375 1.09940855951943 20.526123046875 10.10205078125 11.660375134698276 29
stats: tr_index 12 6.897013346354167 1.5281939659123487 41.906982421875 5.81982421875 8.008743640988373 43
stats: tr_quizzes_page_INDEX 6 8.216552734375 0.26561037659128534 16.033203125 7.72900390625 9.909261067708334 9
stats: tr_quiz_questions_SHOW 16 8.130889892578125 0.9198134083998045 12.350830078125 7.549072265625 8.296989440917969 32
# stats: dump at 1448599953
stats: users 72 74
stats: {freemem,"tsung_controller@ip-172-30-3-25"} 1 3150.77734375 0.0 3170.97265625 3150.77734375 3162.1071428571427 7
stats: {load,"tsung_controller@ip-172-30-3-25"} 1 0.03125 0.0 0.078125 0.03125 0.052455357142857144 7
stats: {recvpackets,"tsung_controller@ip-172-30-3-25"} 1 1123.0 0.0 1123 175 489.8333333333333 6
stats: {sentpackets,"tsung_controller@ip-172-30-3-25"} 1 973.0 0.0 973 226 447.6666666666667 6
stats: {cpu,"tsung_controller@ip-172-30-3-25"} 1 3.631010794896958 0.0 5.467764947906298 1.483679525222552 2.725526298240882 7
stats: session 14 41450.228463309155 17188.535795499447 70065.4951171875 9959.259033203125 32013.900634765625 25
stats: users_count 13 111
stats: finish_users_count 14 39
stats: request 285 13.02143126370614 27.943103856144294 457.81005859375 3.482177734375 14.609757476451326 773
stats: connect 13 0.6950871394230769 0.03518902957780784 110.9208984375 0.574951171875 1.8794373187822164 97
stats: page 230 16.162718665081535 31.358289952018808 463.971923828125 3.482177734375 16.548578265121705 683
stats: tr_play_game__ready_page 9 8.036431206597221 1.1893089346388663 34.468994140625 7.282958984375 8.799767535665762 46
stats: 302 17 94
stats: tr_quiz_new_POST 5 11.700537109375 0.3330975668312973 13.68994140625 11.06689453125 12.322469075520834 6
stats: 200 228 876
stats: tr_question_new_POST 40 5.174359130859374 1.3134035053427127 10.83203125 4.418212890625 4.935536702473958 48
stats: size_rcv 589055 2124925
stats: tr_play_game__leaderboard 7 9.301478794642858 1.2066093369041007 14.502197265625 8.223876953125 9.826265775240385 13
stats: newphase 0 2
stats: tr_friend_requests 3 8.792805989583334 1.1549305360813038 60.73095703125 7.879150390625 16.33671875 10
stats: size_sent 441743 1623290
stats: tr_friends 0 0 0 38.925048828125 32.10888671875 34.3486083984375 10
stats: connected -2 71
stats: tr_search_all_users 1 53.787109375 0.0 60.0439453125 53.593017578125 57.842013888888886 9
stats: 404 40 88
stats: tr_browse_quizzes_page_1 7 4.509835379464286 1.243526656904541 340.278076171875 3.531005859375 10.816329656862745 51
stats: tr_play_game__1st_question 9 10.437879774305555 1.5523285388808632 252.158935546875 8.48193359375 15.495383522727273 44
stats: tr_play_game__answer_to_question 10 17.780908203125 19.403002458991192 75.85205078125 10.10205078125 11.562057907516891 37
stats: tr_index 4 6.4044189453125 0.2311475101379756 41.906982421875 5.81982421875 7.766184303977273 55
stats: tr_quizzes_page_INDEX 2 8.634521484375 0.190673828125 16.033203125 7.72900390625 9.232177734375 15
stats: tr_quiz_questions_SHOW 40 9.358270263671873 4.219758792635812 30.864990234375 7.549072265625 8.241622924804688 48
# stats: dump at 1448599963
stats: users 80 81
stats: {freemem,"tsung_controller@ip-172-30-3-25"} 1 3150.80859375 0.0 3170.97265625 3150.77734375 3160.69091796875 8
stats: {load,"tsung_controller@ip-172-30-3-25"} 1 0.01953125 0.0 0.078125 0.01953125 0.0498046875 8
stats: {recvpackets,"tsung_controller@ip-172-30-3-25"} 1 1150.0 0.0 1150 175 580.2857142857143 7
stats: {sentpackets,"tsung_controller@ip-172-30-3-25"} 1 987.0 0.0 987 226 522.7142857142857 7
stats: {cpu,"tsung_controller@ip-172-30-3-25"} 1 3.7254901960784315 0.0 5.467764947906298 1.483679525222552 2.8387118603228916 8
stats: session 8 38818.05709838867 15500.684428837705 70065.4951171875 9959.259033203125 35401.300368088945 39
stats: users_count 16 127
stats: finish_users_count 8 47
stats: request 213 11.594934024721244 13.920164590460484 457.81005859375 3.482177734375 14.181900226326205 1058
stats: connect 17 0.6683565027573529 0.07085395020938771 110.9208984375 0.549072265625 1.7394686612215908 110
stats: page 183 13.51250720414959 16.15900237896668 463.971923828125 3.482177734375 16.45137376565923 913
stats: tr_play_game__ready_page 9 8.81564670138889 1.303258398433415 34.468994140625 7.282958984375 8.674857954545455 55
stats: 302 15 109
stats: tr_quiz_new_POST 2 12.556396484375 1.007568359375 13.68994140625 11.06689453125 12.039772727272727 11
stats: 200 182 1058
stats: tr_question_new_POST 16 4.8072357177734375 0.9144208440771975 10.83203125 4.418212890625 5.044092351740056 88
stats: size_rcv 421847 2546772
stats: tr_play_game__leaderboard 5 8.870458984375 0.7739687642095816 14.502197265625 8.223876953125 9.64259033203125 20
stats: newphase 0 2
stats: tr_friend_requests 7 8.032156808035714 0.4426658148953558 60.73095703125 7.23193359375 14.595815805288462 13
stats: size_sent 358465 1981755
stats: tr_friends 6 34.741984049479164 5.97937025951384 48.093994140625 31.68798828125 34.3486083984375 10
stats: connected 9 80
stats: tr_search_all_users 1 56.751953125 0.0 60.0439453125 53.593017578125 57.4365234375 10
stats: 404 16 104
stats: tr_browse_quizzes_page_1 9 4.221923828125 0.5838400592625254 340.278076171875 3.531005859375 10.055201037176724 58
stats: tr_play_game__1st_question 7 9.726632254464286 2.0124012490201446 252.158935546875 8.48193359375 14.63656213148585 53
stats: tr_play_game__answer_to_question 6 11.769490559895834 2.188613423937276 75.85205078125 10.10205078125 12.88521754488032 47
stats: tr_index 10 6.4667236328125 0.3658562906784065 41.906982421875 5.81982421875 7.67386122881356 59
stats: tr_quizzes_page_INDEX 2 9.656494140625 0.714599609375 16.033203125 7.72900390625 9.161865234375 17
stats: tr_quiz_questions_SHOW 16 7.77032470703125 0.10553606851911125 30.864990234375 7.549072265625 8.749189897017045 88
# stats: dump at 1448599973
stats: users 97 97
stats: {freemem,"tsung_controller@ip-172-30-3-25"} 1 3148.41015625 0.0 3170.97265625 3148.41015625 3159.5928819444443 9
stats: {load,"tsung_controller@ip-172-30-3-25"} 1 0.01953125 0.0 0.078125 0.01953125 0.046440972222222224 9
stats: {recvpackets,"tsung_controller@ip-172-30-3-25"} 1 1187.0 0.0 1187 175 651.5 8
stats: {sentpackets,"tsung_controller@ip-172-30-3-25"} 1 1041.0 0.0 1041 226 580.75 8
stats: {cpu,"tsung_controller@ip-172-30-3-25"} 1 3.543307086614173 0.0 5.467764947906298 1.483679525222552 2.9372427865179516 9
stats: session 19 41839.98045590049 19030.905265518682 85985.61596679688 9959.259033203125 35982.87598175698 47
stats: users_count 36 163
stats: finish_users_count 19 66
stats: request 290 13.487256701239229 17.6021255632895 457.81005859375 3.473876953125 13.74836458435779 1271
stats: connect 36 0.6622111002604166 0.05505581231722456 110.9208984375 0.549072265625 1.5960914431594488 127
stats: page 248 15.788998511529735 19.919374571180477 463.971923828125 3.473876953125 15.960668856210082 1096
stats: tr_play_game__ready_page 8 8.233795166015625 1.042553979484006 34.468994140625 7.282958984375 8.694656372070313 64
stats: 302 27 136
stats: tr_quiz_new_POST 3 11.803059895833334 0.3274425089544156 13.68994140625 11.06689453125 12.119253305288462 13
stats: 200 239 1297
stats: tr_question_new_POST 24 5.021504720052081 1.029361049470005 10.83203125 4.389892578125 5.007652869591345 104
stats: size_rcv 619570 3166342
stats: tr_play_game__leaderboard 16 9.739654541015625 3.482779314836927 22.865966796875 8.0439453125 9.4881640625 25
stats: newphase 1 3
stats: tr_friend_requests 7 11.611572265625 7.0829175545241245 60.73095703125 7.23193359375 12.29853515625 20
stats: size_sent 433138 2414893
stats: tr_friends 1 39.135986328125 0.0 48.093994140625 31.68798828125 34.496124267578125 16
stats: connected 17 97
stats: tr_search_all_users 5 56.389013671875 2.2411269313385422 60.0439453125 53.093017578125 57.37428977272727 11
stats: 404 24 128
stats: tr_browse_quizzes_page_1 13 3.981764573317307 0.49771052846027086 340.278076171875 3.51904296875 9.27162648670709 67
stats: tr_play_game__1st_question 9 9.00851779513889 0.5723361506824655 252.158935546875 8.48193359375 14.063736979166666 60
stats: tr_play_game__answer_to_question 9 11.302001953125 0.9950317905210067 75.85205078125 10.10205078125 12.758908829599056 53
stats: tr_index 17 6.545266544117647 0.8524558689286645 41.906982421875 5.81982421875 7.498913751132246 69
stats: tr_quizzes_page_INDEX 6 8.408528645833334 0.2532972678437295 16.033203125 7.72900390625 9.213931435032896 19
stats: tr_quiz_questions_SHOW 24 8.395060221354168 1.2056741083975142 30.864990234375 7.51123046875 8.598595252403847 104
# stats: dump at 1448599983
stats: users 110 110
stats: {freemem,"tsung_controller@ip-172-30-3-25"} 1 3150.2421875 0.0 3170.97265625 3148.41015625 3158.474609375 10
stats: {load,"tsung_controller@ip-172-30-3-25"} 1 0.01953125 0.0 0.078125 0.01953125 0.04375 10
stats: {recvpackets,"tsung_controller@ip-172-30-3-25"} 1 1544.0 0.0 1544 175 711.0 9
stats: {sentpackets,"tsung_controller@ip-172-30-3-25"} 1 1325.0 0.0 1325 226 631.8888888888889 9
stats: {cpu,"tsung_controller@ip-172-30-3-25"} 1 4.322200392927308 0.0 5.467764947906298 1.483679525222552 2.997849216527574 10
stats: session 28 43192.38439069475 19452.869958816886 85985.61596679688 7339.47998046875 37669.01211825284 66
stats: users_count 41 204
stats: finish_users_count 28 94
stats: request 487 12.717640087589835 15.611033239514247 457.81005859375 3.473876953125 13.699856393387652 1561
stats: connect 39 0.678955078125 0.0577614911469347 110.9208984375 0.549072265625 1.3898356619056749 163
stats: page 391 15.868277703404727 17.77771806232479 463.971923828125 3.473876953125 15.9289915902274 1344
stats: tr_play_game__ready_page 17 8.443660960477942 1.3713780795203914 34.468994140625 7.282958984375 8.64344957139757 72
stats: 302 35 171
stats: tr_quiz_new_POST 8 12.558135986328125 1.5986238382072435 16.765869140625 11.06689453125 12.059967041015625 16
stats: 200 388 1685
stats: tr_question_new_POST 64 4.943157196044921 0.8676460344249365 10.83203125 4.389892578125 5.010250091552733 128
stats: size_rcv 1159619 4325961
stats: tr_play_game__leaderboard 7 9.762241908482142 1.0264179874416408 22.865966796875 8.0439453125 9.586306688262194 41
stats: newphase 0 3
stats: tr_friend_requests 7 9.986188616071429 2.653592400192009 60.73095703125 7.23193359375 12.120433666087964 27
stats: size_sent 631710 3046603
stats: tr_friends 11 38.14117986505682 6.41575587287505 49.677001953125 31.643798828125 34.76905732996323 17
stats: connected 11 108
stats: tr_search_all_users 9 59.98887803819444 8.843180584641518 83.943115234375 53.093017578125 57.06639099121094 16
stats: 404 64 192
stats: tr_browse_quizzes_page_1 22 4.489202325994318 0.9891852800821674 340.278076171875 3.51904296875 8.41202392578125 80
stats: tr_play_game__1st_question 16 9.616943359375 1.452624750168164 252.158935546875 8.48193359375 13.404360563858695 69
stats: tr_play_game__answer_to_question 13 12.234957181490385 1.7802984255499177 75.85205078125 10.10205078125 12.547422347530242 62
stats: tr_index 22 7.473255504261363 1.4862107469512897 41.906982421875 5.81982421875 7.310402093931686 86
stats: tr_quizzes_page_INDEX 3 8.359619140625 0.3487504748087104 16.033203125 7.72900390625 9.020634765625001 25
stats: tr_quiz_questions_SHOW 64 8.263351440429688 1.019673808748397 30.864990234375 7.4970703125 8.560432434082031 128
# stats: dump at 1448599993
stats: users 129 131
stats: {freemem,"tsung_controller@ip-172-30-3-25"} 1 3141.5234375 0.0 3170.97265625 3141.5234375 3157.7262073863635 11
stats: {load,"tsung_controller@ip-172-30-3-25"} 1 0.01171875 0.0 0.078125 0.01171875 0.041548295454545456 11
stats: {recvpackets,"tsung_controller@ip-172-30-3-25"} 1 2313.0 0.0 2313 175 794.3 10
stats: {sentpackets,"tsung_controller@ip-172-30-3-25"} 1 1985.0 0.0 1985 226 701.2 10
stats: {cpu,"tsung_controller@ip-172-30-3-25"} 1 5.511811023622047 0.0 5.511811023622047 1.483679525222552 3.118244778018459 11
stats: session 23 36517.71990701426 18532.012887246616 85985.61596679688 4626.202880859375 39314.271944086606 94
stats: users_count 42 246
stats: finish_users_count 23 117
stats: request 437 13.484365502538616 16.63431928623739 457.81005859375 3.473876953125 13.466292262077332 2048
stats: connect 44 0.6625532670454546 0.09940317162376319 110.9208984375 0.52587890625 1.2525864402846534 202
stats: page 378 15.60645758411871 18.613828976691646 463.971923828125 3.473876953125 15.915309094695605 1735
stats: tr_play_game__ready_page 30 8.203483072916667 0.9733231975569832 34.468994140625 7.220947265625 8.605287701896067 89
stats: 302 37 208
stats: tr_quiz_new_POST 4 13.70654296875 1.806110448627252 16.765869140625 11.06689453125 12.226023356119791 24
stats: 200 368 2053
stats: tr_question_new_POST 32 5.0502471923828125 0.9895532651435445 10.83203125 4.389892578125 4.987885793050129 192
stats: size_rcv 993937 5319898
stats: tr_play_game__leaderboard 10 9.5115478515625 1.5679590345612942 22.865966796875 8.0439453125 9.611963907877604 48
stats: newphase 0 3
stats: tr_friend_requests 11 8.528009588068182 0.9607033572772886 60.73095703125 7.23193359375 11.6810302734375 34
stats: size_sent 648579 3695182
stats: tr_friends 9 38.6142578125 8.350456091549466 58.576171875 31.643798828125 36.093819754464285 28
stats: connected 21 129
stats: tr_search_all_users 10 57.253125 3.349783501817463 83.943115234375 53.093017578125 58.118486328125 25
stats: 404 32 224
stats: tr_browse_quizzes_page_1 23 4.256889011548913 0.7768491837581577 340.278076171875 3.51904296875 7.565925149356618 102
stats: tr_play_game__1st_question 27 9.278600622106481 1.10253850928044 252.158935546875 8.4609375 12.691434972426471 85
stats: tr_play_game__answer_to_question 16 11.520172119140625 1.509902880932527 75.85205078125 10.10205078125 12.49326171875 75
stats: tr_index 23 6.847868546195652 1.0036925068905411 41.906982421875 5.81982421875 7.34357593677662 108
stats: tr_quizzes_page_INDEX 5 8.160498046875 0.2067298047720534 16.033203125 7.72900390625 8.949811662946429 28
stats: tr_quiz_questions_SHOW 32 8.440170288085936 1.2019549692712854 30.864990234375 7.4970703125 8.461405436197916 192
# stats: dump at 1448600003
stats: users 193 194
stats: {freemem,"tsung_controller@ip-172-30-3-25"} 1 3135.98828125 0.0 3170.97265625 3135.98828125 3156.3759765625 12
stats: {load,"tsung_controller@ip-172-30-3-25"} 1 0.01171875 0.0 0.078125 0.01171875 0.0390625 12
stats: {recvpackets,"tsung_controller@ip-172-30-3-25"} 1 2228.0 0.0 2313 175 932.3636363636364 11
stats: {sentpackets,"tsung_controller@ip-172-30-3-25"} 1 1933.0 0.0 1985 226 817.9090909090909 11
stats: {cpu,"tsung_controller@ip-172-30-3-25"} 1 5.118110236220472 0.0 5.511811023622047 1.483679525222552 3.3177086318187574 12
stats: session 18 45793.59042697483 22579.48664348066 90426.44702148438 4626.202880859375 38764.522398337336 117
stats: users_count 82 328
stats: finish_users_count 18 135
stats: request 550 13.297458718039772 17.031551349111744 457.81005859375 3.473876953125 13.469470534142355 2485
stats: connect 81 0.6770170235339504 0.09982790256166459 110.9208984375 0.505126953125 1.1470520515752032 246
stats: page 485 15.092685345521907 19.19468496274687 463.971923828125 3.473876953125 15.860057854280052 2113
stats: tr_play_game__ready_page 27 8.722050419560187 1.6718073288460005 34.468994140625 7.220947265625 8.503992417279411 119
stats: 302 56 264
stats: tr_quiz_new_POST 4 12.3388671875 0.5426506098424763 16.765869140625 11.06689453125 12.437526157924108 28
stats: 200 462 2515
stats: tr_question_new_POST 32 5.849205017089844 2.600952009942788 18.843017578125 4.389892578125 4.99679456438337 224
stats: size_rcv 1076009 6395907
stats: tr_play_game__leaderboard 11 9.179865056818182 0.9637272978967636 22.865966796875 8.0439453125 9.594650794719827 58
stats: newphase 1 4
stats: tr_friend_requests 6 8.645548502604166 0.5321171997198951 60.73095703125 7.23193359375 10.910291883680555 45
stats: size_sent 835839 4531021
stats: tr_friends 8 38.11212158203125 8.766804398829759 60.14404296875 31.643798828125 36.7068992820946 37
stats: connected 63 192
stats: tr_search_all_users 6 58.2437744140625 4.529057188657164 83.943115234375 53.093017578125 57.871240234375 35
stats: 404 32 256
stats: tr_browse_quizzes_page_1 35 4.424511718750001 1.5830844553524834 340.278076171875 3.51904296875 6.9570625 125
stats: tr_play_game__1st_question 27 10.124665436921296 2.979150809953596 252.158935546875 8.4609375 11.868698120117188 112
stats: tr_play_game__answer_to_question 30 11.3802734375 1.9553494236041622 75.85205078125 10.072021484375 12.322169041895604 91
stats: tr_index 38 8.295802066200658 8.369577364610835 58.320068359375 5.713134765625 7.256543341483779 131
stats: tr_quizzes_page_INDEX 8 8.86895751953125 0.9614248803688117 16.033203125 7.72900390625 8.830218690814394 33
stats: tr_quiz_questions_SHOW 32 10.123832702636717 3.7177215528133654 30.864990234375 7.4970703125 8.458371843610491 224
# stats: dump at 1448600013
stats: users 244 244
stats: {freemem,"tsung_controller@ip-172-30-3-25"} 1 3118.29296875 0.0 3170.97265625 3118.29296875 3154.8076923076924 13
stats: {load,"tsung_controller@ip-172-30-3-25"} 1 0.01171875 0.0 0.078125 0.01171875 0.036959134615384616 13
stats: {recvpackets,"tsung_controller@ip-172-30-3-25"} 1 2854.0 0.0 2854 175 1040.3333333333333 12
stats: {sentpackets,"tsung_controller@ip-172-30-3-25"} 1 2572.0 0.0 2572 226 910.8333333333334 12
stats: {cpu,"tsung_controller@ip-172-30-3-25"} 1 8.649173955296405 0.0 8.649173955296405 1.483679525222552 3.456201062926582 13
stats: session 32 30862.84838867188 11512.259130262004 90426.44702148438 4626.202880859375 39701.73146882234 135
stats: users_count 83 411
stats: finish_users_count 32 167
stats: request 783 14.950110814276018 22.97988810138929 457.81005859375 3.473876953125 13.438298705853583 3035
stats: connect 84 0.6473911830357141 0.05586717523092177 110.9208984375 0.505126953125 1.0306213565558104 327
stats: page 669 17.514409041012705 25.625892897312255 463.971923828125 3.473876953125 15.716803171159306 2598
stats: tr_play_game__ready_page 30 9.281160481770833 2.1160437479729093 34.468994140625 7.220947265625 8.544318212221746 146
stats: 302 80 344
stats: tr_quiz_new_POST 7 13.535574776785714 3.6841210725434945 22.544921875 11.06689453125 12.425193786621094 32
stats: 200 647 3162
stats: tr_question_new_POST 56 5.306971958705357 1.2543427382280135 18.843017578125 4.389892578125 5.103345870971679 256
stats: size_rcv 1637171 8033078
stats: tr_play_game__leaderboard 15 9.732698567708333 1.721058687597615 22.865966796875 7.982177734375 9.528525532155797 69
stats: newphase 0 4
stats: tr_friend_requests 19 12.833316200657896 14.08017305730382 72.087890625 7.23193359375 10.643851485906863 51
stats: size_sent 1119405 5650426
stats: tr_friends 11 35.35316051136363 1.8534849415960457 60.14404296875 31.643798828125 36.95671657986111 45
stats: connected 51 243
stats: tr_search_all_users 11 60.04030539772727 5.445433700697916 83.943115234375 53.093017578125 57.92575743140244 41
stats: 404 56 312
stats: tr_browse_quizzes_page_1 40 4.356927490234375 0.7916817325671597 340.278076171875 3.51904296875 6.403067016601563 160
stats: tr_play_game__1st_question 33 10.734611742424242 2.183028420436829 252.158935546875 8.4609375 11.529929181654676 139
stats: tr_play_game__answer_to_question 30 12.0099609375 1.7597332525856832 75.85205078125 10.072021484375 12.08864120609504 121
stats: tr_index 42 7.115618024553571 1.3880962334744358 58.320068359375 5.713134765625 7.490222818047338 169
stats: tr_quizzes_page_INDEX 15 9.385319010416667 1.5010347809590614 16.033203125 7.72900390625 8.837777486661585 41
stats: tr_quiz_questions_SHOW 56 8.86145455496652 1.2892296315224003 30.864990234375 7.4970703125 8.66655445098877 256
# stats: dump at 1448600023
stats: users 274 279
stats: {freemem,"tsung_controller@ip-172-30-3-25"} 1 3110.5546875 0.0 3170.97265625 3110.5546875 3152.1994977678573 14
stats: {load,"tsung_controller@ip-172-30-3-25"} 1 0.01171875 0.0 0.078125 0.01171875 0.03515625 14
stats: {recvpackets,"tsung_controller@ip-172-30-3-25"} 1 3769.0 0.0 3769 175 1179.8461538461538 13
stats: {sentpackets,"tsung_controller@ip-172-30-3-25"} 1 3251.0 0.0 3251 226 1038.6153846153845 13
stats: {cpu,"tsung_controller@ip-172-30-3-25"} 1 9.961315280464216 0.0 9.961315280464216 1.483679525222552 3.827127698095855 14
stats: session 46 29282.432749872623 13848.903450419566 90426.44702148438 3793.131103515625 38008.05327382345 167
stats: users_count 76 487
stats: finish_users_count 46 213
stats: request 997 14.123399005610581 20.975675485707754 457.81005859375 3.473876953125 13.748342938670442 3818
stats: connect 76 0.6457969263980264 0.07846381063248987 110.9208984375 0.505126953125 0.9522969415298054 411
stats: page 840 16.78392566499255 23.292269151311352 463.971923828125 3.473876953125 16.084907954425887 3267
stats: tr_play_game__ready_page 47 8.586945229388302 1.5821516849313466 34.468994140625 7.220947265625 8.669916326349432 176
stats: 302 78 422
stats: tr_quiz_new_POST 12 15.171244303385416 2.235085348791946 22.544921875 11.06689453125 12.624492938701923 39
stats: 200 823 3985
stats: tr_question_new_POST 96 5.446543375651044 1.1512456656239758 18.843017578125 4.389892578125 5.1398941431290055 312
stats: size_rcv 2257286 10290364
stats: tr_play_game__leaderboard 17 9.572279986213236 1.7487316353036322 22.865966796875 7.982177734375 9.564985002790179 84
stats: newphase 0 4
stats: tr_friend_requests 23 10.472857931385871 6.047220116605419 72.087890625 7.23193359375 11.238134765625 70
stats: size_sent 1479236 7129662
stats: tr_friends 20 36.04105224609375 4.3896710077369585 60.14404296875 31.3349609375 36.641732352120535 56
stats: connected 30 273
stats: tr_search_all_users 19 81.20533511513158 81.81712543775113 426.615966796875 53.093017578125 58.37306565504808 52
stats: 404 96 408
stats: tr_browse_quizzes_page_1 49 4.528380102040815 1.1558528387740872 340.278076171875 3.51904296875 5.993839111328125 200
stats: tr_play_game__1st_question 41 10.15160537347561 1.7113304765886204 252.158935546875 8.4609375 11.377339207848838 172
stats: tr_play_game__answer_to_question 43 12.060353833575581 2.739790577165129 75.85205078125 10.06005859375 12.073009364652318 151
stats: tr_index 41 7.432039586509147 1.7240906834163015 58.320068359375 5.713134765625 7.415656934982228 211
stats: tr_quizzes_page_INDEX 11 9.549249822443182 1.314699881127103 16.033203125 7.72900390625 8.984440394810267 56
stats: tr_quiz_questions_SHOW 96 9.373352050781248 1.8760995475387388 30.864990234375 7.4970703125 8.701536520933493 312
# stats: dump at 1448600033
stats: users 373 373
stats: {freemem,"tsung_controller@ip-172-30-3-25"} 1 3104.4765625 0.0 3170.97265625 3104.4765625 3149.4231770833335 15
stats: {load,"tsung_controller@ip-172-30-3-25"} 1 0.01171875 0.0 0.078125 0.01171875 0.03359375 15
stats: {recvpackets,"tsung_controller@ip-172-30-3-25"} 1 5250.0 0.0 5250 175 1364.7857142857142 14
stats: {sentpackets,"tsung_controller@ip-172-30-3-25"} 1 4311.0 0.0 4311 226 1196.642857142857 14
stats: {cpu,"tsung_controller@ip-172-30-3-25"} 1 10.371819960861057 0.0 10.371819960861057 1.483679525222552 4.236073536920412 15
stats: session 43 36299.15075399708 13953.900772731116 90426.44702148438 3793.131103515625 36123.64696348665 213
stats: users_count 142 629
stats: finish_users_count 43 256
stats: request 1042 13.696084752879079 16.884524453256205 457.81005859375 3.40283203125 13.82600252303998 4815
stats: connect 141 0.6349768672429078 0.07003108143693836 110.9208984375 0.505126953125 0.9044653169917864 487
stats: page 910 15.696309988839268 19.049288178383424 463.971923828125 3.40283203125 16.22787724511885 4107
stats: tr_play_game__ready_page 50 9.049628906250001 1.6240003798031013 34.468994140625 7.220947265625 8.6524291444787 223
stats: 302 103 525
stats: tr_quiz_new_POST 8 14.485076904296875 4.037997491714368 24.68896484375 11.06689453125 13.22372855392157 51
stats: 200 875 4860
stats: tr_question_new_POST 64 5.418941497802734 1.348350553021897 18.843017578125 4.389892578125 5.212046903722427 408
stats: size_rcv 2098605 12388969
stats: tr_play_game__leaderboard 33 9.735965613162877 1.48020630914327 22.865966796875 7.982177734375 9.566212871287128 101
stats: newphase 1 5
stats: tr_friend_requests 24 10.082804361979166 1.9845774310362811 72.087890625 7.23193359375 11.048872752856182 93
stats: size_sent 1583626 8713288
stats: tr_friends 18 36.76702202690972 4.518133272592108 60.14404296875 31.3349609375 36.48365864000822 76
stats: connected 99 372
stats: tr_search_all_users 13 59.68836388221154 3.8572470200119278 426.615966796875 53.093017578125 64.48310959507042 71
stats: 404 64 472
stats: tr_browse_quizzes_page_1 61 4.573534355788935 1.152947899726603 340.278076171875 3.4541015625 5.705455611508534 249
stats: tr_play_game__1st_question 50 10.303647460937496 1.6127310105454873 252.158935546875 8.458984375 11.141399831279342 213
stats: tr_play_game__answer_to_question 35 12.814076450892857 2.215625926305501 75.85205078125 10.06005859375 12.07020427271263 194
stats: tr_index 73 7.392548025470891 1.6684838204013892 58.320068359375 5.713134765625 7.418322366381449 252
stats: tr_quizzes_page_INDEX 16 10.081283569335938 1.9811724412730487 16.033203125 7.72900390625 9.077170300839553 67
stats: tr_quiz_questions_SHOW 64 8.839912414550778 1.2321863421437451 30.864990234375 7.4970703125 8.859610763250611 408
# stats: dump at 1448600043
stats: users 472 475
stats: {freemem,"tsung_controller@ip-172-30-3-25"} 1 3086.7890625 0.0 3170.97265625 3086.7890625 3146.614013671875 16
stats: {load,"tsung_controller@ip-172-30-3-25"} 1 0.01171875 0.0 0.078125 0.01171875 0.0322265625 16
stats: {recvpackets,"tsung_controller@ip-172-30-3-25"} 1 5465.0 0.0 5465 175 1623.8 15
stats: {sentpackets,"tsung_controller@ip-172-30-3-25"} 1 4919.0 0.0 4919 226 1404.2666666666667 15
stats: {cpu,"tsung_controller@ip-172-30-3-25"} 1 13.288069835111543 0.0 13.288069835111543 1.483679525222552 4.619557688416703 16
stats: session 69 39046.881747480766 18424.284060941824 119498.5029296875 3793.131103515625 36153.12611579895 256
stats: users_count 168 797
stats: finish_users_count 69 325
stats: request 1479 14.606742771192524 17.102557532997555 457.81005859375 3.40283203125 13.802889271117893 5857
stats: connect 168 0.6525239490327381 0.1689898066922788 110.9208984375 0.505126953125 0.8439591523188694 628
stats: page 1267 17.06945444301254 19.42303061068135 463.971923828125 3.40283203125 16.131459823708763 5017
stats: tr_play_game__ready_page 72 9.474419487847225 1.9546547054334524 34.468994140625 7.220947265625 8.725176353594325 273
stats: 302 119 644
stats: tr_quiz_new_POST 15 14.488557942708333 2.449317043291804 24.68896484375 11.06689453125 13.39475883871822 59
stats: 200 1240 6100
stats: tr_question_new_POST 120 6.2732076009114595 2.364999697692245 24.426025390625 4.389892578125 5.240100408004502 472
stats: size_rcv 3210502 15599471
stats: tr_play_game__leaderboard 24 10.718800862630209 2.009757838626982 22.865966796875 7.982177734375 9.608017651002797 134
stats: newphase 0 5
stats: tr_friend_requests 22 10.748757102272727 2.8703307581484196 72.087890625 7.23193359375 10.850704877804487 117
stats: size_sent 2130258 10843546
stats: tr_friends 28 39.7523193359375 6.037165082158017 60.14404296875 31.3349609375 36.53791971409574 94
stats: connected 101 473
stats: tr_search_all_users 23 67.88805621603261 7.166564147182922 426.615966796875 53.093017578125 63.741065615699405 84
stats: 404 120 592
stats: tr_browse_quizzes_page_1 70 4.899501255580356 1.8355982959469257 340.278076171875 3.4541015625 5.482722719254032 310
stats: tr_play_game__1st_question 70 11.774166434151786 2.8258855389345525 252.158935546875 8.458984375 10.98213131980751 263
stats: tr_play_game__answer_to_question 55 13.873974609375 3.181548371096499 75.85205078125 10.06005859375 12.18389652701965 229
stats: tr_index 68 7.698604808134191 1.8510923238349564 58.320068359375 5.713134765625 7.412533052884616 325
stats: tr_quizzes_page_INDEX 20 10.71658935546875 3.946546318789917 24.721923828125 7.72900390625 9.27073430440512 83
stats: tr_quiz_questions_SHOW 120 9.874275716145833 1.9553156814615702 30.864990234375 7.4970703125 8.85693980071504 472
# stats: dump at 1448600053
stats: users 525 533
stats: {freemem,"tsung_controller@ip-172-30-3-25"} 1 3058.2265625 0.0 3170.97265625 3058.2265625 3143.094898897059 17
stats: {load,"tsung_controller@ip-172-30-3-25"} 1 0.0 0.0 0.078125 0.0 0.031020220588235295 17
stats: {recvpackets,"tsung_controller@ip-172-30-3-25"} 1 8280.0 0.0 8280 175 1863.875 16
stats: {sentpackets,"tsung_controller@ip-172-30-3-25"} 1 7027.0 0.0 7027 226 1623.9375 16
stats: {cpu,"tsung_controller@ip-172-30-3-25"} 1 17.547169811320753 0.0 17.547169811320753 1.483679525222552 5.129470167634047 17
stats: session 90 38027.11687011719 15889.821611510724 119498.5029296875 3793.131103515625 36767.4926960637 325
stats: users_count 143 940
stats: finish_users_count 90 415
stats: request 1817 16.03302146395158 18.39483075911828 457.81005859375 3.40283203125 13.964952974309059 7336
stats: connect 144 0.8582509358723955 0.9011556861096272 110.9208984375 0.505126953125 0.803555742580088 796
stats: page 1536 18.991085211435983 21.21733304771543 463.971923828125 3.40283203125 16.32058127225394 6284
stats: tr_play_game__ready_page 72 10.560560438368055 2.5236925783839568 34.468994140625 7.220947265625 8.88154013813406 345
stats: 302 139 783
stats: tr_quiz_new_POST 20 15.39486083984375 3.21537056823206 24.68896484375 11.06689453125 13.61647487331081 74
stats: 200 1518 7618
stats: tr_question_new_POST 160 6.889170837402344 2.5157212679294663 24.426025390625 4.389892578125 5.449514028188345 592
stats: size_rcv 3954324 19553795
stats: tr_play_game__leaderboard 46 11.194617229959244 2.6777677836508196 22.865966796875 7.982177734375 9.776744214794302 158
stats: newphase 0 5
stats: tr_friend_requests 35 10.855350167410714 4.0969662903256765 72.087890625 7.23193359375 10.834569258655575 139
stats: size_sent 2809530 13653076
stats: tr_friends 22 43.10815429687499 7.807654348449048 60.717041015625 31.3349609375 37.27565077484631 122
stats: connected 53 526
stats: tr_search_all_users 28 67.83202253069196 9.453338001937063 426.615966796875 53.093017578125 64.63247481016356 107
stats: 404 160 752
stats: tr_browse_quizzes_page_1 60 5.002355957031252 1.3162594962079388 340.278076171875 3.4541015625 5.37528718647204 380
stats: tr_play_game__1st_question 74 11.619094436233109 3.4694087089877477 252.158935546875 8.458984375 11.148625187687689 333
stats: tr_play_game__answer_to_question 72 14.951270209418404 5.0719655466246 75.85205078125 10.06005859375 12.51120038099692 284
stats: tr_index 57 8.086819832785087 2.212292206923694 58.320068359375 5.713134765625 7.462031473640267 393
stats: tr_quizzes_page_INDEX 29 10.33000235721983 1.6627053546443624 24.721923828125 7.72900390625 9.55148285800971 103
stats: tr_quiz_questions_SHOW 160 10.678936767578124 3.1464151830127753 30.864990234375 7.4970703125 9.063156540329391 592
# stats: dump at 1448600063
stats: users 732 732
stats: {freemem,"tsung_controller@ip-172-30-3-25"} 1 3037.35546875 0.0 3170.97265625 3037.35546875 3138.3799913194443 18
stats: {load,"tsung_controller@ip-172-30-3-25"} 1 0.0 0.0 0.078125 0.0 0.029296875 18
stats: {recvpackets,"tsung_controller@ip-172-30-3-25"} 1 9310.0 0.0 9310 175 2241.294117647059 17
stats: {sentpackets,"tsung_controller@ip-172-30-3-25"} 1 7631.0 0.0 7631 226 1941.764705882353 17
stats: {cpu,"tsung_controller@ip-172-30-3-25"} 1 17.693661971830984 0.0 17.693661971830984 1.483679525222552 5.8193423700610865 18
stats: session 98 33474.949609873234 14893.538493753082 119498.5029296875 3793.131103515625 37040.66420368976 415
stats: users_count 305 1245
stats: finish_users_count 98 513
stats: request 2285 19.34166406677378 22.235492580906794 457.81005859375 3.40283203125 14.37549382929436 9153
stats: connect 300 0.8806054687499998 0.6624091955129854 110.9208984375 0.505126953125 0.8119345807014627 940
stats: page 1948 22.705132517726515 26.78147809453115 463.971923828125 3.40283203125 16.84512015340274 7820
stats: tr_play_game__ready_page 98 14.577940648915817 12.904045558094445 89.31396484375 7.220947265625 9.171442923785973 417
stats: 302 226 1009
stats: tr_quiz_new_POST 22 19.933482776988637 17.919353040650257 100.054931640625 10.85009765625 13.99485486619016 94
stats: 200 1890 9508
stats: tr_question_new_POST 169 8.119049613997785 6.341769891484542 51.1650390625 4.389892578125 5.755823987595578 752
stats: size_rcv 4895485 24449280
stats: tr_play_game__leaderboard 40 14.060247802734375 13.334154216789077 95.51806640625 7.982177734375 10.096460678998161 204
stats: newphase 1 6
stats: tr_friend_requests 69 14.304864413496379 14.397911851530663 88.64697265625 7.23193359375 10.838749326508621 174
stats: size_sent 3081722 16734798
stats: tr_friends 47 47.23204267785904 12.991216936533872 94.620849609375 31.3349609375 38.166727701822914 144
stats: connected 199 725
stats: tr_search_all_users 35 73.98061523437498 16.06844740651223 426.615966796875 53.093017578125 65.29608470775463 135
stats: 404 169 921
stats: tr_browse_quizzes_page_1 127 9.441556194635826 11.190187139776231 340.278076171875 3.4541015625 5.324432927911932 440
stats: tr_play_game__1st_question 82 16.290947146532012 11.200259768400656 252.158935546875 8.458984375 11.234165051059582 407
stats: tr_play_game__answer_to_question 80 18.780679321289064 12.134482403290411 84.886962890625 10.06005859375 13.004697649666433 356
stats: tr_index 141 10.62275078956117 8.84105196053684 66.850830078125 5.713134765625 7.541171332465278 450
stats: tr_quizzes_page_INDEX 36 13.945929633246529 8.613143925663914 55.534912109375 7.72900390625 9.722521232836176 132
stats: tr_quiz_questions_SHOW 168 12.244886125837048 7.048025717726274 71.5810546875 7.4970703125 9.40693956740359 752
# stats: dump at 1448600073
stats: users 938 938
stats: {freemem,"tsung_controller@ip-172-30-3-25"} 1 2998.40625 0.0 3170.97265625 2998.40625 3133.0629111842104 19
stats: {load,"tsung_controller@ip-172-30-3-25"} 1 0.078125 0.0 0.078125 0.0 0.027754934210526317 19
stats: {recvpackets,"tsung_controller@ip-172-30-3-25"} 1 12550.0 0.0 12550 175 2634.0 18
stats: {sentpackets,"tsung_controller@ip-172-30-3-25"} 1 10551.0 0.0 10551 226 2257.8333333333335 18
stats: {cpu,"tsung_controller@ip-172-30-3-25"} 1 22.4364592462752 0.0 22.4364592462752 1.483679525222552 6.444306559627924 19
stats: session 124 36379.884165117815 16118.705091606138 119498.5029296875 3793.131103515625 36359.49455418875 513
stats: users_count 330 1575
stats: finish_users_count 124 637
stats: request 2851 22.279686078486684 21.390523081136077 457.81005859375 3.40283203125 15.367599004380956 11438
stats: connect 335 1.1426138351212685 1.0030733763152966 110.9208984375 0.505126953125 0.8285485052293347 1240
stats: page 2438 26.086351177162367 25.455308097061707 463.971923828125 3.40283203125 18.01376307781948 9768
stats: tr_play_game__ready_page 138 17.642305678215585 9.493330063684576 89.31396484375 7.220947265625 10.200252199635925 515
stats: 302 278 1287
stats: tr_quiz_new_POST 26 22.66485126201923 9.223939890330584 100.054931640625 10.85009765625 15.121146366514008 116
stats: 200 2359 11867
stats: tr_question_new_POST 215 13.039506495276163 8.256753835022215 53.81103515625 4.389892578125 6.189466909269816 921
stats: size_rcv 6103381 30552661
stats: tr_play_game__leaderboard 62 15.815335181451607 7.003817223042641 95.51806640625 7.982177734375 10.74626184682377 244
stats: newphase 0 6
stats: tr_friend_requests 66 15.809918027935606 8.856709674625705 88.64697265625 7.23193359375 11.822954845036008 243
stats: size_sent 3999408 20734206
stats: tr_friends 51 49.973953546262265 7.866876061242177 94.620849609375 31.3349609375 40.397459659276834 191
stats: connected 211 936
stats: tr_search_all_users 45 86.70826822916666 14.498156345694218 426.615966796875 53.093017578125 67.08407628676471 170
stats: 404 215 1136
stats: tr_browse_quizzes_page_1 157 9.513992212380574 6.432119124724484 340.278076171875 3.4541015625 6.246610449735449 567
stats: tr_play_game__1st_question 131 17.744794772781496 8.798419347412025 252.158935546875 8.458984375 12.082132600811605 489
stats: tr_play_game__answer_to_question 96 20.41314188639323 8.278565484393237 84.886962890625 10.06005859375 14.064510800422878 436
stats: tr_index 168 14.313028971354166 8.48626147168478 66.850830078125 5.713134765625 8.276370492280034 591
stats: tr_quizzes_page_INDEX 40 16.357354736328126 6.2180344368773 55.534912109375 7.72900390625 10.627537318638394 168
stats: tr_quiz_questions_SHOW 216 17.26167466905381 8.022857160537253 71.5810546875 7.4970703125 9.9251732867697 920
# stats: dump at 1448600083
stats: users 1114 1121
stats: {freemem,"tsung_controller@ip-172-30-3-25"} 1 2967.60546875 0.0 3170.97265625 2967.60546875 3126.330078125 20
stats: {load,"tsung_controller@ip-172-30-3-25"} 1 0.140625 0.0 0.140625 0.0 0.0302734375 20
stats: {recvpackets,"tsung_controller@ip-172-30-3-25"} 1 15709.0 0.0 15709 175 3155.8947368421054 19
stats: {sentpackets,"tsung_controller@ip-172-30-3-25"} 1 12698.0 0.0 12698 226 2694.315789473684 19
stats: {cpu,"tsung_controller@ip-172-30-3-25"} 1 22.35294117647059 0.0 22.4364592462752 1.483679525222552 7.243914193960288 20
stats: session 141 35164.79408210052 14776.268566514591 119498.5029296875 3793.131103515625 36363.46364642612 637
stats: users_count 317 1892
stats: finish_users_count 141 778
stats: request 3210 75.64869502652839 291.0448426559131 2820.62890625 0.5048828125 16.74672702231611 14289
stats: connect 360 1.1006245930989582 0.9656425044095396 110.9208984375 0.4990234375 0.8953497023809524 1575
stats: page 2670 90.4234642914619 317.11048379404235 2820.62890625 0.5048828125 19.626164338363306 12206
stats: tr_play_game__ready_page 132 27.08770382043087 21.187528397704423 90.465087890625 0.7431640625 11.772998570300539 653
stats: 302 259 1546
stats: tr_quiz_new_POST 39 36.97859074519231 20.79621782242861 100.054931640625 0.89013671875 16.502388107944544 142
stats: 200 2584 14451
stats: tr_question_new_POST 300 36.94201741536459 143.6192515956227 1950.722900390625 0.7001953125 7.4859092604946085 1136
stats: size_rcv 6957892 37510553
stats: tr_play_game__leaderboard 58 29.805655643857758 22.115140182826895 95.51806640625 0.741943359375 11.773328993055554 306
stats: newphase 0 6
stats: tr_friend_requests 80 31.988812255859376 23.044955045441156 90.6259765625 0.633056640625 12.67453921419903 309
stats: 422 3 3
stats: tr_friends 67 64.716552734375 29.166416920563293 129.408935546875 0.654052734375 42.415646387525825 242
stats: size_sent 4853452 25587658
stats: tr_search_all_users 51 127.64655618106619 223.70850512458276 1692.488037109375 0.736083984375 71.19146529796512 215
stats: connected 157 1093
stats: tr_browse_quizzes_page_1 128 23.40697479248046 22.080491265058335 340.278076171875 0.657958984375 6.955144892739987 724
stats: 404 298 1434
stats: tr_play_game__1st_question 136 67.02456306008732 264.04546688794125 2787.988037109375 1.284912109375 13.278598317792339 620
stats: 500 65 65
stats: tr_play_game__answer_to_question 123 33.5523711413872 21.566874454894577 94.998046875 10.06005859375 15.210128439996476 532
stats: tr_index 114 563.8985788445724 967.4651646587996 2820.670166015625 1.220947265625 9.612547863142293 759
stats: tr_quizzes_page_INDEX 48 30.360616048177082 20.012182244549766 83.470947265625 7.72900390625 11.729425283578726 208
stats: tr_quiz_questions_SHOW 299 28.032255957357847 18.301614605188718 84.64599609375 1.388916015625 11.320141859457525 1136
# stats: dump at 1448600093
stats: users 954 1123
stats: {freemem,"tsung_controller@ip-172-30-3-25"} 1 2942.01171875 0.0 3170.97265625 2942.01171875 3118.7717633928573 21
stats: {load,"tsung_controller@ip-172-30-3-25"} 1 0.26953125 0.0 0.26953125 0.0 0.03552827380952381 21
stats: {recvpackets,"tsung_controller@ip-172-30-3-25"} 1 18210.0 0.0 18210 175 3783.55 20
stats: {sentpackets,"tsung_controller@ip-172-30-3-25"} 1 13926.0 0.0 13926 226 3194.5 20
stats: {cpu,"tsung_controller@ip-172-30-3-25"} 1 26.762956669498728 0.0 26.762956669498728 1.483679525222552 7.963391669317921 21
stats: session 181 37803.0353761114 15089.385637593015 119498.5029296875 3793.131103515625 36146.224046721865 778
stats: users_count 21 1913
stats: finish_users_count 181 959
stats: request 3144 268.1390867742877 901.3445151839705 5584.343017578125 0.5048828125 27.55164829173273 17499
stats: connect 76 0.6610428659539473 0.1186685555080958 110.9208984375 0.4990234375 0.9335403797238372 1935
stats: page 2612 323.3221298147669 982.894057794942 5596.046142578125 0.5048828125 32.33312796264223 14876
stats: tr_play_game__ready_page 106 86.02581441627359 412.80684800146315 4304.6669921875 0.70703125 14.348210153761945 785
stats: 302 232 1778
stats: tr_quiz_new_POST 37 60.302087732263516 29.81955091244388 128.31201171875 0.89013671875 20.914387571218924 181
stats: 200 2561 17012
stats: tr_question_new_POST 288 57.31355709499783 325.06270941543374 5544.958984375 0.7001953125 13.639692301205606 1436
stats: size_rcv 7328953 44839506
stats: tr_play_game__leaderboard 90 83.05869411892363 337.6916909667702 3256.15283203125 0.741943359375 14.646611811040522 364
stats: newphase 0 6
stats: tr_friend_requests 78 71.41344275841348 192.69783228467273 1731.69189453125 0.633056640625 16.646626215054628 389
stats: 422 10 13
stats: tr_friends 77 94.55249023437497 36.339088470317826 172.723876953125 0.654052734375 47.251117990240694 309
stats: size_sent 5009162 30596820
stats: tr_search_all_users 76 112.58026123046875 42.90156646365583 1692.488037109375 0.697998046875 82.01556167028902 266
stats: connected -153 940
stats: tr_browse_quizzes_page_1 77 644.4422559862013 1415.4611076977276 5183.880126953125 0.657958984375 9.426781309602404 852
stats: 404 293 1727
stats: tr_play_game__1st_question 112 103.26057870047433 422.91246757770364 4328.823974609375 1.05517578125 22.947184567729 756
stats: 500 48 113
stats: tr_play_game__answer_to_question 129 106.2586395500242 428.6310942415386 3717.597900390625 0.794921875 18.654549588501908 655
stats: tr_index 58 4182.069243332435 740.9109678462806 5584.384033203125 1.220947265625 81.99354159954896 873
stats: tr_quizzes_page_INDEX 49 150.27590880102042 663.2377121897825 4740.10009765625 7.72900390625 15.222773551940918 256
stats: tr_quiz_questions_SHOW 287 53.226439153691175 178.24241345603954 3032.070068359375 0.668212890625 14.802317549542678 1435
# stats: dump at 1448600103
stats: users 738 1123
stats: {freemem,"tsung_controller@ip-172-30-3-25"} 1 2941.36328125 0.0 3170.97265625 2941.36328125 3110.737215909091 22
stats: {load,"tsung_controller@ip-172-30-3-25"} 1 0.30859375 0.0 0.30859375 0.0 0.04616477272727273 22
stats: {recvpackets,"tsung_controller@ip-172-30-3-25"} 1 18002.0 0.0 18210 175 4470.523809523809 21
stats: {sentpackets,"tsung_controller@ip-172-30-3-25"} 1 13064.0 0.0 13926 226 3705.5238095238096 21
stats: {cpu,"tsung_controller@ip-172-30-3-25"} 1 25.428571428571427 0.0 26.762956669498728 1.483679525222552 8.81791735114432 22
stats: session 216 40835.16553073457 15792.707279923485 130082.32592773438 3793.131103515625 36458.92774914054 959
stats: users_count 0 1913
stats: finish_users_count 216 1175
stats: request 2664 26.22623734574418 23.8036128565299 5584.343017578125 0.5048828125 64.19394381995794 20643
stats: connect 8 0.9571533203125 0.5523488887564009 110.9208984375 0.4990234375 0.9232421146584411 2011
stats: page 2143 32.66381892899851 28.546066899817344 5596.046142578125 0.5048828125 75.79511748904604 17488
stats: tr_play_game__ready_page 35 17.849483816964284 9.646981416310027 4304.6669921875 0.70703125 22.875512119896886 891
stats: 302 109 1887
stats: tr_quiz_new_POST 41 24.7254013433689 10.309459598940384 128.31201171875 0.89013671875 27.599455947176033 218
stats: 200 2193 19205
stats: tr_question_new_POST 337 13.459126367767068 10.216731930988292 5544.958984375 0.7001953125 20.935558345644214 1724
stats: size_rcv 6801501 51641007
stats: tr_play_game__leaderboard 85 19.089875344669114 10.451768135027065 3256.15283203125 0.741943359375 28.20847834784554 454
stats: newphase 0 6
stats: tr_friend_requests 57 17.85348992598684 8.44370330762914 1731.69189453125 0.633056640625 25.793974588463602 467
stats: 422 9 22
stats: tr_friends 66 54.84207800662879 17.024425411626158 172.723876953125 0.654052734375 56.68688395603951 386
stats: size_sent 4501481 35098301
stats: tr_search_all_users 77 85.85750748275163 24.15739854329147 1692.488037109375 0.697998046875 88.80771712810673 342
stats: connected -200 740
stats: tr_browse_quizzes_page_1 2 5.6815185546875 0.6385498046875 5183.880126953125 0.657958984375 62.05992614286195 929
stats: 404 353 2080
stats: tr_play_game__1st_question 56 22.229435511997764 11.139810401653468 4328.823974609375 1.05517578125 33.31020316550259 868
stats: 500 0 113
stats: tr_play_game__answer_to_question 90 24.002134874131944 10.977809838064243 3717.597900390625 0.794921875 33.06899806431361 784
stats: tr_index 0 0 0 5584.384033203125 1.220947265625 337.422532684949 931
stats: tr_quizzes_page_INDEX 37 26.159338048986484 14.896362519631445 4740.10009765625 7.72900390625 36.91983462474385 305
stats: tr_quiz_questions_SHOW 338 17.71872688609469 10.20174264586637 3032.070068359375 0.668212890625 21.20633781690076 1722
# stats: dump at 1448600113
stats: users 526 1123
stats: {freemem,"tsung_controller@ip-172-30-3-25"} 1 2936.53515625 0.0 3170.97265625 2936.53515625 3103.3731317934785 23
stats: {load,"tsung_controller@ip-172-30-3-25"} 1 0.33984375 0.0 0.33984375 0.0 0.05757472826086957 23
stats: {recvpackets,"tsung_controller@ip-172-30-3-25"} 1 13786.0 0.0 18210 175 5085.590909090909 22
stats: {sentpackets,"tsung_controller@ip-172-30-3-25"} 1 10531.0 0.0 13926 226 4130.909090909091 22
stats: {cpu,"tsung_controller@ip-172-30-3-25"} 1 19.94408201304753 0.0 26.762956669498728 1.483679525222552 9.540119702336803 23
stats: session 212 44778.5249115566 13854.941042199693 130082.32592773438 3793.131103515625 37263.41060941654 1175
stats: users_count 0 1913
stats: finish_users_count 212 1387
stats: request 2201 19.35820010790549 19.469453184806035 5584.343017578125 0.5048828125 59.854218842598975 23307
stats: connect 6 0.67138671875 0.047173082115326725 110.9208984375 0.4990234375 0.9233764829819836 2019
stats: page 1799 23.710998976210746 22.208036708654816 5596.046142578125 0.5048828125 71.0867290822312 19631
stats: tr_play_game__ready_page 5 11.01103515625 3.0251158928542354 4304.6669921875 0.70703125 22.68554344753982 926
stats: 302 75 1962
stats: tr_quiz_new_POST 33 18.022838245738637 7.199618847892632 128.31201171875 0.89013671875 27.144489774372587 259
stats: 200 1847 21052
stats: tr_question_new_POST 268 8.917243615904852 5.817999581803059 5544.958984375 0.7001953125 19.713065586525047 2061
stats: size_rcv 5623519 57264526
stats: tr_play_game__leaderboard 133 13.399549900140977 5.955920531127969 3256.15283203125 0.741943359375 26.770479729533857 539
stats: newphase 0 6
stats: tr_friend_requests 47 12.971430352393616 6.235468805864023 1731.69189453125 0.633056640625 24.930219577468993 524
stats: 422 20 42
stats: tr_friends 61 46.983894723360656 10.1407061985995 172.723876953125 0.654052734375 56.41750963599281 452
stats: size_sent 4046844 39145145
stats: tr_search_all_users 66 75.02036354758523 14.148484195702018 1692.488037109375 0.697998046875 88.26555449638276 419
stats: connected -207 533
stats: tr_browse_quizzes_page_1 0 0 0 5183.880126953125 0.657958984375 61.93881248531485 931
stats: 404 259 2339
stats: tr_play_game__1st_question 6 13.056722005208334 4.2271104403773965 4328.823974609375 1.05517578125 32.6386414895326 924
stats: 500 0 113
stats: tr_play_game__answer_to_question 40 16.825183105468753 8.416800037328027 3717.597900390625 0.794921875 32.13533938340245 874
stats: tr_index 0 0 0 5584.384033203125 1.220947265625 337.422532684949 931
stats: tr_quizzes_page_INDEX 20 12.48446044921875 4.638536046193779 4740.10009765625 6.703125 35.755687334384135 342
stats: tr_quiz_questions_SHOW 268 13.09079298332556 6.212010209356193 3032.070068359375 0.668212890625 20.634098741846174 2060
# stats: dump at 1448600123
stats: users 326 1123
stats: {freemem,"tsung_controller@ip-172-30-3-25"} 1 2957.23828125 0.0 3170.97265625 2936.53515625 3096.4215494791665 24
stats: {load,"tsung_controller@ip-172-30-3-25"} 1 0.2890625 0.0 0.33984375 0.0 0.0693359375 24
stats: {recvpackets,"tsung_controller@ip-172-30-3-25"} 1 10702.0 0.0 18210 175 5463.869565217391 23
stats: {sentpackets,"tsung_controller@ip-172-30-3-25"} 1 8437.0 0.0 13926 226 4409.173913043478 23
stats: {cpu,"tsung_controller@ip-172-30-3-25"} 1 17.068466730954675 0.0 26.762956669498728 1.483679525222552 9.97361813194975 24
stats: session 200 50312.33979736328 12880.688430344502 130082.32592773438 3793.131103515625 38412.07984665784 1387
stats: users_count 0 1913
stats: finish_users_count 200 1587
stats: request 1597 15.296759273980497 16.51279428079588 5584.343017578125 0.5048828125 56.359952838401846 25508
stats: connect 2 0.6510009765625 0.0211181640625 110.9208984375 0.4990234375 0.9226298466435185 2025
stats: page 1284 19.060845015576295 18.297388269830467 5596.046142578125 0.5048828125 67.10964375975193 21430
stats: tr_play_game__ready_page 0 0 0 4304.6669921875 0.70703125 22.622844691947503 931
stats: 302 40 2002
stats: tr_quiz_new_POST 27 14.937382450810185 2.5860226114404066 128.31201171875 0.89013671875 26.113618197506423 292
stats: 200 1329 22381
stats: tr_question_new_POST 223 6.176110785103697 1.941178569855074 5544.958984375 0.7001953125 18.470781220648615 2329
stats: size_rcv 4176504 61441030
stats: tr_play_game__leaderboard 112 11.00000871930804 2.737462024013282 3256.15283203125 0.741943359375 24.124149867466514 672
stats: newphase 0 6
stats: tr_friend_requests 14 9.887590680803571 1.7766106133124262 1731.69189453125 0.633056640625 23.94587090220009 571
stats: 422 9 51
stats: tr_friends 44 38.55384410511363 7.797051205098149 172.723876953125 0.654052734375 55.29577374969542 513
stats: size_sent 2857263 42002408
stats: tr_search_all_users 48 65.42813618977864 11.994443110703015 1692.488037109375 0.697998046875 86.46311614046392 485
stats: connected -198 335
stats: tr_browse_quizzes_page_1 0 0 0 5183.880126953125 0.657958984375 61.93881248531485 931
stats: 404 219 2558
stats: tr_play_game__1st_question 1 9.1630859375 0.0 4328.823974609375 1.05517578125 32.51230652511761 930
stats: 500 0 113
stats: tr_play_game__answer_to_question 14 13.169869559151786 3.3878653651249566 3717.597900390625 0.794921875 31.4653106622675 914
stats: tr_index 0 0 0 5584.384033203125 1.220947265625 337.422532684949 931
stats: tr_quizzes_page_INDEX 11 9.2890625 1.2683813988673815 4740.10009765625 6.703125 34.469984191557316 362
stats: tr_quiz_questions_SHOW 224 9.674582345145094 2.321155926814374 3032.070068359375 0.668212890625 19.765711309164246 2328
# stats: dump at 1448600133
stats: users 197 1123
stats: {freemem,"tsung_controller@ip-172-30-3-25"} 1 2979.9609375 0.0 3170.97265625 2936.53515625 3090.85421875 25
stats: {load,"tsung_controller@ip-172-30-3-25"} 1 0.23828125 0.0 0.33984375 0.0 0.078125 25
stats: {recvpackets,"tsung_controller@ip-172-30-3-25"} 1 7439.0 0.0 18210 175 5682.125 24
stats: {sentpackets,"tsung_controller@ip-172-30-3-25"} 1 5832.0 0.0 13926 226 4577.0 24
stats: {cpu,"tsung_controller@ip-172-30-3-25"} 1 11.448140900195694 0.0 26.762956669498728 1.483679525222552 10.257412075909949 25
stats: session 129 57141.96411322069 9727.412347501337 130082.32592773438 3793.131103515625 39911.79754680976 1587
stats: users_count 0 1913
stats: finish_users_count 129 1716
stats: request 974 15.013451546858962 16.753778980484803 5584.343017578125 0.5048828125 53.94054977172113 27105
stats: connect 1 0.607177734375 0.0 110.9208984375 0.4990234375 0.922361835918229 2027
stats: page 776 18.85796835987837 18.39235601706368 5596.046142578125 0.5048828125 64.39349259361997 22714
stats: tr_play_game__ready_page 0 0 0 4304.6669921875 0.70703125 22.622844691947503 931
stats: 302 14 2016
stats: tr_quiz_new_POST 19 13.596872430098685 1.9534359824169822 128.31201171875 0.89013671875 25.167667209541538 319
stats: 200 813 23194
stats: tr_question_new_POST 144 5.565368652343749 1.4236952249138575 5544.958984375 0.7001953125 17.39644285578713 2552
stats: size_rcv 2715985 64157015
stats: tr_play_game__leaderboard 68 10.009309656479779 2.2486045427238874 3256.15283203125 0.741943359375 22.24927256058673 784
stats: newphase 0 6
stats: tr_friend_requests 11 9.744562322443182 2.77019810556214 1731.69189453125 0.633056640625 23.609433426816242 585
stats: 422 0 51
stats: tr_friends 21 37.518543061755956 5.094072427263538 172.723876953125 0.654052734375 53.97325147974641 557
stats: size_sent 1672333 43674741
stats: tr_search_all_users 36 63.20248074001735 9.255533754912316 1692.488037109375 0.697998046875 84.56878398730652 533
stats: connected -138 197
stats: tr_browse_quizzes_page_1 0 0 0 5183.880126953125 0.657958984375 61.93881248531485 931
stats: 404 147 2705
stats: tr_play_game__1st_question 0 0 0 4328.823974609375 1.05517578125 32.487226803756045 931
stats: 500 0 113
stats: tr_play_game__answer_to_question 2 11.2625732421875 0.7884521484375 3717.597900390625 0.794921875 31.189301852522217 928
stats: tr_index 0 0 0 5584.384033203125 1.220947265625 337.422532684949 931
stats: tr_quizzes_page_INDEX 4 12.35009765625 3.7343814921621927 4740.10009765625 6.703125 33.7273832837634 373
stats: tr_quiz_questions_SHOW 144 9.39597744411892 2.144594458524946 3032.070068359375 0.668212890625 18.879969581914917 2552
# stats: dump at 1448600143
stats: users 96 1123
stats: {freemem,"tsung_controller@ip-172-30-3-25"} 1 3020.9296875 0.0 3170.97265625 2936.53515625 3086.589092548077 26
stats: {load,"tsung_controller@ip-172-30-3-25"} 1 0.2109375 0.0 0.33984375 0.0 0.08428485576923077 26
stats: {recvpackets,"tsung_controller@ip-172-30-3-25"} 1 4386.0 0.0 18210 175 5752.4 25
stats: {sentpackets,"tsung_controller@ip-172-30-3-25"} 1 3449.0 0.0 13926 226 4627.2 25
stats: {cpu,"tsung_controller@ip-172-30-3-25"} 1 7.797270955165692 0.0 26.762956669498728 1.483679525222552 10.303209338382478 26
stats: session 101 65748.69376063581 10545.764414332562 130082.32592773438 3793.131103515625 41207.07230617281 1716
stats: users_count 0 1913
stats: finish_users_count 101 1817
stats: request 642 11.630352459963982 12.224995320311464 5584.343017578125 0.5048828125 52.59025262185768 28079
stats: connect 2 0.6826171875 0.049560546875 110.9208984375 0.4990234375 0.9222064196945883 2028
stats: page 494 15.174211139138409 13.553165142821236 5596.046142578125 0.5048828125 62.8892113332801 23490
stats: tr_play_game__ready_page 0 0 0 4304.6669921875 0.70703125 22.622844691947503 931
stats: 302 3 2019
stats: tr_quiz_new_POST 14 12.426095145089286 1.3131775126834273 128.31201171875 0.89013671875 24.517237917205993 338
stats: 200 515 23709
stats: tr_question_new_POST 120 5.128019205729166 1.2637354555927054 5544.958984375 0.7001953125 16.76451604373377 2696
stats: size_rcv 1715534 65872549
stats: tr_play_game__leaderboard 40 9.435522460937502 1.430682824750653 3256.15283203125 0.741943359375 21.272374112841106 852
stats: newphase 0 6
stats: tr_friend_requests 3 11.896728515625 2.8709432964737718 1731.69189453125 0.633056640625 23.353538154755665 596
stats: 422 0 51
stats: tr_friends 11 33.96484375 0.9125388843807225 172.723876953125 0.654052734375 53.3754160527952 578
stats: size_sent 996688 44671429
stats: tr_search_all_users 15 58.794775390625 5.790542748805998 1692.488037109375 0.697998046875 83.21696163774165 569
stats: connected -102 95
stats: tr_browse_quizzes_page_1 0 0 0 5183.880126953125 0.657958984375 61.93881248531485 931
stats: 404 124 2829
stats: tr_play_game__1st_question 0 0 0 4328.823974609375 1.05517578125 32.487226803756045 931
stats: 500 0 113
stats: tr_play_game__answer_to_question 1 9.975830078125 0.0 3717.597900390625 0.794921875 31.146448672715046 930
stats: tr_index 0 0 0 5584.384033203125 1.220947265625 337.422532684949 931
stats: tr_quizzes_page_INDEX 3 10.866943359375 3.1557059999505306 4740.10009765625 6.703125 33.50056858214522 377
stats: tr_quiz_questions_SHOW 120 8.52982177734375 1.4446503889586086 3032.070068359375 0.668212890625 18.373406203635014 2696
# stats: dump at 1448600153
stats: users 44 1123
stats: {freemem,"tsung_controller@ip-172-30-3-25"} 1 3045.4140625 0.0 3170.97265625 2936.53515625 3084.1572627314813 27
stats: {load,"tsung_controller@ip-172-30-3-25"} 1 0.1796875 0.0 0.33984375 0.0 0.08897569444444445 27
stats: {recvpackets,"tsung_controller@ip-172-30-3-25"} 1 2495.0 0.0 18210 175 5699.846153846154 26
stats: {sentpackets,"tsung_controller@ip-172-30-3-25"} 1 1913.0 0.0 13926 226 4581.884615384615 26
stats: {cpu,"tsung_controller@ip-172-30-3-25"} 1 4.497607655502392 0.0 26.762956669498728 1.483679525222552 10.210396805670745 27
stats: session 52 76262.54324106072 11591.162937867286 130082.32592773438 3793.131103515625 42571.246090928325 1817
stats: users_count 0 1913
stats: finish_users_count 52 1869
stats: request 480 11.536996968587243 11.409870232779733 5584.343017578125 0.5048828125 51.67467670514392 28721
stats: connect 3 1.0376790364583333 0.5046155539068367 110.9208984375 0.4990234375 0.9219703711899631 2030
stats: page 355 15.64852896676937 12.770702299861394 5596.046142578125 0.5048828125 61.906422386652935 23984
stats: tr_play_game__ready_page 0 0 0 4304.6669921875 0.70703125 22.622844691947503 931
stats: 302 2 2021
stats: tr_quiz_new_POST 13 12.938157301682692 1.8273341492488167 128.31201171875 0.89013671875 24.036340193314985 352
stats: 200 374 24083
stats: tr_question_new_POST 104 5.54112595778245 2.2526172340706734 5544.958984375 0.7001953125 16.268642598932438 2816
stats: size_rcv 1291043 67163592
stats: tr_play_game__leaderboard 25 10.129482421875002 2.1670263084747505 3256.15283203125 0.741943359375 20.741573590334216 892
stats: newphase 0 6
stats: tr_friend_requests 2 12.737060546875 4.5849609375 1731.69189453125 0.633056640625 23.29615847375835 599
stats: 422 0 51
stats: tr_friends 6 34.753865559895836 2.565386710121364 172.723876953125 0.654052734375 53.01290960910973 589
stats: size_sent 673574 45345003
stats: tr_search_all_users 10 59.3087158203125 3.5071321694276025 1692.488037109375 0.697998046875 82.58967945673695 584
stats: connected -55 40
stats: tr_browse_quizzes_page_1 0 0 0 5183.880126953125 0.657958984375 61.93881248531485 931
stats: 404 104 2933
stats: tr_play_game__1st_question 0 0 0 4328.823974609375 1.05517578125 32.487226803756045 931
stats: 500 0 113
stats: tr_play_game__answer_to_question 0 0 0 3717.597900390625 0.794921875 31.12370901794105 931
stats: tr_index 0 0 0 5584.384033203125 1.220947265625 337.422532684949 931
stats: tr_quizzes_page_INDEX 0 0 0 4740.10009765625 6.703125 33.321882067228614 380
stats: tr_quiz_questions_SHOW 104 8.746328500600958 1.8827292039818442 3032.070068359375 0.668212890625 17.953935276378285 2816
# stats: dump at 1448600163
stats: users 19 1123
stats: {freemem,"tsung_controller@ip-172-30-3-25"} 1 3076.6484375 0.0 3170.97265625 2936.53515625 3082.7735770089284 28
stats: {load,"tsung_controller@ip-172-30-3-25"} 1 0.1484375 0.0 0.33984375 0.0 0.09221540178571429 28
stats: {recvpackets,"tsung_controller@ip-172-30-3-25"} 1 2058.0 0.0 18210 175 5581.148148148148 27
stats: {sentpackets,"tsung_controller@ip-172-30-3-25"} 1 1529.0 0.0 13926 226 4483.037037037037 27
stats: {cpu,"tsung_controller@ip-172-30-3-25"} 1 3.6792452830188678 0.0 26.762956669498728 1.483679525222552 10.006368621736161 28
stats: session 25 85478.56627929688 12002.705465177754 130082.32592773438 3793.131103515625 43508.61765422789 1869
stats: users_count 0 1913
stats: finish_users_count 25 1894
stats: request 258 10.078704124273257 9.272451238686157 5584.343017578125 0.5048828125 51.01490182505258 29201
stats: connect 2 1.151123046875 0.3740234375 110.9208984375 0.4990234375 0.9221411168839154 2033
stats: page 183 14.265266126622267 10.30126925309741 5596.046142578125 0.5048828125 61.23172120073491 24339
stats: tr_play_game__ready_page 0 0 0 4304.6669921875 0.70703125 22.622844691947503 931
stats: 302 0 2021
stats: tr_quiz_new_POST 8 12.10003662109375 2.7426409597768764 128.31201171875 0.89013671875 23.641062446489727 365
stats: 200 193 24276
stats: tr_question_new_POST 64 5.129451751708984 1.1122507510468698 5544.958984375 0.7001953125 15.88656666376819 2920
stats: size_rcv 696429 67860021
stats: tr_play_game__leaderboard 8 8.870361328125 0.8271320075663096 3256.15283203125 0.741943359375 20.452258127726278 917
stats: newphase 0 6
stats: tr_friend_requests 1 10.125 0.0 1731.69189453125 0.633056640625 23.261020044717142 601
stats: 422 1 52
stats: tr_friends 3 34.502360026041664 0.5115144174440901 172.723876953125 0.654052734375 52.828784795168076 595
stats: size_sent 313731 45658734
stats: tr_search_all_users 4 58.132080078125 1.5153290666149375 1692.488037109375 0.697998046875 82.19774404198232 594
stats: connected -25 15
stats: tr_browse_quizzes_page_1 0 0 0 5183.880126953125 0.657958984375 61.93881248531485 931
stats: 404 64 2997
stats: tr_play_game__1st_question 0 0 0 4328.823974609375 1.05517578125 32.487226803756045 931
stats: 500 0 113
stats: tr_play_game__answer_to_question 0 0 0 3717.597900390625 0.794921875 31.12370901794105 931
stats: tr_index 0 0 0 5584.384033203125 1.220947265625 337.422532684949 931
stats: tr_quizzes_page_INDEX 0 0 0 4740.10009765625 6.703125 33.321882067228614 380
stats: tr_quiz_questions_SHOW 64 8.466625213623047 1.917903485168452 3032.070068359375 0.668212890625 17.62599311724101 2920
# stats: dump at 1448600173
stats: users 13 1123
stats: {freemem,"tsung_controller@ip-172-30-3-25"} 1 3088.73046875 0.0 3170.97265625 2936.53515625 3082.562365301724 29
stats: {load,"tsung_controller@ip-172-30-3-25"} 1 0.12890625 0.0 0.33984375 0.0 0.0941540948275862 29
stats: {recvpackets,"tsung_controller@ip-172-30-3-25"} 1 520.0 0.0 18210 175 5455.321428571428 28
stats: {sentpackets,"tsung_controller@ip-172-30-3-25"} 1 406.0 0.0 13926 226 4377.535714285715 28
stats: {cpu,"tsung_controller@ip-172-30-3-25"} 1 1.673228346456693 0.0 26.762956669498728 1.483679525222552 9.78819195488384 29
stats: session 6 95042.62601725261 8087.690451143055 130082.32592773438 3793.131103515625 44062.60324853978 1894
stats: users_count 0 1913
stats: finish_users_count 6 1900
stats: request 71 11.85567850462148 12.376543443152332 5584.343017578125 0.5048828125 50.65638527639849 29459
stats: connect 1 0.68505859375 0.0 110.9208984375 0.4990234375 0.9223661605497543 2035
stats: page 50 16.883999023437497 13.609741385748416 5596.046142578125 0.5048828125 60.88122526734601 24522
stats: tr_play_game__ready_page 0 0 0 4304.6669921875 0.70703125 22.622844691947503 931
stats: 302 0 2021
stats: tr_quiz_new_POST 2 12.10302734375 0.633056640625 128.31201171875 0.89013671875 23.393533742459784 373
stats: 200 55 24331
stats: tr_question_new_POST 16 4.7633514404296875 0.6897447294596833 5544.958984375 0.7001953125 15.655851062437163 2984
stats: size_rcv 210534 68070555
stats: tr_play_game__leaderboard 2 8.9605712890625 0.3275146484375 3256.15283203125 0.741943359375 20.352090371621617 925
stats: newphase 0 6
stats: tr_friend_requests 0 0 0 1731.69189453125 0.633056640625 23.239199413413623 602
stats: 422 0 52
stats: tr_friends 3 34.964762369791664 1.334983921605068 172.723876953125 0.654052734375 52.73684620936978 598
stats: size_sent 83816 45742550
stats: tr_search_all_users 2 56.9139404296875 0.7139892578125 1692.488037109375 0.697998046875 82.03676970108695 598
stats: connected -6 9
stats: tr_browse_quizzes_page_1 0 0 0 5183.880126953125 0.657958984375 61.93881248531485 931
stats: 404 16 3013
stats: tr_play_game__1st_question 0 0 0 4328.823974609375 1.05517578125 32.487226803756045 931
stats: 500 0 113
stats: tr_play_game__answer_to_question 0 0 0 3717.597900390625 0.794921875 31.12370901794105 931
stats: tr_index 0 0 0 5584.384033203125 1.220947265625 337.422532684949 931
stats: tr_quizzes_page_INDEX 0 0 0 4740.10009765625 6.703125 33.321882067228614 380
stats: tr_quiz_questions_SHOW 16 7.8573760986328125 0.14286759708607827 3032.070068359375 0.668212890625 17.42954554826261 2984
# stats: dump at 1448600183
stats: users 6 1123
stats: {freemem,"tsung_controller@ip-172-30-3-25"} 1 3103.81640625 0.0 3170.97265625 2936.53515625 3082.76796875 30
stats: {load,"tsung_controller@ip-172-30-3-25"} 1 0.109375 0.0 0.33984375 0.0 0.0953125 30
stats: {recvpackets,"tsung_controller@ip-172-30-3-25"} 1 380.0 0.0 18210 175 5285.137931034483 29
stats: {sentpackets,"tsung_controller@ip-172-30-3-25"} 1 287.0 0.0 13926 226 4240.5862068965525 29
stats: {cpu,"tsung_controller@ip-172-30-3-25"} 1 1.4822134387351777 0.0 26.762956669498728 1.4822134387351777 9.51769316793627 30
stats: session 7 108902.00756835938 13636.990260439577 130082.32592773438 3793.131103515625 44223.59279412519 1900
stats: users_count 0 1913
stats: finish_users_count 7 1907
stats: request 45 13.474658203124998 14.11927256107537 5584.343017578125 0.5048828125 50.56309539557234 29530
stats: connect 1 0.751953125 0.0 110.9208984375 0.4990234375 0.9222496047703831 2036
stats: page 35 17.359235491071427 15.102374796753962 5596.046142578125 0.5048828125 60.79169810992312 24572
stats: tr_play_game__ready_page 0 0 0 4304.6669921875 0.70703125 22.622844691947503 931
stats: 302 0 2021
stats: tr_quiz_new_POST 1 12.924072265625 0.0 128.31201171875 0.89013671875 23.333317708333333 375
stats: 200 37 24368
stats: tr_question_new_POST 8 5.168853759765625 1.2728876315554456 5544.958984375 0.7001953125 15.597757731119788 3000
stats: size_rcv 135932 68206487
stats: tr_play_game__leaderboard 4 10.49725341796875 1.6246892409563873 3256.15283203125 0.741943359375 20.32751319992246 927
stats: newphase 0 6
stats: tr_friend_requests 0 0 0 1731.69189453125 0.633056640625 23.239199413413623 602
stats: 422 0 52
stats: tr_friends 1 40.133056640625 0.0 172.723876953125 0.654052734375 52.64813364444676 601
stats: size_sent 70925 45813475
stats: tr_search_all_users 2 56.677978515625 0.777099609375 1692.488037109375 0.697998046875 81.95302693684896 600
stats: connected -6 3
stats: tr_browse_quizzes_page_1 0 0 0 5183.880126953125 0.657958984375 61.93881248531485 931
stats: 404 8 3021
stats: tr_play_game__1st_question 0 0 0 4328.823974609375 1.05517578125 32.487226803756045 931
stats: 500 0 113
stats: tr_play_game__answer_to_question 0 0 0 3717.597900390625 0.794921875 31.12370901794105 931
stats: tr_index 0 0 0 5584.384033203125 1.220947265625 337.422532684949 931
stats: tr_quizzes_page_INDEX 0 0 0 4740.10009765625 6.703125 33.321882067228614 380
stats: tr_quiz_questions_SHOW 8 8.04888916015625 0.23490048151569778 3032.070068359375 0.668212890625 17.378493977864583 3000
# stats: dump at 1448600193
stats: users 4 1123
stats: {freemem,"tsung_controller@ip-172-30-3-25"} 1 3106.00390625 0.0 3170.97265625 2936.53515625 3083.4469506048385 31
stats: {load,"tsung_controller@ip-172-30-3-25"} 1 0.08984375 0.0 0.33984375 0.0 0.09576612903225806 31
stats: {recvpackets,"tsung_controller@ip-172-30-3-25"} 1 169.0 0.0 18210 169 5121.633333333333 30
stats: {sentpackets,"tsung_controller@ip-172-30-3-25"} 1 129.0 0.0 13926 129 4108.800000000001 30
stats: {cpu,"tsung_controller@ip-172-30-3-25"} 1 1.183431952662722 0.0 26.762956669498728 1.183431952662722 9.258484144413655 31
stats: session 2 110919.26904296875 105.658935546875 130082.32592773438 3793.131103515625 44461.0070067207 1907
stats: users_count 0 1913
stats: finish_users_count 2 1909
stats: request 27 7.75072337962963 2.3425837711583615 5584.343017578125 0.5048828125 50.50666328488222 29575
stats: connect 0 0 0 110.9208984375 0.4990234375 0.9221660031602847 2037
stats: page 18 11.688544379340279 2.71089677392935 5596.046142578125 0.5048828125 60.72992153449093 24607
stats: tr_play_game__ready_page 0 0 0 4304.6669921875 0.70703125 22.622844691947503 931
stats: 302 0 2021
stats: tr_quiz_new_POST 1 12.198974609375 0.0 128.31201171875 0.89013671875 23.305633544921875 376
stats: 200 19 24387
stats: tr_question_new_POST 8 4.62322998046875 0.08914140167700366 5544.958984375 0.7001953125 15.570021284387463 3008
stats: size_rcv 68595 68275082
stats: tr_play_game__leaderboard 0 0 0 3256.15283203125 0.741943359375 20.285277926960255 931
stats: newphase 0 6
stats: tr_friend_requests 0 0 0 1731.69189453125 0.633056640625 23.239199413413623 602
stats: 422 0 52
stats: tr_friends 0 0 0 172.723876953125 0.654052734375 52.62734447998859 602
stats: size_sent 26624 45840099
stats: tr_search_all_users 0 0 0 1692.488037109375 0.697998046875 81.86905667631333 602
stats: connected -2 1
stats: tr_browse_quizzes_page_1 0 0 0 5183.880126953125 0.657958984375 61.93881248531485 931
stats: 404 8 3029
stats: tr_play_game__1st_question 0 0 0 4328.823974609375 1.05517578125 32.487226803756045 931
stats: 500 0 113
stats: tr_play_game__answer_to_question 0 0 0 3717.597900390625 0.794921875 31.12370901794105 931
stats: tr_index 0 0 0 5584.384033203125 1.220947265625 337.422532684949 931
stats: tr_quizzes_page_INDEX 0 0 0 4740.10009765625 6.703125 33.321882067228614 380
stats: tr_quiz_questions_SHOW 8 8.330963134765625 1.1770823363617104 3032.070068359375 0.668212890625 17.353681199094083 3008
# stats: dump at 1448600203
stats: users 3 1123
stats: {freemem,"tsung_controller@ip-172-30-3-25"} 1 3106.2890625 0.0 3170.97265625 2936.53515625 3084.15185546875 32
stats: {load,"tsung_controller@ip-172-30-3-25"} 1 0.078125 0.0 0.33984375 0.0 0.0955810546875 32
stats: {recvpackets,"tsung_controller@ip-172-30-3-25"} 1 11.0 0.0 18210 11 4961.870967741936 31
stats: {sentpackets,"tsung_controller@ip-172-30-3-25"} 1 10.0 0.0 13926 10 3980.4193548387107 31
stats: {cpu,"tsung_controller@ip-172-30-3-25"} 1 0.8858267716535433 0.0 26.762956669498728 0.8858267716535433 9.006138763421438 32
stats: session 1 115921.1318359375 0.0 130082.32592773438 3793.131103515625 44530.633263437565 1909
stats: users_count 0 1913
stats: finish_users_count 1 1910
stats: request 1 9.0458984375 0.0 5584.343017578125 0.5048828125 50.467665569273755 29602
stats: connect 0 0 0 110.9208984375 0.4990234375 0.9221660031602847 2037
stats: page 1 9.0458984375 0.0 5596.046142578125 0.5048828125 60.69407403037752 24625
stats: tr_play_game__ready_page 0 0 0 4304.6669921875 0.70703125 22.622844691947503 931
stats: 302 0 2021
stats: tr_quiz_new_POST 0 0 0 128.31201171875 0.89013671875 23.276172911140584 377
stats: 200 1 24388
stats: tr_question_new_POST 0 0 0 5544.958984375 0.7001953125 15.540984702679458 3016
stats: size_rcv 1625 68276707
stats: tr_play_game__leaderboard 0 0 0 3256.15283203125 0.741943359375 20.285277926960255 931
stats: newphase 0 6
stats: tr_friend_requests 0 0 0 1731.69189453125 0.633056640625 23.239199413413623 602
stats: 422 0 52
stats: tr_friends 0 0 0 172.723876953125 0.654052734375 52.62734447998859 602
stats: size_sent 3431 45843530
stats: tr_search_all_users 0 0 0 1692.488037109375 0.697998046875 81.86905667631333 602
stats: connected -1 0
stats: tr_browse_quizzes_page_1 0 0 0 5183.880126953125 0.657958984375 61.93881248531485 931
stats: 404 0 3029
stats: tr_play_game__1st_question 0 0 0 4328.823974609375 1.05517578125 32.487226803756045 931
stats: 500 0 113
stats: tr_play_game__answer_to_question 0 0 0 3717.597900390625 0.794921875 31.12370901794105 931
stats: tr_index 0 0 0 5584.384033203125 1.220947265625 337.422532684949 931
stats: tr_quizzes_page_INDEX 0 0 0 4740.10009765625 6.703125 33.321882067228614 380
stats: tr_quiz_questions_SHOW 0 0 0 3032.070068359375 0.668212890625 17.329748259931407 3016
# stats: dump at 1448600213
stats: users 3 1123
stats: {freemem,"tsung_controller@ip-172-30-3-25"} 1 3106.35546875 0.0 3170.97265625 2936.53515625 3084.8226799242425 33
stats: {load,"tsung_controller@ip-172-30-3-25"} 1 0.05859375 0.0 0.33984375 0.0 0.09505208333333333 33
stats: {recvpackets,"tsung_controller@ip-172-30-3-25"} 1 2.0 0.0 18210 2 4807.15625 32
stats: {sentpackets,"tsung_controller@ip-172-30-3-25"} 1 1.0 0.0 13926 1 3856.343750000001 32
stats: {cpu,"tsung_controller@ip-172-30-3-25"} 1 0.9891196834817012 0.0 26.762956669498728 0.8858267716535433 8.760068703064835 33
stats: session 0 0 0 130082.32592773438 3793.131103515625 44568.01048782108 1910
stats: users_count 0 1913
stats: finish_users_count 0 1910
stats: request 0 0 0 5584.343017578125 0.5048828125 50.466266327064126 29603
stats: connect 0 0 0 110.9208984375 0.4990234375 0.9221660031602847 2037
stats: page 0 0 0 5596.046142578125 0.5048828125 60.691976727705836 24626
stats: tr_play_game__ready_page 0 0 0 4304.6669921875 0.70703125 22.622844691947503 931
stats: 302 0 2021
stats: tr_quiz_new_POST 0 0 0 128.31201171875 0.89013671875 23.276172911140584 377
stats: 200 0 24388
stats: tr_question_new_POST 0 0 0 5544.958984375 0.7001953125 15.540984702679458 3016
stats: size_rcv 0 68276707
stats: tr_play_game__leaderboard 0 0 0 3256.15283203125 0.741943359375 20.285277926960255 931
stats: newphase 0 6
stats: tr_friend_requests 0 0 0 1731.69189453125 0.633056640625 23.239199413413623 602
stats: 422 0 52
stats: tr_friends 0 0 0 172.723876953125 0.654052734375 52.62734447998859 602
stats: size_sent 0 45843530
stats: tr_search_all_users 0 0 0 1692.488037109375 0.697998046875 81.86905667631333 602
stats: connected 0 0
stats: tr_browse_quizzes_page_1 0 0 0 5183.880126953125 0.657958984375 61.93881248531485 931
stats: 404 0 3029
stats: tr_play_game__1st_question 0 0 0 4328.823974609375 1.05517578125 32.487226803756045 931
stats: 500 0 113
stats: tr_play_game__answer_to_question 0 0 0 3717.597900390625 0.794921875 31.12370901794105 931
stats: tr_index 0 0 0 5584.384033203125 1.220947265625 337.422532684949 931
stats: tr_quizzes_page_INDEX 0 0 0 4740.10009765625 6.703125 33.321882067228614 380
stats: tr_quiz_questions_SHOW 0 0 0 3032.070068359375 0.668212890625 17.329748259931407 3016
# stats: dump at 1448600223
stats: users 2 1123
stats: {freemem,"tsung_controller@ip-172-30-3-25"} 1 3106.40625 0.0 3170.97265625 2936.53515625 3085.455997242647 34
stats: {load,"tsung_controller@ip-172-30-3-25"} 1 0.05078125 0.0 0.33984375 0.0 0.0939797794117647 34
stats: {recvpackets,"tsung_controller@ip-172-30-3-25"} 1 105.0 0.0 18210 2 4661.545454545455 33
stats: {sentpackets,"tsung_controller@ip-172-30-3-25"} 1 77.0 0.0 13926 1 3739.5151515151524 33
stats: {cpu,"tsung_controller@ip-172-30-3-25"} 1 0.9881422924901186 0.0 26.762956669498728 0.8858267716535433 8.53151137895945 34
stats: session 1 153619.98315429688 0.0 153619.98315429688 3793.131103515625 44568.01048782108 1910
stats: users_count 0 1913
stats: finish_users_count 1 1911
stats: request 26 8.123215895432692 2.8025945499393154 5584.343017578125 0.5048828125 50.466266327064126 29603
stats: connect 1 0.841064453125 0.0 110.9208984375 0.4990234375 0.9221660031602847 2037
stats: page 17 12.492244944852942 3.2467032164710528 5596.046142578125 0.5048828125 60.691976727705836 24626
stats: tr_play_game__ready_page 0 0 0 4304.6669921875 0.70703125 22.622844691947503 931
stats: 302 0 2021
stats: tr_quiz_new_POST 1 15.138916015625 0.0 128.31201171875 0.89013671875 23.276172911140584 377
stats: 200 18 24406
stats: tr_question_new_POST 8 4.79486083984375 0.4015943297525284 5544.958984375 0.7001953125 15.540984702679458 3016
stats: size_rcv 66971 68343678
stats: tr_play_game__leaderboard 0 0 0 3256.15283203125 0.741943359375 20.285277926960255 931
stats: newphase 0 6
stats: tr_friend_requests 0 0 0 1731.69189453125 0.633056640625 23.239199413413623 602
stats: 422 0 52
stats: tr_friends 0 0 0 172.723876953125 0.654052734375 52.62734447998859 602
stats: size_sent 23247 45866777
stats: tr_search_all_users 0 0 0 1692.488037109375 0.697998046875 81.86905667631333 602
stats: connected 0 0
stats: tr_browse_quizzes_page_1 0 0 0 5183.880126953125 0.657958984375 61.93881248531485 931
stats: 404 8 3037
stats: tr_play_game__1st_question 0 0 0 4328.823974609375 1.05517578125 32.487226803756045 931
stats: 500 0 113
stats: tr_play_game__answer_to_question 0 0 0 3717.597900390625 0.794921875 31.12370901794105 931
stats: tr_index 0 0 0 5584.384033203125 1.220947265625 337.422532684949 931
stats: tr_quizzes_page_INDEX 0 0 0 4740.10009765625 6.703125 33.321882067228614 380
stats: tr_quiz_questions_SHOW 8 8.396820068359375 1.1423239722794525 3032.070068359375 0.668212890625 17.329748259931407 3016
# stats: dump at 1448600229
stats: users 0 1123
stats: {freemem,"tsung_controller@ip-172-30-3-25"} 1 3111.13671875 0.0 3170.97265625 2936.53515625 3086.054575892857 35
stats: {load,"tsung_controller@ip-172-30-3-25"} 1 0.05078125 0.0 0.33984375 0.0 0.09274553571428572 35
stats: {recvpackets,"tsung_controller@ip-172-30-3-25"} 1 210.0 0.0 18210 2 4527.529411764706 34
stats: {sentpackets,"tsung_controller@ip-172-30-3-25"} 1 153.0 0.0 13926 1 3631.7941176470595 34
stats: {cpu,"tsung_controller@ip-172-30-3-25"} 1 1.0869565217391304 0.0 26.762956669498728 0.8858267716535433 8.31598654791747 35
stats: session 2 161285.95947265625 6310.33544921875 167596.294921875 3793.131103515625 44625.07588429751 1911
stats: users_count 0 1913
stats: finish_users_count 2 1913
stats: request 52 7.941434420072114 2.575307928746894 5584.343017578125 0.5048828125 50.42910951072802 29629
stats: connect 2 0.8900146484375 0.0560302734375 110.9208984375 0.4990234375 0.9221262084841143 2038
stats: page 34 12.216775333180147 2.9680217371490767 5596.046142578125 0.5048828125 60.658726091001355 24643
stats: tr_play_game__ready_page 0 0 0 4304.6669921875 0.70703125 22.622844691947503 931
stats: 302 0 2021
stats: tr_quiz_new_POST 2 13.767578125 1.51953125 128.31201171875 0.89013671875 23.254645776496364 378
stats: 200 36 24442
stats: tr_question_new_POST 16 4.825653076171875 0.8142728394457461 5544.958984375 0.7001953125 15.512555803571427 3024
stats: size_rcv 133942 68477620
stats: tr_play_game__leaderboard 0 0 0 3256.15283203125 0.741943359375 20.285277926960255 931
stats: newphase 0 6
stats: tr_friend_requests 0 0 0 1731.69189453125 0.633056640625 23.239199413413623 602
stats: 422 0 52
stats: tr_friends 0 0 0 172.723876953125 0.654052734375 52.62734447998859 602
stats: size_sent 46422 45913199
stats: tr_search_all_users 0 0 0 1692.488037109375 0.697998046875 81.86905667631333 602
stats: connected 0 0
stats: tr_browse_quizzes_page_1 0 0 0 5183.880126953125 0.657958984375 61.93881248531485 931
stats: 404 16 3053
stats: tr_play_game__1st_question 0 0 0 4328.823974609375 1.05517578125 32.487226803756045 931
stats: 500 0 113
stats: tr_play_game__answer_to_question 0 0 0 3717.597900390625 0.794921875 31.12370901794105 931
stats: tr_index 0 0 0 5584.384033203125 1.220947265625 337.422532684949 931
stats: tr_quizzes_page_INDEX 0 0 0 4740.10009765625 6.703125 33.321882067228614 380
stats: tr_quiz_questions_SHOW 16 8.219650268554688 0.7478924968908349 3032.070068359375 0.668212890625 17.30611617476852 3024
EndMonitor:{1448,600229,994665}
