# stats: dump at 1448599880
stats: users 14 14
stats: {freemem,"tsung_controller@ip-172-30-3-173"} 1 3170.22265625 0 3170.22265625 3170.22265625 0 0
stats: {cpu,"tsung_controller@ip-172-30-3-173"} 1 5.811162679314677 0 5.811162679314677 5.811162679314677 0 0
stats: {load,"tsung_controller@ip-172-30-3-173"} 1 0.23828125 0 0.23828125 0.23828125 0 0
stats: session 4 1245.803955078125 419.226481257234 1692.512939453125 570.47802734375 0 0
stats: users_count 18 18
stats: finish_users_count 4 4
stats: request 31 40.77245306199597 85.28523664207607 314.448974609375 3.966796875 0 0
stats: connect 17 6.781881893382354 24.31288053774291 104.032958984375 0.555908203125 0 0
stats: page 31 40.77245306199597 85.28523664207607 314.448974609375 3.966796875 0 0
stats: tr_play_game__ready_page 7 11.598005022321429 8.848427644983463 33.2099609375 7.013916015625 0 0
stats: 302 4 4
stats: tr_browse_quizzes_page_1 4 82.0955810546875 134.1904487495196 314.51904296875 4.047119140625 0 0
stats: 200 27 27
stats: tr_play_game__1st_question 2 140.6444091796875 109.3475341796875 249.991943359375 31.296875 0 0
stats: size_rcv 43538 43538
stats: tr_index 8 58.0772705078125 102.12004942185445 311.47314453125 5.5341796875 0 0
stats: size_sent 18312 18312
stats: connected 13 13
# stats: dump at 1448599890
stats: users 24 25
stats: {freemem,"tsung_controller@ip-172-30-3-173"} 1 3167.45703125 0.0 3170.22265625 3167.45703125 3170.22265625 1
stats: {recvpackets,"tsung_controller@ip-172-30-3-173"} 1 241 0 241 241 0 0
stats: {sentpackets,"tsung_controller@ip-172-30-3-173"} 1 308 0 308 308 0 0
stats: {cpu,"tsung_controller@ip-172-30-3-173"} 1 2.753195673549656 0.0 5.811162679314677 2.753195673549656 5.811162679314677 1
stats: {load,"tsung_controller@ip-172-30-3-173"} 1 0.2109375 0.0 0.23828125 0.2109375 0.23828125 1
stats: session 2 3831.9459228515625 2293.1790771484375 6125.125 570.47802734375 1245.803955078125 4
stats: users_count 12 30
stats: finish_users_count 2 6
stats: request 49 38.266701211734684 80.88740056816653 355.0791015625 3.966796875 40.77245306199597 31
stats: connect 13 0.7076509915865384 0.06702385255281461 104.032958984375 0.546875 6.781881893382354 17
stats: page 47 39.898479055851034 82.45490544450796 355.0791015625 3.966796875 40.77245306199597 31
stats: tr_play_game__ready_page 3 9.435953776041666 2.0407883740165693 33.2099609375 7.013916015625 11.598005022321429 7
stats: 302 4 8
stats: tr_browse_quizzes_page_1 2 179.952880859375 175.18896484375 355.141845703125 4.047119140625 82.0955810546875 4
stats: 200 45 72
stats: tr_play_game__1st_question 8 129.275390625 119.66841858084615 251.0009765625 9.053955078125 140.6444091796875 2
stats: size_rcv 76679 120217
stats: tr_play_game__answer_to_question 6 11.873046875 2.934622738624318 18.383056640625 10.0830078125 0 0
stats: size_sent 67473 85785
stats: tr_index 4 6.348876953125 0.5383197255771849 311.47314453125 5.5341796875 58.0772705078125 8
stats: connected 11 24
stats: tr_quizzes_page_INDEX 1 12.889892578125 0 12.889892578125 12.889892578125 0 0
# stats: dump at 1448599900
stats: users 23 25
stats: {freemem,"tsung_controller@ip-172-30-3-173"} 1 3164.06640625 0.0 3170.22265625 3164.06640625 3168.83984375 2
stats: {recvpackets,"tsung_controller@ip-172-30-3-173"} 1 254.0 0.0 254 241 241.0 1
stats: {sentpackets,"tsung_controller@ip-172-30-3-173"} 1 231.0 0.0 308 231 308.0 1
stats: {cpu,"tsung_controller@ip-172-30-3-173"} 1 1.7699115044247788 0.0 5.811162679314677 1.7699115044247788 4.282179176432166 2
stats: {load,"tsung_controller@ip-172-30-3-173"} 1 0.171875 0.0 0.23828125 0.171875 0.224609375 2
stats: session 1 11395.390869140625 0.0 11395.390869140625 570.47802734375 2107.851277669271 6
stats: users_count 0 30
stats: finish_users_count 1 7
stats: request 70 13.338511439732143 17.3426031348494 355.0791015625 3.966796875 39.23768005371093 80
stats: connect 0 0 0 104.032958984375 0.546875 4.149715169270833 30
stats: page 58 16.12418760102371 19.536116236246784 355.0791015625 3.966796875 40.245827699318895 78
stats: tr_play_game__ready_page 2 8.0225830078125 0.3895263671875 33.2099609375 7.013916015625 10.9493896484375 10
stats: 302 3 11
stats: tr_question_new_POST 8 4.566253662109375 0.37281970027348044 5.533935546875 4.3349609375 0 0
stats: 200 59 131
stats: tr_quiz_new_POST 1 15.68701171875 0 15.68701171875 15.68701171875 0 0
stats: size_rcv 136525 256742
stats: tr_browse_quizzes_page_1 0 0 0 355.141845703125 4.047119140625 114.71468098958333 6
stats: size_sent 124471 210256
stats: tr_play_game__1st_question 0 0 0 251.0009765625 9.053955078125 131.5491943359375 10
stats: connected -1 23
stats: tr_play_game__answer_to_question 3 12.506591796875 2.9029207747026855 18.383056640625 10.013916015625 11.873046875 6
stats: 404 8 8
stats: tr_index 0 0 0 311.47314453125 5.5341796875 40.83447265625 12
stats: tr_quizzes_page_INDEX 2 7.8350830078125 0.4439697265625 12.889892578125 7.39111328125 12.889892578125 1
stats: tr_quiz_questions_SHOW 8 7.947906494140625 0.8443111120197131 10.1640625 7.48193359375 0 0
# stats: dump at 1448599910
stats: users 30 30
stats: {freemem,"tsung_controller@ip-172-30-3-173"} 1 3162.40234375 0.0 3170.22265625 3162.40234375 3167.2486979166665 3
stats: {recvpackets,"tsung_controller@ip-172-30-3-173"} 1 377.0 0.0 377 241 247.5 2
stats: {sentpackets,"tsung_controller@ip-172-30-3-173"} 1 296.0 0.0 308 231 269.5 2
stats: {cpu,"tsung_controller@ip-172-30-3-173"} 1 1.678183613030602 0.0 5.811162679314677 1.678183613030602 3.4447566190963705 3
stats: {load,"tsung_controller@ip-172-30-3-173"} 1 0.1484375 0.0 0.23828125 0.1484375 0.20703125 3
stats: session 7 21507.696428571428 10931.854149276303 37296.032958984375 570.47802734375 3434.642647879464 7
stats: users_count 14 44
stats: finish_users_count 7 14
stats: request 100 16.033095703125 21.018082835819236 355.0791015625 3.966796875 27.151401367187496 150
stats: connect 14 0.6500069754464286 0.06780323203089565 104.032958984375 0.531982421875 4.149715169270833 30
stats: page 84 19.106881277901785 30.48903021772554 355.0791015625 3.966796875 29.95865765739889 136
stats: tr_play_game__ready_page 4 8.58428955078125 1.2203765478067683 33.2099609375 7.013916015625 10.461588541666666 12
stats: 302 5 16
stats: tr_question_new_POST 8 4.5887451171875 0.08686458593837341 5.533935546875 4.3349609375 4.566253662109375 8
stats: 200 87 218
stats: tr_quiz_new_POST 1 12.012939453125 0.0 15.68701171875 12.012939453125 15.68701171875 1
stats: size_rcv 237290 494032
stats: tr_play_game__leaderboard 3 9.851643880208334 0.5900536417058758 10.68603515625 9.425048828125 0 0
stats: newphase 1 1
stats: tr_search_all_users 3 63.055419921875 5.853110872093104 70.271240234375 55.93505859375 0 0
stats: size_sent 148150 358406
stats: tr_browse_quizzes_page_1 1 4.421142578125 0.0 355.141845703125 4.047119140625 114.71468098958333 6
stats: connected 7 30
stats: tr_play_game__1st_question 4 10.56024169921875 2.290674562262814 251.0009765625 8.3779296875 131.5491943359375 10
stats: 404 8 16
stats: tr_play_game__answer_to_question 5 12.658154296875 2.5738650339143083 18.383056640625 10.013916015625 12.084228515625 9
stats: tr_index 9 6.903781467013889 1.1811197522171168 311.47314453125 5.5341796875 40.83447265625 12
stats: tr_quizzes_page_INDEX 2 8.4869384765625 0.2659912109375 12.889892578125 7.39111328125 9.52001953125 3
stats: tr_quiz_questions_SHOW 8 7.97528076171875 0.14643608568886757 10.1640625 7.48193359375 7.947906494140625 8
# stats: dump at 1448599920
stats: users 34 35
stats: {freemem,"tsung_controller@ip-172-30-3-173"} 1 3160.97265625 0.0 3170.22265625 3160.97265625 3166.037109375 4
stats: {recvpackets,"tsung_controller@ip-172-30-3-173"} 1 488.0 0.0 488 241 290.6666666666667 3
stats: {sentpackets,"tsung_controller@ip-172-30-3-173"} 1 410.0 0.0 410 231 278.3333333333333 3
stats: {cpu,"tsung_controller@ip-172-30-3-173"} 1 1.8756169792694966 0.0 5.811162679314677 1.678183613030602 3.003113367579928 4
stats: {load,"tsung_controller@ip-172-30-3-173"} 1 0.12109375 0.0 0.23828125 0.12109375 0.1923828125 4
stats: session 5 29013.09609375 13027.49954785482 41823.48486328125 570.47802734375 12471.169538225446 14
stats: users_count 9 53
stats: finish_users_count 5 19
stats: request 111 11.48122756545608 14.21539268931827 355.0791015625 3.966796875 22.7040791015625 250
stats: connect 9 0.6729058159722222 0.04215444168753491 104.032958984375 0.531982421875 3.036171653053977 44
stats: page 98 13.01946647799745 16.118018781862684 355.0791015625 3.966796875 25.815252130681813 220
stats: tr_play_game__ready_page 8 7.850494384765625 0.3657162173001025 33.2099609375 7.013916015625 9.992263793945313 16
stats: 302 5 21
stats: tr_question_new_POST 8 4.550567626953125 0.0414844130571553 5.533935546875 4.3349609375 4.5774993896484375 16
stats: 200 98 316
stats: tr_quiz_new_POST 1 13.580078125 0.0 15.68701171875 12.012939453125 13.8499755859375 2
stats: size_rcv 195995 690027
stats: tr_play_game__leaderboard 3 8.745686848958334 0.5333218036835878 10.68603515625 8.259033203125 9.851643880208334 3
stats: newphase 0 1
stats: tr_search_all_users 0 0 0 70.271240234375 55.93505859375 63.055419921875 3
stats: size_sent 202790 561196
stats: tr_friend_requests 1 10.469970703125 0 10.469970703125 10.469970703125 0 0
stats: connected 4 34
stats: tr_browse_quizzes_page_1 1 4.52392578125 0.0 355.141845703125 4.047119140625 98.95846121651786 7
stats: 404 8 24
stats: tr_play_game__1st_question 9 9.13330078125 0.8987149238727379 251.0009765625 8.3779296875 96.98092215401786 14
stats: tr_play_game__answer_to_question 4 10.69830322265625 0.42813531817929174 18.383056640625 10.013916015625 12.289202008928571 14
stats: tr_index 3 6.101481119791667 0.11160019020343888 311.47314453125 5.5341796875 26.292747860863095 21
stats: tr_quizzes_page_INDEX 1 11.427001953125 0.0 12.889892578125 7.39111328125 9.106787109375 5
stats: tr_quiz_questions_SHOW 8 7.81634521484375 0.12598541879203784 10.1640625 7.48193359375 7.9615936279296875 16
# stats: dump at 1448599930
stats: users 41 42
stats: {freemem,"tsung_controller@ip-172-30-3-173"} 1 3158.14453125 0.0 3170.22265625 3158.14453125 3165.02421875 5
stats: {recvpackets,"tsung_controller@ip-172-30-3-173"} 1 517.0 0.0 517 241 340.0 4
stats: {sentpackets,"tsung_controller@ip-172-30-3-173"} 1 432.0 0.0 432 231 311.25 4
stats: {cpu,"tsung_controller@ip-172-30-3-173"} 1 1.8793273986152326 0.0 5.811162679314677 1.678183613030602 2.777614089917842 5
stats: {load,"tsung_controller@ip-172-30-3-173"} 1 0.109375 0.0 0.23828125 0.109375 0.178125 5
stats: session 13 25128.981313852164 18072.406501558653 51178.01904296875 570.47802734375 16824.30810546875 19
stats: users_count 20 73
stats: finish_users_count 13 32
stats: request 143 16.777958369755243 33.02048675902766 355.0791015625 3.8701171875 19.253285415945292 361
stats: connect 20 0.7343017578125 0.059052217385685 104.032958984375 0.531982421875 2.6348623599646226 53
stats: page 125 19.208277343749998 37.60255915628348 355.0791015625 3.8701171875 21.871896803753927 318
stats: tr_play_game__ready_page 7 9.027657645089286 0.3657180629103031 33.2099609375 7.013916015625 9.278340657552084 24
stats: 302 9 30
stats: tr_question_new_POST 8 4.643646240234375 0.10804504921888282 5.533935546875 4.3349609375 4.568522135416667 24
stats: 200 126 442
stats: tr_quiz_new_POST 1 11.890869140625 0.0 15.68701171875 11.890869140625 13.760009765625 3
stats: size_rcv 305806 995833
stats: tr_play_game__leaderboard 8 10.433837890625 1.1154488325605112 13.033935546875 8.259033203125 9.298665364583334 6
stats: newphase 0 1
stats: tr_search_all_users 3 58.070638020833336 3.715776715194829 70.271240234375 52.844970703125 63.055419921875 3
stats: size_sent 237167 798363
stats: tr_friend_requests 2 9.5689697265625 0.0560302734375 10.469970703125 9.512939453125 10.469970703125 1
stats: connected 8 42
stats: tr_friends 2 44.78955078125 9.70947265625 54.4990234375 35.080078125 0 0
stats: 404 8 32
stats: tr_browse_quizzes_page_1 3 119.14029947916667 162.7941473167009 355.141845703125 3.93701171875 87.15414428710938 8
stats: tr_play_game__1st_question 4 10.230224609375 1.0181548814269976 251.0009765625 8.3779296875 62.605765964673914 23
stats: tr_play_game__answer_to_question 5 12.16142578125 1.6812310894891733 18.383056640625 10.013916015625 11.9356689453125 18
stats: tr_index 9 6.811089409722222 0.6170402896165361 311.47314453125 5.5341796875 23.768839518229168 24
stats: tr_quizzes_page_INDEX 1 9.612060546875 0.0 12.889892578125 7.39111328125 9.493489583333334 6
stats: tr_quiz_questions_SHOW 8 8.130096435546875 0.3764103641004102 10.1640625 7.48193359375 7.913177490234375 24
# stats: dump at 1448599940
stats: users 34 42
stats: {freemem,"tsung_controller@ip-172-30-3-173"} 1 3155.9140625 0.0 3170.22265625 3155.9140625 3163.8776041666665 6
stats: {recvpackets,"tsung_controller@ip-172-30-3-173"} 1 763.0 0.0 763 241 375.4 5
stats: {sentpackets,"tsung_controller@ip-172-30-3-173"} 1 625.0 0.0 625 231 335.4 5
stats: {cpu,"tsung_controller@ip-172-30-3-173"} 1 2.371541501976284 0.0 5.811162679314677 1.678183613030602 2.627899641367407 6
stats: {load,"tsung_controller@ip-172-30-3-173"} 1 0.08984375 0.0 0.23828125 0.08984375 0.16666666666666666 6
stats: session 17 26822.000387752756 22352.563105570967 62882.230224609375 467.64990234375 20198.08159637451 32
stats: users_count 10 83
stats: finish_users_count 17 49
stats: request 160 12.1513671875 14.90607505399279 355.0791015625 3.64990234375 18.550960480220734 504
stats: connect 9 0.7110188802083334 0.04657124186244443 104.032958984375 0.531982421875 2.1141608251284247 73
stats: page 135 14.42276837384259 18.243590353239885 355.0791015625 3.64990234375 21.120311177341982 443
stats: tr_play_game__ready_page 4 7.82305908203125 0.47011872970017476 33.2099609375 7.013916015625 9.221734816028226 31
stats: 302 12 42
stats: tr_question_new_POST 16 5.0067291259765625 0.8076766012713557 8.071044921875 4.3349609375 4.587303161621094 32
stats: 200 132 574
stats: tr_quiz_new_POST 2 14.9219970703125 2.4539794921875 17.3759765625 11.890869140625 13.292724609375 4
stats: size_rcv 320154 1315987
stats: tr_play_game__leaderboard 6 8.596435546875 0.29583229190123733 13.033935546875 8.14990234375 9.947335379464286 14
stats: newphase 1 2
stats: tr_search_all_users 1 54.322021484375 0.0 70.271240234375 52.844970703125 60.563028971354164 6
stats: size_sent 263093 1061456
stats: tr_friend_requests 2 8.635986328125 0.4169921875 10.469970703125 8.218994140625 9.869303385416666 3
stats: connected -8 34
stats: tr_friends 2 34.0355224609375 1.9134521484375 54.4990234375 32.1220703125 44.78955078125 2
stats: 404 16 48
stats: tr_browse_quizzes_page_1 6 4.3963623046875 0.5060256184069221 355.141845703125 3.695068359375 95.87764115767045 11
stats: tr_play_game__1st_question 7 10.302176339285714 1.3619399260396508 251.0009765625 8.3779296875 54.846426504629626 27
stats: tr_play_game__answer_to_question 7 10.879499162946429 0.7596978720269799 18.383056640625 9.9169921875 11.98474651834239 23
stats: tr_index 2 6.77294921875 0.670166015625 311.47314453125 5.5341796875 19.143998579545453 33
stats: tr_quizzes_page_INDEX 2 9.153076171875 0.549072265625 12.889892578125 7.39111328125 9.510428292410714 7
stats: tr_quiz_questions_SHOW 16 8.282608032226563 0.4009638610919485 10.1640625 7.48193359375 7.9674072265625 32
# stats: dump at 1448599950
stats: users 39 42
stats: {freemem,"tsung_controller@ip-172-30-3-173"} 1 3155.92578125 0.0 3170.22265625 3155.9140625 3162.7399553571427 7
stats: {recvpackets,"tsung_controller@ip-172-30-3-173"} 1 787.0 0.0 787 241 440.0 6
stats: {sentpackets,"tsung_controller@ip-172-30-3-173"} 1 681.0 0.0 681 231 383.6666666666667 6
stats: {cpu,"tsung_controller@ip-172-30-3-173"} 1 2.9440628066732093 0.0 5.811162679314677 1.678183613030602 2.5912770500258184 7
stats: {load,"tsung_controller@ip-172-30-3-173"} 1 0.078125 0.0 0.23828125 0.078125 0.15569196428571427 7
stats: session 18 24118.76109483507 20280.549204354236 64084.429931640625 37.7548828125 22496.175870934312 49
stats: users_count 23 106
stats: finish_users_count 18 67
stats: request 137 12.56563640510949 16.328324042953913 355.0791015625 3.649169921875 17.008889807275978 664
stats: connect 23 0.6926375679347826 0.16497846339486083 104.032958984375 0.512939453125 1.960157440929878 82
stats: page 120 14.359079996744791 21.69123428821772 355.0791015625 3.649169921875 19.556006197285896 578
stats: tr_play_game__ready_page 4 8.18731689453125 0.6205002059926575 33.2099609375 7.013916015625 9.061886160714286 35
stats: 302 11 53
stats: tr_question_new_POST 8 4.653533935546875 0.24351431619857242 8.071044921875 4.3349609375 4.72711181640625 48
stats: 200 118 692
stats: tr_quiz_new_POST 1 12.56298828125 0.0 17.3759765625 11.890869140625 13.8358154296875 6
stats: size_rcv 287588 1603575
stats: tr_play_game__leaderboard 4 10.0416259765625 1.3899792715026176 13.033935546875 8.14990234375 9.5420654296875 20
stats: newphase 0 2
stats: tr_search_all_users 3 55.261393229166664 2.5467283236569287 70.271240234375 52.656982421875 59.671456473214285 7
stats: size_sent 215456 1276912
stats: tr_friend_requests 2 7.882568359375 0.11865234375 10.469970703125 7.763916015625 9.3759765625 5
stats: connected 5 39
stats: tr_friends 0 0 0 54.4990234375 32.1220703125 39.41253662109375 4
stats: 404 8 56
stats: tr_browse_quizzes_page_1 6 3.9593505859375 0.32556341528536525 355.141845703125 3.695068359375 63.5901309742647 17
stats: tr_play_game__1st_question 4 9.00836181640625 0.0696927146072525 251.0009765625 8.3779296875 45.67555147058823 34
stats: tr_play_game__answer_to_question 6 11.1300048828125 0.8330027172772055 18.383056640625 9.9169921875 11.72685546875 30
stats: tr_index 8 7.22076416015625 2.7707626546931556 311.47314453125 5.5341796875 18.437081473214285 35
stats: tr_quizzes_page_INDEX 2 8.4805908203125 0.4854736328125 12.889892578125 7.39111328125 9.431016710069445 9
stats: tr_quiz_questions_SHOW 8 7.833343505859375 0.25972296966888164 10.1640625 7.48193359375 8.072474161783854 48
# stats: dump at 1448599960
stats: users 50 53
stats: {freemem,"tsung_controller@ip-172-30-3-173"} 1 3156.28515625 0.0 3170.22265625 3155.9140625 3161.88818359375 8
stats: {recvpackets,"tsung_controller@ip-172-30-3-173"} 1 669.0 0.0 787 241 489.57142857142856 7
stats: {sentpackets,"tsung_controller@ip-172-30-3-173"} 1 583.0 0.0 681 231 426.14285714285717 7
stats: {cpu,"tsung_controller@ip-172-30-3-173"} 1 2.3692003948667324 0.0 5.811162679314677 1.678183613030602 2.635375269606742 8
stats: {load,"tsung_controller@ip-172-30-3-173"} 1 0.05859375 0.0 0.23828125 0.05859375 0.14599609375 8
stats: session 18 18973.665635850695 16613.54642778032 64084.429931640625 37.7548828125 22932.09428929571 67
stats: users_count 29 135
stats: finish_users_count 18 85
stats: request 170 12.009537281709562 14.944835976203228 355.0791015625 3.550048828125 16.248932608653245 801
stats: connect 29 0.6336796201508621 0.06636880700994169 104.032958984375 0.512939453125 1.682510230654762 105
stats: page 146 14.002683874678931 20.52297126938891 355.0791015625 3.550048828125 18.662551836161352 698
stats: tr_play_game__ready_page 6 8.022664388020834 1.00370672216448 33.2099609375 7.013916015625 8.972186748798077 39
stats: 302 10 63
stats: tr_question_new_POST 16 5.036712646484376 1.0523243775421869 8.071044921875 4.3349609375 4.716600690569196 56
stats: 200 144 836
stats: tr_quiz_new_POST 2 12.449951171875 0.85693359375 17.3759765625 11.593017578125 13.653982979910714 7
stats: size_rcv 370169 1973744
stats: tr_play_game__leaderboard 5 9.331787109375 1.4023528542395756 13.033935546875 7.970947265625 9.625325520833334 24
stats: newphase 0 2
stats: tr_search_all_users 3 68.82682291666667 18.927792036721208 95.545166015625 52.656982421875 58.3484375 10
stats: size_sent 238240 1515152
stats: tr_friend_requests 0 0 0 10.469970703125 7.763916015625 8.949288504464286 7
stats: connected 10 49
stats: tr_friends 2 32.631103515625 0.06494140625 54.4990234375 32.1220703125 39.41253662109375 4
stats: 404 16 72
stats: tr_browse_quizzes_page_1 7 4.19775390625 1.030541197036537 355.141845703125 3.632080078125 48.03427522078805 23
stats: tr_play_game__1st_question 6 8.624064127604166 0.11158556850750134 251.0009765625 8.3779296875 41.815847296463815 38
stats: tr_play_game__answer_to_question 5 10.436767578125 0.15157196959181576 18.383056640625 9.9169921875 11.62738037109375 36
stats: tr_index 8 6.83013916015625 1.4899037983159655 311.47314453125 5.5341796875 16.35032476380814 43
stats: tr_quizzes_page_INDEX 0 0 0 12.889892578125 7.39111328125 9.258212002840908 11
stats: tr_quiz_questions_SHOW 16 8.549133300781248 1.213364075660258 12.030029296875 7.48193359375 8.038312639508929 56
# stats: dump at 1448599970
stats: users 75 75
stats: {freemem,"tsung_controller@ip-172-30-3-173"} 1 3156.67578125 0.0 3170.22265625 3155.9140625 3161.265625 9
stats: {recvpackets,"tsung_controller@ip-172-30-3-173"} 1 828.0 0.0 828 241 512.0 8
stats: {sentpackets,"tsung_controller@ip-172-30-3-173"} 1 712.0 0.0 712 231 445.75 8
stats: {cpu,"tsung_controller@ip-172-30-3-173"} 1 2.371541501976284 0.0 5.811162679314677 1.678183613030602 2.6058002835245184 9
stats: {load,"tsung_controller@ip-172-30-3-173"} 1 0.05078125 0.0 0.23828125 0.05078125 0.1362847222222222 9
stats: session 11 18412.9384765625 17676.957926609382 64084.429931640625 37.7548828125 22093.838809742647 85
stats: users_count 36 171
stats: finish_users_count 11 96
stats: request 202 12.652080271503714 17.17348834142016 355.0791015625 3.550048828125 15.506710975717688 971
stats: connect 36 0.6527167426215278 0.20410065789038867 104.032958984375 0.51220703125 1.4555245015158582 134
stats: page 172 14.875410213026894 20.40889989021192 355.0791015625 3.550048828125 17.856460932871737 844
stats: tr_play_game__ready_page 12 8.114237467447918 1.2502910492069788 33.2099609375 7.013916015625 8.845583767361111 45
stats: 302 15 78
stats: tr_question_new_POST 16 4.7114715576171875 0.3657206721818631 8.071044921875 4.3349609375 4.78773668077257 72
stats: 200 171 1007
stats: tr_quiz_new_POST 2 11.54296875 0.0439453125 17.3759765625 11.4990234375 13.386420355902779 9
stats: size_rcv 399868 2373612
stats: tr_play_game__leaderboard 2 12.3245849609375 2.7115478515625 15.0361328125 7.970947265625 9.574715449892242 29
stats: newphase 1 3
stats: tr_search_all_users 1 56.028076171875 0.0 95.545166015625 52.656982421875 60.76652644230769 13
stats: size_sent 228344 1743496
stats: tr_friend_requests 4 8.86627197265625 0.667434040567324 10.469970703125 7.763916015625 8.949288504464286 7
stats: connected 24 73
stats: tr_friends 1 32.419921875 0.0 54.4990234375 32.1220703125 37.152058919270836 6
stats: 404 16 88
stats: tr_browse_quizzes_page_1 4 4.2685546875 0.3506370655914551 355.141845703125 3.632080078125 37.80575358072917 30
stats: tr_play_game__1st_question 8 10.572113037109375 1.4460653093978835 251.0009765625 8.3779296875 37.28969504616477 44
stats: tr_play_game__answer_to_question 4 11.0269775390625 0.8393951903703492 18.383056640625 9.9169921875 11.48218368902439 41
stats: tr_index 14 6.934047154017857 1.532270633153379 311.47314453125 5.5341796875 14.856962316176471 51
stats: tr_quizzes_page_INDEX 5 9.639453125 1.0744112975517164 12.889892578125 7.39111328125 9.258212002840908 11
stats: tr_quiz_questions_SHOW 16 8.129348754882813 0.6547358575748538 12.030029296875 7.48193359375 8.15182834201389 72
# stats: dump at 1448599980
stats: users 91 92
stats: {freemem,"tsung_controller@ip-172-30-3-173"} 1 3153.02734375 0.0 3170.22265625 3153.02734375 3160.806640625 10
stats: {recvpackets,"tsung_controller@ip-172-30-3-173"} 1 1201.0 0.0 1201 241 547.1111111111111 9
stats: {sentpackets,"tsung_controller@ip-172-30-3-173"} 1 1028.0 0.0 1028 231 475.3333333333333 9
stats: {cpu,"tsung_controller@ip-172-30-3-173"} 1 3.251231527093596 0.0 5.811162679314677 1.678183613030602 2.5823744053696953 10
stats: {load,"tsung_controller@ip-172-30-3-173"} 1 0.05078125 0.0 0.23828125 0.05078125 0.127734375 10
stats: session 21 21762.300048828125 21054.83725242872 64526.051025390625 37.7548828125 21672.06897989909 96
stats: users_count 37 208
stats: finish_users_count 21 117
stats: request 305 14.747352875256148 19.361274688227454 355.0791015625 3.550048828125 15.015120692468564 1173
stats: connect 38 0.5982666015625 0.04618816625417348 104.032958984375 0.5009765625 1.2855181525735293 170
stats: page 254 17.72712959830216 24.672723436900217 355.0791015625 3.550048828125 17.35179486612635 1016
stats: tr_play_game__ready_page 15 8.840559895833335 1.7609299488163348 33.2099609375 7.013916015625 8.691616125274123 57
stats: 302 26 104
stats: tr_question_new_POST 24 4.939748128255207 1.128635437764147 9.5380859375 4.3349609375 4.773870294744318 88
stats: 200 255 1262
stats: tr_quiz_new_POST 3 13.080729166666666 2.3053831986521893 17.3759765625 11.383056640625 13.051247336647727 11
stats: size_rcv 658233 3031845
stats: tr_play_game__leaderboard 5 8.712841796875 0.5217106223351566 15.0361328125 7.970947265625 9.75212638608871 31
stats: newphase 0 3
stats: tr_search_all_users 5 58.110205078125 1.789197522527922 95.545166015625 52.656982421875 60.428065708705354 14
stats: size_sent 402894 2146390
stats: tr_friend_requests 3 8.953043619791666 1.1026090936275894 10.48193359375 7.763916015625 8.919100674715908 11
stats: connected 18 91
stats: tr_friends 2 39.8551025390625 5.8280029296875 54.4990234375 32.1220703125 36.476039341517854 7
stats: 404 24 112
stats: tr_browse_quizzes_page_1 7 4.139369419642857 0.5122171623136591 355.141845703125 3.632080078125 33.86020076976103 34
stats: tr_play_game__1st_question 16 9.895828247070313 1.821920124428256 251.0009765625 8.333984375 33.1792978140024 52
stats: tr_play_game__answer_to_question 13 11.692476712740385 1.9805685663535957 18.383056640625 9.90185546875 11.44172092013889 45
stats: tr_index 15 6.630305989583333 0.9343148205393235 311.47314453125 5.5341796875 13.15048828125 65
stats: tr_quizzes_page_INDEX 8 9.9224853515625 3.306182723721977 16.385986328125 7.39111328125 9.377349853515625 16
stats: tr_quiz_questions_SHOW 24 8.303700764973959 1.200283307996073 12.580078125 7.48193359375 8.147741144353693 88
# stats: dump at 1448599990
stats: users 100 102
stats: {freemem,"tsung_controller@ip-172-30-3-173"} 1 3144.57421875 0.0 3170.22265625 3144.57421875 3160.099431818182 11
stats: {recvpackets,"tsung_controller@ip-172-30-3-173"} 1 1536.0 0.0 1536 241 612.5 10
stats: {sentpackets,"tsung_controller@ip-172-30-3-173"} 1 1312.0 0.0 1312 231 530.6 10
stats: {cpu,"tsung_controller@ip-172-30-3-173"} 1 4.317958783120707 0.0 5.811162679314677 1.678183613030602 2.6431795982536865 11
stats: {load,"tsung_controller@ip-172-30-3-173"} 1 0.0390625 0.0 0.23828125 0.0390625 0.12073863636363637 11
stats: session 28 21707.372419084822 15971.059687790976 64526.051025390625 37.7548828125 21688.264299963274 117
stats: users_count 37 245
stats: finish_users_count 28 145
stats: request 356 14.13952088088132 18.550788893052133 355.0791015625 3.550048828125 14.95986414020213 1478
stats: connect 38 0.6537122224506579 0.1629499659259336 104.032958984375 0.489990234375 1.1599625807542067 208
stats: page 295 17.084737486758467 24.052753920265822 355.0791015625 3.550048828125 17.42686181256151 1270
stats: tr_play_game__ready_page 10 7.7768798828125 0.46458289833504646 33.2099609375 7.013916015625 8.722646077473959 72
stats: 302 27 131
stats: tr_question_new_POST 32 4.8710174560546875 0.9379085116396719 9.5380859375 4.3349609375 4.809415544782366 112
stats: 200 297 1559
stats: tr_quiz_new_POST 4 11.487548828125 0.23352736738691796 17.3759765625 11.237060546875 13.057564871651786 14
stats: size_rcv 779140 3810985
stats: tr_play_game__leaderboard 5 10.598828125 2.670966985237831 15.782958984375 7.970947265625 9.607781304253471 36
stats: newphase 0 3
stats: tr_search_all_users 6 59.7913818359375 4.5195495700712165 95.545166015625 52.656982421875 59.81810238486842 19
stats: size_sent 512174 2658564
stats: tr_friend_requests 2 8.62109375 0.593994140625 10.48193359375 7.763916015625 8.926374162946427 14
stats: connected 9 100
stats: tr_friends 4 31.90997314453125 0.6174532493228024 54.4990234375 31.291015625 37.22694227430556 9
stats: 404 32 144
stats: tr_browse_quizzes_page_1 8 3.910369873046875 0.2855048840850531 355.141845703125 3.632080078125 28.785912490472562 41
stats: tr_play_game__1st_question 13 9.92681415264423 1.8426063804392745 251.0009765625 8.333984375 27.70083438648897 68
stats: tr_play_game__answer_to_question 17 12.181812959558824 1.8979039819866146 18.383056640625 9.90185546875 11.4979248046875 58
stats: tr_index 15 7.053694661458334 1.728350968137585 311.47314453125 5.5341796875 11.9279541015625 80
stats: tr_quizzes_page_INDEX 5 9.14716796875 1.4750779567742858 16.385986328125 7.39111328125 9.559061686197916 24
stats: tr_quiz_questions_SHOW 32 8.04195404052734 0.6918791110579078 12.580078125 7.48193359375 8.181161063058036 112
# stats: dump at 1448600000
stats: users 140 140
stats: {freemem,"tsung_controller@ip-172-30-3-173"} 1 3141.21875 0.0 3170.22265625 3141.21875 3158.8056640625 12
stats: {recvpackets,"tsung_controller@ip-172-30-3-173"} 1 1823.0 0.0 1823 241 696.4545454545455 11
stats: {sentpackets,"tsung_controller@ip-172-30-3-173"} 1 1524.0 0.0 1524 231 601.6363636363636 11
stats: {cpu,"tsung_controller@ip-172-30-3-173"} 1 4.424778761061947 0.0 5.811162679314677 1.678183613030602 2.7827445303259384 12
stats: {load,"tsung_controller@ip-172-30-3-173"} 1 0.109375 0.0 0.23828125 0.0390625 0.11393229166666667 12
stats: session 33 20408.67323626894 16324.073744024921 65911.36206054688 37.7548828125 21691.954143655712 145
stats: users_count 73 318
stats: finish_users_count 33 178
stats: request 554 13.12858895532491 25.239350862534025 496.333984375 3.550048828125 14.800626299243456 1834
stats: connect 72 0.6079508463541666 0.0879896383290243 104.032958984375 0.489990234375 1.081761305894309 246
stats: page 460 15.835000743036685 31.712608387928455 557.27783203125 3.550048828125 17.362371923672114 1565
stats: tr_play_game__ready_page 23 8.323709239130435 1.8889951941259653 33.2099609375 7.013916015625 8.607308736661585 82
stats: 302 25 156
stats: tr_question_new_POST 64 5.045055389404297 1.206405611706333 10.2060546875 4.3349609375 4.8231048583984375 144
stats: 200 465 2024
stats: tr_quiz_new_POST 8 12.04962158203125 0.9214036249612096 17.3759765625 10.955078125 12.708672417534721 18
stats: size_rcv 1211725 5022710
stats: tr_play_game__leaderboard 13 12.233961838942308 8.366605376830389 40.279052734375 7.758056640625 9.728640672637194 41
stats: newphase 1 4
stats: tr_search_all_users 7 121.60515485491071 153.11039493439662 496.39111328125 52.656982421875 59.811689453125 25
stats: size_sent 762084 3420648
stats: tr_friend_requests 3 10.431640625 1.6195823517837213 12.141845703125 7.763916015625 8.888214111328123 16
stats: connected 39 139
stats: tr_friends 2 34.9564208984375 1.6934814453125 54.4990234375 31.291015625 35.59095177283654 13
stats: 404 64 208
stats: tr_browse_quizzes_page_1 10 4.056884765625 0.7259136461073861 355.141845703125 3.632080078125 24.724599410076532 49
stats: tr_play_game__1st_question 21 9.883277529761905 1.9027371388640424 251.0009765625 8.333984375 24.848213855131174 81
stats: tr_play_game__answer_to_question 13 15.302584134615385 7.903823546038677 40.822021484375 9.90185546875 11.652939453125 75
stats: tr_index 30 7.030607096354166 2.384033667724134 311.47314453125 5.5341796875 11.158334189967105 95
stats: tr_quizzes_page_INDEX 8 9.908355712890625 1.4885693916348146 16.385986328125 7.39111328125 9.488045528017242 29
stats: tr_quiz_questions_SHOW 64 8.547164916992191 1.4083445903040712 12.580078125 7.48193359375 8.150226169162327 144
# stats: dump at 1448600010
stats: users 179 179
stats: {freemem,"tsung_controller@ip-172-30-3-173"} 1 3130.56640625 0.0 3170.22265625 3130.56640625 3157.452824519231 13
stats: {recvpackets,"tsung_controller@ip-172-30-3-173"} 1 2603.0 0.0 2603 241 790.3333333333334 12
stats: {sentpackets,"tsung_controller@ip-172-30-3-173"} 1 2251.0 0.0 2251 231 678.5 12
stats: {cpu,"tsung_controller@ip-172-30-3-173"} 1 5.9171597633136095 0.0 5.9171597633136095 1.678183613030602 2.9090548557671694 13
stats: {load,"tsung_controller@ip-172-30-3-173"} 1 0.08984375 0.0 0.23828125 0.0390625 0.11358173076923077 13
stats: session 48 20049.55622355143 18261.546254235964 65911.36206054688 37.7548828125 21454.042514758163 178
stats: users_count 87 405
stats: finish_users_count 48 226
stats: request 481 14.091163936622918 17.93684378965104 496.333984375 3.550048828125 14.412724838384632 2388
stats: connect 85 0.5925005744485295 0.055594775803217276 104.032958984375 0.488037109375 0.9744834659984277 318
stats: page 434 15.625401088169648 22.16860648421762 557.27783203125 3.550048828125 17.015413532021597 2025
stats: tr_play_game__ready_page 35 10.771665736607144 10.767360339273093 72.696044921875 7.013916015625 8.545186941964285 105
stats: 302 42 198
stats: tr_question_new_POST 16 4.7254180908203125 0.19485876247993242 10.2060546875 4.3349609375 4.891397329477163 208
stats: 200 423 2447
stats: tr_quiz_new_POST 2 12.0150146484375 0.1541748046875 17.3759765625 10.955078125 12.505887545072115 26
stats: size_rcv 919796 5942506
stats: tr_play_game__leaderboard 14 10.031441824776786 1.4986752841742352 40.279052734375 7.758056640625 10.331773546006945 54
stats: newphase 0 4
stats: tr_search_all_users 6 59.522501627604164 4.526965216624359 496.39111328125 52.656982421875 73.32901000976563 32
stats: size_sent 726529 4147177
stats: tr_friend_requests 5 8.17060546875 0.40248071209677144 12.141845703125 7.763916015625 9.131913034539473 19
stats: connected 37 176
stats: tr_friends 5 35.893212890625 4.952307428701298 54.4990234375 31.291015625 35.50634765625 15
stats: 404 16 224
stats: tr_browse_quizzes_page_1 19 5.1051989103618425 2.6210696593321927 355.141845703125 3.632080078125 21.2215969279661 59
stats: tr_play_game__1st_question 28 10.14677211216518 2.134480396674887 251.0009765625 8.333984375 21.767197552849264 102
stats: tr_play_game__answer_to_question 22 11.621060458096592 1.3920279670299864 40.822021484375 9.90185546875 12.19209150834517 88
stats: tr_index 31 7.525477255544355 2.3900597391229113 311.47314453125 5.5341796875 10.1676796875 125
stats: tr_quizzes_page_INDEX 6 8.954345703125 1.0582378769926737 16.385986328125 7.39111328125 9.578923405827704 37
stats: tr_quiz_questions_SHOW 16 9.375946044921875 2.041576758961812 15.39306640625 7.48193359375 8.272361168494593 208
# stats: dump at 1448600020
stats: users 206 207
stats: {freemem,"tsung_controller@ip-172-30-3-173"} 1 3122.0546875 0.0 3170.22265625 3122.0546875 3155.5323660714284 14
stats: {recvpackets,"tsung_controller@ip-172-30-3-173"} 1 2984.0 0.0 2984 241 929.7692307692307 13
stats: {sentpackets,"tsung_controller@ip-172-30-3-173"} 1 2702.0 0.0 2702 231 799.4615384615385 13
stats: {cpu,"tsung_controller@ip-172-30-3-173"} 1 6.811451135241856 0.0 6.811451135241856 1.678183613030602 3.123919492020487 14
stats: {load,"tsung_controller@ip-172-30-3-173"} 1 0.1484375 0.0 0.23828125 0.0390625 0.11188616071428571 14
stats: session 59 22800.524116128177 19996.28966083139 76537.84301757813 19.637939453125 21155.74454140452 226
stats: users_count 86 491
stats: finish_users_count 59 285
stats: request 724 14.637228949952524 24.662019357778462 496.333984375 3.426025390625 14.35881379141796 2869
stats: connect 87 0.631072647270115 0.07280870852952404 104.032958984375 0.488037109375 0.8939163548774814 403
stats: page 618 17.16699534789644 29.398099977618408 557.27783203125 3.426025390625 16.77008396690092 2459
stats: tr_play_game__ready_page 32 9.228302001953129 1.8321565895780842 72.696044921875 7.013916015625 9.101806640625 140
stats: 302 44 242
stats: tr_question_new_POST 64 5.667652130126953 1.4516226052340744 12.318115234375 4.3349609375 4.879541669573102 224
stats: 200 616 3063
stats: tr_quiz_new_POST 8 13.729278564453125 1.9636137486766154 17.511962890625 10.955078125 12.4708251953125 28
stats: size_rcv 1525768 7468274
stats: tr_play_game__leaderboard 14 9.736519949776786 1.6128454452445773 40.279052734375 7.758056640625 10.269940544577207 68
stats: newphase 0 4
stats: tr_search_all_users 9 65.574462890625 11.564398152110245 496.39111328125 52.656982421875 71.14903500205592 38
stats: size_sent 1071837 5219014
stats: tr_friend_requests 7 10.450160435267858 2.1469761639137936 14.14501953125 7.763916015625 8.931640624999998 24
stats: connected 29 205
stats: tr_friends 8 51.8468017578125 36.76583004041953 147.84619140625 31.291015625 35.60306396484375 20
stats: 404 64 288
stats: tr_browse_quizzes_page_1 19 4.072561163651316 0.66675073382773 355.141845703125 3.473876953125 17.295807667267628 78
stats: tr_play_game__1st_question 35 11.743540736607143 4.248678467687877 251.0009765625 8.333984375 19.264336688701924 130
stats: tr_play_game__answer_to_question 38 14.27258943256579 4.731434043222942 40.822021484375 9.90185546875 12.077885298295454 110
stats: tr_index 28 7.056963239397321 1.3808739154079743 311.47314453125 5.5341796875 9.642626640124199 156
stats: tr_quizzes_page_INDEX 11 11.519997336647727 3.7656700385626736 21.882080078125 7.39111328125 9.491773028706397 43
stats: tr_quiz_questions_SHOW 64 9.36297607421875 1.780211671499553 16.073974609375 7.48193359375 8.35118865966797 224
# stats: dump at 1448600030
stats: users 290 290
stats: {freemem,"tsung_controller@ip-172-30-3-173"} 1 3110.54296875 0.0 3170.22265625 3110.54296875 3153.3005208333334 15
stats: {recvpackets,"tsung_controller@ip-172-30-3-173"} 1 3181.0 0.0 3181 241 1076.5 14
stats: {sentpackets,"tsung_controller@ip-172-30-3-173"} 1 2747.0 0.0 2747 231 935.3571428571429 14
stats: {cpu,"tsung_controller@ip-172-30-3-173"} 1 5.888223552894212 0.0 6.811451135241856 1.678183613030602 3.3697549349019114 15
stats: {load,"tsung_controller@ip-172-30-3-173"} 1 0.12890625 0.0 0.23828125 0.0390625 0.11432291666666666 15
stats: session 59 20580.02882100768 23171.042996782086 125385.15307617188 19.637939453125 21496.24276915433 285
stats: users_count 143 634
stats: finish_users_count 59 344
stats: request 761 15.261579516056173 26.28277275876796 510.83203125 3.41796875 14.414915259488938 3593
stats: connect 141 0.5772073082890071 0.07323177990977446 104.032958984375 0.488037109375 0.8472481863839286 490
stats: page 683 17.014046486090784 30.425799124952956 557.27783203125 3.41796875 16.84980162483242 3077
stats: tr_play_game__ready_page 47 9.77708922041223 3.002157054678666 72.696044921875 7.013916015625 9.125340661337209 172
stats: 302 61 303
stats: tr_question_new_POST 32 5.527610778808594 1.3542219982449577 12.318115234375 4.3349609375 5.054677327473958 288
stats: 200 668 3731
stats: tr_quiz_new_POST 4 11.6390380859375 0.43503973820474495 17.511962890625 10.955078125 12.750481499565971 36
stats: size_rcv 1417469 8885743
stats: tr_play_game__leaderboard 20 10.681750488281253 2.582360865521868 40.279052734375 7.758056640625 10.178868735708841 82
stats: newphase 1 5
stats: tr_search_all_users 7 68.54289899553571 11.337995989735932 496.39111328125 52.656982421875 70.08156374667553 47
stats: size_sent 1163285 6382299
stats: tr_friend_requests 9 9.46169704861111 1.6073494932907997 14.14501953125 7.678955078125 9.274532195060482 31
stats: connected 81 286
stats: tr_friends 4 39.969482421875 5.068357810900379 147.84619140625 31.291015625 40.244131905691965 28
stats: 404 32 320
stats: tr_browse_quizzes_page_1 26 4.6062481219951925 1.4954676777013007 355.141845703125 3.463134765625 14.70568721810567 97
stats: tr_play_game__1st_question 41 12.895609041539634 11.68939724791598 251.0009765625 8.333984375 17.669016335227273 165
stats: tr_play_game__answer_to_question 29 12.768798828125 3.14013403449665 40.822021484375 9.90185546875 12.64139041385135 148
stats: tr_index 67 7.785196332789179 4.96196229478867 311.47314453125 5.5341796875 9.249156122622283 184
stats: tr_quizzes_page_INDEX 11 17.36288174715909 15.2784547861848 60.078857421875 7.39111328125 9.904929832175927 54
stats: tr_quiz_questions_SHOW 32 9.439437866210941 2.4054006541636777 16.326171875 7.48193359375 8.576030307345922 288
# stats: dump at 1448600040
stats: users 362 364
stats: {freemem,"tsung_controller@ip-172-30-3-173"} 1 3099.03515625 0.0 3170.22265625 3099.03515625 3150.628173828125 16
stats: {recvpackets,"tsung_controller@ip-172-30-3-173"} 1 4620.0 0.0 4620 241 1216.8 15
stats: {sentpackets,"tsung_controller@ip-172-30-3-173"} 1 4218.0 0.0 4218 231 1056.1333333333334 15
stats: {cpu,"tsung_controller@ip-172-30-3-173"} 1 10.206084396467125 0.0 10.206084396467125 1.678183613030602 3.52715922352643 16
stats: {load,"tsung_controller@ip-172-30-3-173"} 1 0.1796875 0.0 0.23828125 0.0390625 0.115234375 16
stats: session 86 20056.406122252 18301.675585603785 125385.15307617188 19.637939453125 21339.10142339662 344
stats: users_count 158 792
stats: finish_users_count 86 430
stats: request 1132 14.657181271394656 17.808560580763746 510.83203125 3.41796875 14.562896770570166 4354
stats: connect 161 0.5916846612965841 0.1408502999667398 104.032958984375 0.488037109375 0.7869062469047148 631
stats: page 959 17.32102048235462 23.27315511715368 557.27783203125 3.41796875 16.879636529151426 3760
stats: tr_play_game__ready_page 56 10.051430838448661 3.5903318839943634 72.696044921875 7.013916015625 9.265213639768833 219
stats: 302 78 381
stats: tr_question_new_POST 104 5.991180419921875 2.1847078090316914 18.303955078125 4.3349609375 5.101970672607422 320
stats: 200 950 4681
stats: tr_quiz_new_POST 13 14.213942307692308 2.469140907518888 19.252197265625 10.955078125 12.639337158203125 40
stats: size_rcv 2343286 11229029
stats: tr_play_game__leaderboard 21 12.138160342261905 5.92714897547114 40.279052734375 7.758056640625 10.277473000919118 102
stats: newphase 0 5
stats: tr_search_all_users 13 70.03541917067308 9.99357487814244 496.39111328125 52.656982421875 69.88210720486111 54
stats: size_sent 1546833 7929132
stats: tr_friend_requests 6 10.733723958333334 3.4271633115671407 17.258056640625 7.591064453125 9.316644287109373 40
stats: connected 75 361
stats: tr_friends 6 46.5443115234375 16.607218618090123 147.84619140625 31.291015625 40.209800720214844 32
stats: 404 104 424
stats: tr_browse_quizzes_page_1 35 5.427964564732143 3.0939754040352643 355.141845703125 3.463134765625 12.570846433561991 123
stats: tr_play_game__1st_question 48 11.611867268880205 4.606260919902595 251.0009765625 8.333984375 16.718969252503033 206
stats: tr_play_game__answer_to_question 45 15.246771918402779 5.103912420594015 40.822021484375 9.90185546875 12.662265238788843 177
stats: tr_index 62 8.304565429687504 3.1662308982854777 311.47314453125 5.5341796875 8.858378011391933 251
stats: tr_quizzes_page_INDEX 13 11.626878004807692 6.044595754297166 60.078857421875 7.39111328125 11.167044771634616 65
stats: tr_quiz_questions_SHOW 104 9.756868802584139 2.9047097705081097 23.532958984375 7.48193359375 8.662371063232424 320
# stats: dump at 1448600050
stats: users 438 439
stats: {freemem,"tsung_controller@ip-172-30-3-173"} 1 3076.47265625 0.0 3170.22265625 3076.47265625 3147.5932904411766 17
stats: {recvpackets,"tsung_controller@ip-172-30-3-173"} 1 5922.0 0.0 5922 241 1429.5 16
stats: {sentpackets,"tsung_controller@ip-172-30-3-173"} 1 5202.0 0.0 5202 231 1253.75 16
stats: {cpu,"tsung_controller@ip-172-30-3-173"} 1 11.787819253438114 0.0 11.787819253438114 1.678183613030602 3.920037174875883 17
stats: {load,"tsung_controller@ip-172-30-3-173"} 1 0.1484375 0.0 0.23828125 0.0390625 0.11902573529411764 17
stats: session 101 21593.897185372833 17638.277398590402 125385.15307617188 19.637939453125 21082.562363167697 430
stats: users_count 177 969
stats: finish_users_count 101 531
stats: request 1549 21.75476712546398 24.925221043651646 510.83203125 3.41796875 14.582351756886847 5486
stats: connect 174 0.6078273729346267 0.11107013899988095 104.032958984375 0.488037109375 0.7472210508404356 792
stats: page 1297 26.007116407454713 34.446631310347975 557.27783203125 3.41796875 16.9693350269522 4719
stats: tr_play_game__ready_page 72 16.947119818793404 13.5836402983356 92.80810546875 7.013916015625 9.42531605113636 275
stats: 302 93 474
stats: tr_question_new_POST 152 12.548903615851152 12.034896909966811 70.539794921875 4.3349609375 5.320078723835495 424
stats: 200 1304 5985
stats: tr_quiz_new_POST 19 21.46217105263158 11.768593800932564 51.7939453125 10.955078125 13.02556106279481 53
stats: size_rcv 3305826 14534855
stats: tr_play_game__leaderboard 28 15.0284423828125 9.771927887731053 58.366943359375 7.758056640625 10.595151327489837 123
stats: newphase 0 5
stats: tr_search_all_users 19 103.31112510279605 35.29126060553332 496.39111328125 52.656982421875 69.91185430270522 67
stats: size_sent 2213509 10142641
stats: tr_friend_requests 16 19.393142700195313 14.066377376949111 52.35302734375 7.5498046875 9.501480765964672 46
stats: connected 74 435
stats: tr_friends 11 47.77186168323863 7.51148913562869 147.84619140625 31.291015625 41.20998663651316 38
stats: 404 152 576
stats: tr_browse_quizzes_page_1 31 7.200069304435486 5.981001086033312 355.141845703125 3.463134765625 10.988562475276899 158
stats: tr_play_game__1st_question 75 16.660113932291665 11.148107874514254 251.0009765625 8.333984375 15.753847617802657 254
stats: tr_play_game__answer_to_question 59 21.608986030190678 14.11851138573732 87.0810546875 9.90185546875 13.186151727899775 222
stats: tr_index 70 9.44854910714286 4.040645527091723 311.47314453125 5.5341796875 8.748677116613418 313
stats: tr_quizzes_page_INDEX 28 15.818246023995531 7.236336648231001 60.078857421875 7.39111328125 11.24368364383013 78
stats: tr_quiz_questions_SHOW 152 18.199034038342926 15.269438075435742 98.79296875 7.48193359375 8.930832772884733 424
# stats: dump at 1448600060
stats: users 571 572
stats: {freemem,"tsung_controller@ip-172-30-3-173"} 1 3059.99609375 0.0 3170.22265625 3059.99609375 3143.642144097222 18
stats: {recvpackets,"tsung_controller@ip-172-30-3-173"} 1 7768.0 0.0 7768 241 1693.764705882353 17
stats: {sentpackets,"tsung_controller@ip-172-30-3-173"} 1 6667.0 0.0 6667 231 1486.0 17
stats: {cpu,"tsung_controller@ip-172-30-3-173"} 1 12.94820717131474 0.0 12.94820717131474 1.678183613030602 4.3571361792404515 18
stats: {load,"tsung_controller@ip-172-30-3-173"} 1 0.19921875 0.0 0.23828125 0.0390625 0.12065972222222222 18
stats: session 127 22288.837923305247 20300.010634671522 125385.15307617188 19.637939453125 21179.82190562103 531
stats: users_count 260 1229
stats: finish_users_count 127 658
stats: request 1641 19.740116544789768 22.242235761362554 510.83203125 3.41796875 16.16160853100568 7035
stats: connect 264 0.6180050011837123 0.5565505900395904 104.032958984375 0.47705078125 0.722112872832557 966
stats: page 1427 22.716611074916777 29.169135578599892 557.27783203125 3.41796875 18.91780617896546 6016
stats: tr_play_game__ready_page 92 14.907874065896738 11.228334478195281 92.80810546875 7.013916015625 10.9860361412554 347
stats: 302 108 582
stats: tr_question_new_POST 120 9.774934895833333 6.688338323061803 70.539794921875 4.3349609375 7.227685292561849 576
stats: 200 1413 7398
stats: tr_quiz_new_POST 15 18.2330078125 5.393230088726747 51.7939453125 10.955078125 15.251888699001736 72
stats: size_rcv 3304520 17839375
stats: tr_play_game__leaderboard 38 15.501953124999995 4.842425333630669 58.366943359375 7.758056640625 11.417218543046358 151
stats: newphase 1 6
stats: tr_search_all_users 18 85.97755262586806 20.83024633034908 496.39111328125 52.656982421875 77.29076296784157 86
stats: size_sent 2380273 12522914
stats: tr_friend_requests 11 14.337380149147727 7.33877626545244 52.35302734375 7.5498046875 12.054167716733868 62
stats: connected 134 569
stats: tr_friends 13 51.94011042668269 11.118262803457116 147.84619140625 31.291015625 42.68306062659439 49
stats: 404 120 696
stats: tr_browse_quizzes_page_1 47 8.252784242021274 7.087838549678296 355.141845703125 3.463134765625 10.36716941550926 189
stats: tr_play_game__1st_question 80 15.93855895996094 8.100899408948615 251.0009765625 8.333984375 15.960443282199847 329
stats: tr_play_game__answer_to_question 76 19.020906147203945 9.380080208446193 87.0810546875 9.90185546875 14.9546471863879 281
stats: tr_index 113 11.513455821349558 7.726290195221378 311.47314453125 5.5341796875 8.876591057441253 383
stats: tr_quizzes_page_INDEX 20 20.11728515625 11.848271836696377 60.078857421875 7.39111328125 12.452058612175708 106
stats: tr_quiz_questions_SHOW 120 14.137504069010417 7.136791214416413 98.79296875 7.48193359375 11.37660810682509 576
# stats: dump at 1448600070
stats: users 738 740
stats: {freemem,"tsung_controller@ip-172-30-3-173"} 1 3025.0234375 0.0 3170.22265625 3025.0234375 3139.2397203947367 19
stats: {recvpackets,"tsung_controller@ip-172-30-3-173"} 1 9340.0 0.0 9340 241 2031.2222222222222 18
stats: {sentpackets,"tsung_controller@ip-172-30-3-173"} 1 8460.0 0.0 8460 231 1773.8333333333333 18
stats: {cpu,"tsung_controller@ip-172-30-3-173"} 1 18.41332027424094 0.0 18.41332027424094 1.678183613030602 4.8092978104022555 19
stats: {load,"tsung_controller@ip-172-30-3-173"} 1 0.171875 0.0 0.23828125 0.0390625 0.12479440789473684 19
stats: session 172 20094.477384345482 19319.33635794953 125385.15307617188 19.637939453125 21393.872109642143 658
stats: users_count 339 1568
stats: finish_users_count 172 830
stats: request 2035 70.67161418343066 59.29461045329144 510.83203125 3.41796875 16.838456346890844 8676
stats: connect 336 0.5838790166945679 0.07647291186910762 104.032958984375 0.47705078125 0.6997677686737804 1230
stats: page 1815 78.82642381736412 79.10150687114698 573.60107421875 3.41796875 19.646127364847835 7443
stats: tr_play_game__ready_page 112 55.116444178989944 47.94595508265807 178.7041015625 7.013916015625 11.80792472682944 439
stats: 302 148 730
stats: tr_question_new_POST 95 82.58591951069079 48.86794449106859 173.440185546875 4.3349609375 7.6668662586431395 696
stats: 200 1792 9190
stats: tr_quiz_new_POST 17 93.59939395680145 44.497490725290945 175.97900390625 10.955078125 15.765874753053161 87
stats: size_rcv 4015337 21854712
stats: tr_play_game__leaderboard 48 61.27153523763021 50.71929246965702 155.847900390625 7.758056640625 12.23848792989418 189
stats: newphase 0 6
stats: tr_search_all_users 27 153.52919741030092 71.41547596453522 496.39111328125 52.656982421875 78.79424579326923 104
stats: size_sent 3204354 15727268
stats: tr_friend_requests 12 52.436014811197914 52.14217741820778 174.586181640625 7.5498046875 12.398213425727738 73
stats: connected 167 736
stats: tr_friends 18 123.51406521267361 67.86487240163207 248.367919921875 31.291015625 44.62405493951613 62
stats: 404 95 791
stats: tr_browse_quizzes_page_1 67 41.22444904384328 44.05650813156398 355.141845703125 3.463134765625 9.946084232653602 236
stats: tr_play_game__1st_question 119 56.61348435858718 52.83920615715958 251.0009765625 8.260986328125 15.956162730172677 409
stats: tr_play_game__answer_to_question 97 62.609996677673976 51.58404293546231 184.5380859375 9.90185546875 15.820293351715685 357
stats: tr_index 123 55.51825695503049 51.06859975066029 311.47314453125 5.5341796875 9.477328392767138 496
stats: tr_quizzes_page_INDEX 29 57.936540274784484 53.7076435357994 171.7099609375 7.39111328125 13.668761238219245 126
stats: tr_quiz_questions_SHOW 92 88.27464493461275 47.16204417705318 185.032958984375 7.48193359375 11.852624652029457 696
# stats: dump at 1448600080
stats: users 891 892
stats: {freemem,"tsung_controller@ip-172-30-3-173"} 1 2976.0859375 0.0 3170.22265625 2976.0859375 3133.52890625 20
stats: {recvpackets,"tsung_controller@ip-172-30-3-173"} 1 13164.0 0.0 13164 241 2415.8947368421054 19
stats: {sentpackets,"tsung_controller@ip-172-30-3-173"} 1 10954.0 0.0 10954 231 2125.7368421052633 19
stats: {cpu,"tsung_controller@ip-172-30-3-173"} 1 21.463897131552915 0.0 21.463897131552915 1.678183613030602 5.48949893359419 20
stats: {load,"tsung_controller@ip-172-30-3-173"} 1 0.1484375 0.0 0.23828125 0.0390625 0.1271484375 20
stats: session 170 21249.736823586853 19966.75461910737 125385.15307617188 19.637939453125 21124.599949701147 830
stats: users_count 323 1891
stats: finish_users_count 170 1000
stats: request 2335 299.8612699913012 122.58372936386591 589.81201171875 0.069091796875 27.06630399859083 10711
stats: connect 337 0.581665401288947 0.10995866015396927 104.032958984375 0.4501953125 0.6749027490920337 1566
stats: page 2040 341.17844992244966 183.0265144540784 1115.110107421875 0.68798828125 31.248226961015156 9258
stats: tr_play_game__ready_page 128 290.56518173217773 109.61371609077165 515.09814453125 0.77392578125 20.611108354128852 551
stats: 302 165 895
stats: tr_question_new_POST 137 251.63529845745893 125.44953451743625 459.235107421875 0.742919921875 16.664729797131795 791
stats: 200 1974 11164
stats: tr_quiz_new_POST 21 273.45936802455356 126.02579810434072 487.9609375 1.80615234375 28.488661545973553 104
stats: size_rcv 4636453 26491165
stats: tr_play_game__leaderboard 58 294.36094086745703 120.80455918175312 522.948974609375 1.028076171875 22.169231688422997 237
stats: newphase 0 6
stats: tr_search_all_users 38 427.7432347347862 103.40810654094683 589.8759765625 52.656982421875 94.19763276777195 131
stats: 422 2 2
stats: tr_friend_requests 25 309.79880859375 118.49158632435768 513.786865234375 7.5498046875 18.050608915441178 85
stats: size_sent 3792632 19519900
stats: tr_friends 9 397.5281032986111 95.47533390122157 538.533935546875 31.291015625 62.374307250976564 80
stats: connected 151 887
stats: tr_browse_quizzes_page_1 71 282.45136787522 113.19034733998723 455.01611328125 0.8798828125 16.862422326216997 303
stats: 503 57 57
stats: tr_play_game__1st_question 124 305.4727881646925 111.81626399180598 535.093994140625 1.68701171875 25.119460597182766 528
stats: 404 126 917
stats: tr_play_game__answer_to_question 117 308.29355719150635 114.85167929368806 509.513916015625 1.003173828125 25.817212344266245 454
stats: tr_index 132 293.6750340317234 116.12074138928706 465.260986328125 1.218994140625 18.62601048187601 619
stats: tr_quizzes_page_INDEX 35 315.3217354910714 110.58470126258197 450.819091796875 0.845947265625 21.951119896673386 155
stats: tr_quiz_questions_SHOW 138 261.7988582002944 126.52492649139727 482.655029296875 0.125 20.7749925022803 788
# stats: dump at 1448600090
stats: users 763 906
stats: {freemem,"tsung_controller@ip-172-30-3-173"} 1 2943.25390625 0.0 3170.22265625 2943.25390625 3126.0316220238096 21
stats: {recvpackets,"tsung_controller@ip-172-30-3-173"} 1 14010.0 0.0 14010 241 2953.3 20
stats: {sentpackets,"tsung_controller@ip-172-30-3-173"} 1 10920.0 0.0 10954 231 2567.15 20
stats: {cpu,"tsung_controller@ip-172-30-3-173"} 1 22.52427184466019 0.0 22.52427184466019 1.678183613030602 6.250184562068416 21
stats: {load,"tsung_controller@ip-172-30-3-173"} 1 0.19921875 0.0 0.23828125 0.0390625 0.12816220238095238 21
stats: session 168 34388.376339867 19909.851733380106 125385.15307617188 19.637939453125 21145.87321826172 1000
stats: users_count 40 1931
stats: finish_users_count 168 1168
stats: request 2259 420.92441302498344 157.92953056963674 780.401123046875 0.067138671875 75.89170991557525 13046
stats: connect 67 0.5986000174906716 0.12252458105226702 104.032958984375 0.4501953125 0.6583914583880714 1903
stats: page 1907 499.13886544638177 263.636339838831 1419.2451171875 0.654052734375 87.21013657699378 11298
stats: tr_play_game__ready_page 88 411.9678095037287 142.46782687376694 579.0400390625 0.740234375 71.50083058150773 679
stats: 302 127 1022
stats: tr_question_new_POST 176 375.8891726407139 169.84180221942862 639.01513671875 0.742919921875 51.35327279978785 928
stats: 200 1774 12938
stats: tr_quiz_new_POST 28 420.5058855329241 144.73831082438852 681.447998046875 1.05810546875 69.643740234375 125
stats: size_rcv 4600472 31091637
stats: tr_play_game__leaderboard 78 400.51440742688305 153.17231579675848 622.1337890625 0.929931640625 75.68488976430088 295
stats: newphase 0 6
stats: tr_search_all_users 40 581.3089233398435 87.07376072150447 780.447021484375 52.656982421875 169.19605214497042 169
stats: 422 5 7
stats: tr_friend_requests 25 432.359384765625 156.30472342279398 590.6640625 0.72900390625 84.35701793323864 110
stats: size_sent 3994685 23514585
stats: tr_friends 22 484.42329545454544 134.1779029747037 651.448974609375 0.798095703125 96.26626415466994 89
stats: connected -125 762
stats: tr_browse_quizzes_page_1 16 353.30487060546875 142.32903733356562 477.55810546875 0.81005859375 67.28171412830046 374
stats: 503 169 226
stats: tr_play_game__1st_question 103 429.64432740442953 115.85002327864092 652.6728515625 0.9541015625 78.43819160695455 652
stats: 404 159 1076
stats: tr_play_game__answer_to_question 113 432.0480524923949 128.15876325452578 605.883056640625 0.880126953125 83.69765428319285 571
stats: tr_index 30 451.2562744140625 39.135566484146594 516.439208984375 1.218994140625 66.97017973431257 751
stats: tr_quizzes_page_INDEX 46 415.8887143342391 132.03424326838507 584.4931640625 0.845947265625 75.9930754009046 190
stats: tr_quiz_questions_SHOW 165 375.0758345170453 179.95100884881845 676.134033203125 0.123046875 56.69431590004049 926
# stats: dump at 1448600100
stats: users 585 906
stats: {freemem,"tsung_controller@ip-172-30-3-173"} 1 2926.0078125 0.0 3170.22265625 2926.0078125 3117.723544034091 22
stats: {recvpackets,"tsung_controller@ip-172-30-3-173"} 1 13771.0 0.0 14010 241 3479.809523809524 21
stats: {sentpackets,"tsung_controller@ip-172-30-3-173"} 1 9706.0 0.0 10954 231 2964.904761904762 21
stats: {cpu,"tsung_controller@ip-172-30-3-173"} 1 17.797443461160274 0.0 22.52427184466019 1.678183613030602 6.989915802186224 22
stats: {load,"tsung_controller@ip-172-30-3-173"} 1 0.171875 0.0 0.23828125 0.0390625 0.13139204545454544 22
stats: session 178 40721.676019904335 16076.687776109267 125385.15307617188 19.637939453125 23050.61681794467 1168
stats: users_count 0 1931
stats: finish_users_count 178 1346
stats: request 2334 283.97080511176495 65.20237409014584 780.401123046875 0.067138671875 126.81813110630723 15305
stats: connect 1 0.58984375 0.0 104.032958984375 0.4501953125 0.6563579423778553 1970
stats: page 1856 357.77137927351265 157.27498537880825 1419.2451171875 0.654052734375 146.6988216170485 13205
stats: tr_play_game__ready_page 12 259.48974609375 35.07181038479355 579.0400390625 0.740234375 110.56353481247963 767
stats: 302 77 1099
stats: tr_question_new_POST 341 270.74123313210214 56.32902084966307 639.01513671875 0.742919921875 103.09088002080506 1104
stats: 200 1894 14832
stats: tr_quiz_new_POST 38 283.90145070929276 68.22195928155779 681.447998046875 1.05810546875 133.85380604064542 153
stats: size_rcv 5360599 36452236
stats: tr_play_game__leaderboard 91 269.32811963427207 52.23595071574155 622.1337890625 0.929931640625 143.6117057902564 373
stats: newphase 0 6
stats: tr_search_all_users 36 381.90171305338544 98.43088948653073 780.447021484375 52.656982421875 248.0693289286782 209
stats: 422 4 11
stats: tr_friend_requests 17 300.98940142463243 59.3377400664164 590.6640625 0.72900390625 148.80190067997685 135
stats: size_sent 4032743 27547328
stats: tr_friends 22 311.70393510298294 65.79609492043633 651.448974609375 0.798095703125 173.1982883762669 111
stats: connected -178 584
stats: tr_browse_quizzes_page_1 0 0 0 477.55810546875 0.81005859375 79.01599747095352 390
stats: 503 0 226
stats: tr_play_game__1st_question 24 261.8075052897135 61.68213952074468 652.6728515625 0.9541015625 126.3510816561465 755
stats: 404 359 1435
stats: tr_play_game__answer_to_question 72 279.5924580891927 62.46884273662746 605.883056640625 0.880126953125 141.24676977681835 684
stats: tr_index 0 0 0 516.439208984375 1.218994140625 81.7314893891045 781
stats: tr_quizzes_page_INDEX 29 280.6015204067888 55.7820928903285 584.4931640625 0.845947265625 142.24392027774098 236
stats: tr_quiz_questions_SHOW 345 273.88720844655813 58.430593040864416 676.134033203125 0.123046875 104.84550799152152 1091
# stats: dump at 1448600110
stats: users 388 906
stats: {freemem,"tsung_controller@ip-172-30-3-173"} 1 2939.48828125 0.0 3170.22265625 2926.0078125 3109.388077445652 23
stats: {recvpackets,"tsung_controller@ip-172-30-3-173"} 1 14198.0 0.0 14198 241 3947.590909090909 22
stats: {sentpackets,"tsung_controller@ip-172-30-3-173"} 1 9456.0 0.0 10954 231 3271.318181818182 22
stats: {cpu,"tsung_controller@ip-172-30-3-173"} 1 16.8141592920354 0.0 22.52427184466019 1.678183613030602 7.459808309098139 23
stats: {load,"tsung_controller@ip-172-30-3-173"} 1 0.1484375 0.0 0.23828125 0.0390625 0.13315217391304346 23
stats: session 197 43195.60925231002 12252.212500999782 125385.15307617188 19.637939453125 25387.502804533688 1346
stats: users_count 0 1931
stats: finish_users_count 197 1543
stats: request 1941 58.01357678467918 60.29055038308466 780.401123046875 0.067138671875 147.61263992929824 17639
stats: connect 0 0 0 104.032958984375 0.4501953125 0.656324195958587 1971
stats: page 1540 74.94700198483154 88.88684392568021 1419.2451171875 0.654052734375 172.70975495549862 15061
stats: tr_play_game__ready_page 1 203.122802734375 0.0 579.0400390625 0.740234375 112.85764846507944 779
stats: 302 42 1141
stats: tr_question_new_POST 314 51.41702717580614 55.450526245250906 639.01513671875 0.742919921875 142.6540429349589 1445
stats: 200 1568 16400
stats: tr_quiz_new_POST 29 51.6241244612069 50.87168066391021 681.447998046875 1.05810546875 163.70621702184226 191
stats: size_rcv 4415328 40867564
stats: tr_play_game__leaderboard 107 50.295654296875 56.435736022627594 622.1337890625 0.929931640625 168.2672955743198 464
stats: newphase 0 6
stats: tr_search_all_users 20 122.95185546875 71.83661207900239 780.447021484375 5.85302734375 267.734495575574 245
stats: 422 2 13
stats: tr_friend_requests 13 42.75614107572115 42.99770664286838 590.6640625 0.72900390625 165.82287115799753 152
stats: size_sent 3292319 30839647
stats: tr_friends 16 81.85939025878906 64.90063357959765 651.448974609375 0.798095703125 196.10899685737783 133
stats: connected -197 387
stats: tr_browse_quizzes_page_1 0 0 0 477.55810546875 0.81005859375 79.01599747095352 390
stats: 503 0 226
stats: tr_play_game__1st_question 1 159.19091796875 0.0 652.6728515625 0.9541015625 130.52432192213573 779
stats: 404 329 1764
stats: tr_play_game__answer_to_question 20 79.93773193359375 71.38654963104526 605.883056640625 0.880126953125 154.42254961609208 756
stats: tr_index 0 0 0 516.439208984375 1.218994140625 81.7314893891045 781
stats: tr_quizzes_page_INDEX 18 58.496622721354164 56.39776676566956 584.4931640625 0.845947265625 157.3849406692217 265
stats: tr_quiz_questions_SHOW 323 58.82981282048182 56.78319217953463 676.134033203125 0.123046875 145.45789424290567 1436
# stats: dump at 1448600120
stats: users 239 906
stats: {freemem,"tsung_controller@ip-172-30-3-173"} 1 2947.703125 0.0 3170.22265625 2926.0078125 3102.3089192708335 24
stats: {recvpackets,"tsung_controller@ip-172-30-3-173"} 1 7585.0 0.0 14198 241 4393.260869565217 23
stats: {sentpackets,"tsung_controller@ip-172-30-3-173"} 1 5759.0 0.0 10954 231 3540.217391304348 23
stats: {cpu,"tsung_controller@ip-172-30-3-173"} 1 12.121212121212121 0.0 22.52427184466019 1.678183613030602 7.849572933387191 24
stats: {load,"tsung_controller@ip-172-30-3-173"} 1 0.12109375 0.0 0.23828125 0.0390625 0.13378906249999997 24
stats: session 149 48068.461183279156 11461.892108696802 125385.15307617188 19.637939453125 27661.12365366651 1543
stats: users_count 0 1931
stats: finish_users_count 149 1692
stats: request 1117 13.383260783278315 14.725305694416473 780.401123046875 0.067138671875 138.73052646843485 19580
stats: connect 0 0 0 104.032958984375 0.4501953125 0.656324195958587 1971
stats: page 897 16.775796709517806 21.32086101382108 1419.2451171875 0.654052734375 163.6407446805256 16601
stats: tr_play_game__ready_page 1 11.27783203125 0.0 579.0400390625 0.740234375 112.97337302183493 780
stats: 302 32 1173
stats: tr_question_new_POST 170 5.90572868795956 2.3537650113787514 639.01513671875 0.742919921875 126.36727605128979 1759
stats: 200 895 17295
stats: tr_quiz_new_POST 22 14.344915216619318 4.8518007147261315 681.447998046875 1.05810546875 148.93175936612215 220
stats: size_rcv 2548948 43416512
stats: tr_play_game__leaderboard 95 11.933048930921053 4.881818498672272 622.1337890625 0.929931640625 146.1605256676883 571
stats: newphase 0 6
stats: tr_search_all_users 15 68.08815104166666 22.4394290975792 780.447021484375 4.4951171875 256.8075038693986 265
stats: 422 9 22
stats: tr_friend_requests 3 9.868326822916666 2.028931779994196 590.6640625 0.72900390625 156.12670454545454 165
stats: size_sent 2034472 32874119
stats: tr_friends 12 49.709554036458336 23.523448416909616 651.448974609375 0.798095703125 183.84058272598574 149
stats: connected -143 244
stats: tr_browse_quizzes_page_1 0 0 0 477.55810546875 0.81005859375 79.01599747095352 390
stats: 503 0 226
stats: tr_play_game__1st_question 1 13.29296875 0.0 652.6728515625 0.9541015625 130.56107396834935 780
stats: 404 181 1945
stats: tr_play_game__answer_to_question 5 13.4486328125 3.585437145023208 605.883056640625 0.880126953125 152.5028378201514 776
stats: tr_index 0 0 0 516.439208984375 1.218994140625 81.7314893891045 781
stats: tr_quizzes_page_INDEX 5 10.92421875 1.7165278937287127 584.4931640625 0.845947265625 151.09522433331492 283
stats: tr_quiz_questions_SHOW 169 9.823230630547341 4.018063190817933 676.134033203125 0.123046875 129.55063426596257 1759
# stats: dump at 1448600130
stats: users 118 906
stats: {freemem,"tsung_controller@ip-172-30-3-173"} 1 2964.13671875 0.0 3170.22265625 2926.0078125 3096.1246875 25
stats: {recvpackets,"tsung_controller@ip-172-30-3-173"} 1 5884.0 0.0 14198 241 4526.249999999999 24
stats: {sentpackets,"tsung_controller@ip-172-30-3-173"} 1 4556.0 0.0 10954 231 3632.6666666666665 24
stats: {cpu,"tsung_controller@ip-172-30-3-173"} 1 8.05168986083499 0.0 22.52427184466019 1.678183613030602 8.02043850090019 25
stats: {load,"tsung_controller@ip-172-30-3-173"} 1 0.1015625 0.0 0.23828125 0.0390625 0.13328124999999996 25
stats: session 121 57067.90634684917 12592.588725107737 127095.08081054688 19.637939453125 29458.22370798819 1692
stats: users_count 0 1931
stats: finish_users_count 121 1813
stats: request 911 11.62380073622736 11.53988298875199 780.401123046875 0.067138671875 131.96563804159425 20697
stats: connect 1 0.642822265625 0.0 104.032958984375 0.4501953125 0.656324195958587 1971
stats: page 693 15.326699965615981 17.867614231628682 1419.2451171875 0.654052734375 156.11200663446354 17498
stats: tr_play_game__ready_page 0 0 0 579.0400390625 0.740234375 112.84316106153969 781
stats: 302 21 1194
stats: tr_question_new_POST 183 6.042896708504096 2.047770143938075 639.01513671875 0.742919921875 115.75117286219381 1929
stats: 200 698 17993
stats: tr_quiz_new_POST 22 14.000454989346592 4.208698547542398 681.447998046875 1.05810546875 136.69659171616735 242
stats: size_rcv 2154259 45570771
stats: tr_play_game__leaderboard 62 10.23696997857863 2.999189478915614 622.1337890625 0.929931640625 127.01396367070197 666
stats: newphase 0 6
stats: tr_search_all_users 9 79.37944878472223 14.936985715411886 780.447021484375 4.4951171875 246.6975385393415 280
stats: 422 11 33
stats: tr_friend_requests 2 8.4500732421875 0.3499755859375 590.6640625 0.72900390625 153.51494780040923 168
stats: size_sent 1423441 34297560
stats: tr_friends 5 39.015478515625 6.15285140320945 651.448974609375 0.798095703125 173.84323897272904 161
stats: connected -129 115
stats: tr_browse_quizzes_page_1 0 0 0 477.55810546875 0.81005859375 79.01599747095352 390
stats: 503 0 226
stats: tr_play_game__1st_question 0 0 0 652.6728515625 0.9541015625 130.41092274527847 781
stats: 404 181 2126
stats: tr_play_game__answer_to_question 0 0 0 605.883056640625 0.880126953125 151.61260603393083 781
stats: tr_index 0 0 0 516.439208984375 1.218994140625 81.7314893891045 781
stats: tr_quizzes_page_INDEX 4 10.5672607421875 2.266840362131691 584.4931640625 0.845947265625 148.6616999308268 288
stats: tr_quiz_questions_SHOW 184 9.58446469514266 2.3882317463397067 676.134033203125 0.123046875 119.05585666514038 1928
# stats: dump at 1448600140
stats: users 67 906
stats: {freemem,"tsung_controller@ip-172-30-3-173"} 1 3018.01171875 0.0 3170.22265625 2926.0078125 3091.0482271634614 26
stats: {recvpackets,"tsung_controller@ip-172-30-3-173"} 1 3052.0 0.0 14198 241 4580.559999999999 25
stats: {sentpackets,"tsung_controller@ip-172-30-3-173"} 1 2366.0 0.0 10954 231 3669.6 25
stats: {cpu,"tsung_controller@ip-172-30-3-173"} 1 4.757185332011893 0.0 22.52427184466019 1.678183613030602 8.021640476282297 26
stats: {load,"tsung_controller@ip-172-30-3-173"} 1 0.08984375 0.0 0.23828125 0.0390625 0.13206129807692304 26
stats: session 51 63982.460071040136 11117.59574032939 127095.08081054688 19.637939453125 31300.899714222156 1813
stats: users_count 0 1931
stats: finish_users_count 51 1864
stats: request 434 9.658718970514112 8.894808350556001 780.401123046875 0.067138671875 126.89198875497867 21608
stats: connect 6 1.9290364583333333 2.819530747386784 104.032958984375 0.4501953125 0.656317349137931 1972
stats: page 329 12.77914178262728 11.354053559489078 1419.2451171875 0.654052734375 150.7486831491405 18191
stats: tr_play_game__ready_page 0 0 0 579.0400390625 0.740234375 112.84316106153969 781
stats: 302 5 1199
stats: tr_question_new_POST 88 4.921983198686079 0.8692743581205888 639.01513671875 0.742919921875 106.24520007046786 2112
stats: 200 341 18334
stats: tr_quiz_new_POST 11 13.790261008522727 4.428455660961328 681.447998046875 1.05810546875 126.47191365559895 264
stats: size_rcv 991073 46561844
stats: tr_play_game__leaderboard 31 10.593127835181452 3.750311805128447 622.1337890625 0.929931640625 117.06867025186729 728
stats: newphase 0 6
stats: tr_search_all_users 1 56.93701171875 0.0 780.447021484375 4.4951171875 241.48694058850563 289
stats: 422 0 33
stats: tr_friend_requests 0 0 0 590.6640625 0.72900390625 151.80830221737133 170
stats: size_sent 678162 34975722
stats: tr_friends 0 0 0 651.448974609375 0.798095703125 169.7821618505271 166
stats: connected -48 67
stats: tr_browse_quizzes_page_1 0 0 0 477.55810546875 0.81005859375 79.01599747095352 390
stats: 503 0 226
stats: tr_play_game__1st_question 0 0 0 652.6728515625 0.9541015625 130.41092274527847 781
stats: 404 88 2214
stats: tr_play_game__answer_to_question 0 0 0 605.883056640625 0.880126953125 151.61260603393083 781
stats: tr_index 0 0 0 516.439208984375 1.218994140625 81.7314893891045 781
stats: tr_quizzes_page_INDEX 4 9.686767578125 2.026998949957257 584.4931640625 0.845947265625 146.76999528440712 292
stats: tr_quiz_questions_SHOW 88 8.26139970259233 1.14367002666064 676.134033203125 0.123046875 109.51857630411786 2112
# stats: dump at 1448600150
stats: users 35 906
stats: {freemem,"tsung_controller@ip-172-30-3-173"} 1 3029.94921875 0.0 3170.22265625 2926.0078125 3088.343171296296 27
stats: {recvpackets,"tsung_controller@ip-172-30-3-173"} 1 1403.0 0.0 14198 241 4521.76923076923 26
stats: {sentpackets,"tsung_controller@ip-172-30-3-173"} 1 1107.0 0.0 10954 231 3619.4615384615386 26
stats: {cpu,"tsung_controller@ip-172-30-3-173"} 1 2.766798418972332 0.0 22.52427184466019 1.678183613030602 7.900734730198208 27
stats: {load,"tsung_controller@ip-172-30-3-173"} 1 0.0703125 0.0 0.23828125 0.0390625 0.13049768518518515 27
stats: session 32 76096.89459228516 9379.867491904308 127095.08081054688 19.637939453125 32195.0840372896 1864
stats: users_count 0 1931
stats: finish_users_count 32 1896
stats: request 241 9.327870729058613 9.2211270377695 780.401123046875 0.067138671875 124.58370279696861 22042
stats: connect 2 0.720458984375 0.029541015625 104.032958984375 0.4501953125 0.6601779733316482 1978
stats: page 176 12.818012584339492 13.407782994703194 1419.2451171875 0.654052734375 148.29771235488656 18520
stats: tr_play_game__ready_page 0 0 0 579.0400390625 0.740234375 112.84316106153969 781
stats: 302 2 1201
stats: tr_question_new_POST 54 4.613444010416667 0.470335675533749 639.01513671875 0.742919921875 102.19227139559659 2200
stats: 200 183 18517
stats: tr_quiz_new_POST 7 11.587262834821429 0.4397097437342583 681.447998046875 1.05810546875 121.9646475497159 275
stats: size_rcv 597488 47159332
stats: tr_play_game__leaderboard 12 9.022135416666668 0.884275722285684 622.1337890625 0.929931640625 112.71986680665351 759
stats: newphase 0 6
stats: tr_search_all_users 2 55.8050537109375 0.4759521484375 780.447021484375 4.4951171875 240.8505615234375 290
stats: 422 0 33
stats: tr_friend_requests 0 0 0 590.6640625 0.72900390625 151.80830221737133 170
stats: size_sent 333222 35308944
stats: tr_friends 1 30.97119140625 0.0 651.448974609375 0.798095703125 169.7821618505271 166
stats: connected -28 39
stats: tr_browse_quizzes_page_1 0 0 0 477.55810546875 0.81005859375 79.01599747095352 390
stats: 503 0 226
stats: tr_play_game__1st_question 0 0 0 652.6728515625 0.9541015625 130.41092274527847 781
stats: 404 56 2270
stats: tr_play_game__answer_to_question 0 0 0 605.883056640625 0.880126953125 151.61260603393083 781
stats: tr_index 0 0 0 516.439208984375 1.218994140625 81.7314893891045 781
stats: tr_quizzes_page_INDEX 1 8.580078125 0.0 584.4931640625 0.845947265625 144.9175192343222 296
stats: tr_quiz_questions_SHOW 54 7.853682906539352 0.5413884255719917 676.134033203125 0.123046875 105.46828924005683 2200
# stats: dump at 1448600160
stats: users 18 906
stats: {freemem,"tsung_controller@ip-172-30-3-173"} 1 3051.65625 0.0 3170.22265625 2926.0078125 3086.2576729910716 28
stats: {recvpackets,"tsung_controller@ip-172-30-3-173"} 1 1119.0 0.0 14198 241 4406.259259259258 27
stats: {sentpackets,"tsung_controller@ip-172-30-3-173"} 1 838.0 0.0 10954 231 3526.4074074074074 27
stats: {cpu,"tsung_controller@ip-172-30-3-173"} 1 2.0812685827552033 0.0 22.52427184466019 1.678183613030602 7.717379861940141 28
stats: {load,"tsung_controller@ip-172-30-3-173"} 1 0.05859375 0.0 0.23828125 0.0390625 0.12834821428571425 28
stats: session 17 85755.4521484375 11350.731405516259 127095.08081054688 19.637939453125 32936.042865222014 1896
stats: users_count 0 1931
stats: finish_users_count 17 1913
stats: request 166 8.172063253012045 4.156570403961631 780.401123046875 0.067138671875 123.33716258567003 22283
stats: connect 1 0.76806640625 0.0 104.032958984375 0.4501953125 0.6602388632417929 1980
stats: page 119 11.448812532825634 4.462772225268534 1419.2451171875 0.654052734375 147.02233649055108 18696
stats: tr_play_game__ready_page 0 0 0 579.0400390625 0.740234375 112.84316106153969 781
stats: 302 0 1201
stats: tr_question_new_POST 42 4.581333705357143 0.3677564368929438 639.01513671875 0.742919921875 99.85453551325422 2254
stats: 200 122 18639
stats: tr_quiz_new_POST 5 11.666845703125 0.36687753783717825 681.447998046875 1.05810546875 119.22478339012633 282
stats: size_rcv 406267 47565599
stats: tr_play_game__leaderboard 7 8.141671316964286 2.011456276263329 622.1337890625 0.929931640625 111.1058943336576 771
stats: newphase 0 6
stats: tr_search_all_users 0 0 0 780.447021484375 4.4951171875 239.58312653842037 292
stats: 422 0 33
stats: tr_friend_requests 0 0 0 590.6640625 0.72900390625 151.80830221737133 170
stats: size_sent 205287 35514231
stats: tr_friends 3 33.465576171875 1.0836852797997691 651.448974609375 0.798095703125 168.95095843469312 167
stats: connected -24 15
stats: tr_browse_quizzes_page_1 0 0 0 477.55810546875 0.81005859375 79.01599747095352 390
stats: 503 0 226
stats: tr_play_game__1st_question 0 0 0 652.6728515625 0.9541015625 130.41092274527847 781
stats: 404 44 2314
stats: tr_play_game__answer_to_question 0 0 0 605.883056640625 0.880126953125 151.61260603393083 781
stats: tr_index 0 0 0 516.439208984375 1.218994140625 81.7314893891045 781
stats: tr_quizzes_page_INDEX 0 0 0 584.4931640625 0.845947265625 144.4584706110585 297
stats: tr_quiz_questions_SHOW 42 7.96511695498512 0.68428954793974 676.134033203125 0.123046875 103.12969618681373 2254
# stats: dump at 1448600170
stats: users 9 906
stats: {freemem,"tsung_controller@ip-172-30-3-173"} 1 3079.53515625 0.0 3170.22265625 2926.0078125 3085.064520474138 29
stats: {recvpackets,"tsung_controller@ip-172-30-3-173"} 1 358.0 0.0 14198 241 4288.857142857142 28
stats: {sentpackets,"tsung_controller@ip-172-30-3-173"} 1 291.0 0.0 10954 231 3430.3928571428573 28
stats: {cpu,"tsung_controller@ip-172-30-3-173"} 1 1.9627085377821394 0.0 22.52427184466019 1.678183613030602 7.523031197140661 29
stats: {load,"tsung_controller@ip-172-30-3-173"} 1 0.05078125 0.0 0.23828125 0.0390625 0.12594288793103445 29
stats: session 9 91985.18733723958 11791.984913803097 127095.08081054688 19.637939453125 33405.42601096936 1913
stats: users_count 0 1931
stats: finish_users_count 9 1922
stats: request 117 8.306989099225426 7.20263932743019 780.401123046875 0.067138671875 122.48556979805271 22449
stats: connect 2 0.739990234375 0.0419921875 104.032958984375 0.4501953125 0.6602932941065118 1981
stats: page 80 12.207150268554686 8.844200078341732 1419.2451171875 0.654052734375 146.16486907885994 18815
stats: tr_play_game__ready_page 0 0 0 579.0400390625 0.740234375 112.84316106153969 781
stats: 302 1 1202
stats: tr_question_new_POST 32 4.533218383789063 0.46170789354691255 639.01513671875 0.742919921875 98.11173304115853 2296
stats: 200 84 18723
stats: tr_quiz_new_POST 4 13.23077392578125 1.3299789769865746 681.447998046875 1.05810546875 117.3509517231054 287
stats: size_rcv 290182 47855781
stats: tr_play_game__leaderboard 2 8.902587890625 0.33837890625 622.1337890625 0.929931640625 110.17948101602668 778
stats: newphase 0 6
stats: tr_search_all_users 0 0 0 780.447021484375 4.4951171875 239.58312653842037 292
stats: 422 0 33
stats: tr_friend_requests 0 0 0 590.6640625 0.72900390625 151.80830221737133 170
stats: size_sent 125883 35640114
stats: tr_friends 0 0 0 651.448974609375 0.798095703125 166.5600399241728 170
stats: connected -9 6
stats: tr_browse_quizzes_page_1 0 0 0 477.55810546875 0.81005859375 79.01599747095352 390
stats: 503 0 226
stats: tr_play_game__1st_question 0 0 0 652.6728515625 0.9541015625 130.41092274527847 781
stats: 404 32 2346
stats: tr_play_game__answer_to_question 0 0 0 605.883056640625 0.880126953125 151.61260603393083 781
stats: tr_index 0 0 0 516.439208984375 1.218994140625 81.7314893891045 781
stats: tr_quizzes_page_INDEX 1 8.833984375 0.0 584.4931640625 0.845947265625 144.4584706110585 297
stats: tr_quiz_questions_SHOW 32 7.697418212890625 0.18703593752140885 676.134033203125 0.123046875 101.38888071306077 2296
# stats: dump at 1448600180
stats: users 4 906
stats: {freemem,"tsung_controller@ip-172-30-3-173"} 1 3080.33984375 0.0 3170.22265625 2926.0078125 3084.8802083333335 30
stats: {recvpackets,"tsung_controller@ip-172-30-3-173"} 1 421.0 0.0 14198 241 4153.310344827586 29
stats: {sentpackets,"tsung_controller@ip-172-30-3-173"} 1 312.0 0.0 10954 231 3322.137931034483 29
stats: {cpu,"tsung_controller@ip-172-30-3-173"} 1 1.3847675568743818 0.0 22.52427184466019 1.3847675568743818 7.337687108495376 30
stats: {load,"tsung_controller@ip-172-30-3-173"} 1 0.05078125 0.0 0.23828125 0.0390625 0.12343749999999996 30
stats: session 5 110549.78076171875 7449.527454736904 127095.08081054688 19.637939453125 33679.73290583743 1922
stats: users_count 0 1931
stats: finish_users_count 5 1927
stats: request 106 7.744564416273585 2.644053871732036 780.401123046875 0.067138671875 121.89357768860651 22566
stats: connect 3 0.7657063802083334 0.01387144688962105 104.032958984375 0.4501953125 0.66037367427824 1983
stats: page 70 11.792728097098216 2.6841599714031426 1419.2451171875 0.654052734375 145.59770223552442 18895
stats: tr_play_game__ready_page 0 0 0 579.0400390625 0.740234375 112.84316106153969 781
stats: 302 0 1202
stats: tr_question_new_POST 32 4.509025573730469 0.1291546665396025 639.01513671875 0.742919921875 96.82543043418437 2328
stats: 200 74 18797
stats: tr_quiz_new_POST 4 13.59197998046875 1.8257738332389652 681.447998046875 1.05810546875 115.91974653001503 291
stats: size_rcv 270675 48126456
stats: tr_play_game__leaderboard 0 0 0 622.1337890625 0.929931640625 109.9197966746795 780
stats: newphase 0 6
stats: tr_search_all_users 0 0 0 780.447021484375 4.4951171875 239.58312653842037 292
stats: 422 0 33
stats: tr_friend_requests 0 0 0 590.6640625 0.72900390625 151.80830221737133 170
stats: size_sent 99408 35739522
stats: tr_friends 0 0 0 651.448974609375 0.798095703125 166.5600399241728 170
stats: connected -2 4
stats: tr_browse_quizzes_page_1 0 0 0 477.55810546875 0.81005859375 79.01599747095352 390
stats: 503 0 226
stats: tr_play_game__1st_question 0 0 0 652.6728515625 0.9541015625 130.41092274527847 781
stats: 404 32 2378
stats: tr_play_game__answer_to_question 0 0 0 605.883056640625 0.880126953125 151.61260603393083 781
stats: tr_index 0 0 0 516.439208984375 1.218994140625 81.7314893891045 781
stats: tr_quizzes_page_INDEX 0 0 0 584.4931640625 0.845947265625 144.0033548854341 298
stats: tr_quiz_questions_SHOW 32 7.7780609130859375 0.17698809273482496 676.134033203125 0.123046875 100.10102555841925 2328
# stats: dump at 1448600190
stats: users 1 906
stats: {freemem,"tsung_controller@ip-172-30-3-173"} 1 3090.21484375 0.0 3170.22265625 2926.0078125 3084.7337449596776 31
stats: {recvpackets,"tsung_controller@ip-172-30-3-173"} 1 305.0 0.0 14198 241 4028.9 30
stats: {sentpackets,"tsung_controller@ip-172-30-3-173"} 1 228.0 0.0 10954 228 3221.8 30
stats: {cpu,"tsung_controller@ip-172-30-3-173"} 1 1.1869436201780417 0.0 22.52427184466019 1.1869436201780417 7.14565744553986 31
stats: {load,"tsung_controller@ip-172-30-3-173"} 1 0.0390625 0.0 0.23828125 0.0390625 0.12109374999999997 31
stats: session 3 120671.86059570313 5460.542483855016 127095.08081054688 19.637939453125 33879.1881415818 1927
stats: users_count 0 1931
stats: finish_users_count 3 1930
stats: request 54 7.622753002025463 2.2899625310398055 780.401123046875 0.067138671875 121.35988875922811 22672
stats: connect 0 0 0 104.032958984375 0.4501953125 0.6605327871270771 1986
stats: page 36 11.498006184895834 2.900181456450614 1419.2451171875 0.654052734375 145.1038267707372 18965
stats: tr_play_game__ready_page 0 0 0 579.0400390625 0.740234375 112.84316106153969 781
stats: 302 0 1202
stats: tr_question_new_POST 16 4.727203369140625 0.8080777621633621 639.01513671875 0.742919921875 95.57368257166975 2360
stats: 200 38 18835
stats: tr_quiz_new_POST 2 12.7880859375 0.283935546875 681.447998046875 1.05810546875 114.53225139036017 295
stats: size_rcv 137162 48263618
stats: tr_play_game__leaderboard 1 10.3759765625 0.0 622.1337890625 0.929931640625 109.9197966746795 780
stats: newphase 0 6
stats: tr_search_all_users 0 0 0 780.447021484375 4.4951171875 239.58312653842037 292
stats: 422 0 33
stats: tr_friend_requests 0 0 0 590.6640625 0.72900390625 151.80830221737133 170
stats: size_sent 52967 35792489
stats: tr_friends 0 0 0 651.448974609375 0.798095703125 166.5600399241728 170
stats: connected -3 1
stats: tr_browse_quizzes_page_1 0 0 0 477.55810546875 0.81005859375 79.01599747095352 390
stats: 503 0 226
stats: tr_play_game__1st_question 0 0 0 652.6728515625 0.9541015625 130.41092274527847 781
stats: 404 16 2394
stats: tr_play_game__answer_to_question 0 0 0 605.883056640625 0.880126953125 151.61260603393083 781
stats: tr_index 0 0 0 516.439208984375 1.218994140625 81.7314893891045 781
stats: tr_quizzes_page_INDEX 0 0 0 584.4931640625 0.845947265625 144.0033548854341 298
stats: tr_quiz_questions_SHOW 16 7.6062774658203125 0.06382641664819536 676.134033203125 0.123046875 98.84918874966897 2360
# stats: dump at 1448600192
stats: users 0 906
stats: {freemem,"tsung_controller@ip-172-30-3-173"} 0 0 0 3170.22265625 2926.0078125 3084.905029296875 32
stats: {recvpackets,"tsung_controller@ip-172-30-3-173"} 0 0 0 14198 241 3908.7741935483873 31
stats: {sentpackets,"tsung_controller@ip-172-30-3-173"} 0 0 0 10954 228 3125.2258064516127 31
stats: {cpu,"tsung_controller@ip-172-30-3-173"} 0 0 0 22.52427184466019 1.1869436201780417 6.959447638497304 32
stats: {load,"tsung_controller@ip-172-30-3-173"} 0 0 0 0.23828125 0.0390625 0.11853027343749997 32
stats: session 1 109715.046875 0.0 127095.08081054688 19.637939453125 34014.099031406855 1930
stats: users_count 0 1931
stats: finish_users_count 1 1931
stats: request 26 7.520658052884615 2.251403764060107 780.401123046875 0.067138671875 121.08963419041314 22726
stats: connect 0 0 0 104.032958984375 0.4501953125 0.6605327871270771 1986
stats: page 17 11.568991268382353 2.5249500136668455 1419.2451171875 0.654052734375 144.85069222302442 19001
stats: tr_play_game__ready_page 0 0 0 579.0400390625 0.740234375 112.84316106153969 781
stats: 302 0 1202
stats: tr_question_new_POST 8 4.7274169921875 0.7981908536701212 639.01513671875 0.742919921875 94.96192176895912 2376
stats: 200 18 18853
stats: tr_quiz_new_POST 1 12.531005859375 0.0 681.447998046875 1.05810546875 113.84710549505472 297
stats: size_rcv 66901 48330519
stats: tr_play_game__leaderboard 0 0 0 622.1337890625 0.929931640625 109.79233979873561 781
stats: newphase 0 6
stats: tr_search_all_users 0 0 0 780.447021484375 4.4951171875 239.58312653842037 292
stats: 422 0 33
stats: tr_friend_requests 0 0 0 590.6640625 0.72900390625 151.80830221737133 170
stats: size_sent 23193 35815682
stats: tr_friends 0 0 0 651.448974609375 0.798095703125 166.5600399241728 170
stats: connected -1 0
stats: tr_browse_quizzes_page_1 0 0 0 477.55810546875 0.81005859375 79.01599747095352 390
stats: 503 0 226
stats: tr_play_game__1st_question 0 0 0 652.6728515625 0.9541015625 130.41092274527847 781
stats: 404 8 2402
stats: tr_play_game__answer_to_question 0 0 0 605.883056640625 0.880126953125 151.61260603393083 781
stats: tr_index 0 0 0 516.439208984375 1.218994140625 81.7314893891045 781
stats: tr_quizzes_page_INDEX 0 0 0 584.4931640625 0.845947265625 144.0033548854341 298
stats: tr_quiz_questions_SHOW 8 7.620086669921875 0.08097057689363654 676.134033203125 0.123046875 98.23475837065315 2376
EndMonitor:{1448,600192,426559}
