
=INFO REPORT==== 27-Nov-2015::04:51:10 ===
    ts_config_server:(5:<0.72.0>) Config server started, logdir is "/home/ec2-user/.tsung/log/20151127-0451"
 
=INFO REPORT==== 27-Nov-2015::04:51:10 ===
              ts_mon:(5:<0.54.0>) starting monitor, global 

=INFO REPORT==== 27-Nov-2015::04:51:10 ===
           ts_config:(5:<0.72.0>) Reading config file: simple.xml

=INFO REPORT==== 27-Nov-2015::04:51:10 ===
      ts_config_http:(4:<0.72.0>) Get user agent: 100 "Mozilla/5.0 (Windows; U; Windows NT 5.2; fr-FR; rv:1.7.8) Gecko/20050511 Firefox/1.0.4" 

=INFO REPORT==== 27-Nov-2015::04:51:10 ===
           ts_config:(5:<0.72.0>) Session name for id 1 is "create-quiz"

=INFO REPORT==== 27-Nov-2015::04:51:10 ===
           ts_config:(5:<0.72.0>) Session name for id 2 is "play-game"

=INFO REPORT==== 27-Nov-2015::04:51:10 ===
           ts_config:(5:<0.72.0>) Session name for id 3 is "browse-quizzes"

=INFO REPORT==== 27-Nov-2015::04:51:10 ===
           ts_config:(5:<0.72.0>) Session name for id 4 is "search-all-friends"

=INFO REPORT==== 27-Nov-2015::04:51:10 ===
           ts_config:(5:<0.72.0>) Session name for id 5 is "see-friend-requests-and-look-at-friends"

=INFO REPORT==== 27-Nov-2015::04:51:10 ===
    ts_config_server:(4:<0.72.0>) SYSINFO:Tsung version: 1.6.0

=INFO REPORT==== 27-Nov-2015::04:51:10 ===
    ts_config_server:(4:<0.72.0>) SYSINFO:Erlang version: Erlang R14B04 (erts-5.8.5) [source] [64-bit] [rq:1] [async-threads:8] [kernel-poll:true]


=INFO REPORT==== 27-Nov-2015::04:51:10 ===
    ts_config_server:(4:<0.72.0>) SYSINFO:System architecture x86_64-redhat-linux-gnu

=INFO REPORT==== 27-Nov-2015::04:51:10 ===
    ts_config_server:(4:<0.72.0>) SYSINFO:Current path: /usr/lib/erlang/lib/tsung-1.6.0/ebin/tsung.beam

=INFO REPORT==== 27-Nov-2015::04:51:10 ===
              ts_mon:(5:<0.73.0>) Activate clients with text backend

=INFO REPORT==== 27-Nov-2015::04:51:10 ===
              ts_mon:(5:<0.73.0>) Starting tsung clients on hosts: [localhost]

=INFO REPORT==== 27-Nov-2015::04:51:10 ===
    ts_config_server:(5:<0.72.0>) Start a launcher on the controller beam localhost

=INFO REPORT==== 27-Nov-2015::04:51:10 ===
  ts_launcher_static:(5:<0.128.0>) Launch msg receive ("localhost")

=INFO REPORT==== 27-Nov-2015::04:51:10 ===
         ts_launcher:(5:<0.129.0>) Launch msg receive ("localhost")

=INFO REPORT==== 27-Nov-2015::04:51:10 ===
    ts_config_server:(5:<0.72.0>) All remote beams started, syncing 

=INFO REPORT==== 27-Nov-2015::04:51:10 ===
    ts_config_server:(5:<0.72.0>) Undefined ports_range config 

=INFO REPORT==== 27-Nov-2015::04:51:10 ===
    ts_config_server:(5:<0.72.0>) New arrival phase 1 for client "localhost" (last ? true): will start 30 users

=INFO REPORT==== 27-Nov-2015::04:51:10 ===
    ts_config_server:(5:<0.72.0>) New arrival phase 2 for client "localhost" (last ? true): will start 45 users

=INFO REPORT==== 27-Nov-2015::04:51:10 ===
    ts_config_server:(5:<0.72.0>) New arrival phase 3 for client "localhost" (last ? true): will start 60 users

=INFO REPORT==== 27-Nov-2015::04:51:10 ===
    ts_config_server:(5:<0.72.0>) New arrival phase 4 for client "localhost" (last ? true): will start 120 users

=INFO REPORT==== 27-Nov-2015::04:51:10 ===
    ts_config_server:(5:<0.72.0>) New arrival phase 5 for client "localhost" (last ? true): will start 240 users

=INFO REPORT==== 27-Nov-2015::04:51:10 ===
    ts_config_server:(5:<0.72.0>) New arrival phase 6 for client "localhost" (last ? true): will start 480 users

=INFO REPORT==== 27-Nov-2015::04:51:10 ===
    ts_config_server:(5:<0.72.0>) New arrival phase 7 for client "localhost" (last ? true): will start 960 users

=INFO REPORT==== 27-Nov-2015::04:51:10 ===
         ts_launcher:(5:<0.129.0>) Expected duration of first phase: 30.0 sec (30 users) 

=INFO REPORT==== 27-Nov-2015::04:51:11 ===
         ts_launcher:(5:<0.129.0>) Activate launcher (30 users) in 647 msec 

=INFO REPORT==== 27-Nov-2015::04:51:26 ===
         ts_launcher:(4:<0.129.0>) Need to wait 14.615 sec before changing phase, going to sleep

=INFO REPORT==== 27-Nov-2015::04:51:31 ===
           ts_search:(5:<0.161.0>) Dyn Var: no Match (varname=quiz_author), 

=INFO REPORT==== 27-Nov-2015::04:51:31 ===
           ts_search:(5:<0.161.0>) Dyn Var (RE): no Match (varname=created_quiz_id), 

=INFO REPORT==== 27-Nov-2015::04:51:33 ===
           ts_search:(5:<0.172.0>) Dyn Var: no Match (varname=quiz_author), 

=INFO REPORT==== 27-Nov-2015::04:51:40 ===
           ts_search:(5:<0.164.0>) Dyn Var: no Match (varname=quiz_author), 

=INFO REPORT==== 27-Nov-2015::04:51:41 ===
         ts_launcher:(5:<0.129.0>) Waking up

=INFO REPORT==== 27-Nov-2015::04:51:41 ===
         ts_launcher:(5:<0.129.0>) Start a new arrival phase (45 users, 0.0015); expected duration=30.0 sec

=INFO REPORT==== 27-Nov-2015::04:51:41 ===
           ts_search:(5:<0.171.0>) Dyn Var: no Match (varname=quiz_author), 

=INFO REPORT==== 27-Nov-2015::04:51:42 ===
           ts_search:(5:<0.172.0>) Dyn Var (RE): no Match (varname=created_quiz_id), 

=INFO REPORT==== 27-Nov-2015::04:51:43 ===
           ts_search:(5:<0.170.0>) Dyn Var: no Match (varname=quiz_author), 

=INFO REPORT==== 27-Nov-2015::04:51:53 ===
           ts_search:(5:<0.171.0>) Dyn Var (RE): no Match (varname=created_quiz_id), 

=INFO REPORT==== 27-Nov-2015::04:51:55 ===
           ts_search:(5:<0.166.0>) Dyn Var: no Match (varname=quiz_author), 

=INFO REPORT==== 27-Nov-2015::04:52:03 ===
           ts_search:(5:<0.170.0>) Dyn Var (RE): no Match (varname=created_quiz_id), 

=INFO REPORT==== 27-Nov-2015::04:52:10 ===
           ts_search:(5:<0.213.0>) Dyn Var: no Match (varname=quiz_author), 

=INFO REPORT==== 27-Nov-2015::04:52:12 ===
           ts_search:(5:<0.166.0>) Dyn Var (RE): no Match (varname=created_quiz_id), 

=INFO REPORT==== 27-Nov-2015::04:52:12 ===
         ts_launcher:(5:<0.129.0>) Start a new arrival phase (60 users, 0.002); expected duration=30.0 sec

=INFO REPORT==== 27-Nov-2015::04:52:12 ===
           ts_search:(5:<0.213.0>) Dyn Var (RE): no Match (varname=created_quiz_id), 

=INFO REPORT==== 27-Nov-2015::04:52:16 ===
           ts_search:(5:<0.202.0>) Dyn Var: no Match (varname=quiz_author), 

=INFO REPORT==== 27-Nov-2015::04:52:18 ===
           ts_search:(5:<0.208.0>) Dyn Var: no Match (varname=quiz_author), 

=INFO REPORT==== 27-Nov-2015::04:52:26 ===
           ts_search:(5:<0.164.0>) Dyn Var (RE): no Match (varname=created_quiz_id), 

=INFO REPORT==== 27-Nov-2015::04:52:28 ===
           ts_search:(5:<0.238.0>) Dyn Var: no Match (varname=quiz_author), 

=INFO REPORT==== 27-Nov-2015::04:52:32 ===
           ts_search:(5:<0.238.0>) Dyn Var (RE): no Match (varname=created_quiz_id), 

=INFO REPORT==== 27-Nov-2015::04:52:34 ===
           ts_search:(5:<0.244.0>) Dyn Var: no Match (varname=quiz_author), 

=INFO REPORT==== 27-Nov-2015::04:52:39 ===
           ts_search:(5:<0.208.0>) Dyn Var (RE): no Match (varname=created_quiz_id), 

=INFO REPORT==== 27-Nov-2015::04:52:40 ===
         ts_launcher:(4:<0.129.0>) Need to wait 1.971 sec before changing phase, going to sleep

=INFO REPORT==== 27-Nov-2015::04:52:42 ===
         ts_launcher:(5:<0.129.0>) Waking up

=INFO REPORT==== 27-Nov-2015::04:52:42 ===
         ts_launcher:(5:<0.129.0>) Start a new arrival phase (120 users, 0.004); expected duration=30.0 sec

=INFO REPORT==== 27-Nov-2015::04:52:42 ===
           ts_search:(5:<0.244.0>) Dyn Var (RE): no Match (varname=created_quiz_id), 

=INFO REPORT==== 27-Nov-2015::04:52:43 ===
           ts_search:(5:<0.267.0>) Dyn Var: no Match (varname=quiz_author), 

=INFO REPORT==== 27-Nov-2015::04:52:44 ===
           ts_search:(5:<0.287.0>) Dyn Var: no Match (varname=quiz_author), 

=INFO REPORT==== 27-Nov-2015::04:52:45 ===
           ts_search:(5:<0.283.0>) Dyn Var: no Match (varname=quiz_author), 

=INFO REPORT==== 27-Nov-2015::04:52:46 ===
           ts_search:(5:<0.278.0>) Dyn Var: no Match (varname=quiz_author), 

=INFO REPORT==== 27-Nov-2015::04:52:47 ===
           ts_search:(5:<0.287.0>) Dyn Var (RE): no Match (varname=created_quiz_id), 

=INFO REPORT==== 27-Nov-2015::04:52:49 ===
           ts_search:(5:<0.250.0>) Dyn Var: no Match (varname=quiz_author), 

=INFO REPORT==== 27-Nov-2015::04:52:50 ===
           ts_search:(5:<0.267.0>) Dyn Var (RE): no Match (varname=created_quiz_id), 

=INFO REPORT==== 27-Nov-2015::04:52:55 ===
           ts_search:(5:<0.300.0>) Dyn Var: no Match (varname=quiz_author), 

=INFO REPORT==== 27-Nov-2015::04:52:55 ===
           ts_search:(5:<0.181.0>) Dyn Var: no Match (varname=quiz_author), 

=INFO REPORT==== 27-Nov-2015::04:52:58 ===
           ts_search:(5:<0.283.0>) Dyn Var (RE): no Match (varname=created_quiz_id), 

=INFO REPORT==== 27-Nov-2015::04:52:58 ===
           ts_search:(5:<0.324.0>) Dyn Var: no Match (varname=quiz_author), 

=INFO REPORT==== 27-Nov-2015::04:52:59 ===
           ts_search:(5:<0.202.0>) Dyn Var (RE): no Match (varname=created_quiz_id), 

=INFO REPORT==== 27-Nov-2015::04:52:59 ===
           ts_search:(5:<0.277.0>) Dyn Var: no Match (varname=quiz_author), 

=INFO REPORT==== 27-Nov-2015::04:52:59 ===
           ts_search:(5:<0.304.0>) Dyn Var: no Match (varname=quiz_author), 

=INFO REPORT==== 27-Nov-2015::04:53:00 ===
           ts_search:(5:<0.326.0>) Dyn Var: no Match (varname=quiz_author), 

=INFO REPORT==== 27-Nov-2015::04:53:00 ===
           ts_search:(5:<0.326.0>) Dyn Var (RE): no Match (varname=created_quiz_id), 

=INFO REPORT==== 27-Nov-2015::04:53:01 ===
           ts_search:(5:<0.250.0>) Dyn Var (RE): no Match (varname=created_quiz_id), 

=INFO REPORT==== 27-Nov-2015::04:53:01 ===
           ts_search:(5:<0.261.0>) Dyn Var: no Match (varname=quiz_author), 

=INFO REPORT==== 27-Nov-2015::04:53:02 ===
           ts_search:(5:<0.302.0>) Dyn Var: no Match (varname=quiz_author), 

=INFO REPORT==== 27-Nov-2015::04:53:04 ===
           ts_search:(5:<0.300.0>) Dyn Var (RE): no Match (varname=created_quiz_id), 

=INFO REPORT==== 27-Nov-2015::04:53:07 ===
           ts_search:(5:<0.269.0>) Dyn Var: no Match (varname=quiz_author), 

=INFO REPORT==== 27-Nov-2015::04:53:08 ===
           ts_search:(5:<0.268.0>) Dyn Var: no Match (varname=quiz_author), 

=INFO REPORT==== 27-Nov-2015::04:53:08 ===
           ts_search:(5:<0.261.0>) Dyn Var (RE): no Match (varname=created_quiz_id), 

=INFO REPORT==== 27-Nov-2015::04:53:09 ===
           ts_search:(5:<0.319.0>) Dyn Var: no Match (varname=quiz_author), 

=INFO REPORT==== 27-Nov-2015::04:53:10 ===
           ts_search:(5:<0.298.0>) Dyn Var: no Match (varname=quiz_author), 

=INFO REPORT==== 27-Nov-2015::04:53:11 ===
           ts_search:(5:<0.298.0>) Dyn Var (RE): no Match (varname=created_quiz_id), 

=INFO REPORT==== 27-Nov-2015::04:53:11 ===
           ts_search:(5:<0.340.0>) Dyn Var: no Match (varname=quiz_author), 

=INFO REPORT==== 27-Nov-2015::04:53:11 ===
           ts_search:(5:<0.319.0>) Dyn Var (RE): no Match (varname=created_quiz_id), 

=INFO REPORT==== 27-Nov-2015::04:53:12 ===
           ts_search:(5:<0.304.0>) Dyn Var (RE): no Match (varname=created_quiz_id), 

=INFO REPORT==== 27-Nov-2015::04:53:12 ===
         ts_launcher:(5:<0.129.0>) Phase duration exceeded, but not all users were launched (4 users, 3.3% of phase)

=INFO REPORT==== 27-Nov-2015::04:53:12 ===
         ts_launcher:(5:<0.129.0>) Start a new arrival phase (240 users, 0.008); expected duration=30.0 sec

=INFO REPORT==== 27-Nov-2015::04:53:13 ===
           ts_search:(5:<0.369.0>) Dyn Var: no Match (varname=quiz_author), 

=INFO REPORT==== 27-Nov-2015::04:53:13 ===
           ts_search:(5:<0.302.0>) Dyn Var (RE): no Match (varname=created_quiz_id), 

=INFO REPORT==== 27-Nov-2015::04:53:14 ===
           ts_search:(5:<0.411.0>) Dyn Var: no Match (varname=quiz_author), 

=INFO REPORT==== 27-Nov-2015::04:53:16 ===
           ts_search:(5:<0.378.0>) Dyn Var: no Match (varname=quiz_author), 

=INFO REPORT==== 27-Nov-2015::04:53:16 ===
           ts_search:(5:<0.411.0>) Dyn Var (RE): no Match (varname=created_quiz_id), 

=INFO REPORT==== 27-Nov-2015::04:53:17 ===
           ts_search:(5:<0.268.0>) Dyn Var (RE): no Match (varname=created_quiz_id), 

=INFO REPORT==== 27-Nov-2015::04:53:17 ===
           ts_search:(5:<0.379.0>) Dyn Var: no Match (varname=quiz_author), 

=INFO REPORT==== 27-Nov-2015::04:53:18 ===
           ts_search:(5:<0.396.0>) Dyn Var: no Match (varname=quiz_author), 

=INFO REPORT==== 27-Nov-2015::04:53:18 ===
           ts_search:(5:<0.324.0>) Dyn Var (RE): no Match (varname=created_quiz_id), 

=INFO REPORT==== 27-Nov-2015::04:53:18 ===
           ts_search:(5:<0.404.0>) Dyn Var: no Match (varname=quiz_author), 

=INFO REPORT==== 27-Nov-2015::04:53:18 ===
           ts_search:(5:<0.425.0>) Dyn Var: no Match (varname=quiz_author), 

=INFO REPORT==== 27-Nov-2015::04:53:19 ===
           ts_search:(5:<0.396.0>) Dyn Var (RE): no Match (varname=created_quiz_id), 

=INFO REPORT==== 27-Nov-2015::04:53:21 ===
           ts_search:(5:<0.395.0>) Dyn Var: no Match (varname=quiz_author), 

=INFO REPORT==== 27-Nov-2015::04:53:22 ===
           ts_search:(5:<0.378.0>) Dyn Var (RE): no Match (varname=created_quiz_id), 

=INFO REPORT==== 27-Nov-2015::04:53:23 ===
           ts_search:(5:<0.386.0>) Dyn Var: no Match (varname=quiz_author), 

=INFO REPORT==== 27-Nov-2015::04:53:23 ===
           ts_search:(5:<0.351.0>) Dyn Var: no Match (varname=quiz_author), 

=INFO REPORT==== 27-Nov-2015::04:53:25 ===
           ts_search:(5:<0.350.0>) Dyn Var: no Match (varname=quiz_author), 

=INFO REPORT==== 27-Nov-2015::04:53:26 ===
           ts_search:(5:<0.382.0>) Dyn Var: no Match (varname=quiz_author), 

=INFO REPORT==== 27-Nov-2015::04:53:27 ===
           ts_search:(5:<0.386.0>) Dyn Var (RE): no Match (varname=created_quiz_id), 

=INFO REPORT==== 27-Nov-2015::04:53:30 ===
           ts_search:(5:<0.269.0>) Dyn Var (RE): no Match (varname=created_quiz_id), 

=INFO REPORT==== 27-Nov-2015::04:53:30 ===
           ts_search:(5:<0.429.0>) Dyn Var: no Match (varname=quiz_author), 

=INFO REPORT==== 27-Nov-2015::04:53:30 ===
           ts_search:(5:<0.538.0>) Dyn Var: no Match (varname=quiz_author), 

=INFO REPORT==== 27-Nov-2015::04:53:30 ===
           ts_search:(5:<0.399.0>) Dyn Var: no Match (varname=quiz_author), 

=INFO REPORT==== 27-Nov-2015::04:53:30 ===
           ts_search:(5:<0.401.0>) Dyn Var: no Match (varname=quiz_author), 

=INFO REPORT==== 27-Nov-2015::04:53:31 ===
           ts_search:(5:<0.404.0>) Dyn Var (RE): no Match (varname=created_quiz_id), 

=INFO REPORT==== 27-Nov-2015::04:53:32 ===
           ts_search:(5:<0.350.0>) Dyn Var (RE): no Match (varname=created_quiz_id), 

=INFO REPORT==== 27-Nov-2015::04:53:32 ===
           ts_search:(5:<0.351.0>) Dyn Var (RE): no Match (varname=created_quiz_id), 

=INFO REPORT==== 27-Nov-2015::04:53:33 ===
           ts_search:(5:<0.507.0>) Dyn Var: no Match (varname=quiz_author), 

=INFO REPORT==== 27-Nov-2015::04:53:33 ===
           ts_search:(5:<0.438.0>) Dyn Var: no Match (varname=quiz_author), 

=INFO REPORT==== 27-Nov-2015::04:53:34 ===
           ts_search:(5:<0.401.0>) Dyn Var (RE): no Match (varname=created_quiz_id), 

=INFO REPORT==== 27-Nov-2015::04:53:34 ===
           ts_search:(5:<0.460.0>) Dyn Var: no Match (varname=quiz_author), 

=INFO REPORT==== 27-Nov-2015::04:53:34 ===
           ts_search:(5:<0.454.0>) Dyn Var: no Match (varname=quiz_author), 

=INFO REPORT==== 27-Nov-2015::04:53:34 ===
           ts_search:(5:<0.454.0>) Dyn Var (RE): no Match (varname=created_quiz_id), 

=INFO REPORT==== 27-Nov-2015::04:53:35 ===
           ts_search:(5:<0.399.0>) Dyn Var (RE): no Match (varname=created_quiz_id), 

=INFO REPORT==== 27-Nov-2015::04:53:36 ===
           ts_search:(5:<0.499.0>) Dyn Var: no Match (varname=quiz_author), 

=INFO REPORT==== 27-Nov-2015::04:53:37 ===
           ts_search:(5:<0.379.0>) Dyn Var (RE): no Match (varname=created_quiz_id), 

=INFO REPORT==== 27-Nov-2015::04:53:38 ===
           ts_search:(5:<0.480.0>) Dyn Var: no Match (varname=quiz_author), 

=INFO REPORT==== 27-Nov-2015::04:53:40 ===
           ts_search:(5:<0.579.0>) Dyn Var: no Match (varname=quiz_author), 

=INFO REPORT==== 27-Nov-2015::04:53:40 ===
         ts_launcher:(4:<0.129.0>) Need to wait 1.945 sec before changing phase, going to sleep

=INFO REPORT==== 27-Nov-2015::04:53:40 ===
           ts_search:(5:<0.493.0>) Dyn Var: no Match (varname=quiz_author), 

=INFO REPORT==== 27-Nov-2015::04:53:40 ===
           ts_search:(5:<0.515.0>) Dyn Var: no Match (varname=quiz_author), 

=INFO REPORT==== 27-Nov-2015::04:53:41 ===
           ts_search:(5:<0.515.0>) Dyn Var (RE): no Match (varname=created_quiz_id), 

=INFO REPORT==== 27-Nov-2015::04:53:42 ===
         ts_launcher:(5:<0.129.0>) Waking up

=INFO REPORT==== 27-Nov-2015::04:53:42 ===
         ts_launcher:(5:<0.129.0>) Start a new arrival phase (480 users, 0.016); expected duration=30.0 sec

=INFO REPORT==== 27-Nov-2015::04:53:44 ===
           ts_search:(5:<0.608.0>) Dyn Var: no Match (varname=quiz_author), 

=INFO REPORT==== 27-Nov-2015::04:53:45 ===
           ts_search:(5:<0.568.0>) Dyn Var: no Match (varname=quiz_author), 

=INFO REPORT==== 27-Nov-2015::04:53:45 ===
           ts_search:(5:<0.509.0>) Dyn Var: no Match (varname=quiz_author), 

=INFO REPORT==== 27-Nov-2015::04:53:45 ===
           ts_search:(5:<0.277.0>) Dyn Var (RE): no Match (varname=created_quiz_id), 

=INFO REPORT==== 27-Nov-2015::04:53:47 ===
           ts_search:(5:<0.181.0>) Dyn Var (RE): no Match (varname=created_quiz_id), 

=INFO REPORT==== 27-Nov-2015::04:53:48 ===
           ts_search:(5:<0.512.0>) Dyn Var: no Match (varname=quiz_author), 

=INFO REPORT==== 27-Nov-2015::04:53:48 ===
           ts_search:(5:<0.599.0>) Dyn Var: no Match (varname=quiz_author), 

=INFO REPORT==== 27-Nov-2015::04:53:49 ===
           ts_search:(5:<0.560.0>) Dyn Var: no Match (varname=quiz_author), 

=INFO REPORT==== 27-Nov-2015::04:53:49 ===
           ts_search:(5:<0.521.0>) Dyn Var: no Match (varname=quiz_author), 

=INFO REPORT==== 27-Nov-2015::04:53:49 ===
           ts_search:(5:<0.507.0>) Dyn Var (RE): no Match (varname=created_quiz_id), 

=INFO REPORT==== 27-Nov-2015::04:53:50 ===
           ts_search:(5:<0.669.0>) Dyn Var: no Match (varname=quiz_author), 

=INFO REPORT==== 27-Nov-2015::04:53:50 ===
           ts_search:(5:<0.429.0>) Dyn Var (RE): no Match (varname=created_quiz_id), 

=INFO REPORT==== 27-Nov-2015::04:53:51 ===
           ts_search:(5:<0.382.0>) Dyn Var (RE): no Match (varname=created_quiz_id), 

=INFO REPORT==== 27-Nov-2015::04:53:51 ===
           ts_search:(5:<0.674.0>) Dyn Var: no Match (varname=quiz_author), 

=INFO REPORT==== 27-Nov-2015::04:53:51 ===
           ts_search:(5:<0.576.0>) Dyn Var: no Match (varname=quiz_author), 

=INFO REPORT==== 27-Nov-2015::04:53:51 ===
           ts_search:(5:<0.538.0>) Dyn Var (RE): no Match (varname=created_quiz_id), 

=INFO REPORT==== 27-Nov-2015::04:53:52 ===
           ts_search:(5:<0.546.0>) Dyn Var: no Match (varname=quiz_author), 

=INFO REPORT==== 27-Nov-2015::04:53:52 ===
           ts_search:(5:<0.669.0>) Dyn Var (RE): no Match (varname=created_quiz_id), 

=INFO REPORT==== 27-Nov-2015::04:53:52 ===
           ts_search:(5:<0.521.0>) Dyn Var (RE): no Match (varname=created_quiz_id), 

=INFO REPORT==== 27-Nov-2015::04:53:53 ===
           ts_search:(5:<0.705.0>) Dyn Var: no Match (varname=quiz_author), 

=INFO REPORT==== 27-Nov-2015::04:53:53 ===
           ts_search:(5:<0.705.0>) Dyn Var (RE): no Match (varname=created_quiz_id), 

=INFO REPORT==== 27-Nov-2015::04:53:54 ===
           ts_search:(5:<0.560.0>) Dyn Var (RE): no Match (varname=created_quiz_id), 

=INFO REPORT==== 27-Nov-2015::04:53:55 ===
           ts_search:(5:<0.717.0>) Dyn Var: no Match (varname=quiz_author), 

=INFO REPORT==== 27-Nov-2015::04:53:55 ===
           ts_search:(5:<0.395.0>) Dyn Var (RE): no Match (varname=created_quiz_id), 

=INFO REPORT==== 27-Nov-2015::04:53:55 ===
           ts_search:(5:<0.388.0>) Dyn Var: no Match (varname=quiz_author), 

=INFO REPORT==== 27-Nov-2015::04:53:56 ===
           ts_search:(5:<0.546.0>) Dyn Var (RE): no Match (varname=created_quiz_id), 

=INFO REPORT==== 27-Nov-2015::04:53:56 ===
           ts_search:(5:<0.652.0>) Dyn Var: no Match (varname=quiz_author), 

=INFO REPORT==== 27-Nov-2015::04:53:57 ===
           ts_search:(5:<0.576.0>) Dyn Var (RE): no Match (varname=created_quiz_id), 

=INFO REPORT==== 27-Nov-2015::04:53:57 ===
           ts_search:(5:<0.425.0>) Dyn Var (RE): no Match (varname=created_quiz_id), 

=INFO REPORT==== 27-Nov-2015::04:53:57 ===
           ts_search:(5:<0.631.0>) Dyn Var: no Match (varname=quiz_author), 

=INFO REPORT==== 27-Nov-2015::04:53:57 ===
           ts_search:(5:<0.648.0>) Dyn Var: no Match (varname=quiz_author), 

=INFO REPORT==== 27-Nov-2015::04:53:59 ===
           ts_search:(5:<0.468.0>) Dyn Var: no Match (varname=quiz_author), 

=INFO REPORT==== 27-Nov-2015::04:53:59 ===
           ts_search:(5:<0.717.0>) Dyn Var (RE): no Match (varname=created_quiz_id), 

=INFO REPORT==== 27-Nov-2015::04:53:59 ===
           ts_search:(5:<0.438.0>) Dyn Var (RE): no Match (varname=created_quiz_id), 

=INFO REPORT==== 27-Nov-2015::04:54:00 ===
           ts_search:(5:<0.841.0>) Dyn Var: no Match (varname=quiz_author), 

=INFO REPORT==== 27-Nov-2015::04:54:00 ===
           ts_search:(5:<0.841.0>) Dyn Var (RE): no Match (varname=created_quiz_id), 

=INFO REPORT==== 27-Nov-2015::04:54:00 ===
           ts_search:(5:<0.683.0>) Dyn Var: no Match (varname=quiz_author), 

=INFO REPORT==== 27-Nov-2015::04:54:00 ===
           ts_search:(5:<0.644.0>) Dyn Var: no Match (varname=quiz_author), 

=INFO REPORT==== 27-Nov-2015::04:54:00 ===
           ts_search:(5:<0.754.0>) Dyn Var: no Match (varname=quiz_author), 

=INFO REPORT==== 27-Nov-2015::04:54:00 ===
           ts_search:(5:<0.509.0>) Dyn Var (RE): no Match (varname=created_quiz_id), 

=INFO REPORT==== 27-Nov-2015::04:54:01 ===
           ts_search:(5:<0.499.0>) Dyn Var (RE): no Match (varname=created_quiz_id), 

=INFO REPORT==== 27-Nov-2015::04:54:01 ===
           ts_search:(5:<0.603.0>) Dyn Var: no Match (varname=quiz_author), 

=INFO REPORT==== 27-Nov-2015::04:54:01 ===
           ts_search:(5:<0.731.0>) Dyn Var: no Match (varname=quiz_author), 

=INFO REPORT==== 27-Nov-2015::04:54:02 ===
           ts_search:(5:<0.762.0>) Dyn Var: no Match (varname=quiz_author), 

=INFO REPORT==== 27-Nov-2015::04:54:02 ===
           ts_search:(5:<0.869.0>) Dyn Var: no Match (varname=quiz_author), 

=INFO REPORT==== 27-Nov-2015::04:54:02 ===
           ts_search:(5:<0.754.0>) Dyn Var (RE): no Match (varname=created_quiz_id), 

=INFO REPORT==== 27-Nov-2015::04:54:02 ===
           ts_search:(5:<0.591.0>) Dyn Var: no Match (varname=quiz_author), 

=INFO REPORT==== 27-Nov-2015::04:54:02 ===
           ts_search:(5:<0.869.0>) Dyn Var (RE): no Match (varname=created_quiz_id), 

=INFO REPORT==== 27-Nov-2015::04:54:03 ===
           ts_search:(5:<0.819.0>) Dyn Var: no Match (varname=quiz_author), 

=INFO REPORT==== 27-Nov-2015::04:54:03 ===
           ts_search:(5:<0.825.0>) Dyn Var: no Match (varname=quiz_author), 

=INFO REPORT==== 27-Nov-2015::04:54:03 ===
           ts_search:(5:<0.759.0>) Dyn Var: no Match (varname=quiz_author), 

=INFO REPORT==== 27-Nov-2015::04:54:03 ===
           ts_search:(5:<0.388.0>) Dyn Var (RE): no Match (varname=created_quiz_id), 

=INFO REPORT==== 27-Nov-2015::04:54:03 ===
           ts_search:(5:<0.493.0>) Dyn Var (RE): no Match (varname=created_quiz_id), 

=INFO REPORT==== 27-Nov-2015::04:54:03 ===
           ts_search:(5:<0.782.0>) Dyn Var: no Match (varname=quiz_author), 

=INFO REPORT==== 27-Nov-2015::04:54:03 ===
           ts_search:(5:<0.762.0>) Dyn Var (RE): no Match (varname=created_quiz_id), 

=INFO REPORT==== 27-Nov-2015::04:54:03 ===
           ts_search:(5:<0.828.0>) Dyn Var: no Match (varname=quiz_author), 

=INFO REPORT==== 27-Nov-2015::04:54:04 ===
           ts_search:(5:<0.587.0>) Dyn Var: no Match (varname=quiz_author), 

=INFO REPORT==== 27-Nov-2015::04:54:04 ===
           ts_search:(5:<0.512.0>) Dyn Var (RE): no Match (varname=created_quiz_id), 

=INFO REPORT==== 27-Nov-2015::04:54:04 ===
           ts_search:(5:<0.696.0>) Dyn Var: no Match (varname=quiz_author), 

=INFO REPORT==== 27-Nov-2015::04:54:05 ===
           ts_search:(5:<0.568.0>) Dyn Var (RE): no Match (varname=created_quiz_id), 

=INFO REPORT==== 27-Nov-2015::04:54:05 ===
           ts_search:(5:<0.738.0>) Dyn Var: no Match (varname=quiz_author), 

=INFO REPORT==== 27-Nov-2015::04:54:05 ===
           ts_search:(5:<0.439.0>) Dyn Var: no Match (varname=quiz_author), 

=INFO REPORT==== 27-Nov-2015::04:54:05 ===
           ts_search:(5:<0.731.0>) Dyn Var (RE): no Match (varname=created_quiz_id), 

=INFO REPORT==== 27-Nov-2015::04:54:05 ===
           ts_search:(5:<0.719.0>) Dyn Var: no Match (varname=quiz_author), 

=INFO REPORT==== 27-Nov-2015::04:54:05 ===
           ts_search:(5:<0.567.0>) Dyn Var: no Match (varname=quiz_author), 

=INFO REPORT==== 27-Nov-2015::04:54:06 ===
           ts_search:(5:<0.713.0>) Dyn Var: no Match (varname=quiz_author), 

=INFO REPORT==== 27-Nov-2015::04:54:06 ===
           ts_search:(5:<0.494.0>) Dyn Var: no Match (varname=quiz_author), 

=INFO REPORT==== 27-Nov-2015::04:54:06 ===
           ts_search:(5:<0.652.0>) Dyn Var (RE): no Match (varname=created_quiz_id), 

=INFO REPORT==== 27-Nov-2015::04:54:06 ===
           ts_search:(5:<0.439.0>) Dyn Var (RE): no Match (varname=created_quiz_id), 

=INFO REPORT==== 27-Nov-2015::04:54:06 ===
           ts_search:(5:<0.786.0>) Dyn Var: no Match (varname=quiz_author), 

=INFO REPORT==== 27-Nov-2015::04:54:06 ===
           ts_search:(5:<0.832.0>) Dyn Var: no Match (varname=quiz_author), 

=INFO REPORT==== 27-Nov-2015::04:54:07 ===
           ts_search:(5:<0.719.0>) Dyn Var (RE): no Match (varname=created_quiz_id), 

=INFO REPORT==== 27-Nov-2015::04:54:07 ===
           ts_search:(5:<0.713.0>) Dyn Var (RE): no Match (varname=created_quiz_id), 

=INFO REPORT==== 27-Nov-2015::04:54:07 ===
           ts_search:(5:<0.832.0>) Dyn Var (RE): no Match (varname=created_quiz_id), 

=INFO REPORT==== 27-Nov-2015::04:54:07 ===
           ts_search:(5:<0.759.0>) Dyn Var (RE): no Match (varname=created_quiz_id), 

=INFO REPORT==== 27-Nov-2015::04:54:07 ===
           ts_search:(5:<0.644.0>) Dyn Var (RE): no Match (varname=created_quiz_id), 

=INFO REPORT==== 27-Nov-2015::04:54:08 ===
           ts_search:(5:<0.591.0>) Dyn Var (RE): no Match (varname=created_quiz_id), 

=INFO REPORT==== 27-Nov-2015::04:54:08 ===
           ts_search:(5:<0.1075.0>) Dyn Var: no Match (varname=quiz_author), 

=INFO REPORT==== 27-Nov-2015::04:54:09 ===
           ts_search:(5:<0.924.0>) Dyn Var: no Match (varname=quiz_author), 

=INFO REPORT==== 27-Nov-2015::04:54:09 ===
           ts_search:(5:<0.1002.0>) Dyn Var: no Match (varname=quiz_author), 

=INFO REPORT==== 27-Nov-2015::04:54:10 ===
           ts_search:(5:<0.751.0>) Dyn Var: no Match (varname=quiz_author), 

=INFO REPORT==== 27-Nov-2015::04:54:10 ===
           ts_search:(5:<0.715.0>) Dyn Var: no Match (varname=quiz_author), 

=INFO REPORT==== 27-Nov-2015::04:54:10 ===
           ts_search:(5:<0.1053.0>) Dyn Var: no Match (varname=quiz_author), 

=INFO REPORT==== 27-Nov-2015::04:54:10 ===
           ts_search:(5:<0.737.0>) Dyn Var: no Match (varname=quiz_author), 

=INFO REPORT==== 27-Nov-2015::04:54:10 ===
           ts_search:(5:<0.494.0>) Dyn Var (RE): no Match (varname=created_quiz_id), 

=INFO REPORT==== 27-Nov-2015::04:54:10 ===
         ts_launcher:(4:<0.129.0>) Need to wait 1.568 sec before changing phase, going to sleep

=INFO REPORT==== 27-Nov-2015::04:54:10 ===
           ts_search:(5:<0.1006.0>) Dyn Var: no Match (varname=quiz_author), 

=INFO REPORT==== 27-Nov-2015::04:54:11 ===
           ts_search:(5:<0.278.0>) Dyn Var (RE): no Match (varname=created_quiz_id), 

=INFO REPORT==== 27-Nov-2015::04:54:11 ===
           ts_search:(5:<0.819.0>) Dyn Var (RE): no Match (varname=created_quiz_id), 

=INFO REPORT==== 27-Nov-2015::04:54:12 ===
           ts_search:(5:<0.1047.0>) Dyn Var: no Match (varname=quiz_author), 

=INFO REPORT==== 27-Nov-2015::04:54:12 ===
         ts_launcher:(5:<0.129.0>) Waking up

=INFO REPORT==== 27-Nov-2015::04:54:12 ===
         ts_launcher:(5:<0.129.0>) Start a new arrival phase (960 users, 0.032); expected duration=30.0 sec

=INFO REPORT==== 27-Nov-2015::04:54:12 ===
           ts_search:(5:<0.608.0>) Dyn Var (RE): no Match (varname=created_quiz_id), 

=INFO REPORT==== 27-Nov-2015::04:54:12 ===
           ts_search:(5:<0.977.0>) Dyn Var: no Match (varname=quiz_author), 

=INFO REPORT==== 27-Nov-2015::04:54:12 ===
           ts_search:(5:<0.1009.0>) Dyn Var: no Match (varname=quiz_author), 

=INFO REPORT==== 27-Nov-2015::04:54:12 ===
           ts_search:(5:<0.1053.0>) Dyn Var (RE): no Match (varname=created_quiz_id), 

=INFO REPORT==== 27-Nov-2015::04:54:12 ===
           ts_search:(5:<0.1076.0>) Dyn Var: no Match (varname=quiz_author), 

=INFO REPORT==== 27-Nov-2015::04:54:12 ===
           ts_search:(5:<0.1124.0>) Dyn Var: no Match (varname=quiz_author), 

=INFO REPORT==== 27-Nov-2015::04:54:12 ===
           ts_search:(5:<0.833.0>) Dyn Var: no Match (varname=quiz_author), 

=INFO REPORT==== 27-Nov-2015::04:54:13 ===
           ts_search:(5:<0.1084.0>) Dyn Var: no Match (varname=quiz_author), 

=INFO REPORT==== 27-Nov-2015::04:54:13 ===
           ts_search:(5:<0.1125.0>) Dyn Var: no Match (varname=quiz_author), 

=INFO REPORT==== 27-Nov-2015::04:54:13 ===
           ts_search:(5:<0.938.0>) Dyn Var: no Match (varname=quiz_author), 

=INFO REPORT==== 27-Nov-2015::04:54:14 ===
           ts_search:(5:<0.468.0>) Dyn Var (RE): no Match (varname=created_quiz_id), 

=INFO REPORT==== 27-Nov-2015::04:54:14 ===
           ts_search:(5:<0.924.0>) Dyn Var (RE): no Match (varname=created_quiz_id), 

=INFO REPORT==== 27-Nov-2015::04:54:14 ===
           ts_search:(5:<0.949.0>) Dyn Var: no Match (varname=quiz_author), 

=INFO REPORT==== 27-Nov-2015::04:54:14 ===
           ts_search:(5:<0.939.0>) Dyn Var: no Match (varname=quiz_author), 

=INFO REPORT==== 27-Nov-2015::04:54:14 ===
           ts_search:(5:<0.850.0>) Dyn Var: no Match (varname=quiz_author), 

=INFO REPORT==== 27-Nov-2015::04:54:14 ===
           ts_search:(5:<0.939.0>) Dyn Var (RE): no Match (varname=created_quiz_id), 

=INFO REPORT==== 27-Nov-2015::04:54:15 ===
           ts_search:(5:<0.751.0>) Dyn Var (RE): no Match (varname=created_quiz_id), 

=INFO REPORT==== 27-Nov-2015::04:54:15 ===
           ts_search:(5:<0.907.0>) Dyn Var: no Match (varname=quiz_author), 

=INFO REPORT==== 27-Nov-2015::04:54:15 ===
           ts_search:(5:<0.1183.0>) Dyn Var: no Match (varname=quiz_author), 

=INFO REPORT==== 27-Nov-2015::04:54:16 ===
           ts_search:(5:<0.782.0>) Dyn Var (RE): no Match (varname=created_quiz_id), 

=INFO REPORT==== 27-Nov-2015::04:54:16 ===
           ts_search:(5:<0.648.0>) Dyn Var (RE): no Match (varname=created_quiz_id), 

=INFO REPORT==== 27-Nov-2015::04:54:16 ===
           ts_search:(5:<0.977.0>) Dyn Var (RE): no Match (varname=created_quiz_id), 

=INFO REPORT==== 27-Nov-2015::04:54:17 ===
           ts_search:(5:<0.737.0>) Dyn Var (RE): no Match (varname=created_quiz_id), 

=INFO REPORT==== 27-Nov-2015::04:54:17 ===
           ts_search:(5:<0.1006.0>) Dyn Var (RE): no Match (varname=created_quiz_id), 

=INFO REPORT==== 27-Nov-2015::04:54:18 ===
           ts_search:(5:<0.1036.0>) Dyn Var: no Match (varname=quiz_author), 

=INFO REPORT==== 27-Nov-2015::04:54:18 ===
           ts_search:(5:<0.1065.0>) Dyn Var: no Match (varname=quiz_author), 

=INFO REPORT==== 27-Nov-2015::04:54:18 ===
           ts_search:(5:<0.579.0>) Dyn Var (RE): no Match (varname=created_quiz_id), 

=INFO REPORT==== 27-Nov-2015::04:54:19 ===
           ts_search:(5:<0.1098.0>) Dyn Var: no Match (varname=quiz_author), 

=INFO REPORT==== 27-Nov-2015::04:54:19 ===
           ts_search:(5:<0.993.0>) Dyn Var: no Match (varname=quiz_author), 

=INFO REPORT==== 27-Nov-2015::04:54:20 ===
           ts_search:(5:<0.1174.0>) Dyn Var: no Match (varname=quiz_author), 

=INFO REPORT==== 27-Nov-2015::04:54:21 ===
           ts_search:(5:<0.938.0>) Dyn Var (RE): no Match (varname=created_quiz_id), 

=INFO REPORT==== 27-Nov-2015::04:54:21 ===
           ts_search:(5:<0.1272.0>) Dyn Var: no Match (varname=quiz_author), 

=INFO REPORT==== 27-Nov-2015::04:54:21 ===
           ts_search:(5:<0.836.0>) Dyn Var: no Match (varname=quiz_author), 

=INFO REPORT==== 27-Nov-2015::04:54:22 ===
           ts_search:(5:<0.631.0>) Dyn Var (RE): no Match (varname=created_quiz_id), 

=INFO REPORT==== 27-Nov-2015::04:54:22 ===
           ts_search:(5:<0.969.0>) Dyn Var: no Match (varname=quiz_author), 

=INFO REPORT==== 27-Nov-2015::04:54:22 ===
           ts_search:(5:<0.789.0>) Dyn Var: no Match (varname=quiz_author), 

=INFO REPORT==== 27-Nov-2015::04:54:22 ===
           ts_search:(5:<0.964.0>) Dyn Var: no Match (varname=quiz_author), 

=INFO REPORT==== 27-Nov-2015::04:54:24 ===
           ts_search:(5:<0.1137.0>) Dyn Var: no Match (varname=quiz_author), 

=INFO REPORT==== 27-Nov-2015::04:54:25 ===
           ts_search:(5:<0.1288.0>) Dyn Var: no Match (varname=quiz_author), 

=INFO REPORT==== 27-Nov-2015::04:54:25 ===
           ts_search:(5:<0.1246.0>) Dyn Var: no Match (varname=quiz_author), 

=INFO REPORT==== 27-Nov-2015::04:54:25 ===
           ts_search:(5:<0.1012.0>) Dyn Var: no Match (varname=quiz_author), 

=INFO REPORT==== 27-Nov-2015::04:54:26 ===
           ts_search:(5:<0.1009.0>) Dyn Var (RE): no Match (varname=created_quiz_id), 

=INFO REPORT==== 27-Nov-2015::04:54:26 ===
           ts_search:(5:<0.1065.0>) Dyn Var (RE): no Match (varname=created_quiz_id), 

=INFO REPORT==== 27-Nov-2015::04:54:26 ===
           ts_search:(5:<0.1360.0>) Dyn Var: no Match (varname=quiz_author), 

=INFO REPORT==== 27-Nov-2015::04:54:26 ===
           ts_search:(5:<0.1272.0>) Dyn Var (RE): no Match (varname=created_quiz_id), 

=INFO REPORT==== 27-Nov-2015::04:54:26 ===
           ts_search:(5:<0.1261.0>) Dyn Var: no Match (varname=quiz_author), 

=INFO REPORT==== 27-Nov-2015::04:54:26 ===
           ts_search:(5:<0.1425.0>) Dyn Var: no Match (varname=quiz_author), 

=INFO REPORT==== 27-Nov-2015::04:54:26 ===
           ts_search:(5:<0.1391.0>) Dyn Var: no Match (varname=quiz_author), 

=INFO REPORT==== 27-Nov-2015::04:54:26 ===
           ts_search:(5:<0.1360.0>) Dyn Var (RE): no Match (varname=created_quiz_id), 

=INFO REPORT==== 27-Nov-2015::04:54:26 ===
           ts_search:(5:<0.1084.0>) Dyn Var (RE): no Match (varname=created_quiz_id), 

=INFO REPORT==== 27-Nov-2015::04:54:27 ===
           ts_search:(5:<0.1246.0>) Dyn Var (RE): no Match (varname=created_quiz_id), 

=INFO REPORT==== 27-Nov-2015::04:54:27 ===
           ts_search:(5:<0.1485.0>) Dyn Var: no Match (varname=quiz_author), 

=INFO REPORT==== 27-Nov-2015::04:54:27 ===
           ts_search:(5:<0.1388.0>) Dyn Var: no Match (varname=quiz_author), 

=INFO REPORT==== 27-Nov-2015::04:54:27 ===
           ts_search:(5:<0.567.0>) Dyn Var (RE): no Match (varname=created_quiz_id), 

=INFO REPORT==== 27-Nov-2015::04:54:27 ===
           ts_search:(5:<0.1156.0>) Dyn Var: no Match (varname=quiz_author), 

=INFO REPORT==== 27-Nov-2015::04:54:27 ===
           ts_search:(5:<0.1326.0>) Dyn Var: no Match (varname=quiz_author), 

=INFO REPORT==== 27-Nov-2015::04:54:27 ===
           ts_search:(5:<0.1063.0>) Dyn Var: no Match (varname=quiz_author), 

=INFO REPORT==== 27-Nov-2015::04:54:27 ===
           ts_search:(5:<0.1136.0>) Dyn Var: no Match (varname=quiz_author), 

=INFO REPORT==== 27-Nov-2015::04:54:27 ===
           ts_search:(5:<0.1193.0>) Dyn Var: no Match (varname=quiz_author), 

=INFO REPORT==== 27-Nov-2015::04:54:27 ===
           ts_search:(5:<0.603.0>) Dyn Var (RE): no Match (varname=created_quiz_id), 

=INFO REPORT==== 27-Nov-2015::04:54:27 ===
           ts_search:(5:<0.769.0>) Dyn Var: no Match (varname=quiz_author), 

=INFO REPORT==== 27-Nov-2015::04:54:28 ===
           ts_search:(5:<0.1307.0>) Dyn Var: no Match (varname=quiz_author), 

=INFO REPORT==== 27-Nov-2015::04:54:28 ===
           ts_search:(5:<0.1156.0>) Dyn Var (RE): no Match (varname=created_quiz_id), 

=INFO REPORT==== 27-Nov-2015::04:54:28 ===
           ts_search:(5:<0.1029.0>) Dyn Var: no Match (varname=quiz_author), 

=INFO REPORT==== 27-Nov-2015::04:54:28 ===
           ts_search:(5:<0.1326.0>) Dyn Var (RE): no Match (varname=created_quiz_id), 

=INFO REPORT==== 27-Nov-2015::04:54:28 ===
           ts_search:(5:<0.912.0>) Dyn Var: no Match (varname=quiz_author), 

=INFO REPORT==== 27-Nov-2015::04:54:28 ===
           ts_search:(5:<0.1193.0>) Dyn Var (RE): no Match (varname=created_quiz_id), 

=INFO REPORT==== 27-Nov-2015::04:54:29 ===
           ts_search:(5:<0.1410.0>) Dyn Var: no Match (varname=quiz_author), 

=INFO REPORT==== 27-Nov-2015::04:54:29 ===
           ts_search:(5:<0.1036.0>) Dyn Var (RE): no Match (varname=created_quiz_id), 

=INFO REPORT==== 27-Nov-2015::04:54:29 ===
           ts_search:(5:<0.827.0>) Dyn Var: no Match (varname=quiz_author), 

=INFO REPORT==== 27-Nov-2015::04:54:29 ===
           ts_search:(5:<0.1429.0>) Dyn Var: no Match (varname=quiz_author), 

=INFO REPORT==== 27-Nov-2015::04:54:29 ===
           ts_search:(5:<0.786.0>) Dyn Var (RE): no Match (varname=created_quiz_id), 

=INFO REPORT==== 27-Nov-2015::04:54:29 ===
           ts_search:(5:<0.1124.0>) Dyn Var (RE): no Match (varname=created_quiz_id), 

=INFO REPORT==== 27-Nov-2015::04:54:30 ===
           ts_search:(5:<0.912.0>) Dyn Var (RE): no Match (varname=created_quiz_id), 

=INFO REPORT==== 27-Nov-2015::04:54:30 ===
           ts_search:(5:<0.1063.0>) Dyn Var (RE): no Match (varname=created_quiz_id), 

=INFO REPORT==== 27-Nov-2015::04:54:30 ===
           ts_search:(5:<0.1436.0>) Dyn Var: no Match (varname=quiz_author), 

=INFO REPORT==== 27-Nov-2015::04:54:30 ===
           ts_search:(5:<0.1425.0>) Dyn Var (RE): no Match (varname=created_quiz_id), 

=INFO REPORT==== 27-Nov-2015::04:54:30 ===
           ts_search:(5:<0.1606.0>) Dyn Var: no Match (varname=quiz_author), 

=INFO REPORT==== 27-Nov-2015::04:54:31 ===
           ts_search:(5:<0.1307.0>) Dyn Var (RE): no Match (varname=created_quiz_id), 

=INFO REPORT==== 27-Nov-2015::04:54:31 ===
           ts_search:(5:<0.1484.0>) Dyn Var: no Match (varname=quiz_author), 

=INFO REPORT==== 27-Nov-2015::04:54:31 ===
           ts_search:(5:<0.1406.0>) Dyn Var: no Match (varname=quiz_author), 

=INFO REPORT==== 27-Nov-2015::04:54:32 ===
           ts_search:(5:<0.1183.0>) Dyn Var (RE): no Match (varname=created_quiz_id), 

=INFO REPORT==== 27-Nov-2015::04:54:32 ===
           ts_search:(5:<0.1606.0>) Dyn Var (RE): no Match (varname=created_quiz_id), 

=INFO REPORT==== 27-Nov-2015::04:54:32 ===
           ts_search:(5:<0.1651.0>) Dyn Var: no Match (varname=quiz_author), 

=INFO REPORT==== 27-Nov-2015::04:54:32 ===
           ts_search:(5:<0.854.0>) Dyn Var: no Match (varname=quiz_author), 

=INFO REPORT==== 27-Nov-2015::04:54:32 ===
           ts_search:(5:<0.1544.0>) Dyn Var: no Match (varname=quiz_author), 

=INFO REPORT==== 27-Nov-2015::04:54:32 ===
           ts_search:(5:<0.949.0>) Dyn Var (RE): no Match (varname=created_quiz_id), 

=INFO REPORT==== 27-Nov-2015::04:54:32 ===
           ts_search:(5:<0.1708.0>) Dyn Var: no Match (varname=quiz_author), 

=INFO REPORT==== 27-Nov-2015::04:54:33 ===
           ts_search:(5:<0.674.0>) Dyn Var (RE): no Match (varname=created_quiz_id), 

=INFO REPORT==== 27-Nov-2015::04:54:33 ===
           ts_search:(5:<0.1090.0>) Dyn Var: no Match (varname=quiz_author), 

=INFO REPORT==== 27-Nov-2015::04:54:33 ===
           ts_search:(5:<0.696.0>) Dyn Var (RE): no Match (varname=created_quiz_id), 

=INFO REPORT==== 27-Nov-2015::04:54:34 ===
           ts_search:(5:<0.1098.0>) Dyn Var (RE): no Match (varname=created_quiz_id), 

=INFO REPORT==== 27-Nov-2015::04:54:34 ===
           ts_search:(5:<0.1302.0>) Dyn Var: no Match (varname=quiz_author), 

=INFO REPORT==== 27-Nov-2015::04:54:34 ===
           ts_search:(5:<0.1216.0>) Dyn Var: no Match (varname=quiz_author), 

=INFO REPORT==== 27-Nov-2015::04:54:34 ===
           ts_search:(5:<0.1114.0>) Dyn Var: no Match (varname=quiz_author), 

=INFO REPORT==== 27-Nov-2015::04:54:34 ===
           ts_search:(5:<0.836.0>) Dyn Var (RE): no Match (varname=created_quiz_id), 

=INFO REPORT==== 27-Nov-2015::04:54:34 ===
           ts_search:(5:<0.964.0>) Dyn Var (RE): no Match (varname=created_quiz_id), 

=INFO REPORT==== 27-Nov-2015::04:54:34 ===
           ts_search:(5:<0.827.0>) Dyn Var (RE): no Match (varname=created_quiz_id), 

=INFO REPORT==== 27-Nov-2015::04:54:34 ===
           ts_search:(5:<0.1271.0>) Dyn Var: no Match (varname=quiz_author), 

=INFO REPORT==== 27-Nov-2015::04:54:34 ===
           ts_search:(5:<0.1351.0>) Dyn Var: no Match (varname=quiz_author), 

=INFO REPORT==== 27-Nov-2015::04:54:35 ===
           ts_search:(5:<0.460.0>) Dyn Var (RE): no Match (varname=created_quiz_id), 

=INFO REPORT==== 27-Nov-2015::04:54:35 ===
           ts_search:(5:<0.1113.0>) Dyn Var: no Match (varname=quiz_author), 

=INFO REPORT==== 27-Nov-2015::04:54:35 ===
           ts_search:(5:<0.1263.0>) Dyn Var: no Match (varname=quiz_author), 

=INFO REPORT==== 27-Nov-2015::04:54:36 ===
           ts_search:(5:<0.1613.0>) Dyn Var: no Match (varname=quiz_author), 

=INFO REPORT==== 27-Nov-2015::04:54:36 ===
           ts_search:(5:<0.1088.0>) Dyn Var: no Match (varname=quiz_author), 

=INFO REPORT==== 27-Nov-2015::04:54:36 ===
           ts_search:(5:<0.1885.0>) Dyn Var (RE): no Match (varname=authenticity_token), 

=INFO REPORT==== 27-Nov-2015::04:54:36 ===
           ts_search:(5:<0.964.0>) Dyn Var (RE): no Match (varname=authenticity_token), 

=INFO REPORT==== 27-Nov-2015::04:54:36 ===
           ts_search:(5:<0.964.0>) Dyn Var (RE): no Match (varname=authenticity_token), 

=INFO REPORT==== 27-Nov-2015::04:54:36 ===
           ts_search:(5:<0.964.0>) Dyn Var (RE): no Match (varname=authenticity_token), 

=INFO REPORT==== 27-Nov-2015::04:54:36 ===
           ts_search:(5:<0.964.0>) Dyn Var (RE): no Match (varname=authenticity_token), 

=INFO REPORT==== 27-Nov-2015::04:54:36 ===
           ts_search:(5:<0.964.0>) Dyn Var (RE): no Match (varname=authenticity_token), 

=INFO REPORT==== 27-Nov-2015::04:54:37 ===
           ts_search:(5:<0.1590.0>) Dyn Var: no Match (varname=quiz_author), 

=INFO REPORT==== 27-Nov-2015::04:54:37 ===
           ts_search:(5:<0.738.0>) Dyn Var (RE): no Match (varname=created_quiz_id), 

=INFO REPORT==== 27-Nov-2015::04:54:37 ===
           ts_search:(5:<0.1467.0>) Dyn Var: no Match (varname=quiz_author), 

=INFO REPORT==== 27-Nov-2015::04:54:37 ===
           ts_search:(5:<0.1327.0>) Dyn Var: no Match (varname=quiz_author), 

=INFO REPORT==== 27-Nov-2015::04:54:37 ===
           ts_search:(5:<0.1218.0>) Dyn Var: no Match (varname=quiz_author), 

=INFO REPORT==== 27-Nov-2015::04:54:37 ===
           ts_search:(5:<0.833.0>) Dyn Var (RE): no Match (varname=created_quiz_id), 

=INFO REPORT==== 27-Nov-2015::04:54:38 ===
           ts_search:(5:<0.993.0>) Dyn Var (RE): no Match (varname=created_quiz_id), 

=INFO REPORT==== 27-Nov-2015::04:54:38 ===
           ts_search:(5:<0.828.0>) Dyn Var (RE): no Match (varname=created_quiz_id), 

=INFO REPORT==== 27-Nov-2015::04:54:38 ===
           ts_search:(5:<0.1406.0>) Dyn Var (RE): no Match (varname=created_quiz_id), 

=INFO REPORT==== 27-Nov-2015::04:54:38 ===
           ts_search:(5:<0.1281.0>) Dyn Var: no Match (varname=quiz_author), 

=INFO REPORT==== 27-Nov-2015::04:54:38 ===
           ts_search:(5:<0.1863.0>) Dyn Var (RE): no Match (varname=authenticity_token), 

=INFO REPORT==== 27-Nov-2015::04:54:38 ===
           ts_search:(5:<0.738.0>) Dyn Var (RE): no Match (varname=authenticity_token), 

=INFO REPORT==== 27-Nov-2015::04:54:38 ===
           ts_search:(5:<0.738.0>) Dyn Var (RE): no Match (varname=authenticity_token), 

=INFO REPORT==== 27-Nov-2015::04:54:38 ===
           ts_search:(5:<0.738.0>) Dyn Var (RE): no Match (varname=authenticity_token), 

=INFO REPORT==== 27-Nov-2015::04:54:38 ===
           ts_search:(5:<0.738.0>) Dyn Var (RE): no Match (varname=authenticity_token), 

=INFO REPORT==== 27-Nov-2015::04:54:38 ===
           ts_search:(5:<0.738.0>) Dyn Var (RE): no Match (varname=authenticity_token), 

=INFO REPORT==== 27-Nov-2015::04:54:38 ===
           ts_search:(5:<0.340.0>) Dyn Var (RE): no Match (varname=created_quiz_id), 

=INFO REPORT==== 27-Nov-2015::04:54:38 ===
           ts_search:(5:<0.1704.0>) Dyn Var: no Match (varname=quiz_author), 

=INFO REPORT==== 27-Nov-2015::04:54:38 ===
           ts_search:(5:<0.1826.0>) Dyn Var: no Match (varname=quiz_author), 

=INFO REPORT==== 27-Nov-2015::04:54:39 ===
           ts_search:(5:<0.1302.0>) Dyn Var (RE): no Match (varname=created_quiz_id), 

=INFO REPORT==== 27-Nov-2015::04:54:39 ===
           ts_search:(5:<0.1760.0>) Dyn Var: no Match (varname=quiz_author), 

=INFO REPORT==== 27-Nov-2015::04:54:39 ===
           ts_search:(5:<0.1613.0>) Dyn Var (RE): no Match (varname=created_quiz_id), 

=INFO REPORT==== 27-Nov-2015::04:54:39 ===
           ts_search:(5:<0.1635.0>) Dyn Var: no Match (varname=quiz_author), 

=INFO REPORT==== 27-Nov-2015::04:54:39 ===
           ts_search:(5:<0.1751.0>) Dyn Var: no Match (varname=quiz_author), 

=INFO REPORT==== 27-Nov-2015::04:54:40 ===
           ts_search:(5:<0.1578.0>) Dyn Var: no Match (varname=quiz_author), 

=INFO REPORT==== 27-Nov-2015::04:54:40 ===
           ts_search:(5:<0.1144.0>) Dyn Var: no Match (varname=quiz_author), 

=INFO REPORT==== 27-Nov-2015::04:54:40 ===
           ts_search:(5:<0.1321.0>) Dyn Var (RE): no Match (varname=authenticity_token), 

=INFO REPORT==== 27-Nov-2015::04:54:40 ===
           ts_search:(5:<0.1321.0>) Dyn Var: no Match (varname=quiz_author), 

=INFO REPORT==== 27-Nov-2015::04:54:40 ===
           ts_search:(5:<0.1629.0>) Dyn Var (RE): no Match (varname=authenticity_token), 

=INFO REPORT==== 27-Nov-2015::04:54:40 ===
           ts_search:(5:<0.1629.0>) Dyn Var: no Match (varname=quiz_author), 

=INFO REPORT==== 27-Nov-2015::04:54:40 ===
           ts_search:(5:<0.1813.0>) Dyn Var: no Match (varname=quiz_author), 

=INFO REPORT==== 27-Nov-2015::04:54:40 ===
           ts_search:(5:<0.1512.0>) Dyn Var: no Match (varname=quiz_author), 

=INFO REPORT==== 27-Nov-2015::04:54:41 ===
           ts_search:(5:<0.1125.0>) Dyn Var (RE): no Match (varname=created_quiz_id), 

=INFO REPORT==== 27-Nov-2015::04:54:41 ===
           ts_search:(5:<0.587.0>) Dyn Var (RE): no Match (varname=created_quiz_id), 

=INFO REPORT==== 27-Nov-2015::04:54:41 ===
           ts_search:(5:<0.972.0>) Dyn Var: no Match (varname=quiz_author), 

=INFO REPORT==== 27-Nov-2015::04:54:41 ===
         ts_launcher:(5:<0.129.0>) This was the last phase, wait for connected users to finish their session

=INFO REPORT==== 27-Nov-2015::04:54:41 ===
           ts_search:(5:<0.1625.0>) Dyn Var: no Match (varname=quiz_author), 

=INFO REPORT==== 27-Nov-2015::04:54:42 ===
           ts_search:(5:<0.1002.0>) Dyn Var (RE): no Match (varname=created_quiz_id), 

=INFO REPORT==== 27-Nov-2015::04:54:42 ===
           ts_search:(5:<0.1578.0>) Dyn Var (RE): no Match (varname=created_quiz_id), 

=INFO REPORT==== 27-Nov-2015::04:54:42 ===
           ts_search:(5:<0.1081.0>) Dyn Var: no Match (varname=quiz_author), 

=INFO REPORT==== 27-Nov-2015::04:54:42 ===
           ts_search:(5:<0.1760.0>) Dyn Var (RE): no Match (varname=created_quiz_id), 

=INFO REPORT==== 27-Nov-2015::04:54:42 ===
           ts_search:(5:<0.1047.0>) Dyn Var (RE): no Match (varname=created_quiz_id), 

=INFO REPORT==== 27-Nov-2015::04:54:42 ===
           ts_search:(5:<0.1100.0>) Dyn Var: no Match (varname=quiz_author), 

=INFO REPORT==== 27-Nov-2015::04:54:42 ===
           ts_search:(5:<0.1708.0>) Dyn Var (RE): no Match (varname=created_quiz_id), 

=INFO REPORT==== 27-Nov-2015::04:54:43 ===
           ts_search:(5:<0.1704.0>) Dyn Var (RE): no Match (varname=created_quiz_id), 

=INFO REPORT==== 27-Nov-2015::04:54:43 ===
           ts_search:(5:<0.1716.0>) Dyn Var: no Match (varname=quiz_author), 

=INFO REPORT==== 27-Nov-2015::04:54:43 ===
           ts_search:(5:<0.1648.0>) Dyn Var: no Match (varname=quiz_author), 

=INFO REPORT==== 27-Nov-2015::04:54:43 ===
           ts_search:(5:<0.1680.0>) Dyn Var: no Match (varname=quiz_author), 

=INFO REPORT==== 27-Nov-2015::04:54:43 ===
           ts_search:(5:<0.1705.0>) Dyn Var: no Match (varname=quiz_author), 

=INFO REPORT==== 27-Nov-2015::04:54:44 ===
           ts_search:(5:<0.850.0>) Dyn Var (RE): no Match (varname=created_quiz_id), 

=INFO REPORT==== 27-Nov-2015::04:54:44 ===
           ts_search:(5:<0.1755.0>) Dyn Var: no Match (varname=quiz_author), 

=INFO REPORT==== 27-Nov-2015::04:54:44 ===
           ts_search:(5:<0.1137.0>) Dyn Var (RE): no Match (varname=created_quiz_id), 

=INFO REPORT==== 27-Nov-2015::04:54:44 ===
           ts_search:(5:<0.1813.0>) Dyn Var (RE): no Match (varname=created_quiz_id), 

=INFO REPORT==== 27-Nov-2015::04:54:44 ===
           ts_search:(5:<0.1544.0>) Dyn Var (RE): no Match (varname=created_quiz_id), 

=INFO REPORT==== 27-Nov-2015::04:54:44 ===
           ts_search:(5:<0.1081.0>) Dyn Var (RE): no Match (varname=created_quiz_id), 

=INFO REPORT==== 27-Nov-2015::04:54:45 ===
           ts_search:(5:<0.2027.0>) Dyn Var: no Match (varname=quiz_author), 

=INFO REPORT==== 27-Nov-2015::04:54:45 ===
           ts_search:(5:<0.1518.0>) Dyn Var: no Match (varname=quiz_author), 

=INFO REPORT==== 27-Nov-2015::04:54:45 ===
           ts_search:(5:<0.1613.0>) Dyn Var (RE): no Match (varname=authenticity_token), 

=INFO REPORT==== 27-Nov-2015::04:54:45 ===
           ts_search:(5:<0.1613.0>) Dyn Var (RE): no Match (varname=authenticity_token), 

=INFO REPORT==== 27-Nov-2015::04:54:45 ===
           ts_search:(5:<0.1613.0>) Dyn Var (RE): no Match (varname=authenticity_token), 

=INFO REPORT==== 27-Nov-2015::04:54:45 ===
           ts_search:(5:<0.1081.0>) Dyn Var (RE): no Match (varname=authenticity_token), 

=INFO REPORT==== 27-Nov-2015::04:54:45 ===
           ts_search:(5:<0.1081.0>) Dyn Var (RE): no Match (varname=authenticity_token), 

=INFO REPORT==== 27-Nov-2015::04:54:45 ===
           ts_search:(5:<0.1081.0>) Dyn Var (RE): no Match (varname=authenticity_token), 

=INFO REPORT==== 27-Nov-2015::04:54:45 ===
           ts_search:(5:<0.1125.0>) Dyn Var (RE): no Match (varname=authenticity_token), 

=INFO REPORT==== 27-Nov-2015::04:54:45 ===
           ts_search:(5:<0.1125.0>) Dyn Var (RE): no Match (varname=authenticity_token), 

=INFO REPORT==== 27-Nov-2015::04:54:45 ===
           ts_search:(5:<0.1125.0>) Dyn Var (RE): no Match (varname=authenticity_token), 

=INFO REPORT==== 27-Nov-2015::04:54:45 ===
           ts_search:(5:<0.1125.0>) Dyn Var (RE): no Match (varname=authenticity_token), 

=INFO REPORT==== 27-Nov-2015::04:54:45 ===
           ts_search:(5:<0.1521.0>) Dyn Var: no Match (varname=quiz_author), 

=INFO REPORT==== 27-Nov-2015::04:54:45 ===
           ts_search:(5:<0.1253.0>) Dyn Var: no Match (varname=quiz_author), 

=INFO REPORT==== 27-Nov-2015::04:54:45 ===
           ts_search:(5:<0.769.0>) Dyn Var (RE): no Match (varname=created_quiz_id), 

=INFO REPORT==== 27-Nov-2015::04:54:45 ===
           ts_search:(5:<0.1356.0>) Dyn Var: no Match (varname=quiz_author), 

=INFO REPORT==== 27-Nov-2015::04:54:45 ===
           ts_search:(5:<0.850.0>) Dyn Var (RE): no Match (varname=authenticity_token), 

=INFO REPORT==== 27-Nov-2015::04:54:45 ===
           ts_search:(5:<0.850.0>) Dyn Var (RE): no Match (varname=authenticity_token), 

=INFO REPORT==== 27-Nov-2015::04:54:45 ===
           ts_search:(5:<0.850.0>) Dyn Var (RE): no Match (varname=authenticity_token), 

=INFO REPORT==== 27-Nov-2015::04:54:45 ===
           ts_search:(5:<0.850.0>) Dyn Var (RE): no Match (varname=authenticity_token), 

=INFO REPORT==== 27-Nov-2015::04:54:45 ===
           ts_search:(5:<0.1578.0>) Dyn Var (RE): no Match (varname=authenticity_token), 

=INFO REPORT==== 27-Nov-2015::04:54:45 ===
           ts_search:(5:<0.993.0>) Dyn Var (RE): no Match (varname=authenticity_token), 

=INFO REPORT==== 27-Nov-2015::04:54:45 ===
           ts_search:(5:<0.993.0>) Dyn Var (RE): no Match (varname=authenticity_token), 

=INFO REPORT==== 27-Nov-2015::04:54:45 ===
           ts_search:(5:<0.1575.0>) Dyn Var: no Match (varname=quiz_author), 

=INFO REPORT==== 27-Nov-2015::04:54:45 ===
           ts_search:(5:<0.1891.0>) Dyn Var (RE): no Match (varname=authenticity_token), 

=INFO REPORT==== 27-Nov-2015::04:54:45 ===
           ts_search:(5:<0.1891.0>) Dyn Var: no Match (varname=quiz_author), 

=INFO REPORT==== 27-Nov-2015::04:54:45 ===
           ts_search:(5:<0.1708.0>) Dyn Var (RE): no Match (varname=authenticity_token), 

=INFO REPORT==== 27-Nov-2015::04:54:45 ===
           ts_search:(5:<0.1708.0>) Dyn Var (RE): no Match (varname=authenticity_token), 

=INFO REPORT==== 27-Nov-2015::04:54:45 ===
           ts_search:(5:<0.1708.0>) Dyn Var (RE): no Match (varname=authenticity_token), 

=INFO REPORT==== 27-Nov-2015::04:54:45 ===
           ts_search:(5:<0.931.0>) Dyn Var: no Match (varname=quiz_author), 

=INFO REPORT==== 27-Nov-2015::04:54:45 ===
           ts_search:(5:<0.1563.0>) Dyn Var: no Match (varname=quiz_author), 

=INFO REPORT==== 27-Nov-2015::04:54:45 ===
           ts_search:(5:<0.1466.0>) Dyn Var: no Match (varname=quiz_author), 

=INFO REPORT==== 27-Nov-2015::04:54:45 ===
           ts_search:(5:<0.715.0>) Dyn Var (RE): no Match (varname=created_quiz_id), 

=INFO REPORT==== 27-Nov-2015::04:54:46 ===
           ts_search:(5:<0.1271.0>) Dyn Var (RE): no Match (varname=created_quiz_id), 

=INFO REPORT==== 27-Nov-2015::04:54:46 ===
           ts_search:(5:<0.1658.0>) Dyn Var (RE): no Match (varname=authenticity_token), 

=INFO REPORT==== 27-Nov-2015::04:54:46 ===
           ts_search:(5:<0.1658.0>) Dyn Var: no Match (varname=quiz_author), 

=INFO REPORT==== 27-Nov-2015::04:54:46 ===
           ts_search:(5:<0.980.0>) Dyn Var (RE): no Match (varname=authenticity_token), 

=INFO REPORT==== 27-Nov-2015::04:54:46 ===
           ts_search:(5:<0.980.0>) Dyn Var: no Match (varname=quiz_author), 

=INFO REPORT==== 27-Nov-2015::04:54:46 ===
           ts_search:(5:<0.1855.0>) Dyn Var: no Match (varname=quiz_author), 

=INFO REPORT==== 27-Nov-2015::04:54:46 ===
           ts_search:(5:<0.1276.0>) Dyn Var: no Match (varname=quiz_author), 

=INFO REPORT==== 27-Nov-2015::04:54:46 ===
           ts_search:(5:<0.1681.0>) Dyn Var (RE): no Match (varname=authenticity_token), 

=INFO REPORT==== 27-Nov-2015::04:54:46 ===
           ts_search:(5:<0.1681.0>) Dyn Var: no Match (varname=quiz_author), 

=INFO REPORT==== 27-Nov-2015::04:54:47 ===
           ts_search:(5:<0.769.0>) Dyn Var (RE): no Match (varname=authenticity_token), 

=INFO REPORT==== 27-Nov-2015::04:54:47 ===
           ts_search:(5:<0.769.0>) Dyn Var (RE): no Match (varname=authenticity_token), 

=INFO REPORT==== 27-Nov-2015::04:54:47 ===
           ts_search:(5:<0.769.0>) Dyn Var (RE): no Match (varname=authenticity_token), 

=INFO REPORT==== 27-Nov-2015::04:54:47 ===
           ts_search:(5:<0.1356.0>) Dyn Var (RE): no Match (varname=created_quiz_id), 

=INFO REPORT==== 27-Nov-2015::04:54:47 ===
           ts_search:(5:<0.1778.0>) Dyn Var: no Match (varname=quiz_author), 

=INFO REPORT==== 27-Nov-2015::04:54:47 ===
           ts_search:(5:<0.1891.0>) Dyn Var (RE): no Match (varname=created_quiz_id), 

=INFO REPORT==== 27-Nov-2015::04:54:47 ===
           ts_search:(5:<0.1921.0>) Dyn Var: no Match (varname=quiz_author), 

=INFO REPORT==== 27-Nov-2015::04:54:47 ===
           ts_search:(5:<0.2008.0>) Dyn Var (RE): no Match (varname=authenticity_token), 

=INFO REPORT==== 27-Nov-2015::04:54:47 ===
           ts_search:(5:<0.1708.0>) Dyn Var (RE): no Match (varname=authenticity_token), 

=INFO REPORT==== 27-Nov-2015::04:54:47 ===
           ts_search:(5:<0.1999.0>) Dyn Var: no Match (varname=quiz_author), 

=INFO REPORT==== 27-Nov-2015::04:54:48 ===
           ts_search:(5:<0.1114.0>) Dyn Var (RE): no Match (varname=created_quiz_id), 

=INFO REPORT==== 27-Nov-2015::04:54:48 ===
           ts_search:(5:<0.907.0>) Dyn Var (RE): no Match (varname=created_quiz_id), 

=INFO REPORT==== 27-Nov-2015::04:54:48 ===
           ts_search:(5:<0.1216.0>) Dyn Var (RE): no Match (varname=created_quiz_id), 

=INFO REPORT==== 27-Nov-2015::04:54:48 ===
           ts_search:(5:<0.1808.0>) Dyn Var (RE): no Match (varname=authenticity_token), 

=INFO REPORT==== 27-Nov-2015::04:54:48 ===
           ts_search:(5:<0.1808.0>) Dyn Var: no Match (varname=quiz_author), 

=INFO REPORT==== 27-Nov-2015::04:54:48 ===
           ts_search:(5:<0.1504.0>) Dyn Var: no Match (varname=quiz_author), 

=INFO REPORT==== 27-Nov-2015::04:54:48 ===
           ts_search:(5:<0.2102.0>) Dyn Var (RE): no Match (varname=authenticity_token), 

=INFO REPORT==== 27-Nov-2015::04:54:48 ===
           ts_search:(5:<0.369.0>) Dyn Var (RE): no Match (varname=created_quiz_id), 

=INFO REPORT==== 27-Nov-2015::04:54:48 ===
           ts_search:(5:<0.1229.0>) Dyn Var: no Match (varname=quiz_author), 

=INFO REPORT==== 27-Nov-2015::04:54:48 ===
           ts_search:(5:<0.1630.0>) Dyn Var (RE): no Match (varname=authenticity_token), 

=INFO REPORT==== 27-Nov-2015::04:54:48 ===
           ts_search:(5:<0.1630.0>) Dyn Var: no Match (varname=quiz_author), 

=INFO REPORT==== 27-Nov-2015::04:54:48 ===
           ts_search:(5:<0.1976.0>) Dyn Var: no Match (varname=quiz_author), 

=INFO REPORT==== 27-Nov-2015::04:54:48 ===
           ts_search:(5:<0.1012.0>) Dyn Var (RE): no Match (varname=created_quiz_id), 

=INFO REPORT==== 27-Nov-2015::04:54:49 ===
           ts_search:(5:<0.1288.0>) Dyn Var (RE): no Match (varname=created_quiz_id), 

=INFO REPORT==== 27-Nov-2015::04:54:49 ===
           ts_search:(5:<0.1919.0>) Dyn Var: no Match (varname=quiz_author), 

=INFO REPORT==== 27-Nov-2015::04:54:49 ===
           ts_search:(5:<0.1685.0>) Dyn Var: no Match (varname=quiz_author), 

=INFO REPORT==== 27-Nov-2015::04:54:49 ===
           ts_search:(5:<0.1976.0>) Dyn Var (RE): no Match (varname=created_quiz_id), 

=INFO REPORT==== 27-Nov-2015::04:54:49 ===
           ts_search:(5:<0.1296.0>) Dyn Var: no Match (varname=quiz_author), 

=INFO REPORT==== 27-Nov-2015::04:54:49 ===
           ts_search:(5:<0.825.0>) Dyn Var (RE): no Match (varname=created_quiz_id), 

=INFO REPORT==== 27-Nov-2015::04:54:49 ===
           ts_search:(5:<0.1634.0>) Dyn Var: no Match (varname=quiz_author), 

=INFO REPORT==== 27-Nov-2015::04:54:49 ===
           ts_search:(5:<0.810.0>) Dyn Var: no Match (varname=quiz_author), 

=INFO REPORT==== 27-Nov-2015::04:54:49 ===
           ts_search:(5:<0.1919.0>) Dyn Var (RE): no Match (varname=created_quiz_id), 

=INFO REPORT==== 27-Nov-2015::04:54:50 ===
           ts_search:(5:<0.1218.0>) Dyn Var (RE): no Match (varname=created_quiz_id), 

=INFO REPORT==== 27-Nov-2015::04:54:50 ===
           ts_search:(5:<0.1814.0>) Dyn Var: no Match (varname=quiz_author), 

=INFO REPORT==== 27-Nov-2015::04:54:50 ===
           ts_search:(5:<0.1321.0>) Dyn Var (RE): no Match (varname=created_quiz_id), 

=INFO REPORT==== 27-Nov-2015::04:54:50 ===
           ts_search:(5:<0.1370.0>) Dyn Var: no Match (varname=quiz_author), 

=INFO REPORT==== 27-Nov-2015::04:54:50 ===
           ts_search:(5:<0.1521.0>) Dyn Var (RE): no Match (varname=created_quiz_id), 

=INFO REPORT==== 27-Nov-2015::04:54:50 ===
           ts_search:(5:<0.1615.0>) Dyn Var: no Match (varname=quiz_author), 

=INFO REPORT==== 27-Nov-2015::04:54:50 ===
           ts_search:(5:<0.1782.0>) Dyn Var: no Match (varname=quiz_author), 

=INFO REPORT==== 27-Nov-2015::04:54:50 ===
           ts_search:(5:<0.1484.0>) Dyn Var (RE): no Match (varname=created_quiz_id), 

=INFO REPORT==== 27-Nov-2015::04:54:50 ===
           ts_search:(5:<0.1245.0>) Dyn Var: no Match (varname=quiz_author), 

=INFO REPORT==== 27-Nov-2015::04:54:50 ===
           ts_search:(5:<0.1430.0>) Dyn Var: no Match (varname=quiz_author), 

=INFO REPORT==== 27-Nov-2015::04:54:50 ===
           ts_search:(5:<0.1625.0>) Dyn Var (RE): no Match (varname=created_quiz_id), 

=INFO REPORT==== 27-Nov-2015::04:54:51 ===
           ts_search:(5:<0.1991.0>) Dyn Var: no Match (varname=quiz_author), 

=INFO REPORT==== 27-Nov-2015::04:54:51 ===
           ts_search:(5:<0.1269.0>) Dyn Var: no Match (varname=quiz_author), 

=INFO REPORT==== 27-Nov-2015::04:54:51 ===
           ts_search:(5:<0.1826.0>) Dyn Var (RE): no Match (varname=created_quiz_id), 

=INFO REPORT==== 27-Nov-2015::04:54:51 ===
           ts_search:(5:<0.1281.0>) Dyn Var (RE): no Match (varname=created_quiz_id), 

=INFO REPORT==== 27-Nov-2015::04:54:51 ===
           ts_search:(5:<0.1655.0>) Dyn Var: no Match (varname=quiz_author), 

=INFO REPORT==== 27-Nov-2015::04:54:51 ===
           ts_search:(5:<0.1530.0>) Dyn Var: no Match (varname=quiz_author), 

=INFO REPORT==== 27-Nov-2015::04:54:51 ===
           ts_search:(5:<0.972.0>) Dyn Var (RE): no Match (varname=created_quiz_id), 

=INFO REPORT==== 27-Nov-2015::04:54:51 ===
           ts_search:(5:<0.1946.0>) Dyn Var: no Match (varname=quiz_author), 

=INFO REPORT==== 27-Nov-2015::04:54:51 ===
           ts_search:(5:<0.599.0>) Dyn Var (RE): no Match (varname=created_quiz_id), 

=INFO REPORT==== 27-Nov-2015::04:54:52 ===
           ts_search:(5:<0.1850.0>) Dyn Var: no Match (varname=quiz_author), 

=INFO REPORT==== 27-Nov-2015::04:54:52 ===
           ts_search:(5:<0.1755.0>) Dyn Var (RE): no Match (varname=created_quiz_id), 

=INFO REPORT==== 27-Nov-2015::04:54:52 ===
           ts_search:(5:<0.1989.0>) Dyn Var: no Match (varname=quiz_author), 

=INFO REPORT==== 27-Nov-2015::04:54:52 ===
           ts_search:(5:<0.2009.0>) Dyn Var: no Match (varname=quiz_author), 

=INFO REPORT==== 27-Nov-2015::04:54:52 ===
           ts_search:(5:<0.1855.0>) Dyn Var (RE): no Match (varname=created_quiz_id), 

=INFO REPORT==== 27-Nov-2015::04:54:52 ===
           ts_search:(5:<0.2039.0>) Dyn Var: no Match (varname=quiz_author), 

=INFO REPORT==== 27-Nov-2015::04:54:52 ===
           ts_search:(5:<0.1624.0>) Dyn Var: no Match (varname=quiz_author), 

=INFO REPORT==== 27-Nov-2015::04:54:52 ===
           ts_search:(5:<0.1296.0>) Dyn Var (RE): no Match (varname=created_quiz_id), 

=INFO REPORT==== 27-Nov-2015::04:54:52 ===
           ts_search:(5:<0.1174.0>) Dyn Var (RE): no Match (varname=created_quiz_id), 

=INFO REPORT==== 27-Nov-2015::04:54:52 ===
           ts_search:(5:<0.1466.0>) Dyn Var (RE): no Match (varname=created_quiz_id), 

=INFO REPORT==== 27-Nov-2015::04:54:52 ===
           ts_search:(5:<0.1778.0>) Dyn Var (RE): no Match (varname=created_quiz_id), 

=INFO REPORT==== 27-Nov-2015::04:54:53 ===
           ts_search:(5:<0.1624.0>) Dyn Var (RE): no Match (varname=created_quiz_id), 

=INFO REPORT==== 27-Nov-2015::04:54:53 ===
           ts_search:(5:<0.1847.0>) Dyn Var: no Match (varname=quiz_author), 

=INFO REPORT==== 27-Nov-2015::04:54:53 ===
           ts_search:(5:<0.1893.0>) Dyn Var: no Match (varname=quiz_author), 

=INFO REPORT==== 27-Nov-2015::04:54:53 ===
           ts_search:(5:<0.1685.0>) Dyn Var (RE): no Match (varname=created_quiz_id), 

=INFO REPORT==== 27-Nov-2015::04:54:53 ===
           ts_search:(5:<0.1100.0>) Dyn Var (RE): no Match (varname=created_quiz_id), 

=INFO REPORT==== 27-Nov-2015::04:54:53 ===
           ts_search:(5:<0.1090.0>) Dyn Var (RE): no Match (varname=created_quiz_id), 

=INFO REPORT==== 27-Nov-2015::04:54:54 ===
           ts_search:(5:<0.1822.0>) Dyn Var: no Match (varname=quiz_author), 

=INFO REPORT==== 27-Nov-2015::04:54:54 ===
           ts_search:(5:<0.1946.0>) Dyn Var (RE): no Match (varname=created_quiz_id), 

=INFO REPORT==== 27-Nov-2015::04:54:54 ===
           ts_search:(5:<0.1847.0>) Dyn Var (RE): no Match (varname=created_quiz_id), 

=INFO REPORT==== 27-Nov-2015::04:54:54 ===
           ts_search:(5:<0.1590.0>) Dyn Var (RE): no Match (varname=created_quiz_id), 

=INFO REPORT==== 27-Nov-2015::04:54:54 ===
           ts_search:(5:<0.1808.0>) Dyn Var (RE): no Match (varname=created_quiz_id), 

=INFO REPORT==== 27-Nov-2015::04:54:54 ===
           ts_search:(5:<0.2054.0>) Dyn Var: no Match (varname=quiz_author), 

=INFO REPORT==== 27-Nov-2015::04:54:55 ===
           ts_search:(5:<0.1391.0>) Dyn Var (RE): no Match (varname=created_quiz_id), 

=INFO REPORT==== 27-Nov-2015::04:54:55 ===
           ts_search:(5:<0.1412.0>) Dyn Var: no Match (varname=quiz_author), 

=INFO REPORT==== 27-Nov-2015::04:54:55 ===
           ts_search:(5:<0.1923.0>) Dyn Var: no Match (varname=quiz_author), 

=INFO REPORT==== 27-Nov-2015::04:54:55 ===
           ts_search:(5:<0.1166.0>) Dyn Var: no Match (varname=quiz_author), 

=INFO REPORT==== 27-Nov-2015::04:54:55 ===
           ts_search:(5:<0.2000.0>) Dyn Var: no Match (varname=quiz_author), 

=INFO REPORT==== 27-Nov-2015::04:54:55 ===
           ts_search:(5:<0.1635.0>) Dyn Var (RE): no Match (varname=created_quiz_id), 

=INFO REPORT==== 27-Nov-2015::04:54:55 ===
           ts_search:(5:<0.1276.0>) Dyn Var (RE): no Match (varname=created_quiz_id), 

=INFO REPORT==== 27-Nov-2015::04:54:55 ===
           ts_search:(5:<0.1250.0>) Dyn Var: no Match (varname=quiz_author), 

=INFO REPORT==== 27-Nov-2015::04:54:55 ===
           ts_search:(5:<0.1492.0>) Dyn Var: no Match (varname=quiz_author), 

=INFO REPORT==== 27-Nov-2015::04:54:56 ===
           ts_search:(5:<0.1253.0>) Dyn Var (RE): no Match (varname=created_quiz_id), 

=INFO REPORT==== 27-Nov-2015::04:54:56 ===
           ts_search:(5:<0.1655.0>) Dyn Var (RE): no Match (varname=created_quiz_id), 

=INFO REPORT==== 27-Nov-2015::04:54:56 ===
           ts_search:(5:<0.1942.0>) Dyn Var: no Match (varname=quiz_author), 

=INFO REPORT==== 27-Nov-2015::04:54:56 ===
           ts_search:(5:<0.1166.0>) Dyn Var (RE): no Match (varname=created_quiz_id), 

=INFO REPORT==== 27-Nov-2015::04:54:56 ===
           ts_search:(5:<0.1263.0>) Dyn Var (RE): no Match (varname=created_quiz_id), 

=INFO REPORT==== 27-Nov-2015::04:54:56 ===
           ts_search:(5:<0.1659.0>) Dyn Var: no Match (varname=quiz_author), 

=INFO REPORT==== 27-Nov-2015::04:54:56 ===
           ts_search:(5:<0.1749.0>) Dyn Var: no Match (varname=quiz_author), 

=INFO REPORT==== 27-Nov-2015::04:54:56 ===
           ts_search:(5:<0.2009.0>) Dyn Var (RE): no Match (varname=created_quiz_id), 

=INFO REPORT==== 27-Nov-2015::04:54:56 ===
           ts_search:(5:<0.1878.0>) Dyn Var: no Match (varname=quiz_author), 

=INFO REPORT==== 27-Nov-2015::04:54:57 ===
           ts_search:(5:<0.683.0>) Dyn Var (RE): no Match (varname=created_quiz_id), 

=INFO REPORT==== 27-Nov-2015::04:54:57 ===
           ts_search:(5:<0.1229.0>) Dyn Var (RE): no Match (varname=created_quiz_id), 

=INFO REPORT==== 27-Nov-2015::04:54:57 ===
           ts_search:(5:<0.1351.0>) Dyn Var (RE): no Match (varname=created_quiz_id), 

=INFO REPORT==== 27-Nov-2015::04:54:57 ===
           ts_search:(5:<0.1734.0>) Dyn Var: no Match (varname=quiz_author), 

=INFO REPORT==== 27-Nov-2015::04:54:58 ===
           ts_search:(5:<0.1740.0>) Dyn Var: no Match (varname=quiz_author), 

=INFO REPORT==== 27-Nov-2015::04:54:58 ===
           ts_search:(5:<0.854.0>) Dyn Var (RE): no Match (varname=created_quiz_id), 

=INFO REPORT==== 27-Nov-2015::04:54:58 ===
           ts_search:(5:<0.1630.0>) Dyn Var (RE): no Match (varname=created_quiz_id), 

=INFO REPORT==== 27-Nov-2015::04:54:58 ===
           ts_search:(5:<0.1626.0>) Dyn Var: no Match (varname=quiz_author), 

=INFO REPORT==== 27-Nov-2015::04:54:59 ===
           ts_search:(5:<0.1291.0>) Dyn Var: no Match (varname=quiz_author), 

=INFO REPORT==== 27-Nov-2015::04:54:59 ===
           ts_search:(5:<0.1818.0>) Dyn Var: no Match (varname=quiz_author), 

=INFO REPORT==== 27-Nov-2015::04:54:59 ===
           ts_search:(5:<0.940.0>) Dyn Var (RE): no Match (varname=authenticity_token), 

=INFO REPORT==== 27-Nov-2015::04:54:59 ===
           ts_search:(5:<0.940.0>) Dyn Var: no Match (varname=quiz_author), 

=INFO REPORT==== 27-Nov-2015::04:54:59 ===
           ts_search:(5:<0.1734.0>) Dyn Var (RE): no Match (varname=created_quiz_id), 

=INFO REPORT==== 27-Nov-2015::04:54:59 ===
           ts_search:(5:<0.1816.0>) Dyn Var: no Match (varname=quiz_author), 

=INFO REPORT==== 27-Nov-2015::04:55:00 ===
           ts_search:(5:<0.810.0>) Dyn Var (RE): no Match (varname=created_quiz_id), 

=INFO REPORT==== 27-Nov-2015::04:55:00 ===
           ts_search:(5:<0.1626.0>) Dyn Var (RE): no Match (varname=created_quiz_id), 

=INFO REPORT==== 27-Nov-2015::04:55:00 ===
           ts_search:(5:<0.1659.0>) Dyn Var (RE): no Match (varname=created_quiz_id), 

=INFO REPORT==== 27-Nov-2015::04:55:00 ===
           ts_search:(5:<0.1461.0>) Dyn Var: no Match (varname=quiz_author), 

=INFO REPORT==== 27-Nov-2015::04:55:01 ===
           ts_search:(5:<0.1345.0>) Dyn Var: no Match (varname=quiz_author), 

=INFO REPORT==== 27-Nov-2015::04:55:01 ===
           ts_search:(5:<0.1436.0>) Dyn Var (RE): no Match (varname=created_quiz_id), 

=INFO REPORT==== 27-Nov-2015::04:55:01 ===
           ts_search:(5:<0.1893.0>) Dyn Var (RE): no Match (varname=created_quiz_id), 

=INFO REPORT==== 27-Nov-2015::04:55:01 ===
           ts_search:(5:<0.1269.0>) Dyn Var (RE): no Match (varname=created_quiz_id), 

=INFO REPORT==== 27-Nov-2015::04:55:01 ===
           ts_search:(5:<0.1933.0>) Dyn Var: no Match (varname=quiz_author), 

=INFO REPORT==== 27-Nov-2015::04:55:01 ===
           ts_search:(5:<0.1970.0>) Dyn Var: no Match (varname=quiz_author), 

=INFO REPORT==== 27-Nov-2015::04:55:01 ===
           ts_search:(5:<0.969.0>) Dyn Var (RE): no Match (varname=created_quiz_id), 

=INFO REPORT==== 27-Nov-2015::04:55:01 ===
           ts_search:(5:<0.1849.0>) Dyn Var: no Match (varname=quiz_author), 

=INFO REPORT==== 27-Nov-2015::04:55:02 ===
           ts_search:(5:<0.2095.0>) Dyn Var: no Match (varname=quiz_author), 

=INFO REPORT==== 27-Nov-2015::04:55:02 ===
           ts_search:(5:<0.1803.0>) Dyn Var: no Match (varname=quiz_author), 

=INFO REPORT==== 27-Nov-2015::04:55:02 ===
           ts_search:(5:<0.1250.0>) Dyn Var (RE): no Match (varname=created_quiz_id), 

=INFO REPORT==== 27-Nov-2015::04:55:02 ===
           ts_search:(5:<0.1923.0>) Dyn Var (RE): no Match (varname=created_quiz_id), 

=INFO REPORT==== 27-Nov-2015::04:55:03 ===
           ts_search:(5:<0.1814.0>) Dyn Var (RE): no Match (varname=created_quiz_id), 

=INFO REPORT==== 27-Nov-2015::04:55:03 ===
           ts_search:(5:<0.1944.0>) Dyn Var: no Match (varname=quiz_author), 

=INFO REPORT==== 27-Nov-2015::04:55:03 ===
           ts_search:(5:<0.1705.0>) Dyn Var (RE): no Match (varname=created_quiz_id), 

=INFO REPORT==== 27-Nov-2015::04:55:03 ===
           ts_search:(5:<0.1710.0>) Dyn Var: no Match (varname=quiz_author), 

=INFO REPORT==== 27-Nov-2015::04:55:03 ===
           ts_search:(5:<0.1076.0>) Dyn Var (RE): no Match (varname=created_quiz_id), 

=INFO REPORT==== 27-Nov-2015::04:55:03 ===
           ts_search:(5:<0.2035.0>) Dyn Var: no Match (varname=quiz_author), 

=INFO REPORT==== 27-Nov-2015::04:55:03 ===
           ts_search:(5:<0.1388.0>) Dyn Var (RE): no Match (varname=created_quiz_id), 

=INFO REPORT==== 27-Nov-2015::04:55:03 ===
           ts_search:(5:<0.1999.0>) Dyn Var (RE): no Match (varname=created_quiz_id), 

=INFO REPORT==== 27-Nov-2015::04:55:03 ===
           ts_search:(5:<0.1907.0>) Dyn Var: no Match (varname=quiz_author), 

=INFO REPORT==== 27-Nov-2015::04:55:03 ===
           ts_search:(5:<0.1850.0>) Dyn Var (RE): no Match (varname=created_quiz_id), 

=INFO REPORT==== 27-Nov-2015::04:55:04 ===
           ts_search:(5:<0.2054.0>) Dyn Var (RE): no Match (varname=created_quiz_id), 

=INFO REPORT==== 27-Nov-2015::04:55:04 ===
           ts_search:(5:<0.1462.0>) Dyn Var: no Match (varname=quiz_author), 

=INFO REPORT==== 27-Nov-2015::04:55:04 ===
           ts_search:(5:<0.2045.0>) Dyn Var: no Match (varname=quiz_author), 

=INFO REPORT==== 27-Nov-2015::04:55:04 ===
           ts_search:(5:<0.980.0>) Dyn Var (RE): no Match (varname=created_quiz_id), 

=INFO REPORT==== 27-Nov-2015::04:55:04 ===
           ts_search:(5:<0.1917.0>) Dyn Var: no Match (varname=quiz_author), 

=INFO REPORT==== 27-Nov-2015::04:55:04 ===
           ts_search:(5:<0.2108.0>) Dyn Var: no Match (varname=quiz_author), 

=INFO REPORT==== 27-Nov-2015::04:55:04 ===
           ts_search:(5:<0.1518.0>) Dyn Var (RE): no Match (varname=created_quiz_id), 

=INFO REPORT==== 27-Nov-2015::04:55:05 ===
           ts_search:(5:<0.1833.0>) Dyn Var: no Match (varname=quiz_author), 

=INFO REPORT==== 27-Nov-2015::04:55:05 ===
           ts_search:(5:<0.1780.0>) Dyn Var: no Match (varname=quiz_author), 

=INFO REPORT==== 27-Nov-2015::04:55:06 ===
           ts_search:(5:<0.1485.0>) Dyn Var (RE): no Match (varname=created_quiz_id), 

=INFO REPORT==== 27-Nov-2015::04:55:06 ===
           ts_search:(5:<0.2098.0>) Dyn Var: no Match (varname=quiz_author), 

=INFO REPORT==== 27-Nov-2015::04:55:06 ===
           ts_search:(5:<0.1985.0>) Dyn Var: no Match (varname=quiz_author), 

=INFO REPORT==== 27-Nov-2015::04:55:06 ===
           ts_search:(5:<0.1244.0>) Dyn Var: no Match (varname=quiz_author), 

=INFO REPORT==== 27-Nov-2015::04:55:06 ===
           ts_search:(5:<0.1611.0>) Dyn Var: no Match (varname=quiz_author), 

=INFO REPORT==== 27-Nov-2015::04:55:07 ===
           ts_search:(5:<0.2098.0>) Dyn Var (RE): no Match (varname=created_quiz_id), 

=INFO REPORT==== 27-Nov-2015::04:55:07 ===
           ts_search:(5:<0.1429.0>) Dyn Var (RE): no Match (varname=created_quiz_id), 

=INFO REPORT==== 27-Nov-2015::04:55:07 ===
           ts_search:(5:<0.1782.0>) Dyn Var (RE): no Match (varname=created_quiz_id), 

=INFO REPORT==== 27-Nov-2015::04:55:08 ===
           ts_search:(5:<0.1989.0>) Dyn Var (RE): no Match (varname=created_quiz_id), 

=INFO REPORT==== 27-Nov-2015::04:55:08 ===
           ts_search:(5:<0.1430.0>) Dyn Var (RE): no Match (varname=created_quiz_id), 

=INFO REPORT==== 27-Nov-2015::04:55:08 ===
           ts_search:(5:<0.1779.0>) Dyn Var: no Match (varname=quiz_author), 

=INFO REPORT==== 27-Nov-2015::04:55:08 ===
           ts_search:(5:<0.1921.0>) Dyn Var (RE): no Match (varname=created_quiz_id), 

=INFO REPORT==== 27-Nov-2015::04:55:08 ===
           ts_search:(5:<0.1751.0>) Dyn Var (RE): no Match (varname=created_quiz_id), 

=INFO REPORT==== 27-Nov-2015::04:55:08 ===
           ts_search:(5:<0.1985.0>) Dyn Var (RE): no Match (varname=created_quiz_id), 

=INFO REPORT==== 27-Nov-2015::04:55:08 ===
           ts_search:(5:<0.1075.0>) Dyn Var (RE): no Match (varname=created_quiz_id), 

=INFO REPORT==== 27-Nov-2015::04:55:08 ===
           ts_search:(5:<0.1575.0>) Dyn Var (RE): no Match (varname=created_quiz_id), 

=INFO REPORT==== 27-Nov-2015::04:55:09 ===
           ts_search:(5:<0.1467.0>) Dyn Var (RE): no Match (varname=created_quiz_id), 

=INFO REPORT==== 27-Nov-2015::04:55:09 ===
           ts_search:(5:<0.1920.0>) Dyn Var: no Match (varname=quiz_author), 

=INFO REPORT==== 27-Nov-2015::04:55:10 ===
           ts_search:(5:<0.1244.0>) Dyn Var (RE): no Match (varname=created_quiz_id), 

=INFO REPORT==== 27-Nov-2015::04:55:10 ===
           ts_search:(5:<0.1861.0>) Dyn Var: no Match (varname=quiz_author), 

=INFO REPORT==== 27-Nov-2015::04:55:10 ===
           ts_search:(5:<0.1822.0>) Dyn Var (RE): no Match (varname=created_quiz_id), 

=INFO REPORT==== 27-Nov-2015::04:55:10 ===
           ts_search:(5:<0.1780.0>) Dyn Var (RE): no Match (varname=created_quiz_id), 

=INFO REPORT==== 27-Nov-2015::04:55:11 ===
           ts_search:(5:<0.1530.0>) Dyn Var (RE): no Match (varname=created_quiz_id), 

=INFO REPORT==== 27-Nov-2015::04:55:11 ===
           ts_search:(5:<0.2027.0>) Dyn Var (RE): no Match (varname=created_quiz_id), 

=INFO REPORT==== 27-Nov-2015::04:55:11 ===
           ts_search:(5:<0.1043.0>) Dyn Var: no Match (varname=quiz_author), 

=INFO REPORT==== 27-Nov-2015::04:55:11 ===
           ts_search:(5:<0.1828.0>) Dyn Var: no Match (varname=quiz_author), 

=INFO REPORT==== 27-Nov-2015::04:55:12 ===
           ts_search:(5:<0.1504.0>) Dyn Var (RE): no Match (varname=created_quiz_id), 

=INFO REPORT==== 27-Nov-2015::04:55:12 ===
           ts_search:(5:<0.1563.0>) Dyn Var (RE): no Match (varname=created_quiz_id), 

=INFO REPORT==== 27-Nov-2015::04:55:12 ===
           ts_search:(5:<0.1830.0>) Dyn Var: no Match (varname=quiz_author), 

=INFO REPORT==== 27-Nov-2015::04:55:13 ===
           ts_search:(5:<0.1512.0>) Dyn Var (RE): no Match (varname=created_quiz_id), 

=INFO REPORT==== 27-Nov-2015::04:55:13 ===
           ts_search:(5:<0.2045.0>) Dyn Var (RE): no Match (varname=created_quiz_id), 

=INFO REPORT==== 27-Nov-2015::04:55:14 ===
           ts_search:(5:<0.2066.0>) Dyn Var: no Match (varname=quiz_author), 

=INFO REPORT==== 27-Nov-2015::04:55:14 ===
           ts_search:(5:<0.1144.0>) Dyn Var (RE): no Match (varname=created_quiz_id), 

=INFO REPORT==== 27-Nov-2015::04:55:14 ===
           ts_search:(5:<0.1974.0>) Dyn Var: no Match (varname=quiz_author), 

=INFO REPORT==== 27-Nov-2015::04:55:15 ===
           ts_search:(5:<0.1833.0>) Dyn Var (RE): no Match (varname=created_quiz_id), 

=INFO REPORT==== 27-Nov-2015::04:55:16 ===
           ts_search:(5:<0.1648.0>) Dyn Var (RE): no Match (varname=created_quiz_id), 

=INFO REPORT==== 27-Nov-2015::04:55:16 ===
           ts_search:(5:<0.2095.0>) Dyn Var (RE): no Match (varname=created_quiz_id), 

=INFO REPORT==== 27-Nov-2015::04:55:17 ===
           ts_search:(5:<0.1029.0>) Dyn Var (RE): no Match (varname=created_quiz_id), 

=INFO REPORT==== 27-Nov-2015::04:55:17 ===
           ts_search:(5:<0.940.0>) Dyn Var (RE): no Match (varname=created_quiz_id), 

=INFO REPORT==== 27-Nov-2015::04:55:17 ===
           ts_search:(5:<0.940.0>) Dyn Var (RE): no Match (varname=authenticity_token), 

=INFO REPORT==== 27-Nov-2015::04:55:17 ===
           ts_search:(5:<0.940.0>) Dyn Var (RE): no Match (varname=authenticity_token), 

=INFO REPORT==== 27-Nov-2015::04:55:17 ===
           ts_search:(5:<0.940.0>) Dyn Var (RE): no Match (varname=authenticity_token), 

=INFO REPORT==== 27-Nov-2015::04:55:17 ===
           ts_search:(5:<0.940.0>) Dyn Var (RE): no Match (varname=authenticity_token), 

=INFO REPORT==== 27-Nov-2015::04:55:17 ===
           ts_search:(5:<0.940.0>) Dyn Var (RE): no Match (varname=authenticity_token), 

=INFO REPORT==== 27-Nov-2015::04:55:17 ===
           ts_search:(5:<0.940.0>) Dyn Var (RE): no Match (varname=authenticity_token), 

=INFO REPORT==== 27-Nov-2015::04:55:17 ===
           ts_search:(5:<0.940.0>) Dyn Var (RE): no Match (varname=authenticity_token), 

=INFO REPORT==== 27-Nov-2015::04:55:17 ===
           ts_search:(5:<0.940.0>) Dyn Var (RE): no Match (varname=authenticity_token), 

=INFO REPORT==== 27-Nov-2015::04:55:17 ===
           ts_search:(5:<0.1749.0>) Dyn Var (RE): no Match (varname=created_quiz_id), 

=INFO REPORT==== 27-Nov-2015::04:55:18 ===
           ts_search:(5:<0.1492.0>) Dyn Var (RE): no Match (varname=created_quiz_id), 

=INFO REPORT==== 27-Nov-2015::04:55:18 ===
           ts_search:(5:<0.1816.0>) Dyn Var (RE): no Match (varname=created_quiz_id), 

=INFO REPORT==== 27-Nov-2015::04:55:18 ===
           ts_search:(5:<0.1944.0>) Dyn Var (RE): no Match (varname=created_quiz_id), 

=INFO REPORT==== 27-Nov-2015::04:55:18 ===
           ts_search:(5:<0.1878.0>) Dyn Var (RE): no Match (varname=created_quiz_id), 

=INFO REPORT==== 27-Nov-2015::04:55:18 ===
           ts_search:(5:<0.2039.0>) Dyn Var (RE): no Match (varname=created_quiz_id), 

=INFO REPORT==== 27-Nov-2015::04:55:19 ===
           ts_search:(5:<0.1370.0>) Dyn Var (RE): no Match (varname=created_quiz_id), 

=INFO REPORT==== 27-Nov-2015::04:55:19 ===
           ts_search:(5:<0.1933.0>) Dyn Var (RE): no Match (varname=created_quiz_id), 

=INFO REPORT==== 27-Nov-2015::04:55:20 ===
           ts_search:(5:<0.1493.0>) Dyn Var: no Match (varname=quiz_author), 

=INFO REPORT==== 27-Nov-2015::04:55:20 ===
           ts_search:(5:<0.1974.0>) Dyn Var (RE): no Match (varname=created_quiz_id), 

=INFO REPORT==== 27-Nov-2015::04:55:20 ===
           ts_search:(5:<0.1493.0>) Dyn Var (RE): no Match (varname=created_quiz_id), 

=INFO REPORT==== 27-Nov-2015::04:55:21 ===
           ts_search:(5:<0.1629.0>) Dyn Var (RE): no Match (varname=created_quiz_id), 

=INFO REPORT==== 27-Nov-2015::04:55:22 ===
           ts_search:(5:<0.1567.0>) Dyn Var: no Match (varname=quiz_author), 

=INFO REPORT==== 27-Nov-2015::04:55:22 ===
           ts_search:(5:<0.1651.0>) Dyn Var (RE): no Match (varname=created_quiz_id), 

=INFO REPORT==== 27-Nov-2015::04:55:22 ===
           ts_search:(5:<0.1907.0>) Dyn Var (RE): no Match (varname=created_quiz_id), 

=INFO REPORT==== 27-Nov-2015::04:55:22 ===
           ts_search:(5:<0.1849.0>) Dyn Var (RE): no Match (varname=created_quiz_id), 

=INFO REPORT==== 27-Nov-2015::04:55:22 ===
           ts_search:(5:<0.1327.0>) Dyn Var (RE): no Match (varname=created_quiz_id), 

=INFO REPORT==== 27-Nov-2015::04:55:22 ===
           ts_search:(5:<0.789.0>) Dyn Var (RE): no Match (varname=created_quiz_id), 

=INFO REPORT==== 27-Nov-2015::04:55:22 ===
           ts_search:(5:<0.1716.0>) Dyn Var (RE): no Match (varname=created_quiz_id), 

=INFO REPORT==== 27-Nov-2015::04:55:22 ===
           ts_search:(5:<0.1681.0>) Dyn Var (RE): no Match (varname=created_quiz_id), 

=INFO REPORT==== 27-Nov-2015::04:55:22 ===
           ts_search:(5:<0.1680.0>) Dyn Var (RE): no Match (varname=created_quiz_id), 

=INFO REPORT==== 27-Nov-2015::04:55:24 ===
           ts_search:(5:<0.1828.0>) Dyn Var (RE): no Match (varname=created_quiz_id), 

=INFO REPORT==== 27-Nov-2015::04:55:24 ===
           ts_search:(5:<0.1634.0>) Dyn Var (RE): no Match (varname=created_quiz_id), 

=INFO REPORT==== 27-Nov-2015::04:55:25 ===
           ts_search:(5:<0.1942.0>) Dyn Var (RE): no Match (varname=created_quiz_id), 

=INFO REPORT==== 27-Nov-2015::04:55:26 ===
           ts_search:(5:<0.1710.0>) Dyn Var (RE): no Match (varname=created_quiz_id), 

=INFO REPORT==== 27-Nov-2015::04:55:26 ===
           ts_search:(5:<0.1676.0>) Dyn Var: no Match (varname=quiz_author), 

=INFO REPORT==== 27-Nov-2015::04:55:26 ===
           ts_search:(5:<0.480.0>) Dyn Var (RE): no Match (varname=created_quiz_id), 

=INFO REPORT==== 27-Nov-2015::04:55:26 ===
           ts_search:(5:<0.1658.0>) Dyn Var (RE): no Match (varname=created_quiz_id), 

=INFO REPORT==== 27-Nov-2015::04:55:26 ===
           ts_search:(5:<0.1658.0>) Dyn Var (RE): no Match (varname=authenticity_token), 

=INFO REPORT==== 27-Nov-2015::04:55:26 ===
           ts_search:(5:<0.1658.0>) Dyn Var (RE): no Match (varname=authenticity_token), 

=INFO REPORT==== 27-Nov-2015::04:55:26 ===
           ts_search:(5:<0.1658.0>) Dyn Var (RE): no Match (varname=authenticity_token), 

=INFO REPORT==== 27-Nov-2015::04:55:26 ===
           ts_search:(5:<0.1658.0>) Dyn Var (RE): no Match (varname=authenticity_token), 

=INFO REPORT==== 27-Nov-2015::04:55:26 ===
           ts_search:(5:<0.1658.0>) Dyn Var (RE): no Match (varname=authenticity_token), 

=INFO REPORT==== 27-Nov-2015::04:55:26 ===
           ts_search:(5:<0.1658.0>) Dyn Var (RE): no Match (varname=authenticity_token), 

=INFO REPORT==== 27-Nov-2015::04:55:26 ===
           ts_search:(5:<0.1658.0>) Dyn Var (RE): no Match (varname=authenticity_token), 

=INFO REPORT==== 27-Nov-2015::04:55:27 ===
           ts_search:(5:<0.1658.0>) Dyn Var (RE): no Match (varname=authenticity_token), 

=INFO REPORT==== 27-Nov-2015::04:55:27 ===
           ts_search:(5:<0.1970.0>) Dyn Var (RE): no Match (varname=created_quiz_id), 

=INFO REPORT==== 27-Nov-2015::04:55:27 ===
           ts_search:(5:<0.931.0>) Dyn Var (RE): no Match (varname=created_quiz_id), 

=INFO REPORT==== 27-Nov-2015::04:55:27 ===
           ts_search:(5:<0.1676.0>) Dyn Var (RE): no Match (varname=created_quiz_id), 

=INFO REPORT==== 27-Nov-2015::04:55:29 ===
           ts_search:(5:<0.1991.0>) Dyn Var (RE): no Match (varname=created_quiz_id), 

=INFO REPORT==== 27-Nov-2015::04:55:29 ===
           ts_search:(5:<0.1830.0>) Dyn Var (RE): no Match (varname=created_quiz_id), 

=INFO REPORT==== 27-Nov-2015::04:55:29 ===
           ts_search:(5:<0.2107.0>) Dyn Var: no Match (varname=quiz_author), 

=INFO REPORT==== 27-Nov-2015::04:55:31 ===
           ts_search:(5:<0.1917.0>) Dyn Var (RE): no Match (varname=created_quiz_id), 

=INFO REPORT==== 27-Nov-2015::04:55:31 ===
           ts_search:(5:<0.2108.0>) Dyn Var (RE): no Match (varname=created_quiz_id), 

=INFO REPORT==== 27-Nov-2015::04:55:31 ===
           ts_search:(5:<0.1261.0>) Dyn Var (RE): no Match (varname=created_quiz_id), 

=INFO REPORT==== 27-Nov-2015::04:55:31 ===
           ts_search:(5:<0.1936.0>) Dyn Var: no Match (varname=quiz_author), 

=INFO REPORT==== 27-Nov-2015::04:55:32 ===
           ts_search:(5:<0.2035.0>) Dyn Var (RE): no Match (varname=created_quiz_id), 

=INFO REPORT==== 27-Nov-2015::04:55:32 ===
           ts_search:(5:<0.1491.0>) Dyn Var: no Match (varname=quiz_author), 

=INFO REPORT==== 27-Nov-2015::04:55:32 ===
           ts_search:(5:<0.2000.0>) Dyn Var (RE): no Match (varname=created_quiz_id), 

=INFO REPORT==== 27-Nov-2015::04:55:33 ===
           ts_search:(5:<0.1462.0>) Dyn Var (RE): no Match (varname=created_quiz_id), 

=INFO REPORT==== 27-Nov-2015::04:55:33 ===
           ts_search:(5:<0.1426.0>) Dyn Var: no Match (varname=quiz_author), 

=INFO REPORT==== 27-Nov-2015::04:55:35 ===
           ts_search:(5:<0.1861.0>) Dyn Var (RE): no Match (varname=created_quiz_id), 

=INFO REPORT==== 27-Nov-2015::04:55:36 ===
           ts_search:(5:<0.1410.0>) Dyn Var (RE): no Match (varname=created_quiz_id), 

=INFO REPORT==== 27-Nov-2015::04:55:36 ===
           ts_search:(5:<0.1113.0>) Dyn Var (RE): no Match (varname=created_quiz_id), 

=INFO REPORT==== 27-Nov-2015::04:55:38 ===
           ts_search:(5:<0.1920.0>) Dyn Var (RE): no Match (varname=created_quiz_id), 

=INFO REPORT==== 27-Nov-2015::04:55:38 ===
           ts_search:(5:<0.1339.0>) Dyn Var: no Match (varname=quiz_author), 

=INFO REPORT==== 27-Nov-2015::04:55:39 ===
           ts_search:(5:<0.1339.0>) Dyn Var (RE): no Match (varname=created_quiz_id), 

=INFO REPORT==== 27-Nov-2015::04:55:39 ===
           ts_search:(5:<0.2003.0>) Dyn Var: no Match (varname=quiz_author), 

=INFO REPORT==== 27-Nov-2015::04:55:41 ===
           ts_search:(5:<0.1803.0>) Dyn Var (RE): no Match (varname=created_quiz_id), 

=INFO REPORT==== 27-Nov-2015::04:55:42 ===
           ts_search:(5:<0.1611.0>) Dyn Var (RE): no Match (varname=created_quiz_id), 

=INFO REPORT==== 27-Nov-2015::04:55:42 ===
           ts_search:(5:<0.2107.0>) Dyn Var (RE): no Match (varname=created_quiz_id), 

=INFO REPORT==== 27-Nov-2015::04:55:44 ===
           ts_search:(5:<0.1136.0>) Dyn Var (RE): no Match (varname=created_quiz_id), 

=INFO REPORT==== 27-Nov-2015::04:55:46 ===
           ts_search:(5:<0.1811.0>) Dyn Var: no Match (varname=quiz_author), 

=INFO REPORT==== 27-Nov-2015::04:55:47 ===
           ts_search:(5:<0.2066.0>) Dyn Var (RE): no Match (varname=created_quiz_id), 

=INFO REPORT==== 27-Nov-2015::04:55:47 ===
           ts_search:(5:<0.1779.0>) Dyn Var (RE): no Match (varname=created_quiz_id), 

=INFO REPORT==== 27-Nov-2015::04:55:49 ===
           ts_search:(5:<0.1412.0>) Dyn Var (RE): no Match (varname=created_quiz_id), 

=INFO REPORT==== 27-Nov-2015::04:55:51 ===
           ts_search:(5:<0.1818.0>) Dyn Var (RE): no Match (varname=created_quiz_id), 

=INFO REPORT==== 27-Nov-2015::04:55:52 ===
           ts_search:(5:<0.1043.0>) Dyn Var (RE): no Match (varname=created_quiz_id), 

=INFO REPORT==== 27-Nov-2015::04:55:53 ===
           ts_search:(5:<0.1811.0>) Dyn Var (RE): no Match (varname=created_quiz_id), 

=INFO REPORT==== 27-Nov-2015::04:55:53 ===
           ts_search:(5:<0.1245.0>) Dyn Var (RE): no Match (varname=created_quiz_id), 

=INFO REPORT==== 27-Nov-2015::04:55:55 ===
           ts_search:(5:<0.1461.0>) Dyn Var (RE): no Match (varname=created_quiz_id), 

=INFO REPORT==== 27-Nov-2015::04:56:00 ===
           ts_search:(5:<0.1936.0>) Dyn Var (RE): no Match (varname=created_quiz_id), 

=INFO REPORT==== 27-Nov-2015::04:56:05 ===
           ts_search:(5:<0.1615.0>) Dyn Var (RE): no Match (varname=created_quiz_id), 

=INFO REPORT==== 27-Nov-2015::04:56:07 ===
           ts_search:(5:<0.2003.0>) Dyn Var (RE): no Match (varname=created_quiz_id), 

=INFO REPORT==== 27-Nov-2015::04:56:08 ===
           ts_search:(5:<0.1088.0>) Dyn Var (RE): no Match (varname=created_quiz_id), 

=INFO REPORT==== 27-Nov-2015::04:56:08 ===
           ts_search:(5:<0.2109.0>) Dyn Var: no Match (varname=quiz_author), 

=INFO REPORT==== 27-Nov-2015::04:56:13 ===
           ts_search:(5:<0.1291.0>) Dyn Var (RE): no Match (varname=created_quiz_id), 

=INFO REPORT==== 27-Nov-2015::04:56:16 ===
           ts_search:(5:<0.1345.0>) Dyn Var (RE): no Match (varname=created_quiz_id), 

=INFO REPORT==== 27-Nov-2015::04:56:17 ===
           ts_search:(5:<0.1740.0>) Dyn Var (RE): no Match (varname=created_quiz_id), 

=INFO REPORT==== 27-Nov-2015::04:56:18 ===
           ts_search:(5:<0.1567.0>) Dyn Var (RE): no Match (varname=created_quiz_id), 

=INFO REPORT==== 27-Nov-2015::04:56:26 ===
           ts_search:(5:<0.1426.0>) Dyn Var (RE): no Match (varname=created_quiz_id), 

=INFO REPORT==== 27-Nov-2015::04:56:26 ===
           ts_search:(5:<0.1491.0>) Dyn Var (RE): no Match (varname=created_quiz_id), 

=INFO REPORT==== 27-Nov-2015::04:56:31 ===
           ts_search:(5:<0.2109.0>) Dyn Var (RE): no Match (varname=created_quiz_id), 

=INFO REPORT==== 27-Nov-2015::04:56:31 ===
     ts_launcher_mgr:(5:<0.123.0>) No more active users 'tsung_controller@ip-172-30-3-173' "29714"
