# stats: dump at 1449356953
stats: users 3 3
stats: {cpu,"tsung_controller@ip-172-30-3-224"} 1 10.27474286464789 0 10.27474286464789 10.27474286464789 0 0
stats: {load,"tsung_controller@ip-172-30-3-224"} 1 0.0 0 0.0 0.0 0 0
stats: {freemem,"tsung_controller@ip-172-30-3-224"} 1 3171.8125 0 3171.8125 3171.8125 0 0
stats: users_count 3 3
stats: finish_users_count 0 0
stats: request 4 233.7161865234375 320.1361320830716 784.1240234375 7.160888671875 0 0
stats: connect 2 52.1964111328125 51.4373779296875 103.6337890625 0.759033203125 0 0
stats: page 4 233.7161865234375 320.1361320830716 784.1240234375 7.160888671875 0 0
stats: tr_browse_quizzes_page_1 2 407.949462890625 376.2724609375 784.221923828125 31.677001953125 0 0
stats: 200 4 4
stats: tr_index 2 60.6514892578125 53.4385986328125 114.090087890625 7.212890625 0 0
stats: size_rcv 22405 22405
stats: size_sent 1306 1306
stats: connected 2 2
# stats: dump at 1449356963
stats: users 15 15
stats: {recvpackets,"tsung_controller@ip-172-30-3-224"} 1 48 0 48 48 0 0
stats: {sentpackets,"tsung_controller@ip-172-30-3-224"} 1 50 0 50 50 0 0
stats: {cpu,"tsung_controller@ip-172-30-3-224"} 1 1.8700787401574805 0.0 10.27474286464789 1.8700787401574805 10.27474286464789 1
stats: {load,"tsung_controller@ip-172-30-3-224"} 1 0.0 0.0 0.0 0.0 0.0 1
stats: {freemem,"tsung_controller@ip-172-30-3-224"} 1 3172.43359375 0.0 3172.43359375 3171.8125 3171.8125 1
stats: users_count 12 15
stats: finish_users_count 0 0
stats: request 41 18.542414967606703 28.05970320425004 784.1240234375 5.342041015625 233.7161865234375 4
stats: connect 12 0.7403564453125 0.08337592983346934 103.6337890625 0.56005859375 52.1964111328125 2
stats: page 40 19.008026123046875 30.351153424288118 784.1240234375 5.342041015625 233.7161865234375 4
stats: tr_play_game__ready_page 6 10.652669270833334 7.064910005797349 25.822998046875 6.166015625 0 0
stats: 302 1 1
stats: tr_friend_requests 1 42.496826171875 0 42.496826171875 42.496826171875 0 0
stats: 200 40 44
stats: tr_browse_quizzes_page_1 7 30.8310546875 7.2627531420222 784.221923828125 25.571044921875 407.949462890625 2
stats: size_rcv 122020 144425
stats: tr_play_game__1st_question 5 17.58203125 21.063004520497635 59.68798828125 6.2109375 0 0
stats: size_sent 20394 21700
stats: tr_play_game__answer_to_question 2 8.782958984375 3.360107421875 12.14306640625 5.4228515625 0 0
stats: connected 12 14
stats: tr_index 8 6.548828125 0.48012469929430224 114.090087890625 5.51806640625 60.6514892578125 2
# stats: dump at 1449356973
stats: users 29 29
stats: {recvpackets,"tsung_controller@ip-172-30-3-224"} 1 234.0 0.0 234 48 48.0 1
stats: {sentpackets,"tsung_controller@ip-172-30-3-224"} 1 249.0 0.0 249 50 50.0 1
stats: {cpu,"tsung_controller@ip-172-30-3-224"} 1 1.5763546798029555 0.0 10.27474286464789 1.5763546798029555 6.072410802402686 2
stats: {load,"tsung_controller@ip-172-30-3-224"} 1 0.0 0.0 0.0 0.0 0.0 2
stats: {freemem,"tsung_controller@ip-172-30-3-224"} 1 3171.20703125 0.0 3172.43359375 3171.20703125 3172.123046875 2
stats: users_count 14 29
stats: finish_users_count 0 0
stats: request 72 51.08686998155382 123.77268822248972 987.56201171875 5.342041015625 37.66897243923611 45
stats: connect 15 3.1986653645833334 3.7910318239313496 103.6337890625 0.528076171875 8.091221400669642 14
stats: page 69 53.310369961503625 127.41780759411003 987.56201171875 5.342041015625 38.52694979580966 44
stats: tr_play_game__ready_page 9 14.20505099826389 12.281082001958502 44.14697265625 6.090087890625 10.652669270833334 6
stats: 302 3 4
stats: tr_friend_requests 1 17.779052734375 0.0 42.496826171875 17.779052734375 42.496826171875 1
stats: 200 69 113
stats: tr_browse_quizzes_page_1 11 135.3799715909091 270.4238652252242 987.63916015625 25.571044921875 114.63514539930556 9
stats: size_rcv 200938 345363
stats: tr_play_game__1st_question 8 21.50927734375 14.923562170683578 59.68798828125 6.2109375 17.58203125 5
stats: size_sent 42461 64161
stats: tr_play_game__answer_to_question 6 39.57568359375 70.09058075947004 196.0439453125 5.4228515625 8.782958984375 2
stats: connected 15 29
stats: tr_index 10 36.801025390625 27.704712816532016 114.090087890625 5.51806640625 17.3693603515625 10
# stats: dump at 1449356983
stats: users 35 36
stats: {recvpackets,"tsung_controller@ip-172-30-3-224"} 1 451.0 0.0 451 48 141.0 2
stats: {sentpackets,"tsung_controller@ip-172-30-3-224"} 1 441.0 0.0 441 50 149.5 2
stats: {cpu,"tsung_controller@ip-172-30-3-224"} 1 2.450980392156863 0.0 10.27474286464789 1.5763546798029555 4.573725428202776 3
stats: {load,"tsung_controller@ip-172-30-3-224"} 1 0.0 0.0 0.0 0.0 0.0 3
stats: {freemem,"tsung_controller@ip-172-30-3-224"} 1 3168.27734375 0.0 3172.43359375 3168.27734375 3171.8177083333335 3
stats: session 4 16989.390869140625 4619.3075293387 20296.650146484375 9107.528076171875 0 0
stats: users_count 10 39
stats: finish_users_count 4 4
stats: request 109 64.83791302322244 188.28784597328865 1592.007080078125 4.324951171875 45.92614015758547 117
stats: connect 8 2.0899658203125 2.3209883960964266 103.6337890625 0.528076171875 5.560588968211207 29
stats: page 90 78.55419108072921 210.0254393994043 1592.007080078125 5.342041015625 47.55399396778208 113
stats: tr_play_game__ready_page 5 54.77744140625 68.71502159894965 189.678955078125 6.090087890625 12.784098307291666 15
stats: 302 4 8
stats: tr_question_new_POST 10 11.82119140625 7.305718037905998 29.154052734375 4.423095703125 0 0
stats: 200 95 208
stats: tr_quiz_new_POST 2 12.4381103515625 0.6610107421875 13.09912109375 11.777099609375 0 0
stats: size_rcv 289967 635330
stats: tr_friend_requests 1 8.33203125 0.0 42.496826171875 8.33203125 30.137939453125 2
stats: newphase 1 1
stats: tr_search_all_users 2 90.2835693359375 22.2044677734375 112.488037109375 68.0791015625 0 0
stats: size_sent 82209 146370
stats: tr_friends 3 69.643310546875 69.4509383093013 167.458984375 13.0400390625 0 0
stats: connected 5 34
stats: tr_browse_quizzes_page_1 1 30.31201171875 0.0 987.63916015625 25.571044921875 126.0447998046875 20
stats: 404 10 10
stats: tr_play_game__1st_question 7 135.49919782366072 261.0470899357772 763.97607421875 6.108154296875 19.998798076923077 13
stats: tr_play_game__answer_to_question 8 30.057861328125004 33.793066697314394 196.0439453125 5.4228515625 31.87750244140625 8
stats: tr_index 1 7.135009765625 0.0 114.090087890625 5.51806640625 27.08519287109375 20
stats: tr_quizzes_page_INDEX 4 62.39349365234375 79.01487751878855 198.949951171875 8.91015625 0 0
stats: tr_quiz_questions_SHOW 10 18.6492919921875 12.407228406405322 49.80810546875 7.950927734375 0 0
# stats: dump at 1449356993
stats: users 45 46
stats: {recvpackets,"tsung_controller@ip-172-30-3-224"} 1 553.0 0.0 553 48 244.33333333333334 3
stats: {sentpackets,"tsung_controller@ip-172-30-3-224"} 1 491.0 0.0 491 50 246.66666666666666 3
stats: {cpu,"tsung_controller@ip-172-30-3-224"} 1 2.171767028627838 0.0 10.27474286464789 1.5763546798029555 4.043039169191298 4
stats: {load,"tsung_controller@ip-172-30-3-224"} 1 0.0 0.0 0.0 0.0 0.0 4
stats: {freemem,"tsung_controller@ip-172-30-3-224"} 1 3168.5546875 0.0 3172.43359375 3168.27734375 3170.9326171875 4
stats: session 3 33457.11669921875 2615.567696894645 37125.690185546875 9107.528076171875 16989.390869140625 4
stats: users_count 13 52
stats: finish_users_count 3 7
stats: request 131 21.21609986283397 33.53789548024819 1592.007080078125 4.324951171875 55.04730494676436 226
stats: connect 15 1.687353515625 2.438935619689573 103.6337890625 0.528076171875 4.810183963260135 37
stats: page 121 22.974272420583674 37.109817956355776 1592.007080078125 5.2919921875 61.297923722290655 203
stats: tr_play_game__ready_page 9 6.853542751736111 0.5633696490923068 189.678955078125 6.090087890625 23.28243408203125 20
stats: 302 4 12
stats: tr_question_new_POST 6 6.372314453125 3.712890774832048 29.154052734375 4.423095703125 11.82119140625 10
stats: 200 121 329
stats: tr_quiz_new_POST 0 0 0 13.09912109375 11.777099609375 12.4381103515625 2
stats: size_rcv 323315 958645
stats: tr_play_game__leaderboard 5 12.167041015625 5.799983943308605 21.88916015625 6.301025390625 0 0
stats: newphase 0 1
stats: tr_friend_requests 2 21.300048828125 11.717041015625 42.496826171875 8.33203125 22.869303385416668 3
stats: size_sent 87586 233956
stats: tr_search_all_users 0 0 0 112.488037109375 68.0791015625 90.2835693359375 2
stats: connected 12 46
stats: tr_friends 0 0 0 167.458984375 13.0400390625 69.643310546875 3
stats: 404 6 16
stats: tr_browse_quizzes_page_1 11 46.16357421875 18.538430809100003 987.63916015625 25.571044921875 121.48609561011905 21
stats: tr_play_game__1st_question 8 8.70843505859375 3.257662945225944 763.97607421875 6.014892578125 60.42393798828125 20
stats: tr_play_game__answer_to_question 5 12.63134765625 12.423422813670724 196.0439453125 5.4228515625 30.967681884765625 16
stats: tr_index 14 14.711966378348214 19.57298647605335 114.090087890625 5.51806640625 26.135184151785715 21
stats: tr_quizzes_page_INDEX 2 17.135986328125 7.010009765625 198.949951171875 8.91015625 62.39349365234375 4
stats: tr_quiz_questions_SHOW 6 25.245035807291668 9.933749744508669 49.80810546875 7.950927734375 18.6492919921875 10
# stats: dump at 1449357003
stats: users 48 50
stats: {recvpackets,"tsung_controller@ip-172-30-3-224"} 1 599.0 0.0 599 48 321.5 4
stats: {sentpackets,"tsung_controller@ip-172-30-3-224"} 1 640.0 0.0 640 50 307.75 4
stats: {cpu,"tsung_controller@ip-172-30-3-224"} 1 2.455795677799607 0.0 10.27474286464789 1.5763546798029555 3.6687847410786056 5
stats: {load,"tsung_controller@ip-172-30-3-224"} 1 0.0 0.0 0.0 0.0 0.0 5
stats: {freemem,"tsung_controller@ip-172-30-3-224"} 1 3166.21484375 0.0 3172.43359375 3166.21484375 3170.45703125 5
stats: session 9 32603.547553168402 11376.641118159052 49442.56787109375 9107.528076171875 24046.987653459822 7
stats: users_count 12 64
stats: finish_users_count 9 16
stats: request 211 21.682014356857227 26.213958298431685 1592.007080078125 4.318115234375 42.633053221288506 357
stats: connect 12 0.7292683919270834 0.12046212220311224 103.6337890625 0.528076171875 3.909367487980769 52
stats: page 172 26.603951387627184 29.334118750352165 1592.007080078125 5.2919921875 46.98569592134453 324
stats: tr_play_game__ready_page 8 15.207061767578123 12.014458001539158 189.678955078125 6.090087890625 18.183812634698278 29
stats: 302 3 15
stats: tr_question_new_POST 30 11.075944010416666 6.281904263665077 29.154052734375 4.406982421875 9.777862548828125 16
stats: 200 178 507
stats: tr_quiz_new_POST 4 19.4598388671875 5.7502096762470805 27.81005859375 11.777099609375 12.4381103515625 2
stats: size_rcv 610334 1568979
stats: tr_play_game__leaderboard 5 12.678271484375 5.236306156850832 21.88916015625 6.22509765625 12.167041015625 5
stats: newphase 0 1
stats: tr_friend_requests 1 7.755126953125 0.0 42.496826171875 7.755126953125 22.2416015625 5
stats: size_sent 163903 397859
stats: tr_search_all_users 2 40.2486572265625 13.0894775390625 112.488037109375 27.1591796875 90.2835693359375 2
stats: connected 4 50
stats: tr_friends 2 12.6190185546875 0.0880126953125 167.458984375 12.531005859375 69.643310546875 3
stats: 404 30 46
stats: tr_browse_quizzes_page_1 11 44.93132990056818 16.98137699337504 987.63916015625 25.571044921875 95.59397888183594 32
stats: tr_play_game__1st_question 7 6.849853515625 0.9802705307122265 763.97607421875 6.014892578125 45.648080008370535 28
stats: tr_play_game__answer_to_question 8 12.120513916015625 8.698473715546173 196.0439453125 5.4228515625 26.601888020833332 21
stats: tr_index 8 19.847412109375 13.50954537834632 114.090087890625 5.51806640625 21.565897042410715 35
stats: tr_quizzes_page_INDEX 2 8.7484130859375 0.2774658203125 198.949951171875 8.470947265625 47.307657877604164 6
stats: tr_quiz_questions_SHOW 29 20.32774616109914 13.780412376551316 78.06201171875 7.950927734375 21.122695922851563 16
# stats: dump at 1449357013
stats: users 52 54
stats: {recvpackets,"tsung_controller@ip-172-30-3-224"} 1 953.0 0.0 953 48 377.0 5
stats: {sentpackets,"tsung_controller@ip-172-30-3-224"} 1 857.0 0.0 857 50 374.2 5
stats: {cpu,"tsung_controller@ip-172-30-3-224"} 1 2.848722986247544 0.0 10.27474286464789 1.5763546798029555 3.4666198971987723 6
stats: {load,"tsung_controller@ip-172-30-3-224"} 1 0.0 0.0 0.0 0.0 0.0 6
stats: {freemem,"tsung_controller@ip-172-30-3-224"} 1 3164.9140625 0.0 3172.43359375 3164.9140625 3169.75 6
stats: session 8 41935.34307861328 10490.569735106275 54902.64990234375 9107.528076171875 28860.0525970459 16
stats: users_count 12 76
stats: finish_users_count 8 24
stats: request 167 27.927297260946855 53.086059871180346 1592.007080078125 4.318115234375 34.85018491073393 568
stats: connect 12 1.1192830403645833 1.437810589430189 103.6337890625 0.528076171875 3.313098907470703 64
stats: page 149 31.344466036598153 58.86709410950627 1592.007080078125 5.287109375 39.91783289755545 496
stats: tr_play_game__ready_page 8 10.631195068359375 8.358457680699615 189.678955078125 5.992919921875 17.540190825591218 37
stats: 302 6 21
stats: tr_question_new_POST 10 20.60439453125 14.763749359407962 46.82421875 4.406982421875 10.624437415081522 46
stats: 200 151 658
stats: tr_quiz_new_POST 1 81.507080078125 0.0 81.507080078125 11.777099609375 17.1192626953125 6
stats: size_rcv 380124 1949103
stats: tr_play_game__leaderboard 5 17.89736328125 17.0200778081765 50.8779296875 6.22509765625 12.42265625 10
stats: newphase 1 2
stats: tr_friend_requests 2 75.8717041015625 65.2254638671875 141.09716796875 7.755126953125 19.827189127604168 6
stats: size_sent 122467 520326
stats: tr_search_all_users 1 58.382080078125 0.0 112.488037109375 27.1591796875 65.26611328125 4
stats: connected 2 52
stats: tr_friends 1 45.219970703125 0.0 167.458984375 12.531005859375 46.83359375 5
stats: 404 10 56
stats: tr_browse_quizzes_page_1 5 60.173681640625 12.540534886317538 987.63916015625 25.571044921875 82.63376635174419 43
stats: tr_play_game__1st_question 10 9.645751953125 7.631861476159884 763.97607421875 6.014892578125 37.88843470982143 35
stats: tr_play_game__answer_to_question 11 12.339155717329545 11.958402753360192 196.0439453125 5.399169921875 22.607026198814655 29
stats: tr_index 6 7.113118489583333 2.3431029959662673 114.090087890625 5.51806640625 21.2461789153343 43
stats: tr_quizzes_page_INDEX 3 16.723225911458332 11.429344602041812 198.949951171875 8.470947265625 37.6678466796875 8
stats: tr_quiz_questions_SHOW 11 22.359264026988637 6.95467426419604 78.06201171875 7.950927734375 20.610394965277777 45
# stats: dump at 1449357023
stats: users 56 57
stats: {recvpackets,"tsung_controller@ip-172-30-3-224"} 1 759.0 0.0 953 48 473.0 6
stats: {sentpackets,"tsung_controller@ip-172-30-3-224"} 1 734.0 0.0 857 50 454.6666666666667 6
stats: {cpu,"tsung_controller@ip-172-30-3-224"} 1 2.4630541871921183 0.0 10.27474286464789 1.5763546798029555 3.3783489099200255 7
stats: {load,"tsung_controller@ip-172-30-3-224"} 1 0.0 0.0 0.0 0.0 0.0 7
stats: {freemem,"tsung_controller@ip-172-30-3-224"} 1 3163.5859375 0.0 3172.43359375 3163.5859375 3169.059151785714 7
stats: session 10 44733.58364257812 14818.698298132655 71003.93701171875 9107.528076171875 33218.48275756836 24
stats: users_count 14 90
stats: finish_users_count 10 34
stats: request 201 59.22592967778297 165.22964431772962 2027.50390625 4.2490234375 33.27722948554421 735
stats: connect 13 1.4274338942307692 1.277194675221589 103.6337890625 0.528076171875 2.9667069284539473 76
stats: page 169 70.46521357248521 184.73126770761203 2027.50390625 5.22412109375 37.93731869246609 645
stats: tr_play_game__ready_page 6 20.727498372395832 7.568860239717472 189.678955078125 5.992919921875 16.311924913194446 45
stats: 302 3 24
stats: tr_question_new_POST 24 40.15332031249999 99.29383691536518 497.090087890625 4.33984375 12.406572614397321 56
stats: 200 174 832
stats: tr_quiz_new_POST 3 83.745361328125 80.11007142984153 196.83203125 11.777099609375 26.317522321428573 7
stats: size_rcv 498561 2447664
stats: tr_play_game__leaderboard 6 34.864013671875 30.49497924712247 78.9130859375 6.184814453125 14.24755859375 15
stats: newphase 0 2
stats: tr_friend_requests 3 7.658365885416667 0.28532511502757013 141.09716796875 7.256103515625 33.83831787109375 8
stats: size_sent 154415 674741
stats: tr_search_all_users 1 60.136962890625 0.0 112.488037109375 27.1591796875 63.889306640625 5
stats: connected 3 55
stats: tr_friends 2 182.3170166015625 109.3570556640625 291.674072265625 12.531005859375 46.564656575520836 6
stats: 404 24 80
stats: tr_browse_quizzes_page_1 5 59.3736328125 34.75400991891922 987.63916015625 25.571044921875 80.29417419433594 48
stats: tr_play_game__1st_question 4 10.656982421875 6.468344788598524 763.97607421875 6.014892578125 31.612282986111115 45
stats: tr_play_game__answer_to_question 6 11.013264973958334 7.3844467341305196 196.0439453125 5.263916015625 19.78336181640625 40
stats: tr_index 4 47.7689208984375 60.93660407080191 152.489013671875 5.51806640625 19.515600087691325 49
stats: tr_quizzes_page_INDEX 1 8.365966796875 0.0 198.949951171875 8.365966796875 31.955677379261363 11
stats: tr_quiz_questions_SHOW 24 58.886861165364586 101.52404783536632 521.533935546875 7.950927734375 20.953922816685267 56
# stats: dump at 1449357033
stats: users 57 64
stats: {recvpackets,"tsung_controller@ip-172-30-3-224"} 1 910.0 0.0 953 48 513.8571428571429 7
stats: {sentpackets,"tsung_controller@ip-172-30-3-224"} 1 839.0 0.0 857 50 494.57142857142856 7
stats: {cpu,"tsung_controller@ip-172-30-3-224"} 1 2.753195673549656 0.0 10.27474286464789 1.5763546798029555 3.263937069579037 8
stats: {load,"tsung_controller@ip-172-30-3-224"} 1 0.0 0.0 0.0 0.0 0.0 8
stats: {freemem,"tsung_controller@ip-172-30-3-224"} 1 3163.4375 0.0 3172.43359375 3163.4375 3168.375 8
stats: session 15 37906.51186523437 10742.718200803833 71003.93701171875 9107.528076171875 36605.277135512406 34
stats: users_count 16 106
stats: finish_users_count 15 49
stats: request 215 87.88354719295059 233.70111379059782 2233.550048828125 4.2490234375 38.849546514005745 936
stats: connect 17 2.879049862132353 2.838433704704881 103.6337890625 0.528076171875 2.741869294241573 89
stats: page 182 103.83713271591692 256.8222746866253 2233.550048828125 5.22412109375 44.690653133158015 814
stats: tr_play_game__ready_page 5 14.17119140625 9.838014923394972 189.678955078125 5.992919921875 16.831404143688726 51
stats: 302 10 34
stats: tr_question_new_POST 16 25.868682861328125 27.430641718606847 497.090087890625 4.33984375 20.730596923828124 80
stats: 200 189 1021
stats: tr_quiz_new_POST 2 15.738037109375 3.740966796875 196.83203125 11.777099609375 43.5458740234375 10
stats: size_rcv 579334 3026998
stats: tr_play_game__leaderboard 10 51.614501953125 62.073571525081626 203.9599609375 6.184814453125 20.137974330357142 21
stats: newphase 0 2
stats: tr_friend_requests 3 167.4990234375 187.54754637291052 431.234130859375 7.256103515625 26.69833096590909 11
stats: size_sent 160850 835591
stats: tr_search_all_users 3 119.28971354166667 92.85377203566698 246.55908203125 27.1591796875 63.263916015625 6
stats: connected 2 57
stats: tr_friends 5 47.63564453125 39.786690536256216 291.674072265625 12.531005859375 80.50274658203125 8
stats: 404 16 96
stats: tr_browse_quizzes_page_1 9 111.52530924479166 123.46132952549506 987.63916015625 25.571044921875 78.32053821491745 53
stats: tr_play_game__1st_question 5 13.864404296875 7.734905695731805 763.97607421875 6.014892578125 29.901646205357146 49
stats: tr_play_game__answer_to_question 5 48.03623046875 52.39238314856435 196.0439453125 5.263916015625 18.639436141304348 46
stats: tr_index 9 30.192979600694443 22.257678043636165 152.489013671875 5.51806640625 21.647926186615567 53
stats: tr_quizzes_page_INDEX 6 195.815673828125 227.07083913673236 544.77294921875 8.365966796875 29.9898681640625 12
stats: tr_quiz_questions_SHOW 16 54.67280578613281 82.02160091649475 521.533935546875 7.950927734375 32.333804321289065 80
# stats: dump at 1449357043
stats: users 69 71
stats: {recvpackets,"tsung_controller@ip-172-30-3-224"} 1 1169.0 0.0 1169 48 563.375 8
stats: {sentpackets,"tsung_controller@ip-172-30-3-224"} 1 998.0 0.0 998 50 537.625 8
stats: {cpu,"tsung_controller@ip-172-30-3-224"} 1 3.149606299212598 0.0 10.27474286464789 1.5763546798029555 3.2071880255757725 9
stats: {load,"tsung_controller@ip-172-30-3-224"} 1 0.0 0.0 0.0 0.0 0.0 9
stats: {freemem,"tsung_controller@ip-172-30-3-224"} 1 3163.203125 0.0 3172.43359375 3163.203125 3167.8263888888887 9
stats: session 13 42446.903395432695 18986.774454603114 78090.68920898438 9107.528076171875 37003.6142976722 49
stats: users_count 25 131
stats: finish_users_count 13 62
stats: request 177 28.39283330022951 41.45454195769282 2233.550048828125 4.2490234375 48.008808152557556 1151
stats: connect 24 2.0707499186197915 2.70480130150976 103.6337890625 0.528076171875 2.7638699513561322 106
stats: page 160 31.419314575195312 45.484166755751474 2233.550048828125 5.22412109375 55.49854398060994 996
stats: tr_play_game__ready_page 8 17.44171142578125 16.079518217844885 189.678955078125 5.989013671875 16.593885149274552 56
stats: 302 6 40
stats: tr_question_new_POST 8 14.476470947265625 11.628019160620628 497.090087890625 4.33984375 21.586944580078125 96
stats: 200 163 1184
stats: tr_quiz_new_POST 1 24.15185546875 0.0 196.83203125 11.777099609375 38.911234537760414 12
stats: size_rcv 456043 3483041
stats: tr_play_game__leaderboard 8 14.839019775390625 12.141379640351058 203.9599609375 6.184814453125 30.291692918346776 31
stats: newphase 1 3
stats: tr_friend_requests 4 35.24652099609375 29.831449219209595 431.234130859375 7.256103515625 56.869907924107146 14
stats: size_sent 121456 957047
stats: tr_search_all_users 4 63.75628662109375 34.91168022238787 246.55908203125 27.1591796875 81.93918185763889 9
stats: connected 13 70
stats: tr_friends 2 69.787109375 45.1259765625 291.674072265625 12.531005859375 67.86155348557692 13
stats: 404 8 104
stats: tr_browse_quizzes_page_1 7 45.34326171875 12.750367306245693 987.63916015625 25.571044921875 83.14058562247983 62
stats: tr_play_game__1st_question 10 16.831884765625 10.948971332281873 763.97607421875 6.014892578125 28.41671639901621 54
stats: tr_play_game__answer_to_question 7 21.478690011160715 13.512170882112107 196.0439453125 5.263916015625 21.521474800857842 51
stats: tr_index 11 17.779607599431817 13.854277841431697 152.489013671875 5.51806640625 22.888337166078628 62
stats: tr_quizzes_page_INDEX 1 86.197021484375 0.0 544.77294921875 8.365966796875 85.26513671875 18
stats: tr_quiz_questions_SHOW 8 27.3338623046875 30.25408984818723 521.533935546875 7.950927734375 36.05697123209635 96
# stats: dump at 1449357053
stats: users 107 108
stats: {recvpackets,"tsung_controller@ip-172-30-3-224"} 1 996.0 0.0 1169 48 630.6666666666666 9
stats: {sentpackets,"tsung_controller@ip-172-30-3-224"} 1 949.0 0.0 998 50 588.7777777777778 9
stats: {cpu,"tsung_controller@ip-172-30-3-224"} 1 2.9585798816568047 0.0 10.27474286464789 1.5763546798029555 3.201429852939455 10
stats: {load,"tsung_controller@ip-172-30-3-224"} 1 0.078125 0.0 0.078125 0.0 0.0 10
stats: {freemem,"tsung_controller@ip-172-30-3-224"} 1 3163.1640625 0.0 3172.43359375 3163.1640625 3167.3640625 10
stats: session 14 34477.66878836496 13077.892618120075 78090.68920898438 9107.528076171875 38144.94910849295 62
stats: users_count 52 183
stats: finish_users_count 14 76
stats: request 323 43.71119449013158 67.82671657952487 2233.550048828125 4.2490234375 45.39432957660721 1328
stats: connect 53 2.0088765846108494 2.4114531618160773 103.6337890625 0.528076171875 2.6359093299278844 130
stats: page 282 50.08334805103058 78.47418879162844 2233.550048828125 5.22412109375 52.165778664981616 1156
stats: tr_play_game__ready_page 16 19.378036499023438 15.976059130866975 189.678955078125 5.989013671875 16.69986343383789 64
stats: 302 9 49
stats: tr_question_new_POST 24 26.9149169921875 42.65379702684512 497.090087890625 4.33984375 21.03998506986178 104
stats: 200 290 1474
stats: tr_quiz_new_POST 3 63.102783203125 42.82707266550955 196.83203125 11.1220703125 37.77589768629808 13
stats: size_rcv 969774 4452815
stats: tr_play_game__leaderboard 7 15.469029017857142 11.358189659039692 203.9599609375 6.184814453125 27.121913812099358 39
stats: newphase 0 3
stats: tr_friend_requests 3 12.942057291666666 7.220615779793373 431.234130859375 7.256103515625 52.06471082899306 18
stats: size_sent 212522 1169569
stats: tr_search_all_users 5 76.513232421875 65.53183840675307 246.55908203125 26.947021484375 76.34444486177884 13
stats: connected 37 107
stats: tr_friends 5 129.948974609375 129.66289414359065 382.656005859375 12.531005859375 68.11829427083333 15
stats: 404 24 128
stats: tr_browse_quizzes_page_1 28 83.2194301060268 61.99793881512557 987.63916015625 25.571044921875 79.3060745018116 69
stats: tr_play_game__1st_question 12 25.429097493489582 15.920676776052403 763.97607421875 6.014892578125 26.60658645629883 64
stats: tr_play_game__answer_to_question 9 21.781494140625 26.40549207548948 196.0439453125 5.263916015625 21.51631111934267 58
stats: tr_index 32 18.646583557128906 16.06559637794459 152.489013671875 5.51806640625 22.118528601241437 73
stats: tr_quizzes_page_INDEX 4 57.0997314453125 38.801437512747434 544.77294921875 8.365966796875 85.31418328536184 19
stats: tr_quiz_questions_SHOW 24 44.190826416015625 47.19331566169353 521.533935546875 7.950927734375 35.3859628530649 104
# stats: dump at 1449357063
stats: users 122 124
stats: {recvpackets,"tsung_controller@ip-172-30-3-224"} 1 1771.0 0.0 1771 48 667.2 10
stats: {sentpackets,"tsung_controller@ip-172-30-3-224"} 1 1642.0 0.0 1642 50 624.8 10
stats: {cpu,"tsung_controller@ip-172-30-3-224"} 1 4.6966731898238745 0.0 10.27474286464789 1.5763546798029555 3.1793525828228506 11
stats: {load,"tsung_controller@ip-172-30-3-224"} 1 0.05859375 0.0 0.078125 0.0 0.007102272727272727 11
stats: {freemem,"tsung_controller@ip-172-30-3-224"} 1 3160.1796875 0.0 3172.43359375 3160.1796875 3166.982244318182 11
stats: session 20 39465.37368164062 19772.526981087343 78090.68920898438 9107.528076171875 37469.39747057463 76
stats: users_count 35 218
stats: finish_users_count 20 96
stats: request 349 83.2725700662607 154.54017781262675 2233.550048828125 4.2490234375 45.0650427002101 1651
stats: connect 34 2.508990119485294 3.071374307030394 103.6337890625 0.528076171875 2.4543096823770494 183
stats: page 304 95.6167136744449 172.10846650144993 2233.550048828125 5.22412109375 51.757402146807635 1438
stats: tr_play_game__ready_page 26 45.48880709134615 52.70086056504257 242.323974609375 5.989013671875 17.235498046875 80
stats: 302 12 61
stats: tr_question_new_POST 24 27.379923502604168 50.891681417863154 497.090087890625 4.33984375 22.14153480529785 128
stats: 200 313 1787
stats: tr_quiz_new_POST 3 37.129964192708336 10.144602197604566 196.83203125 11.1220703125 42.524688720703125 16
stats: size_rcv 966245 5419060
stats: tr_play_game__leaderboard 7 66.38030133928571 118.3821151766169 354.4970703125 6.184814453125 25.348648734714676 46
stats: newphase 0 3
stats: tr_friend_requests 7 25.707868303571427 25.36268254314149 431.234130859375 7.256103515625 46.475760323660715 21
stats: size_sent 247260 1416829
stats: tr_search_all_users 7 210.9716796875 136.69792438427092 396.35302734375 26.6328125 76.39133029513889 18
stats: connected 15 122
stats: tr_friends 6 59.448893229166664 45.57363480051164 382.656005859375 12.531005859375 83.57596435546876 20
stats: 404 24 152
stats: tr_browse_quizzes_page_1 18 122.46884494357639 73.30919533213778 987.63916015625 25.571044921875 80.4357029236469 97
stats: tr_play_game__1st_question 25 52.36681640625 69.78461720305116 763.97607421875 6.014892578125 26.420667146381582 76
stats: tr_play_game__answer_to_question 18 83.82124837239583 87.38099603817464 267.441162109375 5.263916015625 21.551932719216417 67
stats: tr_index 12 24.12286376953125 33.60493765849242 152.489013671875 5.51806640625 21.060412016369046 105
stats: tr_quizzes_page_INDEX 4 157.2484130859375 175.92180311370262 544.77294921875 8.365966796875 80.40732209578803 23
stats: tr_quiz_questions_SHOW 24 59.16978963216146 78.95229404933025 521.533935546875 7.950927734375 37.036874771118164 128
# stats: dump at 1449357073
stats: users 162 162
stats: {recvpackets,"tsung_controller@ip-172-30-3-224"} 1 1971.0 0.0 1971 48 767.5454545454545 11
stats: {sentpackets,"tsung_controller@ip-172-30-3-224"} 1 1758.0 0.0 1758 50 717.2727272727273 11
stats: {cpu,"tsung_controller@ip-172-30-3-224"} 1 4.52755905511811 0.0 10.27474286464789 1.5763546798029555 3.3057959667396024 12
stats: {load,"tsung_controller@ip-172-30-3-224"} 1 0.05078125 0.0 0.078125 0.0 0.011393229166666666 12
stats: {freemem,"tsung_controller@ip-172-30-3-224"} 1 3158.88671875 0.0 3172.43359375 3158.88671875 3166.4153645833335 12
stats: session 9 40106.628933376734 23221.079748621087 92490.71118164063 9107.528076171875 37885.22584788004 96
stats: users_count 49 267
stats: finish_users_count 9 105
stats: request 403 209.88967448724415 230.9659136043344 2233.550048828125 4.2490234375 51.73225622558593 2000
stats: connect 50 2.471015625 3.0861617790674867 103.6337890625 0.52197265625 2.462877124135945 217
stats: page 342 240.45053939373167 278.8808538743642 2233.550048828125 5.22412109375 59.411380737164535 1742
stats: tr_play_game__ready_page 15 176.07281901041668 131.20531636927367 437.011962890625 5.989013671875 24.16555498231132 106
stats: 302 18 79
stats: tr_question_new_POST 34 101.01997644761029 79.63168611869665 497.090087890625 4.33984375 22.96864881013569 152
stats: 200 352 2139
stats: tr_quiz_new_POST 5 285.904150390625 149.1508654639806 459.60693359375 11.1220703125 41.67289011101974 19
stats: size_rcv 1038142 6457202
stats: tr_play_game__leaderboard 4 134.23944091796875 90.49471003251773 354.4970703125 6.184814453125 30.76792360701651 53
stats: newphase 1 4
stats: tr_friend_requests 7 164.31961495535714 119.1596768564084 431.234130859375 7.256103515625 41.283787318638396 28
stats: size_sent 296529 1713358
stats: tr_search_all_users 3 497.8487141927083 104.6867423491003 639.76904296875 26.6328125 114.073828125 25
stats: connected 40 162
stats: tr_friends 4 303.57379150390625 174.54419465973024 498.06005859375 12.531005859375 78.0081787109375 26
stats: 404 34 186
stats: tr_browse_quizzes_page_1 16 278.2812194824219 148.11065992146177 987.63916015625 25.571044921875 87.01480341372283 115
stats: tr_play_game__1st_question 17 144.45774931066177 128.4820460742564 763.97607421875 6.014892578125 32.842981319616335 101
stats: tr_play_game__answer_to_question 15 147.85537109375 168.65538249630694 559.879150390625 5.263916015625 34.73837603400735 85
stats: tr_index 24 199.59086100260416 127.37842078753663 486.017822265625 5.51806640625 21.37450963207799 117
stats: tr_quizzes_page_INDEX 9 291.2831217447917 122.8404277787455 544.77294921875 8.365966796875 91.79118742766204 27
stats: tr_quiz_questions_SHOW 34 122.62118709788604 79.72802851106118 521.533935546875 7.950927734375 40.531545538651315 152
# stats: dump at 1449357083
stats: users 239 240
stats: {recvpackets,"tsung_controller@ip-172-30-3-224"} 1 2263.0 0.0 2263 48 867.8333333333334 12
stats: {sentpackets,"tsung_controller@ip-172-30-3-224"} 1 1871.0 0.0 1871 50 804.0 12
stats: {cpu,"tsung_controller@ip-172-30-3-224"} 1 5.20117762512267 0.0 10.27474286464789 1.5763546798029555 3.399777742768719 13
stats: {load,"tsung_controller@ip-172-30-3-224"} 1 0.05078125 0.0 0.078125 0.0 0.014423076923076924 13
stats: {freemem,"tsung_controller@ip-172-30-3-224"} 1 3154.3203125 0.0 3172.43359375 3154.3203125 3165.836237980769 13
stats: session 11 43137.62389026989 14955.048411064818 92490.71118164063 9107.528076171875 38075.631826636905 105
stats: users_count 88 355
stats: finish_users_count 11 116
stats: request 394 1023.875260251428 489.17687310522456 2501.468017578125 4.2490234375 78.25636756950946 2403
stats: connect 88 3.148223876953125 3.1752376067220527 103.6337890625 0.52197265625 2.4644011879681647 267
stats: page 351 1107.8624069344273 626.8853213794189 3982.931884765625 5.22412109375 89.12126186026721 2084
stats: tr_play_game__ready_page 20 905.6532592773438 412.7712622579181 1508.491943359375 5.989013671875 42.99703399405992 121
stats: 302 22 101
stats: tr_question_new_POST 10 860.259033203125 429.82820806211635 1493.699951171875 4.33984375 37.23609579763105 186
stats: 200 363 2502
stats: tr_quiz_new_POST 6 1104.6456705729167 414.1667744631838 1792.5380859375 11.1220703125 92.55440266927083 24
stats: size_rcv 1049787 7506989
stats: tr_play_game__leaderboard 11 1018.6270197088069 498.31396501160015 1739.7939453125 6.184814453125 38.02908271655702 57
stats: newphase 0 4
stats: tr_friend_requests 8 887.2934875488281 492.64105331938384 1759.23291015625 7.256103515625 65.89095284598214 35
stats: size_sent 282021 1995379
stats: tr_search_all_users 3 1146.4007161458333 306.04640615810615 1477.857177734375 26.6328125 155.19256591796875 28
stats: connected 77 239
stats: tr_friends 6 939.9678955078125 528.184953327228 1797.3671875 12.531005859375 108.08359375 30
stats: 404 10 196
stats: tr_browse_quizzes_page_1 34 1051.957182042739 443.59982785812497 1741.8359375 25.571044921875 110.37558705570133 131
stats: tr_play_game__1st_question 14 988.0532749720982 435.63876163427346 1731.550048828125 6.014892578125 48.92307501324152 118
stats: tr_play_game__answer_to_question 16 834.8136596679688 445.0704379717218 1383.823974609375 5.263916015625 51.70592529296875 100
stats: tr_index 36 991.4090915256077 473.4876029168261 1598.27294921875 5.51806640625 51.709207737699465 141
stats: tr_quizzes_page_INDEX 7 1159.909144810268 367.4336218439683 1554.109130859375 8.365966796875 141.66417100694446 36
stats: tr_quiz_questions_SHOW 8 948.2200012207031 531.6626411519277 1843.9228515625 7.950927734375 55.537178941952284 186
# stats: dump at 1449357093
stats: users 308 310
stats: {recvpackets,"tsung_controller@ip-172-30-3-224"} 1 2432.0 0.0 2432 48 975.1538461538462 13
stats: {sentpackets,"tsung_controller@ip-172-30-3-224"} 1 2240.0 0.0 2240 50 886.0769230769231 13
stats: {cpu,"tsung_controller@ip-172-30-3-224"} 1 6.341463414634147 0.0 10.27474286464789 1.5763546798029555 3.528449162936858 14
stats: {load,"tsung_controller@ip-172-30-3-224"} 1 0.0390625 0.0 0.078125 0.0 0.017020089285714284 14
stats: {freemem,"tsung_controller@ip-172-30-3-224"} 1 3145.93359375 0.0 3172.43359375 3145.93359375 3165.013671875 14
stats: session 18 43601.6543375651 10847.924645266505 92490.71118164063 9107.528076171875 38555.64831542969 116
stats: users_count 87 442
stats: finish_users_count 18 134
stats: request 547 1574.0616716179165 992.2137375951149 4097.052001953125 0.06787109375 211.4611740466907 2797
stats: connect 95 2.4923930921052637 3.0448652262644016 103.6337890625 0.51806640625 2.633912164392606 355
stats: page 483 1745.32715551404 1201.5418465467105 5602.310791015625 0.612060546875 235.97060145822618 2435
stats: tr_play_game__ready_page 35 1547.2044642857143 1061.1200098752156 3133.56005859375 0.712158203125 165.359619140625 141
stats: 302 19 120
stats: tr_question_new_POST 22 1396.417469371449 1040.8479414491583 3024.943115234375 0.737060546875 79.2270619917889 196
stats: 200 383 2885
stats: tr_quiz_new_POST 9 1721.4187825520833 789.1453017051881 3069.718994140625 4.4208984375 294.97265625 30
stats: size_rcv 1149585 8656574
stats: tr_play_game__leaderboard 10 1918.4828125 821.4838699301843 2904.83203125 0.720947265625 196.65521958295037 68
stats: newphase 0 4
stats: tr_friend_requests 12 1282.072021484375 1144.6390894669119 2875.494140625 0.73193359375 218.71002906976744 43
stats: size_sent 371419 2366798
stats: tr_search_all_users 8 1477.2566528320313 966.6659525693797 2985.40478515625 0.777099609375 251.11593529485887 31
stats: connected 69 308
stats: tr_friends 6 1340.0867919921875 1054.9614684900448 2996.56201171875 0.71484375 246.7309773763021 36
stats: 503 119 119
stats: tr_browse_quizzes_page_1 35 1609.8025460379465 974.9336630952572 3345.465087890625 0.672119140625 304.3984611742424 165
stats: 404 15 211
stats: tr_play_game__1st_question 30 1644.4302408854167 887.6134599501315 3067.49609375 1.05908203125 148.52779319069603 132
stats: 500 2 2
stats: tr_play_game__answer_to_question 20 1942.2006958007812 870.3130901671911 3025.356201171875 0.84912109375 159.72078520676186 116
stats: tr_index 35 1614.7730957031247 899.9723282893098 3116.024169921875 1.315185546875 242.83460783015536 177
stats: tr_quizzes_page_INDEX 9 1318.1964789496528 970.9357387087736 2410.262939453125 0.737060546875 307.4249806958576 43
stats: tr_quiz_questions_SHOW 20 1341.7305908203125 1073.546849000949 3040.219970703125 0.1240234375 92.34884171633377 194
# stats: dump at 1449357103
stats: users 381 381
stats: {recvpackets,"tsung_controller@ip-172-30-3-224"} 1 2666.0 0.0 2666 48 1079.2142857142858 14
stats: {sentpackets,"tsung_controller@ip-172-30-3-224"} 1 2499.0 0.0 2499 50 982.7857142857143 14
stats: {cpu,"tsung_controller@ip-172-30-3-224"} 1 7.421875 0.0 10.27474286464789 1.5763546798029555 3.7159834463833437 15
stats: {load,"tsung_controller@ip-172-30-3-224"} 1 0.109375 0.0 0.109375 0.0 0.018489583333333334 15
stats: {freemem,"tsung_controller@ip-172-30-3-224"} 1 3140.20703125 0.0 3172.43359375 3140.20703125 3163.741666666667 15
stats: session 22 49338.881103515625 14547.449857686612 92490.71118164063 9107.528076171875 39233.47001989564 134
stats: users_count 95 537
stats: finish_users_count 22 156
stats: request 771 1361.7871758724439 1254.869099716933 4097.052001953125 0.06689453125 434.3506693132758 3344
stats: connect 119 3.1633013556985294 3.882989246327458 103.6337890625 0.4951171875 2.6040359157986113 450
stats: page 663 1585.2403503694145 1621.146400306542 6533.116943359375 0.591064453125 485.805836416745 2918
stats: tr_play_game__ready_page 43 1377.3785201671512 1229.372109865472 3133.56005859375 0.66015625 440.15830993652344 176
stats: 302 38 158
stats: tr_question_new_POST 46 1038.6633778447692 1189.390454789997 3024.943115234375 0.682861328125 212.15453429615826 218
stats: 200 340 3225
stats: tr_quiz_new_POST 5 1419.161962890625 1153.3463122720727 3069.718994140625 4.4208984375 624.1525315504807 39
stats: size_rcv 1183312 9839886
stats: tr_play_game__leaderboard 10 1711.856591796875 1130.1313365403328 2904.83203125 0.705810546875 417.402346880008 78
stats: newphase 1 5
stats: tr_friend_requests 16 1356.0995330810547 1199.849720240753 2875.494140625 0.73193359375 450.71628196022726 55
stats: 422 9 9
stats: tr_search_all_users 5 1517.7599609375 1250.0500202888745 2985.40478515625 0.777099609375 502.6319799178686 39
stats: size_sent 489349 2856147
stats: tr_friends 12 1705.7946370442708 1220.7102798892279 2996.56201171875 0.71484375 402.92466517857144 42
stats: connected 71 379
stats: tr_browse_quizzes_page_1 44 1345.991693670099 1292.6878804480887 3345.465087890625 0.653076171875 532.8441760253907 200
stats: 503 321 440
stats: tr_play_game__1st_question 44 1348.3340953480117 1181.6154338940482 3067.49609375 0.68896484375 425.54676498601464 162
stats: 404 19 230
stats: tr_play_game__answer_to_question 37 1364.254321948902 1204.8773573866893 3025.356201171875 0.68212890625 421.8501838235294 136
stats: 500 15 17
stats: tr_index 40 1409.745361328125 1276.9044266562896 3116.024169921875 1.2421875 469.33388648842856 212
stats: tr_quizzes_page_INDEX 22 949.9494517933239 1150.758570890897 2691.880859375 0.693115234375 482.36620154747595 52
stats: tr_quiz_questions_SHOW 44 941.4329501065341 1200.010354366475 3040.219970703125 0.120849609375 209.11349116530374 214
# stats: dump at 1449357113
stats: users 495 495
stats: {recvpackets,"tsung_controller@ip-172-30-3-224"} 1 3113.0 0.0 3113 48 1185.0 15
stats: {sentpackets,"tsung_controller@ip-172-30-3-224"} 1 3030.0 0.0 3030 50 1083.8666666666666 15
stats: {cpu,"tsung_controller@ip-172-30-3-224"} 1 8.423114593535749 0.0 10.27474286464789 1.5763546798029555 3.947601668484385 16
stats: {load,"tsung_controller@ip-172-30-3-224"} 1 0.08984375 0.0 0.109375 0.0 0.024169921875 16
stats: {freemem,"tsung_controller@ip-172-30-3-224"} 1 3135.875 0.0 3172.43359375 3135.875 3162.270751953125 16
stats: session 34 48556.38567038143 15191.136764566214 92490.71118164063 9107.528076171875 40658.592095790766 156
stats: users_count 148 685
stats: finish_users_count 34 190
stats: request 1174 936.150223636139 1081.3909487394803 4097.052001953125 0.06689453125 608.1182383429522 4115
stats: connect 189 3.1099343274636237 3.4844081764486665 103.6337890625 0.48291015625 2.7210000411906856 569
stats: page 1018 1078.7645071812842 1338.202341842785 6533.116943359375 0.55419921875 689.3593362074795 3581
stats: tr_play_game__ready_page 47 994.3282288896277 1066.2705484229957 3133.56005859375 0.66015625 624.1787165114869 219
stats: 302 55 213
stats: tr_question_new_POST 75 615.2348990885419 929.5654253282033 3024.943115234375 0.657958984375 356.16743885387075 264
stats: 200 374 3599
stats: tr_quiz_new_POST 12 1387.7030029296875 1001.1331994430976 3069.718994140625 0.9169921875 714.494512384588 44
stats: size_rcv 1436754 11276640
stats: tr_play_game__leaderboard 18 1207.5767550998264 1078.5224410515598 2904.83203125 0.68701171875 564.4994201660156 88
stats: newphase 0 5
stats: tr_friend_requests 24 621.0540364583334 970.8061019482826 2875.494140625 0.65087890625 654.7463103818221 71
stats: 422 25 34
stats: tr_search_all_users 16 617.7882080078125 1053.4302773475729 2985.40478515625 0.777099609375 617.9874323064631 44
stats: size_sent 704662 3560809
stats: tr_friends 14 1294.1062534877233 1115.4854943005444 2996.56201171875 0.708984375 692.4513255931713 54
stats: connected 115 494
stats: tr_browse_quizzes_page_1 58 818.3155222925647 1073.310514423679 3345.465087890625 0.653076171875 679.4773349449283 244
stats: 503 620 1060
stats: tr_play_game__1st_question 52 794.526869553786 1010.4101133878105 3067.49609375 0.6279296875 622.6469714711014 206
stats: 404 18 248
stats: tr_play_game__answer_to_question 53 827.912026459316 1017.0893735945317 3025.356201171875 0.677978515625 623.4048260815571 173
stats: 500 38 55
stats: tr_index 69 961.0086086107337 1101.2554071409886 3116.024169921875 1.212158203125 618.6055491613963 252
stats: tr_quizzes_page_INDEX 22 1155.4814786044035 1168.485798147826 2691.880859375 0.66015625 621.3774381070524 74
stats: tr_quiz_questions_SHOW 73 663.0894959332192 980.8794883549047 3040.219970703125 0.120849609375 334.0051818374516 258
# stats: dump at 1449357123
stats: users 602 604
stats: {recvpackets,"tsung_controller@ip-172-30-3-224"} 1 4493.0 0.0 4493 48 1305.5 16
stats: {sentpackets,"tsung_controller@ip-172-30-3-224"} 1 4472.0 0.0 4472 50 1205.5 16
stats: {cpu,"tsung_controller@ip-172-30-3-224"} 1 11.27450980392157 0.0 11.27450980392157 1.5763546798029555 4.210867134663877 17
stats: {load,"tsung_controller@ip-172-30-3-224"} 1 0.078125 0.0 0.109375 0.0 0.02803308823529412 17
stats: {freemem,"tsung_controller@ip-172-30-3-224"} 1 3128.6328125 0.0 3172.43359375 3128.6328125 3160.718060661765 17
stats: session 58 50741.687643116915 17683.187248917973 100469.62084960938 9107.528076171875 42071.88147229647 190
stats: users_count 165 850
stats: finish_users_count 58 248
stats: request 1662 637.884754167137 944.2535802570765 4097.052001953125 0.055908203125 680.9315396729203 5289
stats: connect 277 2.7112962192576715 3.7174023697761793 103.6337890625 0.48291015625 2.817977059799637 758
stats: page 1384 770.5628406326199 1186.733985853443 6533.116943359375 0.55419921875 775.5551318263821 4599
stats: tr_play_game__ready_page 71 679.5191839513644 937.4160116390998 3133.56005859375 0.66015625 689.5810739617599 266
stats: 302 73 286
stats: tr_question_new_POST 162 448.6826789761767 822.1849020663032 3024.943115234375 0.657958984375 413.48324864030235 339
stats: 200 329 3928
stats: tr_quiz_new_POST 22 919.3579656427556 1006.6172732379239 3069.718994140625 0.89013671875 858.7534746442523 56
stats: size_rcv 1659990 12936630
stats: tr_play_game__leaderboard 27 739.2983579282408 954.0743432098601 2904.83203125 0.6689453125 673.7012317585495 106
stats: newphase 0 5
stats: tr_friend_requests 40 436.51624755859376 801.8008224860678 2875.494140625 0.65087890625 646.2345780222039 95
stats: 422 39 73
stats: tr_search_all_users 16 648.2942810058594 944.5259305400903 2985.40478515625 0.777099609375 617.9343058268229 60
stats: size_sent 1033014 4593823
stats: tr_friends 31 627.3978074596774 900.8189015547794 2996.56201171875 0.6669921875 816.3214578067555 68
stats: connected 110 604
stats: tr_browse_quizzes_page_1 77 910.5259898792614 1073.0684747060916 3345.465087890625 0.633056640625 706.1416225812293 302
stats: error_connection_closed 9 9
stats: tr_play_game__1st_question 63 663.8954148065475 927.3525559949649 3067.49609375 0.6279296875 657.289431549782 258
stats: 503 1028 2088
stats: tr_play_game__answer_to_question 50 756.95892578125 957.4497248905966 3025.356201171875 0.656982421875 671.3644792674917 226
stats: 404 16 264
stats: tr_index 78 717.0980600210338 971.7522385424586 3116.024169921875 1.212158203125 692.2062068000389 321
stats: 500 61 116
stats: tr_quizzes_page_INDEX 25 550.69966796875 879.6654550021424 2691.880859375 0.66015625 743.7762807210287 96
stats: tr_quiz_questions_SHOW 168 423.13934616815476 823.2898027521923 3040.219970703125 0.113037109375 406.58268917579306 331
# stats: dump at 1449357133
stats: users 739 740
stats: {recvpackets,"tsung_controller@ip-172-30-3-224"} 1 4980.0 0.0 4980 48 1493.0 17
stats: {sentpackets,"tsung_controller@ip-172-30-3-224"} 1 5090.0 0.0 5090 50 1397.6470588235295 17
stats: {cpu,"tsung_controller@ip-172-30-3-224"} 1 13.746369796708615 0.0 13.746369796708615 1.5763546798029555 4.603291727400415 18
stats: {load,"tsung_controller@ip-172-30-3-224"} 1 0.140625 0.0 0.140625 0.0 0.030815972222222224 18
stats: {freemem,"tsung_controller@ip-172-30-3-224"} 1 3126.00390625 0.0 3172.43359375 3126.00390625 3158.935546875 18
stats: session 78 48190.43904935396 19303.57353360487 114020.4150390625 9107.528076171875 44099.497431601245 248
stats: users_count 215 1065
stats: finish_users_count 78 326
stats: request 1902 567.6527355045679 845.1664509800638 4097.052001953125 0.055908203125 670.6389547915203 6951
stats: connect 309 2.736856701304612 3.4236894759845935 103.6337890625 0.464111328125 2.789425762379227 1035
stats: page 1597 679.230663206402 1031.7681939251636 6533.116943359375 0.55419921875 774.4003046473471 5983
stats: tr_play_game__ready_page 79 548.1026472260679 849.139647804097 3133.56005859375 0.614013671875 687.4612098942879 337
stats: 302 94 380
stats: tr_question_new_POST 164 516.5994694407398 802.0368205618415 3024.943115234375 0.657958984375 424.8651003656749 501
stats: 200 342 4270
stats: tr_quiz_new_POST 17 613.0862965303309 827.7959415440321 3069.718994140625 0.881103515625 875.8470490284456 78
stats: size_rcv 1855937 14792567
stats: tr_play_game__leaderboard 40 494.51063232421865 799.1028785713561 2904.83203125 0.6689453125 687.0179415824718 133
stats: newphase 1 6
stats: tr_friend_requests 49 604.8459024234694 824.6627017603953 2875.494140625 0.65087890625 584.0958134403935 135
stats: 422 42 115
stats: tr_search_all_users 33 827.8463171756629 905.6214426334587 2985.40478515625 0.69921875 624.3258795487253 76
stats: size_sent 1094741 5688564
stats: tr_friends 45 425.7817654079862 739.1123573459165 2996.56201171875 0.619873046875 757.1635470920139 99
stats: connected 135 739
stats: tr_browse_quizzes_page_1 93 593.5512406544019 898.114398407901 3345.465087890625 0.633056640625 747.6656233251566 379
stats: error_connection_closed 10 19
stats: tr_play_game__1st_question 74 462.92253483952715 785.5936757813968 3067.49609375 0.6279296875 658.5859329366239 321
stats: 503 1214 3302
stats: tr_play_game__answer_to_question 68 629.284086339614 844.5587990924545 3025.356201171875 0.656982421875 686.8707195779551 276
stats: 404 28 292
stats: tr_index 114 510.7519745408441 801.9959416183443 3116.024169921875 1.2109375 697.0722833695567 399
stats: 500 84 200
stats: tr_quizzes_page_INDEX 29 375.95931270204744 723.5995552731396 2691.880859375 0.634033203125 703.8844185821281 121
stats: tr_quiz_questions_SHOW 159 357.9107965433373 727.1070145478849 3040.219970703125 0.113037109375 412.1568742954659 499
# stats: dump at 1449357143
stats: users 927 927
stats: {recvpackets,"tsung_controller@ip-172-30-3-224"} 1 5727.0 0.0 5727 48 1686.7222222222222 18
stats: {sentpackets,"tsung_controller@ip-172-30-3-224"} 1 6258.0 0.0 6258 50 1602.7777777777778 18
stats: {cpu,"tsung_controller@ip-172-30-3-224"} 1 17.97323135755258 0.0 17.97323135755258 1.5763546798029555 5.084506362627163 19
stats: {load,"tsung_controller@ip-172-30-3-224"} 1 0.12109375 0.0 0.140625 0.0 0.036595394736842105 19
stats: {freemem,"tsung_controller@ip-172-30-3-224"} 1 3123.27734375 0.0 3172.43359375 3123.27734375 3157.2023026315787 19
stats: session 118 45745.03156241724 17409.274392769978 114020.4150390625 7257.5810546875 45078.31168370159 326
stats: users_count 306 1371
stats: finish_users_count 118 444
stats: request 2397 454.2050832176286 777.638604540185 4097.052001953125 0.055908203125 648.5131455648419 8853
stats: connect 407 3.015097128378377 3.5287457900608903 103.6337890625 0.463134765625 2.777339571998233 1344
stats: page 2065 537.2054292618805 929.821620125779 6533.116943359375 0.5068359375 754.3493920640767 7580
stats: tr_play_game__ready_page 119 477.9033674993436 781.1564950885349 3133.56005859375 0.587158203125 660.9964828491211 416
stats: 302 123 503
stats: tr_question_new_POST 170 334.97205164292285 694.3735883772622 3024.943115234375 0.657958984375 447.4883131902022 665
stats: 200 333 4603
stats: tr_quiz_new_POST 24 519.0286051432291 796.4183225597535 3069.718994140625 0.881103515625 828.8267038445724 95
stats: size_rcv 2017304 16809871
stats: tr_play_game__leaderboard 42 327.45497349330356 699.0096447217045 2904.83203125 0.6689453125 642.5075810603323 173
stats: newphase 0 6
stats: tr_friend_requests 56 467.52737862723217 766.7478777228075 2875.494140625 0.64697265625 589.6216523543648 184
stats: 422 45 160
stats: tr_search_all_users 51 558.2799814261642 794.9218555684859 2985.40478515625 0.625 685.9421588302753 109
stats: size_sent 1258516 6947080
stats: tr_friends 40 404.43206787109375 734.7292654985484 2996.56201171875 0.619873046875 653.6067403157552 144
stats: connected 175 914
stats: tr_browse_quizzes_page_1 150 441.01796061197916 805.9659150320801 3345.465087890625 0.614013671875 717.2998657226563 472
stats: error_connection_closed 6 25
stats: tr_play_game__1st_question 112 413.0712454659598 728.9960583741248 3067.49609375 0.6201171875 621.9300051918513 395
stats: 503 1667 4969
stats: tr_play_game__answer_to_question 84 416.912603469122 742.0541106133933 3025.356201171875 0.636962890625 675.4873153331667 344
stats: 404 10 302
stats: tr_index 148 625.9731544288428 838.6849943700926 3116.024169921875 1.196044921875 655.6677702965095 513
stats: 500 108 308
stats: tr_quizzes_page_INDEX 32 443.23831939697266 762.8233789866383 2691.880859375 0.634033203125 640.4855647786459 150
stats: tr_quiz_questions_SHOW 176 295.08423961292624 664.7100357178664 3040.219970703125 0.113037109375 399.0487795194956 658
# stats: dump at 1449357153
stats: users 1163 1163
stats: {recvpackets,"tsung_controller@ip-172-30-3-224"} 1 6497.0 0.0 6497 48 1899.3684210526317 19
stats: {sentpackets,"tsung_controller@ip-172-30-3-224"} 1 7265.0 0.0 7265 50 1847.7894736842106 19
stats: {cpu,"tsung_controller@ip-172-30-3-224"} 1 21.895734597156398 0.0 21.895734597156398 1.5763546798029555 5.728942612373434 20
stats: {load,"tsung_controller@ip-172-30-3-224"} 1 0.1796875 0.0 0.1796875 0.0 0.0408203125 20
stats: {freemem,"tsung_controller@ip-172-30-3-224"} 1 3115.60546875 0.0 3172.43359375 3115.60546875 3155.5060546874997 20
stats: session 104 46974.00396493765 17730.855873982124 114020.4150390625 7257.5810546875 45255.503002819714 444
stats: users_count 340 1711
stats: finish_users_count 104 548
stats: request 2229 718.6268178564172 1130.500130739446 6415.77294921875 0.055908203125 607.1125744140624 11250
stats: connect 311 86.56213575160768 415.92041116150347 3006.623779296875 0.463134765625 2.832603607090591 1751
stats: page 1928 824.4736786521809 1242.4016419829916 8220.910888671875 0.501953125 707.8587458031607 9645
stats: tr_play_game__ready_page 123 563.2417627350103 858.272513288774 4772.819091796875 0.587158203125 620.2710983133761 535
stats: 302 145 648
stats: tr_question_new_POST 113 517.7259683524613 731.7745814332634 3024.943115234375 0.657958984375 424.5808108392591 835
stats: 200 265 4868
stats: tr_quiz_new_POST 27 294.8234411168982 587.4265929829417 3069.718994140625 0.867919921875 766.3464150308561 119
stats: size_rcv 1898263 18708134
stats: tr_play_game__leaderboard 55 545.5169211647727 741.4335850967408 2904.83203125 0.6689453125 580.9624205123546 215
stats: newphase 0 6
stats: tr_friend_requests 50 301.6314843749999 589.5608141418907 2875.494140625 0.64599609375 561.1329884847005 240
stats: 422 61 221
stats: tr_search_all_users 49 427.9255620216837 703.6478379484427 2985.40478515625 0.625 645.2498397827148 160
stats: size_sent 1122142 8069222
stats: tr_friends 53 492.026611328125 795.7849030332505 3216.364990234375 0.619873046875 599.4383332625679 184
stats: connected 111 1025
stats: tr_browse_quizzes_page_1 94 619.644731237533 832.2019143711087 3345.465087890625 0.614013671875 650.6723966445187 622
stats: error_connection_closed 10 35
stats: tr_play_game__1st_question 119 456.66424509256825 711.657362108839 3067.49609375 0.587890625 575.7915809526011 507
stats: 503 1506 6475
stats: tr_play_game__answer_to_question 105 517.3880580357145 869.1741209181445 5272.39990234375 0.636962890625 624.7390073972327 428
stats: 404 5 307
stats: tr_index 77 2926.21513227983 1699.1328496073636 5715.43701171875 1.196044921875 649.0190514638095 661
stats: 500 217 525
stats: tr_quizzes_page_INDEX 43 398.9538971656975 666.3566200729871 2691.880859375 0.634033203125 605.8047304258242 182
stats: tr_quiz_questions_SHOW 105 631.2626418340772 1005.3447746592683 5601.35595703125 0.113037109375 377.109020498445 834
# stats: dump at 1449357163
stats: users 1232 1282
stats: {recvpackets,"tsung_controller@ip-172-30-3-224"} 1 6179.0 0.0 6497 48 2129.25 20
stats: {sentpackets,"tsung_controller@ip-172-30-3-224"} 1 7185.0 0.0 7265 50 2118.65 20
stats: {cpu,"tsung_controller@ip-172-30-3-224"} 1 21.339712918660286 0.0 21.895734597156398 1.5763546798029555 6.498789849744051 21
stats: {load,"tsung_controller@ip-172-30-3-224"} 1 0.16015625 0.0 0.1796875 0.0 0.04743303571428571 21
stats: {freemem,"tsung_controller@ip-172-30-3-224"} 1 3109.14453125 0.0 3172.43359375 3109.14453125 3153.606026785714 21
stats: session 128 44411.98672485351 16757.885442980034 114020.4150390625 7257.5810546875 45581.64187154282 548
stats: users_count 197 1908
stats: finish_users_count 128 676
stats: request 2417 1087.235423481455 1956.0621619237138 12613.905029296875 0.055908203125 625.5535009392504 13479
stats: connect 240 2054.920832316081 2677.2784609339915 7027.52685546875 0.463134765625 15.461063595909609 2062
stats: page 2064 1268.202910667242 2106.8969108767924 12613.905029296875 0.501953125 727.2861708902522 11573
stats: tr_play_game__ready_page 85 673.7242991727942 1131.107178107377 6177.762939453125 0.587158203125 609.6105994134689 658
stats: 302 199 847
stats: tr_question_new_POST 150 589.1660498046871 1131.0944492506358 7496.630859375 0.657958984375 435.68355640781584 948
stats: 200 244 5112
stats: tr_quiz_new_POST 40 536.66728515625 729.1934513930369 3069.718994140625 0.867919921875 679.1469609508775 146
stats: size_rcv 1859057 20567191
stats: tr_play_game__leaderboard 62 490.61427750126006 923.1415222848353 5143.37890625 0.60595703125 573.742041015625 270
stats: newphase 0 6
stats: tr_friend_requests 72 634.6503295898439 1445.4787816862759 11222.2109375 0.626953125 516.391349845097 290
stats: 422 81 302
stats: tr_search_all_users 51 585.7108896292891 1259.7256217697584 8085.44677734375 0.6240234375 594.2982148530951 209
stats: size_sent 1240958 9310180
stats: tr_friends 49 406.60281808035705 676.5689615960074 3216.364990234375 0.619873046875 575.4179903827136 237
stats: connected -7 1018
stats: tr_browse_quizzes_page_1 74 908.8958146378802 1504.7589050212885 7528.357177734375 0.614013671875 646.5989321916463 716
stats: error_connection_closed 5 40
stats: tr_play_game__1st_question 95 603.5356342516451 1108.431981651641 6570.3740234375 0.587890625 553.1459691836811 626
stats: 503 1610 8085
stats: tr_play_game__answer_to_question 111 513.838792405687 721.6549793134992 5272.39990234375 0.632080078125 603.5910717819243 533
stats: 404 2 309
stats: tr_index 90 6424.049395073785 1737.4409152424425 12614.071044921875 1.196044921875 886.6126804920393 738
stats: 500 230 755
stats: tr_quizzes_page_INDEX 46 913.6511177394701 1535.3890461805204 8444.911865234375 0.634033203125 566.2732378472223 225
stats: tr_quiz_questions_SHOW 149 638.8092327757972 1326.4296387199538 6563.170166015625 0.113037109375 405.52875451361155 939
# stats: dump at 1449357173
stats: users 1113 1282
stats: {recvpackets,"tsung_controller@ip-172-30-3-224"} 1 6507.0 0.0 6507 48 2322.095238095238 21
stats: {sentpackets,"tsung_controller@ip-172-30-3-224"} 1 7440.0 0.0 7440 50 2359.904761904762 21
stats: {cpu,"tsung_controller@ip-172-30-3-224"} 1 18.557692307692307 0.0 21.895734597156398 1.5763546798029555 7.1733772619675165 22
stats: {load,"tsung_controller@ip-172-30-3-224"} 1 0.12890625 0.0 0.1796875 0.0 0.052556818181818184 22
stats: {freemem,"tsung_controller@ip-172-30-3-224"} 1 3103.328125 0.0 3172.43359375 3103.328125 3151.585049715909 22
stats: session 119 46286.77283022584 16678.134599054887 116817.65185546875 7257.5810546875 45360.16870767265 676
stats: users_count 0 1908
stats: finish_users_count 119 795
stats: request 2351 1441.2002534659443 3080.12480682302 20895.802001953125 0.055908203125 695.7526206413457 15896
stats: connect 266 4318.055953176397 5613.551885485435 15041.85009765625 0.463134765625 228.08936268054953 2302
stats: page 1977 1697.6889589162074 3322.2268760939673 20895.802001953125 0.501953125 809.1555080538297 13637
stats: tr_play_game__ready_page 77 941.367580661526 1509.8001659036377 6283.051025390625 0.587158203125 616.9452756981831 743
stats: 302 185 1032
stats: tr_question_new_POST 184 460.23720915421194 1042.02197916587 7496.630859375 0.64501953125 456.6511101505578 1098
stats: 200 260 5372
stats: tr_quiz_new_POST 35 813.3025809151786 1362.6989370101066 6037.02587890625 0.84814453125 648.5061704574093 186
stats: size_rcv 1845547 22412738
stats: tr_play_game__leaderboard 74 494.45480099239865 1193.9776632126452 7967.2919921875 0.60595703125 558.2181815641472 332
stats: newphase 0 6
stats: tr_friend_requests 61 519.8507340227973 731.8462602050199 11222.2109375 0.626953125 539.912472888251 362
stats: 422 62 364
stats: tr_search_all_users 50 583.2013964843751 993.7256364180123 8085.44677734375 0.6240234375 592.6137779822716 260
stats: size_sent 1248912 10559092
stats: tr_friends 65 787.046416766827 934.7287042268706 5026.241943359375 0.619873046875 546.4951112120301 286
stats: connected -11 1007
stats: tr_browse_quizzes_page_1 80 2522.8533020019536 4147.1498381550855 19754.8310546875 0.614013671875 671.1685135853442 790
stats: error_connection_closed 50 90
stats: tr_play_game__1st_question 77 944.0753855519479 1996.7632572791015 12483.97509765625 0.587890625 559.7853841371576 721
stats: 503 1563 9648
stats: tr_play_game__answer_to_question 85 506.75469611672776 735.1103139013949 5272.39990234375 0.632080078125 588.1213466099331 644
stats: 404 2 311
stats: tr_index 58 11488.71800074084 4357.26809845269 20896.18408203125 1.196044921875 1488.5079755552724 828
stats: 500 232 987
stats: tr_quizzes_page_INDEX 37 381.6321592588682 657.0933208310239 8444.911865234375 0.634033203125 625.2377488252422 271
stats: tr_quiz_questions_SHOW 152 1003.7347428171258 1887.6197830304786 11528.617919921875 0.10693359375 437.476172952091 1088
# stats: dump at 1449357183
stats: users 850 1282
stats: {recvpackets,"tsung_controller@ip-172-30-3-224"} 1 6905.0 0.0 6905 48 2512.318181818182 22
stats: {sentpackets,"tsung_controller@ip-172-30-3-224"} 1 7164.0 0.0 7440 50 2590.818181818182 22
stats: {cpu,"tsung_controller@ip-172-30-3-224"} 1 17.11798839458414 0.0 21.895734597156398 1.5763546798029555 7.6683474813468555 23
stats: {load,"tsung_controller@ip-172-30-3-224"} 1 0.19140625 0.0 0.19140625 0.0 0.055876358695652176 23
stats: {freemem,"tsung_controller@ip-172-30-3-224"} 1 3097.6328125 0.0 3172.43359375 3097.6328125 3149.486922554348 23
stats: session 263 51593.85412736901 16893.835813075333 116919.666015625 7257.5810546875 45498.86794111143 795
stats: users_count 0 1908
stats: finish_users_count 263 1058
stats: request 3305 1287.31563837048 4153.798039674947 32515.218017578125 0.055908203125 791.7984026751394 18247
stats: connect 427 3522.7605523638754 9262.043626314484 31085.89404296875 0.463134765625 651.7385500138422 2568
stats: page 2608 1640.5721037695023 4652.955691856033 32515.218017578125 0.501953125 921.6590710328819 15614
stats: tr_play_game__ready_page 53 959.2025077387968 1673.066309170096 11129.304931640625 0.587158203125 647.4093214081555 820
stats: 302 212 1244
stats: tr_question_new_POST 515 269.56861441899247 643.5502297790481 7496.630859375 0.64501953125 457.16580766746296 1282
stats: 200 233 5605
stats: tr_quiz_new_POST 37 698.2522170608108 1191.3507440196606 6037.02587890625 0.839111328125 674.6051494891827 221
stats: size_rcv 2144704 24557442
stats: tr_play_game__leaderboard 91 743.1371292281937 2057.6495218728232 18770.072998046875 0.60595703125 546.5962846126463 406
stats: newphase 0 6
stats: tr_friend_requests 57 435.53613709566883 686.8662728540809 11222.2109375 0.626953125 537.0194088911052 423
stats: 422 90 454
stats: tr_search_all_users 78 540.7647705078126 1382.1980270229499 10702.444091796875 0.6240234375 591.0956519342238 310
stats: size_sent 2047011 12606103
stats: tr_friends 66 770.7159645774148 1605.0384508444122 11706.177001953125 0.619873046875 591.0416492777333 351
stats: connected -185 822
stats: tr_browse_quizzes_page_1 28 3206.5618460518967 6610.713118339048 31538.800048828125 0.614013671875 841.4383791868714 870
stats: error_connection_closed 222 312
stats: tr_play_game__1st_question 66 572.1575076941286 921.6743486968583 12483.97509765625 0.587890625 596.8659983087601 798
stats: error_abort_max_send_retries 53 53
stats: tr_play_game__answer_to_question 89 708.2153238017908 2153.6338038034855 18374.818115234375 0.632080078125 578.6341514221109 729
stats: 503 2470 12118
stats: tr_index 26 26992.614689753605 5998.059033517783 32467.659912109375 1.196044921875 2143.149263885705 886
stats: 404 3 314
stats: tr_quizzes_page_INDEX 39 1466.4552095853364 5124.733256115124 32515.27685546875 0.634033203125 595.9734409877232 308
stats: 500 182 1169
stats: tr_quiz_questions_SHOW 547 902.0351022444878 1300.5002851796862 11528.617919921875 0.076904296875 506.8885137742566 1240
# stats: dump at 1449357193
stats: users 666 1282
stats: {recvpackets,"tsung_controller@ip-172-30-3-224"} 1 9263.0 0.0 9263 48 2703.304347826087 23
stats: {sentpackets,"tsung_controller@ip-172-30-3-224"} 1 9002.0 0.0 9002 50 2789.6521739130435 23
stats: {cpu,"tsung_controller@ip-172-30-3-224"} 1 20.1329534662868 0.0 21.895734597156398 1.5763546798029555 8.062082519398409 24
stats: {load,"tsung_controller@ip-172-30-3-224"} 1 0.16015625 0.0 0.19140625 0.0 0.0615234375 24
stats: {freemem,"tsung_controller@ip-172-30-3-224"} 1 3095.6875 0.0 3172.43359375 3095.6875 3147.3263346354165 24
stats: session 184 55660.63955953847 17742.8273728751 116919.666015625 7257.5810546875 47013.973202912704 1058
stats: users_count 0 1908
stats: finish_users_count 184 1242
stats: request 2216 864.5254382192009 3440.854276447136 32650.5419921875 0.055908203125 867.7859891623842 21552
stats: connect 162 5178.445710358795 11574.030109636156 31085.89404296875 0.463134765625 1061.0628889131626 2995
stats: page 1788 1080.6430974017333 3829.2609610499094 32650.5419921875 0.501953125 1024.5525618339525 18222
stats: tr_play_game__ready_page 39 709.5592823517628 626.270645755283 11129.304931640625 0.587158203125 666.3383464660295 873
stats: 302 236 1480
stats: tr_question_new_POST 293 392.24900260638856 593.7681057149834 7496.630859375 0.64501953125 403.40256085446225 1797
stats: 200 303 5908
stats: tr_quiz_new_POST 34 383.2444637522978 589.9783574338178 6037.02587890625 0.839111328125 677.996395613796 258
stats: size_rcv 1787521 26344963
stats: tr_play_game__leaderboard 97 510.0667460333441 621.9517455462372 18770.072998046875 0.60595703125 582.582636443662 497
stats: newphase 0 6
stats: tr_friend_requests 34 634.3451214958641 632.9516528498553 11222.2109375 0.626953125 524.9682703653972 480
stats: 422 106 560
stats: tr_search_all_users 48 589.396011352539 611.8251606439698 10702.444091796875 0.6240234375 580.9775881423164 388
stats: size_sent 1367162 13973265
stats: tr_friends 45 403.403662109375 597.4244832839953 11706.177001953125 0.619873046875 619.4793106920714 417
stats: connected -155 667
stats: tr_browse_quizzes_page_1 19 4009.0661749588817 9306.434005971048 31538.800048828125 0.614013671875 915.1838770401239 898
stats: error_connection_closed 19 331
stats: tr_play_game__1st_question 37 643.9918311866554 623.2039007155795 12483.97509765625 0.587890625 594.9785441645869 864
stats: error_abort_max_send_retries 3 56
stats: tr_play_game__answer_to_question 47 553.6574966755319 643.1408518506533 18374.818115234375 0.632080078125 592.732836436526 818
stats: 503 1244 13362
stats: tr_index 8 31417.07632446289 607.7391489571719 32511.218994140625 1.196044921875 2851.5770062898337 912
stats: 404 9 323
stats: tr_quizzes_page_INDEX 21 697.8343912760419 672.0009144223391 32515.27685546875 0.634033203125 693.8085677177143 347
stats: 500 180 1349
stats: tr_quiz_questions_SHOW 291 301.6940557211124 543.5933917916849 11528.617919921875 0.076904296875 627.8427297189776 1787
# stats: dump at 1449357203
stats: users 509 1282
stats: {recvpackets,"tsung_controller@ip-172-30-3-224"} 1 5486.0 0.0 9263 48 2976.625 24
stats: {sentpackets,"tsung_controller@ip-172-30-3-224"} 1 5267.0 0.0 9002 50 3048.5 24
stats: {cpu,"tsung_controller@ip-172-30-3-224"} 1 12.390243902439025 0.0 21.895734597156398 1.5763546798029555 8.544917357273945 25
stats: {load,"tsung_controller@ip-172-30-3-224"} 1 0.140625 0.0 0.19140625 0.0 0.06546875 25
stats: {freemem,"tsung_controller@ip-172-30-3-224"} 1 3095.453125 0.0 3172.43359375 3095.453125 3145.26078125 25
stats: session 157 57421.30758453175 10943.210373849584 116919.666015625 7257.5810546875 48294.96081130171 1242
stats: users_count 0 1908
stats: finish_users_count 157 1399
stats: request 1725 622.048480383831 678.9772794315621 32650.5419921875 0.05517578125 867.4819929956856 23768
stats: connect 89 2.0164424596207864 2.971610365306516 31085.89404296875 0.463134765625 1272.3444907738508 3157
stats: page 1377 780.4112413194431 861.9512862435613 32650.5419921875 0.501953125 1029.5645497197693 20010
stats: tr_play_game__ready_page 7 506.952880859375 574.5162694521637 11129.304931640625 0.587158203125 668.1866101716694 912
stats: 302 257 1737
stats: tr_question_new_POST 236 386.2953832594015 598.0899592565215 7496.630859375 0.64501953125 401.8389280474357 2090
stats: 200 291 6199
stats: tr_quiz_new_POST 33 777.2548976089015 679.1946288030686 6037.02587890625 0.839111328125 643.6759651915668 292
stats: size_rcv 1492638 27837601
stats: tr_play_game__leaderboard 94 833.4734873670211 656.7052194204127 18770.072998046875 0.60595703125 570.7408159557817 594
stats: newphase 0 6
stats: tr_friend_requests 24 838.7029825846354 671.8282009734062 11222.2109375 0.626953125 532.2033149927043 514
stats: 422 90 650
stats: tr_search_all_users 44 623.2111261541191 657.6688440614978 10702.444091796875 0.6240234375 581.9043870278456 436
stats: size_sent 1119187 15092452
stats: tr_friends 39 925.3341283553685 668.127060219746 11706.177001953125 0.619873046875 598.4329812846659 462
stats: connected -158 509
stats: tr_browse_quizzes_page_1 2 1781.7730712890625 245.8519287109375 31538.800048828125 0.614013671875 979.2883085128135 917
stats: error_connection_closed 10 341
stats: tr_play_game__1st_question 15 861.4099283854167 721.2118862513339 12483.97509765625 0.587890625 596.9912984596109 901
stats: error_abort_max_send_retries 0 56
stats: tr_play_game__answer_to_question 30 800.8206380208334 619.905053055616 18374.818115234375 0.632080078125 590.6096676865067 865
stats: 503 826 14188
stats: tr_index 0 0 0 32511.218994140625 1.196044921875 3099.9726525348165 920
stats: 404 8 331
stats: tr_quizzes_page_INDEX 27 767.1533655237268 689.30125771325 32515.27685546875 0.634033203125 694.0383022142493 368
stats: 500 157 1506
stats: tr_quiz_questions_SHOW 239 367.2924917053477 595.0580599384874 11528.617919921875 0.076904296875 582.169359106187 2078
# stats: dump at 1449357213
stats: users 379 1282
stats: {recvpackets,"tsung_controller@ip-172-30-3-224"} 1 5290.0 0.0 9263 48 3077.0 25
stats: {sentpackets,"tsung_controller@ip-172-30-3-224"} 1 4810.0 0.0 9002 50 3137.24 25
stats: {cpu,"tsung_controller@ip-172-30-3-224"} 1 10.546875 0.0 21.895734597156398 1.5763546798029555 8.692814532087986 26
stats: {load,"tsung_controller@ip-172-30-3-224"} 1 0.12109375 0.0 0.19140625 0.0 0.06835937500000001 26
stats: {freemem,"tsung_controller@ip-172-30-3-224"} 1 3096.80078125 0.0 3172.43359375 3095.453125 3143.3451021634614 26
stats: session 130 66939.81813401448 14512.054271488938 138073.75610351563 7257.5810546875 49319.146975273914 1399
stats: users_count 0 1908
stats: finish_users_count 130 1529
stats: request 1195 982.6937019890821 2634.965289196098 64381.841064453125 0.05517578125 850.8745788327606 25493
stats: connect 34 3715.7379581227024 14857.697642242989 63148.5810546875 0.463134765625 1237.5141776808234 3246
stats: page 964 1214.6253054290396 2959.5677630888185 64381.841064453125 0.501953125 1013.5228371996752 21387
stats: tr_play_game__ready_page 0 0 0 11129.304931640625 0.587158203125 666.958496890727 919
stats: 302 357 2094
stats: tr_question_new_POST 159 824.2066688777514 482.72043577283057 7496.630859375 0.64501953125 400.26185299585524 2326
stats: 200 306 6505
stats: tr_quiz_new_POST 24 836.5317993164063 489.5086370277263 6037.02587890625 0.839111328125 657.2393644831731 325
stats: size_rcv 1248661 29086262
stats: tr_play_game__leaderboard 79 840.7081994165349 485.1830377943431 18770.072998046875 0.60595703125 606.6374309451081 688
stats: newphase 0 6
stats: tr_friend_requests 16 828.6067047119141 496.09404894658695 11222.2109375 0.626953125 545.8761626176232 538
stats: 422 132 782
stats: tr_search_all_users 32 1073.9383010864258 295.8710784052475 10702.444091796875 0.6240234375 585.6908381144207 480
stats: size_sent 806835 15899287
stats: tr_friends 31 859.1011372227823 431.21833884297826 11706.177001953125 0.619873046875 623.8803759668164 501
stats: connected -134 375
stats: tr_browse_quizzes_page_1 1 64381.90087890625 0.0 64381.90087890625 0.614013671875 981.0347388997042 919
stats: error_connection_closed 3 344
stats: tr_play_game__1st_question 3 791.7312825520834 554.9205534565507 12483.97509765625 0.587890625 601.3212978579592 916
stats: error_abort_max_send_retries 0 56
stats: tr_play_game__answer_to_question 15 5042.646337890625 15825.415266055137 64226.012939453125 0.632080078125 597.6558454630763 895
stats: 503 219 14407
stats: tr_index 0 0 0 32511.218994140625 1.196044921875 3099.9726525348165 920
stats: 404 15 346
stats: tr_quizzes_page_INDEX 11 726.3908025568181 574.1841000950861 32515.27685546875 0.634033203125 699.0360407189478 395
stats: 500 133 1639
stats: tr_quiz_questions_SHOW 153 819.9869376787174 484.14236286394674 11528.617919921875 0.076904296875 560.0046757618622 2317
# stats: dump at 1449357223
stats: users 256 1282
stats: {recvpackets,"tsung_controller@ip-172-30-3-224"} 1 4218.0 0.0 9263 48 3162.1153846153848 26
stats: {sentpackets,"tsung_controller@ip-172-30-3-224"} 1 3357.0 0.0 9002 50 3201.576923076923 26
stats: {cpu,"tsung_controller@ip-172-30-3-224"} 1 7.804878048780488 0.0 21.895734597156398 1.5763546798029555 8.76148343830695 27
stats: {load,"tsung_controller@ip-172-30-3-224"} 1 0.171875 0.0 0.19140625 0.0 0.07031250000000001 27
stats: {freemem,"tsung_controller@ip-172-30-3-224"} 1 3096.93359375 0.0 3172.43359375 3095.453125 3141.621238425926 27
stats: session 123 70461.68878620423 8404.717637038455 138073.75610351563 7257.5810546875 50817.307374643606 1529
stats: users_count 0 1908
stats: finish_users_count 123 1652
stats: request 1044 878.190832613072 153.2481257596833 64381.841064453125 0.05517578125 856.7770013511885 26688
stats: connect 5 3.729150390625 2.87243435282514 63148.5810546875 0.463134765625 1263.2030827219892 3280
stats: page 812 1140.0441392419384 449.7400354029592 64381.841064453125 0.501953125 1022.1963989809426 22351
stats: tr_play_game__ready_page 0 0 0 11129.304931640625 0.587158203125 666.958496890727 919
stats: 302 436 2530
stats: tr_question_new_POST 190 857.3717991879112 146.15437216012592 7496.630859375 0.64501953125 427.3874971508739 2485
stats: 200 278 6783
stats: tr_quiz_new_POST 24 909.2913106282552 123.95973405143408 6037.02587890625 0.839111328125 669.5689302023638 349
stats: size_rcv 1201634 30287896
stats: tr_play_game__leaderboard 58 911.3102143386315 136.85237938782566 18770.072998046875 0.60595703125 630.7464149206527 767
stats: newphase 0 6
stats: tr_friend_requests 11 971.7214799360795 173.2085721245887 11222.2109375 0.626953125 554.041665638397 554
stats: 422 194 976
stats: tr_search_all_users 25 936.474052734375 145.51915802491519 10702.444091796875 0.6240234375 616.206304550171 512
stats: size_sent 748621 16647908
stats: tr_friends 12 917.0364379882813 132.36211867786557 11706.177001953125 0.619873046875 637.5868488971452 532
stats: connected -121 254
stats: tr_browse_quizzes_page_1 0 0 0 64381.90087890625 0.614013671875 1049.9487238344939 920
stats: error_connection_closed 0 344
stats: tr_play_game__1st_question 0 0 0 12483.97509765625 0.587890625 601.942875609953 919
stats: error_abort_max_send_retries 0 56
stats: tr_play_game__answer_to_question 7 860.4441964285714 81.12965126838299 64226.012939453125 0.632080078125 670.9249195140798 910
stats: 503 4 14411
stats: tr_index 0 0 0 32511.218994140625 1.196044921875 3099.9726525348165 920
stats: 404 22 368
stats: tr_quizzes_page_INDEX 2 980.12451171875 70.70654296875 32515.27685546875 0.634033203125 699.7771795864763 406
stats: 500 113 1752
stats: tr_quiz_questions_SHOW 189 850.8924411995702 150.21060882076077 11528.617919921875 0.076904296875 576.1088401639994 2470
# stats: dump at 1449357233
stats: users 148 1282
stats: {recvpackets,"tsung_controller@ip-172-30-3-224"} 1 4461.0 0.0 9263 48 3201.222222222222 27
stats: {sentpackets,"tsung_controller@ip-172-30-3-224"} 1 3252.0 0.0 9002 50 3207.3333333333335 27
stats: {cpu,"tsung_controller@ip-172-30-3-224"} 1 8.131655372700871 0.0 21.895734597156398 1.5763546798029555 8.727318960109576 28
stats: {load,"tsung_controller@ip-172-30-3-224"} 1 0.140625 0.0 0.19140625 0.0 0.07393973214285716 28
stats: {freemem,"tsung_controller@ip-172-30-3-224"} 1 3097.17578125 0.0 3172.43359375 3095.453125 3140.0252511160716 28
stats: session 108 80981.44429750796 12345.39219867244 138495.60791015625 7257.5810546875 52279.93383567385 1652
stats: users_count 0 1908
stats: finish_users_count 108 1760
stats: request 1020 694.8403633865651 99.01321990900517 64381.841064453125 0.05517578125 857.5831473138816 27732
stats: connect 2 6.3289794921875 4.9420166015625 63148.5810546875 0.463134765625 1261.2860752146355 3285
stats: page 757 943.306181692227 350.46446690905833 64381.841064453125 0.501953125 1026.3276585367828 23163
stats: tr_play_game__ready_page 1 828.035888671875 0.0 11129.304931640625 0.587158203125 666.958496890727 919
stats: 302 450 2980
stats: tr_question_new_POST 229 681.6893315877456 97.3942172265216 7496.630859375 0.64501953125 457.9284382301401 2675
stats: 200 257 7040
stats: tr_quiz_new_POST 14 760.4643903459821 70.399789680375 6037.02587890625 0.839111328125 684.9934265300351 373
stats: size_rcv 1270358 31558254
stats: tr_play_game__leaderboard 50 730.474619140625 87.88060754319056 18770.072998046875 0.60595703125 650.4709002130681 825
stats: newphase 0 6
stats: tr_friend_requests 4 638.2915649414063 67.72101121655307 11222.2109375 0.626953125 562.1734850318032 565
stats: 422 211 1187
stats: tr_search_all_users 18 737.2769232855903 70.89277431847216 10702.444091796875 0.6240234375 631.1163486928249 537
stats: size_sent 774046 17421954
stats: tr_friends 17 750.4227366727941 153.6938244105583 11706.177001953125 0.619873046875 643.7511780682732 544
stats: connected -105 149
stats: tr_browse_quizzes_page_1 0 0 0 64381.90087890625 0.614013671875 1049.9487238344939 920
stats: error_connection_closed 0 344
stats: tr_play_game__1st_question 1 733.406982421875 0.0 12483.97509765625 0.587890625 601.942875609953 919
stats: error_abort_max_send_retries 0 56
stats: tr_play_game__answer_to_question 1 769.200927734375 0.0 64226.012939453125 0.632080078125 672.371631551595 917
stats: 503 0 14411
stats: tr_index 0 0 0 32511.218994140625 1.196044921875 3099.9726525348165 920
stats: 404 32 400
stats: tr_quizzes_page_INDEX 1 904.6220703125 0.0 32515.27685546875 0.634033203125 701.1514312145757 408
stats: 500 67 1819
stats: tr_quiz_questions_SHOW 232 682.7684452451507 98.74677335892274 11528.617919921875 0.076904296875 595.6402807791641 2659
# stats: dump at 1449357243
stats: users 53 1282
stats: {recvpackets,"tsung_controller@ip-172-30-3-224"} 1 4454.0 0.0 9263 48 3246.214285714286 28
stats: {sentpackets,"tsung_controller@ip-172-30-3-224"} 1 3009.0 0.0 9002 50 3208.9285714285716 28
stats: {cpu,"tsung_controller@ip-172-30-3-224"} 1 7.02439024390244 0.0 21.895734597156398 1.5763546798029555 8.706778836405828 29
stats: {load,"tsung_controller@ip-172-30-3-224"} 1 0.1796875 0.0 0.19140625 0.0 0.07623922413793105 29
stats: {freemem,"tsung_controller@ip-172-30-3-224"} 1 3097.75390625 0.0 3172.43359375 3095.453125 3138.5476831896553 29
stats: session 95 90057.78116519324 11407.871981238439 138495.60791015625 7257.5810546875 54041.162886740945 1760
stats: users_count 0 1908
stats: finish_users_count 95 1855
stats: request 769 224.78394411878247 160.2363781897983 64381.841064453125 0.05517578125 851.8097180009343 28752
stats: connect 4 0.98626708984375 0.547538827859464 63148.5810546875 0.463134765625 1260.5224870821608 3287
stats: page 555 326.01660024282126 264.5283624629359 64381.841064453125 0.501953125 1023.7002648088844 23920
stats: tr_play_game__ready_page 0 0 0 11129.304931640625 0.587158203125 667.1335810122282 920
stats: 302 319 3299
stats: tr_question_new_POST 191 214.32285999877286 146.94914881261818 7496.630859375 0.64501953125 475.57349490331217 2904
stats: 200 215 7255
stats: tr_quiz_new_POST 12 250.01049804687497 163.07122749048517 6037.02587890625 0.839111328125 687.7236422753149 387
stats: size_rcv 1072329 32630583
stats: tr_play_game__leaderboard 30 264.70393066406245 192.15527605036633 18770.072998046875 0.60595703125 655.0425412946429 875
stats: newphase 0 6
stats: tr_friend_requests 4 268.55181884765625 118.97824253995138 11222.2109375 0.626953125 562.7085857693048 569
stats: 422 154 1341
stats: tr_search_all_users 9 187.81876627604166 224.53238440471637 10702.444091796875 0.6240234375 634.559394355293 555
stats: size_sent 582565 18004519
stats: tr_friends 7 137.85313197544642 131.9552977419678 11706.177001953125 0.619873046875 646.9836495411374 561
stats: connected -98 51
stats: tr_browse_quizzes_page_1 0 0 0 64381.90087890625 0.614013671875 1049.9487238344939 920
stats: error_connection_closed 0 344
stats: tr_play_game__1st_question 0 0 0 12483.97509765625 0.587890625 602.0857713782269 920
stats: error_abort_max_send_retries 0 56
stats: tr_play_game__answer_to_question 2 370.9720458984375 26.8741455078125 64226.012939453125 0.632080078125 672.4771100877418 918
stats: 503 0 14411
stats: tr_index 0 0 0 32511.218994140625 1.196044921875 3099.9726525348165 920
stats: 404 51 451
stats: tr_quizzes_page_INDEX 1 8.741943359375 0.0 32515.27685546875 0.634033203125 701.648914439754 409
stats: 500 30 1849
stats: tr_quiz_questions_SHOW 204 227.3731019263173 154.1762743003266 11528.617919921875 0.076904296875 602.6322330988144 2891
# stats: dump at 1449357253
stats: users 22 1282
stats: {recvpackets,"tsung_controller@ip-172-30-3-224"} 1 1758.0 0.0 9263 48 3287.862068965517 29
stats: {sentpackets,"tsung_controller@ip-172-30-3-224"} 1 1308.0 0.0 9002 50 3202.0344827586205 29
stats: {cpu,"tsung_controller@ip-172-30-3-224"} 1 3.4482758620689653 0.0 21.895734597156398 1.5763546798029555 8.650699216655715 30
stats: {load,"tsung_controller@ip-172-30-3-224"} 1 0.1484375 0.0 0.19140625 0.0 0.07968750000000001 30
stats: {freemem,"tsung_controller@ip-172-30-3-224"} 1 3098.58203125 0.0 3172.43359375 3095.453125 3137.187890625 30
stats: session 31 96449.60476783015 7051.550082181906 138495.60791015625 7257.5810546875 55885.67972579915 1855
stats: users_count 0 1908
stats: finish_users_count 31 1886
stats: request 279 12.367531397009408 16.10877364755189 64381.841064453125 0.05517578125 835.4761649331055 29521
stats: connect 4 0.97076416015625 0.47265102840723516 63148.5810546875 0.463134765625 1258.9916013696206 3291
stats: page 200 17.29635498046875 20.784564768038727 64381.841064453125 0.501953125 1007.8794503519216 24475
stats: tr_play_game__ready_page 0 0 0 11129.304931640625 0.587158203125 667.1335810122282 920
stats: 302 106 3405
stats: tr_question_new_POST 64 8.825519561767575 6.74092787790542 7496.630859375 0.64501953125 459.45108092374284 3095
stats: 200 94 7349
stats: tr_quiz_new_POST 8 18.752716064453125 19.74236858838787 6037.02587890625 0.839111328125 674.5593371857378 399
stats: size_rcv 417897 33048480
stats: tr_play_game__leaderboard 9 21.205810546875 16.027714211530522 18770.072998046875 0.60595703125 642.1031398372755 905
stats: newphase 0 6
stats: tr_friend_requests 2 13.4730224609375 5.0689697265625 11222.2109375 0.626953125 560.655135389398 573
stats: 422 46 1387
stats: tr_search_all_users 5 9.0150390625 6.560465267635743 10702.444091796875 0.6240234375 627.4305545455177 564
stats: size_sent 226728 18231247
stats: tr_friends 4 6.06201171875 4.070505975968398 11706.177001953125 0.619873046875 640.7091537260673 568
stats: connected -30 21
stats: tr_browse_quizzes_page_1 0 0 0 64381.90087890625 0.614013671875 1049.9487238344939 920
stats: error_connection_closed 0 344
stats: tr_play_game__1st_question 0 0 0 12483.97509765625 0.587890625 602.0857713782269 920
stats: error_abort_max_send_retries 0 56
stats: tr_play_game__answer_to_question 0 0 0 64226.012939453125 0.632080078125 671.8216642960259 920
stats: 503 0 14411
stats: tr_index 0 0 0 32511.218994140625 1.196044921875 3099.9726525348165 920
stats: 404 24 475
stats: tr_quizzes_page_INDEX 2 26.7674560546875 17.4324951171875 32515.27685546875 0.634033203125 699.9588974371189 410
stats: 500 9 1858
stats: tr_quiz_questions_SHOW 64 9.907066345214846 6.403734008526145 11528.617919921875 0.076904296875 577.8978671023073 3095
# stats: dump at 1449357263
stats: users 5 1282
stats: {recvpackets,"tsung_controller@ip-172-30-3-224"} 1 909.0 0.0 9263 48 3236.866666666667 30
stats: {sentpackets,"tsung_controller@ip-172-30-3-224"} 1 740.0 0.0 9002 50 3138.9 30
stats: {cpu,"tsung_controller@ip-172-30-3-224"} 1 2.6522593320235757 0.0 21.895734597156398 1.5763546798029555 8.482879108443239 31
stats: {load,"tsung_controller@ip-172-30-3-224"} 1 0.12890625 0.0 0.19140625 0.0 0.08190524193548389 31
stats: {freemem,"tsung_controller@ip-172-30-3-224"} 1 3098.89453125 0.0 3172.43359375 3095.453125 3135.9425403225805 31
stats: session 17 104291.27340877758 5437.600843859995 138495.60791015625 7257.5810546875 56552.42504727474 1886
stats: users_count 0 1908
stats: finish_users_count 17 1903
stats: request 117 13.741584451789526 18.780310463239154 64381.841064453125 0.05517578125 827.7698794043614 29800
stats: connect 2 0.7310791015625 0.0350341796875 63148.5810546875 0.463134765625 1257.4644137068474 3295
stats: page 85 18.953127872242653 27.71559196995128 64381.841064453125 0.501953125 999.8504080388805 24675
stats: tr_play_game__ready_page 0 0 0 11129.304931640625 0.587158203125 667.1335810122282 920
stats: 302 45 3450
stats: tr_question_new_POST 24 8.122385660807291 5.40910779774914 7496.630859375 0.64501953125 450.3215981990938 3159
stats: 200 45 7394
stats: tr_quiz_new_POST 3 19.744954427083332 20.32339767911365 6037.02587890625 0.839111328125 661.66878935043 407
stats: size_rcv 222605 33271085
stats: tr_play_game__leaderboard 4 6.4407958984375 0.3024517832310117 18770.072998046875 0.60595703125 635.9892711681141 914
stats: newphase 0 6
stats: tr_friend_requests 1 8.30810546875 0.0 11222.2109375 0.626953125 558.751893257473 575
stats: 422 18 1405
stats: tr_search_all_users 6 20.6368408203125 9.938328950074428 10702.444091796875 0.6240234375 621.9963233022575 569
stats: size_sent 93840 18325087
stats: tr_friends 4 18.09552001953125 17.954610665484523 11706.177001953125 0.619873046875 636.2710618239182 572
stats: connected -17 4
stats: tr_browse_quizzes_page_1 0 0 0 64381.90087890625 0.614013671875 1049.9487238344939 920
stats: error_connection_closed 0 344
stats: tr_play_game__1st_question 0 0 0 12483.97509765625 0.587890625 602.0857713782269 920
stats: error_abort_max_send_retries 0 56
stats: tr_play_game__answer_to_question 0 0 0 64226.012939453125 0.632080078125 671.8216642960259 920
stats: 503 0 14411
stats: tr_index 0 0 0 32511.218994140625 1.196044921875 3099.9726525348165 920
stats: 404 8 483
stats: tr_quizzes_page_INDEX 0 0 0 32515.27685546875 0.634033203125 696.6909778187576 412
stats: 500 1 1859
stats: tr_quiz_questions_SHOW 24 11.133819580078125 6.529612629249843 11528.617919921875 0.076904296875 566.3906144120717 3159
# stats: dump at 1449357273
stats: users 2 1282
stats: {recvpackets,"tsung_controller@ip-172-30-3-224"} 1 160.0 0.0 9263 48 3161.7741935483873 31
stats: {sentpackets,"tsung_controller@ip-172-30-3-224"} 1 127.0 0.0 9002 50 3061.516129032258 31
stats: {cpu,"tsung_controller@ip-172-30-3-224"} 1 1.3779527559055118 0.0 21.895734597156398 1.3779527559055118 8.300672240430124 32
stats: {load,"tsung_controller@ip-172-30-3-224"} 1 0.109375 0.0 0.19140625 0.0 0.08337402343750001 32
stats: {freemem,"tsung_controller@ip-172-30-3-224"} 1 3099.20703125 0.0 3172.43359375 3095.453125 3134.7847900390625 32
stats: session 3 121328.9013671875 3410.6379421277516 138495.60791015625 7257.5810546875 56978.88874782416 1903
stats: users_count 0 1908
stats: finish_users_count 3 1906
stats: request 33 6.546505089962121 3.71443891572482 64381.841064453125 0.05517578125 824.5863613206816 29917
stats: connect 0 0 0 63148.5810546875 0.463134765625 1256.7020640953185 3297
stats: page 24 9.041859944661459 4.224833112315501 64381.841064453125 0.501953125 996.4830304615717 24760
stats: tr_play_game__ready_page 0 0 0 11129.304931640625 0.587158203125 667.1335810122282 920
stats: 302 19 3469
stats: tr_question_new_POST 8 8.5987548828125 3.6523206087899074 7496.630859375 0.64501953125 446.9873911300021 3183
stats: 200 5 7399
stats: tr_quiz_new_POST 1 7.62890625 0.0 6037.02587890625 0.839111328125 656.9717856802591 410
stats: size_rcv 24700 33295785
stats: tr_play_game__leaderboard 1 16.14794921875 0.0 18770.072998046875 0.60595703125 633.2461405569172 918
stats: newphase 0 6
stats: tr_friend_requests 0 0 0 11222.2109375 0.626953125 557.7962616814508 576
stats: 422 9 1414
stats: tr_search_all_users 1 4.862060546875 0.0 10702.444091796875 0.6240234375 615.7212678328806 575
stats: size_sent 28184 18353271
stats: tr_friends 0 0 0 11706.177001953125 0.619873046875 631.9781761169432 576
stats: connected -3 1
stats: tr_browse_quizzes_page_1 0 0 0 64381.90087890625 0.614013671875 1049.9487238344939 920
stats: error_connection_closed 0 344
stats: tr_play_game__1st_question 0 0 0 12483.97509765625 0.587890625 602.0857713782269 920
stats: error_abort_max_send_retries 0 56
stats: tr_play_game__answer_to_question 0 0 0 64226.012939453125 0.632080078125 671.8216642960259 920
stats: 503 0 14411
stats: tr_index 0 0 0 32511.218994140625 1.196044921875 3099.9726525348165 920
stats: 404 0 483
stats: tr_quizzes_page_INDEX 0 0 0 32515.27685546875 0.634033203125 696.6909778187576 412
stats: 500 0 1859
stats: tr_quiz_questions_SHOW 8 3.357940673828125 0.04825815369033194 11528.617919921875 0.076904296875 562.2039467790313 3183
# stats: dump at 1449357283
stats: users 1 1282
stats: {recvpackets,"tsung_controller@ip-172-30-3-224"} 1 227.0 0.0 9263 48 3067.96875 32
stats: {sentpackets,"tsung_controller@ip-172-30-3-224"} 1 179.0 0.0 9002 50 2969.8125 32
stats: {cpu,"tsung_controller@ip-172-30-3-224"} 1 1.282051282051282 0.0 21.895734597156398 1.282051282051282 8.090892862111197 33
stats: {load,"tsung_controller@ip-172-30-3-224"} 1 0.08984375 0.0 0.19140625 0.0 0.08416193181818184 33
stats: {freemem,"tsung_controller@ip-172-30-3-224"} 1 3114.58984375 0.0 3172.43359375 3095.453125 3133.7066761363635 33
stats: session 1 158264.69995117188 0.0 158264.69995117188 7257.5810546875 57080.174182167335 1906
stats: users_count 0 1908
stats: finish_users_count 1 1907
stats: request 28 6.304827008928571 3.773558165051078 64381.841064453125 0.05517578125 823.6850152353522 29950
stats: connect 1 0.7861328125 0.0 63148.5810546875 0.463134765625 1256.7020640953185 3297
stats: page 19 9.338815789473685 5.30119166350793 64381.841064453125 0.501953125 995.5268253254998 24784
stats: tr_play_game__ready_page 0 0 0 11129.304931640625 0.587158203125 667.1335810122282 920
stats: 302 17 3486
stats: tr_question_new_POST 8 8.22149658203125 4.326442966191037 7496.630859375 0.64501953125 445.8883284255278 3191
stats: 200 2 7401
stats: tr_quiz_new_POST 1 5.240966796875 0.0 6037.02587890625 0.839111328125 655.3918759979471 411
stats: size_rcv 20027 33315812
stats: tr_play_game__leaderboard 0 0 0 18770.072998046875 0.60595703125 632.5746517741771 919
stats: newphase 0 6
stats: tr_friend_requests 0 0 0 11222.2109375 0.626953125 557.7962616814508 576
stats: 422 9 1423
stats: tr_search_all_users 0 0 0 10702.444091796875 0.6240234375 614.6607483757867 576
stats: size_sent 20195 18373466
stats: tr_friends 0 0 0 11706.177001953125 0.619873046875 631.9781761169432 576
stats: connected 0 1
stats: tr_browse_quizzes_page_1 0 0 0 64381.90087890625 0.614013671875 1049.9487238344939 920
stats: error_connection_closed 0 344
stats: tr_play_game__1st_question 0 0 0 12483.97509765625 0.587890625 602.0857713782269 920
stats: error_abort_max_send_retries 0 56
stats: tr_play_game__answer_to_question 0 0 0 64226.012939453125 0.632080078125 671.8216642960259 920
stats: 503 0 14411
stats: tr_index 0 0 0 32511.218994140625 1.196044921875 3099.9726525348165 920
stats: 404 0 483
stats: tr_quizzes_page_INDEX 0 0 0 32515.27685546875 0.634033203125 696.6909778187576 412
stats: 500 0 1859
stats: tr_quiz_questions_SHOW 8 6.449737548828125 3.9961110604797816 11528.617919921875 0.076904296875 560.8028912952201 3191
# stats: dump at 1449357293
stats: users 0 1282
stats: {recvpackets,"tsung_controller@ip-172-30-3-224"} 1 88.0 0.0 9263 48 2981.878787878788 33
stats: {sentpackets,"tsung_controller@ip-172-30-3-224"} 1 75.0 0.0 9002 50 2885.242424242424 33
stats: {cpu,"tsung_controller@ip-172-30-3-224"} 1 1.0848126232741617 0.0 21.895734597156398 1.0848126232741617 7.890632815638846 34
stats: {load,"tsung_controller@ip-172-30-3-224"} 1 0.078125 0.0 0.19140625 0.0 0.08432904411764708 34
stats: {freemem,"tsung_controller@ip-172-30-3-224"} 1 3114.66015625 0.0 3172.43359375 3095.453125 3133.144416360294 34
stats: session 1 144844.81494140625 0.0 158264.69995117188 7257.5810546875 57133.23371324704 1907
stats: users_count 0 1908
stats: finish_users_count 1 1908
stats: request 3 6.918375651041667 0.12520016432532333 64381.841064453125 0.05517578125 822.92156719778 29978
stats: connect 0 0 0 63148.5810546875 0.463134765625 1256.3212527153055 3298
stats: page 3 6.918375651041667 0.12520016432532333 64381.841064453125 0.501953125 994.7713694459213 24803
stats: tr_play_game__ready_page 0 0 0 11129.304931640625 0.587158203125 667.1335810122282 920
stats: 302 0 3486
stats: tr_question_new_POST 0 0 0 7496.630859375 0.64501953125 444.793819311821 3199
stats: 200 3 7404
stats: tr_quiz_new_POST 0 0 0 6037.02587890625 0.839111328125 653.8138398105658 412
stats: size_rcv 4596 33320408
stats: tr_play_game__leaderboard 1 7.16796875 0.0 18770.072998046875 0.60595703125 632.5746517741771 919
stats: newphase 0 6
stats: tr_friend_requests 0 0 0 11222.2109375 0.626953125 557.7962616814508 576
stats: 422 0 1423
stats: tr_search_all_users 0 0 0 10702.444091796875 0.6240234375 614.6607483757867 576
stats: size_sent 2500 18375966
stats: tr_friends 0 0 0 11706.177001953125 0.619873046875 631.9781761169432 576
stats: connected -1 0
stats: tr_browse_quizzes_page_1 0 0 0 64381.90087890625 0.614013671875 1049.9487238344939 920
stats: error_connection_closed 0 344
stats: tr_play_game__1st_question 0 0 0 12483.97509765625 0.587890625 602.0857713782269 920
stats: error_abort_max_send_retries 0 56
stats: tr_play_game__answer_to_question 0 0 0 64226.012939453125 0.632080078125 671.8216642960259 920
stats: 503 0 14411
stats: tr_index 0 0 0 32511.218994140625 1.196044921875 3099.9726525348165 920
stats: 404 0 483
stats: tr_quizzes_page_INDEX 0 0 0 32515.27685546875 0.634033203125 696.6909778187576 412
stats: 500 0 1859
stats: tr_quiz_questions_SHOW 0 0 0 11528.617919921875 0.076904296875 559.4165751870703 3199
# stats: dump at 1449357295
stats: users 0 1282
stats: {recvpackets,"tsung_controller@ip-172-30-3-224"} 0 0 0 9263 48 2896.764705882353 34
stats: {sentpackets,"tsung_controller@ip-172-30-3-224"} 0 0 0 9002 50 2802.5882352941176 34
stats: {cpu,"tsung_controller@ip-172-30-3-224"} 0 0 0 21.895734597156398 1.0848126232741617 7.696180810142713 35
stats: {load,"tsung_controller@ip-172-30-3-224"} 0 0 0 0.19140625 0.0 0.08415178571428573 35
stats: {freemem,"tsung_controller@ip-172-30-3-224"} 0 0 0 3172.43359375 3095.453125 3132.616294642857 35
stats: session 0 0 0 158264.69995117188 7257.5810546875 57179.20414366012 1908
stats: users_count 0 1908
stats: finish_users_count 0 1908
stats: request 0 0 0 64381.841064453125 0.05517578125 822.8399151656716 29981
stats: connect 0 0 0 63148.5810546875 0.463134765625 1256.3212527153055 3298
stats: page 0 0 0 64381.841064453125 0.501953125 994.651900003795 24806
stats: tr_play_game__ready_page 0 0 0 11129.304931640625 0.587158203125 667.1335810122282 920
stats: 302 0 3486
stats: tr_question_new_POST 0 0 0 7496.630859375 0.64501953125 444.793819311821 3199
stats: 200 0 7404
stats: tr_quiz_new_POST 0 0 0 6037.02587890625 0.839111328125 653.8138398105658 412
stats: size_rcv 0 33320408
stats: tr_play_game__leaderboard 0 0 0 18770.072998046875 0.60595703125 631.8948619013247 920
stats: newphase 0 6
stats: tr_friend_requests 0 0 0 11222.2109375 0.626953125 557.7962616814508 576
stats: 422 0 1423
stats: tr_search_all_users 0 0 0 10702.444091796875 0.6240234375 614.6607483757867 576
stats: size_sent 0 18375966
stats: tr_friends 0 0 0 11706.177001953125 0.619873046875 631.9781761169432 576
stats: connected 0 0
stats: tr_browse_quizzes_page_1 0 0 0 64381.90087890625 0.614013671875 1049.9487238344939 920
stats: error_connection_closed 0 344
stats: tr_play_game__1st_question 0 0 0 12483.97509765625 0.587890625 602.0857713782269 920
stats: error_abort_max_send_retries 0 56
stats: tr_play_game__answer_to_question 0 0 0 64226.012939453125 0.632080078125 671.8216642960259 920
stats: 503 0 14411
stats: tr_index 0 0 0 32511.218994140625 1.196044921875 3099.9726525348165 920
stats: 404 0 483
stats: tr_quizzes_page_INDEX 0 0 0 32515.27685546875 0.634033203125 696.6909778187576 412
stats: 500 0 1859
stats: tr_quiz_questions_SHOW 0 0 0 11528.617919921875 0.076904296875 559.4165751870703 3199
EndMonitor:{1449,357295,80604}
