# stats: dump at 1448598597
stats: users 13 13
stats: {freemem,"tsung_controller@ip-172-30-3-25"} 1 3170.8203125 0 3170.8203125 3170.8203125 0 0
stats: {load,"tsung_controller@ip-172-30-3-25"} 1 0.3984375 0 0.3984375 0.3984375 0 0
stats: {cpu,"tsung_controller@ip-172-30-3-25"} 1 5.472506703503307 0 5.472506703503307 5.472506703503307 0 0
stats: users_count 13 13
stats: finish_users_count 0 0
stats: request 22 92.09610262784093 184.22947635981916 576.405029296875 3.74609375 0 0
stats: connect 11 10.425181995738637 30.504583381667313 106.888916015625 0.615966796875 0 0
stats: page 22 92.09610262784093 184.22947635981916 576.405029296875 3.74609375 0 0
stats: tr_play_game__ready_page 1 34.28515625 0 34.28515625 34.28515625 0 0
stats: 302 4 4
stats: tr_browse_quizzes_page_1 4 147.828369140625 245.85092596386067 573.648193359375 3.841064453125 0 0
stats: 200 18 18
stats: tr_play_game__1st_question 1 31.608154296875 0 31.608154296875 31.608154296875 0 0
stats: size_rcv 32500 32500
stats: tr_index 4 157.67742919921875 201.9110861530572 498.18896484375 6.052001953125 0 0
stats: size_sent 10430 10430
stats: connected 11 11
# stats: dump at 1448598607
stats: users 20 20
stats: {freemem,"tsung_controller@ip-172-30-3-25"} 1 3169.32421875 0.0 3170.8203125 3169.32421875 3170.8203125 1
stats: {load,"tsung_controller@ip-172-30-3-25"} 1 0.33984375 0.0 0.3984375 0.33984375 0.3984375 1
stats: {recvpackets,"tsung_controller@ip-172-30-3-25"} 1 136 0 136 136 0 0
stats: {sentpackets,"tsung_controller@ip-172-30-3-25"} 1 135 0 135 135 0 0
stats: {cpu,"tsung_controller@ip-172-30-3-25"} 1 2.7450980392156863 0.0 5.472506703503307 2.7450980392156863 5.472506703503307 1
stats: session 1 5639.69091796875 0 5639.69091796875 5639.69091796875 0 0
stats: users_count 8 21
stats: finish_users_count 1 1
stats: request 58 21.82024094154095 33.14261520283137 576.405029296875 3.74609375 92.09610262784093 22
stats: connect 8 0.7901611328125 0.05495889623304049 106.888916015625 0.615966796875 10.425181995738637 11
stats: page 53 23.884899211379718 35.62816069778943 576.405029296875 3.74609375 92.09610262784093 22
stats: tr_play_game__ready_page 5 9.33876953125 1.849490211458851 34.28515625 7.56982421875 34.28515625 1
stats: 302 8 12
stats: tr_search_all_users 1 57.2470703125 0 57.2470703125 57.2470703125 0 0
stats: 200 50 68
stats: tr_friends 1 35.1689453125 0 35.1689453125 35.1689453125 0 0
stats: size_rcv 108278 140778
stats: tr_friend_requests 2 19.258056640625 9.81494140625 29.072998046875 9.443115234375 0 0
stats: size_sent 93721 104151
stats: tr_browse_quizzes_page_1 4 4.41693115234375 0.5123966582418887 573.648193359375 3.841064453125 147.828369140625 4
stats: connected 7 18
stats: tr_play_game__1st_question 5 56.483642578125 57.985003371702824 132.5 8.7060546875 31.608154296875 1
stats: tr_play_game__answer_to_question 5 12.56982421875 3.0174684809545362 18.549072265625 10.31201171875 0 0
stats: tr_index 5 7.260009765625 1.280200044229033 498.18896484375 6.052001953125 157.67742919921875 4
# stats: dump at 1448598617
stats: users 25 26
stats: {freemem,"tsung_controller@ip-172-30-3-25"} 1 3166.5546875 0.0 3170.8203125 3166.5546875 3170.072265625 2
stats: {load,"tsung_controller@ip-172-30-3-25"} 1 0.2890625 0.0 0.3984375 0.2890625 0.369140625 2
stats: {recvpackets,"tsung_controller@ip-172-30-3-25"} 1 311.0 0.0 311 136 136.0 1
stats: {sentpackets,"tsung_controller@ip-172-30-3-25"} 1 264.0 0.0 264 135 135.0 1
stats: {cpu,"tsung_controller@ip-172-30-3-25"} 1 1.5810276679841897 0.0 5.472506703503307 1.5810276679841897 4.108802371359497 2
stats: session 1 24871.51123046875 0.0 24871.51123046875 5639.69091796875 5639.69091796875 1
stats: users_count 6 27
stats: finish_users_count 1 2
stats: request 67 31.590117041744417 79.87120437029957 576.405029296875 3.74609375 41.146102905273445 80
stats: connect 8 0.796844482421875 0.030108695781234672 106.888916015625 0.615966796875 6.3683311060855265 19
stats: page 59 35.88199731859112 85.70570652872472 576.405029296875 3.74609375 43.89351888020834 75
stats: tr_play_game__ready_page 5 8.912548828125 0.5067251307026643 34.28515625 7.56982421875 13.496500651041666 6
stats: 302 11 23
stats: tr_play_game__leaderboard 1 17.833984375 0 17.833984375 17.833984375 0 0
stats: 200 56 124
stats: tr_search_all_users 0 0 0 57.2470703125 57.2470703125 57.2470703125 1
stats: size_rcv 116595 257373
stats: tr_friends 2 36.3380126953125 3.2850341796875 39.623046875 33.052978515625 35.1689453125 1
stats: size_sent 97173 201324
stats: tr_friend_requests 3 49.95361328125 56.820598974842774 130.31005859375 9.443115234375 19.258056640625 2
stats: connected 8 26
stats: tr_browse_quizzes_page_1 5 76.36123046875 141.56833556364955 573.648193359375 3.841064453125 76.12265014648438 8
stats: tr_play_game__1st_question 4 17.4677734375 9.620737266673554 132.5 8.7060546875 52.337727864583336 6
stats: tr_play_game__answer_to_question 3 11.654052734375 0.49634731750993094 18.549072265625 10.31201171875 12.56982421875 5
stats: tr_index 4 6.91326904296875 0.46928436894500286 498.18896484375 6.052001953125 74.11219618055556 9
stats: tr_quizzes_page_INDEX 4 11.5577392578125 1.4189069654792466 13.531005859375 9.994140625 0 0
# stats: dump at 1448598627
stats: users 27 27
stats: {freemem,"tsung_controller@ip-172-30-3-25"} 1 3164.015625 0.0 3170.8203125 3164.015625 3168.8997395833335 3
stats: {load,"tsung_controller@ip-172-30-3-25"} 1 0.23828125 0.0 0.3984375 0.23828125 0.3424479166666667 3
stats: {recvpackets,"tsung_controller@ip-172-30-3-25"} 1 423.0 0.0 423 136 223.5 2
stats: {sentpackets,"tsung_controller@ip-172-30-3-25"} 1 330.0 0.0 330 135 199.5 2
stats: {cpu,"tsung_controller@ip-172-30-3-25"} 1 2.06286836935167 0.0 5.472506703503307 1.5810276679841897 3.2662108035677275 3
stats: session 5 21890.147412109374 6910.698948904632 31043.451904296875 5639.69091796875 15255.60107421875 2
stats: users_count 7 34
stats: finish_users_count 5 7
stats: request 82 16.3900206030869 19.129632996707823 576.405029296875 3.74609375 36.79065356611396 147
stats: connect 6 1.0684814453125 0.3449718765991151 106.888916015625 0.615966796875 4.71752025462963 27
stats: page 67 20.08848822294776 21.165985033731946 576.405029296875 3.74609375 40.366057894123145 134
stats: tr_play_game__ready_page 2 9.425537109375 0.108642578125 34.28515625 7.56982421875 11.412886186079545 11
stats: 302 3 26
stats: tr_play_game__leaderboard 1 10.69189453125 0.0 17.833984375 10.69189453125 17.833984375 1
stats: 200 71 195
stats: tr_question_new_POST 8 5.0101318359375 0.7253955678612213 6.73388671875 4.505126953125 0 0
stats: size_rcv 231725 489098
stats: tr_quiz_new_POST 1 13.236083984375 0 13.236083984375 13.236083984375 0 0
stats: newphase 1 1
stats: tr_search_all_users 3 62.980550130208336 5.207521577518628 69.087890625 56.36279296875 57.2470703125 1
stats: size_sent 109825 311149
stats: tr_friends 3 37.073323567708336 2.977626315627194 39.969970703125 32.97802734375 35.948323567708336 3
stats: connected 0 26
stats: tr_friend_requests 2 8.9005126953125 0.6683349609375 130.31005859375 8.232177734375 37.675390625 5
stats: 404 8 8
stats: tr_browse_quizzes_page_1 0 0 0 573.648193359375 3.841064453125 76.21441180889423 13
stats: tr_play_game__1st_question 3 12.540690104166666 3.409310213478297 132.5 8.7060546875 38.38974609375 10
stats: tr_play_game__answer_to_question 2 12.21240234375 0.16357421875 18.549072265625 10.31201171875 12.226409912109375 8
stats: tr_index 0 0 0 498.18896484375 6.052001953125 53.43560321514423 13
stats: tr_quizzes_page_INDEX 2 9.171142578125 0.447998046875 13.531005859375 8.72314453125 11.5577392578125 4
stats: tr_quiz_questions_SHOW 8 9.161865234375 0.9430773216643701 11.634033203125 8.52490234375 0 0
# stats: dump at 1448598637
stats: users 32 34
stats: {freemem,"tsung_controller@ip-172-30-3-25"} 1 3163.9140625 0.0 3170.8203125 3163.9140625 3167.6787109375 4
stats: {load,"tsung_controller@ip-172-30-3-25"} 1 0.2109375 0.0 0.3984375 0.2109375 0.31640625 4
stats: {recvpackets,"tsung_controller@ip-172-30-3-25"} 1 403.0 0.0 423 136 290.0 3
stats: {sentpackets,"tsung_controller@ip-172-30-3-25"} 1 315.0 0.0 330 135 243.0 3
stats: {cpu,"tsung_controller@ip-172-30-3-25"} 1 1.7647058823529411 0.0 5.472506703503307 1.5810276679841897 2.9653751950137135 4
stats: session 7 30513.554268973214 12415.203245634157 45450.368896484375 5639.69091796875 19994.562744140625 7
stats: users_count 12 46
stats: finish_users_count 7 14
stats: request 129 15.368234087330427 19.147343480310123 576.405029296875 3.74609375 29.48562342214794 229
stats: connect 13 1.1006798377403846 1.0920334374041 106.888916015625 0.615966796875 4.054058652935606 33
stats: page 103 19.277199161862857 22.03600731825098 576.405029296875 3.74609375 33.60686800373135 201
stats: tr_play_game__ready_page 4 10.5054931640625 1.7781402857078183 34.28515625 7.56982421875 11.107140174278847 13
stats: 302 13 39
stats: tr_play_game__leaderboard 2 9.12646484375 0.021484375 17.833984375 9.10498046875 14.262939453125 2
stats: 200 100 295
stats: tr_question_new_POST 16 4.96417236328125 0.8451096410306416 7.27197265625 4.429931640625 5.0101318359375 8
stats: size_rcv 302366 791464
stats: tr_quiz_new_POST 2 20.1004638671875 8.0635986328125 28.1640625 12.036865234375 13.236083984375 1
stats: newphase 0 1
stats: tr_search_all_users 2 63.9259033203125 3.7230224609375 69.087890625 56.36279296875 61.54718017578125 4
stats: size_sent 148629 459778
stats: tr_friends 2 41.0010986328125 6.7720947265625 47.773193359375 32.97802734375 36.510823567708336 6
stats: connected 7 33
stats: tr_friend_requests 3 26.897216796875 25.677015119285326 130.31005859375 8.232177734375 29.453996930803573 7
stats: 404 16 24
stats: tr_browse_quizzes_page_1 7 4.319859095982143 0.5473531451133427 573.648193359375 3.841064453125 76.21441180889423 13
stats: tr_play_game__1st_question 4 16.2335205078125 10.298810249514215 132.5 8.7060546875 32.42457932692308 13
stats: tr_play_game__answer_to_question 2 16.947021484375 0.133056640625 18.549072265625 10.31201171875 12.2236083984375 10
stats: tr_index 7 9.428780691964286 3.1907141631642824 498.18896484375 6.052001953125 53.43560321514423 13
stats: tr_quizzes_page_INDEX 2 15.521484375 5.7294921875 21.2509765625 8.72314453125 10.76220703125 6
stats: tr_quiz_questions_SHOW 16 9.016921997070313 0.7871590956834369 11.634033203125 8.492919921875 9.161865234375 8
# stats: dump at 1448598647
stats: users 38 39
stats: {freemem,"tsung_controller@ip-172-30-3-25"} 1 3164.671875 0.0 3170.8203125 3163.9140625 3166.92578125 5
stats: {load,"tsung_controller@ip-172-30-3-25"} 1 0.1796875 0.0 0.3984375 0.1796875 0.2953125 5
stats: {recvpackets,"tsung_controller@ip-172-30-3-25"} 1 720.0 0.0 720 136 318.25 4
stats: {sentpackets,"tsung_controller@ip-172-30-3-25"} 1 568.0 0.0 568 135 261.0 4
stats: {cpu,"tsung_controller@ip-172-30-3-25"} 1 2.161100196463654 0.0 5.472506703503307 1.5810276679841897 2.725241332481559 5
stats: session 5 34663.8068359375 11396.805521118717 45450.368896484375 5639.69091796875 25254.05850655692 14
stats: users_count 11 57
stats: finish_users_count 5 19
stats: request 126 12.753524538070437 14.687978524638886 576.405029296875 3.74609375 24.398631175803082 358
stats: connect 11 0.8704279119318182 0.2503478078065166 106.888916015625 0.614013671875 3.219408118206522 46
stats: page 104 15.487281212439903 16.59388937379465 576.405029296875 3.74609375 28.75174994217722 304
stats: tr_play_game__ready_page 3 9.031901041666666 1.9306455216916159 34.28515625 7.56982421875 10.965576171875 17
stats: 302 8 47
stats: tr_play_game__leaderboard 2 9.302001953125 0.949951171875 17.833984375 8.35205078125 11.6947021484375 4
stats: 200 102 397
stats: tr_question_new_POST 16 5.1714935302734375 1.7246005704332081 11.73486328125 4.429931640625 4.9794921875 24
stats: size_rcv 314930 1106394
stats: tr_quiz_new_POST 2 11.64599609375 0.4150390625 28.1640625 11.23095703125 17.812337239583332 3
stats: newphase 0 1
stats: tr_search_all_users 3 55.968668619791664 1.2216417994707045 69.087890625 54.259033203125 62.340087890625 6
stats: size_sent 164339 624117
stats: tr_friends 2 33.6634521484375 0.7774658203125 47.773193359375 32.885986328125 37.633392333984375 8
stats: connected 6 39
stats: tr_friend_requests 2 10.7359619140625 1.2559814453125 130.31005859375 8.232177734375 28.686962890625 10
stats: 404 16 40
stats: tr_browse_quizzes_page_1 6 4.735026041666667 0.731850942116202 573.648193359375 3.841064453125 51.051318359375 20
stats: tr_play_game__1st_question 3 11.6787109375 2.8465133557328226 132.5 8.7060546875 28.614918428308826 17
stats: tr_play_game__answer_to_question 6 12.329264322916666 2.3399766881756054 18.549072265625 10.31201171875 13.010843912760416 12
stats: tr_index 7 8.666224888392858 1.7735381313486303 498.18896484375 6.052001953125 38.03321533203125 20
stats: tr_quizzes_page_INDEX 1 9.69091796875 0.0 21.2509765625 8.72314453125 11.9520263671875 8
stats: tr_quiz_questions_SHOW 16 9.354644775390625 1.4035756241252162 13.376220703125 8.492919921875 9.065236409505209 24
# stats: dump at 1448598657
stats: users 54 56
stats: {freemem,"tsung_controller@ip-172-30-3-25"} 1 3163.20703125 0.0 3170.8203125 3163.20703125 3166.5501302083335 6
stats: {load,"tsung_controller@ip-172-30-3-25"} 1 0.1484375 0.0 0.3984375 0.1484375 0.2760416666666667 6
stats: {recvpackets,"tsung_controller@ip-172-30-3-25"} 1 563.0 0.0 720 136 398.6 5
stats: {sentpackets,"tsung_controller@ip-172-30-3-25"} 1 482.0 0.0 568 135 322.4 5
stats: {cpu,"tsung_controller@ip-172-30-3-25"} 1 2.263779527559055 0.0 5.472506703503307 1.5810276679841897 2.631217809811908 6
stats: session 7 34780.74445452009 12353.62833154831 54443.88818359375 5639.69091796875 27730.30806692023 19
stats: users_count 23 80
stats: finish_users_count 7 26
stats: request 218 17.435246738818805 37.49058445432479 576.405029296875 3.74609375 21.36705382796359 484
stats: connect 23 0.9479874320652174 0.7541709738597574 106.888916015625 0.614013671875 2.766096148574561 57
stats: page 181 21.024995413933002 41.11840703297198 576.405029296875 3.74609375 25.370610854204962 408
stats: tr_play_game__ready_page 13 10.240929236778847 3.5786192720087713 34.28515625 7.56982421875 10.67552490234375 20
stats: 302 19 66
stats: tr_play_game__leaderboard 1 9.495849609375 0.0 17.833984375 8.35205078125 10.897135416666666 6
stats: 200 175 572
stats: tr_question_new_POST 24 5.723358154296875 1.1169897102508137 11.73486328125 4.429931640625 5.056292724609375 40
stats: size_rcv 505781 1612175
stats: tr_quiz_new_POST 3 12.656331380208334 0.9446004562609619 28.1640625 11.23095703125 15.34580078125 5
stats: newphase 1 2
stats: tr_search_all_users 4 60.9249267578125 5.370155886524347 69.087890625 54.259033203125 60.216281467013886 9
stats: size_sent 289074 913191
stats: tr_friends 4 46.9339599609375 11.584148144693915 66.656982421875 32.885986328125 36.839404296875 10
stats: connected 15 54
stats: tr_friend_requests 5 11.045947265625 5.243663932175801 130.31005859375 8.111083984375 25.69512939453125 12
stats: 404 24 64
stats: tr_browse_quizzes_page_1 13 44.30288461538461 133.10276693463211 573.648193359375 3.841064453125 40.36294320913461 26
stats: tr_play_game__1st_question 9 10.975341796875 2.702657395762078 132.5 8.64404296875 26.0744873046875 20
stats: tr_play_game__answer_to_question 4 15.6585693359375 3.695410989251318 20.97900390625 10.31201171875 12.783650716145834 18
stats: tr_index 12 8.749471028645834 1.7663361679400131 498.18896484375 6.052001953125 30.419551142939813 27
stats: tr_quizzes_page_INDEX 1 10.298095703125 0.0 21.2509765625 8.72314453125 11.700792100694445 9
stats: tr_quiz_questions_SHOW 24 11.415903727213541 3.8534329961724882 26.56396484375 8.492919921875 9.180999755859375 40
# stats: dump at 1448598667
stats: users 68 70
stats: {freemem,"tsung_controller@ip-172-30-3-25"} 1 3152.10546875 0.0 3170.8203125 3152.10546875 3166.0725446428573 7
stats: {load,"tsung_controller@ip-172-30-3-25"} 1 0.12890625 0.0 0.3984375 0.12890625 0.2578125 7
stats: {recvpackets,"tsung_controller@ip-172-30-3-25"} 1 1170.0 0.0 1170 136 426.0 6
stats: {sentpackets,"tsung_controller@ip-172-30-3-25"} 1 969.0 0.0 969 135 349.0 6
stats: {cpu,"tsung_controller@ip-172-30-3-25"} 1 3.474903474903475 0.0 5.472506703503307 1.5810276679841897 2.578726626632929 7
stats: session 13 41469.43100210337 15800.952828152262 77556.787109375 5639.69091796875 29628.502478966348 26
stats: users_count 27 107
stats: finish_users_count 13 39
stats: request 234 14.004492604834402 16.67090564575355 576.405029296875 3.74609375 20.146065301704954 702
stats: connect 27 0.7694227430555556 0.08633432273892398 106.888916015625 0.614013671875 2.243389892578125 80
stats: page 206 15.923940714123182 18.917525838121538 576.405029296875 3.74609375 24.035201016022917 589
stats: tr_play_game__ready_page 14 9.708217075892858 1.4983210643498708 34.28515625 7.56982421875 10.504320549242424 33
stats: 302 22 88
stats: tr_play_game__leaderboard 9 10.53173828125 1.4671553348567468 17.833984375 8.35205078125 10.696951729910714 7
stats: 200 196 768
stats: tr_question_new_POST 16 5.6431121826171875 2.0571787406753415 12.47998046875 4.429931640625 5.3064422607421875 64
stats: size_rcv 451707 2063882
stats: tr_quiz_new_POST 2 18.4114990234375 0.4844970703125 28.1640625 11.23095703125 14.337249755859375 8
stats: newphase 0 2
stats: tr_search_all_users 2 71.10302734375 1.02001953125 72.123046875 54.259033203125 60.434326171875 13
stats: size_sent 388652 1301843
stats: tr_friends 1 38.253173828125 0.0 66.656982421875 32.885986328125 39.723563058035715 14
stats: connected 14 68
stats: tr_friend_requests 3 15.330403645833334 8.00382762063768 130.31005859375 8.111083984375 21.386546415441178 17
stats: 404 16 80
stats: tr_browse_quizzes_page_1 13 5.900597205528846 3.0584791395604625 573.648193359375 3.841064453125 41.67625701121795 39
stats: tr_play_game__1st_question 15 11.967138671875 3.5293575434914217 132.5 8.64404296875 21.38854559536638 29
stats: tr_play_game__answer_to_question 12 13.747355143229166 3.751888091007858 24.39306640625 10.31201171875 13.306363192471592 22
stats: tr_index 16 8.00537109375 1.345032315756739 498.18896484375 6.052001953125 23.751834184695515 39
stats: tr_quizzes_page_INDEX 1 14.412109375 0.0 21.2509765625 8.72314453125 11.5605224609375 10
stats: tr_quiz_questions_SHOW 16 10.057937622070313 2.658107330814305 26.56396484375 8.492919921875 10.019088745117188 64
# stats: dump at 1448598677
stats: users 86 86
stats: {freemem,"tsung_controller@ip-172-30-3-25"} 1 3151.7421875 0.0 3170.8203125 3151.7421875 3164.32666015625 8
stats: {load,"tsung_controller@ip-172-30-3-25"} 1 0.1796875 0.0 0.3984375 0.12890625 0.24169921875 8
stats: {recvpackets,"tsung_controller@ip-172-30-3-25"} 1 1147.0 0.0 1170 136 532.2857142857143 7
stats: {sentpackets,"tsung_controller@ip-172-30-3-25"} 1 1022.0 0.0 1022 135 437.57142857142856 7
stats: {cpu,"tsung_controller@ip-172-30-3-25"} 1 4.305283757338552 0.0 5.472506703503307 1.5810276679841897 2.6907487326667474 8
stats: session 5 46942.53579101562 15617.188350002069 77556.787109375 5639.69091796875 33575.47865334535 39
stats: users_count 23 130
stats: finish_users_count 5 44
stats: request 184 13.777046535326088 17.159529606878902 576.405029296875 3.5830078125 18.610672127487316 936
stats: connect 22 0.7255304509943182 0.07519311216909484 106.888916015625 0.550048828125 1.8714542567172898 107
stats: page 172 14.742017169331396 19.089822656870307 576.405029296875 3.5830078125 21.933415327731918 795
stats: tr_play_game__ready_page 14 9.394478934151786 1.7351629909094948 34.28515625 7.56982421875 10.267183344414894 47
stats: 302 24 112
stats: tr_play_game__leaderboard 3 8.682291666666666 0.27977395973785213 17.833984375 8.35205078125 10.604019165039063 16
stats: 200 160 928
stats: tr_question_new_POST 0 0 0 12.47998046875 4.429931640625 5.373776245117187 80
stats: size_rcv 309660 2373542
stats: tr_quiz_new_POST 0 0 0 28.1640625 11.23095703125 15.152099609375 10
stats: newphase 0 2
stats: tr_search_all_users 1 55.68798828125 0.0 72.123046875 54.259033203125 61.85681966145833 15
stats: size_sent 337104 1638947
stats: tr_friends 4 37.51776123046875 4.455309798284727 66.656982421875 32.885986328125 39.625537109375 15
stats: connected 17 85
stats: tr_friend_requests 9 10.067192925347221 2.6443436971741723 130.31005859375 8.111083984375 20.478125 20
stats: 404 0 80
stats: tr_browse_quizzes_page_1 16 4.2686614990234375 0.40646155945624746 573.648193359375 3.64599609375 32.73234205979567 52
stats: tr_play_game__1st_question 14 14.187203543526783 15.094288662417789 132.5 8.517822265625 18.176702325994317 44
stats: tr_play_game__answer_to_question 11 11.362681995738637 1.0502938270422437 24.39306640625 10.289794921875 13.462007410386029 34
stats: tr_index 14 6.914515904017857 1.2346105501098723 498.18896484375 5.884033203125 19.171044921875 55
stats: tr_quizzes_page_INDEX 3 10.3486328125 1.1584014636981965 21.2509765625 8.72314453125 11.819757634943182 11
stats: tr_quiz_questions_SHOW 0 0 0 26.56396484375 8.492919921875 10.026858520507812 80
# stats: dump at 1448598687
stats: users 86 88
stats: {freemem,"tsung_controller@ip-172-30-3-25"} 1 3146.9296875 0.0 3170.8203125 3146.9296875 3162.9283854166665 9
stats: {load,"tsung_controller@ip-172-30-3-25"} 1 0.1484375 0.0 0.3984375 0.12890625 0.2348090277777778 9
stats: {recvpackets,"tsung_controller@ip-172-30-3-25"} 1 1011.0 0.0 1170 136 609.125 8
stats: {sentpackets,"tsung_controller@ip-172-30-3-25"} 1 927.0 0.0 1022 135 510.625 8
stats: {cpu,"tsung_controller@ip-172-30-3-25"} 1 3.257650542941757 0.0 5.472506703503307 1.5810276679841897 2.870141513185837 9
stats: session 14 34673.52347237723 14238.821616546313 77556.787109375 5639.69091796875 35094.4624189897 44
stats: users_count 14 144
stats: finish_users_count 14 58
stats: request 210 18.686182803199387 20.51340171963539 576.405029296875 3.5830078125 17.8165764944894 1120
stats: connect 15 0.8114583333333333 0.25553101050865995 106.888916015625 0.550048828125 1.676025390625 129
stats: page 186 21.108786962365578 22.645954762775297 576.405029296875 3.5830078125 20.654283493972983 967
stats: tr_play_game__ready_page 8 9.305419921875 1.9406154449583943 34.28515625 7.541015625 10.066890528944672 61
stats: 302 11 123
stats: tr_play_game__leaderboard 8 9.269989013671875 0.7359003948315436 17.833984375 8.236083984375 10.300588507401315 19
stats: 200 191 1119
stats: tr_question_new_POST 8 7.1572265625 4.436547596903673 18.421875 4.429931640625 5.373776245117187 80
stats: size_rcv 534415 2907957
stats: tr_quiz_new_POST 1 15.919921875 0.0 28.1640625 11.23095703125 15.152099609375 10
stats: newphase 1 3
stats: tr_search_all_users 8 68.75299072265625 17.27324087364452 113.919189453125 54.259033203125 61.47126770019531 16
stats: size_sent 385053 2024000
stats: tr_friends 9 46.99452039930556 13.786113604574128 82.732177734375 32.885986328125 39.181794819078945 19
stats: connected 1 86
stats: tr_friend_requests 3 9.781901041666666 1.2772723277452098 130.31005859375 8.111083984375 17.24714608028017 29
stats: 404 8 88
stats: tr_browse_quizzes_page_1 5 4.992138671875 0.9515947333327632 573.648193359375 3.64599609375 26.035005457261025 68
stats: tr_play_game__1st_question 9 10.790581597222221 2.368552289157593 132.5 8.517822265625 17.213719861260774 58
stats: tr_play_game__answer_to_question 11 12.823952414772727 2.7891973146797593 24.39306640625 10.026123046875 12.948838975694445 45
stats: tr_index 5 7.6998046875 1.071806802609811 498.18896484375 5.884033203125 16.68421294723732 69
stats: tr_quizzes_page_INDEX 2 10.778076171875 1.659912109375 21.2509765625 8.72314453125 11.5045166015625 14
stats: tr_quiz_questions_SHOW 8 11.806396484375 6.287027426615473 27.908935546875 8.492919921875 10.026858520507812 80
# stats: dump at 1448598697
stats: users 107 107
stats: {freemem,"tsung_controller@ip-172-30-3-25"} 1 3146.46875 0.0 3170.8203125 3146.46875 3161.328515625 10
stats: {load,"tsung_controller@ip-172-30-3-25"} 1 0.12890625 0.0 0.3984375 0.12890625 0.226171875 10
stats: {recvpackets,"tsung_controller@ip-172-30-3-25"} 1 1375.0 0.0 1375 136 653.7777777777778 9
stats: {sentpackets,"tsung_controller@ip-172-30-3-25"} 1 1110.0 0.0 1110 135 556.8888888888889 9
stats: {cpu,"tsung_controller@ip-172-30-3-25"} 1 4.1015625 0.0 5.472506703503307 1.5810276679841897 2.908892416161429 10
stats: session 19 41979.8810521176 14902.837962721847 88875.4130859375 5639.69091796875 34992.8564663591 58
stats: users_count 40 184
stats: finish_users_count 19 77
stats: request 267 16.116315177317414 19.63168459023309 576.405029296875 3.5830078125 17.953882753759398 1330
stats: connect 39 0.7383939302884617 0.0704831792423586 106.888916015625 0.550048828125 1.585966322157118 144
stats: page 243 17.716424133551946 21.861559782764008 576.405029296875 3.5830078125 20.727603220877597 1153
stats: tr_play_game__ready_page 11 9.736971768465908 1.3628025601590559 34.28515625 7.541015625 9.978604081748188 69
stats: 302 26 149
stats: tr_play_game__leaderboard 12 11.80487060546875 3.18297886614966 18.236083984375 8.218994140625 9.995225694444445 27
stats: 200 233 1352
stats: tr_question_new_POST 8 6.306396484375 2.5882576275549787 18.421875 4.429931640625 5.535908092151988 88
stats: size_rcv 540264 3448221
stats: tr_quiz_new_POST 1 11.553955078125 0.0 28.1640625 11.23095703125 15.221901633522727 11
stats: newphase 0 3
stats: tr_search_all_users 5 71.889990234375 9.563432150143305 113.919189453125 54.259033203125 63.89850870768229 24
stats: size_sent 445676 2469676
stats: tr_friends 2 34.6434326171875 0.4205322265625 82.732177734375 32.885986328125 41.693028041294646 28
stats: connected 20 106
stats: tr_friend_requests 5 11.77177734375 3.0712305861881486 130.31005859375 8.051025390625 16.547279357910156 32
stats: 404 8 96
stats: tr_browse_quizzes_page_1 13 5.516639122596154 1.2116627524622279 573.648193359375 3.64599609375 24.59371321168664 73
stats: tr_play_game__1st_question 8 9.788665771484375 1.5184872968016234 132.5 8.453125 16.350910243703357 67
stats: tr_play_game__answer_to_question 11 13.780184659090908 4.473932989479065 25.072021484375 10.026123046875 12.924307686941964 56
stats: tr_index 15 7.689518229166667 2.4572147261931456 498.18896484375 5.884033203125 16.077158335092907 74
stats: tr_quizzes_page_INDEX 4 12.958984375 2.1029275552082134 21.2509765625 8.72314453125 11.413711547851563 16
stats: tr_quiz_questions_SHOW 8 11.788787841796875 4.037054749785042 27.908935546875 8.492919921875 10.188634699041193 88
# stats: dump at 1448598707
stats: users 131 131
stats: {freemem,"tsung_controller@ip-172-30-3-25"} 1 3147.06640625 0.0 3170.8203125 3146.46875 3159.977627840909 11
stats: {load,"tsung_controller@ip-172-30-3-25"} 1 0.109375 0.0 0.3984375 0.109375 0.21732954545454544 11
stats: {recvpackets,"tsung_controller@ip-172-30-3-25"} 1 1497.0 0.0 1497 136 725.9 10
stats: {sentpackets,"tsung_controller@ip-172-30-3-25"} 1 1430.0 0.0 1430 135 612.2 10
stats: {cpu,"tsung_controller@ip-172-30-3-25"} 1 4.715127701375246 0.0 5.472506703503307 1.5810276679841897 3.0173169692376622 11
stats: session 16 33165.617904663086 14348.592855371227 88875.4130859375 5639.69091796875 36716.92746803977 77
stats: users_count 40 224
stats: finish_users_count 16 93
stats: request 418 25.01809327340012 53.55082289528945 890.06689453125 3.5830078125 17.646662626702412 1597
stats: connect 39 0.7153257712339743 0.06780906168150654 106.888916015625 0.5458984375 1.4053361402834699 183
stats: page 350 29.89922084263393 60.722981116707665 899.2099609375 3.5830078125 20.203450987195552 1396
stats: tr_play_game__ready_page 15 14.256656901041667 6.068894199387211 34.28515625 7.52294921875 9.945379638671875 80
stats: 302 38 187
stats: tr_play_game__leaderboard 11 15.698552911931818 12.871885247862384 52.72900390625 8.218994140625 10.552039513221153 39
stats: 200 348 1700
stats: tr_question_new_POST 32 8.398414611816403 12.549734187291305 77.449951171875 4.429931640625 5.600115458170573 96
stats: size_rcv 949177 4397398
stats: tr_quiz_new_POST 4 15.1595458984375 1.3555163779122357 28.1640625 11.23095703125 14.916239420572916 12
stats: newphase 0 3
stats: tr_search_all_users 7 86.75383649553571 28.16381557099044 135.68994140625 54.259033203125 65.27635035021552 29
stats: size_sent 582298 3051974
stats: tr_friends 10 62.7583251953125 26.8571431172929 106.89697265625 32.885986328125 41.22305501302083 30
stats: connected 24 130
stats: tr_friend_requests 13 12.681189903846153 3.9403092965305326 130.31005859375 8.01416015625 15.901941247888514 37
stats: 404 32 128
stats: tr_browse_quizzes_page_1 16 6.177398681640625 3.824494958664584 573.648193359375 3.64599609375 21.709969454033427 86
stats: tr_play_game__1st_question 15 14.958626302083333 5.688310148274037 132.5 8.453125 15.6509375 75
stats: tr_play_game__answer_to_question 12 15.15899658203125 5.109687523538664 26.64208984375 10.026123046875 13.064824801772389 67
stats: tr_index 18 8.987236870659721 3.0921361942044885 498.18896484375 5.884033203125 14.663511126228935 89
stats: tr_quizzes_page_INDEX 9 21.511827256944443 25.36320292840323 92.843017578125 8.72314453125 11.72276611328125 20
stats: tr_quiz_questions_SHOW 32 15.324623107910158 11.48453838799978 57.435791015625 8.492919921875 10.321980794270834 96
# stats: dump at 1448598717
stats: users 150 151
stats: {freemem,"tsung_controller@ip-172-30-3-25"} 1 3140.890625 0.0 3170.8203125 3140.890625 3158.9016927083335 12
stats: {load,"tsung_controller@ip-172-30-3-25"} 1 0.08984375 0.0 0.3984375 0.08984375 0.20833333333333334 12
stats: {recvpackets,"tsung_controller@ip-172-30-3-25"} 1 2529.0 0.0 2529 136 796.0 11
stats: {sentpackets,"tsung_controller@ip-172-30-3-25"} 1 2117.0 0.0 2117 135 686.5454545454545 11
stats: {cpu,"tsung_controller@ip-172-30-3-25"} 1 5.905511811023622 0.0 5.905511811023622 1.5810276679841897 3.1588011969157943 12
stats: session 32 38214.218032836914 16917.30475039787 88875.4130859375 5639.69091796875 36105.94947864163 93
stats: users_count 51 275
stats: finish_users_count 32 125
stats: request 602 26.404873565977987 51.35469578600038 890.06689453125 3.5830078125 19.17582292959057 2015
stats: connect 51 0.7150400199142157 0.09368635048462941 106.888916015625 0.5458984375 1.2841181024774775 222
stats: page 487 32.67111350182879 58.32025541499296 899.2099609375 3.5830078125 22.1470474645171 1746
stats: tr_play_game__ready_page 23 15.60265582540761 13.12918922311514 55.822998046875 7.51806640625 10.626107627467105 95
stats: 302 47 234
stats: tr_play_game__leaderboard 8 28.2548828125 21.762332414935493 74.16796875 8.218994140625 11.6842724609375 50
stats: 200 475 2175
stats: tr_question_new_POST 80 9.399758911132812 6.786314248329412 77.449951171875 4.429931640625 6.29969024658203 128
stats: size_rcv 1381940 5779338
stats: tr_quiz_new_POST 10 30.4142578125 22.400329114207672 81.802978515625 11.23095703125 14.977066040039063 16
stats: newphase 1 4
stats: tr_search_all_users 7 172.24138532366072 81.26231168286277 288.2578125 54.259033203125 69.45252821180556 36
stats: size_sent 804297 3856271
stats: tr_friends 10 76.1696044921875 34.141675836561916 145.4130859375 32.885986328125 46.60687255859375 40
stats: connected 19 149
stats: tr_friend_requests 7 26.026157924107142 36.548041030051316 130.31005859375 8.01416015625 15.0645458984375 50
stats: 404 80 208
stats: tr_browse_quizzes_page_1 32 7.387199401855469 6.803421868385097 573.648193359375 3.64599609375 19.273487764246322 102
stats: tr_play_game__1st_question 21 17.202415829613095 13.80822117356709 132.5 8.453125 15.535552300347222 90
stats: tr_play_game__answer_to_question 19 21.863473992598685 14.620578747429091 61.7138671875 10.026123046875 13.382926844343354 79
stats: tr_index 31 11.523862777217742 11.048512215244935 498.18896484375 5.884033203125 13.708623868282713 107
stats: tr_quizzes_page_INDEX 8 18.703460693359375 16.635107747887858 92.843017578125 8.72314453125 14.760750606142242 29
stats: tr_quiz_questions_SHOW 80 18.283786010742183 11.681818373392055 60.208984375 8.492919921875 11.572641372680664 128
# stats: dump at 1448598727
stats: users 192 192
stats: {freemem,"tsung_controller@ip-172-30-3-25"} 1 3137.1953125 0.0 3170.8203125 3137.1953125 3157.5162259615386 13
stats: {load,"tsung_controller@ip-172-30-3-25"} 1 0.078125 0.0 0.3984375 0.078125 0.19921875 13
stats: {recvpackets,"tsung_controller@ip-172-30-3-25"} 1 2904.0 0.0 2904 136 940.4166666666666 12
stats: {sentpackets,"tsung_controller@ip-172-30-3-25"} 1 2458.0 0.0 2458 135 805.75 12
stats: {cpu,"tsung_controller@ip-172-30-3-25"} 1 6.200787401574804 0.0 6.200787401574804 1.5810276679841897 3.3700866287702427 13
stats: session 27 40665.28312174479 17764.10428016924 88875.4130859375 5639.69091796875 36645.66622851563 125
stats: users_count 69 344
stats: finish_users_count 27 152
stats: request 652 27.181458642877683 38.18450113241819 890.06689453125 3.5830078125 20.838753186795472 2617
stats: connect 69 0.7444095335144928 0.09260566626873742 106.888916015625 0.5458984375 1.1778068123282968 273
stats: page 547 32.42280335923218 43.4227656890163 899.2099609375 3.5830078125 24.44226473284258 2233
stats: tr_play_game__ready_page 24 18.634318033854168 12.767432896983406 58.784912109375 7.509765625 11.596112784692796 118
stats: 302 51 285
stats: tr_play_game__leaderboard 11 19.412908380681817 14.758768412125239 74.16796875 8.218994140625 13.969873888739224 58
stats: 200 537 2712
stats: tr_question_new_POST 64 11.763099670410156 10.319998677289927 77.449951171875 4.429931640625 7.492024348332332 208
stats: size_rcv 1486249 7265587
stats: tr_quiz_new_POST 8 32.46160888671875 24.227429168017093 81.802978515625 11.23095703125 20.914447490985577 26
stats: newphase 0 4
stats: tr_search_all_users 11 127.0245694247159 64.75567111516894 288.2578125 54.259033203125 86.18559797420058 43
stats: size_sent 905467 4761738
stats: tr_friends 9 63.14195421006944 42.91933314103025 178.620849609375 32.885986328125 52.5194189453125 50
stats: connected 41 190
stats: tr_friend_requests 12 24.185038248697918 11.208390112171598 130.31005859375 8.01416015625 16.410708778782894 57
stats: 404 64 272
stats: tr_browse_quizzes_page_1 27 12.64185474537037 13.208774912840715 573.648193359375 3.64599609375 16.43497114039179 134
stats: tr_play_game__1st_question 27 16.80505823206018 8.576278729069026 132.5 8.453125 15.850904859938064 111
stats: tr_play_game__answer_to_question 23 21.378831946331523 16.94067109169091 73.93701171875 10.026123046875 15.027114556760203 98
stats: tr_index 31 12.739068800403226 7.333064817311381 498.18896484375 5.884033203125 13.217844202898553 138
stats: tr_quizzes_page_INDEX 10 25.420703125 20.573927121041123 92.843017578125 8.72314453125 15.613228462837839 37
stats: tr_quiz_questions_SHOW 64 20.886226654052734 13.618622479530819 60.743896484375 8.492919921875 14.153850848858172 208
# stats: dump at 1448598737
stats: users 249 249
stats: {freemem,"tsung_controller@ip-172-30-3-25"} 1 3132.41015625 0.0 3170.8203125 3132.41015625 3156.0647321428573 14
stats: {load,"tsung_controller@ip-172-30-3-25"} 1 0.140625 0.0 0.3984375 0.078125 0.19056919642857142 14
stats: {recvpackets,"tsung_controller@ip-172-30-3-25"} 1 3568.0 0.0 3568 136 1091.4615384615386 13
stats: {sentpackets,"tsung_controller@ip-172-30-3-25"} 1 3014.0 0.0 3014 135 932.8461538461538 13
stats: {cpu,"tsung_controller@ip-172-30-3-25"} 1 8.640776699029127 0.0 8.640776699029127 1.5810276679841897 3.572279541113425 14
stats: session 28 43937.17442103794 17133.36453288959 88875.4130859375 5639.69091796875 37359.67712402344 152
stats: users_count 85 429
stats: finish_users_count 28 180
stats: request 650 48.60228064903849 67.02664198068108 890.06689453125 3.5830078125 22.10380181248088 3269
stats: connect 87 0.7007677801724139 0.21902817647337167 106.888916015625 0.54296875 1.0903670104623537 342
stats: page 578 54.667693352616766 78.05595477943265 899.2099609375 3.5830078125 26.0125361819919 2780
stats: tr_play_game__ready_page 45 39.730235460069444 53.15772917135406 190.838134765625 7.4560546875 12.785668601452464 142
stats: 302 80 365
stats: tr_play_game__leaderboard 12 66.59861246744792 73.29611054221924 228.55712890625 8.218994140625 14.83760402513587 69
stats: 200 538 3250
stats: tr_question_new_POST 32 33.11921691894532 40.72567877259961 144.967041015625 4.429931640625 8.496983247644762 272
stats: size_rcv 1333445 8599032
stats: tr_quiz_new_POST 4 34.5574951171875 28.633844941691198 84.116943359375 11.23095703125 23.631426642922793 34
stats: newphase 0 4
stats: tr_search_all_users 11 193.9833318536932 86.21081782675542 353.22607421875 54.259033203125 94.50464771412037 54
stats: size_sent 951556 5713294
stats: tr_friends 7 60.063511439732146 29.261426454261535 178.620849609375 32.885986328125 54.13980568061441 59
stats: connected 59 249
stats: tr_friend_requests 18 39.48894585503472 49.71521901276602 167.2109375 7.494140625 17.76276607789855 69
stats: 404 32 304
stats: tr_browse_quizzes_page_1 51 13.925120634191176 29.713003729498627 573.648193359375 3.64599609375 15.79885845302795 161
stats: tr_play_game__1st_question 40 38.2013671875 54.469762447799546 204.989990234375 8.453125 16.03758704144022 138
stats: tr_play_game__answer_to_question 25 29.55578125 31.380588388837797 121.4130859375 10.026123046875 16.234465796100206 121
stats: tr_index 53 31.3512492629717 46.43756492467461 498.18896484375 5.884033203125 13.130021495931953 169
stats: tr_quizzes_page_INDEX 9 56.611599392361114 48.64168763809222 138.545166015625 8.72314453125 17.699925199468087 47
stats: tr_quiz_questions_SHOW 32 52.29808044433594 55.60554297558947 193.442138671875 8.492919921875 15.737939273609834 272
# stats: dump at 1448598747
stats: users 337 337
stats: {freemem,"tsung_controller@ip-172-30-3-25"} 1 3119.56640625 0.0 3170.8203125 3119.56640625 3154.487760416667 15
stats: {load,"tsung_controller@ip-172-30-3-25"} 1 0.12109375 0.0 0.3984375 0.078125 0.18723958333333332 15
stats: {recvpackets,"tsung_controller@ip-172-30-3-25"} 1 3572.0 0.0 3572 136 1268.357142857143 14
stats: {sentpackets,"tsung_controller@ip-172-30-3-25"} 1 3134.0 0.0 3134 135 1081.5 14
stats: {cpu,"tsung_controller@ip-172-30-3-25"} 1 8.746355685131196 0.0 8.746355685131196 1.5810276679841897 3.9101793516411387 15
stats: session 20 36145.604064941406 13987.910890337027 88875.4130859375 5639.69091796875 38382.843370225695 180
stats: users_count 108 537
stats: finish_users_count 20 200
stats: request 725 42.41758182920257 54.544891997049056 890.06689453125 3.5830078125 26.49880340568385 3919
stats: connect 105 1.135753813244048 3.7892243705531623 106.888916015625 0.54296875 1.0113573763476107 429
stats: page 649 47.175448330965864 64.2521181880695 899.2099609375 3.5830078125 30.944841376935667 3358
stats: tr_play_game__ready_page 43 32.73792923328488 43.70422602044465 190.838134765625 7.4560546875 19.26965527865976 187
stats: 302 68 433
stats: tr_play_game__leaderboard 19 35.4430509868421 39.32810318466392 228.55712890625 8.205078125 22.505901572145063 81
stats: 200 626 3876
stats: tr_question_new_POST 31 32.56770570816533 38.18324735115093 144.967041015625 4.429931640625 11.088797318307977 304
stats: size_rcv 1477173 10076205
stats: tr_quiz_new_POST 6 60.384806315104164 48.88805904330039 144.636962890625 11.23095703125 24.781539113898027 38
stats: newphase 1 5
stats: tr_search_all_users 10 167.5396484375 86.24302874989971 353.22607421875 54.259033203125 111.339501953125 65
stats: size_sent 1161897 6875191
stats: tr_friends 20 93.1323974609375 57.9457791430428 251.8662109375 32.885986328125 54.76807750355113 66
stats: connected 85 334
stats: tr_friend_requests 11 14.871204723011363 10.03531646377275 167.2109375 7.494140625 22.257837755926722 87
stats: 404 31 335
stats: tr_browse_quizzes_page_1 49 26.422951211734695 37.82734605034048 573.648193359375 3.64599609375 15.348100770194575 212
stats: tr_play_game__1st_question 44 28.908258611505683 25.68659234267291 204.989990234375 8.453125 21.018211793363765 178
stats: tr_play_game__answer_to_question 37 35.735331767314186 32.62802025713709 154.655029296875 10.026123046875 18.51551296286387 146
stats: tr_index 49 31.614960339604593 36.50894391203231 498.18896484375 5.77392578125 17.480134431306308 222
stats: tr_quizzes_page_INDEX 11 34.90256569602273 54.40266573765939 204.983154296875 8.47998046875 23.953587123325892 56
stats: tr_quiz_questions_SHOW 31 50.327565839213705 50.77601046844588 193.442138671875 8.492919921875 19.586375186317845 304
# stats: dump at 1448598757
stats: users 468 468
stats: {freemem,"tsung_controller@ip-172-30-3-25"} 1 3099.04296875 0.0 3170.8203125 3099.04296875 3152.30517578125 16
stats: {load,"tsung_controller@ip-172-30-3-25"} 1 0.1015625 0.0 0.3984375 0.078125 0.18310546875 16
stats: {recvpackets,"tsung_controller@ip-172-30-3-25"} 1 5205.0 0.0 5205 136 1421.9333333333334 15
stats: {sentpackets,"tsung_controller@ip-172-30-3-25"} 1 4376.0 0.0 4376 135 1218.3333333333333 15
stats: {cpu,"tsung_controller@ip-172-30-3-25"} 1 10.673076923076923 0.0 10.673076923076923 1.5810276679841897 4.212440372484267 16
stats: session 42 39895.81047712053 11076.344074336253 88875.4130859375 5639.69091796875 38159.119439697264 200
stats: users_count 173 710
stats: finish_users_count 42 242
stats: request 1212 218.19176480636327 86.3418402044774 890.06689453125 3.5830078125 28.9839701492349 4644
stats: connect 174 0.678667441181753 0.11022501081959532 106.888916015625 0.532958984375 1.035817349894663 534
stats: page 1045 250.53500556033194 128.5385988672715 899.2099609375 3.5830078125 33.57365692801268 4007
stats: tr_play_game__ready_page 62 211.61634875882052 69.80959162478594 352.2958984375 7.4560546875 21.787636931046194 230
stats: 302 123 556
stats: tr_play_game__leaderboard 21 241.03800455729166 60.749296829474375 358.93798828125 8.205078125 24.9639599609375 100
stats: 200 991 4867
stats: tr_question_new_POST 99 185.02099362768308 67.00946939282294 346.18212890625 4.429931640625 13.076397796175373 335
stats: size_rcv 2466335 12542540
stats: tr_quiz_new_POST 13 192.6151404747596 66.09795585000359 337.468017578125 11.23095703125 29.636530095880683 44
stats: newphase 0 5
stats: tr_search_all_users 12 365.31260172526044 55.05832499622721 446.513916015625 54.259033203125 118.83285481770834 75
stats: size_sent 1677268 8552459
stats: tr_friends 7 337.9458705357143 86.29114980582342 455.36181640625 32.885986328125 63.69001237736192 86
stats: connected 132 466
stats: tr_friend_requests 17 205.19225356158088 67.27298860599409 324.302978515625 7.494140625 21.428725884885203 98
stats: 404 99 434
stats: tr_browse_quizzes_page_1 75 186.61543619791672 68.67703123441639 573.648193359375 3.64599609375 17.427287251556514 261
stats: tr_play_game__1st_question 49 213.08839883609693 70.32729840687558 354.296875 8.453125 22.58200485641892 222
stats: tr_play_game__answer_to_question 48 221.76043192545572 75.99052422783559 366.531005859375 10.026123046875 21.997115671960383 183
stats: tr_index 84 211.96666317894346 67.21567974105243 498.18896484375 5.77392578125 20.03587786122002 271
stats: tr_quizzes_page_INDEX 17 238.3462344898897 61.891511914879864 341.80908203125 8.47998046875 25.75118062033582 67
stats: tr_quiz_questions_SHOW 95 202.13127055921058 67.17560753926391 358.527099609375 8.492919921875 22.431082381063433 335
# stats: dump at 1448598767
stats: users 597 597
stats: {freemem,"tsung_controller@ip-172-30-3-25"} 1 3069.2890625 0.0 3170.8203125 3069.2890625 3149.1721047794117 17
stats: {load,"tsung_controller@ip-172-30-3-25"} 1 0.171875 0.0 0.3984375 0.078125 0.17830882352941177 17
stats: {recvpackets,"tsung_controller@ip-172-30-3-25"} 1 7593.0 0.0 7593 136 1658.375 16
stats: {sentpackets,"tsung_controller@ip-172-30-3-25"} 1 6035.0 0.0 6035 135 1415.6875 16
stats: {cpu,"tsung_controller@ip-172-30-3-25"} 1 15.642994241842612 0.0 15.642994241842612 1.5810276679841897 4.592477816636777 17
stats: session 41 44798.41744474085 15663.245234786515 89211.15991210938 5639.69091796875 38460.5286280104 242
stats: users_count 170 880
stats: finish_users_count 41 283
stats: request 1252 644.6436137726514 325.7076179796183 1326.18603515625 0.070068359375 68.14378010900941 5856
stats: connect 176 0.8559265136718749 0.9552505412089122 106.888916015625 0.532958984375 0.9480432197872528 708
stats: page 1100 724.8126149680398 443.59989462124224 2223.673095703125 0.68505859375 78.45184562967017 5052
stats: tr_play_game__ready_page 74 619.6247921505491 307.43927965589154 1107.423095703125 0.76708984375 62.09373327803938 292
stats: 302 131 687
stats: tr_play_game__leaderboard 13 708.8833195612981 247.95213235218748 1098.865966796875 8.205078125 62.464413981792354 121
stats: 200 949 5816
stats: tr_question_new_POST 49 578.7234584263393 318.04209786294473 1125.256103515625 0.803955078125 52.29878255958381 434
stats: size_rcv 2251191 14793731
stats: tr_quiz_new_POST 15 634.64814453125 367.3873151383906 1097.708984375 1.100830078125 66.80709035773026 57
stats: newphase 0 5
stats: tr_search_all_users 15 783.1655598958333 431.0104578958793 1309.148193359375 0.754150390625 152.83006128771552 87
stats: 422 2 2
stats: tr_friends 23 759.3835236922554 349.68504221888685 1131.714111328125 0.8369140625 84.33292643229167 93
stats: size_sent 1952985 10505444
stats: tr_friend_requests 37 666.9362858952702 346.2109383860358 1093.989013671875 0.8291015625 48.59376910665761 115
stats: connected 130 596
stats: tr_browse_quizzes_page_1 76 591.233767860814 324.06803505546037 1086.66796875 0.810791015625 55.19249906994049 336
stats: error_connection_closed 1 1
stats: tr_play_game__1st_question 72 568.9152187771266 321.0645617416434 1103.222900390625 0.991943359375 57.02781040994004 271
stats: 503 117 117
stats: tr_play_game__answer_to_question 67 628.7522227728545 330.61926157678954 1119.93017578125 0.991943359375 63.50637619216721 231
stats: 404 47 481
stats: tr_index 77 638.7136325588472 310.5868932907217 1099.008056640625 1.385986328125 65.4504862180898 355
stats: tr_quizzes_page_INDEX 27 659.1039948640047 334.40104149112034 1101.680908203125 0.859130859375 68.77637009393601 84
stats: tr_quiz_questions_SHOW 51 599.168696384804 314.6764740224381 1086.472900390625 0.1279296875 62.13228674600292 430
# stats: dump at 1448598777
stats: users 730 730
stats: {freemem,"tsung_controller@ip-172-30-3-25"} 1 3049.6640625 0.0 3170.8203125 3049.6640625 3144.7341579861113 18
stats: {load,"tsung_controller@ip-172-30-3-25"} 1 0.21875 0.0 0.3984375 0.078125 0.1779513888888889 18
stats: {recvpackets,"tsung_controller@ip-172-30-3-25"} 1 7582.0 0.0 7593 136 2007.4705882352941 17
stats: {sentpackets,"tsung_controller@ip-172-30-3-25"} 1 6048.0 0.0 6048 135 1687.4117647058824 17
stats: {cpu,"tsung_controller@ip-172-30-3-25"} 1 15.764925373134329 0.0 15.764925373134329 1.5810276679841897 5.206395395814878 18
stats: session 59 42715.844950013234 19013.59587829055 89211.15991210938 5639.69091796875 39378.73866859679 283
stats: users_count 192 1072
stats: finish_users_count 59 342
stats: request 1759 601.3932793179717 469.94524968138455 1461.7041015625 0.06298828125 169.68820776051192 7108
stats: connect 234 0.7136668669871796 0.3670090380104485 106.888916015625 0.52197265625 0.9297032420991233 884
stats: page 1505 701.532534455461 621.5130665032624 2373.52392578125 0.68115234375 194.0235046466088 6152
stats: tr_play_game__ready_page 88 535.3731301047587 452.09699883861634 1234.989990234375 0.76708984375 174.81859217575993 366
stats: 302 135 822
stats: tr_play_game__leaderboard 34 506.32056382123164 456.08721351868616 1226.51806640625 1.0048828125 125.17669586637128 134
stats: 200 869 6685
stats: tr_question_new_POST 111 600.5779028540259 461.1393311972725 1219.23193359375 0.752197265625 105.70418445910973 483
stats: size_rcv 2602716 17396447
stats: tr_quiz_new_POST 20 760.5779296875 397.42371818368224 1247.68896484375 1.0419921875 185.10730997721353 72
stats: newphase 1 6
stats: tr_search_all_users 34 633.829345703125 568.3780880355631 1371.175048828125 0.754150390625 245.5264581418505 102
stats: 422 11 13
stats: tr_friends 43 663.9449718386627 496.56687324292136 1255.171875 0.76904296875 218.17916554418105 116
stats: size_sent 2426405 12931849
stats: tr_friend_requests 41 635.6442394721798 440.69685148172795 1093.989013671875 0.781005859375 199.11135543020146 152
stats: connected 132 728
stats: tr_browse_quizzes_page_1 82 589.1802740329648 476.9740682461047 1225.531005859375 0.72900390625 154.0738981672861 412
stats: error_connection_closed 1 2
stats: tr_play_game__1st_question 82 654.630293683308 433.49293152117616 1214.926025390625 0.76416015625 164.47939467360604 343
stats: 503 605 722
stats: tr_play_game__answer_to_question 74 540.2543549408782 469.05417841170686 1216.33984375 0.80712890625 190.59185176567743 298
stats: 404 97 578
stats: tr_index 102 534.3428237017465 465.3827136211589 1226.950927734375 1.37109375 167.62933406123406 432
stats: tr_quizzes_page_INDEX 28 434.8026123046875 470.8359353484868 1101.680908203125 0.7861328125 212.36957611908784 111
stats: tr_quiz_questions_SHOW 101 520.3264740292392 456.69993011919416 1234.913818359375 0.12109375 119.07377716508577 481
# stats: dump at 1448598787
stats: users 934 935
stats: {freemem,"tsung_controller@ip-172-30-3-25"} 1 3037.05078125 0.0 3170.8203125 3037.05078125 3139.73046875 19
stats: {load,"tsung_controller@ip-172-30-3-25"} 1 0.19140625 0.0 0.3984375 0.078125 0.18009868421052633 19
stats: {recvpackets,"tsung_controller@ip-172-30-3-25"} 1 9081.0 0.0 9081 136 2317.1666666666665 18
stats: {sentpackets,"tsung_controller@ip-172-30-3-25"} 1 7504.0 0.0 7504 135 1929.6666666666667 18
stats: {cpu,"tsung_controller@ip-172-30-3-25"} 1 19.868791002811623 0.0 19.868791002811623 1.5810276679841897 5.762107499884324 19
stats: session 101 44579.92377252861 14876.73002606776 89211.15991210938 5639.69091796875 39954.43829024465 342
stats: users_count 305 1377
stats: finish_users_count 101 443
stats: request 2523 417.7513104052095 377.3759280315117 1461.7041015625 0.05712890625 255.32813342528829 8867
stats: connect 399 0.7694871945488725 0.8967048013730011 106.888916015625 0.505126953125 0.8844863263780188 1118
stats: page 2145 492.9450313683713 483.6186111500491 2373.52392578125 0.678955078125 293.77550802421393 7657
stats: tr_play_game__ready_page 109 388.99971106293 372.79074482577573 1234.989990234375 0.73193359375 244.70581538666718 454
stats: 302 216 1038
stats: tr_play_game__leaderboard 44 390.9107111150568 375.595321991245 1226.51806640625 0.89501953125 202.31295485723587 168
stats: 200 949 7634
stats: tr_question_new_POST 214 428.82737546546434 364.4123613199545 1219.23193359375 0.752197265625 198.18058638139203 594
stats: size_rcv 3057943 20454390
stats: tr_quiz_new_POST 24 258.62884521484375 365.776030185312 1247.68896484375 1.0419921875 310.2096186098845 92
stats: newphase 0 6
stats: tr_search_all_users 32 449.6756286621094 429.78146785788044 1371.175048828125 0.754150390625 342.60218003216914 136
stats: 422 54 67
stats: tr_friends 42 542.3577008928572 389.0892258987659 1255.171875 0.7412109375 338.7321823408019 159
stats: size_sent 3047117 15978966
stats: tr_friend_requests 52 439.0089299128606 363.82851910662754 1093.989013671875 0.76611328125 291.8463204339378 193
stats: connected 199 927
stats: tr_browse_quizzes_page_1 138 384.10113613847375 358.67482098015046 1225.531005859375 0.72900390625 226.29803343243924 494
stats: error_connection_closed 3 5
stats: tr_play_game__1st_question 105 464.8123465401786 359.5416113647981 1214.926025390625 0.76416015625 259.0496857766544 425
stats: 503 1019 1741
stats: tr_play_game__answer_to_question 83 426.82334513836594 366.5404684838003 1216.33984375 0.77294921875 260.1483712145077 372
stats: 404 177 755
stats: tr_index 127 459.7954966627707 362.1712517086682 1226.950927734375 1.352783203125 237.67573095886002 534
stats: 500 13 13
stats: tr_quizzes_page_INDEX 29 340.98459388469826 379.55821899251754 1101.680908203125 0.77001953125 257.1762308902878 139
stats: tr_quiz_questions_SHOW 217 405.1110952350952 373.14986199040345 1234.913818359375 0.113037109375 188.7069771363564 582
# stats: dump at 1448598797
stats: users 1133 1133
stats: {freemem,"tsung_controller@ip-172-30-3-25"} 1 3014.63671875 0.0 3170.8203125 3014.63671875 3134.596484375 20
stats: {load,"tsung_controller@ip-172-30-3-25"} 1 0.23828125 0.0 0.3984375 0.078125 0.1806640625 20
stats: {recvpackets,"tsung_controller@ip-172-30-3-25"} 1 10390.0 0.0 10390 136 2673.157894736842 19
stats: {sentpackets,"tsung_controller@ip-172-30-3-25"} 1 8902.0 0.0 8902 135 2223.0526315789475 19
stats: {cpu,"tsung_controller@ip-172-30-3-25"} 1 24.514338575393154 0.0 24.514338575393154 1.5810276679841897 6.467441675030689 20
stats: session 118 45756.98783848649 16393.821677214477 103444.42504882813 5639.69091796875 41009.00721509947 443
stats: users_count 317 1694
stats: finish_users_count 118 561
stats: request 2147 748.104295464965 1019.3780589249799 5646.565185546875 0.05712890625 291.3065070442823 11390
stats: connect 276 51.39026763473731 302.7005748971593 3004.52392578125 0.505126953125 0.8542393563056196 1517
stats: page 1857 861.7902641399094 1104.2200408746519 5981.219970703125 0.678955078125 337.36035066583986 9802
stats: tr_play_game__ready_page 91 510.5728370750345 370.4960311505254 1234.989990234375 0.73193359375 272.6419337325156 563
stats: 302 244 1282
stats: tr_play_game__leaderboard 67 424.60366138059703 396.6651804413671 1226.51806640625 0.794921875 241.45588540131192 212
stats: 200 781 8415
stats: tr_question_new_POST 109 612.2004932088594 661.8699420129349 5264.010009765625 0.752197265625 259.2677310150449 808
stats: size_rcv 2599691 23054081
stats: tr_quiz_new_POST 27 413.47310836226853 400.41835911720216 1247.68896484375 1.0380859375 299.5377344591864 116
stats: newphase 0 6
stats: tr_search_all_users 44 542.4891690340909 444.10856936241964 1371.175048828125 0.754150390625 362.9971226283482 168
stats: 422 56 123
stats: tr_friends 50 566.9781591796874 394.76062937267966 1255.171875 0.7412109375 381.28079815764926 201
stats: size_sent 2989704 18968670
stats: tr_friend_requests 64 465.2270126342773 375.05318892715655 1093.989013671875 0.76611328125 323.08083346619895 245
stats: connected 94 1021
stats: tr_browse_quizzes_page_1 75 711.2585937499997 1062.8091258297677 5137.778076171875 0.72900390625 260.7550400359721 632
stats: error_connection_closed 3 8
stats: tr_play_game__1st_question 106 497.0437863907723 467.8067600542868 3326.781982421875 0.76416015625 299.81398649395635 530
stats: 503 823 2564
stats: tr_play_game__answer_to_question 105 494.89171084449407 376.2753406255396 1216.33984375 0.77294921875 290.55281700721156 455
stats: 404 178 933
stats: tr_index 72 3601.6923217773438 1511.778701099607 5642.5 1.352783203125 280.3522971379775 661
stats: 500 30 43
stats: tr_quizzes_page_INDEX 31 582.0033470892134 347.73928972986045 1101.680908203125 0.77001953125 271.6431506928944 168
stats: tr_quiz_questions_SHOW 108 510.31165907118043 364.4433690507803 1234.913818359375 0.113037109375 247.48006052487492 799
# stats: dump at 1448598807
stats: users 1161 1222
stats: {freemem,"tsung_controller@ip-172-30-3-25"} 1 3007.6328125 0.0 3170.8203125 3007.6328125 3128.8841145833335 21
stats: {load,"tsung_controller@ip-172-30-3-25"} 1 0.19921875 0.0 0.3984375 0.078125 0.18340773809523808 21
stats: {recvpackets,"tsung_controller@ip-172-30-3-25"} 1 9861.0 0.0 10390 136 3059.0 20
stats: {sentpackets,"tsung_controller@ip-172-30-3-25"} 1 8736.0 0.0 8902 135 2557.0 20
stats: {cpu,"tsung_controller@ip-172-30-3-25"} 1 23.41650671785029 0.0 24.514338575393154 1.5810276679841897 7.326817717905093 21
stats: session 154 44746.22521021458 15893.220962812211 103444.42504882813 5639.69091796875 42007.69119648925 561
stats: users_count 182 1876
stats: finish_users_count 154 715
stats: request 2387 1015.1796757378852 1747.7015461913784 9728.254150390625 0.05712890625 363.75570935935986 13537
stats: connect 221 1359.7140527785627 2357.7052549527866 7016.509033203125 0.505126953125 8.633349119187464 1793
stats: page 2060 1171.7114545803613 1850.389043981277 9728.254150390625 0.6630859375 420.8894997627905 11659
stats: tr_play_game__ready_page 87 471.7582699128951 338.3181774213656 1234.989990234375 0.73193359375 305.74852731687224 654
stats: 302 334 1616
stats: tr_play_game__leaderboard 81 383.8356240354939 382.83115942232274 1226.51806640625 0.794921875 285.43760938200046 279
stats: 200 814 9229
stats: tr_question_new_POST 130 629.5433650090145 820.426641255973 6012.508056640625 0.752197265625 301.21938977090724 917
stats: size_rcv 2799601 25853682
stats: tr_quiz_new_POST 29 380.1478061018319 345.46076282272895 1247.68896484375 1.0009765625 321.05000785347465 143
stats: newphase 0 6
stats: tr_search_all_users 66 549.561501242898 825.4713813897589 6322.94384765625 0.754150390625 400.25018886350233 212
stats: 422 76 199
stats: tr_friends 60 469.84229736328126 366.78966920496237 1255.171875 0.7412109375 418.27230433733814 251
stats: size_sent 3102925 22071595
stats: tr_friend_requests 63 516.6736769903275 334.13801863050173 1093.989013671875 0.76611328125 352.5221132938916 309
stats: connected -3 1018
stats: tr_browse_quizzes_page_1 79 761.5235271212421 1286.1524233894697 6751.193115234375 0.72900390625 308.54537458837956 707
stats: error_connection_closed 2 10
stats: tr_play_game__1st_question 86 393.9403927825217 372.32773150996724 3326.781982421875 0.762939453125 332.68561981009236 636
stats: 503 878 3442
stats: tr_play_game__answer_to_question 99 540.022123086332 344.5665819583515 1216.33984375 0.755859375 328.866359601702 560
stats: 404 212 1145
stats: tr_index 90 6380.780973307292 865.7490248270794 9728.387939453125 1.352783203125 606.5957920548047 733
stats: 500 33 76
stats: tr_quizzes_page_INDEX 49 424.62410315688777 372.857247101709 1101.680908203125 0.755126953125 319.99071897573805 199
stats: tr_quiz_questions_SHOW 129 608.5320732648985 925.4321125546309 6500.02978515625 0.113037109375 278.7764360959896 907
# stats: dump at 1448598817
stats: users 1012 1222
stats: {freemem,"tsung_controller@ip-172-30-3-25"} 1 3008.99609375 0.0 3170.8203125 3007.6328125 3123.3726917613635 22
stats: {load,"tsung_controller@ip-172-30-3-25"} 1 0.171875 0.0 0.3984375 0.078125 0.18412642045454544 22
stats: {recvpackets,"tsung_controller@ip-172-30-3-25"} 1 10089.0 0.0 10390 136 3382.904761904762 21
stats: {sentpackets,"tsung_controller@ip-172-30-3-25"} 1 8882.0 0.0 8902 135 2851.2380952380954 21
stats: {cpu,"tsung_controller@ip-172-30-3-25"} 1 21.278625954198475 0.0 24.514338575393154 1.5810276679841897 8.058167217902602 22
stats: session 149 47580.24055716497 17048.82410026196 107230.4658203125 5639.69091796875 42597.52929175317 715
stats: users_count 0 1876
stats: finish_users_count 149 864
stats: request 2504 1470.620010034727 3523.398922012389 21056.761962890625 0.05712890625 461.4038510163267 15924
stats: connect 233 6127.046090187433 6971.972391392572 15040.887939453125 0.505126953125 156.88997052371673 2014
stats: page 2118 1738.4291822741452 3801.8180717018913 21056.761962890625 0.6630859375 533.6304595210961 13719
stats: tr_play_game__ready_page 86 839.1056106922242 2150.2399781597633 19747.87109375 0.73193359375 325.2395497269316 741
stats: 302 384 2000
stats: tr_play_game__leaderboard 78 538.7030843098961 278.29407022768055 1226.51806640625 0.794921875 307.57716267903646 360
stats: 200 773 10002
stats: tr_question_new_POST 212 514.6808552292158 738.527743103397 6012.508056640625 0.752197265625 341.98549939932553 1047
stats: size_rcv 2857608 28711290
stats: tr_quiz_new_POST 28 407.0505109514509 355.15786076588165 1247.68896484375 0.953125 331.0141715116279 172
stats: newphase 0 6
stats: tr_search_all_users 67 495.37541904734144 373.7019918334268 6322.94384765625 0.754150390625 435.6981982773157 278
stats: 422 102 301
stats: tr_friends 53 433.1009406323703 370.65805370186195 1255.171875 0.7412109375 428.22149913334005 311
stats: size_sent 3071282 25142877
stats: tr_friend_requests 58 494.84354374326506 312.1455474302559 1093.989013671875 0.76611328125 380.3219748876428 372
stats: connected -40 978
stats: tr_browse_quizzes_page_1 91 2105.9126378992096 3577.5680813869726 19696.3759765625 0.72900390625 354.073713074507 786
stats: error_connection_closed 23 33
stats: tr_play_game__1st_question 79 433.18392442147945 332.87450119630375 3326.781982421875 0.745849609375 339.98189470708536 722
stats: 503 903 4345
stats: tr_play_game__answer_to_question 86 418.6168695494186 350.96085574967407 1216.33984375 0.755859375 360.5877868930197 659
stats: 404 238 1383
stats: tr_index 79 12684.649933247625 5382.421655847197 20950.05810546875 1.352783203125 1238.0376709281022 823
stats: 500 34 110
stats: tr_quizzes_page_INDEX 40 382.8824401855469 331.00572155414454 1101.680908203125 0.755126953125 340.6642505276588 248
stats: tr_quiz_questions_SHOW 192 602.2570343017575 911.1681898751546 6500.02978515625 0.10888671875 319.8367422685661 1036
# stats: dump at 1448598827
stats: users 795 1222
stats: {freemem,"tsung_controller@ip-172-30-3-25"} 1 3003.46484375 0.0 3170.8203125 3003.46484375 3118.399796195652 23
stats: {load,"tsung_controller@ip-172-30-3-25"} 1 0.140625 0.0 0.3984375 0.078125 0.18359375 23
stats: {recvpackets,"tsung_controller@ip-172-30-3-25"} 1 10352.0 0.0 10390 136 3687.7272727272725 22
stats: {sentpackets,"tsung_controller@ip-172-30-3-25"} 1 8516.0 0.0 8902 135 3125.3636363636365 22
stats: {cpu,"tsung_controller@ip-172-30-3-25"} 1 18.89097744360902 0.0 24.514338575393154 1.5810276679841897 8.632969771654597 23
stats: session 217 50781.43584614415 15591.934710404357 107230.4658203125 5639.69091796875 43456.8163039596 864
stats: users_count 0 1876
stats: finish_users_count 217 1081
stats: request 3173 857.5925253727742 3107.540024672196 31847.77099609375 0.05712890625 598.5363267153757 18428
stats: connect 272 2786.0118839039524 8516.369583279573 31078.56787109375 0.505126953125 775.958228592985 2247
stats: page 2525 1084.1783834506514 3472.7264233707074 31847.77099609375 0.643798828125 694.7571687962718 15837
stats: tr_play_game__ready_page 66 519.7596213600852 685.348486942522 19747.87109375 0.73193359375 378.6766491743502 827
stats: 302 380 2380
stats: tr_play_game__leaderboard 111 388.9216770481419 335.69499401782514 1226.51806640625 0.7880859375 348.73657338042244 438
stats: 200 762 10764
stats: tr_question_new_POST 453 286.1290733219514 399.9328176313798 6012.508056640625 0.73681640625 371.0652574898233 1259
stats: size_rcv 3168569 31879859
stats: tr_quiz_new_POST 44 314.5556196732954 329.82751667834196 1247.68896484375 0.953125 341.6592590332031 200
stats: newphase 0 6
stats: tr_search_all_users 51 460.33464499080884 372.83638738553384 6322.94384765625 0.754150390625 447.28768752830615 345
stats: 422 150 451
stats: tr_friends 60 710.1269002278646 2158.3547698258776 17087.755859375 0.7412109375 428.93196726369337 364
stats: size_sent 3787456 28930333
stats: tr_friend_requests 60 383.9955688476563 327.3406238127973 1093.989013671875 0.76611328125 395.769070221657 430
stats: connected -189 789
stats: tr_browse_quizzes_page_1 38 1866.0341347142269 5074.436216107633 31060.43408203125 0.72900390625 535.8494738031819 877
stats: error_connection_closed 129 162
stats: tr_play_game__1st_question 87 422.749896170079 325.88677487521784 3326.781982421875 0.745849609375 349.17410487866726 801
stats: error_abort_max_send_retries 24 24
stats: tr_play_game__answer_to_question 81 447.17745406539353 338.57406250798414 1216.33984375 0.755859375 367.2864460989933 745
stats: 503 1494 5839
stats: tr_index 20 23607.87110595703 6264.7254805765315 31829.029052734375 1.352783203125 2240.5680131933377 902
stats: 404 258 1641
stats: tr_quizzes_page_INDEX 42 407.1128162202381 340.52560422310296 1101.680908203125 0.7509765625 346.52788798014325 288
stats: 500 21 131
stats: tr_quiz_questions_SHOW 469 670.4437659290046 845.2996023727782 6500.02978515625 0.10888671875 363.99366089264817 1228
# stats: dump at 1448598837
stats: users 603 1222
stats: {freemem,"tsung_controller@ip-172-30-3-25"} 1 3010.9140625 0.0 3170.8203125 3003.46484375 3113.61083984375 24
stats: {load,"tsung_controller@ip-172-30-3-25"} 1 0.12109375 0.0 0.3984375 0.078125 0.18180338541666666 24
stats: {recvpackets,"tsung_controller@ip-172-30-3-25"} 1 11465.0 0.0 11465 136 3977.478260869565 23
stats: {sentpackets,"tsung_controller@ip-172-30-3-25"} 1 9243.0 0.0 9243 135 3359.7391304347825 23
stats: {cpu,"tsung_controller@ip-172-30-3-25"} 1 20.6581352833638 0.0 24.514338575393154 1.5810276679841897 9.060386757986032 24
stats: session 192 52803.290514628105 13568.146379592394 113320.56591796875 5639.69091796875 44927.160837404605 1081
stats: users_count 0 1876
stats: finish_users_count 192 1273
stats: request 2182 586.4411825849652 1894.8302196193686 31847.77099609375 0.05712890625 636.5894408461995 21601
stats: connect 72 3020.6865302191836 9202.898015000867 31080.14990234375 0.505126953125 993.0025296031412 2519
stats: page 1720 739.4468424952305 2142.411949070691 31847.77099609375 0.643798828125 748.3073576102522 18362
stats: tr_play_game__ready_page 23 452.3250679347826 306.5259328858572 19747.87109375 0.73193359375 389.10383412872704 893
stats: 302 432 2812
stats: tr_play_game__leaderboard 87 435.1126666891164 300.36339593478874 1226.51806640625 0.7880859375 356.8614304061362 549
stats: 200 752 11516
stats: tr_question_new_POST 323 469.1245298592299 284.37767365863 6012.508056640625 0.73681640625 348.5909050201703 1712
stats: size_rcv 2881425 34761284
stats: tr_quiz_new_POST 38 483.2062924033717 275.70606725309585 1247.68896484375 0.953125 336.77171750928534 244
stats: newphase 0 6
stats: tr_search_all_users 54 551.5415400752316 307.10290967656306 6322.94384765625 0.754150390625 448.96797750453754 396
stats: 422 181 632
stats: tr_friends 53 476.9749548570165 322.1925109148029 17087.755859375 0.7412109375 468.72370306051005 424
stats: size_sent 2833737 31764070
stats: tr_friend_requests 36 392.97503662109375 298.3166834896423 1093.989013671875 0.76611328125 394.3274169921875 490
stats: connected -181 608
stats: tr_browse_quizzes_page_1 8 8310.537231445313 13495.102549028219 31691.35302734375 0.72900390625 591.092115458504 915
stats: error_connection_closed 1 163
stats: tr_play_game__1st_question 25 449.596904296875 285.3710692619383 3326.781982421875 0.745849609375 356.38254389032585 888
stats: error_abort_max_send_retries 0 24
stats: tr_play_game__answer_to_question 53 486.19645028744105 285.1481811253824 1216.33984375 0.755859375 375.1207943378291 826
stats: 503 494 6333
stats: tr_index 1 31684.675048828125 0.0 31829.029052734375 1.352783203125 2704.0669956827887 922
stats: 404 252 1893
stats: tr_quizzes_page_INDEX 23 503.2831394361413 270.4418673224842 1101.680908203125 0.738037109375 354.2386970288826 330
stats: 500 0 131
stats: tr_quiz_questions_SHOW 314 437.1687035044287 288.8182443195256 6500.02978515625 0.10888671875 448.68729628572487 1697
# stats: dump at 1448598847
stats: users 419 1222
stats: {freemem,"tsung_controller@ip-172-30-3-25"} 1 3012.95703125 0.0 3170.8203125 3003.46484375 3109.50296875 25
stats: {load,"tsung_controller@ip-172-30-3-25"} 1 0.1015625 0.0 0.3984375 0.078125 0.179375 25
stats: {recvpackets,"tsung_controller@ip-172-30-3-25"} 1 9254.0 0.0 11465 136 4289.458333333333 24
stats: {sentpackets,"tsung_controller@ip-172-30-3-25"} 1 7061.0 0.0 9243 135 3604.875 24
stats: {cpu,"tsung_controller@ip-172-30-3-25"} 1 14.694656488549619 0.0 24.514338575393154 1.5810276679841897 9.524296699001145 25
stats: session 184 57387.046429177986 14084.416706436225 123665.72998046875 5639.69091796875 46115.07670388293 1273
stats: users_count 0 1876
stats: finish_users_count 184 1457
stats: request 1873 495.69255161234526 184.56587781600655 31847.77099609375 0.05712890625 631.9885284496972 23783
stats: connect 23 0.8712742017663043 1.0837345640033664 31080.14990234375 0.505126953125 1049.3488237152042 2591
stats: page 1473 639.3830873032286 329.3408351223574 31847.77099609375 0.643798828125 747.5484647710012 20082
stats: tr_play_game__ready_page 5 492.633203125 250.8796953971975 19747.87109375 0.73193359375 390.6912668552983 916
stats: 302 508 3320
stats: tr_play_game__leaderboard 79 487.6050360957278 204.21836430399384 1226.51806640625 0.7880859375 367.5656089542797 636
stats: 200 737 12253
stats: tr_question_new_POST 296 473.2134085990287 178.786984148322 6012.508056640625 0.73681640625 367.7222862599817 2035
stats: size_rcv 2813910 37575194
stats: tr_quiz_new_POST 36 507.8551771375868 185.8682051474649 1247.68896484375 0.953125 356.50403611203456 282
stats: newphase 0 6
stats: tr_search_all_users 50 548.400849609375 227.42665736426824 6322.94384765625 0.754150390625 461.2768050130208 450
stats: 422 194 826
stats: tr_friends 44 511.89816006747145 200.65910599153423 17087.755859375 0.7412109375 469.64050881567744 477
stats: size_sent 2369996 34134066
stats: tr_friend_requests 23 484.2408288043478 181.36366137322716 1093.989013671875 0.76611328125 394.23485863979323 526
stats: connected -183 425
stats: tr_browse_quizzes_page_1 0 0 0 31691.35302734375 0.72900390625 657.9995487498308 923
stats: error_connection_closed 1 164
stats: tr_play_game__1st_question 8 529.8281555175781 217.86493531457495 3326.781982421875 0.745849609375 358.9349633976246 913
stats: error_abort_max_send_retries 0 24
stats: tr_play_game__answer_to_question 34 532.5069723690259 168.2928364107142 1216.33984375 0.755859375 381.8181888376351 879
stats: 503 127 6460
stats: tr_index 0 0 0 31829.029052734375 1.352783203125 2735.4652709299667 923
stats: 404 282 2175
stats: tr_quizzes_page_INDEX 16 470.7587890625 216.39055725588682 1101.680908203125 0.738037109375 363.9498080072592 353
stats: 500 0 131
stats: tr_quiz_questions_SHOW 306 473.0451077729269 181.41257740636152 6500.02978515625 0.10888671875 446.8887691184812 2011
# stats: dump at 1448598857
stats: users 259 1222
stats: {freemem,"tsung_controller@ip-172-30-3-25"} 1 3017.76953125 0.0 3170.8203125 3003.46484375 3105.7896634615386 26
stats: {load,"tsung_controller@ip-172-30-3-25"} 1 0.08984375 0.0 0.3984375 0.078125 0.17638221153846154 26
stats: {recvpackets,"tsung_controller@ip-172-30-3-25"} 1 9031.0 0.0 11465 136 4488.04 25
stats: {sentpackets,"tsung_controller@ip-172-30-3-25"} 1 6092.0 0.0 9243 135 3743.12 25
stats: {cpu,"tsung_controller@ip-172-30-3-25"} 1 11.977186311787072 0.0 24.514338575393154 1.5810276679841897 9.723156690906855 26
stats: session 160 62870.06822662354 10618.350669018271 123665.72998046875 5639.69091796875 47538.57871448986 1457
stats: users_count 0 1876
stats: finish_users_count 160 1617
stats: request 1648 187.84235211714972 142.61700729398277 31847.77099609375 0.05712890625 622.0383271472198 25656
stats: connect 1 0.678955078125 0.0 31080.14990234375 0.505126953125 1040.1235048021174 2614
stats: page 1270 249.83203644039074 217.27556943462676 31847.77099609375 0.643798828125 740.1567876190629 21555
stats: tr_play_game__ready_page 2 200.50244140625 190.115478515625 19747.87109375 0.73193359375 391.2446975625171 921
stats: 302 497 3817
stats: tr_play_game__leaderboard 81 146.0134156780478 127.23949208946706 1226.51806640625 0.7880859375 380.82870649857955 715
stats: 200 667 12920
stats: tr_question_new_POST 322 181.6760337308328 133.42541147506196 6012.508056640625 0.73681640625 381.1179843347813 2331
stats: size_rcv 2571431 40146625
stats: tr_quiz_new_POST 20 165.53411865234375 135.64266348417306 1247.68896484375 0.953125 373.63812754888954 318
stats: newphase 0 6
stats: tr_search_all_users 30 235.4409912109375 175.8403343886656 6322.94384765625 0.754150390625 469.9892094726562 500
stats: 422 219 1045
stats: tr_friends 25 238.90294921875 185.3929210442035 17087.755859375 0.7412109375 473.2092931824316 521
stats: size_sent 1990863 36124929
stats: tr_friend_requests 10 180.8527099609375 180.13212555276647 1093.989013671875 0.76611328125 398.00560055925547 549
stats: connected -166 259
stats: tr_browse_quizzes_page_1 0 0 0 31691.35302734375 0.72900390625 657.9995487498308 923
stats: error_connection_closed 0 164
stats: tr_play_game__1st_question 1 300.776123046875 0.0 3326.781982421875 0.745849609375 360.4193776614244 921
stats: error_abort_max_send_retries 0 24
stats: tr_play_game__answer_to_question 4 179.02130126953125 122.24619718699019 1216.33984375 0.755859375 387.4298193305894 913
stats: 503 0 6460
stats: tr_index 0 0 0 31829.029052734375 1.352783203125 2735.4652709299667 923
stats: 404 264 2439
stats: tr_quizzes_page_INDEX 7 145.42149135044642 126.56870917930549 1101.680908203125 0.738037109375 368.58109173865176 369
stats: 500 0 131
stats: tr_quiz_questions_SHOW 336 185.92904953729553 133.61238557571212 6500.02978515625 0.10888671875 450.3431668863968 2317
# stats: dump at 1448598867
stats: users 145 1222
stats: {freemem,"tsung_controller@ip-172-30-3-25"} 1 3036.1796875 0.0 3170.8203125 3003.46484375 3102.529658564815 27
stats: {load,"tsung_controller@ip-172-30-3-25"} 1 0.0703125 0.0 0.3984375 0.0703125 0.17317708333333334 27
stats: {recvpackets,"tsung_controller@ip-172-30-3-25"} 1 5616.0 0.0 11465 136 4662.7692307692305 26
stats: {sentpackets,"tsung_controller@ip-172-30-3-25"} 1 4146.0 0.0 9243 135 3833.4615384615386 26
stats: {cpu,"tsung_controller@ip-172-30-3-25"} 1 9.132841328413283 0.0 24.514338575393154 1.5810276679841897 9.806639269457973 27
stats: session 114 68718.53156267127 8910.804063248292 123665.72998046875 5639.69091796875 49055.60921661811 1617
stats: users_count 0 1876
stats: finish_users_count 114 1731
stats: request 765 14.279286024305556 18.802305812053977 31847.77099609375 0.05712890625 595.8313623490379 27304
stats: connect 2 0.83056640625 0.07958984375 31080.14990234375 0.505126953125 1039.7260116664677 2615
stats: page 614 17.82129900307919 21.435928341975313 31847.77099609375 0.643798828125 712.8747532708959 22825
stats: tr_play_game__ready_page 0 0 0 19747.87109375 0.73193359375 390.8313882317343 923
stats: 302 173 3990
stats: tr_play_game__leaderboard 62 10.84568343623992 5.945787700231407 1226.51806640625 0.7880859375 356.93418569900285 796
stats: 200 393 13313
stats: tr_question_new_POST 118 8.223127979343221 4.907239545819996 6012.508056640625 0.73681640625 356.91130959129407 2653
stats: size_rcv 1402534 41549159
stats: tr_quiz_new_POST 15 14.726985677083333 8.599766687282841 1247.68896484375 0.953125 361.3242808686206 338
stats: newphase 0 6
stats: tr_search_all_users 20 53.934521484375 49.51303565961795 6322.94384765625 0.754150390625 456.7128952314269 530
stats: 422 74 1119
stats: tr_friends 11 40.36354758522727 32.90156027514021 17087.755859375 0.7412109375 462.4809807298821 546
stats: size_sent 1082399 37207328
stats: tr_friend_requests 5 11.99248046875 5.742553812189196 1093.989013671875 0.76611328125 394.1209334644734 559
stats: connected -116 143
stats: tr_browse_quizzes_page_1 0 0 0 31691.35302734375 0.72900390625 657.9995487498308 923
stats: error_connection_closed 0 164
stats: tr_play_game__1st_question 1 17.85791015625 0.0 3326.781982421875 0.745849609375 360.35468866509626 922
stats: error_abort_max_send_retries 0 24
stats: tr_play_game__answer_to_question 5 17.0484375 6.6193669475585315 1216.33984375 0.755859375 386.52073092029036 917
stats: 503 0 6460
stats: tr_index 0 0 0 31829.029052734375 1.352783203125 2735.4652709299667 923
stats: 404 125 2564
stats: tr_quizzes_page_INDEX 5 15.3568359375 9.264716997862985 1101.680908203125 0.738037109375 364.42652471014793 376
stats: 500 0 131
stats: tr_quiz_questions_SHOW 118 10.357833603681144 7.28369491076195 6500.02978515625 0.10888671875 416.8553631060357 2653
# stats: dump at 1448598877
stats: users 71 1222
stats: {freemem,"tsung_controller@ip-172-30-3-25"} 1 3044.68359375 0.0 3170.8203125 3003.46484375 3100.1600167410716 28
stats: {load,"tsung_controller@ip-172-30-3-25"} 1 0.05859375 0.0 0.3984375 0.05859375 0.16950334821428573 28
stats: {recvpackets,"tsung_controller@ip-172-30-3-25"} 1 2934.0 0.0 11465 136 4698.074074074074 27
stats: {sentpackets,"tsung_controller@ip-172-30-3-25"} 1 2492.0 0.0 9243 135 3845.037037037037 27
stats: {cpu,"tsung_controller@ip-172-30-3-25"} 1 5.750487329434698 0.0 24.514338575393154 1.5810276679841897 9.782575057277807 28
stats: session 74 79068.14271339211 8284.479321660525 123665.72998046875 5639.69091796875 50350.567707346054 1731
stats: users_count 0 1876
stats: finish_users_count 74 1805
stats: request 531 8.875004597751882 8.806875723618079 31847.77099609375 0.05712890625 579.9815872096166 28069
stats: connect 1 0.807861328125 0.0 31080.14990234375 0.505126953125 1038.9320525948128 2617
stats: page 405 11.67319818190587 10.270853961254707 31847.77099609375 0.643798828125 694.6673715173894 23439
stats: tr_play_game__ready_page 0 0 0 19747.87109375 0.73193359375 390.8313882317343 923
stats: 302 123 4113
stats: tr_play_game__leaderboard 39 8.911909054487179 3.972679444104097 1226.51806640625 0.7880859375 331.92545942826706 858
stats: 200 264 13577
stats: tr_question_new_POST 106 5.836517909787735 1.856534945276687 6012.508056640625 0.73681640625 342.06280528591327 2771
stats: size_rcv 942414 42491573
stats: tr_quiz_new_POST 13 9.884953425480766 4.390973896910124 1247.68896484375 0.953125 346.59635047804534 353
stats: newphase 0 6
stats: tr_search_all_users 8 27.8602294921875 28.43419532333406 6322.94384765625 0.754150390625 442.0664089133523 550
stats: 422 54 1173
stats: tr_friends 5 11.540576171875 13.605684562152144 17087.755859375 0.7412109375 454.14472980602 557
stats: size_sent 681146 37888474
stats: tr_friend_requests 3 7.083984375 2.321436471716045 1093.989013671875 0.76611328125 390.73326987408575 564
stats: connected -76 67
stats: tr_browse_quizzes_page_1 0 0 0 31691.35302734375 0.72900390625 657.9995487498308 923
stats: error_connection_closed 0 164
stats: tr_play_game__1st_question 0 0 0 3326.781982421875 0.745849609375 359.9836195659534 923
stats: error_abort_max_send_retries 0 24
stats: tr_play_game__answer_to_question 0 0 0 1216.33984375 0.755859375 384.5170850774471 922
stats: 503 0 6460
stats: tr_index 0 0 0 31829.029052734375 1.352783203125 2735.4652709299667 923
stats: 404 90 2654
stats: tr_quizzes_page_INDEX 1 10.760986328125 0.0 1101.680908203125 0.738037109375 359.84555766588744 381
stats: 500 0 131
stats: tr_quiz_questions_SHOW 106 7.775579488502357 3.496547229634737 6500.02978515625 0.10888671875 399.54511103772904 2771
# stats: dump at 1448598887
stats: users 39 1222
stats: {freemem,"tsung_controller@ip-172-30-3-25"} 1 3061.484375 0.0 3170.8203125 3003.46484375 3098.247036637931 29
stats: {load,"tsung_controller@ip-172-30-3-25"} 1 0.05078125 0.0 0.3984375 0.05078125 0.16567887931034483 29
stats: {recvpackets,"tsung_controller@ip-172-30-3-25"} 1 1372.0 0.0 11465 136 4635.071428571428 28
stats: {sentpackets,"tsung_controller@ip-172-30-3-25"} 1 1173.0 0.0 9243 135 3796.714285714286 28
stats: {cpu,"tsung_controller@ip-172-30-3-25"} 1 3.5053554040895816 0.0 24.514338575393154 1.5810276679841897 9.643537549421147 29
stats: session 32 88282.3017578125 11437.708570454131 132657.92504882813 5639.69091796875 51527.90873252467 1805
stats: users_count 0 1876
stats: finish_users_count 32 1837
stats: request 267 8.988418407654494 10.303340590116477 31847.77099609375 0.05712890625 569.3781747842005 28600
stats: connect 3 0.794677734375 0.029953444703222865 31080.14990234375 0.505126953125 1038.53551929028 2618
stats: page 201 11.982374504430975 11.648250224016051 31847.77099609375 0.643798828125 683.0664387795572 23844
stats: tr_play_game__ready_page 0 0 0 19747.87109375 0.73193359375 390.8313882317343 923
stats: 302 53 4166
stats: tr_play_game__leaderboard 17 7.690286075367647 3.578010762112281 1226.51806640625 0.7880859375 317.8813920207114 897
stats: 200 138 13715
stats: tr_question_new_POST 56 4.681082589285713 0.9503302166448585 6012.508056640625 0.73681640625 329.67490592481863 2877
stats: size_rcv 550586 43042159
stats: tr_quiz_new_POST 7 10.994663783482142 4.851046171947986 1247.68896484375 0.953125 334.63665604721655 366
stats: newphase 0 6
stats: tr_search_all_users 5 50.5673828125 24.43042827735938 6322.94384765625 0.754150390625 436.1279690650202 558
stats: 422 27 1200
stats: tr_friends 3 33.935302734375 0.761522342759042 17087.755859375 0.7412109375 450.2069704320507 562
stats: size_sent 321625 38210099
stats: tr_friend_requests 2 10.906982421875 2.325927734375 1093.989013671875 0.76611328125 388.70337947461974 567
stats: connected -31 36
stats: tr_browse_quizzes_page_1 0 0 0 31691.35302734375 0.72900390625 657.9995487498308 923
stats: error_connection_closed 0 164
stats: tr_play_game__1st_question 0 0 0 3326.781982421875 0.745849609375 359.9836195659534 923
stats: error_abort_max_send_retries 0 24
stats: tr_play_game__answer_to_question 1 5.06201171875 0.0 1216.33984375 0.755859375 384.5170850774471 922
stats: 503 0 6460
stats: tr_index 0 0 0 31829.029052734375 1.352783203125 2735.4652709299667 923
stats: 404 49 2703
stats: tr_quizzes_page_INDEX 0 0 0 1101.680908203125 0.738037109375 358.9317237095059 382
stats: 500 0 131
stats: tr_quiz_questions_SHOW 56 7.055450439453125 3.1640475415956035 6500.02978515625 0.10888671875 385.1107800178409 2877
# stats: dump at 1448598897
stats: users 20 1222
stats: {freemem,"tsung_controller@ip-172-30-3-25"} 1 3081.8671875 0.0 3170.8203125 3003.46484375 3097.0216145833333 30
stats: {load,"tsung_controller@ip-172-30-3-25"} 1 0.0390625 0.0 0.3984375 0.0390625 0.16184895833333332 30
stats: {recvpackets,"tsung_controller@ip-172-30-3-25"} 1 849.0 0.0 11465 136 4522.551724137931 29
stats: {sentpackets,"tsung_controller@ip-172-30-3-25"} 1 707.0 0.0 9243 135 3706.2413793103447 29
stats: {cpu,"tsung_controller@ip-172-30-3-25"} 1 2.2351797862001943 0.0 24.514338575393154 1.5810276679841897 9.438931477910096 30
stats: session 19 97013.2828047903 7564.207832337171 132657.92504882813 5639.69091796875 52168.159454794244 1837
stats: users_count 0 1876
stats: finish_users_count 19 1856
stats: request 129 8.742959665697677 11.974779754648717 31847.77099609375 0.05712890625 564.1949529408313 28867
stats: connect 1 0.737060546875 0.0 31080.14990234375 0.505126953125 1037.3477197768623 2621
stats: page 97 11.662398820070875 13.957564228797166 31847.77099609375 0.643798828125 677.4566281362092 24045
stats: tr_play_game__ready_page 0 0 0 19747.87109375 0.73193359375 390.8313882317343 923
stats: 302 43 4209
stats: tr_play_game__leaderboard 5 8.671630859375 2.6774524988329436 1226.51806640625 0.7880859375 312.11197320115906 914
stats: 200 57 13772
stats: tr_question_new_POST 24 4.263590494791667 0.2681115086838368 6012.508056640625 0.73681640625 323.46977325970107 2933
stats: size_rcv 217628 43259787
stats: tr_quiz_new_POST 3 9.543294270833334 3.1247665657171138 1247.68896484375 0.953125 328.56294573663706 373
stats: newphase 0 6
stats: tr_search_all_users 4 32.442138671875 27.903679663666857 6322.94384765625 0.754150390625 432.70380755300846 563
stats: 422 19 1219
stats: tr_friends 3 24.405354817708332 14.877397803890734 17087.755859375 0.7412109375 447.9966783911781 565
stats: size_sent 156113 38366212
stats: tr_friend_requests 1 8.5029296875 0.0 1093.989013671875 0.76611328125 387.3754483777736 569
stats: connected -21 15
stats: tr_browse_quizzes_page_1 0 0 0 31691.35302734375 0.72900390625 657.9995487498308 923
stats: error_connection_closed 0 164
stats: tr_play_game__1st_question 0 0 0 3326.781982421875 0.745849609375 359.9836195659534 923
stats: error_abort_max_send_retries 0 24
stats: tr_play_game__answer_to_question 0 0 0 1216.33984375 0.755859375 384.1059744887595 923
stats: 503 0 6460
stats: tr_index 0 0 0 31829.029052734375 1.352783203125 2735.4652709299667 923
stats: 404 10 2713
stats: tr_quizzes_page_INDEX 1 3.7041015625 0.0 1101.680908203125 0.738037109375 358.9317237095059 382
stats: 500 0 131
stats: tr_quiz_questions_SHOW 24 5.451772054036458 2.4392012238576584 6500.02978515625 0.10888671875 377.89253983496 2933
# stats: dump at 1448598907
stats: users 10 1222
stats: {freemem,"tsung_controller@ip-172-30-3-25"} 1 3081.07421875 0.0 3170.8203125 3003.46484375 3096.532762096774 31
stats: {load,"tsung_controller@ip-172-30-3-25"} 1 0.0390625 0.0 0.3984375 0.0390625 0.1578881048387097 31
stats: {recvpackets,"tsung_controller@ip-172-30-3-25"} 1 337.0 0.0 11465 136 4400.1 30
stats: {sentpackets,"tsung_controller@ip-172-30-3-25"} 1 328.0 0.0 9243 135 3606.266666666667 30
stats: {cpu,"tsung_controller@ip-172-30-3-25"} 1 1.8664047151277015 0.0 24.514338575393154 1.5810276679841897 9.206552391080743 31
stats: session 10 110637.85642089843 6682.767811853635 132657.92504882813 5639.69091796875 52627.24207529528 1856
stats: users_count 0 1876
stats: finish_users_count 10 1866
stats: request 68 7.375743192784927 6.45045113643697 31847.77099609375 0.05712890625 561.7238083990844 28996
stats: connect 2 0.7984619140625 0.0194091796875 31080.14990234375 0.505126953125 1036.9523686482469 2622
stats: page 49 10.273033920599488 8.274281322102576 31847.77099609375 0.643798828125 674.7815374128364 24142
stats: tr_play_game__ready_page 0 0 0 19747.87109375 0.73193359375 390.8313882317343 923
stats: 302 19 4228
stats: tr_play_game__leaderboard 2 12.0404052734375 1.8094482421875 1226.51806640625 0.7880859375 310.4610464201918 919
stats: 200 29 13801
stats: tr_question_new_POST 16 4.558685302734375 0.7396503090614431 6012.508056640625 0.73681640625 320.87898922643836 2957
stats: size_rcv 113327 43373114
stats: tr_quiz_new_POST 2 6.1419677734375 0.0950927734375 1247.68896484375 0.953125 326.0175761770695 376
stats: newphase 0 6
stats: tr_search_all_users 1 4.91015625 0.0 6322.94384765625 0.754150390625 429.88009207589283 567
stats: 422 10 1229
stats: tr_friends 1 51.81689453125 0.0 17087.755859375 0.7412109375 445.7594002737126 568
stats: size_sent 79850 38446062
stats: tr_friend_requests 0 0 0 1093.989013671875 0.76611328125 386.71075974849236 570
stats: connected -8 7
stats: tr_browse_quizzes_page_1 0 0 0 31691.35302734375 0.72900390625 657.9995487498308 923
stats: error_connection_closed 0 164
stats: tr_play_game__1st_question 0 0 0 3326.781982421875 0.745849609375 359.9836195659534 923
stats: error_abort_max_send_retries 0 24
stats: tr_play_game__answer_to_question 0 0 0 1216.33984375 0.755859375 384.1059744887595 923
stats: 503 0 6460
stats: tr_index 0 0 0 31829.029052734375 1.352783203125 2735.4652709299667 923
stats: 404 10 2723
stats: tr_quizzes_page_INDEX 0 0 0 1101.680908203125 0.738037109375 358.0042364454145 383
stats: 500 0 131
stats: tr_quiz_questions_SHOW 16 6.8064117431640625 3.3542825008291253 6500.02978515625 0.10888671875 374.8696861228389 2957
# stats: dump at 1448598917
stats: users 6 1222
stats: {freemem,"tsung_controller@ip-172-30-3-25"} 1 3090.984375 0.0 3170.8203125 3003.46484375 3096.0496826171875 32
stats: {load,"tsung_controller@ip-172-30-3-25"} 1 0.03125 0.0 0.3984375 0.03125 0.1541748046875 32
stats: {recvpackets,"tsung_controller@ip-172-30-3-25"} 1 214.0 0.0 11465 136 4269.032258064516 31
stats: {sentpackets,"tsung_controller@ip-172-30-3-25"} 1 172.0 0.0 9243 135 3500.516129032258 31
stats: {cpu,"tsung_controller@ip-172-30-3-25"} 1 0.9900990099009901 0.0 24.514338575393154 0.9900990099009901 8.977172776207212 32
stats: session 4 116098.69757080078 2991.8716898972143 132657.92504882813 5639.69091796875 52938.124252924456 1866
stats: users_count 0 1876
stats: finish_users_count 4 1870
stats: request 60 5.920992024739584 9.47237390440508 31847.77099609375 0.05712890625 560.4268200824717 29064
stats: connect 1 0.77587890625 0.0 31080.14990234375 0.505126953125 1036.1626171949433 2624
stats: page 41 8.710651676829269 11.011458100687326 31847.77099609375 0.643798828125 673.4355444125008 24191
stats: tr_play_game__ready_page 0 0 0 19747.87109375 0.73193359375 390.8313882317343 923
stats: 302 36 4264
stats: tr_play_game__leaderboard 1 10.094970703125 0.0 1226.51806640625 0.7880859375 309.8130102830653 921
stats: 200 6 13807
stats: tr_question_new_POST 16 4.2375640869140625 0.6799070369234333 6012.508056640625 0.73681640625 319.1766263395298 2973
stats: size_rcv 61212 43434326
stats: tr_quiz_new_POST 2 5.804931640625 0.48193359375 1247.68896484375 0.953125 324.32511264054233 378
stats: newphase 0 6
stats: tr_search_all_users 1 59.60107421875 0.0 6322.94384765625 0.754150390625 429.13190556915714 568
stats: 422 18 1247
stats: tr_friends 1 4.970947265625 0.0 17087.755859375 0.7412109375 445.06705843585235 569
stats: size_sent 61407 38507469
stats: tr_friend_requests 0 0 0 1093.989013671875 0.76611328125 386.71075974849236 570
stats: connected -4 3
stats: tr_browse_quizzes_page_1 0 0 0 31691.35302734375 0.72900390625 657.9995487498308 923
stats: error_connection_closed 0 164
stats: tr_play_game__1st_question 0 0 0 3326.781982421875 0.745849609375 359.9836195659534 923
stats: error_abort_max_send_retries 0 24
stats: tr_play_game__answer_to_question 0 0 0 1216.33984375 0.755859375 384.1059744887595 923
stats: 503 0 6460
stats: tr_index 0 0 0 31829.029052734375 1.352783203125 2735.4652709299667 923
stats: 404 0 2723
stats: tr_quizzes_page_INDEX 0 0 0 1101.680908203125 0.738037109375 358.0042364454145 383
stats: 500 0 131
stats: tr_quiz_questions_SHOW 16 3.45391845703125 0.06741804777313487 6500.02978515625 0.10888671875 372.888854508283 2973
# stats: dump at 1448598927
stats: users 2 1222
stats: {freemem,"tsung_controller@ip-172-30-3-25"} 1 3091.90625 0.0 3170.8203125 3003.46484375 3095.8961884469695 33
stats: {load,"tsung_controller@ip-172-30-3-25"} 1 0.03125 0.0 0.3984375 0.03125 0.1504498106060606 33
stats: {recvpackets,"tsung_controller@ip-172-30-3-25"} 1 196.0 0.0 11465 136 4142.3125 32
stats: {sentpackets,"tsung_controller@ip-172-30-3-25"} 1 197.0 0.0 9243 135 3396.5 32
stats: {cpu,"tsung_controller@ip-172-30-3-25"} 1 1.3820335636722607 0.0 24.514338575393154 0.9900990099009901 8.735140237834296 33
stats: session 4 138867.53051757813 17072.294913879145 163775.02514648438 5639.69091796875 53073.227083550926 1870
stats: users_count 0 1876
stats: finish_users_count 4 1874
stats: request 57 5.976061369243421 2.7731977842898976 31847.77099609375 0.05712890625 559.284451256642 29124
stats: connect 2 0.9200439453125 0.0999755859375 31080.14990234375 0.505126953125 1035.7681841517858 2625
stats: page 39 8.791985927483974 4.3198517828588665 31847.77099609375 0.643798828125 672.3108448168355 24232
stats: tr_play_game__ready_page 0 0 0 19747.87109375 0.73193359375 390.8313882317343 923
stats: 302 19 4283
stats: tr_play_game__leaderboard 1 4.22900390625 0.0 1226.51806640625 0.7880859375 309.48793648742543 922
stats: 200 19 13826
stats: tr_question_new_POST 16 4.471282958984375 0.3457332412080324 6012.508056640625 0.73681640625 317.49076986711697 2989
stats: size_rcv 92802 43527128
stats: tr_quiz_new_POST 2 10.35498046875 3.833984375 1247.68896484375 0.953125 322.6486906352796 380
stats: newphase 0 6
stats: tr_search_all_users 1 5.027099609375 0.0 6322.94384765625 0.754150390625 428.48246649824256 569
stats: 422 9 1256
stats: tr_friends 0 0 0 17087.755859375 0.7412109375 444.2949599952028 570
stats: size_sent 47313 38554782
stats: tr_friend_requests 0 0 0 1093.989013671875 0.76611328125 386.71075974849236 570
stats: connected -2 1
stats: tr_browse_quizzes_page_1 0 0 0 31691.35302734375 0.72900390625 657.9995487498308 923
stats: error_connection_closed 0 164
stats: tr_play_game__1st_question 0 0 0 3326.781982421875 0.745849609375 359.9836195659534 923
stats: error_abort_max_send_retries 0 24
stats: tr_play_game__answer_to_question 0 0 0 1216.33984375 0.755859375 384.1059744887595 923
stats: 503 0 6460
stats: tr_index 0 0 0 31829.029052734375 1.352783203125 2735.4652709299667 923
stats: 404 10 2733
stats: tr_quizzes_page_INDEX 0 0 0 1101.680908203125 0.738037109375 358.0042364454145 383
stats: 500 0 131
stats: tr_quiz_questions_SHOW 16 6.4081573486328125 2.9728702766611237 6500.02978515625 0.10888671875 370.9112837565867 2989
# stats: dump at 1448598937
stats: users 0 1222
stats: {freemem,"tsung_controller@ip-172-30-3-25"} 1 3092.29296875 0.0 3170.8203125 3003.46484375 3095.7788373161766 34
stats: {load,"tsung_controller@ip-172-30-3-25"} 1 0.01953125 0.0 0.3984375 0.01953125 0.1469439338235294 34
stats: {recvpackets,"tsung_controller@ip-172-30-3-25"} 1 117.0 0.0 11465 117 4022.7272727272725 33
stats: {sentpackets,"tsung_controller@ip-172-30-3-25"} 1 84.0 0.0 9243 84 3299.5454545454545 33
stats: {cpu,"tsung_controller@ip-172-30-3-25"} 1 0.8893280632411068 0.0 24.514338575393154 0.8893280632411068 8.518872394476588 34
stats: session 2 154927.2860107422 20030.250122070313 174957.5361328125 5639.69091796875 53256.35259781779 1874
stats: users_count 0 1876
stats: finish_users_count 2 1876
stats: request 27 4.019259982638889 1.0516369596274349 31847.77099609375 0.05712890625 558.2036597065381 29181
stats: connect 1 0.81201171875 0.0 31080.14990234375 0.505126953125 1034.9803286967372 2627
stats: page 18 6.078545464409722 2.450720655333186 31847.77099609375 0.643798828125 671.2446656113357 24271
stats: tr_play_game__ready_page 0 0 0 19747.87109375 0.73193359375 390.8313882317343 923
stats: 302 17 4300
stats: tr_play_game__leaderboard 0 0 0 1226.51806640625 0.7880859375 309.1572117500677 923
stats: 200 1 13827
stats: tr_question_new_POST 8 4.051727294921875 0.05646836460184662 6012.508056640625 0.73681640625 315.82411036943637 3005
stats: size_rcv 18645 43545773
stats: tr_quiz_new_POST 1 6.31494140625 0.0 1247.68896484375 0.953125 321.0136450323135 382
stats: newphase 0 6
stats: tr_search_all_users 0 0 0 6322.94384765625 0.754150390625 427.73956234580595 570
stats: 422 9 1265
stats: tr_friends 0 0 0 17087.755859375 0.7412109375 444.2949599952028 570
stats: size_sent 25949 38580731
stats: tr_friend_requests 0 0 0 1093.989013671875 0.76611328125 386.71075974849236 570
stats: connected -1 0
stats: tr_browse_quizzes_page_1 0 0 0 31691.35302734375 0.72900390625 657.9995487498308 923
stats: error_connection_closed 0 164
stats: tr_play_game__1st_question 0 0 0 3326.781982421875 0.745849609375 359.9836195659534 923
stats: error_abort_max_send_retries 0 24
stats: tr_play_game__answer_to_question 0 0 0 1216.33984375 0.755859375 384.1059744887595 923
stats: 503 0 6460
stats: tr_index 0 0 0 31829.029052734375 1.352783203125 2735.4652709299667 923
stats: 404 0 2733
stats: tr_quizzes_page_INDEX 0 0 0 1101.680908203125 0.738037109375 358.0042364454145 383
stats: 500 0 131
stats: tr_quiz_questions_SHOW 8 3.410858154296875 0.06303125586247262 6500.02978515625 0.10888671875 368.97050171914003 3005
# stats: dump at 1448598938
stats: users 0 1222
stats: {freemem,"tsung_controller@ip-172-30-3-25"} 0 0 0 3170.8203125 3003.46484375 3095.6792410714284 35
stats: {load,"tsung_controller@ip-172-30-3-25"} 0 0 0 0.3984375 0.01953125 0.14330357142857142 35
stats: {recvpackets,"tsung_controller@ip-172-30-3-25"} 0 0 0 11465 117 3907.8529411764707 34
stats: {sentpackets,"tsung_controller@ip-172-30-3-25"} 0 0 0 9243 84 3204.970588235294 34
stats: {cpu,"tsung_controller@ip-172-30-3-25"} 0 0 0 24.514338575393154 0.8893280632411068 8.300885413584147 35
stats: session 0 0 0 174957.5361328125 5639.69091796875 53364.74378482518 1876
stats: users_count 0 1876
stats: finish_users_count 0 1876
stats: request 0 0 0 31847.77099609375 0.05712890625 557.6913692795132 29208
stats: connect 0 0 0 31080.14990234375 0.505126953125 1034.5868095502462 2628
stats: page 0 0 0 31847.77099609375 0.643798828125 670.7517268257684 24289
stats: tr_play_game__ready_page 0 0 0 19747.87109375 0.73193359375 390.8313882317343 923
stats: 302 0 4300
stats: tr_play_game__leaderboard 0 0 0 1226.51806640625 0.7880859375 309.1572117500677 923
stats: 200 0 13827
stats: tr_question_new_POST 0 0 0 6012.508056640625 0.73681640625 314.99630450664307 3013
stats: size_rcv 0 43545773
stats: tr_quiz_new_POST 0 0 0 1247.68896484375 0.953125 320.1919773988251 383
stats: newphase 0 6
stats: tr_search_all_users 0 0 0 6322.94384765625 0.754150390625 427.73956234580595 570
stats: 422 0 1265
stats: tr_friends 0 0 0 17087.755859375 0.7412109375 444.2949599952028 570
stats: size_sent 0 38580731
stats: tr_friend_requests 0 0 0 1093.989013671875 0.76611328125 386.71075974849236 570
stats: connected 0 0
stats: tr_browse_quizzes_page_1 0 0 0 31691.35302734375 0.72900390625 657.9995487498308 923
stats: error_connection_closed 0 164
stats: tr_play_game__1st_question 0 0 0 3326.781982421875 0.745849609375 359.9836195659534 923
stats: error_abort_max_send_retries 0 24
stats: tr_play_game__answer_to_question 0 0 0 1216.33984375 0.755859375 384.1059744887595 923
stats: 503 0 6460
stats: tr_index 0 0 0 31829.029052734375 1.352783203125 2735.4652709299667 923
stats: 404 0 2733
stats: tr_quizzes_page_INDEX 0 0 0 1101.680908203125 0.738037109375 358.0042364454145 383
stats: 500 0 131
stats: tr_quiz_questions_SHOW 0 0 0 6500.02978515625 0.10888671875 367.9998820216562 3013
EndMonitor:{1448,598938,878683}
