# stats: dump at 1449423669
stats: users 7 7
stats: {load,"tsung_controller@ip-172-30-3-52"} 1 0.0 0 0.0 0.0 0 0
stats: {cpu,"tsung_controller@ip-172-30-3-52"} 1 7.5299801623417695 0 7.5299801623417695 7.5299801623417695 0 0
stats: {freemem,"tsung_controller@ip-172-30-3-52"} 1 3170.4140625 0 3170.4140625 3170.4140625 0 0
stats: users_count 7 7
stats: finish_users_count 0 0
stats: request 9 23.42182074652778 34.810868276897075 121.838134765625 9.698974609375 0 0
stats: connect 6 19.740519205729168 41.04536609236326 111.51904296875 1.10498046875 0 0
stats: page 9 23.42182074652778 34.810868276897075 121.838134765625 9.698974609375 0 0
stats: tr_sign_in_SHOW 1 12.9189453125 0 12.9189453125 12.9189453125 0 0
stats: 200 9 9
stats: size_rcv 20232 20232
stats: size_sent 3153 3153
stats: connected 6 6
# stats: dump at 1449423679
stats: users 17 17
stats: {load,"tsung_controller@ip-172-30-3-52"} 1 0.0 0.0 0.0 0.0 0.0 1
stats: {recvpackets,"tsung_controller@ip-172-30-3-52"} 1 63 0 63 63 0 0
stats: {sentpackets,"tsung_controller@ip-172-30-3-52"} 1 67 0 67 67 0 0
stats: {cpu,"tsung_controller@ip-172-30-3-52"} 1 1.87192118226601 0.0 7.5299801623417695 1.87192118226601 7.5299801623417695 1
stats: {freemem,"tsung_controller@ip-172-30-3-52"} 1 3171.6953125 0.0 3171.6953125 3170.4140625 3170.4140625 1
stats: users_count 10 17
stats: finish_users_count 0 0
stats: request 27 39.71974464699074 55.09669261222966 179.330078125 8.419921875 23.42182074652778 9
stats: connect 10 1.5027587890625 0.2313055345506433 111.51904296875 1.10498046875 19.740519205729168 6
stats: page 24 44.69713338216145 67.75243884491802 256.650146484375 9.504150390625 23.42182074652778 9
stats: tr_play_game__ready_page 1 55.069091796875 0 55.069091796875 55.069091796875 0 0
stats: 302 3 3
stats: tr_sign_in_POST 1 179.515869140625 0 179.515869140625 179.515869140625 0 0
stats: 200 24 33
stats: tr_play_game__1st_question 1 17.0048828125 0 17.0048828125 17.0048828125 0 0
stats: size_rcv 71992 92224
stats: tr_index 1 77.260009765625 0 77.260009765625 77.260009765625 0 0
stats: size_sent 19625 22778
stats: tr_quizzes_page_INDEX 1 15.10400390625 0 15.10400390625 15.10400390625 0 0
stats: connected 10 16
stats: tr_sign_in_SHOW 3 20.623453776041668 11.430391382246386 36.787109375 12.360107421875 12.9189453125 1
# stats: dump at 1449423689
stats: users 23 23
stats: {load,"tsung_controller@ip-172-30-3-52"} 1 0.0 0.0 0.0 0.0 0.0 2
stats: {recvpackets,"tsung_controller@ip-172-30-3-52"} 1 138.0 0.0 138 63 63.0 1
stats: {sentpackets,"tsung_controller@ip-172-30-3-52"} 1 140.0 0.0 140 67 67.0 1
stats: {cpu,"tsung_controller@ip-172-30-3-52"} 1 1.3806706114398422 0.0 7.5299801623417695 1.3806706114398422 4.70095067230389 2
stats: {freemem,"tsung_controller@ip-172-30-3-52"} 1 3169.62109375 0.0 3171.6953125 3169.62109375 3171.0546875 2
stats: session 3 11333.571370442709 6243.943394958851 19347.01708984375 4114.56591796875 0 0
stats: users_count 9 26
stats: finish_users_count 3 3
stats: request 54 79.13486961082174 109.63252355738238 545.76904296875 8.003173828125 35.645263671875 36
stats: connect 10 1.421337890625 0.2714512822681439 111.51904296875 1.044921875 8.3419189453125 16
stats: page 43 99.40081645167152 146.72471377102912 645.301025390625 9.504150390625 38.89477539062499 33
stats: tr_play_game__ready_page 2 40.987548828125 6.536376953125 55.069091796875 34.451171875 55.069091796875 1
stats: 302 10 13
stats: tr_sign_in_POST 4 233.15728759765625 76.69777562107542 347.64111328125 159.56591796875 179.515869140625 1
stats: 200 44 77
stats: tr_friend_requests 1 13.72998046875 0 13.72998046875 13.72998046875 0 0
stats: size_rcv 173430 265654
stats: tr_search_all_users 1 99.528076171875 0 99.528076171875 99.528076171875 0 0
stats: size_sent 49006 71784
stats: tr_friends 1 206.158935546875 0 206.158935546875 206.158935546875 0 0
stats: connected 7 23
stats: tr_browse_quizzes_page_1 1 68.636962890625 0 68.636962890625 68.636962890625 0 0
stats: tr_play_game__1st_question 2 35.446044921875 19.6708984375 55.116943359375 15.775146484375 17.0048828125 1
stats: tr_play_game__answer_to_question 1 17.345947265625 0 17.345947265625 17.345947265625 0 0
stats: tr_index 4 78.4940185546875 96.83228451585171 243.486083984375 9.243896484375 77.260009765625 1
stats: tr_quizzes_page_INDEX 0 0 0 15.10400390625 15.10400390625 15.10400390625 1
stats: tr_sign_in_SHOW 5 15.504638671875 7.536383347488652 36.787109375 11.341064453125 18.69732666015625 4
# stats: dump at 1449423699
stats: users 30 30
stats: {load,"tsung_controller@ip-172-30-3-52"} 1 0.0 0.0 0.0 0.0 0.0 3
stats: {recvpackets,"tsung_controller@ip-172-30-3-52"} 1 217.0 0.0 217 63 100.5 2
stats: {sentpackets,"tsung_controller@ip-172-30-3-52"} 1 192.0 0.0 192 67 103.5 2
stats: {cpu,"tsung_controller@ip-172-30-3-52"} 1 1.5794669299111548 0.0 7.5299801623417695 1.3806706114398422 3.594190652015874 3
stats: {freemem,"tsung_controller@ip-172-30-3-52"} 1 3167.9375 0.0 3171.6953125 3167.9375 3170.5768229166665 3
stats: session 5 20345.690283203126 9826.613560896609 32686.343017578125 4114.56591796875 11333.571370442709 3
stats: users_count 12 38
stats: finish_users_count 5 8
stats: request 83 70.08362257624248 166.32573044687314 1373.10302734375 8.003173828125 61.73902723524304 90
stats: connect 12 1.4652303059895833 0.23933995625187013 111.51904296875 1.044921875 5.680157001201923 26
stats: page 67 86.84952920942165 187.12081315208692 1373.10302734375 9.0380859375 73.12845651726974 76
stats: tr_play_game__ready_page 4 27.58929443359375 20.959445954596298 63.87109375 14.37109375 45.681396484375 3
stats: 302 5 18
stats: tr_sign_in_POST 2 355.343017578125 121.193115234375 476.5361328125 159.56591796875 222.42900390625 5
stats: 200 70 147
stats: tr_question_new_POST 8 30.654052734375 10.380611447579177 47.389892578125 14.56103515625 0 0
stats: size_rcv 303809 569463
stats: tr_quiz_new_POST 1 58.868896484375 0 58.868896484375 58.868896484375 0 0
stats: newphase 1 1
stats: tr_friend_requests 1 15.0830078125 0.0 15.0830078125 13.72998046875 13.72998046875 1
stats: size_sent 107577 179361
stats: tr_search_all_users 2 98.637939453125 7.2041015625 105.842041015625 91.433837890625 99.528076171875 1
stats: connected 7 30
stats: tr_friends 0 0 0 206.158935546875 206.158935546875 206.158935546875 1
stats: 404 8 8
stats: tr_browse_quizzes_page_1 2 114.0240478515625 44.5059814453125 158.530029296875 68.636962890625 68.636962890625 1
stats: tr_play_game__1st_question 4 14.90576171875 1.4305491638915264 55.116943359375 13.196044921875 29.298990885416668 3
stats: tr_play_game__answer_to_question 2 65.741455078125 48.41650390625 114.157958984375 17.324951171875 17.345947265625 1
stats: tr_index 2 42.1519775390625 5.0989990234375 243.486083984375 9.243896484375 78.247216796875 5
stats: tr_quizzes_page_INDEX 0 0 0 15.10400390625 15.10400390625 15.10400390625 1
stats: tr_sign_in_SHOW 2 32.2515869140625 20.2674560546875 52.51904296875 11.341064453125 16.92361111111111 9
stats: tr_quiz_questions_SHOW 8 54.576995849609375 15.208763150801746 91.114990234375 42.48486328125 0 0
# stats: dump at 1449423709
stats: users 40 40
stats: {load,"tsung_controller@ip-172-30-3-52"} 1 0.0 0.0 0.0 0.0 0.0 4
stats: {recvpackets,"tsung_controller@ip-172-30-3-52"} 1 412.0 0.0 412 63 139.33333333333334 3
stats: {sentpackets,"tsung_controller@ip-172-30-3-52"} 1 350.0 0.0 350 67 133.0 3
stats: {cpu,"tsung_controller@ip-172-30-3-52"} 1 1.7786561264822136 0.0 7.5299801623417695 1.3806706114398422 3.090509721489694 4
stats: {freemem,"tsung_controller@ip-172-30-3-52"} 1 3166.27734375 0.0 3171.6953125 3166.27734375 3169.9169921875 4
stats: session 4 18717.254028320313 11717.113378660924 32686.343017578125 4114.56591796875 16966.14569091797 8
stats: users_count 14 52
stats: finish_users_count 4 12
stats: request 121 44.65639527376034 112.32905177371137 1373.10302734375 6.678955078125 65.74250361271676 173
stats: connect 13 1.5930363581730769 0.27353756025888226 111.51904296875 1.044921875 4.349127518503289 38
stats: page 98 55.15934161750638 126.72113310474337 1373.10302734375 8.85888671875 79.5572108555507 143
stats: tr_play_game__ready_page 2 103.845458984375 89.24951171875 193.094970703125 14.37109375 35.343052455357146 7
stats: 302 14 32
stats: tr_sign_in_POST 4 159.5858154296875 1.8402430714527473 476.5361328125 156.68408203125 260.40443638392856 7
stats: 200 99 246
stats: tr_question_new_POST 8 9.18988037109375 3.328106666903976 47.389892578125 6.77197265625 30.654052734375 8
stats: size_rcv 399616 969079
stats: tr_quiz_new_POST 1 15.720947265625 0.0 58.868896484375 15.720947265625 58.868896484375 1
stats: newphase 0 1
stats: tr_play_game__leaderboard 1 19.197021484375 0 19.197021484375 19.197021484375 0 0
stats: size_sent 189288 368649
stats: tr_friend_requests 3 18.75830078125 6.471936038675126 27.902099609375 13.72998046875 14.406494140625 2
stats: connected 9 39
stats: tr_search_all_users 0 0 0 105.842041015625 91.433837890625 98.93465169270833 3
stats: 404 8 16
stats: tr_friends 0 0 0 206.158935546875 206.158935546875 206.158935546875 1
stats: tr_browse_quizzes_page_1 3 69.79313151041667 0.531907678046783 158.530029296875 68.636962890625 98.89501953125 3
stats: tr_play_game__1st_question 2 14.6375732421875 0.7174072265625 55.116943359375 13.196044921875 21.074288504464285 7
stats: tr_play_game__answer_to_question 5 18.57138671875 1.5821285536241587 114.157958984375 17.324951171875 49.609619140625 3
stats: tr_index 4 8.47076416015625 0.31535099217082013 243.486083984375 8.0029296875 67.93429129464286 7
stats: tr_quizzes_page_INDEX 2 15.5380859375 1.4990234375 17.037109375 14.0390625 15.10400390625 1
stats: tr_sign_in_SHOW 4 15.73870849609375 6.861531912103555 52.51904296875 11.341064453125 19.710515802556817 11
stats: tr_quiz_questions_SHOW 8 15.45166015625 4.5534471929990366 91.114990234375 11.7490234375 54.576995849609375 8
# stats: dump at 1449423719
stats: users 44 45
stats: {load,"tsung_controller@ip-172-30-3-52"} 1 0.0 0.0 0.0 0.0 0.0 5
stats: {recvpackets,"tsung_controller@ip-172-30-3-52"} 1 547.0 0.0 547 63 207.5 4
stats: {sentpackets,"tsung_controller@ip-172-30-3-52"} 1 484.0 0.0 484 67 187.25 4
stats: {cpu,"tsung_controller@ip-172-30-3-52"} 1 1.9801980198019802 0.0 7.5299801623417695 1.3806706114398422 2.828139002488198 5
stats: {freemem,"tsung_controller@ip-172-30-3-52"} 1 3162.7734375 0.0 3171.6953125 3162.7734375 3169.1890625 5
stats: session 12 24721.135864257813 14501.049122509074 51262.677001953125 2386.592041015625 17549.848470052082 12
stats: users_count 16 68
stats: finish_users_count 12 24
stats: request 129 53.72207144803778 121.03853700089819 1373.10302734375 6.678955078125 57.06420732355442 294
stats: connect 16 1.4952239990234375 0.2864462007767354 111.51904296875 1.028076171875 3.646594477634804 51
stats: page 106 65.4005840949293 138.0044277927761 1373.10302734375 7.77197265625 69.63608560522562 241
stats: tr_play_game__ready_page 5 84.897119140625 136.96771534798106 358.83203125 14.37109375 50.56580946180556 9
stats: 302 11 43
stats: tr_sign_in_POST 3 172.73193359375 10.434190884184693 476.5361328125 156.68408203125 223.74311967329547 11
stats: 200 110 356
stats: tr_question_new_POST 8 12.881378173828125 5.192636709209921 47.389892578125 6.77197265625 19.921966552734375 16
stats: size_rcv 481111 1450190
stats: tr_quiz_new_POST 1 17.97119140625 0.0 58.868896484375 15.720947265625 37.294921875 2
stats: newphase 0 1
stats: tr_play_game__leaderboard 2 20.16845703125 0.54443359375 20.712890625 19.197021484375 19.197021484375 1
stats: size_sent 191657 560306
stats: tr_friend_requests 4 14.40625 1.2790182844059985 27.902099609375 12.75 17.017578125 5
stats: connected 5 44
stats: tr_search_all_users 3 118.873779296875 6.228734641472463 127.451171875 91.433837890625 98.93465169270833 3
stats: 404 8 24
stats: tr_friends 2 69.0159912109375 4.3289794921875 206.158935546875 64.68701171875 206.158935546875 1
stats: tr_browse_quizzes_page_1 2 69.0855712890625 0.4185791015625 158.530029296875 68.636962890625 84.34407552083333 6
stats: tr_play_game__1st_question 5 19.61337890625 8.329404483724952 55.116943359375 13.19091796875 19.643907335069443 9
stats: tr_play_game__answer_to_question 2 16.9375 0.58447265625 114.157958984375 16.35302734375 30.210723876953125 8
stats: tr_index 3 9.06396484375 0.23724917166658757 243.486083984375 8.0029296875 46.31119051846591 11
stats: tr_quizzes_page_INDEX 0 0 0 17.037109375 14.0390625 15.393391927083334 3
stats: tr_sign_in_SHOW 5 11.821044921875 0.3092040003593029 52.51904296875 11.341064453125 18.6513671875 15
stats: tr_quiz_questions_SHOW 8 31.924102783203125 24.998353185188268 91.114990234375 11.7490234375 35.01432800292969 16
# stats: dump at 1449423729
stats: users 48 50
stats: {load,"tsung_controller@ip-172-30-3-52"} 1 0.0 0.0 0.0 0.0 0.0 6
stats: {recvpackets,"tsung_controller@ip-172-30-3-52"} 1 611.0 0.0 611 63 275.4 5
stats: {sentpackets,"tsung_controller@ip-172-30-3-52"} 1 517.0 0.0 517 67 246.6 5
stats: {cpu,"tsung_controller@ip-172-30-3-52"} 1 1.9801980198019802 0.0 7.5299801623417695 1.3806706114398422 2.686815505373828 6
stats: {freemem,"tsung_controller@ip-172-30-3-52"} 1 3162.04296875 0.0 3171.6953125 3162.04296875 3168.1197916666665 6
stats: session 8 32610.30892944336 11140.798954023026 51262.677001953125 2386.592041015625 21135.49216715495 24
stats: users_count 12 80
stats: finish_users_count 8 32
stats: request 84 44.194338843936016 66.01306954079301 1373.10302734375 6.678955078125 56.044974396978425 423
stats: connect 13 1.9307767427884615 0.935395596222333 111.51904296875 1.028076171875 3.132834363339552 67
stats: page 76 43.67877839740954 59.033031528711874 1373.10302734375 7.77197265625 68.34224364530802 347
stats: tr_play_game__ready_page 3 15.315673828125 1.2729225911919824 358.83203125 14.345947265625 62.826991489955354 14
stats: 302 7 50
stats: tr_sign_in_POST 4 218.76800537109375 100.84173902102579 476.5361328125 156.68408203125 212.81215122767858 14
stats: 200 77 433
stats: tr_question_new_POST 0 0 0 47.389892578125 6.77197265625 17.575103759765625 24
stats: size_rcv 307601 1757791
stats: tr_quiz_new_POST 0 0 0 58.868896484375 15.720947265625 30.853678385416668 3
stats: newphase 1 2
stats: tr_play_game__leaderboard 3 24.790364583333332 6.84850970347272 34.35693359375 18.697998046875 19.844645182291668 3
stats: size_sent 148928 709234
stats: tr_friend_requests 1 95.365966796875 0.0 95.365966796875 12.75 15.856987847222221 9
stats: connected 5 49
stats: tr_search_all_users 1 96.093017578125 0.0 127.451171875 91.433837890625 108.90421549479167 6
stats: 404 0 24
stats: tr_friends 4 84.11016845703125 17.04592749200605 206.158935546875 64.68701171875 114.73030598958333 3
stats: tr_browse_quizzes_page_1 2 114.1824951171875 36.8175048828125 158.530029296875 68.636962890625 80.52944946289063 8
stats: tr_play_game__1st_question 3 60.586344401041664 53.39019183541755 135.553955078125 13.19091796875 19.633004324776785 14
stats: tr_play_game__answer_to_question 4 19.1392822265625 1.841815098887764 114.157958984375 16.35302734375 27.5560791015625 10
stats: tr_index 3 8.861328125 0.1541400869327569 243.486083984375 8.0029296875 38.329642159598215 14
stats: tr_quizzes_page_INDEX 0 0 0 17.037109375 14.0390625 15.393391927083334 3
stats: tr_sign_in_SHOW 7 12.1484375 1.4335213802924773 52.51904296875 10.1708984375 16.94378662109375 20
stats: tr_quiz_questions_SHOW 0 0 0 91.114990234375 11.7490234375 33.9842529296875 24
# stats: dump at 1449423739
stats: users 59 59
stats: {load,"tsung_controller@ip-172-30-3-52"} 1 0.0 0.0 0.0 0.0 0.0 7
stats: {recvpackets,"tsung_controller@ip-172-30-3-52"} 1 494.0 0.0 611 63 331.3333333333333 6
stats: {sentpackets,"tsung_controller@ip-172-30-3-52"} 1 466.0 0.0 517 67 291.6666666666667 6
stats: {cpu,"tsung_controller@ip-172-30-3-52"} 1 2.1696252465483234 0.0 7.5299801623417695 1.3806706114398422 2.5858701502921355 7
stats: {freemem,"tsung_controller@ip-172-30-3-52"} 1 3160.69921875 0.0 3171.6953125 3160.69921875 3167.2516741071427 7
stats: session 9 30716.586941189234 19840.34589321427 61592.27197265625 2386.592041015625 24004.19635772705 32
stats: users_count 20 100
stats: finish_users_count 9 41
stats: request 119 122.70504324776789 380.929603697838 2562.484130859375 6.678955078125 54.08155548878205 507
stats: connect 19 1.4781943873355263 0.2478118941015727 111.51904296875 1.028076171875 2.9375 80
stats: page 99 151.48185961174238 435.05608696657066 2562.484130859375 7.77197265625 63.91098274970451 423
stats: tr_play_game__ready_page 7 14.526890345982142 1.135618876659359 358.83203125 13.28515625 54.44264131433823 17
stats: 302 18 68
stats: tr_sign_in_POST 8 190.71517944335938 50.24435226483901 476.5361328125 156.68408203125 214.13567437065973 18
stats: 200 101 534
stats: tr_question_new_POST 0 0 0 47.389892578125 6.77197265625 17.575103759765625 24
stats: size_rcv 413959 2171750
stats: tr_quiz_new_POST 0 0 0 58.868896484375 15.720947265625 30.853678385416668 3
stats: newphase 0 2
stats: tr_play_game__leaderboard 2 20.3995361328125 0.1483154296875 34.35693359375 18.697998046875 22.3175048828125 6
stats: size_sent 165088 874322
stats: tr_friend_requests 0 0 0 95.365966796875 12.75 23.8078857421875 10
stats: connected 9 58
stats: tr_search_all_users 2 89.072998046875 4.2529296875 127.451171875 84.820068359375 107.07404436383929 7
stats: 404 0 24
stats: tr_friends 2 73.7099609375 15.557861328125 206.158935546875 58.152099609375 97.23308454241071 7
stats: tr_browse_quizzes_page_1 3 897.7610677083334 1177.209632545886 2562.5830078125 62.234130859375 87.26005859375 10
stats: tr_play_game__1st_question 3 16.499348958333332 1.6925632473315984 135.553955078125 13.19091796875 26.860064338235293 17
stats: tr_play_game__answer_to_question 4 41.86260986328125 37.056271428654775 114.157958984375 16.35302734375 25.151279994419642 14
stats: tr_index 9 167.98323567708334 448.5710739475291 1436.713134765625 7.7080078125 33.1293514476103 17
stats: tr_quizzes_page_INDEX 1 13.00390625 0.0 17.037109375 13.00390625 15.393391927083334 3
stats: tr_sign_in_SHOW 6 12.009521484375 0.4138846345266093 52.51904296875 10.1708984375 15.700547960069445 27
stats: tr_quiz_questions_SHOW 0 0 0 91.114990234375 11.7490234375 33.9842529296875 24
# stats: dump at 1449423749
stats: users 71 71
stats: {load,"tsung_controller@ip-172-30-3-52"} 1 0.0 0.0 0.0 0.0 0.0 8
stats: {recvpackets,"tsung_controller@ip-172-30-3-52"} 1 488.0 0.0 611 63 354.57142857142856 7
stats: {sentpackets,"tsung_controller@ip-172-30-3-52"} 1 444.0 0.0 517 67 316.57142857142856 7
stats: {cpu,"tsung_controller@ip-172-30-3-52"} 1 2.0771513353115725 0.0 7.5299801623417695 1.3806706114398422 2.5338395373241593 8
stats: {freemem,"tsung_controller@ip-172-30-3-52"} 1 3161.57421875 0.0 3171.6953125 3160.69921875 3166.4326171875 8
stats: session 6 48512.3993733724 23835.76916368821 75567.5009765625 2386.592041015625 25477.64794921875 41
stats: users_count 18 118
stats: finish_users_count 6 47
stats: request 118 39.558057882018 54.45369936736825 2562.484130859375 6.678955078125 67.12659549408447 626
stats: connect 19 1.4864566200657894 0.26154534849855854 111.51904296875 0.927978515625 2.657431246054293 99
stats: page 101 46.22965414217203 64.23706652013176 2562.484130859375 7.77197265625 80.51925249940135 522
stats: tr_play_game__ready_page 4 15.884033203125 1.132091147850134 358.83203125 13.28515625 42.80054728190104 24
stats: 302 14 82
stats: tr_sign_in_POST 9 175.46438259548611 26.98592349672895 476.5361328125 154.205078125 206.92936823918268 26
stats: 200 104 638
stats: tr_question_new_POST 0 0 0 47.389892578125 6.77197265625 17.575103759765625 24
stats: size_rcv 419984 2591734
stats: tr_quiz_new_POST 0 0 0 58.868896484375 15.720947265625 30.853678385416668 3
stats: newphase 0 2
stats: tr_play_game__leaderboard 2 18.358642578125 0.62353515625 34.35693359375 17.735107421875 21.8380126953125 8
stats: size_sent 184452 1058774
stats: tr_friend_requests 1 14.651123046875 0.0 95.365966796875 12.75 23.8078857421875 10
stats: connected 13 71
stats: tr_search_all_users 3 93.25862630208333 10.097840889169658 127.451171875 83.820068359375 103.07381184895833 9
stats: 404 0 24
stats: tr_friends 1 51.31494140625 0.0 206.158935546875 51.31494140625 92.00572374131944 9
stats: tr_browse_quizzes_page_1 0 0 0 2562.5830078125 62.234130859375 274.2987530048077 13
stats: tr_play_game__1st_question 5 18.5904296875 6.554060063846168 135.553955078125 13.19091796875 25.30595703125 20
stats: tr_play_game__answer_to_question 6 25.757161458333332 18.82565376856426 114.157958984375 16.179931640625 28.864908854166668 18
stats: tr_index 9 8.756673177083334 0.5302085391820521 1436.713134765625 7.7080078125 79.80954214242789 26
stats: tr_quizzes_page_INDEX 0 0 0 17.037109375 13.00390625 14.7960205078125 4
stats: tr_sign_in_SHOW 9 32.614664713541664 39.54670598806894 135.05419921875 10.1708984375 15.029452237215908 33
stats: tr_quiz_questions_SHOW 0 0 0 91.114990234375 11.7490234375 33.9842529296875 24
# stats: dump at 1449423759
stats: users 86 87
stats: {load,"tsung_controller@ip-172-30-3-52"} 1 0.0 0.0 0.0 0.0 0.0 9
stats: {recvpackets,"tsung_controller@ip-172-30-3-52"} 1 687.0 0.0 687 63 371.25 8
stats: {sentpackets,"tsung_controller@ip-172-30-3-52"} 1 641.0 0.0 641 67 332.5 8
stats: {cpu,"tsung_controller@ip-172-30-3-52"} 1 2.4630541871921183 0.0 7.5299801623417695 1.3806706114398422 2.483096403767205 9
stats: {freemem,"tsung_controller@ip-172-30-3-52"} 1 3158.1953125 0.0 3171.6953125 3158.1953125 3165.8927951388887 9
stats: session 16 28152.137725830078 19816.949979633213 75567.5009765625 2386.592041015625 28418.254514004322 47
stats: users_count 31 149
stats: finish_users_count 16 63
stats: request 180 75.00302056206597 185.53267408413822 2562.484130859375 6.678955078125 62.754166141633064 744
stats: connect 31 1.4329322076612903 0.2526767862220685 111.51904296875 0.927978515625 2.4688844842425848 118
stats: page 155 87.1099105342742 207.3878472306428 2562.484130859375 7.77197265625 74.96026464373494 623
stats: tr_play_game__ready_page 8 20.63037109375 11.230195106821375 358.83203125 12.93408203125 38.955330984933035 28
stats: 302 18 100
stats: tr_sign_in_POST 5 294.532470703125 196.6055307292748 674.24609375 154.205078125 198.83837193080356 35
stats: 200 162 800
stats: tr_question_new_POST 0 0 0 47.389892578125 6.77197265625 17.575103759765625 24
stats: size_rcv 747017 3338751
stats: tr_quiz_new_POST 0 0 0 58.868896484375 15.720947265625 30.853678385416668 3
stats: newphase 1 3
stats: tr_play_game__leaderboard 4 31.51580810546875 11.905667277435079 48.1201171875 17.735107421875 21.142138671875 10
stats: size_sent 302601 1361375
stats: tr_friend_requests 1 14.072998046875 0.0 95.365966796875 12.75 22.975452769886363 11
stats: connected 15 86
stats: tr_search_all_users 7 146.38675362723214 82.58023571605996 302.839111328125 83.55908203125 100.62001546223958 12
stats: 404 0 24
stats: tr_friends 2 210.9644775390625 137.3604736328125 348.324951171875 51.31494140625 87.9366455078125 10
stats: tr_browse_quizzes_page_1 6 72.22005208333333 13.092903606540725 2562.5830078125 58.39794921875 274.2987530048077 13
stats: tr_play_game__1st_question 9 44.05088975694444 57.33358404217831 195.22705078125 13.19091796875 23.9628515625 25
stats: tr_play_game__answer_to_question 5 37.021044921875 25.59999196966984 114.157958984375 16.179931640625 28.087972005208332 24
stats: tr_index 5 19.606005859375 15.831572503390404 1436.713134765625 7.7080078125 61.53880440848214 35
stats: tr_quizzes_page_INDEX 1 21.791015625 0.0 21.791015625 13.00390625 14.7960205078125 4
stats: tr_sign_in_SHOW 6 344.3206380208333 466.0692487248832 1077.725830078125 10.1708984375 18.797712053571427 42
stats: tr_quiz_questions_SHOW 0 0 0 91.114990234375 11.7490234375 33.9842529296875 24
# stats: dump at 1449423769
stats: users 104 104
stats: {load,"tsung_controller@ip-172-30-3-52"} 1 0.0 0.0 0.0 0.0 0.0 10
stats: {recvpackets,"tsung_controller@ip-172-30-3-52"} 1 1001.0 0.0 1001 63 406.3333333333333 9
stats: {sentpackets,"tsung_controller@ip-172-30-3-52"} 1 909.0 0.0 909 67 366.77777777777777 9
stats: {cpu,"tsung_controller@ip-172-30-3-52"} 1 2.868447082096934 0.0 7.5299801623417695 1.3806706114398422 2.4810921821096965 10
stats: {freemem,"tsung_controller@ip-172-30-3-52"} 1 3152.859375 0.0 3171.6953125 3152.859375 3165.123046875 10
stats: session 18 32091.848809136285 22639.240745321422 96712.8359375 2386.592041015625 28350.66929796007 63
stats: users_count 36 185
stats: finish_users_count 18 81
stats: request 239 58.54888737251569 98.72280868386746 2562.484130859375 6.265869140625 65.14030661314597 924
stats: connect 36 1.4785224066840277 0.28588197979831204 111.51904296875 0.884033203125 2.2533507891149327 149
stats: page 198 69.60660560684978 126.72987924782429 2562.484130859375 7.553955078125 77.38082391498634 778
stats: tr_play_game__ready_page 7 15.376604352678571 1.8918261663602212 358.83203125 12.93408203125 34.88311767578125 36
stats: 302 28 128
stats: tr_sign_in_POST 8 214.20074462890625 124.49078773862777 674.24609375 154.205078125 210.80013427734374 40
stats: 200 203 1003
stats: tr_question_new_POST 8 15.440704345703125 10.63238858467354 47.389892578125 6.364013671875 17.575103759765625 24
stats: size_rcv 839147 4177898
stats: tr_quiz_new_POST 1 42.607177734375 0.0 58.868896484375 15.720947265625 30.853678385416668 3
stats: newphase 0 3
stats: tr_play_game__leaderboard 6 19.550821940104168 1.2070846662392203 48.1201171875 17.735107421875 24.106044224330358 14
stats: size_sent 349988 1711363
stats: tr_friend_requests 4 37.1092529296875 23.3454473971838 95.365966796875 12.75 22.23358154296875 12
stats: connected 17 103
stats: tr_search_all_users 4 214.9937744140625 219.91379393808126 595.781005859375 82.948974609375 117.4814453125 19
stats: 404 8 32
stats: tr_friends 3 64.58121744791667 7.25686595079315 348.324951171875 51.31494140625 108.4412841796875 12
stats: tr_browse_quizzes_page_1 5 304.427197265625 239.88417195100743 2562.5830078125 58.39794921875 210.48442639802633 19
stats: tr_play_game__1st_question 7 57.36976841517857 73.91868363359806 233.8779296875 12.760009765625 29.2802734375 34
stats: tr_play_game__answer_to_question 4 25.0615234375 7.996556058563019 114.157958984375 16.179931640625 29.628156990840516 29
stats: tr_index 8 58.914764404296875 121.48949786436135 1436.713134765625 7.7080078125 56.29720458984375 40
stats: tr_quizzes_page_INDEX 3 16.090983072916668 4.5934080067241165 21.885009765625 10.650146484375 16.19501953125 5
stats: tr_sign_in_SHOW 17 22.25400677849265 24.14847839963826 1077.725830078125 10.1708984375 59.488077799479164 48
stats: tr_quiz_questions_SHOW 8 23.738525390625 23.106473912151685 91.114990234375 10.304931640625 33.9842529296875 24
# stats: dump at 1449423779
stats: users 127 128
stats: {load,"tsung_controller@ip-172-30-3-52"} 1 0.0 0.0 0.0 0.0 0.0 11
stats: {recvpackets,"tsung_controller@ip-172-30-3-52"} 1 1182.0 0.0 1182 63 465.8 10
stats: {sentpackets,"tsung_controller@ip-172-30-3-52"} 1 1066.0 0.0 1066 67 421.0 10
stats: {cpu,"tsung_controller@ip-172-30-3-52"} 1 3.652517275419546 0.0 7.5299801623417695 1.3806706114398422 2.5163062639267184 11
stats: {freemem,"tsung_controller@ip-172-30-3-52"} 1 3152.15625 0.0 3171.6953125 3152.15625 3164.0081676136365 11
stats: session 19 40869.08431846217 20529.630762791126 96712.8359375 2386.592041015625 29182.042522665895 81
stats: users_count 42 227
stats: finish_users_count 19 100
stats: request 308 55.58229124391236 95.90037958180403 2562.484130859375 6.265869140625 63.78575012259512 1163
stats: connect 43 1.455407430959302 0.267918077647878 111.51904296875 0.884033203125 2.1025733741554054 185
stats: page 261 66.42710765385536 119.50228093263443 2562.484130859375 7.12890625 75.8036771680488 976
stats: tr_play_game__ready_page 16 18.838211059570313 10.705520163743941 358.83203125 11.240966796875 31.707638762718023 43
stats: 302 32 160
stats: tr_sign_in_POST 17 253.30325137867646 135.79145146199613 705.320068359375 154.205078125 211.36690266927084 48
stats: 200 268 1271
stats: tr_question_new_POST 8 8.66790771484375 3.004874545244976 47.389892578125 6.364013671875 17.04150390625 32
stats: size_rcv 1071956 5249854
stats: tr_quiz_new_POST 1 16.552001953125 0.0 58.868896484375 15.720947265625 33.79205322265625 4
stats: newphase 0 3
stats: tr_play_game__leaderboard 7 37.476632254464285 24.640548266968324 87.006103515625 17.735107421875 22.7394775390625 20
stats: size_sent 474304 2185667
stats: tr_friend_requests 3 70.51603190104167 44.74304459963933 119.8310546875 11.52294921875 25.952499389648438 16
stats: connected 25 128
stats: tr_search_all_users 6 187.21223958333334 109.97092636123831 595.781005859375 82.948974609375 134.44011124320653 23
stats: 404 8 40
stats: tr_friends 2 81.6844482421875 9.7095947265625 348.324951171875 51.31494140625 99.66927083333333 15
stats: tr_browse_quizzes_page_1 2 79.7354736328125 12.4185791015625 2562.5830078125 58.39794921875 230.05583699544272 24
stats: tr_play_game__1st_question 15 58.20496419270833 123.05452048768433 516.41015625 12.760009765625 34.07604087271341 41
stats: tr_play_game__answer_to_question 13 24.04071514423077 13.446134911558925 114.157958984375 13.905029296875 29.074625651041668 33
stats: tr_index 17 22.244758157169116 28.62273892737157 1436.713134765625 7.6220703125 56.73346455891927 48
stats: tr_quizzes_page_INDEX 5 67.584423828125 92.51059481521415 250.987060546875 10.650146484375 16.156005859375 8
stats: tr_sign_in_SHOW 17 11.765151079963236 2.1271584307740756 1077.725830078125 9.8798828125 49.749936147836536 65
stats: tr_quiz_questions_SHOW 8 15.087005615234375 5.579395750416643 91.114990234375 10.304931640625 31.422821044921875 32
# stats: dump at 1449423789
stats: users 163 163
stats: {load,"tsung_controller@ip-172-30-3-52"} 1 0.0 0.0 0.0 0.0 0.0 12
stats: {recvpackets,"tsung_controller@ip-172-30-3-52"} 1 1549.0 0.0 1549 63 530.9090909090909 11
stats: {sentpackets,"tsung_controller@ip-172-30-3-52"} 1 1356.0 0.0 1356 67 479.6363636363636 11
stats: {cpu,"tsung_controller@ip-172-30-3-52"} 1 4.715127701375246 0.0 7.5299801623417695 1.3806706114398422 2.610990514884454 12
stats: {freemem,"tsung_controller@ip-172-30-3-52"} 1 3143.37890625 0.0 3171.6953125 3143.37890625 3163.0205078125 12
stats: session 19 47226.57789370888 27787.421252813747 96712.8359375 2386.592041015625 31402.580463867187 100
stats: users_count 55 282
stats: finish_users_count 19 119
stats: request 372 69.48768599315353 144.47012753916405 2562.484130859375 6.265869140625 62.068098637459634 1471
stats: connect 54 2.4954743561921298 2.984366881908171 111.51904296875 0.8310546875 1.9805201480263157 228
stats: page 314 81.29228608927146 161.08450858548792 2562.484130859375 7.12890625 73.8252740611737 1237
stats: tr_play_game__ready_page 17 43.433004940257355 53.251565974534245 358.83203125 11.240966796875 28.217624470338983 59
stats: 302 36 196
stats: tr_sign_in_POST 18 329.2595486111111 124.79376704322044 705.320068359375 154.205078125 222.33487079326923 65
stats: 200 320 1591
stats: tr_question_new_POST 16 13.031280517578125 3.8062169174138982 47.389892578125 6.364013671875 15.36678466796875 40
stats: size_rcv 1235148 6485002
stats: tr_quiz_new_POST 2 21.805419921875 4.33740234375 58.868896484375 15.720947265625 30.34404296875 5
stats: newphase 1 4
stats: tr_play_game__leaderboard 4 44.3927001953125 33.410190411660274 101.620849609375 17.735107421875 26.560221354166668 27
stats: size_sent 571494 2757161
stats: tr_friend_requests 7 81.47764369419643 92.9776651356153 282.60400390625 11.52294921875 32.98884662828947 19
stats: connected 34 162
stats: tr_search_all_users 4 197.13970947265625 98.15059299729757 595.781005859375 82.948974609375 145.3584826239224 29
stats: 404 16 56
stats: tr_friends 4 79.21746826171875 19.997898533339193 348.324951171875 51.31494140625 97.55340935202206 17
stats: tr_browse_quizzes_page_1 2 195.506591796875 43.011474609375 2562.5830078125 58.39794921875 218.49273212139423 26
stats: tr_play_game__1st_question 14 48.25282505580357 83.08499418197356 516.41015625 12.760009765625 40.53914533342634 56
stats: tr_play_game__answer_to_question 15 61.34664713541667 114.09141464524592 477.62890625 13.905029296875 27.651998768682066 46
stats: tr_index 18 24.008585611979168 28.41319947660824 1436.713134765625 7.6220703125 47.71334134615385 65
stats: tr_quizzes_page_INDEX 1 19.072998046875 0.0 250.987060546875 10.650146484375 35.93616661658654 13
stats: tr_sign_in_SHOW 28 124.59772600446425 371.59146552794147 1684.76904296875 9.8798828125 41.875041682545735 82
stats: tr_quiz_questions_SHOW 16 18.8719482421875 7.164842633313945 91.114990234375 10.304931640625 28.155657958984374 40
# stats: dump at 1449423799
stats: users 210 211
stats: {load,"tsung_controller@ip-172-30-3-52"} 1 0.23828125 0.0 0.23828125 0.0 0.0 13
stats: {recvpackets,"tsung_controller@ip-172-30-3-52"} 1 1959.0 0.0 1959 63 615.75 12
stats: {sentpackets,"tsung_controller@ip-172-30-3-52"} 1 1497.0 0.0 1497 67 552.6666666666666 12
stats: {cpu,"tsung_controller@ip-172-30-3-52"} 1 56.59163987138264 0.0 56.59163987138264 1.3806706114398422 2.7728472215375914 13
stats: {freemem,"tsung_controller@ip-172-30-3-52"} 1 3131.515625 0.0 3171.6953125 3131.515625 3161.5096153846152 13
stats: session 31 27584.133253528227 16213.785153054816 96712.8359375 2386.592041015625 33929.10106190914 119
stats: users_count 78 360
stats: finish_users_count 31 150
stats: request 578 108.46578356468969 228.11196028129507 2562.484130859375 6.163818359375 63.565703898619766 1843
stats: connect 77 2.118173574472402 2.207247748442526 111.51904296875 0.8310546875 2.079128400653812 282
stats: page 465 134.99692540322576 279.9210823406485 2562.484130859375 7.12890625 75.33697088697815 1551
stats: tr_play_game__ready_page 22 63.64737215909091 107.14305741125372 427.845947265625 11.240966796875 31.6210648386102 76
stats: 302 52 248
stats: tr_sign_in_POST 25 526.964052734375 373.8949156692625 1410.035888671875 153.324951171875 245.52335513930723 83
stats: 200 480 2071
stats: tr_question_new_POST 46 36.6979343580163 72.82190382524983 449.958984375 6.26611328125 14.699497767857142 56
stats: size_rcv 1934451 8419453
stats: tr_quiz_new_POST 6 41.970703125 33.70371842572995 115.113037109375 15.720947265625 27.904436383928573 7
stats: newphase 0 4
stats: tr_play_game__leaderboard 6 157.8206787109375 116.22756848892767 292.041015625 17.735107421875 28.86118636592742 31
stats: size_sent 816610 3573771
stats: tr_friend_requests 1 16.16015625 0.0 282.60400390625 11.52294921875 46.04352276141827 26
stats: connected 48 210
stats: tr_search_all_users 9 403.7931857638889 475.1020728858005 1659.02294921875 82.948974609375 151.6349949692235 33
stats: 404 46 102
stats: tr_friends 2 246.7235107421875 188.8284912109375 435.552001953125 51.31494140625 94.06084914434524 21
stats: tr_browse_quizzes_page_1 8 143.50775146484375 85.06293331159114 2562.5830078125 58.39794921875 216.85086495535714 28
stats: tr_play_game__1st_question 21 27.418596540178573 16.674808417026604 516.41015625 12.760009765625 42.081881277901786 70
stats: tr_play_game__answer_to_question 14 119.45199148995536 147.41387879044467 478.02197265625 13.905029296875 35.93756803919057 61
stats: tr_index 24 102.84715779622395 215.93950037162512 1436.713134765625 7.6220703125 42.572550945971386 83
stats: tr_quizzes_page_INDEX 7 75.92986188616071 114.50810565198128 354.322021484375 10.650146484375 34.731654575892854 14
stats: tr_sign_in_SHOW 30 33.163053385416674 27.605805367135986 1684.76904296875 9.8798828125 62.93172496448864 110
stats: tr_quiz_questions_SHOW 46 40.49746836786685 49.73425947190213 303.5859375 10.304931640625 25.503169468470983 56
# stats: dump at 1449423809
stats: users 258 260
stats: {load,"tsung_controller@ip-172-30-3-52"} 1 0.26953125 0.0 0.26953125 0.0 0.017020089285714284 14
stats: {recvpackets,"tsung_controller@ip-172-30-3-52"} 1 2912.0 0.0 2912 63 719.0769230769231 13
stats: {sentpackets,"tsung_controller@ip-172-30-3-52"} 1 2298.0 0.0 2298 67 625.3076923076923 13
stats: {cpu,"tsung_controller@ip-172-30-3-52"} 1 33.24372759856631 0.0 56.59163987138264 1.3806706114398422 6.617046696526523 14
stats: {freemem,"tsung_controller@ip-172-30-3-52"} 1 3126.234375 0.0 3171.6953125 3126.234375 3159.3671875 14
stats: session 33 33032.5673902107 20252.445403171787 96712.8359375 2386.592041015625 32617.80771484375 150
stats: users_count 81 441
stats: finish_users_count 33 183
stats: request 665 110.58618237488253 253.33309402197318 3430.89404296875 6.163818359375 74.28534291018045 2421
stats: connect 83 1.4404708678463853 0.26887554961894766 111.51904296875 0.8310546875 2.0875029922527855 359
stats: page 559 132.08311612533547 289.5887196761642 3430.89404296875 7.12890625 89.09782349117216 2016
stats: tr_play_game__ready_page 22 84.96222478693181 83.35773711421385 427.845947265625 11.240966796875 38.810644033003825 98
stats: 302 65 313
stats: tr_sign_in_POST 25 446.78599609375 305.5511954844348 1410.035888671875 153.324951171875 310.67166476779516 108
stats: 200 566 2637
stats: tr_question_new_POST 34 13.287324793198529 10.155579675114927 449.958984375 6.26611328125 24.620361328125 102
stats: size_rcv 2075040 10494493
stats: tr_quiz_new_POST 4 41.20477294921875 37.794655890201796 115.113037109375 15.22314453125 34.39655949519231 13
stats: newphase 0 4
stats: tr_play_game__leaderboard 12 338.01755777994794 934.0931788267447 3430.98681640625 17.376953125 49.773536475929056 37
stats: size_sent 1046579 4620350
stats: tr_friend_requests 6 20.229532877604168 13.532047197893768 282.60400390625 11.52294921875 44.93673140914352 27
stats: connected 48 258
stats: tr_search_all_users 3 360.2693684895833 200.29649170636034 1659.02294921875 82.948974609375 205.66889299665178 42
stats: 404 34 136
stats: tr_friends 4 193.9033203125 151.9501060077083 435.552001953125 51.31494140625 107.33586319633152 23
stats: tr_browse_quizzes_page_1 13 256.6332444411058 222.86572490210378 2562.5830078125 58.39794921875 200.55239529079861 36
stats: tr_play_game__1st_question 23 74.70510996942934 60.136253013346526 516.41015625 12.760009765625 38.6980463384272 91
stats: tr_play_game__answer_to_question 28 105.84258161272321 248.01007070832642 1330.833984375 13.905029296875 51.526927083333334 75
stats: tr_index 26 57.61085862379808 89.66010903175288 1436.713134765625 7.6220703125 56.09208893107477 107
stats: tr_quizzes_page_INDEX 10 56.490625 43.05772496882578 354.322021484375 10.650146484375 48.464390345982146 21
stats: tr_sign_in_SHOW 36 51.385226779513886 43.400847238775484 1684.76904296875 9.8798828125 56.552723911830356 140
stats: tr_quiz_questions_SHOW 34 19.871962603400736 10.891628234173465 303.5859375 10.304931640625 32.26530426623774 102
# stats: dump at 1449423819
stats: users 356 357
stats: {load,"tsung_controller@ip-172-30-3-52"} 1 0.23046875 0.0 0.26953125 0.0 0.033854166666666664 15
stats: {recvpackets,"tsung_controller@ip-172-30-3-52"} 1 3524.0 0.0 3524 63 875.7142857142857 14
stats: {sentpackets,"tsung_controller@ip-172-30-3-52"} 1 2974.0 0.0 2974 67 744.7857142857143 14
stats: {cpu,"tsung_controller@ip-172-30-3-52"} 1 7.8817733990147785 0.0 56.59163987138264 1.3806706114398422 8.392158756662509 15
stats: {freemem,"tsung_controller@ip-172-30-3-52"} 1 3114.25 0.0 3171.6953125 3114.25 3157.1583333333333 15
stats: session 51 32025.74006204044 20680.191806286446 96712.8359375 2386.592041015625 32692.60044318861 183
stats: users_count 149 590
stats: finish_users_count 51 234
stats: request 887 182.6925529127326 309.7874296823747 3983.385986328125 6.163818359375 82.10778563345552 3086
stats: connect 147 1.432047526041667 0.26731087724166613 111.51904296875 0.8310546875 1.9660014847285068 442
stats: page 741 217.29382011217942 367.6614673438596 4415.739990234375 7.12890625 98.42938798922937 2575
stats: tr_play_game__ready_page 34 134.85437729779412 123.24690677703063 533.671142578125 10.865966796875 47.271767171223956 120
stats: 302 84 397
stats: tr_sign_in_POST 36 705.3975355360243 276.0071581086573 1410.035888671875 153.324951171875 336.2570653929746 133
stats: 200 764 3401
stats: tr_question_new_POST 40 44.73970336914063 53.339711985776624 449.958984375 6.26611328125 21.787102194393384 136
stats: size_rcv 2592088 13086581
stats: tr_quiz_new_POST 6 226.51700846354166 164.62399184969408 424.376953125 15.22314453125 35.9984920726103 17
stats: newphase 1 5
stats: tr_play_game__leaderboard 18 173.29294162326389 149.4409497536821 3430.98681640625 17.376953125 120.36390904017857 49
stats: size_sent 1313637 5933987
stats: tr_friend_requests 9 114.00211588541667 90.81604036736067 282.60400390625 11.52294921875 40.44451349431818 33
stats: connected 97 355
stats: tr_search_all_users 16 669.9378967285156 891.987871187966 3983.451904296875 82.948974609375 215.9755913628472 45
stats: 404 40 176
stats: tr_friends 5 447.46328125 182.25859131157367 719.865966796875 51.31494140625 120.16067165798611 27
stats: tr_browse_quizzes_page_1 14 304.1131068638393 120.94455493499508 2562.5830078125 58.39794921875 215.43098792251274 49
stats: tr_play_game__1st_question 30 93.84457194010416 74.32101310292246 516.41015625 12.760009765625 45.96262935169956 114
stats: tr_play_game__answer_to_question 17 111.45220588235294 104.15418344414121 1330.833984375 13.905029296875 66.29234773209951 103
stats: tr_index 35 72.54108537946429 59.60793219185505 1436.713134765625 7.6220703125 56.38899127702068 133
stats: tr_quizzes_page_INDEX 7 140.94001116071428 60.25558874089043 354.322021484375 10.650146484375 51.05349829889113 31
stats: tr_sign_in_SHOW 43 245.0273323946221 548.1496177202409 3463.881103515625 9.458984375 55.49573586203835 176
stats: tr_quiz_questions_SHOW 40 55.14610595703126 66.26011186922669 387.02001953125 10.304931640625 29.16696885052849 136
# stats: dump at 1449423829
stats: users 482 483
stats: {load,"tsung_controller@ip-172-30-3-52"} 1 0.26953125 0.0 0.26953125 0.0 0.046142578125 16
stats: {recvpackets,"tsung_controller@ip-172-30-3-52"} 1 5454.0 0.0 5454 63 1052.2666666666667 15
stats: {sentpackets,"tsung_controller@ip-172-30-3-52"} 1 4534.0 0.0 4534 67 893.4 15
stats: {cpu,"tsung_controller@ip-172-30-3-52"} 1 10.515873015873016 0.0 56.59163987138264 1.3806706114398422 8.360259671809526 16
stats: {freemem,"tsung_controller@ip-172-30-3-52"} 1 3100.9375 0.0 3171.6953125 3100.9375 3154.4765625 16
stats: session 64 32943.50386047364 21645.966315558777 101235.88891601563 2386.592041015625 32547.259078066574 234
stats: users_count 190 780
stats: finish_users_count 64 298
stats: request 1108 246.34234508968862 286.1775549310996 3983.385986328125 6.163818359375 104.56403747758307 3973
stats: connect 190 1.4170551500822368 0.2629381063472029 111.51904296875 0.8310546875 1.832739630862691 589
stats: page 927 295.32043101486676 372.65157867294675 4415.739990234375 7.12890625 124.99107200705384 3316
stats: tr_play_game__ready_page 38 211.2327752364309 155.05412636842777 710.6669921875 10.865966796875 66.6081875887784 154
stats: 302 94 491
stats: tr_sign_in_POST 40 844.919921875 428.94286076084995 1661.60205078125 153.324951171875 414.89053832285504 169
stats: 200 950 4351
stats: tr_question_new_POST 63 84.89780195932539 88.22061511741369 449.958984375 6.26611328125 27.00360246138139 176
stats: size_rcv 2999749 16086330
stats: tr_quiz_new_POST 9 145.56287977430554 120.32441146351351 424.376953125 15.22314453125 85.698974609375 23
stats: newphase 0 5
stats: tr_play_game__leaderboard 17 229.79579790900735 150.23366722357397 3430.98681640625 17.376953125 134.58364913712686 67
stats: size_sent 1566161 7500148
stats: tr_friend_requests 11 314.9502618963068 214.5258707942038 765.885986328125 11.52294921875 56.206856863839285 42
stats: connected 126 481
stats: tr_search_all_users 15 548.930126953125 299.2531121706168 3983.451904296875 82.948974609375 335.04767145876025 61
stats: 404 63 239
stats: tr_friends 10 472.9083251953125 239.7515766155666 972.93603515625 51.31494140625 171.30170440673828 32
stats: tr_browse_quizzes_page_1 14 601.7881208147321 258.5388568853933 2562.5830078125 58.39794921875 235.13812546502976 63
stats: tr_play_game__1st_question 37 197.60219594594594 190.1886938652628 750.0 12.760009765625 55.93803405761719 144
stats: tr_play_game__answer_to_question 38 198.5805535567434 186.89457411044773 1330.833984375 13.905029296875 72.68999430338542 120
stats: tr_index 41 181.94730135289635 190.93769814170508 1436.713134765625 7.45703125 59.75401088169643 168
stats: tr_quizzes_page_INDEX 14 203.97525460379464 123.94772607098156 495.800048828125 10.650146484375 67.61154014185855 38
stats: tr_sign_in_SHOW 68 214.6658504710478 193.37219758406434 3463.881103515625 9.458984375 92.70970230450914 219
stats: tr_quiz_questions_SHOW 61 120.52603499615775 132.85917670107227 806.01806640625 10.304931640625 35.071318192915484 176
# stats: dump at 1449423839
stats: users 594 595
stats: {load,"tsung_controller@ip-172-30-3-52"} 1 0.23046875 0.0 0.26953125 0.0 0.059283088235294115 17
stats: {recvpackets,"tsung_controller@ip-172-30-3-52"} 1 6226.0 0.0 6226 63 1327.375 16
stats: {sentpackets,"tsung_controller@ip-172-30-3-52"} 1 4949.0 0.0 4949 67 1120.9375 16
stats: {cpu,"tsung_controller@ip-172-30-3-52"} 1 12.363996043521267 0.0 56.59163987138264 1.3806706114398422 8.487060456754437 17
stats: {freemem,"tsung_controller@ip-172-30-3-52"} 1 3073.59375 0.0 3171.6953125 3073.59375 3151.327205882353 17
stats: session 49 35460.3248565051 21616.886584437125 101630.13208007813 2386.592041015625 32632.35862865064 298
stats: users_count 161 941
stats: finish_users_count 49 347
stats: request 1021 752.146190497598 578.9165319596184 3983.385986328125 6.163818359375 135.48125157603081 5081
stats: connect 163 1.33971044622316 0.26095099191976956 111.51904296875 0.8310546875 1.731353172135751 779
stats: page 852 868.1803064480632 797.4087361569742 4795.14794921875 7.12890625 162.20420323501583 4243
stats: tr_play_game__ready_page 35 696.4203404017857 575.4399941501978 1919.531982421875 10.865966796875 95.23180389404297 192
stats: 302 125 616
stats: tr_sign_in_POST 51 1313.893396714154 582.6054998457503 2813.421142578125 153.324951171875 497.1928126869019 209
stats: 200 872 5223
stats: tr_question_new_POST 26 609.026395357572 485.8494766829223 1815.879150390625 6.26611328125 42.26441655498169 239
stats: size_rcv 2566695 18653025
stats: tr_quiz_new_POST 7 878.5725795200893 567.2124671946515 2100.68212890625 15.22314453125 102.53569793701172 32
stats: newphase 0 5
stats: tr_play_game__leaderboard 14 875.8050013950893 609.0690615794921 3430.98681640625 17.376953125 153.85277448381697 84
stats: size_sent 1656016 9156164
stats: tr_friend_requests 11 458.56582919034093 276.98466917941045 1055.510009765625 11.52294921875 109.90831828567217 53
stats: connected 113 594
stats: tr_search_all_users 11 1291.0634099786932 544.7612989947161 3983.451904296875 82.948974609375 377.26131399054276 76
stats: 404 26 265
stats: tr_friends 11 985.6117942116477 511.3210238645913 1800.3291015625 51.31494140625 243.11280459449404 42
stats: tr_browse_quizzes_page_1 12 735.5597941080729 344.0123846878994 2562.5830078125 57.06005859375 301.80176098315746 77
stats: tr_play_game__1st_question 37 684.3395204286318 549.6819893097547 1923.400146484375 12.760009765625 84.8970063773308 181
stats: tr_play_game__answer_to_question 34 428.12740550321683 462.6261230803226 1935.013916015625 13.905029296875 102.9674705795095 158
stats: tr_index 47 707.9833984375001 576.462470010101 1963.876953125 7.45703125 83.72494346217105 209
stats: tr_quizzes_page_INDEX 13 785.7132474459135 603.5582839868437 1831.004150390625 10.650146484375 104.32484788161058 52
stats: tr_sign_in_SHOW 64 711.8934631347654 473.05310813584873 3463.881103515625 9.458984375 121.60523566800958 287
stats: tr_quiz_questions_SHOW 25 575.0571289062501 437.75312856561624 1639.705078125 10.304931640625 57.06599213805378 237
# stats: dump at 1449423849
stats: users 740 740
stats: {load,"tsung_controller@ip-172-30-3-52"} 1 0.19140625 0.0 0.26953125 0.0 0.06879340277777778 18
stats: {recvpackets,"tsung_controller@ip-172-30-3-52"} 1 5971.0 0.0 6226 63 1615.5294117647059 17
stats: {sentpackets,"tsung_controller@ip-172-30-3-52"} 1 4667.0 0.0 4949 67 1346.1176470588234 17
stats: {cpu,"tsung_controller@ip-172-30-3-52"} 1 10.636182902584492 0.0 56.59163987138264 1.3806706114398422 8.702445767130373 18
stats: {freemem,"tsung_controller@ip-172-30-3-52"} 1 3058.44921875 0.0 3171.6953125 3058.44921875 3147.0086805555557 18
stats: session 58 36007.996922986255 20023.87404861187 101630.13208007813 2386.592041015625 33031.69679915458 347
stats: users_count 204 1145
stats: finish_users_count 58 405
stats: request 1015 1637.1024185556496 570.1114119960495 3983.385986328125 6.163818359375 238.66297931102267 6102
stats: connect 198 1.6089643998579544 1.2138564570550916 111.51904296875 0.8310546875 1.6635848448281583 942
stats: page 840 1918.3814644949773 992.7491484283486 5491.93408203125 7.12890625 280.25948094601017 5095
stats: tr_play_game__ready_page 44 1508.3470181551843 467.72475670087175 2159.05615234375 10.865966796875 187.92607163752754 227
stats: 302 130 746
stats: tr_sign_in_POST 55 2259.9014293323867 557.098521267044 3351.2470703125 153.324951171875 657.3917733999399 260
stats: 200 860 6083
stats: tr_question_new_POST 23 1144.377982761549 570.0529412198559 2043.658203125 6.26611328125 97.87125221108491 265
stats: size_rcv 2581540 21234565
stats: tr_quiz_new_POST 8 1636.3212585449219 571.5165783203153 2335.537841796875 15.22314453125 241.8243689903846 39
stats: newphase 1 6
stats: tr_play_game__leaderboard 13 1479.4737642728364 357.3486768016596 3430.98681640625 17.376953125 256.988806899713 98
stats: size_sent 1702637 10858801
stats: tr_friend_requests 15 1389.9965494791666 540.0442725515027 2473.572998046875 11.52294921875 169.8338279724121 64
stats: connected 140 734
stats: tr_search_all_users 14 2162.5252511160716 451.0113563776501 3983.451904296875 82.948974609375 492.79951003502157 87
stats: 404 24 289
stats: tr_friends 12 1896.8098754882813 364.05659068220785 2354.674072265625 51.31494140625 397.2163684772995 53
stats: tr_browse_quizzes_page_1 18 1935.7642550998264 422.9372281470896 2766.991943359375 57.06005859375 360.28599016853934 89
stats: tr_play_game__1st_question 38 1566.7874627364308 423.13172038390906 2274.47900390625 12.760009765625 186.6372495878727 218
stats: tr_play_game__answer_to_question 31 1635.6254174017138 544.5206147985526 2438.873046875 13.905029296875 160.54787572224936 192
stats: tr_index 51 1476.2194010416663 472.6714726664557 2488.68701171875 7.45703125 198.33489418029788 256
stats: tr_quizzes_page_INDEX 14 1251.7682582310267 530.0848334540598 2176.016845703125 10.650146484375 240.60252779447114 65
stats: tr_sign_in_SHOW 49 1482.0568897480866 538.589583808091 3463.881103515625 9.458984375 229.23613754228984 351
stats: tr_quiz_questions_SHOW 24 1225.6344197591147 603.2833197916002 2316.45703125 10.304931640625 106.49262732585878 262
# stats: dump at 1449423859
stats: users 998 998
stats: {load,"tsung_controller@ip-172-30-3-52"} 1 0.16015625 0.0 0.26953125 0.0 0.07524671052631579 19
stats: {recvpackets,"tsung_controller@ip-172-30-3-52"} 1 7002.0 0.0 7002 63 1857.5 18
stats: {sentpackets,"tsung_controller@ip-172-30-3-52"} 1 5733.0 0.0 5733 67 1530.611111111111 18
stats: {cpu,"tsung_controller@ip-172-30-3-52"} 1 15.594541910331383 0.0 56.59163987138264 1.3806706114398422 8.804221405838485 19
stats: {freemem,"tsung_controller@ip-172-30-3-52"} 1 3029.8671875 0.0 3171.6953125 3029.8671875 3142.34765625 19
stats: session 68 36031.529052734375 18571.333583252912 101630.13208007813 2386.592041015625 33457.93237244406 405
stats: users_count 326 1471
stats: finish_users_count 68 473
stats: request 1257 2459.4441182114565 1043.2001780294397 4927.386962890625 1.2138671875 438.103197216502 7117
stats: connect 331 1.3041630770864803 0.48343369980598944 111.51904296875 0.7900390625 1.6540981359649123 1140
stats: page 1076 2770.268848972247 1493.2598561945806 8060.68701171875 1.330078125 512.1082536808261 5935
stats: tr_play_game__ready_page 44 2258.414400967685 782.7783101874944 3504.516845703125 1.75390625 402.31176037102165 271
stats: 302 116 862
stats: tr_sign_in_POST 51 3174.2604214537378 1258.2182933728636 4927.60205078125 1.529052734375 937.1950466579862 315
stats: 200 1012 7095
stats: tr_question_new_POST 21 2551.8758138020835 694.8578493413357 3708.197021484375 6.26611328125 181.44644249810113 288
stats: size_rcv 2907458 24142023
stats: tr_quiz_new_POST 11 2770.962335759943 826.0520981969606 3811.54296875 15.22314453125 479.1855416805186 47
stats: newphase 0 6
stats: tr_play_game__leaderboard 18 2371.963989257813 912.358041293747 3795.91796875 4.9638671875 400.1627208262951 111
stats: 422 1 1
stats: tr_friend_requests 7 3073.1677594866073 739.0736973398849 3786.862060546875 11.52294921875 401.51029408128954 79
stats: size_sent 1812963 12671764
stats: tr_search_all_users 16 2605.126510620117 1138.5408502180326 4530.8681640625 1.679931640625 724.2466424620977 101
stats: connected 262 996
stats: tr_friends 13 2782.825477013221 1017.7115197291682 4174.7080078125 3.174072265625 674.0644005408653 65
stats: 503 107 107
stats: tr_browse_quizzes_page_1 28 2646.574977329799 1208.1384486358952 4589.384033203125 1.519775390625 625.31971697941 107
stats: 404 20 309
stats: tr_play_game__1st_question 41 2424.294380001906 866.7152752233227 4090.2451171875 2.278076171875 391.5032968521118 256
stats: tr_play_game__answer_to_question 40 2473.0154785156255 885.0858593673369 4123.68994140625 2.10595703125 365.6034981081838 223
stats: tr_index 46 2264.637594471807 1194.882037083303 4168.22412109375 1.305908203125 410.62189694879885 307
stats: tr_quizzes_page_INDEX 10 2429.82890625 1021.4793763805721 3604.325927734375 1.463134765625 419.7964547072785 79
stats: tr_sign_in_SHOW 72 2261.553646511502 989.4961540763805 4225.944091796875 1.49609375 382.7066796875 400
stats: tr_quiz_questions_SHOW 17 2665.6508932674633 880.4131243153197 3874.440185546875 10.304931640625 200.40662389368444 286
# stats: dump at 1449423869
stats: users 1202 1203
stats: {load,"tsung_controller@ip-172-30-3-52"} 1 0.140625 0.0 0.26953125 0.0 0.0794921875 20
stats: {recvpackets,"tsung_controller@ip-172-30-3-52"} 1 7727.0 0.0 7727 63 2128.2631578947367 19
stats: {sentpackets,"tsung_controller@ip-172-30-3-52"} 1 6513.0 0.0 6513 67 1751.7894736842106 19
stats: {cpu,"tsung_controller@ip-172-30-3-52"} 1 16.12265084075173 0.0 56.59163987138264 1.3806706114398422 9.143737431063128 20
stats: {freemem,"tsung_controller@ip-172-30-3-52"} 1 2999.10546875 0.0 3171.6953125 2999.10546875 3136.7236328125 20
stats: session 98 45166.27260792014 22833.12847656708 120138.0 2386.592041015625 33827.920901534424 473
stats: users_count 302 1773
stats: finish_users_count 98 571
stats: request 1911 2124.8197534422475 1811.6607873121186 5171.5908203125 1.1689453125 741.521580031245 8374
stats: connect 303 1.3347127681518152 0.5915129559084957 111.51904296875 0.7900390625 1.5753568004864889 1471
stats: page 1585 2524.42599704875 2346.2655105851195 8837.2841796875 1.235107421875 858.6751914263073 7011
stats: tr_play_game__ready_page 57 2059.562478584157 1713.3294021291108 4279.22314453125 1.552978515625 661.5768911210317 315
stats: 302 129 991
stats: tr_sign_in_POST 85 2279.435294117647 2126.2801401396187 5171.677001953125 1.529052734375 1248.9172710147711 366
stats: 200 946 8041
stats: tr_question_new_POST 55 1495.3593572443176 1711.6270674392547 4217.4130859375 1.386962890625 342.5435842372067 309
stats: size_rcv 3136905 27278928
stats: tr_quiz_new_POST 12 2436.0325724283853 1730.2041291119688 4041.11083984375 2.287109375 913.8328646955819 58
stats: newphase 0 6
stats: tr_play_game__leaderboard 29 2208.559073612608 1756.0543859630345 4287.137939453125 1.700927734375 675.2977815376696 129
stats: 422 22 23
stats: tr_friend_requests 18 1836.4371202256943 1843.3404176086733 4188.171142578125 1.4990234375 618.9707854514899 86
stats: size_sent 2358643 15030407
stats: tr_search_all_users 20 2895.051647949219 1914.2353583062577 4906.72412109375 1.679931640625 981.4609834067842 117
stats: connected 206 1202
stats: tr_friends 8 2793.777374267578 1644.2574677834286 4428.23193359375 1.426025390625 1025.5245799529246 78
stats: 503 785 892
stats: tr_browse_quizzes_page_1 37 2270.825492240288 1994.8340352839953 4599.722900390625 1.519775390625 1044.5430302372686 135
stats: 404 30 339
stats: tr_play_game__1st_question 53 1743.3704580630897 1732.6891468555882 4301.509033203125 1.387939453125 672.1242881286828 297
stats: tr_play_game__answer_to_question 43 2399.884856468024 1680.0925208560232 4123.68994140625 1.6630859375 686.1224304895438 263
stats: tr_index 77 1687.5699320211038 1773.9429053955305 4395.885986328125 1.2099609375 652.2216762294175 353
stats: tr_quizzes_page_INDEX 31 1806.732925907258 1771.2514002758157 4214.224853515625 1.3349609375 645.6427975772472 89
stats: tr_sign_in_SHOW 123 2348.788165332826 1692.0519803662783 4765.318115234375 1.49609375 669.3104542877714 472
stats: tr_quiz_questions_SHOW 50 1443.899970703125 1727.4568615815592 4756.947998046875 1.28515625 338.72065880904495 303
# stats: dump at 1449423879
stats: users 1144 1246
stats: {load,"tsung_controller@ip-172-30-3-52"} 1 0.12109375 0.0 0.26953125 0.0 0.08240327380952381 21
stats: {recvpackets,"tsung_controller@ip-172-30-3-52"} 1 8102.0 0.0 8102 63 2408.2 20
stats: {sentpackets,"tsung_controller@ip-172-30-3-52"} 1 7201.0 0.0 7201 67 1989.85 20
stats: {cpu,"tsung_controller@ip-172-30-3-52"} 1 17.002012072434606 0.0 56.59163987138264 1.3806706114398422 9.4760666410483 21
stats: {freemem,"tsung_controller@ip-172-30-3-52"} 1 2990.27734375 0.0 3171.6953125 2990.27734375 3130.170386904762 21
stats: session 126 38329.318855406775 20659.134358761796 120138.0 2386.592041015625 35773.90770928539 571
stats: users_count 68 1841
stats: finish_users_count 126 697
stats: request 1950 2110.4856213691887 1962.5098644608804 6277.586181640625 1.1689453125 998.5447019941449 10285
stats: connect 70 1.3949741908482143 0.2529360915414732 111.51904296875 0.7900390625 1.5342546912433062 1774
stats: page 1536 2574.5060362815907 2601.5830100584444 10314.09619140625 1.200927734375 1165.8197966975465 8596
stats: tr_play_game__ready_page 83 2199.131562382341 1909.3150843181793 5315.113037109375 1.430908203125 875.7843601678009 372
stats: 302 165 1156
stats: tr_sign_in_POST 110 2750.4089821555394 2145.1444953061905 6277.662109375 1.48095703125 1443.139071377841 451
stats: 200 807 8848
stats: tr_question_new_POST 99 1183.119283656881 1745.2113935344628 5263.27294921875 1.35498046875 516.7327807080613 364
stats: size_rcv 3080361 30359289
stats: tr_quiz_new_POST 18 2048.112209743924 1889.8356914799274 5079.498046875 1.948974609375 1174.7813860212054 70
stats: newphase 0 6
stats: tr_play_game__leaderboard 23 2577.0673615828805 1755.2387190216361 4547.30810546875 1.700927734375 956.7191579311709 158
stats: 422 55 78
stats: tr_friend_requests 28 1918.848737444197 2005.4010356345634 5140.156005859375 1.4990234375 829.6861126239484 104
stats: size_sent 2528330 17558737
stats: tr_search_all_users 30 2266.252937825521 2004.424936860019 4906.72412109375 1.48095703125 1260.8172847998403 137
stats: connected -57 1145
stats: tr_friends 19 2537.9439890008225 2017.1341386052982 5216.236083984375 1.3720703125 1190.0132119821947 86
stats: 503 867 1759
stats: tr_browse_quizzes_page_1 53 2663.216225678066 2168.856036563225 5742.089111328125 1.330810546875 1308.3363505518716 172
stats: 404 56 395
stats: tr_play_game__1st_question 68 1760.3543593462775 1875.4976104941532 5057.004150390625 1.387939453125 834.3415652901786 350
stats: tr_play_game__answer_to_question 48 1511.7549743652344 1811.8146874192664 4524.31298828125 1.48095703125 926.9452550551473 306
stats: tr_index 99 2133.8282803622174 1925.612649946 5083.633056640625 1.2099609375 837.6212476153706 430
stats: tr_quizzes_page_INDEX 37 2360.7891284839525 1891.4513915763648 4740.695068359375 1.3349609375 945.5910807291667 120
stats: tr_sign_in_SHOW 110 2307.362260298295 1891.1431832453943 5153.092041015625 1.49609375 1016.4966029575893 595
stats: tr_quiz_questions_SHOW 94 1179.8578270445482 1791.0311460301373 5073.368896484375 1.27099609375 495.26163783086935 353
# stats: dump at 1449423889
stats: users 1024 1246
stats: {load,"tsung_controller@ip-172-30-3-52"} 1 0.171875 0.0 0.26953125 0.0 0.08416193181818182 22
stats: {recvpackets,"tsung_controller@ip-172-30-3-52"} 1 7029.0 0.0 8102 63 2679.3333333333335 21
stats: {sentpackets,"tsung_controller@ip-172-30-3-52"} 1 5719.0 0.0 7201 67 2238.0 21
stats: {cpu,"tsung_controller@ip-172-30-3-52"} 1 13.618290258449303 0.0 56.59163987138264 1.3806706114398422 9.818155069747677 22
stats: {freemem,"tsung_controller@ip-172-30-3-52"} 1 2977.8359375 0.0 3171.6953125 2977.8359375 3123.811612215909 22
stats: session 120 43394.96518758139 22334.62182657593 120226.86889648438 2386.592041015625 36235.86151762297 697
stats: users_count 0 1841
stats: finish_users_count 120 817
stats: request 1602 2749.397081772784 1864.673458172108 6277.586181640625 1.157958984375 1175.7645461119491 12235
stats: connect 0 0 0 111.51904296875 0.7900390625 1.528967470512473 1844
stats: page 1281 3512.681581162178 2819.2724227231365 10761.570068359375 1.200927734375 1379.3750734445946 10132
stats: tr_play_game__ready_page 97 2801.2856898356963 1717.920647484072 5315.113037109375 1.4228515625 1117.1861574948489 455
stats: 302 203 1359
stats: tr_sign_in_POST 99 3318.161835641572 2115.037873072252 6277.662109375 1.48095703125 1699.466504863664 561
stats: 200 775 9623
stats: tr_question_new_POST 52 2665.6021587665264 1739.2622969317995 5263.27294921875 1.35498046875 659.2214714033812 463
stats: size_rcv 2910310 33269599
stats: tr_quiz_new_POST 13 2341.7627516526436 1889.9763130699114 5079.498046875 1.948974609375 1353.417236328125 88
stats: newphase 0 6
stats: tr_play_game__leaderboard 31 1809.3316138482862 2023.7470966181806 4560.932861328125 1.700927734375 1162.6197583952003 181
stats: 422 54 132
stats: tr_friend_requests 23 2850.7120838994565 1423.0778589051 5140.156005859375 1.4990234375 1060.7206087979403 132
stats: size_sent 2484820 20043557
stats: tr_search_all_users 29 2657.235006398168 1994.9705605659983 5183.39892578125 1.37890625 1441.4344679781063 167
stats: connected -122 1023
stats: tr_friends 15 2903.986539713542 1851.5569355805278 5216.236083984375 1.3720703125 1433.9244954427083 105
stats: 503 461 2220
stats: tr_browse_quizzes_page_1 50 2576.465678710937 2076.242197274869 5742.089111328125 1.330810546875 1627.4858322482642 225
stats: 404 109 504
stats: tr_play_game__1st_question 85 2513.8477912454046 1843.4417644495486 5104.830078125 1.387939453125 984.9847949452377 418
stats: tr_play_game__answer_to_question 78 2121.9912453675897 1767.367093439835 4927.64208984375 1.455078125 1006.2414881819387 354
stats: tr_index 110 2870.7016468394886 1670.6674607483994 5083.633056640625 1.196044921875 1080.2006355963495 529
stats: tr_quizzes_page_INDEX 41 2657.4630216272867 1713.6859559222607 4904.1240234375 1.3349609375 1279.1090919834794 157
stats: tr_sign_in_SHOW 37 2813.915329391892 1844.1627196889808 5153.092041015625 1.49609375 1217.9082658050754 705
stats: tr_quiz_questions_SHOW 53 2840.9445340138564 1731.4409803939482 5167.4521484375 1.27099609375 639.2259371286004 447
# stats: dump at 1449423899
stats: users 878 1246
stats: {load,"tsung_controller@ip-172-30-3-52"} 1 0.1484375 0.0 0.26953125 0.0 0.08797554347826086 23
stats: {recvpackets,"tsung_controller@ip-172-30-3-52"} 1 7544.0 0.0 8102 63 2877.0454545454545 22
stats: {sentpackets,"tsung_controller@ip-172-30-3-52"} 1 5677.0 0.0 7201 67 2396.2272727272725 22
stats: {cpu,"tsung_controller@ip-172-30-3-52"} 1 12.784935579781962 0.0 56.59163987138264 1.3806706114398422 9.98337833882166 23
stats: {freemem,"tsung_controller@ip-172-30-3-52"} 1 2955.94140625 0.0 3171.6953125 2955.94140625 3117.46484375 23
stats: session 146 52179.41471298427 23512.072420956603 137288.88012695313 2386.592041015625 37287.38225250058 817
stats: users_count 0 1841
stats: finish_users_count 146 963
stats: request 1490 2644.860823130764 1057.9847837611446 6277.586181640625 1.157958984375 1357.9542781440844 13837
stats: connect 1 1.31494140625 0.0 111.51904296875 0.7900390625 1.528967470512473 1844
stats: page 1223 3319.613233739397 1909.7617435239104 10761.570068359375 1.200927734375 1618.8183080355193 11413
stats: tr_play_game__ready_page 102 2666.273698395374 903.7993222467251 5315.113037109375 1.4228515625 1413.1239376344543 552
stats: 302 191 1550
stats: tr_sign_in_POST 52 3170.84467961238 1316.6058719091084 6277.662109375 1.48095703125 1942.2708044803503 660
stats: 200 927 10550
stats: tr_question_new_POST 80 2316.43268737793 1098.2697900501892 5263.27294921875 1.35498046875 861.8074825546114 515
stats: size_rcv 3288153 36557752
stats: tr_quiz_new_POST 27 2482.2480197482637 1077.8412682850749 5079.498046875 1.948974609375 1480.6300254293008 101
stats: newphase 0 6
stats: tr_play_game__leaderboard 39 2675.235833583734 1170.677528220493 4560.932861328125 1.700927734375 1257.1861146171138 212
stats: 422 54 186
stats: tr_friend_requests 25 2842.016171875 512.8703572074977 5140.156005859375 1.4990234375 1326.3322470388105 155
stats: size_sent 2642094 22685651
stats: tr_search_all_users 31 2904.013364730343 883.3349947729537 5183.39892578125 1.37890625 1621.3233231525032 196
stats: connected -138 885
stats: tr_friends 28 2796.6931501116073 960.9637318740039 5216.236083984375 1.3720703125 1617.6822509765625 120
stats: 503 154 2374
stats: tr_browse_quizzes_page_1 39 3337.019255809295 824.4753032979171 5742.089111328125 1.330810546875 1800.0276225142045 275
stats: 404 163 667
stats: tr_play_game__1st_question 114 2535.3762828090735 934.0661697813184 5104.830078125 1.387939453125 1243.3413648965582 503
stats: tr_play_game__answer_to_question 75 2709.744140625 810.1998297765508 4927.64208984375 1.455078125 1207.6963054515702 432
stats: tr_index 63 2578.6594354538693 1021.8047780463091 5083.633056640625 1.196044921875 1388.4245968432122 639
stats: tr_quizzes_page_INDEX 15 2622.177913411458 828.6870293982497 4904.1240234375 1.3349609375 1564.5258147885102 198
stats: tr_sign_in_SHOW 6 3483.501668294271 563.2337031916842 5153.092041015625 1.49609375 1297.4935236928277 742
stats: tr_quiz_questions_SHOW 74 2297.6846593908363 1163.405346225613 5167.4521484375 1.27099609375 872.6081083984375 500
# stats: dump at 1449423909
stats: users 746 1246
stats: {load,"tsung_controller@ip-172-30-3-52"} 1 0.28125 0.0 0.28125 0.0 0.09049479166666667 24
stats: {recvpackets,"tsung_controller@ip-172-30-3-52"} 1 8660.0 0.0 8660 63 3079.9565217391305 23
stats: {sentpackets,"tsung_controller@ip-172-30-3-52"} 1 6230.0 0.0 7201 67 2538.869565217391 23
stats: {cpu,"tsung_controller@ip-172-30-3-52"} 1 13.425468904244816 0.0 56.59163987138264 1.3806706114398422 10.10010989052834 24
stats: {freemem,"tsung_controller@ip-172-30-3-52"} 1 2923.625 0.0 3171.6953125 2923.625 3110.7347005208335 24
stats: session 132 59205.79184977213 21891.737716367064 137288.88012695313 2386.592041015625 39545.156644225004 963
stats: users_count 0 1841
stats: finish_users_count 132 1095
stats: request 1628 2036.1909139197376 466.15080688546095 6277.586181640625 1.157958984375 1483.0596968189816 15327
stats: connect 1 3.615966796875 0.0 111.51904296875 0.7900390625 1.5288514672256097 1845
stats: page 1361 2520.495016553488 1117.2267874480483 10761.570068359375 1.200927734375 1783.43307490287 12636
stats: tr_play_game__ready_page 60 2103.4374999999995 378.47833348008476 5315.113037109375 1.4228515625 1608.5693131659739 654
stats: 302 201 1751
stats: tr_sign_in_POST 23 2885.558848505435 485.8747473235956 6277.662109375 1.48095703125 2031.998109967521 712
stats: 200 1104 11654
stats: tr_question_new_POST 142 1877.4211735255283 426.8093211372967 5263.27294921875 1.35498046875 1057.3873420266543 595
stats: size_rcv 3876171 40433923
stats: tr_quiz_new_POST 37 1959.0405405405406 351.16852368752876 5079.498046875 1.948974609375 1691.908821105957 128
stats: newphase 0 6
stats: tr_play_game__leaderboard 46 2085.221148947011 472.1796455206264 4560.932861328125 1.700927734375 1477.5205331019672 251
stats: 422 70 256
stats: tr_friend_requests 14 2074.3403145926336 297.2123761031779 5140.156005859375 1.4990234375 1536.843903266059 180
stats: size_sent 3046269 25731920
stats: tr_search_all_users 30 2177.7747070312503 494.4061681579006 5183.39892578125 1.37890625 1796.4924477732654 227
stats: connected -134 751
stats: tr_friends 25 2194.1948242187495 495.874954830328 5216.236083984375 1.3720703125 1840.7383670291385 148
stats: 503 0 2374
stats: tr_browse_quizzes_page_1 28 2661.917898995536 337.1949975148429 5742.089111328125 1.330810546875 1990.9278572228304 314
stats: 404 255 922
stats: tr_play_game__1st_question 76 2076.199931897615 397.89384821094643 5104.830078125 1.387939453125 1482.0641860343649 617
stats: tr_play_game__answer_to_question 115 2036.8327127207865 402.5391767221102 4927.64208984375 1.455078125 1429.8927307730835 507
stats: tr_index 31 2086.35726436492 331.44425910909246 5083.633056640625 1.196044921875 1495.2405438980145 702
stats: tr_quizzes_page_INDEX 17 2206.1281594669113 298.0630265692972 4904.1240234375 1.3349609375 1639.0083569450558 213
stats: tr_sign_in_SHOW 0 0 0 5153.092041015625 1.49609375 1315.028348382144 748
stats: tr_quiz_questions_SHOW 132 1918.0490815133767 447.73661824406656 5167.4521484375 1.27099609375 1056.3287787354366 574
# stats: dump at 1449423919
stats: users 601 1246
stats: {load,"tsung_controller@ip-172-30-3-52"} 1 0.44140625 0.0 0.44140625 0.0 0.098125 25
stats: {recvpackets,"tsung_controller@ip-172-30-3-52"} 1 10893.0 0.0 10893 63 3312.4583333333335 24
stats: {sentpackets,"tsung_controller@ip-172-30-3-52"} 1 7536.0 0.0 7536 67 2692.6666666666665 24
stats: {cpu,"tsung_controller@ip-172-30-3-52"} 1 14.66798810703667 0.0 56.59163987138264 1.3806706114398422 10.233124251077 25
stats: {freemem,"tsung_controller@ip-172-30-3-52"} 1 2898.94140625 0.0 3171.6953125 2898.94140625 3103.2503125 25
stats: session 145 76159.3671875 21161.434459685148 138749.26611328125 2386.592041015625 41915.20581968822 1095
stats: users_count 0 1841
stats: finish_users_count 145 1240
stats: request 2264 1065.365328407956 365.3377600619456 6277.586181640625 1.157958984375 1536.1707331764 16955
stats: connect 0 0 0 111.51904296875 0.7900390625 1.5299820822470882 1846
stats: page 1805 1363.2894638103776 693.9908490727028 10761.570068359375 1.200927734375 1855.101382582122 13997
stats: tr_play_game__ready_page 22 1324.7807506214488 422.95097817657427 5315.113037109375 1.4228515625 1650.1548750847996 714
stats: 302 350 2101
stats: tr_sign_in_POST 7 1937.3618861607142 471.5153590631195 6277.662109375 1.48095703125 2058.7081738945576 735
stats: 200 1349 13003
stats: tr_question_new_POST 387 972.0539840974243 292.7245415599862 5263.27294921875 1.35498046875 1215.3857193303722 737
stats: size_rcv 4845060 45278983
stats: tr_quiz_new_POST 29 1150.5338766163795 398.7678229327814 5079.498046875 1.948974609375 1751.8110854640152 165
stats: newphase 0 6
stats: tr_play_game__leaderboard 75 1026.8190625000002 296.6005045896267 4560.932861328125 1.700927734375 1571.6425140072602 297
stats: 422 172 428
stats: tr_friend_requests 6 1358.5320231119792 300.4773292303076 5140.156005859375 1.4990234375 1575.6323040834407 194
stats: size_sent 3905172 29637092
stats: tr_search_all_users 17 1471.4344697840074 557.9644374021522 5183.39892578125 1.37890625 1841.0001044959874 257
stats: connected -148 603
stats: tr_friends 18 1353.4687906901042 439.6947153970935 5216.236083984375 1.3720703125 1891.8158897444002 173
stats: 503 0 2374
stats: tr_browse_quizzes_page_1 13 1608.8596942608174 420.1444826644275 5742.089111328125 1.330810546875 2045.8627144439877 342
stats: 404 391 1313
stats: tr_play_game__1st_question 38 1282.1758840460527 406.6343111329571 5104.830078125 1.387939453125 1547.22193016944 693
stats: tr_play_game__answer_to_question 72 1190.87084282769 384.3649694554621 4927.64208984375 1.455078125 1542.1083222907455 622
stats: tr_index 9 1322.0677897135417 540.4550649535884 5083.633056640625 1.196044921875 1520.2400232083476 733
stats: tr_quizzes_page_INDEX 7 1083.7800990513392 321.08798984654646 4904.1240234375 1.3349609375 1680.9259075662364 230
stats: tr_sign_in_SHOW 1 685.513916015625 0.0 5153.092041015625 1.49609375 1315.028348382144 748
stats: tr_quiz_questions_SHOW 378 997.3319014291923 300.1039396497539 5167.4521484375 1.27099609375 1217.4436228808872 706
# stats: dump at 1449423929
stats: users 385 1246
stats: {load,"tsung_controller@ip-172-30-3-52"} 1 0.37109375 0.0 0.44140625 0.0 0.111328125 26
stats: {recvpackets,"tsung_controller@ip-172-30-3-52"} 1 12639.0 0.0 12639 63 3615.68 25
stats: {sentpackets,"tsung_controller@ip-172-30-3-52"} 1 8263.0 0.0 8263 67 2886.4 25
stats: {cpu,"tsung_controller@ip-172-30-3-52"} 1 14.529058116232466 0.0 56.59163987138264 1.3806706114398422 10.403695937844677 26
stats: {freemem,"tsung_controller@ip-172-30-3-52"} 1 2912.6171875 0.0 3171.6953125 2898.94140625 3095.392277644231 26
stats: session 216 77735.74574449324 16885.18823912482 139681.56909179688 2386.592041015625 45919.563398988794 1240
stats: users_count 0 1841
stats: finish_users_count 216 1456
stats: request 2436 547.7195835458043 311.70963995882835 6277.586181640625 1.157958984375 1480.7098124003057 19219
stats: connect 2 1.215576171875 0.28564453125 111.51904296875 0.7900390625 1.5299820822470882 1846
stats: page 1881 721.3753500517096 473.8985031457781 10761.570068359375 1.200927734375 1798.9236510681997 15802
stats: tr_play_game__ready_page 7 705.0066964285714 306.20531595639517 5315.113037109375 1.4228515625 1640.429018103558 736
stats: 302 441 2542
stats: tr_sign_in_POST 3 761.649658203125 600.7869600203087 6277.662109375 1.48095703125 2057.5633975951814 742
stats: 200 1364 14367
stats: tr_question_new_POST 521 500.8935401608988 294.2274344869436 5263.27294921875 1.35498046875 1131.6051307759676 1124
stats: size_rcv 5023683 50302666
stats: tr_quiz_new_POST 21 564.016369047619 317.5079268411652 5079.498046875 1.948974609375 1661.9294408424614 194
stats: newphase 0 6
stats: tr_play_game__leaderboard 106 515.3043926886793 297.6577551197072 4560.932861328125 1.700927734375 1461.7990762033771 372
stats: 422 224 652
stats: tr_friend_requests 4 577.0347900390625 154.23994602963256 5140.156005859375 1.4990234375 1569.1192956542968 200
stats: size_sent 3981543 33618635
stats: tr_search_all_users 5 811.33935546875 408.8356889480104 5183.39892578125 1.37890625 1818.0708497875798 274
stats: connected -217 386
stats: tr_friends 6 1018.1200358072916 341.3025472835179 5216.236083984375 1.3720703125 1841.0816081581315 191
stats: 503 0 2374
stats: tr_browse_quizzes_page_1 5 1191.626025390625 314.88189275701757 5742.089111328125 1.330810546875 2029.8597869443222 355
stats: 404 408 1721
stats: tr_play_game__1st_question 12 729.2107543945313 320.3153458131757 5104.830078125 1.387939453125 1533.4438867321094 731
stats: tr_play_game__answer_to_question 37 616.2113268053209 303.52442345851597 4927.64208984375 1.455078125 1505.668699061149 694
stats: tr_index 3 514.108642578125 325.8119855493474 5083.633056640625 1.196044921875 1517.836316872157 742
stats: tr_quizzes_page_INDEX 3 494.1806640625 202.49750371275422 4904.1240234375 1.3349609375 1663.2886895932227 237
stats: tr_sign_in_SHOW 0 0 0 5153.092041015625 1.49609375 1314.1878751747122 749
stats: tr_quiz_questions_SHOW 549 512.0202289852291 296.503010433877 5167.4521484375 1.27099609375 1140.6887975038203 1084
# stats: dump at 1449423939
stats: users 235 1246
stats: {load,"tsung_controller@ip-172-30-3-52"} 1 0.30859375 0.0 0.44140625 0.0 0.12094907407407407 27
stats: {recvpackets,"tsung_controller@ip-172-30-3-52"} 1 10487.0 0.0 12639 63 3962.730769230769 26
stats: {sentpackets,"tsung_controller@ip-172-30-3-52"} 1 7141.0 0.0 8263 67 3093.1923076923076 26
stats: {cpu,"tsung_controller@ip-172-30-3-52"} 1 12.512512512512513 0.0 56.59163987138264 1.3806706114398422 10.55648712963682 27
stats: {freemem,"tsung_controller@ip-172-30-3-52"} 1 2930.12890625 0.0 3171.6953125 2898.94140625 3088.6228298611113 27
stats: session 150 83799.25458658855 16099.437093954286 139681.56909179688 2386.592041015625 50639.54649420099 1456
stats: users_count 0 1841
stats: finish_users_count 150 1606
stats: request 1167 121.05814333460536 197.23643809242654 6277.586181640625 1.157958984375 1375.7564899579338 21655
stats: connect 4 1.30352783203125 0.204505001493701 111.51904296875 0.7900390625 1.529641816110322 1848
stats: page 977 153.81914977090273 282.624064314079 10761.570068359375 1.200927734375 1684.301225336592 17683
stats: tr_play_game__ready_page 3 155.31095377604166 178.63249648733313 5315.113037109375 1.4228515625 1631.61615639195 743
stats: 302 137 2679
stats: tr_sign_in_POST 2 97.113037109375 89.2509765625 6277.662109375 1.48095703125 2052.344953007025 745
stats: 200 810 15177
stats: tr_question_new_POST 171 146.9741539313779 209.85417903254302 5263.27294921875 1.35498046875 931.8478428060887 1645
stats: size_rcv 3169742 53472408
stats: tr_quiz_new_POST 12 40.281656901041664 79.57097494094837 5079.498046875 1.948974609375 1554.6914198764534 215
stats: newphase 0 6
stats: tr_play_game__leaderboard 108 94.95844862196181 200.37739155499335 4560.932861328125 1.700927734375 1251.9069497335904 478
stats: 422 69 721
stats: tr_friend_requests 1 107.85107421875 0.0 5140.156005859375 1.4990234375 1549.6666582892922 204
stats: size_sent 2500774 36119409
stats: tr_search_all_users 3 116.976318359375 32.78652084481984 5183.39892578125 1.37890625 1800.029066735271 279
stats: connected -149 237
stats: tr_friends 1 256.60498046875 0.0 5216.236083984375 1.3720703125 1816.0167886956694 197
stats: 503 0 2374
stats: tr_browse_quizzes_page_1 1 295.989013671875 0.0 5742.089111328125 1.330810546875 2018.2176513671875 360
stats: 404 150 1871
stats: tr_play_game__1st_question 3 92.5849609375 110.74243344718627 5104.830078125 1.387939453125 1520.454926317505 743
stats: tr_play_game__answer_to_question 11 57.82517311789773 82.65195116266428 4927.64208984375 1.455078125 1460.6482848703617 731
stats: tr_index 2 7.9969482421875 0.9559326171875 5083.633056640625 1.196044921875 1513.794460465604 745
stats: tr_quizzes_page_INDEX 0 0 0 4904.1240234375 1.3349609375 1648.6748392740885 240
stats: tr_sign_in_SHOW 0 0 0 5153.092041015625 1.49609375 1314.1878751747122 749
stats: tr_quiz_questions_SHOW 183 172.59126190018787 223.91338170074954 5167.4521484375 1.27099609375 929.3360454421506 1633
# stats: dump at 1449423949
stats: users 131 1246
stats: {load,"tsung_controller@ip-172-30-3-52"} 1 0.26953125 0.0 0.44140625 0.0 0.12765066964285715 28
stats: {recvpackets,"tsung_controller@ip-172-30-3-52"} 1 4092.0 0.0 12639 63 4204.37037037037 27
stats: {sentpackets,"tsung_controller@ip-172-30-3-52"} 1 3173.0 0.0 8263 67 3243.1111111111113 27
stats: {cpu,"tsung_controller@ip-172-30-3-52"} 1 7.623762376237623 0.0 56.59163987138264 1.3806706114398422 10.626345179025236 28
stats: {freemem,"tsung_controller@ip-172-30-3-52"} 1 2990.421875 0.0 3171.6953125 2898.94140625 3082.962332589286 28
stats: session 104 88511.39992816631 12461.944804686816 139681.56909179688 2386.592041015625 53736.65497107405 1606
stats: users_count 0 1841
stats: finish_users_count 104 1710
stats: request 627 21.60671320524323 18.44248936313112 6277.586181640625 1.157958984375 1311.5976532867644 22822
stats: connect 5 1.39091796875 0.24790536763918866 111.51904296875 0.7900390625 1.5291534489740821 1852
stats: page 542 25.015726800334406 21.98919823496387 10761.570068359375 1.200927734375 1604.1682677895567 18660
stats: tr_play_game__ready_page 1 11.796142578125 0.0 5315.113037109375 1.4228515625 1625.6792721991244 746
stats: 302 22 2701
stats: tr_sign_in_POST 2 90.2880859375 80.2890625 6277.662109375 1.48095703125 2047.1100616659337 747
stats: 200 499 15676
stats: tr_question_new_POST 72 16.5911153157552 12.765095644393542 5263.27294921875 1.35498046875 857.9417850981727 1816
stats: size_rcv 1995914 55468322
stats: tr_quiz_new_POST 9 26.281114366319443 24.699076168814045 5079.498046875 1.948974609375 1474.6345161068282 227
stats: newphase 0 6
stats: tr_play_game__leaderboard 78 20.58678886217949 12.146623839405773 4560.932861328125 1.700927734375 1038.6809461157477 586
stats: 422 11 732
stats: tr_friend_requests 0 0 0 5140.156005859375 1.4990234375 1542.6334115377288 205
stats: size_sent 1513229 37632638
stats: tr_search_all_users 1 26.84716796875 0.0 5183.39892578125 1.37890625 1782.1242502631872 282
stats: connected -104 133
stats: tr_friends 4 51.8878173828125 26.774503818279012 5216.236083984375 1.3720703125 1808.1409714824022 198
stats: 503 0 2374
stats: tr_browse_quizzes_page_1 1 65.650146484375 0.0 5742.089111328125 1.330810546875 2013.446934919278 361
stats: 404 95 1966
stats: tr_play_game__1st_question 1 13.656005859375 0.0 5104.830078125 1.387939453125 1514.7128218990867 746
stats: tr_play_game__answer_to_question 4 16.5582275390625 1.4089433573650285 4927.64208984375 1.455078125 1439.8517158282093 742
stats: tr_index 2 9.95556640625 1.194580078125 5083.633056640625 1.196044921875 1509.762874087496 747
stats: tr_quizzes_page_INDEX 0 0 0 4904.1240234375 1.3349609375 1648.6748392740885 240
stats: tr_sign_in_SHOW 0 0 0 5153.092041015625 1.49609375 1314.1878751747122 749
stats: tr_quiz_questions_SHOW 72 19.519158257378468 14.198667088231966 5167.4521484375 1.27099609375 853.0781735323603 1816
# stats: dump at 1449423959
stats: users 76 1246
stats: {load,"tsung_controller@ip-172-30-3-52"} 1 0.21875 0.0 0.44140625 0.0 0.13254310344827586 29
stats: {recvpackets,"tsung_controller@ip-172-30-3-52"} 1 2156.0 0.0 12639 63 4200.357142857143 28
stats: {sentpackets,"tsung_controller@ip-172-30-3-52"} 1 1837.0 0.0 8263 67 3240.6071428571427 28
stats: {cpu,"tsung_controller@ip-172-30-3-52"} 1 4.940711462450593 0.0 56.59163987138264 1.3806706114398422 10.522807840998077 29
stats: {freemem,"tsung_controller@ip-172-30-3-52"} 1 3047.87890625 0.0 3171.6953125 2898.94140625 3079.771282327586 29
stats: session 55 97199.38722922585 12465.972632810548 139681.56909179688 2386.592041015625 55851.61021992644 1710
stats: users_count 0 1841
stats: finish_users_count 55 1765
stats: request 294 18.772539826477463 12.572461894206109 6277.586181640625 1.157958984375 1277.104740180401 23449
stats: connect 2 1.174560546875 0.092529296875 111.51904296875 0.7900390625 1.5287812478964729 1857
stats: page 265 20.840919811320756 15.614700082335503 10761.570068359375 1.200927734375 1559.59475059259 19202
stats: tr_play_game__ready_page 2 28.8740234375 13.802001953125 5315.113037109375 1.4228515625 1623.5187860818273 747
stats: 302 0 2701
stats: tr_sign_in_POST 0 0 0 6277.662109375 1.48095703125 2041.8849028522395 749
stats: 200 260 15936
stats: tr_question_new_POST 24 11.176015218098959 5.459454574979973 5263.27294921875 1.35498046875 825.8563781996907 1888
stats: size_rcv 1061341 56529663
stats: tr_quiz_new_POST 3 29.752034505208332 9.025693231847221 5079.498046875 1.948974609375 1419.400699938758 236
stats: newphase 0 6
stats: tr_play_game__leaderboard 47 19.075345952460115 10.040648699261999 4560.932861328125 1.700927734375 919.0855481251176 664
stats: 422 1 733
stats: tr_friend_requests 0 0 0 5140.156005859375 1.4990234375 1542.6334115377288 205
stats: size_sent 798053 38430691
stats: tr_search_all_users 1 85.4560546875 0.0 5183.39892578125 1.37890625 1775.9218577462457 283
stats: connected -55 78
stats: tr_friends 1 88.135986328125 0.0 5216.236083984375 1.3720703125 1773.3636813022122 202
stats: 503 0 2374
stats: tr_browse_quizzes_page_1 1 107.251953125 0.0 5742.089111328125 1.330810546875 2008.0662808075795 362
stats: 404 33 1999
stats: tr_play_game__1st_question 2 21.197998046875 5.10400390625 5104.830078125 1.387939453125 1512.7033750235316 747
stats: tr_play_game__answer_to_question 3 26.438313802083332 12.718766921394291 4927.64208984375 1.455078125 1432.220115354809 746
stats: tr_index 0 0 0 5083.633056640625 1.196044921875 1505.7580481657835 749
stats: tr_quizzes_page_INDEX 0 0 0 4904.1240234375 1.3349609375 1648.6748392740885 240
stats: tr_sign_in_SHOW 0 0 0 5153.092041015625 1.49609375 1314.1878751747122 749
stats: tr_quiz_questions_SHOW 24 17.80606079101563 6.8350681401761655 5167.4521484375 1.27099609375 821.2899060006873 1888
# stats: dump at 1449423969
stats: users 35 1246
stats: {load,"tsung_controller@ip-172-30-3-52"} 1 0.19140625 0.0 0.44140625 0.0 0.13541666666666666 30
stats: {recvpackets,"tsung_controller@ip-172-30-3-52"} 1 1.0e3 0.0 12639 63 4129.862068965517 29
stats: {sentpackets,"tsung_controller@ip-172-30-3-52"} 1 890.0 0.0 8263 67 3192.206896551724 29
stats: {cpu,"tsung_controller@ip-172-30-3-52"} 1 3.152709359605911 0.0 56.59163987138264 1.3806706114398422 10.33673796171316 30
stats: {freemem,"tsung_controller@ip-172-30-3-52"} 1 3072.4375 0.0 3171.6953125 2898.94140625 3078.708203125 30
stats: session 41 104844.56613829077 11036.52137742986 139681.56909179688 2386.592041015625 57140.067860442854 1765
stats: users_count 0 1841
stats: finish_users_count 41 1806
stats: request 94 16.76049025515292 13.308919430738008 6277.586181640625 1.157958984375 1261.523319681557 23743
stats: connect 0 0 0 111.51904296875 0.7900390625 1.528400160536579 1859
stats: page 94 16.76049025515292 13.308919430738008 10761.570068359375 1.200927734375 1538.6480322920281 19467
stats: tr_play_game__ready_page 0 0 0 5315.113037109375 1.4228515625 1619.2607226301736 749
stats: 302 1 2702
stats: tr_sign_in_POST 0 0 0 6277.662109375 1.48095703125 2041.8849028522395 749
stats: 200 88 16024
stats: tr_question_new_POST 0 0 0 5263.27294921875 1.35498046875 815.6302648568254 1912
stats: size_rcv 343552 56873215
stats: tr_quiz_new_POST 0 0 0 5079.498046875 1.948974609375 1401.9574112513076 239
stats: newphase 0 6
stats: tr_play_game__leaderboard 18 24.90302191840278 23.17098619929852 4560.932861328125 1.700927734375 859.5912028338169 711
stats: 422 0 733
stats: tr_friend_requests 0 0 0 5140.156005859375 1.4990234375 1542.6334115377288 205
stats: size_sent 308323 38739014
stats: tr_search_all_users 0 0 0 5183.39892578125 1.37890625 1769.9695133692783 284
stats: connected -43 35
stats: tr_friends 2 40.033935546875 33.27197265625 5216.236083984375 1.3720703125 1765.0620670412561 203
stats: 503 0 2374
stats: tr_browse_quizzes_page_1 0 0 0 5742.089111328125 1.330810546875 2002.829877701016 363
stats: 404 5 2004
stats: tr_play_game__1st_question 0 0 0 5104.830078125 1.387939453125 1508.720717141084 749
stats: tr_play_game__answer_to_question 0 0 0 4927.64208984375 1.455078125 1426.5894806356391 749
stats: tr_index 0 0 0 5083.633056640625 1.196044921875 1505.7580481657835 749
stats: tr_quizzes_page_INDEX 0 0 0 4904.1240234375 1.3349609375 1648.6748392740885 240
stats: tr_sign_in_SHOW 0 0 0 5153.092041015625 1.49609375 1314.1878751747122 749
stats: tr_quiz_questions_SHOW 0 0 0 5167.4521484375 1.27099609375 811.2043347219047 1912
# stats: dump at 1449423979
stats: users 16 1246
stats: {load,"tsung_controller@ip-172-30-3-52"} 1 0.16015625 0.0 0.44140625 0.0 0.13722278225806453 31
stats: {recvpackets,"tsung_controller@ip-172-30-3-52"} 1 483.0 0.0 12639 63 4025.5333333333333 30
stats: {sentpackets,"tsung_controller@ip-172-30-3-52"} 1 447.0 0.0 8263 67 3115.4666666666667 30
stats: {cpu,"tsung_controller@ip-172-30-3-52"} 1 1.6815034619188922 0.0 56.59163987138264 1.3806706114398422 10.104995103580668 31
stats: {freemem,"tsung_controller@ip-172-30-3-52"} 1 3077.85546875 0.0 3171.6953125 2898.94140625 3078.505922379032 31
stats: session 19 117307.85124126234 12706.727318814206 157452.30395507813 2386.592041015625 58223.06034626332 1806
stats: users_count 0 1841
stats: finish_users_count 19 1825
stats: request 80 15.930490112304687 6.353192944451113 6277.586181640625 1.157958984375 1256.6146606235345 23837
stats: connect 1 4.384033203125 0.0 111.51904296875 0.7900390625 1.528400160536579 1859
stats: page 71 17.968117297535215 8.306929723909612 10761.570068359375 1.200927734375 1531.3346317014925 19561
stats: tr_play_game__ready_page 0 0 0 5315.113037109375 1.4228515625 1619.2607226301736 749
stats: 302 0 2702
stats: tr_sign_in_POST 0 0 0 6277.662109375 1.48095703125 2041.8849028522395 749
stats: 200 68 16092
stats: tr_question_new_POST 8 12.87921142578125 3.9386138849511396 5263.27294921875 1.35498046875 815.6302648568254 1912
stats: size_rcv 291456 57164671
stats: tr_quiz_new_POST 1 21.719970703125 0.0 5079.498046875 1.948974609375 1401.9574112513076 239
stats: newphase 0 6
stats: tr_play_game__leaderboard 14 16.621861049107142 5.899651970147644 4560.932861328125 1.700927734375 838.981618119856 729
stats: 422 0 733
stats: tr_friend_requests 0 0 0 5140.156005859375 1.4990234375 1542.6334115377288 205
stats: size_sent 208406 38947420
stats: tr_search_all_users 0 0 0 5183.39892578125 1.37890625 1769.9695133692783 284
stats: connected -18 17
stats: tr_friends 0 0 0 5216.236083984375 1.3720703125 1748.2325242949696 205
stats: 503 0 2374
stats: tr_browse_quizzes_page_1 0 0 0 5742.089111328125 1.330810546875 2002.829877701016 363
stats: 404 12 2016
stats: tr_play_game__1st_question 0 0 0 5104.830078125 1.387939453125 1508.720717141084 749
stats: tr_play_game__answer_to_question 0 0 0 4927.64208984375 1.455078125 1426.5894806356391 749
stats: tr_index 0 0 0 5083.633056640625 1.196044921875 1505.7580481657835 749
stats: tr_quizzes_page_INDEX 0 0 0 4904.1240234375 1.3349609375 1648.6748392740885 240
stats: tr_sign_in_SHOW 0 0 0 5153.092041015625 1.49609375 1314.1878751747122 749
stats: tr_quiz_questions_SHOW 8 15.323486328125 8.038208766940059 5167.4521484375 1.27099609375 811.2043347219047 1912
# stats: dump at 1449423989
stats: users 2 1246
stats: {load,"tsung_controller@ip-172-30-3-52"} 1 0.140625 0.0 0.44140625 0.0 0.137939453125 32
stats: {recvpackets,"tsung_controller@ip-172-30-3-52"} 1 252.0 0.0 12639 63 3911.2580645161293 31
stats: {sentpackets,"tsung_controller@ip-172-30-3-52"} 1 255.0 0.0 8263 67 3029.3870967741937 31
stats: {cpu,"tsung_controller@ip-172-30-3-52"} 1 1.4851485148514851 0.0 56.59163987138264 1.3806706114398422 9.841760989778738 32
stats: {freemem,"tsung_controller@ip-172-30-3-52"} 1 3090.59375 0.0 3171.6953125 2898.94140625 3078.485595703125 32
stats: session 14 124150.29359654018 9657.511064696933 157452.30395507813 2386.592041015625 58838.18967612907 1825
stats: users_count 0 1841
stats: finish_users_count 14 1839
stats: request 27 14.512993706597221 6.8085875672819425 6277.586181640625 1.157958984375 1252.4646947565404 23917
stats: connect 0 0 0 111.51904296875 0.7900390625 1.5299354471186155 1860
stats: page 27 14.512993706597221 6.8085875672819425 10761.570068359375 1.200927734375 1525.8614744825295 19632
stats: tr_play_game__ready_page 0 0 0 5315.113037109375 1.4228515625 1619.2607226301736 749
stats: 302 0 2702
stats: tr_sign_in_POST 0 0 0 6277.662109375 1.48095703125 2041.8849028522395 749
stats: 200 25 16117
stats: tr_question_new_POST 0 0 0 5263.27294921875 1.35498046875 812.2854688008628 1920
stats: size_rcv 83028 57247699
stats: tr_quiz_new_POST 0 0 0 5079.498046875 1.948974609375 1396.20642191569 240
stats: newphase 0 6
stats: tr_play_game__leaderboard 5 17.095068359375 6.805639724764562 4560.932861328125 1.700927734375 823.4862794940276 743
stats: 422 0 733
stats: tr_friend_requests 0 0 0 5140.156005859375 1.4990234375 1542.6334115377288 205
stats: size_sent 83946 39031366
stats: tr_search_all_users 0 0 0 5183.39892578125 1.37890625 1769.9695133692783 284
stats: connected -15 2
stats: tr_friends 0 0 0 5216.236083984375 1.3720703125 1748.2325242949696 205
stats: 503 0 2374
stats: tr_browse_quizzes_page_1 0 0 0 5742.089111328125 1.330810546875 2002.829877701016 363
stats: 404 2 2018
stats: tr_play_game__1st_question 0 0 0 5104.830078125 1.387939453125 1508.720717141084 749
stats: tr_play_game__answer_to_question 0 0 0 4927.64208984375 1.455078125 1426.5894806356391 749
stats: tr_index 0 0 0 5083.633056640625 1.196044921875 1505.7580481657835 749
stats: tr_quizzes_page_INDEX 0 0 0 4904.1240234375 1.3349609375 1648.6748392740885 240
stats: tr_sign_in_SHOW 0 0 0 5153.092041015625 1.49609375 1314.1878751747122 749
stats: tr_quiz_questions_SHOW 0 0 0 5167.4521484375 1.27099609375 807.888164520264 1920
# stats: dump at 1449423999
stats: users 2 1246
stats: {load,"tsung_controller@ip-172-30-3-52"} 1 0.12109375 0.0 0.44140625 0.0 0.13802083333333334 33
stats: {recvpackets,"tsung_controller@ip-172-30-3-52"} 1 48.0 0.0 12639 48 3796.90625 32
stats: {sentpackets,"tsung_controller@ip-172-30-3-52"} 1 46.0 0.0 8263 46 2942.6875 32
stats: {cpu,"tsung_controller@ip-172-30-3-52"} 1 0.7920792079207921 0.0 56.59163987138264 0.7920792079207921 9.588530308720335 33
stats: {freemem,"tsung_controller@ip-172-30-3-52"} 1 3105.390625 0.0 3171.6953125 2898.94140625 3078.852509469697 33
stats: session 0 0 0 157452.30395507813 2386.592041015625 59335.399820167 1839
stats: users_count 0 1841
stats: finish_users_count 0 1839
stats: request 0 0 0 6277.586181640625 1.157958984375 1251.068741869456 23944
stats: connect 0 0 0 111.51904296875 0.7900390625 1.5299354471186155 1860
stats: page 0 0 0 10761.570068359375 1.200927734375 1523.7857631553536 19659
stats: tr_play_game__ready_page 0 0 0 5315.113037109375 1.4228515625 1619.2607226301736 749
stats: 302 0 2702
stats: tr_sign_in_POST 0 0 0 6277.662109375 1.48095703125 2041.8849028522395 749
stats: 200 0 16117
stats: tr_question_new_POST 0 0 0 5263.27294921875 1.35498046875 812.2854688008628 1920
stats: size_rcv 0 57247699
stats: tr_quiz_new_POST 0 0 0 5079.498046875 1.948974609375 1396.20642191569 240
stats: newphase 0 6
stats: tr_play_game__leaderboard 0 0 0 4560.932861328125 1.700927734375 818.0959639115767 748
stats: 422 0 733
stats: tr_friend_requests 0 0 0 5140.156005859375 1.4990234375 1542.6334115377288 205
stats: size_sent 0 39031366
stats: tr_search_all_users 0 0 0 5183.39892578125 1.37890625 1769.9695133692783 284
stats: connected 0 2
stats: tr_friends 0 0 0 5216.236083984375 1.3720703125 1748.2325242949696 205
stats: 503 0 2374
stats: tr_browse_quizzes_page_1 0 0 0 5742.089111328125 1.330810546875 2002.829877701016 363
stats: 404 0 2018
stats: tr_play_game__1st_question 0 0 0 5104.830078125 1.387939453125 1508.720717141084 749
stats: tr_play_game__answer_to_question 0 0 0 4927.64208984375 1.455078125 1426.5894806356391 749
stats: tr_index 0 0 0 5083.633056640625 1.196044921875 1505.7580481657835 749
stats: tr_quizzes_page_INDEX 0 0 0 4904.1240234375 1.3349609375 1648.6748392740885 240
stats: tr_sign_in_SHOW 0 0 0 5153.092041015625 1.49609375 1314.1878751747122 749
stats: tr_quiz_questions_SHOW 0 0 0 5167.4521484375 1.27099609375 807.888164520264 1920
# stats: dump at 1449424009
stats: users 1 1246
stats: {load,"tsung_controller@ip-172-30-3-52"} 1 0.1015625 0.0 0.44140625 0.0 0.13752297794117646 34
stats: {recvpackets,"tsung_controller@ip-172-30-3-52"} 1 7.0 0.0 12639 7 3683.3030303030305 33
stats: {sentpackets,"tsung_controller@ip-172-30-3-52"} 1 7.0 0.0 8263 7 2854.909090909091 33
stats: {cpu,"tsung_controller@ip-172-30-3-52"} 1 0.9871668311944718 0.0 56.59163987138264 0.7920792079207921 9.329811158696819 34
stats: {freemem,"tsung_controller@ip-172-30-3-52"} 1 3113.6328125 0.0 3171.6953125 2898.94140625 3079.6330422794117 34
stats: session 1 183148.71313476563 0.0 183148.71313476563 2386.592041015625 59335.399820167 1839
stats: users_count 0 1841
stats: finish_users_count 1 1840
stats: request 3 18.409912109375 1.4696783419077764 6277.586181640625 1.157958984375 1251.068741869456 23944
stats: connect 0 0 0 111.51904296875 0.7900390625 1.5299354471186155 1860
stats: page 3 18.409912109375 1.4696783419077764 10761.570068359375 1.200927734375 1523.7857631553536 19659
stats: tr_play_game__ready_page 0 0 0 5315.113037109375 1.4228515625 1619.2607226301736 749
stats: 302 0 2702
stats: tr_sign_in_POST 0 0 0 6277.662109375 1.48095703125 2041.8849028522395 749
stats: 200 3 16120
stats: tr_question_new_POST 0 0 0 5263.27294921875 1.35498046875 812.2854688008628 1920
stats: size_rcv 12238 57259937
stats: tr_quiz_new_POST 0 0 0 5079.498046875 1.948974609375 1396.20642191569 240
stats: newphase 0 6
stats: tr_play_game__leaderboard 1 18.458984375 0.0 4560.932861328125 1.700927734375 818.0959639115767 748
stats: 422 0 733
stats: tr_friend_requests 0 0 0 5140.156005859375 1.4990234375 1542.6334115377288 205
stats: size_sent 10624 39041990
stats: tr_search_all_users 0 0 0 5183.39892578125 1.37890625 1769.9695133692783 284
stats: connected -1 1
stats: tr_friends 0 0 0 5216.236083984375 1.3720703125 1748.2325242949696 205
stats: 503 0 2374
stats: tr_browse_quizzes_page_1 0 0 0 5742.089111328125 1.330810546875 2002.829877701016 363
stats: 404 0 2018
stats: tr_play_game__1st_question 0 0 0 5104.830078125 1.387939453125 1508.720717141084 749
stats: tr_play_game__answer_to_question 0 0 0 4927.64208984375 1.455078125 1426.5894806356391 749
stats: tr_index 0 0 0 5083.633056640625 1.196044921875 1505.7580481657835 749
stats: tr_quizzes_page_INDEX 0 0 0 4904.1240234375 1.3349609375 1648.6748392740885 240
stats: tr_sign_in_SHOW 0 0 0 5153.092041015625 1.49609375 1314.1878751747122 749
stats: tr_quiz_questions_SHOW 0 0 0 5167.4521484375 1.27099609375 807.888164520264 1920
# stats: dump at 1449424012
stats: users 0 1246
stats: {load,"tsung_controller@ip-172-30-3-52"} 0 0 0 0.44140625 0.0 0.13649553571428572 35
stats: {recvpackets,"tsung_controller@ip-172-30-3-52"} 0 0 0 12639 7 3575.176470588235 34
stats: {sentpackets,"tsung_controller@ip-172-30-3-52"} 0 0 0 8263 7 2771.1470588235293 34
stats: {cpu,"tsung_controller@ip-172-30-3-52"} 0 0 0 56.59163987138264 0.7920792079207921 9.091449892196753 35
stats: {freemem,"tsung_controller@ip-172-30-3-52"} 0 0 0 3171.6953125 2898.94140625 3080.604464285714 35
stats: session 1 151300.88989257813 0.0 183148.71313476563 2386.592041015625 59402.689664359714 1840
stats: users_count 0 1841
stats: finish_users_count 1 1841
stats: request 1 11.808837890625 0.0 6277.586181640625 1.157958984375 1250.9143184974562 23947
stats: connect 0 0 0 111.51904296875 0.7900390625 1.5299354471186155 1860
stats: page 1 11.808837890625 0.0 10761.570068359375 1.200927734375 1523.5560750486943 19662
stats: tr_play_game__ready_page 0 0 0 5315.113037109375 1.4228515625 1619.2607226301736 749
stats: 302 0 2702
stats: tr_sign_in_POST 0 0 0 6277.662109375 1.48095703125 2041.8849028522395 749
stats: 200 1 16121
stats: tr_question_new_POST 0 0 0 5263.27294921875 1.35498046875 812.2854688008628 1920
stats: size_rcv 3758 57263695
stats: tr_quiz_new_POST 0 0 0 5079.498046875 1.948974609375 1396.20642191569 240
stats: newphase 0 6
stats: tr_play_game__leaderboard 0 0 0 4560.932861328125 1.700927734375 817.0283577973756 749
stats: 422 0 733
stats: tr_friend_requests 0 0 0 5140.156005859375 1.4990234375 1542.6334115377288 205
stats: size_sent 3564 39045554
stats: tr_search_all_users 0 0 0 5183.39892578125 1.37890625 1769.9695133692783 284
stats: connected -1 0
stats: tr_friends 0 0 0 5216.236083984375 1.3720703125 1748.2325242949696 205
stats: 503 0 2374
stats: tr_browse_quizzes_page_1 0 0 0 5742.089111328125 1.330810546875 2002.829877701016 363
stats: 404 0 2018
stats: tr_play_game__1st_question 0 0 0 5104.830078125 1.387939453125 1508.720717141084 749
stats: tr_play_game__answer_to_question 0 0 0 4927.64208984375 1.455078125 1426.5894806356391 749
stats: tr_index 0 0 0 5083.633056640625 1.196044921875 1505.7580481657835 749
stats: tr_quizzes_page_INDEX 0 0 0 4904.1240234375 1.3349609375 1648.6748392740885 240
stats: tr_sign_in_SHOW 0 0 0 5153.092041015625 1.49609375 1314.1878751747122 749
stats: tr_quiz_questions_SHOW 0 0 0 5167.4521484375 1.27099609375 807.888164520264 1920
EndMonitor:{1449,424012,647693}
