# stats: dump at 1448597127
stats: users 7 7
stats: {freemem,"tsung_controller@ip-172-30-3-25"} 1 3170.78515625 0 3170.78515625 3170.78515625 0 0
stats: {load,"tsung_controller@ip-172-30-3-25"} 1 0.0 0 0.0 0.0 0 0
stats: {cpu,"tsung_controller@ip-172-30-3-25"} 1 5.7469964082879335 0 5.7469964082879335 5.7469964082879335 0 0
stats: users_count 7 7
stats: finish_users_count 0 0
stats: request 7 41.122872488839285 39.40037178287777 117.72412109375 7.37109375 0 0
stats: connect 6 22.355997721354168 39.25469018856879 109.800048828125 0.572998046875 0 0
stats: page 7 41.122872488839285 39.40037178287777 117.72412109375 7.37109375 0 0
stats: tr_browse_quizzes_page_1 1 84.01904296875 0 84.01904296875 84.01904296875 0 0
stats: 200 7 7
stats: tr_index 1 25.587890625 0 25.587890625 25.587890625 0 0
stats: size_rcv 19436 19436
stats: size_sent 1350 1350
stats: connected 6 6
# stats: dump at 1448597137
stats: users 23 23
stats: {freemem,"tsung_controller@ip-172-30-3-25"} 1 3171.265625 0.0 3171.265625 3170.78515625 3170.78515625 1
stats: {load,"tsung_controller@ip-172-30-3-25"} 1 0.0 0.0 0.0 0.0 0.0 1
stats: {recvpackets,"tsung_controller@ip-172-30-3-25"} 1 75 0 75 75 0 0
stats: {sentpackets,"tsung_controller@ip-172-30-3-25"} 1 73 0 73 73 0 0
stats: {cpu,"tsung_controller@ip-172-30-3-25"} 1 2.0648967551622417 0.0 5.7469964082879335 2.0648967551622417 5.7469964082879335 1
stats: users_count 16 23
stats: finish_users_count 0 0
stats: request 34 23.715288947610293 36.23562759019217 154.20703125 5.962890625 41.122872488839285 7
stats: connect 15 0.810986328125 0.045812578993135476 109.800048828125 0.572998046875 22.355997721354168 6
stats: page 32 25.201461791992188 39.27963626946155 163.6640625 6.10009765625 41.122872488839285 7
stats: tr_play_game__ready_page 2 8.152587890625 0.222412109375 8.375 7.93017578125 0 0
stats: 302 2 2
stats: tr_browse_quizzes_page_1 5 33.818212890625 3.6415970076933757 84.01904296875 28.4560546875 84.01904296875 1
stats: 200 32 39
stats: tr_play_game__1st_question 2 8.2276611328125 0.0875244140625 8.315185546875 8.14013671875 0 0
stats: size_rcv 97268 116704
stats: tr_index 7 6.925223214285714 0.34798957225246274 25.587890625 6.150146484375 25.587890625 1
stats: size_sent 13499 14849
stats: connected 15 21
# stats: dump at 1448597147
stats: users 30 30
stats: {freemem,"tsung_controller@ip-172-30-3-25"} 1 3169.95703125 0.0 3171.265625 3169.95703125 3171.025390625 2
stats: {load,"tsung_controller@ip-172-30-3-25"} 1 0.0 0.0 0.0 0.0 0.0 2
stats: {recvpackets,"tsung_controller@ip-172-30-3-25"} 1 231.0 0.0 231 75 75.0 1
stats: {sentpackets,"tsung_controller@ip-172-30-3-25"} 1 239.0 0.0 239 73 73.0 1
stats: {cpu,"tsung_controller@ip-172-30-3-25"} 1 1.5794669299111548 0.0 5.7469964082879335 1.5794669299111548 3.905946581725088 2
stats: users_count 7 30
stats: finish_users_count 0 0
stats: request 74 145.8778274123733 285.4217368380115 1898.56689453125 5.962890625 26.6873154058689 41
stats: connect 9 2.0430501302083335 1.861999163042302 109.800048828125 0.572998046875 6.966703869047619 21
stats: page 66 163.56655791311556 314.2960589096989 1898.56689453125 6.0029296875 28.05915089142628 39
stats: tr_play_game__ready_page 8 97.0323486328125 163.95711231949946 508.338134765625 6.470947265625 8.152587890625 2
stats: 302 8 10
stats: tr_friend_requests 3 81.11832682291667 65.65638675410167 173.9169921875 31.989990234375 0 0
stats: 200 66 105
stats: tr_browse_quizzes_page_1 5 232.2412109375 368.3604959917214 968.256103515625 28.4560546875 42.185017903645836 6
stats: size_rcv 161474 278178
stats: tr_play_game__1st_question 7 168.46201869419642 210.49144123570792 637.656005859375 7.882080078125 8.2276611328125 2
stats: size_sent 46408 61257
stats: tr_play_game__answer_to_question 5 6.897412109375 0.8940305869611275 8.509033203125 6.1279296875 0 0
stats: connected 9 30
stats: tr_index 3 95.986083984375 121.77375113410001 268.177001953125 6.150146484375 9.258056640625 8
stats: tr_quizzes_page_INDEX 1 7.44287109375 0 7.44287109375 7.44287109375 0 0
# stats: dump at 1448597157
stats: users 35 36
stats: {freemem,"tsung_controller@ip-172-30-3-25"} 1 3168.390625 0.0 3171.265625 3168.390625 3170.6692708333335 3
stats: {load,"tsung_controller@ip-172-30-3-25"} 1 0.0 0.0 0.0 0.0 0.0 3
stats: {recvpackets,"tsung_controller@ip-172-30-3-25"} 1 312.0 0.0 312 75 153.0 2
stats: {sentpackets,"tsung_controller@ip-172-30-3-25"} 1 295.0 0.0 295 73 156.0 2
stats: {cpu,"tsung_controller@ip-172-30-3-25"} 1 1.87192118226601 0.0 5.7469964082879335 1.5794669299111548 3.1304533644537766 3
stats: session 5 23405.835205078125 7367.6417479642405 30873.64111328125 13212.076904296875 0 0
stats: users_count 10 40
stats: finish_users_count 5 5
stats: request 99 26.563040068655308 39.64458612804958 1898.56689453125 4.43896484375 103.38381878396739 115
stats: connect 9 0.9989963107638888 0.26425810132150074 109.800048828125 0.572998046875 5.489607747395834 30
stats: page 82 32.09276152820121 45.982037460485415 1898.56689453125 5.6240234375 113.23523530505955 105
stats: tr_play_game__ready_page 3 8.591389973958334 2.6039970418999845 508.338134765625 6.470947265625 79.256396484375 10
stats: 302 3 13
stats: tr_question_new_POST 8 14.90350341796875 9.082850308760392 29.035888671875 4.53515625 0 0
stats: 200 88 193
stats: tr_quiz_new_POST 1 66.677001953125 0 66.677001953125 66.677001953125 0 0
stats: size_rcv 302898 581076
stats: tr_play_game__leaderboard 1 7.987060546875 0 7.987060546875 7.987060546875 0 0
stats: newphase 1 1
stats: tr_friend_requests 4 9.0548095703125 0.6212510803374446 173.9169921875 8.14794921875 81.11832682291667 3
stats: size_sent 72746 134003
stats: tr_friends 5 23.940966796875 13.30135771805386 43.610107421875 12.4140625 0 0
stats: connected 4 34
stats: tr_search_all_users 4 41.18304443359375 14.47698241361816 62.5380859375 27.31494140625 0 0
stats: 404 8 8
stats: tr_browse_quizzes_page_1 3 38.706705729166664 2.6412367955339273 968.256103515625 28.4560546875 128.57419655539772 11
stats: tr_play_game__1st_question 2 7.1998291015625 0.3709716796875 637.656005859375 6.828857421875 132.85438368055554 9
stats: tr_play_game__answer_to_question 3 6.802001953125 0.7967927179677875 8.509033203125 5.676025390625 6.897412109375 5
stats: tr_index 4 7.3740234375 0.6481714507170248 268.177001953125 6.150146484375 32.91115500710227 11
stats: tr_quizzes_page_INDEX 3 14.91796875 9.975946252520673 29.010009765625 7.288818359375 7.44287109375 1
stats: tr_quiz_questions_SHOW 8 22.666748046875 21.09141556714556 76.743896484375 6.538818359375 0 0
# stats: dump at 1448597167
stats: users 45 49
stats: {freemem,"tsung_controller@ip-172-30-3-25"} 1 3166.95703125 0.0 3171.265625 3166.95703125 3170.099609375 4
stats: {load,"tsung_controller@ip-172-30-3-25"} 1 0.0 0.0 0.0 0.0 0.0 4
stats: {recvpackets,"tsung_controller@ip-172-30-3-25"} 1 551.0 0.0 551 75 206.0 3
stats: {sentpackets,"tsung_controller@ip-172-30-3-25"} 1 449.0 0.0 449 73 202.33333333333334 3
stats: {cpu,"tsung_controller@ip-172-30-3-25"} 1 1.7664376840039255 0.0 5.7469964082879335 1.5794669299111548 2.815820318906835 4
stats: session 9 30628.454210069445 11103.837400797787 47321.14599609375 7603.14111328125 23405.835205078125 5
stats: users_count 19 59
stats: finish_users_count 9 14
stats: request 148 39.69331318623311 102.89272701148109 1898.56689453125 4.427978515625 67.84523423809871 214
stats: connect 19 1.5723298725328947 2.20308610205022 109.800048828125 0.572998046875 4.453312800480769 39
stats: page 129 45.55485972323159 110.51367974166556 1898.56689453125 5.507080078125 77.65404359542113 187
stats: tr_play_game__ready_page 7 15.386893136160714 10.330875207580958 508.338134765625 6.4150390625 62.94908728966346 13
stats: 302 5 18
stats: tr_question_new_POST 8 12.46929931640625 6.557353130997599 29.035888671875 4.530029296875 14.90350341796875 8
stats: 200 135 328
stats: tr_quiz_new_POST 1 11.7880859375 0.0 66.677001953125 11.7880859375 66.677001953125 1
stats: size_rcv 442171 1023247
stats: tr_play_game__leaderboard 3 30.300944010416668 30.967752491496928 74.095947265625 7.987060546875 7.987060546875 1
stats: newphase 0 1
stats: tr_friend_requests 5 36.071044921875 47.34399468664007 173.9169921875 8.14794921875 39.939174107142854 7
stats: size_sent 101784 235787
stats: tr_friends 5 41.71796875 19.9551926412486 73.0849609375 12.4140625 23.940966796875 5
stats: connected 10 44
stats: tr_search_all_users 5 48.318212890625 24.097004131435675 92.31298828125 27.31494140625 41.18304443359375 4
stats: 404 8 16
stats: tr_browse_quizzes_page_1 9 74.05414496527777 45.42606661150571 968.256103515625 27.14697265625 109.31687709263393 14
stats: tr_play_game__1st_question 9 19.52813042534722 15.31061118700365 637.656005859375 6.828857421875 110.00810102982955 11
stats: tr_play_game__answer_to_question 8 17.735107421875 15.09089213271304 53.09814453125 5.676025390625 6.86163330078125 8
stats: tr_index 8 18.871429443359375 8.895618428348584 268.177001953125 6.150146484375 26.101253255208334 15
stats: tr_quizzes_page_INDEX 1 8.055908203125 0.0 29.010009765625 7.288818359375 13.0491943359375 4
stats: tr_quiz_questions_SHOW 8 23.708251953125 12.82381318712066 76.743896484375 6.538818359375 22.666748046875 8
# stats: dump at 1448597177
stats: users 49 53
stats: {freemem,"tsung_controller@ip-172-30-3-25"} 1 3165.52734375 0.0 3171.265625 3165.52734375 3169.47109375 5
stats: {load,"tsung_controller@ip-172-30-3-25"} 1 0.0 0.0 0.0 0.0 0.0 5
stats: {recvpackets,"tsung_controller@ip-172-30-3-25"} 1 749.0 0.0 749 75 292.25 4
stats: {sentpackets,"tsung_controller@ip-172-30-3-25"} 1 663.0 0.0 663 73 264.0 4
stats: {cpu,"tsung_controller@ip-172-30-3-25"} 1 2.7559055118110236 0.0 5.7469964082879335 1.5794669299111548 2.6059437919262534 5
stats: session 8 33596.26025390625 12406.924459684249 47503.740966796875 7603.14111328125 28048.947422572546 14
stats: users_count 12 71
stats: finish_users_count 8 22
stats: request 141 33.471939411569146 58.4110792525349 1898.56689453125 4.427978515625 56.335609056673 362
stats: connect 13 2.0198880709134617 2.1399721665859355 109.800048828125 0.572998046875 3.5095425309806036 58
stats: page 119 39.67773027179622 66.12012466271685 1898.56689453125 5.4130859375 64.55026283747033 316
stats: tr_play_game__ready_page 4 7.0977783203125 0.6299959894272138 508.338134765625 6.282958984375 46.3023193359375 20
stats: 302 10 28
stats: tr_question_new_POST 8 10.12518310546875 7.158994429281475 29.035888671875 4.530029296875 13.6864013671875 16
stats: 200 123 451
stats: tr_quiz_new_POST 1 175.23388671875 0.0 175.23388671875 11.7880859375 39.2325439453125 2
stats: size_rcv 347816 1371063
stats: tr_play_game__leaderboard 2 7.3150634765625 0.4559326171875 74.095947265625 6.859130859375 24.72247314453125 4
stats: newphase 0 1
stats: tr_friend_requests 3 15.213704427083334 8.935026065029634 173.9169921875 8.14794921875 38.32745361328125 12
stats: size_sent 101132 336919
stats: tr_friends 3 30.674967447916668 22.251931344491716 73.0849609375 12.4140625 32.8294677734375 10
stats: connected 7 51
stats: tr_search_all_users 2 34.6036376953125 7.5904541015625 92.31298828125 27.01318359375 45.14702690972222 9
stats: 404 8 24
stats: tr_browse_quizzes_page_1 6 83.41398111979167 70.91670590799123 968.256103515625 26.26611328125 95.51841669497283 23
stats: tr_play_game__1st_question 3 8.029378255208334 0.29669828900024353 637.656005859375 6.828857421875 69.2921142578125 20
stats: tr_play_game__answer_to_question 2 9.0574951171875 3.3045654296875 53.09814453125 5.676025390625 12.298370361328125 16
stats: tr_index 6 9.5277099609375 4.774071273623354 268.177001953125 6.150146484375 23.586531929347824 23
stats: tr_quizzes_page_INDEX 4 21.6240234375 13.098685665844485 36.06396484375 7.288818359375 12.050537109375 5
stats: tr_quiz_questions_SHOW 8 14.19146728515625 5.173632458219466 76.743896484375 6.538818359375 23.1875 16
# stats: dump at 1448597187
stats: users 52 53
stats: {freemem,"tsung_controller@ip-172-30-3-25"} 1 3164.80859375 0.0 3171.265625 3164.80859375 3168.8138020833335 6
stats: {load,"tsung_controller@ip-172-30-3-25"} 1 0.0 0.0 0.0 0.0 0.0 6
stats: {recvpackets,"tsung_controller@ip-172-30-3-25"} 1 726.0 0.0 749 75 383.6 5
stats: {sentpackets,"tsung_controller@ip-172-30-3-25"} 1 632.0 0.0 663 73 343.8 5
stats: {cpu,"tsung_controller@ip-172-30-3-25"} 1 2.616279069767442 0.0 5.7469964082879335 1.5794669299111548 2.6309374119070488 6
stats: session 12 40599.47273763021 12606.151560005253 59692.427978515625 7603.14111328125 30066.152088512074 22
stats: users_count 15 86
stats: finish_users_count 12 34
stats: request 261 47.63518468630268 81.74352352370734 1898.56689453125 4.427978515625 49.926508818184644 503
stats: connect 15 1.2912923177083333 1.0730029328859096 109.800048828125 0.572998046875 3.236788897447183 71
stats: page 205 60.68816811166158 96.20803317449935 1898.56689453125 5.4130859375 57.74605277927443 435
stats: tr_play_game__ready_page 5 24.494091796875 16.135682440978844 508.338134765625 6.282958984375 39.768229166666664 24
stats: 302 8 36
stats: tr_question_new_POST 40 28.419989013671874 32.45522058940801 190.388916015625 4.530029296875 12.49932861328125 24
stats: 200 213 664
stats: tr_quiz_new_POST 5 55.62666015625 19.605522451743337 175.23388671875 11.7880859375 84.56632486979167 3
stats: size_rcv 653711 2024774
stats: tr_play_game__leaderboard 5 11.26787109375 7.0587134775331855 74.095947265625 6.62109375 18.920003255208332 6
stats: newphase 1 2
stats: tr_friend_requests 5 53.823583984375 51.67804246162208 173.9169921875 8.14794921875 33.70470377604167 15
stats: size_sent 206232 543151
stats: tr_friends 3 45.581624348958336 10.569144674484447 73.0849609375 12.4140625 32.332275390625 13
stats: connected 1 52
stats: tr_search_all_users 4 64.02276611328125 52.731720606191274 154.56201171875 27.01318359375 43.23004705255682 11
stats: 404 40 64
stats: tr_browse_quizzes_page_1 3 63.089029947916664 10.123251580215031 968.256103515625 26.26611328125 93.01405071390086 29
stats: tr_play_game__1st_question 6 23.0633544921875 13.62861715414515 637.656005859375 6.528076171875 61.301322605298914 23
stats: tr_play_game__answer_to_question 5 8.17265625 3.1416345990987162 53.09814453125 5.594970703125 11.938273111979166 18
stats: tr_index 4 12.04705810546875 5.3189231144399125 268.177001953125 6.150146484375 20.67781014278017 29
stats: tr_quizzes_page_INDEX 4 32.73846435546875 42.71414239754164 106.719970703125 7.288818359375 16.305419921875 9
stats: tr_quiz_questions_SHOW 40 31.01234130859375 22.91770804636807 95.798828125 6.538818359375 20.188822428385418 24
# stats: dump at 1448597197
stats: users 61 62
stats: {freemem,"tsung_controller@ip-172-30-3-25"} 1 3163.9765625 0.0 3171.265625 3163.9765625 3168.241629464286 7
stats: {load,"tsung_controller@ip-172-30-3-25"} 1 0.0 0.0 0.0 0.0 0.0 7
stats: {recvpackets,"tsung_controller@ip-172-30-3-25"} 1 1181.0 0.0 1181 75 440.6666666666667 6
stats: {sentpackets,"tsung_controller@ip-172-30-3-25"} 1 964.0 0.0 964 73 391.8333333333333 6
stats: {cpu,"tsung_controller@ip-172-30-3-25"} 1 3.131115459882583 0.0 5.7469964082879335 1.5794669299111548 2.628843363029962 7
stats: session 8 31710.270751953125 13237.28208234491 59692.427978515625 7603.14111328125 33783.79467055377 34
stats: users_count 17 103
stats: finish_users_count 8 42
stats: request 200 49.8966357421875 127.96528933576985 1898.56689453125 4.427978515625 49.1437397103035 764
stats: connect 16 2.7992401123046875 3.1167457606001885 109.800048828125 0.572998046875 2.897458098655523 86
stats: page 162 61.630265600887356 145.45907338272247 1898.56689453125 5.4130859375 58.68844909667969 640
stats: tr_play_game__ready_page 5 38.975439453125 25.67279792635806 508.338134765625 6.282958984375 37.13475720635776 29
stats: 302 8 44
stats: tr_question_new_POST 24 13.70074462890625 6.128476698677624 190.388916015625 4.530029296875 22.44974136352539 64
stats: 200 168 832
stats: tr_quiz_new_POST 3 26.528645833333332 19.445750854027917 175.23388671875 11.7880859375 66.47903442382813 8
stats: size_rcv 533212 2557986
stats: tr_play_game__leaderboard 5 34.862939453125 18.025042391633278 74.095947265625 6.62109375 15.441761363636363 11
stats: newphase 0 2
stats: tr_friend_requests 3 60.109049479166664 14.422917836789969 173.9169921875 8.14794921875 38.734423828125 20
stats: size_sent 150082 693233
stats: tr_friends 3 37.006917317708336 10.345708827399912 73.0849609375 12.4140625 34.8165283203125 16
stats: connected 9 61
stats: tr_search_all_users 3 53.984375 29.64439569799919 154.56201171875 27.01318359375 48.77477213541667 15
stats: 404 24 88
stats: tr_browse_quizzes_page_1 8 72.927734375 33.65470851353997 968.256103515625 26.26611328125 90.20858001708984 32
stats: tr_play_game__1st_question 3 24.863362630208332 19.090543250129194 637.656005859375 6.528076171875 53.39001885775862 29
stats: tr_play_game__answer_to_question 5 35.361572265625 25.395732371594022 78.18505859375 5.594970703125 11.119660750679348 23
stats: tr_index 10 26.3619384765625 22.319003889425893 268.177001953125 6.150146484375 19.631658380681817 33
stats: tr_quizzes_page_INDEX 6 36.6925048828125 24.139375662444664 106.719970703125 7.288818359375 21.361741286057693 13
stats: tr_quiz_questions_SHOW 24 22.539459228515625 13.64928833890462 95.798828125 6.538818359375 26.953521728515625 64
# stats: dump at 1448597207
stats: users 67 69
stats: {freemem,"tsung_controller@ip-172-30-3-25"} 1 3163.0234375 0.0 3171.265625 3163.0234375 3167.70849609375 8
stats: {load,"tsung_controller@ip-172-30-3-25"} 1 0.0 0.0 0.0 0.0 0.0 8
stats: {recvpackets,"tsung_controller@ip-172-30-3-25"} 1 1049.0 0.0 1181 75 546.4285714285714 7
stats: {sentpackets,"tsung_controller@ip-172-30-3-25"} 1 898.0 0.0 964 73 473.57142857142856 7
stats: {cpu,"tsung_controller@ip-172-30-3-25"} 1 3.0511811023622046 0.0 5.7469964082879335 1.5794669299111548 2.6916273751365396 8
stats: session 10 40534.34338378906 10245.40638409191 65746.44897460938 7603.14111328125 33388.83773367746 42
stats: users_count 16 119
stats: finish_users_count 10 52
stats: request 207 28.348897003321255 47.99954183961353 1898.56689453125 4.427978515625 49.299942206545 964
stats: connect 17 1.357034122242647 1.6912788351596626 109.800048828125 0.572998046875 2.8820513556985294 102
stats: page 180 32.619257269965296 53.964050548413674 1898.56689453125 5.4130859375 59.282681358128116 802
stats: tr_play_game__ready_page 12 20.602213541666668 36.57062518368181 508.338134765625 6.282958984375 37.405445772058826 34
stats: 302 7 51
stats: tr_question_new_POST 16 8.039215087890625 4.464060085399957 190.388916015625 4.530029296875 20.0636513449929 88
stats: 200 184 1016
stats: tr_quiz_new_POST 2 28.234375 15.342529296875 175.23388671875 11.7880859375 55.58347389914773 11
stats: size_rcv 511235 3069221
stats: tr_play_game__leaderboard 5 8.09130859375 1.1216172222351155 74.095947265625 6.62109375 21.510879516601563 16
stats: newphase 0 2
stats: tr_friend_requests 3 30.464029947916668 26.70112405815683 173.9169921875 8.14794921875 41.52241847826087 23
stats: size_sent 152066 845299
stats: tr_friends 2 27.900390625 5.685546875 73.0849609375 12.4140625 35.16237921463816 19
stats: connected 6 67
stats: tr_search_all_users 3 39.619710286458336 8.15174798312251 154.56201171875 27.01318359375 49.643039279513886 18
stats: 404 16 104
stats: tr_browse_quizzes_page_1 9 50.71112738715278 21.11487791071326 968.256103515625 26.26611328125 86.75241088867188 40
stats: tr_play_game__1st_question 14 12.98486328125 6.435604942154083 637.656005859375 6.528076171875 50.71564483642578 32
stats: tr_play_game__answer_to_question 11 15.407204367897727 11.991077233415123 78.18505859375 5.512939453125 15.448573521205358 28
stats: tr_index 9 11.737494574652779 7.271755917609449 268.177001953125 6.150146484375 21.196839798328487 43
stats: tr_quizzes_page_INDEX 3 19.998046875 15.384279599934555 106.719970703125 7.288818359375 26.20303505345395 19
stats: tr_quiz_questions_SHOW 16 20.7060546875 12.696505931512844 95.798828125 6.538818359375 25.7496865012429 88
# stats: dump at 1448597217
stats: users 88 88
stats: {freemem,"tsung_controller@ip-172-30-3-25"} 1 3162.80078125 0.0 3171.265625 3162.80078125 3167.187934027778 9
stats: {load,"tsung_controller@ip-172-30-3-25"} 1 0.0 0.0 0.0 0.0 0.0 9
stats: {recvpackets,"tsung_controller@ip-172-30-3-25"} 1 1099.0 0.0 1181 75 609.25 8
stats: {sentpackets,"tsung_controller@ip-172-30-3-25"} 1 984.0 0.0 984 73 526.625 8
stats: {cpu,"tsung_controller@ip-172-30-3-25"} 1 2.8627838104639687 0.0 5.7469964082879335 1.5794669299111548 2.7315777892727247 9
stats: session 12 46414.25856526693 16069.115520852416 81485.36303710938 7603.14111328125 34762.97343562199 52
stats: users_count 33 152
stats: finish_users_count 12 64
stats: request 218 28.993870726419146 46.726517594792725 1898.56689453125 4.427978515625 45.59638425857974 1171
stats: connect 32 1.56402587890625 2.1510592771452752 109.800048828125 0.572998046875 2.6641917509191178 119
stats: page 188 33.640500332446805 53.25831484002805 1898.56689453125 5.348876953125 54.39529201406568 982
stats: tr_play_game__ready_page 6 17.171671549479168 20.19809973199973 508.338134765625 6.282958984375 33.02199388586956 46
stats: 302 8 59
stats: tr_question_new_POST 16 17.25926208496094 12.05994061648013 190.388916015625 4.530029296875 18.21373807466947 104
stats: 200 194 1210
stats: tr_quiz_new_POST 2 29.8740234375 6.199951171875 175.23388671875 11.7880859375 51.37592022235577 13
stats: size_rcv 522590 3591811
stats: tr_play_game__leaderboard 8 20.11541748046875 17.535929482773533 74.095947265625 6.512939453125 18.315743582589285 21
stats: newphase 1 3
stats: tr_friend_requests 6 22.777180989583332 13.210539175583577 173.9169921875 8.14794921875 40.24645057091346 26
stats: size_sent 151969 997268
stats: tr_friends 4 57.4095458984375 22.922781937059163 90.739013671875 12.4140625 34.47076125372024 21
stats: connected 20 87
stats: tr_search_all_users 2 67.8173828125 35.24658203125 154.56201171875 27.01318359375 48.21113513764881 21
stats: 404 16 120
stats: tr_browse_quizzes_page_1 8 49.903045654296875 26.443924016419814 968.256103515625 26.26611328125 80.13258330676021 49
stats: tr_play_game__1st_question 5 23.42080078125 14.96751912784326 637.656005859375 6.528076171875 39.232363493546195 46
stats: tr_play_game__answer_to_question 6 11.346883138020834 9.857005331205523 78.18505859375 5.512939453125 15.436905298477564 39
stats: tr_index 11 11.423117897727273 7.325465031761821 268.177001953125 6.150146484375 19.559645432692307 52
stats: tr_quizzes_page_INDEX 4 20.123291015625 15.684492971406431 106.719970703125 6.8251953125 25.35690030184659 22
stats: tr_quiz_questions_SHOW 16 19.924102783203125 9.522065975277108 95.798828125 6.538818359375 24.97374314528245 104
# stats: dump at 1448597227
stats: users 117 117
stats: {freemem,"tsung_controller@ip-172-30-3-25"} 1 3162.578125 0.0 3171.265625 3162.578125 3166.74921875 10
stats: {load,"tsung_controller@ip-172-30-3-25"} 1 0.0 0.0 0.0 0.0 0.0 10
stats: {recvpackets,"tsung_controller@ip-172-30-3-25"} 1 944.0 0.0 1181 75 663.6666666666666 9
stats: {sentpackets,"tsung_controller@ip-172-30-3-25"} 1 948.0 0.0 984 73 577.4444444444445 9
stats: {cpu,"tsung_controller@ip-172-30-3-25"} 1 3.6274509803921573 0.0 5.7469964082879335 1.5794669299111548 2.7446983913918492 10
stats: session 12 35291.81085205078 18650.73524677282 81485.36303710938 7603.14111328125 36947.58939743042 64
stats: users_count 41 193
stats: finish_users_count 12 76
stats: request 267 249.1545044402504 329.05194875792574 1898.56689453125 4.427978515625 42.99066219233711 1389
stats: connect 40 3.073321533203125 3.624155608598718 109.800048828125 0.572998046875 2.4310440164528146 151
stats: page 225 283.79958333333326 397.9643198913812 2200.18798828125 5.348876953125 51.06033403445513 1170
stats: tr_play_game__ready_page 11 210.42094282670453 236.55427188888532 672.18603515625 6.282958984375 31.19311053936298 52
stats: 302 15 74
stats: tr_question_new_POST 16 109.98336791992188 161.3702363472303 506.35986328125 4.530029296875 18.086474609375 120
stats: 200 237 1447
stats: tr_quiz_new_POST 3 214.68465169270834 250.61397232101046 569.072998046875 11.7880859375 48.50900065104167 15
stats: size_rcv 761281 4353092
stats: tr_play_game__leaderboard 3 59.737060546875 30.624202714649506 97.462890625 6.512939453125 18.81220534752155 29
stats: newphase 0 3
stats: tr_friend_requests 9 168.46918402777777 166.7336642205863 528.294921875 8.14794921875 36.97096252441406 32
stats: size_sent 187838 1185106
stats: tr_friends 8 123.45407104492188 110.96324134007244 355.89990234375 12.4140625 38.140966796875 25
stats: connected 28 115
stats: tr_search_all_users 8 303.3441467285156 277.1588575103062 871.550048828125 27.01318359375 49.91602623980978 23
stats: 404 16 136
stats: tr_browse_quizzes_page_1 15 338.741748046875 326.04254437974436 1009.403076171875 26.26611328125 75.88984118009868 57
stats: tr_play_game__1st_question 11 303.84128639914775 327.11633455184835 766.243896484375 6.528076171875 37.682210286458336 51
stats: tr_play_game__answer_to_question 7 54.426339285714285 74.08621726183472 231.364990234375 5.512939453125 14.891569010416667 45
stats: tr_index 16 358.52598571777344 282.21856031042097 803.591064453125 6.150146484375 18.13898189484127 63
stats: tr_quizzes_page_INDEX 1 668.04296875 0.0 668.04296875 6.8251953125 24.551729642427883 26
stats: tr_quiz_questions_SHOW 14 109.79129464285714 171.00937291035024 692.10302734375 6.538818359375 24.300457763671876 120
# stats: dump at 1448597237
stats: users 136 136
stats: {freemem,"tsung_controller@ip-172-30-3-25"} 1 3159.92578125 0.0 3171.265625 3159.92578125 3166.370028409091 11
stats: {load,"tsung_controller@ip-172-30-3-25"} 1 0.1484375 0.0 0.1484375 0.0 0.0 11
stats: {recvpackets,"tsung_controller@ip-172-30-3-25"} 1 1775.0 0.0 1775 75 691.7 10
stats: {sentpackets,"tsung_controller@ip-172-30-3-25"} 1 1445.0 0.0 1445 73 614.5 10
stats: {cpu,"tsung_controller@ip-172-30-3-25"} 1 3.869047619047619 0.0 5.7469964082879335 1.5794669299111548 2.8249486267555137 11
stats: session 15 35751.48821614583 9500.892012324097 81485.36303710938 7603.14111328125 36686.1506797389 76
stats: users_count 34 227
stats: finish_users_count 15 91
stats: request 379 240.00928378545518 325.86690741281905 4809.375 4.427978515625 76.2308469025985 1656
stats: connect 35 2.6153669084821427 2.515714795993819 109.800048828125 0.572998046875 2.5655523969240837 191
stats: page 318 294.4872171653889 392.6534150172158 4809.375 5.348876953125 88.59892263104838 1395
stats: tr_play_game__ready_page 17 179.94702148437497 128.0503789536973 672.18603515625 6.282958984375 62.48685903397818 63
stats: 302 18 92
stats: tr_question_new_POST 30 138.11499837239583 114.98882524674583 506.35986328125 4.530029296875 28.897873822380514 136
stats: 200 330 1777
stats: tr_quiz_new_POST 5 259.684765625 173.5005279807404 569.072998046875 11.7880859375 76.20494249131944 18
stats: size_rcv 1037157 5390249
stats: tr_play_game__leaderboard 8 225.11270141601563 83.0318980471599 335.330078125 6.512939453125 22.648910522460938 32
stats: newphase 0 3
stats: tr_friend_requests 13 131.99034705528845 119.85574298134058 528.294921875 8.14794921875 65.83642578125 41
stats: size_sent 269540 1454646
stats: tr_friends 8 260.8401184082031 120.31508582447813 520.3330078125 12.4140625 58.82293146306818 33
stats: connected 20 135
stats: tr_search_all_users 7 257.48876953125 132.5059489804695 871.550048828125 27.01318359375 115.31683152721774 31
stats: 404 30 166
stats: tr_browse_quizzes_page_1 20 348.32021484375 138.63971544379038 1009.403076171875 26.26611328125 130.6506551106771 72
stats: tr_play_game__1st_question 14 206.73624093191964 102.70019032138138 766.243896484375 6.528076171875 84.9039818548387 62
stats: tr_play_game__answer_to_question 15 167.08367513020832 160.53987230888666 426.35302734375 5.512939453125 20.21355731670673 52
stats: tr_index 19 205.6113152754934 161.94712184704136 803.591064453125 6.150146484375 87.07812190961234 79
stats: tr_quizzes_page_INDEX 2 287.0511474609375 23.7249755859375 668.04296875 6.8251953125 48.384738498263886 27
stats: tr_quiz_questions_SHOW 32 143.49013519287107 99.90571694230496 692.10302734375 6.538818359375 33.23233624358675 134
# stats: dump at 1448597247
stats: users 201 201
stats: {freemem,"tsung_controller@ip-172-30-3-25"} 1 3157.34765625 0.0 3171.265625 3157.34765625 3165.8330078125 12
stats: {load,"tsung_controller@ip-172-30-3-25"} 1 0.12890625 0.0 0.1484375 0.0 0.012369791666666666 12
stats: {recvpackets,"tsung_controller@ip-172-30-3-25"} 1 2095.0 0.0 2095 75 790.1818181818181 11
stats: {sentpackets,"tsung_controller@ip-172-30-3-25"} 1 1650.0 0.0 1650 73 690.0 11
stats: {cpu,"tsung_controller@ip-172-30-3-25"} 1 4.707012487992316 0.0 5.7469964082879335 1.5794669299111548 2.911956876113189 12
stats: session 19 38738.016203227795 13810.417357611956 81485.36303710938 7603.14111328125 36532.085438487295 91
stats: users_count 84 311
stats: finish_users_count 19 110
stats: request 440 357.8753989479757 234.7492835999555 4809.375 4.427978515625 106.7330717569487 2035
stats: connect 84 3.6851748511904776 3.492123577425744 109.800048828125 0.572998046875 2.5732670336698007 226
stats: page 384 410.08723894755025 306.8917366664403 4809.375 5.348876953125 126.81986697542683 1713
stats: tr_play_game__ready_page 32 343.92150115966797 144.46107982951634 672.18603515625 6.282958984375 87.4471435546875 80
stats: 302 17 109
stats: tr_question_new_POST 26 185.7814002403846 111.93367103922425 515.620849609375 4.530029296875 48.6359083796122 166
stats: 200 398 2175
stats: tr_quiz_new_POST 2 364.1810302734375 193.8389892578125 569.072998046875 11.7880859375 116.0918605638587 23
stats: size_rcv 1207303 6597552
stats: tr_play_game__leaderboard 5 324.297021484375 82.50949624772943 469.6630859375 6.512939453125 63.141668701171874 40
stats: newphase 1 4
stats: tr_friend_requests 11 327.72587446732956 148.09292762943147 587.181884765625 8.14794921875 81.76236979166667 54
stats: size_sent 291937 1746583
stats: tr_friends 11 420.85739968039775 163.51151207295698 705.112060546875 12.4140625 98.24091915967988 41
stats: connected 65 200
stats: tr_search_all_users 7 392.52444893973217 103.76734674103699 871.550048828125 27.01318359375 141.50639905427633 38
stats: 404 26 192
stats: tr_browse_quizzes_page_1 33 493.8385712594697 161.30763388262645 1009.403076171875 26.26611328125 177.97012461786684 92
stats: tr_play_game__1st_question 25 343.69282226562495 161.02891280474162 766.243896484375 6.528076171875 107.34676642166941 76
stats: tr_play_game__answer_to_question 13 345.6857346754808 154.4708264160814 643.487060546875 5.512939453125 53.0949269764459 67
stats: tr_index 43 343.71509356831393 154.01516344634192 803.591064453125 6.150146484375 110.05904715401786 98
stats: tr_quizzes_page_INDEX 5 324.472119140625 81.86882394594669 668.04296875 6.8251953125 64.84449084051724 29
stats: tr_quiz_questions_SHOW 26 209.91954627403845 123.06514069907685 692.10302734375 6.538818359375 54.48685170368976 166
# stats: dump at 1448597257
stats: users 265 265
stats: {freemem,"tsung_controller@ip-172-30-3-25"} 1 3151.484375 0.0 3171.265625 3151.484375 3165.1802884615386 13
stats: {load,"tsung_controller@ip-172-30-3-25"} 1 0.109375 0.0 0.1484375 0.0 0.021334134615384616 13
stats: {recvpackets,"tsung_controller@ip-172-30-3-25"} 1 2510.0 0.0 2510 75 898.9166666666666 12
stats: {sentpackets,"tsung_controller@ip-172-30-3-25"} 1 2276.0 0.0 2276 73 770.0 12
stats: {cpu,"tsung_controller@ip-172-30-3-25"} 1 6.679764243614931 0.0 6.679764243614931 1.5794669299111548 3.050038077026968 13
stats: session 13 48265.127140925484 15285.637486214277 81485.36303710938 7603.14111328125 36913.109843306105 110
stats: users_count 77 388
stats: finish_users_count 13 123
stats: request 394 1548.4741880155468 851.4234811752443 4809.375 0.066162109375 151.38059659090908 2475
stats: connect 81 2.991301359953703 2.9855390327092377 109.800048828125 0.555908203125 2.874558184223791 310
stats: page 353 1635.0299850334188 983.1345236225729 5259.72900390625 0.653076171875 178.69143151395588 2097
stats: tr_play_game__ready_page 20 1515.7355712890626 758.7366043669638 2909.77001953125 0.802001953125 160.72553144182478 112
stats: 302 24 133
stats: tr_question_new_POST 6 784.5039876302084 942.2247099980182 2560.760009765625 0.738037109375 67.20769373575847 192
stats: 200 335 2510
stats: tr_quiz_new_POST 3 1786.15234375 652.1115317422074 2702.72607421875 11.7880859375 135.938994140625 25
stats: size_rcv 1003335 7600887
stats: tr_play_game__leaderboard 5 1278.24384765625 363.69219721161284 1602.193115234375 6.512939453125 92.15893012152777 45
stats: newphase 0 4
stats: tr_friend_requests 11 1452.4993785511363 739.3520453020686 2884.27587890625 8.14794921875 123.386962890625 65
stats: size_sent 294402 2040985
stats: tr_friends 7 1537.4030064174108 295.08671426483716 1999.988037109375 12.4140625 166.48671311598557 52
stats: connected 63 263
stats: tr_search_all_users 9 1903.138427734375 863.2876254921881 2980.43115234375 27.01318359375 180.5536512586806 45
stats: 503 29 29
stats: tr_browse_quizzes_page_1 33 1453.0889781605113 897.6472665137793 3316.541015625 0.7138671875 261.35939453125 125
stats: 404 3 195
stats: tr_play_game__1st_question 25 1465.845283203125 791.9092493439109 3002.27099609375 2.97998046875 165.84826539294554 101
stats: tr_play_game__answer_to_question 22 1653.5811878551137 794.1269664434463 2980.916015625 0.807861328125 100.64093322753907 80
stats: tr_index 31 1567.3953975554437 788.0889505902635 2924.845947265625 5.968017578125 181.31585563497342 141
stats: tr_quizzes_page_INDEX 5 2219.864892578125 623.2231340692176 2872.22802734375 6.8251953125 103.0250244140625 34
stats: tr_quiz_questions_SHOW 6 605.93408203125 936.571152621148 2473.460205078125 0.132080078125 75.53502909342448 192
# stats: dump at 1448597267
stats: users 331 331
stats: {freemem,"tsung_controller@ip-172-30-3-25"} 1 3145.0859375 0.0 3171.265625 3145.0859375 3164.2020089285716 14
stats: {load,"tsung_controller@ip-172-30-3-25"} 1 0.08984375 0.0 0.1484375 0.0 0.027622767857142856 14
stats: {recvpackets,"tsung_controller@ip-172-30-3-25"} 1 2373.0 0.0 2510 75 1022.8461538461538 13
stats: {sentpackets,"tsung_controller@ip-172-30-3-25"} 1 2133.0 0.0 2276 73 885.8461538461538 13
stats: {cpu,"tsung_controller@ip-172-30-3-25"} 1 6.744868035190615 0.0 6.744868035190615 1.5794669299111548 3.3093042317832513 14
stats: session 17 52008.37107938879 16130.582719070555 92566.5908203125 7603.14111328125 38112.91654955856 123
stats: users_count 83 471
stats: finish_users_count 17 140
stats: request 577 1848.0082923188368 1336.72174540851 4809.375 0.066162109375 343.24357150248363 2869
stats: connect 92 2.945859162703804 3.2615663874464227 109.800048828125 0.5048828125 2.898742831881394 391
stats: page 508 2098.719006155421 1736.816207891153 6703.946044921875 0.622802734375 388.52306800063764 2450
stats: tr_play_game__ready_page 40 1850.91591796875 1238.633332651812 3284.87890625 0.715087890625 366.0300829338305 132
stats: 302 27 160
stats: tr_question_new_POST 15 859.4858235677083 1215.258019847259 2897.307861328125 0.710205078125 88.9439450658933 198
stats: 200 347 2857
stats: tr_quiz_new_POST 3 1677.2439778645833 1180.9844553591126 2702.72607421875 11.7880859375 312.747567313058 28
stats: size_rcv 1087502 8688389
stats: tr_play_game__leaderboard 11 1685.8423961292613 1282.0485633475405 3134.26416015625 0.760986328125 210.767421875 50
stats: newphase 0 4
stats: tr_friend_requests 18 1365.3638916015625 1370.95543556913 3008.236083984375 0.708984375 315.7584967362253 76
stats: size_sent 370118 2411103
stats: tr_friends 20 2357.3524658203123 1012.9536075168965 3162.68212890625 0.759033203125 329.1377987619174 59
stats: connected 65 328
stats: tr_search_all_users 9 1271.1642523871528 1432.6506657204015 3209.796875 0.851806640625 467.6511140046296 54
stats: 503 181 210
stats: tr_browse_quizzes_page_1 38 2065.3892372532896 1334.0113988241933 3316.541015625 0.7109375 510.2649404791337 158
stats: 404 5 200
stats: tr_play_game__1st_question 30 1921.7346842447917 1275.8581660840134 3143.236083984375 0.76416015625 423.784181625124 126
stats: 500 6 6
stats: tr_play_game__answer_to_question 23 1709.3646399456522 1255.5019096918131 2980.916015625 0.733154296875 435.5888312844669 102
stats: tr_index 40 1778.6512756347656 1250.2485561502087 3162.623046875 1.371826171875 431.13251726017444 172
stats: tr_quizzes_page_INDEX 10 1638.0900634765626 1346.2290707811146 3039.487060546875 0.732177734375 374.4147511017628 39
stats: tr_quiz_questions_SHOW 14 575.3112269810268 1109.7333302401137 3032.83203125 0.125 91.60772766729798 198
# stats: dump at 1448597277
stats: users 440 440
stats: {freemem,"tsung_controller@ip-172-30-3-25"} 1 3139.2265625 0.0 3171.265625 3139.2265625 3162.9276041666667 15
stats: {load,"tsung_controller@ip-172-30-3-25"} 1 0.078125 0.0 0.1484375 0.0 0.03177083333333333 15
stats: {recvpackets,"tsung_controller@ip-172-30-3-25"} 1 2622.0 0.0 2622 75 1119.2857142857142 14
stats: {sentpackets,"tsung_controller@ip-172-30-3-25"} 1 2418.0 0.0 2418 73 974.9285714285714 14
stats: {cpu,"tsung_controller@ip-172-30-3-25"} 1 7.338551859099804 0.0 7.338551859099804 1.5794669299111548 3.5383418186770754 15
stats: session 30 48148.22845052083 18462.39466836878 114604.35498046875 7603.14111328125 39800.22174246652 140
stats: users_count 139 610
stats: finish_users_count 30 170
stats: request 815 1319.369261047736 1226.3986284637726 4809.375 0.066162109375 595.2021448951231 3446
stats: connect 148 2.859356854413007 2.8966546301862386 109.800048828125 0.5048828125 2.9077173710856625 483
stats: page 733 1468.6921356742398 1519.1674657772955 7058.487060546875 0.616943359375 682.2281175552793 2958
stats: tr_play_game__ready_page 47 1296.1309528756647 1214.9701579160019 3284.87890625 0.70703125 711.3523701512536 172
stats: 302 32 192
stats: tr_question_new_POST 22 1273.4444025213068 1169.2730558470255 2897.307861328125 0.710205078125 143.20745763644365 213
stats: 200 365 3222
stats: tr_quiz_new_POST 8 1529.28564453125 1181.0966438381836 2702.72607421875 1.0498046875 444.7956070438508 31
stats: size_rcv 1368231 10056620
stats: tr_play_game__leaderboard 9 867.4954155815972 1218.7480201419703 3134.26416015625 0.760986328125 476.7645483798668 61
stats: newphase 1 5
stats: tr_friend_requests 22 1082.741377397017 1185.2231843314662 3008.236083984375 0.678955078125 516.7467638380984 94
stats: 422 11 11
stats: tr_friends 13 1567.300555889423 1244.0274825106849 3162.68212890625 0.700927734375 842.6098663716376 79
stats: size_sent 471062 2882165
stats: tr_search_all_users 17 1718.5315946691176 1275.120821384664 3209.796875 0.7529296875 582.438705202133 63
stats: connected 109 437
stats: tr_browse_quizzes_page_1 58 1473.8656216325428 1284.9301595382663 3316.541015625 0.70703125 811.7686306700415 196
stats: 503 364 574
stats: tr_play_game__1st_question 51 1053.842955346201 1160.5507305184012 3143.236083984375 0.710205078125 711.8515859750601 156
stats: 404 10 210
stats: tr_play_game__answer_to_question 44 1189.9719293767757 1191.14186688924 2980.916015625 0.733154296875 669.963580078125 125
stats: 500 22 28
stats: tr_index 59 1035.6103722523837 1162.336414977726 3162.623046875 1.26220703125 685.3813395950029 212
stats: tr_quizzes_page_INDEX 16 1609.6222076416016 1097.6707297169683 3039.487060546875 0.70703125 632.3076719945791 49
stats: tr_quiz_questions_SHOW 20 1095.2963989257812 1220.3527486836433 3032.83203125 0.125 123.55041158424234 212
# stats: dump at 1448597287
stats: users 562 563
stats: {freemem,"tsung_controller@ip-172-30-3-25"} 1 3134.1015625 0.0 3171.265625 3134.1015625 3161.4462890625 16
stats: {load,"tsung_controller@ip-172-30-3-25"} 1 0.140625 0.0 0.1484375 0.0 0.03466796875 16
stats: {recvpackets,"tsung_controller@ip-172-30-3-25"} 1 3.5e3 0.0 3500 75 1219.4666666666667 15
stats: {sentpackets,"tsung_controller@ip-172-30-3-25"} 1 3463.0 0.0 3463 73 1071.1333333333334 15
stats: {cpu,"tsung_controller@ip-172-30-3-25"} 1 10.704483074107959 0.0 10.704483074107959 1.5794669299111548 3.775854946203496 16
stats: session 38 50875.02128520765 24177.096322441557 145074.48193359375 7603.14111328125 41273.39939682905 170
stats: users_count 160 770
stats: finish_users_count 38 208
stats: request 1258 852.1784964896533 1013.5729108422602 4809.375 0.06005859375 733.7133393716261 4261
stats: connect 225 2.8654947916666655 3.2119978150614608 109.800048828125 0.5048828125 2.896374492373217 631
stats: page 1087 1000.6950627443653 1243.3183816051703 7058.487060546875 0.615966796875 838.41292527167 3691
stats: tr_play_game__ready_page 60 756.6000610351563 990.5351882418922 3284.87890625 0.671875 836.8527965806934 219
stats: 302 48 240
stats: tr_question_new_POST 90 444.7917534722221 829.774651502781 2897.307861328125 0.7021484375 249.01687375332446 235
stats: 200 395 3617
stats: tr_quiz_new_POST 12 811.601318359375 954.2203529563177 2702.72607421875 0.880859375 667.2551019130609 39
stats: size_rcv 1570805 11627425
stats: tr_play_game__leaderboard 13 796.2485539362981 1005.3296014766797 3134.26416015625 0.731201171875 527.0013741629464 70
stats: newphase 0 5
stats: tr_friend_requests 26 1088.5808293269233 1009.1704926559123 3008.236083984375 0.678955078125 624.0905698578933 116
stats: 422 20 31
stats: tr_friends 21 1123.8150460379463 977.3743515983152 3162.68212890625 0.700927734375 945.0118116295856 92
stats: size_sent 766956 3649121
stats: tr_search_all_users 20 1300.3174560546875 1065.4977294318867 3209.796875 0.7529296875 823.8584442138672 80
stats: connected 124 561
stats: tr_browse_quizzes_page_1 73 762.341579489512 1049.4472291785746 3316.541015625 0.68994140625 962.9561325433687 254
stats: error_connection_closed 2 2
stats: tr_play_game__1st_question 47 852.2014471825134 988.7433978162172 3143.236083984375 0.671875 796.1103291534571 207
stats: 503 664 1238
stats: tr_play_game__answer_to_question 51 755.9452119715073 980.4137175538895 2980.916015625 0.680908203125 805.3503692446376 169
stats: 404 14 224
stats: tr_index 83 1083.9899166980424 1019.130512871558 3162.623046875 1.26220703125 761.6304647860932 271
stats: 500 47 75
stats: tr_quizzes_page_INDEX 19 967.4146021792764 1019.3940741178795 3039.487060546875 0.70703125 872.8774038461538 65
stats: tr_quiz_questions_SHOW 91 375.456534920158 781.5106325200946 3032.83203125 0.119873046875 207.3216173895474 232
# stats: dump at 1448597297
stats: users 664 665
stats: {freemem,"tsung_controller@ip-172-30-3-25"} 1 3128.5703125 0.0 3171.265625 3128.5703125 3159.837775735294 17
stats: {load,"tsung_controller@ip-172-30-3-25"} 1 0.12109375 0.0 0.1484375 0.0 0.04090073529411765 17
stats: {recvpackets,"tsung_controller@ip-172-30-3-25"} 1 4527.0 0.0 4527 75 1362.0 16
stats: {sentpackets,"tsung_controller@ip-172-30-3-25"} 1 4478.0 0.0 4478 73 1220.625 16
stats: {cpu,"tsung_controller@ip-172-30-3-25"} 1 12.26692836113837 0.0 12.26692836113837 1.5794669299111548 4.183421306668464 17
stats: session 59 51221.82685877913 19318.103562306234 145074.48193359375 7603.14111328125 43027.54185720591 208
stats: users_count 161 931
stats: finish_users_count 59 267
stats: request 1723 633.8100479666186 946.0212138498506 4809.375 0.055908203125 760.716268825237 5519
stats: connect 268 2.556052136777053 3.0607340855590435 109.800048828125 0.4990234375 2.8882577486127334 856
stats: page 1454 744.8127584129446 1144.9541041778598 7058.487060546875 0.615966796875 875.3322813689533 4778
stats: tr_play_game__ready_page 92 682.544624660326 948.6521023950244 3284.87890625 0.671875 819.5941437752015 279
stats: 302 94 334
stats: tr_question_new_POST 144 360.4344567192925 767.6847858852199 2897.307861328125 0.7021484375 303.23145582932693 325
stats: 200 319 3936
stats: tr_quiz_new_POST 19 1044.0062191611842 979.6189642278125 2702.72607421875 0.880859375 701.2189175474878 51
stats: size_rcv 1670911 13298336
stats: tr_play_game__leaderboard 27 586.0534125434028 900.2126123481345 3134.26416015625 0.7177734375 569.1726191876883 83
stats: newphase 0 5
stats: tr_friend_requests 32 609.8012313842773 898.3834489896085 3008.236083984375 0.678955078125 709.1380821550396 142
stats: 422 42 73
stats: tr_friends 26 673.6296668419471 918.5314500742562 3162.68212890625 0.700927734375 978.240731298396 113
stats: size_sent 1025048 4674169
stats: tr_search_all_users 25 964.635751953125 998.0318692436545 3209.796875 0.694091796875 919.1502465820313 100
stats: connected 103 664
stats: tr_browse_quizzes_page_1 92 789.6536785623301 1050.5765591933973 3316.541015625 0.68994140625 918.1706206995412 327
stats: error_connection_closed 12 14
stats: tr_play_game__1st_question 91 570.3942066234549 891.3585504373287 3143.236083984375 0.671875 806.4893943005659 254
stats: 503 1082 2320
stats: tr_play_game__answer_to_question 66 493.55324115175154 860.3944823231706 2980.916015625 0.672119140625 793.8973555131392 220
stats: 404 12 236
stats: tr_index 88 721.3403486772021 967.5147732573017 3162.623046875 1.26220703125 837.2119182004767 354
stats: 500 67 142
stats: tr_quizzes_page_INDEX 38 708.8573897512335 972.6062931706281 3039.487060546875 0.70703125 894.2608177548364 84
stats: tr_quiz_questions_SHOW 141 250.9018866356383 652.8615662384314 3032.83203125 0.111083984375 254.69089756071014 323
# stats: dump at 1448597307
stats: users 855 855
stats: {freemem,"tsung_controller@ip-172-30-3-25"} 1 3121.74609375 0.0 3171.265625 3121.74609375 3158.1006944444443 18
stats: {load,"tsung_controller@ip-172-30-3-25"} 1 0.1015625 0.0 0.1484375 0.0 0.045355902777777776 18
stats: {recvpackets,"tsung_controller@ip-172-30-3-25"} 1 5240.0 0.0 5240 75 1548.1764705882354 17
stats: {sentpackets,"tsung_controller@ip-172-30-3-25"} 1 5440.0 0.0 5440 73 1412.235294117647 17
stats: {cpu,"tsung_controller@ip-172-30-3-25"} 1 14.631956912028727 0.0 14.631956912028727 1.5794669299111548 4.632505031916792 18
stats: session 95 46775.06827970806 16711.202594627684 145074.48193359375 7603.14111328125 44838.264011111605 267
stats: users_count 286 1217
stats: finish_users_count 95 362
stats: request 2187 488.74502363933163 753.8119408104974 4809.375 0.055908203125 730.5230323519701 7242
stats: connect 386 3.0181859466078342 3.3663255458727774 109.800048828125 0.4990234375 2.8090485813778914 1124
stats: page 1885 572.8816372575429 881.8344182512188 7058.487060546875 0.615966796875 844.8805184713223 6232
stats: tr_play_game__ready_page 89 533.1546315396768 719.1344839760011 3284.87890625 0.671875 785.6088182804075 371
stats: 302 109 443
stats: tr_question_new_POST 162 331.2898808232059 677.5424093021679 2897.307861328125 0.7021484375 320.79485055886863 469
stats: 200 373 4309
stats: tr_quiz_new_POST 23 380.89548658288044 725.2270010127509 2702.72607421875 0.880859375 794.2611851283482 70
stats: size_rcv 1976936 15275272
stats: tr_play_game__leaderboard 54 473.6366871021412 763.2153109405702 3134.26416015625 0.679931640625 573.3160866477273 110
stats: newphase 1 6
stats: tr_friend_requests 46 413.6908065132473 696.6531037099448 3008.236083984375 0.678955078125 690.8692360362787 174
stats: 422 49 122
stats: tr_friends 34 656.8898782169117 822.7765993298177 3162.68212890625 0.700927734375 921.2631221194919 139
stats: size_sent 1200127 5874296
stats: tr_search_all_users 26 466.46012056790875 759.1947888147974 3209.796875 0.694091796875 928.24734765625 125
stats: connected 189 853
stats: tr_browse_quizzes_page_1 110 626.9300026633524 856.950553356288 3316.541015625 0.676025390625 889.9521035715618 419
stats: error_connection_closed 26 40
stats: tr_play_game__1st_question 88 663.4930253462358 818.4712942635509 3143.236083984375 0.671875 744.2150114639946 345
stats: error_abort_max_send_retries 1 1
stats: tr_play_game__answer_to_question 79 452.3006699960443 726.7349233417779 2980.916015625 0.672119140625 724.5871752758959 286
stats: 503 1447 3767
stats: tr_index 131 545.6421737088501 746.9625303534301 3162.623046875 1.26220703125 814.1424654447117 442
stats: 404 7 243
stats: tr_quizzes_page_INDEX 36 571.6169094509548 759.5845133254019 3039.487060546875 0.682861328125 836.5122090324027 122
stats: 500 108 250
stats: tr_quiz_questions_SHOW 164 251.16640267721027 590.7886189998902 3032.83203125 0.111083984375 253.5394955339103 464
# stats: dump at 1448597317
stats: users 1063 1063
stats: {freemem,"tsung_controller@ip-172-30-3-25"} 1 3114.48828125 0.0 3171.265625 3114.48828125 3156.1872944078946 19
stats: {load,"tsung_controller@ip-172-30-3-25"} 1 0.16015625 0.0 0.16015625 0.0 0.048314144736842105 19
stats: {recvpackets,"tsung_controller@ip-172-30-3-25"} 1 6.8e3 0.0 6800 75 1753.2777777777778 18
stats: {sentpackets,"tsung_controller@ip-172-30-3-25"} 1 7420.0 0.0 7420 73 1636.0 18
stats: {cpu,"tsung_controller@ip-172-30-3-25"} 1 19.734513274336283 0.0 19.734513274336283 1.5794669299111548 5.158791972975315 19
stats: session 103 48627.006158032455 18257.259816579084 145074.48193359375 7603.14111328125 45346.541374417306 362
stats: users_count 311 1528
stats: finish_users_count 103 465
stats: request 2419 568.7738528115638 856.9375509965809 4809.375 0.055908203125 674.4440732837189 9429
stats: connect 377 5.797684484830902 51.331544915606045 998.657958984375 0.4990234375 2.8625101859995854 1510
stats: page 2084 657.6614157297785 970.4298584924661 7058.487060546875 0.596923828125 781.714583878742 8117
stats: tr_play_game__ready_page 133 348.16362010984494 661.6969775423762 3284.87890625 0.671875 736.7644212805706 460
stats: 302 168 611
stats: tr_question_new_POST 148 381.7053305136192 685.4653463117437 2897.307861328125 0.683837890625 323.48929572974447 631
stats: 200 319 4628
stats: tr_quiz_new_POST 28 578.107474190848 768.0264363890333 2702.72607421875 0.880859375 692.0309586063509 93
stats: size_rcv 2017912 17293184
stats: tr_play_game__leaderboard 48 413.81332397460943 709.8352186758055 3134.26416015625 0.679931640625 540.4948209436928 164
stats: newphase 0 6
stats: tr_friend_requests 47 491.72654691655583 711.9314281562228 3008.236083984375 0.678955078125 632.9137462269176 220
stats: 422 61 183
stats: tr_friends 45 600.3144856770834 769.8770087926484 3162.68212890625 0.679931640625 869.3053747629154 173
stats: size_sent 1291584 7165880
stats: tr_search_all_users 44 361.7732211026278 650.9198276416244 3209.796875 0.694091796875 848.7343151774628 151
stats: connected 172 1025
stats: tr_browse_quizzes_page_1 125 665.3452089843751 892.5794402405401 3522.09912109375 0.6669921875 835.259417182331 529
stats: error_connection_closed 7 47
stats: tr_play_game__1st_question 130 507.67660757211536 776.6192352881693 3826.97802734375 0.671875 727.809619366159 433
stats: error_abort_max_send_retries 0 1
stats: tr_play_game__answer_to_question 106 412.8630578382961 679.3927176481379 2980.916015625 0.672119140625 665.6539316673801 365
stats: 503 1649 5416
stats: tr_index 103 1463.4301900030343 1292.5414990509407 4443.783935546875 1.26220703125 752.7575819937556 573
stats: 404 3 246
stats: tr_quizzes_page_INDEX 49 686.1693140146683 761.7907951584233 3039.487060546875 0.682861328125 776.1563179885285 158
stats: 500 152 402
stats: tr_quiz_questions_SHOW 143 263.14762654337846 575.1820683974731 3032.83203125 0.111083984375 252.91977064776572 628
# stats: dump at 1448597327
stats: users 1256 1258
stats: {freemem,"tsung_controller@ip-172-30-3-25"} 1 3107.78125 0.0 3171.265625 3107.78125 3154.10234375 20
stats: {load,"tsung_controller@ip-172-30-3-25"} 1 0.140625 0.0 0.16015625 0.0 0.05390625 20
stats: {recvpackets,"tsung_controller@ip-172-30-3-25"} 1 6545.0 0.0 6800 75 2018.8947368421052 19
stats: {sentpackets,"tsung_controller@ip-172-30-3-25"} 1 7196.0 0.0 7420 73 1940.421052631579 19
stats: {cpu,"tsung_controller@ip-172-30-3-25"} 1 20.33271719038817 0.0 20.33271719038817 1.5794669299111548 5.8875780380433635 20
stats: session 113 48411.40940654383 20764.785996187085 145074.48193359375 7603.14111328125 46073.1819608955 465
stats: users_count 306 1834
stats: finish_users_count 113 578
stats: request 2474 965.2355433026918 1670.8336014892104 8871.40283203125 0.055908203125 652.8694393098716 11848
stats: connect 242 445.06308311273244 1219.9181186954968 7011.4912109375 0.4990234375 3.4489228572552326 1887
stats: page 2086 1141.7101039575614 1817.6574491229446 8871.40283203125 0.56982421875 756.3713035706899 10201
stats: tr_play_game__ready_page 96 675.0446548461915 1097.3468360955098 7213.623046875 0.6640625 649.607749179885 593
stats: 302 183 794
stats: tr_question_new_POST 180 497.84093424479164 894.406300268982 5130.005126953125 0.683837890625 334.54959502116094 779
stats: 200 250 4878
stats: tr_quiz_new_POST 40 496.50938720703124 750.2304767181564 2702.72607421875 0.880859375 665.6684994027635 121
stats: size_rcv 1907361 19200545
stats: tr_play_game__leaderboard 69 475.6379394531248 786.372687754656 3134.26416015625 0.679931640625 511.8122178563532 212
stats: newphase 0 6
stats: tr_friend_requests 64 403.3784370422363 713.4986206307944 3008.236083984375 0.678955078125 608.0605688202247 267
stats: 422 70 253
stats: tr_friends 55 534.9309969815341 993.4582393751126 5440.929931640625 0.679931640625 813.7797325204272 218
stats: size_sent 1344005 8509885
stats: tr_search_all_users 47 463.55909761469417 723.9588432434522 3209.796875 0.694091796875 738.8559144631411 195
stats: connected -15 1010
stats: tr_browse_quizzes_page_1 86 810.4868362781617 1218.215544320022 5901.10107421875 0.65478515625 802.7834599579511 654
stats: error_connection_closed 22 69
stats: tr_play_game__1st_question 103 524.7739305218445 906.6942546552032 5812.575927734375 0.651123046875 676.9796166428453 563
stats: error_abort_max_send_retries 0 1
stats: tr_play_game__answer_to_question 114 379.9499961451481 682.3934364900151 2980.916015625 0.672119140625 608.7625672812168 471
stats: 503 1717 7133
stats: tr_index 101 5450.333184270571 882.7413317490093 8848.951904296875 1.26220703125 861.040538539548 676
stats: 404 4 250
stats: tr_quizzes_page_INDEX 41 290.784941882622 628.8114100886963 3039.487060546875 0.68017578125 754.8550465164553 207
stats: 500 209 611
stats: tr_quiz_questions_SHOW 169 805.321429190551 1534.0825357833792 6393.32080078125 0.111083984375 254.8167659695201 771
# stats: dump at 1448597337
stats: users 1185 1290
stats: {freemem,"tsung_controller@ip-172-30-3-25"} 1 3100.4140625 0.0 3171.265625 3100.4140625 3151.8965773809523 21
stats: {load,"tsung_controller@ip-172-30-3-25"} 1 0.19140625 0.0 0.19140625 0.0 0.05803571428571429 21
stats: {recvpackets,"tsung_controller@ip-172-30-3-25"} 1 6961.0 0.0 6961 75 2245.2 20
stats: {sentpackets,"tsung_controller@ip-172-30-3-25"} 1 7979.0 0.0 7979 73 2203.2 20
stats: {cpu,"tsung_controller@ip-172-30-3-25"} 1 21.73076923076923 0.0 21.73076923076923 1.5794669299111548 6.57544180720264 21
stats: session 130 46010.26930213343 16860.642069930163 145074.48193359375 7603.14111328125 46530.30947189595 578
stats: users_count 59 1893
stats: finish_users_count 130 708
stats: request 2545 1160.0580023445168 2476.660153459656 20544.0888671875 0.055908203125 706.8279465908546 14322
stats: connect 263 5834.148292686551 6212.047346675888 15043.39599609375 0.4990234375 53.64649297553869 2129
stats: page 2167 1365.078399784948 2661.8297284966666 20544.0888671875 0.56201171875 821.7914010401303 12287
stats: tr_play_game__ready_page 83 810.805561111634 1457.470607123207 12383.9072265625 0.6640625 653.1519334236665 689
stats: 302 196 990
stats: tr_question_new_POST 196 404.7328653140944 768.8691862465972 5130.005126953125 0.683837890625 365.19864722163385 959
stats: 200 303 5181
stats: tr_quiz_new_POST 43 511.22290039062517 695.8578580635176 2702.72607421875 0.880859375 623.6413907827058 161
stats: size_rcv 2004445 21204990
stats: tr_play_game__leaderboard 73 721.9905454034675 891.1584558782552 5334.453857421875 0.679931640625 502.92956586410145 281
stats: newphase 0 6
stats: tr_friend_requests 58 443.0085912244073 647.9750619664799 3008.236083984375 0.678955078125 568.4845675096772 331
stats: 422 80 333
stats: tr_friends 59 384.58693889036005 647.0401872569843 5440.929931640625 0.679931640625 757.6014158367674 273
stats: size_sent 1403863 9913748
stats: tr_search_all_users 62 203.41600774949598 507.346884645949 3209.796875 0.694091796875 685.3891773066244 242
stats: connected 7 1017
stats: tr_browse_quizzes_page_1 83 1438.2842973456325 2239.126433075156 12003.177001953125 0.65478515625 803.6787172059755 740
stats: error_connection_closed 31 100
stats: tr_play_game__1st_question 87 544.082965719289 798.716931549152 5812.575927734375 0.651123046875 653.4402988193272 666
stats: error_abort_max_send_retries 0 1
stats: tr_play_game__answer_to_question 108 483.9489271375868 1002.2509495079238 8423.840087890625 0.672119140625 564.1734508547008 585
stats: 503 1695 8828
stats: tr_index 70 7807.670727539063 4066.1964209626103 20527.3310546875 1.26220703125 1457.589518229166 777
stats: 404 2 252
stats: tr_quizzes_page_INDEX 44 483.7191439541903 709.5310748262085 3039.487060546875 0.68017578125 678.1337792181199 248
stats: 500 200 811
stats: tr_quiz_questions_SHOW 193 902.0230605367553 1643.5918566936466 6633.511962890625 0.111083984375 353.7904766975565 940
# stats: dump at 1448597347
stats: users 1015 1290
stats: {freemem,"tsung_controller@ip-172-30-3-25"} 1 3094.72265625 0.0 3171.265625 3094.72265625 3149.556463068182 22
stats: {load,"tsung_controller@ip-172-30-3-25"} 1 0.16015625 0.0 0.19140625 0.0 0.06409801136363637 22
stats: {recvpackets,"tsung_controller@ip-172-30-3-25"} 1 6967.0 0.0 6967 75 2469.7619047619046 21
stats: {sentpackets,"tsung_controller@ip-172-30-3-25"} 1 7471.0 0.0 7979 73 2478.2380952380954 21
stats: {cpu,"tsung_controller@ip-172-30-3-25"} 1 17.327188940092167 0.0 21.73076923076923 1.5794669299111548 7.264320326455667 22
stats: session 170 52983.7204202091 16959.18368567439 145074.48193359375 7603.14111328125 46434.82187010339 708
stats: users_count 0 1893
stats: finish_users_count 170 878
stats: request 2531 1830.282981748969 4463.554284651227 21976.126953125 0.055908203125 775.2141736551262 16867
stats: connect 279 4817.228103473619 6721.3849899034985 15045.219970703125 0.4990234375 689.2116992146675 2392
stats: page 2107 2192.704418586109 4849.328202037597 23455.264892578125 0.56201171875 903.2431048093305 14454
stats: tr_play_game__ready_page 75 937.5181119791666 2204.8609180832023 17745.281005859375 0.6640625 670.1017405455593 772
stats: 302 161 1151
stats: tr_question_new_POST 267 571.1240865300208 1496.3042119507675 19919.302001953125 0.683837890625 371.90748423126354 1155
stats: 200 253 5434
stats: tr_quiz_new_POST 31 1284.5378811743951 3491.5276258119948 19328.601806640625 0.880859375 599.9453364353556 204
stats: size_rcv 1831836 23036826
stats: tr_play_game__leaderboard 86 425.92653070494185 704.7773062327939 5334.453857421875 0.679931640625 548.1031576900159 354
stats: newphase 0 6
stats: tr_friend_requests 45 1088.473806423611 2485.952576698808 12368.657958984375 0.671875 549.7760671895085 389
stats: 422 76 409
stats: tr_friends 53 394.90372107163915 681.5017828209907 5440.929931640625 0.679931640625 691.3126985480986 332
stats: size_sent 1447703 11361451
stats: tr_search_all_users 48 363.4235432942708 652.6865596638506 3209.796875 0.694091796875 587.0920177258944 304
stats: connected -56 961
stats: tr_browse_quizzes_page_1 63 2238.2944452194943 4985.6933711327865 20401.171142578125 0.65478515625 867.6790369527453 823
stats: error_connection_closed 82 182
stats: tr_play_game__1st_question 66 1062.004512902462 3403.0605881165766 20380.780029296875 0.651123046875 640.8053878237051 753
stats: error_abort_max_send_retries 5 6
stats: tr_play_game__answer_to_question 76 665.7132728978207 984.3707056402728 8423.840087890625 0.672119140625 551.6709276780077 693
stats: 503 1798 10626
stats: tr_index 64 18351.730079650875 2584.2851111737104 21976.196044921875 1.26220703125 1982.3896181721327 847
stats: 404 4 256
stats: tr_quizzes_page_INDEX 26 553.4104285606971 730.1324259735187 3039.487060546875 0.68017578125 648.8384232194456 292
stats: 500 178 989
stats: tr_quiz_questions_SHOW 232 1260.7732038826775 1864.9511669935978 11404.3701171875 0.111083984375 447.17872796054445 1133
# stats: dump at 1448597357
stats: users 746 1290
stats: {freemem,"tsung_controller@ip-172-30-3-25"} 1 3092.859375 0.0 3171.265625 3092.859375 3147.1723845108695 23
stats: {load,"tsung_controller@ip-172-30-3-25"} 1 0.21875 0.0 0.21875 0.0 0.06827445652173914 23
stats: {recvpackets,"tsung_controller@ip-172-30-3-25"} 1 8428.0 0.0 8428 75 2674.181818181818 22
stats: {sentpackets,"tsung_controller@ip-172-30-3-25"} 1 8309.0 0.0 8309 73 2705.181818181818 22
stats: {cpu,"tsung_controller@ip-172-30-3-25"} 1 19.75071907957814 0.0 21.73076923076923 1.5794669299111548 7.701836353135514 23
stats: session 269 54378.99612006999 16288.46984923961 145074.48193359375 7603.14111328125 47702.83183994163 878
stats: users_count 0 1893
stats: finish_users_count 269 1147
stats: request 3069 986.3204922842336 3766.4649356867194 32436.623046875 0.055908203125 912.8767756391203 19398
stats: connect 369 3730.638614975017 9718.51758832654 31080.536865234375 0.4990234375 1120.4047268403685 2671
stats: page 2422 1259.2680860624914 4219.713134825159 32436.623046875 0.56201171875 1067.296905191413 16561
stats: tr_play_game__ready_page 52 758.6497755784255 2310.8056881774023 17745.281005859375 0.6640625 693.7808761506604 847
stats: 302 222 1373
stats: tr_question_new_POST 499 286.74662068277195 573.3608779069276 19919.302001953125 0.683837890625 409.3131331860935 1422
stats: 200 236 5670
stats: tr_quiz_new_POST 30 324.8176513671875 632.2491269108947 19328.601806640625 0.880859375 690.2532891456118 235
stats: size_rcv 2088974 25125800
stats: tr_play_game__leaderboard 97 481.46635138128227 672.8405167220955 5334.453857421875 0.679931640625 524.2231805974787 440
stats: newphase 0 6
stats: tr_friend_requests 52 551.1620295597957 719.4063771338347 12368.657958984375 0.671875 605.6318235617081 434
stats: 422 104 513
stats: tr_friends 51 562.583328546262 2251.4608263163605 15984.8779296875 0.679931640625 650.508345804586 385
stats: size_sent 1938297 13299748
stats: tr_search_all_users 54 531.0739926938658 684.2346022423105 3209.796875 0.694091796875 556.5917712124912 352
stats: connected -210 751
stats: tr_browse_quizzes_page_1 42 2886.977986653646 6973.933768124083 32230.12890625 0.65478515625 965.1381461184396 886
stats: error_connection_closed 192 374
stats: tr_play_game__1st_question 72 924.4023674858943 3722.3134735442595 31813.004150390625 0.651123046875 674.7481744600885 819
stats: error_abort_max_send_retries 55 61
stats: tr_play_game__answer_to_question 66 930.4858102509467 2831.9209678875905 16556.4189453125 0.672119140625 562.9416926152064 769
stats: 503 2189 12815
stats: tr_index 19 31682.76108912418 508.168503001625 32436.783203125 1.26220703125 3132.376214807302 911
stats: 404 3 259
stats: tr_quizzes_page_INDEX 31 675.2030777469759 694.391943342232 3039.487060546875 0.68017578125 641.0361343479756 318
stats: 500 196 1185
stats: tr_quiz_questions_SHOW 549 669.2571089836634 1182.9334619922338 15498.85107421875 0.10400390625 585.4599868718522 1365
# stats: dump at 1448597367
stats: users 575 1290
stats: {freemem,"tsung_controller@ip-172-30-3-25"} 1 3092.546875 0.0 3171.265625 3092.546875 3144.9093424479165 24
stats: {load,"tsung_controller@ip-172-30-3-25"} 1 0.1796875 0.0 0.21875 0.0 0.07454427083333333 24
stats: {recvpackets,"tsung_controller@ip-172-30-3-25"} 1 6618.0 0.0 8428 75 2924.3478260869565 23
stats: {sentpackets,"tsung_controller@ip-172-30-3-25"} 1 6473.0 0.0 8309 73 2948.8260869565215 23
stats: {cpu,"tsung_controller@ip-172-30-3-25"} 1 15.725047080979285 0.0 21.73076923076923 1.5794669299111548 8.203873133403958 24
stats: session 171 54382.405637506854 12255.965592529235 145074.48193359375 7603.14111328125 49268.55824914348 1147
stats: users_count 0 1893
stats: finish_users_count 171 1318
stats: request 1911 630.3726173612465 1537.330177530714 32436.623046875 0.055908203125 922.9092128307282 22467
stats: connect 86 1445.9100057912422 6539.235138409989 31080.536865234375 0.4990234375 1437.239037604081 3040
stats: page 1558 770.8659512834454 1745.7502603682628 32436.623046875 0.56201171875 1091.7900938375572 18983
stats: tr_play_game__ready_page 26 542.0175030048077 588.9871176604062 17745.281005859375 0.6640625 697.5330260619438 899
stats: 302 284 1657
stats: tr_question_new_POST 224 474.67513275146473 610.6847355663186 19919.302001953125 0.683837890625 377.4751895425967 1921
stats: 200 282 5952
stats: tr_quiz_new_POST 37 748.9891258445946 597.1255886214403 19328.601806640625 0.880859375 648.8832169442808 265
stats: size_rcv 1562670 26688470
stats: tr_play_game__leaderboard 109 583.3188902128726 627.1921451492318 5334.453857421875 0.679931640625 516.4998799755588 537
stats: newphase 0 6
stats: tr_friend_requests 31 518.5422757056451 572.623706706993 12368.657958984375 0.671875 599.8037797590343 486
stats: 422 116 629
stats: tr_friends 46 612.0216489045517 619.5929910731974 15984.8779296875 0.679931640625 640.2235387399656 436
stats: size_sent 1182454 14482202
stats: tr_search_all_users 49 692.3844666772959 633.0609584919526 3209.796875 0.694091796875 553.1977809661715 406
stats: connected -177 574
stats: tr_browse_quizzes_page_1 4 698.7174682617188 695.1556468609541 32230.12890625 0.65478515625 1052.1179664874899 928
stats: error_connection_closed 9 383
stats: tr_play_game__1st_question 30 688.7036051432292 615.0735082436311 31813.004150390625 0.651123046875 694.922250664194 891
stats: error_abort_max_send_retries 0 61
stats: tr_play_game__answer_to_question 56 678.2811802455357 604.8398818538692 16556.4189453125 0.672119140625 591.9930839492889 835
stats: 503 935 13750
stats: tr_index 2 31644.53857421875 589.37060546875 32436.783203125 1.26220703125 3715.6636477234533 930
stats: 404 9 268
stats: tr_quizzes_page_INDEX 22 422.1866455078125 556.2280858116778 3039.487060546875 0.68017578125 644.0710204378581 349
stats: 500 199 1384
stats: tr_quiz_questions_SHOW 220 419.9961370294744 588.9158977413343 15498.85107421875 0.10400390625 609.4958385120739 1914
# stats: dump at 1448597377
stats: users 429 1290
stats: {freemem,"tsung_controller@ip-172-30-3-25"} 1 3092.328125 0.0 3171.265625 3092.328125 3142.81484375 25
stats: {load,"tsung_controller@ip-172-30-3-25"} 1 0.1484375 0.0 0.21875 0.0 0.07875 25
stats: {recvpackets,"tsung_controller@ip-172-30-3-25"} 1 5245.0 0.0 8428 75 3078.25 24
stats: {sentpackets,"tsung_controller@ip-172-30-3-25"} 1 4925.0 0.0 8309 73 3095.6666666666665 24
stats: {cpu,"tsung_controller@ip-172-30-3-25"} 1 11.96911196911197 0.0 21.73076923076923 1.5794669299111548 8.504720091306972 25
stats: session 146 63143.2576018033 15499.572866072911 145074.48193359375 7603.14111328125 49932.039207724774 1318
stats: users_count 0 1893
stats: finish_users_count 146 1464
stats: request 1518 684.3920148967597 598.15172954684 32436.623046875 0.055908203125 899.977166151666 24378
stats: connect 72 1.6694641113281252 2.7877536653444053 31080.536865234375 0.4990234375 1437.4775863130048 3126
stats: page 1202 865.4760681253907 795.8867456881541 32436.623046875 0.56201171875 1067.448542106906 20541
stats: tr_play_game__ready_page 6 527.6983642578125 545.1919780882373 17745.281005859375 0.6640625 693.1617789273648 925
stats: 302 318 1975
stats: tr_question_new_POST 216 563.8092459219475 586.156396201328 19919.302001953125 0.683837890625 387.6256731224505 2145
stats: 200 256 6208
stats: tr_quiz_new_POST 32 615.5466690063478 619.8893709000284 19328.601806640625 0.880859375 661.1478481671669 302
stats: size_rcv 1284253 27972723
stats: tr_play_game__leaderboard 80 813.2122009277343 576.2988247460077 5334.453857421875 0.679931640625 527.774295015601 646
stats: newphase 0 6
stats: tr_friend_requests 21 565.4799572172619 596.8073848080099 12368.657958984375 0.671875 594.9312330943243 517
stats: 422 121 750
stats: tr_friends 32 745.8533477783203 540.5896819710454 15984.8779296875 0.679931640625 637.532072075175 482
stats: size_sent 1010341 15492543
stats: tr_search_all_users 41 834.0971441501524 544.3152756528794 3209.796875 0.694091796875 568.1871163504464 455
stats: connected -142 432
stats: tr_browse_quizzes_page_1 0 0 0 32230.12890625 0.65478515625 1050.601226151757 932
stats: error_connection_closed 7 390
stats: tr_play_game__1st_question 9 1118.9742567274307 431.42936423607284 31813.004150390625 0.651123046875 694.7196889208401 921
stats: error_abort_max_send_retries 0 61
stats: tr_play_game__answer_to_question 28 873.0558122907366 566.2493274435418 16556.4189453125 0.672119140625 597.4163537501754 891
stats: 503 565 14315
stats: tr_index 0 0 0 32436.783203125 1.26220703125 3775.5968557202245 932
stats: 404 13 281
stats: tr_quizzes_page_INDEX 9 920.0911729600695 501.27442418184324 3039.487060546875 0.68017578125 630.9134564258338 371
stats: 500 171 1555
stats: tr_quiz_questions_SHOW 214 515.313727548189 582.4745010565615 15498.85107421875 0.10400390625 589.9597868128368 2134
# stats: dump at 1448597387
stats: users 309 1290
stats: {freemem,"tsung_controller@ip-172-30-3-25"} 1 3095.53125 0.0 3171.265625 3092.328125 3140.873046875 26
stats: {load,"tsung_controller@ip-172-30-3-25"} 1 0.12890625 0.0 0.21875 0.0 0.08143028846153846 26
stats: {recvpackets,"tsung_controller@ip-172-30-3-25"} 1 4861.0 0.0 8428 75 3164.92 25
stats: {sentpackets,"tsung_controller@ip-172-30-3-25"} 1 4153.0 0.0 8309 73 3168.84 25
stats: {cpu,"tsung_controller@ip-172-30-3-25"} 1 9.238095238095239 0.0 21.73076923076923 1.5794669299111548 8.63796593276101 26
stats: session 120 67316.20331827794 11004.486188333329 145074.48193359375 7603.14111328125 51249.55142462058 1464
stats: users_count 0 1893
stats: finish_users_count 120 1584
stats: request 1088 890.7370684006635 271.94115829137604 32436.623046875 0.055908203125 887.3397603899673 25896
stats: connect 16 2.9072265625 3.7546221311485035 31080.536865234375 0.4990234375 1405.1516998844493 3198
stats: page 866 1115.128840563205 499.7662385402126 32436.623046875 0.56201171875 1056.2830675299947 21743
stats: tr_play_game__ready_page 1 986.351806640625 0.0 17745.281005859375 0.6640625 692.0954196491508 931
stats: 302 404 2379
stats: tr_question_new_POST 173 854.5259706353868 286.112996947106 19919.302001953125 0.683837890625 403.74411942685174 2361
stats: 200 286 6494
stats: tr_quiz_new_POST 17 995.8606100643383 142.62383209858126 19328.601806640625 0.880859375 656.7788729182262 334
stats: size_rcv 1182979 29155702
stats: tr_play_game__leaderboard 70 946.4928745814732 229.10799556018617 5334.453857421875 0.679931640625 559.2275077882879 726
stats: newphase 0 6
stats: tr_friend_requests 23 879.9969110903533 292.650192273339 12368.657958984375 0.671875 593.7816479764465 538
stats: 422 164 914
stats: tr_friends 24 899.1070658365885 211.12787706368601 15984.8779296875 0.679931640625 644.2758090839312 514
stats: size_sent 750363 16242906
stats: tr_search_all_users 26 901.0508939302885 202.97283415909502 3209.796875 0.694091796875 590.1675823580835 496
stats: connected -121 311
stats: tr_browse_quizzes_page_1 0 0 0 32230.12890625 0.65478515625 1050.601226151757 932
stats: error_connection_closed 1 391
stats: tr_play_game__1st_question 2 422.482421875 421.6875 31813.004150390625 0.651123046875 698.8253782867104 930
stats: error_abort_max_send_retries 0 61
stats: tr_play_game__answer_to_question 5 955.73408203125 88.18763166054158 16556.4189453125 0.672119140625 605.8145091790499 919
stats: 503 62 14377
stats: tr_index 0 0 0 32436.783203125 1.26220703125 3775.5968557202245 932
stats: 404 14 295
stats: tr_quizzes_page_INDEX 4 832.9375 505.7749026996809 3039.487060546875 0.68017578125 637.76240234375 380
stats: 500 143 1698
stats: tr_quiz_questions_SHOW 171 824.247100294682 306.55052295867074 15498.85107421875 0.10400390625 583.1564406958715 2348
# stats: dump at 1448597397
stats: users 185 1290
stats: {freemem,"tsung_controller@ip-172-30-3-25"} 1 3095.64453125 0.0 3171.265625 3092.328125 3139.193721064815 27
stats: {load,"tsung_controller@ip-172-30-3-25"} 1 0.109375 0.0 0.21875 0.0 0.08318865740740741 27
stats: {recvpackets,"tsung_controller@ip-172-30-3-25"} 1 4279.0 0.0 8428 75 3230.153846153846 26
stats: {sentpackets,"tsung_controller@ip-172-30-3-25"} 1 3252.0 0.0 8309 73 3206.6923076923076 26
stats: {cpu,"tsung_controller@ip-172-30-3-25"} 1 7.163886162904809 0.0 21.73076923076923 1.5794669299111548 8.660192944069685 27
stats: session 124 76856.3363942792 12342.208466540511 145074.48193359375 7603.14111328125 52466.722022624934 1584
stats: users_count 0 1893
stats: finish_users_count 124 1708
stats: request 1014 688.8403505705282 136.90931265313466 32436.623046875 0.055908203125 887.4767404935708 26984
stats: connect 4 3.3238525390625 2.926294123945518 31080.536865234375 0.4990234375 1398.1710180010793 3214
stats: page 776 917.0666160976767 367.4085110014558 32436.623046875 0.56201171875 1058.537056624902 22609
stats: tr_play_game__ready_page 0 0 0 17745.281005859375 0.6640625 692.4111453862661 932
stats: 302 419 2798
stats: tr_question_new_POST 193 671.2800647162409 130.35607451246108 19919.302001953125 0.683837890625 434.5196759616097 2534
stats: 200 273 6767
stats: tr_quiz_new_POST 22 666.3249067826705 95.53982632130261 19328.601806640625 0.880859375 673.201635116186 351
stats: size_rcv 1220454 30376156
stats: tr_play_game__leaderboard 57 718.1378280907346 126.85086895207235 5334.453857421875 0.679931640625 593.2835073806534 796
stats: newphase 0 6
stats: tr_friend_requests 6 728.10791015625 169.13869933167913 12368.657958984375 0.671875 605.5159635764819 561
stats: 422 187 1101
stats: tr_friends 19 702.4974557976974 174.83273462830425 15984.8779296875 0.679931640625 655.643746188139 538
stats: size_sent 723064 16965970
stats: tr_search_all_users 20 740.5415527343749 142.9159892690924 3209.796875 0.694091796875 605.6521917467373 522
stats: connected -125 186
stats: tr_browse_quizzes_page_1 0 0 0 32230.12890625 0.65478515625 1050.601226151757 932
stats: error_connection_closed 0 391
stats: tr_play_game__1st_question 0 0 0 31813.004150390625 0.651123046875 698.2323676506337 932
stats: error_abort_max_send_retries 0 61
stats: tr_play_game__answer_to_question 5 794.35625 91.82209926661317 16556.4189453125 0.672119140625 607.7080133611506 924
stats: 503 0 14377
stats: tr_index 0 0 0 32436.783203125 1.26220703125 3775.5968557202245 932
stats: 404 30 325
stats: tr_quizzes_page_INDEX 3 714.556396484375 200.275745781764 3039.487060546875 0.68017578125 639.7954762776692 384
stats: 500 106 1804
stats: tr_quiz_questions_SHOW 199 669.5889248488534 126.92900131573347 15498.85107421875 0.10400390625 599.522658556688 2519
# stats: dump at 1448597407
stats: users 82 1290
stats: {freemem,"tsung_controller@ip-172-30-3-25"} 1 3096.1171875 0.0 3171.265625 3092.328125 3137.6383928571427 28
stats: {load,"tsung_controller@ip-172-30-3-25"} 1 0.2890625 0.0 0.2890625 0.0 0.08412388392857142 28
stats: {recvpackets,"tsung_controller@ip-172-30-3-25"} 1 4318.0 0.0 8428 75 3269.0 27
stats: {sentpackets,"tsung_controller@ip-172-30-3-25"} 1 3074.0 0.0 8309 73 3208.3703703703704 27
stats: {cpu,"tsung_controller@ip-172-30-3-25"} 1 6.5740740740740735 0.0 21.73076923076923 1.5794669299111548 8.60675341617094 28
stats: session 103 83126.5250113774 11326.352707399848 155856.52905273438 7603.14111328125 54237.39660230007 1708
stats: users_count 0 1893
stats: finish_users_count 103 1811
stats: request 822 311.63459336032514 139.3731292406963 32436.623046875 0.055908203125 880.2827516592982 27998
stats: connect 0 0 0 31080.536865234375 0.4990234375 1396.4372117046692 3218
stats: page 624 420.05792431953665 247.32446640516903 32436.623046875 0.56201171875 1053.8425489554932 23385
stats: tr_play_game__ready_page 0 0 0 17745.281005859375 0.6640625 692.4111453862661 932
stats: 302 348 3146
stats: tr_question_new_POST 185 328.71387378589543 112.9855418477315 19919.302001953125 0.683837890625 451.2760951143944 2727
stats: 200 216 6983
stats: tr_quiz_new_POST 4 416.21771240234375 76.37141580029876 19328.601806640625 0.880859375 672.7960371983916 373
stats: size_rcv 964001 31340157
stats: tr_play_game__leaderboard 45 277.66586914062503 168.31585297736626 5334.453857421875 0.679931640625 601.6266448724174 853
stats: newphase 0 6
stats: tr_friend_requests 1 313.489990234375 0.0 12368.657958984375 0.671875 606.8132328524583 567
stats: 422 157 1258
stats: tr_friends 7 271.13856724330356 196.61801479665064 15984.8779296875 0.679931640625 657.2419876290395 557
stats: size_sent 591610 17557580
stats: tr_search_all_users 17 262.6423770680147 168.20278661997702 3209.796875 0.694091796875 610.6296589418531 542
stats: connected -106 80
stats: tr_browse_quizzes_page_1 0 0 0 32230.12890625 0.65478515625 1050.601226151757 932
stats: error_connection_closed 0 391
stats: tr_play_game__1st_question 0 0 0 31813.004150390625 0.651123046875 698.2323676506337 932
stats: error_abort_max_send_retries 0 61
stats: tr_play_game__answer_to_question 3 376.2476399739583 55.22841555279981 16556.4189453125 0.672119140625 608.7125786821347 929
stats: 503 0 14377
stats: tr_index 0 0 0 32436.783203125 1.26220703125 3775.5968557202245 932
stats: 404 32 357
stats: tr_quizzes_page_INDEX 1 7.010009765625 0.0 3039.487060546875 0.68017578125 640.3750182947755 387
stats: 500 68 1872
stats: tr_quiz_questions_SHOW 194 316.34283636034144 114.03760244694304 15498.85107421875 0.10400390625 604.6526022624058 2718
# stats: dump at 1448597417
stats: users 36 1290
stats: {freemem,"tsung_controller@ip-172-30-3-25"} 1 3096.93359375 0.0 3171.265625 3092.328125 3136.2066271551726 29
stats: {load,"tsung_controller@ip-172-30-3-25"} 1 0.25 0.0 0.2890625 0.0 0.09119073275862069 29
stats: {recvpackets,"tsung_controller@ip-172-30-3-25"} 1 1797.0 0.0 8428 75 3306.464285714286 28
stats: {sentpackets,"tsung_controller@ip-172-30-3-25"} 1 1475.0 0.0 8309 73 3203.5714285714284 28
stats: {cpu,"tsung_controller@ip-172-30-3-25"} 1 3.5071090047393367 0.0 21.73076923076923 1.5794669299111548 8.536661025064152 29
stats: session 46 92163.07008428161 9188.710281244392 155856.52905273438 7603.14111328125 55880.455810546875 1811
stats: users_count 0 1893
stats: finish_users_count 46 1857
stats: request 181 8.391025606439918 14.988103242169037 32436.623046875 0.055908203125 864.0638486016384 28820
stats: connect 1 0.6669921875 0.0 31080.536865234375 0.4990234375 1396.4372117046692 3218
stats: page 157 9.68780945212978 17.492675926431144 32436.623046875 0.56201171875 1037.3703257986422 24009
stats: tr_play_game__ready_page 0 0 0 17745.281005859375 0.6640625 692.4111453862661 932
stats: 302 58 3204
stats: tr_question_new_POST 16 7.58251953125 4.766845116999904 19919.302001953125 0.683837890625 443.4896902566429 2912
stats: 200 82 7065
stats: tr_quiz_new_POST 2 4.75146484375 0.219482421875 19328.601806640625 0.880859375 670.0737207549322 377
stats: size_rcv 204907 31545064
stats: tr_play_game__leaderboard 21 9.168119884672619 8.93389025857448 5334.453857421875 0.679931640625 585.3925302756128 898
stats: newphase 0 6
stats: tr_friend_requests 3 3.8111165364583335 0.19483547024170927 12368.657958984375 0.671875 606.2968186929195 568
stats: 422 20 1278
stats: tr_friends 3 4.020345052083333 0.3059634583054496 15984.8779296875 0.679931640625 652.4499239008477 564
stats: size_sent 128167 17685747
stats: tr_search_all_users 6 4.7071533203125 1.6229610167929043 3209.796875 0.694091796875 600.0468614608956 559
stats: connected -44 36
stats: tr_browse_quizzes_page_1 0 0 0 32230.12890625 0.65478515625 1050.601226151757 932
stats: error_connection_closed 0 391
stats: tr_play_game__1st_question 0 0 0 31813.004150390625 0.651123046875 698.2323676506337 932
stats: error_abort_max_send_retries 0 61
stats: tr_play_game__answer_to_question 0 0 0 16556.4189453125 0.672119140625 607.9643009824302 932
stats: 503 0 14377
stats: tr_index 0 0 0 32436.783203125 1.26220703125 3775.5968557202245 932
stats: 404 0 357
stats: tr_quizzes_page_INDEX 1 3.5322265625 0.0 3039.487060546875 0.68017578125 638.7426342521746 388
stats: 500 21 1893
stats: tr_quiz_questions_SHOW 16 9.172286987304688 7.350295939638058 15498.85107421875 0.10400390625 585.4451521988755 2912
# stats: dump at 1448597427
stats: users 16 1290
stats: {freemem,"tsung_controller@ip-172-30-3-25"} 1 3097.2421875 0.0 3171.265625 3092.328125 3134.897526041667 30
stats: {load,"tsung_controller@ip-172-30-3-25"} 1 0.2109375 0.0 0.2890625 0.0 0.096484375 30
stats: {recvpackets,"tsung_controller@ip-172-30-3-25"} 1 681.0 0.0 8428 75 3254.4137931034484 29
stats: {sentpackets,"tsung_controller@ip-172-30-3-25"} 1 654.0 0.0 8309 73 3143.9655172413795 29
stats: {cpu,"tsung_controller@ip-172-30-3-25"} 1 2.1653543307086616 0.0 21.73076923076923 1.5794669299111548 8.369009291053326 30
stats: session 20 100708.05795898437 6465.8385505215465 155856.52905273438 7603.14111328125 56779.21739191026 1857
stats: users_count 0 1893
stats: finish_users_count 20 1877
stats: request 153 9.515794143178098 7.714967070190623 32436.623046875 0.055908203125 858.7234540993064 29001
stats: connect 0 0 0 31080.536865234375 0.4990234375 1396.0036080328712 3219
stats: page 114 12.80958744517544 9.479687422046748 32436.623046875 0.56201171875 1030.6937489937757 24166
stats: tr_play_game__ready_page 0 0 0 17745.281005859375 0.6640625 692.4111453862661 932
stats: 302 63 3267
stats: tr_question_new_POST 32 7.254463195800781 4.275655519651236 19919.302001953125 0.683837890625 441.10768385923643 2928
stats: 200 47 7112
stats: tr_quiz_new_POST 4 8.25677490234375 5.1123069067278895 19328.601806640625 0.880859375 666.562785367538 379
stats: size_rcv 200026 31745090
stats: tr_play_game__leaderboard 7 7.744977678571429 1.3796354276722913 5334.453857421875 0.679931640625 572.2252695376261 919
stats: newphase 0 6
stats: tr_friend_requests 1 8.98388671875 0.0 12368.657958984375 0.671875 603.1313946885948 571
stats: 422 27 1305
stats: tr_friends 3 10.769368489583334 4.963115229506072 15984.8779296875 0.679931640625 649.0190795683146 567
stats: size_sent 123007 17808754
stats: tr_search_all_users 5 15.117431640625 10.969340620958027 3209.796875 0.694091796875 593.7246698700221 565
stats: connected -22 14
stats: tr_browse_quizzes_page_1 0 0 0 32230.12890625 0.65478515625 1050.601226151757 932
stats: error_connection_closed 0 391
stats: tr_play_game__1st_question 0 0 0 31813.004150390625 0.651123046875 698.2323676506337 932
stats: error_abort_max_send_retries 0 61
stats: tr_play_game__answer_to_question 0 0 0 16556.4189453125 0.672119140625 607.9643009824302 932
stats: 503 0 14377
stats: tr_index 0 0 0 32436.783203125 1.26220703125 3775.5968557202245 932
stats: 404 8 365
stats: tr_quizzes_page_INDEX 0 0 0 3039.487060546875 0.68017578125 637.1097026128696 389
stats: 500 8 1901
stats: tr_quiz_questions_SHOW 32 10.132705688476563 6.646798640092297 15498.85107421875 0.10400390625 582.296120148539 2928
# stats: dump at 1448597437
stats: users 7 1290
stats: {freemem,"tsung_controller@ip-172-30-3-25"} 1 3097.69921875 0.0 3171.265625 3092.328125 3133.6828377016127 31
stats: {load,"tsung_controller@ip-172-30-3-25"} 1 0.1796875 0.0 0.2890625 0.0 0.10017641129032258 31
stats: {recvpackets,"tsung_controller@ip-172-30-3-25"} 1 331.0 0.0 8428 75 3168.633333333333 30
stats: {sentpackets,"tsung_controller@ip-172-30-3-25"} 1 276.0 0.0 8309 73 3060.9666666666667 30
stats: {cpu,"tsung_controller@ip-172-30-3-25"} 1 1.556420233463035 0.0 21.73076923076923 1.556420233463035 8.168891389106722 31
stats: session 9 115200.5114203559 10436.296154922662 155856.52905273438 7603.14111328125 57247.29241127173 1877
stats: users_count 0 1893
stats: finish_users_count 9 1886
stats: request 72 9.976752387152779 8.103621504782668 32436.623046875 0.055908203125 854.2668178924981 29154
stats: connect 1 0.81396484375 0.0 31080.536865234375 0.4990234375 1396.0036080328712 3219
stats: page 52 13.852332481971152 9.242661650984862 32436.623046875 0.56201171875 1025.9145564725013 24280
stats: tr_play_game__ready_page 0 0 0 17745.281005859375 0.6640625 692.4111453862661 932
stats: 302 21 3288
stats: tr_question_new_POST 16 6.20947265625 3.426157876280662 19919.302001953125 0.683837890625 436.4173787709831 2960
stats: 200 30 7142
stats: tr_quiz_new_POST 2 5.699462890625 0.396484375 19328.601806640625 0.880859375 659.6875267726012 383
stats: size_rcv 130192 31875282
stats: tr_play_game__leaderboard 4 7.90087890625 0.16377505598490918 5334.453857421875 0.679931640625 567.9581399015425 926
stats: newphase 0 6
stats: tr_friend_requests 0 0 0 12368.657958984375 0.671875 602.0926752690671 572
stats: 422 10 1315
stats: tr_friends 2 14.93603515625 10.245849609375 15984.8779296875 0.679931640625 645.659870562637 570
stats: size_sent 58523 17867277
stats: tr_search_all_users 2 22.427490234375 6.060546875 3209.796875 0.694091796875 588.6491677802906 570
stats: connected -9 5
stats: tr_browse_quizzes_page_1 0 0 0 32230.12890625 0.65478515625 1050.601226151757 932
stats: error_connection_closed 0 391
stats: tr_play_game__1st_question 0 0 0 31813.004150390625 0.651123046875 698.2323676506337 932
stats: error_abort_max_send_retries 0 61
stats: tr_play_game__answer_to_question 0 0 0 16556.4189453125 0.672119140625 607.9643009824302 932
stats: 503 0 14377
stats: tr_index 0 0 0 32436.783203125 1.26220703125 3775.5968557202245 932
stats: 404 8 373
stats: tr_quizzes_page_INDEX 0 0 0 3039.487060546875 0.68017578125 637.1097026128696 389
stats: 500 3 1904
stats: tr_quiz_questions_SHOW 16 11.63323974609375 4.565455755067546 15498.85107421875 0.10400390625 576.1105697219436 2960
# stats: dump at 1448597447
stats: users 3 1290
stats: {freemem,"tsung_controller@ip-172-30-3-25"} 1 3097.98046875 0.0 3171.265625 3092.328125 3132.558349609375 32
stats: {load,"tsung_controller@ip-172-30-3-25"} 1 0.1484375 0.0 0.2890625 0.0 0.1026611328125 32
stats: {recvpackets,"tsung_controller@ip-172-30-3-25"} 1 112.0 0.0 8428 75 3077.0967741935483 31
stats: {sentpackets,"tsung_controller@ip-172-30-3-25"} 1 104.0 0.0 8309 73 2971.1290322580644 31
stats: {cpu,"tsung_controller@ip-172-30-3-25"} 1 1.477832512315271 0.0 21.73076923076923 1.477832512315271 7.962251665492857 32
stats: session 4 118362.26629638672 3028.9313373117893 155856.52905273438 7603.14111328125 57523.84541820797 1886
stats: users_count 0 1893
stats: finish_users_count 4 1890
stats: request 56 9.870945521763398 6.3282326782791465 32436.623046875 0.055908203125 852.1868587904526 29226
stats: connect 1 0.865966796875 0.0 31080.536865234375 0.4990234375 1395.5703193238062 3220
stats: page 38 14.604961194490132 7.751641329285076 32436.623046875 0.56201171875 1023.7516748496381 24332
stats: tr_play_game__ready_page 0 0 0 17745.281005859375 0.6640625 692.4111453862661 932
stats: 302 17 3305
stats: tr_question_new_POST 16 7.2392578125 3.1868986083680744 19919.302001953125 0.683837890625 434.1044330391834 2976
stats: 200 21 7163
stats: tr_quiz_new_POST 2 9.613037109375 3.43798828125 19328.601806640625 0.880859375 656.2901861810066 385
stats: size_rcv 89815 31965097
stats: tr_play_game__leaderboard 1 6.79296875 0.0 5334.453857421875 0.679931640625 565.5492914671541 930
stats: newphase 0 6
stats: tr_friend_requests 0 0 0 12368.657958984375 0.671875 602.0926752690671 572
stats: 422 9 1324
stats: tr_friends 0 0 0 15984.8779296875 0.679931640625 643.4545424668105 572
stats: size_sent 44519 17911796
stats: tr_search_all_users 0 0 0 3209.796875 0.694091796875 586.6693717049552 572
stats: connected -5 0
stats: tr_browse_quizzes_page_1 0 0 0 32230.12890625 0.65478515625 1050.601226151757 932
stats: error_connection_closed 0 391
stats: tr_play_game__1st_question 0 0 0 31813.004150390625 0.651123046875 698.2323676506337 932
stats: error_abort_max_send_retries 0 61
stats: tr_play_game__answer_to_question 0 0 0 16556.4189453125 0.672119140625 607.9643009824302 932
stats: 503 0 14377
stats: tr_index 0 0 0 32436.783203125 1.26220703125 3775.5968557202245 932
stats: 404 8 381
stats: tr_quizzes_page_INDEX 0 0 0 3039.487060546875 0.68017578125 637.1097026128696 389
stats: 500 1 1905
stats: tr_quiz_questions_SHOW 16 9.195709228515627 4.444140724713744 15498.85107421875 0.10400390625 573.0757453672347 2976
# stats: dump at 1448597457
stats: users 3 1290
stats: {freemem,"tsung_controller@ip-172-30-3-25"} 1 3099.95703125 0.0 3171.265625 3092.328125 3131.510535037879 33
stats: {load,"tsung_controller@ip-172-30-3-25"} 1 0.12890625 0.0 0.2890625 0.0 0.10404829545454546 33
stats: {recvpackets,"tsung_controller@ip-172-30-3-25"} 1 183.0 0.0 8428 75 2984.4375 32
stats: {sentpackets,"tsung_controller@ip-172-30-3-25"} 1 146.0 0.0 8309 73 2881.53125 32
stats: {cpu,"tsung_controller@ip-172-30-3-25"} 1 1.0784313725490196 0.0 21.73076923076923 1.0784313725490196 7.7657541153965655 33
stats: session 0 0 0 155856.52905273438 7603.14111328125 57652.60398091311 1890
stats: users_count 0 1893
stats: finish_users_count 0 1890
stats: request 2 5.258056640625 0.028076171875 32436.623046875 0.055908203125 850.5759821036468 29282
stats: connect 1 0.837890625 0.0 31080.536865234375 0.4990234375 1395.1373157992714 3221
stats: page 2 5.258056640625 0.028076171875 32436.623046875 0.56201171875 1022.178118217759 24370
stats: tr_play_game__ready_page 0 0 0 17745.281005859375 0.6640625 692.4111453862661 932
stats: 302 0 3305
stats: tr_question_new_POST 0 0 0 19919.302001953125 0.683837890625 431.821731567383 2992
stats: 200 0 7163
stats: tr_quiz_new_POST 0 0 0 19328.601806640625 0.880859375 652.9481854106106 387
stats: size_rcv 3246 31968343
stats: tr_play_game__leaderboard 0 0 0 5334.453857421875 0.679931640625 564.9491235587576 931
stats: newphase 0 6
stats: tr_friend_requests 0 0 0 12368.657958984375 0.671875 602.0926752690671 572
stats: 422 0 1324
stats: tr_friends 0 0 0 15984.8779296875 0.679931640625 643.4545424668105 572
stats: size_sent 342 17912138
stats: tr_search_all_users 0 0 0 3209.796875 0.694091796875 586.6693717049552 572
stats: connected 1 1
stats: tr_browse_quizzes_page_1 0 0 0 32230.12890625 0.65478515625 1050.601226151757 932
stats: error_connection_closed 0 391
stats: tr_play_game__1st_question 0 0 0 31813.004150390625 0.651123046875 698.2323676506337 932
stats: error_abort_max_send_retries 0 61
stats: tr_play_game__answer_to_question 0 0 0 16556.4189453125 0.672119140625 607.9643009824302 932
stats: 503 0 14377
stats: tr_index 0 0 0 32436.783203125 1.26220703125 3775.5968557202245 932
stats: 404 0 381
stats: tr_quizzes_page_INDEX 0 0 0 3039.487060546875 0.68017578125 637.1097026128696 389
stats: 500 2 1907
stats: tr_quiz_questions_SHOW 0 0 0 15498.85107421875 0.10400390625 570.0603441044609 2992
# stats: dump at 1448597467
stats: users 2 1290
stats: {freemem,"tsung_controller@ip-172-30-3-25"} 1 3100.2109375 0.0 3171.265625 3092.328125 3130.5824908088234 34
stats: {load,"tsung_controller@ip-172-30-3-25"} 1 0.109375 0.0 0.2890625 0.0 0.10477941176470588 34
stats: {recvpackets,"tsung_controller@ip-172-30-3-25"} 1 101.0 0.0 8428 75 2899.5454545454545 33
stats: {sentpackets,"tsung_controller@ip-172-30-3-25"} 1 74.0 0.0 8309 73 2798.6363636363635 33
stats: {cpu,"tsung_controller@ip-172-30-3-25"} 1 0.984251968503937 0.0 21.73076923076923 0.984251968503937 7.569068152371637 34
stats: session 1 154672.83520507813 0.0 155856.52905273438 7603.14111328125 57652.60398091311 1890
stats: users_count 0 1893
stats: finish_users_count 1 1891
stats: request 27 14.37229636863426 7.399249357404393 32436.623046875 0.055908203125 850.5182496951327 29284
stats: connect 1 1.951904296875 0.0 31080.536865234375 0.4990234375 1394.7045723401857 3222
stats: page 18 21.630777994791668 9.112894699983341 32436.623046875 0.56201171875 1022.0946683522102 24372
stats: tr_play_game__ready_page 0 0 0 17745.281005859375 0.6640625 692.4111453862661 932
stats: 302 0 3305
stats: tr_question_new_POST 8 9.37701416015625 3.938855546688285 19919.302001953125 0.683837890625 431.821731567383 2992
stats: 200 18 7181
stats: tr_quiz_new_POST 1 31.345947265625 0.0 19328.601806640625 0.880859375 652.9481854106106 387
stats: size_rcv 67826 32036169
stats: tr_play_game__leaderboard 0 0 0 5334.453857421875 0.679931640625 564.9491235587576 931
stats: newphase 0 6
stats: tr_friend_requests 0 0 0 12368.657958984375 0.671875 602.0926752690671 572
stats: 422 0 1324
stats: tr_friends 0 0 0 15984.8779296875 0.679931640625 643.4545424668105 572
stats: size_sent 23368 17935506
stats: tr_search_all_users 0 0 0 3209.796875 0.694091796875 586.6693717049552 572
stats: connected 0 1
stats: tr_browse_quizzes_page_1 0 0 0 32230.12890625 0.65478515625 1050.601226151757 932
stats: error_connection_closed 0 391
stats: tr_play_game__1st_question 0 0 0 31813.004150390625 0.651123046875 698.2323676506337 932
stats: error_abort_max_send_retries 0 61
stats: tr_play_game__answer_to_question 0 0 0 16556.4189453125 0.672119140625 607.9643009824302 932
stats: 503 0 14377
stats: tr_index 0 0 0 32436.783203125 1.26220703125 3775.5968557202245 932
stats: 404 8 389
stats: tr_quizzes_page_INDEX 0 0 0 3039.487060546875 0.68017578125 637.1097026128696 389
stats: 500 1 1908
stats: tr_quiz_questions_SHOW 8 15.46795654296875 5.804399263392962 15498.85107421875 0.10400390625 570.0603441044609 2992
# stats: dump at 1448597474
stats: users 0 1290
stats: {freemem,"tsung_controller@ip-172-30-3-25"} 1 3100.39453125 0.0 3171.265625 3092.328125 3129.714732142857 35
stats: {load,"tsung_controller@ip-172-30-3-25"} 1 0.08984375 0.0 0.2890625 0.0 0.10491071428571429 35
stats: {recvpackets,"tsung_controller@ip-172-30-3-25"} 1 86.0 0.0 8428 75 2817.235294117647 34
stats: {sentpackets,"tsung_controller@ip-172-30-3-25"} 1 69.0 0.0 8309 69 2718.5 34
stats: {cpu,"tsung_controller@ip-172-30-3-25"} 1 1.1799410029498525 0.0 21.73076923076923 0.984251968503937 7.3809305471182745 35
stats: session 2 147367.30139160156 1739.9415283203125 155856.52905273438 7603.14111328125 57703.91029039178 1891
stats: users_count 0 1893
stats: finish_users_count 2 1893
stats: request 28 6.170427594866071 3.8618656503082573 32436.623046875 0.055908203125 849.7480289336502 29311
stats: connect 1 0.823974609375 0.0 31080.536865234375 0.4990234375 1394.272443060619 3223
stats: page 19 9.141665810032896 4.291925485647749 32436.623046875 0.56201171875 1021.3563186176291 24390
stats: tr_play_game__ready_page 0 0 0 17745.281005859375 0.6640625 692.4111453862661 932
stats: 302 17 3322
stats: tr_question_new_POST 8 7.444793701171875 4.665497499088027 19919.302001953125 0.683837890625 430.6952123209637 3000
stats: 200 2 7183
stats: tr_quiz_new_POST 1 6.044921875 0.0 19328.601806640625 0.880859375 651.3461177865255 388
stats: size_rcv 20352 32056521
stats: tr_play_game__leaderboard 1 7.98388671875 0.0 5334.453857421875 0.679931640625 564.9491235587576 931
stats: newphase 0 6
stats: tr_friend_requests 0 0 0 12368.657958984375 0.671875 602.0926752690671 572
stats: 422 9 1333
stats: tr_friends 0 0 0 15984.8779296875 0.679931640625 643.4545424668105 572
stats: size_sent 23351 17958857
stats: tr_search_all_users 0 0 0 3209.796875 0.694091796875 586.6693717049552 572
stats: connected -1 0
stats: tr_browse_quizzes_page_1 0 0 0 32230.12890625 0.65478515625 1050.601226151757 932
stats: error_connection_closed 0 391
stats: tr_play_game__1st_question 0 0 0 31813.004150390625 0.651123046875 698.2323676506337 932
stats: error_abort_max_send_retries 0 61
stats: tr_play_game__answer_to_question 0 0 0 16556.4189453125 0.672119140625 607.9643009824302 932
stats: 503 0 14377
stats: tr_index 0 0 0 32436.783203125 1.26220703125 3775.5968557202245 932
stats: 404 0 389
stats: tr_quizzes_page_INDEX 0 0 0 3039.487060546875 0.68017578125 637.1097026128696 389
stats: 500 0 1908
stats: tr_quiz_questions_SHOW 8 3.43963623046875 0.0570300624671519 15498.85107421875 0.10400390625 568.5814310709636 3000
EndMonitor:{1448,597474,969800}
