# stats: dump at 1448600515
stats: users 6 6
stats: {freemem,"tsung_controller@ip-172-30-3-173"} 1 3170.7421875 0 3170.7421875 3170.7421875 0 0
stats: {cpu,"tsung_controller@ip-172-30-3-173"} 1 5.6722466621102585 0 5.6722466621102585 5.6722466621102585 0 0
stats: {load,"tsung_controller@ip-172-30-3-173"} 1 0.01171875 0 0.01171875 0.01171875 0 0
stats: session 2 1457.76953125 1131.429443359375 2589.198974609375 326.340087890625 0 0
stats: users_count 8 8
stats: finish_users_count 2 2
stats: request 14 16.653355189732142 29.022093079309666 121.028076171875 4.2119140625 0 0
stats: connect 8 14.647003173828125 36.737399339699735 111.844970703125 0.674072265625 0 0
stats: page 14 16.653355189732142 29.022093079309666 121.028076171875 4.2119140625 0 0
stats: tr_play_game__ready_page 1 10.94287109375 0 10.94287109375 10.94287109375 0 0
stats: 302 2 2
stats: tr_browse_quizzes_page_1 2 4.8250732421875 0.5469970703125 5.3720703125 4.278076171875 0 0
stats: 200 12 12
stats: tr_play_game__1st_question 1 12.14208984375 0 12.14208984375 12.14208984375 0 0
stats: size_rcv 20623 20623
stats: tr_index 3 46.472330729166664 54.14431852311095 123.0439453125 8.14501953125 0 0
stats: size_sent 6910 6910
stats: connected 6 6
# stats: dump at 1448600525
stats: users 19 19
stats: {freemem,"tsung_controller@ip-172-30-3-173"} 1 3168.953125 0.0 3170.7421875 3168.953125 3170.7421875 1
stats: {recvpackets,"tsung_controller@ip-172-30-3-173"} 1 160 0 160 160 0 0
stats: {sentpackets,"tsung_controller@ip-172-30-3-173"} 1 231 0 231 231 0 0
stats: {cpu,"tsung_controller@ip-172-30-3-173"} 1 2.359882005899705 0.0 5.6722466621102585 2.359882005899705 5.6722466621102585 1
stats: {load,"tsung_controller@ip-172-30-3-173"} 1 0.01171875 0.0 0.01171875 0.01171875 0.01171875 1
stats: session 2 3777.3675537109375 1114.7745361328125 4892.14208984375 326.340087890625 1457.76953125 2
stats: users_count 15 23
stats: finish_users_count 2 4
stats: request 56 22.230638776506698 56.20191074600896 420.177978515625 4.2119140625 16.653355189732142 14
stats: connect 15 0.710791015625 0.1062286056221446 111.844970703125 0.531005859375 14.647003173828125 8
stats: page 54 23.05690285011574 57.45579142255785 420.177978515625 4.2119140625 16.653355189732142 14
stats: tr_play_game__ready_page 8 10.8944091796875 3.7772339604703933 20.654052734375 8.16796875 10.94287109375 1
stats: 302 4 6
stats: tr_browse_quizzes_page_1 2 9.425048828125 3.7890625 13.214111328125 4.278076171875 4.8250732421875 2
stats: 200 52 64
stats: tr_play_game__1st_question 8 18.30584716796875 16.370120464798646 61.534912109375 11.325927734375 12.14208984375 1
stats: size_rcv 88164 108787
stats: tr_play_game__answer_to_question 8 13.034210205078125 1.1151574199300773 14.178955078125 11.02099609375 0 0
stats: size_sent 76181 83091
stats: tr_index 6 7.7481689453125 0.7569937034982954 123.0439453125 6.822998046875 46.472330729166664 3
stats: connected 13 19
stats: tr_quizzes_page_INDEX 1 11.05908203125 0 11.05908203125 11.05908203125 0 0
# stats: dump at 1448600535
stats: users 23 25
stats: {freemem,"tsung_controller@ip-172-30-3-173"} 1 3162.92578125 0.0 3170.7421875 3162.92578125 3169.84765625 2
stats: {recvpackets,"tsung_controller@ip-172-30-3-173"} 1 343.0 0.0 343 160 160.0 1
stats: {sentpackets,"tsung_controller@ip-172-30-3-173"} 1 381.0 0.0 381 231 231.0 1
stats: {cpu,"tsung_controller@ip-172-30-3-173"} 1 1.6815034619188922 0.0 5.6722466621102585 1.6815034619188922 4.016064334004982 2
stats: {load,"tsung_controller@ip-172-30-3-173"} 1 0.01171875 0.0 0.01171875 0.01171875 0.01171875 2
stats: session 3 13949.580078125 9564.321858770085 25158.248046875 326.340087890625 2617.5685424804688 4
stats: users_count 7 30
stats: finish_users_count 3 7
stats: request 54 17.692229094328702 22.658784375476863 420.177978515625 4.2119140625 21.115182059151785 70
stats: connect 7 0.7054268973214286 0.06953556263474879 111.844970703125 0.531005859375 5.558169157608695 23
stats: page 48 19.909510294596355 27.577887379425412 420.177978515625 4.2119140625 21.738525390625 68
stats: tr_play_game__ready_page 3 9.217692057291666 0.8628548268512453 20.654052734375 7.998046875 10.899793836805555 9
stats: 302 6 12
stats: tr_friend_requests 2 9.8280029296875 0.4219970703125 10.25 9.406005859375 0 0
stats: 200 48 112
stats: tr_search_all_users 1 58.447998046875 0 58.447998046875 58.447998046875 0 0
stats: size_rcv 102557 211344
stats: tr_browse_quizzes_page_1 1 5.744140625 0.0 13.214111328125 4.278076171875 7.12506103515625 4
stats: size_sent 87886 170977
stats: tr_play_game__1st_question 2 10.02099609375 1.06494140625 61.534912109375 8.9560546875 17.620985243055557 9
stats: connected 5 24
stats: tr_play_game__answer_to_question 2 12.258056640625 0.6640625 14.178955078125 11.02099609375 13.034210205078125 8
stats: tr_index 3 7.751627604166667 0.7365363310391735 123.0439453125 6.75 20.65622287326389 9
stats: tr_quizzes_page_INDEX 1 11.330078125 0.0 11.330078125 11.05908203125 11.05908203125 1
# stats: dump at 1448600545
stats: users 28 30
stats: {freemem,"tsung_controller@ip-172-30-3-173"} 1 3161.7109375 0.0 3170.7421875 3161.7109375 3167.5403645833335 3
stats: {recvpackets,"tsung_controller@ip-172-30-3-173"} 1 378.0 0.0 378 160 251.5 2
stats: {sentpackets,"tsung_controller@ip-172-30-3-173"} 1 319.0 0.0 381 231 306.0 2
stats: {cpu,"tsung_controller@ip-172-30-3-173"} 1 1.4822134387351777 0.0 5.6722466621102585 1.4822134387351777 3.237877376642952 3
stats: {load,"tsung_controller@ip-172-30-3-173"} 1 0.01171875 0.0 0.01171875 0.01171875 0.01171875 3
stats: session 9 13323.865017361111 9836.958286468427 30079.991943359375 326.340087890625 7474.144914899553 7
stats: users_count 14 44
stats: finish_users_count 9 16
stats: request 99 13.65490599352904 15.350340973997916 420.177978515625 3.9560546875 19.624541251890122 124
stats: connect 14 0.6854771205357143 0.12007352732677444 111.844970703125 0.531005859375 4.425862630208333 30
stats: page 85 15.217724609375 18.36308813728477 420.177978515625 3.9560546875 20.98169155778556 116
stats: tr_play_game__ready_page 2 10.30908203125 2.048095703125 20.654052734375 7.998046875 10.479268391927084 12
stats: 302 6 18
stats: tr_question_new_POST 8 5.209716796875 0.910543760395001 7.130859375 4.448974609375 0 0
stats: 200 85 197
stats: tr_quiz_new_POST 1 16.884033203125 0 16.884033203125 16.884033203125 0 0
stats: size_rcv 216375 427719
stats: tr_play_game__leaderboard 1 9.296875 0 9.296875 9.296875 0 0
stats: newphase 1 1
stats: tr_friend_requests 1 9.051025390625 0.0 10.25 9.051025390625 9.8280029296875 2
stats: size_sent 151784 322761
stats: tr_search_all_users 2 57.877197265625 2.010986328125 59.88818359375 55.8662109375 58.447998046875 1
stats: connected 5 29
stats: tr_friends 3 35.338623046875 2.189418124334028 37.14892578125 32.258056640625 0 0
stats: 404 8 8
stats: tr_browse_quizzes_page_1 3 4.092936197916667 0.08354279895500294 13.214111328125 4.004150390625 6.848876953125 5
stats: tr_play_game__1st_question 1 10.341064453125 0.0 61.534912109375 8.9560546875 16.23916903409091 11
stats: tr_play_game__answer_to_question 2 11.968505859375 1.219482421875 14.178955078125 10.7490234375 12.8789794921875 10
stats: tr_index 6 6.834554036458333 0.8660056926972365 123.0439453125 5.774169921875 17.430074055989582 12
stats: tr_quizzes_page_INDEX 1 8.382080078125 0.0 11.330078125 8.382080078125 11.194580078125 2
stats: tr_quiz_questions_SHOW 8 9.6295166015625 3.668325642457165 19.153076171875 7.7060546875 0 0
# stats: dump at 1448600555
stats: users 30 34
stats: {freemem,"tsung_controller@ip-172-30-3-173"} 1 3161.3828125 0.0 3170.7421875 3161.3828125 3166.0830078125 4
stats: {recvpackets,"tsung_controller@ip-172-30-3-173"} 1 458.0 0.0 458 160 293.6666666666667 3
stats: {sentpackets,"tsung_controller@ip-172-30-3-173"} 1 418.0 0.0 418 231 310.3333333333333 3
stats: {cpu,"tsung_controller@ip-172-30-3-173"} 1 1.782178217821782 0.0 5.6722466621102585 1.4822134387351777 2.7989613921660084 4
stats: {load,"tsung_controller@ip-172-30-3-173"} 1 0.08984375 0.0 0.08984375 0.01171875 0.01171875 4
stats: session 13 18500.00739933894 12669.027286361936 37226.52294921875 326.340087890625 10764.61247253418 16
stats: users_count 15 59
stats: finish_users_count 13 29
stats: request 152 11.050448769017272 13.113688157693185 420.177978515625 3.805908203125 16.974344433155828 223
stats: connect 15 0.6427083333333333 0.059768754244172446 111.844970703125 0.531005859375 3.235739968039773 44
stats: page 129 13.506508524103682 17.98656322135356 420.177978515625 3.805908203125 18.544193097014926 201
stats: tr_play_game__ready_page 8 7.8951416015625 0.5270079073131759 20.654052734375 7.18505859375 10.4549560546875 14
stats: 302 8 26
stats: tr_question_new_POST 16 4.78485107421875 0.8803125511165356 8.17578125 4.4208984375 5.209716796875 8
stats: 200 128 325
stats: tr_quiz_new_POST 2 12.4354248046875 0.1224365234375 16.884033203125 12.31298828125 16.884033203125 1
stats: size_rcv 314786 742505
stats: tr_play_game__leaderboard 7 8.709089006696429 0.6118246711955441 9.7939453125 7.903076171875 9.296875 1
stats: newphase 0 1
stats: tr_friend_requests 1 7.971923828125 0.0 10.25 7.971923828125 9.569010416666666 3
stats: size_sent 243463 566224
stats: tr_search_all_users 1 53.5751953125 0.0 59.88818359375 53.5751953125 58.067464192708336 3
stats: connected 1 30
stats: tr_friends 0 0 0 37.14892578125 32.258056640625 35.338623046875 3
stats: 404 16 24
stats: tr_browse_quizzes_page_1 4 4.66455078125 0.8920045006931414 13.214111328125 3.857177734375 5.815399169921875 8
stats: tr_play_game__1st_question 10 9.810009765625 1.46345601502069 61.534912109375 8.4970703125 15.747660319010416 12
stats: tr_play_game__answer_to_question 4 12.04217529296875 1.3655605813268334 14.178955078125 10.243896484375 12.72723388671875 12
stats: tr_index 6 7.232014973958333 1.4582379582416178 123.0439453125 5.774169921875 13.898234049479166 18
stats: tr_quizzes_page_INDEX 2 10.078125 1.64501953125 11.72314453125 8.382080078125 10.257080078125 3
stats: tr_quiz_questions_SHOW 16 7.85711669921875 0.16347333159723448 19.153076171875 7.677978515625 9.6295166015625 8
# stats: dump at 1448600565
stats: users 35 35
stats: {freemem,"tsung_controller@ip-172-30-3-173"} 1 3158.859375 0.0 3170.7421875 3158.859375 3165.14296875 5
stats: {recvpackets,"tsung_controller@ip-172-30-3-173"} 1 685.0 0.0 685 160 334.75 4
stats: {sentpackets,"tsung_controller@ip-172-30-3-173"} 1 588.0 0.0 588 231 337.25 4
stats: {cpu,"tsung_controller@ip-172-30-3-173"} 1 2.2682445759368837 0.0 5.6722466621102585 1.4822134387351777 2.595604757297163 5
stats: {load,"tsung_controller@ip-172-30-3-173"} 1 0.0703125 0.0 0.08984375 0.01171875 0.02734375 5
stats: session 7 32168.33611188616 12771.411911917627 48317.970947265625 326.340087890625 14232.203301791487 29
stats: users_count 12 71
stats: finish_users_count 7 36
stats: request 113 17.467460159706864 23.150614432352338 420.177978515625 3.805908203125 14.573192057291667 375
stats: connect 11 0.6747824928977273 0.061238603977794626 111.844970703125 0.531005859375 2.5764946371822033 59
stats: page 93 21.24239751344086 28.97151888419972 420.177978515625 3.805908203125 16.57491640033144 330
stats: tr_play_game__ready_page 3 9.295735677083334 0.6738344447135959 20.654052734375 7.18505859375 9.524114435369318 22
stats: 302 9 35
stats: tr_question_new_POST 8 4.61224365234375 0.07948706139384866 8.17578125 4.4208984375 4.926472981770833 24
stats: 200 96 421
stats: tr_quiz_new_POST 1 22.970947265625 0.0 22.970947265625 12.31298828125 13.918294270833334 3
stats: size_rcv 246191 988696
stats: tr_play_game__leaderboard 5 9.536669921875 0.718538807234398 10.89208984375 7.903076171875 8.782562255859375 8
stats: newphase 0 1
stats: tr_friend_requests 0 0 0 10.25 7.971923828125 9.16973876953125 4
stats: size_sent 161620 727844
stats: tr_search_all_users 2 67.9879150390625 11.1781005859375 79.166015625 53.5751953125 56.94439697265625 4
stats: connected 4 34
stats: tr_friends 1 33.004150390625 0.0 37.14892578125 32.258056640625 35.338623046875 3
stats: 404 8 32
stats: tr_browse_quizzes_page_1 0 0 0 13.214111328125 3.857177734375 5.431783040364583 12
stats: tr_play_game__1st_question 1 10.43798828125 0.0 61.534912109375 8.4970703125 13.048728249289773 22
stats: tr_play_game__answer_to_question 6 11.421346028645834 1.6282790272650995 14.7119140625 10.200927734375 12.55596923828125 16
stats: tr_index 5 8.220751953125 1.8493932412019172 123.0439453125 5.774169921875 12.231679280598959 24
stats: tr_quizzes_page_INDEX 3 9.430094401041666 0.9578866124758538 11.72314453125 8.382080078125 10.185498046875 5
stats: tr_quiz_questions_SHOW 8 7.8868408203125 0.1351384520526362 19.153076171875 7.677978515625 8.447916666666666 24
# stats: dump at 1448600575
stats: users 41 41
stats: {freemem,"tsung_controller@ip-172-30-3-173"} 1 3158.484375 0.0 3170.7421875 3158.484375 3164.095703125 6
stats: {recvpackets,"tsung_controller@ip-172-30-3-173"} 1 591.0 0.0 685 160 404.8 5
stats: {sentpackets,"tsung_controller@ip-172-30-3-173"} 1 504.0 0.0 588 231 387.4 5
stats: {cpu,"tsung_controller@ip-172-30-3-173"} 1 2.1696252465483234 0.0 5.6722466621102585 1.4822134387351777 2.54104472707045 6
stats: {load,"tsung_controller@ip-172-30-3-173"} 1 0.05859375 0.0 0.08984375 0.01171875 0.034505208333333336 6
stats: session 11 21084.194358132103 19095.086606442943 60621.27001953125 326.340087890625 17719.784681532117 36
stats: users_count 17 88
stats: finish_users_count 11 47
stats: request 125 12.892203125 15.77080008551864 420.177978515625 3.805908203125 15.243381187564038 488
stats: connect 15 0.639111328125 0.05650388149555859 111.844970703125 0.531005859375 2.2776541573660714 70
stats: page 109 14.799316406250004 21.487938782683838 420.177978515625 3.805908203125 17.601100191156913 423
stats: tr_play_game__ready_page 6 8.282307942708334 0.963272737656399 20.654052734375 7.18505859375 9.496708984375 25
stats: 302 7 42
stats: tr_question_new_POST 8 5.0557861328125 1.1334223454011558 8.17578125 4.4208984375 4.8479156494140625 32
stats: 200 110 531
stats: tr_quiz_new_POST 1 12.451171875 0.0 22.970947265625 12.31298828125 16.18145751953125 4
stats: size_rcv 277985 1266681
stats: tr_play_game__leaderboard 1 11.00390625 0.0 11.00390625 7.903076171875 9.072603665865385 13
stats: newphase 1 2
stats: tr_friend_requests 1 8.440185546875 0.0 10.25 7.971923828125 9.16973876953125 4
stats: size_sent 192769 920613
stats: tr_search_all_users 3 55.43701171875 2.2602318689658256 79.166015625 53.5751953125 60.625569661458336 6
stats: connected 4 38
stats: tr_friends 0 0 0 37.14892578125 32.258056640625 34.7550048828125 4
stats: 404 8 40
stats: tr_browse_quizzes_page_1 3 3.9126790364583335 0.016601961417797118 13.214111328125 3.857177734375 5.431783040364583 12
stats: tr_play_game__1st_question 6 9.0086669921875 0.30730503128644787 61.534912109375 8.4970703125 12.935217815896738 23
stats: tr_play_game__answer_to_question 5 12.746044921875 1.1640369325428603 14.7119140625 10.200927734375 12.246526544744318 22
stats: tr_index 6 6.516194661458333 0.690896669620417 123.0439453125 5.774169921875 11.540140086206897 29
stats: tr_quizzes_page_INDEX 3 8.900634765625 0.2334792078523681 11.72314453125 8.382080078125 9.9022216796875 8
stats: tr_quiz_questions_SHOW 8 7.883636474609375 0.1299957093060316 19.153076171875 7.673095703125 8.307647705078125 32
# stats: dump at 1448600585
stats: users 46 51
stats: {freemem,"tsung_controller@ip-172-30-3-173"} 1 3156.94921875 0.0 3170.7421875 3156.94921875 3163.2940848214284 7
stats: {recvpackets,"tsung_controller@ip-172-30-3-173"} 1 653.0 0.0 685 160 435.8333333333333 6
stats: {sentpackets,"tsung_controller@ip-172-30-3-173"} 1 558.0 0.0 588 231 406.8333333333333 6
stats: {cpu,"tsung_controller@ip-172-30-3-173"} 1 2.1739130434782608 0.0 5.6722466621102585 1.4822134387351777 2.487984801281575 7
stats: {load,"tsung_controller@ip-172-30-3-173"} 1 0.05078125 0.0 0.08984375 0.01171875 0.03794642857142857 7
stats: session 15 23106.515771484374 19023.790155140552 60621.27001953125 220.774169921875 18507.19971222573 47
stats: users_count 20 108
stats: finish_users_count 15 62
stats: request 175 11.885856584821429 15.099034317480577 420.177978515625 3.7548828125 14.763940310205955 613
stats: connect 22 0.6126487038352273 0.07534848872834328 111.844970703125 0.498046875 1.9884995404411765 85
stats: page 150 13.885109049479167 19.03723806404529 420.177978515625 3.7548828125 17.027050505903432 532
stats: tr_play_game__ready_page 10 8.4408447265625 1.261031029173884 20.654052734375 7.18505859375 9.261663621471774 31
stats: 302 11 53
stats: tr_question_new_POST 16 4.61273193359375 0.14049817034948678 8.17578125 4.4208984375 4.88948974609375 40
stats: 200 148 679
stats: tr_quiz_new_POST 2 12.0830078125 0.195068359375 22.970947265625 11.887939453125 15.435400390625 5
stats: size_rcv 360066 1626747
stats: tr_play_game__leaderboard 6 8.440673828125 0.3188212969459405 11.00390625 7.903076171875 9.210553850446429 14
stats: newphase 0 2
stats: tr_friend_requests 2 36.4114990234375 27.9305419921875 64.342041015625 7.971923828125 9.023828125 5
stats: size_sent 264584 1185197
stats: tr_search_all_users 2 54.32958984375 0.278564453125 79.166015625 53.5751953125 58.89605034722222 9
stats: connected 7 45
stats: tr_friends 1 32.299072265625 0.0 37.14892578125 32.258056640625 34.7550048828125 4
stats: 404 16 56
stats: tr_browse_quizzes_page_1 6 4.359375 0.6692732032902139 13.214111328125 3.80712890625 5.127962239583334 15
stats: tr_play_game__1st_question 9 9.00027126736111 0.40991991198477795 61.534912109375 8.4970703125 12.122827990301724 29
stats: tr_play_game__answer_to_question 8 12.2208251953125 3.004808166489197 18.2890625 10.1240234375 12.339029947916666 27
stats: tr_index 9 6.339463975694445 0.3473254114043369 123.0439453125 5.635986328125 10.678892299107142 35
stats: tr_quizzes_page_INDEX 2 9.2030029296875 0.8489990234375 11.72314453125 8.35400390625 9.629061612215908 11
stats: tr_quiz_questions_SHOW 16 7.7750091552734375 0.11087458964988774 19.153076171875 7.614013671875 8.222845458984375 40
# stats: dump at 1448600595
stats: users 56 59
stats: {freemem,"tsung_controller@ip-172-30-3-173"} 1 3153.1015625 0.0 3170.7421875 3153.1015625 3162.5009765625 8
stats: {recvpackets,"tsung_controller@ip-172-30-3-173"} 1 879.0 0.0 879 160 466.85714285714283 7
stats: {sentpackets,"tsung_controller@ip-172-30-3-173"} 1 770.0 0.0 770 231 428.42857142857144 7
stats: {cpu,"tsung_controller@ip-172-30-3-173"} 1 2.7586206896551726 0.0 5.6722466621102585 1.4822134387351777 2.448725831556161 8
stats: {load,"tsung_controller@ip-172-30-3-173"} 1 0.0390625 0.0 0.08984375 0.01171875 0.03955078125 8
stats: session 14 19844.186732700888 21121.58340088924 69252.26489257813 220.774169921875 19619.937468497985 62
stats: users_count 24 132
stats: finish_users_count 14 76
stats: request 173 12.700048545881502 15.980097326736564 420.177978515625 3.72119140625 14.124771970177665 788
stats: connect 25 0.6484765625 0.06504572213933772 111.844970703125 0.498046875 1.7056143216997663 107
stats: page 155 14.185474420362903 19.807969732567862 420.177978515625 3.72119140625 16.336007663581377 682
stats: tr_play_game__ready_page 11 7.877485795454546 0.6376056680311052 20.654052734375 7.18505859375 9.061463891006097 41
stats: 302 13 66
stats: tr_question_new_POST 8 4.891845703125 0.5070631219988675 8.17578125 4.4208984375 4.810416085379464 56
stats: 200 152 831
stats: tr_quiz_new_POST 1 12.31201171875 0.0 22.970947265625 11.887939453125 14.477573939732142 7
stats: size_rcv 327964 1954711
stats: tr_play_game__leaderboard 4 8.41131591796875 0.29062531045671497 11.00390625 7.903076171875 8.97958984375 20
stats: newphase 0 2
stats: tr_friend_requests 2 8.320556640625 0.04052734375 64.342041015625 7.971923828125 16.848876953125 7
stats: size_sent 293472 1478669
stats: tr_search_all_users 2 56.76953125 1.6015625 79.166015625 53.5751953125 58.06578480113637 11
stats: connected 12 57
stats: tr_friends 1 38.820068359375 0.0 38.820068359375 32.258056640625 34.263818359375 5
stats: 404 8 64
stats: tr_browse_quizzes_page_1 6 4.283976236979167 0.7409977986893937 13.214111328125 3.77001953125 4.908365885416667 21
stats: tr_play_game__1st_question 13 9.395789513221153 0.8914323092306057 61.534912109375 8.4970703125 11.383275082236842 38
stats: tr_play_game__answer_to_question 7 11.336146763392858 1.0792012770173622 18.2890625 10.1240234375 12.31201171875 35
stats: tr_index 12 6.87664794921875 1.2036883456517717 123.0439453125 5.635986328125 9.791281960227272 44
stats: tr_quizzes_page_INDEX 1 8.4638671875 0.0 11.72314453125 8.35400390625 9.563514122596153 13
stats: tr_quiz_questions_SHOW 8 9.110595703125 2.7360298625882447 19.153076171875 7.614013671875 8.094892229352679 56
# stats: dump at 1448600605
stats: users 65 67
stats: {freemem,"tsung_controller@ip-172-30-3-173"} 1 3150.92578125 0.0 3170.7421875 3150.92578125 3161.456597222222 9
stats: {recvpackets,"tsung_controller@ip-172-30-3-173"} 1 911.0 0.0 911 160 518.375 8
stats: {sentpackets,"tsung_controller@ip-172-30-3-173"} 1 874.0 0.0 874 231 471.125 8
stats: {cpu,"tsung_controller@ip-172-30-3-173"} 1 2.857142857142857 0.0 5.6722466621102585 1.4822134387351777 2.483158593567162 9
stats: {load,"tsung_controller@ip-172-30-3-173"} 1 0.0390625 0.0 0.08984375 0.01171875 0.039496527777777776 9
stats: session 20 26355.43076171875 18545.682170653567 69252.26489257813 23.537841796875 19661.24654348273 76
stats: users_count 29 161
stats: finish_users_count 20 96
stats: request 223 11.48868085236827 13.03906262366506 420.177978515625 3.511962890625 13.868292102952653 961
stats: connect 28 0.6368059430803571 0.07075835103525173 111.844970703125 0.498046875 1.5053988370028408 132
stats: page 189 13.577417121362434 16.81530691997462 420.177978515625 3.511962890625 15.937760766689065 837
stats: tr_play_game__ready_page 6 8.526774088541666 0.9770818490706437 20.654052734375 7.18505859375 8.811006986177885 52
stats: 302 10 76
stats: tr_question_new_POST 24 4.942087809244793 1.0803621526372276 8.541015625 4.40380859375 4.820594787597656 64
stats: 200 189 1020
stats: tr_quiz_new_POST 3 13.942626953125 1.679909908740095 22.970947265625 11.887939453125 14.206878662109375 8
stats: size_rcv 468667 2423378
stats: tr_play_game__leaderboard 7 10.12158203125 1.3873511117907384 11.98095703125 7.903076171875 8.884877522786459 24
stats: newphase 1 3
stats: tr_friend_requests 1 9.35302734375 0.0 64.342041015625 7.971923828125 14.953694661458334 9
stats: size_sent 336496 1815165
stats: tr_search_all_users 2 57.7774658203125 3.5994873046875 79.166015625 53.5751953125 57.86636117788461 13
stats: connected 8 65
stats: tr_friends 3 35.690022786458336 1.0170432792443556 38.820068359375 32.258056640625 35.023193359375 6
stats: 404 24 88
stats: tr_browse_quizzes_page_1 5 3.714794921875 0.13124391450852121 13.214111328125 3.55712890625 4.769612630208333 27
stats: tr_play_game__1st_question 5 9.73759765625 0.7770931188735978 61.534912109375 8.4970703125 10.876661113664216 51
stats: tr_play_game__answer_to_question 10 12.692724609375 2.3982561824491837 18.2890625 10.1240234375 12.14936755952381 42
stats: tr_index 8 6.432403564453125 0.7278889416415902 123.0439453125 5.635986328125 9.166717529296875 56
stats: tr_quizzes_page_INDEX 1 8.721923828125 0.0 11.72314453125 8.35400390625 9.484967912946429 14
stats: tr_quiz_questions_SHOW 24 8.133911132812502 0.9080695706958498 19.153076171875 7.614013671875 8.221855163574219 64
# stats: dump at 1448600615
stats: users 72 75
stats: {freemem,"tsung_controller@ip-172-30-3-173"} 1 3149.23828125 0.0 3170.7421875 3149.23828125 3160.403515625 10
stats: {recvpackets,"tsung_controller@ip-172-30-3-173"} 1 1156.0 0.0 1156 160 562.0 9
stats: {sentpackets,"tsung_controller@ip-172-30-3-173"} 1 1015.0 0.0 1015 231 515.8888888888889 9
stats: {cpu,"tsung_controller@ip-172-30-3-173"} 1 2.7722772277227725 0.0 5.6722466621102585 1.4822134387351777 2.5205570199247314 10
stats: {load,"tsung_controller@ip-172-30-3-173"} 1 0.03125 0.0 0.08984375 0.01171875 0.039453125 10
stats: session 24 23488.364522298176 21290.393626902907 69252.26489257813 23.537841796875 21055.868255615234 96
stats: users_count 31 192
stats: finish_users_count 24 120
stats: request 224 16.905768258231014 36.67176112798045 420.177978515625 3.511962890625 13.420105186668602 1184
stats: connect 30 0.6495524088541667 0.055718064316368325 111.844970703125 0.498046875 1.3533950805664063 160
stats: page 200 18.944106445312496 40.327357033069745 420.177978515625 3.511962890625 15.502960621497317 1026
stats: tr_play_game__ready_page 12 8.55224609375 0.8387387065913585 20.654052734375 7.18505859375 8.781603582974139 58
stats: 302 22 98
stats: tr_question_new_POST 8 4.76654052734375 0.12499861418432699 8.541015625 4.40380859375 4.853729248046875 88
stats: 200 194 1214
stats: tr_quiz_new_POST 1 16.2421875 0.0 22.970947265625 11.887939453125 14.134810014204545 11
stats: size_rcv 431261 2854639
stats: tr_play_game__leaderboard 10 8.6548583984375 0.5537999324158283 11.98095703125 7.903076171875 9.16413337953629 31
stats: newphase 0 3
stats: tr_friend_requests 3 8.86669921875 1.0937963385075615 64.342041015625 7.95703125 14.3936279296875 10
stats: size_sent 370788 2185953
stats: tr_search_all_users 3 60.139729817708336 1.5207212354551323 79.166015625 53.5751953125 57.85450846354167 15
stats: connected 5 70
stats: tr_friends 2 32.5316162109375 0.4305419921875 38.820068359375 32.10107421875 35.24546983506944 9
stats: 404 8 96
stats: tr_browse_quizzes_page_1 10 39.5205078125 106.67391150589485 359.5419921875 3.55712890625 4.60479736328125 32
stats: tr_play_game__1st_question 11 9.587091619318182 0.7942544554113312 61.534912109375 8.4970703125 10.774959019252233 56
stats: tr_play_game__answer_to_question 7 11.820486886160714 1.2905083393736922 18.2890625 9.9140625 12.253859299879808 52
stats: tr_index 15 6.602701822916667 0.5857716417455944 123.0439453125 5.635986328125 8.824928283691406 64
stats: tr_quizzes_page_INDEX 4 8.61639404296875 0.26990336149020905 11.72314453125 8.35400390625 9.434098307291666 15
stats: tr_quiz_questions_SHOW 8 7.966339111328125 0.23312436655676952 19.153076171875 7.614013671875 8.197870427911932 88
# stats: dump at 1448600625
stats: users 101 101
stats: {freemem,"tsung_controller@ip-172-30-3-173"} 1 3147.80859375 0.0 3170.7421875 3147.80859375 3159.388494318182 11
stats: {recvpackets,"tsung_controller@ip-172-30-3-173"} 1 1377.0 0.0 1377 160 621.4 10
stats: {sentpackets,"tsung_controller@ip-172-30-3-173"} 1 1188.0 0.0 1188 231 565.8 10
stats: {cpu,"tsung_controller@ip-172-30-3-173"} 1 3.3596837944664033 0.0 5.6722466621102585 1.4822134387351777 2.5434406751790983 11
stats: {load,"tsung_controller@ip-172-30-3-173"} 1 0.03125 0.0 0.08984375 0.01171875 0.03870738636363636 11
stats: session 25 23724.989228515624 17495.657766649 69252.26489257813 23.537841796875 21542.367508951822 120
stats: users_count 54 246
stats: finish_users_count 25 145
stats: request 342 11.960958915844298 15.26773069424848 420.177978515625 3.511962890625 13.974642493508076 1408
stats: connect 55 0.6192959872159092 0.07197364647232861 111.844970703125 0.498046875 1.242262027138158 190
stats: page 282 14.5319832876219 19.723435738805215 420.177978515625 3.511962890625 16.064322093571572 1226
stats: tr_play_game__ready_page 19 8.293071546052632 0.8733906656970097 20.654052734375 7.18505859375 8.74228515625 70
stats: 302 17 115
stats: tr_question_new_POST 40 4.794525146484375 0.6639863760175535 8.7890625 4.382080078125 4.846463521321614 96
stats: 200 285 1499
stats: tr_quiz_new_POST 5 13.2970703125 2.7617312997319723 22.970947265625 11.5390625 14.3104248046875 12
stats: size_rcv 757442 3612081
stats: tr_play_game__leaderboard 3 10.245361328125 1.7457052050288115 12.64306640625 7.903076171875 9.039919969512194 41
stats: newphase 0 3
stats: tr_friend_requests 4 9.366455078125 1.367376183705036 64.342041015625 7.95703125 13.118182842548077 13
stats: size_sent 411647 2597600
stats: tr_search_all_users 4 57.28253173828125 2.6741967591494 79.166015625 53.5751953125 58.235378689236114 18
stats: connected 30 100
stats: tr_friends 4 36.5419921875 4.137958719000613 41.18798828125 31.93603515625 34.75204190340909 11
stats: 404 40 136
stats: tr_browse_quizzes_page_1 6 4.640869140625 1.0521923455645195 359.5419921875 3.55712890625 12.918061755952381 42
stats: tr_play_game__1st_question 18 9.814697265625 1.1155683674642312 61.534912109375 8.4970703125 10.57993601329291 67
stats: tr_play_game__answer_to_question 8 11.111053466796875 0.6560639212680524 18.2890625 9.9140625 12.202442233845339 59
stats: tr_index 24 6.706837972005208 0.8728260354916105 123.0439453125 5.635986328125 8.402986550632912 79
stats: tr_quizzes_page_INDEX 5 8.712451171875 0.2845139635544423 11.72314453125 8.31103515625 9.261950041118421 19
stats: tr_quiz_questions_SHOW 40 8.086529541015626 0.7497943474776297 19.153076171875 7.571044921875 8.178576151529947 96
# stats: dump at 1448600635
stats: users 136 136
stats: {freemem,"tsung_controller@ip-172-30-3-173"} 1 3144.26171875 0.0 3170.7421875 3144.26171875 3158.4235026041665 12
stats: {recvpackets,"tsung_controller@ip-172-30-3-173"} 1 1610.0 0.0 1610 160 690.0909090909091 11
stats: {sentpackets,"tsung_controller@ip-172-30-3-173"} 1 1439.0 0.0 1439 231 622.3636363636364 11
stats: {cpu,"tsung_controller@ip-172-30-3-173"} 1 4.339250493096647 0.0 5.6722466621102585 1.4822134387351777 2.611460935119707 12
stats: {load,"tsung_controller@ip-172-30-3-173"} 1 0.1015625 0.0 0.1015625 0.01171875 0.03808593749999999 12
stats: session 23 18097.827679177994 24723.860975578613 112724.59106445313 23.537841796875 21918.681598531788 145
stats: users_count 58 304
stats: finish_users_count 23 168
stats: request 391 12.78313319213555 15.458443930899465 420.177978515625 3.511962890625 13.581111188616068 1750
stats: connect 57 0.7412066543311405 1.0445238883088432 111.844970703125 0.498046875 1.1024125079719387 245
stats: page 338 14.803807726978548 18.919874802958418 420.177978515625 3.511962890625 15.777770672299816 1508
stats: tr_play_game__ready_page 19 8.476305509868423 0.7782856102944403 20.654052734375 7.18505859375 8.646385621488765 89
stats: 302 24 139
stats: tr_question_new_POST 32 4.995475769042969 0.4005632771870784 8.7890625 4.382080078125 4.831187528722427 136
stats: 200 335 1834
stats: tr_quiz_new_POST 4 12.93927001953125 0.5743030661357041 22.970947265625 11.5390625 14.012379365808824 17
stats: size_rcv 777885 4389966
stats: tr_play_game__leaderboard 5 9.3666015625 0.8086807366358166 12.64306640625 7.903076171875 9.122109153053977 44
stats: newphase 1 4
stats: tr_friend_requests 3 10.97900390625 1.4304622364572999 64.342041015625 7.95703125 12.235423368566176 17
stats: size_sent 561054 3158654
stats: tr_search_all_users 3 55.725341796875 1.0146184383849235 79.166015625 53.5751953125 58.0621337890625 22
stats: connected 34 134
stats: tr_friends 3 34.888020833333336 1.7151938244981977 41.18798828125 31.93603515625 35.22936197916667 15
stats: 404 32 168
stats: tr_browse_quizzes_page_1 10 4.599365234375 0.6850389386686117 359.5419921875 3.55712890625 11.883412679036459 48
stats: tr_play_game__1st_question 18 10.36172146267361 1.792418455520504 61.534912109375 8.4970703125 10.417885454963235 85
stats: tr_play_game__answer_to_question 22 12.484963156960227 1.7782702606808458 18.2890625 9.9140625 12.072127157182836 67
stats: tr_index 18 7.352213541666667 1.3445586917984649 123.0439453125 5.635986328125 8.007767464350728 103
stats: tr_quizzes_page_INDEX 5 11.256640625 2.100268629467573 15.01220703125 8.31103515625 9.147471110026041 24
stats: tr_quiz_questions_SHOW 32 8.533554077148436 0.7874780575629644 19.153076171875 7.571044921875 8.151503619025736 136
# stats: dump at 1448600645
stats: users 173 174
stats: {freemem,"tsung_controller@ip-172-30-3-173"} 1 3131.9375 0.0 3170.7421875 3131.9375 3157.3341346153848 13
stats: {recvpackets,"tsung_controller@ip-172-30-3-173"} 1 2228.0 0.0 2228 160 766.75 12
stats: {sentpackets,"tsung_controller@ip-172-30-3-173"} 1 1972.0 0.0 1972 231 690.4166666666666 12
stats: {cpu,"tsung_controller@ip-172-30-3-173"} 1 4.752475247524752 0.0 5.6722466621102585 1.4822134387351777 2.7443678241948564 13
stats: {load,"tsung_controller@ip-172-30-3-173"} 1 0.08984375 0.0 0.1015625 0.01171875 0.04296874999999999 13
stats: session 40 18393.832000732422 20329.343620737007 112724.59106445313 23.537841796875 21395.588502429782 168
stats: users_count 77 381
stats: finish_users_count 40 208
stats: request 512 13.232569217681892 16.902217812322277 420.177978515625 3.511962890625 13.435380503597909 2141
stats: connect 78 0.5979567307692308 0.060548489495634995 111.844970703125 0.490966796875 1.0342378932119205 302
stats: page 449 15.10304039358296 21.089052883481198 420.177978515625 3.511962890625 15.599439428790287 1846
stats: tr_play_game__ready_page 31 8.3239982358871 1.1036981096544578 20.654052734375 7.18505859375 8.616464120370372 108
stats: 302 40 179
stats: tr_question_new_POST 32 5.0690460205078125 0.6988791206668462 8.7890625 4.382080078125 4.86248052687872 168
stats: 200 440 2274
stats: tr_quiz_new_POST 4 12.22894287109375 1.0411474688349986 22.970947265625 11.2041015625 13.807977585565476 21
stats: size_rcv 1012070 5402036
stats: tr_play_game__leaderboard 11 10.507568359375 2.2214255350110244 16.178955078125 7.903076171875 9.14705735809949 49
stats: newphase 0 4
stats: tr_friend_requests 1 7.905029296875 0.0 64.342041015625 7.905029296875 12.04696044921875 20
stats: size_sent 742037 3900691
stats: tr_search_all_users 6 60.3297119140625 3.84195327569723 79.166015625 53.5751953125 57.78171875 25
stats: connected 38 172
stats: tr_friends 1 34.43408203125 0.0 41.18798828125 31.93603515625 35.17247178819444 18
stats: 404 32 200
stats: tr_browse_quizzes_page_1 19 4.409462376644737 1.2905911236221275 359.5419921875 3.55712890625 10.627542429956897 58
stats: tr_play_game__1st_question 30 9.986165364583336 1.5475787431844912 61.534912109375 8.4970703125 10.408070388349515 103
stats: tr_play_game__answer_to_question 21 12.055977957589286 2.4225350509097283 19.758056640625 9.9140625 12.174176505442416 89
stats: tr_index 33 6.693995620265151 1.1216656402657772 123.0439453125 5.635986328125 7.910247046100206 121
stats: tr_quizzes_page_INDEX 11 13.121493252840908 11.415849747751304 49.0859375 8.31103515625 9.511121026400861 29
stats: tr_quiz_questions_SHOW 32 8.66840362548828 1.2321148832111921 19.153076171875 7.571044921875 8.224275134858631 168
# stats: dump at 1448600655
stats: users 217 219
stats: {freemem,"tsung_controller@ip-172-30-3-173"} 1 3126.515625 0.0 3170.7421875 3126.515625 3155.520089285714 14
stats: {recvpackets,"tsung_controller@ip-172-30-3-173"} 1 2264.0 0.0 2264 160 879.1538461538462 13
stats: {sentpackets,"tsung_controller@ip-172-30-3-173"} 1 2029.0 0.0 2029 231 789.0 13
stats: {cpu,"tsung_controller@ip-172-30-3-173"} 1 5.604719764011799 0.0 5.6722466621102585 1.4822134387351777 2.8878040687184203 14
stats: {load,"tsung_controller@ip-172-30-3-173"} 1 0.0703125 0.0 0.1015625 0.01171875 0.04631696428571428 14
stats: session 41 16641.207495712642 16858.78972413296 112724.59106445313 23.537841796875 20818.32763671875 208
stats: users_count 85 466
stats: finish_users_count 41 249
stats: request 627 13.866003009120814 21.501095685331737 420.177978515625 3.511962890625 13.39624014235064 2653
stats: connect 86 0.712016260901163 0.8419749314695127 111.844970703125 0.490966796875 0.9446854440789474 380
stats: page 540 15.962568721064802 25.31338293167694 420.177978515625 3.511962890625 15.502322580507894 2295
stats: tr_play_game__ready_page 34 8.532714843750002 1.3436054420730972 20.654052734375 7.18505859375 8.55123791591727 139
stats: 302 44 223
stats: tr_question_new_POST 48 5.287536621093749 0.8384823247493991 8.7890625 4.382080078125 4.895531005859375 200
stats: 200 536 2810
stats: tr_quiz_new_POST 6 13.128011067708334 2.2384327305931375 22.970947265625 11.2041015625 13.55533203125 25
stats: size_rcv 1241323 6643359
stats: tr_play_game__leaderboard 11 10.023037997159092 1.4931497363624875 16.178955078125 7.903076171875 9.396484375 60
stats: newphase 0 4
stats: tr_friend_requests 4 8.96923828125 0.83944350175414 64.342041015625 7.905029296875 11.849725632440476 21
stats: size_sent 941413 4842104
stats: tr_search_all_users 6 61.8660888671875 6.943157968582202 79.166015625 53.5751953125 58.274878717237904 31
stats: connected 46 218
stats: tr_friends 3 34.504313151041664 1.0965525069430213 41.18798828125 31.93603515625 35.1336091694079 19
stats: 404 48 248
stats: tr_browse_quizzes_page_1 17 4.897073184742646 1.0673681590308282 359.5419921875 3.55712890625 9.093210988230519 77
stats: tr_play_game__1st_question 36 10.516947428385416 1.7719663747951373 61.534912109375 8.382080078125 10.312903841635338 133
stats: tr_play_game__answer_to_question 30 12.9055419921875 3.1159121782126284 24.717041015625 9.9140625 12.151611328125 110
stats: tr_index 32 7.410308837890625 1.5016404233788174 123.0439453125 5.635986328125 7.649621740564124 154
stats: tr_quizzes_page_INDEX 6 10.050577799479166 1.8719397070195753 49.0859375 8.31103515625 10.503973388671875 40
stats: tr_quiz_questions_SHOW 48 8.859807332356771 1.191863297768147 19.153076171875 7.571044921875 8.295335693359375 200
# stats: dump at 1448600665
stats: users 249 251
stats: {freemem,"tsung_controller@ip-172-30-3-173"} 1 3109.74609375 0.0 3170.7421875 3109.74609375 3153.586458333333 15
stats: {recvpackets,"tsung_controller@ip-172-30-3-173"} 1 3387.0 0.0 3387 160 978.0714285714286 14
stats: {sentpackets,"tsung_controller@ip-172-30-3-173"} 1 2903.0 0.0 2903 231 877.5714285714286 14
stats: {cpu,"tsung_controller@ip-172-30-3-173"} 1 6.746031746031746 0.0 6.746031746031746 1.4822134387351777 3.068931781737979 15
stats: {load,"tsung_controller@ip-172-30-3-173"} 1 0.05859375 0.0 0.1015625 0.01171875 0.047916666666666656 15
stats: session 70 24808.87761579241 21483.595109300586 112724.59106445313 23.537841796875 20130.52873799887 249
stats: users_count 102 568
stats: finish_users_count 70 319
stats: request 759 13.488805878931979 16.53726977115625 420.177978515625 3.511962890625 13.486039324504572 3280
stats: connect 100 0.6126562499999999 0.08241630152077264 111.844970703125 0.490966796875 0.901746496110515 466
stats: page 653 15.81328065179939 21.36952719842228 420.177978515625 3.511962890625 15.589988512042543 2835
stats: tr_play_game__ready_page 27 9.300980179398145 1.443153294424767 20.654052734375 7.18505859375 8.547597543352603 173
stats: 302 52 275
stats: tr_question_new_POST 60 5.303328450520834 0.7978137867541093 8.7890625 4.382080078125 4.971403060420867 248
stats: 200 646 3456
stats: tr_quiz_new_POST 8 13.613616943359375 1.756212858478895 22.970947265625 11.2041015625 13.47262474798387 31
stats: size_rcv 1572902 8216261
stats: tr_play_game__leaderboard 22 13.171586470170455 13.830356362155086 75.926025390625 7.903076171875 9.49355606294014 71
stats: newphase 1 5
stats: tr_friend_requests 8 10.38128662109375 3.278431169228154 64.342041015625 7.843994140625 11.38884765625 25
stats: size_sent 1169340 6011444
stats: tr_search_all_users 10 59.60439453125 3.333389619272582 79.166015625 53.5751953125 58.857237119932435 37
stats: connected 31 249
stats: tr_friends 7 37.35947963169643 2.717026704161031 42.93603515625 31.93603515625 35.04779607599432 22
stats: 404 60 308
stats: tr_browse_quizzes_page_1 24 4.5478515625 0.7543346294830074 359.5419921875 3.55712890625 8.33433500249335 94
stats: tr_play_game__1st_question 21 10.608979724702381 1.7040221249644218 61.534912109375 8.382080078125 10.35636874768861 169
stats: tr_play_game__answer_to_question 31 11.610052293346774 1.6699450991814009 24.717041015625 9.9140625 12.313167898995536 140
stats: tr_index 33 7.134654651988637 1.0989416096087328 123.0439453125 5.635986328125 7.60844962827621 186
stats: tr_quizzes_page_INDEX 15 9.632698567708335 1.8635526551231318 49.0859375 8.1650390625 10.444834833559783 46
stats: tr_quiz_questions_SHOW 59 8.851243875794491 0.997112022973945 19.153076171875 7.571044921875 8.404588268649194 248
# stats: dump at 1448600675
stats: users 333 333
stats: {freemem,"tsung_controller@ip-172-30-3-173"} 1 3103.4375 0.0 3170.7421875 3103.4375 3150.846435546875 16
stats: {recvpackets,"tsung_controller@ip-172-30-3-173"} 1 4375.0 0.0 4375 160 1138.6666666666667 15
stats: {sentpackets,"tsung_controller@ip-172-30-3-173"} 1 3840.0 0.0 3840 231 1012.6 15
stats: {cpu,"tsung_controller@ip-172-30-3-173"} 1 9.332023575638507 0.0 9.332023575638507 1.4822134387351777 3.2987505295063393 16
stats: {load,"tsung_controller@ip-172-30-3-173"} 1 0.12890625 0.0 0.12890625 0.01171875 0.04858398437499999 16
stats: session 88 20915.873390891342 20344.059150167974 112724.59106445313 23.537841796875 21157.125670430054 319
stats: users_count 172 740
stats: finish_users_count 88 407
stats: request 1105 12.476106034360859 18.18531676568183 420.177978515625 3.511962890625 13.486559209330125 4039
stats: connect 171 0.5925849780701754 0.09604237296241652 111.844970703125 0.48193359375 0.8506704808966431 566
stats: page 954 14.47578017516706 21.876799148227274 420.177978515625 3.511962890625 15.631791771005048 3488
stats: tr_play_game__ready_page 58 8.76086846713362 1.389827245412815 20.654052734375 7.18505859375 8.649304199218752 200
stats: 302 67 342
stats: tr_question_new_POST 99 5.425929214015151 1.0534734254123816 8.7890625 4.382080078125 5.0360638507000814 308
stats: 200 939 4395
stats: tr_quiz_new_POST 12 12.613382975260416 0.5782424915481313 22.970947265625 11.2041015625 13.501546223958334 39
stats: size_rcv 2237126 10453387
stats: tr_play_game__leaderboard 23 9.767652428668478 1.63352972051902 75.926025390625 7.903076171875 10.36362777217742 93
stats: newphase 0 5
stats: tr_friend_requests 8 8.740020751953125 1.4597283854314054 64.342041015625 7.43505859375 11.14459043560606 33
stats: size_sent 1548642 7560086
stats: tr_search_all_users 10 60.095751953125 5.6071826845799055 79.166015625 53.5751953125 59.016206781914896 47
stats: connected 82 331
stats: tr_friends 6 36.4228515625 2.791934040892214 42.93603515625 31.93603515625 35.605788658405174 29
stats: 404 99 407
stats: tr_browse_quizzes_page_1 37 4.93577781883446 1.3974370935571634 359.5419921875 3.55712890625 7.564202777409958 118
stats: tr_play_game__1st_question 56 9.986716134207585 1.802985591873751 61.534912109375 8.382080078125 10.38428890830592 190
stats: tr_play_game__answer_to_question 39 12.214486929086538 2.4989654844949216 24.717041015625 9.9140625 12.1857024968019 171
stats: tr_index 68 7.115564682904412 1.643434456348052 123.0439453125 5.635986328125 7.537055864726027 219
stats: tr_quizzes_page_INDEX 9 9.622748480902779 1.7087738577005676 49.0859375 8.1650390625 10.245129194415984 61
stats: tr_quiz_questions_SHOW 100 9.222751464843748 2.2127283931821435 22.52001953125 7.571044921875 8.490427619859528 307
# stats: dump at 1448600685
stats: users 398 398
stats: {freemem,"tsung_controller@ip-172-30-3-173"} 1 3089.83203125 0.0 3170.7421875 3089.83203125 3148.057674632353 17
stats: {recvpackets,"tsung_controller@ip-172-30-3-173"} 1 5777.0 0.0 5777 160 1340.9375 16
stats: {sentpackets,"tsung_controller@ip-172-30-3-173"} 1 5109.0 0.0 5109 231 1189.3125 16
stats: {cpu,"tsung_controller@ip-172-30-3-173"} 1 12.475633528265107 0.0 12.475633528265107 1.4822134387351777 3.6536489439847024 17
stats: {load,"tsung_controller@ip-172-30-3-173"} 1 0.109375 0.0 0.12890625 0.01171875 0.053308823529411756 17
stats: session 101 19607.73596070545 21335.476690819505 112724.59106445313 23.537841796875 21104.963015394656 407
stats: users_count 166 906
stats: finish_users_count 101 508
stats: request 1308 13.199877071088974 16.394032047275935 420.177978515625 3.511962890625 13.269500352731946 5144
stats: connect 167 0.5852357784431133 0.07245384496782435 111.844970703125 0.469970703125 0.7907890412991859 737
stats: page 1121 15.419508295118765 20.539631960163778 420.177978515625 3.511962890625 15.383517331016431 4442
stats: tr_play_game__ready_page 63 8.909772600446425 1.6951077924612965 20.654052734375 7.18505859375 8.674384538517444 258
stats: 302 96 438
stats: tr_question_new_POST 113 5.707372614767699 1.4301539708548758 12.360107421875 4.382080078125 5.130895966101044 407
stats: 200 1099 5494
stats: tr_quiz_new_POST 14 13.523751395089286 1.671254460307558 22.970947265625 11.2041015625 13.292566636029411 51
stats: size_rcv 2570768 13024155
stats: tr_play_game__leaderboard 34 10.081815831801471 2.1192774647151507 75.926025390625 7.903076171875 10.245460247171335 116
stats: newphase 0 5
stats: tr_friend_requests 13 12.579740084134615 10.125313470765551 64.342041015625 7.43505859375 10.675406107088415 41
stats: size_sent 1944472 9504558
stats: tr_search_all_users 9 72.63324652777777 12.101279616835779 94.029052734375 53.5751953125 59.20560067160088 57
stats: connected 64 395
stats: tr_friends 9 38.316731770833336 6.318162013382465 52.764892578125 31.93603515625 35.74585658482143 35
stats: 404 113 520
stats: tr_browse_quizzes_page_1 45 4.3777832031249995 0.7321793315853495 359.5419921875 3.55712890625 6.93677230342742 155
stats: tr_play_game__1st_question 64 10.192142486572264 1.688317120644183 61.534912109375 8.382080078125 10.293784536966463 246
stats: tr_play_game__answer_to_question 62 12.491439327116936 2.8598380853991086 24.717041015625 9.9140625 12.191048177083333 210
stats: tr_index 63 7.576590401785714 1.9127980681104713 123.0439453125 5.635986328125 7.437190358231708 287
stats: tr_quizzes_page_INDEX 15 9.215983072916666 1.4554152694507598 49.0859375 8.031005859375 10.165108816964286 70
stats: tr_quiz_questions_SHOW 113 9.646609686117255 2.3477022899422555 23.625 7.571044921875 8.6703597685043 407
# stats: dump at 1448600695
stats: users 506 506
stats: {freemem,"tsung_controller@ip-172-30-3-173"} 1 3064.83984375 0.0 3170.7421875 3064.83984375 3144.8229166666665 18
stats: {recvpackets,"tsung_controller@ip-172-30-3-173"} 1 6327.0 0.0 6327 160 1601.8823529411766 17
stats: {sentpackets,"tsung_controller@ip-172-30-3-173"} 1 5517.0 0.0 5517 231 1419.8823529411766 17
stats: {cpu,"tsung_controller@ip-172-30-3-173"} 1 12.216748768472907 0.0 12.475633528265107 1.4822134387351777 4.143759198666947 18
stats: {load,"tsung_controller@ip-172-30-3-173"} 1 0.08984375 0.0 0.12890625 0.01171875 0.05642361111111111 18
stats: session 124 23975.32257867629 20439.573363048286 112724.59106445313 18.5791015625 20807.285982867863 508
stats: users_count 232 1138
stats: finish_users_count 124 632
stats: request 1523 14.671382230281512 17.986778582117143 420.177978515625 3.511962890625 13.255385775486284 6452
stats: connect 230 0.6332402768342391 0.7036917124546536 111.844970703125 0.469970703125 0.7528162593335176 904
stats: page 1312 17.047932136349537 23.356985506886115 420.177978515625 3.511962890625 15.390769869351631 5563
stats: tr_play_game__ready_page 70 9.523256138392858 1.8315148271754949 20.654052734375 7.115966796875 8.720582195531541 321
stats: 302 103 541
stats: tr_question_new_POST 112 5.636437552315849 2.0185116589777974 19.93017578125 4.382080078125 5.256168776292068 520
stats: 200 1308 6802
stats: tr_quiz_new_POST 14 15.005528041294642 2.8953394376297648 22.970947265625 11.2041015625 13.342360276442308 65
stats: size_rcv 3154898 16179053
stats: tr_play_game__leaderboard 36 10.915900336371529 2.1193392162849074 75.926025390625 7.903076171875 10.208367513020834 150
stats: newphase 1 6
stats: tr_friend_requests 16 10.063613891601563 3.060262827504619 64.342041015625 7.43505859375 11.133856879340279 54
stats: size_sent 2229668 11734226
stats: tr_search_all_users 21 65.18398902529762 7.249384024122143 94.029052734375 53.5751953125 61.03664328835227 66
stats: connected 106 501
stats: tr_friends 12 37.419169108072914 5.563504807355129 52.764892578125 31.93603515625 36.27171741832387 44
stats: 404 112 632
stats: tr_browse_quizzes_page_1 39 5.070594200721154 2.6210927911365998 359.5419921875 3.55712890625 6.360999755859375 200
stats: tr_play_game__1st_question 63 12.162055121527779 3.424881436453097 61.534912109375 8.382080078125 10.27280037172379 310
stats: tr_play_game__answer_to_question 59 12.933738579184322 2.1988558267190035 24.717041015625 9.9140625 12.259519689223346 272
stats: tr_index 94 8.085495969082446 2.5792982572044245 123.0439453125 5.635986328125 7.462282366071428 350
stats: tr_quizzes_page_INDEX 25 10.118251953125 1.851726245808625 49.0859375 8.031005859375 9.997616038602942 85
stats: tr_quiz_questions_SHOW 112 9.159580775669642 1.7162442240364872 23.625 7.571044921875 8.882506385216345 520
# stats: dump at 1448600705
stats: users 664 664
stats: {freemem,"tsung_controller@ip-172-30-3-173"} 1 3029.60546875 0.0 3170.7421875 3029.60546875 3140.61328125 19
stats: {recvpackets,"tsung_controller@ip-172-30-3-173"} 1 8536.0 0.0 8536 160 1864.388888888889 18
stats: {sentpackets,"tsung_controller@ip-172-30-3-173"} 1 7620.0 0.0 7620 231 1647.5 18
stats: {cpu,"tsung_controller@ip-172-30-3-173"} 1 18.085106382978726 0.0 18.085106382978726 1.4822134387351777 4.568653386551472 19
stats: {load,"tsung_controller@ip-172-30-3-173"} 1 0.078125 0.0 0.12890625 0.01171875 0.058182565789473686 19
stats: session 171 18719.894579792577 18641.161943886338 112724.59106445313 18.5791015625 21428.862783311288 632
stats: users_count 329 1467
stats: finish_users_count 171 803
stats: request 2003 16.069075829614945 18.232839769496966 420.177978515625 3.511962890625 13.525801148608934 7975
stats: connect 326 0.6450899276265336 0.5339019301576519 111.844970703125 0.469970703125 0.7285636350170854 1134
stats: page 1764 18.260390923947707 23.964408097544194 420.177978515625 3.511962890625 15.707016690340906 6875
stats: tr_play_game__ready_page 120 10.758839925130209 2.9281903020944915 23.297119140625 7.115966796875 8.864283412923593 391
stats: 302 157 698
stats: tr_question_new_POST 120 7.970562744140627 4.334176779848847 32.799072265625 4.382080078125 5.323558179638054 632
stats: 200 1726 8528
stats: tr_quiz_new_POST 15 14.872786458333334 1.8678070050805244 22.970947265625 11.2041015625 13.637098867681962 79
stats: size_rcv 3976088 20155141
stats: tr_play_game__leaderboard 46 11.95410686990489 3.411228544436904 75.926025390625 7.903076171875 10.345309349798388 186
stats: newphase 0 6
stats: tr_friend_requests 23 12.40181300951087 5.668426439252818 64.342041015625 7.43505859375 10.889229910714286 70
stats: size_sent 2918949 14653175
stats: tr_search_all_users 24 70.72250366210939 10.540078476325794 94.723876953125 53.5751953125 62.0377267420977 87
stats: connected 154 655
stats: tr_friends 14 43.720040457589285 6.55576689343574 52.764892578125 31.93603515625 36.51759992327009 56
stats: 404 120 752
stats: tr_browse_quizzes_page_1 77 6.158732624797078 3.839884185629033 359.5419921875 3.55712890625 6.150431485355648 239
stats: tr_play_game__1st_question 121 11.891726659349171 2.7318446611900105 61.534912109375 8.382080078125 10.591897018473526 373
stats: tr_play_game__answer_to_question 88 15.175154252485795 5.498006202377977 36.364990234375 9.9140625 12.379697678672583 331
stats: tr_index 137 9.215376582458942 4.49465727375863 123.0439453125 5.635986328125 7.594223984726915 444
stats: tr_quizzes_page_INDEX 31 11.500157510080646 3.357128959873843 49.0859375 8.031005859375 10.025033291903409 110
stats: tr_quiz_questions_SHOW 120 12.338539632161458 5.169259067124448 33.71484375 7.571044921875 8.931608175929588 632
# stats: dump at 1448600715
stats: users 771 774
stats: {freemem,"tsung_controller@ip-172-30-3-173"} 1 2990.69921875 0.0 3170.7421875 2990.69921875 3135.062890625 20
stats: {recvpackets,"tsung_controller@ip-172-30-3-173"} 1 10758.0 0.0 10758 160 2215.5263157894738 19
stats: {sentpackets,"tsung_controller@ip-172-30-3-173"} 1 9650.0 0.0 9650 231 1961.842105263158 19
stats: {cpu,"tsung_controller@ip-172-30-3-173"} 1 20.47244094488189 0.0 20.47244094488189 1.4822134387351777 5.244476036372834 20
stats: {load,"tsung_controller@ip-172-30-3-173"} 1 0.140625 0.0 0.140625 0.01171875 0.0591796875 20
stats: session 219 21782.556693020477 19790.342135625637 112724.59106445313 18.5791015625 20851.98412477866 803
stats: users_count 326 1793
stats: finish_users_count 219 1022
stats: request 2642 19.019308732730842 20.33234484720848 420.177978515625 3.511962890625 14.03634225765434 9978
stats: connect 334 0.6383392882204341 0.276027985412245 111.844970703125 0.469970703125 0.7099249852846745 1460
stats: page 2278 22.05144743881694 27.222237079976676 420.177978515625 3.511962890625 16.22839094061089 8639
stats: tr_play_game__ready_page 127 14.22044937253937 8.241535525917989 54.51611328125 7.115966796875 9.309189051797945 511
stats: 302 180 878
stats: tr_question_new_POST 208 8.993606567382809 6.682318723123359 47.373046875 4.382080078125 5.7459525250374 752
stats: 200 2254 10782
stats: tr_quiz_new_POST 26 19.743173452524044 10.139505363761193 64.2509765625 11.2041015625 13.83428305767952 94
stats: size_rcv 5351298 25506439
stats: tr_play_game__leaderboard 64 15.141170501708984 9.077781624047288 75.926025390625 7.903076171875 10.664295064991919 232
stats: newphase 0 6
stats: tr_friend_requests 18 17.62715657552084 11.4463779979868 64.342041015625 7.43505859375 11.263309601814516 93
stats: size_sent 4034405 18687580
stats: tr_search_all_users 29 81.34359004579741 16.305914661560056 132.2880859375 53.5751953125 63.915516346424546 111
stats: connected 116 771
stats: tr_friends 25 48.766142578125 13.177045927914486 89.6611328125 31.93603515625 37.95808803013393 70
stats: 404 208 960
stats: tr_browse_quizzes_page_1 79 8.793423036985763 10.068566317995135 359.5419921875 3.55712890625 6.1524542313587816 316
stats: tr_play_game__1st_question 122 15.452386574667013 11.16557384222816 90.8681640625 8.382080078125 10.910276343465334 494
stats: tr_play_game__answer_to_question 130 19.532408728966352 11.709997635212895 65.884033203125 9.9140625 12.966810276514021 419
stats: tr_index 135 12.851723451967592 9.378224010000336 123.0439453125 5.635986328125 7.976492325328098 581
stats: tr_quizzes_page_INDEX 34 17.609339096966917 16.104925105741575 68.287109375 7.992919921875 10.349351382424645 141
stats: tr_quiz_questions_SHOW 208 13.397706251878004 7.51986833880058 64.76904296875 7.571044921875 9.475267450860207 752
# stats: dump at 1448600725
stats: users 722 807
stats: {freemem,"tsung_controller@ip-172-30-3-173"} 1 2961.91796875 0.0 3170.7421875 2961.91796875 3128.188430059524 21
stats: {recvpackets,"tsung_controller@ip-172-30-3-173"} 1 14228.0 0.0 14228 160 2642.65 20
stats: {sentpackets,"tsung_controller@ip-172-30-3-173"} 1 12418.0 0.0 12418 231 2346.25 20
stats: {cpu,"tsung_controller@ip-172-30-3-173"} 1 25.818882466281313 0.0 25.818882466281313 1.4822134387351777 5.969617222492313 21
stats: {load,"tsung_controller@ip-172-30-3-173"} 1 0.12109375 0.0 0.140625 0.01171875 0.06305803571428571 21
stats: session 171 24827.48832550941 18677.19076851985 112724.59106445313 18.5791015625 21051.39253225905 1022
stats: users_count 122 1915
stats: finish_users_count 171 1193
stats: request 2547 20.79653078759941 21.651118564982877 420.177978515625 3.511962890625 15.079527473751972 12620
stats: connect 123 0.7912994632876016 1.291468886423606 111.844970703125 0.469970703125 0.6965974363329152 1794
stats: page 2128 24.871371620579755 29.580692251675263 420.177978515625 3.511962890625 17.443461262394653 10917
stats: tr_play_game__ready_page 104 11.897061861478365 4.579574704458446 54.51611328125 7.115966796875 10.28682237583268 638
stats: 302 151 1029
stats: tr_question_new_POST 242 11.483452915160122 11.436908194868058 73.612060546875 4.382080078125 6.4496109008789055 960
stats: 200 2154 12936
stats: tr_quiz_new_POST 32 18.887550354003906 5.820401026180344 64.2509765625 11.2041015625 15.114542643229166 120
stats: size_rcv 5438872 30945311
stats: tr_play_game__leaderboard 62 17.297516853578628 15.173351404341402 76.342041015625 7.903076171875 11.632268132390204 296
stats: newphase 0 6
stats: tr_friend_requests 30 14.663826497395833 8.060731156197116 64.342041015625 7.43505859375 12.295284786739865 111
stats: size_sent 4254518 22942098
stats: tr_search_all_users 33 80.80800189393938 20.33171782940347 132.2880859375 53.5751953125 67.52561732700893 140
stats: connected -51 720
stats: tr_friends 22 52.62113813920455 16.124266017939046 97.177978515625 31.93603515625 40.80231291118421 95
stats: 404 242 1202
stats: tr_browse_quizzes_page_1 39 7.246143830128205 4.8082528293095885 359.5419921875 3.55712890625 6.680647992484177 395
stats: tr_play_game__1st_question 115 16.144932489809783 10.625376283962769 90.8681640625 8.382080078125 11.809850123021512 616
stats: tr_play_game__answer_to_question 103 19.267182285345868 9.957410720380917 65.884033203125 9.9140625 14.521505720628417 549
stats: tr_index 41 11.573998427972562 6.20627644709767 123.0439453125 5.635986328125 8.895704898088338 716
stats: tr_quizzes_page_INDEX 39 16.721009865785255 10.030426368159644 68.287109375 7.992919921875 11.75986328125 175
stats: tr_quiz_questions_SHOW 240 15.300401814778645 11.000029753326142 72.0400390625 7.571044921875 10.325129191080729 960
# stats: dump at 1448600735
stats: users 541 807
stats: {freemem,"tsung_controller@ip-172-30-3-173"} 1 2942.578125 0.0 3170.7421875 2942.578125 3120.630681818182 22
stats: {recvpackets,"tsung_controller@ip-172-30-3-173"} 1 13096.0 0.0 14228 160 3194.3333333333335 21
stats: {sentpackets,"tsung_controller@ip-172-30-3-173"} 1 10758.0 0.0 12418 231 2825.8571428571427 21
stats: {cpu,"tsung_controller@ip-172-30-3-173"} 1 18.48151848151848 0.0 25.818882466281313 1.4822134387351777 6.871856551755449 22
stats: {load,"tsung_controller@ip-172-30-3-173"} 1 0.25 0.0 0.25 0.01171875 0.06569602272727272 22
stats: session 181 35253.048470681555 16829.923913248935 112724.59106445313 18.5791015625 21592.643479992337 1193
stats: users_count 0 1915
stats: finish_users_count 181 1374
stats: request 2101 19.544317740250182 20.547484223941684 420.177978515625 3.511962890625 16.03958598501784 15167
stats: connect 1 0.593994140625 0.0 111.844970703125 0.469970703125 0.7026737792204616 1917
stats: page 1707 24.18266209678895 29.59512977143805 420.177978515625 3.511962890625 18.655158712928795 13045
stats: tr_play_game__ready_page 13 20.446251502403847 14.306037265366882 54.51611328125 7.115966796875 10.512516319912399 742
stats: 302 72 1101
stats: tr_question_new_POST 256 8.69410705566406 6.10357193079726 73.612060546875 4.382080078125 7.463079925384774 1202
stats: 200 1773 14709
stats: tr_quiz_new_POST 31 17.77308310231854 4.521780747395317 64.2509765625 11.2041015625 15.90886005602385 152
stats: size_rcv 4868710 35814021
stats: tr_play_game__leaderboard 98 14.823727977519136 9.823034874392626 76.342041015625 7.903076171875 12.613400592484288 358
stats: newphase 0 6
stats: tr_friend_requests 26 14.160851111778847 12.657878327510225 75.320068359375 7.43505859375 12.799229831560284 141
stats: size_sent 3853822 26795920
stats: tr_search_all_users 36 80.52717420789934 14.816857203761414 132.2880859375 53.5751953125 70.05925137734826 173
stats: connected -180 540
stats: tr_friends 23 47.45540718410326 8.65628133381295 97.177978515625 31.93603515625 43.02465611645299 117
stats: 404 256 1458
stats: tr_browse_quizzes_page_1 1 7.112060546875 0.0 359.5419921875 3.55712890625 6.731464438724078 434
stats: tr_play_game__1st_question 24 14.188100179036459 6.922256458131804 90.8681640625 8.382080078125 12.491839825047027 731
stats: tr_play_game__answer_to_question 75 18.628942057291674 11.419431451334534 85.237060546875 9.9140625 15.271206159533167 652
stats: tr_index 0 0 0 123.0439453125 5.635986328125 9.04076438913887 757
stats: tr_quizzes_page_INDEX 36 12.596048990885416 4.373269414499669 68.287109375 7.992919921875 12.663997471889603 214
stats: tr_quiz_questions_SHOW 258 13.16697420815165 7.217916595974192 81.925048828125 7.571044921875 11.320183715820313 1200
# stats: dump at 1448600745
stats: users 367 807
stats: {freemem,"tsung_controller@ip-172-30-3-173"} 1 2950.50390625 0.0 3170.7421875 2942.578125 3112.889266304348 23
stats: {recvpackets,"tsung_controller@ip-172-30-3-173"} 1 9834.0 0.0 14228 160 3644.409090909091 22
stats: {sentpackets,"tsung_controller@ip-172-30-3-173"} 1 7844.0 0.0 12418 231 3186.409090909091 22
stats: {cpu,"tsung_controller@ip-172-30-3-173"} 1 15.004935834155972 0.0 25.818882466281313 1.4822134387351777 7.376624461745147 23
stats: {load,"tsung_controller@ip-172-30-3-173"} 1 0.2109375 0.0 0.25 0.01171875 0.07370923913043477 23
stats: session 174 41654.38909280713 15824.725370824597 112724.59106445313 18.5791015625 23392.158256786184 1374
stats: users_count 0 1915
stats: finish_users_count 174 1548
stats: request 1679 14.636926829353419 14.386720117525643 420.177978515625 3.511962890625 16.466007192901973 17268
stats: connect 1 0.69482421875 0.0 111.844970703125 0.469970703125 0.7026171162180656 1918
stats: page 1332 18.434315174549482 20.788727354099546 420.177978515625 3.511962890625 19.294763395429424 14752
stats: tr_play_game__ready_page 2 13.7490234375 1.239013671875 54.51611328125 7.115966796875 10.683560766763245 755
stats: 302 27 1128
stats: tr_question_new_POST 262 6.644383088322996 2.5663299733817957 73.612060546875 4.382080078125 7.67922735018004 1458
stats: 200 1390 16099
stats: tr_quiz_new_POST 32 14.729301452636719 2.565759799292168 64.2509765625 11.2041015625 16.224657402663933 183
stats: size_rcv 3997456 39811477
stats: tr_play_game__leaderboard 98 12.07490134725765 3.4529981064013984 76.342041015625 7.903076171875 13.088427091899671 456
stats: newphase 0 6
stats: tr_friend_requests 14 12.508196149553571 5.681108698866243 75.320068359375 7.43505859375 13.011218773390718 167
stats: size_sent 2994866 29790786
stats: tr_search_all_users 26 68.1839317908654 10.179229137573154 132.2880859375 53.5751953125 71.8623385634719 209
stats: connected -166 374
stats: tr_friends 22 40.13927112926137 6.066757295035979 97.177978515625 31.93603515625 43.75256522042411 140
stats: 404 262 1720
stats: tr_browse_quizzes_page_1 0 0 0 359.5419921875 3.55712890625 6.7323393723060345 435
stats: tr_play_game__1st_question 2 13.37744140625 1.552490234375 90.8681640625 8.382080078125 12.54576068398179 755
stats: tr_play_game__answer_to_question 22 15.025834517045455 4.064042115215437 85.237060546875 9.9140625 15.61760257264443 727
stats: tr_index 0 0 0 123.0439453125 5.635986328125 9.04076438913887 757
stats: tr_quizzes_page_INDEX 9 11.154134114583334 2.5119337085837223 68.287109375 7.992919921875 12.654212890625 250
stats: tr_quiz_questions_SHOW 262 10.93628209237834 3.0560557237259056 81.925048828125 7.571044921875 11.64698203339335 1458
# stats: dump at 1448600755
stats: users 224 807
stats: {freemem,"tsung_controller@ip-172-30-3-173"} 1 2960.30078125 0.0 3170.7421875 2942.578125 3106.1232096354165 24
stats: {recvpackets,"tsung_controller@ip-172-30-3-173"} 1 6888.0 0.0 14228 160 3913.521739130435 23
stats: {sentpackets,"tsung_controller@ip-172-30-3-173"} 1 5557.0 0.0 12418 231 3388.913043478261 23
stats: {cpu,"tsung_controller@ip-172-30-3-173"} 1 10.327706057596822 0.0 25.818882466281313 1.4822134387351777 7.69447076892893 24
stats: {load,"tsung_controller@ip-172-30-3-173"} 1 0.1796875 0.0 0.25 0.01171875 0.07942708333333333 24
stats: session 143 46357.042728023924 11317.605427020082 112724.59106445313 18.5791015625 25444.889629827296 1548
stats: users_count 0 1915
stats: finish_users_count 143 1691
stats: request 939 13.145856213391907 13.169569780171528 420.177978515625 3.511962890625 16.30392211714338 18947
stats: connect 1 0.760009765625 0.0 111.844970703125 0.469970703125 0.7026130553022406 1919
stats: page 793 15.660773220759792 18.013192631341248 420.177978515625 3.511962890625 19.223505186637325 16084
stats: tr_play_game__ready_page 0 0 0 54.51611328125 7.115966796875 10.691659743436261 757
stats: 302 17 1145
stats: tr_question_new_POST 104 5.735924353966344 1.6102604544705281 73.612060546875 4.382080078125 7.521594096339025 1720
stats: 200 818 16917
stats: tr_quiz_new_POST 13 14.48895733173077 3.470316131067028 64.2509765625 11.2041015625 16.002092796148254 215
stats: size_rcv 2072231 41883708
stats: tr_play_game__leaderboard 86 10.966867846111922 2.3271387209794354 76.342041015625 7.903076171875 12.909139144291517 554
stats: newphase 0 6
stats: tr_friend_requests 8 10.55926513671875 1.9759381282500126 75.320068359375 7.43505859375 12.972310946132596 181
stats: size_sent 2009774 31800560
stats: tr_search_all_users 12 59.7584228515625 3.8435599214184886 132.2880859375 53.5751953125 71.45536589926861 235
stats: connected -146 228
stats: tr_friends 15 38.275390625 4.3456636919954255 97.177978515625 31.93603515625 43.2618709611304 162
stats: 404 104 1824
stats: tr_browse_quizzes_page_1 0 0 0 359.5419921875 3.55712890625 6.7323393723060345 435
stats: tr_play_game__1st_question 0 0 0 90.8681640625 8.382080078125 12.547957991041944 757
stats: tr_play_game__answer_to_question 8 12.427978515625 1.8502908194556578 85.237060546875 9.9140625 15.600220867406541 749
stats: tr_index 0 0 0 123.0439453125 5.635986328125 9.04076438913887 757
stats: tr_quizzes_page_INDEX 3 10.14404296875 1.2498023989577438 68.287109375 7.992919921875 12.602086601110038 259
stats: tr_quiz_questions_SHOW 104 9.47132521409254 2.097199115436086 81.925048828125 7.571044921875 11.538724251680598 1720
# stats: dump at 1448600765
stats: users 119 807
stats: {freemem,"tsung_controller@ip-172-30-3-173"} 1 2979.4921875 0.0 3170.7421875 2942.578125 3100.2903125 25
stats: {recvpackets,"tsung_controller@ip-172-30-3-173"} 1 4635.0 0.0 14228 160 4037.4583333333335 24
stats: {sentpackets,"tsung_controller@ip-172-30-3-173"} 1 3730.0 0.0 12418 231 3479.25 24
stats: {cpu,"tsung_controller@ip-172-30-3-173"} 1 6.944444444444445 0.0 25.818882466281313 1.4822134387351777 7.799800180475646 25
stats: {load,"tsung_controller@ip-172-30-3-173"} 1 0.1484375 0.0 0.25 0.01171875 0.0834375 25
stats: session 105 54617.242061941964 11862.252837383949 118740.03002929688 18.5791015625 27213.33309111773 1691
stats: users_count 0 1915
stats: finish_users_count 105 1796
stats: request 607 11.012741566489906 10.968338237767467 420.177978515625 3.511962890625 16.15480093220812 19886
stats: connect 4 0.690673828125 0.060036756065408974 111.844970703125 0.469970703125 0.7026429494222004 1920
stats: page 496 13.504164172757056 15.003320511619796 420.177978515625 3.511962890625 19.056103015105602 16877
stats: tr_play_game__ready_page 0 0 0 54.51611328125 7.115966796875 10.691659743436261 757
stats: 302 7 1152
stats: tr_question_new_POST 88 5.0852439186789775 0.892690160101857 73.612060546875 4.382080078125 7.419779593484442 1824
stats: 200 512 17429
stats: tr_quiz_new_POST 11 12.728582208806818 1.5425369276194532 64.2509765625 11.19287109375 15.91581752844024 228
stats: size_rcv 1361719 43245427
stats: tr_play_game__leaderboard 63 9.452187189980158 1.3185323426730489 76.342041015625 7.77685546875 12.648146438598634 640
stats: newphase 0 6
stats: tr_friend_requests 3 9.0380859375 0.20663596750742277 75.320068359375 7.43505859375 12.870171440972221 189
stats: size_sent 1180229 32980789
stats: tr_search_all_users 5 64.345849609375 8.4356750020681 132.2880859375 53.5751953125 70.88709336253795 247
stats: connected -111 117
stats: tr_friends 9 36.691487630208336 3.3012352023695213 97.177978515625 31.93603515625 42.83928788179732 177
stats: 404 88 1912
stats: tr_browse_quizzes_page_1 0 0 0 359.5419921875 3.55712890625 6.7323393723060345 435
stats: tr_play_game__1st_question 0 0 0 90.8681640625 8.382080078125 12.547957991041944 757
stats: tr_play_game__answer_to_question 0 0 0 85.237060546875 9.9140625 15.566696509659842 757
stats: tr_index 0 0 0 123.0439453125 5.635986328125 9.04076438913887 757
stats: tr_quizzes_page_INDEX 2 9.43359375 1.486572265625 68.287109375 7.947021484375 12.573941063334924 262
stats: tr_quiz_questions_SHOW 88 8.49111106178977 0.9803201103602954 81.925048828125 7.571044921875 11.420846236379525 1824
# stats: dump at 1448600775
stats: users 53 807
stats: {freemem,"tsung_controller@ip-172-30-3-173"} 1 3025.6640625 0.0 3170.7421875 2942.578125 3095.644230769231 26
stats: {recvpackets,"tsung_controller@ip-172-30-3-173"} 1 2684.0 0.0 14228 160 4061.36 25
stats: {sentpackets,"tsung_controller@ip-172-30-3-173"} 1 2128.0 0.0 12418 231 3489.28 25
stats: {cpu,"tsung_controller@ip-172-30-3-173"} 1 4.4422507403751235 0.0 25.818882466281313 1.4822134387351777 7.766901882935985 26
stats: {load,"tsung_controller@ip-172-30-3-173"} 1 0.12890625 0.0 0.25 0.01171875 0.0859375 26
stats: session 66 63698.75499008641 12339.565381773638 118740.03002929688 18.5791015625 28815.45471803117 1796
stats: users_count 0 1915
stats: finish_users_count 66 1862
stats: request 504 11.047370547340028 11.600560077670206 420.177978515625 3.511962890625 16.00249380123701 20493
stats: connect 5 0.648583984375 0.013593700891164883 111.844970703125 0.469970703125 0.7026180655941396 1924
stats: page 374 14.930006710603273 17.927104265454382 420.177978515625 3.511962890625 18.897594889519645 17373
stats: tr_play_game__ready_page 0 0 0 54.51611328125 7.115966796875 10.691659743436261 757
stats: 302 4 1156
stats: tr_question_new_POST 104 4.9187715970552865 0.7326251436880924 73.612060546875 4.35009765625 7.312332344853228 1912
stats: 200 396 17825
stats: tr_quiz_new_POST 13 13.015549879807692 1.9304699100357907 64.2509765625 10.80712890625 15.769124689461295 239
stats: size_rcv 1304873 44550300
stats: tr_play_game__leaderboard 30 9.732307942708333 2.2944230291348817 76.342041015625 7.77685546875 12.361737572790718 703
stats: newphase 0 6
stats: tr_friend_requests 2 7.94091796875 0.139892578125 75.320068359375 7.43505859375 12.810295104980469 192
stats: size_sent 753862 33734651
stats: tr_search_all_users 9 59.53260633680556 10.496895954524112 132.2880859375 52.947021484375 70.75730678013393 252
stats: connected -64 53
stats: tr_friends 5 33.134228515625 3.394344481498 97.177978515625 31.18212890625 42.54181367607527 186
stats: 404 104 2016
stats: tr_browse_quizzes_page_1 0 0 0 359.5419921875 3.55712890625 6.7323393723060345 435
stats: tr_play_game__1st_question 0 0 0 90.8681640625 8.382080078125 12.547957991041944 757
stats: tr_play_game__answer_to_question 0 0 0 85.237060546875 9.9140625 15.566696509659842 757
stats: tr_index 0 0 0 123.0439453125 5.635986328125 9.04076438913887 757
stats: tr_quizzes_page_INDEX 0 0 0 68.287109375 7.947021484375 12.550150553385416 264
stats: tr_quiz_questions_SHOW 104 8.582439716045677 1.467623647275758 81.925048828125 7.52001953125 11.286004868511377 1912
# stats: dump at 1448600785
stats: users 23 807
stats: {freemem,"tsung_controller@ip-172-30-3-173"} 1 3038.53515625 0.0 3170.7421875 2942.578125 3093.052372685185 27
stats: {recvpackets,"tsung_controller@ip-172-30-3-173"} 1 1744.0 0.0 14228 160 4008.3846153846152 26
stats: {sentpackets,"tsung_controller@ip-172-30-3-173"} 1 1378.0 0.0 12418 231 3436.923076923077 26
stats: {cpu,"tsung_controller@ip-172-30-3-173"} 1 2.8712871287128716 0.0 25.818882466281313 1.4822134387351777 7.643766655433731 27
stats: {load,"tsung_controller@ip-172-30-3-173"} 1 0.109375 0.0 0.25 0.01171875 0.08752893518518519 27
stats: session 30 72663.49043782552 9471.644745984207 118740.03002929688 18.5791015625 30051.919711562667 1862
stats: users_count 0 1915
stats: finish_users_count 30 1892
stats: request 229 9.671972016580245 9.030311883851779 420.177978515625 3.511962890625 15.883553851722121 20997
stats: connect 2 0.623046875 0.010009765625 111.844970703125 0.469970703125 0.7024780083592533 1929
stats: page 172 12.91513984147893 11.944533103986288 420.177978515625 3.511962890625 18.813981998387924 17747
stats: tr_play_game__ready_page 0 0 0 54.51611328125 7.115966796875 10.691659743436261 757
stats: 302 2 1158
stats: tr_question_new_POST 48 4.732971191406251 0.3833331262503286 73.612060546875 4.35009765625 7.188855004689049 2016
stats: 200 179 18004
stats: tr_quiz_new_POST 6 12.5511474609375 1.307056733282201 64.2509765625 10.80712890625 15.627075195312498 252
stats: size_rcv 545021 45095321
stats: tr_play_game__leaderboard 14 9.326503208705358 1.2675957838508822 76.342041015625 7.77685546875 12.254121080427183 733
stats: newphase 0 6
stats: tr_friend_requests 1 9.6181640625 0.0 75.320068359375 7.43505859375 12.760095340689434 194
stats: size_sent 343788 34078439
stats: tr_search_all_users 1 52.68701171875 0.0 132.2880859375 52.68701171875 70.37024814415709 261
stats: connected -31 22
stats: tr_friends 2 36.85302734375 4.498046875 97.177978515625 31.18212890625 42.29554181323626 191
stats: 404 48 2064
stats: tr_browse_quizzes_page_1 0 0 0 359.5419921875 3.55712890625 6.7323393723060345 435
stats: tr_play_game__1st_question 0 0 0 90.8681640625 8.382080078125 12.547957991041944 757
stats: tr_play_game__answer_to_question 0 0 0 85.237060546875 9.9140625 15.566696509659842 757
stats: tr_index 0 0 0 123.0439453125 5.635986328125 9.04076438913887 757
stats: tr_quizzes_page_INDEX 2 11.0560302734375 2.7371826171875 68.287109375 7.947021484375 12.550150553385416 264
stats: tr_quiz_questions_SHOW 48 8.253295898437498 1.0562291886745432 81.925048828125 7.52001953125 11.14653523763021 2016
# stats: dump at 1448600795
stats: users 14 807
stats: {freemem,"tsung_controller@ip-172-30-3-173"} 1 3050.12890625 0.0 3170.7421875 2942.578125 3091.1053292410716 28
stats: {recvpackets,"tsung_controller@ip-172-30-3-173"} 1 803.0 0.0 14228 160 3924.5185185185187 27
stats: {sentpackets,"tsung_controller@ip-172-30-3-173"} 1 688.0 0.0 12418 231 3360.6666666666665 27
stats: {cpu,"tsung_controller@ip-172-30-3-173"} 1 1.7839444995044598 0.0 25.818882466281313 1.4822134387351777 7.473320958050843 28
stats: {load,"tsung_controller@ip-172-30-3-173"} 1 0.08984375 0.0 0.25 0.01171875 0.08830915178571429 28
stats: session 9 84040.22965494792 6580.97277619978 118740.03002929688 18.5791015625 30727.578866841675 1892
stats: users_count 0 1915
stats: finish_users_count 9 1901
stats: request 97 8.425096649484535 4.245135421281391 420.177978515625 3.511962890625 15.816539235673526 21226
stats: connect 1 0.688232421875 0.0 111.844970703125 0.469970703125 0.7023957389306058 1931
stats: page 70 11.725373186383928 4.3151013517090835 420.177978515625 3.511962890625 18.757360487645784 17919
stats: tr_play_game__ready_page 0 0 0 54.51611328125 7.115966796875 10.691659743436261 757
stats: 302 0 1158
stats: tr_question_new_POST 24 4.515706380208334 0.11229061462390788 73.612060546875 4.35009765625 7.131741427635961 2064
stats: 200 73 18077
stats: tr_quiz_new_POST 3 11.980387369791666 0.18131221857976484 64.2509765625 10.80712890625 15.555541992187498 258
stats: size_rcv 238008 45333329
stats: tr_play_game__leaderboard 6 8.891642252604166 0.9791208596370565 76.342041015625 7.77685546875 12.199252740127175 747
stats: newphase 0 6
stats: tr_friend_requests 0 0 0 75.320068359375 7.43505859375 12.743982872596154 195
stats: size_sent 126270 34204709
stats: tr_search_all_users 0 0 0 132.2880859375 52.68701171875 70.30275487535782 262
stats: connected -9 13
stats: tr_friends 2 32.5220947265625 0.1219482421875 97.177978515625 31.18212890625 42.23914269956283 193
stats: 404 24 2088
stats: tr_browse_quizzes_page_1 0 0 0 359.5419921875 3.55712890625 6.7323393723060345 435
stats: tr_play_game__1st_question 0 0 0 90.8681640625 8.382080078125 12.547957991041944 757
stats: tr_play_game__answer_to_question 0 0 0 85.237060546875 9.9140625 15.566696509659842 757
stats: tr_index 0 0 0 123.0439453125 5.635986328125 9.04076438913887 757
stats: tr_quizzes_page_INDEX 0 0 0 68.287109375 7.947021484375 12.53891656631814 266
stats: tr_quiz_questions_SHOW 24 7.872243245442708 0.7010588080296545 81.925048828125 7.52001953125 11.079250601835032 2064
# stats: dump at 1448600805
stats: users 5 807
stats: {freemem,"tsung_controller@ip-172-30-3-173"} 1 3078.859375 0.0 3170.7421875 2942.578125 3089.692349137931 29
stats: {recvpackets,"tsung_controller@ip-172-30-3-173"} 1 449.0 0.0 14228 160 3813.035714285714 28
stats: {sentpackets,"tsung_controller@ip-172-30-3-173"} 1 417.0 0.0 12418 231 3265.214285714286 28
stats: {cpu,"tsung_controller@ip-172-30-3-173"} 1 1.5794669299111548 0.0 25.818882466281313 1.4822134387351777 7.277135562928555 29
stats: {load,"tsung_controller@ip-172-30-3-173"} 1 0.078125 0.0 0.25 0.01171875 0.08836206896551724 29
stats: session 9 88092.25830078125 7724.524400262909 118740.03002929688 18.5791015625 30979.97963332929 1901
stats: users_count 0 1915
stats: finish_users_count 9 1910
stats: request 66 7.922895951704546 2.513024767784369 420.177978515625 3.511962890625 15.78291498341726 21323
stats: connect 0 0 0 111.844970703125 0.469970703125 0.7023884080211568 1932
stats: page 48 10.943476359049482 2.8628851680317506 420.177978515625 3.511962890625 18.7299971483224 17989
stats: tr_play_game__ready_page 0 0 0 54.51611328125 7.115966796875 10.691659743436261 757
stats: 302 0 1158
stats: tr_question_new_POST 16 4.5859375 0.09918624165150804 73.612060546875 4.35009765625 7.101672059274724 2088
stats: 200 50 18127
stats: tr_quiz_new_POST 2 12.386962890625 0.551025390625 64.2509765625 10.80712890625 15.514448260895593 261
stats: size_rcv 155523 45488852
stats: tr_play_game__leaderboard 4 8.29656982421875 0.17180513999594543 76.342041015625 7.77685546875 12.1728972780752 753
stats: newphase 0 6
stats: tr_friend_requests 0 0 0 75.320068359375 7.43505859375 12.743982872596154 195
stats: size_sent 92334 34297043
stats: tr_search_all_users 0 0 0 132.2880859375 52.68701171875 70.30275487535782 262
stats: connected -8 5
stats: tr_friends 0 0 0 97.177978515625 31.18212890625 42.139480669070515 195
stats: 404 16 2104
stats: tr_browse_quizzes_page_1 0 0 0 359.5419921875 3.55712890625 6.7323393723060345 435
stats: tr_play_game__1st_question 0 0 0 90.8681640625 8.382080078125 12.547957991041944 757
stats: tr_play_game__answer_to_question 0 0 0 85.237060546875 9.9140625 15.566696509659842 757
stats: tr_index 0 0 0 123.0439453125 5.635986328125 9.04076438913887 757
stats: tr_quizzes_page_INDEX 0 0 0 68.287109375 7.947021484375 12.53891656631814 266
stats: tr_quiz_questions_SHOW 16 7.9134674072265625 0.7357935696311416 81.925048828125 7.52001953125 11.04238844831328 2088
# stats: dump at 1448600815
stats: users 3 807
stats: {freemem,"tsung_controller@ip-172-30-3-173"} 1 3089.4375 0.0 3170.7421875 2942.578125 3089.33125 30
stats: {recvpackets,"tsung_controller@ip-172-30-3-173"} 1 52.0 0.0 14228 52 3697.0344827586205 29
stats: {sentpackets,"tsung_controller@ip-172-30-3-173"} 1 44.0 0.0 12418 44 3167.0 29
stats: {cpu,"tsung_controller@ip-172-30-3-173"} 1 1.2807881773399015 0.0 25.818882466281313 1.2807881773399015 7.087213275161307 30
stats: {load,"tsung_controller@ip-172-30-3-173"} 1 0.0703125 0.0 0.25 0.01171875 0.08802083333333334 30
stats: session 2 103218.27893066406 6986.1029052734375 118740.03002929688 18.5791015625 31249.095082547654 1910
stats: users_count 0 1915
stats: finish_users_count 2 1912
stats: request 28 7.717599051339286 2.512009458583822 420.177978515625 3.511962890625 15.75866133639809 21389
stats: connect 0 0 0 111.844970703125 0.469970703125 0.7023884080211568 1932
stats: page 19 11.437975431743421 3.321805800736651 420.177978515625 3.511962890625 18.70927568699928 18037
stats: tr_play_game__ready_page 0 0 0 54.51611328125 7.115966796875 10.691659743436261 757
stats: 302 0 1158
stats: tr_question_new_POST 8 4.525665283203125 0.13070472788697188 73.612060546875 4.35009765625 7.082540997987463 2104
stats: 200 20 18147
stats: tr_quiz_new_POST 1 14.599853515625 0.0 64.2509765625 10.80712890625 15.49066510218631 263
stats: size_rcv 70208 45559060
stats: tr_play_game__leaderboard 0 0 0 76.342041015625 7.77685546875 12.152414702361295 757
stats: newphase 0 6
stats: tr_friend_requests 0 0 0 75.320068359375 7.43505859375 12.743982872596154 195
stats: size_sent 29969 34327012
stats: tr_search_all_users 0 0 0 132.2880859375 52.68701171875 70.30275487535782 262
stats: connected -3 2
stats: tr_friends 0 0 0 97.177978515625 31.18212890625 42.139480669070515 195
stats: 404 8 2112
stats: tr_browse_quizzes_page_1 0 0 0 359.5419921875 3.55712890625 6.7323393723060345 435
stats: tr_play_game__1st_question 0 0 0 90.8681640625 8.382080078125 12.547957991041944 757
stats: tr_play_game__answer_to_question 0 0 0 85.237060546875 9.9140625 15.566696509659842 757
stats: tr_index 0 0 0 123.0439453125 5.635986328125 9.04076438913887 757
stats: tr_quizzes_page_INDEX 0 0 0 68.287109375 7.947021484375 12.53891656631814 266
stats: tr_quiz_questions_SHOW 8 8.194122314453125 1.2357338924349617 81.925048828125 7.52001953125 11.018594371955206 2104
# stats: dump at 1448600825
stats: users 1 807
stats: {freemem,"tsung_controller@ip-172-30-3-173"} 1 3089.5703125 0.0 3170.7421875 2942.578125 3089.3346774193546 31
stats: {recvpackets,"tsung_controller@ip-172-30-3-173"} 1 116.0 0.0 14228 52 3575.5333333333333 30
stats: {sentpackets,"tsung_controller@ip-172-30-3-173"} 1 89.0 0.0 12418 44 3062.9 30
stats: {cpu,"tsung_controller@ip-172-30-3-173"} 1 1.282051282051282 0.0 25.818882466281313 1.2807881773399015 6.899909239747713 31
stats: {load,"tsung_controller@ip-172-30-3-173"} 1 0.05859375 0.0 0.25 0.01171875 0.08744959677419355 31
stats: session 2 118781.50256347656 3663.5836181640625 122445.08618164063 18.5791015625 31324.376655610537 1912
stats: users_count 0 1915
stats: finish_users_count 2 1914
stats: request 27 7.97362377025463 2.868572779722966 420.177978515625 3.511962890625 15.748148671506572 21417
stats: connect 1 0.8759765625 0.0 111.844970703125 0.469970703125 0.7023884080211568 1932
stats: page 18 12.025553385416666 3.0182767364553693 420.177978515625 3.511962890625 18.70162423015115 18056
stats: tr_play_game__ready_page 0 0 0 54.51611328125 7.115966796875 10.691659743436261 757
stats: 302 0 1158
stats: tr_question_new_POST 8 4.556884765625 0.08987194116557412 73.612060546875 4.35009765625 7.0728558627041895 2112
stats: 200 19 18166
stats: tr_quiz_new_POST 1 15.512939453125 0.0 64.2509765625 10.80712890625 15.487290815873578 264
stats: size_rcv 68553 45627613
stats: tr_play_game__leaderboard 0 0 0 76.342041015625 7.77685546875 12.152414702361295 757
stats: newphase 0 6
stats: tr_friend_requests 0 0 0 75.320068359375 7.43505859375 12.743982872596154 195
stats: size_sent 26590 34353602
stats: tr_search_all_users 0 0 0 132.2880859375 52.68701171875 70.30275487535782 262
stats: connected -2 0
stats: tr_friends 0 0 0 97.177978515625 31.18212890625 42.139480669070515 195
stats: 404 8 2120
stats: tr_browse_quizzes_page_1 0 0 0 359.5419921875 3.55712890625 6.7323393723060345 435
stats: tr_play_game__1st_question 0 0 0 90.8681640625 8.382080078125 12.547957991041944 757
stats: tr_play_game__answer_to_question 0 0 0 85.237060546875 9.9140625 15.566696509659842 757
stats: tr_index 0 0 0 123.0439453125 5.635986328125 9.04076438913887 757
stats: tr_quizzes_page_INDEX 0 0 0 68.287109375 7.947021484375 12.53891656631814 266
stats: tr_quiz_questions_SHOW 8 7.717376708984375 0.03872668639781376 81.925048828125 7.52001953125 11.007895614161638 2112
# stats: dump at 1448600835
stats: users 0 807
stats: {freemem,"tsung_controller@ip-172-30-3-173"} 1 3090.0703125 0.0 3170.7421875 2942.578125 3089.342041015625 32
stats: {recvpackets,"tsung_controller@ip-172-30-3-173"} 1 148.0 0.0 14228 52 3463.935483870968 31
stats: {sentpackets,"tsung_controller@ip-172-30-3-173"} 1 180.0 0.0 12418 44 2966.967741935484 31
stats: {cpu,"tsung_controller@ip-172-30-3-173"} 1 1.3793103448275863 0.0 25.818882466281313 1.2807881773399015 6.7243511785697 32
stats: {load,"tsung_controller@ip-172-30-3-173"} 1 0.05078125 0.0 0.25 0.01171875 0.0865478515625 32
stats: session 1 117295.9150390625 0.0 122445.08618164063 18.5791015625 31415.763412045086 1914
stats: users_count 0 1915
stats: finish_users_count 1 1915
stats: request 26 7.741905799278844 2.6525049932574216 420.177978515625 3.511962890625 15.738359818105444 21444
stats: connect 1 0.75390625 0.0 111.844970703125 0.469970703125 0.702478210480794 1933
stats: page 17 11.907757927389707 2.922285656764089 420.177978515625 3.511962890625 18.69497549300358 18074
stats: tr_play_game__ready_page 0 0 0 54.51611328125 7.115966796875 10.691659743436261 757
stats: 302 0 1158
stats: tr_question_new_POST 8 4.541229248046875 0.08925706103486435 73.612060546875 4.35009765625 7.0633616321491735 2120
stats: 200 18 18184
stats: tr_quiz_new_POST 1 14.593017578125 0.0 64.2509765625 10.80712890625 15.487387603183961 265
stats: size_rcv 66957 45694570
stats: tr_play_game__leaderboard 0 0 0 76.342041015625 7.77685546875 12.152414702361295 757
stats: newphase 0 6
stats: tr_friend_requests 0 0 0 75.320068359375 7.43505859375 12.743982872596154 195
stats: size_sent 23229 34376831
stats: tr_search_all_users 0 0 0 132.2880859375 52.68701171875 70.30275487535782 262
stats: connected 0 0
stats: tr_friends 0 0 0 97.177978515625 31.18212890625 42.139480669070515 195
stats: 404 8 2128
stats: tr_browse_quizzes_page_1 0 0 0 359.5419921875 3.55712890625 6.7323393723060345 435
stats: tr_play_game__1st_question 0 0 0 90.8681640625 8.382080078125 12.547957991041944 757
stats: tr_play_game__answer_to_question 0 0 0 85.237060546875 9.9140625 15.566696509659842 757
stats: tr_index 0 0 0 123.0439453125 5.635986328125 9.04076438913887 757
stats: tr_quizzes_page_INDEX 0 0 0 68.287109375 7.947021484375 12.53891656631814 266
stats: tr_quiz_questions_SHOW 8 7.816162109375 0.17531727911815018 81.925048828125 7.515869140625 10.995478561689271 2120
# stats: dump at 1448600835
stats: users 0 807
stats: {freemem,"tsung_controller@ip-172-30-3-173"} 0 0 0 3170.7421875 2942.578125 3089.364109848485 33
stats: {recvpackets,"tsung_controller@ip-172-30-3-173"} 0 0 0 14228 52 3360.3125 32
stats: {sentpackets,"tsung_controller@ip-172-30-3-173"} 0 0 0 12418 44 2879.875 32
stats: {cpu,"tsung_controller@ip-172-30-3-173"} 0 0 0 25.818882466281313 1.2807881773399015 6.5623802442138786 33
stats: {load,"tsung_controller@ip-172-30-3-173"} 0 0 0 0.25 0.01171875 0.08546401515151515 33
stats: session 0 0 0 122445.08618164063 18.5791015625 31460.6094442263 1915
stats: users_count 0 1915
stats: finish_users_count 0 1915
stats: request 0 0 0 420.177978515625 3.511962890625 15.728676175604768 21470
stats: connect 0 0 0 111.844970703125 0.469970703125 0.7025048020213933 1934
stats: page 0 0 0 420.177978515625 3.511962890625 18.688597586938936 18091
stats: tr_play_game__ready_page 0 0 0 54.51611328125 7.115966796875 10.691659743436261 757
stats: 302 0 1158
stats: tr_question_new_POST 0 0 0 73.612060546875 4.35009765625 7.05387993145706 2128
stats: 200 0 18184
stats: tr_quiz_new_POST 0 0 0 64.2509765625 10.80712890625 15.484025309856673 266
stats: size_rcv 0 45694570
stats: tr_play_game__leaderboard 0 0 0 76.342041015625 7.77685546875 12.152414702361295 757
stats: newphase 0 6
stats: tr_friend_requests 0 0 0 75.320068359375 7.43505859375 12.743982872596154 195
stats: size_sent 0 34376831
stats: tr_search_all_users 0 0 0 132.2880859375 52.68701171875 70.30275487535782 262
stats: connected 0 0
stats: tr_friends 0 0 0 97.177978515625 31.18212890625 42.139480669070515 195
stats: 404 0 2128
stats: tr_browse_quizzes_page_1 0 0 0 359.5419921875 3.55712890625 6.7323393723060345 435
stats: tr_play_game__1st_question 0 0 0 90.8681640625 8.382080078125 12.547957991041944 757
stats: tr_play_game__answer_to_question 0 0 0 85.237060546875 9.9140625 15.566696509659842 757
stats: tr_index 0 0 0 123.0439453125 5.635986328125 9.04076438913887 757
stats: tr_quizzes_page_INDEX 0 0 0 68.287109375 7.947021484375 12.53891656631814 266
stats: tr_quiz_questions_SHOW 0 0 0 81.925048828125 7.515869140625 10.983526244199368 2128
EndMonitor:{1448,600835,640327}
