
=INFO REPORT==== 27-Nov-2015::05:01:45 ===
    ts_config_server:(5:<0.72.0>) Config server started, logdir is "/home/ec2-user/.tsung/log/20151127-0501"
 
=INFO REPORT==== 27-Nov-2015::05:01:45 ===
              ts_mon:(5:<0.54.0>) starting monitor, global 

=INFO REPORT==== 27-Nov-2015::05:01:45 ===
           ts_config:(5:<0.72.0>) Reading config file: simple.xml

=INFO REPORT==== 27-Nov-2015::05:01:45 ===
      ts_config_http:(4:<0.72.0>) Get user agent: 100 "Mozilla/5.0 (Windows; U; Windows NT 5.2; fr-FR; rv:1.7.8) Gecko/20050511 Firefox/1.0.4" 

=INFO REPORT==== 27-Nov-2015::05:01:45 ===
           ts_config:(5:<0.72.0>) Session name for id 1 is "create-quiz"

=INFO REPORT==== 27-Nov-2015::05:01:45 ===
           ts_config:(5:<0.72.0>) Session name for id 2 is "play-game"

=INFO REPORT==== 27-Nov-2015::05:01:45 ===
           ts_config:(5:<0.72.0>) Session name for id 3 is "browse-quizzes"

=INFO REPORT==== 27-Nov-2015::05:01:45 ===
           ts_config:(5:<0.72.0>) Session name for id 4 is "search-all-friends"

=INFO REPORT==== 27-Nov-2015::05:01:45 ===
           ts_config:(5:<0.72.0>) Session name for id 5 is "see-friend-requests-and-look-at-friends"

=INFO REPORT==== 27-Nov-2015::05:01:45 ===
    ts_config_server:(4:<0.72.0>) SYSINFO:Tsung version: 1.6.0

=INFO REPORT==== 27-Nov-2015::05:01:45 ===
    ts_config_server:(4:<0.72.0>) SYSINFO:Erlang version: Erlang R14B04 (erts-5.8.5) [source] [64-bit] [rq:1] [async-threads:8] [kernel-poll:true]


=INFO REPORT==== 27-Nov-2015::05:01:45 ===
    ts_config_server:(4:<0.72.0>) SYSINFO:System architecture x86_64-redhat-linux-gnu

=INFO REPORT==== 27-Nov-2015::05:01:45 ===
    ts_config_server:(4:<0.72.0>) SYSINFO:Current path: /usr/lib/erlang/lib/tsung-1.6.0/ebin/tsung.beam

=INFO REPORT==== 27-Nov-2015::05:01:45 ===
              ts_mon:(5:<0.73.0>) Activate clients with text backend

=INFO REPORT==== 27-Nov-2015::05:01:45 ===
              ts_mon:(5:<0.73.0>) Starting tsung clients on hosts: [localhost]

=INFO REPORT==== 27-Nov-2015::05:01:45 ===
    ts_config_server:(5:<0.72.0>) Start a launcher on the controller beam localhost

=INFO REPORT==== 27-Nov-2015::05:01:45 ===
  ts_launcher_static:(5:<0.128.0>) Launch msg receive ("localhost")

=INFO REPORT==== 27-Nov-2015::05:01:45 ===
         ts_launcher:(5:<0.129.0>) Launch msg receive ("localhost")

=INFO REPORT==== 27-Nov-2015::05:01:45 ===
    ts_config_server:(5:<0.72.0>) All remote beams started, syncing 

=INFO REPORT==== 27-Nov-2015::05:01:45 ===
    ts_config_server:(5:<0.72.0>) Undefined ports_range config 

=INFO REPORT==== 27-Nov-2015::05:01:45 ===
    ts_config_server:(5:<0.72.0>) New arrival phase 1 for client "localhost" (last ? true): will start 30 users

=INFO REPORT==== 27-Nov-2015::05:01:45 ===
    ts_config_server:(5:<0.72.0>) New arrival phase 2 for client "localhost" (last ? true): will start 45 users

=INFO REPORT==== 27-Nov-2015::05:01:45 ===
    ts_config_server:(5:<0.72.0>) New arrival phase 3 for client "localhost" (last ? true): will start 60 users

=INFO REPORT==== 27-Nov-2015::05:01:45 ===
    ts_config_server:(5:<0.72.0>) New arrival phase 4 for client "localhost" (last ? true): will start 120 users

=INFO REPORT==== 27-Nov-2015::05:01:45 ===
    ts_config_server:(5:<0.72.0>) New arrival phase 5 for client "localhost" (last ? true): will start 240 users

=INFO REPORT==== 27-Nov-2015::05:01:45 ===
    ts_config_server:(5:<0.72.0>) New arrival phase 6 for client "localhost" (last ? true): will start 480 users

=INFO REPORT==== 27-Nov-2015::05:01:45 ===
    ts_config_server:(5:<0.72.0>) New arrival phase 7 for client "localhost" (last ? true): will start 960 users

=INFO REPORT==== 27-Nov-2015::05:01:45 ===
         ts_launcher:(5:<0.129.0>) Expected duration of first phase: 30.0 sec (30 users) 

=INFO REPORT==== 27-Nov-2015::05:01:46 ===
         ts_launcher:(5:<0.129.0>) Activate launcher (30 users) in 2163 msec 

=INFO REPORT==== 27-Nov-2015::05:02:04 ===
           ts_search:(5:<0.161.0>) Dyn Var: no Match (varname=quiz_author), 

=INFO REPORT==== 27-Nov-2015::05:02:08 ===
         ts_launcher:(4:<0.129.0>) Need to wait 9.525 sec before changing phase, going to sleep

=INFO REPORT==== 27-Nov-2015::05:02:11 ===
           ts_search:(5:<0.155.0>) Dyn Var: no Match (varname=quiz_author), 

=INFO REPORT==== 27-Nov-2015::05:02:15 ===
           ts_search:(5:<0.155.0>) Dyn Var (RE): no Match (varname=created_quiz_id), 

=INFO REPORT==== 27-Nov-2015::05:02:18 ===
         ts_launcher:(5:<0.129.0>) Waking up

=INFO REPORT==== 27-Nov-2015::05:02:18 ===
         ts_launcher:(5:<0.129.0>) Start a new arrival phase (45 users, 0.0015); expected duration=30.0 sec

=INFO REPORT==== 27-Nov-2015::05:02:23 ===
           ts_search:(5:<0.163.0>) Dyn Var: no Match (varname=quiz_author), 

=INFO REPORT==== 27-Nov-2015::05:02:30 ===
           ts_search:(5:<0.161.0>) Dyn Var (RE): no Match (varname=created_quiz_id), 

=INFO REPORT==== 27-Nov-2015::05:02:32 ===
           ts_search:(5:<0.193.0>) Dyn Var: no Match (varname=quiz_author), 

=INFO REPORT==== 27-Nov-2015::05:02:33 ===
           ts_search:(5:<0.191.0>) Dyn Var: no Match (varname=quiz_author), 

=INFO REPORT==== 27-Nov-2015::05:02:34 ===
           ts_search:(5:<0.193.0>) Dyn Var (RE): no Match (varname=created_quiz_id), 

=INFO REPORT==== 27-Nov-2015::05:02:38 ===
           ts_search:(5:<0.191.0>) Dyn Var (RE): no Match (varname=created_quiz_id), 

=INFO REPORT==== 27-Nov-2015::05:02:41 ===
           ts_search:(5:<0.216.0>) Dyn Var: no Match (varname=quiz_author), 

=INFO REPORT==== 27-Nov-2015::05:02:45 ===
           ts_search:(5:<0.200.0>) Dyn Var: no Match (varname=quiz_author), 

=INFO REPORT==== 27-Nov-2015::05:02:47 ===
           ts_search:(5:<0.197.0>) Dyn Var: no Match (varname=quiz_author), 

=INFO REPORT==== 27-Nov-2015::05:02:49 ===
           ts_search:(5:<0.207.0>) Dyn Var: no Match (varname=quiz_author), 

=INFO REPORT==== 27-Nov-2015::05:02:49 ===
           ts_search:(5:<0.143.0>) Dyn Var: no Match (varname=quiz_author), 

=INFO REPORT==== 27-Nov-2015::05:02:49 ===
         ts_launcher:(5:<0.129.0>) Start a new arrival phase (60 users, 0.002); expected duration=30.0 sec

=INFO REPORT==== 27-Nov-2015::05:02:53 ===
           ts_search:(5:<0.221.0>) Dyn Var: no Match (varname=quiz_author), 

=INFO REPORT==== 27-Nov-2015::05:02:53 ===
           ts_search:(5:<0.221.0>) Dyn Var (RE): no Match (varname=created_quiz_id), 

=INFO REPORT==== 27-Nov-2015::05:02:57 ===
           ts_search:(5:<0.200.0>) Dyn Var (RE): no Match (varname=created_quiz_id), 

=INFO REPORT==== 27-Nov-2015::05:03:02 ===
           ts_search:(5:<0.197.0>) Dyn Var (RE): no Match (varname=created_quiz_id), 

=INFO REPORT==== 27-Nov-2015::05:03:03 ===
           ts_search:(5:<0.249.0>) Dyn Var: no Match (varname=quiz_author), 

=INFO REPORT==== 27-Nov-2015::05:03:07 ===
           ts_search:(5:<0.219.0>) Dyn Var: no Match (varname=quiz_author), 

=INFO REPORT==== 27-Nov-2015::05:03:09 ===
           ts_search:(5:<0.163.0>) Dyn Var (RE): no Match (varname=created_quiz_id), 

=INFO REPORT==== 27-Nov-2015::05:03:17 ===
         ts_launcher:(4:<0.129.0>) Need to wait 1.929 sec before changing phase, going to sleep

=INFO REPORT==== 27-Nov-2015::05:03:18 ===
           ts_search:(5:<0.277.0>) Dyn Var: no Match (varname=quiz_author), 

=INFO REPORT==== 27-Nov-2015::05:03:18 ===
           ts_search:(5:<0.216.0>) Dyn Var (RE): no Match (varname=created_quiz_id), 

=INFO REPORT==== 27-Nov-2015::05:03:19 ===
         ts_launcher:(5:<0.129.0>) Waking up

=INFO REPORT==== 27-Nov-2015::05:03:19 ===
         ts_launcher:(5:<0.129.0>) Start a new arrival phase (120 users, 0.004); expected duration=30.0 sec

=INFO REPORT==== 27-Nov-2015::05:03:20 ===
           ts_search:(5:<0.259.0>) Dyn Var: no Match (varname=quiz_author), 

=INFO REPORT==== 27-Nov-2015::05:03:20 ===
           ts_search:(5:<0.219.0>) Dyn Var (RE): no Match (varname=created_quiz_id), 

=INFO REPORT==== 27-Nov-2015::05:03:22 ===
           ts_search:(5:<0.249.0>) Dyn Var (RE): no Match (varname=created_quiz_id), 

=INFO REPORT==== 27-Nov-2015::05:03:29 ===
           ts_search:(5:<0.308.0>) Dyn Var: no Match (varname=quiz_author), 

=INFO REPORT==== 27-Nov-2015::05:03:30 ===
           ts_search:(5:<0.295.0>) Dyn Var: no Match (varname=quiz_author), 

=INFO REPORT==== 27-Nov-2015::05:03:31 ===
           ts_search:(5:<0.305.0>) Dyn Var: no Match (varname=quiz_author), 

=INFO REPORT==== 27-Nov-2015::05:03:32 ===
           ts_search:(5:<0.250.0>) Dyn Var: no Match (varname=quiz_author), 

=INFO REPORT==== 27-Nov-2015::05:03:35 ===
           ts_search:(5:<0.207.0>) Dyn Var (RE): no Match (varname=created_quiz_id), 

=INFO REPORT==== 27-Nov-2015::05:03:36 ===
           ts_search:(5:<0.277.0>) Dyn Var (RE): no Match (varname=created_quiz_id), 

=INFO REPORT==== 27-Nov-2015::05:03:36 ===
           ts_search:(5:<0.305.0>) Dyn Var (RE): no Match (varname=created_quiz_id), 

=INFO REPORT==== 27-Nov-2015::05:03:38 ===
           ts_search:(5:<0.325.0>) Dyn Var: no Match (varname=quiz_author), 

=INFO REPORT==== 27-Nov-2015::05:03:38 ===
           ts_search:(5:<0.346.0>) Dyn Var: no Match (varname=quiz_author), 

=INFO REPORT==== 27-Nov-2015::05:03:40 ===
           ts_search:(5:<0.295.0>) Dyn Var (RE): no Match (varname=created_quiz_id), 

=INFO REPORT==== 27-Nov-2015::05:03:41 ===
           ts_search:(5:<0.271.0>) Dyn Var: no Match (varname=quiz_author), 

=INFO REPORT==== 27-Nov-2015::05:03:43 ===
           ts_search:(5:<0.250.0>) Dyn Var (RE): no Match (varname=created_quiz_id), 

=INFO REPORT==== 27-Nov-2015::05:03:44 ===
           ts_search:(5:<0.350.0>) Dyn Var: no Match (varname=quiz_author), 

=INFO REPORT==== 27-Nov-2015::05:03:44 ===
           ts_search:(5:<0.346.0>) Dyn Var (RE): no Match (varname=created_quiz_id), 

=INFO REPORT==== 27-Nov-2015::05:03:46 ===
           ts_search:(5:<0.143.0>) Dyn Var (RE): no Match (varname=created_quiz_id), 

=INFO REPORT==== 27-Nov-2015::05:03:46 ===
           ts_search:(5:<0.359.0>) Dyn Var: no Match (varname=quiz_author), 

=INFO REPORT==== 27-Nov-2015::05:03:47 ===
           ts_search:(5:<0.351.0>) Dyn Var: no Match (varname=quiz_author), 

=INFO REPORT==== 27-Nov-2015::05:03:47 ===
         ts_launcher:(4:<0.129.0>) Need to wait 2.212 sec before changing phase, going to sleep

=INFO REPORT==== 27-Nov-2015::05:03:47 ===
           ts_search:(5:<0.363.0>) Dyn Var: no Match (varname=quiz_author), 

=INFO REPORT==== 27-Nov-2015::05:03:49 ===
           ts_search:(5:<0.385.0>) Dyn Var: no Match (varname=quiz_author), 

=INFO REPORT==== 27-Nov-2015::05:03:49 ===
         ts_launcher:(5:<0.129.0>) Waking up

=INFO REPORT==== 27-Nov-2015::05:03:49 ===
         ts_launcher:(5:<0.129.0>) Start a new arrival phase (240 users, 0.008); expected duration=30.0 sec

=INFO REPORT==== 27-Nov-2015::05:03:51 ===
           ts_search:(5:<0.292.0>) Dyn Var: no Match (varname=quiz_author), 

=INFO REPORT==== 27-Nov-2015::05:03:51 ===
           ts_search:(5:<0.363.0>) Dyn Var (RE): no Match (varname=created_quiz_id), 

=INFO REPORT==== 27-Nov-2015::05:03:52 ===
           ts_search:(5:<0.271.0>) Dyn Var (RE): no Match (varname=created_quiz_id), 

=INFO REPORT==== 27-Nov-2015::05:03:53 ===
           ts_search:(5:<0.292.0>) Dyn Var (RE): no Match (varname=created_quiz_id), 

=INFO REPORT==== 27-Nov-2015::05:03:54 ===
           ts_search:(5:<0.379.0>) Dyn Var: no Match (varname=quiz_author), 

=INFO REPORT==== 27-Nov-2015::05:03:55 ===
           ts_search:(5:<0.308.0>) Dyn Var (RE): no Match (varname=created_quiz_id), 

=INFO REPORT==== 27-Nov-2015::05:03:55 ===
           ts_search:(5:<0.259.0>) Dyn Var (RE): no Match (varname=created_quiz_id), 

=INFO REPORT==== 27-Nov-2015::05:03:55 ===
           ts_search:(5:<0.393.0>) Dyn Var: no Match (varname=quiz_author), 

=INFO REPORT==== 27-Nov-2015::05:03:56 ===
           ts_search:(5:<0.378.0>) Dyn Var: no Match (varname=quiz_author), 

=INFO REPORT==== 27-Nov-2015::05:03:56 ===
           ts_search:(5:<0.385.0>) Dyn Var (RE): no Match (varname=created_quiz_id), 

=INFO REPORT==== 27-Nov-2015::05:04:02 ===
           ts_search:(5:<0.438.0>) Dyn Var: no Match (varname=quiz_author), 

=INFO REPORT==== 27-Nov-2015::05:04:02 ===
           ts_search:(5:<0.381.0>) Dyn Var: no Match (varname=quiz_author), 

=INFO REPORT==== 27-Nov-2015::05:04:02 ===
           ts_search:(5:<0.325.0>) Dyn Var (RE): no Match (varname=created_quiz_id), 

=INFO REPORT==== 27-Nov-2015::05:04:03 ===
           ts_search:(5:<0.421.0>) Dyn Var: no Match (varname=quiz_author), 

=INFO REPORT==== 27-Nov-2015::05:04:04 ===
           ts_search:(5:<0.414.0>) Dyn Var: no Match (varname=quiz_author), 

=INFO REPORT==== 27-Nov-2015::05:04:04 ===
           ts_search:(5:<0.429.0>) Dyn Var: no Match (varname=quiz_author), 

=INFO REPORT==== 27-Nov-2015::05:04:05 ===
           ts_search:(5:<0.451.0>) Dyn Var: no Match (varname=quiz_author), 

=INFO REPORT==== 27-Nov-2015::05:04:06 ===
           ts_search:(5:<0.423.0>) Dyn Var: no Match (varname=quiz_author), 

=INFO REPORT==== 27-Nov-2015::05:04:06 ===
           ts_search:(5:<0.429.0>) Dyn Var (RE): no Match (varname=created_quiz_id), 

=INFO REPORT==== 27-Nov-2015::05:04:06 ===
           ts_search:(5:<0.513.0>) Dyn Var: no Match (varname=quiz_author), 

=INFO REPORT==== 27-Nov-2015::05:04:07 ===
           ts_search:(5:<0.511.0>) Dyn Var: no Match (varname=quiz_author), 

=INFO REPORT==== 27-Nov-2015::05:04:08 ===
           ts_search:(5:<0.464.0>) Dyn Var: no Match (varname=quiz_author), 

=INFO REPORT==== 27-Nov-2015::05:04:08 ===
           ts_search:(5:<0.438.0>) Dyn Var (RE): no Match (varname=created_quiz_id), 

=INFO REPORT==== 27-Nov-2015::05:04:08 ===
           ts_search:(5:<0.352.0>) Dyn Var: no Match (varname=quiz_author), 

=INFO REPORT==== 27-Nov-2015::05:04:08 ===
           ts_search:(5:<0.352.0>) Dyn Var (RE): no Match (varname=created_quiz_id), 

=INFO REPORT==== 27-Nov-2015::05:04:09 ===
           ts_search:(5:<0.372.0>) Dyn Var: no Match (varname=quiz_author), 

=INFO REPORT==== 27-Nov-2015::05:04:11 ===
           ts_search:(5:<0.456.0>) Dyn Var: no Match (varname=quiz_author), 

=INFO REPORT==== 27-Nov-2015::05:04:12 ===
           ts_search:(5:<0.378.0>) Dyn Var (RE): no Match (varname=created_quiz_id), 

=INFO REPORT==== 27-Nov-2015::05:04:12 ===
           ts_search:(5:<0.511.0>) Dyn Var (RE): no Match (varname=created_quiz_id), 

=INFO REPORT==== 27-Nov-2015::05:04:12 ===
           ts_search:(5:<0.456.0>) Dyn Var (RE): no Match (varname=created_quiz_id), 

=INFO REPORT==== 27-Nov-2015::05:04:13 ===
           ts_search:(5:<0.571.0>) Dyn Var: no Match (varname=quiz_author), 

=INFO REPORT==== 27-Nov-2015::05:04:15 ===
           ts_search:(5:<0.568.0>) Dyn Var: no Match (varname=quiz_author), 

=INFO REPORT==== 27-Nov-2015::05:04:16 ===
           ts_search:(5:<0.351.0>) Dyn Var (RE): no Match (varname=created_quiz_id), 

=INFO REPORT==== 27-Nov-2015::05:04:16 ===
           ts_search:(5:<0.449.0>) Dyn Var: no Match (varname=quiz_author), 

=INFO REPORT==== 27-Nov-2015::05:04:16 ===
           ts_search:(5:<0.497.0>) Dyn Var: no Match (varname=quiz_author), 

=INFO REPORT==== 27-Nov-2015::05:04:16 ===
           ts_search:(5:<0.379.0>) Dyn Var (RE): no Match (varname=created_quiz_id), 

=INFO REPORT==== 27-Nov-2015::05:04:18 ===
           ts_search:(5:<0.441.0>) Dyn Var: no Match (varname=quiz_author), 

=INFO REPORT==== 27-Nov-2015::05:04:18 ===
           ts_search:(5:<0.335.0>) Dyn Var: no Match (varname=quiz_author), 

=INFO REPORT==== 27-Nov-2015::05:04:19 ===
           ts_search:(5:<0.628.0>) Dyn Var: no Match (varname=quiz_author), 

=INFO REPORT==== 27-Nov-2015::05:04:19 ===
           ts_search:(5:<0.450.0>) Dyn Var: no Match (varname=quiz_author), 

=INFO REPORT==== 27-Nov-2015::05:04:19 ===
           ts_search:(5:<0.513.0>) Dyn Var (RE): no Match (varname=created_quiz_id), 

=INFO REPORT==== 27-Nov-2015::05:04:19 ===
         ts_launcher:(5:<0.129.0>) Phase duration exceeded, but not all users were launched (6 users, 2.5% of phase)

=INFO REPORT==== 27-Nov-2015::05:04:19 ===
         ts_launcher:(5:<0.129.0>) Start a new arrival phase (480 users, 0.016); expected duration=30.0 sec

=INFO REPORT==== 27-Nov-2015::05:04:20 ===
           ts_search:(5:<0.564.0>) Dyn Var: no Match (varname=quiz_author), 

=INFO REPORT==== 27-Nov-2015::05:04:21 ===
           ts_search:(5:<0.441.0>) Dyn Var (RE): no Match (varname=created_quiz_id), 

=INFO REPORT==== 27-Nov-2015::05:04:21 ===
           ts_search:(5:<0.335.0>) Dyn Var (RE): no Match (varname=created_quiz_id), 

=INFO REPORT==== 27-Nov-2015::05:04:21 ===
           ts_search:(5:<0.572.0>) Dyn Var: no Match (varname=quiz_author), 

=INFO REPORT==== 27-Nov-2015::05:04:23 ===
           ts_search:(5:<0.454.0>) Dyn Var: no Match (varname=quiz_author), 

=INFO REPORT==== 27-Nov-2015::05:04:23 ===
           ts_search:(5:<0.462.0>) Dyn Var: no Match (varname=quiz_author), 

=INFO REPORT==== 27-Nov-2015::05:04:23 ===
           ts_search:(5:<0.393.0>) Dyn Var (RE): no Match (varname=created_quiz_id), 

=INFO REPORT==== 27-Nov-2015::05:04:24 ===
           ts_search:(5:<0.387.0>) Dyn Var: no Match (varname=quiz_author), 

=INFO REPORT==== 27-Nov-2015::05:04:24 ===
           ts_search:(5:<0.599.0>) Dyn Var: no Match (varname=quiz_author), 

=INFO REPORT==== 27-Nov-2015::05:04:24 ===
           ts_search:(5:<0.421.0>) Dyn Var (RE): no Match (varname=created_quiz_id), 

=INFO REPORT==== 27-Nov-2015::05:04:25 ===
           ts_search:(5:<0.350.0>) Dyn Var (RE): no Match (varname=created_quiz_id), 

=INFO REPORT==== 27-Nov-2015::05:04:25 ===
           ts_search:(5:<0.494.0>) Dyn Var: no Match (varname=quiz_author), 

=INFO REPORT==== 27-Nov-2015::05:04:25 ===
           ts_search:(5:<0.372.0>) Dyn Var (RE): no Match (varname=created_quiz_id), 

=INFO REPORT==== 27-Nov-2015::05:04:26 ===
           ts_search:(5:<0.454.0>) Dyn Var (RE): no Match (varname=created_quiz_id), 

=INFO REPORT==== 27-Nov-2015::05:04:27 ===
           ts_search:(5:<0.462.0>) Dyn Var (RE): no Match (varname=created_quiz_id), 

=INFO REPORT==== 27-Nov-2015::05:04:27 ===
           ts_search:(5:<0.596.0>) Dyn Var: no Match (varname=quiz_author), 

=INFO REPORT==== 27-Nov-2015::05:04:27 ===
           ts_search:(5:<0.559.0>) Dyn Var: no Match (varname=quiz_author), 

=INFO REPORT==== 27-Nov-2015::05:04:28 ===
           ts_search:(5:<0.757.0>) Dyn Var: no Match (varname=quiz_author), 

=INFO REPORT==== 27-Nov-2015::05:04:29 ===
           ts_search:(5:<0.359.0>) Dyn Var (RE): no Match (varname=created_quiz_id), 

=INFO REPORT==== 27-Nov-2015::05:04:30 ===
           ts_search:(5:<0.599.0>) Dyn Var (RE): no Match (varname=created_quiz_id), 

=INFO REPORT==== 27-Nov-2015::05:04:30 ===
           ts_search:(5:<0.494.0>) Dyn Var (RE): no Match (varname=created_quiz_id), 

=INFO REPORT==== 27-Nov-2015::05:04:31 ===
           ts_search:(5:<0.572.0>) Dyn Var (RE): no Match (varname=created_quiz_id), 

=INFO REPORT==== 27-Nov-2015::05:04:31 ===
           ts_search:(5:<0.800.0>) Dyn Var: no Match (varname=quiz_author), 

=INFO REPORT==== 27-Nov-2015::05:04:32 ===
           ts_search:(5:<0.800.0>) Dyn Var (RE): no Match (varname=created_quiz_id), 

=INFO REPORT==== 27-Nov-2015::05:04:32 ===
           ts_search:(5:<0.464.0>) Dyn Var (RE): no Match (varname=created_quiz_id), 

=INFO REPORT==== 27-Nov-2015::05:04:32 ===
           ts_search:(5:<0.666.0>) Dyn Var: no Match (varname=quiz_author), 

=INFO REPORT==== 27-Nov-2015::05:04:33 ===
           ts_search:(5:<0.493.0>) Dyn Var: no Match (varname=quiz_author), 

=INFO REPORT==== 27-Nov-2015::05:04:33 ===
           ts_search:(5:<0.757.0>) Dyn Var (RE): no Match (varname=created_quiz_id), 

=INFO REPORT==== 27-Nov-2015::05:04:34 ===
           ts_search:(5:<0.824.0>) Dyn Var: no Match (varname=quiz_author), 

=INFO REPORT==== 27-Nov-2015::05:04:35 ===
           ts_search:(5:<0.387.0>) Dyn Var (RE): no Match (varname=created_quiz_id), 

=INFO REPORT==== 27-Nov-2015::05:04:35 ===
           ts_search:(5:<0.632.0>) Dyn Var: no Match (varname=quiz_author), 

=INFO REPORT==== 27-Nov-2015::05:04:35 ===
           ts_search:(5:<0.450.0>) Dyn Var (RE): no Match (varname=created_quiz_id), 

=INFO REPORT==== 27-Nov-2015::05:04:35 ===
           ts_search:(5:<0.788.0>) Dyn Var: no Match (varname=quiz_author), 

=INFO REPORT==== 27-Nov-2015::05:04:36 ===
           ts_search:(5:<0.694.0>) Dyn Var: no Match (varname=quiz_author), 

=INFO REPORT==== 27-Nov-2015::05:04:36 ===
           ts_search:(5:<0.666.0>) Dyn Var (RE): no Match (varname=created_quiz_id), 

=INFO REPORT==== 27-Nov-2015::05:04:36 ===
           ts_search:(5:<0.449.0>) Dyn Var (RE): no Match (varname=created_quiz_id), 

=INFO REPORT==== 27-Nov-2015::05:04:36 ===
           ts_search:(5:<0.803.0>) Dyn Var: no Match (varname=quiz_author), 

=INFO REPORT==== 27-Nov-2015::05:04:37 ===
           ts_search:(5:<0.673.0>) Dyn Var: no Match (varname=quiz_author), 

=INFO REPORT==== 27-Nov-2015::05:04:37 ===
           ts_search:(5:<0.824.0>) Dyn Var (RE): no Match (varname=created_quiz_id), 

=INFO REPORT==== 27-Nov-2015::05:04:37 ===
           ts_search:(5:<0.564.0>) Dyn Var (RE): no Match (varname=created_quiz_id), 

=INFO REPORT==== 27-Nov-2015::05:04:37 ===
           ts_search:(5:<0.493.0>) Dyn Var (RE): no Match (varname=created_quiz_id), 

=INFO REPORT==== 27-Nov-2015::05:04:37 ===
           ts_search:(5:<0.759.0>) Dyn Var: no Match (varname=quiz_author), 

=INFO REPORT==== 27-Nov-2015::05:04:37 ===
           ts_search:(5:<0.632.0>) Dyn Var (RE): no Match (varname=created_quiz_id), 

=INFO REPORT==== 27-Nov-2015::05:04:38 ===
           ts_search:(5:<0.423.0>) Dyn Var (RE): no Match (varname=created_quiz_id), 

=INFO REPORT==== 27-Nov-2015::05:04:38 ===
           ts_search:(5:<0.543.0>) Dyn Var: no Match (varname=quiz_author), 

=INFO REPORT==== 27-Nov-2015::05:04:39 ===
           ts_search:(5:<0.474.0>) Dyn Var: no Match (varname=quiz_author), 

=INFO REPORT==== 27-Nov-2015::05:04:39 ===
           ts_search:(5:<0.803.0>) Dyn Var (RE): no Match (varname=created_quiz_id), 

=INFO REPORT==== 27-Nov-2015::05:04:40 ===
           ts_search:(5:<0.691.0>) Dyn Var: no Match (varname=quiz_author), 

=INFO REPORT==== 27-Nov-2015::05:04:40 ===
           ts_search:(5:<0.414.0>) Dyn Var (RE): no Match (varname=created_quiz_id), 

=INFO REPORT==== 27-Nov-2015::05:04:40 ===
           ts_search:(5:<0.381.0>) Dyn Var (RE): no Match (varname=created_quiz_id), 

=INFO REPORT==== 27-Nov-2015::05:04:40 ===
           ts_search:(5:<0.568.0>) Dyn Var (RE): no Match (varname=created_quiz_id), 

=INFO REPORT==== 27-Nov-2015::05:04:41 ===
           ts_search:(5:<0.811.0>) Dyn Var: no Match (varname=quiz_author), 

=INFO REPORT==== 27-Nov-2015::05:04:41 ===
           ts_search:(5:<0.624.0>) Dyn Var: no Match (varname=quiz_author), 

=INFO REPORT==== 27-Nov-2015::05:04:42 ===
           ts_search:(5:<0.811.0>) Dyn Var (RE): no Match (varname=created_quiz_id), 

=INFO REPORT==== 27-Nov-2015::05:04:43 ===
           ts_search:(5:<0.764.0>) Dyn Var: no Match (varname=quiz_author), 

=INFO REPORT==== 27-Nov-2015::05:04:44 ===
           ts_search:(5:<0.691.0>) Dyn Var (RE): no Match (varname=created_quiz_id), 

=INFO REPORT==== 27-Nov-2015::05:04:45 ===
           ts_search:(5:<0.543.0>) Dyn Var (RE): no Match (varname=created_quiz_id), 

=INFO REPORT==== 27-Nov-2015::05:04:45 ===
           ts_search:(5:<0.699.0>) Dyn Var: no Match (varname=quiz_author), 

=INFO REPORT==== 27-Nov-2015::05:04:45 ===
           ts_search:(5:<0.900.0>) Dyn Var: no Match (varname=quiz_author), 

=INFO REPORT==== 27-Nov-2015::05:04:45 ===
           ts_search:(5:<0.571.0>) Dyn Var (RE): no Match (varname=created_quiz_id), 

=INFO REPORT==== 27-Nov-2015::05:04:45 ===
           ts_search:(5:<0.624.0>) Dyn Var (RE): no Match (varname=created_quiz_id), 

=INFO REPORT==== 27-Nov-2015::05:04:45 ===
           ts_search:(5:<0.880.0>) Dyn Var: no Match (varname=quiz_author), 

=INFO REPORT==== 27-Nov-2015::05:04:45 ===
           ts_search:(5:<0.654.0>) Dyn Var: no Match (varname=quiz_author), 

=INFO REPORT==== 27-Nov-2015::05:04:46 ===
           ts_search:(5:<0.533.0>) Dyn Var: no Match (varname=quiz_author), 

=INFO REPORT==== 27-Nov-2015::05:04:46 ===
           ts_search:(5:<0.588.0>) Dyn Var: no Match (varname=quiz_author), 

=INFO REPORT==== 27-Nov-2015::05:04:46 ===
           ts_search:(5:<0.728.0>) Dyn Var: no Match (varname=quiz_author), 

=INFO REPORT==== 27-Nov-2015::05:04:46 ===
           ts_search:(5:<0.868.0>) Dyn Var: no Match (varname=quiz_author), 

=INFO REPORT==== 27-Nov-2015::05:04:46 ===
           ts_search:(5:<0.451.0>) Dyn Var (RE): no Match (varname=created_quiz_id), 

=INFO REPORT==== 27-Nov-2015::05:04:47 ===
           ts_search:(5:<0.588.0>) Dyn Var (RE): no Match (varname=created_quiz_id), 

=INFO REPORT==== 27-Nov-2015::05:04:48 ===
           ts_search:(5:<0.628.0>) Dyn Var (RE): no Match (varname=created_quiz_id), 

=INFO REPORT==== 27-Nov-2015::05:04:48 ===
           ts_search:(5:<0.1000.0>) Dyn Var: no Match (varname=quiz_author), 

=INFO REPORT==== 27-Nov-2015::05:04:49 ===
           ts_search:(5:<0.820.0>) Dyn Var: no Match (varname=quiz_author), 

=INFO REPORT==== 27-Nov-2015::05:04:49 ===
           ts_search:(5:<0.965.0>) Dyn Var: no Match (varname=quiz_author), 

=INFO REPORT==== 27-Nov-2015::05:04:49 ===
           ts_search:(5:<0.965.0>) Dyn Var (RE): no Match (varname=created_quiz_id), 

=INFO REPORT==== 27-Nov-2015::05:04:50 ===
           ts_search:(5:<0.474.0>) Dyn Var (RE): no Match (varname=created_quiz_id), 

=INFO REPORT==== 27-Nov-2015::05:04:50 ===
         ts_launcher:(5:<0.129.0>) Phase duration exceeded, but not all users were launched (6 users, 1.3% of phase)

=INFO REPORT==== 27-Nov-2015::05:04:50 ===
         ts_launcher:(5:<0.129.0>) Start a new arrival phase (960 users, 0.032); expected duration=30.0 sec

=INFO REPORT==== 27-Nov-2015::05:04:50 ===
           ts_search:(5:<0.735.0>) Dyn Var: no Match (varname=quiz_author), 

=INFO REPORT==== 27-Nov-2015::05:04:50 ===
           ts_search:(5:<0.693.0>) Dyn Var: no Match (varname=quiz_author), 

=INFO REPORT==== 27-Nov-2015::05:04:50 ===
           ts_search:(5:<0.820.0>) Dyn Var (RE): no Match (varname=created_quiz_id), 

=INFO REPORT==== 27-Nov-2015::05:04:50 ===
           ts_search:(5:<0.693.0>) Dyn Var (RE): no Match (varname=created_quiz_id), 

=INFO REPORT==== 27-Nov-2015::05:04:50 ===
           ts_search:(5:<0.612.0>) Dyn Var: no Match (varname=quiz_author), 

=INFO REPORT==== 27-Nov-2015::05:04:50 ===
           ts_search:(5:<0.914.0>) Dyn Var: no Match (varname=quiz_author), 

=INFO REPORT==== 27-Nov-2015::05:04:51 ===
           ts_search:(5:<0.993.0>) Dyn Var: no Match (varname=quiz_author), 

=INFO REPORT==== 27-Nov-2015::05:04:51 ===
           ts_search:(5:<0.673.0>) Dyn Var (RE): no Match (varname=created_quiz_id), 

=INFO REPORT==== 27-Nov-2015::05:04:51 ===
           ts_search:(5:<0.839.0>) Dyn Var: no Match (varname=quiz_author), 

=INFO REPORT==== 27-Nov-2015::05:04:51 ===
           ts_search:(5:<0.950.0>) Dyn Var: no Match (varname=quiz_author), 

=INFO REPORT==== 27-Nov-2015::05:04:52 ===
           ts_search:(5:<0.771.0>) Dyn Var: no Match (varname=quiz_author), 

=INFO REPORT==== 27-Nov-2015::05:04:52 ===
           ts_search:(5:<0.658.0>) Dyn Var: no Match (varname=quiz_author), 

=INFO REPORT==== 27-Nov-2015::05:04:52 ===
           ts_search:(5:<0.993.0>) Dyn Var (RE): no Match (varname=created_quiz_id), 

=INFO REPORT==== 27-Nov-2015::05:04:52 ===
           ts_search:(5:<0.718.0>) Dyn Var: no Match (varname=quiz_author), 

=INFO REPORT==== 27-Nov-2015::05:04:52 ===
           ts_search:(5:<0.694.0>) Dyn Var (RE): no Match (varname=created_quiz_id), 

=INFO REPORT==== 27-Nov-2015::05:04:53 ===
           ts_search:(5:<0.735.0>) Dyn Var (RE): no Match (varname=created_quiz_id), 

=INFO REPORT==== 27-Nov-2015::05:04:54 ===
           ts_search:(5:<0.497.0>) Dyn Var (RE): no Match (varname=created_quiz_id), 

=INFO REPORT==== 27-Nov-2015::05:04:54 ===
           ts_search:(5:<0.704.0>) Dyn Var: no Match (varname=quiz_author), 

=INFO REPORT==== 27-Nov-2015::05:04:54 ===
           ts_search:(5:<0.705.0>) Dyn Var: no Match (varname=quiz_author), 

=INFO REPORT==== 27-Nov-2015::05:04:55 ===
           ts_search:(5:<0.1072.0>) Dyn Var: no Match (varname=quiz_author), 

=INFO REPORT==== 27-Nov-2015::05:04:55 ===
           ts_search:(5:<0.826.0>) Dyn Var: no Match (varname=quiz_author), 

=INFO REPORT==== 27-Nov-2015::05:04:55 ===
           ts_search:(5:<0.612.0>) Dyn Var (RE): no Match (varname=created_quiz_id), 

=INFO REPORT==== 27-Nov-2015::05:04:55 ===
           ts_search:(5:<0.950.0>) Dyn Var (RE): no Match (varname=created_quiz_id), 

=INFO REPORT==== 27-Nov-2015::05:04:56 ===
           ts_search:(5:<0.854.0>) Dyn Var: no Match (varname=quiz_author), 

=INFO REPORT==== 27-Nov-2015::05:04:56 ===
           ts_search:(5:<0.1152.0>) Dyn Var: no Match (varname=quiz_author), 

=INFO REPORT==== 27-Nov-2015::05:04:57 ===
           ts_search:(5:<0.1181.0>) Dyn Var: no Match (varname=quiz_author), 

=INFO REPORT==== 27-Nov-2015::05:04:57 ===
           ts_search:(5:<0.1023.0>) Dyn Var: no Match (varname=quiz_author), 

=INFO REPORT==== 27-Nov-2015::05:04:57 ===
           ts_search:(5:<0.718.0>) Dyn Var (RE): no Match (varname=created_quiz_id), 

=INFO REPORT==== 27-Nov-2015::05:04:58 ===
           ts_search:(5:<0.1142.0>) Dyn Var: no Match (varname=quiz_author), 

=INFO REPORT==== 27-Nov-2015::05:04:58 ===
           ts_search:(5:<0.770.0>) Dyn Var: no Match (varname=quiz_author), 

=INFO REPORT==== 27-Nov-2015::05:04:58 ===
           ts_search:(5:<0.705.0>) Dyn Var (RE): no Match (varname=created_quiz_id), 

=INFO REPORT==== 27-Nov-2015::05:04:58 ===
           ts_search:(5:<0.1111.0>) Dyn Var: no Match (varname=quiz_author), 

=INFO REPORT==== 27-Nov-2015::05:04:58 ===
           ts_search:(5:<0.1217.0>) Dyn Var: no Match (varname=quiz_author), 

=INFO REPORT==== 27-Nov-2015::05:04:58 ===
           ts_search:(5:<0.741.0>) Dyn Var: no Match (varname=quiz_author), 

=INFO REPORT==== 27-Nov-2015::05:04:58 ===
           ts_search:(5:<0.854.0>) Dyn Var (RE): no Match (varname=created_quiz_id), 

=INFO REPORT==== 27-Nov-2015::05:04:59 ===
           ts_search:(5:<0.1035.0>) Dyn Var: no Match (varname=quiz_author), 

=INFO REPORT==== 27-Nov-2015::05:04:59 ===
           ts_search:(5:<0.814.0>) Dyn Var: no Match (varname=quiz_author), 

=INFO REPORT==== 27-Nov-2015::05:04:59 ===
           ts_search:(5:<0.1109.0>) Dyn Var: no Match (varname=quiz_author), 

=INFO REPORT==== 27-Nov-2015::05:04:59 ===
           ts_search:(5:<0.1080.0>) Dyn Var: no Match (varname=quiz_author), 

=INFO REPORT==== 27-Nov-2015::05:04:59 ===
           ts_search:(5:<0.1142.0>) Dyn Var (RE): no Match (varname=created_quiz_id), 

=INFO REPORT==== 27-Nov-2015::05:05:00 ===
           ts_search:(5:<0.1044.0>) Dyn Var: no Match (varname=quiz_author), 

=INFO REPORT==== 27-Nov-2015::05:05:00 ===
           ts_search:(5:<0.1121.0>) Dyn Var: no Match (varname=quiz_author), 

=INFO REPORT==== 27-Nov-2015::05:05:00 ===
           ts_search:(5:<0.961.0>) Dyn Var: no Match (varname=quiz_author), 

=INFO REPORT==== 27-Nov-2015::05:05:00 ===
           ts_search:(5:<0.1234.0>) Dyn Var: no Match (varname=quiz_author), 

=INFO REPORT==== 27-Nov-2015::05:05:00 ===
           ts_search:(5:<0.1217.0>) Dyn Var (RE): no Match (varname=created_quiz_id), 

=INFO REPORT==== 27-Nov-2015::05:05:01 ===
           ts_search:(5:<0.839.0>) Dyn Var (RE): no Match (varname=created_quiz_id), 

=INFO REPORT==== 27-Nov-2015::05:05:01 ===
           ts_search:(5:<0.1290.0>) Dyn Var: no Match (varname=quiz_author), 

=INFO REPORT==== 27-Nov-2015::05:05:01 ===
           ts_search:(5:<0.1051.0>) Dyn Var: no Match (varname=quiz_author), 

=INFO REPORT==== 27-Nov-2015::05:05:02 ===
           ts_search:(5:<0.764.0>) Dyn Var (RE): no Match (varname=created_quiz_id), 

=INFO REPORT==== 27-Nov-2015::05:05:02 ===
           ts_search:(5:<0.1006.0>) Dyn Var: no Match (varname=quiz_author), 

=INFO REPORT==== 27-Nov-2015::05:05:02 ===
           ts_search:(5:<0.1347.0>) Dyn Var: no Match (varname=quiz_author), 

=INFO REPORT==== 27-Nov-2015::05:05:02 ===
           ts_search:(5:<0.1050.0>) Dyn Var: no Match (varname=quiz_author), 

=INFO REPORT==== 27-Nov-2015::05:05:02 ===
           ts_search:(5:<0.699.0>) Dyn Var (RE): no Match (varname=created_quiz_id), 

=INFO REPORT==== 27-Nov-2015::05:05:03 ===
           ts_search:(5:<0.1039.0>) Dyn Var: no Match (varname=quiz_author), 

=INFO REPORT==== 27-Nov-2015::05:05:03 ===
           ts_search:(5:<0.1057.0>) Dyn Var: no Match (varname=quiz_author), 

=INFO REPORT==== 27-Nov-2015::05:05:03 ===
           ts_search:(5:<0.1329.0>) Dyn Var: no Match (varname=quiz_author), 

=INFO REPORT==== 27-Nov-2015::05:05:03 ===
           ts_search:(5:<0.961.0>) Dyn Var (RE): no Match (varname=created_quiz_id), 

=INFO REPORT==== 27-Nov-2015::05:05:03 ===
           ts_search:(5:<0.771.0>) Dyn Var (RE): no Match (varname=created_quiz_id), 

=INFO REPORT==== 27-Nov-2015::05:05:03 ===
           ts_search:(5:<0.533.0>) Dyn Var (RE): no Match (varname=created_quiz_id), 

=INFO REPORT==== 27-Nov-2015::05:05:03 ===
           ts_search:(5:<0.1051.0>) Dyn Var (RE): no Match (varname=created_quiz_id), 

=INFO REPORT==== 27-Nov-2015::05:05:03 ===
           ts_search:(5:<0.807.0>) Dyn Var: no Match (varname=quiz_author), 

=INFO REPORT==== 27-Nov-2015::05:05:04 ===
           ts_search:(5:<0.1312.0>) Dyn Var: no Match (varname=quiz_author), 

=INFO REPORT==== 27-Nov-2015::05:05:04 ===
           ts_search:(5:<0.720.0>) Dyn Var: no Match (varname=quiz_author), 

=INFO REPORT==== 27-Nov-2015::05:05:04 ===
           ts_search:(5:<0.1213.0>) Dyn Var: no Match (varname=quiz_author), 

=INFO REPORT==== 27-Nov-2015::05:05:04 ===
           ts_search:(5:<0.1318.0>) Dyn Var: no Match (varname=quiz_author), 

=INFO REPORT==== 27-Nov-2015::05:05:04 ===
           ts_search:(5:<0.1145.0>) Dyn Var: no Match (varname=quiz_author), 

=INFO REPORT==== 27-Nov-2015::05:05:04 ===
           ts_search:(5:<0.641.0>) Dyn Var: no Match (varname=quiz_author), 

=INFO REPORT==== 27-Nov-2015::05:05:04 ===
           ts_search:(5:<0.1111.0>) Dyn Var (RE): no Match (varname=created_quiz_id), 

=INFO REPORT==== 27-Nov-2015::05:05:05 ===
           ts_search:(5:<0.819.0>) Dyn Var: no Match (varname=quiz_author), 

=INFO REPORT==== 27-Nov-2015::05:05:05 ===
           ts_search:(5:<0.1187.0>) Dyn Var: no Match (varname=quiz_author), 

=INFO REPORT==== 27-Nov-2015::05:05:05 ===
           ts_search:(5:<0.814.0>) Dyn Var (RE): no Match (varname=created_quiz_id), 

=INFO REPORT==== 27-Nov-2015::05:05:05 ===
           ts_search:(5:<0.1426.0>) Dyn Var: no Match (varname=quiz_author), 

=INFO REPORT==== 27-Nov-2015::05:05:05 ===
           ts_search:(5:<0.1354.0>) Dyn Var: no Match (varname=quiz_author), 

=INFO REPORT==== 27-Nov-2015::05:05:06 ===
           ts_search:(5:<0.1288.0>) Dyn Var: no Match (varname=quiz_author), 

=INFO REPORT==== 27-Nov-2015::05:05:06 ===
           ts_search:(5:<0.1554.0>) Dyn Var: no Match (varname=quiz_author), 

=INFO REPORT==== 27-Nov-2015::05:05:06 ===
           ts_search:(5:<0.819.0>) Dyn Var (RE): no Match (varname=created_quiz_id), 

=INFO REPORT==== 27-Nov-2015::05:05:06 ===
           ts_search:(5:<0.786.0>) Dyn Var: no Match (varname=quiz_author), 

=INFO REPORT==== 27-Nov-2015::05:05:07 ===
           ts_search:(5:<0.914.0>) Dyn Var (RE): no Match (varname=created_quiz_id), 

=INFO REPORT==== 27-Nov-2015::05:05:07 ===
           ts_search:(5:<0.868.0>) Dyn Var (RE): no Match (varname=created_quiz_id), 

=INFO REPORT==== 27-Nov-2015::05:05:08 ===
           ts_search:(5:<0.1193.0>) Dyn Var: no Match (varname=quiz_author), 

=INFO REPORT==== 27-Nov-2015::05:05:08 ===
           ts_search:(5:<0.658.0>) Dyn Var (RE): no Match (varname=created_quiz_id), 

=INFO REPORT==== 27-Nov-2015::05:05:08 ===
           ts_search:(5:<0.641.0>) Dyn Var (RE): no Match (varname=created_quiz_id), 

=INFO REPORT==== 27-Nov-2015::05:05:09 ===
           ts_search:(5:<0.1581.0>) Dyn Var: no Match (varname=quiz_author), 

=INFO REPORT==== 27-Nov-2015::05:05:09 ===
           ts_search:(5:<0.1238.0>) Dyn Var: no Match (varname=quiz_author), 

=INFO REPORT==== 27-Nov-2015::05:05:09 ===
           ts_search:(5:<0.1238.0>) Dyn Var (RE): no Match (varname=created_quiz_id), 

=INFO REPORT==== 27-Nov-2015::05:05:09 ===
           ts_search:(5:<0.1231.0>) Dyn Var: no Match (varname=quiz_author), 

=INFO REPORT==== 27-Nov-2015::05:05:09 ===
           ts_search:(5:<0.1139.0>) Dyn Var: no Match (varname=quiz_author), 

=INFO REPORT==== 27-Nov-2015::05:05:09 ===
           ts_search:(5:<0.807.0>) Dyn Var (RE): no Match (varname=created_quiz_id), 

=INFO REPORT==== 27-Nov-2015::05:05:09 ===
           ts_search:(5:<0.1117.0>) Dyn Var: no Match (varname=quiz_author), 

=INFO REPORT==== 27-Nov-2015::05:05:09 ===
           ts_search:(5:<0.1583.0>) Dyn Var: no Match (varname=quiz_author), 

=INFO REPORT==== 27-Nov-2015::05:05:09 ===
           ts_search:(5:<0.596.0>) Dyn Var (RE): no Match (varname=created_quiz_id), 

=INFO REPORT==== 27-Nov-2015::05:05:10 ===
           ts_search:(5:<0.728.0>) Dyn Var (RE): no Match (varname=created_quiz_id), 

=INFO REPORT==== 27-Nov-2015::05:05:10 ===
           ts_search:(5:<0.1307.0>) Dyn Var: no Match (varname=quiz_author), 

=INFO REPORT==== 27-Nov-2015::05:05:10 ===
           ts_search:(5:<0.1592.0>) Dyn Var: no Match (varname=quiz_author), 

=INFO REPORT==== 27-Nov-2015::05:05:10 ===
           ts_search:(5:<0.654.0>) Dyn Var (RE): no Match (varname=created_quiz_id), 

=INFO REPORT==== 27-Nov-2015::05:05:10 ===
           ts_search:(5:<0.826.0>) Dyn Var (RE): no Match (varname=created_quiz_id), 

=INFO REPORT==== 27-Nov-2015::05:05:10 ===
           ts_search:(5:<0.1340.0>) Dyn Var: no Match (varname=quiz_author), 

=INFO REPORT==== 27-Nov-2015::05:05:10 ===
           ts_search:(5:<0.1343.0>) Dyn Var: no Match (varname=quiz_author), 

=INFO REPORT==== 27-Nov-2015::05:05:11 ===
           ts_search:(5:<0.1145.0>) Dyn Var (RE): no Match (varname=created_quiz_id), 

=INFO REPORT==== 27-Nov-2015::05:05:11 ===
           ts_search:(5:<0.1709.0>) Dyn Var: no Match (varname=quiz_author), 

=INFO REPORT==== 27-Nov-2015::05:05:11 ===
           ts_search:(5:<0.1466.0>) Dyn Var: no Match (varname=quiz_author), 

=INFO REPORT==== 27-Nov-2015::05:05:11 ===
           ts_search:(5:<0.1293.0>) Dyn Var: no Match (varname=quiz_author), 

=INFO REPORT==== 27-Nov-2015::05:05:11 ===
           ts_search:(5:<0.1375.0>) Dyn Var: no Match (varname=quiz_author), 

=INFO REPORT==== 27-Nov-2015::05:05:11 ===
           ts_search:(5:<0.1293.0>) Dyn Var (RE): no Match (varname=created_quiz_id), 

=INFO REPORT==== 27-Nov-2015::05:05:12 ===
           ts_search:(5:<0.1231.0>) Dyn Var (RE): no Match (varname=created_quiz_id), 

=INFO REPORT==== 27-Nov-2015::05:05:12 ===
           ts_search:(5:<0.1591.0>) Dyn Var: no Match (varname=quiz_author), 

=INFO REPORT==== 27-Nov-2015::05:05:12 ===
           ts_search:(5:<0.1377.0>) Dyn Var: no Match (varname=quiz_author), 

=INFO REPORT==== 27-Nov-2015::05:05:12 ===
           ts_search:(5:<0.1354.0>) Dyn Var (RE): no Match (varname=created_quiz_id), 

=INFO REPORT==== 27-Nov-2015::05:05:12 ===
           ts_search:(5:<0.1637.0>) Dyn Var: no Match (varname=quiz_author), 

=INFO REPORT==== 27-Nov-2015::05:05:12 ===
           ts_search:(5:<0.1006.0>) Dyn Var (RE): no Match (varname=created_quiz_id), 

=INFO REPORT==== 27-Nov-2015::05:05:12 ===
           ts_search:(5:<0.1348.0>) Dyn Var: no Match (varname=quiz_author), 

=INFO REPORT==== 27-Nov-2015::05:05:12 ===
           ts_search:(5:<0.880.0>) Dyn Var (RE): no Match (varname=created_quiz_id), 

=INFO REPORT==== 27-Nov-2015::05:05:13 ===
           ts_search:(5:<0.1343.0>) Dyn Var (RE): no Match (varname=created_quiz_id), 

=INFO REPORT==== 27-Nov-2015::05:05:13 ===
           ts_search:(5:<0.1044.0>) Dyn Var (RE): no Match (varname=created_quiz_id), 

=INFO REPORT==== 27-Nov-2015::05:05:13 ===
           ts_search:(5:<0.759.0>) Dyn Var (RE): no Match (varname=created_quiz_id), 

=INFO REPORT==== 27-Nov-2015::05:05:13 ===
           ts_search:(5:<0.1375.0>) Dyn Var (RE): no Match (varname=created_quiz_id), 

=INFO REPORT==== 27-Nov-2015::05:05:13 ===
           ts_search:(5:<0.1413.0>) Dyn Var: no Match (varname=quiz_author), 

=INFO REPORT==== 27-Nov-2015::05:05:13 ===
           ts_search:(5:<0.1408.0>) Dyn Var: no Match (varname=quiz_author), 

=INFO REPORT==== 27-Nov-2015::05:05:13 ===
           ts_search:(5:<0.1299.0>) Dyn Var: no Match (varname=quiz_author), 

=INFO REPORT==== 27-Nov-2015::05:05:14 ===
           ts_search:(5:<0.1072.0>) Dyn Var (RE): no Match (varname=created_quiz_id), 

=INFO REPORT==== 27-Nov-2015::05:05:14 ===
           ts_search:(5:<0.670.0>) Dyn Var: no Match (varname=quiz_author), 

=INFO REPORT==== 27-Nov-2015::05:05:14 ===
           ts_search:(5:<0.704.0>) Dyn Var (RE): no Match (varname=created_quiz_id), 

=INFO REPORT==== 27-Nov-2015::05:05:14 ===
           ts_search:(5:<0.1426.0>) Dyn Var (RE): no Match (varname=created_quiz_id), 

=INFO REPORT==== 27-Nov-2015::05:05:14 ===
           ts_search:(5:<0.1463.0>) Dyn Var: no Match (varname=quiz_author), 

=INFO REPORT==== 27-Nov-2015::05:05:14 ===
           ts_search:(5:<0.1275.0>) Dyn Var: no Match (varname=quiz_author), 

=INFO REPORT==== 27-Nov-2015::05:05:14 ===
           ts_search:(5:<0.1541.0>) Dyn Var: no Match (varname=quiz_author), 

=INFO REPORT==== 27-Nov-2015::05:05:15 ===
           ts_search:(5:<0.720.0>) Dyn Var (RE): no Match (varname=created_quiz_id), 

=INFO REPORT==== 27-Nov-2015::05:05:15 ===
           ts_search:(5:<0.1370.0>) Dyn Var: no Match (varname=quiz_author), 

=INFO REPORT==== 27-Nov-2015::05:05:15 ===
           ts_search:(5:<0.1000.0>) Dyn Var (RE): no Match (varname=created_quiz_id), 

=INFO REPORT==== 27-Nov-2015::05:05:15 ===
           ts_search:(5:<0.856.0>) Dyn Var: no Match (varname=quiz_author), 

=INFO REPORT==== 27-Nov-2015::05:05:15 ===
           ts_search:(5:<0.1806.0>) Dyn Var: no Match (varname=quiz_author), 

=INFO REPORT==== 27-Nov-2015::05:05:16 ===
           ts_search:(5:<0.592.0>) Dyn Var: no Match (varname=quiz_author), 

=INFO REPORT==== 27-Nov-2015::05:05:16 ===
           ts_search:(5:<0.1157.0>) Dyn Var: no Match (varname=quiz_author), 

=INFO REPORT==== 27-Nov-2015::05:05:16 ===
           ts_search:(5:<0.1050.0>) Dyn Var (RE): no Match (varname=created_quiz_id), 

=INFO REPORT==== 27-Nov-2015::05:05:16 ===
           ts_search:(5:<0.1436.0>) Dyn Var: no Match (varname=quiz_author), 

=INFO REPORT==== 27-Nov-2015::05:05:16 ===
           ts_search:(5:<0.1649.0>) Dyn Var: no Match (varname=quiz_author), 

=INFO REPORT==== 27-Nov-2015::05:05:17 ===
           ts_search:(5:<0.1117.0>) Dyn Var (RE): no Match (varname=created_quiz_id), 

=INFO REPORT==== 27-Nov-2015::05:05:17 ===
           ts_search:(5:<0.1591.0>) Dyn Var (RE): no Match (varname=created_quiz_id), 

=INFO REPORT==== 27-Nov-2015::05:05:17 ===
           ts_search:(5:<0.1583.0>) Dyn Var (RE): no Match (varname=created_quiz_id), 

=INFO REPORT==== 27-Nov-2015::05:05:17 ===
           ts_search:(5:<0.1909.0>) Dyn Var: no Match (varname=quiz_author), 

=INFO REPORT==== 27-Nov-2015::05:05:17 ===
           ts_search:(5:<0.1040.0>) Dyn Var: no Match (varname=quiz_author), 

=INFO REPORT==== 27-Nov-2015::05:05:18 ===
           ts_search:(5:<0.1018.0>) Dyn Var: no Match (varname=quiz_author), 

=INFO REPORT==== 27-Nov-2015::05:05:18 ===
           ts_search:(5:<0.698.0>) Dyn Var: no Match (varname=quiz_author), 

=INFO REPORT==== 27-Nov-2015::05:05:18 ===
           ts_search:(5:<0.1187.0>) Dyn Var (RE): no Match (varname=created_quiz_id), 

=INFO REPORT==== 27-Nov-2015::05:05:18 ===
           ts_search:(5:<0.1844.0>) Dyn Var: no Match (varname=quiz_author), 

=INFO REPORT==== 27-Nov-2015::05:05:18 ===
           ts_search:(5:<0.1314.0>) Dyn Var: no Match (varname=quiz_author), 

=INFO REPORT==== 27-Nov-2015::05:05:18 ===
           ts_search:(5:<0.977.0>) Dyn Var: no Match (varname=quiz_author), 

=INFO REPORT==== 27-Nov-2015::05:05:18 ===
           ts_search:(5:<0.1313.0>) Dyn Var: no Match (varname=quiz_author), 

=INFO REPORT==== 27-Nov-2015::05:05:18 ===
           ts_search:(5:<0.1569.0>) Dyn Var: no Match (varname=quiz_author), 

=INFO REPORT==== 27-Nov-2015::05:05:18 ===
           ts_search:(5:<0.1408.0>) Dyn Var (RE): no Match (varname=created_quiz_id), 

=INFO REPORT==== 27-Nov-2015::05:05:18 ===
           ts_search:(5:<0.1377.0>) Dyn Var (RE): no Match (varname=created_quiz_id), 

=INFO REPORT==== 27-Nov-2015::05:05:18 ===
           ts_search:(5:<0.1092.0>) Dyn Var: no Match (varname=quiz_author), 

=INFO REPORT==== 27-Nov-2015::05:05:19 ===
           ts_search:(5:<0.1882.0>) Dyn Var: no Match (varname=quiz_author), 

=INFO REPORT==== 27-Nov-2015::05:05:19 ===
           ts_search:(5:<0.1018.0>) Dyn Var (RE): no Match (varname=created_quiz_id), 

=INFO REPORT==== 27-Nov-2015::05:05:19 ===
           ts_search:(5:<0.1785.0>) Dyn Var: no Match (varname=quiz_author), 

=INFO REPORT==== 27-Nov-2015::05:05:19 ===
           ts_search:(5:<0.1271.0>) Dyn Var: no Match (varname=quiz_author), 

=INFO REPORT==== 27-Nov-2015::05:05:19 ===
           ts_search:(5:<0.559.0>) Dyn Var (RE): no Match (varname=created_quiz_id), 

=INFO REPORT==== 27-Nov-2015::05:05:19 ===
           ts_search:(5:<0.670.0>) Dyn Var (RE): no Match (varname=created_quiz_id), 

=INFO REPORT==== 27-Nov-2015::05:05:19 ===
           ts_search:(5:<0.1311.0>) Dyn Var: no Match (varname=quiz_author), 

=INFO REPORT==== 27-Nov-2015::05:05:19 ===
           ts_search:(5:<0.1313.0>) Dyn Var (RE): no Match (varname=created_quiz_id), 

=INFO REPORT==== 27-Nov-2015::05:05:20 ===
         ts_launcher:(5:<0.129.0>) Phase duration exceeded, but not all users were launched (8 users, 0.8% of phase)

=INFO REPORT==== 27-Nov-2015::05:05:20 ===
         ts_launcher:(5:<0.129.0>) This was the last phase, wait for connected users to finish their session

=INFO REPORT==== 27-Nov-2015::05:05:20 ===
           ts_search:(5:<0.1653.0>) Dyn Var: no Match (varname=quiz_author), 

=INFO REPORT==== 27-Nov-2015::05:05:20 ===
           ts_search:(5:<0.867.0>) Dyn Var: no Match (varname=quiz_author), 

=INFO REPORT==== 27-Nov-2015::05:05:21 ===
           ts_search:(5:<0.1288.0>) Dyn Var (RE): no Match (varname=created_quiz_id), 

=INFO REPORT==== 27-Nov-2015::05:05:21 ===
           ts_search:(5:<0.1627.0>) Dyn Var: no Match (varname=quiz_author), 

=INFO REPORT==== 27-Nov-2015::05:05:21 ===
           ts_search:(5:<0.1592.0>) Dyn Var (RE): no Match (varname=created_quiz_id), 

=INFO REPORT==== 27-Nov-2015::05:05:21 ===
           ts_search:(5:<0.698.0>) Dyn Var (RE): no Match (varname=created_quiz_id), 

=INFO REPORT==== 27-Nov-2015::05:05:21 ===
           ts_search:(5:<0.1977.0>) Dyn Var: no Match (varname=quiz_author), 

=INFO REPORT==== 27-Nov-2015::05:05:22 ===
           ts_search:(5:<0.1553.0>) Dyn Var: no Match (varname=quiz_author), 

=INFO REPORT==== 27-Nov-2015::05:05:22 ===
           ts_search:(5:<0.1423.0>) Dyn Var: no Match (varname=quiz_author), 

=INFO REPORT==== 27-Nov-2015::05:05:22 ===
           ts_search:(5:<0.1967.0>) Dyn Var: no Match (varname=quiz_author), 

=INFO REPORT==== 27-Nov-2015::05:05:22 ===
           ts_search:(5:<0.1263.0>) Dyn Var: no Match (varname=quiz_author), 

=INFO REPORT==== 27-Nov-2015::05:05:22 ===
           ts_search:(5:<0.741.0>) Dyn Var (RE): no Match (varname=created_quiz_id), 

=INFO REPORT==== 27-Nov-2015::05:05:22 ===
           ts_search:(5:<0.1762.0>) Dyn Var: no Match (varname=quiz_author), 

=INFO REPORT==== 27-Nov-2015::05:05:22 ===
           ts_search:(5:<0.1463.0>) Dyn Var (RE): no Match (varname=created_quiz_id), 

=INFO REPORT==== 27-Nov-2015::05:05:23 ===
           ts_search:(5:<0.1808.0>) Dyn Var: no Match (varname=quiz_author), 

=INFO REPORT==== 27-Nov-2015::05:05:23 ===
           ts_search:(5:<0.1039.0>) Dyn Var (RE): no Match (varname=created_quiz_id), 

=INFO REPORT==== 27-Nov-2015::05:05:23 ===
           ts_search:(5:<0.856.0>) Dyn Var (RE): no Match (varname=created_quiz_id), 

=INFO REPORT==== 27-Nov-2015::05:05:23 ===
           ts_search:(5:<0.867.0>) Dyn Var (RE): no Match (varname=created_quiz_id), 

=INFO REPORT==== 27-Nov-2015::05:05:23 ===
           ts_search:(5:<0.2059.0>) Dyn Var: no Match (varname=quiz_author), 

=INFO REPORT==== 27-Nov-2015::05:05:23 ===
           ts_search:(5:<0.1465.0>) Dyn Var: no Match (varname=quiz_author), 

=INFO REPORT==== 27-Nov-2015::05:05:23 ===
           ts_search:(5:<0.1348.0>) Dyn Var (RE): no Match (varname=created_quiz_id), 

=INFO REPORT==== 27-Nov-2015::05:05:24 ===
           ts_search:(5:<0.1466.0>) Dyn Var (RE): no Match (varname=created_quiz_id), 

=INFO REPORT==== 27-Nov-2015::05:05:24 ===
           ts_search:(5:<0.1909.0>) Dyn Var (RE): no Match (varname=created_quiz_id), 

=INFO REPORT==== 27-Nov-2015::05:05:24 ===
           ts_search:(5:<0.1830.0>) Dyn Var: no Match (varname=quiz_author), 

=INFO REPORT==== 27-Nov-2015::05:05:24 ===
           ts_search:(5:<0.1864.0>) Dyn Var: no Match (varname=quiz_author), 

=INFO REPORT==== 27-Nov-2015::05:05:24 ===
           ts_search:(5:<0.1762.0>) Dyn Var (RE): no Match (varname=created_quiz_id), 

=INFO REPORT==== 27-Nov-2015::05:05:24 ===
           ts_search:(5:<0.1169.0>) Dyn Var: no Match (varname=quiz_author), 

=INFO REPORT==== 27-Nov-2015::05:05:24 ===
           ts_search:(5:<0.1882.0>) Dyn Var (RE): no Match (varname=created_quiz_id), 

=INFO REPORT==== 27-Nov-2015::05:05:24 ===
           ts_search:(5:<0.1637.0>) Dyn Var (RE): no Match (varname=created_quiz_id), 

=INFO REPORT==== 27-Nov-2015::05:05:24 ===
           ts_search:(5:<0.788.0>) Dyn Var (RE): no Match (varname=created_quiz_id), 

=INFO REPORT==== 27-Nov-2015::05:05:24 ===
           ts_search:(5:<0.1830.0>) Dyn Var (RE): no Match (varname=created_quiz_id), 

=INFO REPORT==== 27-Nov-2015::05:05:24 ===
           ts_search:(5:<0.1541.0>) Dyn Var (RE): no Match (varname=created_quiz_id), 

=INFO REPORT==== 27-Nov-2015::05:05:24 ===
           ts_search:(5:<0.1780.0>) Dyn Var: no Match (varname=quiz_author), 

=INFO REPORT==== 27-Nov-2015::05:05:24 ===
           ts_search:(5:<0.1139.0>) Dyn Var (RE): no Match (varname=created_quiz_id), 

=INFO REPORT==== 27-Nov-2015::05:05:24 ===
           ts_search:(5:<0.1844.0>) Dyn Var (RE): no Match (varname=created_quiz_id), 

=INFO REPORT==== 27-Nov-2015::05:05:25 ===
           ts_search:(5:<0.1349.0>) Dyn Var: no Match (varname=quiz_author), 

=INFO REPORT==== 27-Nov-2015::05:05:25 ===
           ts_search:(5:<0.1808.0>) Dyn Var (RE): no Match (varname=created_quiz_id), 

=INFO REPORT==== 27-Nov-2015::05:05:25 ===
           ts_search:(5:<0.1835.0>) Dyn Var: no Match (varname=quiz_author), 

=INFO REPORT==== 27-Nov-2015::05:05:26 ===
           ts_search:(5:<0.2101.0>) Dyn Var: no Match (varname=quiz_author), 

=INFO REPORT==== 27-Nov-2015::05:05:26 ===
           ts_search:(5:<0.1370.0>) Dyn Var (RE): no Match (varname=created_quiz_id), 

=INFO REPORT==== 27-Nov-2015::05:05:26 ===
           ts_search:(5:<0.1314.0>) Dyn Var (RE): no Match (varname=created_quiz_id), 

=INFO REPORT==== 27-Nov-2015::05:05:26 ===
           ts_search:(5:<0.1977.0>) Dyn Var (RE): no Match (varname=created_quiz_id), 

=INFO REPORT==== 27-Nov-2015::05:05:26 ===
           ts_search:(5:<0.1581.0>) Dyn Var (RE): no Match (varname=created_quiz_id), 

=INFO REPORT==== 27-Nov-2015::05:05:26 ===
           ts_search:(5:<0.1653.0>) Dyn Var (RE): no Match (varname=created_quiz_id), 

=INFO REPORT==== 27-Nov-2015::05:05:26 ===
           ts_search:(5:<0.2024.0>) Dyn Var: no Match (varname=quiz_author), 

=INFO REPORT==== 27-Nov-2015::05:05:26 ===
           ts_search:(5:<0.1902.0>) Dyn Var: no Match (varname=quiz_author), 

=INFO REPORT==== 27-Nov-2015::05:05:26 ===
           ts_search:(5:<0.1431.0>) Dyn Var: no Match (varname=quiz_author), 

=INFO REPORT==== 27-Nov-2015::05:05:26 ===
           ts_search:(5:<0.977.0>) Dyn Var (RE): no Match (varname=created_quiz_id), 

=INFO REPORT==== 27-Nov-2015::05:05:27 ===
           ts_search:(5:<0.2010.0>) Dyn Var: no Match (varname=quiz_author), 

=INFO REPORT==== 27-Nov-2015::05:05:27 ===
           ts_search:(5:<0.2008.0>) Dyn Var: no Match (varname=quiz_author), 

=INFO REPORT==== 27-Nov-2015::05:05:27 ===
           ts_search:(5:<0.1316.0>) Dyn Var: no Match (varname=quiz_author), 

=INFO REPORT==== 27-Nov-2015::05:05:27 ===
           ts_search:(5:<0.1340.0>) Dyn Var (RE): no Match (varname=created_quiz_id), 

=INFO REPORT==== 27-Nov-2015::05:05:27 ===
           ts_search:(5:<0.1234.0>) Dyn Var (RE): no Match (varname=created_quiz_id), 

=INFO REPORT==== 27-Nov-2015::05:05:27 ===
           ts_search:(5:<0.1791.0>) Dyn Var: no Match (varname=quiz_author), 

=INFO REPORT==== 27-Nov-2015::05:05:27 ===
           ts_search:(5:<0.1573.0>) Dyn Var: no Match (varname=quiz_author), 

=INFO REPORT==== 27-Nov-2015::05:05:27 ===
           ts_search:(5:<0.1087.0>) Dyn Var: no Match (varname=quiz_author), 

=INFO REPORT==== 27-Nov-2015::05:05:27 ===
           ts_search:(5:<0.1329.0>) Dyn Var (RE): no Match (varname=created_quiz_id), 

=INFO REPORT==== 27-Nov-2015::05:05:27 ===
           ts_search:(5:<0.2010.0>) Dyn Var (RE): no Match (varname=created_quiz_id), 

=INFO REPORT==== 27-Nov-2015::05:05:28 ===
           ts_search:(5:<0.2021.0>) Dyn Var: no Match (varname=quiz_author), 

=INFO REPORT==== 27-Nov-2015::05:05:28 ===
           ts_search:(5:<0.1092.0>) Dyn Var (RE): no Match (varname=created_quiz_id), 

=INFO REPORT==== 27-Nov-2015::05:05:28 ===
           ts_search:(5:<0.1967.0>) Dyn Var (RE): no Match (varname=created_quiz_id), 

=INFO REPORT==== 27-Nov-2015::05:05:28 ===
           ts_search:(5:<0.1611.0>) Dyn Var: no Match (varname=quiz_author), 

=INFO REPORT==== 27-Nov-2015::05:05:28 ===
           ts_search:(5:<0.2021.0>) Dyn Var (RE): no Match (varname=created_quiz_id), 

=INFO REPORT==== 27-Nov-2015::05:05:28 ===
           ts_search:(5:<0.1588.0>) Dyn Var: no Match (varname=quiz_author), 

=INFO REPORT==== 27-Nov-2015::05:05:28 ===
           ts_search:(5:<0.2082.0>) Dyn Var: no Match (varname=quiz_author), 

=INFO REPORT==== 27-Nov-2015::05:05:28 ===
           ts_search:(5:<0.1633.0>) Dyn Var: no Match (varname=quiz_author), 

=INFO REPORT==== 27-Nov-2015::05:05:28 ===
           ts_search:(5:<0.1682.0>) Dyn Var: no Match (varname=quiz_author), 

=INFO REPORT==== 27-Nov-2015::05:05:29 ===
           ts_search:(5:<0.901.0>) Dyn Var: no Match (varname=quiz_author), 

=INFO REPORT==== 27-Nov-2015::05:05:29 ===
           ts_search:(5:<0.1152.0>) Dyn Var (RE): no Match (varname=created_quiz_id), 

=INFO REPORT==== 27-Nov-2015::05:05:29 ===
           ts_search:(5:<0.1271.0>) Dyn Var (RE): no Match (varname=created_quiz_id), 

=INFO REPORT==== 27-Nov-2015::05:05:29 ===
           ts_search:(5:<0.1839.0>) Dyn Var: no Match (varname=quiz_author), 

=INFO REPORT==== 27-Nov-2015::05:05:29 ===
           ts_search:(5:<0.1087.0>) Dyn Var (RE): no Match (varname=created_quiz_id), 

=INFO REPORT==== 27-Nov-2015::05:05:29 ===
           ts_search:(5:<0.1311.0>) Dyn Var (RE): no Match (varname=created_quiz_id), 

=INFO REPORT==== 27-Nov-2015::05:05:29 ===
           ts_search:(5:<0.1721.0>) Dyn Var: no Match (varname=quiz_author), 

=INFO REPORT==== 27-Nov-2015::05:05:30 ===
           ts_search:(5:<0.1918.0>) Dyn Var: no Match (varname=quiz_author), 

=INFO REPORT==== 27-Nov-2015::05:05:30 ===
           ts_search:(5:<0.1040.0>) Dyn Var (RE): no Match (varname=created_quiz_id), 

=INFO REPORT==== 27-Nov-2015::05:05:30 ===
           ts_search:(5:<0.2012.0>) Dyn Var: no Match (varname=quiz_author), 

=INFO REPORT==== 27-Nov-2015::05:05:31 ===
           ts_search:(5:<0.1903.0>) Dyn Var: no Match (varname=quiz_author), 

=INFO REPORT==== 27-Nov-2015::05:05:31 ===
           ts_search:(5:<0.2081.0>) Dyn Var: no Match (varname=quiz_author), 

=INFO REPORT==== 27-Nov-2015::05:05:31 ===
           ts_search:(5:<0.1318.0>) Dyn Var (RE): no Match (varname=created_quiz_id), 

=INFO REPORT==== 27-Nov-2015::05:05:31 ===
           ts_search:(5:<0.1705.0>) Dyn Var: no Match (varname=quiz_author), 

=INFO REPORT==== 27-Nov-2015::05:05:31 ===
           ts_search:(5:<0.1218.0>) Dyn Var: no Match (varname=quiz_author), 

=INFO REPORT==== 27-Nov-2015::05:05:31 ===
           ts_search:(5:<0.2036.0>) Dyn Var: no Match (varname=quiz_author), 

=INFO REPORT==== 27-Nov-2015::05:05:31 ===
           ts_search:(5:<0.1839.0>) Dyn Var (RE): no Match (varname=created_quiz_id), 

=INFO REPORT==== 27-Nov-2015::05:05:31 ===
           ts_search:(5:<0.1955.0>) Dyn Var: no Match (varname=quiz_author), 

=INFO REPORT==== 27-Nov-2015::05:05:31 ===
           ts_search:(5:<0.1109.0>) Dyn Var (RE): no Match (varname=created_quiz_id), 

=INFO REPORT==== 27-Nov-2015::05:05:31 ===
           ts_search:(5:<0.2025.0>) Dyn Var: no Match (varname=quiz_author), 

=INFO REPORT==== 27-Nov-2015::05:05:32 ===
           ts_search:(5:<0.1263.0>) Dyn Var (RE): no Match (varname=created_quiz_id), 

=INFO REPORT==== 27-Nov-2015::05:05:32 ===
           ts_search:(5:<0.2008.0>) Dyn Var (RE): no Match (varname=created_quiz_id), 

=INFO REPORT==== 27-Nov-2015::05:05:32 ===
           ts_search:(5:<0.1725.0>) Dyn Var: no Match (varname=quiz_author), 

=INFO REPORT==== 27-Nov-2015::05:05:33 ===
           ts_search:(5:<0.2063.0>) Dyn Var: no Match (varname=quiz_author), 

=INFO REPORT==== 27-Nov-2015::05:05:33 ===
           ts_search:(5:<0.2063.0>) Dyn Var (RE): no Match (varname=created_quiz_id), 

=INFO REPORT==== 27-Nov-2015::05:05:33 ===
           ts_search:(5:<0.1835.0>) Dyn Var (RE): no Match (varname=created_quiz_id), 

=INFO REPORT==== 27-Nov-2015::05:05:33 ===
           ts_search:(5:<0.1682.0>) Dyn Var (RE): no Match (varname=created_quiz_id), 

=INFO REPORT==== 27-Nov-2015::05:05:33 ===
           ts_search:(5:<0.1921.0>) Dyn Var: no Match (varname=quiz_author), 

=INFO REPORT==== 27-Nov-2015::05:05:33 ===
           ts_search:(5:<0.1864.0>) Dyn Var (RE): no Match (varname=created_quiz_id), 

=INFO REPORT==== 27-Nov-2015::05:05:33 ===
           ts_search:(5:<0.1973.0>) Dyn Var: no Match (varname=quiz_author), 

=INFO REPORT==== 27-Nov-2015::05:05:33 ===
           ts_search:(5:<0.1316.0>) Dyn Var (RE): no Match (varname=created_quiz_id), 

=INFO REPORT==== 27-Nov-2015::05:05:34 ===
           ts_search:(5:<0.1213.0>) Dyn Var (RE): no Match (varname=created_quiz_id), 

=INFO REPORT==== 27-Nov-2015::05:05:34 ===
           ts_search:(5:<0.786.0>) Dyn Var (RE): no Match (varname=created_quiz_id), 

=INFO REPORT==== 27-Nov-2015::05:05:34 ===
           ts_search:(5:<0.2087.0>) Dyn Var: no Match (varname=quiz_author), 

=INFO REPORT==== 27-Nov-2015::05:05:34 ===
           ts_search:(5:<0.1503.0>) Dyn Var: no Match (varname=quiz_author), 

=INFO REPORT==== 27-Nov-2015::05:05:35 ===
           ts_search:(5:<0.1200.0>) Dyn Var: no Match (varname=quiz_author), 

=INFO REPORT==== 27-Nov-2015::05:05:35 ===
           ts_search:(5:<0.1969.0>) Dyn Var: no Match (varname=quiz_author), 

=INFO REPORT==== 27-Nov-2015::05:05:35 ===
           ts_search:(5:<0.1232.0>) Dyn Var: no Match (varname=quiz_author), 

=INFO REPORT==== 27-Nov-2015::05:05:35 ===
           ts_search:(5:<0.1969.0>) Dyn Var (RE): no Match (varname=created_quiz_id), 

=INFO REPORT==== 27-Nov-2015::05:05:35 ===
           ts_search:(5:<0.1875.0>) Dyn Var: no Match (varname=quiz_author), 

=INFO REPORT==== 27-Nov-2015::05:05:35 ===
           ts_search:(5:<0.2039.0>) Dyn Var: no Match (varname=quiz_author), 

=INFO REPORT==== 27-Nov-2015::05:05:35 ===
           ts_search:(5:<0.1675.0>) Dyn Var: no Match (varname=quiz_author), 

=INFO REPORT==== 27-Nov-2015::05:05:35 ===
           ts_search:(5:<0.2059.0>) Dyn Var (RE): no Match (varname=created_quiz_id), 

=INFO REPORT==== 27-Nov-2015::05:05:35 ===
           ts_search:(5:<0.1709.0>) Dyn Var (RE): no Match (varname=created_quiz_id), 

=INFO REPORT==== 27-Nov-2015::05:05:36 ===
           ts_search:(5:<0.1200.0>) Dyn Var (RE): no Match (varname=created_quiz_id), 

=INFO REPORT==== 27-Nov-2015::05:05:36 ===
           ts_search:(5:<0.1710.0>) Dyn Var: no Match (varname=quiz_author), 

=INFO REPORT==== 27-Nov-2015::05:05:36 ===
           ts_search:(5:<0.2039.0>) Dyn Var (RE): no Match (varname=created_quiz_id), 

=INFO REPORT==== 27-Nov-2015::05:05:36 ===
           ts_search:(5:<0.1299.0>) Dyn Var (RE): no Match (varname=created_quiz_id), 

=INFO REPORT==== 27-Nov-2015::05:05:37 ===
           ts_search:(5:<0.1121.0>) Dyn Var (RE): no Match (varname=created_quiz_id), 

=INFO REPORT==== 27-Nov-2015::05:05:37 ===
           ts_search:(5:<0.1307.0>) Dyn Var (RE): no Match (varname=created_quiz_id), 

=INFO REPORT==== 27-Nov-2015::05:05:37 ===
           ts_search:(5:<0.2082.0>) Dyn Var (RE): no Match (varname=created_quiz_id), 

=INFO REPORT==== 27-Nov-2015::05:05:37 ===
           ts_search:(5:<0.2036.0>) Dyn Var (RE): no Match (varname=created_quiz_id), 

=INFO REPORT==== 27-Nov-2015::05:05:37 ===
           ts_search:(5:<0.1186.0>) Dyn Var: no Match (varname=quiz_author), 

=INFO REPORT==== 27-Nov-2015::05:05:37 ===
           ts_search:(5:<0.1078.0>) Dyn Var: no Match (varname=quiz_author), 

=INFO REPORT==== 27-Nov-2015::05:05:37 ===
           ts_search:(5:<0.1195.0>) Dyn Var: no Match (varname=quiz_author), 

=INFO REPORT==== 27-Nov-2015::05:05:37 ===
           ts_search:(5:<0.1157.0>) Dyn Var (RE): no Match (varname=created_quiz_id), 

=INFO REPORT==== 27-Nov-2015::05:05:38 ===
           ts_search:(5:<0.1982.0>) Dyn Var: no Match (varname=quiz_author), 

=INFO REPORT==== 27-Nov-2015::05:05:38 ===
           ts_search:(5:<0.2025.0>) Dyn Var (RE): no Match (varname=created_quiz_id), 

=INFO REPORT==== 27-Nov-2015::05:05:39 ===
           ts_search:(5:<0.1810.0>) Dyn Var: no Match (varname=quiz_author), 

=INFO REPORT==== 27-Nov-2015::05:05:39 ===
           ts_search:(5:<0.901.0>) Dyn Var (RE): no Match (varname=created_quiz_id), 

=INFO REPORT==== 27-Nov-2015::05:05:39 ===
           ts_search:(5:<0.2012.0>) Dyn Var (RE): no Match (varname=created_quiz_id), 

=INFO REPORT==== 27-Nov-2015::05:05:39 ===
           ts_search:(5:<0.1080.0>) Dyn Var (RE): no Match (varname=created_quiz_id), 

=INFO REPORT==== 27-Nov-2015::05:05:40 ===
           ts_search:(5:<0.1918.0>) Dyn Var (RE): no Match (varname=created_quiz_id), 

=INFO REPORT==== 27-Nov-2015::05:05:40 ===
           ts_search:(5:<0.1906.0>) Dyn Var: no Match (varname=quiz_author), 

=INFO REPORT==== 27-Nov-2015::05:05:40 ===
           ts_search:(5:<0.1347.0>) Dyn Var (RE): no Match (varname=created_quiz_id), 

=INFO REPORT==== 27-Nov-2015::05:05:40 ===
           ts_search:(5:<0.1554.0>) Dyn Var (RE): no Match (varname=created_quiz_id), 

=INFO REPORT==== 27-Nov-2015::05:05:40 ===
           ts_search:(5:<0.1780.0>) Dyn Var (RE): no Match (varname=created_quiz_id), 

=INFO REPORT==== 27-Nov-2015::05:05:40 ===
           ts_search:(5:<0.1349.0>) Dyn Var (RE): no Match (varname=created_quiz_id), 

=INFO REPORT==== 27-Nov-2015::05:05:41 ===
           ts_search:(5:<0.1465.0>) Dyn Var (RE): no Match (varname=created_quiz_id), 

=INFO REPORT==== 27-Nov-2015::05:05:41 ===
           ts_search:(5:<0.1023.0>) Dyn Var (RE): no Match (varname=created_quiz_id), 

=INFO REPORT==== 27-Nov-2015::05:05:41 ===
           ts_search:(5:<0.770.0>) Dyn Var (RE): no Match (varname=created_quiz_id), 

=INFO REPORT==== 27-Nov-2015::05:05:42 ===
           ts_search:(5:<0.1423.0>) Dyn Var (RE): no Match (varname=created_quiz_id), 

=INFO REPORT==== 27-Nov-2015::05:05:42 ===
           ts_search:(5:<0.2069.0>) Dyn Var: no Match (varname=quiz_author), 

=INFO REPORT==== 27-Nov-2015::05:05:42 ===
           ts_search:(5:<0.1902.0>) Dyn Var (RE): no Match (varname=created_quiz_id), 

=INFO REPORT==== 27-Nov-2015::05:05:42 ===
           ts_search:(5:<0.2018.0>) Dyn Var: no Match (varname=quiz_author), 

=INFO REPORT==== 27-Nov-2015::05:05:42 ===
           ts_search:(5:<0.592.0>) Dyn Var (RE): no Match (varname=created_quiz_id), 

=INFO REPORT==== 27-Nov-2015::05:05:43 ===
           ts_search:(5:<0.1973.0>) Dyn Var (RE): no Match (varname=created_quiz_id), 

=INFO REPORT==== 27-Nov-2015::05:05:43 ===
           ts_search:(5:<0.1361.0>) Dyn Var: no Match (varname=quiz_author), 

=INFO REPORT==== 27-Nov-2015::05:05:44 ===
           ts_search:(5:<0.1078.0>) Dyn Var (RE): no Match (varname=created_quiz_id), 

=INFO REPORT==== 27-Nov-2015::05:05:44 ===
           ts_search:(5:<0.1035.0>) Dyn Var (RE): no Match (varname=created_quiz_id), 

=INFO REPORT==== 27-Nov-2015::05:05:44 ===
           ts_search:(5:<0.1721.0>) Dyn Var (RE): no Match (varname=created_quiz_id), 

=INFO REPORT==== 27-Nov-2015::05:05:44 ===
           ts_search:(5:<0.1436.0>) Dyn Var (RE): no Match (varname=created_quiz_id), 

=INFO REPORT==== 27-Nov-2015::05:05:44 ===
           ts_search:(5:<0.1921.0>) Dyn Var (RE): no Match (varname=created_quiz_id), 

=INFO REPORT==== 27-Nov-2015::05:05:44 ===
           ts_search:(5:<0.2024.0>) Dyn Var (RE): no Match (varname=created_quiz_id), 

=INFO REPORT==== 27-Nov-2015::05:05:45 ===
           ts_search:(5:<0.1181.0>) Dyn Var (RE): no Match (varname=created_quiz_id), 

=INFO REPORT==== 27-Nov-2015::05:05:45 ===
           ts_search:(5:<0.1810.0>) Dyn Var (RE): no Match (varname=created_quiz_id), 

=INFO REPORT==== 27-Nov-2015::05:05:45 ===
           ts_search:(5:<0.1670.0>) Dyn Var: no Match (varname=quiz_author), 

=INFO REPORT==== 27-Nov-2015::05:05:47 ===
           ts_search:(5:<0.1785.0>) Dyn Var (RE): no Match (varname=created_quiz_id), 

=INFO REPORT==== 27-Nov-2015::05:05:48 ===
           ts_search:(5:<0.1588.0>) Dyn Var (RE): no Match (varname=created_quiz_id), 

=INFO REPORT==== 27-Nov-2015::05:05:49 ===
           ts_search:(5:<0.1569.0>) Dyn Var (RE): no Match (varname=created_quiz_id), 

=INFO REPORT==== 27-Nov-2015::05:05:49 ===
           ts_search:(5:<0.1627.0>) Dyn Var (RE): no Match (varname=created_quiz_id), 

=INFO REPORT==== 27-Nov-2015::05:05:49 ===
           ts_search:(5:<0.2045.0>) Dyn Var: no Match (varname=quiz_author), 

=INFO REPORT==== 27-Nov-2015::05:05:50 ===
           ts_search:(5:<0.1955.0>) Dyn Var (RE): no Match (varname=created_quiz_id), 

=INFO REPORT==== 27-Nov-2015::05:05:51 ===
           ts_search:(5:<0.1705.0>) Dyn Var (RE): no Match (varname=created_quiz_id), 

=INFO REPORT==== 27-Nov-2015::05:05:52 ===
           ts_search:(5:<0.2018.0>) Dyn Var (RE): no Match (varname=created_quiz_id), 

=INFO REPORT==== 27-Nov-2015::05:05:53 ===
           ts_search:(5:<0.2101.0>) Dyn Var (RE): no Match (varname=created_quiz_id), 

=INFO REPORT==== 27-Nov-2015::05:05:53 ===
           ts_search:(5:<0.1186.0>) Dyn Var (RE): no Match (varname=created_quiz_id), 

=INFO REPORT==== 27-Nov-2015::05:05:53 ===
           ts_search:(5:<0.1503.0>) Dyn Var (RE): no Match (varname=created_quiz_id), 

=INFO REPORT==== 27-Nov-2015::05:05:53 ===
           ts_search:(5:<0.1791.0>) Dyn Var (RE): no Match (varname=created_quiz_id), 

=INFO REPORT==== 27-Nov-2015::05:05:56 ===
           ts_search:(5:<0.1193.0>) Dyn Var (RE): no Match (varname=created_quiz_id), 

=INFO REPORT==== 27-Nov-2015::05:05:56 ===
           ts_search:(5:<0.1875.0>) Dyn Var (RE): no Match (varname=created_quiz_id), 

=INFO REPORT==== 27-Nov-2015::05:05:56 ===
           ts_search:(5:<0.1710.0>) Dyn Var (RE): no Match (varname=created_quiz_id), 

=INFO REPORT==== 27-Nov-2015::05:05:57 ===
           ts_search:(5:<0.2017.0>) Dyn Var: no Match (varname=quiz_author), 

=INFO REPORT==== 27-Nov-2015::05:05:57 ===
           ts_search:(5:<0.1806.0>) Dyn Var (RE): no Match (varname=created_quiz_id), 

=INFO REPORT==== 27-Nov-2015::05:05:57 ===
           ts_search:(5:<0.1611.0>) Dyn Var (RE): no Match (varname=created_quiz_id), 

=INFO REPORT==== 27-Nov-2015::05:05:58 ===
           ts_search:(5:<0.1982.0>) Dyn Var (RE): no Match (varname=created_quiz_id), 

=INFO REPORT==== 27-Nov-2015::05:05:58 ===
           ts_search:(5:<0.900.0>) Dyn Var (RE): no Match (varname=created_quiz_id), 

=INFO REPORT==== 27-Nov-2015::05:05:59 ===
           ts_search:(5:<0.1837.0>) Dyn Var: no Match (varname=quiz_author), 

=INFO REPORT==== 27-Nov-2015::05:06:00 ===
           ts_search:(5:<0.1728.0>) Dyn Var: no Match (varname=quiz_author), 

=INFO REPORT==== 27-Nov-2015::05:06:00 ===
           ts_search:(5:<0.528.0>) Dyn Var: no Match (varname=quiz_author), 

=INFO REPORT==== 27-Nov-2015::05:06:00 ===
           ts_search:(5:<0.1670.0>) Dyn Var (RE): no Match (varname=created_quiz_id), 

=INFO REPORT==== 27-Nov-2015::05:06:01 ===
           ts_search:(5:<0.528.0>) Dyn Var (RE): no Match (varname=created_quiz_id), 

=INFO REPORT==== 27-Nov-2015::05:06:01 ===
           ts_search:(5:<0.1394.0>) Dyn Var: no Match (varname=quiz_author), 

=INFO REPORT==== 27-Nov-2015::05:06:01 ===
           ts_search:(5:<0.1431.0>) Dyn Var (RE): no Match (varname=created_quiz_id), 

=INFO REPORT==== 27-Nov-2015::05:06:02 ===
           ts_search:(5:<0.1290.0>) Dyn Var (RE): no Match (varname=created_quiz_id), 

=INFO REPORT==== 27-Nov-2015::05:06:05 ===
           ts_search:(5:<0.1633.0>) Dyn Var (RE): no Match (varname=created_quiz_id), 

=INFO REPORT==== 27-Nov-2015::05:06:05 ===
           ts_search:(5:<0.1553.0>) Dyn Var (RE): no Match (varname=created_quiz_id), 

=INFO REPORT==== 27-Nov-2015::05:06:05 ===
           ts_search:(5:<0.1195.0>) Dyn Var (RE): no Match (varname=created_quiz_id), 

=INFO REPORT==== 27-Nov-2015::05:06:06 ===
           ts_search:(5:<0.1057.0>) Dyn Var (RE): no Match (varname=created_quiz_id), 

=INFO REPORT==== 27-Nov-2015::05:06:08 ===
           ts_search:(5:<0.1675.0>) Dyn Var (RE): no Match (varname=created_quiz_id), 

=INFO REPORT==== 27-Nov-2015::05:06:08 ===
           ts_search:(5:<0.1169.0>) Dyn Var (RE): no Match (varname=created_quiz_id), 

=INFO REPORT==== 27-Nov-2015::05:06:09 ===
           ts_search:(5:<0.1413.0>) Dyn Var (RE): no Match (varname=created_quiz_id), 

=INFO REPORT==== 27-Nov-2015::05:06:10 ===
           ts_search:(5:<0.2017.0>) Dyn Var (RE): no Match (varname=created_quiz_id), 

=INFO REPORT==== 27-Nov-2015::05:06:10 ===
           ts_search:(5:<0.1218.0>) Dyn Var (RE): no Match (varname=created_quiz_id), 

=INFO REPORT==== 27-Nov-2015::05:06:12 ===
           ts_search:(5:<0.2081.0>) Dyn Var (RE): no Match (varname=created_quiz_id), 

=INFO REPORT==== 27-Nov-2015::05:06:13 ===
           ts_search:(5:<0.2087.0>) Dyn Var (RE): no Match (varname=created_quiz_id), 

=INFO REPORT==== 27-Nov-2015::05:06:13 ===
           ts_search:(5:<0.2069.0>) Dyn Var (RE): no Match (varname=created_quiz_id), 

=INFO REPORT==== 27-Nov-2015::05:06:13 ===
           ts_search:(5:<0.1312.0>) Dyn Var (RE): no Match (varname=created_quiz_id), 

=INFO REPORT==== 27-Nov-2015::05:06:16 ===
           ts_search:(5:<0.1467.0>) Dyn Var: no Match (varname=quiz_author), 

=INFO REPORT==== 27-Nov-2015::05:06:16 ===
           ts_search:(5:<0.1649.0>) Dyn Var (RE): no Match (varname=created_quiz_id), 

=INFO REPORT==== 27-Nov-2015::05:06:16 ===
           ts_search:(5:<0.1725.0>) Dyn Var (RE): no Match (varname=created_quiz_id), 

=INFO REPORT==== 27-Nov-2015::05:06:17 ===
           ts_search:(5:<0.1394.0>) Dyn Var (RE): no Match (varname=created_quiz_id), 

=INFO REPORT==== 27-Nov-2015::05:06:19 ===
           ts_search:(5:<0.1573.0>) Dyn Var (RE): no Match (varname=created_quiz_id), 

=INFO REPORT==== 27-Nov-2015::05:06:21 ===
           ts_search:(5:<0.1361.0>) Dyn Var (RE): no Match (varname=created_quiz_id), 

=INFO REPORT==== 27-Nov-2015::05:06:23 ===
           ts_search:(5:<0.1469.0>) Dyn Var: no Match (varname=quiz_author), 

=INFO REPORT==== 27-Nov-2015::05:06:24 ===
           ts_search:(5:<0.1232.0>) Dyn Var (RE): no Match (varname=created_quiz_id), 

=INFO REPORT==== 27-Nov-2015::05:06:25 ===
           ts_search:(5:<0.1467.0>) Dyn Var (RE): no Match (varname=created_quiz_id), 

=INFO REPORT==== 27-Nov-2015::05:06:28 ===
           ts_search:(5:<0.1275.0>) Dyn Var (RE): no Match (varname=created_quiz_id), 

=INFO REPORT==== 27-Nov-2015::05:06:33 ===
           ts_search:(5:<0.1906.0>) Dyn Var (RE): no Match (varname=created_quiz_id), 

=INFO REPORT==== 27-Nov-2015::05:06:35 ===
           ts_search:(5:<0.1837.0>) Dyn Var (RE): no Match (varname=created_quiz_id), 

=INFO REPORT==== 27-Nov-2015::05:06:38 ===
           ts_search:(5:<0.2045.0>) Dyn Var (RE): no Match (varname=created_quiz_id), 

=INFO REPORT==== 27-Nov-2015::05:06:50 ===
           ts_search:(5:<0.1469.0>) Dyn Var (RE): no Match (varname=created_quiz_id), 

=INFO REPORT==== 27-Nov-2015::05:07:02 ===
           ts_search:(5:<0.1728.0>) Dyn Var (RE): no Match (varname=created_quiz_id), 

=INFO REPORT==== 27-Nov-2015::05:07:10 ===
           ts_search:(5:<0.1903.0>) Dyn Var (RE): no Match (varname=created_quiz_id), 

=INFO REPORT==== 27-Nov-2015::05:07:15 ===
     ts_launcher_mgr:(5:<0.123.0>) No more active users 'tsung_controller@ip-172-30-3-173' "29997"
