# stats: dump at 1449463663
stats: users 6 6
stats: {cpu,"tsung_controller@ip-172-30-3-127"} 1 7.026644142718744 0 7.026644142718744 7.026644142718744 0 0
stats: {load,"tsung_controller@ip-172-30-3-127"} 1 0.01171875 0 0.01171875 0.01171875 0 0
stats: {freemem,"tsung_controller@ip-172-30-3-127"} 1 3163.91796875 0 3163.91796875 3163.91796875 0 0
stats: users_count 6 6
stats: finish_users_count 0 0
stats: request 15 71.65525716145834 115.29585215818706 427.164794921875 5.5849609375 0 0
stats: connect 6 20.002644856770832 43.04938375553484 116.263916015625 0.662841796875 0 0
stats: page 14 76.77870396205357 118.00179937844379 427.164794921875 6.171142578125 0 0
stats: tr_play_game__ready_page 2 14.4105224609375 4.1195068359375 18.530029296875 10.291015625 0 0
stats: 302 1 1
stats: tr_browse_quizzes_page_1 2 240.491455078125 186.79345703125 427.284912109375 53.697998046875 0 0
stats: 200 14 14
stats: tr_play_game__1st_question 2 143.0140380859375 111.3389892578125 254.35302734375 31.675048828125 0 0
stats: size_rcv 41872 41872
stats: tr_index 3 46.78466796875 56.71211350237601 126.986083984375 6.241943359375 0 0
stats: size_sent 11410 11410
stats: connected 6 6
# stats: dump at 1449463673
stats: users 12 12
stats: {recvpackets,"tsung_controller@ip-172-30-3-127"} 1 100 0 100 100 0 0
stats: {sentpackets,"tsung_controller@ip-172-30-3-127"} 1 89 0 89 89 0 0
stats: {cpu,"tsung_controller@ip-172-30-3-127"} 1 2.06286836935167 0.0 7.026644142718744 2.06286836935167 7.026644142718744 1
stats: {load,"tsung_controller@ip-172-30-3-127"} 1 0.01171875 0.0 0.01171875 0.01171875 0.01171875 1
stats: {freemem,"tsung_controller@ip-172-30-3-127"} 1 3163.796875 0.0 3163.91796875 3163.796875 3163.91796875 1
stats: session 1 7329.2509765625 0 7329.2509765625 7329.2509765625 0 0
stats: users_count 7 13
stats: finish_users_count 1 1
stats: request 58 15.629739695581899 18.045876459508893 427.164794921875 4.365966796875 71.65525716145834 15
stats: connect 7 0.7337472098214286 0.055567279268510864 116.263916015625 0.633056640625 20.002644856770832 6
stats: page 49 18.527901785714285 18.727281833319473 427.164794921875 6.123046875 76.77870396205357 14
stats: tr_play_game__ready_page 3 9.034749348958334 0.20591592158850858 18.530029296875 8.838134765625 14.4105224609375 2
stats: 302 0 1
stats: tr_question_new_POST 8 5.09906005859375 1.0413911421295945 7.514892578125 4.447998046875 0 0
stats: 200 50 64
stats: tr_quiz_new_POST 1 12.768798828125 0 12.768798828125 12.768798828125 0 0
stats: size_rcv 166233 208105
stats: tr_play_game__leaderboard 1 11.473876953125 0 11.473876953125 11.473876953125 0 0
stats: size_sent 72731 84141
stats: tr_browse_quizzes_page_1 5 55.15263671875 1.4833453926210571 427.284912109375 53.166015625 240.491455078125 2
stats: connected 6 12
stats: tr_play_game__1st_question 2 21.0670166015625 11.1658935546875 254.35302734375 9.901123046875 143.0140380859375 2
stats: 404 8 8
stats: tr_play_game__answer_to_question 3 13.808024088541666 3.49979337203432 18.757080078125 11.279052734375 0 0
stats: tr_index 6 7.3209228515625 0.15906935848796025 126.986083984375 6.241943359375 46.78466796875 3
stats: tr_quizzes_page_INDEX 1 12.4619140625 0 12.4619140625 12.4619140625 0 0
stats: tr_quiz_questions_SHOW 8 8.66461181640625 0.2208000830968714 9.087890625 8.404052734375 0 0
# stats: dump at 1449463683
stats: users 19 19
stats: {recvpackets,"tsung_controller@ip-172-30-3-127"} 1 328.0 0.0 328 100 100.0 1
stats: {sentpackets,"tsung_controller@ip-172-30-3-127"} 1 276.0 0.0 276 89 89.0 1
stats: {cpu,"tsung_controller@ip-172-30-3-127"} 1 1.477832512315271 0.0 7.026644142718744 1.477832512315271 4.544756256035207 2
stats: {load,"tsung_controller@ip-172-30-3-127"} 1 0.0 0.0 0.01171875 0.0 0.01171875 2
stats: {freemem,"tsung_controller@ip-172-30-3-127"} 1 3161.17578125 0.0 3163.91796875 3161.17578125 3163.857421875 2
stats: session 1 19309.41796875 0.0 19309.41796875 7329.2509765625 7329.2509765625 1
stats: users_count 8 21
stats: finish_users_count 1 2
stats: request 56 27.876460484095983 56.59672963428037 427.164794921875 4.365966796875 27.141832325556507 73
stats: connect 7 0.6788155691964286 0.07588178089000806 116.263916015625 0.5810546875 9.627084585336538 13
stats: page 49 31.867322026466837 60.59637994117215 427.164794921875 5.80908203125 31.47252449156746 63
stats: tr_play_game__ready_page 6 8.420166015625 0.7679278715009255 18.530029296875 7.31201171875 11.18505859375 5
stats: 302 6 7
stats: tr_question_new_POST 0 0 0 7.514892578125 4.447998046875 5.09906005859375 8
stats: 200 50 114
stats: tr_quiz_new_POST 0 0 0 12.768798828125 12.768798828125 12.768798828125 1
stats: size_rcv 140352 348457
stats: tr_play_game__leaderboard 0 0 0 11.473876953125 11.473876953125 11.473876953125 1
stats: size_sent 69469 153610
stats: tr_friend_requests 1 27.51513671875 0 27.51513671875 27.51513671875 0 0
stats: connected 6 18
stats: tr_friends 1 39.75390625 0 39.75390625 39.75390625 0 0
stats: 404 0 8
stats: tr_browse_quizzes_page_1 5 126.302001953125 140.0700529705577 427.284912109375 53.166015625 108.10658482142857 7
stats: tr_play_game__1st_question 6 9.4398193359375 0.3171398543604262 254.35302734375 8.876953125 82.04052734375 4
stats: tr_play_game__answer_to_question 4 11.5369873046875 0.6571541529496875 18.757080078125 10.833984375 13.808024088541666 3
stats: tr_index 3 8.269775390625 1.6372901204458614 126.986083984375 6.241943359375 20.475504557291668 9
stats: tr_quizzes_page_INDEX 2 11.384033203125 1.1591796875 12.543212890625 10.224853515625 12.4619140625 1
stats: tr_quiz_questions_SHOW 0 0 0 9.087890625 8.404052734375 8.66461181640625 8
# stats: dump at 1449463693
stats: users 31 31
stats: {recvpackets,"tsung_controller@ip-172-30-3-127"} 1 294.0 0.0 328 100 214.0 2
stats: {sentpackets,"tsung_controller@ip-172-30-3-127"} 1 252.0 0.0 276 89 182.5 2
stats: {cpu,"tsung_controller@ip-172-30-3-127"} 1 1.5717092337917484 0.0 7.026644142718744 1.477832512315271 3.5224483414618946 3
stats: {load,"tsung_controller@ip-172-30-3-127"} 1 0.0 0.0 0.01171875 0.0 0.0078125 3
stats: {freemem,"tsung_controller@ip-172-30-3-127"} 1 3158.609375 0.0 3163.91796875 3158.609375 3162.9635416666665 3
stats: session 3 20160.268310546875 4389.745217904559 26368.259033203125 7329.2509765625 13319.33447265625 2
stats: users_count 15 36
stats: finish_users_count 3 5
stats: request 101 15.676281617419551 17.42583171735131 427.164794921875 4.365966796875 27.460740673449614 129
stats: connect 16 1.167755126953125 1.2090917298501285 116.263916015625 0.5810546875 6.4951904296875 20
stats: page 88 18.009141401811075 18.877280825618097 427.164794921875 5.80908203125 31.645248413085938 112
stats: tr_play_game__ready_page 3 8.377034505208334 0.5942342802101279 18.530029296875 7.31201171875 9.676935369318182 11
stats: 302 2 9
stats: tr_question_new_POST 8 5.052947998046875 0.58681377293489 7.514892578125 4.447998046875 5.09906005859375 8
stats: 200 91 205
stats: tr_quiz_new_POST 1 22.16015625 0.0 22.16015625 12.768798828125 12.768798828125 1
stats: size_rcv 282187 630644
stats: tr_play_game__leaderboard 0 0 0 11.473876953125 11.473876953125 11.473876953125 1
stats: newphase 1 1
stats: tr_friend_requests 3 14.515380859375 9.051369593188056 27.51513671875 7.72509765625 27.51513671875 1
stats: size_sent 133902 287512
stats: tr_friends 2 36.14404296875 2.839111328125 39.75390625 33.304931640625 39.75390625 1
stats: connected 13 31
stats: tr_search_all_users 2 53.9310302734375 0.8939208984375 54.824951171875 53.037109375 0 0
stats: 404 8 16
stats: tr_browse_quizzes_page_1 5 58.249072265625 4.569929541560123 427.284912109375 52.47412109375 115.68800862630208 12
stats: tr_play_game__1st_question 3 9.627115885416666 0.5011044992239542 254.35302734375 8.876953125 38.4801025390625 10
stats: tr_play_game__answer_to_question 2 11.7169189453125 0.1790771484375 18.757080078125 10.833984375 12.510288783482142 7
stats: tr_index 6 7.783976236979167 1.2814205910283403 126.986083984375 6.160888671875 17.424072265625 12
stats: tr_quizzes_page_INDEX 2 10.9219970703125 1.4649658203125 12.543212890625 9.45703125 11.743326822916666 3
stats: tr_quiz_questions_SHOW 8 10.43914794921875 2.6056783833448662 16.1259765625 8.323974609375 8.66461181640625 8
# stats: dump at 1449463703
stats: users 37 39
stats: {recvpackets,"tsung_controller@ip-172-30-3-127"} 1 554.0 0.0 554 100 240.66666666666666 3
stats: {sentpackets,"tsung_controller@ip-172-30-3-127"} 1 467.0 0.0 467 89 205.66666666666666 3
stats: {cpu,"tsung_controller@ip-172-30-3-127"} 1 2.3391812865497075 0.0 7.026644142718744 1.477832512315271 3.0347635645443582 4
stats: {load,"tsung_controller@ip-172-30-3-127"} 1 0.0 0.0 0.01171875 0.0 0.005859375 4
stats: {freemem,"tsung_controller@ip-172-30-3-127"} 1 3154.53515625 0.0 3163.91796875 3154.53515625 3161.875 4
stats: session 7 17551.382882254464 9156.678419563066 29945.450927734375 2689.72705078125 17423.894775390625 5
stats: users_count 13 49
stats: finish_users_count 7 12
stats: request 164 17.19348591129953 20.740464841289143 427.164794921875 4.336181640625 22.285826044497284 230
stats: connect 13 1.567626953125 1.5515024614312927 116.263916015625 0.5810546875 4.12744140625 36
stats: page 135 20.910917607060185 23.396256110445925 427.164794921875 5.80908203125 25.645361328125 200
stats: tr_play_game__ready_page 4 9.15692138671875 1.3702335362644151 18.530029296875 7.31201171875 9.398385184151786 14
stats: 302 9 18
stats: tr_question_new_POST 16 4.9718780517578125 0.5652325816593972 7.514892578125 4.419921875 5.0760040283203125 16
stats: 200 139 344
stats: tr_quiz_new_POST 2 15.20703125 3.073974609375 22.16015625 12.133056640625 17.4644775390625 2
stats: size_rcv 411105 1041749
stats: tr_play_game__leaderboard 5 10.784716796875 3.3222581522216714 17.408935546875 8.798828125 11.473876953125 1
stats: newphase 0 1
stats: tr_friend_requests 2 10.619140625 2.739990234375 27.51513671875 7.72509765625 17.76531982421875 4
stats: size_sent 235178 522690
stats: tr_friends 2 34.447509765625 3.508544921875 39.75390625 30.93896484375 37.347330729166664 3
stats: connected 8 39
stats: tr_search_all_users 2 58.405517578125 0.3095703125 58.715087890625 53.037109375 53.9310302734375 2
stats: 404 16 32
stats: tr_browse_quizzes_page_1 5 55.59921875 2.105425020517515 427.284912109375 52.47412109375 98.79420381433823 17
stats: tr_play_game__1st_question 5 11.11005859375 2.397873660734047 254.35302734375 8.738037109375 31.82172100360577 13
stats: tr_play_game__answer_to_question 6 12.461018880208334 1.4556281476123047 18.757080078125 10.833984375 12.333984375 9
stats: tr_index 4 9.5489501953125 2.09501030340711 126.986083984375 5.976806640625 14.210706922743055 18
stats: tr_quizzes_page_INDEX 3 24.266357421875 18.17683343105265 49.875 9.45703125 11.414794921875 5
stats: tr_quiz_questions_SHOW 16 9.511077880859375 1.2344789789413768 16.1259765625 8.323974609375 9.5518798828125 16
# stats: dump at 1449463713
stats: users 39 42
stats: {recvpackets,"tsung_controller@ip-172-30-3-127"} 1 891.0 0.0 891 100 319.0 4
stats: {sentpackets,"tsung_controller@ip-172-30-3-127"} 1 722.0 0.0 722 89 271.0 4
stats: {cpu,"tsung_controller@ip-172-30-3-127"} 1 2.6264591439688716 0.0 7.026644142718744 1.477832512315271 2.895647108945428 5
stats: {load,"tsung_controller@ip-172-30-3-127"} 1 0.0 0.0 0.01171875 0.0 0.0046875 5
stats: {freemem,"tsung_controller@ip-172-30-3-127"} 1 3153.20703125 0.0 3163.91796875 3153.20703125 3160.40703125 5
stats: session 8 27511.974212646484 15763.037742136736 50395.199951171875 2689.72705078125 17498.262837727863 12
stats: users_count 10 59
stats: finish_users_count 8 20
stats: request 164 15.608051579173024 18.528595322016177 427.164794921875 4.336181640625 20.166171775856593 394
stats: connect 9 1.8997938368055556 1.7310023162800128 116.263916015625 0.5810546875 3.448306959502551 49
stats: page 135 18.98448350694444 20.70584623211057 427.164794921875 5.80908203125 23.737451171875 335
stats: tr_play_game__ready_page 9 8.419108072916666 0.7905642211765579 18.530029296875 7.295166015625 9.3447265625 18
stats: 302 7 25
stats: tr_question_new_POST 16 4.6822662353515625 0.4075045103055899 7.514892578125 4.419921875 5.0239410400390625 32
stats: 200 141 485
stats: tr_quiz_new_POST 2 16.4979248046875 0.4139404296875 22.16015625 12.133056640625 16.33575439453125 4
stats: size_rcv 438192 1479941
stats: tr_play_game__leaderboard 3 11.818603515625 3.7587243848696836 17.408935546875 8.177001953125 10.899576822916666 6
stats: newphase 0 1
stats: tr_friend_requests 7 9.251569475446429 0.7582561206512969 27.51513671875 7.72509765625 15.383260091145834 6
stats: size_sent 229340 752030
stats: tr_friends 4 31.85003662109375 1.26923671386838 39.75390625 30.39501953125 36.18740234375 5
stats: connected -1 38
stats: tr_search_all_users 3 58.034993489583336 3.654376103131152 61.402099609375 52.9560546875 56.16827392578125 4
stats: 404 16 48
stats: tr_browse_quizzes_page_1 5 54.6125 2.2280027925809414 427.284912109375 51.7451171875 88.97716175426136 22
stats: tr_play_game__1st_question 8 9.248321533203125 0.583490685314188 254.35302734375 8.44287109375 26.0684814453125 18
stats: tr_play_game__answer_to_question 6 12.185343424479166 2.524987497301381 18.757080078125 9.973876953125 12.384798177083333 15
stats: tr_index 6 7.819742838541667 1.874054297618901 126.986083984375 5.93310546875 13.363114790482955 22
stats: tr_quizzes_page_INDEX 2 9.8309326171875 0.2469482421875 49.875 9.45703125 16.234130859375 8
stats: tr_quiz_questions_SHOW 16 9.262893676757813 1.3860099813812627 16.1259765625 8.323974609375 9.531478881835938 32
# stats: dump at 1449463723
stats: users 53 53
stats: {recvpackets,"tsung_controller@ip-172-30-3-127"} 1 811.0 0.0 891 100 433.4 5
stats: {sentpackets,"tsung_controller@ip-172-30-3-127"} 1 645.0 0.0 722 89 361.2 5
stats: {cpu,"tsung_controller@ip-172-30-3-127"} 1 2.810077519379845 0.0 7.026644142718744 1.477832512315271 2.8507824481160022 6
stats: {load,"tsung_controller@ip-172-30-3-127"} 1 0.0 0.0 0.01171875 0.0 0.00390625 6
stats: {freemem,"tsung_controller@ip-172-30-3-127"} 1 3152.140625 0.0 3163.91796875 3152.140625 3159.20703125 6
stats: session 9 33157.610107421875 15710.047061646097 64279.925048828125 2689.72705078125 21503.74738769531 20
stats: users_count 23 82
stats: finish_users_count 9 29
stats: request 130 19.533858548677888 19.971473897918063 427.164794921875 4.336181640625 18.82650920908938 558
stats: connect 22 1.8498868075284092 1.6959158216524102 116.263916015625 0.571044921875 3.208020440463362 58
stats: page 122 20.818693567494876 21.028631534142207 427.164794921875 5.716064453125 22.372237055352393 470
stats: tr_play_game__ready_page 7 8.632777622767858 2.6354917916741853 18.530029296875 7.295166015625 9.036187065972221 27
stats: 302 4 29
stats: tr_question_new_POST 0 0 0 7.514892578125 4.419921875 4.9100494384765625 48
stats: 200 126 611
stats: tr_quiz_new_POST 0 0 0 22.16015625 12.133056640625 16.389811197916668 6
stats: size_rcv 404138 1884079
stats: tr_play_game__leaderboard 3 9.139567057291666 0.7871420458840916 17.408935546875 8.177001953125 11.205919053819445 9
stats: newphase 1 2
stats: tr_friend_requests 3 9.691243489583334 1.2450678052230733 27.51513671875 7.72509765625 12.081580528846153 13
stats: size_sent 215496 967526
stats: tr_friends 4 33.15997314453125 2.556114756864358 39.75390625 30.39501953125 34.259684244791664 9
stats: connected 13 51
stats: tr_search_all_users 5 55.1666015625 1.428383593029247 61.402099609375 52.9560546875 56.968296595982146 7
stats: 404 0 48
stats: tr_browse_quizzes_page_1 11 54.109375 1.5718743585405637 427.284912109375 51.7451171875 82.61333550347223 27
stats: tr_play_game__1st_question 6 10.41552734375 2.189780635879147 254.35302734375 8.44287109375 20.893047626201923 26
stats: tr_play_game__answer_to_question 7 10.313058035714286 0.3356263684750934 18.757080078125 9.76220703125 12.327811104910714 21
stats: tr_index 12 8.072896321614584 1.7952332624914902 126.986083984375 5.760986328125 12.175249372209821 28
stats: tr_quizzes_page_INDEX 0 0 0 49.875 9.45703125 14.9534912109375 10
stats: tr_quiz_questions_SHOW 0 0 0 16.1259765625 8.323974609375 9.441950480143229 48
# stats: dump at 1449463733
stats: users 55 55
stats: {recvpackets,"tsung_controller@ip-172-30-3-127"} 1 824.0 0.0 891 100 496.3333333333333 6
stats: {sentpackets,"tsung_controller@ip-172-30-3-127"} 1 689.0 0.0 722 89 408.5 6
stats: {cpu,"tsung_controller@ip-172-30-3-127"} 1 2.7184466019417477 0.0 7.026644142718744 1.477832512315271 2.8449674582965514 7
stats: {load,"tsung_controller@ip-172-30-3-127"} 1 0.0 0.0 0.01171875 0.0 0.0033482142857142855 7
stats: {freemem,"tsung_controller@ip-172-30-3-127"} 1 3150.81640625 0.0 3163.91796875 3150.81640625 3158.1975446428573 7
stats: session 10 33767.37080078125 13378.154666067512 64279.925048828125 2689.72705078125 25120.463404162176 29
stats: users_count 12 94
stats: finish_users_count 10 39
stats: request 198 19.78061745383523 42.93885856668914 427.164794921875 4.243896484375 18.960165334302324 688
stats: connect 13 1.8398813100961537 1.6644607564599694 116.263916015625 0.571044921875 2.83453369140625 80
stats: page 162 24.203262140721446 47.13189864839027 427.164794921875 5.716064453125 22.052081133868242 592
stats: tr_play_game__ready_page 8 8.390045166015625 0.9179426630858614 18.530029296875 7.295166015625 8.953132180606618 34
stats: 302 6 35
stats: tr_question_new_POST 24 5.358500162760417 1.3184655773886496 8.5419921875 4.3330078125 4.9100494384765625 48
stats: 200 168 779
stats: tr_quiz_new_POST 3 11.478271484375 0.18896715686837917 22.16015625 11.260009765625 16.389811197916668 6
stats: size_rcv 571321 2455400
stats: tr_play_game__leaderboard 4 9.66278076171875 0.35512909539126114 17.408935546875 8.177001953125 10.6893310546875 12
stats: newphase 0 2
stats: tr_friend_requests 1 8.659912109375 0.0 27.51513671875 7.72509765625 11.633392333984375 16
stats: size_sent 265715 1233241
stats: tr_friends 3 43.415120442708336 16.16016886955008 66.26904296875 30.39501953125 33.92131159855769 13
stats: connected 3 54
stats: tr_search_all_users 3 170.55037434895834 155.45721535381645 390.282958984375 52.9560546875 56.21759033203125 12
stats: 404 24 72
stats: tr_browse_quizzes_page_1 11 88.56953568892045 101.71376936098599 427.284912109375 51.7451171875 74.3621890419408 38
stats: tr_play_game__1st_question 8 22.634613037109375 32.806153241271545 254.35302734375 8.44287109375 18.928512573242188 32
stats: tr_play_game__answer_to_question 6 11.065673828125 0.6854542002116696 18.757080078125 9.76220703125 11.824122837611608 28
stats: tr_index 10 8.057763671875 1.5262783430312403 126.986083984375 5.760986328125 10.94454345703125 40
stats: tr_quizzes_page_INDEX 4 9.612060546875 0.5928449509043319 49.875 8.960205078125 14.9534912109375 10
stats: tr_quiz_questions_SHOW 24 9.302500406901041 1.2038962515386857 16.1259765625 8.2861328125 9.441950480143229 48
# stats: dump at 1449463743
stats: users 70 70
stats: {recvpackets,"tsung_controller@ip-172-30-3-127"} 1 1255.0 0.0 1255 100 543.1428571428571 7
stats: {sentpackets,"tsung_controller@ip-172-30-3-127"} 1 976.0 0.0 976 89 448.57142857142856 7
stats: {cpu,"tsung_controller@ip-172-30-3-127"} 1 3.2723772858517806 0.0 7.026644142718744 1.477832512315271 2.8291523512522008 8
stats: {load,"tsung_controller@ip-172-30-3-127"} 1 0.0 0.0 0.01171875 0.0 0.0029296875 8
stats: {freemem,"tsung_controller@ip-172-30-3-127"} 1 3148.171875 0.0 3163.91796875 3148.171875 3157.27490234375 8
stats: session 7 36151.88626534598 19493.55771966062 76574.20703125 2689.72705078125 27337.619146885016 39
stats: users_count 22 116
stats: finish_users_count 7 46
stats: request 278 14.51046643154226 17.63749849657196 427.164794921875 4.243896484375 19.143516936635862 886
stats: connect 23 2.153659986413044 1.7878203094589855 116.263916015625 0.571044921875 2.6954962617607525 93
stats: page 232 17.41256819100216 19.598337378369756 427.164794921875 5.716064453125 22.5142712175688 754
stats: tr_play_game__ready_page 12 8.474100748697916 1.3074100529118777 18.530029296875 7.236083984375 8.845877511160714 42
stats: 302 8 43
stats: tr_question_new_POST 32 5.405792236328125 1.457796322596352 10.2099609375 4.3330078125 5.059533013237847 72
stats: 200 238 1017
stats: tr_quiz_new_POST 4 12.13983154296875 0.6242764188508223 22.16015625 11.2080078125 14.752631293402779 9
stats: size_rcv 687251 3142651
stats: tr_play_game__leaderboard 3 10.0556640625 2.074205196166311 17.408935546875 8.072021484375 10.432693481445313 16
stats: newphase 0 2
stats: tr_friend_requests 6 9.74169921875 1.2738502941134595 27.51513671875 7.72509765625 11.458481732536764 17
stats: size_sent 423752 1656993
stats: tr_friends 2 43.6285400390625 3.3375244140625 66.26904296875 30.39501953125 35.70140075683594 16
stats: connected 16 70
stats: tr_search_all_users 2 61.3580322265625 7.8189697265625 390.282958984375 52.9560546875 79.08414713541667 15
stats: 404 32 104
stats: tr_browse_quizzes_page_1 10 58.837158203125 7.75129050385268 427.284912109375 51.7451171875 77.55159339126276 49
stats: tr_play_game__1st_question 13 9.932410606971153 1.670831015235212 254.35302734375 8.44287109375 19.669732666015626 40
stats: tr_play_game__answer_to_question 11 11.732998934659092 1.80236990444836 18.757080078125 9.76220703125 11.690278894761029 34
stats: tr_index 11 8.181241122159092 1.8997139406030017 126.986083984375 5.760986328125 10.3671875 50
stats: tr_quizzes_page_INDEX 2 9.2869873046875 0.0159912109375 49.875 8.960205078125 13.4273681640625 14
stats: tr_quiz_questions_SHOW 32 9.843139648437496 1.6146626711908223 16.1259765625 8.258056640625 9.395467122395834 72
# stats: dump at 1449463753
stats: users 85 86
stats: {recvpackets,"tsung_controller@ip-172-30-3-127"} 1 1226.0 0.0 1255 100 632.125 8
stats: {sentpackets,"tsung_controller@ip-172-30-3-127"} 1 1023.0 0.0 1023 89 514.5 8
stats: {cpu,"tsung_controller@ip-172-30-3-127"} 1 3.9309683604985617 0.0 7.026644142718744 1.477832512315271 2.87839956620771 9
stats: {load,"tsung_controller@ip-172-30-3-127"} 1 0.0 0.0 0.01171875 0.0 0.0026041666666666665 9
stats: {freemem,"tsung_controller@ip-172-30-3-127"} 1 3142.62109375 0.0 3163.91796875 3142.62109375 3156.2634548611113 9
stats: session 22 38330.05761718751 15590.683589252176 77264.1298828125 2689.72705078125 28678.920664911686 46
stats: users_count 37 153
stats: finish_users_count 22 68
stats: request 292 15.774488475224743 17.45170669619769 427.164794921875 4.243896484375 18.036998001570556 1164
stats: connect 35 2.232931082589286 1.797730842086667 116.263916015625 0.5400390625 2.5880632071659484 116
stats: page 260 17.728565392127404 18.777531875734002 427.164794921875 5.716064453125 21.31387050543547 986
stats: tr_play_game__ready_page 17 8.597440831801471 2.0395023676784247 18.530029296875 7.12890625 8.763260452835647 54
stats: 302 6 49
stats: tr_question_new_POST 16 5.571258544921875 1.1165272418069017 10.2099609375 4.3330078125 5.16607431265024 104
stats: 200 270 1287
stats: tr_quiz_new_POST 2 14.02099609375 2.157958984375 22.16015625 11.2080078125 13.948692908653847 13
stats: size_rcv 793667 3936318
stats: tr_play_game__leaderboard 17 9.936939912683824 2.2040124724445955 17.415771484375 8.072021484375 10.37316252055921 19
stats: newphase 1 3
stats: tr_friend_requests 4 8.374755859375 0.41014923816318594 27.51513671875 7.72509765625 11.01062542459239 23
stats: size_sent 470716 2127709
stats: tr_friends 8 33.267242431640625 2.107877464429727 66.26904296875 30.39501953125 36.582194010416664 18
stats: connected 13 83
stats: tr_search_all_users 5 59.610986328125 6.97712766163017 390.282958984375 52.9560546875 76.99872185202206 17
stats: 404 16 120
stats: tr_browse_quizzes_page_1 17 58.1464412913603 6.0262083819667165 427.284912109375 51.468994140625 74.37965522378178 59
stats: tr_play_game__1st_question 12 10.161600748697918 1.1479845752334585 254.35302734375 8.44287109375 17.28133291568396 53
stats: tr_play_game__answer_to_question 9 11.623914930555555 1.2941396487437258 18.757080078125 9.76220703125 11.700721571180555 45
stats: tr_index 19 8.106920744243421 1.9510656859773687 126.986083984375 5.760986328125 9.973000448258198 61
stats: tr_quizzes_page_INDEX 2 9.10302734375 0.12890625 49.875 8.960205078125 12.909820556640625 16
stats: tr_quiz_questions_SHOW 16 10.674545288085938 2.944085320162622 18.76708984375 8.258056640625 9.533212515024037 104
# stats: dump at 1449463763
stats: users 114 115
stats: {recvpackets,"tsung_controller@ip-172-30-3-127"} 1 1710.0 0.0 1710 100 698.1111111111111 9
stats: {sentpackets,"tsung_controller@ip-172-30-3-127"} 1 1421.0 0.0 1421 89 571.0 9
stats: {cpu,"tsung_controller@ip-172-30-3-127"} 1 3.9196940726577436 0.0 7.026644142718744 1.477832512315271 2.9836564456367953 10
stats: {load,"tsung_controller@ip-172-30-3-127"} 1 0.0 0.0 0.01171875 0.0 0.00234375 10
stats: {freemem,"tsung_controller@ip-172-30-3-127"} 1 3140.22265625 0.0 3163.91796875 3140.22265625 3154.89921875 10
stats: session 13 40946.82632211538 14190.799066687076 77264.1298828125 2689.72705078125 31801.347325942097 68
stats: users_count 42 195
stats: finish_users_count 13 81
stats: request 323 15.849539836493806 18.665972758349984 427.164794921875 4.243896484375 17.583252959199008 1456
stats: connect 43 1.5242437318313953 1.7716687490855714 116.263916015625 0.52490234375 2.5057478140521523 151
stats: page 292 17.54410584332192 20.06311833918354 427.164794921875 5.716064453125 20.56573300185594 1246
stats: tr_play_game__ready_page 20 8.22564697265625 0.9675354015264601 18.530029296875 7.12890625 8.723557163292254 71
stats: 302 10 59
stats: tr_question_new_POST 16 4.6181488037109375 0.16665035460723476 10.2099609375 4.3330078125 5.220098876953125 120
stats: 200 297 1584
stats: tr_quiz_new_POST 2 12.5474853515625 0.4364013671875 22.16015625 11.2080078125 13.958333333333334 15
stats: size_rcv 844286 4780604
stats: tr_play_game__leaderboard 5 9.246142578125 1.2362358977281998 17.415771484375 8.072021484375 10.167168511284721 36
stats: newphase 0 3
stats: tr_friend_requests 7 9.959612165178571 1.459121186184343 27.51513671875 7.72509765625 10.62012622974537 27
stats: size_sent 518838 2646547
stats: tr_friends 3 31.069986979166668 0.5637537911328271 66.26904296875 30.27294921875 35.56220890925481 26
stats: connected 29 112
stats: tr_search_all_users 3 62.099934895833336 4.267315141192113 390.282958984375 52.9560546875 73.0469637784091 22
stats: 404 16 136
stats: tr_browse_quizzes_page_1 23 57.55178965692935 5.810859424263782 427.284912109375 51.468994140625 70.7485415810033 76
stats: tr_play_game__1st_question 23 10.486625339673914 2.0717204825089683 254.35302734375 8.343017578125 15.966920823317308 65
stats: tr_play_game__answer_to_question 20 12.09638671875 2.3891394151839425 19.9228515625 9.76220703125 11.687920464409721 54
stats: tr_index 23 7.3758067255434785 1.50162862984907 126.986083984375 5.760986328125 9.529806518554688 80
stats: tr_quizzes_page_INDEX 3 10.728352864583334 1.2336074009089624 49.875 8.960205078125 12.48684353298611 18
stats: tr_quiz_questions_SHOW 16 8.850479125976563 0.8745545716758063 18.76708984375 8.258056640625 9.685390218098956 120
# stats: dump at 1449463773
stats: users 143 144
stats: {recvpackets,"tsung_controller@ip-172-30-3-127"} 1 1858.0 0.0 1858 100 799.3 10
stats: {sentpackets,"tsung_controller@ip-172-30-3-127"} 1 1562.0 0.0 1562 89 656.0 10
stats: {cpu,"tsung_controller@ip-172-30-3-127"} 1 4.829545454545454 0.0 7.026644142718744 1.477832512315271 3.068750775365972 11
stats: {load,"tsung_controller@ip-172-30-3-127"} 1 0.0 0.0 0.01171875 0.0 0.002130681818181818 11
stats: {freemem,"tsung_controller@ip-172-30-3-127"} 1 3132.60546875 0.0 3163.91796875 3132.60546875 3153.5649857954545 11
stats: session 15 28830.382763671874 8365.770705621784 77264.1298828125 2689.72705078125 33269.140251253855 81
stats: users_count 44 239
stats: finish_users_count 15 96
stats: request 405 19.10874987943671 27.78783727994598 427.164794921875 4.243896484375 17.26847536581296 1779
stats: connect 44 1.3115067915482956 1.4004836270051975 116.263916015625 0.52490234375 2.2881979401578607 194
stats: page 362 21.386332306414026 29.900282952446904 427.164794921875 5.716064453125 19.99205606408485 1538
stats: tr_play_game__ready_page 19 8.853759765625 1.6241602967497997 18.530029296875 7.12890625 8.614126352163462 91
stats: 302 23 82
stats: tr_question_new_POST 8 5.706024169921875 1.1638319596075504 10.2099609375 4.3330078125 5.149281221277573 136
stats: 200 374 1958
stats: tr_quiz_new_POST 1 11.3759765625 0.0 22.16015625 11.2080078125 13.792351217830882 17
stats: size_rcv 1036095 5816699
stats: tr_play_game__leaderboard 8 9.270660400390625 1.4810643366328675 17.415771484375 8.02001953125 10.054848275533537 41
stats: newphase 0 3
stats: tr_friend_requests 13 10.449087289663462 6.076779102142354 31.095947265625 7.498046875 10.484138039981618 34
stats: size_sent 655519 3302066
stats: tr_friends 11 38.126220703125 5.648138790705323 66.26904296875 30.27294921875 35.09749629579741 29
stats: connected 30 142
stats: tr_search_all_users 8 58.69769287109375 4.40335908493261 390.282958984375 52.9560546875 71.7333203125 25
stats: 404 8 144
stats: tr_browse_quizzes_page_1 20 55.45469970703125 2.2078396077729296 427.284912109375 51.468994140625 67.6826295178346 99
stats: tr_play_game__1st_question 19 9.767590974506579 1.3781247555062563 254.35302734375 8.343017578125 14.534570867365057 88
stats: tr_play_game__answer_to_question 22 10.912064985795455 0.5437592396821265 19.9228515625 9.76220703125 11.798316749366554 74
stats: tr_index 23 8.01525348165761 1.8548234345446242 126.986083984375 5.760986328125 9.04881627351335 103
stats: tr_quizzes_page_INDEX 7 10.106340680803571 1.0913480882404127 49.875 8.928955078125 12.235630580357142 21
stats: tr_quiz_questions_SHOW 8 9.593994140625 1.247568083426558 18.76708984375 8.258056640625 9.587165383731616 136
# stats: dump at 1449463783
stats: users 198 198
stats: {recvpackets,"tsung_controller@ip-172-30-3-127"} 1 2328.0 0.0 2328 100 895.5454545454545 11
stats: {sentpackets,"tsung_controller@ip-172-30-3-127"} 1 1919.0 0.0 1919 89 738.3636363636364 11
stats: {cpu,"tsung_controller@ip-172-30-3-127"} 1 5.60303893637227 0.0 7.026644142718744 1.477832512315271 3.2154836652975956 12
stats: {load,"tsung_controller@ip-172-30-3-127"} 1 0.0 0.0 0.01171875 0.0 0.001953125 12
stats: {freemem,"tsung_controller@ip-172-30-3-127"} 1 3121.54296875 0.0 3163.91796875 3121.54296875 3151.818359375 12
stats: session 25 36546.51572265626 16506.20598413848 91285.32104492188 2689.72705078125 32575.584393819172 96
stats: users_count 80 319
stats: finish_users_count 25 121
stats: request 520 18.502992131159843 21.01312476319505 427.164794921875 4.243896484375 17.609735062707475 2184
stats: connect 78 1.3861584785657048 1.4992118379249906 116.263916015625 0.501953125 2.107633189994748 238
stats: page 463 20.79290652841526 22.58527376191213 427.164794921875 5.578125 20.257702379728617 1900
stats: tr_play_game__ready_page 31 8.59089119203629 1.2067122215611132 18.530029296875 7.12890625 8.655517578125 110
stats: 302 20 102
stats: tr_question_new_POST 24 5.520619710286458 0.996400848070062 10.2099609375 4.3330078125 5.1802113850911455 144
stats: 200 476 2434
stats: tr_quiz_new_POST 3 12.31494140625 0.4099889989478003 22.16015625 11.2080078125 13.65810818142361 18
stats: size_rcv 1525888 7342587
stats: tr_play_game__leaderboard 16 11.130035400390625 2.611945775947082 17.415771484375 8.02001953125 9.926817602040817 49
stats: newphase 1 4
stats: tr_friend_requests 13 8.55620868389423 0.8481586845732167 31.095947265625 7.498046875 10.474443151595745 47
stats: size_sent 735478 4037544
stats: tr_friends 10 33.525927734375 1.661404430108934 66.26904296875 30.27294921875 35.9303955078125 40
stats: connected 52 194
stats: tr_search_all_users 10 59.074560546875 4.334245993379606 390.282958984375 52.9560546875 68.57316820549242 33
stats: 404 24 168
stats: tr_browse_quizzes_page_1 43 58.59178551962209 6.601469987447756 427.284912109375 51.25 65.62751526391807 119
stats: tr_play_game__1st_question 22 9.733487215909092 1.1408268298551294 254.35302734375 8.343017578125 13.688097802278037 107
stats: tr_play_game__answer_to_question 20 12.01903076171875 2.191718652764243 19.9228515625 9.76220703125 11.59521738688151 96
stats: tr_index 44 7.544133966619319 1.9066666247747888 126.986083984375 5.6240234375 8.860150049603174 126
stats: tr_quizzes_page_INDEX 7 10.030343191964286 1.4600165400475986 49.875 8.778076171875 11.70330810546875 28
stats: tr_quiz_questions_SHOW 24 10.323323567708334 1.6429662025533893 18.76708984375 8.258056640625 9.587544759114582 144
# stats: dump at 1449463793
stats: users 246 248
stats: {recvpackets,"tsung_controller@ip-172-30-3-127"} 1 3227.0 0.0 3227 100 1014.9166666666666 12
stats: {sentpackets,"tsung_controller@ip-172-30-3-127"} 1 2651.0 0.0 2651 89 836.75 12
stats: {cpu,"tsung_controller@ip-172-30-3-127"} 1 6.517690875232775 0.0 7.026644142718744 1.477832512315271 3.3991417630725707 13
stats: {load,"tsung_controller@ip-172-30-3-127"} 1 0.0 0.0 0.01171875 0.0 0.0018028846153846155 13
stats: {freemem,"tsung_controller@ip-172-30-3-127"} 1 3113.0546875 0.0 3163.91796875 3113.0546875 3149.489483173077 13
stats: session 26 36144.807091346156 17130.80572755011 91285.32104492188 2689.72705078125 33396.024751016914 121
stats: users_count 74 393
stats: finish_users_count 26 147
stats: request 627 17.424921501196156 19.57977879238435 427.164794921875 4.243896484375 17.781515268179085 2704
stats: connect 77 1.465893237621753 1.536323881642373 116.263916015625 0.5009765625 1.9295476599584651 316
stats: page 560 19.522606113978807 21.236495412318533 427.164794921875 5.578125 20.362568871832686 2363
stats: tr_play_game__ready_page 43 9.157890852107558 1.8732377815033956 18.530029296875 7.12890625 8.64130894004876 141
stats: 302 24 126
stats: tr_question_new_POST 27 5.512803819444445 1.3073078580621698 10.2099609375 4.3330078125 5.228841145833333 168
stats: 200 576 3010
stats: tr_quiz_new_POST 4 13.57049560546875 3.5265199004377705 22.16015625 11.2080078125 13.466227213541666 21
stats: size_rcv 1678621 9021208
stats: tr_play_game__leaderboard 12 9.697285970052084 1.853301540611169 17.415771484375 8.02001953125 10.222994290865385 65
stats: newphase 0 4
stats: tr_friend_requests 15 9.000846354166667 1.5412990549336405 31.095947265625 7.498046875 10.05882568359375 60
stats: size_sent 970342 5007886
stats: tr_friends 12 36.8248291015625 4.404390968169122 66.26904296875 30.27294921875 35.449501953125 50
stats: connected 53 247
stats: tr_search_all_users 12 59.295450846354164 6.568156762889005 390.282958984375 52.767822265625 66.36418968023256 43
stats: 404 27 195
stats: tr_browse_quizzes_page_1 36 58.66570366753472 5.513702421804866 427.284912109375 51.25 63.76000675154321 162
stats: tr_play_game__1st_question 46 11.125679347826088 2.4910035395308987 254.35302734375 8.343017578125 13.013668089874031 129
stats: tr_play_game__answer_to_question 32 12.750015258789063 2.102614357515228 19.9228515625 9.76220703125 11.668288658405173 116
stats: tr_index 37 7.998502164273648 1.838513563929604 126.986083984375 5.6240234375 8.519534122242646 170
stats: tr_quizzes_page_INDEX 7 10.284458705357142 1.2641958306730199 49.875 8.778076171875 11.368715122767858 35
stats: tr_quiz_questions_SHOW 27 10.373851634837964 2.196084446349792 18.76708984375 8.258056640625 9.692656017485117 168
# stats: dump at 1449463803
stats: users 278 280
stats: {recvpackets,"tsung_controller@ip-172-30-3-127"} 1 3615.0 0.0 3615 100 1185.076923076923 13
stats: {sentpackets,"tsung_controller@ip-172-30-3-127"} 1 3031.0 0.0 3031 89 976.3076923076923 13
stats: {cpu,"tsung_controller@ip-172-30-3-127"} 1 7.386888273314867 0.0 7.386888273314867 1.477832512315271 3.6218952710840138 14
stats: {load,"tsung_controller@ip-172-30-3-127"} 1 0.0 0.0 0.01171875 0.0 0.0016741071428571428 14
stats: {freemem,"tsung_controller@ip-172-30-3-127"} 1 3098.3984375 0.0 3163.91796875 3098.3984375 3146.8869977678573 14
stats: session 45 39567.37219509547 17708.545334178827 113361.47290039063 2689.72705078125 33882.2039404629 147
stats: users_count 77 470
stats: finish_users_count 45 192
stats: request 849 18.37966541519436 26.365341442300707 498.631103515625 4.243896484375 17.714392995018382 3331
stats: connect 78 1.2340181790865385 1.3321666949519029 116.263916015625 0.5009765625 1.8387044270833333 393
stats: page 730 21.394502488227744 28.80858076294287 498.631103515625 5.578125 20.201645456027634 2923
stats: tr_play_game__ready_page 35 10.008189174107143 2.4270930503126573 18.530029296875 7.12890625 8.762031886888588 184
stats: 302 39 165
stats: tr_question_new_POST 53 5.843588775058962 1.4856892620788174 10.2099609375 4.3330078125 5.26815905448718 195
stats: 200 757 3767
stats: tr_quiz_new_POST 6 14.62646484375 3.5601073060177804 22.4208984375 11.2080078125 13.48291015625 25
stats: size_rcv 2221834 11243042
stats: tr_play_game__leaderboard 24 10.126210530598959 1.796953250009331 17.415771484375 7.982177734375 10.141065721387987 77
stats: newphase 0 4
stats: tr_friend_requests 25 9.305556640625 1.2501849706740813 31.095947265625 7.498046875 9.847229817708333 75
stats: size_sent 1309320 6317206
stats: tr_friends 21 37.46332077752976 8.692166567152048 67.1630859375 30.27294921875 35.71569430443548 62
stats: connected 32 279
stats: tr_search_all_users 15 63.690364583333334 7.811097835326304 390.282958984375 52.767822265625 64.82191938920455 55
stats: 404 53 248
stats: tr_browse_quizzes_page_1 35 61.20304129464286 8.310016247682551 427.284912109375 51.25 62.83376982717803 198
stats: tr_play_game__1st_question 35 11.100927734375 2.515508331328359 254.35302734375 8.343017578125 12.517396763392858 175
stats: tr_play_game__answer_to_question 33 12.649724786931818 2.561727666994175 19.9228515625 9.76220703125 11.902175490920609 148
stats: tr_index 35 7.8897321428571425 1.8051988290786714 126.986083984375 5.6240234375 8.426402806083937 207
stats: tr_quizzes_page_INDEX 12 10.232767740885416 1.5373747311268255 49.875 8.7080078125 11.188005719866073 42
stats: tr_quiz_questions_SHOW 53 10.736171506485853 2.5314747755189475 21.7978515625 8.258056640625 9.78697541065705 195
# stats: dump at 1449463813
stats: users 384 384
stats: {recvpackets,"tsung_controller@ip-172-30-3-127"} 1 4969.0 0.0 4969 100 1358.642857142857 14
stats: {sentpackets,"tsung_controller@ip-172-30-3-127"} 1 4080.0 0.0 4080 89 1123.0714285714287 14
stats: {cpu,"tsung_controller@ip-172-30-3-127"} 1 8.892921960072595 0.0 8.892921960072595 1.477832512315271 3.8728948045660707 15
stats: {load,"tsung_controller@ip-172-30-3-127"} 1 0.0 0.0 0.01171875 0.0 0.0015625 15
stats: {freemem,"tsung_controller@ip-172-30-3-127"} 1 3087.34765625 0.0 3163.91796875 3087.34765625 3143.6544270833333 15
stats: session 50 36257.45857421875 16161.044409019638 113361.47290039063 2689.72705078125 35214.66525014241 192
stats: users_count 156 626
stats: finish_users_count 50 242
stats: request 968 19.21566570691825 21.532516459903416 498.631103515625 4.243896484375 17.84951650811154 4180
stats: connect 154 1.3341270545860389 1.4589675681110044 116.263916015625 0.5009765625 1.7385653032112527 471
stats: page 860 21.642478765443293 23.15346397915476 498.631103515625 5.578125 20.440020937414463 3653
stats: tr_play_game__ready_page 46 10.22020422894022 2.6901316269525397 20.8701171875 7.12890625 8.961189444206623 219
stats: 302 33 198
stats: tr_question_new_POST 48 5.962921142578124 1.4584983692208908 10.2099609375 4.3330078125 5.391133954448085 248
stats: 200 887 4654
stats: tr_quiz_new_POST 6 12.244791666666666 0.5773644757483121 22.4208984375 11.2080078125 13.70424332157258 31
stats: size_rcv 2817657 14060699
stats: tr_play_game__leaderboard 19 11.563142475328947 2.1814313678970327 17.415771484375 7.982177734375 10.137535775061881 101
stats: newphase 1 5
stats: tr_friend_requests 14 9.839913504464286 1.5928939513890523 31.095947265625 7.498046875 9.7118115234375 100
stats: size_sent 1352611 7669817
stats: tr_friends 21 36.231177920386905 5.195360831787271 67.1630859375 30.27294921875 36.15786485786898 83
stats: connected 104 383
stats: tr_search_all_users 23 66.99656080163045 11.061665277633653 390.282958984375 52.44091796875 64.579443359375 70
stats: 404 48 296
stats: tr_browse_quizzes_page_1 66 62.80290083451705 9.42515649678628 427.284912109375 51.25 62.588810605552574 233
stats: tr_play_game__1st_question 43 11.328471339026162 2.4214193181469637 254.35302734375 8.343017578125 12.281318591889882 210
stats: tr_play_game__answer_to_question 35 12.74521484375 2.829177958016951 20.296142578125 9.76220703125 12.0384690089779 181
stats: tr_index 73 8.375608679366442 2.15491136418457 126.986083984375 5.6240234375 8.348785148179235 242
stats: tr_quizzes_page_INDEX 18 11.53994411892361 2.1990301860134855 49.875 8.7080078125 10.975730613425926 54
stats: tr_quiz_questions_SHOW 48 10.664093017578125 1.8393007036027025 21.7978515625 8.258056640625 9.989827802104335 248
# stats: dump at 1449463823
stats: users 496 498
stats: {recvpackets,"tsung_controller@ip-172-30-3-127"} 1 6828.0 0.0 6828 100 1599.3333333333333 15
stats: {sentpackets,"tsung_controller@ip-172-30-3-127"} 1 5531.0 0.0 5531 89 1320.2 15
stats: {cpu,"tsung_controller@ip-172-30-3-127"} 1 12.046058458813109 0.0 12.046058458813109 1.477832512315271 4.186646501785228 16
stats: {load,"tsung_controller@ip-172-30-3-127"} 1 0.0 0.0 0.01171875 0.0 0.00146484375 16
stats: {freemem,"tsung_controller@ip-172-30-3-127"} 1 3066.18359375 0.0 3163.91796875 3066.18359375 3140.13525390625 16
stats: session 67 37582.24758410098 16238.351813650728 113361.47290039063 2689.72705078125 35430.11841627389 242
stats: users_count 179 805
stats: finish_users_count 67 309
stats: request 1701 19.281263491604225 21.880481672101045 498.631103515625 4.243896484375 18.10639926344272 5148
stats: connect 180 1.4340020073784723 1.5807859614464936 116.263916015625 0.5009765625 1.63891171875 625
stats: page 1441 22.785960507839608 24.511602228352405 498.631103515625 5.578125 20.66916202584894 4513
stats: tr_play_game__ready_page 85 11.192124310661761 4.2913914383479055 34.406982421875 7.12890625 9.179735406839624 265
stats: 302 76 274
stats: tr_question_new_POST 147 6.841527822066327 3.5011325019414508 29.303955078125 4.3330078125 5.483856201171875 296
stats: 200 1478 6132
stats: tr_quiz_new_POST 19 14.424226459703947 1.9923908885051549 22.4208984375 11.130859375 13.467575485641891 37
stats: size_rcv 4496612 18557311
stats: tr_play_game__leaderboard 36 13.88705105251736 8.338555125745032 59.94189453125 7.982177734375 10.3632568359375 120
stats: newphase 0 5
stats: tr_friend_requests 34 10.670582490808824 2.2006882343968757 31.095947265625 7.498046875 9.72754334566886 114
stats: size_sent 2310634 9980451
stats: tr_friends 18 38.483072916666664 5.970881575238454 67.1630859375 30.27294921875 36.17266845703126 104
stats: connected 115 498
stats: tr_search_all_users 19 66.92914782072368 8.884890365737018 390.282958984375 52.44091796875 65.17722509240592 93
stats: 404 147 443
stats: tr_browse_quizzes_page_1 89 69.16759842433285 12.264001374314876 427.284912109375 51.25 62.636067980507946 299
stats: tr_play_game__1st_question 78 12.921737279647438 4.8452033770168565 254.35302734375 8.343017578125 12.119372220849803 253
stats: tr_play_game__answer_to_question 64 13.466686248779297 2.9628490260659976 24.64501953125 9.76220703125 12.15298800998264 216
stats: tr_index 94 9.87394552027925 3.573863542336925 126.986083984375 5.6240234375 8.355001395089285 315
stats: tr_quizzes_page_INDEX 23 12.369278617527174 6.872883765693118 49.875 8.26513671875 11.116783989800346 72
stats: tr_quiz_questions_SHOW 147 11.812304023171771 3.3593361237358925 32.405029296875 8.258056640625 10.0991681073163 296
# stats: dump at 1449463833
stats: users 566 568
stats: {recvpackets,"tsung_controller@ip-172-30-3-127"} 1 8879.0 0.0 8879 100 1926.125 16
stats: {sentpackets,"tsung_controller@ip-172-30-3-127"} 1 7133.0 0.0 7133 89 1583.375 16
stats: {cpu,"tsung_controller@ip-172-30-3-127"} 1 13.525305410122165 0.0 13.525305410122165 1.477832512315271 4.648964852198633 17
stats: {load,"tsung_controller@ip-172-30-3-127"} 1 0.0 0.0 0.01171875 0.0 0.0013786764705882354 17
stats: {freemem,"tsung_controller@ip-172-30-3-127"} 1 3044.046875 0.0 3163.91796875 3044.046875 3135.78515625 17
stats: session 80 34497.95466003417 15545.436662036023 113361.47290039063 2689.72705078125 35896.76131026876 309
stats: users_count 150 955
stats: finish_users_count 80 389
stats: request 1899 22.11137067926377 23.50657811590893 498.631103515625 4.243896484375 18.39818551721739 6849
stats: connect 150 1.4358365885416668 1.6412735031864882 116.263916015625 0.496826171875 1.5930933981948758 805
stats: page 1603 26.219833935638267 26.892351386328798 498.631103515625 5.578125 21.181474187849034 5954
stats: tr_play_game__ready_page 86 13.665672124818315 9.220909333941025 64.802978515625 7.12890625 9.668458426339285 350
stats: 302 75 349
stats: tr_question_new_POST 168 9.407887776692698 7.344117149460484 54.6689453125 4.3330078125 5.934370260475451 443
stats: 200 1656 7788
stats: tr_quiz_new_POST 21 19.327706473214285 15.624311375319477 85.3349609375 11.130859375 13.792153494698661 56
stats: size_rcv 5099028 23656339
stats: tr_play_game__leaderboard 34 15.688885857077207 11.14837186539536 67.837890625 7.982177734375 11.176440116686699 156
stats: newphase 0 5
stats: tr_friend_requests 53 14.172846956073114 10.963715054497685 80.398193359375 7.498046875 9.94418747360642 148
stats: size_sent 2789412 12769863
stats: tr_friends 32 43.61911773681641 11.051970897601244 87.026123046875 30.27294921875 36.51354780353484 122
stats: connected 68 566
stats: tr_search_all_users 27 72.05660445601853 16.250283766263674 390.282958984375 52.44091796875 65.47442626953126 112
stats: 404 168 611
stats: tr_browse_quizzes_page_1 93 74.03831432711695 16.630692695449987 427.284912109375 51.25 64.13427986066365 388
stats: tr_play_game__1st_question 86 14.89957019894622 7.954070058401355 254.35302734375 8.343017578125 12.308449183345921 331
stats: tr_play_game__answer_to_question 87 17.26431730423851 9.940150366715063 64.510009765625 9.76220703125 12.45326189313616 280
stats: tr_index 81 11.545768831983027 7.530506949298016 126.986083984375 5.6240234375 8.704098577895781 409
stats: tr_quizzes_page_INDEX 30 16.796728515625 13.211801667466709 73.9150390625 8.26513671875 11.42001953125 95
stats: tr_quiz_questions_SHOW 167 14.20791717346557 6.783487346051682 56.531982421875 8.258056640625 10.667635329959086 443
# stats: dump at 1449463843
stats: users 725 725
stats: {recvpackets,"tsung_controller@ip-172-30-3-127"} 1 10507.0 0.0 10507 100 2335.1176470588234 17
stats: {sentpackets,"tsung_controller@ip-172-30-3-127"} 1 8272.0 0.0 8272 89 1909.8235294117646 17
stats: {cpu,"tsung_controller@ip-172-30-3-127"} 1 14.83375959079284 0.0 14.83375959079284 1.477832512315271 5.1420948831943845 18
stats: {load,"tsung_controller@ip-172-30-3-127"} 1 0.0 0.0 0.01171875 0.0 0.0013020833333333333 18
stats: {freemem,"tsung_controller@ip-172-30-3-127"} 1 3020.79296875 0.0 3163.91796875 3020.79296875 3130.6885850694443 18
stats: session 96 35661.09301503498 15749.828992868344 113361.47290039063 2689.72705078125 35609.08899145445 389
stats: users_count 255 1210
stats: finish_users_count 96 485
stats: request 2299 26.841725193868253 31.35001249311156 498.631103515625 4.243896484375 19.204237028731573 8748
stats: connect 254 1.4441956046998032 1.6453199669780951 116.263916015625 0.494140625 1.5683933757362565 955
stats: page 1938 31.743767611382555 36.14397247304087 498.631103515625 5.578125 22.250217164652813 7557
stats: tr_play_game__ready_page 97 21.449631523840207 26.519739949395237 154.718994140625 7.12890625 10.456899660442946 436
stats: 302 64 413
stats: tr_question_new_POST 221 10.556176647341628 9.689532617269931 83.93603515625 4.3330078125 6.88944545315057 611
stats: 200 2014 9802
stats: tr_quiz_new_POST 30 25.57490234375 17.027769049321055 90.449951171875 11.130859375 15.301849761566558 77
stats: size_rcv 6298151 29954490
stats: tr_play_game__leaderboard 43 20.575609783793606 21.648108694727515 132.22998046875 7.982177734375 11.983930407072368 190
stats: newphase 1 6
stats: tr_friend_requests 39 20.98848157051282 23.72776468756417 147.902099609375 7.498046875 11.059207138137438 201
stats: size_sent 3263395 16033258
stats: tr_friends 46 47.01813540251361 13.223165232549231 112.051025390625 30.27294921875 37.99002986759335 154
stats: connected 157 723
stats: tr_search_all_users 34 82.1987663717831 22.584609365107852 390.282958984375 52.44091796875 66.75297886690649 139
stats: 404 221 832
stats: tr_browse_quizzes_page_1 116 89.40944277007004 34.96909285602282 427.284912109375 51.25 66.04919712756627 481
stats: tr_play_game__1st_question 86 18.36742312409157 18.298572059733804 254.35302734375 8.343017578125 12.842829057066847 417
stats: tr_play_game__answer_to_question 82 22.400420398246947 18.792437386122632 147.2119140625 9.76220703125 13.593757317566418 367
stats: tr_index 128 17.118099212646484 20.33305146950426 144.70703125 5.6240234375 9.173844068877552 490
stats: tr_quizzes_page_INDEX 21 15.006708054315476 4.013641707791485 73.9150390625 8.26513671875 12.7104296875 125
stats: tr_quiz_questions_SHOW 218 15.233368199899651 10.581679212852263 124.365966796875 8.258056640625 11.636860031378074 610
# stats: dump at 1449463853
stats: users 906 906
stats: {recvpackets,"tsung_controller@ip-172-30-3-127"} 1 13662.0 0.0 13662 100 2789.1111111111113 18
stats: {sentpackets,"tsung_controller@ip-172-30-3-127"} 1 10629.0 0.0 10629 89 2263.277777777778 18
stats: {cpu,"tsung_controller@ip-172-30-3-127"} 1 17.69165964616681 0.0 17.69165964616681 1.477832512315271 5.652182499383777 19
stats: {load,"tsung_controller@ip-172-30-3-127"} 1 0.078125 0.0 0.078125 0.0 0.0012335526315789473 19
stats: {freemem,"tsung_controller@ip-172-30-3-127"} 1 2989.2265625 0.0 3163.91796875 2989.2265625 3124.904605263158 19
stats: session 122 39369.71439148949 14367.787696855286 113361.47290039063 2689.72705078125 35619.38257137967 485
stats: users_count 303 1513
stats: finish_users_count 122 607
stats: request 2578 35.26379129366884 31.61033749261601 498.631103515625 4.243896484375 20.79368079551434 11047
stats: connect 303 1.5218598520008249 1.6910131530215706 116.263916015625 0.494140625 1.542300543773263 1209
stats: page 2262 40.23662007919562 37.10480408157375 498.631103515625 5.578125 24.187921300067476 9495
stats: tr_play_game__ready_page 126 24.892177036830358 17.200580805051455 154.718994140625 7.12890625 12.457453114006801 533
stats: 302 99 512
stats: tr_question_new_POST 160 15.616069030761718 14.74226816666431 83.93603515625 4.3330078125 7.86342092660757 832
stats: 200 2319 12121
stats: tr_quiz_new_POST 19 31.078780324835527 21.69413482618025 90.449951171875 11.130859375 18.182144878066588 107
stats: size_rcv 6996253 36950743
stats: tr_play_game__leaderboard 67 27.115154209421643 19.747584021017374 132.22998046875 7.982177734375 13.56951930492221 233
stats: newphase 0 6
stats: tr_friend_requests 52 27.40874774639423 20.83509671178864 147.902099609375 7.498046875 12.672714233398438 240
stats: size_sent 3859358 19892616
stats: tr_friends 38 60.00138132195724 22.026139306708057 120.927001953125 30.27294921875 40.06649414062501 200
stats: connected 180 903
stats: tr_search_all_users 46 89.08267875339673 21.113397700219018 390.282958984375 52.44091796875 69.78856716266259 173
stats: 404 160 992
stats: tr_browse_quizzes_page_1 148 90.69673280458194 23.942288052122656 427.284912109375 51.25 70.58820633113484 597
stats: tr_play_game__1st_question 133 28.76966341635339 20.803049024658787 254.35302734375 8.343017578125 13.787391859778827 503
stats: tr_play_game__answer_to_question 103 29.950927734375 22.063579949286193 147.2119140625 9.76220703125 15.202101131855512 449
stats: tr_index 156 24.008361816406246 18.80896304603403 144.70703125 5.6240234375 10.819256137489887 618
stats: tr_quizzes_page_INDEX 35 30.85868443080357 25.15803174493004 102.48095703125 8.26513671875 13.040716301904967 146
stats: tr_quiz_questions_SHOW 164 21.65226038490855 15.20645080348943 124.365966796875 8.258056640625 12.583766771399457 828
# stats: dump at 1449463863
stats: users 1059 1059
stats: {recvpackets,"tsung_controller@ip-172-30-3-127"} 1 16164.0 0.0 16164 100 3361.3684210526317 19
stats: {sentpackets,"tsung_controller@ip-172-30-3-127"} 1 12419.0 0.0 12419 89 2703.5789473684213 19
stats: {cpu,"tsung_controller@ip-172-30-3-127"} 1 18.65671641791045 0.0 18.65671641791045 1.477832512315271 6.254156356722929 20
stats: {load,"tsung_controller@ip-172-30-3-127"} 1 0.05859375 0.0 0.078125 0.0 0.005078125 20
stats: {freemem,"tsung_controller@ip-172-30-3-127"} 1 2946.80859375 0.0 3163.91796875 2946.80859375 3118.120703125 20
stats: session 146 39200.18793477098 16076.715971074931 113361.47290039063 2689.72705078125 36373.156017925634 607
stats: users_count 299 1812
stats: finish_users_count 146 753
stats: request 3032 101.54533116484085 216.70471527272463 1850.85205078125 0.51904296875 23.531585005733962 13625
stats: connect 320 1.296017456054687 1.492138581943937 116.263916015625 0.494140625 1.5382042940331515 1512
stats: page 2577 119.44820334479274 234.0860040040441 1850.85205078125 0.531005859375 27.275627061604247 11757
stats: tr_play_game__ready_page 135 56.24767795138889 30.253126772297588 154.718994140625 0.6259765625 14.834957232786419 659
stats: 302 133 645
stats: tr_question_new_POST 239 41.3002572159388 28.07087009800234 158.798828125 4.3330078125 9.11384804018082 992
stats: 200 2616 14737
stats: tr_quiz_new_POST 32 61.321083068847656 30.865217980952714 163.7919921875 11.130859375 20.126875620039684 126
stats: size_rcv 7745434 44696177
stats: tr_play_game__leaderboard 70 63.41900809151786 35.6154084239814 161.59619140625 1.02392578125 16.594711100260415 300
stats: newphase 0 6
stats: tr_friend_requests 72 55.570353190104164 33.05373760719751 159.10986328125 0.74609375 15.296939379548373 292
stats: size_sent 4628610 24521226
stats: tr_friends 52 90.96631328876202 35.57643817888983 191.073974609375 0.60205078125 43.249375287224275 238
stats: connected 129 1032
stats: tr_search_all_users 47 126.78560816988032 42.59234619295485 390.282958984375 0.73388671875 73.84121160637844 219
stats: 404 240 1232
stats: tr_browse_quizzes_page_1 117 139.45119274172006 135.6875956433911 1525.27197265625 0.6640625 74.58292031512164 745
stats: 500 44 44
stats: tr_play_game__1st_question 130 69.64013108473557 138.81241500433418 1585.544189453125 0.7958984375 16.92047694943986 636
stats: tr_play_game__answer_to_question 120 61.901023356119794 32.51327652234733 182.254150390625 0.9130859375 17.954146675441574 552
stats: tr_index 111 535.622538798564 635.3608520570683 1767.51904296875 1.265869140625 13.477525499131945 774
stats: tr_quizzes_page_INDEX 42 57.287684849330354 35.12474200177972 162.634033203125 8.26513671875 16.486179752244475 181
stats: tr_quiz_questions_SHOW 238 45.56913898371848 27.485300907126575 163.9091796875 4.7880859375 14.082993538148944 992
# stats: dump at 1449463873
stats: users 943 1092
stats: {recvpackets,"tsung_controller@ip-172-30-3-127"} 1 18683.0 0.0 18683 100 4001.5 20
stats: {sentpackets,"tsung_controller@ip-172-30-3-127"} 1 13669.0 0.0 13669 89 3189.3500000000004 20
stats: {cpu,"tsung_controller@ip-172-30-3-127"} 1 20.714865962632008 0.0 20.714865962632008 1.477832512315271 6.844754454874716 21
stats: {load,"tsung_controller@ip-172-30-3-127"} 1 0.2109375 0.0 0.2109375 0.0 0.007626488095238095 21
stats: {freemem,"tsung_controller@ip-172-30-3-127"} 1 2910.88671875 0.0 3163.91796875 2910.88671875 3109.9629836309523 21
stats: session 175 38721.86708844867 16235.082729478136 113361.47290039063 2689.72705078125 36921.2923524003 753
stats: users_count 59 1871
stats: finish_users_count 175 928
stats: request 2973 234.79324393171353 611.1449764541413 4109.965087890625 0.51513671875 37.73208199525261 16657
stats: connect 118 1.435114456435381 1.503900295067267 116.263916015625 0.494140625 1.4959009162203194 1832
stats: page 2451 284.0438577565596 666.9233577717448 4125.43798828125 0.51513671875 43.84662811377229 14334
stats: tr_play_game__ready_page 104 108.49748816856969 226.11098480219243 2015.659912109375 0.6259765625 21.87616289652865 794
stats: 302 125 770
stats: tr_question_new_POST 275 97.55744762073866 249.0773834498652 4058.0068359375 0.659912109375 15.362874679503449 1231
stats: 200 2510 17247
stats: tr_quiz_new_POST 41 93.10371808307927 60.85507721379457 238.98193359375 11.130859375 28.470006242583068 158
stats: size_rcv 7564023 52260200
stats: tr_play_game__leaderboard 95 165.5756296258224 506.0217072303147 3858.132080078125 0.804931640625 25.4533618823902 370
stats: newphase 0 6
stats: tr_friend_requests 75 79.81111002604165 53.273215117062 216.10205078125 0.674072265625 23.263109144273695 364
stats: 422 4 4
stats: tr_friends 77 164.36974304991884 386.7445578914664 3497.764892578125 0.60205078125 51.80551589439656 290
stats: size_sent 4736135 29257361
stats: tr_search_all_users 58 230.82905946928878 494.80139926559247 3937.963134765625 0.73388671875 83.1960485931626 266
stats: connected -109 923
stats: tr_browse_quizzes_page_1 66 628.566513523911 1152.358202493732 4074.951904296875 0.6640625 83.3875466189639 862
stats: 404 273 1505
stats: tr_play_game__1st_question 112 132.31852286202573 334.33871298629794 2591.64013671875 0.7958984375 25.867676737414328 766
stats: 500 60 104
stats: tr_play_game__answer_to_question 121 166.41185716361056 475.83223930545654 3935.696044921875 0.884033203125 25.801803225562686 672
stats: tr_index 45 2516.7628960503457 680.836271966512 3921.887939453125 1.265869140625 78.96690004855225 885
stats: tr_quizzes_page_INDEX 45 92.00586480034723 48.67835714336212 218.741943359375 8.26513671875 24.170768156179932 223
stats: tr_quiz_questions_SHOW 270 103.9108344184028 195.27405414372927 2501.906982421875 4.7880859375 20.17543468940549 1230
# stats: dump at 1449463883
stats: users 720 1092
stats: {recvpackets,"tsung_controller@ip-172-30-3-127"} 1 19651.0 0.0 19651 100 4700.619047619048 21
stats: {sentpackets,"tsung_controller@ip-172-30-3-127"} 1 12949.0 0.0 13669 89 3688.3809523809523 21
stats: {cpu,"tsung_controller@ip-172-30-3-127"} 1 18.070318887980378 0.0 20.714865962632008 1.477832512315271 7.475214068863684 22
stats: {load,"tsung_controller@ip-172-30-3-127"} 1 0.1796875 0.0 0.2109375 0.0 0.016867897727272728 22
stats: {freemem,"tsung_controller@ip-172-30-3-127"} 1 2898.53125 0.0 3163.91796875 2898.53125 3100.9140625 22
stats: session 223 38349.38713805883 13967.38991312865 113361.47290039063 2689.72705078125 37260.84038990943 928
stats: users_count 0 1871
stats: finish_users_count 223 1151
stats: request 3138 83.31247518137037 74.38901037983095 4109.965087890625 0.51513671875 67.57736138583327 19630
stats: connect 21 1.0315522693452381 1.0841852170570174 116.263916015625 0.494140625 1.4922225560897435 1950
stats: page 2496 105.73408547425882 101.06024444716492 4125.43798828125 0.51513671875 78.92100463176287 16785
stats: tr_play_game__ready_page 29 108.20144969019395 81.30660814430901 2015.659912109375 0.6259765625 31.908031302199333 898
stats: 302 108 878
stats: tr_question_new_POST 422 64.23969286877957 63.88812054185953 4058.0068359375 0.659912109375 30.3718438420796 1506
stats: 200 2595 19842
stats: tr_quiz_new_POST 42 76.13019670758929 71.69943548982017 260.851806640625 10.718017578125 41.786499636856156 199
stats: size_rcv 8112090 60372290
stats: tr_play_game__leaderboard 91 62.51758617359205 64.0554182471385 3858.132080078125 0.804931640625 54.08049185147849 465
stats: newphase 0 6
stats: tr_friend_requests 83 73.55564053087349 65.31676752913852 270.6669921875 0.674072265625 32.92392934047551 439
stats: 422 4 8
stats: tr_friends 80 98.92405700683595 70.6931913286997 3497.764892578125 0.60205078125 75.42253358097751 367
stats: size_sent 5017934 34275295
stats: tr_search_all_users 72 158.64060804578992 81.39117055049594 3937.963134765625 0.73388671875 109.62418016975309 324
stats: connected -200 723
stats: tr_browse_quizzes_page_1 2 148.3875732421875 55.1754150390625 4074.951904296875 0.6640625 122.16105073073814 928
stats: 404 431 1936
stats: tr_play_game__1st_question 43 133.54271893168604 87.36949764235227 2591.64013671875 0.7958984375 39.44682795148776 878
stats: 500 0 104
stats: tr_play_game__answer_to_question 97 105.03432063466495 78.2684810214818 3935.696044921875 0.884033203125 47.25680515053594 793
stats: tr_index 0 0 0 3921.887939453125 1.265869140625 196.92477082283256 930
stats: tr_quizzes_page_INDEX 51 87.94800762101714 68.14220720935262 242.666015625 8.26513671875 35.560989607625935 268
stats: tr_quiz_questions_SHOW 428 69.39079498576217 65.48571900815416 2501.906982421875 4.7880859375 35.24780664062501 1500
# stats: dump at 1449463893
stats: users 510 1092
stats: {recvpackets,"tsung_controller@ip-172-30-3-127"} 1 14935.0 0.0 19651 100 5380.181818181818 22
stats: {sentpackets,"tsung_controller@ip-172-30-3-127"} 1 10410.0 0.0 13669 89 4109.318181818182 22
stats: {cpu,"tsung_controller@ip-172-30-3-127"} 1 15.776081424936386 0.0 20.714865962632008 1.477832512315271 7.935870800129628 23
stats: {load,"tsung_controller@ip-172-30-3-127"} 1 0.1484375 0.0 0.2109375 0.0 0.023947010869565216 23
stats: {freemem,"tsung_controller@ip-172-30-3-127"} 1 2920.4375 0.0 3163.91796875 2898.53125 3092.1148097826085 23
stats: session 210 43679.54596702941 15918.098351492175 113361.47290039063 2689.72705078125 37471.740411488325 1151
stats: users_count 0 1871
stats: finish_users_count 210 1361
stats: request 2020 19.694020488474635 22.371715477127267 4109.965087890625 0.51513671875 69.74605372114578 22768
stats: connect 2 1.0479736328125 0.0609130859375 116.263916015625 0.494140625 1.4873143490772451 1971
stats: page 1643 24.24095074867811 25.44627673502636 4125.43798828125 0.51513671875 82.39206161961982 19281
stats: tr_play_game__ready_page 3 12.671061197916666 3.9500030600727745 2015.659912109375 0.6259765625 34.294772546268206 927
stats: 302 80 958
stats: tr_question_new_POST 251 7.903273624252999 8.35364060683287 4058.0068359375 0.659912109375 37.78482739460417 1928
stats: 200 1677 21519
stats: tr_quiz_new_POST 32 16.43427276611328 10.47446767698261 260.851806640625 4.5361328125 47.77170825499222 241
stats: size_rcv 5491175 65863465
stats: tr_play_game__leaderboard 110 14.730866033380686 9.912245562705593 3858.132080078125 0.804931640625 55.46138318837118 556
stats: newphase 0 6
stats: tr_friend_requests 32 13.413116455078125 10.155894728966627 270.6669921875 0.674072265625 39.38452709680316 522
stats: 422 18 26
stats: tr_friends 57 40.09143708881579 12.590433455906755 3497.764892578125 0.60205078125 79.62862278471057 447
stats: size_sent 3531943 37807238
stats: tr_search_all_users 74 74.05537703230578 22.373150229664457 3937.963134765625 0.73388671875 118.53625796539615 396
stats: connected -213 510
stats: tr_browse_quizzes_page_1 0 0 0 4074.951904296875 0.6640625 122.21745185441868 930
stats: 404 245 2181
stats: tr_play_game__1st_question 9 13.253011067708334 3.7809409496021438 2591.64013671875 0.7958984375 43.84001287238736 921
stats: 500 0 104
stats: tr_play_game__answer_to_question 30 20.372314453125 11.581893628800046 3935.696044921875 0.884033203125 53.553905152738764 890
stats: tr_index 0 0 0 3921.887939453125 1.265869140625 196.92477082283256 930
stats: tr_quizzes_page_INDEX 24 14.600758870442709 7.738808248715094 242.666015625 8.26513671875 43.93634358468848 319
stats: tr_quiz_questions_SHOW 250 12.4246435546875 9.299841845871157 2501.906982421875 3.55908203125 42.82726670894384 1928
# stats: dump at 1449463903
stats: users 321 1092
stats: {recvpackets,"tsung_controller@ip-172-30-3-127"} 1 9724.0 0.0 19651 100 5795.608695652174 23
stats: {sentpackets,"tsung_controller@ip-172-30-3-127"} 1 7209.0 0.0 13669 89 4383.260869565217 23
stats: {cpu,"tsung_controller@ip-172-30-3-127"} 1 11.948051948051948 0.0 20.714865962632008 1.477832512315271 8.26254624282991 24
stats: {load,"tsung_controller@ip-172-30-3-127"} 1 0.12890625 0.0 0.2109375 0.0 0.029134114583333332 24
stats: {freemem,"tsung_controller@ip-172-30-3-127"} 1 2932.828125 0.0 3163.91796875 2898.53125 3084.9615885416665 24
stats: session 189 50232.67171353135 12975.767338250762 113361.47290039063 2689.72705078125 38429.59431792743 1361
stats: users_count 0 1871
stats: finish_users_count 189 1550
stats: request 1478 15.305304624069691 16.538589549365067 4109.965087890625 0.51513671875 65.66726127601122 24788
stats: connect 3 1.9193522135416667 1.701234547973638 116.263916015625 0.494140625 1.4868689960957298 1973
stats: page 1186 19.11667389893812 18.265193427737593 4125.43798828125 0.51513671875 77.82590432842515 20924
stats: tr_play_game__ready_page 0 0 0 2015.659912109375 0.6259765625 34.22501863869287 930
stats: 302 29 987
stats: tr_question_new_POST 213 6.060731413218897 1.928996706624295 4058.0068359375 0.659912109375 34.34275763950635 2179
stats: 200 1224 22743
stats: tr_quiz_new_POST 27 14.88450339988426 2.615621715133178 260.851806640625 4.5361328125 44.09845574347528 273
stats: size_rcv 3999520 69862985
stats: tr_play_game__leaderboard 101 10.853885461788371 2.9569238077911293 3858.132080078125 0.804931640625 48.73412059520458 666
stats: newphase 0 6
stats: tr_friend_requests 16 10.658370971679688 5.701341519812223 270.6669921875 0.674072265625 37.884373413526625 554
stats: 422 0 26
stats: tr_friends 33 35.9010194720644 10.407268832546567 3497.764892578125 0.60205078125 75.1571553548177 504
stats: size_sent 2561391 40368629
stats: tr_search_all_users 48 62.255696614583314 17.297650147431852 3937.963134765625 0.73388671875 111.53288522273937 470
stats: connected -187 323
stats: tr_browse_quizzes_page_1 0 0 0 4074.951904296875 0.6640625 122.21745185441868 930
stats: 404 225 2406
stats: tr_play_game__1st_question 0 0 0 2591.64013671875 0.7958984375 43.544009629116275 930
stats: 500 0 104
stats: tr_play_game__answer_to_question 6 15.468180338541666 6.92291910875744 3935.696044921875 0.884033203125 52.47189676036005 920
stats: tr_index 0 0 0 3921.887939453125 1.265869140625 196.92477082283256 930
stats: tr_quizzes_page_INDEX 8 10.525634765625 1.261566796615575 242.666015625 8.26513671875 41.883707919551746 343
stats: tr_quiz_questions_SHOW 214 10.754408221378506 2.597462611812217 2501.906982421875 3.55908203125 39.337525759189894 2178
# stats: dump at 1449463913
stats: users 198 1092
stats: {recvpackets,"tsung_controller@ip-172-30-3-127"} 1 6247.0 0.0 19651 100 5959.291666666667 24
stats: {sentpackets,"tsung_controller@ip-172-30-3-127"} 1 4742.0 0.0 13669 89 4500.999999999999 24
stats: {cpu,"tsung_controller@ip-172-30-3-127"} 1 8.242753623188406 0.0 20.714865962632008 1.477832512315271 8.409966471038791 25
stats: {load,"tsung_controller@ip-172-30-3-127"} 1 0.109375 0.0 0.2109375 0.0 0.033125 25
stats: {freemem,"tsung_controller@ip-172-30-3-127"} 1 2967.87109375 0.0 3163.91796875 2898.53125 3078.87625 25
stats: session 123 58954.021942883 13191.733918098214 120610.18676757813 2689.72705078125 39868.808271326874 1550
stats: users_count 0 1871
stats: finish_users_count 123 1673
stats: request 939 13.690560467834796 14.47520685241118 4109.965087890625 0.51513671875 62.83337062149322 26266
stats: connect 1 4.30908203125 0.0 116.263916015625 0.494140625 1.4875256001707995 1976
stats: page 758 16.98924203032241 15.77067094459766 4125.43798828125 0.51513671875 74.67668916382218 22110
stats: tr_play_game__ready_page 0 0 0 2015.659912109375 0.6259765625 34.22501863869287 930
stats: 302 10 997
stats: tr_question_new_POST 136 5.338290943818934 1.2521648729116466 4058.0068359375 0.659912109375 31.82433306333611 2392
stats: 200 787 23530
stats: tr_quiz_new_POST 16 12.643508911132813 1.727076048918276 260.851806640625 4.5361328125 41.46920003255208 300
stats: size_rcv 2608871 72471856
stats: tr_play_game__leaderboard 77 10.008170784293828 2.0460136613901856 3858.132080078125 0.804931640625 43.74598011479384 767
stats: newphase 0 6
stats: tr_friend_requests 9 9.067572699652779 1.3200752289774214 270.6669921875 0.674072265625 37.120134748492326 570
stats: 422 0 26
stats: tr_friends 21 33.95063709077381 7.940848149147914 3497.764892578125 0.60205078125 72.74476711621276 537
stats: size_sent 1640987 42009616
stats: tr_search_all_users 31 58.34338772681452 3.7177476909416196 3937.963134765625 0.73388671875 106.96665925132721 518
stats: connected -125 198
stats: tr_browse_quizzes_page_1 0 0 0 4074.951904296875 0.6640625 122.21745185441868 930
stats: 404 142 2548
stats: tr_play_game__1st_question 0 0 0 2591.64013671875 0.7958984375 43.544009629116275 930
stats: 500 0 104
stats: tr_play_game__answer_to_question 3 12.253662109375 1.7143054832821039 3935.696044921875 0.884033203125 52.23213185913877 926
stats: tr_index 0 0 0 3921.887939453125 1.265869140625 196.92477082283256 930
stats: tr_quizzes_page_INDEX 5 11.20126953125 2.246754788723133 242.666015625 8.26513671875 41.168994001513525 351
stats: tr_quiz_questions_SHOW 136 9.549766989315254 1.4055192332303625 2501.906982421875 3.55908203125 36.78034049451948 2392
# stats: dump at 1449463923
stats: users 96 1092
stats: {recvpackets,"tsung_controller@ip-172-30-3-127"} 1 4240.0 0.0 19651 100 5970.8 25
stats: {sentpackets,"tsung_controller@ip-172-30-3-127"} 1 3247.0 0.0 13669 89 4510.6399999999985 25
stats: {cpu,"tsung_controller@ip-172-30-3-127"} 1 6.740535549399815 0.0 20.714865962632008 1.477832512315271 8.40353520765993 26
stats: {load,"tsung_controller@ip-172-30-3-127"} 1 0.08984375 0.0 0.2109375 0.0 0.036057692307692304 26
stats: {freemem,"tsung_controller@ip-172-30-3-127"} 1 2982.65625 0.0 3163.91796875 2898.53125 3074.6068209134614 26
stats: session 102 65073.18303366268 10457.659777833152 120610.18676757813 2689.72705078125 41271.96504454947 1673
stats: users_count 0 1871
stats: finish_users_count 102 1775
stats: request 745 12.186880308829704 12.329232790715427 4109.965087890625 0.51513671875 61.13717143993523 27205
stats: connect 0 0 0 116.263916015625 0.494140625 1.4889527910818159 1977
stats: page 565 16.11236907148784 13.804854664255307 4125.43798828125 0.51513671875 72.76453747031191 22868
stats: tr_play_game__ready_page 0 0 0 2015.659912109375 0.6259765625 34.22501863869287 930
stats: 302 4 1001
stats: tr_question_new_POST 144 5.534083048502604 1.4293431193326587 4058.0068359375 0.659912109375 30.399451050577273 2528
stats: 200 593 24123
stats: tr_quiz_new_POST 18 12.487874348958334 1.6334528744672223 260.851806640625 4.5361328125 40.00967136817643 316
stats: size_rcv 2058305 74530161
stats: tr_play_game__leaderboard 50 9.171396484375 1.8412872761295818 3858.132080078125 0.804931640625 40.66800461900178 844
stats: newphase 0 6
stats: tr_friend_requests 2 8.4530029296875 0.4659423828125 270.6669921875 0.674072265625 36.68408456120466 579
stats: 422 0 26
stats: tr_friends 14 33.798165457589285 3.434723507385859 3497.764892578125 0.60205078125 71.28477297547043 558
stats: size_sent 1123830 43133446
stats: tr_search_all_users 17 58.4091796875 5.065742776914021 3937.963134765625 0.73388671875 104.22108289930556 549
stats: connected -105 93
stats: tr_browse_quizzes_page_1 0 0 0 4074.951904296875 0.6640625 122.21745185441868 930
stats: 404 148 2696
stats: tr_play_game__1st_question 0 0 0 2591.64013671875 0.7958984375 43.544009629116275 930
stats: 500 0 104
stats: tr_play_game__answer_to_question 1 10.305908203125 0.0 3935.696044921875 0.884033203125 52.10303023454319 929
stats: tr_index 0 0 0 3921.887939453125 1.265869140625 196.92477082283256 930
stats: tr_quizzes_page_INDEX 0 0 0 242.666015625 8.26513671875 40.748098994908695 356
stats: tr_quiz_questions_SHOW 144 9.753829956054688 1.7775327459670844 2501.906982421875 3.55908203125 35.315404578100264 2528
# stats: dump at 1449463933
stats: users 51 1092
stats: {recvpackets,"tsung_controller@ip-172-30-3-127"} 1 2502.0 0.0 19651 100 5904.2307692307695 26
stats: {sentpackets,"tsung_controller@ip-172-30-3-127"} 1 1920.0 0.0 13669 89 4462.03846153846 26
stats: {cpu,"tsung_controller@ip-172-30-3-127"} 1 3.9399624765478425 0.0 20.714865962632008 1.477832512315271 8.341942627724372 27
stats: {load,"tsung_controller@ip-172-30-3-127"} 1 0.078125 0.0 0.2109375 0.0 0.03804976851851852 27
stats: {freemem,"tsung_controller@ip-172-30-3-127"} 1 3009.0546875 0.0 3163.91796875 2898.53125 3071.201244212963 27
stats: session 45 76161.69322916669 13581.237038796216 143965.48291015625 2689.72705078125 42639.69700786753 1775
stats: users_count 0 1871
stats: finish_users_count 45 1820
stats: request 231 12.511726148200754 13.213235461768612 4109.965087890625 0.51513671875 59.83241412713832 27950
stats: connect 3 1.9200032552083333 1.7013240395295104 116.263916015625 0.494140625 1.4889527910818159 1977
stats: page 187 15.484005525150401 14.4850109679889 4125.43798828125 0.51513671875 71.39858026699454 23433
stats: tr_play_game__ready_page 0 0 0 2015.659912109375 0.6259765625 34.22501863869287 930
stats: 302 4 1005
stats: tr_question_new_POST 32 4.658882141113281 0.2308506850591495 4058.0068359375 0.659912109375 29.059401278010373 2672
stats: 200 195 24318
stats: tr_quiz_new_POST 4 13.5780029296875 1.62403584726149 260.851806640625 4.5361328125 38.526460750374255 334
stats: size_rcv 623321 75153482
stats: tr_play_game__leaderboard 19 9.774748149671053 1.8606991146018732 3858.132080078125 0.804931640625 38.90644935420162 894
stats: newphase 0 6
stats: tr_friend_requests 3 8.220296223958334 0.9414751828722998 270.6669921875 0.674072265625 36.5869035573096 581
stats: 422 0 26
stats: tr_friends 6 31.7440185546875 0.9356103369864085 3497.764892578125 0.60205078125 70.36726859566215 572
stats: size_sent 418316 43551762
stats: tr_search_all_users 8 47.7548828125 16.554807152164933 3937.963134765625 0.73388671875 102.84510700778489 566
stats: connected -48 45
stats: tr_browse_quizzes_page_1 0 0 0 4074.951904296875 0.6640625 122.21745185441868 930
stats: 404 32 2728
stats: tr_play_game__1st_question 0 0 0 2591.64013671875 0.7958984375 43.544009629116275 930
stats: 500 0 104
stats: tr_play_game__answer_to_question 0 0 0 3935.696044921875 0.884033203125 52.05808709257393 930
stats: tr_index 0 0 0 3921.887939453125 1.265869140625 196.92477082283256 930
stats: tr_quizzes_page_INDEX 0 0 0 242.666015625 8.26513671875 40.748098994908695 356
stats: tr_quiz_questions_SHOW 32 9.184768676757814 1.526775595216889 2501.906982421875 3.55908203125 33.93783468828943 2672
# stats: dump at 1449463943
stats: users 28 1092
stats: {recvpackets,"tsung_controller@ip-172-30-3-127"} 1 1120.0 0.0 19651 100 5778.222222222223 27
stats: {sentpackets,"tsung_controller@ip-172-30-3-127"} 1 866.0 0.0 13669 89 4367.888888888887 27
stats: {cpu,"tsung_controller@ip-172-30-3-127"} 1 2.140077821011673 0.0 20.714865962632008 1.477832512315271 8.184729050896639 28
stats: {load,"tsung_controller@ip-172-30-3-127"} 1 0.140625 0.0 0.2109375 0.0 0.03948102678571429 28
stats: {freemem,"tsung_controller@ip-172-30-3-127"} 1 3032.4375 0.0 3163.91796875 2898.53125 3068.9817243303573 28
stats: session 23 86017.14588994568 15237.63415575706 145391.79907226563 2689.72705078125 43468.53757377877 1820
stats: users_count 0 1871
stats: finish_users_count 23 1843
stats: request 237 10.610988182357595 9.283271543984727 4109.965087890625 0.51513671875 59.444525871819685 28181
stats: connect 6 2.7167561848958335 3.012290911510501 116.263916015625 0.494140625 1.489605897845644 1980
stats: page 170 14.844521197150733 10.48850193962295 4125.43798828125 0.51513671875 70.95590348982584 23620
stats: tr_play_game__ready_page 0 0 0 2015.659912109375 0.6259765625 34.22501863869287 930
stats: 302 4 1009
stats: tr_question_new_POST 56 5.25471714564732 1.602350454592843 4058.0068359375 0.659912109375 28.77063773792875 2704
stats: 200 177 24495
stats: tr_quiz_new_POST 7 17.145228794642858 4.085677255437437 260.851806640625 4.5361328125 38.23121272882767 338
stats: size_rcv 656614 75810096
stats: tr_play_game__leaderboard 12 9.659810384114584 1.5566940504526794 3858.132080078125 0.804931640625 38.30020365553121 913
stats: newphase 0 6
stats: tr_friend_requests 0 0 0 270.6669921875 0.674072265625 36.441184684021835 584
stats: 422 0 26
stats: tr_friends 4 27.88623046875 13.399910923097734 3497.764892578125 0.60205078125 69.96633520423335 578
stats: size_sent 296823 43848585
stats: tr_search_all_users 5 46.086865234375 19.696481774805093 3937.963134765625 0.73388671875 102.07729900506315 574
stats: connected -22 23
stats: tr_browse_quizzes_page_1 0 0 0 4074.951904296875 0.6640625 122.21745185441868 930
stats: 404 56 2784
stats: tr_play_game__1st_question 0 0 0 2591.64013671875 0.7958984375 43.544009629116275 930
stats: 500 0 104
stats: tr_play_game__answer_to_question 0 0 0 3935.696044921875 0.884033203125 52.05808709257393 930
stats: tr_index 0 0 0 3921.887939453125 1.265869140625 196.92477082283256 930
stats: tr_quizzes_page_INDEX 0 0 0 242.666015625 8.26513671875 40.748098994908695 356
stats: tr_quiz_questions_SHOW 56 8.990918840680804 1.216522066293724 2501.906982421875 3.55908203125 33.64489899584527 2704
# stats: dump at 1449463953
stats: users 11 1092
stats: {recvpackets,"tsung_controller@ip-172-30-3-127"} 1 838.0 0.0 19651 100 5611.857142857143 28
stats: {sentpackets,"tsung_controller@ip-172-30-3-127"} 1 631.0 0.0 13669 89 4242.821428571427 28
stats: {cpu,"tsung_controller@ip-172-30-3-127"} 1 2.133850630455868 0.0 20.714865962632008 1.477832512315271 7.976292801590262 29
stats: {load,"tsung_controller@ip-172-30-3-127"} 1 0.12109375 0.0 0.2109375 0.0 0.04296875 29
stats: {freemem,"tsung_controller@ip-172-30-3-127"} 1 3054.203125 0.0 3163.91796875 2898.53125 3067.721578663793 29
stats: session 17 94241.98183306526 7019.114243781012 145391.79907226563 2689.72705078125 43999.529430138966 1843
stats: users_count 0 1871
stats: finish_users_count 17 1860
stats: request 160 10.296307373046876 9.415968528387252 4109.965087890625 0.51513671875 59.03726468410758 28418
stats: connect 4 2.57720947265625 1.7802344101872212 116.263916015625 0.494140625 1.4933133005255539 1986
stats: page 113 14.632654780835177 10.433395160949372 4125.43798828125 0.51513671875 70.55493942972686 23790
stats: tr_play_game__ready_page 0 0 0 2015.659912109375 0.6259765625 34.22501863869287 930
stats: 302 0 1009
stats: tr_question_new_POST 40 4.685620117187501 0.6557050331367027 4058.0068359375 0.659912109375 28.293503117215796 2760
stats: 200 120 24615
stats: tr_quiz_new_POST 5 14.41640625 1.2473134123371685 260.851806640625 4.5361328125 37.80338117074277 345
stats: size_rcv 460785 76270881
stats: tr_play_game__leaderboard 4 9.9100341796875 0.26851054435675936 3858.132080078125 0.804931640625 37.92865260768581 925
stats: newphase 0 6
stats: tr_friend_requests 1 9.5849609375 0.0 270.6669921875 0.674072265625 36.441184684021835 584
stats: 422 0 26
stats: tr_friends 2 31.5330810546875 0.7808837890625 3497.764892578125 0.60205078125 69.67712486240872 582
stats: size_sent 187306 44035891
stats: tr_search_all_users 3 54.127360026041664 0.509752308300912 3937.963134765625 0.73388671875 101.59378921429727 579
stats: connected -15 8
stats: tr_browse_quizzes_page_1 0 0 0 4074.951904296875 0.6640625 122.21745185441868 930
stats: 404 40 2824
stats: tr_play_game__1st_question 0 0 0 2591.64013671875 0.7958984375 43.544009629116275 930
stats: 500 0 104
stats: tr_play_game__answer_to_question 0 0 0 3935.696044921875 0.884033203125 52.05808709257393 930
stats: tr_index 0 0 0 3921.887939453125 1.265869140625 196.92477082283256 930
stats: tr_quizzes_page_INDEX 0 0 0 242.666015625 8.26513671875 40.748098994908695 356
stats: tr_quiz_questions_SHOW 40 8.849951171875 1.150503257069211 2501.906982421875 3.55908203125 33.14467331153758 2760
# stats: dump at 1449463963
stats: users 4 1092
stats: {recvpackets,"tsung_controller@ip-172-30-3-127"} 1 555.0 0.0 19651 100 5447.241379310345 29
stats: {sentpackets,"tsung_controller@ip-172-30-3-127"} 1 414.0 0.0 13669 89 4118.275862068964 29
stats: {cpu,"tsung_controller@ip-172-30-3-127"} 1 1.7595307917888565 0.0 20.714865962632008 1.477832512315271 7.7815447292191156 30
stats: {load,"tsung_controller@ip-172-30-3-127"} 1 0.1015625 0.0 0.2109375 0.0 0.045572916666666664 30
stats: {freemem,"tsung_controller@ip-172-30-3-127"} 1 3054.49609375 0.0 3163.91796875 2898.53125 3067.270963541667 30
stats: session 7 105345.46669224331 11870.622141886177 145391.79907226563 2689.72705078125 44458.73464027324 1860
stats: users_count 0 1871
stats: finish_users_count 7 1867
stats: request 65 12.602565354567306 13.491729491705161 4109.965087890625 0.51513671875 58.76437808708295 28578
stats: connect 1 0.748046875 0.0 116.263916015625 0.494140625 1.4954919862986809 1990
stats: page 46 17.86070185122283 14.457430708139983 4125.43798828125 0.51513671875 70.29057018045586 23903
stats: tr_play_game__ready_page 0 0 0 2015.659912109375 0.6259765625 34.22501863869287 930
stats: 302 0 1009
stats: tr_question_new_POST 16 4.483154296875 0.07580536920609922 4058.0068359375 0.659912109375 27.95624764578682 2800
stats: 200 49 24664
stats: tr_quiz_new_POST 2 13.3790283203125 0.3638916015625 260.851806640625 4.5361328125 37.46928152901787 350
stats: size_rcv 218398 76489279
stats: tr_play_game__leaderboard 1 10.343994140625 0.0 3858.132080078125 0.804931640625 37.80801270056849 929
stats: newphase 0 6
stats: tr_friend_requests 0 0 0 270.6669921875 0.674072265625 36.395276609241456 585
stats: 422 0 26
stats: tr_friends 1 32.089111328125 0.0 3497.764892578125 0.60205078125 69.54649457539598 584
stats: size_sent 68994 44104885
stats: tr_search_all_users 3 54.309733072916664 0.8076788927271484 3937.963134765625 0.73388671875 101.3491168988939 582
stats: connected -7 1
stats: tr_browse_quizzes_page_1 0 0 0 4074.951904296875 0.6640625 122.21745185441868 930
stats: 404 16 2840
stats: tr_play_game__1st_question 0 0 0 2591.64013671875 0.7958984375 43.544009629116275 930
stats: 500 0 104
stats: tr_play_game__answer_to_question 0 0 0 3935.696044921875 0.884033203125 52.05808709257393 930
stats: tr_index 0 0 0 3921.887939453125 1.265869140625 196.92477082283256 930
stats: tr_quizzes_page_INDEX 0 0 0 242.666015625 8.26513671875 40.748098994908695 356
stats: tr_quiz_questions_SHOW 16 8.58782958984375 0.7199486373050172 2501.906982421875 3.55908203125 32.79760585239954 2800
# stats: dump at 1449463973
stats: users 4 1092
stats: {recvpackets,"tsung_controller@ip-172-30-3-127"} 1 169.0 0.0 19651 100 5284.166666666667 30
stats: {sentpackets,"tsung_controller@ip-172-30-3-127"} 1 122.0 0.0 13669 89 3994.799999999998 30
stats: {cpu,"tsung_controller@ip-172-30-3-127"} 1 1.083743842364532 0.0 20.714865962632008 1.083743842364532 7.5872862151084615 31
stats: {load,"tsung_controller@ip-172-30-3-127"} 1 0.078125 0.0 0.2109375 0.0 0.047379032258064516 31
stats: {freemem,"tsung_controller@ip-172-30-3-127"} 1 3054.7109375 0.0 3163.91796875 2898.53125 3066.858870967742 31
stats: session 0 0 0 145391.79907226563 2689.72705078125 44687.01912038239 1867
stats: users_count 0 1871
stats: finish_users_count 0 1867
stats: request 0 0 0 4109.965087890625 0.51513671875 58.659622376172315 28643
stats: connect 0 0 0 116.263916015625 0.494140625 1.49511657438944 1991
stats: page 0 0 0 4125.43798828125 0.51513671875 70.18986560226283 23949
stats: tr_play_game__ready_page 0 0 0 2015.659912109375 0.6259765625 34.22501863869287 930
stats: 302 0 1009
stats: tr_question_new_POST 0 0 0 4058.0068359375 0.659912109375 27.822877797213458 2816
stats: 200 0 24664
stats: tr_quiz_new_POST 0 0 0 260.851806640625 4.5361328125 37.33240509033204 352
stats: size_rcv 0 76489279
stats: tr_play_game__leaderboard 0 0 0 3858.132080078125 0.804931640625 37.77848149781586 930
stats: newphase 0 6
stats: tr_friend_requests 0 0 0 270.6669921875 0.674072265625 36.395276609241456 585
stats: 422 0 26
stats: tr_friends 0 0 0 3497.764892578125 0.60205078125 69.48246486044339 585
stats: size_sent 0 44104885
stats: tr_search_all_users 0 0 0 3937.963134765625 0.73388671875 101.10788928952991 585
stats: connected -1 0
stats: tr_browse_quizzes_page_1 0 0 0 4074.951904296875 0.6640625 122.21745185441868 930
stats: 404 0 2840
stats: tr_play_game__1st_question 0 0 0 2591.64013671875 0.7958984375 43.544009629116275 930
stats: 500 0 104
stats: tr_play_game__answer_to_question 0 0 0 3935.696044921875 0.884033203125 52.05808709257393 930
stats: tr_index 0 0 0 3921.887939453125 1.265869140625 196.92477082283256 930
stats: tr_quizzes_page_INDEX 0 0 0 242.666015625 8.26513671875 40.748098994908695 356
stats: tr_quiz_questions_SHOW 0 0 0 2501.906982421875 3.55908203125 32.660050305453204 2816
# stats: dump at 1449463983
stats: users 2 1092
stats: {recvpackets,"tsung_controller@ip-172-30-3-127"} 1 225.0 0.0 19651 100 5119.1612903225805 31
stats: {sentpackets,"tsung_controller@ip-172-30-3-127"} 1 153.0 0.0 13669 89 3869.870967741934 31
stats: {cpu,"tsung_controller@ip-172-30-3-127"} 1 1.2807881773399015 0.0 20.714865962632008 1.083743842364532 7.3840505159602134 32
stats: {load,"tsung_controller@ip-172-30-3-127"} 1 0.0703125 0.0 0.2109375 0.0 0.04833984375 32
stats: {freemem,"tsung_controller@ip-172-30-3-127"} 1 3068.15234375 0.0 3163.91796875 2898.53125 3066.479248046875 32
stats: session 2 120413.05236816406 7407.1004638671875 145391.79907226563 2689.72705078125 44687.01912038239 1867
stats: users_count 0 1871
stats: finish_users_count 2 1869
stats: request 52 8.130319448617795 2.77480013895616 4109.965087890625 0.51513671875 58.659622376172315 28643
stats: connect 2 0.7235107421875 0.1004638671875 116.263916015625 0.494140625 1.49511657438944 1991
stats: page 34 12.502290613511029 3.405464330859407 4125.43798828125 0.51513671875 70.18986560226283 23949
stats: tr_play_game__ready_page 0 0 0 2015.659912109375 0.6259765625 34.22501863869287 930
stats: 302 0 1009
stats: tr_question_new_POST 16 4.56268310546875 0.11088173028609571 4058.0068359375 0.659912109375 27.822877797213458 2816
stats: 200 36 24700
stats: tr_quiz_new_POST 2 14.785400390625 1.6064453125 260.851806640625 4.5361328125 37.33240509033204 352
stats: size_rcv 141188 76630467
stats: tr_play_game__leaderboard 0 0 0 3858.132080078125 0.804931640625 37.77848149781586 930
stats: newphase 0 6
stats: tr_friend_requests 0 0 0 270.6669921875 0.674072265625 36.395276609241456 585
stats: 422 0 26
stats: tr_friends 0 0 0 3497.764892578125 0.60205078125 69.48246486044339 585
stats: size_sent 46368 44151253
stats: tr_search_all_users 0 0 0 3937.963134765625 0.73388671875 101.10788928952991 585
stats: connected 0 0
stats: tr_browse_quizzes_page_1 0 0 0 4074.951904296875 0.6640625 122.21745185441868 930
stats: 404 16 2856
stats: tr_play_game__1st_question 0 0 0 2591.64013671875 0.7958984375 43.544009629116275 930
stats: 500 0 104
stats: tr_play_game__answer_to_question 0 0 0 3935.696044921875 0.884033203125 52.05808709257393 930
stats: tr_index 0 0 0 3921.887939453125 1.265869140625 196.92477082283256 930
stats: tr_quizzes_page_INDEX 0 0 0 242.666015625 8.26513671875 40.748098994908695 356
stats: tr_quiz_questions_SHOW 16 9.078323364257813 1.2213556063170954 2501.906982421875 3.55908203125 32.660050305453204 2816
# stats: dump at 1449463993
stats: users 2 1092
stats: {recvpackets,"tsung_controller@ip-172-30-3-127"} 1 1.0 0.0 19651 1 4966.21875 32
stats: {sentpackets,"tsung_controller@ip-172-30-3-127"} 1 1.0 0.0 13669 1 3753.718749999998 32
stats: {cpu,"tsung_controller@ip-172-30-3-127"} 1 1.083743842364532 0.0 20.714865962632008 1.083743842364532 7.199103172365659 33
stats: {load,"tsung_controller@ip-172-30-3-127"} 1 0.05859375 0.0 0.2109375 0.0 0.049005681818181816 33
stats: {freemem,"tsung_controller@ip-172-30-3-127"} 1 3068.19140625 0.0 3163.91796875 2898.53125 3066.5299479166665 33
stats: session 0 0 0 145391.79907226563 2689.72705078125 44768.05286382571 1869
stats: users_count 0 1871
stats: finish_users_count 0 1869
stats: request 0 0 0 4109.965087890625 0.51513671875 58.56805507342853 28695
stats: connect 0 0 0 116.263916015625 0.494140625 1.4943422584514552 1993
stats: page 0 0 0 4125.43798828125 0.51513671875 70.10808360878337 23983
stats: tr_play_game__ready_page 0 0 0 2015.659912109375 0.6259765625 34.22501863869287 930
stats: 302 0 1009
stats: tr_question_new_POST 0 0 0 4058.0068359375 0.659912109375 27.691464267881567 2832
stats: 200 0 24700
stats: tr_quiz_new_POST 0 0 0 260.851806640625 4.5361328125 37.20502088298906 354
stats: size_rcv 0 76630467
stats: tr_play_game__leaderboard 0 0 0 3858.132080078125 0.804931640625 37.77848149781586 930
stats: newphase 0 6
stats: tr_friend_requests 0 0 0 270.6669921875 0.674072265625 36.395276609241456 585
stats: 422 0 26
stats: tr_friends 0 0 0 3497.764892578125 0.60205078125 69.48246486044339 585
stats: size_sent 0 44151253
stats: tr_search_all_users 0 0 0 3937.963134765625 0.73388671875 101.10788928952991 585
stats: connected 0 0
stats: tr_browse_quizzes_page_1 0 0 0 4074.951904296875 0.6640625 122.21745185441868 930
stats: 404 0 2856
stats: tr_play_game__1st_question 0 0 0 2591.64013671875 0.7958984375 43.544009629116275 930
stats: 500 0 104
stats: tr_play_game__answer_to_question 0 0 0 3935.696044921875 0.884033203125 52.05808709257393 930
stats: tr_index 0 0 0 3921.887939453125 1.265869140625 196.92477082283256 930
stats: tr_quizzes_page_INDEX 0 0 0 242.666015625 8.26513671875 40.748098994908695 356
stats: tr_quiz_questions_SHOW 0 0 0 2501.906982421875 3.55908203125 32.52682020974024 2832
# stats: dump at 1449464000
stats: users 0 1092
stats: {recvpackets,"tsung_controller@ip-172-30-3-127"} 1 107.0 0.0 19651 1 4815.757575757576 33
stats: {sentpackets,"tsung_controller@ip-172-30-3-127"} 1 76.0 0.0 13669 1 3639.999999999998 33
stats: {cpu,"tsung_controller@ip-172-30-3-127"} 1 1.0848126232741617 0.0 20.714865962632008 1.083743842364532 7.019239662659743 34
stats: {load,"tsung_controller@ip-172-30-3-127"} 1 0.05078125 0.0 0.2109375 0.0 0.04928768382352941 34
stats: {freemem,"tsung_controller@ip-172-30-3-127"} 1 3068.2578125 0.0 3163.91796875 2898.53125 3066.578814338235 34
stats: session 2 144486.04907226563 6368.1611328125 150854.21020507813 2689.72705078125 44768.05286382571 1869
stats: users_count 0 1871
stats: finish_users_count 2 1871
stats: request 52 8.331937349759613 3.4854161065287457 4109.965087890625 0.51513671875 58.56805507342853 28695
stats: connect 2 4.3555908203125 0.0035400390625 116.263916015625 0.494140625 1.4943422584514552 1993
stats: page 34 12.816068761488971 4.879894175079943 4125.43798828125 0.51513671875 70.10808360878337 23983
stats: tr_play_game__ready_page 0 0 0 2015.659912109375 0.6259765625 34.22501863869287 930
stats: 302 0 1009
stats: tr_question_new_POST 16 4.8818511962890625 0.8943945162552398 4058.0068359375 0.659912109375 27.691464267881567 2832
stats: 200 36 24736
stats: tr_quiz_new_POST 2 21.4208984375 4.39892578125 260.851806640625 4.5361328125 37.20502088298906 354
stats: size_rcv 141200 76771667
stats: tr_play_game__leaderboard 0 0 0 3858.132080078125 0.804931640625 37.77848149781586 930
stats: newphase 0 6
stats: tr_friend_requests 0 0 0 270.6669921875 0.674072265625 36.395276609241456 585
stats: 422 0 26
stats: tr_friends 0 0 0 3497.764892578125 0.60205078125 69.48246486044339 585
stats: size_sent 46404 44197657
stats: tr_search_all_users 0 0 0 3937.963134765625 0.73388671875 101.10788928952991 585
stats: connected 0 0
stats: tr_browse_quizzes_page_1 0 0 0 4074.951904296875 0.6640625 122.21745185441868 930
stats: 404 16 2872
stats: tr_play_game__1st_question 0 0 0 2591.64013671875 0.7958984375 43.544009629116275 930
stats: 500 0 104
stats: tr_play_game__answer_to_question 0 0 0 3935.696044921875 0.884033203125 52.05808709257393 930
stats: tr_index 0 0 0 3921.887939453125 1.265869140625 196.92477082283256 930
stats: tr_quizzes_page_INDEX 0 0 0 242.666015625 8.26513671875 40.748098994908695 356
stats: tr_quiz_questions_SHOW 16 8.761596679687498 1.0682829493048407 2501.906982421875 3.55908203125 32.52682020974024 2832
EndMonitor:{1449,464000,706657}
