
=INFO REPORT==== 7-Dec-2015::04:47:33 ===
    ts_config_server:(5:<0.72.0>) Config server started, logdir is "/home/ec2-user/.tsung/log/20151207-0447"
 
=INFO REPORT==== 7-Dec-2015::04:47:33 ===
              ts_mon:(5:<0.54.0>) starting monitor, global 

=INFO REPORT==== 7-Dec-2015::04:47:33 ===
           ts_config:(5:<0.72.0>) Reading config file: simple7.xml

=INFO REPORT==== 7-Dec-2015::04:47:33 ===
      ts_config_http:(4:<0.72.0>) Get user agent: 100 "Mozilla/5.0 (Windows; U; Windows NT 5.2; fr-FR; rv:1.7.8) Gecko/20050511 Firefox/1.0.4" 

=INFO REPORT==== 7-Dec-2015::04:47:33 ===
           ts_config:(5:<0.72.0>) Session name for id 1 is "create-quiz"

=INFO REPORT==== 7-Dec-2015::04:47:33 ===
           ts_config:(5:<0.72.0>) Session name for id 2 is "play-game"

=INFO REPORT==== 7-Dec-2015::04:47:33 ===
           ts_config:(5:<0.72.0>) Session name for id 3 is "see-friend-requests-and-look-at-friends-and-search-friends"

=INFO REPORT==== 7-Dec-2015::04:47:33 ===
    ts_config_server:(4:<0.72.0>) SYSINFO:Tsung version: 1.6.0

=INFO REPORT==== 7-Dec-2015::04:47:33 ===
    ts_config_server:(4:<0.72.0>) SYSINFO:Erlang version: Erlang R14B04 (erts-5.8.5) [source] [64-bit] [rq:1] [async-threads:8] [kernel-poll:true]


=INFO REPORT==== 7-Dec-2015::04:47:33 ===
    ts_config_server:(4:<0.72.0>) SYSINFO:System architecture x86_64-redhat-linux-gnu

=INFO REPORT==== 7-Dec-2015::04:47:33 ===
    ts_config_server:(4:<0.72.0>) SYSINFO:Current path: /usr/lib/erlang/lib/tsung-1.6.0/ebin/tsung.beam

=INFO REPORT==== 7-Dec-2015::04:47:33 ===
              ts_mon:(5:<0.73.0>) Activate clients with text backend

=INFO REPORT==== 7-Dec-2015::04:47:33 ===
              ts_mon:(5:<0.73.0>) Starting tsung clients on hosts: [localhost]

=INFO REPORT==== 7-Dec-2015::04:47:33 ===
    ts_config_server:(5:<0.72.0>) Start a launcher on the controller beam localhost

=INFO REPORT==== 7-Dec-2015::04:47:33 ===
  ts_launcher_static:(5:<0.128.0>) Launch msg receive ("localhost")

=INFO REPORT==== 7-Dec-2015::04:47:33 ===
         ts_launcher:(5:<0.129.0>) Launch msg receive ("localhost")

=INFO REPORT==== 7-Dec-2015::04:47:33 ===
    ts_config_server:(5:<0.72.0>) All remote beams started, syncing 

=INFO REPORT==== 7-Dec-2015::04:47:33 ===
    ts_config_server:(5:<0.72.0>) Undefined ports_range config 

=INFO REPORT==== 7-Dec-2015::04:47:33 ===
    ts_config_server:(5:<0.72.0>) New arrival phase 1 for client "localhost" (last ? true): will start 30 users

=INFO REPORT==== 7-Dec-2015::04:47:33 ===
    ts_config_server:(5:<0.72.0>) New arrival phase 2 for client "localhost" (last ? true): will start 45 users

=INFO REPORT==== 7-Dec-2015::04:47:33 ===
    ts_config_server:(5:<0.72.0>) New arrival phase 3 for client "localhost" (last ? true): will start 60 users

=INFO REPORT==== 7-Dec-2015::04:47:33 ===
    ts_config_server:(5:<0.72.0>) New arrival phase 4 for client "localhost" (last ? true): will start 120 users

=INFO REPORT==== 7-Dec-2015::04:47:33 ===
    ts_config_server:(5:<0.72.0>) New arrival phase 5 for client "localhost" (last ? true): will start 240 users

=INFO REPORT==== 7-Dec-2015::04:47:33 ===
    ts_config_server:(5:<0.72.0>) New arrival phase 6 for client "localhost" (last ? true): will start 480 users

=INFO REPORT==== 7-Dec-2015::04:47:33 ===
    ts_config_server:(5:<0.72.0>) New arrival phase 7 for client "localhost" (last ? true): will start 960 users

=INFO REPORT==== 7-Dec-2015::04:47:33 ===
         ts_launcher:(5:<0.129.0>) Expected duration of first phase: 30.0 sec (30 users) 

=INFO REPORT==== 7-Dec-2015::04:47:33 ===
         ts_launcher:(5:<0.129.0>) Activate launcher (30 users) in 1766 msec 

=INFO REPORT==== 7-Dec-2015::04:47:44 ===
           ts_search:(5:<0.137.0>) Dyn Var: no Match (varname=quiz_author), 

=INFO REPORT==== 7-Dec-2015::04:47:45 ===
           ts_search:(5:<0.137.0>) Dyn Var (RE): no Match (varname=created_quiz_id), 

=INFO REPORT==== 7-Dec-2015::04:48:00 ===
           ts_search:(5:<0.138.0>) Dyn Var: no Match (varname=quiz_author), 

=INFO REPORT==== 7-Dec-2015::04:48:01 ===
           ts_search:(5:<0.139.0>) Dyn Var: no Match (varname=quiz_author), 

=INFO REPORT==== 7-Dec-2015::04:48:05 ===
         ts_launcher:(5:<0.129.0>) Phase duration exceeded, but not all users were launched (8 users, 26.7% of phase)

=INFO REPORT==== 7-Dec-2015::04:48:05 ===
         ts_launcher:(5:<0.129.0>) Start a new arrival phase (45 users, 0.0015); expected duration=30.0 sec

=INFO REPORT==== 7-Dec-2015::04:48:06 ===
           ts_search:(5:<0.139.0>) Dyn Var (RE): no Match (varname=created_quiz_id), 

=INFO REPORT==== 7-Dec-2015::04:48:10 ===
           ts_search:(5:<0.156.0>) Dyn Var: no Match (varname=quiz_author), 

=INFO REPORT==== 7-Dec-2015::04:48:16 ===
           ts_search:(5:<0.170.0>) Dyn Var: no Match (varname=quiz_author), 

=INFO REPORT==== 7-Dec-2015::04:48:18 ===
           ts_search:(5:<0.170.0>) Dyn Var (RE): no Match (varname=created_quiz_id), 

=INFO REPORT==== 7-Dec-2015::04:48:20 ===
           ts_search:(5:<0.186.0>) Dyn Var: no Match (varname=quiz_author), 

=INFO REPORT==== 7-Dec-2015::04:48:21 ===
           ts_search:(5:<0.186.0>) Dyn Var (RE): no Match (varname=created_quiz_id), 

=INFO REPORT==== 7-Dec-2015::04:48:22 ===
           ts_search:(5:<0.181.0>) Dyn Var: no Match (varname=quiz_author), 

=INFO REPORT==== 7-Dec-2015::04:48:24 ===
           ts_search:(5:<0.169.0>) Dyn Var: no Match (varname=quiz_author), 

=INFO REPORT==== 7-Dec-2015::04:48:24 ===
           ts_search:(5:<0.171.0>) Dyn Var: no Match (varname=quiz_author), 

=INFO REPORT==== 7-Dec-2015::04:48:27 ===
           ts_search:(5:<0.163.0>) Dyn Var: no Match (varname=quiz_author), 

=INFO REPORT==== 7-Dec-2015::04:48:27 ===
           ts_search:(5:<0.171.0>) Dyn Var (RE): no Match (varname=created_quiz_id), 

=INFO REPORT==== 7-Dec-2015::04:48:28 ===
           ts_search:(5:<0.169.0>) Dyn Var (RE): no Match (varname=created_quiz_id), 

=INFO REPORT==== 7-Dec-2015::04:48:35 ===
         ts_launcher:(5:<0.129.0>) Phase duration exceeded, but not all users were launched (4 users, 8.9% of phase)

=INFO REPORT==== 7-Dec-2015::04:48:35 ===
         ts_launcher:(5:<0.129.0>) Start a new arrival phase (60 users, 0.002); expected duration=30.0 sec

=INFO REPORT==== 7-Dec-2015::04:48:44 ===
           ts_search:(5:<0.211.0>) Dyn Var: no Match (varname=quiz_author), 

=INFO REPORT==== 7-Dec-2015::04:48:45 ===
           ts_search:(5:<0.156.0>) Dyn Var (RE): no Match (varname=created_quiz_id), 

=INFO REPORT==== 7-Dec-2015::04:48:46 ===
           ts_search:(5:<0.213.0>) Dyn Var: no Match (varname=quiz_author), 

=INFO REPORT==== 7-Dec-2015::04:48:47 ===
           ts_search:(5:<0.181.0>) Dyn Var (RE): no Match (varname=created_quiz_id), 

=INFO REPORT==== 7-Dec-2015::04:48:50 ===
           ts_search:(5:<0.216.0>) Dyn Var: no Match (varname=quiz_author), 

=INFO REPORT==== 7-Dec-2015::04:48:51 ===
           ts_search:(5:<0.201.0>) Dyn Var: no Match (varname=quiz_author), 

=INFO REPORT==== 7-Dec-2015::04:48:52 ===
           ts_search:(5:<0.216.0>) Dyn Var (RE): no Match (varname=created_quiz_id), 

=INFO REPORT==== 7-Dec-2015::04:48:53 ===
           ts_search:(5:<0.211.0>) Dyn Var (RE): no Match (varname=created_quiz_id), 

=INFO REPORT==== 7-Dec-2015::04:48:53 ===
           ts_search:(5:<0.201.0>) Dyn Var (RE): no Match (varname=created_quiz_id), 

=INFO REPORT==== 7-Dec-2015::04:48:56 ===
           ts_search:(5:<0.163.0>) Dyn Var (RE): no Match (varname=created_quiz_id), 

=INFO REPORT==== 7-Dec-2015::04:48:56 ===
           ts_search:(5:<0.138.0>) Dyn Var (RE): no Match (varname=created_quiz_id), 

=INFO REPORT==== 7-Dec-2015::04:49:01 ===
           ts_search:(5:<0.240.0>) Dyn Var: no Match (varname=quiz_author), 

=INFO REPORT==== 7-Dec-2015::04:49:02 ===
           ts_search:(5:<0.219.0>) Dyn Var: no Match (varname=quiz_author), 

=INFO REPORT==== 7-Dec-2015::04:49:04 ===
         ts_launcher:(4:<0.129.0>) Need to wait 1.057 sec before changing phase, going to sleep

=INFO REPORT==== 7-Dec-2015::04:49:05 ===
         ts_launcher:(5:<0.129.0>) Waking up

=INFO REPORT==== 7-Dec-2015::04:49:05 ===
         ts_launcher:(5:<0.129.0>) Start a new arrival phase (120 users, 0.004); expected duration=30.0 sec

=INFO REPORT==== 7-Dec-2015::04:49:05 ===
           ts_search:(5:<0.240.0>) Dyn Var (RE): no Match (varname=created_quiz_id), 

=INFO REPORT==== 7-Dec-2015::04:49:09 ===
           ts_search:(5:<0.213.0>) Dyn Var (RE): no Match (varname=created_quiz_id), 

=INFO REPORT==== 7-Dec-2015::04:49:10 ===
           ts_search:(5:<0.262.0>) Dyn Var: no Match (varname=quiz_author), 

=INFO REPORT==== 7-Dec-2015::04:49:14 ===
           ts_search:(5:<0.248.0>) Dyn Var: no Match (varname=quiz_author), 

=INFO REPORT==== 7-Dec-2015::04:49:16 ===
           ts_search:(5:<0.248.0>) Dyn Var (RE): no Match (varname=created_quiz_id), 

=INFO REPORT==== 7-Dec-2015::04:49:19 ===
           ts_search:(5:<0.279.0>) Dyn Var: no Match (varname=quiz_author), 

=INFO REPORT==== 7-Dec-2015::04:49:20 ===
           ts_search:(5:<0.288.0>) Dyn Var: no Match (varname=quiz_author), 

=INFO REPORT==== 7-Dec-2015::04:49:22 ===
           ts_search:(5:<0.264.0>) Dyn Var: no Match (varname=quiz_author), 

=INFO REPORT==== 7-Dec-2015::04:49:22 ===
           ts_search:(5:<0.219.0>) Dyn Var (RE): no Match (varname=created_quiz_id), 

=INFO REPORT==== 7-Dec-2015::04:49:28 ===
           ts_search:(5:<0.254.0>) Dyn Var: no Match (varname=quiz_author), 

=INFO REPORT==== 7-Dec-2015::04:49:29 ===
           ts_search:(5:<0.300.0>) Dyn Var: no Match (varname=quiz_author), 

=INFO REPORT==== 7-Dec-2015::04:49:29 ===
           ts_search:(5:<0.377.0>) Dyn Var: no Match (varname=quiz_author), 

=INFO REPORT==== 7-Dec-2015::04:49:29 ===
           ts_search:(5:<0.353.0>) Dyn Var: no Match (varname=quiz_author), 

=INFO REPORT==== 7-Dec-2015::04:49:31 ===
           ts_search:(5:<0.254.0>) Dyn Var (RE): no Match (varname=created_quiz_id), 

=INFO REPORT==== 7-Dec-2015::04:49:32 ===
           ts_search:(5:<0.359.0>) Dyn Var: no Match (varname=quiz_author), 

=INFO REPORT==== 7-Dec-2015::04:49:32 ===
           ts_search:(5:<0.308.0>) Dyn Var: no Match (varname=quiz_author), 

=INFO REPORT==== 7-Dec-2015::04:49:33 ===
           ts_search:(5:<0.262.0>) Dyn Var (RE): no Match (varname=created_quiz_id), 

=INFO REPORT==== 7-Dec-2015::04:49:34 ===
         ts_launcher:(4:<0.129.0>) Need to wait 1.042 sec before changing phase, going to sleep

=INFO REPORT==== 7-Dec-2015::04:49:34 ===
           ts_search:(5:<0.337.0>) Dyn Var: no Match (varname=quiz_author), 

=INFO REPORT==== 7-Dec-2015::04:49:35 ===
         ts_launcher:(5:<0.129.0>) Waking up

=INFO REPORT==== 7-Dec-2015::04:49:35 ===
         ts_launcher:(5:<0.129.0>) Start a new arrival phase (240 users, 0.008); expected duration=30.0 sec

=INFO REPORT==== 7-Dec-2015::04:49:35 ===
           ts_search:(5:<0.327.0>) Dyn Var: no Match (varname=quiz_author), 

=INFO REPORT==== 7-Dec-2015::04:49:38 ===
           ts_search:(5:<0.302.0>) Dyn Var: no Match (varname=quiz_author), 

=INFO REPORT==== 7-Dec-2015::04:49:41 ===
           ts_search:(5:<0.382.0>) Dyn Var: no Match (varname=quiz_author), 

=INFO REPORT==== 7-Dec-2015::04:49:41 ===
           ts_search:(5:<0.377.0>) Dyn Var (RE): no Match (varname=created_quiz_id), 

=INFO REPORT==== 7-Dec-2015::04:49:41 ===
           ts_search:(5:<0.337.0>) Dyn Var (RE): no Match (varname=created_quiz_id), 

=INFO REPORT==== 7-Dec-2015::04:49:43 ===
           ts_search:(5:<0.300.0>) Dyn Var (RE): no Match (varname=created_quiz_id), 

=INFO REPORT==== 7-Dec-2015::04:49:44 ===
           ts_search:(5:<0.357.0>) Dyn Var: no Match (varname=quiz_author), 

=INFO REPORT==== 7-Dec-2015::04:49:45 ===
           ts_search:(5:<0.421.0>) Dyn Var: no Match (varname=quiz_author), 

=INFO REPORT==== 7-Dec-2015::04:49:45 ===
           ts_search:(5:<0.361.0>) Dyn Var: no Match (varname=quiz_author), 

=INFO REPORT==== 7-Dec-2015::04:49:46 ===
           ts_search:(5:<0.338.0>) Dyn Var: no Match (varname=quiz_author), 

=INFO REPORT==== 7-Dec-2015::04:49:46 ===
           ts_search:(5:<0.388.0>) Dyn Var: no Match (varname=quiz_author), 

=INFO REPORT==== 7-Dec-2015::04:49:47 ===
           ts_search:(5:<0.405.0>) Dyn Var: no Match (varname=quiz_author), 

=INFO REPORT==== 7-Dec-2015::04:49:48 ===
           ts_search:(5:<0.382.0>) Dyn Var (RE): no Match (varname=created_quiz_id), 

=INFO REPORT==== 7-Dec-2015::04:49:48 ===
           ts_search:(5:<0.409.0>) Dyn Var: no Match (varname=quiz_author), 

=INFO REPORT==== 7-Dec-2015::04:49:51 ===
           ts_search:(5:<0.417.0>) Dyn Var: no Match (varname=quiz_author), 

=INFO REPORT==== 7-Dec-2015::04:49:51 ===
           ts_search:(5:<0.404.0>) Dyn Var: no Match (varname=quiz_author), 

=INFO REPORT==== 7-Dec-2015::04:49:51 ===
           ts_search:(5:<0.304.0>) Dyn Var: no Match (varname=quiz_author), 

=INFO REPORT==== 7-Dec-2015::04:49:52 ===
           ts_search:(5:<0.264.0>) Dyn Var (RE): no Match (varname=created_quiz_id), 

=INFO REPORT==== 7-Dec-2015::04:49:52 ===
           ts_search:(5:<0.404.0>) Dyn Var (RE): no Match (varname=created_quiz_id), 

=INFO REPORT==== 7-Dec-2015::04:49:54 ===
           ts_search:(5:<0.373.0>) Dyn Var: no Match (varname=quiz_author), 

=INFO REPORT==== 7-Dec-2015::04:49:55 ===
           ts_search:(5:<0.524.0>) Dyn Var: no Match (varname=quiz_author), 

=INFO REPORT==== 7-Dec-2015::04:49:55 ===
           ts_search:(5:<0.308.0>) Dyn Var (RE): no Match (varname=created_quiz_id), 

=INFO REPORT==== 7-Dec-2015::04:49:57 ===
           ts_search:(5:<0.405.0>) Dyn Var (RE): no Match (varname=created_quiz_id), 

=INFO REPORT==== 7-Dec-2015::04:49:57 ===
           ts_search:(5:<0.476.0>) Dyn Var: no Match (varname=quiz_author), 

=INFO REPORT==== 7-Dec-2015::04:49:57 ===
           ts_search:(5:<0.327.0>) Dyn Var (RE): no Match (varname=created_quiz_id), 

=INFO REPORT==== 7-Dec-2015::04:49:57 ===
           ts_search:(5:<0.473.0>) Dyn Var: no Match (varname=quiz_author), 

=INFO REPORT==== 7-Dec-2015::04:49:58 ===
           ts_search:(5:<0.388.0>) Dyn Var (RE): no Match (varname=created_quiz_id), 

=INFO REPORT==== 7-Dec-2015::04:49:59 ===
           ts_search:(5:<0.493.0>) Dyn Var: no Match (varname=quiz_author), 

=INFO REPORT==== 7-Dec-2015::04:49:59 ===
           ts_search:(5:<0.338.0>) Dyn Var (RE): no Match (varname=created_quiz_id), 

=INFO REPORT==== 7-Dec-2015::04:49:59 ===
           ts_search:(5:<0.473.0>) Dyn Var (RE): no Match (varname=created_quiz_id), 

=INFO REPORT==== 7-Dec-2015::04:50:02 ===
           ts_search:(5:<0.523.0>) Dyn Var: no Match (varname=quiz_author), 

=INFO REPORT==== 7-Dec-2015::04:50:03 ===
           ts_search:(5:<0.457.0>) Dyn Var: no Match (varname=quiz_author), 

=INFO REPORT==== 7-Dec-2015::04:50:03 ===
           ts_search:(5:<0.590.0>) Dyn Var: no Match (varname=quiz_author), 

=INFO REPORT==== 7-Dec-2015::04:50:03 ===
           ts_search:(5:<0.279.0>) Dyn Var (RE): no Match (varname=created_quiz_id), 

=INFO REPORT==== 7-Dec-2015::04:50:03 ===
           ts_search:(5:<0.544.0>) Dyn Var: no Match (varname=quiz_author), 

=INFO REPORT==== 7-Dec-2015::04:50:04 ===
           ts_search:(5:<0.440.0>) Dyn Var: no Match (varname=quiz_author), 

=INFO REPORT==== 7-Dec-2015::04:50:04 ===
           ts_search:(5:<0.553.0>) Dyn Var: no Match (varname=quiz_author), 

=INFO REPORT==== 7-Dec-2015::04:50:04 ===
         ts_launcher:(4:<0.129.0>) Need to wait 0.241 sec before changing phase, going to sleep

=INFO REPORT==== 7-Dec-2015::04:50:04 ===
           ts_search:(5:<0.575.0>) Dyn Var: no Match (varname=quiz_author), 

=INFO REPORT==== 7-Dec-2015::04:50:05 ===
           ts_search:(5:<0.288.0>) Dyn Var (RE): no Match (varname=created_quiz_id), 

=INFO REPORT==== 7-Dec-2015::04:50:05 ===
         ts_launcher:(5:<0.129.0>) Waking up

=INFO REPORT==== 7-Dec-2015::04:50:05 ===
         ts_launcher:(5:<0.129.0>) Start a new arrival phase (480 users, 0.016); expected duration=30.0 sec

=INFO REPORT==== 7-Dec-2015::04:50:05 ===
           ts_search:(5:<0.472.0>) Dyn Var: no Match (varname=quiz_author), 

=INFO REPORT==== 7-Dec-2015::04:50:05 ===
           ts_search:(5:<0.580.0>) Dyn Var: no Match (varname=quiz_author), 

=INFO REPORT==== 7-Dec-2015::04:50:06 ===
           ts_search:(5:<0.541.0>) Dyn Var: no Match (varname=quiz_author), 

=INFO REPORT==== 7-Dec-2015::04:50:06 ===
           ts_search:(5:<0.572.0>) Dyn Var: no Match (varname=quiz_author), 

=INFO REPORT==== 7-Dec-2015::04:50:06 ===
           ts_search:(5:<0.432.0>) Dyn Var: no Match (varname=quiz_author), 

=INFO REPORT==== 7-Dec-2015::04:50:06 ===
           ts_search:(5:<0.628.0>) Dyn Var: no Match (varname=quiz_author), 

=INFO REPORT==== 7-Dec-2015::04:50:07 ===
           ts_search:(5:<0.432.0>) Dyn Var (RE): no Match (varname=created_quiz_id), 

=INFO REPORT==== 7-Dec-2015::04:50:07 ===
           ts_search:(5:<0.415.0>) Dyn Var: no Match (varname=quiz_author), 

=INFO REPORT==== 7-Dec-2015::04:50:07 ===
           ts_search:(5:<0.510.0>) Dyn Var: no Match (varname=quiz_author), 

=INFO REPORT==== 7-Dec-2015::04:50:08 ===
           ts_search:(5:<0.304.0>) Dyn Var (RE): no Match (varname=created_quiz_id), 

=INFO REPORT==== 7-Dec-2015::04:50:09 ===
           ts_search:(5:<0.631.0>) Dyn Var: no Match (varname=quiz_author), 

=INFO REPORT==== 7-Dec-2015::04:50:09 ===
           ts_search:(5:<0.631.0>) Dyn Var (RE): no Match (varname=created_quiz_id), 

=INFO REPORT==== 7-Dec-2015::04:50:10 ===
           ts_search:(5:<0.543.0>) Dyn Var: no Match (varname=quiz_author), 

=INFO REPORT==== 7-Dec-2015::04:50:10 ===
           ts_search:(5:<0.569.0>) Dyn Var: no Match (varname=quiz_author), 

=INFO REPORT==== 7-Dec-2015::04:50:11 ===
           ts_search:(5:<0.423.0>) Dyn Var: no Match (varname=quiz_author), 

=INFO REPORT==== 7-Dec-2015::04:50:11 ===
           ts_search:(5:<0.549.0>) Dyn Var: no Match (varname=quiz_author), 

=INFO REPORT==== 7-Dec-2015::04:50:11 ===
           ts_search:(5:<0.487.0>) Dyn Var: no Match (varname=quiz_author), 

=INFO REPORT==== 7-Dec-2015::04:50:11 ===
           ts_search:(5:<0.661.0>) Dyn Var: no Match (varname=quiz_author), 

=INFO REPORT==== 7-Dec-2015::04:50:12 ===
           ts_search:(5:<0.589.0>) Dyn Var: no Match (varname=quiz_author), 

=INFO REPORT==== 7-Dec-2015::04:50:12 ===
           ts_search:(5:<0.572.0>) Dyn Var (RE): no Match (varname=created_quiz_id), 

=INFO REPORT==== 7-Dec-2015::04:50:12 ===
           ts_search:(5:<0.502.0>) Dyn Var: no Match (varname=quiz_author), 

=INFO REPORT==== 7-Dec-2015::04:50:13 ===
           ts_search:(5:<0.681.0>) Dyn Var: no Match (varname=quiz_author), 

=INFO REPORT==== 7-Dec-2015::04:50:13 ===
           ts_search:(5:<0.457.0>) Dyn Var (RE): no Match (varname=created_quiz_id), 

=INFO REPORT==== 7-Dec-2015::04:50:13 ===
           ts_search:(5:<0.557.0>) Dyn Var: no Match (varname=quiz_author), 

=INFO REPORT==== 7-Dec-2015::04:50:13 ===
           ts_search:(5:<0.373.0>) Dyn Var (RE): no Match (varname=created_quiz_id), 

=INFO REPORT==== 7-Dec-2015::04:50:13 ===
           ts_search:(5:<0.665.0>) Dyn Var: no Match (varname=quiz_author), 

=INFO REPORT==== 7-Dec-2015::04:50:13 ===
           ts_search:(5:<0.544.0>) Dyn Var (RE): no Match (varname=created_quiz_id), 

=INFO REPORT==== 7-Dec-2015::04:50:14 ===
           ts_search:(5:<0.502.0>) Dyn Var (RE): no Match (varname=created_quiz_id), 

=INFO REPORT==== 7-Dec-2015::04:50:14 ===
           ts_search:(5:<0.549.0>) Dyn Var (RE): no Match (varname=created_quiz_id), 

=INFO REPORT==== 7-Dec-2015::04:50:14 ===
           ts_search:(5:<0.353.0>) Dyn Var (RE): no Match (varname=created_quiz_id), 

=INFO REPORT==== 7-Dec-2015::04:50:15 ===
           ts_search:(5:<0.661.0>) Dyn Var (RE): no Match (varname=created_quiz_id), 

=INFO REPORT==== 7-Dec-2015::04:50:15 ===
           ts_search:(5:<0.302.0>) Dyn Var (RE): no Match (varname=created_quiz_id), 

=INFO REPORT==== 7-Dec-2015::04:50:15 ===
           ts_search:(5:<0.558.0>) Dyn Var: no Match (varname=quiz_author), 

=INFO REPORT==== 7-Dec-2015::04:50:16 ===
           ts_search:(5:<0.543.0>) Dyn Var (RE): no Match (varname=created_quiz_id), 

=INFO REPORT==== 7-Dec-2015::04:50:16 ===
           ts_search:(5:<0.465.0>) Dyn Var: no Match (varname=quiz_author), 

=INFO REPORT==== 7-Dec-2015::04:50:16 ===
           ts_search:(5:<0.458.0>) Dyn Var: no Match (varname=quiz_author), 

=INFO REPORT==== 7-Dec-2015::04:50:16 ===
           ts_search:(5:<0.737.0>) Dyn Var: no Match (varname=quiz_author), 

=INFO REPORT==== 7-Dec-2015::04:50:17 ===
           ts_search:(5:<0.717.0>) Dyn Var: no Match (varname=quiz_author), 

=INFO REPORT==== 7-Dec-2015::04:50:17 ===
           ts_search:(5:<0.513.0>) Dyn Var: no Match (varname=quiz_author), 

=INFO REPORT==== 7-Dec-2015::04:50:17 ===
           ts_search:(5:<0.665.0>) Dyn Var (RE): no Match (varname=created_quiz_id), 

=INFO REPORT==== 7-Dec-2015::04:50:18 ===
           ts_search:(5:<0.651.0>) Dyn Var: no Match (varname=quiz_author), 

=INFO REPORT==== 7-Dec-2015::04:50:18 ===
           ts_search:(5:<0.562.0>) Dyn Var: no Match (varname=quiz_author), 

=INFO REPORT==== 7-Dec-2015::04:50:18 ===
           ts_search:(5:<0.720.0>) Dyn Var: no Match (varname=quiz_author), 

=INFO REPORT==== 7-Dec-2015::04:50:18 ===
           ts_search:(5:<0.510.0>) Dyn Var (RE): no Match (varname=created_quiz_id), 

=INFO REPORT==== 7-Dec-2015::04:50:18 ===
           ts_search:(5:<0.702.0>) Dyn Var: no Match (varname=quiz_author), 

=INFO REPORT==== 7-Dec-2015::04:50:18 ===
           ts_search:(5:<0.707.0>) Dyn Var: no Match (varname=quiz_author), 

=INFO REPORT==== 7-Dec-2015::04:50:18 ===
           ts_search:(5:<0.681.0>) Dyn Var (RE): no Match (varname=created_quiz_id), 

=INFO REPORT==== 7-Dec-2015::04:50:18 ===
           ts_search:(5:<0.700.0>) Dyn Var: no Match (varname=quiz_author), 

=INFO REPORT==== 7-Dec-2015::04:50:19 ===
           ts_search:(5:<0.617.0>) Dyn Var: no Match (varname=quiz_author), 

=INFO REPORT==== 7-Dec-2015::04:50:19 ===
           ts_search:(5:<0.359.0>) Dyn Var (RE): no Match (varname=created_quiz_id), 

=INFO REPORT==== 7-Dec-2015::04:50:20 ===
           ts_search:(5:<0.686.0>) Dyn Var: no Match (varname=quiz_author), 

=INFO REPORT==== 7-Dec-2015::04:50:20 ===
           ts_search:(5:<0.504.0>) Dyn Var: no Match (varname=quiz_author), 

=INFO REPORT==== 7-Dec-2015::04:50:20 ===
           ts_search:(5:<0.720.0>) Dyn Var (RE): no Match (varname=created_quiz_id), 

=INFO REPORT==== 7-Dec-2015::04:50:20 ===
           ts_search:(5:<0.557.0>) Dyn Var (RE): no Match (varname=created_quiz_id), 

=INFO REPORT==== 7-Dec-2015::04:50:20 ===
           ts_search:(5:<0.561.0>) Dyn Var: no Match (varname=quiz_author), 

=INFO REPORT==== 7-Dec-2015::04:50:20 ===
           ts_search:(5:<0.617.0>) Dyn Var (RE): no Match (varname=created_quiz_id), 

=INFO REPORT==== 7-Dec-2015::04:50:21 ===
           ts_search:(5:<0.697.0>) Dyn Var: no Match (varname=quiz_author), 

=INFO REPORT==== 7-Dec-2015::04:50:21 ===
           ts_search:(5:<0.651.0>) Dyn Var (RE): no Match (varname=created_quiz_id), 

=INFO REPORT==== 7-Dec-2015::04:50:21 ===
           ts_search:(5:<0.769.0>) Dyn Var: no Match (varname=quiz_author), 

=INFO REPORT==== 7-Dec-2015::04:50:22 ===
           ts_search:(5:<0.737.0>) Dyn Var (RE): no Match (varname=created_quiz_id), 

=INFO REPORT==== 7-Dec-2015::04:50:22 ===
           ts_search:(5:<0.421.0>) Dyn Var (RE): no Match (varname=created_quiz_id), 

=INFO REPORT==== 7-Dec-2015::04:50:23 ===
           ts_search:(5:<0.501.0>) Dyn Var: no Match (varname=quiz_author), 

=INFO REPORT==== 7-Dec-2015::04:50:23 ===
           ts_search:(5:<0.745.0>) Dyn Var: no Match (varname=quiz_author), 

=INFO REPORT==== 7-Dec-2015::04:50:23 ===
           ts_search:(5:<0.615.0>) Dyn Var: no Match (varname=quiz_author), 

=INFO REPORT==== 7-Dec-2015::04:50:23 ===
           ts_search:(5:<0.766.0>) Dyn Var: no Match (varname=quiz_author), 

=INFO REPORT==== 7-Dec-2015::04:50:23 ===
           ts_search:(5:<0.760.0>) Dyn Var: no Match (varname=quiz_author), 

=INFO REPORT==== 7-Dec-2015::04:50:24 ===
           ts_search:(5:<0.615.0>) Dyn Var (RE): no Match (varname=created_quiz_id), 

=INFO REPORT==== 7-Dec-2015::04:50:24 ===
           ts_search:(5:<0.689.0>) Dyn Var: no Match (varname=quiz_author), 

=INFO REPORT==== 7-Dec-2015::04:50:25 ===
           ts_search:(5:<0.601.0>) Dyn Var: no Match (varname=quiz_author), 

=INFO REPORT==== 7-Dec-2015::04:50:25 ===
           ts_search:(5:<0.769.0>) Dyn Var (RE): no Match (varname=created_quiz_id), 

=INFO REPORT==== 7-Dec-2015::04:50:26 ===
           ts_search:(5:<0.832.0>) Dyn Var: no Match (varname=quiz_author), 

=INFO REPORT==== 7-Dec-2015::04:50:26 ===
           ts_search:(5:<0.788.0>) Dyn Var: no Match (varname=quiz_author), 

=INFO REPORT==== 7-Dec-2015::04:50:26 ===
           ts_search:(5:<0.569.0>) Dyn Var (RE): no Match (varname=created_quiz_id), 

=INFO REPORT==== 7-Dec-2015::04:50:26 ===
           ts_search:(5:<0.590.0>) Dyn Var (RE): no Match (varname=created_quiz_id), 

=INFO REPORT==== 7-Dec-2015::04:50:27 ===
           ts_search:(5:<0.689.0>) Dyn Var (RE): no Match (varname=created_quiz_id), 

=INFO REPORT==== 7-Dec-2015::04:50:27 ===
           ts_search:(5:<0.465.0>) Dyn Var (RE): no Match (varname=created_quiz_id), 

=INFO REPORT==== 7-Dec-2015::04:50:27 ===
           ts_search:(5:<0.553.0>) Dyn Var (RE): no Match (varname=created_quiz_id), 

=INFO REPORT==== 7-Dec-2015::04:50:27 ===
           ts_search:(5:<0.504.0>) Dyn Var (RE): no Match (varname=created_quiz_id), 

=INFO REPORT==== 7-Dec-2015::04:50:27 ===
           ts_search:(5:<0.857.0>) Dyn Var: no Match (varname=quiz_author), 

=INFO REPORT==== 7-Dec-2015::04:50:27 ===
           ts_search:(5:<0.859.0>) Dyn Var: no Match (varname=quiz_author), 

=INFO REPORT==== 7-Dec-2015::04:50:27 ===
           ts_search:(5:<0.832.0>) Dyn Var (RE): no Match (varname=created_quiz_id), 

=INFO REPORT==== 7-Dec-2015::04:50:27 ===
           ts_search:(5:<0.415.0>) Dyn Var (RE): no Match (varname=created_quiz_id), 

=INFO REPORT==== 7-Dec-2015::04:50:28 ===
           ts_search:(5:<0.541.0>) Dyn Var (RE): no Match (varname=created_quiz_id), 

=INFO REPORT==== 7-Dec-2015::04:50:28 ===
           ts_search:(5:<0.507.0>) Dyn Var: no Match (varname=quiz_author), 

=INFO REPORT==== 7-Dec-2015::04:50:28 ===
           ts_search:(5:<0.794.0>) Dyn Var: no Match (varname=quiz_author), 

=INFO REPORT==== 7-Dec-2015::04:50:28 ===
           ts_search:(5:<0.886.0>) Dyn Var: no Match (varname=quiz_author), 

=INFO REPORT==== 7-Dec-2015::04:50:29 ===
           ts_search:(5:<0.594.0>) Dyn Var: no Match (varname=quiz_author), 

=INFO REPORT==== 7-Dec-2015::04:50:29 ===
           ts_search:(5:<0.501.0>) Dyn Var (RE): no Match (varname=created_quiz_id), 

=INFO REPORT==== 7-Dec-2015::04:50:29 ===
           ts_search:(5:<0.1032.0>) Dyn Var: no Match (varname=quiz_author), 

=INFO REPORT==== 7-Dec-2015::04:50:29 ===
           ts_search:(5:<0.440.0>) Dyn Var (RE): no Match (varname=created_quiz_id), 

=INFO REPORT==== 7-Dec-2015::04:50:29 ===
           ts_search:(5:<0.879.0>) Dyn Var: no Match (varname=quiz_author), 

=INFO REPORT==== 7-Dec-2015::04:50:29 ===
           ts_search:(5:<0.788.0>) Dyn Var (RE): no Match (varname=created_quiz_id), 

=INFO REPORT==== 7-Dec-2015::04:50:29 ===
           ts_search:(5:<0.707.0>) Dyn Var (RE): no Match (varname=created_quiz_id), 

=INFO REPORT==== 7-Dec-2015::04:50:30 ===
           ts_search:(5:<0.859.0>) Dyn Var (RE): no Match (varname=created_quiz_id), 

=INFO REPORT==== 7-Dec-2015::04:50:30 ===
           ts_search:(5:<0.895.0>) Dyn Var: no Match (varname=quiz_author), 

=INFO REPORT==== 7-Dec-2015::04:50:30 ===
           ts_search:(5:<0.794.0>) Dyn Var (RE): no Match (varname=created_quiz_id), 

=INFO REPORT==== 7-Dec-2015::04:50:30 ===
           ts_search:(5:<0.841.0>) Dyn Var: no Match (varname=quiz_author), 

=INFO REPORT==== 7-Dec-2015::04:50:30 ===
           ts_search:(5:<0.911.0>) Dyn Var: no Match (varname=quiz_author), 

=INFO REPORT==== 7-Dec-2015::04:50:31 ===
           ts_search:(5:<0.827.0>) Dyn Var: no Match (varname=quiz_author), 

=INFO REPORT==== 7-Dec-2015::04:50:31 ===
           ts_search:(5:<0.776.0>) Dyn Var: no Match (varname=quiz_author), 

=INFO REPORT==== 7-Dec-2015::04:50:31 ===
           ts_search:(5:<0.985.0>) Dyn Var: no Match (varname=quiz_author), 

=INFO REPORT==== 7-Dec-2015::04:50:32 ===
           ts_search:(5:<0.547.0>) Dyn Var: no Match (varname=quiz_author), 

=INFO REPORT==== 7-Dec-2015::04:50:32 ===
           ts_search:(5:<0.1025.0>) Dyn Var: no Match (varname=quiz_author), 

=INFO REPORT==== 7-Dec-2015::04:50:32 ===
           ts_search:(5:<0.745.0>) Dyn Var (RE): no Match (varname=created_quiz_id), 

=INFO REPORT==== 7-Dec-2015::04:50:32 ===
           ts_search:(5:<0.991.0>) Dyn Var: no Match (varname=quiz_author), 

=INFO REPORT==== 7-Dec-2015::04:50:32 ===
           ts_search:(5:<0.796.0>) Dyn Var: no Match (varname=quiz_author), 

=INFO REPORT==== 7-Dec-2015::04:50:32 ===
           ts_search:(5:<0.596.0>) Dyn Var: no Match (varname=quiz_author), 

=INFO REPORT==== 7-Dec-2015::04:50:32 ===
           ts_search:(5:<0.717.0>) Dyn Var (RE): no Match (varname=created_quiz_id), 

=INFO REPORT==== 7-Dec-2015::04:50:32 ===
           ts_search:(5:<0.827.0>) Dyn Var (RE): no Match (varname=created_quiz_id), 

=INFO REPORT==== 7-Dec-2015::04:50:32 ===
           ts_search:(5:<0.599.0>) Dyn Var: no Match (varname=quiz_author), 

=INFO REPORT==== 7-Dec-2015::04:50:33 ===
           ts_search:(5:<0.697.0>) Dyn Var (RE): no Match (varname=created_quiz_id), 

=INFO REPORT==== 7-Dec-2015::04:50:33 ===
         ts_launcher:(4:<0.129.0>) Need to wait 1.428 sec before changing phase, going to sleep

=INFO REPORT==== 7-Dec-2015::04:50:33 ===
           ts_search:(5:<0.589.0>) Dyn Var (RE): no Match (varname=created_quiz_id), 

=INFO REPORT==== 7-Dec-2015::04:50:34 ===
           ts_search:(5:<0.983.0>) Dyn Var: no Match (varname=quiz_author), 

=INFO REPORT==== 7-Dec-2015::04:50:34 ===
           ts_search:(5:<0.686.0>) Dyn Var (RE): no Match (varname=created_quiz_id), 

=INFO REPORT==== 7-Dec-2015::04:50:34 ===
           ts_search:(5:<0.985.0>) Dyn Var (RE): no Match (varname=created_quiz_id), 

=INFO REPORT==== 7-Dec-2015::04:50:34 ===
           ts_search:(5:<0.472.0>) Dyn Var (RE): no Match (varname=created_quiz_id), 

=INFO REPORT==== 7-Dec-2015::04:50:35 ===
           ts_search:(5:<0.863.0>) Dyn Var: no Match (varname=quiz_author), 

=INFO REPORT==== 7-Dec-2015::04:50:35 ===
           ts_search:(5:<0.723.0>) Dyn Var: no Match (varname=quiz_author), 

=INFO REPORT==== 7-Dec-2015::04:50:35 ===
         ts_launcher:(5:<0.129.0>) Waking up

=INFO REPORT==== 7-Dec-2015::04:50:35 ===
         ts_launcher:(5:<0.129.0>) Start a new arrival phase (960 users, 0.032); expected duration=30.0 sec

=INFO REPORT==== 7-Dec-2015::04:50:35 ===
           ts_search:(5:<0.1025.0>) Dyn Var (RE): no Match (varname=created_quiz_id), 

=INFO REPORT==== 7-Dec-2015::04:50:35 ===
           ts_search:(5:<0.1013.0>) Dyn Var: no Match (varname=quiz_author), 

=INFO REPORT==== 7-Dec-2015::04:50:35 ===
           ts_search:(5:<0.417.0>) Dyn Var (RE): no Match (varname=created_quiz_id), 

=INFO REPORT==== 7-Dec-2015::04:50:35 ===
           ts_search:(5:<0.879.0>) Dyn Var (RE): no Match (varname=created_quiz_id), 

=INFO REPORT==== 7-Dec-2015::04:50:35 ===
           ts_search:(5:<0.888.0>) Dyn Var: no Match (varname=quiz_author), 

=INFO REPORT==== 7-Dec-2015::04:50:35 ===
           ts_search:(5:<0.866.0>) Dyn Var: no Match (varname=quiz_author), 

=INFO REPORT==== 7-Dec-2015::04:50:36 ===
           ts_search:(5:<0.842.0>) Dyn Var: no Match (varname=quiz_author), 

=INFO REPORT==== 7-Dec-2015::04:50:36 ===
           ts_search:(5:<0.476.0>) Dyn Var (RE): no Match (varname=created_quiz_id), 

=INFO REPORT==== 7-Dec-2015::04:50:36 ===
           ts_search:(5:<0.628.0>) Dyn Var (RE): no Match (varname=created_quiz_id), 

=INFO REPORT==== 7-Dec-2015::04:50:36 ===
           ts_search:(5:<0.800.0>) Dyn Var: no Match (varname=quiz_author), 

=INFO REPORT==== 7-Dec-2015::04:50:36 ===
           ts_search:(5:<0.858.0>) Dyn Var: no Match (varname=quiz_author), 

=INFO REPORT==== 7-Dec-2015::04:50:36 ===
           ts_search:(5:<0.1010.0>) Dyn Var: no Match (varname=quiz_author), 

=INFO REPORT==== 7-Dec-2015::04:50:36 ===
           ts_search:(5:<0.895.0>) Dyn Var (RE): no Match (varname=created_quiz_id), 

=INFO REPORT==== 7-Dec-2015::04:50:36 ===
           ts_search:(5:<0.608.0>) Dyn Var: no Match (varname=quiz_author), 

=INFO REPORT==== 7-Dec-2015::04:50:36 ===
           ts_search:(5:<0.357.0>) Dyn Var (RE): no Match (varname=created_quiz_id), 

=INFO REPORT==== 7-Dec-2015::04:50:37 ===
           ts_search:(5:<0.842.0>) Dyn Var (RE): no Match (varname=created_quiz_id), 

=INFO REPORT==== 7-Dec-2015::04:50:37 ===
           ts_search:(5:<0.1051.0>) Dyn Var: no Match (varname=quiz_author), 

=INFO REPORT==== 7-Dec-2015::04:50:37 ===
           ts_search:(5:<0.857.0>) Dyn Var (RE): no Match (varname=created_quiz_id), 

=INFO REPORT==== 7-Dec-2015::04:50:37 ===
           ts_search:(5:<0.898.0>) Dyn Var: no Match (varname=quiz_author), 

=INFO REPORT==== 7-Dec-2015::04:50:37 ===
           ts_search:(5:<0.659.0>) Dyn Var: no Match (varname=quiz_author), 

=INFO REPORT==== 7-Dec-2015::04:50:37 ===
           ts_search:(5:<0.746.0>) Dyn Var: no Match (varname=quiz_author), 

=INFO REPORT==== 7-Dec-2015::04:50:38 ===
           ts_search:(5:<0.523.0>) Dyn Var (RE): no Match (varname=created_quiz_id), 

=INFO REPORT==== 7-Dec-2015::04:50:38 ===
           ts_search:(5:<0.630.0>) Dyn Var: no Match (varname=quiz_author), 

=INFO REPORT==== 7-Dec-2015::04:50:38 ===
           ts_search:(5:<0.594.0>) Dyn Var (RE): no Match (varname=created_quiz_id), 

=INFO REPORT==== 7-Dec-2015::04:50:38 ===
           ts_search:(5:<0.1096.0>) Dyn Var: no Match (varname=quiz_author), 

=INFO REPORT==== 7-Dec-2015::04:50:38 ===
           ts_search:(5:<0.1078.0>) Dyn Var: no Match (varname=quiz_author), 

=INFO REPORT==== 7-Dec-2015::04:50:38 ===
           ts_search:(5:<0.361.0>) Dyn Var (RE): no Match (varname=created_quiz_id), 

=INFO REPORT==== 7-Dec-2015::04:50:39 ===
           ts_search:(5:<0.858.0>) Dyn Var (RE): no Match (varname=created_quiz_id), 

=INFO REPORT==== 7-Dec-2015::04:50:39 ===
           ts_search:(5:<0.723.0>) Dyn Var (RE): no Match (varname=created_quiz_id), 

=INFO REPORT==== 7-Dec-2015::04:50:39 ===
           ts_search:(5:<0.608.0>) Dyn Var (RE): no Match (varname=created_quiz_id), 

=INFO REPORT==== 7-Dec-2015::04:50:40 ===
           ts_search:(5:<0.1000.0>) Dyn Var: no Match (varname=quiz_author), 

=INFO REPORT==== 7-Dec-2015::04:50:40 ===
           ts_search:(5:<0.891.0>) Dyn Var: no Match (varname=quiz_author), 

=INFO REPORT==== 7-Dec-2015::04:50:40 ===
           ts_search:(5:<0.524.0>) Dyn Var (RE): no Match (varname=created_quiz_id), 

=INFO REPORT==== 7-Dec-2015::04:50:40 ===
           ts_search:(5:<0.1000.0>) Dyn Var (RE): no Match (varname=created_quiz_id), 

=INFO REPORT==== 7-Dec-2015::04:50:40 ===
           ts_search:(5:<0.991.0>) Dyn Var (RE): no Match (varname=created_quiz_id), 

=INFO REPORT==== 7-Dec-2015::04:50:41 ===
           ts_search:(5:<0.886.0>) Dyn Var (RE): no Match (varname=created_quiz_id), 

=INFO REPORT==== 7-Dec-2015::04:50:41 ===
           ts_search:(5:<0.1123.0>) Dyn Var: no Match (varname=quiz_author), 

=INFO REPORT==== 7-Dec-2015::04:50:41 ===
           ts_search:(5:<0.507.0>) Dyn Var (RE): no Match (varname=created_quiz_id), 

=INFO REPORT==== 7-Dec-2015::04:50:41 ===
           ts_search:(5:<0.1051.0>) Dyn Var (RE): no Match (varname=created_quiz_id), 

=INFO REPORT==== 7-Dec-2015::04:50:42 ===
           ts_search:(5:<0.702.0>) Dyn Var (RE): no Match (varname=created_quiz_id), 

=INFO REPORT==== 7-Dec-2015::04:50:42 ===
           ts_search:(5:<0.776.0>) Dyn Var (RE): no Match (varname=created_quiz_id), 

=INFO REPORT==== 7-Dec-2015::04:50:42 ===
           ts_search:(5:<0.863.0>) Dyn Var (RE): no Match (varname=created_quiz_id), 

=INFO REPORT==== 7-Dec-2015::04:50:42 ===
           ts_search:(5:<0.1092.0>) Dyn Var: no Match (varname=quiz_author), 

=INFO REPORT==== 7-Dec-2015::04:50:43 ===
           ts_search:(5:<0.866.0>) Dyn Var (RE): no Match (varname=created_quiz_id), 

=INFO REPORT==== 7-Dec-2015::04:50:43 ===
           ts_search:(5:<0.891.0>) Dyn Var (RE): no Match (varname=created_quiz_id), 

=INFO REPORT==== 7-Dec-2015::04:50:43 ===
           ts_search:(5:<0.1096.0>) Dyn Var (RE): no Match (varname=created_quiz_id), 

=INFO REPORT==== 7-Dec-2015::04:50:43 ===
           ts_search:(5:<0.792.0>) Dyn Var: no Match (varname=quiz_author), 

=INFO REPORT==== 7-Dec-2015::04:50:44 ===
           ts_search:(5:<0.792.0>) Dyn Var (RE): no Match (varname=created_quiz_id), 

=INFO REPORT==== 7-Dec-2015::04:50:44 ===
           ts_search:(5:<0.1095.0>) Dyn Var: no Match (varname=quiz_author), 

=INFO REPORT==== 7-Dec-2015::04:50:44 ===
           ts_search:(5:<0.1120.0>) Dyn Var: no Match (varname=quiz_author), 

=INFO REPORT==== 7-Dec-2015::04:50:44 ===
           ts_search:(5:<0.760.0>) Dyn Var (RE): no Match (varname=created_quiz_id), 

=INFO REPORT==== 7-Dec-2015::04:50:44 ===
           ts_search:(5:<0.1119.0>) Dyn Var: no Match (varname=quiz_author), 

=INFO REPORT==== 7-Dec-2015::04:50:45 ===
           ts_search:(5:<0.1212.0>) Dyn Var: no Match (varname=quiz_author), 

=INFO REPORT==== 7-Dec-2015::04:50:45 ===
           ts_search:(5:<0.746.0>) Dyn Var (RE): no Match (varname=created_quiz_id), 

=INFO REPORT==== 7-Dec-2015::04:50:45 ===
           ts_search:(5:<0.458.0>) Dyn Var (RE): no Match (varname=created_quiz_id), 

=INFO REPORT==== 7-Dec-2015::04:50:46 ===
           ts_search:(5:<0.580.0>) Dyn Var (RE): no Match (varname=created_quiz_id), 

=INFO REPORT==== 7-Dec-2015::04:50:46 ===
           ts_search:(5:<0.1212.0>) Dyn Var (RE): no Match (varname=created_quiz_id), 

=INFO REPORT==== 7-Dec-2015::04:50:46 ===
           ts_search:(5:<0.1324.0>) Dyn Var: no Match (varname=quiz_author), 

=INFO REPORT==== 7-Dec-2015::04:50:46 ===
           ts_search:(5:<0.1092.0>) Dyn Var (RE): no Match (varname=created_quiz_id), 

=INFO REPORT==== 7-Dec-2015::04:50:46 ===
           ts_search:(5:<0.1129.0>) Dyn Var: no Match (varname=quiz_author), 

=INFO REPORT==== 7-Dec-2015::04:50:46 ===
           ts_search:(5:<0.1138.0>) Dyn Var: no Match (varname=quiz_author), 

=INFO REPORT==== 7-Dec-2015::04:50:46 ===
           ts_search:(5:<0.1337.0>) Dyn Var: no Match (varname=quiz_author), 

=INFO REPORT==== 7-Dec-2015::04:50:47 ===
           ts_search:(5:<0.575.0>) Dyn Var (RE): no Match (varname=created_quiz_id), 

=INFO REPORT==== 7-Dec-2015::04:50:47 ===
           ts_search:(5:<0.1333.0>) Dyn Var: no Match (varname=quiz_author), 

=INFO REPORT==== 7-Dec-2015::04:50:48 ===
           ts_search:(5:<0.630.0>) Dyn Var (RE): no Match (varname=created_quiz_id), 

=INFO REPORT==== 7-Dec-2015::04:50:48 ===
           ts_search:(5:<0.988.0>) Dyn Var: no Match (varname=quiz_author), 

=INFO REPORT==== 7-Dec-2015::04:50:48 ===
           ts_search:(5:<0.1229.0>) Dyn Var: no Match (varname=quiz_author), 

=INFO REPORT==== 7-Dec-2015::04:50:48 ===
           ts_search:(5:<0.1409.0>) Dyn Var: no Match (varname=quiz_author), 

=INFO REPORT==== 7-Dec-2015::04:50:48 ===
           ts_search:(5:<0.1244.0>) Dyn Var: no Match (varname=quiz_author), 

=INFO REPORT==== 7-Dec-2015::04:50:48 ===
           ts_search:(5:<0.1113.0>) Dyn Var: no Match (varname=quiz_author), 

=INFO REPORT==== 7-Dec-2015::04:50:48 ===
           ts_search:(5:<0.1116.0>) Dyn Var: no Match (varname=quiz_author), 

=INFO REPORT==== 7-Dec-2015::04:50:48 ===
           ts_search:(5:<0.1275.0>) Dyn Var: no Match (varname=quiz_author), 

=INFO REPORT==== 7-Dec-2015::04:50:49 ===
           ts_search:(5:<0.911.0>) Dyn Var (RE): no Match (varname=created_quiz_id), 

=INFO REPORT==== 7-Dec-2015::04:50:49 ===
           ts_search:(5:<0.561.0>) Dyn Var (RE): no Match (varname=created_quiz_id), 

=INFO REPORT==== 7-Dec-2015::04:50:49 ===
           ts_search:(5:<0.796.0>) Dyn Var (RE): no Match (varname=created_quiz_id), 

=INFO REPORT==== 7-Dec-2015::04:50:49 ===
           ts_search:(5:<0.1137.0>) Dyn Var: no Match (varname=quiz_author), 

=INFO REPORT==== 7-Dec-2015::04:50:49 ===
           ts_search:(5:<0.984.0>) Dyn Var: no Match (varname=quiz_author), 

=INFO REPORT==== 7-Dec-2015::04:50:49 ===
           ts_search:(5:<0.1268.0>) Dyn Var: no Match (varname=quiz_author), 

=INFO REPORT==== 7-Dec-2015::04:50:49 ===
           ts_search:(5:<0.1155.0>) Dyn Var: no Match (varname=quiz_author), 

=INFO REPORT==== 7-Dec-2015::04:50:50 ===
           ts_search:(5:<0.558.0>) Dyn Var (RE): no Match (varname=created_quiz_id), 

=INFO REPORT==== 7-Dec-2015::04:50:50 ===
           ts_search:(5:<0.1224.0>) Dyn Var: no Match (varname=quiz_author), 

=INFO REPORT==== 7-Dec-2015::04:50:50 ===
           ts_search:(5:<0.970.0>) Dyn Var: no Match (varname=quiz_author), 

=INFO REPORT==== 7-Dec-2015::04:50:50 ===
           ts_search:(5:<0.1119.0>) Dyn Var (RE): no Match (varname=created_quiz_id), 

=INFO REPORT==== 7-Dec-2015::04:50:50 ===
           ts_search:(5:<0.1523.0>) Dyn Var: no Match (varname=quiz_author), 

=INFO REPORT==== 7-Dec-2015::04:50:51 ===
           ts_search:(5:<0.1358.0>) Dyn Var: no Match (varname=quiz_author), 

=INFO REPORT==== 7-Dec-2015::04:50:51 ===
           ts_search:(5:<0.1078.0>) Dyn Var (RE): no Match (varname=created_quiz_id), 

=INFO REPORT==== 7-Dec-2015::04:50:51 ===
           ts_search:(5:<0.1229.0>) Dyn Var (RE): no Match (varname=created_quiz_id), 

=INFO REPORT==== 7-Dec-2015::04:50:51 ===
           ts_search:(5:<0.1040.0>) Dyn Var: no Match (varname=quiz_author), 

=INFO REPORT==== 7-Dec-2015::04:50:51 ===
           ts_search:(5:<0.1023.0>) Dyn Var: no Match (varname=quiz_author), 

=INFO REPORT==== 7-Dec-2015::04:50:51 ===
           ts_search:(5:<0.1085.0>) Dyn Var: no Match (varname=quiz_author), 

=INFO REPORT==== 7-Dec-2015::04:50:52 ===
           ts_search:(5:<0.809.0>) Dyn Var: no Match (varname=quiz_author), 

=INFO REPORT==== 7-Dec-2015::04:50:52 ===
           ts_search:(5:<0.1310.0>) Dyn Var: no Match (varname=quiz_author), 

=INFO REPORT==== 7-Dec-2015::04:50:53 ===
           ts_search:(5:<0.1473.0>) Dyn Var: no Match (varname=quiz_author), 

=INFO REPORT==== 7-Dec-2015::04:50:53 ===
           ts_search:(5:<0.1316.0>) Dyn Var: no Match (varname=quiz_author), 

=INFO REPORT==== 7-Dec-2015::04:50:53 ===
           ts_search:(5:<0.1166.0>) Dyn Var: no Match (varname=quiz_author), 

=INFO REPORT==== 7-Dec-2015::04:50:53 ===
           ts_search:(5:<0.766.0>) Dyn Var (RE): no Match (varname=created_quiz_id), 

=INFO REPORT==== 7-Dec-2015::04:50:53 ===
           ts_search:(5:<0.487.0>) Dyn Var (RE): no Match (varname=created_quiz_id), 

=INFO REPORT==== 7-Dec-2015::04:50:53 ===
           ts_search:(5:<0.963.0>) Dyn Var: no Match (varname=quiz_author), 

=INFO REPORT==== 7-Dec-2015::04:50:53 ===
           ts_search:(5:<0.1523.0>) Dyn Var (RE): no Match (varname=created_quiz_id), 

=INFO REPORT==== 7-Dec-2015::04:50:53 ===
           ts_search:(5:<0.1244.0>) Dyn Var (RE): no Match (varname=created_quiz_id), 

=INFO REPORT==== 7-Dec-2015::04:50:53 ===
           ts_search:(5:<0.971.0>) Dyn Var: no Match (varname=quiz_author), 

=INFO REPORT==== 7-Dec-2015::04:50:53 ===
           ts_search:(5:<0.1137.0>) Dyn Var (RE): no Match (varname=created_quiz_id), 

=INFO REPORT==== 7-Dec-2015::04:50:53 ===
           ts_search:(5:<0.1449.0>) Dyn Var: no Match (varname=quiz_author), 

=INFO REPORT==== 7-Dec-2015::04:50:53 ===
           ts_search:(5:<0.963.0>) Dyn Var (RE): no Match (varname=created_quiz_id), 

=INFO REPORT==== 7-Dec-2015::04:50:54 ===
           ts_search:(5:<0.1561.0>) Dyn Var: no Match (varname=quiz_author), 

=INFO REPORT==== 7-Dec-2015::04:50:54 ===
           ts_search:(5:<0.1360.0>) Dyn Var: no Match (varname=quiz_author), 

=INFO REPORT==== 7-Dec-2015::04:50:54 ===
           ts_search:(5:<0.1316.0>) Dyn Var (RE): no Match (varname=created_quiz_id), 

=INFO REPORT==== 7-Dec-2015::04:50:54 ===
           ts_search:(5:<0.1197.0>) Dyn Var: no Match (varname=quiz_author), 

=INFO REPORT==== 7-Dec-2015::04:50:54 ===
           ts_search:(5:<0.1083.0>) Dyn Var: no Match (varname=quiz_author), 

=INFO REPORT==== 7-Dec-2015::04:50:54 ===
           ts_search:(5:<0.1450.0>) Dyn Var: no Match (varname=quiz_author), 

=INFO REPORT==== 7-Dec-2015::04:50:55 ===
           ts_search:(5:<0.1427.0>) Dyn Var: no Match (varname=quiz_author), 

=INFO REPORT==== 7-Dec-2015::04:50:55 ===
           ts_search:(5:<0.1155.0>) Dyn Var (RE): no Match (varname=created_quiz_id), 

=INFO REPORT==== 7-Dec-2015::04:50:55 ===
           ts_search:(5:<0.970.0>) Dyn Var (RE): no Match (varname=created_quiz_id), 

=INFO REPORT==== 7-Dec-2015::04:50:55 ===
           ts_search:(5:<0.1246.0>) Dyn Var: no Match (varname=quiz_author), 

=INFO REPORT==== 7-Dec-2015::04:50:55 ===
           ts_search:(5:<0.1561.0>) Dyn Var (RE): no Match (varname=created_quiz_id), 

=INFO REPORT==== 7-Dec-2015::04:50:55 ===
           ts_search:(5:<0.1362.0>) Dyn Var: no Match (varname=quiz_author), 

=INFO REPORT==== 7-Dec-2015::04:50:56 ===
           ts_search:(5:<0.1432.0>) Dyn Var: no Match (varname=quiz_author), 

=INFO REPORT==== 7-Dec-2015::04:50:56 ===
           ts_search:(5:<0.1417.0>) Dyn Var: no Match (varname=quiz_author), 

=INFO REPORT==== 7-Dec-2015::04:50:56 ===
           ts_search:(5:<0.988.0>) Dyn Var (RE): no Match (varname=created_quiz_id), 

=INFO REPORT==== 7-Dec-2015::04:50:56 ===
           ts_search:(5:<0.984.0>) Dyn Var (RE): no Match (varname=created_quiz_id), 

=INFO REPORT==== 7-Dec-2015::04:50:56 ===
           ts_search:(5:<0.423.0>) Dyn Var (RE): no Match (varname=created_quiz_id), 

=INFO REPORT==== 7-Dec-2015::04:50:56 ===
           ts_search:(5:<0.1207.0>) Dyn Var: no Match (varname=quiz_author), 

=INFO REPORT==== 7-Dec-2015::04:50:57 ===
           ts_search:(5:<0.1449.0>) Dyn Var (RE): no Match (varname=created_quiz_id), 

=INFO REPORT==== 7-Dec-2015::04:50:57 ===
           ts_search:(5:<0.1402.0>) Dyn Var: no Match (varname=quiz_author), 

=INFO REPORT==== 7-Dec-2015::04:50:57 ===
           ts_search:(5:<0.983.0>) Dyn Var (RE): no Match (varname=created_quiz_id), 

=INFO REPORT==== 7-Dec-2015::04:50:57 ===
           ts_search:(5:<0.1337.0>) Dyn Var (RE): no Match (varname=created_quiz_id), 

=INFO REPORT==== 7-Dec-2015::04:50:57 ===
           ts_search:(5:<0.1824.0>) Dyn Var (RE): no Match (varname=authenticity_token), 

=INFO REPORT==== 7-Dec-2015::04:50:57 ===
           ts_search:(5:<0.1095.0>) Dyn Var (RE): no Match (varname=created_quiz_id), 

=INFO REPORT==== 7-Dec-2015::04:50:57 ===
           ts_search:(5:<0.1366.0>) Dyn Var: no Match (varname=quiz_author), 

=INFO REPORT==== 7-Dec-2015::04:50:58 ===
           ts_search:(5:<0.1085.0>) Dyn Var (RE): no Match (varname=created_quiz_id), 

=INFO REPORT==== 7-Dec-2015::04:50:58 ===
           ts_search:(5:<0.1478.0>) Dyn Var: no Match (varname=quiz_author), 

=INFO REPORT==== 7-Dec-2015::04:50:58 ===
           ts_search:(5:<0.1630.0>) Dyn Var: no Match (varname=quiz_author), 

=INFO REPORT==== 7-Dec-2015::04:50:58 ===
           ts_search:(5:<0.1287.0>) Dyn Var: no Match (varname=quiz_author), 

=INFO REPORT==== 7-Dec-2015::04:50:58 ===
           ts_search:(5:<0.1267.0>) Dyn Var: no Match (varname=quiz_author), 

=INFO REPORT==== 7-Dec-2015::04:50:58 ===
           ts_search:(5:<0.971.0>) Dyn Var (RE): no Match (varname=created_quiz_id), 

=INFO REPORT==== 7-Dec-2015::04:50:59 ===
           ts_search:(5:<0.733.0>) Dyn Var: no Match (varname=quiz_author), 

=INFO REPORT==== 7-Dec-2015::04:50:59 ===
           ts_search:(5:<0.809.0>) Dyn Var (RE): no Match (varname=created_quiz_id), 

=INFO REPORT==== 7-Dec-2015::04:50:59 ===
           ts_search:(5:<0.1450.0>) Dyn Var (RE): no Match (varname=created_quiz_id), 

=INFO REPORT==== 7-Dec-2015::04:50:59 ===
           ts_search:(5:<0.1216.0>) Dyn Var: no Match (varname=quiz_author), 

=INFO REPORT==== 7-Dec-2015::04:50:59 ===
           ts_search:(5:<0.1797.0>) Dyn Var (RE): no Match (varname=authenticity_token), 

=INFO REPORT==== 7-Dec-2015::04:50:59 ===
           ts_search:(5:<0.1358.0>) Dyn Var (RE): no Match (varname=created_quiz_id), 

=INFO REPORT==== 7-Dec-2015::04:50:59 ===
           ts_search:(5:<0.1517.0>) Dyn Var: no Match (varname=quiz_author), 

=INFO REPORT==== 7-Dec-2015::04:50:59 ===
           ts_search:(5:<0.1417.0>) Dyn Var (RE): no Match (varname=created_quiz_id), 

=INFO REPORT==== 7-Dec-2015::04:51:00 ===
           ts_search:(5:<0.1129.0>) Dyn Var (RE): no Match (varname=created_quiz_id), 

=INFO REPORT==== 7-Dec-2015::04:51:00 ===
           ts_search:(5:<0.1551.0>) Dyn Var: no Match (varname=quiz_author), 

=INFO REPORT==== 7-Dec-2015::04:51:00 ===
           ts_search:(5:<0.1378.0>) Dyn Var: no Match (varname=quiz_author), 

=INFO REPORT==== 7-Dec-2015::04:51:00 ===
           ts_search:(5:<0.1800.0>) Dyn Var: no Match (varname=quiz_author), 

=INFO REPORT==== 7-Dec-2015::04:51:00 ===
           ts_search:(5:<0.1242.0>) Dyn Var: no Match (varname=quiz_author), 

=INFO REPORT==== 7-Dec-2015::04:51:00 ===
           ts_search:(5:<0.1312.0>) Dyn Var: no Match (varname=quiz_author), 

=INFO REPORT==== 7-Dec-2015::04:51:00 ===
           ts_search:(5:<0.1467.0>) Dyn Var: no Match (varname=quiz_author), 

=INFO REPORT==== 7-Dec-2015::04:51:00 ===
           ts_search:(5:<0.1780.0>) Dyn Var: no Match (varname=quiz_author), 

=INFO REPORT==== 7-Dec-2015::04:51:00 ===
           ts_search:(5:<0.1795.0>) Dyn Var: no Match (varname=quiz_author), 

=INFO REPORT==== 7-Dec-2015::04:51:00 ===
           ts_search:(5:<0.1083.0>) Dyn Var (RE): no Match (varname=created_quiz_id), 

=INFO REPORT==== 7-Dec-2015::04:51:01 ===
           ts_search:(5:<0.1224.0>) Dyn Var (RE): no Match (varname=created_quiz_id), 

=INFO REPORT==== 7-Dec-2015::04:51:01 ===
           ts_search:(5:<0.1780.0>) Dyn Var (RE): no Match (varname=created_quiz_id), 

=INFO REPORT==== 7-Dec-2015::04:51:01 ===
           ts_search:(5:<0.1427.0>) Dyn Var (RE): no Match (varname=created_quiz_id), 

=INFO REPORT==== 7-Dec-2015::04:51:01 ===
           ts_search:(5:<0.1169.0>) Dyn Var: no Match (varname=quiz_author), 

=INFO REPORT==== 7-Dec-2015::04:51:01 ===
           ts_search:(5:<0.1692.0>) Dyn Var (RE): no Match (varname=authenticity_token), 

=INFO REPORT==== 7-Dec-2015::04:51:01 ===
           ts_search:(5:<0.1692.0>) Dyn Var: no Match (varname=quiz_author), 

=INFO REPORT==== 7-Dec-2015::04:51:01 ===
           ts_search:(5:<0.596.0>) Dyn Var (RE): no Match (varname=created_quiz_id), 

=INFO REPORT==== 7-Dec-2015::04:51:01 ===
           ts_search:(5:<0.1321.0>) Dyn Var: no Match (varname=quiz_author), 

=INFO REPORT==== 7-Dec-2015::04:51:01 ===
           ts_search:(5:<0.1679.0>) Dyn Var: no Match (varname=quiz_author), 

=INFO REPORT==== 7-Dec-2015::04:51:01 ===
           ts_search:(5:<0.1503.0>) Dyn Var: no Match (varname=quiz_author), 

=INFO REPORT==== 7-Dec-2015::04:51:01 ===
           ts_search:(5:<0.1468.0>) Dyn Var: no Match (varname=quiz_author), 

=INFO REPORT==== 7-Dec-2015::04:51:01 ===
           ts_search:(5:<0.1705.0>) Dyn Var: no Match (varname=quiz_author), 

=INFO REPORT==== 7-Dec-2015::04:51:02 ===
           ts_search:(5:<0.1803.0>) Dyn Var: no Match (varname=quiz_author), 

=INFO REPORT==== 7-Dec-2015::04:51:02 ===
           ts_search:(5:<0.1324.0>) Dyn Var (RE): no Match (varname=created_quiz_id), 

=INFO REPORT==== 7-Dec-2015::04:51:02 ===
           ts_search:(5:<0.1517.0>) Dyn Var (RE): no Match (varname=created_quiz_id), 

=INFO REPORT==== 7-Dec-2015::04:51:02 ===
           ts_search:(5:<0.1803.0>) Dyn Var (RE): no Match (varname=created_quiz_id), 

=INFO REPORT==== 7-Dec-2015::04:51:03 ===
           ts_search:(5:<0.1630.0>) Dyn Var (RE): no Match (varname=created_quiz_id), 

=INFO REPORT==== 7-Dec-2015::04:51:03 ===
           ts_search:(5:<0.1562.0>) Dyn Var: no Match (varname=quiz_author), 

=INFO REPORT==== 7-Dec-2015::04:51:03 ===
           ts_search:(5:<0.1557.0>) Dyn Var: no Match (varname=quiz_author), 

=INFO REPORT==== 7-Dec-2015::04:51:03 ===
           ts_search:(5:<0.1268.0>) Dyn Var (RE): no Match (varname=created_quiz_id), 

=INFO REPORT==== 7-Dec-2015::04:51:03 ===
           ts_search:(5:<0.1290.0>) Dyn Var: no Match (varname=quiz_author), 

=INFO REPORT==== 7-Dec-2015::04:51:03 ===
           ts_search:(5:<0.1585.0>) Dyn Var: no Match (varname=quiz_author), 

=INFO REPORT==== 7-Dec-2015::04:51:03 ===
           ts_search:(5:<0.1650.0>) Dyn Var: no Match (varname=quiz_author), 

=INFO REPORT==== 7-Dec-2015::04:51:03 ===
           ts_search:(5:<0.1197.0>) Dyn Var (RE): no Match (varname=created_quiz_id), 

=INFO REPORT==== 7-Dec-2015::04:51:04 ===
           ts_search:(5:<0.841.0>) Dyn Var (RE): no Match (varname=created_quiz_id), 

=INFO REPORT==== 7-Dec-2015::04:51:04 ===
           ts_search:(5:<0.1208.0>) Dyn Var: no Match (varname=quiz_author), 

=INFO REPORT==== 7-Dec-2015::04:51:04 ===
           ts_search:(5:<0.1170.0>) Dyn Var: no Match (varname=quiz_author), 

=INFO REPORT==== 7-Dec-2015::04:51:04 ===
           ts_search:(5:<0.1380.0>) Dyn Var: no Match (varname=quiz_author), 

=INFO REPORT==== 7-Dec-2015::04:51:04 ===
           ts_search:(5:<0.1409.0>) Dyn Var (RE): no Match (varname=created_quiz_id), 

=INFO REPORT==== 7-Dec-2015::04:51:04 ===
           ts_search:(5:<0.1392.0>) Dyn Var: no Match (varname=quiz_author), 

=INFO REPORT==== 7-Dec-2015::04:51:04 ===
           ts_search:(5:<0.1409.0>) Dyn Var (RE): no Match (varname=authenticity_token), 

=INFO REPORT==== 7-Dec-2015::04:51:05 ===
         ts_launcher:(5:<0.129.0>) Phase duration exceeded, but not all users were launched (52 users, 5.4% of phase)

=INFO REPORT==== 7-Dec-2015::04:51:05 ===
         ts_launcher:(5:<0.129.0>) This was the last phase, wait for connected users to finish their session

=INFO REPORT==== 7-Dec-2015::04:51:05 ===
     ts_launcher_mgr:(5:<0.123.0>) Still 1092 active client(s)

=INFO REPORT==== 7-Dec-2015::04:51:05 ===
           ts_search:(5:<0.1346.0>) Dyn Var: no Match (varname=quiz_author), 

=INFO REPORT==== 7-Dec-2015::04:51:05 ===
           ts_search:(5:<0.1154.0>) Dyn Var: no Match (varname=quiz_author), 

=INFO REPORT==== 7-Dec-2015::04:51:05 ===
           ts_search:(5:<0.1032.0>) Dyn Var (RE): no Match (varname=created_quiz_id), 

=INFO REPORT==== 7-Dec-2015::04:51:05 ===
           ts_search:(5:<0.1600.0>) Dyn Var: no Match (varname=quiz_author), 

=INFO REPORT==== 7-Dec-2015::04:51:05 ===
           ts_search:(5:<0.888.0>) Dyn Var (RE): no Match (varname=created_quiz_id), 

=INFO REPORT==== 7-Dec-2015::04:51:05 ===
           ts_search:(5:<0.1084.0>) Dyn Var: no Match (varname=quiz_author), 

=INFO REPORT==== 7-Dec-2015::04:51:06 ===
           ts_search:(5:<0.1638.0>) Dyn Var: no Match (varname=quiz_author), 

=INFO REPORT==== 7-Dec-2015::04:51:06 ===
           ts_search:(5:<0.1638.0>) Dyn Var (RE): no Match (varname=created_quiz_id), 

=INFO REPORT==== 7-Dec-2015::04:51:06 ===
           ts_search:(5:<0.1705.0>) Dyn Var (RE): no Match (varname=created_quiz_id), 

=INFO REPORT==== 7-Dec-2015::04:51:06 ===
           ts_search:(5:<0.1113.0>) Dyn Var (RE): no Match (varname=created_quiz_id), 

=INFO REPORT==== 7-Dec-2015::04:51:06 ===
           ts_search:(5:<0.1608.0>) Dyn Var: no Match (varname=quiz_author), 

=INFO REPORT==== 7-Dec-2015::04:51:06 ===
           ts_search:(5:<0.1508.0>) Dyn Var: no Match (varname=quiz_author), 

=INFO REPORT==== 7-Dec-2015::04:51:06 ===
           ts_search:(5:<0.1566.0>) Dyn Var: no Match (varname=quiz_author), 

=INFO REPORT==== 7-Dec-2015::04:51:06 ===
           ts_search:(5:<0.1608.0>) Dyn Var (RE): no Match (varname=created_quiz_id), 

=INFO REPORT==== 7-Dec-2015::04:51:06 ===
           ts_search:(5:<0.1478.0>) Dyn Var (RE): no Match (varname=created_quiz_id), 

=INFO REPORT==== 7-Dec-2015::04:51:06 ===
           ts_search:(5:<0.1582.0>) Dyn Var: no Match (varname=quiz_author), 

=INFO REPORT==== 7-Dec-2015::04:51:06 ===
           ts_search:(5:<0.1679.0>) Dyn Var (RE): no Match (varname=created_quiz_id), 

=INFO REPORT==== 7-Dec-2015::04:51:06 ===
           ts_search:(5:<0.2014.0>) Dyn Var (RE): no Match (varname=authenticity_token), 

=INFO REPORT==== 7-Dec-2015::04:51:06 ===
           ts_search:(5:<0.1333.0>) Dyn Var (RE): no Match (varname=created_quiz_id), 

=INFO REPORT==== 7-Dec-2015::04:51:07 ===
           ts_search:(5:<0.1461.0>) Dyn Var: no Match (varname=quiz_author), 

=INFO REPORT==== 7-Dec-2015::04:51:07 ===
           ts_search:(5:<0.1242.0>) Dyn Var (RE): no Match (varname=created_quiz_id), 

=INFO REPORT==== 7-Dec-2015::04:51:07 ===
           ts_search:(5:<0.1013.0>) Dyn Var (RE): no Match (varname=created_quiz_id), 

=INFO REPORT==== 7-Dec-2015::04:51:07 ===
           ts_search:(5:<0.1932.0>) Dyn Var: no Match (varname=quiz_author), 

=INFO REPORT==== 7-Dec-2015::04:51:07 ===
           ts_search:(5:<0.1461.0>) Dyn Var (RE): no Match (varname=created_quiz_id), 

=INFO REPORT==== 7-Dec-2015::04:51:07 ===
           ts_search:(5:<0.1185.0>) Dyn Var: no Match (varname=quiz_author), 

=INFO REPORT==== 7-Dec-2015::04:51:07 ===
           ts_search:(5:<0.1562.0>) Dyn Var (RE): no Match (varname=created_quiz_id), 

=INFO REPORT==== 7-Dec-2015::04:51:07 ===
           ts_search:(5:<0.1694.0>) Dyn Var: no Match (varname=quiz_author), 

=INFO REPORT==== 7-Dec-2015::04:51:07 ===
           ts_search:(5:<0.1911.0>) Dyn Var: no Match (varname=quiz_author), 

=INFO REPORT==== 7-Dec-2015::04:51:08 ===
           ts_search:(5:<0.1062.0>) Dyn Var: no Match (varname=quiz_author), 

=INFO REPORT==== 7-Dec-2015::04:51:08 ===
           ts_search:(5:<0.1408.0>) Dyn Var: no Match (varname=quiz_author), 

=INFO REPORT==== 7-Dec-2015::04:51:08 ===
           ts_search:(5:<0.1275.0>) Dyn Var (RE): no Match (varname=created_quiz_id), 

=INFO REPORT==== 7-Dec-2015::04:51:08 ===
           ts_search:(5:<0.1839.0>) Dyn Var: no Match (varname=quiz_author), 

=INFO REPORT==== 7-Dec-2015::04:51:08 ===
           ts_search:(5:<0.1694.0>) Dyn Var (RE): no Match (varname=created_quiz_id), 

=INFO REPORT==== 7-Dec-2015::04:51:08 ===
           ts_search:(5:<0.1346.0>) Dyn Var (RE): no Match (varname=created_quiz_id), 

=INFO REPORT==== 7-Dec-2015::04:51:08 ===
           ts_search:(5:<0.1362.0>) Dyn Var (RE): no Match (varname=created_quiz_id), 

=INFO REPORT==== 7-Dec-2015::04:51:09 ===
           ts_search:(5:<0.1023.0>) Dyn Var (RE): no Match (varname=created_quiz_id), 

=INFO REPORT==== 7-Dec-2015::04:51:09 ===
           ts_search:(5:<0.1287.0>) Dyn Var (RE): no Match (varname=created_quiz_id), 

=INFO REPORT==== 7-Dec-2015::04:51:09 ===
           ts_search:(5:<0.1357.0>) Dyn Var: no Match (varname=quiz_author), 

=INFO REPORT==== 7-Dec-2015::04:51:09 ===
           ts_search:(5:<0.1553.0>) Dyn Var: no Match (varname=quiz_author), 

=INFO REPORT==== 7-Dec-2015::04:51:09 ===
           ts_search:(5:<0.1010.0>) Dyn Var (RE): no Match (varname=created_quiz_id), 

=INFO REPORT==== 7-Dec-2015::04:51:09 ===
           ts_search:(5:<0.1522.0>) Dyn Var: no Match (varname=quiz_author), 

=INFO REPORT==== 7-Dec-2015::04:51:09 ===
           ts_search:(5:<0.1876.0>) Dyn Var: no Match (varname=quiz_author), 

=INFO REPORT==== 7-Dec-2015::04:51:09 ===
           ts_search:(5:<0.1406.0>) Dyn Var: no Match (varname=quiz_author), 

=INFO REPORT==== 7-Dec-2015::04:51:09 ===
           ts_search:(5:<0.1582.0>) Dyn Var (RE): no Match (varname=created_quiz_id), 

=INFO REPORT==== 7-Dec-2015::04:51:09 ===
           ts_search:(5:<0.1250.0>) Dyn Var: no Match (varname=quiz_author), 

=INFO REPORT==== 7-Dec-2015::04:51:09 ===
           ts_search:(5:<0.1216.0>) Dyn Var (RE): no Match (varname=created_quiz_id), 

=INFO REPORT==== 7-Dec-2015::04:51:09 ===
           ts_search:(5:<0.898.0>) Dyn Var (RE): no Match (varname=created_quiz_id), 

=INFO REPORT==== 7-Dec-2015::04:51:09 ===
           ts_search:(5:<0.1432.0>) Dyn Var (RE): no Match (varname=created_quiz_id), 

=INFO REPORT==== 7-Dec-2015::04:51:09 ===
           ts_search:(5:<0.1829.0>) Dyn Var: no Match (varname=quiz_author), 

=INFO REPORT==== 7-Dec-2015::04:51:09 ===
           ts_search:(5:<0.1719.0>) Dyn Var: no Match (varname=quiz_author), 

=INFO REPORT==== 7-Dec-2015::04:51:10 ===
           ts_search:(5:<0.1154.0>) Dyn Var (RE): no Match (varname=created_quiz_id), 

=INFO REPORT==== 7-Dec-2015::04:51:10 ===
           ts_search:(5:<0.1868.0>) Dyn Var: no Match (varname=quiz_author), 

=INFO REPORT==== 7-Dec-2015::04:51:10 ===
           ts_search:(5:<0.1459.0>) Dyn Var: no Match (varname=quiz_author), 

=INFO REPORT==== 7-Dec-2015::04:51:10 ===
           ts_search:(5:<0.1216.0>) Dyn Var (RE): no Match (varname=authenticity_token), 

=INFO REPORT==== 7-Dec-2015::04:51:10 ===
           ts_search:(5:<0.1185.0>) Dyn Var (RE): no Match (varname=created_quiz_id), 

=INFO REPORT==== 7-Dec-2015::04:51:10 ===
           ts_search:(5:<0.1932.0>) Dyn Var (RE): no Match (varname=created_quiz_id), 

=INFO REPORT==== 7-Dec-2015::04:51:10 ===
           ts_search:(5:<0.1864.0>) Dyn Var: no Match (varname=quiz_author), 

=INFO REPORT==== 7-Dec-2015::04:51:10 ===
           ts_search:(5:<0.1312.0>) Dyn Var (RE): no Match (varname=created_quiz_id), 

=INFO REPORT==== 7-Dec-2015::04:51:10 ===
           ts_search:(5:<0.1971.0>) Dyn Var (RE): no Match (varname=authenticity_token), 

=INFO REPORT==== 7-Dec-2015::04:51:10 ===
           ts_search:(5:<0.1989.0>) Dyn Var (RE): no Match (varname=authenticity_token), 

=INFO REPORT==== 7-Dec-2015::04:51:11 ===
           ts_search:(5:<0.1884.0>) Dyn Var: no Match (varname=quiz_author), 

=INFO REPORT==== 7-Dec-2015::04:51:11 ===
           ts_search:(5:<0.1468.0>) Dyn Var (RE): no Match (varname=created_quiz_id), 

=INFO REPORT==== 7-Dec-2015::04:51:11 ===
           ts_search:(5:<0.1267.0>) Dyn Var (RE): no Match (varname=created_quiz_id), 

=INFO REPORT==== 7-Dec-2015::04:51:11 ===
           ts_search:(5:<0.1503.0>) Dyn Var (RE): no Match (varname=created_quiz_id), 

=INFO REPORT==== 7-Dec-2015::04:51:11 ===
           ts_search:(5:<0.2005.0>) Dyn Var (RE): no Match (varname=authenticity_token), 

=INFO REPORT==== 7-Dec-2015::04:51:11 ===
           ts_search:(5:<0.1862.0>) Dyn Var: no Match (varname=quiz_author), 

=INFO REPORT==== 7-Dec-2015::04:51:11 ===
           ts_search:(5:<0.1473.0>) Dyn Var (RE): no Match (varname=created_quiz_id), 

=INFO REPORT==== 7-Dec-2015::04:51:11 ===
           ts_search:(5:<0.1356.0>) Dyn Var: no Match (varname=quiz_author), 

=INFO REPORT==== 7-Dec-2015::04:51:11 ===
           ts_search:(5:<0.1250.0>) Dyn Var (RE): no Match (varname=created_quiz_id), 

=INFO REPORT==== 7-Dec-2015::04:51:11 ===
           ts_search:(5:<0.1463.0>) Dyn Var: no Match (varname=quiz_author), 

=INFO REPORT==== 7-Dec-2015::04:51:11 ===
           ts_search:(5:<0.1957.0>) Dyn Var: no Match (varname=quiz_author), 

=INFO REPORT==== 7-Dec-2015::04:51:11 ===
           ts_search:(5:<0.1829.0>) Dyn Var (RE): no Match (varname=created_quiz_id), 

=INFO REPORT==== 7-Dec-2015::04:51:11 ===
           ts_search:(5:<0.1062.0>) Dyn Var (RE): no Match (varname=created_quiz_id), 

=INFO REPORT==== 7-Dec-2015::04:51:11 ===
           ts_search:(5:<0.1378.0>) Dyn Var (RE): no Match (varname=created_quiz_id), 

=INFO REPORT==== 7-Dec-2015::04:51:11 ===
           ts_search:(5:<0.1661.0>) Dyn Var: no Match (varname=quiz_author), 

=INFO REPORT==== 7-Dec-2015::04:51:12 ===
           ts_search:(5:<0.1166.0>) Dyn Var (RE): no Match (varname=created_quiz_id), 

=INFO REPORT==== 7-Dec-2015::04:51:12 ===
           ts_search:(5:<0.894.0>) Dyn Var: no Match (varname=quiz_author), 

=INFO REPORT==== 7-Dec-2015::04:51:12 ===
           ts_search:(5:<0.1321.0>) Dyn Var (RE): no Match (varname=created_quiz_id), 

=INFO REPORT==== 7-Dec-2015::04:51:12 ===
           ts_search:(5:<0.1637.0>) Dyn Var: no Match (varname=quiz_author), 

=INFO REPORT==== 7-Dec-2015::04:51:13 ===
           ts_search:(5:<0.1942.0>) Dyn Var: no Match (varname=quiz_author), 

=INFO REPORT==== 7-Dec-2015::04:51:13 ===
           ts_search:(5:<0.1884.0>) Dyn Var (RE): no Match (varname=created_quiz_id), 

=INFO REPORT==== 7-Dec-2015::04:51:13 ===
           ts_search:(5:<0.1138.0>) Dyn Var (RE): no Match (varname=created_quiz_id), 

=INFO REPORT==== 7-Dec-2015::04:51:13 ===
           ts_search:(5:<0.1869.0>) Dyn Var: no Match (varname=quiz_author), 

=INFO REPORT==== 7-Dec-2015::04:51:13 ===
           ts_search:(5:<0.1476.0>) Dyn Var: no Match (varname=quiz_author), 

=INFO REPORT==== 7-Dec-2015::04:51:13 ===
           ts_search:(5:<0.1258.0>) Dyn Var: no Match (varname=quiz_author), 

=INFO REPORT==== 7-Dec-2015::04:51:13 ===
           ts_search:(5:<0.1895.0>) Dyn Var (RE): no Match (varname=authenticity_token), 

=INFO REPORT==== 7-Dec-2015::04:51:13 ===
           ts_search:(5:<0.1895.0>) Dyn Var: no Match (varname=quiz_author), 

=INFO REPORT==== 7-Dec-2015::04:51:13 ===
           ts_search:(5:<0.1868.0>) Dyn Var (RE): no Match (varname=created_quiz_id), 

=INFO REPORT==== 7-Dec-2015::04:51:13 ===
           ts_search:(5:<0.513.0>) Dyn Var (RE): no Match (varname=created_quiz_id), 

=INFO REPORT==== 7-Dec-2015::04:51:14 ===
           ts_search:(5:<0.1938.0>) Dyn Var: no Match (varname=quiz_author), 

=INFO REPORT==== 7-Dec-2015::04:51:14 ===
           ts_search:(5:<0.1929.0>) Dyn Var: no Match (varname=quiz_author), 

=INFO REPORT==== 7-Dec-2015::04:51:14 ===
           ts_search:(5:<0.1522.0>) Dyn Var (RE): no Match (varname=created_quiz_id), 

=INFO REPORT==== 7-Dec-2015::04:51:14 ===
           ts_search:(5:<0.930.0>) Dyn Var: no Match (varname=quiz_author), 

=INFO REPORT==== 7-Dec-2015::04:51:14 ===
           ts_search:(5:<0.2007.0>) Dyn Var: no Match (varname=quiz_author), 

=INFO REPORT==== 7-Dec-2015::04:51:14 ===
           ts_search:(5:<0.1676.0>) Dyn Var: no Match (varname=quiz_author), 

=INFO REPORT==== 7-Dec-2015::04:51:14 ===
           ts_search:(5:<0.1563.0>) Dyn Var: no Match (varname=quiz_author), 

=INFO REPORT==== 7-Dec-2015::04:51:15 ===
           ts_search:(5:<0.599.0>) Dyn Var (RE): no Match (varname=created_quiz_id), 

=INFO REPORT==== 7-Dec-2015::04:51:15 ===
           ts_search:(5:<0.1392.0>) Dyn Var (RE): no Match (varname=created_quiz_id), 

=INFO REPORT==== 7-Dec-2015::04:51:15 ===
           ts_search:(5:<0.1600.0>) Dyn Var (RE): no Match (varname=created_quiz_id), 

=INFO REPORT==== 7-Dec-2015::04:51:15 ===
           ts_search:(5:<0.1366.0>) Dyn Var (RE): no Match (varname=created_quiz_id), 

=INFO REPORT==== 7-Dec-2015::04:51:15 ===
           ts_search:(5:<0.1034.0>) Dyn Var: no Match (varname=quiz_author), 

=INFO REPORT==== 7-Dec-2015::04:51:15 ===
           ts_search:(5:<0.1788.0>) Dyn Var: no Match (varname=quiz_author), 

=INFO REPORT==== 7-Dec-2015::04:51:15 ===
           ts_search:(5:<0.1795.0>) Dyn Var (RE): no Match (varname=created_quiz_id), 

=INFO REPORT==== 7-Dec-2015::04:51:15 ===
           ts_search:(5:<0.2007.0>) Dyn Var (RE): no Match (varname=created_quiz_id), 

=INFO REPORT==== 7-Dec-2015::04:51:15 ===
           ts_search:(5:<0.2010.0>) Dyn Var: no Match (varname=quiz_author), 

=INFO REPORT==== 7-Dec-2015::04:51:15 ===
           ts_search:(5:<0.1508.0>) Dyn Var (RE): no Match (varname=created_quiz_id), 

=INFO REPORT==== 7-Dec-2015::04:51:15 ===
           ts_search:(5:<0.2024.0>) Dyn Var: no Match (varname=quiz_author), 

=INFO REPORT==== 7-Dec-2015::04:51:15 ===
           ts_search:(5:<0.1467.0>) Dyn Var (RE): no Match (varname=created_quiz_id), 

=INFO REPORT==== 7-Dec-2015::04:51:15 ===
           ts_search:(5:<0.1836.0>) Dyn Var: no Match (varname=quiz_author), 

=INFO REPORT==== 7-Dec-2015::04:51:15 ===
           ts_search:(5:<0.1898.0>) Dyn Var: no Match (varname=quiz_author), 

=INFO REPORT==== 7-Dec-2015::04:51:15 ===
           ts_search:(5:<0.1553.0>) Dyn Var (RE): no Match (varname=created_quiz_id), 

=INFO REPORT==== 7-Dec-2015::04:51:15 ===
           ts_search:(5:<0.1894.0>) Dyn Var: no Match (varname=quiz_author), 

=INFO REPORT==== 7-Dec-2015::04:51:16 ===
           ts_search:(5:<0.1776.0>) Dyn Var: no Match (varname=quiz_author), 

=INFO REPORT==== 7-Dec-2015::04:51:16 ===
           ts_search:(5:<0.1408.0>) Dyn Var (RE): no Match (varname=created_quiz_id), 

=INFO REPORT==== 7-Dec-2015::04:51:16 ===
           ts_search:(5:<0.1652.0>) Dyn Var: no Match (varname=quiz_author), 

=INFO REPORT==== 7-Dec-2015::04:51:16 ===
           ts_search:(5:<0.1718.0>) Dyn Var: no Match (varname=quiz_author), 

=INFO REPORT==== 7-Dec-2015::04:51:16 ===
           ts_search:(5:<0.1650.0>) Dyn Var (RE): no Match (varname=created_quiz_id), 

=INFO REPORT==== 7-Dec-2015::04:51:16 ===
           ts_search:(5:<0.1273.0>) Dyn Var: no Match (varname=quiz_author), 

=INFO REPORT==== 7-Dec-2015::04:51:17 ===
           ts_search:(5:<0.1593.0>) Dyn Var: no Match (varname=quiz_author), 

=INFO REPORT==== 7-Dec-2015::04:51:17 ===
           ts_search:(5:<0.1839.0>) Dyn Var (RE): no Match (varname=created_quiz_id), 

=INFO REPORT==== 7-Dec-2015::04:51:17 ===
           ts_search:(5:<0.1637.0>) Dyn Var (RE): no Match (varname=created_quiz_id), 

=INFO REPORT==== 7-Dec-2015::04:51:17 ===
           ts_search:(5:<0.1760.0>) Dyn Var: no Match (varname=quiz_author), 

=INFO REPORT==== 7-Dec-2015::04:51:17 ===
           ts_search:(5:<0.1520.0>) Dyn Var: no Match (varname=quiz_author), 

=INFO REPORT==== 7-Dec-2015::04:51:17 ===
           ts_search:(5:<0.1749.0>) Dyn Var: no Match (varname=quiz_author), 

=INFO REPORT==== 7-Dec-2015::04:51:17 ===
           ts_search:(5:<0.1357.0>) Dyn Var (RE): no Match (varname=created_quiz_id), 

=INFO REPORT==== 7-Dec-2015::04:51:17 ===
           ts_search:(5:<0.2010.0>) Dyn Var (RE): no Match (varname=created_quiz_id), 

=INFO REPORT==== 7-Dec-2015::04:51:17 ===
           ts_search:(5:<0.1642.0>) Dyn Var: no Match (varname=quiz_author), 

=INFO REPORT==== 7-Dec-2015::04:51:17 ===
           ts_search:(5:<0.1360.0>) Dyn Var (RE): no Match (varname=created_quiz_id), 

=INFO REPORT==== 7-Dec-2015::04:51:17 ===
           ts_search:(5:<0.930.0>) Dyn Var (RE): no Match (varname=created_quiz_id), 

=INFO REPORT==== 7-Dec-2015::04:51:17 ===
           ts_search:(5:<0.1463.0>) Dyn Var (RE): no Match (varname=created_quiz_id), 

=INFO REPORT==== 7-Dec-2015::04:51:17 ===
           ts_search:(5:<0.1057.0>) Dyn Var: no Match (varname=quiz_author), 

=INFO REPORT==== 7-Dec-2015::04:51:17 ===
           ts_search:(5:<0.1896.0>) Dyn Var: no Match (varname=quiz_author), 

=INFO REPORT==== 7-Dec-2015::04:51:18 ===
           ts_search:(5:<0.2034.0>) Dyn Var: no Match (varname=quiz_author), 

=INFO REPORT==== 7-Dec-2015::04:51:18 ===
           ts_search:(5:<0.2051.0>) Dyn Var: no Match (varname=quiz_author), 

=INFO REPORT==== 7-Dec-2015::04:51:18 ===
           ts_search:(5:<0.1881.0>) Dyn Var: no Match (varname=quiz_author), 

=INFO REPORT==== 7-Dec-2015::04:51:18 ===
           ts_search:(5:<0.1734.0>) Dyn Var: no Match (varname=quiz_author), 

=INFO REPORT==== 7-Dec-2015::04:51:18 ===
           ts_search:(5:<0.1970.0>) Dyn Var: no Match (varname=quiz_author), 

=INFO REPORT==== 7-Dec-2015::04:51:18 ===
           ts_search:(5:<0.1995.0>) Dyn Var: no Match (varname=quiz_author), 

=INFO REPORT==== 7-Dec-2015::04:51:18 ===
           ts_search:(5:<0.800.0>) Dyn Var (RE): no Match (varname=created_quiz_id), 

=INFO REPORT==== 7-Dec-2015::04:51:18 ===
           ts_search:(5:<0.2029.0>) Dyn Var: no Match (varname=quiz_author), 

=INFO REPORT==== 7-Dec-2015::04:51:18 ===
           ts_search:(5:<0.1381.0>) Dyn Var: no Match (varname=quiz_author), 

=INFO REPORT==== 7-Dec-2015::04:51:18 ===
           ts_search:(5:<0.1356.0>) Dyn Var (RE): no Match (varname=created_quiz_id), 

=INFO REPORT==== 7-Dec-2015::04:51:18 ===
           ts_search:(5:<0.2024.0>) Dyn Var (RE): no Match (varname=created_quiz_id), 

=INFO REPORT==== 7-Dec-2015::04:51:18 ===
           ts_search:(5:<0.1776.0>) Dyn Var (RE): no Match (varname=created_quiz_id), 

=INFO REPORT==== 7-Dec-2015::04:51:18 ===
           ts_search:(5:<0.2022.0>) Dyn Var: no Match (varname=quiz_author), 

=INFO REPORT==== 7-Dec-2015::04:51:19 ===
           ts_search:(5:<0.1123.0>) Dyn Var (RE): no Match (varname=created_quiz_id), 

=INFO REPORT==== 7-Dec-2015::04:51:19 ===
           ts_search:(5:<0.1905.0>) Dyn Var: no Match (varname=quiz_author), 

=INFO REPORT==== 7-Dec-2015::04:51:19 ===
           ts_search:(5:<0.1869.0>) Dyn Var (RE): no Match (varname=created_quiz_id), 

=INFO REPORT==== 7-Dec-2015::04:51:19 ===
           ts_search:(5:<0.1034.0>) Dyn Var (RE): no Match (varname=created_quiz_id), 

=INFO REPORT==== 7-Dec-2015::04:51:19 ===
           ts_search:(5:<0.1476.0>) Dyn Var (RE): no Match (varname=created_quiz_id), 

=INFO REPORT==== 7-Dec-2015::04:51:19 ===
           ts_search:(5:<0.2022.0>) Dyn Var (RE): no Match (varname=created_quiz_id), 

=INFO REPORT==== 7-Dec-2015::04:51:19 ===
           ts_search:(5:<0.894.0>) Dyn Var (RE): no Match (varname=created_quiz_id), 

=INFO REPORT==== 7-Dec-2015::04:51:19 ===
           ts_search:(5:<0.1484.0>) Dyn Var: no Match (varname=quiz_author), 

=INFO REPORT==== 7-Dec-2015::04:51:19 ===
           ts_search:(5:<0.1653.0>) Dyn Var: no Match (varname=quiz_author), 

=INFO REPORT==== 7-Dec-2015::04:51:20 ===
           ts_search:(5:<0.1862.0>) Dyn Var (RE): no Match (varname=created_quiz_id), 

=INFO REPORT==== 7-Dec-2015::04:51:20 ===
           ts_search:(5:<0.1648.0>) Dyn Var: no Match (varname=quiz_author), 

=INFO REPORT==== 7-Dec-2015::04:51:20 ===
           ts_search:(5:<0.1872.0>) Dyn Var: no Match (varname=quiz_author), 

=INFO REPORT==== 7-Dec-2015::04:51:20 ===
           ts_search:(5:<0.1995.0>) Dyn Var (RE): no Match (varname=created_quiz_id), 

=INFO REPORT==== 7-Dec-2015::04:51:20 ===
           ts_search:(5:<0.1380.0>) Dyn Var (RE): no Match (varname=created_quiz_id), 

=INFO REPORT==== 7-Dec-2015::04:51:20 ===
           ts_search:(5:<0.2034.0>) Dyn Var (RE): no Match (varname=created_quiz_id), 

=INFO REPORT==== 7-Dec-2015::04:51:21 ===
           ts_search:(5:<0.1169.0>) Dyn Var (RE): no Match (varname=created_quiz_id), 

=INFO REPORT==== 7-Dec-2015::04:51:21 ===
           ts_search:(5:<0.1040.0>) Dyn Var (RE): no Match (varname=created_quiz_id), 

=INFO REPORT==== 7-Dec-2015::04:51:21 ===
           ts_search:(5:<0.1551.0>) Dyn Var (RE): no Match (varname=created_quiz_id), 

=INFO REPORT==== 7-Dec-2015::04:51:22 ===
           ts_search:(5:<0.1120.0>) Dyn Var (RE): no Match (varname=created_quiz_id), 

=INFO REPORT==== 7-Dec-2015::04:51:22 ===
           ts_search:(5:<0.1961.0>) Dyn Var: no Match (varname=quiz_author), 

=INFO REPORT==== 7-Dec-2015::04:51:22 ===
           ts_search:(5:<0.1653.0>) Dyn Var (RE): no Match (varname=created_quiz_id), 

=INFO REPORT==== 7-Dec-2015::04:51:22 ===
           ts_search:(5:<0.1924.0>) Dyn Var: no Match (varname=quiz_author), 

=INFO REPORT==== 7-Dec-2015::04:51:22 ===
           ts_search:(5:<0.2028.0>) Dyn Var: no Match (varname=quiz_author), 

=INFO REPORT==== 7-Dec-2015::04:51:22 ===
           ts_search:(5:<0.1416.0>) Dyn Var: no Match (varname=quiz_author), 

=INFO REPORT==== 7-Dec-2015::04:51:22 ===
           ts_search:(5:<0.1640.0>) Dyn Var: no Match (varname=quiz_author), 

=INFO REPORT==== 7-Dec-2015::04:51:22 ===
           ts_search:(5:<0.1826.0>) Dyn Var: no Match (varname=quiz_author), 

=INFO REPORT==== 7-Dec-2015::04:51:22 ===
           ts_search:(5:<0.1134.0>) Dyn Var: no Match (varname=quiz_author), 

=INFO REPORT==== 7-Dec-2015::04:51:23 ===
           ts_search:(5:<0.1549.0>) Dyn Var: no Match (varname=quiz_author), 

=INFO REPORT==== 7-Dec-2015::04:51:23 ===
           ts_search:(5:<0.2039.0>) Dyn Var: no Match (varname=quiz_author), 

=INFO REPORT==== 7-Dec-2015::04:51:23 ===
           ts_search:(5:<0.1207.0>) Dyn Var (RE): no Match (varname=created_quiz_id), 

=INFO REPORT==== 7-Dec-2015::04:51:23 ===
           ts_search:(5:<0.1416.0>) Dyn Var (RE): no Match (varname=created_quiz_id), 

=INFO REPORT==== 7-Dec-2015::04:51:23 ===
           ts_search:(5:<0.1520.0>) Dyn Var (RE): no Match (varname=created_quiz_id), 

=INFO REPORT==== 7-Dec-2015::04:51:23 ===
           ts_search:(5:<0.1277.0>) Dyn Var: no Match (varname=quiz_author), 

=INFO REPORT==== 7-Dec-2015::04:51:23 ===
           ts_search:(5:<0.1826.0>) Dyn Var (RE): no Match (varname=created_quiz_id), 

=INFO REPORT==== 7-Dec-2015::04:51:24 ===
           ts_search:(5:<0.1200.0>) Dyn Var: no Match (varname=quiz_author), 

=INFO REPORT==== 7-Dec-2015::04:51:24 ===
           ts_search:(5:<0.1929.0>) Dyn Var (RE): no Match (varname=created_quiz_id), 

=INFO REPORT==== 7-Dec-2015::04:51:24 ===
           ts_search:(5:<0.2031.0>) Dyn Var: no Match (varname=quiz_author), 

=INFO REPORT==== 7-Dec-2015::04:51:24 ===
           ts_search:(5:<0.1942.0>) Dyn Var (RE): no Match (varname=created_quiz_id), 

=INFO REPORT==== 7-Dec-2015::04:51:24 ===
           ts_search:(5:<0.1730.0>) Dyn Var: no Match (varname=quiz_author), 

=INFO REPORT==== 7-Dec-2015::04:51:24 ===
           ts_search:(5:<0.1314.0>) Dyn Var: no Match (varname=quiz_author), 

=INFO REPORT==== 7-Dec-2015::04:51:24 ===
           ts_search:(5:<0.1798.0>) Dyn Var: no Match (varname=quiz_author), 

=INFO REPORT==== 7-Dec-2015::04:51:24 ===
           ts_search:(5:<0.2051.0>) Dyn Var (RE): no Match (varname=created_quiz_id), 

=INFO REPORT==== 7-Dec-2015::04:51:24 ===
           ts_search:(5:<0.1827.0>) Dyn Var: no Match (varname=quiz_author), 

=INFO REPORT==== 7-Dec-2015::04:51:24 ===
           ts_search:(5:<0.2027.0>) Dyn Var: no Match (varname=quiz_author), 

=INFO REPORT==== 7-Dec-2015::04:51:24 ===
           ts_search:(5:<0.1585.0>) Dyn Var (RE): no Match (varname=created_quiz_id), 

=INFO REPORT==== 7-Dec-2015::04:51:25 ===
           ts_search:(5:<0.1542.0>) Dyn Var: no Match (varname=quiz_author), 

=INFO REPORT==== 7-Dec-2015::04:51:25 ===
           ts_search:(5:<0.1684.0>) Dyn Var: no Match (varname=quiz_author), 

=INFO REPORT==== 7-Dec-2015::04:51:25 ===
           ts_search:(5:<0.1290.0>) Dyn Var (RE): no Match (varname=created_quiz_id), 

=INFO REPORT==== 7-Dec-2015::04:51:25 ===
           ts_search:(5:<0.1894.0>) Dyn Var (RE): no Match (varname=created_quiz_id), 

=INFO REPORT==== 7-Dec-2015::04:51:25 ===
           ts_search:(5:<0.1721.0>) Dyn Var: no Match (varname=quiz_author), 

=INFO REPORT==== 7-Dec-2015::04:51:26 ===
           ts_search:(5:<0.2031.0>) Dyn Var (RE): no Match (varname=created_quiz_id), 

=INFO REPORT==== 7-Dec-2015::04:51:26 ===
           ts_search:(5:<0.2038.0>) Dyn Var: no Match (varname=quiz_author), 

=INFO REPORT==== 7-Dec-2015::04:51:26 ===
           ts_search:(5:<0.1749.0>) Dyn Var (RE): no Match (varname=created_quiz_id), 

=INFO REPORT==== 7-Dec-2015::04:51:26 ===
           ts_search:(5:<0.2026.0>) Dyn Var: no Match (varname=quiz_author), 

=INFO REPORT==== 7-Dec-2015::04:51:26 ===
           ts_search:(5:<0.1893.0>) Dyn Var: no Match (varname=quiz_author), 

=INFO REPORT==== 7-Dec-2015::04:51:26 ===
           ts_search:(5:<0.1879.0>) Dyn Var: no Match (varname=quiz_author), 

=INFO REPORT==== 7-Dec-2015::04:51:27 ===
           ts_search:(5:<0.1642.0>) Dyn Var (RE): no Match (varname=created_quiz_id), 

=INFO REPORT==== 7-Dec-2015::04:51:27 ===
           ts_search:(5:<0.1736.0>) Dyn Var: no Match (varname=quiz_author), 

=INFO REPORT==== 7-Dec-2015::04:51:27 ===
           ts_search:(5:<0.1891.0>) Dyn Var: no Match (varname=quiz_author), 

=INFO REPORT==== 7-Dec-2015::04:51:27 ===
           ts_search:(5:<0.1446.0>) Dyn Var: no Match (varname=quiz_author), 

=INFO REPORT==== 7-Dec-2015::04:51:27 ===
           ts_search:(5:<0.1634.0>) Dyn Var: no Match (varname=quiz_author), 

=INFO REPORT==== 7-Dec-2015::04:51:27 ===
           ts_search:(5:<0.1788.0>) Dyn Var (RE): no Match (varname=created_quiz_id), 

=INFO REPORT==== 7-Dec-2015::04:51:28 ===
           ts_search:(5:<0.2017.0>) Dyn Var: no Match (varname=quiz_author), 

=INFO REPORT==== 7-Dec-2015::04:51:28 ===
           ts_search:(5:<0.2026.0>) Dyn Var (RE): no Match (varname=created_quiz_id), 

=INFO REPORT==== 7-Dec-2015::04:51:28 ===
           ts_search:(5:<0.1902.0>) Dyn Var: no Match (varname=quiz_author), 

=INFO REPORT==== 7-Dec-2015::04:51:28 ===
           ts_search:(5:<0.2017.0>) Dyn Var (RE): no Match (varname=created_quiz_id), 

=INFO REPORT==== 7-Dec-2015::04:51:28 ===
           ts_search:(5:<0.2027.0>) Dyn Var (RE): no Match (varname=created_quiz_id), 

=INFO REPORT==== 7-Dec-2015::04:51:28 ===
           ts_search:(5:<0.1668.0>) Dyn Var: no Match (varname=quiz_author), 

=INFO REPORT==== 7-Dec-2015::04:51:29 ===
           ts_search:(5:<0.409.0>) Dyn Var (RE): no Match (varname=created_quiz_id), 

=INFO REPORT==== 7-Dec-2015::04:51:29 ===
           ts_search:(5:<0.2013.0>) Dyn Var: no Match (varname=quiz_author), 

=INFO REPORT==== 7-Dec-2015::04:51:29 ===
           ts_search:(5:<0.1414.0>) Dyn Var: no Match (varname=quiz_author), 

=INFO REPORT==== 7-Dec-2015::04:51:29 ===
           ts_search:(5:<0.1446.0>) Dyn Var (RE): no Match (varname=created_quiz_id), 

=INFO REPORT==== 7-Dec-2015::04:51:29 ===
           ts_search:(5:<0.1807.0>) Dyn Var: no Match (varname=quiz_author), 

=INFO REPORT==== 7-Dec-2015::04:51:29 ===
           ts_search:(5:<0.2049.0>) Dyn Var: no Match (varname=quiz_author), 

=INFO REPORT==== 7-Dec-2015::04:51:29 ===
           ts_search:(5:<0.1693.0>) Dyn Var: no Match (varname=quiz_author), 

=INFO REPORT==== 7-Dec-2015::04:51:29 ===
           ts_search:(5:<0.1258.0>) Dyn Var (RE): no Match (varname=created_quiz_id), 

=INFO REPORT==== 7-Dec-2015::04:51:30 ===
           ts_search:(5:<0.2040.0>) Dyn Var: no Match (varname=quiz_author), 

=INFO REPORT==== 7-Dec-2015::04:51:30 ===
           ts_search:(5:<0.1911.0>) Dyn Var (RE): no Match (varname=created_quiz_id), 

=INFO REPORT==== 7-Dec-2015::04:51:30 ===
           ts_search:(5:<0.1692.0>) Dyn Var (RE): no Match (varname=created_quiz_id), 

=INFO REPORT==== 7-Dec-2015::04:51:30 ===
           ts_search:(5:<0.1692.0>) Dyn Var (RE): no Match (varname=authenticity_token), 

=INFO REPORT==== 7-Dec-2015::04:51:30 ===
           ts_search:(5:<0.547.0>) Dyn Var (RE): no Match (varname=created_quiz_id), 

=INFO REPORT==== 7-Dec-2015::04:51:30 ===
           ts_search:(5:<0.1692.0>) Dyn Var (RE): no Match (varname=authenticity_token), 

=INFO REPORT==== 7-Dec-2015::04:51:30 ===
           ts_search:(5:<0.1692.0>) Dyn Var (RE): no Match (varname=authenticity_token), 

=INFO REPORT==== 7-Dec-2015::04:51:30 ===
           ts_search:(5:<0.1692.0>) Dyn Var (RE): no Match (varname=authenticity_token), 

=INFO REPORT==== 7-Dec-2015::04:51:30 ===
           ts_search:(5:<0.1692.0>) Dyn Var (RE): no Match (varname=authenticity_token), 

=INFO REPORT==== 7-Dec-2015::04:51:30 ===
           ts_search:(5:<0.1692.0>) Dyn Var (RE): no Match (varname=authenticity_token), 

=INFO REPORT==== 7-Dec-2015::04:51:30 ===
           ts_search:(5:<0.1692.0>) Dyn Var (RE): no Match (varname=authenticity_token), 

=INFO REPORT==== 7-Dec-2015::04:51:30 ===
           ts_search:(5:<0.1692.0>) Dyn Var (RE): no Match (varname=authenticity_token), 

=INFO REPORT==== 7-Dec-2015::04:51:30 ===
           ts_search:(5:<0.1634.0>) Dyn Var (RE): no Match (varname=created_quiz_id), 

=INFO REPORT==== 7-Dec-2015::04:51:30 ===
           ts_search:(5:<0.2049.0>) Dyn Var (RE): no Match (varname=created_quiz_id), 

=INFO REPORT==== 7-Dec-2015::04:51:30 ===
           ts_search:(5:<0.1721.0>) Dyn Var (RE): no Match (varname=created_quiz_id), 

=INFO REPORT==== 7-Dec-2015::04:51:30 ===
           ts_search:(5:<0.1686.0>) Dyn Var: no Match (varname=quiz_author), 

=INFO REPORT==== 7-Dec-2015::04:51:30 ===
           ts_search:(5:<0.1686.0>) Dyn Var (RE): no Match (varname=created_quiz_id), 

=INFO REPORT==== 7-Dec-2015::04:51:30 ===
           ts_search:(5:<0.1983.0>) Dyn Var: no Match (varname=quiz_author), 

=INFO REPORT==== 7-Dec-2015::04:51:31 ===
           ts_search:(5:<0.1895.0>) Dyn Var (RE): no Match (varname=created_quiz_id), 

=INFO REPORT==== 7-Dec-2015::04:51:31 ===
           ts_search:(5:<0.1895.0>) Dyn Var (RE): no Match (varname=authenticity_token), 

=INFO REPORT==== 7-Dec-2015::04:51:31 ===
           ts_search:(5:<0.1895.0>) Dyn Var (RE): no Match (varname=authenticity_token), 

=INFO REPORT==== 7-Dec-2015::04:51:31 ===
           ts_search:(5:<0.1895.0>) Dyn Var (RE): no Match (varname=authenticity_token), 

=INFO REPORT==== 7-Dec-2015::04:51:31 ===
           ts_search:(5:<0.1676.0>) Dyn Var (RE): no Match (varname=created_quiz_id), 

=INFO REPORT==== 7-Dec-2015::04:51:31 ===
           ts_search:(5:<0.1895.0>) Dyn Var (RE): no Match (varname=authenticity_token), 

=INFO REPORT==== 7-Dec-2015::04:51:31 ===
           ts_search:(5:<0.1895.0>) Dyn Var (RE): no Match (varname=authenticity_token), 

=INFO REPORT==== 7-Dec-2015::04:51:31 ===
           ts_search:(5:<0.1895.0>) Dyn Var (RE): no Match (varname=authenticity_token), 

=INFO REPORT==== 7-Dec-2015::04:51:31 ===
           ts_search:(5:<0.1895.0>) Dyn Var (RE): no Match (varname=authenticity_token), 

=INFO REPORT==== 7-Dec-2015::04:51:31 ===
           ts_search:(5:<0.1895.0>) Dyn Var (RE): no Match (varname=authenticity_token), 

=INFO REPORT==== 7-Dec-2015::04:51:32 ===
           ts_search:(5:<0.1827.0>) Dyn Var (RE): no Match (varname=created_quiz_id), 

=INFO REPORT==== 7-Dec-2015::04:51:32 ===
           ts_search:(5:<0.1960.0>) Dyn Var: no Match (varname=quiz_author), 

=INFO REPORT==== 7-Dec-2015::04:51:32 ===
           ts_search:(5:<0.1902.0>) Dyn Var (RE): no Match (varname=created_quiz_id), 

=INFO REPORT==== 7-Dec-2015::04:51:32 ===
           ts_search:(5:<0.1983.0>) Dyn Var (RE): no Match (varname=created_quiz_id), 

=INFO REPORT==== 7-Dec-2015::04:51:33 ===
           ts_search:(5:<0.1652.0>) Dyn Var (RE): no Match (varname=created_quiz_id), 

=INFO REPORT==== 7-Dec-2015::04:51:33 ===
           ts_search:(5:<0.1798.0>) Dyn Var (RE): no Match (varname=created_quiz_id), 

=INFO REPORT==== 7-Dec-2015::04:51:33 ===
           ts_search:(5:<0.1170.0>) Dyn Var (RE): no Match (varname=created_quiz_id), 

=INFO REPORT==== 7-Dec-2015::04:51:34 ===
           ts_search:(5:<0.1668.0>) Dyn Var (RE): no Match (varname=created_quiz_id), 

=INFO REPORT==== 7-Dec-2015::04:51:34 ===
           ts_search:(5:<0.1848.0>) Dyn Var: no Match (varname=quiz_author), 

=INFO REPORT==== 7-Dec-2015::04:51:34 ===
           ts_search:(5:<0.601.0>) Dyn Var (RE): no Match (varname=created_quiz_id), 

=INFO REPORT==== 7-Dec-2015::04:51:34 ===
           ts_search:(5:<0.659.0>) Dyn Var (RE): no Match (varname=created_quiz_id), 

=INFO REPORT==== 7-Dec-2015::04:51:34 ===
           ts_search:(5:<0.1565.0>) Dyn Var: no Match (varname=quiz_author), 

=INFO REPORT==== 7-Dec-2015::04:51:34 ===
           ts_search:(5:<0.1970.0>) Dyn Var (RE): no Match (varname=created_quiz_id), 

=INFO REPORT==== 7-Dec-2015::04:51:35 ===
           ts_search:(5:<0.1836.0>) Dyn Var (RE): no Match (varname=created_quiz_id), 

=INFO REPORT==== 7-Dec-2015::04:51:35 ===
           ts_search:(5:<0.1662.0>) Dyn Var: no Match (varname=quiz_author), 

=INFO REPORT==== 7-Dec-2015::04:51:35 ===
           ts_search:(5:<0.1924.0>) Dyn Var (RE): no Match (varname=created_quiz_id), 

=INFO REPORT==== 7-Dec-2015::04:51:35 ===
           ts_search:(5:<0.1557.0>) Dyn Var (RE): no Match (varname=created_quiz_id), 

=INFO REPORT==== 7-Dec-2015::04:51:35 ===
           ts_search:(5:<0.1719.0>) Dyn Var (RE): no Match (varname=created_quiz_id), 

=INFO REPORT==== 7-Dec-2015::04:51:36 ===
           ts_search:(5:<0.1549.0>) Dyn Var (RE): no Match (varname=created_quiz_id), 

=INFO REPORT==== 7-Dec-2015::04:51:36 ===
           ts_search:(5:<0.1684.0>) Dyn Var (RE): no Match (varname=created_quiz_id), 

=INFO REPORT==== 7-Dec-2015::04:51:36 ===
           ts_search:(5:<0.1984.0>) Dyn Var: no Match (varname=quiz_author), 

=INFO REPORT==== 7-Dec-2015::04:51:36 ===
           ts_search:(5:<0.2050.0>) Dyn Var: no Match (varname=quiz_author), 

=INFO REPORT==== 7-Dec-2015::04:51:37 ===
           ts_search:(5:<0.2048.0>) Dyn Var: no Match (varname=quiz_author), 

=INFO REPORT==== 7-Dec-2015::04:51:37 ===
           ts_search:(5:<0.1693.0>) Dyn Var (RE): no Match (varname=created_quiz_id), 

=INFO REPORT==== 7-Dec-2015::04:51:38 ===
           ts_search:(5:<0.1116.0>) Dyn Var (RE): no Match (varname=created_quiz_id), 

=INFO REPORT==== 7-Dec-2015::04:51:38 ===
           ts_search:(5:<0.1879.0>) Dyn Var (RE): no Match (varname=created_quiz_id), 

=INFO REPORT==== 7-Dec-2015::04:51:38 ===
           ts_search:(5:<0.1957.0>) Dyn Var (RE): no Match (varname=created_quiz_id), 

=INFO REPORT==== 7-Dec-2015::04:51:38 ===
           ts_search:(5:<0.1314.0>) Dyn Var (RE): no Match (varname=created_quiz_id), 

=INFO REPORT==== 7-Dec-2015::04:51:39 ===
           ts_search:(5:<0.1961.0>) Dyn Var (RE): no Match (varname=created_quiz_id), 

=INFO REPORT==== 7-Dec-2015::04:51:39 ===
           ts_search:(5:<0.2048.0>) Dyn Var (RE): no Match (varname=created_quiz_id), 

=INFO REPORT==== 7-Dec-2015::04:51:39 ===
           ts_search:(5:<0.2050.0>) Dyn Var (RE): no Match (varname=created_quiz_id), 

=INFO REPORT==== 7-Dec-2015::04:51:39 ===
           ts_search:(5:<0.2028.0>) Dyn Var (RE): no Match (varname=created_quiz_id), 

=INFO REPORT==== 7-Dec-2015::04:51:40 ===
           ts_search:(5:<0.1134.0>) Dyn Var (RE): no Match (varname=created_quiz_id), 

=INFO REPORT==== 7-Dec-2015::04:51:40 ===
           ts_search:(5:<0.1760.0>) Dyn Var (RE): no Match (varname=created_quiz_id), 

=INFO REPORT==== 7-Dec-2015::04:51:41 ===
           ts_search:(5:<0.1648.0>) Dyn Var (RE): no Match (varname=created_quiz_id), 

=INFO REPORT==== 7-Dec-2015::04:51:42 ===
           ts_search:(5:<0.2040.0>) Dyn Var (RE): no Match (varname=created_quiz_id), 

=INFO REPORT==== 7-Dec-2015::04:51:42 ===
           ts_search:(5:<0.1484.0>) Dyn Var (RE): no Match (varname=created_quiz_id), 

=INFO REPORT==== 7-Dec-2015::04:51:43 ===
           ts_search:(5:<0.1737.0>) Dyn Var: no Match (varname=quiz_author), 

=INFO REPORT==== 7-Dec-2015::04:51:43 ===
           ts_search:(5:<0.1662.0>) Dyn Var (RE): no Match (varname=created_quiz_id), 

=INFO REPORT==== 7-Dec-2015::04:51:43 ===
           ts_search:(5:<0.1414.0>) Dyn Var (RE): no Match (varname=created_quiz_id), 

=INFO REPORT==== 7-Dec-2015::04:51:43 ===
           ts_search:(5:<0.2011.0>) Dyn Var: no Match (varname=quiz_author), 

=INFO REPORT==== 7-Dec-2015::04:51:44 ===
           ts_search:(5:<0.1962.0>) Dyn Var: no Match (varname=quiz_author), 

=INFO REPORT==== 7-Dec-2015::04:51:44 ===
           ts_search:(5:<0.1952.0>) Dyn Var: no Match (varname=quiz_author), 

=INFO REPORT==== 7-Dec-2015::04:51:45 ===
           ts_search:(5:<0.1891.0>) Dyn Var (RE): no Match (varname=created_quiz_id), 

=INFO REPORT==== 7-Dec-2015::04:51:46 ===
           ts_search:(5:<0.2029.0>) Dyn Var (RE): no Match (varname=created_quiz_id), 

=INFO REPORT==== 7-Dec-2015::04:51:46 ===
           ts_search:(5:<0.2039.0>) Dyn Var (RE): no Match (varname=created_quiz_id), 

=INFO REPORT==== 7-Dec-2015::04:51:46 ===
           ts_search:(5:<0.1381.0>) Dyn Var (RE): no Match (varname=created_quiz_id), 

=INFO REPORT==== 7-Dec-2015::04:51:46 ===
           ts_search:(5:<0.1640.0>) Dyn Var (RE): no Match (varname=created_quiz_id), 

=INFO REPORT==== 7-Dec-2015::04:51:46 ===
           ts_search:(5:<0.1277.0>) Dyn Var (RE): no Match (varname=created_quiz_id), 

=INFO REPORT==== 7-Dec-2015::04:51:47 ===
           ts_search:(5:<0.1737.0>) Dyn Var (RE): no Match (varname=created_quiz_id), 

=INFO REPORT==== 7-Dec-2015::04:51:48 ===
           ts_search:(5:<0.1954.0>) Dyn Var: no Match (varname=quiz_author), 

=INFO REPORT==== 7-Dec-2015::04:51:48 ===
           ts_search:(5:<0.1542.0>) Dyn Var (RE): no Match (varname=created_quiz_id), 

=INFO REPORT==== 7-Dec-2015::04:51:48 ===
           ts_search:(5:<0.1876.0>) Dyn Var (RE): no Match (varname=created_quiz_id), 

=INFO REPORT==== 7-Dec-2015::04:51:48 ===
           ts_search:(5:<0.1807.0>) Dyn Var (RE): no Match (varname=created_quiz_id), 

=INFO REPORT==== 7-Dec-2015::04:51:48 ===
           ts_search:(5:<0.700.0>) Dyn Var (RE): no Match (varname=created_quiz_id), 

=INFO REPORT==== 7-Dec-2015::04:51:49 ===
           ts_search:(5:<0.733.0>) Dyn Var (RE): no Match (varname=created_quiz_id), 

=INFO REPORT==== 7-Dec-2015::04:51:49 ===
           ts_search:(5:<0.1984.0>) Dyn Var (RE): no Match (varname=created_quiz_id), 

=INFO REPORT==== 7-Dec-2015::04:51:50 ===
           ts_search:(5:<0.1465.0>) Dyn Var: no Match (varname=quiz_author), 

=INFO REPORT==== 7-Dec-2015::04:51:51 ===
           ts_search:(5:<0.1661.0>) Dyn Var (RE): no Match (varname=created_quiz_id), 

=INFO REPORT==== 7-Dec-2015::04:51:52 ===
           ts_search:(5:<0.1831.0>) Dyn Var: no Match (varname=quiz_author), 

=INFO REPORT==== 7-Dec-2015::04:51:53 ===
           ts_search:(5:<0.1246.0>) Dyn Var (RE): no Match (varname=created_quiz_id), 

=INFO REPORT==== 7-Dec-2015::04:51:53 ===
           ts_search:(5:<0.1960.0>) Dyn Var (RE): no Match (varname=created_quiz_id), 

=INFO REPORT==== 7-Dec-2015::04:51:55 ===
           ts_search:(5:<0.1402.0>) Dyn Var (RE): no Match (varname=created_quiz_id), 

=INFO REPORT==== 7-Dec-2015::04:51:55 ===
           ts_search:(5:<0.1818.0>) Dyn Var: no Match (varname=quiz_author), 

=INFO REPORT==== 7-Dec-2015::04:51:55 ===
           ts_search:(5:<0.1465.0>) Dyn Var (RE): no Match (varname=created_quiz_id), 

=INFO REPORT==== 7-Dec-2015::04:51:55 ===
           ts_search:(5:<0.2038.0>) Dyn Var (RE): no Match (varname=created_quiz_id), 

=INFO REPORT==== 7-Dec-2015::04:51:56 ===
           ts_search:(5:<0.1208.0>) Dyn Var (RE): no Match (varname=created_quiz_id), 

=INFO REPORT==== 7-Dec-2015::04:51:56 ===
           ts_search:(5:<0.1084.0>) Dyn Var (RE): no Match (varname=created_quiz_id), 

=INFO REPORT==== 7-Dec-2015::04:51:57 ===
           ts_search:(5:<0.1893.0>) Dyn Var (RE): no Match (varname=created_quiz_id), 

=INFO REPORT==== 7-Dec-2015::04:51:58 ===
           ts_search:(5:<0.1848.0>) Dyn Var (RE): no Match (varname=created_quiz_id), 

=INFO REPORT==== 7-Dec-2015::04:51:58 ===
           ts_search:(5:<0.2013.0>) Dyn Var (RE): no Match (varname=created_quiz_id), 

=INFO REPORT==== 7-Dec-2015::04:51:59 ===
           ts_search:(5:<0.1057.0>) Dyn Var (RE): no Match (varname=created_quiz_id), 

=INFO REPORT==== 7-Dec-2015::04:52:00 ===
           ts_search:(5:<0.1962.0>) Dyn Var (RE): no Match (varname=created_quiz_id), 

=INFO REPORT==== 7-Dec-2015::04:52:01 ===
           ts_search:(5:<0.1905.0>) Dyn Var (RE): no Match (varname=created_quiz_id), 

=INFO REPORT==== 7-Dec-2015::04:52:01 ===
           ts_search:(5:<0.1954.0>) Dyn Var (RE): no Match (varname=created_quiz_id), 

=INFO REPORT==== 7-Dec-2015::04:52:02 ===
           ts_search:(5:<0.1896.0>) Dyn Var (RE): no Match (varname=created_quiz_id), 

=INFO REPORT==== 7-Dec-2015::04:52:02 ===
           ts_search:(5:<0.1736.0>) Dyn Var (RE): no Match (varname=created_quiz_id), 

=INFO REPORT==== 7-Dec-2015::04:52:02 ===
           ts_search:(5:<0.1593.0>) Dyn Var (RE): no Match (varname=created_quiz_id), 

=INFO REPORT==== 7-Dec-2015::04:52:02 ===
           ts_search:(5:<0.1200.0>) Dyn Var (RE): no Match (varname=created_quiz_id), 

=INFO REPORT==== 7-Dec-2015::04:52:04 ===
           ts_search:(5:<0.1273.0>) Dyn Var (RE): no Match (varname=created_quiz_id), 

=INFO REPORT==== 7-Dec-2015::04:52:04 ===
           ts_search:(5:<0.1881.0>) Dyn Var (RE): no Match (varname=created_quiz_id), 

=INFO REPORT==== 7-Dec-2015::04:52:09 ===
           ts_search:(5:<0.493.0>) Dyn Var (RE): no Match (varname=created_quiz_id), 

=INFO REPORT==== 7-Dec-2015::04:52:10 ===
           ts_search:(5:<0.1563.0>) Dyn Var (RE): no Match (varname=created_quiz_id), 

=INFO REPORT==== 7-Dec-2015::04:52:13 ===
           ts_search:(5:<0.1459.0>) Dyn Var (RE): no Match (varname=created_quiz_id), 

=INFO REPORT==== 7-Dec-2015::04:52:13 ===
           ts_search:(5:<0.1831.0>) Dyn Var (RE): no Match (varname=created_quiz_id), 

=INFO REPORT==== 7-Dec-2015::04:52:16 ===
           ts_search:(5:<0.1310.0>) Dyn Var (RE): no Match (varname=created_quiz_id), 

=INFO REPORT==== 7-Dec-2015::04:52:17 ===
           ts_search:(5:<0.1734.0>) Dyn Var (RE): no Match (varname=created_quiz_id), 

=INFO REPORT==== 7-Dec-2015::04:52:18 ===
           ts_search:(5:<0.562.0>) Dyn Var (RE): no Match (varname=created_quiz_id), 

=INFO REPORT==== 7-Dec-2015::04:52:19 ===
           ts_search:(5:<0.1898.0>) Dyn Var (RE): no Match (varname=created_quiz_id), 

=INFO REPORT==== 7-Dec-2015::04:52:22 ===
           ts_search:(5:<0.1938.0>) Dyn Var (RE): no Match (varname=created_quiz_id), 

=INFO REPORT==== 7-Dec-2015::04:52:23 ===
           ts_search:(5:<0.1952.0>) Dyn Var (RE): no Match (varname=created_quiz_id), 

=INFO REPORT==== 7-Dec-2015::04:52:23 ===
           ts_search:(5:<0.1718.0>) Dyn Var (RE): no Match (varname=created_quiz_id), 

=INFO REPORT==== 7-Dec-2015::04:52:29 ===
           ts_search:(5:<0.1730.0>) Dyn Var (RE): no Match (varname=created_quiz_id), 

=INFO REPORT==== 7-Dec-2015::04:52:30 ===
           ts_search:(5:<0.1872.0>) Dyn Var (RE): no Match (varname=created_quiz_id), 

=INFO REPORT==== 7-Dec-2015::04:52:31 ===
           ts_search:(5:<0.1864.0>) Dyn Var (RE): no Match (varname=created_quiz_id), 

=INFO REPORT==== 7-Dec-2015::04:52:34 ===
           ts_search:(5:<0.1406.0>) Dyn Var (RE): no Match (varname=created_quiz_id), 

=INFO REPORT==== 7-Dec-2015::04:52:42 ===
           ts_search:(5:<0.1818.0>) Dyn Var (RE): no Match (varname=created_quiz_id), 

=INFO REPORT==== 7-Dec-2015::04:52:56 ===
           ts_search:(5:<0.2011.0>) Dyn Var (RE): no Match (varname=created_quiz_id), 

=INFO REPORT==== 7-Dec-2015::04:52:56 ===
           ts_search:(5:<0.1565.0>) Dyn Var (RE): no Match (varname=created_quiz_id), 

=INFO REPORT==== 7-Dec-2015::04:53:14 ===
           ts_search:(5:<0.1800.0>) Dyn Var (RE): no Match (varname=created_quiz_id), 

=INFO REPORT==== 7-Dec-2015::04:53:19 ===
           ts_search:(5:<0.1566.0>) Dyn Var (RE): no Match (varname=created_quiz_id), 

=INFO REPORT==== 7-Dec-2015::04:53:20 ===
     ts_launcher_mgr:(5:<0.123.0>) No more active users 'tsung_controller@ip-172-30-3-127' "28835"
