[03/Dec/2015:22:42:24 -0000] access to /favicon.ico failed for 0:0:0:0:0:FFFF:62B6:1131, reason: 
"httpd_file: Can't access /home/ec2-user/.tsung/log/20151203-2242/favicon.ico: File not found"
[03/Dec/2015:22:42:25 -0000] access to /assets/ico/favicon.ico failed for 0:0:0:0:0:FFFF:62B6:1131, reason: 
"httpd_file: Can't access /home/ec2-user/.tsung/log/20151203-2242/assets/ico/favicon.ico: File not found"
[03/Dec/2015:22:59:26 -0000] access to /es/images/graphes-Transactions-mean_tn.png failed for 0:0:0:0:0:FFFF:62B6:1131, reason: 
"mod_esi: Client not authorized to evaluate: images/graphes-Transactions-mean_tn.png"
[03/Dec/2015:22:59:26 -0000] access to /es/images/graphes-Perfs-mean_tn.png failed for 0:0:0:0:0:FFFF:62B6:1131, reason: 
"mod_esi: Client not authorized to evaluate: images/graphes-Perfs-mean_tn.png"
[03/Dec/2015:22:59:27 -0000] access to /es/images/graphes-Transactions-rate_tn.png failed for 0:0:0:0:0:FFFF:62B6:1131, reason: 
"mod_esi: Client not authorized to evaluate: images/graphes-Transactions-rate_tn.png"
[03/Dec/2015:22:59:27 -0000] access to /es/images/graphes-Perfs-rate_tn.png failed for 0:0:0:0:0:FFFF:62B6:1131, reason: 
"mod_esi: Client not authorized to evaluate: images/graphes-Perfs-rate_tn.png"
[03/Dec/2015:22:59:27 -0000] access to /es/images/graphes-Size-rate_tn.png failed for 0:0:0:0:0:FFFF:62B6:1131, reason: 
"mod_esi: Client not authorized to evaluate: images/graphes-Size-rate_tn.png"
[03/Dec/2015:22:59:27 -0000] access to /es/images/graphes-Users_Arrival-rate_tn.png failed for 0:0:0:0:0:FFFF:62B6:1131, reason: 
"mod_esi: Client not authorized to evaluate: images/graphes-Users_Arrival-rate_tn.png"
[03/Dec/2015:22:59:27 -0000] access to /es/images/graphes-Users-simultaneous_tn.png failed for 0:0:0:0:0:FFFF:62B6:1131, reason: 
"mod_esi: Client not authorized to evaluate: images/graphes-Users-simultaneous_tn.png"
[03/Dec/2015:22:59:27 -0000] access to /es/images/graphes-cpu-mean_tn.png failed for 0:0:0:0:0:FFFF:62B6:1131, reason: 
"mod_esi: Client not authorized to evaluate: images/graphes-cpu-mean_tn.png"
[03/Dec/2015:22:59:27 -0000] access to /es/images/graphes-load-mean_tn.png failed for 0:0:0:0:0:FFFF:62B6:1131, reason: 
"mod_esi: Client not authorized to evaluate: images/graphes-load-mean_tn.png"
[03/Dec/2015:22:59:27 -0000] access to /es/images/graphes-freemem-mean_tn.png failed for 0:0:0:0:0:FFFF:62B6:1131, reason: 
"mod_esi: Client not authorized to evaluate: images/graphes-freemem-mean_tn.png"
[03/Dec/2015:22:59:27 -0000] access to /es/images/graphes-HTTP_CODE-rate_tn.png failed for 0:0:0:0:0:FFFF:62B6:1131, reason: 
"mod_esi: Client not authorized to evaluate: images/graphes-HTTP_CODE-rate_tn.png"
[03/Dec/2015:22:59:27 -0000] access to /es/images/graphes-Errors-rate_tn.png failed for 0:0:0:0:0:FFFF:62B6:1131, reason: 
"mod_esi: Client not authorized to evaluate: images/graphes-Errors-rate_tn.png"
[03/Dec/2015:22:59:27 -0000] access to /es/images/graphes-Transactions-mean_tn.png failed for 0:0:0:0:0:FFFF:62B6:1131, reason: 
"mod_esi: Client not authorized to evaluate: images/graphes-Transactions-mean_tn.png"
[03/Dec/2015:22:59:27 -0000] access to /es/images/graphes-Perfs-mean_tn.png failed for 0:0:0:0:0:FFFF:62B6:1131, reason: 
"mod_esi: Client not authorized to evaluate: images/graphes-Perfs-mean_tn.png"
[03/Dec/2015:22:59:27 -0000] access to /favicon.ico failed for 0:0:0:0:0:FFFF:62B6:1131, reason: 
"httpd_file: Can't access /home/ec2-user/.tsung/log/20151203-2242/favicon.ico: File not found"
