
=INFO REPORT==== 6-Dec-2015::17:06:59 ===
    ts_config_server:(5:<0.72.0>) Config server started, logdir is "/home/ec2-user/.tsung/log/20151206-1706"
 
=INFO REPORT==== 6-Dec-2015::17:06:59 ===
              ts_mon:(5:<0.54.0>) starting monitor, global 

=INFO REPORT==== 6-Dec-2015::17:06:59 ===
           ts_config:(5:<0.72.0>) Reading config file: old_flow7.xml

=INFO REPORT==== 6-Dec-2015::17:06:59 ===
      ts_config_http:(4:<0.72.0>) Get user agent: 100 "Mozilla/5.0 (Windows; U; Windows NT 5.2; fr-FR; rv:1.7.8) Gecko/20050511 Firefox/1.0.4" 

=INFO REPORT==== 6-Dec-2015::17:06:59 ===
           ts_config:(5:<0.72.0>) Session name for id 1 is "create-quiz"

=INFO REPORT==== 6-Dec-2015::17:06:59 ===
           ts_config:(5:<0.72.0>) Session name for id 2 is "play-game"

=INFO REPORT==== 6-Dec-2015::17:06:59 ===
           ts_config:(5:<0.72.0>) Session name for id 3 is "browse-quizzes"

=INFO REPORT==== 6-Dec-2015::17:06:59 ===
           ts_config:(5:<0.72.0>) Session name for id 4 is "search-all-friends"

=INFO REPORT==== 6-Dec-2015::17:06:59 ===
           ts_config:(5:<0.72.0>) Session name for id 5 is "see-friend-requests-and-look-at-friends"

=INFO REPORT==== 6-Dec-2015::17:06:59 ===
    ts_config_server:(4:<0.72.0>) SYSINFO:Tsung version: 1.6.0

=INFO REPORT==== 6-Dec-2015::17:06:59 ===
    ts_config_server:(4:<0.72.0>) SYSINFO:Erlang version: Erlang R14B04 (erts-5.8.5) [source] [64-bit] [rq:1] [async-threads:8] [kernel-poll:true]


=INFO REPORT==== 6-Dec-2015::17:06:59 ===
    ts_config_server:(4:<0.72.0>) SYSINFO:System architecture x86_64-redhat-linux-gnu

=INFO REPORT==== 6-Dec-2015::17:06:59 ===
    ts_config_server:(4:<0.72.0>) SYSINFO:Current path: /usr/lib/erlang/lib/tsung-1.6.0/ebin/tsung.beam

=INFO REPORT==== 6-Dec-2015::17:06:59 ===
              ts_mon:(5:<0.73.0>) Activate clients with text backend

=INFO REPORT==== 6-Dec-2015::17:06:59 ===
              ts_mon:(5:<0.73.0>) Starting tsung clients on hosts: [localhost]

=INFO REPORT==== 6-Dec-2015::17:06:59 ===
    ts_config_server:(5:<0.72.0>) Start a launcher on the controller beam localhost

=INFO REPORT==== 6-Dec-2015::17:06:59 ===
  ts_launcher_static:(5:<0.128.0>) Launch msg receive ("localhost")

=INFO REPORT==== 6-Dec-2015::17:06:59 ===
         ts_launcher:(5:<0.129.0>) Launch msg receive ("localhost")

=INFO REPORT==== 6-Dec-2015::17:06:59 ===
    ts_config_server:(5:<0.72.0>) All remote beams started, syncing 

=INFO REPORT==== 6-Dec-2015::17:06:59 ===
    ts_config_server:(5:<0.72.0>) Undefined ports_range config 

=INFO REPORT==== 6-Dec-2015::17:06:59 ===
    ts_config_server:(5:<0.72.0>) New arrival phase 1 for client "localhost" (last ? true): will start 30 users

=INFO REPORT==== 6-Dec-2015::17:06:59 ===
    ts_config_server:(5:<0.72.0>) New arrival phase 2 for client "localhost" (last ? true): will start 45 users

=INFO REPORT==== 6-Dec-2015::17:06:59 ===
    ts_config_server:(5:<0.72.0>) New arrival phase 3 for client "localhost" (last ? true): will start 60 users

=INFO REPORT==== 6-Dec-2015::17:06:59 ===
    ts_config_server:(5:<0.72.0>) New arrival phase 4 for client "localhost" (last ? true): will start 120 users

=INFO REPORT==== 6-Dec-2015::17:06:59 ===
    ts_config_server:(5:<0.72.0>) New arrival phase 5 for client "localhost" (last ? true): will start 240 users

=INFO REPORT==== 6-Dec-2015::17:06:59 ===
    ts_config_server:(5:<0.72.0>) New arrival phase 6 for client "localhost" (last ? true): will start 480 users

=INFO REPORT==== 6-Dec-2015::17:06:59 ===
    ts_config_server:(5:<0.72.0>) New arrival phase 7 for client "localhost" (last ? true): will start 960 users

=INFO REPORT==== 6-Dec-2015::17:06:59 ===
         ts_launcher:(5:<0.129.0>) Expected duration of first phase: 30.0 sec (30 users) 

=INFO REPORT==== 6-Dec-2015::17:06:59 ===
         ts_launcher:(5:<0.129.0>) Activate launcher (30 users) in 1192 msec 

=INFO REPORT==== 6-Dec-2015::17:07:27 ===
           ts_search:(5:<0.151.0>) Dyn Var: no Match (varname=quiz_author), 

=INFO REPORT==== 6-Dec-2015::17:07:31 ===
         ts_launcher:(5:<0.129.0>) Phase duration exceeded, but not all users were launched (3 users, 10.0% of phase)

=INFO REPORT==== 6-Dec-2015::17:07:31 ===
         ts_launcher:(5:<0.129.0>) Start a new arrival phase (45 users, 0.0015); expected duration=30.0 sec

=INFO REPORT==== 6-Dec-2015::17:07:31 ===
           ts_search:(5:<0.133.0>) Dyn Var: no Match (varname=quiz_author), 

=INFO REPORT==== 6-Dec-2015::17:07:40 ===
           ts_search:(5:<0.158.0>) Dyn Var: no Match (varname=quiz_author), 

=INFO REPORT==== 6-Dec-2015::17:07:42 ===
           ts_search:(5:<0.133.0>) Dyn Var (RE): no Match (varname=created_quiz_id), 

=INFO REPORT==== 6-Dec-2015::17:07:47 ===
           ts_search:(5:<0.183.0>) Dyn Var: no Match (varname=quiz_author), 

=INFO REPORT==== 6-Dec-2015::17:07:51 ===
           ts_search:(5:<0.158.0>) Dyn Var (RE): no Match (varname=created_quiz_id), 

=INFO REPORT==== 6-Dec-2015::17:07:51 ===
           ts_search:(5:<0.176.0>) Dyn Var: no Match (varname=quiz_author), 

=INFO REPORT==== 6-Dec-2015::17:07:52 ===
           ts_search:(5:<0.151.0>) Dyn Var (RE): no Match (varname=created_quiz_id), 

=INFO REPORT==== 6-Dec-2015::17:07:54 ===
           ts_search:(5:<0.146.0>) Dyn Var: no Match (varname=quiz_author), 

=INFO REPORT==== 6-Dec-2015::17:08:00 ===
           ts_search:(5:<0.174.0>) Dyn Var: no Match (varname=quiz_author), 

=INFO REPORT==== 6-Dec-2015::17:08:01 ===
         ts_launcher:(5:<0.129.0>) Phase duration exceeded, but not all users were launched (2 users, 4.4% of phase)

=INFO REPORT==== 6-Dec-2015::17:08:01 ===
         ts_launcher:(5:<0.129.0>) Start a new arrival phase (60 users, 0.002); expected duration=30.0 sec

=INFO REPORT==== 6-Dec-2015::17:08:03 ===
           ts_search:(5:<0.153.0>) Dyn Var: no Match (varname=quiz_author), 

=INFO REPORT==== 6-Dec-2015::17:08:04 ===
           ts_search:(5:<0.183.0>) Dyn Var (RE): no Match (varname=created_quiz_id), 

=INFO REPORT==== 6-Dec-2015::17:08:04 ===
           ts_search:(5:<0.153.0>) Dyn Var (RE): no Match (varname=created_quiz_id), 

=INFO REPORT==== 6-Dec-2015::17:08:11 ===
           ts_search:(5:<0.194.0>) Dyn Var: no Match (varname=quiz_author), 

=INFO REPORT==== 6-Dec-2015::17:08:13 ===
           ts_search:(5:<0.176.0>) Dyn Var (RE): no Match (varname=created_quiz_id), 

=INFO REPORT==== 6-Dec-2015::17:08:14 ===
           ts_search:(5:<0.146.0>) Dyn Var (RE): no Match (varname=created_quiz_id), 

=INFO REPORT==== 6-Dec-2015::17:08:15 ===
           ts_search:(5:<0.222.0>) Dyn Var: no Match (varname=quiz_author), 

=INFO REPORT==== 6-Dec-2015::17:08:15 ===
           ts_search:(5:<0.174.0>) Dyn Var (RE): no Match (varname=created_quiz_id), 

=INFO REPORT==== 6-Dec-2015::17:08:16 ===
           ts_search:(5:<0.194.0>) Dyn Var (RE): no Match (varname=created_quiz_id), 

=INFO REPORT==== 6-Dec-2015::17:08:23 ===
           ts_search:(5:<0.224.0>) Dyn Var: no Match (varname=quiz_author), 

=INFO REPORT==== 6-Dec-2015::17:08:24 ===
           ts_search:(5:<0.211.0>) Dyn Var: no Match (varname=quiz_author), 

=INFO REPORT==== 6-Dec-2015::17:08:25 ===
           ts_search:(5:<0.209.0>) Dyn Var: no Match (varname=quiz_author), 

=INFO REPORT==== 6-Dec-2015::17:08:25 ===
           ts_search:(5:<0.247.0>) Dyn Var: no Match (varname=quiz_author), 

=INFO REPORT==== 6-Dec-2015::17:08:25 ===
           ts_search:(5:<0.221.0>) Dyn Var: no Match (varname=quiz_author), 

=INFO REPORT==== 6-Dec-2015::17:08:26 ===
           ts_search:(5:<0.222.0>) Dyn Var (RE): no Match (varname=created_quiz_id), 

=INFO REPORT==== 6-Dec-2015::17:08:28 ===
           ts_search:(5:<0.247.0>) Dyn Var (RE): no Match (varname=created_quiz_id), 

=INFO REPORT==== 6-Dec-2015::17:08:30 ===
         ts_launcher:(4:<0.129.0>) Need to wait 0.824 sec before changing phase, going to sleep

=INFO REPORT==== 6-Dec-2015::17:08:31 ===
         ts_launcher:(5:<0.129.0>) Waking up

=INFO REPORT==== 6-Dec-2015::17:08:31 ===
         ts_launcher:(5:<0.129.0>) Start a new arrival phase (120 users, 0.004); expected duration=30.0 sec

=INFO REPORT==== 6-Dec-2015::17:08:32 ===
           ts_search:(5:<0.209.0>) Dyn Var (RE): no Match (varname=created_quiz_id), 

=INFO REPORT==== 6-Dec-2015::17:08:34 ===
           ts_search:(5:<0.211.0>) Dyn Var (RE): no Match (varname=created_quiz_id), 

=INFO REPORT==== 6-Dec-2015::17:08:41 ===
           ts_search:(5:<0.285.0>) Dyn Var: no Match (varname=quiz_author), 

=INFO REPORT==== 6-Dec-2015::17:08:42 ===
           ts_search:(5:<0.273.0>) Dyn Var: no Match (varname=quiz_author), 

=INFO REPORT==== 6-Dec-2015::17:08:43 ===
           ts_search:(5:<0.221.0>) Dyn Var (RE): no Match (varname=created_quiz_id), 

=INFO REPORT==== 6-Dec-2015::17:08:43 ===
           ts_search:(5:<0.273.0>) Dyn Var (RE): no Match (varname=created_quiz_id), 

=INFO REPORT==== 6-Dec-2015::17:08:50 ===
           ts_search:(5:<0.330.0>) Dyn Var: no Match (varname=quiz_author), 

=INFO REPORT==== 6-Dec-2015::17:08:54 ===
           ts_search:(5:<0.325.0>) Dyn Var: no Match (varname=quiz_author), 

=INFO REPORT==== 6-Dec-2015::17:08:54 ===
           ts_search:(5:<0.224.0>) Dyn Var (RE): no Match (varname=created_quiz_id), 

=INFO REPORT==== 6-Dec-2015::17:08:54 ===
           ts_search:(5:<0.283.0>) Dyn Var: no Match (varname=quiz_author), 

=INFO REPORT==== 6-Dec-2015::17:08:55 ===
           ts_search:(5:<0.333.0>) Dyn Var: no Match (varname=quiz_author), 

=INFO REPORT==== 6-Dec-2015::17:08:55 ===
           ts_search:(5:<0.285.0>) Dyn Var (RE): no Match (varname=created_quiz_id), 

=INFO REPORT==== 6-Dec-2015::17:08:58 ===
           ts_search:(5:<0.279.0>) Dyn Var: no Match (varname=quiz_author), 

=INFO REPORT==== 6-Dec-2015::17:08:58 ===
           ts_search:(5:<0.330.0>) Dyn Var (RE): no Match (varname=created_quiz_id), 

=INFO REPORT==== 6-Dec-2015::17:08:59 ===
           ts_search:(5:<0.317.0>) Dyn Var: no Match (varname=quiz_author), 

=INFO REPORT==== 6-Dec-2015::17:09:01 ===
         ts_launcher:(4:<0.129.0>) Need to wait 0.455 sec before changing phase, going to sleep

=INFO REPORT==== 6-Dec-2015::17:09:01 ===
         ts_launcher:(5:<0.129.0>) Waking up

=INFO REPORT==== 6-Dec-2015::17:09:01 ===
         ts_launcher:(5:<0.129.0>) Start a new arrival phase (240 users, 0.008); expected duration=30.0 sec

=INFO REPORT==== 6-Dec-2015::17:09:02 ===
           ts_search:(5:<0.278.0>) Dyn Var: no Match (varname=quiz_author), 

=INFO REPORT==== 6-Dec-2015::17:09:03 ===
           ts_search:(5:<0.309.0>) Dyn Var: no Match (varname=quiz_author), 

=INFO REPORT==== 6-Dec-2015::17:09:03 ===
           ts_search:(5:<0.325.0>) Dyn Var (RE): no Match (varname=created_quiz_id), 

=INFO REPORT==== 6-Dec-2015::17:09:04 ===
           ts_search:(5:<0.385.0>) Dyn Var: no Match (varname=quiz_author), 

=INFO REPORT==== 6-Dec-2015::17:09:04 ===
           ts_search:(5:<0.317.0>) Dyn Var (RE): no Match (varname=created_quiz_id), 

=INFO REPORT==== 6-Dec-2015::17:09:05 ===
           ts_search:(5:<0.394.0>) Dyn Var: no Match (varname=quiz_author), 

=INFO REPORT==== 6-Dec-2015::17:09:05 ===
           ts_search:(5:<0.406.0>) Dyn Var: no Match (varname=quiz_author), 

=INFO REPORT==== 6-Dec-2015::17:09:06 ===
           ts_search:(5:<0.333.0>) Dyn Var (RE): no Match (varname=created_quiz_id), 

=INFO REPORT==== 6-Dec-2015::17:09:06 ===
           ts_search:(5:<0.387.0>) Dyn Var: no Match (varname=quiz_author), 

=INFO REPORT==== 6-Dec-2015::17:09:06 ===
           ts_search:(5:<0.370.0>) Dyn Var: no Match (varname=quiz_author), 

=INFO REPORT==== 6-Dec-2015::17:09:12 ===
           ts_search:(5:<0.355.0>) Dyn Var: no Match (varname=quiz_author), 

=INFO REPORT==== 6-Dec-2015::17:09:14 ===
           ts_search:(5:<0.462.0>) Dyn Var: no Match (varname=quiz_author), 

=INFO REPORT==== 6-Dec-2015::17:09:16 ===
           ts_search:(5:<0.459.0>) Dyn Var: no Match (varname=quiz_author), 

=INFO REPORT==== 6-Dec-2015::17:09:16 ===
           ts_search:(5:<0.283.0>) Dyn Var (RE): no Match (varname=created_quiz_id), 

=INFO REPORT==== 6-Dec-2015::17:09:17 ===
           ts_search:(5:<0.449.0>) Dyn Var: no Match (varname=quiz_author), 

=INFO REPORT==== 6-Dec-2015::17:09:18 ===
           ts_search:(5:<0.462.0>) Dyn Var (RE): no Match (varname=created_quiz_id), 

=INFO REPORT==== 6-Dec-2015::17:09:18 ===
           ts_search:(5:<0.449.0>) Dyn Var (RE): no Match (varname=created_quiz_id), 

=INFO REPORT==== 6-Dec-2015::17:09:19 ===
           ts_search:(5:<0.464.0>) Dyn Var: no Match (varname=quiz_author), 

=INFO REPORT==== 6-Dec-2015::17:09:20 ===
           ts_search:(5:<0.489.0>) Dyn Var: no Match (varname=quiz_author), 

=INFO REPORT==== 6-Dec-2015::17:09:21 ===
           ts_search:(5:<0.472.0>) Dyn Var: no Match (varname=quiz_author), 

=INFO REPORT==== 6-Dec-2015::17:09:21 ===
           ts_search:(5:<0.436.0>) Dyn Var: no Match (varname=quiz_author), 

=INFO REPORT==== 6-Dec-2015::17:09:22 ===
           ts_search:(5:<0.376.0>) Dyn Var: no Match (varname=quiz_author), 

=INFO REPORT==== 6-Dec-2015::17:09:23 ===
           ts_search:(5:<0.503.0>) Dyn Var: no Match (varname=quiz_author), 

=INFO REPORT==== 6-Dec-2015::17:09:23 ===
           ts_search:(5:<0.324.0>) Dyn Var: no Match (varname=quiz_author), 

=INFO REPORT==== 6-Dec-2015::17:09:24 ===
           ts_search:(5:<0.340.0>) Dyn Var: no Match (varname=quiz_author), 

=INFO REPORT==== 6-Dec-2015::17:09:25 ===
           ts_search:(5:<0.452.0>) Dyn Var: no Match (varname=quiz_author), 

=INFO REPORT==== 6-Dec-2015::17:09:25 ===
           ts_search:(5:<0.439.0>) Dyn Var: no Match (varname=quiz_author), 

=INFO REPORT==== 6-Dec-2015::17:09:25 ===
           ts_search:(5:<0.345.0>) Dyn Var: no Match (varname=quiz_author), 

=INFO REPORT==== 6-Dec-2015::17:09:26 ===
           ts_search:(5:<0.438.0>) Dyn Var: no Match (varname=quiz_author), 

=INFO REPORT==== 6-Dec-2015::17:09:26 ===
           ts_search:(5:<0.345.0>) Dyn Var (RE): no Match (varname=created_quiz_id), 

=INFO REPORT==== 6-Dec-2015::17:09:26 ===
           ts_search:(5:<0.438.0>) Dyn Var (RE): no Match (varname=created_quiz_id), 

=INFO REPORT==== 6-Dec-2015::17:09:27 ===
           ts_search:(5:<0.488.0>) Dyn Var: no Match (varname=quiz_author), 

=INFO REPORT==== 6-Dec-2015::17:09:28 ===
           ts_search:(5:<0.569.0>) Dyn Var: no Match (varname=quiz_author), 

=INFO REPORT==== 6-Dec-2015::17:09:28 ===
           ts_search:(5:<0.437.0>) Dyn Var: no Match (varname=quiz_author), 

=INFO REPORT==== 6-Dec-2015::17:09:29 ===
           ts_search:(5:<0.505.0>) Dyn Var: no Match (varname=quiz_author), 

=INFO REPORT==== 6-Dec-2015::17:09:29 ===
           ts_search:(5:<0.478.0>) Dyn Var: no Match (varname=quiz_author), 

=INFO REPORT==== 6-Dec-2015::17:09:30 ===
           ts_search:(5:<0.489.0>) Dyn Var (RE): no Match (varname=created_quiz_id), 

=INFO REPORT==== 6-Dec-2015::17:09:30 ===
           ts_search:(5:<0.368.0>) Dyn Var: no Match (varname=quiz_author), 

=INFO REPORT==== 6-Dec-2015::17:09:31 ===
           ts_search:(5:<0.370.0>) Dyn Var (RE): no Match (varname=created_quiz_id), 

=INFO REPORT==== 6-Dec-2015::17:09:31 ===
           ts_search:(5:<0.368.0>) Dyn Var (RE): no Match (varname=created_quiz_id), 

=INFO REPORT==== 6-Dec-2015::17:09:31 ===
         ts_launcher:(5:<0.129.0>) Phase duration exceeded, but not all users were launched (1 users, 0.4% of phase)

=INFO REPORT==== 6-Dec-2015::17:09:31 ===
         ts_launcher:(5:<0.129.0>) Start a new arrival phase (480 users, 0.016); expected duration=30.0 sec

=INFO REPORT==== 6-Dec-2015::17:09:32 ===
           ts_search:(5:<0.515.0>) Dyn Var: no Match (varname=quiz_author), 

=INFO REPORT==== 6-Dec-2015::17:09:32 ===
           ts_search:(5:<0.536.0>) Dyn Var: no Match (varname=quiz_author), 

=INFO REPORT==== 6-Dec-2015::17:09:33 ===
           ts_search:(5:<0.523.0>) Dyn Var: no Match (varname=quiz_author), 

=INFO REPORT==== 6-Dec-2015::17:09:33 ===
           ts_search:(5:<0.478.0>) Dyn Var (RE): no Match (varname=created_quiz_id), 

=INFO REPORT==== 6-Dec-2015::17:09:33 ===
           ts_search:(5:<0.506.0>) Dyn Var: no Match (varname=quiz_author), 

=INFO REPORT==== 6-Dec-2015::17:09:34 ===
           ts_search:(5:<0.278.0>) Dyn Var (RE): no Match (varname=created_quiz_id), 

=INFO REPORT==== 6-Dec-2015::17:09:35 ===
           ts_search:(5:<0.394.0>) Dyn Var (RE): no Match (varname=created_quiz_id), 

=INFO REPORT==== 6-Dec-2015::17:09:35 ===
           ts_search:(5:<0.569.0>) Dyn Var (RE): no Match (varname=created_quiz_id), 

=INFO REPORT==== 6-Dec-2015::17:09:35 ===
           ts_search:(5:<0.509.0>) Dyn Var: no Match (varname=quiz_author), 

=INFO REPORT==== 6-Dec-2015::17:09:36 ===
           ts_search:(5:<0.423.0>) Dyn Var: no Match (varname=quiz_author), 

=INFO REPORT==== 6-Dec-2015::17:09:36 ===
           ts_search:(5:<0.406.0>) Dyn Var (RE): no Match (varname=created_quiz_id), 

=INFO REPORT==== 6-Dec-2015::17:09:37 ===
           ts_search:(5:<0.571.0>) Dyn Var: no Match (varname=quiz_author), 

=INFO REPORT==== 6-Dec-2015::17:09:37 ===
           ts_search:(5:<0.492.0>) Dyn Var: no Match (varname=quiz_author), 

=INFO REPORT==== 6-Dec-2015::17:09:37 ===
           ts_search:(5:<0.423.0>) Dyn Var (RE): no Match (varname=created_quiz_id), 

=INFO REPORT==== 6-Dec-2015::17:09:37 ===
           ts_search:(5:<0.536.0>) Dyn Var (RE): no Match (varname=created_quiz_id), 

=INFO REPORT==== 6-Dec-2015::17:09:38 ===
           ts_search:(5:<0.676.0>) Dyn Var: no Match (varname=quiz_author), 

=INFO REPORT==== 6-Dec-2015::17:09:38 ===
           ts_search:(5:<0.680.0>) Dyn Var: no Match (varname=quiz_author), 

=INFO REPORT==== 6-Dec-2015::17:09:38 ===
           ts_search:(5:<0.623.0>) Dyn Var: no Match (varname=quiz_author), 

=INFO REPORT==== 6-Dec-2015::17:09:39 ===
           ts_search:(5:<0.324.0>) Dyn Var (RE): no Match (varname=created_quiz_id), 

=INFO REPORT==== 6-Dec-2015::17:09:39 ===
           ts_search:(5:<0.590.0>) Dyn Var: no Match (varname=quiz_author), 

=INFO REPORT==== 6-Dec-2015::17:09:39 ===
           ts_search:(5:<0.676.0>) Dyn Var (RE): no Match (varname=created_quiz_id), 

=INFO REPORT==== 6-Dec-2015::17:09:39 ===
           ts_search:(5:<0.539.0>) Dyn Var: no Match (varname=quiz_author), 

=INFO REPORT==== 6-Dec-2015::17:09:40 ===
           ts_search:(5:<0.729.0>) Dyn Var: no Match (varname=quiz_author), 

=INFO REPORT==== 6-Dec-2015::17:09:40 ===
           ts_search:(5:<0.439.0>) Dyn Var (RE): no Match (varname=created_quiz_id), 

=INFO REPORT==== 6-Dec-2015::17:09:40 ===
           ts_search:(5:<0.279.0>) Dyn Var (RE): no Match (varname=created_quiz_id), 

=INFO REPORT==== 6-Dec-2015::17:09:42 ===
           ts_search:(5:<0.436.0>) Dyn Var (RE): no Match (varname=created_quiz_id), 

=INFO REPORT==== 6-Dec-2015::17:09:42 ===
           ts_search:(5:<0.500.0>) Dyn Var: no Match (varname=quiz_author), 

=INFO REPORT==== 6-Dec-2015::17:09:43 ===
           ts_search:(5:<0.604.0>) Dyn Var: no Match (varname=quiz_author), 

=INFO REPORT==== 6-Dec-2015::17:09:43 ===
           ts_search:(5:<0.654.0>) Dyn Var: no Match (varname=quiz_author), 

=INFO REPORT==== 6-Dec-2015::17:09:44 ===
           ts_search:(5:<0.340.0>) Dyn Var (RE): no Match (varname=created_quiz_id), 

=INFO REPORT==== 6-Dec-2015::17:09:44 ===
           ts_search:(5:<0.648.0>) Dyn Var: no Match (varname=quiz_author), 

=INFO REPORT==== 6-Dec-2015::17:09:45 ===
           ts_search:(5:<0.437.0>) Dyn Var (RE): no Match (varname=created_quiz_id), 

=INFO REPORT==== 6-Dec-2015::17:09:45 ===
           ts_search:(5:<0.505.0>) Dyn Var (RE): no Match (varname=created_quiz_id), 

=INFO REPORT==== 6-Dec-2015::17:09:45 ===
           ts_search:(5:<0.492.0>) Dyn Var (RE): no Match (varname=created_quiz_id), 

=INFO REPORT==== 6-Dec-2015::17:09:46 ===
           ts_search:(5:<0.727.0>) Dyn Var: no Match (varname=quiz_author), 

=INFO REPORT==== 6-Dec-2015::17:09:46 ===
           ts_search:(5:<0.472.0>) Dyn Var (RE): no Match (varname=created_quiz_id), 

=INFO REPORT==== 6-Dec-2015::17:09:46 ===
           ts_search:(5:<0.374.0>) Dyn Var: no Match (varname=quiz_author), 

=INFO REPORT==== 6-Dec-2015::17:09:46 ===
           ts_search:(5:<0.663.0>) Dyn Var: no Match (varname=quiz_author), 

=INFO REPORT==== 6-Dec-2015::17:09:47 ===
           ts_search:(5:<0.515.0>) Dyn Var (RE): no Match (varname=created_quiz_id), 

=INFO REPORT==== 6-Dec-2015::17:09:47 ===
           ts_search:(5:<0.660.0>) Dyn Var: no Match (varname=quiz_author), 

=INFO REPORT==== 6-Dec-2015::17:09:48 ===
           ts_search:(5:<0.571.0>) Dyn Var (RE): no Match (varname=created_quiz_id), 

=INFO REPORT==== 6-Dec-2015::17:09:48 ===
           ts_search:(5:<0.680.0>) Dyn Var (RE): no Match (varname=created_quiz_id), 

=INFO REPORT==== 6-Dec-2015::17:09:48 ===
           ts_search:(5:<0.506.0>) Dyn Var (RE): no Match (varname=created_quiz_id), 

=INFO REPORT==== 6-Dec-2015::17:09:49 ===
           ts_search:(5:<0.764.0>) Dyn Var: no Match (varname=quiz_author), 

=INFO REPORT==== 6-Dec-2015::17:09:49 ===
           ts_search:(5:<0.631.0>) Dyn Var: no Match (varname=quiz_author), 

=INFO REPORT==== 6-Dec-2015::17:09:49 ===
           ts_search:(5:<0.873.0>) Dyn Var: no Match (varname=quiz_author), 

=INFO REPORT==== 6-Dec-2015::17:09:50 ===
           ts_search:(5:<0.654.0>) Dyn Var (RE): no Match (varname=created_quiz_id), 

=INFO REPORT==== 6-Dec-2015::17:09:50 ===
           ts_search:(5:<0.890.0>) Dyn Var: no Match (varname=quiz_author), 

=INFO REPORT==== 6-Dec-2015::17:09:50 ===
           ts_search:(5:<0.376.0>) Dyn Var (RE): no Match (varname=created_quiz_id), 

=INFO REPORT==== 6-Dec-2015::17:09:50 ===
           ts_search:(5:<0.488.0>) Dyn Var (RE): no Match (varname=created_quiz_id), 

=INFO REPORT==== 6-Dec-2015::17:09:50 ===
           ts_search:(5:<0.689.0>) Dyn Var: no Match (varname=quiz_author), 

=INFO REPORT==== 6-Dec-2015::17:09:51 ===
           ts_search:(5:<0.684.0>) Dyn Var: no Match (varname=quiz_author), 

=INFO REPORT==== 6-Dec-2015::17:09:51 ===
           ts_search:(5:<0.636.0>) Dyn Var: no Match (varname=quiz_author), 

=INFO REPORT==== 6-Dec-2015::17:09:52 ===
           ts_search:(5:<0.909.0>) Dyn Var: no Match (varname=quiz_author), 

=INFO REPORT==== 6-Dec-2015::17:09:52 ===
           ts_search:(5:<0.799.0>) Dyn Var: no Match (varname=quiz_author), 

=INFO REPORT==== 6-Dec-2015::17:09:52 ===
           ts_search:(5:<0.758.0>) Dyn Var: no Match (varname=quiz_author), 

=INFO REPORT==== 6-Dec-2015::17:09:52 ===
           ts_search:(5:<0.385.0>) Dyn Var (RE): no Match (varname=created_quiz_id), 

=INFO REPORT==== 6-Dec-2015::17:09:52 ===
           ts_search:(5:<0.497.0>) Dyn Var: no Match (varname=quiz_author), 

=INFO REPORT==== 6-Dec-2015::17:09:53 ===
           ts_search:(5:<0.837.0>) Dyn Var: no Match (varname=quiz_author), 

=INFO REPORT==== 6-Dec-2015::17:09:53 ===
           ts_search:(5:<0.885.0>) Dyn Var: no Match (varname=quiz_author), 

=INFO REPORT==== 6-Dec-2015::17:09:54 ===
           ts_search:(5:<0.909.0>) Dyn Var (RE): no Match (varname=created_quiz_id), 

=INFO REPORT==== 6-Dec-2015::17:09:54 ===
           ts_search:(5:<0.648.0>) Dyn Var (RE): no Match (varname=created_quiz_id), 

=INFO REPORT==== 6-Dec-2015::17:09:55 ===
           ts_search:(5:<0.387.0>) Dyn Var (RE): no Match (varname=created_quiz_id), 

=INFO REPORT==== 6-Dec-2015::17:09:55 ===
           ts_search:(5:<0.837.0>) Dyn Var (RE): no Match (varname=created_quiz_id), 

=INFO REPORT==== 6-Dec-2015::17:09:55 ===
           ts_search:(5:<0.842.0>) Dyn Var: no Match (varname=quiz_author), 

=INFO REPORT==== 6-Dec-2015::17:09:56 ===
           ts_search:(5:<0.777.0>) Dyn Var: no Match (varname=quiz_author), 

=INFO REPORT==== 6-Dec-2015::17:09:57 ===
           ts_search:(5:<0.955.0>) Dyn Var: no Match (varname=quiz_author), 

=INFO REPORT==== 6-Dec-2015::17:09:57 ===
           ts_search:(5:<0.804.0>) Dyn Var: no Match (varname=quiz_author), 

=INFO REPORT==== 6-Dec-2015::17:09:57 ===
           ts_search:(5:<0.890.0>) Dyn Var (RE): no Match (varname=created_quiz_id), 

=INFO REPORT==== 6-Dec-2015::17:09:57 ===
           ts_search:(5:<0.604.0>) Dyn Var (RE): no Match (varname=created_quiz_id), 

=INFO REPORT==== 6-Dec-2015::17:09:57 ===
           ts_search:(5:<0.625.0>) Dyn Var: no Match (varname=quiz_author), 

=INFO REPORT==== 6-Dec-2015::17:09:57 ===
           ts_search:(5:<0.834.0>) Dyn Var: no Match (varname=quiz_author), 

=INFO REPORT==== 6-Dec-2015::17:09:58 ===
           ts_search:(5:<0.636.0>) Dyn Var (RE): no Match (varname=created_quiz_id), 

=INFO REPORT==== 6-Dec-2015::17:09:58 ===
           ts_search:(5:<0.885.0>) Dyn Var (RE): no Match (varname=created_quiz_id), 

=INFO REPORT==== 6-Dec-2015::17:09:58 ===
           ts_search:(5:<0.938.0>) Dyn Var: no Match (varname=quiz_author), 

=INFO REPORT==== 6-Dec-2015::17:09:58 ===
           ts_search:(5:<0.964.0>) Dyn Var: no Match (varname=quiz_author), 

=INFO REPORT==== 6-Dec-2015::17:09:59 ===
           ts_search:(5:<0.528.0>) Dyn Var: no Match (varname=quiz_author), 

=INFO REPORT==== 6-Dec-2015::17:09:59 ===
           ts_search:(5:<0.1001.0>) Dyn Var: no Match (varname=quiz_author), 

=INFO REPORT==== 6-Dec-2015::17:09:59 ===
           ts_search:(5:<0.860.0>) Dyn Var: no Match (varname=quiz_author), 

=INFO REPORT==== 6-Dec-2015::17:10:00 ===
           ts_search:(5:<0.954.0>) Dyn Var: no Match (varname=quiz_author), 

=INFO REPORT==== 6-Dec-2015::17:10:00 ===
           ts_search:(5:<0.626.0>) Dyn Var: no Match (varname=quiz_author), 

=INFO REPORT==== 6-Dec-2015::17:10:00 ===
           ts_search:(5:<0.528.0>) Dyn Var (RE): no Match (varname=created_quiz_id), 

=INFO REPORT==== 6-Dec-2015::17:10:01 ===
           ts_search:(5:<0.355.0>) Dyn Var (RE): no Match (varname=created_quiz_id), 

=INFO REPORT==== 6-Dec-2015::17:10:01 ===
         ts_launcher:(4:<0.129.0>) Need to wait 0.603 sec before changing phase, going to sleep

=INFO REPORT==== 6-Dec-2015::17:10:01 ===
         ts_launcher:(5:<0.129.0>) Waking up

=INFO REPORT==== 6-Dec-2015::17:10:01 ===
         ts_launcher:(5:<0.129.0>) Start a new arrival phase (960 users, 0.032); expected duration=30.0 sec

=INFO REPORT==== 6-Dec-2015::17:10:02 ===
           ts_search:(5:<0.1064.0>) Dyn Var: no Match (varname=quiz_author), 

=INFO REPORT==== 6-Dec-2015::17:10:02 ===
           ts_search:(5:<0.643.0>) Dyn Var: no Match (varname=quiz_author), 

=INFO REPORT==== 6-Dec-2015::17:10:02 ===
           ts_search:(5:<0.987.0>) Dyn Var: no Match (varname=quiz_author), 

=INFO REPORT==== 6-Dec-2015::17:10:03 ===
           ts_search:(5:<0.722.0>) Dyn Var: no Match (varname=quiz_author), 

=INFO REPORT==== 6-Dec-2015::17:10:03 ===
           ts_search:(5:<0.1026.0>) Dyn Var: no Match (varname=quiz_author), 

=INFO REPORT==== 6-Dec-2015::17:10:03 ===
           ts_search:(5:<0.1018.0>) Dyn Var: no Match (varname=quiz_author), 

=INFO REPORT==== 6-Dec-2015::17:10:03 ===
           ts_search:(5:<0.798.0>) Dyn Var: no Match (varname=quiz_author), 

=INFO REPORT==== 6-Dec-2015::17:10:03 ===
           ts_search:(5:<0.873.0>) Dyn Var (RE): no Match (varname=created_quiz_id), 

=INFO REPORT==== 6-Dec-2015::17:10:03 ===
           ts_search:(5:<0.509.0>) Dyn Var (RE): no Match (varname=created_quiz_id), 

=INFO REPORT==== 6-Dec-2015::17:10:03 ===
           ts_search:(5:<0.849.0>) Dyn Var: no Match (varname=quiz_author), 

=INFO REPORT==== 6-Dec-2015::17:10:04 ===
           ts_search:(5:<0.991.0>) Dyn Var: no Match (varname=quiz_author), 

=INFO REPORT==== 6-Dec-2015::17:10:04 ===
           ts_search:(5:<0.539.0>) Dyn Var (RE): no Match (varname=created_quiz_id), 

=INFO REPORT==== 6-Dec-2015::17:10:04 ===
           ts_search:(5:<0.832.0>) Dyn Var: no Match (varname=quiz_author), 

=INFO REPORT==== 6-Dec-2015::17:10:04 ===
           ts_search:(5:<0.836.0>) Dyn Var: no Match (varname=quiz_author), 

=INFO REPORT==== 6-Dec-2015::17:10:04 ===
           ts_search:(5:<0.993.0>) Dyn Var: no Match (varname=quiz_author), 

=INFO REPORT==== 6-Dec-2015::17:10:05 ===
           ts_search:(5:<0.1025.0>) Dyn Var: no Match (varname=quiz_author), 

=INFO REPORT==== 6-Dec-2015::17:10:05 ===
           ts_search:(5:<0.1130.0>) Dyn Var: no Match (varname=quiz_author), 

=INFO REPORT==== 6-Dec-2015::17:10:05 ===
           ts_search:(5:<0.971.0>) Dyn Var: no Match (varname=quiz_author), 

=INFO REPORT==== 6-Dec-2015::17:10:05 ===
           ts_search:(5:<0.849.0>) Dyn Var (RE): no Match (varname=created_quiz_id), 

=INFO REPORT==== 6-Dec-2015::17:10:06 ===
           ts_search:(5:<0.1023.0>) Dyn Var: no Match (varname=quiz_author), 

=INFO REPORT==== 6-Dec-2015::17:10:06 ===
           ts_search:(5:<0.1130.0>) Dyn Var (RE): no Match (varname=created_quiz_id), 

=INFO REPORT==== 6-Dec-2015::17:10:06 ===
           ts_search:(5:<0.848.0>) Dyn Var: no Match (varname=quiz_author), 

=INFO REPORT==== 6-Dec-2015::17:10:06 ===
           ts_search:(5:<0.1241.0>) Dyn Var: no Match (varname=quiz_author), 

=INFO REPORT==== 6-Dec-2015::17:10:06 ===
           ts_search:(5:<0.850.0>) Dyn Var: no Match (varname=quiz_author), 

=INFO REPORT==== 6-Dec-2015::17:10:07 ===
           ts_search:(5:<0.867.0>) Dyn Var: no Match (varname=quiz_author), 

=INFO REPORT==== 6-Dec-2015::17:10:07 ===
           ts_search:(5:<0.764.0>) Dyn Var (RE): no Match (varname=created_quiz_id), 

=INFO REPORT==== 6-Dec-2015::17:10:07 ===
           ts_search:(5:<0.834.0>) Dyn Var (RE): no Match (varname=created_quiz_id), 

=INFO REPORT==== 6-Dec-2015::17:10:07 ===
           ts_search:(5:<0.938.0>) Dyn Var (RE): no Match (varname=created_quiz_id), 

=INFO REPORT==== 6-Dec-2015::17:10:08 ===
           ts_search:(5:<0.1051.0>) Dyn Var: no Match (varname=quiz_author), 

=INFO REPORT==== 6-Dec-2015::17:10:08 ===
           ts_search:(5:<0.1026.0>) Dyn Var (RE): no Match (varname=created_quiz_id), 

=INFO REPORT==== 6-Dec-2015::17:10:08 ===
           ts_search:(5:<0.559.0>) Dyn Var: no Match (varname=quiz_author), 

=INFO REPORT==== 6-Dec-2015::17:10:08 ===
           ts_search:(5:<0.860.0>) Dyn Var (RE): no Match (varname=created_quiz_id), 

=INFO REPORT==== 6-Dec-2015::17:10:08 ===
           ts_search:(5:<0.663.0>) Dyn Var (RE): no Match (varname=created_quiz_id), 

=INFO REPORT==== 6-Dec-2015::17:10:09 ===
           ts_search:(5:<0.1195.0>) Dyn Var: no Match (varname=quiz_author), 

=INFO REPORT==== 6-Dec-2015::17:10:09 ===
           ts_search:(5:<0.1085.0>) Dyn Var: no Match (varname=quiz_author), 

=INFO REPORT==== 6-Dec-2015::17:10:09 ===
           ts_search:(5:<0.1241.0>) Dyn Var (RE): no Match (varname=created_quiz_id), 

=INFO REPORT==== 6-Dec-2015::17:10:09 ===
           ts_search:(5:<0.643.0>) Dyn Var (RE): no Match (varname=created_quiz_id), 

=INFO REPORT==== 6-Dec-2015::17:10:09 ===
           ts_search:(5:<0.1093.0>) Dyn Var: no Match (varname=quiz_author), 

=INFO REPORT==== 6-Dec-2015::17:10:09 ===
           ts_search:(5:<0.1118.0>) Dyn Var: no Match (varname=quiz_author), 

=INFO REPORT==== 6-Dec-2015::17:10:09 ===
           ts_search:(5:<0.962.0>) Dyn Var: no Match (varname=quiz_author), 

=INFO REPORT==== 6-Dec-2015::17:10:09 ===
           ts_search:(5:<0.933.0>) Dyn Var: no Match (varname=quiz_author), 

=INFO REPORT==== 6-Dec-2015::17:10:10 ===
           ts_search:(5:<0.374.0>) Dyn Var (RE): no Match (varname=created_quiz_id), 

=INFO REPORT==== 6-Dec-2015::17:10:10 ===
           ts_search:(5:<0.1129.0>) Dyn Var: no Match (varname=quiz_author), 

=INFO REPORT==== 6-Dec-2015::17:10:10 ===
           ts_search:(5:<0.1107.0>) Dyn Var: no Match (varname=quiz_author), 

=INFO REPORT==== 6-Dec-2015::17:10:10 ===
           ts_search:(5:<0.623.0>) Dyn Var (RE): no Match (varname=created_quiz_id), 

=INFO REPORT==== 6-Dec-2015::17:10:10 ===
           ts_search:(5:<0.1118.0>) Dyn Var (RE): no Match (varname=created_quiz_id), 

=INFO REPORT==== 6-Dec-2015::17:10:11 ===
           ts_search:(5:<0.1093.0>) Dyn Var (RE): no Match (varname=created_quiz_id), 

=INFO REPORT==== 6-Dec-2015::17:10:11 ===
           ts_search:(5:<0.1288.0>) Dyn Var: no Match (varname=quiz_author), 

=INFO REPORT==== 6-Dec-2015::17:10:11 ===
           ts_search:(5:<0.899.0>) Dyn Var: no Match (varname=quiz_author), 

=INFO REPORT==== 6-Dec-2015::17:10:11 ===
           ts_search:(5:<0.1163.0>) Dyn Var: no Match (varname=quiz_author), 

=INFO REPORT==== 6-Dec-2015::17:10:11 ===
           ts_search:(5:<0.1029.0>) Dyn Var: no Match (varname=quiz_author), 

=INFO REPORT==== 6-Dec-2015::17:10:11 ===
           ts_search:(5:<0.850.0>) Dyn Var (RE): no Match (varname=created_quiz_id), 

=INFO REPORT==== 6-Dec-2015::17:10:11 ===
           ts_search:(5:<0.1051.0>) Dyn Var (RE): no Match (varname=created_quiz_id), 

=INFO REPORT==== 6-Dec-2015::17:10:11 ===
           ts_search:(5:<0.758.0>) Dyn Var (RE): no Match (varname=created_quiz_id), 

=INFO REPORT==== 6-Dec-2015::17:10:11 ===
           ts_search:(5:<0.1106.0>) Dyn Var: no Match (varname=quiz_author), 

=INFO REPORT==== 6-Dec-2015::17:10:12 ===
           ts_search:(5:<0.1286.0>) Dyn Var: no Match (varname=quiz_author), 

=INFO REPORT==== 6-Dec-2015::17:10:12 ===
           ts_search:(5:<0.832.0>) Dyn Var (RE): no Match (varname=created_quiz_id), 

=INFO REPORT==== 6-Dec-2015::17:10:12 ===
           ts_search:(5:<0.497.0>) Dyn Var (RE): no Match (varname=created_quiz_id), 

=INFO REPORT==== 6-Dec-2015::17:10:12 ===
           ts_search:(5:<0.1167.0>) Dyn Var: no Match (varname=quiz_author), 

=INFO REPORT==== 6-Dec-2015::17:10:13 ===
           ts_search:(5:<0.1276.0>) Dyn Var: no Match (varname=quiz_author), 

=INFO REPORT==== 6-Dec-2015::17:10:13 ===
           ts_search:(5:<0.1155.0>) Dyn Var: no Match (varname=quiz_author), 

=INFO REPORT==== 6-Dec-2015::17:10:13 ===
           ts_search:(5:<0.729.0>) Dyn Var (RE): no Match (varname=created_quiz_id), 

=INFO REPORT==== 6-Dec-2015::17:10:14 ===
           ts_search:(5:<0.1182.0>) Dyn Var: no Match (varname=quiz_author), 

=INFO REPORT==== 6-Dec-2015::17:10:14 ===
           ts_search:(5:<0.727.0>) Dyn Var (RE): no Match (varname=created_quiz_id), 

=INFO REPORT==== 6-Dec-2015::17:10:14 ===
           ts_search:(5:<0.719.0>) Dyn Var: no Match (varname=quiz_author), 

=INFO REPORT==== 6-Dec-2015::17:10:14 ===
           ts_search:(5:<0.1179.0>) Dyn Var: no Match (varname=quiz_author), 

=INFO REPORT==== 6-Dec-2015::17:10:15 ===
           ts_search:(5:<0.684.0>) Dyn Var (RE): no Match (varname=created_quiz_id), 

=INFO REPORT==== 6-Dec-2015::17:10:15 ===
           ts_search:(5:<0.1153.0>) Dyn Var: no Match (varname=quiz_author), 

=INFO REPORT==== 6-Dec-2015::17:10:15 ===
           ts_search:(5:<0.956.0>) Dyn Var: no Match (varname=quiz_author), 

=INFO REPORT==== 6-Dec-2015::17:10:15 ===
           ts_search:(5:<0.971.0>) Dyn Var (RE): no Match (varname=created_quiz_id), 

=INFO REPORT==== 6-Dec-2015::17:10:15 ===
           ts_search:(5:<0.1085.0>) Dyn Var (RE): no Match (varname=created_quiz_id), 

=INFO REPORT==== 6-Dec-2015::17:10:16 ===
           ts_search:(5:<0.912.0>) Dyn Var: no Match (varname=quiz_author), 

=INFO REPORT==== 6-Dec-2015::17:10:16 ===
           ts_search:(5:<0.1349.0>) Dyn Var: no Match (varname=quiz_author), 

=INFO REPORT==== 6-Dec-2015::17:10:16 ===
           ts_search:(5:<0.1025.0>) Dyn Var (RE): no Match (varname=created_quiz_id), 

=INFO REPORT==== 6-Dec-2015::17:10:16 ===
           ts_search:(5:<0.848.0>) Dyn Var (RE): no Match (varname=created_quiz_id), 

=INFO REPORT==== 6-Dec-2015::17:10:16 ===
           ts_search:(5:<0.982.0>) Dyn Var: no Match (varname=quiz_author), 

=INFO REPORT==== 6-Dec-2015::17:10:16 ===
           ts_search:(5:<0.1163.0>) Dyn Var (RE): no Match (varname=created_quiz_id), 

=INFO REPORT==== 6-Dec-2015::17:10:16 ===
           ts_search:(5:<0.660.0>) Dyn Var (RE): no Match (varname=created_quiz_id), 

=INFO REPORT==== 6-Dec-2015::17:10:16 ===
           ts_search:(5:<0.845.0>) Dyn Var: no Match (varname=quiz_author), 

=INFO REPORT==== 6-Dec-2015::17:10:17 ===
           ts_search:(5:<0.899.0>) Dyn Var (RE): no Match (varname=created_quiz_id), 

=INFO REPORT==== 6-Dec-2015::17:10:17 ===
           ts_search:(5:<0.1153.0>) Dyn Var (RE): no Match (varname=created_quiz_id), 

=INFO REPORT==== 6-Dec-2015::17:10:17 ===
           ts_search:(5:<0.1173.0>) Dyn Var: no Match (varname=quiz_author), 

=INFO REPORT==== 6-Dec-2015::17:10:17 ===
           ts_search:(5:<0.956.0>) Dyn Var (RE): no Match (varname=created_quiz_id), 

=INFO REPORT==== 6-Dec-2015::17:10:17 ===
           ts_search:(5:<0.1334.0>) Dyn Var: no Match (varname=quiz_author), 

=INFO REPORT==== 6-Dec-2015::17:10:17 ===
           ts_search:(5:<0.1385.0>) Dyn Var: no Match (varname=quiz_author), 

=INFO REPORT==== 6-Dec-2015::17:10:18 ===
           ts_search:(5:<0.1375.0>) Dyn Var: no Match (varname=quiz_author), 

=INFO REPORT==== 6-Dec-2015::17:10:18 ===
           ts_search:(5:<0.898.0>) Dyn Var: no Match (varname=quiz_author), 

=INFO REPORT==== 6-Dec-2015::17:10:18 ===
           ts_search:(5:<0.1107.0>) Dyn Var (RE): no Match (varname=created_quiz_id), 

=INFO REPORT==== 6-Dec-2015::17:10:18 ===
           ts_search:(5:<0.1408.0>) Dyn Var: no Match (varname=quiz_author), 

=INFO REPORT==== 6-Dec-2015::17:10:18 ===
           ts_search:(5:<0.1579.0>) Dyn Var: no Match (varname=quiz_author), 

=INFO REPORT==== 6-Dec-2015::17:10:19 ===
           ts_search:(5:<0.1265.0>) Dyn Var: no Match (varname=quiz_author), 

=INFO REPORT==== 6-Dec-2015::17:10:19 ===
           ts_search:(5:<0.1001.0>) Dyn Var (RE): no Match (varname=created_quiz_id), 

=INFO REPORT==== 6-Dec-2015::17:10:19 ===
           ts_search:(5:<0.1385.0>) Dyn Var (RE): no Match (varname=created_quiz_id), 

=INFO REPORT==== 6-Dec-2015::17:10:19 ===
           ts_search:(5:<0.1515.0>) Dyn Var: no Match (varname=quiz_author), 

=INFO REPORT==== 6-Dec-2015::17:10:19 ===
           ts_search:(5:<0.1229.0>) Dyn Var: no Match (varname=quiz_author), 

=INFO REPORT==== 6-Dec-2015::17:10:20 ===
           ts_search:(5:<0.1396.0>) Dyn Var: no Match (varname=quiz_author), 

=INFO REPORT==== 6-Dec-2015::17:10:20 ===
           ts_search:(5:<0.1286.0>) Dyn Var (RE): no Match (varname=created_quiz_id), 

=INFO REPORT==== 6-Dec-2015::17:10:20 ===
           ts_search:(5:<0.1211.0>) Dyn Var: no Match (varname=quiz_author), 

=INFO REPORT==== 6-Dec-2015::17:10:20 ===
           ts_search:(5:<0.722.0>) Dyn Var (RE): no Match (varname=created_quiz_id), 

=INFO REPORT==== 6-Dec-2015::17:10:20 ===
           ts_search:(5:<0.1420.0>) Dyn Var: no Match (varname=quiz_author), 

=INFO REPORT==== 6-Dec-2015::17:10:20 ===
           ts_search:(5:<0.1319.0>) Dyn Var: no Match (varname=quiz_author), 

=INFO REPORT==== 6-Dec-2015::17:10:20 ===
           ts_search:(5:<0.1029.0>) Dyn Var (RE): no Match (varname=created_quiz_id), 

=INFO REPORT==== 6-Dec-2015::17:10:20 ===
           ts_search:(5:<0.1124.0>) Dyn Var: no Match (varname=quiz_author), 

=INFO REPORT==== 6-Dec-2015::17:10:20 ===
           ts_search:(5:<0.590.0>) Dyn Var (RE): no Match (varname=created_quiz_id), 

=INFO REPORT==== 6-Dec-2015::17:10:20 ===
           ts_search:(5:<0.1538.0>) Dyn Var: no Match (varname=quiz_author), 

=INFO REPORT==== 6-Dec-2015::17:10:21 ===
           ts_search:(5:<0.1437.0>) Dyn Var: no Match (varname=quiz_author), 

=INFO REPORT==== 6-Dec-2015::17:10:21 ===
           ts_search:(5:<0.798.0>) Dyn Var (RE): no Match (varname=created_quiz_id), 

=INFO REPORT==== 6-Dec-2015::17:10:21 ===
           ts_search:(5:<0.1436.0>) Dyn Var: no Match (varname=quiz_author), 

=INFO REPORT==== 6-Dec-2015::17:10:21 ===
           ts_search:(5:<0.955.0>) Dyn Var (RE): no Match (varname=created_quiz_id), 

=INFO REPORT==== 6-Dec-2015::17:10:21 ===
           ts_search:(5:<0.1453.0>) Dyn Var: no Match (varname=quiz_author), 

=INFO REPORT==== 6-Dec-2015::17:10:21 ===
           ts_search:(5:<0.1408.0>) Dyn Var (RE): no Match (varname=created_quiz_id), 

=INFO REPORT==== 6-Dec-2015::17:10:22 ===
           ts_search:(5:<0.1614.0>) Dyn Var: no Match (varname=quiz_author), 

=INFO REPORT==== 6-Dec-2015::17:10:22 ===
           ts_search:(5:<0.1759.0>) Dyn Var (RE): no Match (varname=authenticity_token), 

=INFO REPORT==== 6-Dec-2015::17:10:22 ===
           ts_search:(5:<0.1319.0>) Dyn Var (RE): no Match (varname=created_quiz_id), 

=INFO REPORT==== 6-Dec-2015::17:10:22 ===
           ts_search:(5:<0.1100.0>) Dyn Var: no Match (varname=quiz_author), 

=INFO REPORT==== 6-Dec-2015::17:10:22 ===
           ts_search:(5:<0.500.0>) Dyn Var (RE): no Match (varname=created_quiz_id), 

=INFO REPORT==== 6-Dec-2015::17:10:22 ===
           ts_search:(5:<0.1581.0>) Dyn Var: no Match (varname=quiz_author), 

=INFO REPORT==== 6-Dec-2015::17:10:22 ===
           ts_search:(5:<0.1100.0>) Dyn Var (RE): no Match (varname=created_quiz_id), 

=INFO REPORT==== 6-Dec-2015::17:10:23 ===
           ts_search:(5:<0.1338.0>) Dyn Var: no Match (varname=quiz_author), 

=INFO REPORT==== 6-Dec-2015::17:10:23 ===
           ts_search:(5:<0.1254.0>) Dyn Var: no Match (varname=quiz_author), 

=INFO REPORT==== 6-Dec-2015::17:10:23 ===
           ts_search:(5:<0.1265.0>) Dyn Var (RE): no Match (varname=created_quiz_id), 

=INFO REPORT==== 6-Dec-2015::17:10:23 ===
           ts_search:(5:<0.1023.0>) Dyn Var (RE): no Match (varname=created_quiz_id), 

=INFO REPORT==== 6-Dec-2015::17:10:23 ===
           ts_search:(5:<0.1349.0>) Dyn Var (RE): no Match (varname=created_quiz_id), 

=INFO REPORT==== 6-Dec-2015::17:10:23 ===
           ts_search:(5:<0.1349.0>) Dyn Var (RE): no Match (varname=authenticity_token), 

=INFO REPORT==== 6-Dec-2015::17:10:23 ===
           ts_search:(5:<0.1413.0>) Dyn Var: no Match (varname=quiz_author), 

=INFO REPORT==== 6-Dec-2015::17:10:23 ===
           ts_search:(5:<0.1124.0>) Dyn Var (RE): no Match (varname=created_quiz_id), 

=INFO REPORT==== 6-Dec-2015::17:10:23 ===
           ts_search:(5:<0.1124.0>) Dyn Var (RE): no Match (varname=authenticity_token), 

=INFO REPORT==== 6-Dec-2015::17:10:24 ===
           ts_search:(5:<0.1764.0>) Dyn Var: no Match (varname=quiz_author), 

=INFO REPORT==== 6-Dec-2015::17:10:24 ===
           ts_search:(5:<0.1238.0>) Dyn Var: no Match (varname=quiz_author), 

=INFO REPORT==== 6-Dec-2015::17:10:24 ===
           ts_search:(5:<0.1381.0>) Dyn Var: no Match (varname=quiz_author), 

=INFO REPORT==== 6-Dec-2015::17:10:24 ===
           ts_search:(5:<0.1844.0>) Dyn Var (RE): no Match (varname=authenticity_token), 

=INFO REPORT==== 6-Dec-2015::17:10:24 ===
           ts_search:(5:<0.1375.0>) Dyn Var (RE): no Match (varname=created_quiz_id), 

=INFO REPORT==== 6-Dec-2015::17:10:24 ===
           ts_search:(5:<0.1647.0>) Dyn Var: no Match (varname=quiz_author), 

=INFO REPORT==== 6-Dec-2015::17:10:24 ===
           ts_search:(5:<0.1381.0>) Dyn Var (RE): no Match (varname=created_quiz_id), 

=INFO REPORT==== 6-Dec-2015::17:10:25 ===
           ts_search:(5:<0.523.0>) Dyn Var (RE): no Match (varname=created_quiz_id), 

=INFO REPORT==== 6-Dec-2015::17:10:25 ===
           ts_search:(5:<0.1338.0>) Dyn Var (RE): no Match (varname=created_quiz_id), 

=INFO REPORT==== 6-Dec-2015::17:10:25 ===
           ts_search:(5:<0.1610.0>) Dyn Var: no Match (varname=quiz_author), 

=INFO REPORT==== 6-Dec-2015::17:10:25 ===
           ts_search:(5:<0.987.0>) Dyn Var (RE): no Match (varname=created_quiz_id), 

=INFO REPORT==== 6-Dec-2015::17:10:25 ===
           ts_search:(5:<0.1413.0>) Dyn Var (RE): no Match (varname=created_quiz_id), 

=INFO REPORT==== 6-Dec-2015::17:10:25 ===
           ts_search:(5:<0.559.0>) Dyn Var (RE): no Match (varname=created_quiz_id), 

=INFO REPORT==== 6-Dec-2015::17:10:25 ===
           ts_search:(5:<0.1396.0>) Dyn Var (RE): no Match (varname=created_quiz_id), 

=INFO REPORT==== 6-Dec-2015::17:10:25 ===
           ts_search:(5:<0.1318.0>) Dyn Var: no Match (varname=quiz_author), 

=INFO REPORT==== 6-Dec-2015::17:10:25 ===
           ts_search:(5:<0.1169.0>) Dyn Var: no Match (varname=quiz_author), 

=INFO REPORT==== 6-Dec-2015::17:10:26 ===
           ts_search:(5:<0.1382.0>) Dyn Var: no Match (varname=quiz_author), 

=INFO REPORT==== 6-Dec-2015::17:10:26 ===
           ts_search:(5:<0.1635.0>) Dyn Var: no Match (varname=quiz_author), 

=INFO REPORT==== 6-Dec-2015::17:10:26 ===
           ts_search:(5:<0.1325.0>) Dyn Var: no Match (varname=quiz_author), 

=INFO REPORT==== 6-Dec-2015::17:10:26 ===
           ts_search:(5:<0.1610.0>) Dyn Var (RE): no Match (varname=created_quiz_id), 

=INFO REPORT==== 6-Dec-2015::17:10:26 ===
           ts_search:(5:<0.1604.0>) Dyn Var: no Match (varname=quiz_author), 

=INFO REPORT==== 6-Dec-2015::17:10:26 ===
           ts_search:(5:<0.1296.0>) Dyn Var: no Match (varname=quiz_author), 

=INFO REPORT==== 6-Dec-2015::17:10:26 ===
           ts_search:(5:<0.689.0>) Dyn Var (RE): no Match (varname=created_quiz_id), 

=INFO REPORT==== 6-Dec-2015::17:10:27 ===
           ts_search:(5:<0.842.0>) Dyn Var (RE): no Match (varname=created_quiz_id), 

=INFO REPORT==== 6-Dec-2015::17:10:27 ===
           ts_search:(5:<0.962.0>) Dyn Var (RE): no Match (varname=created_quiz_id), 

=INFO REPORT==== 6-Dec-2015::17:10:27 ===
           ts_search:(5:<0.1616.0>) Dyn Var: no Match (varname=quiz_author), 

=INFO REPORT==== 6-Dec-2015::17:10:27 ===
           ts_search:(5:<0.1581.0>) Dyn Var (RE): no Match (varname=created_quiz_id), 

=INFO REPORT==== 6-Dec-2015::17:10:27 ===
           ts_search:(5:<0.733.0>) Dyn Var: no Match (varname=quiz_author), 

=INFO REPORT==== 6-Dec-2015::17:10:27 ===
           ts_search:(5:<0.1904.0>) Dyn Var: no Match (varname=quiz_author), 

=INFO REPORT==== 6-Dec-2015::17:10:27 ===
           ts_search:(5:<0.993.0>) Dyn Var (RE): no Match (varname=created_quiz_id), 

=INFO REPORT==== 6-Dec-2015::17:10:27 ===
           ts_search:(5:<0.1129.0>) Dyn Var (RE): no Match (varname=created_quiz_id), 

=INFO REPORT==== 6-Dec-2015::17:10:27 ===
           ts_search:(5:<0.1904.0>) Dyn Var (RE): no Match (varname=created_quiz_id), 

=INFO REPORT==== 6-Dec-2015::17:10:28 ===
           ts_search:(5:<0.1422.0>) Dyn Var: no Match (varname=quiz_author), 

=INFO REPORT==== 6-Dec-2015::17:10:28 ===
           ts_search:(5:<0.1812.0>) Dyn Var: no Match (varname=quiz_author), 

=INFO REPORT==== 6-Dec-2015::17:10:28 ===
           ts_search:(5:<0.1155.0>) Dyn Var (RE): no Match (varname=created_quiz_id), 

=INFO REPORT==== 6-Dec-2015::17:10:28 ===
           ts_search:(5:<0.1635.0>) Dyn Var (RE): no Match (varname=created_quiz_id), 

=INFO REPORT==== 6-Dec-2015::17:10:28 ===
           ts_search:(5:<0.1382.0>) Dyn Var (RE): no Match (varname=created_quiz_id), 

=INFO REPORT==== 6-Dec-2015::17:10:28 ===
           ts_search:(5:<0.1333.0>) Dyn Var (RE): no Match (varname=authenticity_token), 

=INFO REPORT==== 6-Dec-2015::17:10:28 ===
           ts_search:(5:<0.1333.0>) Dyn Var: no Match (varname=quiz_author), 

=INFO REPORT==== 6-Dec-2015::17:10:29 ===
           ts_search:(5:<0.1558.0>) Dyn Var: no Match (varname=quiz_author), 

=INFO REPORT==== 6-Dec-2015::17:10:29 ===
           ts_search:(5:<0.1105.0>) Dyn Var: no Match (varname=quiz_author), 

=INFO REPORT==== 6-Dec-2015::17:10:29 ===
           ts_search:(5:<0.1604.0>) Dyn Var (RE): no Match (varname=created_quiz_id), 

=INFO REPORT==== 6-Dec-2015::17:10:29 ===
           ts_search:(5:<0.1185.0>) Dyn Var: no Match (varname=quiz_author), 

=INFO REPORT==== 6-Dec-2015::17:10:29 ===
           ts_search:(5:<0.1773.0>) Dyn Var: no Match (varname=quiz_author), 

=INFO REPORT==== 6-Dec-2015::17:10:29 ===
           ts_search:(5:<0.1512.0>) Dyn Var: no Match (varname=quiz_author), 

=INFO REPORT==== 6-Dec-2015::17:10:30 ===
           ts_search:(5:<0.1814.0>) Dyn Var: no Match (varname=quiz_author), 

=INFO REPORT==== 6-Dec-2015::17:10:30 ===
         ts_launcher:(5:<0.129.0>) This was the last phase, wait for connected users to finish their session

=INFO REPORT==== 6-Dec-2015::17:10:30 ===
     ts_launcher_mgr:(5:<0.123.0>) Still 1104 active client(s)

=INFO REPORT==== 6-Dec-2015::17:10:30 ===
           ts_search:(5:<0.1276.0>) Dyn Var (RE): no Match (varname=created_quiz_id), 

=INFO REPORT==== 6-Dec-2015::17:10:30 ===
           ts_search:(5:<0.1238.0>) Dyn Var (RE): no Match (varname=created_quiz_id), 

=INFO REPORT==== 6-Dec-2015::17:10:30 ===
           ts_search:(5:<0.1182.0>) Dyn Var (RE): no Match (varname=created_quiz_id), 

=INFO REPORT==== 6-Dec-2015::17:10:30 ===
           ts_search:(5:<0.1333.0>) Dyn Var (RE): no Match (varname=created_quiz_id), 

=INFO REPORT==== 6-Dec-2015::17:10:30 ===
           ts_search:(5:<0.777.0>) Dyn Var (RE): no Match (varname=created_quiz_id), 

=INFO REPORT==== 6-Dec-2015::17:10:30 ===
           ts_search:(5:<0.1613.0>) Dyn Var: no Match (varname=quiz_author), 

=INFO REPORT==== 6-Dec-2015::17:10:30 ===
           ts_search:(5:<0.1333.0>) Dyn Var (RE): no Match (varname=authenticity_token), 

=INFO REPORT==== 6-Dec-2015::17:10:31 ===
           ts_search:(5:<0.1579.0>) Dyn Var (RE): no Match (varname=created_quiz_id), 

=INFO REPORT==== 6-Dec-2015::17:10:31 ===
           ts_search:(5:<0.1333.0>) Dyn Var (RE): no Match (varname=authenticity_token), 

=INFO REPORT==== 6-Dec-2015::17:10:31 ===
           ts_search:(5:<0.1653.0>) Dyn Var: no Match (varname=quiz_author), 

=INFO REPORT==== 6-Dec-2015::17:10:31 ===
           ts_search:(5:<0.1333.0>) Dyn Var (RE): no Match (varname=authenticity_token), 

=INFO REPORT==== 6-Dec-2015::17:10:31 ===
           ts_search:(5:<0.1678.0>) Dyn Var: no Match (varname=quiz_author), 

=INFO REPORT==== 6-Dec-2015::17:10:31 ===
           ts_search:(5:<0.1333.0>) Dyn Var (RE): no Match (varname=authenticity_token), 

=INFO REPORT==== 6-Dec-2015::17:10:31 ===
           ts_search:(5:<0.1868.0>) Dyn Var: no Match (varname=quiz_author), 

=INFO REPORT==== 6-Dec-2015::17:10:31 ===
           ts_search:(5:<0.1154.0>) Dyn Var: no Match (varname=quiz_author), 

=INFO REPORT==== 6-Dec-2015::17:10:31 ===
           ts_search:(5:<0.1333.0>) Dyn Var (RE): no Match (varname=authenticity_token), 

=INFO REPORT==== 6-Dec-2015::17:10:31 ===
           ts_search:(5:<0.1333.0>) Dyn Var (RE): no Match (varname=authenticity_token), 

=INFO REPORT==== 6-Dec-2015::17:10:31 ===
           ts_search:(5:<0.1703.0>) Dyn Var: no Match (varname=quiz_author), 

=INFO REPORT==== 6-Dec-2015::17:10:31 ===
           ts_search:(5:<0.503.0>) Dyn Var (RE): no Match (varname=created_quiz_id), 

=INFO REPORT==== 6-Dec-2015::17:10:31 ===
           ts_search:(5:<0.1333.0>) Dyn Var (RE): no Match (varname=authenticity_token), 

=INFO REPORT==== 6-Dec-2015::17:10:31 ===
           ts_search:(5:<0.1654.0>) Dyn Var: no Match (varname=quiz_author), 

=INFO REPORT==== 6-Dec-2015::17:10:31 ===
           ts_search:(5:<0.994.0>) Dyn Var: no Match (varname=quiz_author), 

=INFO REPORT==== 6-Dec-2015::17:10:31 ===
           ts_search:(5:<0.1333.0>) Dyn Var (RE): no Match (varname=authenticity_token), 

=INFO REPORT==== 6-Dec-2015::17:10:31 ===
           ts_search:(5:<0.1227.0>) Dyn Var: no Match (varname=quiz_author), 

=INFO REPORT==== 6-Dec-2015::17:10:32 ===
           ts_search:(5:<0.1577.0>) Dyn Var: no Match (varname=quiz_author), 

=INFO REPORT==== 6-Dec-2015::17:10:32 ===
           ts_search:(5:<0.1229.0>) Dyn Var (RE): no Match (varname=created_quiz_id), 

=INFO REPORT==== 6-Dec-2015::17:10:32 ===
           ts_search:(5:<0.1296.0>) Dyn Var (RE): no Match (varname=created_quiz_id), 

=INFO REPORT==== 6-Dec-2015::17:10:32 ===
           ts_search:(5:<0.1887.0>) Dyn Var: no Match (varname=quiz_author), 

=INFO REPORT==== 6-Dec-2015::17:10:32 ===
           ts_search:(5:<0.821.0>) Dyn Var: no Match (varname=quiz_author), 

=INFO REPORT==== 6-Dec-2015::17:10:32 ===
           ts_search:(5:<0.929.0>) Dyn Var: no Match (varname=quiz_author), 

=INFO REPORT==== 6-Dec-2015::17:10:32 ===
           ts_search:(5:<0.1154.0>) Dyn Var (RE): no Match (varname=created_quiz_id), 

=INFO REPORT==== 6-Dec-2015::17:10:32 ===
           ts_search:(5:<0.1814.0>) Dyn Var (RE): no Match (varname=created_quiz_id), 

=INFO REPORT==== 6-Dec-2015::17:10:33 ===
           ts_search:(5:<0.1769.0>) Dyn Var: no Match (varname=quiz_author), 

=INFO REPORT==== 6-Dec-2015::17:10:33 ===
           ts_search:(5:<0.1616.0>) Dyn Var (RE): no Match (varname=created_quiz_id), 

=INFO REPORT==== 6-Dec-2015::17:10:33 ===
           ts_search:(5:<0.985.0>) Dyn Var: no Match (varname=quiz_author), 

=INFO REPORT==== 6-Dec-2015::17:10:33 ===
           ts_search:(5:<0.464.0>) Dyn Var (RE): no Match (varname=created_quiz_id), 

=INFO REPORT==== 6-Dec-2015::17:10:33 ===
           ts_search:(5:<0.1259.0>) Dyn Var: no Match (varname=quiz_author), 

=INFO REPORT==== 6-Dec-2015::17:10:33 ===
           ts_search:(5:<0.1572.0>) Dyn Var: no Match (varname=quiz_author), 

=INFO REPORT==== 6-Dec-2015::17:10:33 ===
           ts_search:(5:<0.2012.0>) Dyn Var: no Match (varname=quiz_author), 

=INFO REPORT==== 6-Dec-2015::17:10:34 ===
           ts_search:(5:<0.943.0>) Dyn Var: no Match (varname=quiz_author), 

=INFO REPORT==== 6-Dec-2015::17:10:34 ===
           ts_search:(5:<0.2014.0>) Dyn Var (RE): no Match (varname=authenticity_token), 

=INFO REPORT==== 6-Dec-2015::17:10:34 ===
           ts_search:(5:<0.309.0>) Dyn Var (RE): no Match (varname=created_quiz_id), 

=INFO REPORT==== 6-Dec-2015::17:10:34 ===
           ts_search:(5:<0.1654.0>) Dyn Var (RE): no Match (varname=created_quiz_id), 

=INFO REPORT==== 6-Dec-2015::17:10:34 ===
           ts_search:(5:<0.1899.0>) Dyn Var: no Match (varname=quiz_author), 

=INFO REPORT==== 6-Dec-2015::17:10:34 ===
           ts_search:(5:<0.1810.0>) Dyn Var: no Match (varname=quiz_author), 

=INFO REPORT==== 6-Dec-2015::17:10:34 ===
           ts_search:(5:<0.631.0>) Dyn Var (RE): no Match (varname=created_quiz_id), 

=INFO REPORT==== 6-Dec-2015::17:10:34 ===
           ts_search:(5:<0.1667.0>) Dyn Var: no Match (varname=quiz_author), 

=INFO REPORT==== 6-Dec-2015::17:10:34 ===
           ts_search:(5:<0.1687.0>) Dyn Var: no Match (varname=quiz_author), 

=INFO REPORT==== 6-Dec-2015::17:10:34 ===
           ts_search:(5:<0.1342.0>) Dyn Var: no Match (varname=quiz_author), 

=INFO REPORT==== 6-Dec-2015::17:10:34 ===
           ts_search:(5:<0.733.0>) Dyn Var (RE): no Match (varname=created_quiz_id), 

=INFO REPORT==== 6-Dec-2015::17:10:35 ===
           ts_search:(5:<0.1500.0>) Dyn Var: no Match (varname=quiz_author), 

=INFO REPORT==== 6-Dec-2015::17:10:35 ===
           ts_search:(5:<0.1678.0>) Dyn Var (RE): no Match (varname=created_quiz_id), 

=INFO REPORT==== 6-Dec-2015::17:10:35 ===
           ts_search:(5:<0.1805.0>) Dyn Var: no Match (varname=quiz_author), 

=INFO REPORT==== 6-Dec-2015::17:10:35 ===
           ts_search:(5:<0.1844.0>) Dyn Var (RE): no Match (varname=authenticity_token), 

=INFO REPORT==== 6-Dec-2015::17:10:35 ===
           ts_search:(5:<0.1844.0>) Dyn Var: no Match (varname=quiz_author), 

=INFO REPORT==== 6-Dec-2015::17:10:35 ===
           ts_search:(5:<0.1325.0>) Dyn Var (RE): no Match (varname=created_quiz_id), 

=INFO REPORT==== 6-Dec-2015::17:10:36 ===
           ts_search:(5:<0.1614.0>) Dyn Var (RE): no Match (varname=created_quiz_id), 

=INFO REPORT==== 6-Dec-2015::17:10:36 ===
           ts_search:(5:<0.1757.0>) Dyn Var: no Match (varname=quiz_author), 

=INFO REPORT==== 6-Dec-2015::17:10:36 ===
           ts_search:(5:<0.1667.0>) Dyn Var (RE): no Match (varname=created_quiz_id), 

=INFO REPORT==== 6-Dec-2015::17:10:36 ===
           ts_search:(5:<0.1956.0>) Dyn Var: no Match (varname=quiz_author), 

=INFO REPORT==== 6-Dec-2015::17:10:36 ===
           ts_search:(5:<0.1927.0>) Dyn Var: no Match (varname=quiz_author), 

=INFO REPORT==== 6-Dec-2015::17:10:36 ===
           ts_search:(5:<0.1248.0>) Dyn Var: no Match (varname=quiz_author), 

=INFO REPORT==== 6-Dec-2015::17:10:36 ===
           ts_search:(5:<0.1360.0>) Dyn Var: no Match (varname=quiz_author), 

=INFO REPORT==== 6-Dec-2015::17:10:37 ===
           ts_search:(5:<0.1703.0>) Dyn Var (RE): no Match (varname=created_quiz_id), 

=INFO REPORT==== 6-Dec-2015::17:10:37 ===
           ts_search:(5:<0.1327.0>) Dyn Var: no Match (varname=quiz_author), 

=INFO REPORT==== 6-Dec-2015::17:10:37 ===
           ts_search:(5:<0.1899.0>) Dyn Var (RE): no Match (varname=created_quiz_id), 

=INFO REPORT==== 6-Dec-2015::17:10:38 ===
           ts_search:(5:<0.1572.0>) Dyn Var (RE): no Match (varname=created_quiz_id), 

=INFO REPORT==== 6-Dec-2015::17:10:38 ===
           ts_search:(5:<0.452.0>) Dyn Var (RE): no Match (varname=created_quiz_id), 

=INFO REPORT==== 6-Dec-2015::17:10:38 ===
           ts_search:(5:<0.1612.0>) Dyn Var: no Match (varname=quiz_author), 

=INFO REPORT==== 6-Dec-2015::17:10:38 ===
           ts_search:(5:<0.1927.0>) Dyn Var (RE): no Match (varname=created_quiz_id), 

=INFO REPORT==== 6-Dec-2015::17:10:38 ===
           ts_search:(5:<0.1105.0>) Dyn Var (RE): no Match (varname=created_quiz_id), 

=INFO REPORT==== 6-Dec-2015::17:10:38 ===
           ts_search:(5:<0.1461.0>) Dyn Var: no Match (varname=quiz_author), 

=INFO REPORT==== 6-Dec-2015::17:10:38 ===
           ts_search:(5:<0.1426.0>) Dyn Var: no Match (varname=quiz_author), 

=INFO REPORT==== 6-Dec-2015::17:10:39 ===
           ts_search:(5:<0.1280.0>) Dyn Var: no Match (varname=quiz_author), 

=INFO REPORT==== 6-Dec-2015::17:10:39 ===
           ts_search:(5:<0.1776.0>) Dyn Var: no Match (varname=quiz_author), 

=INFO REPORT==== 6-Dec-2015::17:10:39 ===
           ts_search:(5:<0.1592.0>) Dyn Var: no Match (varname=quiz_author), 

=INFO REPORT==== 6-Dec-2015::17:10:39 ===
           ts_search:(5:<0.2006.0>) Dyn Var: no Match (varname=quiz_author), 

=INFO REPORT==== 6-Dec-2015::17:10:39 ===
           ts_search:(5:<0.1461.0>) Dyn Var (RE): no Match (varname=created_quiz_id), 

=INFO REPORT==== 6-Dec-2015::17:10:39 ===
           ts_search:(5:<0.1422.0>) Dyn Var (RE): no Match (varname=created_quiz_id), 

=INFO REPORT==== 6-Dec-2015::17:10:39 ===
           ts_search:(5:<0.1417.0>) Dyn Var: no Match (varname=quiz_author), 

=INFO REPORT==== 6-Dec-2015::17:10:39 ===
           ts_search:(5:<0.1723.0>) Dyn Var: no Match (varname=quiz_author), 

=INFO REPORT==== 6-Dec-2015::17:10:39 ===
           ts_search:(5:<0.1627.0>) Dyn Var: no Match (varname=quiz_author), 

=INFO REPORT==== 6-Dec-2015::17:10:40 ===
           ts_search:(5:<0.1227.0>) Dyn Var (RE): no Match (varname=created_quiz_id), 

=INFO REPORT==== 6-Dec-2015::17:10:40 ===
           ts_search:(5:<0.678.0>) Dyn Var: no Match (varname=quiz_author), 

=INFO REPORT==== 6-Dec-2015::17:10:40 ===
           ts_search:(5:<0.1748.0>) Dyn Var: no Match (varname=quiz_author), 

=INFO REPORT==== 6-Dec-2015::17:10:40 ===
           ts_search:(5:<0.1251.0>) Dyn Var: no Match (varname=quiz_author), 

=INFO REPORT==== 6-Dec-2015::17:10:40 ===
           ts_search:(5:<0.985.0>) Dyn Var (RE): no Match (varname=created_quiz_id), 

=INFO REPORT==== 6-Dec-2015::17:10:40 ===
           ts_search:(5:<0.1716.0>) Dyn Var: no Match (varname=quiz_author), 

=INFO REPORT==== 6-Dec-2015::17:10:41 ===
           ts_search:(5:<0.1195.0>) Dyn Var (RE): no Match (varname=created_quiz_id), 

=INFO REPORT==== 6-Dec-2015::17:10:41 ===
           ts_search:(5:<0.1373.0>) Dyn Var: no Match (varname=quiz_author), 

=INFO REPORT==== 6-Dec-2015::17:10:41 ===
           ts_search:(5:<0.1512.0>) Dyn Var (RE): no Match (varname=created_quiz_id), 

=INFO REPORT==== 6-Dec-2015::17:10:41 ===
           ts_search:(5:<0.1318.0>) Dyn Var (RE): no Match (varname=created_quiz_id), 

=INFO REPORT==== 6-Dec-2015::17:10:42 ===
           ts_search:(5:<0.1064.0>) Dyn Var (RE): no Match (varname=created_quiz_id), 

=INFO REPORT==== 6-Dec-2015::17:10:42 ===
           ts_search:(5:<0.836.0>) Dyn Var (RE): no Match (varname=created_quiz_id), 

=INFO REPORT==== 6-Dec-2015::17:10:42 ===
           ts_search:(5:<0.1983.0>) Dyn Var: no Match (varname=quiz_author), 

=INFO REPORT==== 6-Dec-2015::17:10:42 ===
           ts_search:(5:<0.1967.0>) Dyn Var: no Match (varname=quiz_author), 

=INFO REPORT==== 6-Dec-2015::17:10:42 ===
           ts_search:(5:<0.1844.0>) Dyn Var (RE): no Match (varname=created_quiz_id), 

=INFO REPORT==== 6-Dec-2015::17:10:42 ===
           ts_search:(5:<0.1844.0>) Dyn Var (RE): no Match (varname=authenticity_token), 

=INFO REPORT==== 6-Dec-2015::17:10:42 ===
           ts_search:(5:<0.1844.0>) Dyn Var (RE): no Match (varname=authenticity_token), 

=INFO REPORT==== 6-Dec-2015::17:10:42 ===
           ts_search:(5:<0.1844.0>) Dyn Var (RE): no Match (varname=authenticity_token), 

=INFO REPORT==== 6-Dec-2015::17:10:42 ===
           ts_search:(5:<0.1776.0>) Dyn Var (RE): no Match (varname=created_quiz_id), 

=INFO REPORT==== 6-Dec-2015::17:10:42 ===
           ts_search:(5:<0.1844.0>) Dyn Var (RE): no Match (varname=authenticity_token), 

=INFO REPORT==== 6-Dec-2015::17:10:42 ===
           ts_search:(5:<0.1844.0>) Dyn Var (RE): no Match (varname=authenticity_token), 

=INFO REPORT==== 6-Dec-2015::17:10:42 ===
           ts_search:(5:<0.1844.0>) Dyn Var (RE): no Match (varname=authenticity_token), 

=INFO REPORT==== 6-Dec-2015::17:10:42 ===
           ts_search:(5:<0.1844.0>) Dyn Var (RE): no Match (varname=authenticity_token), 

=INFO REPORT==== 6-Dec-2015::17:10:42 ===
           ts_search:(5:<0.1757.0>) Dyn Var (RE): no Match (varname=created_quiz_id), 

=INFO REPORT==== 6-Dec-2015::17:10:42 ===
           ts_search:(5:<0.1844.0>) Dyn Var (RE): no Match (varname=authenticity_token), 

=INFO REPORT==== 6-Dec-2015::17:10:42 ===
           ts_search:(5:<0.1321.0>) Dyn Var: no Match (varname=quiz_author), 

=INFO REPORT==== 6-Dec-2015::17:10:42 ===
           ts_search:(5:<0.1280.0>) Dyn Var (RE): no Match (varname=created_quiz_id), 

=INFO REPORT==== 6-Dec-2015::17:10:42 ===
           ts_search:(5:<0.1956.0>) Dyn Var (RE): no Match (varname=created_quiz_id), 

=INFO REPORT==== 6-Dec-2015::17:10:43 ===
           ts_search:(5:<0.1815.0>) Dyn Var: no Match (varname=quiz_author), 

=INFO REPORT==== 6-Dec-2015::17:10:43 ===
           ts_search:(5:<0.991.0>) Dyn Var (RE): no Match (varname=created_quiz_id), 

=INFO REPORT==== 6-Dec-2015::17:10:43 ===
           ts_search:(5:<0.2023.0>) Dyn Var: no Match (varname=quiz_author), 

=INFO REPORT==== 6-Dec-2015::17:10:43 ===
           ts_search:(5:<0.1771.0>) Dyn Var: no Match (varname=quiz_author), 

=INFO REPORT==== 6-Dec-2015::17:10:43 ===
           ts_search:(5:<0.1114.0>) Dyn Var: no Match (varname=quiz_author), 

=INFO REPORT==== 6-Dec-2015::17:10:43 ===
           ts_search:(5:<0.678.0>) Dyn Var (RE): no Match (varname=created_quiz_id), 

=INFO REPORT==== 6-Dec-2015::17:10:43 ===
           ts_search:(5:<0.1373.0>) Dyn Var (RE): no Match (varname=created_quiz_id), 

=INFO REPORT==== 6-Dec-2015::17:10:43 ===
           ts_search:(5:<0.994.0>) Dyn Var (RE): no Match (varname=created_quiz_id), 

=INFO REPORT==== 6-Dec-2015::17:10:43 ===
           ts_search:(5:<0.964.0>) Dyn Var (RE): no Match (varname=created_quiz_id), 

=INFO REPORT==== 6-Dec-2015::17:10:43 ===
           ts_search:(5:<0.2033.0>) Dyn Var: no Match (varname=quiz_author), 

=INFO REPORT==== 6-Dec-2015::17:10:43 ===
           ts_search:(5:<0.1798.0>) Dyn Var: no Match (varname=quiz_author), 

=INFO REPORT==== 6-Dec-2015::17:10:43 ===
           ts_search:(5:<0.1921.0>) Dyn Var: no Match (varname=quiz_author), 

=INFO REPORT==== 6-Dec-2015::17:10:43 ===
           ts_search:(5:<0.2065.0>) Dyn Var: no Match (varname=quiz_author), 

=INFO REPORT==== 6-Dec-2015::17:10:44 ===
           ts_search:(5:<0.982.0>) Dyn Var (RE): no Match (varname=created_quiz_id), 

=INFO REPORT==== 6-Dec-2015::17:10:44 ===
           ts_search:(5:<0.943.0>) Dyn Var (RE): no Match (varname=created_quiz_id), 

=INFO REPORT==== 6-Dec-2015::17:10:44 ===
           ts_search:(5:<0.1173.0>) Dyn Var (RE): no Match (varname=created_quiz_id), 

=INFO REPORT==== 6-Dec-2015::17:10:44 ===
           ts_search:(5:<0.1922.0>) Dyn Var: no Match (varname=quiz_author), 

=INFO REPORT==== 6-Dec-2015::17:10:44 ===
           ts_search:(5:<0.821.0>) Dyn Var (RE): no Match (varname=created_quiz_id), 

=INFO REPORT==== 6-Dec-2015::17:10:44 ===
           ts_search:(5:<0.1868.0>) Dyn Var (RE): no Match (varname=created_quiz_id), 

=INFO REPORT==== 6-Dec-2015::17:10:44 ===
           ts_search:(5:<0.1558.0>) Dyn Var (RE): no Match (varname=created_quiz_id), 

=INFO REPORT==== 6-Dec-2015::17:10:44 ===
           ts_search:(5:<0.2012.0>) Dyn Var (RE): no Match (varname=created_quiz_id), 

=INFO REPORT==== 6-Dec-2015::17:10:44 ===
           ts_search:(5:<0.912.0>) Dyn Var (RE): no Match (varname=created_quiz_id), 

=INFO REPORT==== 6-Dec-2015::17:10:44 ===
           ts_search:(5:<0.823.0>) Dyn Var: no Match (varname=quiz_author), 

=INFO REPORT==== 6-Dec-2015::17:10:44 ===
           ts_search:(5:<0.1106.0>) Dyn Var (RE): no Match (varname=created_quiz_id), 

=INFO REPORT==== 6-Dec-2015::17:10:45 ===
           ts_search:(5:<0.2078.0>) Dyn Var: no Match (varname=quiz_author), 

=INFO REPORT==== 6-Dec-2015::17:10:45 ===
           ts_search:(5:<0.2006.0>) Dyn Var (RE): no Match (varname=created_quiz_id), 

=INFO REPORT==== 6-Dec-2015::17:10:45 ===
           ts_search:(5:<0.1418.0>) Dyn Var: no Match (varname=quiz_author), 

=INFO REPORT==== 6-Dec-2015::17:10:46 ===
           ts_search:(5:<0.1342.0>) Dyn Var (RE): no Match (varname=created_quiz_id), 

=INFO REPORT==== 6-Dec-2015::17:10:46 ===
           ts_search:(5:<0.1985.0>) Dyn Var: no Match (varname=quiz_author), 

=INFO REPORT==== 6-Dec-2015::17:10:46 ===
           ts_search:(5:<0.1017.0>) Dyn Var: no Match (varname=quiz_author), 

=INFO REPORT==== 6-Dec-2015::17:10:46 ===
           ts_search:(5:<0.1810.0>) Dyn Var (RE): no Match (varname=created_quiz_id), 

=INFO REPORT==== 6-Dec-2015::17:10:47 ===
           ts_search:(5:<0.2018.0>) Dyn Var: no Match (varname=quiz_author), 

=INFO REPORT==== 6-Dec-2015::17:10:47 ===
           ts_search:(5:<0.1269.0>) Dyn Var: no Match (varname=quiz_author), 

=INFO REPORT==== 6-Dec-2015::17:10:47 ===
           ts_search:(5:<0.1612.0>) Dyn Var (RE): no Match (varname=created_quiz_id), 

=INFO REPORT==== 6-Dec-2015::17:10:47 ===
           ts_search:(5:<0.1169.0>) Dyn Var (RE): no Match (varname=created_quiz_id), 

=INFO REPORT==== 6-Dec-2015::17:10:47 ===
           ts_search:(5:<0.1288.0>) Dyn Var (RE): no Match (varname=created_quiz_id), 

=INFO REPORT==== 6-Dec-2015::17:10:47 ===
           ts_search:(5:<0.1921.0>) Dyn Var (RE): no Match (varname=created_quiz_id), 

=INFO REPORT==== 6-Dec-2015::17:10:47 ===
           ts_search:(5:<0.1334.0>) Dyn Var (RE): no Match (varname=created_quiz_id), 

=INFO REPORT==== 6-Dec-2015::17:10:48 ===
           ts_search:(5:<0.1617.0>) Dyn Var: no Match (varname=quiz_author), 

=INFO REPORT==== 6-Dec-2015::17:10:48 ===
           ts_search:(5:<0.2081.0>) Dyn Var: no Match (varname=quiz_author), 

=INFO REPORT==== 6-Dec-2015::17:10:48 ===
           ts_search:(5:<0.2047.0>) Dyn Var: no Match (varname=quiz_author), 

=INFO REPORT==== 6-Dec-2015::17:10:48 ===
           ts_search:(5:<0.1812.0>) Dyn Var (RE): no Match (varname=created_quiz_id), 

=INFO REPORT==== 6-Dec-2015::17:10:48 ===
           ts_search:(5:<0.1550.0>) Dyn Var: no Match (varname=quiz_author), 

=INFO REPORT==== 6-Dec-2015::17:10:49 ===
           ts_search:(5:<0.1453.0>) Dyn Var (RE): no Match (varname=created_quiz_id), 

=INFO REPORT==== 6-Dec-2015::17:10:49 ===
           ts_search:(5:<0.1592.0>) Dyn Var (RE): no Match (varname=created_quiz_id), 

=INFO REPORT==== 6-Dec-2015::17:10:49 ===
           ts_search:(5:<0.1437.0>) Dyn Var (RE): no Match (varname=created_quiz_id), 

=INFO REPORT==== 6-Dec-2015::17:10:50 ===
           ts_search:(5:<0.1926.0>) Dyn Var: no Match (varname=quiz_author), 

=INFO REPORT==== 6-Dec-2015::17:10:50 ===
           ts_search:(5:<0.1769.0>) Dyn Var (RE): no Match (varname=created_quiz_id), 

=INFO REPORT==== 6-Dec-2015::17:10:50 ===
           ts_search:(5:<0.1655.0>) Dyn Var: no Match (varname=quiz_author), 

=INFO REPORT==== 6-Dec-2015::17:10:50 ===
           ts_search:(5:<0.2057.0>) Dyn Var: no Match (varname=quiz_author), 

=INFO REPORT==== 6-Dec-2015::17:10:50 ===
           ts_search:(5:<0.1321.0>) Dyn Var (RE): no Match (varname=created_quiz_id), 

=INFO REPORT==== 6-Dec-2015::17:10:51 ===
           ts_search:(5:<0.719.0>) Dyn Var (RE): no Match (varname=created_quiz_id), 

=INFO REPORT==== 6-Dec-2015::17:10:51 ===
           ts_search:(5:<0.1653.0>) Dyn Var (RE): no Match (varname=created_quiz_id), 

=INFO REPORT==== 6-Dec-2015::17:10:51 ===
           ts_search:(5:<0.1959.0>) Dyn Var: no Match (varname=quiz_author), 

=INFO REPORT==== 6-Dec-2015::17:10:51 ===
           ts_search:(5:<0.1418.0>) Dyn Var (RE): no Match (varname=created_quiz_id), 

=INFO REPORT==== 6-Dec-2015::17:10:51 ===
           ts_search:(5:<0.1957.0>) Dyn Var: no Match (varname=quiz_author), 

=INFO REPORT==== 6-Dec-2015::17:10:51 ===
           ts_search:(5:<0.1855.0>) Dyn Var: no Match (varname=quiz_author), 

=INFO REPORT==== 6-Dec-2015::17:10:51 ===
           ts_search:(5:<0.1717.0>) Dyn Var: no Match (varname=quiz_author), 

=INFO REPORT==== 6-Dec-2015::17:10:51 ===
           ts_search:(5:<0.1764.0>) Dyn Var (RE): no Match (varname=created_quiz_id), 

=INFO REPORT==== 6-Dec-2015::17:10:51 ===
           ts_search:(5:<0.954.0>) Dyn Var (RE): no Match (varname=created_quiz_id), 

=INFO REPORT==== 6-Dec-2015::17:10:51 ===
           ts_search:(5:<0.823.0>) Dyn Var (RE): no Match (varname=created_quiz_id), 

=INFO REPORT==== 6-Dec-2015::17:10:52 ===
           ts_search:(5:<0.1426.0>) Dyn Var (RE): no Match (varname=created_quiz_id), 

=INFO REPORT==== 6-Dec-2015::17:10:52 ===
           ts_search:(5:<0.1808.0>) Dyn Var: no Match (varname=quiz_author), 

=INFO REPORT==== 6-Dec-2015::17:10:52 ===
           ts_search:(5:<0.1360.0>) Dyn Var (RE): no Match (varname=created_quiz_id), 

=INFO REPORT==== 6-Dec-2015::17:10:52 ===
           ts_search:(5:<0.2084.0>) Dyn Var: no Match (varname=quiz_author), 

=INFO REPORT==== 6-Dec-2015::17:10:53 ===
           ts_search:(5:<0.1371.0>) Dyn Var: no Match (varname=quiz_author), 

=INFO REPORT==== 6-Dec-2015::17:10:53 ===
           ts_search:(5:<0.2023.0>) Dyn Var (RE): no Match (varname=created_quiz_id), 

=INFO REPORT==== 6-Dec-2015::17:10:53 ===
           ts_search:(5:<0.1928.0>) Dyn Var: no Match (varname=quiz_author), 

=INFO REPORT==== 6-Dec-2015::17:10:53 ===
           ts_search:(5:<0.1752.0>) Dyn Var: no Match (varname=quiz_author), 

=INFO REPORT==== 6-Dec-2015::17:10:53 ===
           ts_search:(5:<0.2001.0>) Dyn Var: no Match (varname=quiz_author), 

=INFO REPORT==== 6-Dec-2015::17:10:54 ===
           ts_search:(5:<0.1270.0>) Dyn Var: no Match (varname=quiz_author), 

=INFO REPORT==== 6-Dec-2015::17:10:54 ===
           ts_search:(5:<0.1945.0>) Dyn Var: no Match (varname=quiz_author), 

=INFO REPORT==== 6-Dec-2015::17:10:54 ===
           ts_search:(5:<0.1270.0>) Dyn Var (RE): no Match (varname=created_quiz_id), 

=INFO REPORT==== 6-Dec-2015::17:10:54 ===
           ts_search:(5:<0.625.0>) Dyn Var (RE): no Match (varname=created_quiz_id), 

=INFO REPORT==== 6-Dec-2015::17:10:54 ===
           ts_search:(5:<0.1931.0>) Dyn Var: no Match (varname=quiz_author), 

=INFO REPORT==== 6-Dec-2015::17:10:54 ===
           ts_search:(5:<0.1687.0>) Dyn Var (RE): no Match (varname=created_quiz_id), 

=INFO REPORT==== 6-Dec-2015::17:10:54 ===
           ts_search:(5:<0.1820.0>) Dyn Var: no Match (varname=quiz_author), 

=INFO REPORT==== 6-Dec-2015::17:10:55 ===
           ts_search:(5:<0.933.0>) Dyn Var (RE): no Match (varname=created_quiz_id), 

=INFO REPORT==== 6-Dec-2015::17:10:55 ===
           ts_search:(5:<0.1018.0>) Dyn Var (RE): no Match (varname=created_quiz_id), 

=INFO REPORT==== 6-Dec-2015::17:10:55 ===
           ts_search:(5:<0.1617.0>) Dyn Var (RE): no Match (varname=created_quiz_id), 

=INFO REPORT==== 6-Dec-2015::17:10:55 ===
           ts_search:(5:<0.1748.0>) Dyn Var (RE): no Match (varname=created_quiz_id), 

=INFO REPORT==== 6-Dec-2015::17:10:55 ===
           ts_search:(5:<0.2038.0>) Dyn Var: no Match (varname=quiz_author), 

=INFO REPORT==== 6-Dec-2015::17:10:55 ===
           ts_search:(5:<0.2065.0>) Dyn Var (RE): no Match (varname=created_quiz_id), 

=INFO REPORT==== 6-Dec-2015::17:10:55 ===
           ts_search:(5:<0.1908.0>) Dyn Var: no Match (varname=quiz_author), 

=INFO REPORT==== 6-Dec-2015::17:10:55 ===
           ts_search:(5:<0.1586.0>) Dyn Var: no Match (varname=quiz_author), 

=INFO REPORT==== 6-Dec-2015::17:10:56 ===
           ts_search:(5:<0.1577.0>) Dyn Var (RE): no Match (varname=created_quiz_id), 

=INFO REPORT==== 6-Dec-2015::17:10:56 ===
           ts_search:(5:<0.1928.0>) Dyn Var (RE): no Match (varname=created_quiz_id), 

=INFO REPORT==== 6-Dec-2015::17:10:56 ===
           ts_search:(5:<0.1436.0>) Dyn Var (RE): no Match (varname=created_quiz_id), 

=INFO REPORT==== 6-Dec-2015::17:10:56 ===
           ts_search:(5:<0.1327.0>) Dyn Var (RE): no Match (varname=created_quiz_id), 

=INFO REPORT==== 6-Dec-2015::17:10:57 ===
           ts_search:(5:<0.1926.0>) Dyn Var (RE): no Match (varname=created_quiz_id), 

=INFO REPORT==== 6-Dec-2015::17:10:57 ===
           ts_search:(5:<0.1543.0>) Dyn Var: no Match (varname=quiz_author), 

=INFO REPORT==== 6-Dec-2015::17:10:57 ===
           ts_search:(5:<0.626.0>) Dyn Var (RE): no Match (varname=created_quiz_id), 

=INFO REPORT==== 6-Dec-2015::17:10:57 ===
           ts_search:(5:<0.2038.0>) Dyn Var (RE): no Match (varname=created_quiz_id), 

=INFO REPORT==== 6-Dec-2015::17:10:58 ===
           ts_search:(5:<0.1820.0>) Dyn Var (RE): no Match (varname=created_quiz_id), 

=INFO REPORT==== 6-Dec-2015::17:10:58 ===
           ts_search:(5:<0.1211.0>) Dyn Var (RE): no Match (varname=created_quiz_id), 

=INFO REPORT==== 6-Dec-2015::17:10:59 ===
           ts_search:(5:<0.1420.0>) Dyn Var (RE): no Match (varname=created_quiz_id), 

=INFO REPORT==== 6-Dec-2015::17:10:59 ===
           ts_search:(5:<0.1984.0>) Dyn Var: no Match (varname=quiz_author), 

=INFO REPORT==== 6-Dec-2015::17:10:59 ===
           ts_search:(5:<0.1908.0>) Dyn Var (RE): no Match (varname=created_quiz_id), 

=INFO REPORT==== 6-Dec-2015::17:10:59 ===
           ts_search:(5:<0.1647.0>) Dyn Var (RE): no Match (varname=created_quiz_id), 

=INFO REPORT==== 6-Dec-2015::17:10:59 ===
           ts_search:(5:<0.1424.0>) Dyn Var: no Match (varname=quiz_author), 

=INFO REPORT==== 6-Dec-2015::17:10:59 ===
           ts_search:(5:<0.1922.0>) Dyn Var (RE): no Match (varname=created_quiz_id), 

=INFO REPORT==== 6-Dec-2015::17:10:59 ===
           ts_search:(5:<0.1773.0>) Dyn Var (RE): no Match (varname=created_quiz_id), 

=INFO REPORT==== 6-Dec-2015::17:11:00 ===
           ts_search:(5:<0.845.0>) Dyn Var (RE): no Match (varname=created_quiz_id), 

=INFO REPORT==== 6-Dec-2015::17:11:00 ===
           ts_search:(5:<0.1957.0>) Dyn Var (RE): no Match (varname=created_quiz_id), 

=INFO REPORT==== 6-Dec-2015::17:11:00 ===
           ts_search:(5:<0.1500.0>) Dyn Var (RE): no Match (varname=created_quiz_id), 

=INFO REPORT==== 6-Dec-2015::17:11:00 ===
           ts_search:(5:<0.1185.0>) Dyn Var (RE): no Match (varname=created_quiz_id), 

=INFO REPORT==== 6-Dec-2015::17:11:00 ===
           ts_search:(5:<0.1627.0>) Dyn Var (RE): no Match (varname=created_quiz_id), 

=INFO REPORT==== 6-Dec-2015::17:11:00 ===
           ts_search:(5:<0.1017.0>) Dyn Var (RE): no Match (varname=created_quiz_id), 

=INFO REPORT==== 6-Dec-2015::17:11:00 ===
           ts_search:(5:<0.1823.0>) Dyn Var: no Match (varname=quiz_author), 

=INFO REPORT==== 6-Dec-2015::17:11:00 ===
           ts_search:(5:<0.1753.0>) Dyn Var: no Match (varname=quiz_author), 

=INFO REPORT==== 6-Dec-2015::17:11:00 ===
           ts_search:(5:<0.1967.0>) Dyn Var (RE): no Match (varname=created_quiz_id), 

=INFO REPORT==== 6-Dec-2015::17:11:01 ===
           ts_search:(5:<0.1424.0>) Dyn Var (RE): no Match (varname=created_quiz_id), 

=INFO REPORT==== 6-Dec-2015::17:11:01 ===
           ts_search:(5:<0.1984.0>) Dyn Var (RE): no Match (varname=created_quiz_id), 

=INFO REPORT==== 6-Dec-2015::17:11:02 ===
           ts_search:(5:<0.1515.0>) Dyn Var (RE): no Match (varname=created_quiz_id), 

=INFO REPORT==== 6-Dec-2015::17:11:02 ===
           ts_search:(5:<0.1887.0>) Dyn Var (RE): no Match (varname=created_quiz_id), 

=INFO REPORT==== 6-Dec-2015::17:11:03 ===
           ts_search:(5:<0.804.0>) Dyn Var (RE): no Match (varname=created_quiz_id), 

=INFO REPORT==== 6-Dec-2015::17:11:03 ===
           ts_search:(5:<0.1586.0>) Dyn Var (RE): no Match (varname=created_quiz_id), 

=INFO REPORT==== 6-Dec-2015::17:11:03 ===
           ts_search:(5:<0.1194.0>) Dyn Var: no Match (varname=quiz_author), 

=INFO REPORT==== 6-Dec-2015::17:11:04 ===
           ts_search:(5:<0.1959.0>) Dyn Var (RE): no Match (varname=created_quiz_id), 

=INFO REPORT==== 6-Dec-2015::17:11:04 ===
           ts_search:(5:<0.1771.0>) Dyn Var (RE): no Match (varname=created_quiz_id), 

=INFO REPORT==== 6-Dec-2015::17:11:04 ===
           ts_search:(5:<0.1920.0>) Dyn Var: no Match (varname=quiz_author), 

=INFO REPORT==== 6-Dec-2015::17:11:04 ===
           ts_search:(5:<0.1655.0>) Dyn Var (RE): no Match (varname=created_quiz_id), 

=INFO REPORT==== 6-Dec-2015::17:11:04 ===
           ts_search:(5:<0.1251.0>) Dyn Var (RE): no Match (varname=created_quiz_id), 

=INFO REPORT==== 6-Dec-2015::17:11:05 ===
           ts_search:(5:<0.1945.0>) Dyn Var (RE): no Match (varname=created_quiz_id), 

=INFO REPORT==== 6-Dec-2015::17:11:06 ===
           ts_search:(5:<0.1259.0>) Dyn Var (RE): no Match (varname=created_quiz_id), 

=INFO REPORT==== 6-Dec-2015::17:11:06 ===
           ts_search:(5:<0.1752.0>) Dyn Var (RE): no Match (varname=created_quiz_id), 

=INFO REPORT==== 6-Dec-2015::17:11:07 ===
           ts_search:(5:<0.1371.0>) Dyn Var (RE): no Match (varname=created_quiz_id), 

=INFO REPORT==== 6-Dec-2015::17:11:07 ===
           ts_search:(5:<0.799.0>) Dyn Var (RE): no Match (varname=created_quiz_id), 

=INFO REPORT==== 6-Dec-2015::17:11:07 ===
           ts_search:(5:<0.1543.0>) Dyn Var (RE): no Match (varname=created_quiz_id), 

=INFO REPORT==== 6-Dec-2015::17:11:07 ===
           ts_search:(5:<0.2057.0>) Dyn Var (RE): no Match (varname=created_quiz_id), 

=INFO REPORT==== 6-Dec-2015::17:11:07 ===
           ts_search:(5:<0.1808.0>) Dyn Var (RE): no Match (varname=created_quiz_id), 

=INFO REPORT==== 6-Dec-2015::17:11:08 ===
           ts_search:(5:<0.1269.0>) Dyn Var (RE): no Match (varname=created_quiz_id), 

=INFO REPORT==== 6-Dec-2015::17:11:08 ===
           ts_search:(5:<0.1815.0>) Dyn Var (RE): no Match (varname=created_quiz_id), 

=INFO REPORT==== 6-Dec-2015::17:11:09 ===
           ts_search:(5:<0.1194.0>) Dyn Var (RE): no Match (varname=created_quiz_id), 

=INFO REPORT==== 6-Dec-2015::17:11:09 ===
           ts_search:(5:<0.1717.0>) Dyn Var (RE): no Match (varname=created_quiz_id), 

=INFO REPORT==== 6-Dec-2015::17:11:09 ===
           ts_search:(5:<0.1798.0>) Dyn Var (RE): no Match (varname=created_quiz_id), 

=INFO REPORT==== 6-Dec-2015::17:11:10 ===
           ts_search:(5:<0.1538.0>) Dyn Var (RE): no Match (varname=created_quiz_id), 

=INFO REPORT==== 6-Dec-2015::17:11:10 ===
           ts_search:(5:<0.1716.0>) Dyn Var (RE): no Match (varname=created_quiz_id), 

=INFO REPORT==== 6-Dec-2015::17:11:10 ===
           ts_search:(5:<0.867.0>) Dyn Var (RE): no Match (varname=created_quiz_id), 

=INFO REPORT==== 6-Dec-2015::17:11:11 ===
           ts_search:(5:<0.2084.0>) Dyn Var (RE): no Match (varname=created_quiz_id), 

=INFO REPORT==== 6-Dec-2015::17:11:12 ===
           ts_search:(5:<0.2001.0>) Dyn Var (RE): no Match (varname=created_quiz_id), 

=INFO REPORT==== 6-Dec-2015::17:11:12 ===
           ts_search:(5:<0.1550.0>) Dyn Var (RE): no Match (varname=created_quiz_id), 

=INFO REPORT==== 6-Dec-2015::17:11:12 ===
           ts_search:(5:<0.1058.0>) Dyn Var: no Match (varname=quiz_author), 

=INFO REPORT==== 6-Dec-2015::17:11:12 ===
           ts_search:(5:<0.1910.0>) Dyn Var: no Match (varname=quiz_author), 

=INFO REPORT==== 6-Dec-2015::17:11:13 ===
           ts_search:(5:<0.1179.0>) Dyn Var (RE): no Match (varname=created_quiz_id), 

=INFO REPORT==== 6-Dec-2015::17:11:14 ===
           ts_search:(5:<0.1805.0>) Dyn Var (RE): no Match (varname=created_quiz_id), 

=INFO REPORT==== 6-Dec-2015::17:11:14 ===
           ts_search:(5:<0.1613.0>) Dyn Var (RE): no Match (varname=created_quiz_id), 

=INFO REPORT==== 6-Dec-2015::17:11:15 ===
           ts_search:(5:<0.2060.0>) Dyn Var: no Match (varname=quiz_author), 

=INFO REPORT==== 6-Dec-2015::17:11:16 ===
           ts_search:(5:<0.1910.0>) Dyn Var (RE): no Match (varname=created_quiz_id), 

=INFO REPORT==== 6-Dec-2015::17:11:16 ===
           ts_search:(5:<0.2047.0>) Dyn Var (RE): no Match (varname=created_quiz_id), 

=INFO REPORT==== 6-Dec-2015::17:11:16 ===
           ts_search:(5:<0.2060.0>) Dyn Var (RE): no Match (varname=created_quiz_id), 

=INFO REPORT==== 6-Dec-2015::17:11:18 ===
           ts_search:(5:<0.2019.0>) Dyn Var: no Match (varname=quiz_author), 

=INFO REPORT==== 6-Dec-2015::17:11:18 ===
           ts_search:(5:<0.1978.0>) Dyn Var: no Match (varname=quiz_author), 

=INFO REPORT==== 6-Dec-2015::17:11:19 ===
           ts_search:(5:<0.1983.0>) Dyn Var (RE): no Match (varname=created_quiz_id), 

=INFO REPORT==== 6-Dec-2015::17:11:20 ===
           ts_search:(5:<0.1723.0>) Dyn Var (RE): no Match (varname=created_quiz_id), 

=INFO REPORT==== 6-Dec-2015::17:11:20 ===
           ts_search:(5:<0.1058.0>) Dyn Var (RE): no Match (varname=created_quiz_id), 

=INFO REPORT==== 6-Dec-2015::17:11:21 ===
           ts_search:(5:<0.1780.0>) Dyn Var: no Match (varname=quiz_author), 

=INFO REPORT==== 6-Dec-2015::17:11:21 ===
           ts_search:(5:<0.2033.0>) Dyn Var (RE): no Match (varname=created_quiz_id), 

=INFO REPORT==== 6-Dec-2015::17:11:23 ===
           ts_search:(5:<0.2018.0>) Dyn Var (RE): no Match (varname=created_quiz_id), 

=INFO REPORT==== 6-Dec-2015::17:11:23 ===
           ts_search:(5:<0.898.0>) Dyn Var (RE): no Match (varname=created_quiz_id), 

=INFO REPORT==== 6-Dec-2015::17:11:25 ===
           ts_search:(5:<0.1823.0>) Dyn Var (RE): no Match (varname=created_quiz_id), 

=INFO REPORT==== 6-Dec-2015::17:11:25 ===
           ts_search:(5:<0.2078.0>) Dyn Var (RE): no Match (varname=created_quiz_id), 

=INFO REPORT==== 6-Dec-2015::17:11:26 ===
           ts_search:(5:<0.1940.0>) Dyn Var: no Match (varname=quiz_author), 

=INFO REPORT==== 6-Dec-2015::17:11:27 ===
           ts_search:(5:<0.1248.0>) Dyn Var (RE): no Match (varname=created_quiz_id), 

=INFO REPORT==== 6-Dec-2015::17:11:27 ===
           ts_search:(5:<0.1985.0>) Dyn Var (RE): no Match (varname=created_quiz_id), 

=INFO REPORT==== 6-Dec-2015::17:11:27 ===
           ts_search:(5:<0.1940.0>) Dyn Var (RE): no Match (varname=created_quiz_id), 

=INFO REPORT==== 6-Dec-2015::17:11:29 ===
           ts_search:(5:<0.929.0>) Dyn Var (RE): no Match (varname=created_quiz_id), 

=INFO REPORT==== 6-Dec-2015::17:11:31 ===
           ts_search:(5:<0.1920.0>) Dyn Var (RE): no Match (varname=created_quiz_id), 

=INFO REPORT==== 6-Dec-2015::17:11:35 ===
           ts_search:(5:<0.1931.0>) Dyn Var (RE): no Match (varname=created_quiz_id), 

=INFO REPORT==== 6-Dec-2015::17:11:36 ===
           ts_search:(5:<0.1732.0>) Dyn Var: no Match (varname=quiz_author), 

=INFO REPORT==== 6-Dec-2015::17:11:41 ===
           ts_search:(5:<0.1855.0>) Dyn Var (RE): no Match (varname=created_quiz_id), 

=INFO REPORT==== 6-Dec-2015::17:11:41 ===
           ts_search:(5:<0.1417.0>) Dyn Var (RE): no Match (varname=created_quiz_id), 

=INFO REPORT==== 6-Dec-2015::17:11:42 ===
           ts_search:(5:<0.2081.0>) Dyn Var (RE): no Match (varname=created_quiz_id), 

=INFO REPORT==== 6-Dec-2015::17:11:42 ===
           ts_search:(5:<0.2046.0>) Dyn Var: no Match (varname=quiz_author), 

=INFO REPORT==== 6-Dec-2015::17:11:43 ===
           ts_search:(5:<0.459.0>) Dyn Var (RE): no Match (varname=created_quiz_id), 

=INFO REPORT==== 6-Dec-2015::17:11:44 ===
           ts_search:(5:<0.2019.0>) Dyn Var (RE): no Match (varname=created_quiz_id), 

=INFO REPORT==== 6-Dec-2015::17:11:44 ===
           ts_search:(5:<0.1978.0>) Dyn Var (RE): no Match (varname=created_quiz_id), 

=INFO REPORT==== 6-Dec-2015::17:11:45 ===
           ts_search:(5:<0.1167.0>) Dyn Var (RE): no Match (varname=created_quiz_id), 

=INFO REPORT==== 6-Dec-2015::17:12:01 ===
           ts_search:(5:<0.2046.0>) Dyn Var (RE): no Match (varname=created_quiz_id), 

=INFO REPORT==== 6-Dec-2015::17:12:04 ===
           ts_search:(5:<0.1114.0>) Dyn Var (RE): no Match (varname=created_quiz_id), 

=INFO REPORT==== 6-Dec-2015::17:12:05 ===
           ts_search:(5:<0.1780.0>) Dyn Var (RE): no Match (varname=created_quiz_id), 

=INFO REPORT==== 6-Dec-2015::17:12:14 ===
           ts_search:(5:<0.1753.0>) Dyn Var (RE): no Match (varname=created_quiz_id), 

=INFO REPORT==== 6-Dec-2015::17:12:18 ===
           ts_search:(5:<0.1254.0>) Dyn Var (RE): no Match (varname=created_quiz_id), 

=INFO REPORT==== 6-Dec-2015::17:12:31 ===
           ts_search:(5:<0.1732.0>) Dyn Var (RE): no Match (varname=created_quiz_id), 

=INFO REPORT==== 6-Dec-2015::17:13:00 ===
     ts_launcher_mgr:(5:<0.123.0>) No more active users 'tsung_controller@ip-172-30-3-52' "6547"
