[20/Nov/2015:01:16:16 -0000] access to /favicon.ico failed for 0:0:0:0:0:FFFF:806F:2B9D, reason: 
"httpd_file: Can't access /home/ec2-user/.tsung/log/20151120-0115/favicon.ico: File not found"
[20/Nov/2015:01:16:17 -0000] access to /assets/ico/favicon.ico failed for 0:0:0:0:0:FFFF:806F:2B9D, reason: 
"httpd_file: Can't access /home/ec2-user/.tsung/log/20151120-0115/assets/ico/favicon.ico: File not found"
[20/Nov/2015:01:23:23 -0000] access to /favicon.ico failed for 0:0:0:0:0:FFFF:806F:2B9D, reason: 
"httpd_file: Can't access /home/ec2-user/.tsung/log/20151120-0115/favicon.ico: File not found"
[20/Nov/2015:01:23:27 -0000] access to /es/images/graphes-Transactions-mean_tn.png failed for 0:0:0:0:0:FFFF:806F:2B9D, reason: 
"mod_esi: Client not authorized to evaluate: images/graphes-Transactions-mean_tn.png"
[20/Nov/2015:01:23:27 -0000] access to /es/images/graphes-Perfs-mean_tn.png failed for 0:0:0:0:0:FFFF:806F:2B9D, reason: 
"mod_esi: Client not authorized to evaluate: images/graphes-Perfs-mean_tn.png"
[20/Nov/2015:01:23:27 -0000] access to /es/images/graphes-Transactions-rate_tn.png failed for 0:0:0:0:0:FFFF:806F:2B9D, reason: 
"mod_esi: Client not authorized to evaluate: images/graphes-Transactions-rate_tn.png"
[20/Nov/2015:01:23:27 -0000] access to /es/images/graphes-Perfs-rate_tn.png failed for 0:0:0:0:0:FFFF:806F:2B9D, reason: 
"mod_esi: Client not authorized to evaluate: images/graphes-Perfs-rate_tn.png"
[20/Nov/2015:01:23:27 -0000] access to /es/images/graphes-Size-rate_tn.png failed for 0:0:0:0:0:FFFF:806F:2B9D, reason: 
"mod_esi: Client not authorized to evaluate: images/graphes-Size-rate_tn.png"
[20/Nov/2015:01:23:27 -0000] access to /es/images/graphes-Users_Arrival-rate_tn.png failed for 0:0:0:0:0:FFFF:806F:2B9D, reason: 
"mod_esi: Client not authorized to evaluate: images/graphes-Users_Arrival-rate_tn.png"
[20/Nov/2015:01:23:27 -0000] access to /es/images/graphes-Users-simultaneous_tn.png failed for 0:0:0:0:0:FFFF:806F:2B9D, reason: 
"mod_esi: Client not authorized to evaluate: images/graphes-Users-simultaneous_tn.png"
[20/Nov/2015:01:23:27 -0000] access to /es/images/graphes-freemem-mean_tn.png failed for 0:0:0:0:0:FFFF:806F:2B9D, reason: 
"mod_esi: Client not authorized to evaluate: images/graphes-freemem-mean_tn.png"
[20/Nov/2015:01:23:27 -0000] access to /es/images/graphes-load-mean_tn.png failed for 0:0:0:0:0:FFFF:806F:2B9D, reason: 
"mod_esi: Client not authorized to evaluate: images/graphes-load-mean_tn.png"
[20/Nov/2015:01:23:27 -0000] access to /es/images/graphes-cpu-mean_tn.png failed for 0:0:0:0:0:FFFF:806F:2B9D, reason: 
"mod_esi: Client not authorized to evaluate: images/graphes-cpu-mean_tn.png"
[20/Nov/2015:01:23:27 -0000] access to /es/images/graphes-HTTP_CODE-rate_tn.png failed for 0:0:0:0:0:FFFF:806F:2B9D, reason: 
"mod_esi: Client not authorized to evaluate: images/graphes-HTTP_CODE-rate_tn.png"
[20/Nov/2015:01:23:27 -0000] access to /es/images/graphes-Transactions-mean_tn.png failed for 0:0:0:0:0:FFFF:806F:2B9D, reason: 
"mod_esi: Client not authorized to evaluate: images/graphes-Transactions-mean_tn.png"
[20/Nov/2015:01:23:37 -0000] access to /es/images/graphes-Transactions-mean_tn.png failed for 0:0:0:0:0:FFFF:806F:2B9D, reason: 
"mod_esi: Client not authorized to evaluate: images/graphes-Transactions-mean_tn.png"
[20/Nov/2015:01:23:37 -0000] access to /es/images/graphes-Perfs-mean_tn.png failed for 0:0:0:0:0:FFFF:806F:2B9D, reason: 
"mod_esi: Client not authorized to evaluate: images/graphes-Perfs-mean_tn.png"
[20/Nov/2015:01:23:37 -0000] access to /es/images/graphes-Transactions-rate_tn.png failed for 0:0:0:0:0:FFFF:806F:2B9D, reason: 
"mod_esi: Client not authorized to evaluate: images/graphes-Transactions-rate_tn.png"
[20/Nov/2015:01:23:37 -0000] access to /es/images/graphes-Perfs-rate_tn.png failed for 0:0:0:0:0:FFFF:806F:2B9D, reason: 
"mod_esi: Client not authorized to evaluate: images/graphes-Perfs-rate_tn.png"
[20/Nov/2015:01:23:37 -0000] access to /es/images/graphes-Size-rate_tn.png failed for 0:0:0:0:0:FFFF:806F:2B9D, reason: 
"mod_esi: Client not authorized to evaluate: images/graphes-Size-rate_tn.png"
[20/Nov/2015:01:23:37 -0000] access to /es/images/graphes-Users_Arrival-rate_tn.png failed for 0:0:0:0:0:FFFF:806F:2B9D, reason: 
"mod_esi: Client not authorized to evaluate: images/graphes-Users_Arrival-rate_tn.png"
[20/Nov/2015:01:23:37 -0000] access to /es/images/graphes-Users-simultaneous_tn.png failed for 0:0:0:0:0:FFFF:806F:2B9D, reason: 
"mod_esi: Client not authorized to evaluate: images/graphes-Users-simultaneous_tn.png"
[20/Nov/2015:01:23:37 -0000] access to /es/images/graphes-cpu-mean_tn.png failed for 0:0:0:0:0:FFFF:806F:2B9D, reason: 
"mod_esi: Client not authorized to evaluate: images/graphes-cpu-mean_tn.png"
[20/Nov/2015:01:23:38 -0000] access to /es/images/graphes-freemem-mean_tn.png failed for 0:0:0:0:0:FFFF:806F:2B9D, reason: 
"mod_esi: Client not authorized to evaluate: images/graphes-freemem-mean_tn.png"
[20/Nov/2015:01:23:38 -0000] access to /es/images/graphes-load-mean_tn.png failed for 0:0:0:0:0:FFFF:806F:2B9D, reason: 
"mod_esi: Client not authorized to evaluate: images/graphes-load-mean_tn.png"
[20/Nov/2015:01:23:38 -0000] access to /es/images/graphes-HTTP_CODE-rate_tn.png failed for 0:0:0:0:0:FFFF:806F:2B9D, reason: 
"mod_esi: Client not authorized to evaluate: images/graphes-HTTP_CODE-rate_tn.png"
[20/Nov/2015:01:23:38 -0000] access to /es/images/graphes-Transactions-mean_tn.png failed for 0:0:0:0:0:FFFF:806F:2B9D, reason: 
"mod_esi: Client not authorized to evaluate: images/graphes-Transactions-mean_tn.png"
