# stats: dump at 1449362353
stats: users 11 11
stats: {cpu,"tsung_controller@ip-172-30-3-224"} 1 7.225636154996209 0 7.225636154996209 7.225636154996209 0 0
stats: {load,"tsung_controller@ip-172-30-3-224"} 1 0.0 0 0.0 0.0 0 0
stats: {freemem,"tsung_controller@ip-172-30-3-224"} 1 3170.9453125 0 3170.9453125 3170.9453125 0 0
stats: users_count 11 11
stats: finish_users_count 0 0
stats: request 19 283.69529965049344 453.1654973387949 1376.248046875 9.591064453125 0 0
stats: connect 11 11.985706676136363 33.05660620177088 116.51611328125 1.1318359375 0 0
stats: page 19 283.69529965049344 453.1654973387949 1376.248046875 9.591064453125 0 0
stats: tr_browse_quizzes_page_1 5 488.1484375 373.28158134439354 803.149169921875 30.716064453125 0 0
stats: 200 19 19
stats: tr_index 6 221.9241943359375 471.5560000790867 1276.35205078125 9.64794921875 0 0
stats: size_rcv 80784 80784
stats: size_sent 7571 7571
stats: connected 11 11
# stats: dump at 1449362363
stats: users 18 18
stats: {recvpackets,"tsung_controller@ip-172-30-3-224"} 1 149 0 149 149 0 0
stats: {sentpackets,"tsung_controller@ip-172-30-3-224"} 1 159 0 159 159 0 0
stats: {cpu,"tsung_controller@ip-172-30-3-224"} 1 2.0710059171597637 0.0 7.225636154996209 2.0710059171597637 7.225636154996209 1
stats: {load,"tsung_controller@ip-172-30-3-224"} 1 0.0 0.0 0.0 0.0 0.0 1
stats: {freemem,"tsung_controller@ip-172-30-3-224"} 1 3170.640625 0.0 3170.9453125 3170.640625 3170.9453125 1
stats: users_count 7 18
stats: finish_users_count 0 0
stats: request 41 46.4233993902439 61.41441750285047 1376.248046875 7.929931640625 283.69529965049344 19
stats: connect 7 1.62841796875 0.2921307012431989 116.51611328125 1.1318359375 11.985706676136363 11
stats: page 38 50.09358938116777 68.3771729544806 1376.248046875 9.161865234375 283.69529965049344 19
stats: tr_play_game__ready_page 5 28.172998046875 20.27667625214848 66.699951171875 9.696044921875 0 0
stats: 302 3 3
stats: tr_friend_requests 2 65.0909423828125 5.4591064453125 70.550048828125 59.6318359375 0 0
stats: 200 38 57
stats: tr_browse_quizzes_page_1 1 205.174072265625 0.0 803.149169921875 30.716064453125 488.1484375 5
stats: size_rcv 93082 173866
stats: tr_play_game__1st_question 5 47.573779296875 17.480007128130293 61.948974609375 13.35498046875 0 0
stats: size_sent 31540 39111
stats: tr_play_game__answer_to_question 2 16.6435546875 0.83349609375 17.47705078125 15.81005859375 0 0
stats: connected 7 18
stats: tr_index 0 0 0 1276.35205078125 9.64794921875 221.9241943359375 6
# stats: dump at 1449362373
stats: users 23 24
stats: {recvpackets,"tsung_controller@ip-172-30-3-224"} 1 160.0 0.0 160 149 149.0 1
stats: {sentpackets,"tsung_controller@ip-172-30-3-224"} 1 160.0 0.0 160 159 159.0 1
stats: {cpu,"tsung_controller@ip-172-30-3-224"} 1 1.477832512315271 0.0 7.225636154996209 1.477832512315271 4.648321036077986 2
stats: {load,"tsung_controller@ip-172-30-3-224"} 1 0.0 0.0 0.0 0.0 0.0 2
stats: {freemem,"tsung_controller@ip-172-30-3-224"} 1 3168.94921875 0.0 3170.9453125 3168.94921875 3170.79296875 2
stats: session 2 21623.336059570313 5275.2799072265625 26898.615966796875 16348.05615234375 0 0
stats: users_count 7 25
stats: finish_users_count 2 2
stats: request 49 42.19070372289542 54.25884661813993 1376.248046875 7.516845703125 121.55950113932292 60
stats: connect 7 1.7685895647321428 0.29776834376351147 116.51611328125 1.1318359375 7.957872178819445 18
stats: page 40 51.69833984375 65.58011775854855 1376.248046875 8.35693359375 127.96082613760964 57
stats: tr_play_game__ready_page 2 15.2470703125 0.2861328125 66.699951171875 9.696044921875 28.172998046875 5
stats: 302 6 9
stats: tr_friend_requests 2 31.202880859375 19.375 70.550048828125 11.827880859375 65.0909423828125 2
stats: 200 43 100
stats: tr_friends 3 22.928304036458332 4.604100831022836 28.511962890625 17.23583984375 0 0
stats: size_rcv 152844 326710
stats: tr_search_all_users 1 66.8759765625 0 66.8759765625 66.8759765625 0 0
stats: size_sent 40162 79273
stats: tr_browse_quizzes_page_1 2 34.3746337890625 5.0174560546875 803.149169921875 29.357177734375 440.9860432942708 6
stats: connected 6 24
stats: tr_play_game__1st_question 2 13.3165283203125 0.0125732421875 61.948974609375 13.303955078125 47.573779296875 5
stats: tr_play_game__answer_to_question 2 17.5484619140625 2.3404541015625 19.888916015625 15.2080078125 16.6435546875 2
stats: tr_index 3 50.613362630208336 54.83902588169581 1276.35205078125 9.64794921875 221.9241943359375 6
stats: tr_quizzes_page_INDEX 3 16.137288411458332 3.9402395201212097 21.681884765625 12.884033203125 0 0
# stats: dump at 1449362383
stats: users 25 25
stats: {recvpackets,"tsung_controller@ip-172-30-3-224"} 1 254.0 0.0 254 149 154.5 2
stats: {sentpackets,"tsung_controller@ip-172-30-3-224"} 1 245.0 0.0 245 159 159.5 2
stats: {cpu,"tsung_controller@ip-172-30-3-224"} 1 1.9646365422396856 0.0 7.225636154996209 1.477832512315271 3.5914915281570807 3
stats: {load,"tsung_controller@ip-172-30-3-224"} 1 0.0 0.0 0.0 0.0 0.0 3
stats: {freemem,"tsung_controller@ip-172-30-3-224"} 1 3167.890625 0.0 3170.9453125 3167.890625 3170.1783854166665 3
stats: session 5 23838.986962890624 2034.927151250344 26898.615966796875 16348.05615234375 21623.336059570313 2
stats: users_count 7 32
stats: finish_users_count 5 7
stats: request 140 34.58555559430803 62.61821416074718 1376.248046875 5.9677734375 85.87995000716744 109
stats: connect 6 1.4669596354166667 0.23483657596967417 116.51611328125 1.037841796875 6.224873046875 25
stats: page 106 45.721041697376194 80.09489846683084 1376.248046875 8.322998046875 96.51237818137886 97
stats: tr_play_game__ready_page 3 11.831380208333334 1.8175167102969625 66.699951171875 9.696044921875 24.479875837053573 7
stats: 302 5 14
stats: tr_quiz_new_POST 3 19.461751302083332 3.9650669897379243 24.963134765625 15.77099609375 0 0
stats: 200 111 211
stats: tr_question_new_POST 24 14.959197998046873 19.163223056200263 102.1689453125 6.06201171875 0 0
stats: size_rcv 480054 806764
stats: tr_friend_requests 2 15.0665283203125 1.0164794921875 70.550048828125 11.827880859375 48.14691162109375 4
stats: newphase 1 1
stats: tr_friends 2 50.928955078125 32.22802734375 83.156982421875 17.23583984375 22.928304036458332 3
stats: size_sent 137359 216632
stats: tr_search_all_users 3 70.551025390625 8.357813758871398 81.7958984375 61.775146484375 66.8759765625 1
stats: connected 0 24
stats: tr_browse_quizzes_page_1 4 104.40594482421875 88.77043795490822 803.149169921875 29.101806640625 339.33319091796875 8
stats: 404 24 24
stats: tr_play_game__1st_question 1 35.123046875 0.0 61.948974609375 13.303955078125 37.78599330357143 7
stats: tr_play_game__answer_to_question 4 40.98651123046875 21.16243465888292 70.998779296875 12.4970703125 17.09600830078125 4
stats: tr_index 6 18.133544921875 16.560613262626667 1276.35205078125 9.64794921875 164.82058376736111 9
stats: tr_quizzes_page_INDEX 2 33.7755126953125 18.3214111328125 52.096923828125 12.884033203125 16.137288411458332 3
stats: tr_quiz_questions_SHOW 24 18.660176595052086 10.92228004346578 49.825927734375 9.197998046875 0 0
# stats: dump at 1449362393
stats: users 35 35
stats: {recvpackets,"tsung_controller@ip-172-30-3-224"} 1 555.0 0.0 555 149 187.66666666666666 3
stats: {sentpackets,"tsung_controller@ip-172-30-3-224"} 1 495.0 0.0 495 159 188.0 3
stats: {cpu,"tsung_controller@ip-172-30-3-224"} 1 1.8793273986152326 0.0 7.225636154996209 1.477832512315271 3.184777781677732 4
stats: {load,"tsung_controller@ip-172-30-3-224"} 1 0.0 0.0 0.0 0.0 0.0 4
stats: {freemem,"tsung_controller@ip-172-30-3-224"} 1 3167.546875 0.0 3170.9453125 3167.546875 3169.6064453125 4
stats: session 5 31078.790380859376 9017.275365164609 42605.56982421875 16348.05615234375 23205.94384765625 7
stats: users_count 15 47
stats: finish_users_count 5 12
stats: request 119 40.71587570575105 145.1153642397947 1544.121826171875 5.9677734375 57.03972824893323 249
stats: connect 15 1.4986328125 0.3034382672861641 116.51611328125 0.93115234375 5.303986580141129 31
stats: page 100 48.4806884765625 158.7938317051148 1544.121826171875 8.322998046875 69.99079361337748 203
stats: tr_play_game__ready_page 7 11.318464006696429 1.1496053739560623 66.699951171875 9.63720703125 20.6853271484375 10
stats: 302 1 15
stats: tr_quiz_new_POST 2 18.908447265625 2.37744140625 24.963134765625 15.77099609375 19.461751302083332 3
stats: 200 102 313
stats: tr_question_new_POST 16 48.5213623046875 94.08904601580997 401.2119140625 6.06201171875 14.959197998046873 24
stats: size_rcv 412395 1219159
stats: tr_play_game__leaderboard 4 14.82049560546875 1.3332243397676469 16.493896484375 12.80908203125 0 0
stats: newphase 0 1
stats: tr_friend_requests 2 34.2965087890625 18.5823974609375 70.550048828125 11.827880859375 37.1201171875 6
stats: size_sent 104713 321345
stats: tr_friends 0 0 0 83.156982421875 17.23583984375 34.128564453125 5
stats: connected 10 34
stats: tr_search_all_users 1 62.4951171875 0.0 81.7958984375 61.775146484375 69.63226318359375 4
stats: 404 16 40
stats: tr_browse_quizzes_page_1 9 201.47262912326389 474.993612156288 1544.18408203125 21.97412109375 261.02410888671875 12
stats: tr_play_game__1st_question 6 22.56640625 25.977588913604183 80.592041015625 9.203125 37.453125 8
stats: tr_play_game__answer_to_question 1 9.906005859375 0.0 70.998779296875 9.906005859375 29.041259765625 8
stats: tr_index 7 10.339634486607142 1.4111515388461142 1276.35205078125 8.7060546875 106.14576822916666 15
stats: tr_quizzes_page_INDEX 0 0 0 52.096923828125 12.884033203125 23.192578125 5
stats: tr_quiz_questions_SHOW 16 35.67002868652344 42.15383842058556 195.27294921875 9.197998046875 18.660176595052086 24
# stats: dump at 1449362403
stats: users 44 45
stats: {recvpackets,"tsung_controller@ip-172-30-3-224"} 1 462.0 0.0 555 149 279.5 4
stats: {sentpackets,"tsung_controller@ip-172-30-3-224"} 1 459.0 0.0 495 159 264.75 4
stats: {cpu,"tsung_controller@ip-172-30-3-224"} 1 2.1632251720747298 0.0 7.225636154996209 1.477832512315271 2.923687705065232 5
stats: {load,"tsung_controller@ip-172-30-3-224"} 1 0.0 0.0 0.0 0.0 0.0 5
stats: {freemem,"tsung_controller@ip-172-30-3-224"} 1 3166.11328125 0.0 3170.9453125 3166.11328125 3169.19453125 5
stats: session 5 43869.734375 8560.82413490478 54341.622802734375 16348.05615234375 26486.29656982422 12
stats: users_count 14 61
stats: finish_users_count 5 17
stats: request 97 43.099521283021886 118.86852409881331 1544.121826171875 5.9677734375 51.7610911493716 368
stats: connect 15 3.73564453125 7.80798216752406 116.51611328125 0.93115234375 4.0631103515625 46
stats: page 90 46.4560845269097 125.51970387885241 1544.121826171875 8.322998046875 62.891749013768575 303
stats: tr_play_game__ready_page 9 12.144585503472221 1.9140337149180096 66.699951171875 9.339111328125 16.828383501838236 17
stats: 302 4 19
stats: tr_quiz_new_POST 0 0 0 24.963134765625 15.77099609375 19.2404296875 5
stats: 200 93 406
stats: tr_question_new_POST 0 0 0 401.2119140625 6.06201171875 28.384063720703125 40
stats: size_rcv 332591 1551750
stats: tr_play_game__leaderboard 1 12.119140625 0.0 16.493896484375 12.119140625 14.82049560546875 4
stats: newphase 0 1
stats: tr_friend_requests 5 17.71484375 3.643938712701762 70.550048828125 11.827880859375 36.414215087890625 8
stats: size_sent 79219 400564
stats: tr_friends 3 218.59065755208334 280.78521363384266 615.680908203125 17.23583984375 34.128564453125 5
stats: connected 11 45
stats: tr_search_all_users 1 72.01904296875 0.0 81.7958984375 61.775146484375 68.204833984375 5
stats: 404 0 40
stats: tr_browse_quizzes_page_1 8 166.4468994140625 311.61128098921074 1544.18408203125 21.97412109375 235.50204613095238 21
stats: tr_play_game__1st_question 8 15.555603027343748 6.65379112091872 80.592041015625 9.203125 31.073102678571427 14
stats: tr_play_game__answer_to_question 7 18.831438337053573 12.381063363626701 70.998779296875 8.9140625 26.915120442708332 9
stats: tr_index 11 20.18856534090909 21.27316721253891 1276.35205078125 8.7060546875 75.66199840198864 22
stats: tr_quizzes_page_INDEX 1 12.158203125 0.0 52.096923828125 12.158203125 23.192578125 5
stats: tr_quiz_questions_SHOW 0 0 0 195.27294921875 9.197998046875 25.464117431640624 40
# stats: dump at 1449362413
stats: users 48 48
stats: {recvpackets,"tsung_controller@ip-172-30-3-224"} 1 526.0 0.0 555 149 316.0 5
stats: {sentpackets,"tsung_controller@ip-172-30-3-224"} 1 538.0 0.0 538 159 303.6 5
stats: {cpu,"tsung_controller@ip-172-30-3-224"} 1 2.075098814229249 0.0 7.225636154996209 1.477832512315271 2.796943949566815 6
stats: {load,"tsung_controller@ip-172-30-3-224"} 1 0.0 0.0 0.0 0.0 0.0 6
stats: {freemem,"tsung_controller@ip-172-30-3-224"} 1 3163.69921875 0.0 3170.9453125 3163.69921875 3168.6809895833335 6
stats: session 6 27528.15283203125 9852.067373009428 54341.622802734375 12141.93896484375 31599.07239487592 17
stats: users_count 10 71
stats: finish_users_count 6 23
stats: request 150 21.913819986979167 23.96918031128841 1544.121826171875 5.9677734375 49.95426904821909 465
stats: connect 10 2.16923828125 1.0557808629862737 116.51611328125 0.93115234375 3.9825859695184427 61
stats: page 127 25.90651336429626 26.14258499240982 1544.121826171875 8.322998046875 59.127856383190206 393
stats: tr_play_game__ready_page 7 13.103271484375 1.787475124456615 66.699951171875 9.339111328125 15.207068810096153 26
stats: 302 2 21
stats: tr_quiz_new_POST 2 17.90087890625 0.987060546875 24.963134765625 15.77099609375 19.2404296875 5
stats: 200 132 538
stats: tr_question_new_POST 16 9.694168090820313 4.373782809179175 401.2119140625 6.06201171875 28.384063720703125 40
stats: size_rcv 527265 2079015
stats: tr_play_game__leaderboard 1 15.02294921875 0.0 16.493896484375 12.119140625 14.280224609375 5
stats: newphase 1 2
stats: tr_friend_requests 1 72.462158203125 0.0 72.462158203125 11.827880859375 29.222149188701923 13
stats: size_sent 137798 538362
stats: tr_friends 3 21.822428385416668 3.3460648348517865 615.680908203125 17.23583984375 103.30184936523438 8
stats: connected 3 48
stats: tr_search_all_users 5 68.443408203125 8.758182430570404 85.5029296875 60.868896484375 68.84053548177083 6
stats: 404 16 56
stats: tr_browse_quizzes_page_1 6 33.615681966145836 6.3167248087694485 1544.18408203125 21.97412109375 216.45235048491378 29
stats: tr_play_game__1st_question 11 18.518909801136363 17.463790642564735 80.592041015625 9.123046875 25.430375532670453 22
stats: tr_play_game__answer_to_question 8 10.69952392578125 1.1022912634770885 70.998779296875 8.9140625 23.378509521484375 16
stats: tr_index 5 14.340771484375 4.166781734339985 1276.35205078125 8.7060546875 57.17085404829545 33
stats: tr_quizzes_page_INDEX 1 50.329833984375 0.0 52.096923828125 12.158203125 21.353515625 6
stats: tr_quiz_questions_SHOW 16 13.20684814453125 4.017232274982188 195.27294921875 9.197998046875 25.464117431640624 40
# stats: dump at 1449362423
stats: users 64 64
stats: {recvpackets,"tsung_controller@ip-172-30-3-224"} 1 508.0 0.0 555 149 351.0 6
stats: {sentpackets,"tsung_controller@ip-172-30-3-224"} 1 532.0 0.0 538 159 342.6666666666667 6
stats: {cpu,"tsung_controller@ip-172-30-3-224"} 1 2.171767028627838 0.0 7.225636154996209 1.477832512315271 2.693823215947163 7
stats: {load,"tsung_controller@ip-172-30-3-224"} 1 0.0 0.0 0.0 0.0 0.0 7
stats: {freemem,"tsung_controller@ip-172-30-3-224"} 1 3163.10546875 0.0 3170.9453125 3163.10546875 3167.969308035714 7
stats: session 4 58316.74450683594 17981.226350979585 76711.67700195313 12141.93896484375 30537.09337848166 23
stats: users_count 20 91
stats: finish_users_count 4 27
stats: request 133 35.05657637746709 110.84063627133871 1544.121826171875 5.9677734375 43.1151351308435 615
stats: connect 18 1.6250406901041667 0.3369321096504052 116.51611328125 0.93115234375 3.7271848866637325 71
stats: page 124 37.60486627394152 117.70216105918767 1544.121826171875 7.7880859375 51.01418222280649 520
stats: tr_play_game__ready_page 5 13.37783203125 4.557526643751548 66.699951171875 8.946044921875 14.760808771306818 33
stats: 302 7 28
stats: tr_quiz_new_POST 0 0 0 24.963134765625 15.77099609375 18.857700892857142 7
stats: 200 126 664
stats: tr_question_new_POST 0 0 0 401.2119140625 6.06201171875 23.044093540736608 56
stats: size_rcv 417067 2496082
stats: tr_play_game__leaderboard 4 12.458251953125 2.5631258363124747 16.493896484375 9.491943359375 14.404012044270834 6
stats: newphase 0 2
stats: tr_friend_requests 2 17.485107421875 6.406982421875 72.462158203125 11.078125 32.310721261160715 14
stats: size_sent 110590 648952
stats: tr_friends 2 17.716064453125 1.613037109375 615.680908203125 16.10302734375 81.08018909801136 11
stats: connected 14 62
stats: tr_search_all_users 1 71.6220703125 0.0 85.5029296875 60.868896484375 68.66002308238636 11
stats: 404 0 56
stats: tr_browse_quizzes_page_1 10 39.305029296875 16.290151261715703 1544.18408203125 21.97412109375 185.10892159598214 35
stats: tr_play_game__1st_question 5 39.252880859375 57.123400466778804 153.47802734375 9.123046875 23.12655362215909 33
stats: tr_play_game__answer_to_question 10 12.3510009765625 5.123613073406733 70.998779296875 7.83203125 19.152180989583332 24
stats: tr_index 9 10.601915147569445 1.7255082557677754 1276.35205078125 8.7060546875 51.53531686883224 38
stats: tr_quizzes_page_INDEX 1 17.527099609375 0.0 52.096923828125 12.158203125 25.492989676339285 7
stats: tr_quiz_questions_SHOW 0 0 0 195.27294921875 9.197998046875 21.962040492466517 56
# stats: dump at 1449362433
stats: users 80 81
stats: {recvpackets,"tsung_controller@ip-172-30-3-224"} 1 499.0 0.0 555 149 373.42857142857144 7
stats: {sentpackets,"tsung_controller@ip-172-30-3-224"} 1 575.0 0.0 575 159 369.7142857142857 7
stats: {cpu,"tsung_controller@ip-172-30-3-224"} 1 2.5540275049115913 0.0 7.225636154996209 1.477832512315271 2.628566192532247 8
stats: {load,"tsung_controller@ip-172-30-3-224"} 1 0.0 0.0 0.0 0.0 0.0 8
stats: {freemem,"tsung_controller@ip-172-30-3-224"} 1 3161.54296875 0.0 3170.9453125 3161.54296875 3167.361328125 8
stats: session 10 40035.64541015625 17169.50414278774 76711.67700195313 12141.93896484375 34652.59724934896 27
stats: users_count 26 117
stats: finish_users_count 10 37
stats: request 219 22.805057612728312 33.61525580539829 1544.121826171875 5.9677734375 41.68226305303727 748
stats: connect 28 1.5025896344866072 0.34592447492465306 116.51611328125 0.821044921875 3.302032127808989 89
stats: page 188 26.58281172082779 37.3014399266085 1544.121826171875 7.7880859375 48.43226424507473 644
stats: tr_play_game__ready_page 9 10.638047960069445 1.2289069117373592 66.699951171875 8.73193359375 14.578838147615132 38
stats: 302 9 37
stats: tr_quiz_new_POST 2 24.7178955078125 3.3089599609375 28.02685546875 15.77099609375 18.857700892857142 7
stats: 200 194 858
stats: tr_question_new_POST 16 10.903091430664063 2.413037381007845 401.2119140625 6.06201171875 23.044093540736608 56
stats: size_rcv 692669 3188751
stats: tr_play_game__leaderboard 4 12.05126953125 1.9951517379390662 16.493896484375 8.801025390625 13.6257080078125 10
stats: newphase 0 2
stats: tr_friend_requests 4 14.81298828125 3.9831074699340525 72.462158203125 10.449951171875 30.45751953125 16
stats: size_sent 188838 837790
stats: tr_friends 4 20.95233154296875 4.255506490806516 615.680908203125 16.10302734375 71.3318622295673 13
stats: connected 19 81
stats: tr_search_all_users 2 66.615478515625 9.6474609375 85.5029296875 56.968017578125 68.9068603515625 12
stats: 404 16 72
stats: tr_browse_quizzes_page_1 11 36.87213689630682 15.937646597968605 1544.18408203125 21.97412109375 152.708056640625 45
stats: tr_play_game__1st_question 9 11.175157335069445 1.9144685902182597 153.47802734375 9.08203125 25.248438784950658 38
stats: tr_play_game__answer_to_question 9 10.079535590277779 1.1158284026397252 70.998779296875 7.83203125 17.15183392693015 34
stats: tr_index 10 18.77783203125 13.071809585575416 1276.35205078125 8.14599609375 43.697005900930854 47
stats: tr_quizzes_page_INDEX 4 12.342041015625 2.3458879637807946 52.096923828125 10.2021484375 24.49725341796875 8
stats: tr_quiz_questions_SHOW 16 14.671615600585938 0.8730508751692221 195.27294921875 9.197998046875 21.962040492466517 56
# stats: dump at 1449362443
stats: users 103 104
stats: {recvpackets,"tsung_controller@ip-172-30-3-224"} 1 806.0 0.0 806 149 389.125 8
stats: {sentpackets,"tsung_controller@ip-172-30-3-224"} 1 849.0 0.0 849 159 395.375 8
stats: {cpu,"tsung_controller@ip-172-30-3-224"} 1 3.054187192118227 0.0 7.225636154996209 1.477832512315271 2.620284116129952 9
stats: {load,"tsung_controller@ip-172-30-3-224"} 1 0.0 0.0 0.0 0.0 0.0 9
stats: {freemem,"tsung_controller@ip-172-30-3-224"} 1 3160.83203125 0.0 3170.9453125 3160.83203125 3166.71484375 9
stats: session 13 45645.08437875601 20204.283186677774 90500.11401367188 12141.93896484375 36107.47513064823 37
stats: users_count 36 153
stats: finish_users_count 13 50
stats: request 248 35.57956129504783 77.67564939439549 1544.121826171875 5.9677734375 37.40707381681425 967
stats: connect 33 1.5263449928977273 0.42608186276950605 116.51611328125 0.821044921875 2.8713963174412394 117
stats: page 224 39.40086364746093 89.53147817768601 1544.121826171875 7.7880859375 43.49512833815355 832
stats: tr_play_game__ready_page 15 20.384163411458335 17.761634252476938 81.68310546875 8.34912109375 13.82421875 47
stats: 302 11 48
stats: tr_quiz_new_POST 1 14.591064453125 0.0 28.02685546875 14.591064453125 20.15996636284722 9
stats: 200 229 1087
stats: tr_question_new_POST 8 7.31103515625 1.8764214372937493 401.2119140625 6.06201171875 20.346093071831596 72
stats: size_rcv 856369 4045120
stats: tr_play_game__leaderboard 9 15.336046006944445 4.529850425904498 24.1728515625 8.801025390625 13.175868443080358 14
stats: newphase 1 3
stats: tr_friend_requests 4 25.9136962890625 11.520718302836551 72.462158203125 10.449951171875 27.32861328125 20
stats: size_sent 208177 1045967
stats: tr_friends 4 21.69500732421875 3.330435762749852 615.680908203125 16.10302734375 59.477855009191174 17
stats: connected 21 102
stats: tr_search_all_users 6 70.44527180989583 9.44970191730239 89.72607421875 56.968017578125 68.57952008928571 14
stats: 404 8 80
stats: tr_browse_quizzes_page_1 15 41.82361653645833 24.24393526561406 1544.18408203125 21.97412109375 129.95457240513392 56
stats: tr_play_game__1st_question 11 17.09701260653409 9.8431645957046 153.47802734375 9.08203125 22.55355510305851 47
stats: tr_play_game__answer_to_question 10 26.1312744140625 32.18062654641633 119.157958984375 7.83203125 15.671585437863373 43
stats: tr_index 16 24.326614379882813 42.350236723929804 1276.35205078125 8.14599609375 39.32522101151316 57
stats: tr_quizzes_page_INDEX 4 14.8790283203125 5.392478017627352 52.096923828125 10.2021484375 20.445515950520832 12
stats: tr_quiz_questions_SHOW 8 15.044586181640625 6.240015636708649 195.27294921875 9.197998046875 20.34194607204861 72
# stats: dump at 1449362453
stats: users 116 118
stats: {recvpackets,"tsung_controller@ip-172-30-3-224"} 1 1231.0 0.0 1231 149 435.44444444444446 9
stats: {sentpackets,"tsung_controller@ip-172-30-3-224"} 1 1301.0 0.0 1301 159 445.77777777777777 9
stats: {cpu,"tsung_controller@ip-172-30-3-224"} 1 4.031465093411996 0.0 7.225636154996209 1.477832512315271 2.6636744237287795 10
stats: {load,"tsung_controller@ip-172-30-3-224"} 1 0.0 0.0 0.0 0.0 0.0 10
stats: {freemem,"tsung_controller@ip-172-30-3-224"} 1 3157.81640625 0.0 3170.9453125 3157.81640625 3166.1265625 10
stats: session 22 42991.26765580611 16785.999616339242 90500.11401367188 12141.93896484375 38587.25353515625 50
stats: users_count 35 188
stats: finish_users_count 22 72
stats: request 403 44.82267272797768 159.67241753469764 1849.3759765625 5.9677734375 37.03405068479937 1215
stats: connect 36 2.1333753797743054 3.973436432902776 116.51611328125 0.821044921875 2.5754850260416666 150
stats: page 340 53.15011704388789 175.64745767864642 1849.3759765625 6.9580078125 42.62664794921875 1056
stats: tr_play_game__ready_page 15 17.875065104166666 11.370996050161406 81.68310546875 8.34912109375 15.411302135836694 62
stats: 302 14 62
stats: tr_quiz_new_POST 5 29.551611328125 13.089272594917427 47.017822265625 13.821044921875 19.603076171875 10
stats: 200 349 1436
stats: tr_question_new_POST 40 11.089208984375 4.553058584510391 401.2119140625 6.06201171875 19.042587280273438 80
stats: size_rcv 1275068 5320188
stats: tr_play_game__leaderboard 12 17.289286295572918 12.52004394729548 55.33203125 8.801025390625 14.021155315896738 23
stats: newphase 0 3
stats: tr_friend_requests 11 63.42041015625 90.5920821071066 322.315185546875 10.449951171875 27.092793782552082 24
stats: size_sent 365514 1411481
stats: tr_friends 4 27.9708251953125 11.153855589759406 615.680908203125 16.10302734375 52.281122116815474 21
stats: connected 13 115
stats: tr_search_all_users 3 144.60498046875 54.9063247831411 205.10302734375 56.968017578125 69.13924560546874 20
stats: 404 40 120
stats: tr_browse_quizzes_page_1 16 231.5116882324219 495.14080802640507 1849.432861328125 21.97412109375 111.33535637654047 71
stats: tr_play_game__1st_question 18 21.293497721354168 28.41595349510533 153.47802734375 8.35791015625 21.518693595096984 58
stats: tr_play_game__answer_to_question 8 11.17083740234375 3.447119381209692 119.157958984375 7.83203125 17.645111659787737 53
stats: tr_index 15 13.584781901041667 6.180443711253477 1276.35205078125 8.14599609375 36.03785517444349 73
stats: tr_quizzes_page_INDEX 6 11.618408203125 1.7323828129770988 52.096923828125 9.827880859375 19.05389404296875 16
stats: tr_quiz_questions_SHOW 40 18.5556640625 17.95230897596031 195.27294921875 9.197998046875 19.812210083007813 80
# stats: dump at 1449362463
stats: users 124 127
stats: {recvpackets,"tsung_controller@ip-172-30-3-224"} 1 1366.0 0.0 1366 149 515.0 10
stats: {sentpackets,"tsung_controller@ip-172-30-3-224"} 1 1426.0 0.0 1426 159 531.3 10
stats: {cpu,"tsung_controller@ip-172-30-3-224"} 1 4.142011834319527 0.0 7.225636154996209 1.477832512315271 2.788019030063617 11
stats: {load,"tsung_controller@ip-172-30-3-224"} 1 0.0 0.0 0.0 0.0 0.0 11
stats: {freemem,"tsung_controller@ip-172-30-3-224"} 1 3155.5390625 0.0 3170.9453125 3155.5390625 3165.37109375 11
stats: session 20 35484.52700195312 13407.838823568216 90500.11401367188 12141.93896484375 39932.92451646593 72
stats: users_count 28 216
stats: finish_users_count 20 92
stats: request 425 39.61939912683822 86.07546163856705 1849.3759765625 5.9677734375 38.97398559419422 1618
stats: connect 29 1.4882980872844827 0.47043739524381917 116.51611328125 0.821044921875 2.4899154170866935 186
stats: page 342 48.647323162235004 96.57000441354245 1849.3759765625 6.9580078125 45.18967050809232 1396
stats: tr_play_game__ready_page 17 21.41067325367647 18.818049350944666 83.5341796875 8.34912109375 15.89125596083604 77
stats: 302 24 86
stats: tr_quiz_new_POST 5 21.984765625 9.686812485448186 47.017822265625 13.821044921875 22.919254557291666 15
stats: 200 361 1797
stats: tr_question_new_POST 40 14.590948486328125 9.496616556578616 401.2119140625 6.06201171875 16.391461181640626 120
stats: size_rcv 1401406 6721594
stats: tr_play_game__leaderboard 8 12.26593017578125 1.6885390956809274 55.33203125 8.801025390625 15.141657366071428 35
stats: newphase 0 3
stats: tr_friend_requests 11 28.608509410511363 25.385891498667846 322.315185546875 10.449951171875 38.510044642857146 35
stats: size_sent 399556 1811037
stats: tr_friends 14 32.98681640625 24.728422794255817 615.680908203125 16.10302734375 48.391474609375 25
stats: connected 10 125
stats: tr_search_all_users 7 93.41779436383929 40.68258944488191 205.10302734375 56.968017578125 78.9826023267663 23
stats: 404 40 160
stats: tr_browse_quizzes_page_1 12 97.82779947916667 116.46328083163682 1849.432861328125 21.97412109375 133.43675074084052 87
stats: tr_play_game__1st_question 15 15.41865234375 9.096630178319883 153.47802734375 8.35791015625 21.465357730263158 76
stats: tr_play_game__answer_to_question 15 15.052099609375 9.227724611557381 119.157958984375 7.47802734375 16.79602651127049 61
stats: tr_index 14 18.453229631696427 12.64487126299169 1276.35205078125 8.14599609375 32.21062677556818 88
stats: tr_quizzes_page_INDEX 10 40.0620849609375 42.956165743679556 162.275146484375 9.827880859375 17.02603426846591 22
stats: tr_quiz_questions_SHOW 40 21.875543212890626 20.560826471709156 195.27294921875 9.197998046875 19.393361409505207 120
# stats: dump at 1449362473
stats: users 155 155
stats: {recvpackets,"tsung_controller@ip-172-30-3-224"} 1 2121.0 0.0 2121 149 592.3636363636364 11
stats: {sentpackets,"tsung_controller@ip-172-30-3-224"} 1 1937.0 0.0 1937 159 612.6363636363636 11
stats: {cpu,"tsung_controller@ip-172-30-3-224"} 1 5.474095796676441 0.0 7.225636154996209 1.477832512315271 2.9008517637516094 12
stats: {load,"tsung_controller@ip-172-30-3-224"} 1 0.0 0.0 0.0 0.0 0.0 12
stats: {freemem,"tsung_controller@ip-172-30-3-224"} 1 3153.5546875 0.0 3170.9453125 3153.5546875 3164.5517578125 12
stats: session 21 32791.20714750744 13922.620138257591 90500.11401367188 12141.93896484375 38965.881578528366 92
stats: users_count 52 268
stats: finish_users_count 21 113
stats: request 427 40.75705091847189 96.7645388151497 1849.3759765625 5.9677734375 39.108249300201905 2043
stats: connect 52 1.5838951697716346 1.1145116557944459 116.51611328125 0.802001953125 2.3548135446947676 215
stats: page 380 46.36151894017269 105.37971692559024 1849.3759765625 6.9580078125 45.87006015580049 1738
stats: tr_play_game__ready_page 19 20.21314761513158 26.283812265605366 130.18212890625 8.211181640625 16.889448449966757 94
stats: 302 14 100
stats: tr_quiz_new_POST 3 37.67236328125 23.58915705912363 70.77099609375 13.821044921875 22.68563232421875 20
stats: 200 389 2186
stats: tr_question_new_POST 24 23.574361165364582 33.509667445477085 401.2119140625 6.06201171875 15.9413330078125 160
stats: size_rcv 1567219 8288813
stats: tr_play_game__leaderboard 7 19.628487723214285 9.641338326162394 55.33203125 8.801025390625 14.606638353924419 43
stats: newphase 1 4
stats: tr_friend_requests 9 40.204264322916664 41.58573505133279 322.315185546875 10.449951171875 36.14228621773098 46
stats: size_sent 366130 2177167
stats: tr_friends 6 36.630533854166664 17.709418819480906 615.680908203125 16.10302734375 42.8615973056891 39
stats: connected 29 154
stats: tr_search_all_users 14 95.68259974888393 35.50806543870305 205.10302734375 56.968017578125 82.35081380208334 30
stats: 404 24 184
stats: tr_browse_quizzes_page_1 30 102.32159830729167 281.92286184228664 1849.432861328125 21.97412109375 129.120514224274 99
stats: tr_play_game__1st_question 18 13.7548828125 6.650703633679259 153.47802734375 8.35791015625 20.468648051167584 91
stats: tr_play_game__answer_to_question 22 16.78585537997159 12.320634837657288 119.157958984375 7.47802734375 16.45183041221217 76
stats: tr_index 31 15.295906313004032 10.550892626760474 1276.35205078125 8.011962890625 30.32235657935049 102
stats: tr_quizzes_page_INDEX 8 12.94769287109375 2.9187656058837725 162.275146484375 9.827880859375 24.22480010986328 32
stats: tr_quiz_questions_SHOW 24 32.58091227213542 28.495852116613488 195.27294921875 9.197998046875 20.01390686035156 160
# stats: dump at 1449362483
stats: users 204 204
stats: {recvpackets,"tsung_controller@ip-172-30-3-224"} 1 2030.0 0.0 2121 149 719.75 12
stats: {sentpackets,"tsung_controller@ip-172-30-3-224"} 1 2026.0 0.0 2026 159 723.0 12
stats: {cpu,"tsung_controller@ip-172-30-3-224"} 1 5.703048180924287 0.0 7.225636154996209 1.477832512315271 3.0987936124381354 13
stats: {load,"tsung_controller@ip-172-30-3-224"} 1 0.0 0.0 0.0 0.0 0.0 13
stats: {freemem,"tsung_controller@ip-172-30-3-224"} 1 3150.83203125 0.0 3170.9453125 3150.83203125 3163.705829326923 13
stats: session 22 33281.16962224787 12820.81168700252 90500.11401367188 12141.93896484375 37818.37571081651 113
stats: users_count 71 339
stats: finish_users_count 22 135
stats: request 685 52.7544921875 139.25399477792934 2330.47119140625 5.9677734375 39.393285045546556 2470
stats: connect 71 1.5745798030369718 0.96372285551808 116.51611328125 0.802001953125 2.204672138342697 267
stats: page 561 60.811429872019794 148.09361722983436 2330.47119140625 6.9580078125 45.95823500852072 2118
stats: tr_play_game__ready_page 29 16.04110823006465 10.01088073923747 130.18212890625 8.211181640625 17.448300521985622 113
stats: 302 17 117
stats: tr_quiz_new_POST 11 28.934259588068183 19.989503268528857 75.967041015625 13.698974609375 24.64042331861413 23
stats: 200 581 2767
stats: tr_question_new_POST 87 39.23949072826868 144.42368951717916 1180.85009765625 6.06201171875 16.93694537618886 184
stats: size_rcv 2194373 10483186
stats: tr_play_game__leaderboard 10 23.2440673828125 19.029006249480265 71.451171875 8.801025390625 15.309697265625 50
stats: newphase 0 4
stats: tr_friend_requests 11 69.14195667613636 79.82323335661728 322.315185546875 10.449951171875 36.80697354403409 55
stats: size_sent 629910 2807077
stats: tr_friends 9 129.45046657986111 172.69216432980323 615.680908203125 16.10302734375 42.030788845486114 45
stats: connected 49 203
stats: tr_search_all_users 6 131.62003580729166 59.72915778461067 220.1201171875 56.968017578125 86.59274569424716 44
stats: 404 87 271
stats: tr_browse_quizzes_page_1 32 84.85712432861328 107.1606479720079 1849.432861328125 21.548095703125 122.88820819706879 129
stats: tr_play_game__1st_question 24 52.930155436197914 127.66202690036437 496.427978515625 8.22998046875 19.359952874139907 109
stats: tr_play_game__answer_to_question 19 31.86293431332237 48.39337440287687 210.4619140625 7.343017578125 16.526815609056122 98
stats: tr_index 37 30.898846600506758 74.25323060476165 1276.35205078125 8.011962890625 26.819950878171994 133
stats: tr_quizzes_page_INDEX 5 24.448828125 18.814048042858897 162.275146484375 9.827880859375 21.969378662109374 40
stats: tr_quiz_questions_SHOW 86 30.53184331849564 39.06406189249846 257.64599609375 9.197998046875 21.65308147927989 184
# stats: dump at 1449362493
stats: users 254 254
stats: {recvpackets,"tsung_controller@ip-172-30-3-224"} 1 2770.0 0.0 2770 149 820.5384615384615 13
stats: {sentpackets,"tsung_controller@ip-172-30-3-224"} 1 2673.0 0.0 2673 159 823.2307692307693 13
stats: {cpu,"tsung_controller@ip-172-30-3-224"} 1 6.862745098039216 0.0 7.225636154996209 1.477832512315271 3.284811795901432 14
stats: {load,"tsung_controller@ip-172-30-3-224"} 1 0.0 0.0 0.0 0.0 0.0 14
stats: {freemem,"tsung_controller@ip-172-30-3-224"} 1 3144.51171875 0.0 3170.9453125 3144.51171875 3162.7862723214284 14
stats: session 36 46614.970018174914 20764.30341513237 92092.36694335938 11732.89599609375 37078.97916304977 135
stats: users_count 86 425
stats: finish_users_count 36 171
stats: request 804 78.88181498513286 325.24925174127117 4651.62890625 5.9677734375 42.294212745146595 3155
stats: connect 85 1.6698414522058824 1.660183032343472 116.51611328125 0.802001953125 2.072315464358358 338
stats: page 700 93.52724783761161 362.3013758708771 4707.177001953125 6.9580078125 49.06859048385591 2679
stats: tr_play_game__ready_page 39 32.237411107772445 73.43802533699669 473.781982421875 8.211181640625 17.160916180677816 142
stats: 302 35 152
stats: tr_quiz_new_POST 6 27.579508463541668 17.4905664628867 75.967041015625 13.698974609375 26.029605641084558 34
stats: 200 720 3487
stats: tr_question_new_POST 49 26.228465800382654 69.99970364455717 1180.85009765625 6.06201171875 24.09680310914437 271
stats: size_rcv 2500804 12983990
stats: tr_play_game__leaderboard 24 27.223592122395832 21.27455276581404 90.85791015625 8.801025390625 16.63209228515625 60
stats: newphase 0 4
stats: tr_friend_requests 16 88.023193359375 209.74705218685722 891.849853515625 10.449951171875 42.19613739938447 66
stats: size_sent 691851 3498928
stats: tr_friends 14 38.25734165736607 19.6380375594776 615.680908203125 15.74609375 56.600735134548614 54
stats: connected 49 252
stats: tr_search_all_users 9 130.68345811631946 124.47106976505161 474.4560546875 56.968017578125 91.9960205078125 50
stats: 404 49 320
stats: tr_browse_quizzes_page_1 42 298.6663237072173 947.6710056537238 4520.903076171875 21.548095703125 115.32923500582298 161
stats: tr_play_game__1st_question 42 34.36726306733632 57.33034973600246 496.427978515625 8.22998046875 25.417733787593985 133
stats: tr_play_game__answer_to_question 32 35.63597869873047 92.68832967994956 535.797119140625 7.343017578125 19.017296424278847 117
stats: tr_index 45 42.20900607638889 88.03748453488213 1276.35205078125 7.757080078125 27.70771053538603 170
stats: tr_quizzes_page_INDEX 11 27.022039240056817 25.915235424246955 162.275146484375 9.708984375 22.244873046875 45
stats: tr_quiz_questions_SHOW 50 44.3018603515625 125.05634373587979 899.751953125 9.197998046875 24.481131546585647 270
# stats: dump at 1449362503
stats: users 327 327
stats: {recvpackets,"tsung_controller@ip-172-30-3-224"} 1 3265.0 0.0 3265 149 959.7857142857143 14
stats: {sentpackets,"tsung_controller@ip-172-30-3-224"} 1 3314.0 0.0 3314 159 955.3571428571429 14
stats: {cpu,"tsung_controller@ip-172-30-3-224"} 1 8.7890625 0.0 8.7890625 1.477832512315271 3.5233406827106175 15
stats: {load,"tsung_controller@ip-172-30-3-224"} 1 0.0 0.0 0.0 0.0 0.0 15
stats: {freemem,"tsung_controller@ip-172-30-3-224"} 1 3136.56640625 0.0 3170.9453125 3136.56640625 3161.56796875 15
stats: session 51 38745.21715111826 19608.76382978903 100862.69799804688 11732.89599609375 39086.556185181376 171
stats: users_count 124 549
stats: finish_users_count 51 222
stats: request 963 50.654643438067914 113.24424381340462 4651.62890625 5.966064453125 49.72448104546206 3959
stats: connect 122 1.3817198706454918 0.4607140674069636 116.51611328125 0.802001953125 1.9914400718454492 423
stats: page 834 56.586304296406624 118.27221864543128 4707.177001953125 6.9580078125 58.27872962195268 3379
stats: tr_play_game__ready_page 53 32.868675375884436 36.16137956274298 473.781982421875 8.067138671875 20.40944271193025 181
stats: 302 31 183
stats: tr_quiz_new_POST 9 26.70022243923611 12.011908332104339 75.967041015625 13.698974609375 26.262091064453124 40
stats: 200 861 4348
stats: tr_question_new_POST 72 15.849755181206596 11.347900941235379 1180.85009765625 6.06201171875 24.423213958740234 320
stats: size_rcv 3304791 16288781
stats: tr_play_game__leaderboard 13 27.74712665264423 19.817899162504137 90.85791015625 8.801025390625 19.65823509579613 84
stats: newphase 1 5
stats: tr_friend_requests 19 64.01878597861842 123.10920048933129 891.849853515625 10.449951171875 51.1380019769436 82
stats: size_sent 832539 4331467
stats: tr_friends 17 52.24286247702206 58.620604453430545 615.680908203125 15.197021484375 52.82415412454044 68
stats: connected 71 323
stats: tr_search_all_users 20 225.8410888671875 488.9525287039826 2341.339111328125 55.6259765625 97.89749404131356 59
stats: 404 72 392
stats: tr_browse_quizzes_page_1 70 76.54267926897322 58.686839768983106 4520.903076171875 21.548095703125 153.26104646128385 203
stats: tr_play_game__1st_question 49 40.80768195950255 75.88279448343917 533.552001953125 8.22998046875 27.565620814732142 175
stats: tr_play_game__answer_to_question 46 39.842168393342384 93.98833332930606 649.902099609375 7.343017578125 22.586409395973153 149
stats: tr_index 72 31.443929036458332 39.924165688335876 1276.35205078125 7.757080078125 30.742865416061047 215
stats: tr_quizzes_page_INDEX 15 37.06975911458333 27.85207668483842 162.275146484375 9.708984375 23.183244977678573 56
stats: tr_quiz_questions_SHOW 72 28.512603759765625 31.660101101296345 899.751953125 9.197998046875 27.57812042236328 320
# stats: dump at 1449362513
stats: users 447 447
stats: {recvpackets,"tsung_controller@ip-172-30-3-224"} 1 4529.0 0.0 4529 149 1113.4666666666667 15
stats: {sentpackets,"tsung_controller@ip-172-30-3-224"} 1 4523.0 0.0 4523 159 1112.6 15
stats: {cpu,"tsung_controller@ip-172-30-3-224"} 1 12.054001928640307 0.0 12.054001928640307 1.477832512315271 3.852448296291204 16
stats: {load,"tsung_controller@ip-172-30-3-224"} 1 0.0 0.0 0.0 0.0 0.0 16
stats: {freemem,"tsung_controller@ip-172-30-3-224"} 1 3127.671875 0.0 3170.9453125 3127.671875 3160.00537109375 16
stats: session 34 38109.15642951516 16284.214204794947 100862.69799804688 11732.89599609375 39008.140461139854 222
stats: users_count 154 703
stats: finish_users_count 34 256
stats: request 1125 88.07287630208332 210.19737801837795 4651.62890625 5.966064453125 49.90646933966756 4922
stats: connect 154 1.5171263063108764 0.8310819537673124 116.51611328125 0.800048828125 1.8549522469896789 545
stats: page 1011 99.52173841648123 228.46279837008396 4707.177001953125 6.918212890625 57.94369930590582 4213
stats: tr_play_game__ready_page 71 53.10522117077464 49.367558639631795 473.781982421875 7.906982421875 23.231405665731838 234
stats: 302 54 237
stats: tr_quiz_new_POST 6 93.7852783203125 34.00751947651641 139.427978515625 13.698974609375 26.342564174107142 49
stats: 200 1031 5379
stats: tr_question_new_POST 40 41.79393920898438 40.28379744484523 1180.85009765625 6.06201171875 22.84849704041773 392
stats: size_rcv 3266890 19555671
stats: tr_play_game__leaderboard 24 34.07081095377604 27.976263980190648 99.35595703125 8.6259765625 20.74231334568299 97
stats: newphase 0 5
stats: tr_friend_requests 20 65.2864990234375 63.122208694104955 891.849853515625 10.449951171875 53.561119759436885 101
stats: size_sent 936532 5267999
stats: tr_friends 14 94.52399553571429 89.6952129635977 615.680908203125 15.197021484375 52.70789579503676 85
stats: connected 120 443
stats: tr_search_all_users 12 166.48345947265625 88.16317101691811 2341.339111328125 55.6259765625 130.2882775415348 79
stats: 404 40 432
stats: tr_browse_quizzes_page_1 64 176.59068298339844 306.93162443770836 4520.903076171875 21.548095703125 133.58967025812728 273
stats: tr_play_game__1st_question 68 47.045805089613964 49.496448412791054 533.552001953125 8.22998046875 30.46232169015067 224
stats: tr_play_game__answer_to_question 56 35.61221749441965 30.038723880795608 649.902099609375 7.343017578125 26.656998697916663 195
stats: tr_index 65 33.58752253605768 38.32164393487653 1276.35205078125 7.47607421875 30.918742003756535 287
stats: tr_quizzes_page_INDEX 18 69.92820909288194 68.10574120659969 250.3349609375 9.708984375 26.117015569982396 71
stats: tr_quiz_questions_SHOW 40 58.30765380859375 55.32279085756882 899.751953125 9.197998046875 27.749760219029017 392
# stats: dump at 1449362523
stats: users 556 559
stats: {recvpackets,"tsung_controller@ip-172-30-3-224"} 1 5412.0 0.0 5412 149 1326.9375 16
stats: {sentpackets,"tsung_controller@ip-172-30-3-224"} 1 5197.0 0.0 5197 159 1325.75 16
stats: {cpu,"tsung_controller@ip-172-30-3-224"} 1 13.482056256062075 0.0 13.482056256062075 1.477832512315271 4.334892627605857 17
stats: {load,"tsung_controller@ip-172-30-3-224"} 1 0.0 0.0 0.0 0.0 0.0 17
stats: {freemem,"tsung_controller@ip-172-30-3-224"} 1 3112.9296875 0.0 3170.9453125 3112.9296875 3158.103400735294 17
stats: session 59 35754.908914857006 12879.371562979757 100862.69799804688 11732.89599609375 38888.7441444397 256
stats: users_count 168 871
stats: finish_users_count 59 315
stats: request 1609 133.86571051749934 168.43499316441984 4651.62890625 5.966064453125 57.00704943437861 6047
stats: connect 171 1.7048996596308472 2.4294097473665985 116.51611328125 0.7890625 1.7805242142793276 699
stats: page 1379 155.66618983411885 202.48372555347828 4707.177001953125 6.918212890625 65.99029148446472 5224
stats: tr_play_game__ready_page 76 111.25373278166118 90.44943737626924 538.93017578125 7.906982421875 30.185638127561475 305
stats: 302 59 296
stats: tr_quiz_new_POST 19 136.24739155016448 129.96289344631288 400.39892578125 13.698974609375 33.699951171875 55
stats: 200 1426 6805
stats: tr_question_new_POST 123 64.43658496887701 68.94855050010334 1180.85009765625 6.06201171875 24.602704648618346 432
stats: size_rcv 4692021 24247692
stats: tr_play_game__leaderboard 38 99.36211194490132 95.62676395745468 473.642822265625 8.6259765625 23.385982292742767 121
stats: newphase 0 5
stats: tr_friend_requests 44 157.21213600852272 129.70709044911902 891.849853515625 10.449951171875 55.49919897662706 121
stats: size_sent 1446384 6714383
stats: tr_friends 29 165.7554805360991 96.44113792086878 615.680908203125 15.197021484375 58.62128363715278 99
stats: connected 113 556
stats: tr_search_all_users 20 260.8985961914062 121.28765190479432 2341.339111328125 55.6259765625 135.06126856541894 91
stats: 404 123 555
stats: tr_browse_quizzes_page_1 79 212.98734795292722 140.39280085759273 4520.903076171875 21.4580078125 141.75603469260014 337
stats: tr_play_game__1st_question 67 119.96240234375 91.29954493077814 533.552001953125 8.22998046875 34.32422878317637 292
stats: tr_play_game__answer_to_question 54 90.441564489294 82.31750108742003 649.902099609375 7.343017578125 28.6549757999253 251
stats: tr_index 80 81.65328979492189 82.5591810839831 1276.35205078125 7.47607421875 31.411556590687145 352
stats: tr_quizzes_page_INDEX 21 90.36722237723214 99.01500111721434 404.826904296875 9.708984375 34.977706394838485 89
stats: tr_quiz_questions_SHOW 120 84.35672200520834 74.42368081657222 899.751953125 9.197998046875 30.57919481065538 432
# stats: dump at 1449362533
stats: users 695 695
stats: {recvpackets,"tsung_controller@ip-172-30-3-224"} 1 7638.0 0.0 7638 149 1567.235294117647 17
stats: {sentpackets,"tsung_controller@ip-172-30-3-224"} 1 6935.0 0.0 6935 159 1553.4705882352941 17
stats: {cpu,"tsung_controller@ip-172-30-3-224"} 1 16.472868217054263 0.0 16.472868217054263 1.477832512315271 4.843068384742313 18
stats: {load,"tsung_controller@ip-172-30-3-224"} 1 0.0 0.0 0.0 0.0 0.0 18
stats: {freemem,"tsung_controller@ip-172-30-3-224"} 1 3097.53515625 0.0 3170.9453125 3097.53515625 3155.59375 18
stats: session 81 38400.241189838925 16128.186179676963 100862.69799804688 11125.638916015625 38301.77183159722 315
stats: users_count 220 1091
stats: finish_users_count 81 396
stats: request 1819 293.1617645716655 232.96565546152794 4651.62890625 5.966064453125 73.15981663431869 7656
stats: connect 220 1.4553278142755681 0.6164035939220514 116.51611328125 0.7490234375 1.7656600776760059 870
stats: page 1563 338.676429480066 296.56242147314754 4707.177001953125 6.918212890625 84.71860646616592 6603
stats: tr_play_game__ready_page 69 240.7962805706522 145.17924879049193 552.049072265625 7.906982421875 46.356701628116795 381
stats: 302 64 360
stats: tr_quiz_new_POST 17 291.7711827895221 209.8535679446384 747.64404296875 13.698974609375 60.029699377111484 74
stats: 200 1619 8424
stats: tr_question_new_POST 136 175.06958905388325 146.37096001344443 1180.85009765625 6.06201171875 33.430753800675674 555
stats: size_rcv 5310952 29558644
stats: tr_play_game__leaderboard 38 280.70765445106906 178.92111754159623 703.192138671875 8.6259765625 41.543799442315255 159
stats: newphase 1 6
stats: tr_friend_requests 34 242.21276137408088 153.30456859679728 891.849853515625 10.449951171875 82.62264885179924 165
stats: size_sent 1615911 8330294
stats: tr_friends 39 308.70137219551293 147.8670938792084 615.680908203125 15.197021484375 82.89387512207031 128
stats: connected 137 693
stats: tr_search_all_users 32 434.1565246582031 159.7122088766055 2341.339111328125 55.6259765625 157.7346609304617 111
stats: 404 136 691
stats: tr_browse_quizzes_page_1 85 407.0613712086397 181.35804748097226 4520.903076171875 21.4580078125 155.28313504732571 416
stats: tr_play_game__1st_question 74 229.43787280933273 154.29566091458636 571.6220703125 8.218994140625 50.30684056189067 359
stats: tr_play_game__answer_to_question 78 255.33324256310095 149.3535071428692 649.902099609375 7.343017578125 39.5942406826332 305
stats: tr_index 103 242.530007964199 151.2463446082711 1276.35205078125 7.47607421875 40.71558125813802 432
stats: tr_quizzes_page_INDEX 29 307.4080515894397 156.72584505805779 631.465087890625 9.708984375 45.55206853693182 110
stats: tr_quiz_questions_SHOW 135 208.37088216145838 155.97538317580432 899.751953125 9.197998046875 42.26996159207994 552
# stats: dump at 1449362543
stats: users 933 933
stats: {recvpackets,"tsung_controller@ip-172-30-3-224"} 1 9276.0 0.0 9276 149 1904.5 18
stats: {sentpackets,"tsung_controller@ip-172-30-3-224"} 1 8313.0 0.0 8313 159 1852.4444444444443 18
stats: {cpu,"tsung_controller@ip-172-30-3-224"} 1 18.86429258902791 0.0 18.86429258902791 1.477832512315271 5.455163112758732 19
stats: {load,"tsung_controller@ip-172-30-3-224"} 1 0.0 0.0 0.0 0.0 0.0 19
stats: {freemem,"tsung_controller@ip-172-30-3-224"} 1 3082.26953125 0.0 3170.9453125 3082.26953125 3152.5380345394738 19
stats: session 72 46061.51684570313 14424.210784234247 100862.69799804688 11125.638916015625 38321.91329123757 396
stats: users_count 310 1401
stats: finish_users_count 72 468
stats: request 1689 954.5047151374695 451.5207552846844 4651.62890625 5.966064453125 115.39554679769958 9475
stats: connect 309 1.4396775131472492 0.5617025949773484 116.51611328125 0.7490234375 1.7030242079988531 1090
stats: page 1504 1038.4459540184514 585.7159183983365 4707.177001953125 6.918212890625 133.3269921348808 8166
stats: tr_play_game__ready_page 98 865.788407306282 422.3426799581448 2142.81005859375 7.906982421875 76.17077039930555 450
stats: 302 75 435
stats: tr_quiz_new_POST 22 862.6814186789773 394.1491406636937 1670.539794921875 13.698974609375 103.32206441019918 91
stats: 200 1555 9979
stats: tr_question_new_POST 60 839.0323323567708 435.775724117047 2112.241943359375 6.06201171875 61.30757231650235 691
stats: size_rcv 4986959 34545603
stats: tr_play_game__leaderboard 45 859.0146213107639 401.3047788199926 1629.138916015625 8.6259765625 87.67692883486676 197
stats: newphase 0 6
stats: tr_friend_requests 28 839.0660226004464 418.04597153284504 1987.758056640625 10.449951171875 109.88930124254082 199
stats: size_sent 1566182 9896476
stats: tr_friends 28 1064.4318673270088 406.1148075992192 2202.171875 15.197021484375 135.62736246257487 167
stats: connected 235 928
stats: tr_search_all_users 28 983.584978376116 421.74681291361003 2341.339111328125 55.6259765625 219.5913017646416 143
stats: 404 60 751
stats: tr_browse_quizzes_page_1 130 1069.4109506460336 412.11277744331846 4520.903076171875 21.4580078125 198.0000014619199 501
stats: tr_play_game__1st_question 81 957.0275215808256 376.49499875727133 1957.323974609375 8.218994140625 80.92045808223874 433
stats: tr_play_game__answer_to_question 64 869.373733520508 386.8212943419581 2140.72802734375 7.343017578125 83.53064315437337 383
stats: tr_index 134 905.1954928725514 414.154151215558 2198.658203125 7.47607421875 79.56957368939837 535
stats: tr_quizzes_page_INDEX 25 986.317138671875 434.0107648080174 2156.7080078125 9.708984375 100.1838923392536 139
stats: tr_quiz_questions_SHOW 56 826.2408360072546 415.7039329475508 1631.7978515625 9.197998046875 74.90988048125911 687
# stats: dump at 1449362553
stats: users 1181 1181
stats: {recvpackets,"tsung_controller@ip-172-30-3-224"} 1 8710.0 0.0 9276 149 2292.4736842105262 19
stats: {sentpackets,"tsung_controller@ip-172-30-3-224"} 1 8218.0 0.0 8313 159 2192.4736842105262 19
stats: {cpu,"tsung_controller@ip-172-30-3-224"} 1 20.47846889952153 0.0 20.47846889952153 1.477832512315271 6.12561958657219 20
stats: {load,"tsung_controller@ip-172-30-3-224"} 1 0.0 0.0 0.0 0.0 0.0 20
stats: {freemem,"tsung_controller@ip-172-30-3-224"} 1 3051.88671875 0.0 3170.9453125 3051.88671875 3149.024609375 20
stats: session 66 48288.93370842211 15200.890715937605 100862.69799804688 11125.638916015625 39512.62153038612 468
stats: users_count 314 1715
stats: finish_users_count 66 534
stats: request 1897 1951.8337282654356 948.7030311855664 4651.62890625 1.14013671875 242.3442556230195 11164
stats: connect 316 1.4395257491099693 0.9581340584134216 116.51611328125 0.7490234375 1.6448582832603647 1399
stats: page 1673 2184.20334681336 1302.401615841983 6792.981201171875 1.225830078125 274.1024749345592 9670
stats: tr_play_game__ready_page 115 1893.3109608525815 916.0918325923285 3316.778076171875 1.281005859375 217.37976386077216 548
stats: 302 104 539
stats: tr_quiz_new_POST 23 1758.381443189538 870.0130250856355 2747.328857421875 2.381103515625 251.16193869261616 113
stats: 200 1439 11418
stats: tr_question_new_POST 54 1723.7716064453127 976.1368243704395 3208.929931640625 1.449951171875 123.44270627444656 751
stats: size_rcv 4417636 38963239
stats: tr_play_game__leaderboard 44 1570.01816073331 1077.2809143246245 2983.8369140625 1.425048828125 231.1074914853435 242
stats: newphase 0 6
stats: tr_friend_requests 48 1774.6092071533203 970.4753665956753 3187.01513671875 1.56689453125 199.83180431752479 227
stats: 422 3 3
stats: tr_friends 29 2217.1947316136852 698.9970405900382 3237.1240234375 1.923095703125 268.9941631610577 195
stats: size_sent 1609200 11505676
stats: tr_search_all_users 27 1951.9623209635417 1020.9178217360469 3246.220947265625 1.649169921875 344.6896815606725 171
stats: connected 250 1178
stats: tr_browse_quizzes_page_1 107 2024.7650751131725 999.1173501895792 4520.903076171875 1.410888671875 377.5299909927199 631
stats: 503 304 304
stats: tr_play_game__1st_question 100 2020.858349609375 806.9869963931334 3199.498046875 1.81005859375 218.98402256353356 514
stats: 404 41 792
stats: tr_play_game__answer_to_question 81 2026.2859489535108 842.1290225130281 3113.64794921875 2.14208984375 196.04509009717566 447
stats: 500 7 7
stats: tr_index 145 1965.2987321524784 842.2290369535675 3142.68408203125 2.239013671875 244.94158141816143 669
stats: tr_quizzes_page_INDEX 29 1735.4295528017242 1135.3508314631667 3411.634033203125 1.56298828125 235.2651798899581 164
stats: tr_quiz_questions_SHOW 50 1735.0896386718748 987.2802448812901 2863.587158203125 1.35791015625 131.53778560838663 743
# stats: dump at 1449362563
stats: users 1218 1260
stats: {recvpackets,"tsung_controller@ip-172-30-3-224"} 1 9184.0 0.0 9276 149 2613.35 20
stats: {sentpackets,"tsung_controller@ip-172-30-3-224"} 1 8757.0 0.0 8757 159 2493.75 20
stats: {cpu,"tsung_controller@ip-172-30-3-224"} 1 20.914396887159533 0.0 20.914396887159533 1.477832512315271 6.80908860147454 21
stats: {load,"tsung_controller@ip-172-30-3-224"} 1 0.078125 0.0 0.078125 0.0 0.0 21
stats: {freemem,"tsung_controller@ip-172-30-3-224"} 1 3028.734375 0.0 3170.9453125 3028.734375 3144.398995535714 21
stats: session 85 46306.78802562039 13483.75430464511 100862.69799804688 11125.638916015625 40597.33427149169 534
stats: users_count 122 1837
stats: finish_users_count 85 619
stats: request 2398 1711.0596391361291 1321.224074892252 4651.62890625 1.14013671875 490.63317144896416 13061
stats: connect 124 1.4548123267389113 0.8855551153048968 116.51611328125 0.7490234375 1.6070244169096213 1715
stats: page 2035 1962.8620214363862 1637.2055267032183 7626.866943359375 1.195068359375 555.8267770286467 11343
stats: tr_play_game__ready_page 128 1870.5148220062256 1135.158561242464 3454.924072265625 1.281005859375 508.07672864819006 663
stats: 302 130 669
stats: tr_quiz_new_POST 25 1357.7594726562497 1313.4635933127886 3034.44189453125 1.651123046875 506.05935489430146 136
stats: 200 1295 12713
stats: tr_question_new_POST 135 1260.2180862991893 1307.1374235251071 3436.696044921875 1.31494140625 230.7939616896351 805
stats: size_rcv 4805986 43769225
stats: tr_play_game__leaderboard 36 1632.5507066514756 1193.5053647031746 3097.403076171875 1.425048828125 437.093748292723 286
stats: newphase 0 6
stats: tr_friend_requests 62 1575.8126732610888 1327.3532333934418 3536.0009765625 1.50390625 474.7020419034091 275
stats: 422 29 32
stats: tr_friends 56 1547.302490234375 1363.7138301809944 3457.552978515625 1.3349609375 521.2165581839425 224
stats: size_sent 2132478 13638154
stats: tr_search_all_users 39 1546.8938927283655 1382.565295705177 3551.719970703125 1.638916015625 563.8632232974275 198
stats: connected 39 1217
stats: tr_browse_quizzes_page_1 155 2133.906609122984 1208.05266722308 4520.903076171875 1.343017578125 616.3567579315932 738
stats: 503 856 1160
stats: tr_play_game__1st_question 130 1480.4038574218753 1297.4706107739507 3379.93896484375 1.386962890625 512.4488966752341 614
stats: 404 56 848
stats: tr_play_game__answer_to_question 110 1560.458451704546 1255.1871875849488 3446.923828125 1.362060546875 476.82067639899975 528
stats: 500 30 37
stats: tr_index 97 2017.8619800056379 1103.508435995088 3486.47412109375 2.239013671875 551.3934080231687 814
stats: tr_quizzes_page_INDEX 59 1641.3723723847984 1301.438648105037 3454.921142578125 1.3701171875 460.67847944664834 193
stats: tr_quiz_questions_SHOW 121 1195.3882602660124 1338.5035806215046 3577.612060546875 1.2431640625 232.64445982424337 793
# stats: dump at 1449362573
stats: users 1099 1260
stats: {recvpackets,"tsung_controller@ip-172-30-3-224"} 1 8853.0 0.0 9276 149 2926.2380952380954 21
stats: {sentpackets,"tsung_controller@ip-172-30-3-224"} 1 8065.0 0.0 8757 159 2792.0 21
stats: {cpu,"tsung_controller@ip-172-30-3-224"} 1 18.28793774319066 0.0 20.914396887159533 1.477832512315271 7.4502389780965865 22
stats: {load,"tsung_controller@ip-172-30-3-224"} 1 0.2109375 0.0 0.2109375 0.0 0.0035511363636363635 22
stats: {freemem,"tsung_controller@ip-172-30-3-224"} 1 3021.09765625 0.0 3170.9453125 3021.09765625 3139.141512784091 22
stats: session 119 53948.130518809085 17110.760219542026 133222.84399414063 11125.638916015625 41381.34649944151 619
stats: users_count 0 1837
stats: finish_users_count 119 738
stats: request 2173 1832.3979304559878 872.2699421953846 4944.54296875 1.14013671875 679.945718800916 15459
stats: connect 1 1.3798828125 0.0 116.51611328125 0.7490234375 1.5967610677083335 1839
stats: page 1847 2225.2574464873387 1366.3992455143484 7847.720947265625 1.195068359375 769.8585248511724 13378
stats: tr_play_game__ready_page 105 1983.5685081845238 722.8809834952176 3703.830078125 1.281005859375 728.5471154368481 791
stats: 302 178 847
stats: tr_quiz_new_POST 32 1876.3694305419922 895.9926717890395 3552.051025390625 1.61376953125 638.3109259753494 161
stats: 200 1514 14227
stats: tr_question_new_POST 139 1531.1755107632644 885.2077518844088 3479.842041015625 1.31494140625 378.6367880963264 940
stats: size_rcv 4808591 48577816
stats: tr_play_game__leaderboard 62 1700.9257064327116 703.2342421940505 3243.765869140625 1.425048828125 570.7473212769313 322
stats: newphase 0 6
stats: tr_friend_requests 87 1965.793283045977 663.5383224412534 4053.5751953125 1.50390625 677.2802589484421 337
stats: 422 36 68
stats: tr_friends 61 1832.7944415983607 817.4453911787386 3493.141845703125 1.3349609375 726.433744594029 280
stats: size_sent 2023342 15661496
stats: tr_search_all_users 54 2111.5539279513882 898.6512347034292 4145.384033203125 1.638916015625 725.6277638366956 237
stats: connected -112 1105
stats: tr_browse_quizzes_page_1 18 2750.6715087890625 907.9607908546426 4520.903076171875 1.343017578125 879.7612673769073 893
stats: 503 274 1434
stats: tr_play_game__1st_question 128 1774.7372093200684 813.78918081467 4003.51513671875 1.386962890625 681.580811859459 744
stats: 404 103 951
stats: tr_play_game__answer_to_question 126 1744.2297867063487 722.6743301310443 3464.0068359375 1.362060546875 663.6547755896112 638
stats: 500 72 109
stats: tr_index 0 0 0 3486.47412109375 2.239013671875 707.537701637109 911
stats: tr_quizzes_page_INDEX 52 1834.1634427584136 742.5974609876083 3685.19091796875 1.3701171875 737.1107797774058 252
stats: tr_quiz_questions_SHOW 138 1653.119188391644 916.2507829799282 4100.995849609375 1.2431640625 360.0974137120487 914
# stats: dump at 1449362583
stats: users 969 1260
stats: {recvpackets,"tsung_controller@ip-172-30-3-224"} 1 9821.0 0.0 9821 149 3195.6363636363635 22
stats: {sentpackets,"tsung_controller@ip-172-30-3-224"} 1 8150.0 0.0 8757 159 3031.681818181818 22
stats: {cpu,"tsung_controller@ip-172-30-3-224"} 1 17.78846153846154 0.0 20.914396887159533 1.477832512315271 7.921443272231111 23
stats: {load,"tsung_controller@ip-172-30-3-224"} 1 0.1796875 0.0 0.2109375 0.0 0.012567934782608696 23
stats: {freemem,"tsung_controller@ip-172-30-3-224"} 1 3014.69140625 0.0 3170.9453125 3014.69140625 3134.009171195652 23
stats: session 130 54493.797631835936 14637.596847339284 133222.84399414063 11125.638916015625 43407.697852157966 738
stats: users_count 0 1837
stats: finish_users_count 130 868
stats: request 2193 1596.0289263779634 430.05180094707765 4944.54296875 1.14013671875 821.9760418457475 17632
stats: connect 0 0 0 116.51611328125 0.7490234375 1.5966431990913725 1840
stats: page 1794 1954.0583368171683 858.1855022475614 7847.720947265625 1.195068359375 946.4182495317635 15225
stats: tr_play_game__ready_page 13 1454.2447415865386 500.3019601178217 3703.830078125 1.281005859375 875.6199348994663 896
stats: 302 214 1061
stats: tr_quiz_new_POST 44 1656.9274236505682 297.31336652518473 3552.051025390625 1.61376953125 843.5848749190415 193
stats: 200 1576 15803
stats: tr_question_new_POST 208 1529.7957540658806 328.9776669258521 3479.842041015625 1.31494140625 527.1102658078227 1079
stats: size_rcv 5293754 53871570
stats: tr_play_game__leaderboard 70 1549.0724225725446 333.8053324775632 3243.765869140625 1.425048828125 753.2240397135416 384
stats: newphase 0 6
stats: tr_friend_requests 64 1555.4556503295896 464.93300877673744 4053.5751953125 1.50390625 941.6685445533609 424
stats: 422 61 129
stats: tr_friends 70 1533.838556780134 645.6336486284808 3493.141845703125 1.3349609375 924.3457754364462 341
stats: size_sent 2204441 17865937
stats: tr_search_all_users 68 1778.9780417049633 458.55504507074164 4145.384033203125 1.638916015625 982.8099386208655 291
stats: connected -129 976
stats: tr_browse_quizzes_page_1 0 0 0 4520.903076171875 1.343017578125 916.7276607308248 911
stats: 503 59 1493
stats: tr_play_game__1st_question 35 1620.89716796875 420.80048357319913 4003.51513671875 1.386962890625 842.0441362573466 872
stats: 404 179 1130
stats: tr_play_game__answer_to_question 101 1544.5133793896969 396.54730066866335 3464.0068359375 1.362060546875 841.864790512005 764
stats: 500 100 209
stats: tr_index 0 0 0 3486.47412109375 2.239013671875 707.537701637109 911
stats: tr_quizzes_page_INDEX 28 1589.87451171875 335.08210705898296 3685.19091796875 1.3701171875 924.7645247609992 304
stats: tr_quiz_questions_SHOW 202 1535.3137630047188 358.4359857871181 4100.995849609375 1.2431640625 529.7143385274329 1052
# stats: dump at 1449362593
stats: users 770 1260
stats: {recvpackets,"tsung_controller@ip-172-30-3-224"} 1 10229.0 0.0 10229 149 3483.695652173913 23
stats: {sentpackets,"tsung_controller@ip-172-30-3-224"} 1 8021.0 0.0 8757 159 3254.217391304348 23
stats: {cpu,"tsung_controller@ip-172-30-3-224"} 1 16.247582205029012 0.0 20.914396887159533 1.477832512315271 8.332569033324047 24
stats: {load,"tsung_controller@ip-172-30-3-224"} 1 0.23046875 0.0 0.23046875 0.0 0.01953125 24
stats: {freemem,"tsung_controller@ip-172-30-3-224"} 1 3010.7109375 0.0 3170.9453125 3010.7109375 3129.03759765625 24
stats: session 199 58420.5888671875 15486.048220715702 134551.67919921875 11125.638916015625 45068.05841823877 868
stats: users_count 0 1837
stats: finish_users_count 199 1067
stats: request 2403 1330.7748719658707 365.7674981922469 4944.54296875 1.14013671875 907.6001515950111 19825
stats: connect 3 2.3727213541666665 1.218916895163195 116.51611328125 0.7490234375 1.5966431990913725 1840
stats: page 1929 1668.9590515801176 732.158922764166 7847.720947265625 1.195068359375 1052.6352021488397 17019
stats: tr_play_game__ready_page 2 1101.806396484375 226.280517578125 3703.830078125 1.281005859375 883.8950971513167 909
stats: 302 278 1339
stats: tr_quiz_new_POST 39 1362.7590332031252 385.4162340560819 3552.051025390625 1.61376953125 994.5851793248945 237
stats: 200 1687 17490
stats: tr_question_new_POST 344 1238.7456515999725 347.7573728512424 3479.842041015625 1.31494140625 689.1604457283169 1287
stats: size_rcv 5969969 59841539
stats: tr_play_game__leaderboard 99 1244.8183643071332 311.0796370758734 3243.765869140625 1.425048828125 875.9319401543571 454
stats: newphase 0 6
stats: tr_friend_requests 39 1424.960173778045 351.10018602053947 4053.5751953125 1.50390625 1022.1652141633581 488
stats: 422 94 223
stats: tr_friends 60 1448.191044108073 316.5677139153843 3493.141845703125 1.3349609375 1028.1523318696777 411
stats: size_sent 2330877 20196814
stats: tr_search_all_users 69 1494.001171167346 374.28417416374066 4145.384033203125 1.638916015625 1133.6161531326165 359
stats: connected -199 777
stats: tr_browse_quizzes_page_1 0 0 0 4520.903076171875 1.343017578125 916.7276607308248 911
stats: 503 1 1494
stats: tr_play_game__1st_question 3 1674.6806640625 177.65626405533035 4003.51513671875 1.386962890625 872.0991044049752 907
stats: 404 267 1397
stats: tr_play_game__answer_to_question 36 1335.6563042534722 365.0605863692707 3464.0068359375 1.362060546875 923.9081517566835 865
stats: 500 76 285
stats: tr_index 0 0 0 3486.47412109375 2.239013671875 707.537701637109 911
stats: tr_quizzes_page_INDEX 25 1410.87107421875 390.5833789132029 3685.19091796875 1.3701171875 980.8581381188818 332
stats: tr_quiz_questions_SHOW 331 1262.3037382281427 325.41776882982975 4100.995849609375 1.2431640625 691.7008486904406 1254
# stats: dump at 1449362603
stats: users 488 1260
stats: {recvpackets,"tsung_controller@ip-172-30-3-224"} 1 11491.0 0.0 11491 149 3764.75 24
stats: {sentpackets,"tsung_controller@ip-172-30-3-224"} 1 8632.0 0.0 8757 159 3452.8333333333335 24
stats: {cpu,"tsung_controller@ip-172-30-3-224"} 1 16.375968992248062 0.0 20.914396887159533 1.477832512315271 8.649169560192245 25
stats: {load,"tsung_controller@ip-172-30-3-224"} 1 0.19140625 0.0 0.23046875 0.0 0.02796875 25
stats: {freemem,"tsung_controller@ip-172-30-3-224"} 1 3009.390625 0.0 3170.9453125 3009.390625 3124.30453125 25
stats: session 282 63580.73856002049 15103.95933401272 158867.67895507813 11125.638916015625 47558.3616603576 1067
stats: users_count 0 1837
stats: finish_users_count 282 1349
stats: request 2639 773.747501791043 396.2681638648432 4944.54296875 1.14013671875 953.3482554753051 22228
stats: connect 2 1.396484375 0.468505859375 116.51611328125 0.7490234375 1.5979064842054398 1843
stats: page 2033 1019.3319658015764 638.5329194251141 7847.720947265625 1.195068359375 1115.3800145592752 18948
stats: tr_play_game__ready_page 0 0 0 3703.830078125 1.281005859375 884.3734973693914 911
stats: 302 387 1726
stats: tr_quiz_new_POST 23 813.330417798913 331.25114327896654 3552.051025390625 1.61376953125 1046.609745633775 276
stats: 200 1652 19142
stats: tr_question_new_POST 519 715.9446346452011 374.3686691561629 3479.842041015625 1.31494140625 805.0754125093405 1631
stats: size_rcv 6460192 66301731
stats: tr_play_game__leaderboard 134 747.8676940006997 378.78633381068215 3243.765869140625 1.425048828125 941.9712819104599 553
stats: newphase 0 6
stats: tr_friend_requests 18 961.5479736328125 284.5571160631053 4053.5751953125 1.50390625 1051.9735698084678 527
stats: 422 165 388
stats: tr_friends 49 912.652642697704 410.0390776268619 3493.141845703125 1.3349609375 1081.6604480783906 471
stats: size_sent 2564661 22761475
stats: tr_search_all_users 60 966.9269287109378 456.74266606200774 4145.384033203125 1.638916015625 1191.715606974664 428
stats: connected -274 503
stats: tr_browse_quizzes_page_1 0 0 0 4520.903076171875 1.343017578125 916.7276607308248 911
stats: 503 0 1494
stats: tr_play_game__1st_question 1 664.305908203125 0.0 4003.51513671875 1.386962890625 874.7449776785714 910
stats: 404 359 1756
stats: tr_play_game__answer_to_question 8 1304.0500183105469 285.48693969121763 3464.0068359375 1.362060546875 940.359798249341 901
stats: 500 77 362
stats: tr_index 0 0 0 3486.47412109375 2.239013671875 707.537701637109 911
stats: tr_quizzes_page_INDEX 9 930.9010959201389 370.12563546104894 3685.19091796875 1.3701171875 1010.9710888261554 357
stats: tr_quiz_questions_SHOW 535 729.4592768874127 371.06257102670634 4100.995849609375 1.2431640625 810.8614521207114 1585
# stats: dump at 1449362613
stats: users 250 1260
stats: {recvpackets,"tsung_controller@ip-172-30-3-224"} 1 11320.0 0.0 11491 149 4073.8 25
stats: {sentpackets,"tsung_controller@ip-172-30-3-224"} 1 8338.0 0.0 8757 159 3660.0 25
stats: {cpu,"tsung_controller@ip-172-30-3-224"} 1 15.54054054054054 0.0 20.914396887159533 1.477832512315271 8.946354153732853 26
stats: {load,"tsung_controller@ip-172-30-3-224"} 1 0.16015625 0.0 0.23046875 0.0 0.034254807692307696 26
stats: {freemem,"tsung_controller@ip-172-30-3-224"} 1 3010.3203125 0.0 3170.9453125 3009.390625 3119.884765625 26
stats: session 238 66255.44158473934 12417.155260298394 158867.67895507813 11125.638916015625 50907.73918867853 1349
stats: users_count 0 1837
stats: finish_users_count 238 1587
stats: request 1953 307.46541466153866 316.80423376418355 4944.54296875 1.14013671875 934.2882004235189 24867
stats: connect 1 1.552978515625 0.0 116.51611328125 0.7490234375 1.5976881404556236 1845
stats: page 1489 420.9286871628923 483.63496394846976 7847.720947265625 1.195068359375 1106.0732282705187 20981
stats: tr_play_game__ready_page 0 0 0 3703.830078125 1.281005859375 884.3734973693914 911
stats: 302 258 1984
stats: tr_quiz_new_POST 27 247.32200339988418 324.7533812722909 3552.051025390625 1.61376953125 1028.66518195417 299
stats: 200 1231 20373
stats: tr_question_new_POST 412 293.24759118533814 296.05373273038396 3479.842041015625 1.31494140625 783.5596572946947 2150
stats: size_rcv 5001167 71302898
stats: tr_play_game__leaderboard 105 274.11502046130954 318.66022939430803 3243.765869140625 1.425048828125 904.1111934389784 687
stats: newphase 0 6
stats: tr_friend_requests 6 415.1354166666667 395.4701789038282 4053.5751953125 1.50390625 1048.9870363567948 545
stats: 422 115 503
stats: tr_friends 20 454.2982666015625 330.50647234933734 3493.141845703125 1.3349609375 1065.734712571364 520
stats: size_sent 1939588 24701063
stats: tr_search_all_users 40 450.66636352539064 355.86256183614273 4145.384033203125 1.638916015625 1164.0776547291239 488
stats: connected -247 256
stats: tr_browse_quizzes_page_1 0 0 0 4520.903076171875 1.343017578125 916.7276607308248 911
stats: 503 0 1494
stats: tr_play_game__1st_question 0 0 0 4003.51513671875 1.386962890625 874.5139797976983 911
stats: 404 307 2063
stats: tr_play_game__answer_to_question 2 662.121337890625 166.320556640625 3464.0068359375 1.362060546875 943.5605922652812 909
stats: 500 41 403
stats: tr_index 0 0 0 3486.47412109375 2.239013671875 707.537701637109 911
stats: tr_quizzes_page_INDEX 4 48.52520751953125 58.89696344877482 3685.19091796875 1.3701171875 1009.0021545743682 366
stats: tr_quiz_questions_SHOW 439 316.96146526640814 302.6875845309988 4100.995849609375 1.2431640625 790.3189220500441 2120
# stats: dump at 1449362623
stats: users 110 1260
stats: {recvpackets,"tsung_controller@ip-172-30-3-224"} 1 5833.0 0.0 11491 149 4352.5 26
stats: {sentpackets,"tsung_controller@ip-172-30-3-224"} 1 4678.0 0.0 8757 159 3839.923076923077 26
stats: {cpu,"tsung_controller@ip-172-30-3-224"} 1 9.47265625 0.0 20.914396887159533 1.477832512315271 9.190583279170175 27
stats: {load,"tsung_controller@ip-172-30-3-224"} 1 0.140625 0.0 0.23046875 0.0 0.03891782407407408 27
stats: {freemem,"tsung_controller@ip-172-30-3-224"} 1 3010.79296875 0.0 3170.9453125 3009.390625 3115.8268229166665 27
stats: session 140 72786.46229771206 11423.11006700172 158867.67895507813 11125.638916015625 53209.41100358873 1587
stats: users_count 0 1837
stats: finish_users_count 140 1727
stats: request 968 50.831700348657 100.35327715465023 4944.54296875 1.14013671875 888.6437223999116 26820
stats: connect 2 1.5185546875 0.10546875 116.51611328125 0.7490234375 1.5976639207238625 1846
stats: page 751 66.44302063394635 133.89092599098925 7847.720947265625 1.195068359375 1060.6713492447398 22470
stats: tr_play_game__ready_page 0 0 0 3703.830078125 1.281005859375 884.3734973693914 911
stats: 302 145 2129
stats: tr_quiz_new_POST 18 17.72158474392361 16.085687525385946 3552.051025390625 1.61376953125 963.952710110717 326
stats: 200 608 20981
stats: tr_question_new_POST 187 47.454455370571495 77.75153338999031 3479.842041015625 1.31494140625 704.7116591537678 2562
stats: size_rcv 2618450 73921348
stats: tr_play_game__leaderboard 77 32.372067141842535 52.761684238975675 3243.765869140625 1.425048828125 820.5889735366359 792
stats: newphase 0 6
stats: tr_friend_requests 2 34.8905029296875 0.1844482421875 4053.5751953125 1.50390625 1042.0848408610764 551
stats: 422 71 574
stats: tr_friends 9 53.70770941840278 40.7081000946717 3493.141845703125 1.3349609375 1043.0889182761864 540
stats: size_sent 981365 25682428
stats: tr_search_all_users 19 137.4815738075658 139.79789113498947 4145.384033203125 1.638916015625 1110.0313447894473 528
stats: connected -146 110
stats: tr_browse_quizzes_page_1 0 0 0 4520.903076171875 1.343017578125 916.7276607308248 911
stats: 503 0 1494
stats: tr_play_game__1st_question 0 0 0 4003.51513671875 1.386962890625 874.5139797976983 911
stats: 404 125 2188
stats: tr_play_game__answer_to_question 0 0 0 3464.0068359375 1.362060546875 942.9427234302107 911
stats: 500 19 422
stats: tr_index 0 0 0 3486.47412109375 2.239013671875 707.537701637109 911
stats: tr_quizzes_page_INDEX 2 18.7283935546875 8.0184326171875 3685.19091796875 1.3701171875 998.6186200116132 370
stats: tr_quiz_questions_SHOW 190 57.716055458470436 96.0800718013508 4100.995849609375 1.2431640625 709.1137936686388 2559
# stats: dump at 1449362633
stats: users 49 1260
stats: {recvpackets,"tsung_controller@ip-172-30-3-224"} 1 2226.0 0.0 11491 149 4407.333333333333 27
stats: {sentpackets,"tsung_controller@ip-172-30-3-224"} 1 2164.0 0.0 8757 159 3870.962962962963 27
stats: {cpu,"tsung_controller@ip-172-30-3-224"} 1 4.545454545454546 0.0 20.914396887159533 1.477832512315271 9.200657313842669 28
stats: {load,"tsung_controller@ip-172-30-3-224"} 1 0.19921875 0.0 0.23046875 0.0 0.04255022321428571 28
stats: {freemem,"tsung_controller@ip-172-30-3-224"} 1 3011.609375 0.0 3170.9453125 3009.390625 3112.075613839286 28
stats: session 61 82339.14928999105 10337.71599889772 158867.67895507813 11125.638916015625 54796.43311197163 1727
stats: users_count 0 1837
stats: finish_users_count 61 1788
stats: request 494 17.6820073301493 16.13282403140303 4944.54296875 1.14013671875 859.4583892580657 27788
stats: connect 2 1.364501953125 0.1865234375 116.51611328125 0.7490234375 1.59757830467059 1848
stats: page 362 24.176950697082184 19.658215908937514 7847.720947265625 1.195068359375 1028.5165981665473 23221
stats: tr_play_game__ready_page 0 0 0 3703.830078125 1.281005859375 884.3734973693914 911
stats: 302 1 2130
stats: tr_quiz_new_POST 14 21.216116768973215 6.054346747010577 3552.051025390625 1.61376953125 914.4406163415243 344
stats: 200 372 21353
stats: tr_question_new_POST 115 11.936351477581521 6.874857570919908 3479.842041015625 1.31494140625 660.0019112063477 2749
stats: size_rcv 1587296 75508644
stats: tr_play_game__leaderboard 25 16.80119140625 11.561107442502584 3243.765869140625 1.425048828125 750.7469691725403 869
stats: newphase 0 6
stats: tr_friend_requests 0 0 0 4053.5751953125 1.50390625 1038.44218502769 553
stats: 422 0 574
stats: tr_friends 2 53.4725341796875 4.2904052734375 3493.141845703125 1.3349609375 1026.8695541965506 549
stats: size_sent 521033 26203461
stats: tr_search_all_users 4 74.88421630859375 4.433095917080613 4145.384033203125 1.638916015625 1076.2499085030565 547
stats: connected -66 44
stats: tr_browse_quizzes_page_1 0 0 0 4520.903076171875 1.343017578125 916.7276607308248 911
stats: 503 0 1494
stats: tr_play_game__1st_question 0 0 0 4003.51513671875 1.386962890625 874.5139797976983 911
stats: 404 115 2303
stats: tr_play_game__answer_to_question 0 0 0 3464.0068359375 1.362060546875 942.9427234302107 911
stats: 500 6 428
stats: tr_index 0 0 0 3486.47412109375 2.239013671875 707.537701637109 911
stats: tr_quizzes_page_INDEX 0 0 0 3685.19091796875 1.3701171875 993.3503929876512 372
stats: tr_quiz_questions_SHOW 115 16.09942255434782 7.02072504171094 4100.995849609375 1.2431640625 664.0917601073685 2749
# stats: dump at 1449362643
stats: users 22 1260
stats: {recvpackets,"tsung_controller@ip-172-30-3-224"} 1 1313.0 0.0 11491 149 4329.428571428571 28
stats: {sentpackets,"tsung_controller@ip-172-30-3-224"} 1 1164.0 0.0 8757 159 3810.0 28
stats: {cpu,"tsung_controller@ip-172-30-3-224"} 1 2.9585798816568047 0.0 20.914396887159533 1.477832512315271 9.040133080449975 29
stats: {load,"tsung_controller@ip-172-30-3-224"} 1 0.171875 0.0 0.23046875 0.0 0.047952586206896554 29
stats: {freemem,"tsung_controller@ip-172-30-3-224"} 1 3022.35546875 0.0 3170.9453125 3009.390625 3108.611260775862 29
stats: session 27 90585.19008608218 9307.330725646854 158867.67895507813 11125.638916015625 55736.08953638952 1788
stats: users_count 0 1837
stats: finish_users_count 27 1815
stats: request 209 14.051150381279903 9.771648044727467 4944.54296875 1.14013671875 844.7551316146037 28282
stats: connect 1 1.496826171875 0.0 116.51611328125 0.7490234375 1.5973263302364866 1850
stats: page 154 19.11100471793832 12.676003953597698 7847.720947265625 1.195068359375 1013.099944119821 23583
stats: tr_play_game__ready_page 0 0 0 3703.830078125 1.281005859375 884.3734973693914 911
stats: 302 34 2164
stats: tr_quiz_new_POST 6 17.343505859375 9.926123401880325 3552.051025390625 1.61376953125 879.510049319134 358
stats: 200 121 21474
stats: tr_question_new_POST 48 11.242767333984375 4.9689878792233575 3479.842041015625 1.31494140625 633.979725672546 2864
stats: size_rcv 546325 76054969
stats: tr_play_game__leaderboard 11 13.074662642045455 5.398116766643582 3243.765869140625 1.425048828125 730.2227583848924 894
stats: newphase 0 6
stats: tr_friend_requests 0 0 0 4053.5751953125 1.50390625 1038.44218502769 553
stats: 422 19 593
stats: tr_friends 1 16.876953125 0.0 3493.141845703125 1.3349609375 1023.3363526719884 551
stats: size_sent 218484 26421945
stats: tr_search_all_users 1 77.98291015625 0.0 4145.384033203125 1.638916015625 1068.9804660914815 551
stats: connected -28 16
stats: tr_browse_quizzes_page_1 0 0 0 4520.903076171875 1.343017578125 916.7276607308248 911
stats: 503 0 1494
stats: tr_play_game__1st_question 0 0 0 4003.51513671875 1.386962890625 874.5139797976983 911
stats: 404 32 2335
stats: tr_play_game__answer_to_question 0 0 0 3464.0068359375 1.362060546875 942.9427234302107 911
stats: 500 3 431
stats: tr_index 0 0 0 3486.47412109375 2.239013671875 707.537701637109 911
stats: tr_quizzes_page_INDEX 0 0 0 3685.19091796875 1.3701171875 993.3503929876512 372
stats: tr_quiz_questions_SHOW 48 13.999781290690104 7.335947426778001 4100.995849609375 1.2431640625 638.0725147098135 2864
# stats: dump at 1449362653
stats: users 13 1260
stats: {recvpackets,"tsung_controller@ip-172-30-3-224"} 1 307.0 0.0 11491 149 4225.4137931034475 29
stats: {sentpackets,"tsung_controller@ip-172-30-3-224"} 1 308.0 0.0 8757 159 3718.7586206896553 29
stats: {cpu,"tsung_controller@ip-172-30-3-224"} 1 1.477832512315271 0.0 20.914396887159533 1.477832512315271 8.837414640490204 30
stats: {load,"tsung_controller@ip-172-30-3-224"} 1 0.140625 0.0 0.23046875 0.0 0.052083333333333336 30
stats: {freemem,"tsung_controller@ip-172-30-3-224"} 1 3028.1484375 0.0 3170.9453125 3009.390625 3105.7360677083334 30
stats: session 9 101247.84874131944 9428.309073996244 158867.67895507813 11125.638916015625 56254.50590820312 1815
stats: users_count 0 1837
stats: finish_users_count 9 1824
stats: request 69 14.88068599977355 6.68050857854093 4944.54296875 1.14013671875 838.6613780756699 28491
stats: connect 2 3.030517578125 1.424560546875 116.51611328125 0.7490234375 1.5972720351752434 1851
stats: page 50 20.584526367187507 8.518812348002585 7847.720947265625 1.195068359375 1006.6511807264735 23737
stats: tr_play_game__ready_page 0 0 0 3703.830078125 1.281005859375 884.3734973693914 911
stats: 302 0 2164
stats: tr_quiz_new_POST 2 24.08984375 3.2509765625 3552.051025390625 1.61376953125 865.2985128884787 364
stats: 200 52 21526
stats: tr_question_new_POST 16 9.154937744140625 2.716986692579476 3479.842041015625 1.31494140625 623.7148307548774 2912
stats: size_rcv 207845 76262814
stats: tr_play_game__leaderboard 4 18.39501953125 6.293842243211844 3243.765869140625 1.425048828125 721.5060411990677 905
stats: newphase 0 6
stats: tr_friend_requests 1 16.6240234375 0.0 4053.5751953125 1.50390625 1038.44218502769 553
stats: 422 0 593
stats: tr_friends 1 20.281005859375 0.0 3493.141845703125 1.3349609375 1021.5130566583164 552
stats: size_sent 72138 26494083
stats: tr_search_all_users 0 0 0 4145.384033203125 1.638916015625 1067.1851806640625 552
stats: connected -7 9
stats: tr_browse_quizzes_page_1 0 0 0 4520.903076171875 1.343017578125 916.7276607308248 911
stats: 503 0 1494
stats: tr_play_game__1st_question 0 0 0 4003.51513671875 1.386962890625 874.5139797976983 911
stats: 404 16 2351
stats: tr_play_game__answer_to_question 0 0 0 3464.0068359375 1.362060546875 942.9427234302107 911
stats: 500 1 432
stats: tr_index 0 0 0 3486.47412109375 2.239013671875 707.537701637109 911
stats: tr_quizzes_page_INDEX 0 0 0 3685.19091796875 1.3701171875 993.3503929876512 372
stats: tr_quiz_questions_SHOW 16 16.198135375976563 7.229006873993037 4100.995849609375 1.2431640625 627.7856015215862 2912
# stats: dump at 1449362663
stats: users 5 1260
stats: {recvpackets,"tsung_controller@ip-172-30-3-224"} 1 315.0 0.0 11491 149 4094.799999999999 30
stats: {sentpackets,"tsung_controller@ip-172-30-3-224"} 1 276.0 0.0 8757 159 3605.0666666666666 30
stats: {cpu,"tsung_controller@ip-172-30-3-224"} 1 1.4792899408284024 0.0 20.914396887159533 1.477832512315271 8.600008765387786 31
stats: {load,"tsung_controller@ip-172-30-3-224"} 1 0.12109375 0.0 0.23046875 0.0 0.05493951612903226 31
stats: {freemem,"tsung_controller@ip-172-30-3-224"} 1 3038.27734375 0.0 3170.9453125 3009.390625 3103.2332409274195 31
stats: session 8 107616.03414916992 5042.182063347391 158867.67895507813 11125.638916015625 56476.51253402442 1824
stats: users_count 0 1837
stats: finish_users_count 8 1832
stats: request 64 17.59394073486328 13.842737188373766 4944.54296875 1.14013671875 836.6711516137218 28560
stats: connect 1 1.547119140625 0.0 116.51611328125 0.7490234375 1.5988189812550595 1853
stats: page 45 25.07771267361111 16.008328376263393 7847.720947265625 1.195068359375 1004.5784799774103 23787
stats: tr_play_game__ready_page 0 0 0 3703.830078125 1.281005859375 884.3734973693914 911
stats: 302 0 2164
stats: tr_quiz_new_POST 2 20.6624755859375 1.0274658203125 3552.051025390625 1.61376953125 860.7017442046618 366
stats: 200 48 21574
stats: tr_question_new_POST 16 11.69097900390625 3.3765030715995987 3479.842041015625 1.31494140625 620.356579973398 2928
stats: size_rcv 235467 76498281
stats: tr_play_game__leaderboard 1 14.64794921875 0.0 3243.765869140625 1.425048828125 718.4120433039398 909
stats: newphase 0 6
stats: tr_friend_requests 0 0 0 4053.5751953125 1.50390625 1036.5977479129062 554
stats: 422 0 593
stats: tr_friends 1 18.7900390625 0.0 3493.141845703125 1.3349609375 1019.70251045434 553
stats: size_sent 68320 26562403
stats: tr_search_all_users 2 65.276123046875 1.3720703125 4145.384033203125 1.638916015625 1067.1851806640625 552
stats: connected -7 2
stats: tr_browse_quizzes_page_1 0 0 0 4520.903076171875 1.343017578125 916.7276607308248 911
stats: 503 0 1494
stats: tr_play_game__1st_question 0 0 0 4003.51513671875 1.386962890625 874.5139797976983 911
stats: 404 16 2367
stats: tr_play_game__answer_to_question 0 0 0 3464.0068359375 1.362060546875 942.9427234302107 911
stats: 500 0 432
stats: tr_index 0 0 0 3486.47412109375 2.239013671875 707.537701637109 911
stats: tr_quizzes_page_INDEX 0 0 0 3685.19091796875 1.3701171875 993.3503929876512 372
stats: tr_quiz_questions_SHOW 16 14.980194091796875 3.2400181543260955 4100.995849609375 1.2431640625 624.4435935098616 2928
# stats: dump at 1449362673
stats: users 2 1260
stats: {recvpackets,"tsung_controller@ip-172-30-3-224"} 1 161.0 0.0 11491 149 3972.8709677419347 31
stats: {sentpackets,"tsung_controller@ip-172-30-3-224"} 1 139.0 0.0 8757 139 3497.6774193548385 31
stats: {cpu,"tsung_controller@ip-172-30-3-224"} 1 1.183431952662722 0.0 20.914396887159533 1.183431952662722 8.377486302120305 32
stats: {load,"tsung_controller@ip-172-30-3-224"} 1 0.1015625 0.0 0.23046875 0.0 0.0570068359375 32
stats: {freemem,"tsung_controller@ip-172-30-3-224"} 1 3038.46875 0.0 3170.9453125 3009.390625 3101.203369140625 32
stats: session 3 125844.01969401042 9056.214418676607 158867.67895507813 11125.638916015625 56699.82922230017 1832
stats: users_count 0 1837
stats: finish_users_count 3 1835
stats: request 80 9.876733398437498 4.2225344868130215 4944.54296875 1.14013671875 834.8397883697221 28624
stats: connect 3 1.63671875 0.28968887509839575 116.51611328125 0.7490234375 1.5987910956883766 1854
stats: page 53 14.967248304834907 6.348293705022677 7847.720947265625 1.195068359375 1002.7289694651298 23832
stats: tr_play_game__ready_page 0 0 0 3703.830078125 1.281005859375 884.3734973693914 911
stats: 302 34 2198
stats: tr_quiz_new_POST 3 14.138264973958334 4.263446388139987 3552.051025390625 1.61376953125 856.1363133969514 368
stats: 200 18 21592
stats: tr_question_new_POST 24 8.712270100911459 1.3169608150348378 3479.842041015625 1.31494140625 617.0486147507377 2944
stats: size_rcv 163865 76662146
stats: tr_play_game__leaderboard 0 0 0 3243.765869140625 1.425048828125 717.6386761675824 910
stats: newphase 0 6
stats: tr_friend_requests 0 0 0 4053.5751953125 1.50390625 1036.5977479129062 554
stats: 422 18 611
stats: tr_friends 0 0 0 3493.141845703125 1.3349609375 1017.8958092424414 554
stats: size_sent 84287 26646690
stats: tr_search_all_users 0 0 0 4145.384033203125 1.638916015625 1063.5681804560581 554
stats: connected -1 1
stats: tr_browse_quizzes_page_1 0 0 0 4520.903076171875 1.343017578125 916.7276607308248 911
stats: 503 0 1494
stats: tr_play_game__1st_question 0 0 0 4003.51513671875 1.386962890625 874.5139797976983 911
stats: 404 8 2375
stats: tr_play_game__answer_to_question 0 0 0 3464.0068359375 1.362060546875 942.9427234302107 911
stats: 500 2 434
stats: tr_index 0 0 0 3486.47412109375 2.239013671875 707.537701637109 911
stats: tr_quizzes_page_INDEX 0 0 0 3685.19091796875 1.3701171875 993.3503929876512 372
stats: tr_quiz_questions_SHOW 24 9.123443603515625 2.479389003538803 4100.995849609375 1.2431640625 621.1312924260677 2944
# stats: dump at 1449362683
stats: users 2 1260
stats: {recvpackets,"tsung_controller@ip-172-30-3-224"} 1 82.0 0.0 11491 82 3853.749999999999 32
stats: {sentpackets,"tsung_controller@ip-172-30-3-224"} 1 85.0 0.0 8757 85 3392.71875 32
stats: {cpu,"tsung_controller@ip-172-30-3-224"} 1 1.2833168805528135 0.0 20.914396887159533 1.183431952662722 8.159484655167045 33
stats: {load,"tsung_controller@ip-172-30-3-224"} 1 0.08984375 0.0 0.23046875 0.0 0.058357007575757576 33
stats: {freemem,"tsung_controller@ip-172-30-3-224"} 1 3038.51171875 0.0 3170.9453125 3009.390625 3099.3023200757575 33
stats: session 0 0 0 158867.67895507813 11125.638916015625 56812.87149555092 1835
stats: users_count 0 1837
stats: finish_users_count 0 1835
stats: request 2 8.8685302734375 1.8533935546875 4944.54296875 1.14013671875 832.5405602343507 28704
stats: connect 0 0 0 116.51611328125 0.7490234375 1.5988523681509157 1857
stats: page 2 8.8685302734375 1.8533935546875 7847.720947265625 1.195068359375 1000.5371599101163 23885
stats: tr_play_game__ready_page 0 0 0 3703.830078125 1.281005859375 884.3734973693914 911
stats: 302 0 2198
stats: tr_quiz_new_POST 0 0 0 3552.051025390625 1.61376953125 849.3277038409703 371
stats: 200 1 21593
stats: tr_question_new_POST 0 0 0 3479.842041015625 1.31494140625 612.1294529341623 2968
stats: size_rcv 3306 76665452
stats: tr_play_game__leaderboard 1 10.80517578125 0.0 3243.765869140625 1.425048828125 717.6386761675824 910
stats: newphase 0 6
stats: tr_friend_requests 0 0 0 4053.5751953125 1.50390625 1036.5977479129062 554
stats: 422 0 611
stats: tr_friends 0 0 0 3493.141845703125 1.3349609375 1017.8958092424414 554
stats: size_sent 1431 26648121
stats: tr_search_all_users 0 0 0 4145.384033203125 1.638916015625 1063.5681804560581 554
stats: connected 0 1
stats: tr_browse_quizzes_page_1 0 0 0 4520.903076171875 1.343017578125 916.7276607308248 911
stats: 503 0 1494
stats: tr_play_game__1st_question 0 0 0 4003.51513671875 1.386962890625 874.5139797976983 911
stats: 404 0 2375
stats: tr_play_game__answer_to_question 0 0 0 3464.0068359375 1.362060546875 942.9427234302107 911
stats: 500 1 435
stats: tr_index 0 0 0 3486.47412109375 2.239013671875 707.537701637109 911
stats: tr_quizzes_page_INDEX 0 0 0 3685.19091796875 1.3701171875 993.3503929876512 372
stats: tr_quiz_questions_SHOW 0 0 0 4100.995849609375 1.2431640625 616.1824418965052 2968
# stats: dump at 1449362693
stats: users 1 1260
stats: {recvpackets,"tsung_controller@ip-172-30-3-224"} 1 6.0 0.0 11491 6 3739.4545454545446 33
stats: {sentpackets,"tsung_controller@ip-172-30-3-224"} 1 9.0 0.0 8757 9 3292.4848484848485 33
stats: {cpu,"tsung_controller@ip-172-30-3-224"} 1 1.083743842364532 0.0 20.914396887159533 1.083743842364532 7.957244426501921 34
stats: {load,"tsung_controller@ip-172-30-3-224"} 1 0.0703125 0.0 0.23046875 0.0 0.059283088235294115 34
stats: {freemem,"tsung_controller@ip-172-30-3-224"} 1 3038.9921875 0.0 3170.9453125 3009.390625 3097.514361213235 34
stats: session 1 138260.75390625 0.0 158867.67895507813 11125.638916015625 56812.87149555092 1835
stats: users_count 0 1837
stats: finish_users_count 1 1836
stats: request 1 9.695068359375 0.0 4944.54296875 1.14013671875 832.4831734838482 28706
stats: connect 0 0 0 116.51611328125 0.7490234375 1.5988523681509157 1857
stats: page 1 9.695068359375 0.0 7847.720947265625 1.195068359375 1000.4541299247991 23887
stats: tr_play_game__ready_page 0 0 0 3703.830078125 1.281005859375 884.3734973693914 911
stats: 302 0 2198
stats: tr_quiz_new_POST 0 0 0 3552.051025390625 1.61376953125 849.3277038409703 371
stats: 200 1 21594
stats: tr_question_new_POST 0 0 0 3479.842041015625 1.31494140625 612.1294529341623 2968
stats: size_rcv 2549 76668001
stats: tr_play_game__leaderboard 0 0 0 3243.765869140625 1.425048828125 716.8627886808795 911
stats: newphase 0 6
stats: tr_friend_requests 0 0 0 4053.5751953125 1.50390625 1036.5977479129062 554
stats: 422 0 611
stats: tr_friends 0 0 0 3493.141845703125 1.3349609375 1017.8958092424414 554
stats: size_sent 862 26648983
stats: tr_search_all_users 0 0 0 4145.384033203125 1.638916015625 1063.5681804560581 554
stats: connected -1 0
stats: tr_browse_quizzes_page_1 0 0 0 4520.903076171875 1.343017578125 916.7276607308248 911
stats: 503 0 1494
stats: tr_play_game__1st_question 0 0 0 4003.51513671875 1.386962890625 874.5139797976983 911
stats: 404 0 2375
stats: tr_play_game__answer_to_question 0 0 0 3464.0068359375 1.362060546875 942.9427234302107 911
stats: 500 0 435
stats: tr_index 0 0 0 3486.47412109375 2.239013671875 707.537701637109 911
stats: tr_quizzes_page_INDEX 0 0 0 3685.19091796875 1.3701171875 993.3503929876512 372
stats: tr_quiz_questions_SHOW 0 0 0 4100.995849609375 1.2431640625 616.1824418965052 2968
# stats: dump at 1449362703
stats: users 1 1260
stats: {recvpackets,"tsung_controller@ip-172-30-3-224"} 1 0.0 0.0 11491 0 3629.6470588235284 34
stats: {sentpackets,"tsung_controller@ip-172-30-3-224"} 1 0.0 0.0 8757 0 3195.9117647058824 34
stats: {cpu,"tsung_controller@ip-172-30-3-224"} 1 1.0848126232741617 0.0 20.914396887159533 1.083743842364532 7.760858695526567 35
stats: {load,"tsung_controller@ip-172-30-3-224"} 1 0.05859375 0.0 0.23046875 0.0 0.05959821428571429 35
stats: {freemem,"tsung_controller@ip-172-30-3-224"} 1 3039.0703125 0.0 3170.9453125 3009.390625 3095.842299107143 35
stats: session 0 0 0 158867.67895507813 11125.638916015625 56857.23308727788 1836
stats: users_count 0 1837
stats: finish_users_count 0 1836
stats: request 0 0 0 4944.54296875 1.14013671875 832.4545118993872 28707
stats: connect 0 0 0 116.51611328125 0.7490234375 1.5988523681509157 1857
stats: page 0 0 0 7847.720947265625 1.195068359375 1000.4126547464014 23888
stats: tr_play_game__ready_page 0 0 0 3703.830078125 1.281005859375 884.3734973693914 911
stats: 302 0 2198
stats: tr_quiz_new_POST 0 0 0 3552.051025390625 1.61376953125 849.3277038409703 371
stats: 200 0 21594
stats: tr_question_new_POST 0 0 0 3479.842041015625 1.31494140625 612.1294529341623 2968
stats: size_rcv 0 76668001
stats: tr_play_game__leaderboard 0 0 0 3243.765869140625 1.425048828125 716.8627886808795 911
stats: newphase 0 6
stats: tr_friend_requests 0 0 0 4053.5751953125 1.50390625 1036.5977479129062 554
stats: 422 0 611
stats: tr_friends 0 0 0 3493.141845703125 1.3349609375 1017.8958092424414 554
stats: size_sent 0 26648983
stats: tr_search_all_users 0 0 0 4145.384033203125 1.638916015625 1063.5681804560581 554
stats: connected 0 0
stats: tr_browse_quizzes_page_1 0 0 0 4520.903076171875 1.343017578125 916.7276607308248 911
stats: 503 0 1494
stats: tr_play_game__1st_question 0 0 0 4003.51513671875 1.386962890625 874.5139797976983 911
stats: 404 0 2375
stats: tr_play_game__answer_to_question 0 0 0 3464.0068359375 1.362060546875 942.9427234302107 911
stats: 500 0 435
stats: tr_index 0 0 0 3486.47412109375 2.239013671875 707.537701637109 911
stats: tr_quizzes_page_INDEX 0 0 0 3685.19091796875 1.3701171875 993.3503929876512 372
stats: tr_quiz_questions_SHOW 0 0 0 4100.995849609375 1.2431640625 616.1824418965052 2968
# stats: dump at 1449362713
stats: users 1 1260
stats: {recvpackets,"tsung_controller@ip-172-30-3-224"} 1 9.0 0.0 11491 0 3525.942857142856 35
stats: {sentpackets,"tsung_controller@ip-172-30-3-224"} 1 5.0 0.0 8757 0 3104.6 35
stats: {cpu,"tsung_controller@ip-172-30-3-224"} 1 1.085883514313919 0.0 20.914396887159533 1.083743842364532 7.575412971297333 36
stats: {load,"tsung_controller@ip-172-30-3-224"} 1 0.05078125 0.0 0.23046875 0.0 0.0595703125 36
stats: {freemem,"tsung_controller@ip-172-30-3-224"} 1 3057.6953125 0.0 3170.9453125 3009.390625 3094.2652994791665 36
stats: session 0 0 0 158867.67895507813 11125.638916015625 56857.23308727788 1836
stats: users_count 0 1837
stats: finish_users_count 0 1836
stats: request 0 0 0 4944.54296875 1.14013671875 832.4545118993872 28707
stats: connect 0 0 0 116.51611328125 0.7490234375 1.5988523681509157 1857
stats: page 0 0 0 7847.720947265625 1.195068359375 1000.4126547464014 23888
stats: tr_play_game__ready_page 0 0 0 3703.830078125 1.281005859375 884.3734973693914 911
stats: 302 0 2198
stats: tr_quiz_new_POST 0 0 0 3552.051025390625 1.61376953125 849.3277038409703 371
stats: 200 0 21594
stats: tr_question_new_POST 0 0 0 3479.842041015625 1.31494140625 612.1294529341623 2968
stats: size_rcv 0 76668001
stats: tr_play_game__leaderboard 0 0 0 3243.765869140625 1.425048828125 716.8627886808795 911
stats: newphase 0 6
stats: tr_friend_requests 0 0 0 4053.5751953125 1.50390625 1036.5977479129062 554
stats: 422 0 611
stats: tr_friends 0 0 0 3493.141845703125 1.3349609375 1017.8958092424414 554
stats: size_sent 0 26648983
stats: tr_search_all_users 0 0 0 4145.384033203125 1.638916015625 1063.5681804560581 554
stats: connected 0 0
stats: tr_browse_quizzes_page_1 0 0 0 4520.903076171875 1.343017578125 916.7276607308248 911
stats: 503 0 1494
stats: tr_play_game__1st_question 0 0 0 4003.51513671875 1.386962890625 874.5139797976983 911
stats: 404 0 2375
stats: tr_play_game__answer_to_question 0 0 0 3464.0068359375 1.362060546875 942.9427234302107 911
stats: 500 0 435
stats: tr_index 0 0 0 3486.47412109375 2.239013671875 707.537701637109 911
stats: tr_quizzes_page_INDEX 0 0 0 3685.19091796875 1.3701171875 993.3503929876512 372
stats: tr_quiz_questions_SHOW 0 0 0 4100.995849609375 1.2431640625 616.1824418965052 2968
# stats: dump at 1449362718
stats: users 0 1260
stats: {recvpackets,"tsung_controller@ip-172-30-3-224"} 1 94.0 0.0 11491 0 3428.249999999999 36
stats: {sentpackets,"tsung_controller@ip-172-30-3-224"} 1 77.0 0.0 8757 0 3018.5 36
stats: {cpu,"tsung_controller@ip-172-30-3-224"} 1 1.085883514313919 0.0 20.914396887159533 1.083743842364532 7.400020283270755 37
stats: {load,"tsung_controller@ip-172-30-3-224"} 1 0.0390625 0.0 0.23046875 0.0 0.05933277027027027 37
stats: {freemem,"tsung_controller@ip-172-30-3-224"} 1 3059.61328125 0.0 3170.9453125 3009.390625 3093.2769214527025 37
stats: session 1 173714.75 0.0 173714.75 11125.638916015625 56857.23308727788 1836
stats: users_count 0 1837
stats: finish_users_count 1 1837
stats: request 26 15.7108154296875 4.392356585537375 4944.54296875 1.14013671875 832.4545118993872 28707
stats: connect 1 4.0 0.0 116.51611328125 0.7490234375 1.5988523681509157 1857
stats: page 17 24.101059857536764 5.572678314309628 7847.720947265625 1.195068359375 1000.4126547464014 23888
stats: tr_play_game__ready_page 0 0 0 3703.830078125 1.281005859375 884.3734973693914 911
stats: 302 0 2198
stats: tr_quiz_new_POST 1 23.240966796875 0.0 3552.051025390625 1.61376953125 849.3277038409703 371
stats: 200 18 21612
stats: tr_question_new_POST 8 11.874664306640625 2.744347058707306 3479.842041015625 1.31494140625 612.1294529341623 2968
stats: size_rcv 90913 76758914
stats: tr_play_game__leaderboard 0 0 0 3243.765869140625 1.425048828125 716.8627886808795 911
stats: newphase 0 6
stats: tr_friend_requests 0 0 0 4053.5751953125 1.50390625 1036.5977479129062 554
stats: 422 0 611
stats: tr_friends 0 0 0 3493.141845703125 1.3349609375 1017.8958092424414 554
stats: size_sent 28055 26677038
stats: tr_search_all_users 0 0 0 4145.384033203125 1.638916015625 1063.5681804560581 554
stats: connected 0 0
stats: tr_browse_quizzes_page_1 0 0 0 4520.903076171875 1.343017578125 916.7276607308248 911
stats: 503 0 1494
stats: tr_play_game__1st_question 0 0 0 4003.51513671875 1.386962890625 874.5139797976983 911
stats: 404 8 2383
stats: tr_play_game__answer_to_question 0 0 0 3464.0068359375 1.362060546875 942.9427234302107 911
stats: 500 0 435
stats: tr_index 0 0 0 3486.47412109375 2.239013671875 707.537701637109 911
stats: tr_quizzes_page_INDEX 0 0 0 3685.19091796875 1.3701171875 993.3503929876512 372
stats: tr_quiz_questions_SHOW 8 14.565582275390625 1.6465502278359663 4100.995849609375 1.2431640625 616.1824418965052 2968
EndMonitor:{1449,362718,754807}
