# stats: dump at 1449467379
stats: users 10 10
stats: {cpu,"tsung_controller@ip-172-30-3-100"} 1 3.7535175908128373 0 3.7535175908128373 3.7535175908128373 0 0
stats: {load,"tsung_controller@ip-172-30-3-100"} 1 0.0703125 0 0.0703125 0.0703125 0 0
stats: {freemem,"tsung_controller@ip-172-30-3-100"} 1 3171.61328125 0 3171.61328125 3171.61328125 0 0
stats: users_count 10 10
stats: finish_users_count 0 0
stats: request 15 26.528971354166668 42.83480098942952 154.8681640625 5.639892578125 0 0
stats: connect 9 12.170654296875 32.38357732176671 103.764892578125 0.572998046875 0 0
stats: page 14 28.426897321428573 45.13964058145562 160.550048828125 5.677001953125 0 0
stats: tr_play_game__ready_page 1 12.156005859375 0 12.156005859375 12.156005859375 0 0
stats: 302 1 1
stats: tr_play_game__1st_question 1 8.303955078125 0 8.303955078125 8.303955078125 0 0
stats: 200 14 14
stats: tr_index 4 9.06494140625 3.1446163900471076 14.4990234375 6.930908203125 0 0
stats: size_rcv 24899 24899
stats: size_sent 5140 5140
stats: connected 9 9
# stats: dump at 1449467389
stats: users 18 18
stats: {recvpackets,"tsung_controller@ip-172-30-3-100"} 1 94 0 94 94 0 0
stats: {sentpackets,"tsung_controller@ip-172-30-3-100"} 1 107 0 107 107 0 0
stats: {cpu,"tsung_controller@ip-172-30-3-100"} 1 2.066929133858268 0.0 3.7535175908128373 2.066929133858268 3.7535175908128373 1
stats: {load,"tsung_controller@ip-172-30-3-100"} 1 0.05859375 0.0 0.0703125 0.05859375 0.0703125 1
stats: {freemem,"tsung_controller@ip-172-30-3-100"} 1 3171.22265625 0.0 3171.61328125 3171.22265625 3171.61328125 1
stats: session 3 6338.855712890625 5631.788966459882 14303.3720703125 2335.864990234375 0 0
stats: users_count 11 21
stats: finish_users_count 3 3
stats: request 43 27.236430323401162 44.73334120597055 173.12890625 5.558837890625 26.528971354166668 15
stats: connect 12 0.6918131510416666 0.09480472935809821 103.764892578125 0.56787109375 12.170654296875 9
stats: page 38 30.825767115542764 50.099802019961466 180.06689453125 5.558837890625 28.426897321428573 14
stats: tr_play_game__ready_page 4 8.4805908203125 0.8713112717760674 12.156005859375 7.696044921875 12.156005859375 1
stats: 302 4 5
stats: tr_search_all_users 1 27.281005859375 0 27.281005859375 27.281005859375 0 0
stats: 200 39 53
stats: tr_browse_quizzes_page_1 2 43.64306640625 11.221923828125 54.864990234375 32.421142578125 0 0
stats: size_rcv 105997 130896
stats: tr_play_game__1st_question 4 9.40948486328125 2.1795088539269134 13.179931640625 8.01611328125 8.303955078125 1
stats: size_sent 23370 28510
stats: tr_play_game__answer_to_question 1 6.18408203125 0 6.18408203125 6.18408203125 0 0
stats: connected 9 18
stats: tr_index 3 7.527018229166667 0.7798180320740348 14.4990234375 6.572021484375 9.06494140625 4
stats: tr_quizzes_page_INDEX 1 10.34521484375 0 10.34521484375 10.34521484375 0 0
# stats: dump at 1449467399
stats: users 23 24
stats: {recvpackets,"tsung_controller@ip-172-30-3-100"} 1 249.0 0.0 249 94 94.0 1
stats: {sentpackets,"tsung_controller@ip-172-30-3-100"} 1 249.0 0.0 249 107 107.0 1
stats: {cpu,"tsung_controller@ip-172-30-3-100"} 1 1.2871287128712872 0.0 3.7535175908128373 1.2871287128712872 2.910223362335553 2
stats: {load,"tsung_controller@ip-172-30-3-100"} 1 0.05078125 0.0 0.0703125 0.05078125 0.064453125 2
stats: {freemem,"tsung_controller@ip-172-30-3-100"} 1 3170.015625 0.0 3171.61328125 3170.015625 3171.41796875 2
stats: session 4 8031.411437988281 7707.644800292138 20434.08984375 126.291015625 6338.855712890625 3
stats: users_count 9 30
stats: finish_users_count 4 7
stats: request 62 26.27859595514112 50.75310514474056 275.3310546875 5.55712890625 27.053466796875 58
stats: connect 9 0.9828559027777778 0.9462322862581759 103.764892578125 0.56787109375 5.6113164992559526 21
stats: page 56 29.098301478794642 58.02692008303232 299.72900390625 5.55712890625 30.179917555588943 52
stats: tr_play_game__ready_page 5 6.80126953125 0.492899038279596 12.156005859375 6.177978515625 9.215673828125 5
stats: 302 4 9
stats: tr_search_all_users 2 29.9605712890625 0.1654052734375 30.1259765625 27.281005859375 27.281005859375 1
stats: 200 58 111
stats: tr_friend_requests 1 9.775146484375 0 9.775146484375 9.775146484375 0 0
stats: size_rcv 150430 281326
stats: tr_browse_quizzes_page_1 2 29.2764892578125 1.9635009765625 54.864990234375 27.31298828125 43.64306640625 2
stats: size_sent 39525 68035
stats: tr_play_game__1st_question 4 11.2177734375 6.680834583592672 22.77294921875 6.7880859375 9.18837890625 5
stats: connected 5 23
stats: tr_play_game__answer_to_question 5 8.097998046875 3.5824232799197424 15.132080078125 5.614990234375 6.18408203125 1
stats: tr_index 3 10.575439453125 3.0420692364694757 14.4990234375 6.385009765625 8.405831473214286 7
stats: tr_quizzes_page_INDEX 1 8.780029296875 0.0 10.34521484375 8.780029296875 10.34521484375 1
# stats: dump at 1449467409
stats: users 27 28
stats: {recvpackets,"tsung_controller@ip-172-30-3-100"} 1 390.0 0.0 390 94 171.5 2
stats: {sentpackets,"tsung_controller@ip-172-30-3-100"} 1 599.0 0.0 599 107 178.0 2
stats: {cpu,"tsung_controller@ip-172-30-3-100"} 1 1.6815034619188922 0.0 3.7535175908128373 1.2871287128712872 2.369191812514131 3
stats: {load,"tsung_controller@ip-172-30-3-100"} 1 0.0390625 0.0 0.0703125 0.0390625 0.059895833333333336 3
stats: {freemem,"tsung_controller@ip-172-30-3-100"} 1 3167.35546875 0.0 3171.61328125 3167.35546875 3170.9505208333335 3
stats: session 8 27588.954162597656 4835.877916484244 32463.7451171875 126.291015625 7306.030412946428 7
stats: users_count 12 42
stats: finish_users_count 8 15
stats: request 142 21.749210841219192 28.496266001551522 275.3310546875 4.233154296875 26.653116861979164 120
stats: connect 12 1.4732869466145833 2.1872255277062824 103.764892578125 0.56787109375 4.2227783203125 30
stats: page 110 28.112928355823865 34.51830271759047 299.72900390625 5.361083984375 29.61907958984375 108
stats: tr_play_game__ready_page 3 24.074055989583332 22.953136843418672 56.509033203125 6.177978515625 8.0084716796875 10
stats: 302 4 13
stats: tr_play_game__leaderboard 2 7.54443359375 0.117431640625 7.661865234375 7.427001953125 0 0
stats: 200 114 225
stats: tr_question_new_POST 24 9.792093912760418 6.157131376815576 29.406982421875 4.31591796875 0 0
stats: size_rcv 342821 624147
stats: tr_quiz_new_POST 3 18.059733072916668 7.446867790259587 28.586181640625 12.51513671875 0 0
stats: newphase 1 1
stats: tr_search_all_users 1 53.875 0.0 53.875 27.281005859375 29.0673828125 3
stats: size_sent 110704 178739
stats: tr_friend_requests 2 9.181640625 0.12646484375 9.775146484375 9.05517578125 9.775146484375 1
stats: connected 4 27
stats: tr_friends 2 20.6390380859375 0.5269775390625 21.166015625 20.112060546875 0 0
stats: 404 24 24
stats: tr_browse_quizzes_page_1 0 0 0 54.864990234375 27.31298828125 36.45977783203125 4
stats: tr_play_game__1st_question 1 8.205078125 0.0 22.77294921875 6.7880859375 10.09033203125 9
stats: tr_play_game__answer_to_question 3 13.523030598958334 10.173003277867917 27.908935546875 5.614990234375 7.779012044270833 6
stats: tr_index 4 16.91375732421875 11.9778648961967 35.43701171875 5.736083984375 9.0567138671875 10
stats: tr_quizzes_page_INDEX 2 14.8060302734375 6.6629638671875 21.468994140625 8.14306640625 9.5626220703125 2
stats: tr_quiz_questions_SHOW 24 20.615152994791668 13.873432630726242 78.968017578125 6.885986328125 0 0
# stats: dump at 1449467419
stats: users 31 33
stats: {recvpackets,"tsung_controller@ip-172-30-3-100"} 1 632.0 0.0 632 94 244.33333333333334 3
stats: {sentpackets,"tsung_controller@ip-172-30-3-100"} 1 532.0 0.0 599 107 318.3333333333333 3
stats: {cpu,"tsung_controller@ip-172-30-3-100"} 1 1.6815034619188922 0.0 3.7535175908128373 1.2871287128712872 2.197269724865321 4
stats: {load,"tsung_controller@ip-172-30-3-100"} 1 0.0390625 0.0 0.0703125 0.0390625 0.0546875 4
stats: {freemem,"tsung_controller@ip-172-30-3-100"} 1 3166.640625 0.0 3171.61328125 3166.640625 3170.0517578125 4
stats: session 10 18738.793359375 12890.593667043879 37334.72900390625 126.291015625 18123.58974609375 15
stats: users_count 14 56
stats: finish_users_count 10 25
stats: request 78 24.79300631009615 42.57696848870757 275.3310546875 4.233154296875 23.99527466752147 262
stats: connect 14 0.9938790457589286 1.1798668040835096 103.764892578125 0.56005859375 3.4372093563988093 42
stats: page 71 27.241427569322184 48.45174250517372 299.72900390625 5.361083984375 28.859095022219037 218
stats: tr_play_game__ready_page 6 13.885986328125 6.780970002178861 56.509033203125 6.177978515625 11.715914212740385 13
stats: 302 5 18
stats: tr_play_game__leaderboard 3 7.260335286458333 0.6399004904720207 8.156982421875 6.7060546875 7.54443359375 2
stats: 200 73 298
stats: tr_question_new_POST 0 0 0 29.406982421875 4.31591796875 9.792093912760418 24
stats: size_rcv 191415 815562
stats: tr_quiz_new_POST 0 0 0 28.586181640625 12.51513671875 18.059733072916668 3
stats: newphase 0 1
stats: tr_search_all_users 2 40.02197265625 8.635986328125 53.875 27.281005859375 35.269287109375 4
stats: size_sent 49897 228636
stats: tr_friend_requests 1 20.533203125 0.0 20.533203125 9.05517578125 9.379475911458334 3
stats: connected 5 32
stats: tr_friends 2 57.6739501953125 38.1400146484375 95.81396484375 19.533935546875 20.6390380859375 2
stats: 404 0 24
stats: tr_browse_quizzes_page_1 3 36.027994791666664 2.764064703088024 54.864990234375 27.31298828125 36.45977783203125 4
stats: tr_play_game__1st_question 9 9.108235677083334 2.7765136827995422 22.77294921875 6.705810546875 9.901806640625 10
stats: tr_play_game__answer_to_question 4 6.50482177734375 0.6294990346253896 27.908935546875 5.614990234375 9.693684895833334 9
stats: tr_index 9 7.070339626736111 2.026137046381247 35.43701171875 5.734130859375 11.301583426339286 14
stats: tr_quizzes_page_INDEX 1 7.592041015625 0.0 21.468994140625 7.592041015625 12.184326171875 4
stats: tr_quiz_questions_SHOW 0 0 0 78.968017578125 6.885986328125 20.615152994791668 24
# stats: dump at 1449467429
stats: users 41 45
stats: {recvpackets,"tsung_controller@ip-172-30-3-100"} 1 412.0 0.0 632 94 341.25 4
stats: {sentpackets,"tsung_controller@ip-172-30-3-100"} 1 421.0 0.0 599 107 371.75 4
stats: {cpu,"tsung_controller@ip-172-30-3-100"} 1 2.1589793915603535 0.0 3.7535175908128373 1.2871287128712872 2.0941164722760353 5
stats: {load,"tsung_controller@ip-172-30-3-100"} 1 0.03125 0.0 0.0703125 0.03125 0.0515625 5
stats: {freemem,"tsung_controller@ip-172-30-3-100"} 1 3166.546875 0.0 3171.61328125 3166.546875 3169.36953125 5
stats: session 9 19342.071533203125 17914.797324636533 48654.573974609375 123.806884765625 18369.67119140625 25
stats: users_count 19 75
stats: finish_users_count 9 34
stats: request 96 23.18262990315755 37.83323588731097 275.3310546875 4.233154296875 24.17828369140625 340
stats: connect 19 1.3507401315789473 2.3382119401630215 103.764892578125 0.56005859375 2.8263767787388394 56
stats: page 88 25.29387040571733 42.596953443804686 299.72900390625 5.361083984375 28.461674990538494 289
stats: tr_play_game__ready_page 5 7.233984375 1.8266626400740766 56.509033203125 5.929931640625 12.401200143914474 19
stats: 302 5 23
stats: tr_play_game__leaderboard 1 11.221923828125 0.0 11.221923828125 6.7060546875 7.373974609375 5
stats: 200 91 389
stats: tr_question_new_POST 0 0 0 29.406982421875 4.31591796875 9.792093912760418 24
stats: size_rcv 242391 1057953
stats: tr_quiz_new_POST 0 0 0 28.586181640625 12.51513671875 18.059733072916668 3
stats: newphase 0 1
stats: tr_search_all_users 3 29.056315104166668 1.7429882693464693 53.875 27.281005859375 36.853515625 6
stats: size_sent 59110 287746
stats: tr_friend_requests 1 10.2451171875 0.0 20.533203125 9.05517578125 12.16790771484375 4
stats: connected 11 43
stats: tr_friends 0 0 0 95.81396484375 19.533935546875 39.156494140625 4
stats: 404 0 24
stats: tr_browse_quizzes_page_1 4 40.17974853515625 14.27135156671738 64.841064453125 27.31298828125 36.274727957589285 7
stats: tr_play_game__1st_question 5 15.682080078125 10.560003015290176 33.885986328125 6.705810546875 9.525904605263158 19
stats: tr_play_game__answer_to_question 9 11.104899088541666 11.180020224087189 42.078857421875 5.614990234375 8.712496243990385 13
stats: tr_index 4 11.61328125 3.9792605242553165 35.43701171875 5.734130859375 9.64587933084239 23
stats: tr_quizzes_page_INDEX 3 19.462158203125 13.777283486231857 38.74609375 7.408203125 11.265869140625 5
stats: tr_quiz_questions_SHOW 0 0 0 78.968017578125 6.885986328125 20.615152994791668 24
# stats: dump at 1449467439
stats: users 52 52
stats: {recvpackets,"tsung_controller@ip-172-30-3-100"} 1 521.0 0.0 632 94 355.4 5
stats: {sentpackets,"tsung_controller@ip-172-30-3-100"} 1 539.0 0.0 599 107 381.6 5
stats: {cpu,"tsung_controller@ip-172-30-3-100"} 1 2.0710059171597637 0.0 3.7535175908128373 1.2871287128712872 2.1049269588234214 6
stats: {load,"tsung_controller@ip-172-30-3-100"} 1 0.03125 0.0 0.0703125 0.03125 0.048177083333333336 6
stats: {freemem,"tsung_controller@ip-172-30-3-100"} 1 3165.92578125 0.0 3171.61328125 3165.92578125 3168.8990885416665 6
stats: session 7 13560.162876674107 11788.503455031494 48654.573974609375 123.806884765625 18627.071281881894 34
stats: users_count 18 93
stats: finish_users_count 7 41
stats: request 185 54.57673009923985 93.74690433048167 792.351806640625 4.22509765625 23.95905716922305 436
stats: connect 18 2.5796712239583335 2.5138205644257576 103.764892578125 0.56005859375 2.452548828125 75
stats: page 150 67.34282552083334 116.7295897574093 918.699951171875 5.361083984375 27.72224049859085 377
stats: tr_play_game__ready_page 6 61.949015299479164 55.41421874360865 150.227783203125 5.929931640625 11.324696858723959 24
stats: 302 9 32
stats: tr_play_game__leaderboard 3 97.4853515625 25.345315906802007 128.5849609375 6.7060546875 8.015299479166666 6
stats: 200 155 544
stats: tr_question_new_POST 21 28.423711867559526 50.127391889294884 236.02392578125 4.31591796875 9.792093912760418 24
stats: size_rcv 419049 1477002
stats: tr_quiz_new_POST 4 72.73577880859375 65.19991162487722 180.171142578125 12.51513671875 18.059733072916668 3
stats: newphase 1 2
stats: tr_search_all_users 1 34.04296875 0.0 53.875 27.281005859375 34.25444878472222 9
stats: size_sent 142335 430081
stats: tr_friend_requests 2 9.0194091796875 0.2794189453125 20.533203125 8.739990234375 11.783349609375 5
stats: connected 9 52
stats: tr_friends 2 18.7730712890625 5.2379150390625 95.81396484375 13.53515625 39.156494140625 4
stats: 404 21 45
stats: tr_browse_quizzes_page_1 2 28.9783935546875 2.3375244140625 64.841064453125 26.640869140625 37.69473544034091 11
stats: tr_play_game__1st_question 4 31.4405517578125 33.445999174770016 88.5439453125 6.705810546875 10.808441162109375 24
stats: tr_play_game__answer_to_question 2 97.5645751953125 6.4864501953125 104.051025390625 5.614990234375 9.691206498579545 22
stats: tr_index 6 21.589518229166668 10.444812473250906 40.976806640625 5.734130859375 9.937346281828704 27
stats: tr_quizzes_page_INDEX 4 27.0679931640625 12.924938556596114 43.971923828125 7.408203125 14.3394775390625 8
stats: tr_quiz_questions_SHOW 21 45.789341517857146 54.54890016246522 224.1689453125 6.83203125 20.615152994791668 24
# stats: dump at 1449467449
stats: users 53 55
stats: {recvpackets,"tsung_controller@ip-172-30-3-100"} 1 1073.0 0.0 1073 94 383.0 6
stats: {sentpackets,"tsung_controller@ip-172-30-3-100"} 1 963.0 0.0 963 107 407.8333333333333 6
stats: {cpu,"tsung_controller@ip-172-30-3-100"} 1 2.955665024630542 0.0 3.7535175908128373 1.2871287128712872 2.100081095728613 7
stats: {load,"tsung_controller@ip-172-30-3-100"} 1 0.1015625 0.0 0.1015625 0.03125 0.04575892857142857 7
stats: {freemem,"tsung_controller@ip-172-30-3-100"} 1 3164.87109375 0.0 3171.61328125 3164.87109375 3168.4743303571427 7
stats: session 13 28652.484806941105 21419.82384780215 70840.16088867188 123.806884765625 17761.98935904154 41
stats: users_count 14 107
stats: finish_users_count 13 54
stats: request 168 66.0065482003348 107.50706291314725 792.351806640625 4.22509765625 33.08026408074175 621
stats: connect 14 1.1923479352678572 1.0881256524999954 103.764892578125 0.56005859375 2.4771531628024195 93
stats: page 137 80.96172516537409 128.76988751389902 918.699951171875 5.361083984375 38.99944686165797 527
stats: tr_play_game__ready_page 5 19.429833984375 8.785778806346478 150.227783203125 5.929931640625 21.449560546875 30
stats: 302 7 39
stats: tr_play_game__leaderboard 4 26.13177490234375 15.741210264798392 128.5849609375 6.7060546875 37.838650173611114 9
stats: 200 142 686
stats: tr_question_new_POST 19 42.36843390213816 51.459326111075605 246.677978515625 4.31591796875 18.486848958333333 45
stats: size_rcv 421455 1898457
stats: tr_quiz_new_POST 1 48.969970703125 0.0 180.171142578125 12.51513671875 49.303187779017854 7
stats: newphase 0 2
stats: tr_search_all_users 4 103.95050048828125 41.03863647800979 174.59912109375 27.281005859375 34.23330078125 10
stats: size_sent 121876 551957
stats: tr_friend_requests 0 0 0 20.533203125 8.739990234375 10.99365234375 7
stats: connected 1 53
stats: tr_friends 1 42.424072265625 0.0 95.81396484375 13.53515625 32.362019856770836 6
stats: 404 19 64
stats: tr_browse_quizzes_page_1 2 119.075439453125 23.932373046875 143.0078125 26.640869140625 36.353759765625 13
stats: tr_play_game__1st_question 6 39.888142903645836 62.67565954370973 178.954833984375 6.705810546875 13.755885532924108 28
stats: tr_play_game__answer_to_question 7 25.935442243303573 23.839539648033327 104.051025390625 5.43310546875 17.013987223307293 24
stats: tr_index 6 15.679443359375 8.283861133692831 40.976806640625 5.734130859375 12.055922999526516 33
stats: tr_quizzes_page_INDEX 1 253.72314453125 0.0 253.72314453125 7.408203125 18.582316080729168 12
stats: tr_quiz_questions_SHOW 19 53.62764699835526 36.084937236641764 224.1689453125 6.83203125 32.36310763888889 45
# stats: dump at 1449467459
stats: users 53 55
stats: {recvpackets,"tsung_controller@ip-172-30-3-100"} 1 791.0 0.0 1073 94 481.57142857142856 7
stats: {sentpackets,"tsung_controller@ip-172-30-3-100"} 1 716.0 0.0 963 107 487.14285714285717 7
stats: {cpu,"tsung_controller@ip-172-30-3-100"} 1 2.2682445759368837 0.0 3.7535175908128373 1.2871287128712872 2.207029086841354 8
stats: {load,"tsung_controller@ip-172-30-3-100"} 1 0.08984375 0.0 0.1015625 0.03125 0.052734375 8
stats: {freemem,"tsung_controller@ip-172-30-3-100"} 1 3164.28515625 0.0 3171.61328125 3164.28515625 3168.02392578125 8
stats: session 14 37508.13242885045 22140.587277495935 80404.86108398438 123.806884765625 20383.775300202546 54
stats: users_count 14 121
stats: finish_users_count 14 68
stats: request 199 29.049123792792084 54.43068641362783 792.351806640625 4.22509765625 40.09118389327867 789
stats: connect 14 3.0284598214285716 3.2457915016209933 103.764892578125 0.56005859375 2.3090478059287385 107
stats: page 163 35.490718162864276 62.92258560750041 918.699951171875 5.175048828125 47.65732657191265 664
stats: tr_play_game__ready_page 7 11.7783203125 9.842101158400292 150.227783203125 5.929931640625 21.161028180803573 35
stats: 302 8 47
stats: tr_play_game__leaderboard 7 20.579171316964285 26.17549701499164 128.5849609375 6.337158203125 34.23653470552885 13
stats: 200 167 853
stats: tr_question_new_POST 24 12.909617106119791 6.697415818623019 246.677978515625 4.31591796875 25.57669448852539 64
stats: size_rcv 442598 2341055
stats: tr_quiz_new_POST 3 22.229085286458332 7.487480353787984 180.171142578125 12.51513671875 49.26153564453125 8
stats: newphase 0 2
stats: tr_search_all_users 1 52.783935546875 0.0 174.59912109375 27.281005859375 54.152500697544646 14
stats: size_sent 153490 705447
stats: tr_friend_requests 4 33.19854736328125 30.344923143747867 82.280029296875 7.9111328125 10.99365234375 7
stats: connected 0 53
stats: tr_friends 1 21.4130859375 0.0 95.81396484375 13.53515625 33.79945591517857 7
stats: 404 24 88
stats: tr_browse_quizzes_page_1 2 88.761474609375 38.485595703125 143.0078125 26.640869140625 47.38331705729167 15
stats: tr_play_game__1st_question 6 7.459757486979167 1.6613003213178679 178.954833984375 6.235107421875 18.36746036305147 34
stats: tr_play_game__answer_to_question 4 42.874267578125 40.03009464113894 107.906982421875 5.43310546875 19.028509324596776 31
stats: tr_index 8 8.648590087890625 4.95433573702334 40.976806640625 5.734130859375 12.613387670272436 39
stats: tr_quizzes_page_INDEX 3 26.165690104166668 23.98178997239936 253.72314453125 7.408203125 36.67007211538461 13
stats: tr_quiz_questions_SHOW 24 16.181559244791675 7.120169630950298 224.1689453125 6.83203125 38.67601776123047 64
# stats: dump at 1449467469
stats: users 66 66
stats: {recvpackets,"tsung_controller@ip-172-30-3-100"} 1 772.0 0.0 1073 94 520.25 8
stats: {sentpackets,"tsung_controller@ip-172-30-3-100"} 1 733.0 0.0 963 107 515.75 8
stats: {cpu,"tsung_controller@ip-172-30-3-100"} 1 2.561576354679803 0.0 3.7535175908128373 1.2871287128712872 2.213830807851968 9
stats: {load,"tsung_controller@ip-172-30-3-100"} 1 0.0703125 0.0 0.1015625 0.03125 0.05685763888888889 9
stats: {freemem,"tsung_controller@ip-172-30-3-100"} 1 3163.6953125 0.0 3171.61328125 3163.6953125 3167.6085069444443 9
stats: session 22 27479.87265846946 20542.283995673057 80404.86108398438 123.806884765625 23909.378238453584 68
stats: users_count 35 156
stats: finish_users_count 22 90
stats: request 236 33.53068413168697 55.89718011289025 792.351806640625 4.22509765625 37.86712522931426 988
stats: connect 34 1.5308048023897054 2.2561973786543126 103.764892578125 0.507080078125 2.392285559788223 121
stats: page 198 39.98774364741163 65.44143256144586 918.699951171875 5.175048828125 45.25931306444604 827
stats: tr_play_game__ready_page 9 24.25051540798611 19.85968785454938 150.227783203125 5.929931640625 19.59724353608631 42
stats: 302 7 54
stats: tr_play_game__leaderboard 7 21.923897879464285 18.020872618604773 128.5849609375 6.337158203125 29.45645751953125 20
stats: 200 205 1058
stats: tr_question_new_POST 24 14.934326171875 12.607456661287674 246.677978515625 4.31591796875 22.12203702059659 88
stats: size_rcv 588478 2929533
stats: tr_quiz_new_POST 3 34.594645182291664 11.01731122745624 180.171142578125 12.51513671875 41.88904918323863 11
stats: newphase 1 3
stats: tr_search_all_users 4 58.12396240234375 34.95741692505153 174.59912109375 27.281005859375 54.06126302083333 15
stats: size_sent 167049 872496
stats: tr_friend_requests 1 8.694091796875 0.0 82.280029296875 7.9111328125 19.068159623579547 11
stats: connected 12 65
stats: tr_friends 3 20.440022786458332 10.709929987326047 95.81396484375 12.703125 32.25115966796875 8
stats: 404 24 112
stats: tr_browse_quizzes_page_1 5 60.364794921875 37.29873111531461 143.0078125 26.640869140625 52.251335592830884 17
stats: tr_play_game__1st_question 10 65.51513671875 108.73833281391822 379.010009765625 6.235107421875 16.731304931640626 40
stats: tr_play_game__answer_to_question 6 18.599812825520832 14.791895656928737 107.906982421875 5.43310546875 21.753738839285713 35
stats: tr_index 15 17.952897135416666 17.032149183111162 71.75 5.734130859375 11.93852850731383 47
stats: tr_quizzes_page_INDEX 3 53.909342447916664 47.44988545751889 253.72314453125 7.408203125 34.70050048828125 16
stats: tr_quiz_questions_SHOW 24 23.977508544921875 15.574616532964212 224.1689453125 6.83203125 32.54116543856534 88
# stats: dump at 1449467479
stats: users 93 93
stats: {recvpackets,"tsung_controller@ip-172-30-3-100"} 1 1407.0 0.0 1407 94 548.2222222222222 9
stats: {sentpackets,"tsung_controller@ip-172-30-3-100"} 1 1246.0 0.0 1246 107 539.8888888888889 9
stats: {cpu,"tsung_controller@ip-172-30-3-100"} 1 3.165182987141444 0.0 3.7535175908128373 1.2871287128712872 2.248605362534752 10
stats: {load,"tsung_controller@ip-172-30-3-100"} 1 0.140625 0.0 0.140625 0.03125 0.058203125 10
stats: {freemem,"tsung_controller@ip-172-30-3-100"} 1 3162.87109375 0.0 3171.61328125 3162.87109375 3167.2171875 10
stats: session 17 23596.789306640625 20111.864222903252 80404.86108398438 61.672119140625 24782.165763346355 90
stats: users_count 44 200
stats: finish_users_count 17 107
stats: request 308 46.90325214336443 93.26315320752511 797.719970703125 4.22509765625 37.03101403728809 1224
stats: connect 44 2.230313387784091 2.3126568325687034 103.764892578125 0.507080078125 2.2033155871975807 155
stats: page 268 53.92126647038245 102.96949939556492 918.699951171875 5.175048828125 44.24100014291159 1025
stats: tr_play_game__ready_page 26 49.4600830078125 109.84553540300044 572.3759765625 5.929931640625 20.418409160539216 51
stats: 302 11 65
stats: tr_play_game__leaderboard 4 33.39447021484375 28.019707360173545 128.5849609375 6.337158203125 27.503571686921298 27
stats: 200 273 1331
stats: tr_question_new_POST 24 15.636383056640625 10.970602571422091 246.677978515625 4.31591796875 20.581813267299108 112
stats: size_rcv 667193 3596726
stats: tr_quiz_new_POST 3 25.236002604166668 16.418467915420674 180.171142578125 12.35498046875 40.325962611607146 14
stats: newphase 0 3
stats: tr_search_all_users 2 53.343017578125 8.262939453125 174.59912109375 27.281005859375 54.9165681537829 19
stats: size_sent 212689 1085185
stats: tr_friend_requests 2 15.031005859375 1.2080078125 82.280029296875 7.9111328125 18.203653971354168 12
stats: connected 27 92
stats: tr_friends 1 43.174072265625 0.0 95.81396484375 12.703125 29.02994051846591 11
stats: 404 24 136
stats: tr_browse_quizzes_page_1 6 78.7508544921875 45.648903628588556 160.54296875 26.640869140625 54.09530362215909 22
stats: tr_play_game__1st_question 23 29.931810461956523 25.417436203948828 379.010009765625 6.1630859375 26.4880712890625 50
stats: tr_play_game__answer_to_question 16 42.17503356933594 36.640311553308656 123.388916015625 5.43310546875 21.292188690929876 41
stats: tr_index 25 34.29337890625 38.79822034445716 172.093017578125 5.734130859375 13.393617691532258 62
stats: tr_quizzes_page_INDEX 5 127.5568359375 175.55664034268398 473.656005859375 7.408203125 37.73347553453947 19
stats: tr_quiz_questions_SHOW 24 20.08517456054688 12.1080008082496 224.1689453125 6.83203125 30.70609610421317 112
# stats: dump at 1449467489
stats: users 117 118
stats: {recvpackets,"tsung_controller@ip-172-30-3-100"} 1 1397.0 0.0 1407 94 634.1 10
stats: {sentpackets,"tsung_controller@ip-172-30-3-100"} 1 1376.0 0.0 1376 107 610.5 10
stats: {cpu,"tsung_controller@ip-172-30-3-100"} 1 3.6597428288822944 0.0 3.7535175908128373 1.2871287128712872 2.3319306011353604 11
stats: {load,"tsung_controller@ip-172-30-3-100"} 1 0.19921875 0.0 0.19921875 0.03125 0.06569602272727272 11
stats: {freemem,"tsung_controller@ip-172-30-3-100"} 1 3160.2265625 0.0 3171.61328125 3160.2265625 3166.822088068182 11
stats: session 18 25341.352484809027 18516.74211492987 80404.86108398438 61.672119140625 24593.83492443049 107
stats: users_count 42 242
stats: finish_users_count 18 125
stats: request 368 146.16460982612938 271.1692389545583 3212.756103515625 4.22509765625 39.015772089945735 1532
stats: connect 43 2.9191837754360463 3.4831672170012826 103.764892578125 0.507080078125 2.2092849501413316 199
stats: page 317 169.0003427210667 304.3514747002513 3212.756103515625 5.175048828125 46.2474281210726 1293
stats: tr_play_game__ready_page 19 131.2202276932566 115.64343165699457 572.3759765625 5.929931640625 30.22468864143669 77
stats: 302 10 75
stats: tr_play_game__leaderboard 7 108.81392996651786 98.10546043102194 302.340087890625 6.337158203125 28.263687626008064 31
stats: 200 327 1658
stats: tr_question_new_POST 32 66.12789916992186 69.19663397264691 300.44677734375 4.31591796875 19.70909028894761 136
stats: size_rcv 814934 4411660
stats: tr_quiz_new_POST 5 174.355810546875 171.51145141739198 509.97119140625 12.35498046875 37.66302849264706 17
stats: newphase 0 3
stats: tr_search_all_users 4 251.42706298828125 200.11099957312632 584.55908203125 27.281005859375 54.76670619419643 21
stats: size_sent 271513 1356698
stats: tr_friend_requests 2 136.3809814453125 93.6099853515625 229.990966796875 7.9111328125 17.750418526785715 14
stats: connected 25 117
stats: tr_friends 2 258.4990234375 25.067138671875 283.566162109375 12.703125 30.2086181640625 12
stats: 404 32 168
stats: tr_browse_quizzes_page_1 5 233.072607421875 99.83647739370987 327.98193359375 26.640869140625 59.378635951450896 28
stats: tr_play_game__1st_question 22 122.14378773082386 106.14628076722877 381.571044921875 6.1630859375 27.573085001070204 73
stats: tr_play_game__answer_to_question 25 107.325947265625 102.6872057308111 337.994140625 5.43310546875 27.15403988486842 57
stats: tr_index 18 105.66444227430556 127.0997504531566 399.38818359375 5.734130859375 19.39929620150862 87
stats: tr_quizzes_page_INDEX 3 234.04801432291666 48.257544256450885 473.656005859375 7.408203125 56.446675618489586 24
stats: tr_quiz_questions_SHOW 32 70.28826141357422 75.11939118417183 404.921875 6.83203125 28.83181583180147 136
# stats: dump at 1449467499
stats: users 136 137
stats: {recvpackets,"tsung_controller@ip-172-30-3-100"} 1 1924.0 0.0 1924 94 703.4545454545455 11
stats: {sentpackets,"tsung_controller@ip-172-30-3-100"} 1 1638.0 0.0 1638 107 680.0909090909091 11
stats: {cpu,"tsung_controller@ip-172-30-3-100"} 1 4.334975369458128 0.0 4.334975369458128 1.2871287128712872 2.4425816201142716 12
stats: {load,"tsung_controller@ip-172-30-3-100"} 1 0.23046875 0.0 0.23046875 0.03125 0.07682291666666666 12
stats: {freemem,"tsung_controller@ip-172-30-3-100"} 1 3158.19140625 0.0 3171.61328125 3158.19140625 3166.2724609375 12
stats: session 33 23916.729632753315 19026.082389210576 80404.86108398438 61.672119140625 24701.477453125 125
stats: users_count 52 294
stats: finish_users_count 33 158
stats: request 419 107.27020715244633 167.74028840248553 3212.756103515625 4.22509765625 59.76881013569077 1900
stats: connect 51 2.267156862745098 2.529863773536747 103.764892578125 0.507080078125 2.335423997611054 242
stats: page 365 123.7621648919093 199.76023982888066 3212.756103515625 5.175048828125 70.41679080939441 1610
stats: tr_play_game__ready_page 15 73.40188802083334 90.91324430436057 572.3759765625 5.929931640625 50.21338907877604 96
stats: 302 17 92
stats: tr_play_game__leaderboard 10 46.9902587890625 39.16640667864648 302.340087890625 6.337158203125 43.10189016241776 38
stats: 200 369 2027
stats: tr_question_new_POST 32 57.316925048828125 75.21727358996787 300.44677734375 4.31591796875 28.550768171037948 168
stats: size_rcv 914548 5326208
stats: tr_quiz_new_POST 3 101.09033203125 33.252199023173596 509.97119140625 12.35498046875 68.72956986860795 22
stats: newphase 1 4
stats: tr_search_all_users 2 298.39208984375 247.657958984375 584.55908203125 27.281005859375 86.23236328125 25
stats: size_sent 288828 1645526
stats: tr_friend_requests 5 95.78984375 111.30478549908247 315.93212890625 7.9111328125 32.57923889160156 16
stats: connected 19 136
stats: tr_friends 5 35.27275390625 10.158781152205488 283.566162109375 12.703125 62.821533203125 14
stats: 404 32 200
stats: tr_browse_quizzes_page_1 9 192.737060546875 124.58104904806639 430.525146484375 26.640869140625 85.69590435606061 33
stats: tr_play_game__1st_question 13 80.89464393028847 89.95086701266878 381.571044921875 6.1630859375 49.47366879111842 95
stats: tr_play_game__answer_to_question 19 86.41041324013158 118.99895145818864 407.037109375 5.43310546875 51.596694574123475 82
stats: tr_index 21 47.79940941220238 77.59551893935671 399.38818359375 5.734130859375 34.18760695684524 105
stats: tr_quizzes_page_INDEX 8 140.529296875 97.07922069415349 473.656005859375 7.408203125 76.18015769675925 27
stats: tr_quiz_questions_SHOW 32 96.13886260986328 90.44112137928795 404.921875 6.83203125 36.72828165690104 168
# stats: dump at 1449467509
stats: users 181 183
stats: {recvpackets,"tsung_controller@ip-172-30-3-100"} 1 2062.0 0.0 2062 94 805.1666666666666 12
stats: {sentpackets,"tsung_controller@ip-172-30-3-100"} 1 1961.0 0.0 1961 107 759.9166666666666 12
stats: {cpu,"tsung_controller@ip-172-30-3-100"} 1 5.50098231827112 0.0 5.50098231827112 1.2871287128712872 2.588150370063799 13
stats: {load,"tsung_controller@ip-172-30-3-100"} 1 0.19921875 0.0 0.23046875 0.03125 0.08864182692307693 13
stats: {freemem,"tsung_controller@ip-172-30-3-100"} 1 3154.8203125 0.0 3171.61328125 3154.8203125 3165.650841346154 13
stats: session 34 21510.49337230009 18587.895435275736 80404.86108398438 61.672119140625 24537.574427351166 158
stats: users_count 79 373
stats: finish_users_count 34 192
stats: request 436 321.4571398813789 332.2735607241175 3212.756103515625 4.22509765625 68.35142563807136 2319
stats: connect 79 2.3406627027294302 3.225914970524817 103.764892578125 0.507080078125 2.323541322258959 293
stats: page 385 355.9507761769481 398.77073854117316 3212.756103515625 5.175048828125 80.27555614616297 1975
stats: tr_play_game__ready_page 20 310.748583984375 285.9255040845074 853.47900390625 5.929931640625 53.346970016891895 111
stats: 302 15 107
stats: tr_play_game__leaderboard 16 186.4874267578125 256.25759944205925 788.409912109375 6.337158203125 43.911966959635414 48
stats: 200 397 2424
stats: tr_question_new_POST 24 224.16523234049478 261.8011476024067 914.90185546875 4.31591796875 33.15335327148438 200
stats: size_rcv 991441 6317649
stats: tr_quiz_new_POST 7 259.50439453125 243.31230714381647 772.4140625 11.965087890625 72.612861328125 25
stats: newphase 0 4
stats: tr_search_all_users 5 514.409033203125 264.9328926361905 841.070068359375 27.281005859375 101.94789858217592 27
stats: size_sent 311759 1957285
stats: tr_friend_requests 2 434.43798828125 311.239013671875 745.677001953125 7.9111328125 47.62938290550595 21
stats: connected 46 182
stats: tr_friends 1 642.422119140625 0.0 642.422119140625 12.703125 55.57185444078947 19
stats: 404 24 224
stats: tr_browse_quizzes_page_1 14 584.0673828124999 301.389074245404 1028.05712890625 26.640869140625 108.63329496837798 42
stats: tr_play_game__1st_question 18 336.2635498046875 306.2520054102376 974.745849609375 6.1630859375 53.25582320601852 108
stats: tr_play_game__answer_to_question 14 342.14957101004467 316.9878299603825 884.258056640625 5.43310546875 58.14580996673886 101
stats: tr_index 28 432.50762067522317 332.6930409952592 947.611083984375 5.734130859375 36.45624069940476 126
stats: tr_quizzes_page_INDEX 6 297.6378987630208 254.25248770321252 719.1611328125 7.408203125 90.88853236607143 35
stats: tr_quiz_questions_SHOW 22 260.1351318359375 278.325441109043 915.511962890625 6.83203125 46.233974609375 200
# stats: dump at 1449467519
stats: users 246 246
stats: {recvpackets,"tsung_controller@ip-172-30-3-100"} 1 2422.0 0.0 2422 94 901.8461538461538 13
stats: {sentpackets,"tsung_controller@ip-172-30-3-100"} 1 2196.0 0.0 2196 107 852.3076923076923 13
stats: {cpu,"tsung_controller@ip-172-30-3-100"} 1 6.2745098039215685 0.0 6.2745098039215685 1.2871287128712872 2.7962097949357507 14
stats: {load,"tsung_controller@ip-172-30-3-100"} 1 0.171875 0.0 0.23046875 0.03125 0.09654017857142858 14
stats: {freemem,"tsung_controller@ip-172-30-3-100"} 1 3152.10546875 0.0 3171.61328125 3152.10546875 3164.8772321428573 14
stats: session 26 27678.604285606973 22929.993717316745 96311.23706054688 61.672119140625 24001.52882385254 192
stats: users_count 91 464
stats: finish_users_count 26 218
stats: request 424 1159.8546338351266 373.78306255557555 3212.756103515625 4.22509765625 108.40735718438064 2755
stats: connect 91 3.254236242273352 3.3973607298895616 103.764892578125 0.503173828125 2.3271773143481185 372
stats: page 372 1284.697295814432 595.4793137883568 4007.76416015625 5.175048828125 125.24799670203258 2360
stats: tr_play_game__ready_page 36 1132.3859117296006 324.96055381415783 1806.4990234375 5.929931640625 92.64492634780534 131
stats: 302 22 129
stats: tr_play_game__leaderboard 7 1284.0545479910713 394.0552098441821 1756.134033203125 6.337158203125 79.55583190917969 64
stats: 200 382 2806
stats: tr_question_new_POST 20 1057.7006591796874 338.89300996967444 1607.135986328125 4.31591796875 53.61891174316406 224
stats: size_rcv 946042 7263691
stats: tr_quiz_new_POST 4 1051.7418823242188 259.6871967027212 1445.106201171875 11.965087890625 113.4953842163086 32
stats: newphase 0 4
stats: tr_search_all_users 6 1355.5723470052083 214.8072168404059 1651.448974609375 27.281005859375 166.39495086669922 32
stats: size_sent 309949 2267234
stats: tr_friend_requests 3 1189.6516927083333 241.84654558345454 1378.751953125 7.9111328125 81.26491380774456 23
stats: connected 63 245
stats: tr_friends 2 934.9949951171875 37.6529541015625 972.64794921875 12.703125 84.91436767578125 20
stats: 404 20 244
stats: tr_browse_quizzes_page_1 9 942.9432779947916 345.0621321574536 1643.51123046875 26.640869140625 227.49181692940846 56
stats: tr_play_game__1st_question 26 1143.7603290264424 329.87023789975507 1607.028076171875 6.1630859375 93.6854984343998 126
stats: tr_play_game__answer_to_question 18 1271.719455295139 255.97711438176086 1711.1611328125 5.43310546875 92.7201808763587 115
stats: tr_index 29 1099.2965214170258 332.6455748639304 1606.453125 5.734130859375 108.46558251318993 154
stats: tr_quizzes_page_INDEX 7 1188.575927734375 318.0932338723743 1576.135009765625 7.408203125 121.1445372046494 41
stats: tr_quiz_questions_SHOW 18 1041.288330078125 301.002361023207 1684.699951171875 6.83203125 67.4313865867821 222
# stats: dump at 1449467529
stats: users 334 336
stats: {recvpackets,"tsung_controller@ip-172-30-3-100"} 1 2362.0 0.0 2422 94 1010.4285714285714 14
stats: {sentpackets,"tsung_controller@ip-172-30-3-100"} 1 2143.0 0.0 2196 107 948.2857142857143 14
stats: {cpu,"tsung_controller@ip-172-30-3-100"} 1 6.280667320902846 0.0 6.280667320902846 1.2871287128712872 3.028096462201472 15
stats: {load,"tsung_controller@ip-172-30-3-100"} 1 0.140625 0.0 0.23046875 0.03125 0.1015625 15
stats: {freemem,"tsung_controller@ip-172-30-3-100"} 1 3145.78515625 0.0 3171.61328125 3145.78515625 3164.02578125 15
stats: session 49 22939.286496532197 19686.362693697254 96311.23706054688 61.672119140625 24440.079108281967 218
stats: users_count 137 601
stats: finish_users_count 49 267
stats: request 648 1512.8768969877274 1137.308962167432 3619.9140625 0.06591796875 248.64442711200454 3179
stats: connect 157 2.7327919735270703 3.2064180681467342 103.764892578125 0.488037109375 2.509385440571005 463
stats: page 580 1668.1013305664062 1343.751848218679 5716.912109375 0.593994140625 283.1232306953754 2732
stats: tr_play_game__ready_page 44 1392.2775213068182 1230.597844422645 2830.657958984375 0.7060546875 316.7807076277133 167
stats: 302 24 153
stats: tr_play_game__leaderboard 14 1866.3436628069196 837.5275287228433 2864.260986328125 0.717041015625 198.3092264524648 71
stats: 200 385 3191
stats: tr_question_new_POST 32 745.2650375366211 1040.0534508258197 2682.201904296875 0.677001953125 135.9206943199283 244
stats: size_rcv 1012038 8275729
stats: tr_quiz_new_POST 4 1087.5614624023438 1149.2063133422766 2704.941162109375 1.009033203125 217.7449951171875 36
stats: newphase 1 5
stats: tr_search_all_users 5 2072.03974609375 1074.1206518043523 2959.21484375 2.364013671875 354.15980288856906 38
stats: size_sent 400140 2667374
stats: tr_friend_requests 6 1605.989501953125 1152.0215947267025 2685.386962890625 0.699951171875 209.15569598858173 26
stats: connected 89 334
stats: tr_friends 6 1991.1074625651042 968.1556291876022 2785.31005859375 4.718994140625 162.1944247159091 22
stats: error_connection_closed 1 1
stats: tr_browse_quizzes_page_1 24 1725.5627034505208 1236.4387756305312 3069.55615234375 0.697998046875 326.5543269230769 65
stats: 503 201 201
stats: tr_play_game__1st_question 37 1383.3291873416385 1068.5586924902736 2835.537109375 0.6728515625 273.30356156198604 152
stats: 404 11 255
stats: tr_play_game__answer_to_question 31 1577.602027154738 1114.3769475968757 2726.6689453125 0.678955078125 252.28399245183272 133
stats: 500 5 5
stats: tr_index 56 1747.9551827566963 923.6535260524263 2895.2119140625 1.18212890625 265.48250725751365 183
stats: tr_quizzes_page_INDEX 6 2306.3470458984375 355.33806187590204 2740.7119140625 7.408203125 276.8116149902344 48
stats: tr_quiz_questions_SHOW 34 878.2221966911765 1139.2531001940883 2732.301025390625 0.121826171875 140.4706573486328 240
# stats: dump at 1449467539
stats: users 421 421
stats: {recvpackets,"tsung_controller@ip-172-30-3-100"} 1 3086.0 0.0 3086 94 1100.5333333333333 15
stats: {sentpackets,"tsung_controller@ip-172-30-3-100"} 1 3114.0 0.0 3114 107 1027.9333333333334 15
stats: {cpu,"tsung_controller@ip-172-30-3-100"} 1 8.72549019607843 0.0 8.72549019607843 1.2871287128712872 3.2313821408703074 16
stats: {load,"tsung_controller@ip-172-30-3-100"} 1 0.12109375 0.0 0.23046875 0.03125 0.10400390625 16
stats: {freemem,"tsung_controller@ip-172-30-3-100"} 1 3139.15234375 0.0 3171.61328125 3139.15234375 3162.8857421875 16
stats: session 74 26897.87797257707 23321.32637041653 96311.23706054688 6.73095703125 24164.652748822275 267
stats: users_count 161 762
stats: finish_users_count 74 341
stats: request 904 1159.8236672730548 1120.0487666952567 3619.9140625 0.06591796875 462.7083519825215 3827
stats: connect 192 2.521897633870444 2.978216629596244 103.764892578125 0.483154296875 2.5659577400453633 620
stats: page 792 1318.3279286394204 1384.2129070373944 5816.134033203125 0.593994140625 525.6616660592637 3312
stats: tr_play_game__ready_page 58 1329.8267780172414 1080.5334817363864 2830.657958984375 0.638916015625 541.0549246982375 211
stats: 302 29 182
stats: tr_play_game__leaderboard 18 1064.3307562934028 1065.2939525022607 2864.260986328125 0.68408203125 473.04431008731615 85
stats: 200 389 3580
stats: tr_question_new_POST 45 721.1796440972223 1016.1966356741391 2682.201904296875 0.663818359375 206.56931382331294 276
stats: size_rcv 1208374 9484103
stats: tr_quiz_new_POST 7 290.796142578125 705.6425216270003 2704.941162109375 0.97705078125 304.7266418457031 40
stats: newphase 0 5
stats: tr_search_all_users 11 1058.748135653409 1168.3284939369485 2959.21484375 1.986083984375 553.9132846566134 43
stats: 422 16 16
stats: tr_friend_requests 12 1498.3739420572917 1074.4716912632975 2685.386962890625 0.68115234375 471.0620346069336 32
stats: size_sent 533181 3200555
stats: tr_friends 7 704.3296247209821 1107.815456481726 2785.31005859375 0.76416015625 554.1043613978794 28
stats: connected 87 421
stats: tr_browse_quizzes_page_1 33 1209.949211351799 1179.997151836344 3069.55615234375 0.677001953125 703.8150127282304 89
stats: error_connection_closed 1 2
stats: tr_play_game__1st_question 61 1065.38067927126 1082.2267122089722 2835.537109375 0.6728515625 490.61016555059524 189
stats: 503 400 601
stats: tr_play_game__answer_to_question 41 1102.3780368711891 1069.0560177253365 2726.6689453125 0.677978515625 502.80142584079647 164
stats: 404 15 270
stats: tr_index 74 1224.790319494299 1068.9769903446963 2895.2119140625 1.18212890625 612.8401216004185 239
stats: 500 24 29
stats: tr_quizzes_page_INDEX 10 1322.84111328125 1081.747507623818 2740.7119140625 0.735107421875 502.3155517578125 54
stats: tr_quiz_questions_SHOW 42 516.6572498139881 925.4845603787069 2732.301025390625 0.119873046875 232.01646879989735 274
# stats: dump at 1449467549
stats: users 516 518
stats: {recvpackets,"tsung_controller@ip-172-30-3-100"} 1 3474.0 0.0 3474 94 1224.625 16
stats: {sentpackets,"tsung_controller@ip-172-30-3-100"} 1 3533.0 0.0 3533 107 1158.3125 16
stats: {cpu,"tsung_controller@ip-172-30-3-100"} 1 10.048780487804878 0.0 10.048780487804878 1.2871287128712872 3.5545649676472557 17
stats: {load,"tsung_controller@ip-172-30-3-100"} 1 0.171875 0.0 0.23046875 0.03125 0.10500919117647059 17
stats: {freemem,"tsung_controller@ip-172-30-3-100"} 1 3136.94921875 0.0 3171.61328125 3136.94921875 3161.4896599264707 17
stats: session 71 27888.044870295995 22307.30512826895 96311.23706054688 6.73095703125 24757.786668346773 341
stats: users_count 166 928
stats: finish_users_count 71 412
stats: request 1125 953.4479598524296 994.0214994967441 3619.9140625 0.06591796875 595.9132230505076 4731
stats: connect 190 2.682830489309209 2.92587839709927 103.764892578125 0.483154296875 2.555539586861146 812
stats: page 1007 1077.1506956189482 1210.522453866874 5816.134033203125 0.583984375 678.6323483115746 4104
stats: tr_play_game__ready_page 76 1168.322599712172 963.4474836064798 2830.657958984375 0.638916015625 711.1246923283574 269
stats: 302 48 230
stats: tr_play_game__leaderboard 22 719.3131325461648 868.8781101704782 2864.260986328125 0.68408203125 576.3759220456614 103
stats: 200 425 4005
stats: tr_question_new_POST 43 894.8721043786337 984.4177087249608 2682.201904296875 0.663818359375 278.7109489084404 321
stats: size_rcv 1313618 10797721
stats: tr_quiz_new_POST 3 742.36669921875 1030.30428699573 2704.941162109375 0.97705078125 302.6518866356383 47
stats: newphase 0 5
stats: tr_search_all_users 19 846.088777240954 912.3212170623057 2959.21484375 0.72802734375 656.750013563368 54
stats: 422 14 30
stats: tr_friend_requests 8 411.5688781738281 705.070410189845 2685.386962890625 0.68115234375 751.2380093661221 44
stats: size_sent 630233 3830788
stats: tr_friends 5 347.5841796875 686.3054743904113 2785.31005859375 0.7080078125 584.1494140625 35
stats: connected 95 516
stats: tr_browse_quizzes_page_1 26 852.5672044020432 948.6264972450145 3069.55615234375 0.659912109375 840.7201648149334 122
stats: error_connection_closed 2 4
stats: tr_play_game__1st_question 72 990.3596123589409 966.3643822601576 2835.537109375 0.66796875 630.8541708984375 250
stats: 503 547 1148
stats: tr_play_game__answer_to_question 66 859.6353278882576 962.4728615635149 2726.6689453125 0.677978515625 622.716748046875 205
stats: 404 18 288
stats: tr_index 65 964.1303485576923 1025.3197480937365 2895.2119140625 1.18212890625 757.5184431472145 313
stats: 500 48 77
stats: tr_quizzes_page_INDEX 29 858.8238230738147 899.9825112676666 2740.7119140625 0.676025390625 630.5226707458496 64
stats: tr_quiz_questions_SHOW 45 809.8451009114583 920.8099316630804 2732.301025390625 0.119873046875 269.84847133974483 316
# stats: dump at 1449467559
stats: users 683 685
stats: {recvpackets,"tsung_controller@ip-172-30-3-100"} 1 3978.0 0.0 3978 94 1356.9411764705883 17
stats: {sentpackets,"tsung_controller@ip-172-30-3-100"} 1 4157.0 0.0 4157 107 1298.0 17
stats: {cpu,"tsung_controller@ip-172-30-3-100"} 1 11.86770428015564 0.0 11.86770428015564 1.2871287128712872 3.9153547187671234 18
stats: {load,"tsung_controller@ip-172-30-3-100"} 1 0.23046875 0.0 0.23046875 0.03125 0.10872395833333333 18
stats: {freemem,"tsung_controller@ip-172-30-3-100"} 1 3131.3515625 0.0 3171.61328125 3131.3515625 3160.1263020833335 18
stats: session 110 26427.74953613281 26055.322262968275 144494.2109375 6.73095703125 25297.224368197247 412
stats: users_count 277 1205
stats: finish_users_count 110 522
stats: request 1661 652.8585939263806 988.9491478244545 3619.9140625 0.05712890625 664.5994557865325 5856
stats: connect 352 2.7409071488813908 3.2130541258635 103.764892578125 0.48095703125 2.579676584331337 1002
stats: page 1431 754.6838986272162 1193.7976987951542 5816.134033203125 0.56787109375 757.1508330970422 5111
stats: tr_play_game__ready_page 67 855.6804527168844 1016.3283364310005 2830.657958984375 0.60693359375 811.8407530853715 345
stats: 302 60 290
stats: tr_play_game__leaderboard 25 623.53357421875 913.6650238956202 2864.260986328125 0.68408203125 601.53287109375 125
stats: 200 348 4353
stats: tr_question_new_POST 110 454.5445601029829 842.8062355641345 2682.201904296875 0.64404296875 351.4992172744248 364
stats: size_rcv 1532711 12330432
stats: tr_quiz_new_POST 20 787.3081298828125 1071.8249246144499 2709.157958984375 0.9140625 329.034775390625 50
stats: newphase 1 6
stats: tr_search_all_users 22 515.7155206853693 941.5790048458157 2959.21484375 0.70703125 706.0299657534247 73
stats: 422 31 61
stats: tr_friend_requests 14 712.9659075055804 956.2407372553625 2685.386962890625 0.658935546875 698.9812199519231 52
stats: size_sent 898785 4729573
stats: tr_friends 10 1127.1697021484374 1136.575277930032 2785.31005859375 0.7080078125 554.578759765625 40
stats: connected 168 684
stats: tr_browse_quizzes_page_1 44 1009.1189575195313 1162.0630699393798 3069.55615234375 0.657958984375 842.8014014991554 148
stats: error_connection_closed 3 7
stats: tr_play_game__1st_question 68 855.951010311351 1096.3683172741337 2835.537109375 0.64306640625 711.2404807902271 322
stats: 503 1074 2222
stats: tr_play_game__answer_to_question 75 635.058671875 957.2145847857537 2726.6689453125 0.6669921875 680.4164759787246 271
stats: 404 13 301
stats: tr_index 101 461.2230285040223 862.3139105046301 2895.2119140625 1.18212890625 793.0469454003389 378
stats: 500 57 134
stats: tr_quizzes_page_INDEX 23 844.5134489639946 1050.6513654082412 2740.7119140625 0.676025390625 701.7133526545699 93
stats: tr_quiz_questions_SHOW 103 375.9884329490292 823.4532547792979 2772.594970703125 0.119873046875 337.16107059383654 361
# stats: dump at 1449467569
stats: users 839 839
stats: {recvpackets,"tsung_controller@ip-172-30-3-100"} 1 5703.0 0.0 5703 94 1502.5555555555557 18
stats: {sentpackets,"tsung_controller@ip-172-30-3-100"} 1 6290.0 0.0 6290 107 1456.8333333333333 18
stats: {cpu,"tsung_controller@ip-172-30-3-100"} 1 17.412451361867703 0.0 17.412451361867703 1.2871287128712872 4.333899432524413 19
stats: {load,"tsung_controller@ip-172-30-3-100"} 1 0.19140625 0.0 0.23046875 0.03125 0.11513157894736842 19
stats: {freemem,"tsung_controller@ip-172-30-3-100"} 1 3123.9296875 0.0 3171.61328125 3123.9296875 3158.6118421052633 19
stats: session 172 27010.307371627452 22786.99914214556 144494.2109375 6.73095703125 25535.45764113386 522
stats: users_count 328 1533
stats: finish_users_count 172 694
stats: request 2318 471.67837600773845 787.9928259229804 3619.9140625 0.05712890625 662.0051267257752 7517
stats: connect 423 2.462697852024235 3.118488172704951 103.764892578125 0.47705078125 2.621591768025295 1354
stats: page 2000 554.0520477294913 939.3720123395319 5816.134033203125 0.56787109375 756.6112147500045 6542
stats: tr_play_game__ready_page 128 486.255844116211 787.5883429533485 2830.657958984375 0.60693359375 818.9700246273894 412
stats: 302 87 377
stats: tr_play_game__leaderboard 48 331.625747680664 675.2734191957685 2864.260986328125 0.682861328125 605.1996549479167 150
stats: 200 382 4735
stats: tr_question_new_POST 162 319.1166238667053 667.7993744568204 2682.201904296875 0.64404296875 375.4126934582674 474
stats: size_rcv 1903420 14233852
stats: tr_quiz_new_POST 21 429.51357886904754 751.5880407852582 2709.157958984375 0.888916015625 459.97001953125 70
stats: newphase 0 6
stats: tr_search_all_users 34 554.1040254480698 856.1803878138877 2959.21484375 0.6650390625 661.9571468955592 95
stats: 422 36 97
stats: tr_friend_requests 23 341.87978727921194 633.0372770077141 2685.386962890625 0.658935546875 701.9476688269413 66
stats: size_sent 1217229 5946802
stats: tr_friends 23 536.5343495244566 811.3243078548064 2785.31005859375 0.69189453125 669.0969482421875 50
stats: connected 154 838
stats: tr_browse_quizzes_page_1 60 697.7154378255208 918.5629836220289 3069.55615234375 0.64990234375 880.9158414204916 192
stats: error_connection_closed 8 15
stats: tr_play_game__1st_question 116 527.2603275693695 793.6899381394858 2835.537109375 0.641845703125 736.4720602964744 390
stats: 503 1606 3828
stats: tr_play_game__answer_to_question 86 521.4602646938589 810.5085395208392 2726.6689453125 0.6669921875 670.5845820256052 346
stats: 404 14 315
stats: tr_index 126 567.2620268322177 831.4080224265593 2895.2119140625 1.175048828125 723.0798982050823 479
stats: 500 89 223
stats: tr_quizzes_page_INDEX 26 600.6232346754807 820.85635327487 2740.7119140625 0.676025390625 730.0271648538524 116
stats: tr_quiz_questions_SHOW 169 329.5097555126664 694.353447777247 2772.594970703125 0.119873046875 345.7800755994073 464
# stats: dump at 1449467579
stats: users 979 979
stats: {recvpackets,"tsung_controller@ip-172-30-3-100"} 1 6654.0 0.0 6654 94 1723.6315789473683 19
stats: {sentpackets,"tsung_controller@ip-172-30-3-100"} 1 7607.0 0.0 7607 107 1711.2105263157894 19
stats: {cpu,"tsung_controller@ip-172-30-3-100"} 1 21.64750957854406 0.0 21.64750957854406 1.2871287128712872 4.987827028991577 20
stats: {load,"tsung_controller@ip-172-30-3-100"} 1 0.16015625 0.0 0.23046875 0.03125 0.1189453125 20
stats: {freemem,"tsung_controller@ip-172-30-3-100"} 1 3118.078125 0.0 3171.61328125 3118.078125 3156.877734375 20
stats: session 185 27867.9348223712 22342.427552547244 144494.2109375 6.73095703125 25900.982358201436 694
stats: users_count 325 1858
stats: finish_users_count 185 879
stats: request 2274 481.01310951414064 737.5112839962653 3619.9140625 0.05712890625 617.1472306236492 9835
stats: connect 399 2.7640396156406646 3.322446811144915 103.764892578125 0.47705078125 2.5837683991629157 1777
stats: page 1963 548.3761754320162 844.5412191975191 5816.134033203125 0.528076171875 709.1845776578684 8542
stats: tr_play_game__ready_page 121 598.6126295357698 784.98892322956 2830.657958984375 0.60693359375 740.1044410988137 540
stats: 302 111 488
stats: tr_play_game__leaderboard 62 449.4816106980847 749.3788419642726 2864.260986328125 0.625 538.878707731613 198
stats: 200 301 5036
stats: tr_question_new_POST 147 365.61697657578645 677.0971125021177 2682.201904296875 0.64404296875 361.07312856230345 636
stats: size_rcv 1759460 15993312
stats: tr_quiz_new_POST 20 447.1356689453125 772.3162706951698 2709.157958984375 0.875 452.94161014766485 91
stats: newphase 0 6
stats: tr_search_all_users 41 566.8813655201983 790.8542550480889 2959.21484375 0.6611328125 633.5307427931201 129
stats: 422 54 151
stats: tr_friend_requests 23 231.9058572520381 594.9512440378595 2685.386962890625 0.65087890625 608.8964185393259 89
stats: size_sent 1156547 7103349
stats: tr_friends 14 509.09737723214283 799.0454513388895 2785.31005859375 0.67578125 627.330650016053 73
stats: connected 112 950
stats: tr_browse_quizzes_page_1 57 508.0446006373355 814.9158162141634 3069.55615234375 0.638916015625 837.2966977074033 252
stats: error_connection_closed 14 29
stats: tr_play_game__1st_question 122 436.32538742315586 729.8814000411887 2835.537109375 0.641845703125 688.5104772997468 506
stats: 503 1561 5389
stats: tr_play_game__answer_to_question 88 512.9381075772372 756.7268625551907 2726.6689453125 0.6669921875 640.8977966308594 432
stats: 404 8 323
stats: tr_index 119 645.3416306952469 664.9277152084852 2895.2119140625 1.175048828125 690.6285729274277 605
stats: 500 151 374
stats: tr_quizzes_page_INDEX 39 376.7601975661058 678.6484561684955 2740.7119140625 0.676025390625 706.3334874972492 142
stats: tr_quiz_questions_SHOW 145 219.43644598599136 542.5927421470241 2772.594970703125 0.119873046875 341.43618287482724 633
# stats: dump at 1449467589
stats: users 862 1013
stats: {recvpackets,"tsung_controller@ip-172-30-3-100"} 1 6358.0 0.0 6654 94 1970.15 20
stats: {sentpackets,"tsung_controller@ip-172-30-3-100"} 1 7012.0 0.0 7607 107 2006.0 20
stats: {cpu,"tsung_controller@ip-172-30-3-100"} 1 19.961051606621226 0.0 21.64750957854406 1.2871287128712872 5.781145245636933 21
stats: {load,"tsung_controller@ip-172-30-3-100"} 1 0.140625 0.0 0.23046875 0.03125 0.1209077380952381 21
stats: {freemem,"tsung_controller@ip-172-30-3-100"} 1 3113.75 0.0 3171.61328125 3113.75 3155.0301339285716 21
stats: session 183 34812.1491926016 20978.79056774836 144494.2109375 6.73095703125 26314.95983928381 879
stats: users_count 66 1924
stats: finish_users_count 183 1062
stats: request 2384 725.7458526816141 1041.2550989872532 5725.053955078125 0.05712890625 591.582031895181 12109
stats: connect 240 2.60965576171875 2.999316383189338 103.764892578125 0.47705078125 2.6168236451990468 2176
stats: page 2014 864.6490855515299 1184.8080940503717 6550.1669921875 0.528076171875 679.1353731296107 10505
stats: tr_play_game__ready_page 97 802.616188285277 957.4459026120851 3761.97705078125 0.60693359375 714.2035194662443 661
stats: 302 142 630
stats: tr_play_game__leaderboard 71 484.35558566241195 804.2294610372983 3872.759033203125 0.625 517.5609384390024 260
stats: 200 303 5339
stats: tr_question_new_POST 188 244.31096243351053 587.3905746908489 3033.424072265625 0.64404296875 361.9261881510417 783
stats: size_rcv 1795835 17789147
stats: tr_quiz_new_POST 34 362.34665096507354 653.070976312923 2709.157958984375 0.875 451.8954946157095 111
stats: newphase 0 6
stats: tr_search_all_users 36 670.2558525933159 799.2219705330838 2959.21484375 0.6611328125 617.4564812155331 170
stats: 422 66 217
stats: tr_friend_requests 33 576.6712683475379 761.2693374344975 2685.386962890625 0.65087890625 531.4787139892578 112
stats: size_sent 1228783 8332132
stats: tr_friends 23 368.6363684612772 900.037940413959 3863.135009765625 0.663818359375 608.3046061197916 87
stats: connected -94 856
stats: tr_browse_quizzes_page_1 31 988.283423639113 1149.0716132660461 3515.030029296875 0.638916015625 776.5608739760315 309
stats: error_connection_closed 53 82
stats: tr_play_game__1st_question 112 586.8493041992188 769.7405436789126 2835.537109375 0.641845703125 639.51910633646 628
stats: error_abort_max_send_retries 4 4
stats: tr_play_game__answer_to_question 137 604.3077864820937 799.260213097695 3593.260009765625 0.6240234375 619.2430800217849 520
stats: 503 1595 6984
stats: tr_index 58 2874.878401131465 972.652270441075 5725.10400390625 1.175048828125 683.1850009307019 724
stats: 404 4 327
stats: tr_quizzes_page_INDEX 46 730.9711701766304 761.5313790292956 2740.7119140625 0.6669921875 635.320458175069 181
stats: 500 211 585
stats: tr_quiz_questions_SHOW 185 464.19177971917253 884.4872497604399 4522.14404296875 0.119873046875 318.6984427091702 778
# stats: dump at 1449467599
stats: users 690 1013
stats: {recvpackets,"tsung_controller@ip-172-30-3-100"} 1 6499.0 0.0 6654 94 2179.095238095238 21
stats: {sentpackets,"tsung_controller@ip-172-30-3-100"} 1 6734.0 0.0 7607 107 2244.3809523809523 21
stats: {cpu,"tsung_controller@ip-172-30-3-100"} 1 16.699029126213592 0.0 21.64750957854406 1.2871287128712872 6.425686443863492 22
stats: {load,"tsung_controller@ip-172-30-3-100"} 1 0.12109375 0.0 0.23046875 0.03125 0.12180397727272728 22
stats: {freemem,"tsung_controller@ip-172-30-3-100"} 1 3110.984375 0.0 3171.61328125 3110.984375 3153.1537642045455 22
stats: session 172 43223.797370378365 16429.2979904476 144494.2109375 6.73095703125 27779.164784347045 1062
stats: users_count 0 1924
stats: finish_users_count 172 1234
stats: request 2328 473.69037242771424 670.9151356421663 5725.053955078125 0.05712890625 613.6510685856424 14493
stats: connect 178 1.9714849236306176 3.146432781179956 103.764892578125 0.47705078125 2.6161116037937195 2416
stats: page 1871 592.000086251711 829.8511660025854 6550.1669921875 0.528076171875 708.979978674602 12519
stats: tr_play_game__ready_page 20 623.9039428710937 763.7640623054871 3761.97705078125 0.60693359375 725.5175417293659 758
stats: 302 212 842
stats: tr_play_game__leaderboard 80 585.8760986328125 720.4895183495796 3872.759033203125 0.625 510.4383401092806 331
stats: 200 241 5580
stats: tr_question_new_POST 313 328.7476139738917 583.9879235908959 3033.424072265625 0.64404296875 339.1541362098513 971
stats: size_rcv 1657376 19446523
stats: tr_quiz_new_POST 37 502.09786739864865 645.1929180323309 2709.157958984375 0.875 430.8978347252155 145
stats: newphase 0 6
stats: tr_search_all_users 32 508.1482391357422 698.6693204195021 2959.21484375 0.6611328125 626.6835558252427 206
stats: 422 104 321
stats: tr_friend_requests 23 545.8023628566576 671.1407860745499 2685.386962890625 0.65087890625 541.763916015625 145
stats: size_sent 1450285 9782417
stats: tr_friends 27 416.40083369502315 648.3506686469893 3863.135009765625 0.663818359375 558.1921564275568 110
stats: connected -162 694
stats: tr_browse_quizzes_page_1 2 1557.349365234375 40.071533203125 3515.030029296875 0.638916015625 795.8649887982536 340
stats: error_connection_closed 17 99
stats: tr_play_game__1st_question 36 774.6621975368923 732.2891684767272 2835.537109375 0.641845703125 631.5474606075802 740
stats: error_abort_max_send_retries 2 6
stats: tr_play_game__answer_to_question 87 630.4791947288076 672.4768039256392 3593.260009765625 0.6240234375 616.128718964041 657
stats: 503 1377 8361
stats: tr_index 0 0 0 5725.10400390625 1.175048828125 845.7402659072291 782
stats: 404 10 337
stats: tr_quizzes_page_INDEX 33 492.24778053977275 649.6205737721564 2740.7119140625 0.6669921875 654.7034218405837 227
stats: 500 212 797
stats: tr_quiz_questions_SHOW 309 211.24706952240112 501.7509122770254 4522.14404296875 0.118896484375 346.648876091154 963
# stats: dump at 1449467609
stats: users 517 1013
stats: {recvpackets,"tsung_controller@ip-172-30-3-100"} 1 5457.0 0.0 6654 94 2375.4545454545455 22
stats: {sentpackets,"tsung_controller@ip-172-30-3-100"} 1 5569.0 0.0 7607 107 2448.4545454545455 22
stats: {cpu,"tsung_controller@ip-172-30-3-100"} 1 13.560975609756099 0.0 21.64750957854406 1.2871287128712872 6.872353517009149 23
stats: {load,"tsung_controller@ip-172-30-3-100"} 1 0.1015625 0.0 0.23046875 0.03125 0.12177309782608696 23
stats: {freemem,"tsung_controller@ip-172-30-3-100"} 1 3110.51171875 0.0 3171.61328125 3110.51171875 3151.3203125 23
stats: session 173 47203.974593851606 16258.668751885347 144494.2109375 6.73095703125 29931.901255009434 1234
stats: users_count 0 1924
stats: finish_users_count 173 1407
stats: request 1750 607.7683292410725 660.223146896254 5725.053955078125 0.05712890625 594.2807279010424 16821
stats: connect 82 2.2011599657012204 3.331277668847776 103.764892578125 0.47705078125 2.571877390582836 2594
stats: page 1410 749.9112863959996 856.6868782538155 6550.1669921875 0.528076171875 693.7701538849404 14390
stats: tr_play_game__ready_page 4 1084.2349853515625 632.3667779686131 3761.97705078125 0.60693359375 722.9053669515183 778
stats: 302 240 1082
stats: tr_play_game__leaderboard 98 598.663591657366 664.402749781113 3872.759033203125 0.625 525.1220887269997 411
stats: 200 259 5839
stats: tr_question_new_POST 235 556.9671407496676 644.0740357107494 3033.424072265625 0.64404296875 336.61734379563376 1284
stats: size_rcv 1448527 20895050
stats: tr_quiz_new_POST 34 538.9960506663602 643.5752863337913 2709.157958984375 0.875 445.372566642342 182
stats: newphase 0 6
stats: tr_search_all_users 32 634.5364456176758 633.3960569201711 2959.21484375 0.6611328125 610.7460342535452 238
stats: 422 113 434
stats: tr_friend_requests 13 830.5069486177885 663.2011036481422 2685.386962890625 0.65087890625 542.3167986188616 168
stats: size_sent 1114916 10897333
stats: tr_friends 17 580.2876551011029 694.0840115275581 3863.135009765625 0.663818359375 530.2478811445027 137
stats: connected -178 516
stats: tr_browse_quizzes_page_1 0 0 0 3515.030029296875 0.638916015625 800.318113806652 342
stats: error_connection_closed 4 103
stats: tr_play_game__1st_question 5 767.963623046875 621.1372963012549 2835.537109375 0.641845703125 638.1868040733731 776
stats: error_abort_max_send_retries 0 6
stats: tr_play_game__answer_to_question 26 668.314687875601 669.4304533252263 3593.260009765625 0.6240234375 617.8067987913726 744
stats: 503 856 9217
stats: tr_index 0 0 0 5725.10400390625 1.175048828125 845.7402659072291 782
stats: 404 13 350
stats: tr_quizzes_page_INDEX 20 478.4796875 584.977317138303 2740.7119140625 0.6669921875 634.084051983173 260
stats: 500 189 986
stats: tr_quiz_questions_SHOW 238 488.7103066324187 618.8416703300502 4522.14404296875 0.118896484375 313.7564560992164 1272
# stats: dump at 1449467619
stats: users 380 1013
stats: {recvpackets,"tsung_controller@ip-172-30-3-100"} 1 4827.0 0.0 6654 94 2509.4347826086955 23
stats: {sentpackets,"tsung_controller@ip-172-30-3-100"} 1 4415.0 0.0 7607 107 2584.1304347826085 23
stats: {cpu,"tsung_controller@ip-172-30-3-100"} 1 10.526315789473683 0.0 21.64750957854406 1.2871287128712872 7.151046104206938 24
stats: {load,"tsung_controller@ip-172-30-3-100"} 1 0.078125 0.0 0.23046875 0.03125 0.12093098958333333 24
stats: {freemem,"tsung_controller@ip-172-30-3-100"} 1 3110.0390625 0.0 3171.61328125 3110.0390625 3149.6199544270835 24
stats: session 137 51237.85325901002 13284.245185303456 144494.2109375 6.73095703125 32055.617450901187 1407
stats: users_count 0 1924
stats: finish_users_count 137 1544
stats: request 1101 943.8111085536583 413.3623634156755 5725.053955078125 0.05712890625 595.5517042806155 18571
stats: connect 21 0.9016345796130951 1.0079673372281595 103.764892578125 0.47705078125 2.5605175890730107 2676
stats: page 907 1146.5107368040228 647.6916080523397 6550.1669921875 0.528076171875 698.7802169761172 15800
stats: tr_play_game__ready_page 0 0 0 3761.97705078125 0.60693359375 724.753600293718 782
stats: 302 279 1361
stats: tr_play_game__leaderboard 90 936.2401909722222 442.1109870209297 3872.759033203125 0.625 539.2813564817657 509
stats: 200 307 6146
stats: tr_question_new_POST 145 941.386429148707 406.11933878053253 3033.424072265625 0.64404296875 370.7070095521828 1519
stats: size_rcv 1230285 22125335
stats: tr_quiz_new_POST 19 1076.907624897204 77.7565808864558 2709.157958984375 0.875 460.1095965350116 216
stats: newphase 0 6
stats: tr_search_all_users 14 862.3432094029018 452.18841309094324 2959.21484375 0.6611328125 613.5656385633681 270
stats: 422 136 570
stats: tr_friend_requests 10 946.0520751953125 319.7037926424326 2685.386962890625 0.65087890625 563.0155386740331 181
stats: size_sent 701358 11598691
stats: tr_friends 19 1057.1881039268092 260.3149084480543 3863.135009765625 0.663818359375 535.771752295556 154
stats: connected -137 379
stats: tr_browse_quizzes_page_1 0 0 0 3515.030029296875 0.638916015625 800.318113806652 342
stats: error_connection_closed 0 103
stats: tr_play_game__1st_question 1 1061.636962890625 0.0 2835.537109375 0.641845703125 639.0176415828065 781
stats: error_abort_max_send_retries 0 6
stats: tr_play_game__answer_to_question 9 1120.7426215277778 65.74321225834233 3593.260009765625 0.6240234375 619.5122599812296 770
stats: 503 148 9365
stats: tr_index 0 0 0 5725.10400390625 1.175048828125 845.7402659072291 782
stats: 404 18 368
stats: tr_quizzes_page_INDEX 7 1115.2628696986608 64.27966180416323 2740.7119140625 0.6669921875 622.9694545200892 280
stats: 500 190 1176
stats: tr_quiz_questions_SHOW 142 876.7896659743617 450.3437675783675 4522.14404296875 0.118896484375 341.33196366670126 1510
# stats: dump at 1449467629
stats: users 251 1013
stats: {recvpackets,"tsung_controller@ip-172-30-3-100"} 1 4235.0 0.0 6654 94 2606.0 24
stats: {sentpackets,"tsung_controller@ip-172-30-3-100"} 1 3577.0 0.0 7607 107 2660.4166666666665 24
stats: {cpu,"tsung_controller@ip-172-30-3-100"} 1 7.684729064039408 0.0 21.64750957854406 1.2871287128712872 7.286056891617608 25
stats: {load,"tsung_controller@ip-172-30-3-100"} 1 0.0703125 0.0 0.23046875 0.03125 0.11921875 25
stats: {freemem,"tsung_controller@ip-172-30-3-100"} 1 3109.8515625 0.0 3171.61328125 3109.8515625 3148.03671875 25
stats: session 129 57701.7039993641 10518.154745426033 144494.2109375 6.73095703125 33757.6681670352 1544
stats: users_count 0 1924
stats: finish_users_count 129 1673
stats: request 972 975.7828949351369 241.76337622947685 5725.053955078125 0.05712890625 615.0430424315214 19672
stats: connect 12 1.7728271484375 2.236492950495503 103.764892578125 0.47705078125 2.5476008136934563 2697
stats: page 769 1218.356211013695 508.4946727202308 6550.1669921875 0.528076171875 723.0868897171187 16707
stats: tr_play_game__ready_page 0 0 0 3761.97705078125 0.60693359375 724.753600293718 782
stats: 302 296 1657
stats: tr_play_game__leaderboard 80 1001.6925689697266 249.86307566494898 3872.759033203125 0.625 598.9245870395972 599
stats: 200 337 6483
stats: tr_question_new_POST 161 931.1991823563665 259.28034193684766 3033.424072265625 0.64404296875 420.4356849376972 1664
stats: size_rcv 1249454 23374789
stats: tr_quiz_new_POST 23 1031.8491741677985 112.65510859481313 2709.157958984375 0.875 509.9783732962101 235
stats: newphase 0 6
stats: tr_search_all_users 9 1012.2491319444445 90.52487745854633 2959.21484375 0.6611328125 625.8293216329226 284
stats: 422 145 715
stats: tr_friend_requests 8 892.1619873046875 358.57904760520125 2685.386962890625 0.65087890625 583.0698076018488 191
stats: size_sent 684503 12283194
stats: tr_friends 12 933.1782023111979 306.32905011137433 3863.135009765625 0.663818359375 593.0371319544797 173
stats: connected -124 255
stats: tr_browse_quizzes_page_1 0 0 0 3515.030029296875 0.638916015625 800.318113806652 342
stats: error_connection_closed 0 103
stats: tr_play_game__1st_question 0 0 0 2835.537109375 0.641845703125 639.5580754975224 782
stats: error_abort_max_send_retries 0 6
stats: tr_play_game__answer_to_question 3 1100.9673665364583 21.319766219531093 3593.260009765625 0.6240234375 625.303111398327 779
stats: 503 32 9397
stats: tr_index 0 0 0 5725.10400390625 1.175048828125 845.7402659072291 782
stats: 404 33 401
stats: tr_quizzes_page_INDEX 3 1127.024658203125 102.29742896048161 2740.7119140625 0.6669921875 634.9766109878593 287
stats: 500 119 1295
stats: tr_quiz_questions_SHOW 152 924.9392571700247 277.2557602295486 4522.14404296875 0.1181640625 387.35798892559217 1652
# stats: dump at 1449467639
stats: users 140 1013
stats: {recvpackets,"tsung_controller@ip-172-30-3-100"} 1 4144.0 0.0 6654 94 2671.16 25
stats: {sentpackets,"tsung_controller@ip-172-30-3-100"} 1 3116.0 0.0 7607 107 2697.08 25
stats: {cpu,"tsung_controller@ip-172-30-3-100"} 1 6.673209028459273 0.0 21.64750957854406 1.2871287128712872 7.301390436710753 26
stats: {load,"tsung_controller@ip-172-30-3-100"} 1 0.05859375 0.0 0.23046875 0.03125 0.11733774038461539 26
stats: {freemem,"tsung_controller@ip-172-30-3-100"} 1 3109.7265625 0.0 3171.61328125 3109.7265625 3146.568058894231 26
stats: session 111 69883.33011991477 17201.7058433319 153683.7041015625 6.73095703125 35603.92078052619 1673
stats: users_count 0 1924
stats: finish_users_count 111 1784
stats: request 984 688.197455677559 180.22863851850727 5725.053955078125 0.05712890625 632.0280810206278 20644
stats: connect 3 3.32958984375 3.833499395187421 103.764892578125 0.47705078125 2.544168815176265 2709
stats: page 737 956.4974896911034 422.3177651046781 6550.1669921875 0.528076171875 744.8803268925059 17476
stats: tr_play_game__ready_page 0 0 0 3761.97705078125 0.60693359375 724.753600293718 782
stats: 302 421 2078
stats: tr_play_game__leaderboard 54 753.1642523871528 142.50332737749372 3872.759033203125 0.625 646.378841169804 679
stats: 200 257 6740
stats: tr_question_new_POST 223 655.3017402956839 165.3624237022701 3033.424072265625 0.64404296875 465.49482087435786 1825
stats: size_rcv 1121188 24495977
stats: tr_quiz_new_POST 11 700.7349076704545 124.13010185048446 2709.157958984375 0.875 556.5017392653828 258
stats: newphase 0 6
stats: tr_search_all_users 7 768.7668805803571 161.65587057172667 2959.21484375 0.6611328125 637.6988721203072 293
stats: 422 201 916
stats: tr_friend_requests 1 653.306884765625 0.0 2685.386962890625 0.65087890625 595.4956238713096 199
stats: size_sent 708527 12991721
stats: tr_friends 10 757.33125 202.50641999207386 3863.135009765625 0.663818359375 615.1003365181587 185
stats: connected -118 137
stats: tr_browse_quizzes_page_1 0 0 0 3515.030029296875 0.638916015625 800.318113806652 342
stats: error_connection_closed 0 103
stats: tr_play_game__1st_question 0 0 0 2835.537109375 0.641845703125 639.5580754975224 782
stats: error_abort_max_send_retries 0 6
stats: tr_play_game__answer_to_question 0 0 0 3593.260009765625 0.6240234375 627.127910331082 782
stats: 503 0 9397
stats: tr_index 0 0 0 5725.10400390625 1.175048828125 845.7402659072291 782
stats: 404 36 437
stats: tr_quizzes_page_INDEX 3 820.4873860677084 185.21413814782997 2740.7119140625 0.6669921875 640.0667632004311 290
stats: 500 69 1364
stats: tr_quiz_questions_SHOW 234 661.3252526959802 177.04964372705962 4522.14404296875 0.1181640625 432.6530846978503 1804
# stats: dump at 1449467649
stats: users 54 1013
stats: {recvpackets,"tsung_controller@ip-172-30-3-100"} 1 4253.0 0.0 6654 94 2727.8076923076924 26
stats: {sentpackets,"tsung_controller@ip-172-30-3-100"} 1 2948.0 0.0 7607 107 2713.1923076923076 26
stats: {cpu,"tsung_controller@ip-172-30-3-100"} 1 5.445544554455446 0.0 21.64750957854406 1.2871287128712872 7.2781244586273655 27
stats: {load,"tsung_controller@ip-172-30-3-100"} 1 0.05078125 0.0 0.23046875 0.03125 0.11516203703703703 27
stats: {freemem,"tsung_controller@ip-172-30-3-100"} 1 3110.14453125 0.0 3171.61328125 3109.7265625 3145.203559027778 27
stats: session 86 72990.10174702488 10003.90580352435 153683.7041015625 6.73095703125 37736.77640646348 1784
stats: users_count 0 1924
stats: finish_users_count 86 1870
stats: request 670 154.78443002273812 139.31496997354532 5725.053955078125 0.05712890625 634.5835953845275 21628
stats: connect 3 1.8483072916666667 1.7192786627091106 103.764892578125 0.47705078125 2.5450376437476963 2712
stats: page 485 221.9439951473905 223.75502710767836 6550.1669921875 0.528076171875 753.4435426714861 18213
stats: tr_play_game__ready_page 0 0 0 3761.97705078125 0.60693359375 724.753600293718 782
stats: 302 278 2356
stats: tr_play_game__leaderboard 27 131.55743634259264 129.50288638317235 3872.759033203125 0.625 654.2457063890903 733
stats: 200 176 6916
stats: tr_question_new_POST 172 161.7216470407886 140.7545831722085 3033.424072265625 0.64404296875 486.1622735261917 2048
stats: size_rcv 816137 25312114
stats: tr_quiz_new_POST 10 116.375830078125 158.29040792813058 2709.157958984375 0.875 562.3997498693076 269
stats: newphase 0 6
stats: tr_search_all_users 2 18.66162109375 14.219482421875 2959.21484375 0.6611328125 640.7571256510416 300
stats: 422 140 1056
stats: tr_friend_requests 3 132.71565755208334 90.97933347842658 2685.386962890625 0.65087890625 595.7846801757812 200
stats: size_sent 495870 13487591
stats: tr_friends 5 131.149169921875 75.33815505314371 3863.135009765625 0.663818359375 622.3942295172274 195
stats: connected -88 49
stats: tr_browse_quizzes_page_1 0 0 0 3515.030029296875 0.638916015625 800.318113806652 342
stats: error_connection_closed 0 103
stats: tr_play_game__1st_question 0 0 0 2835.537109375 0.641845703125 639.5580754975224 782
stats: error_abort_max_send_retries 0 6
stats: tr_play_game__answer_to_question 0 0 0 3593.260009765625 0.6240234375 627.127910331082 782
stats: 503 0 9397
stats: tr_index 0 0 0 5725.10400390625 1.175048828125 845.7402659072291 782
stats: 404 41 478
stats: tr_quizzes_page_INDEX 1 437.450927734375 0.0 2740.7119140625 0.6669921875 641.9140733321778 293
stats: 500 34 1398
stats: tr_quiz_questions_SHOW 182 158.1376953125 137.16123451228978 4522.14404296875 0.1181640625 458.9088684621106 2038
# stats: dump at 1449467659
stats: users 23 1013
stats: {recvpackets,"tsung_controller@ip-172-30-3-100"} 1 1334.0 0.0 6654 94 2784.296296296296 27
stats: {sentpackets,"tsung_controller@ip-172-30-3-100"} 1 1122.0 0.0 7607 107 2721.8888888888887 27
stats: {cpu,"tsung_controller@ip-172-30-3-100"} 1 2.955665024630542 0.0 21.64750957854406 1.2871287128712872 7.212675176335511 28
stats: {load,"tsung_controller@ip-172-30-3-100"} 1 0.0390625 0.0 0.23046875 0.03125 0.11286272321428571 28
stats: {freemem,"tsung_controller@ip-172-30-3-100"} 1 3110.76953125 0.0 3171.61328125 3109.7265625 3143.9514508928573 28
stats: session 31 85990.74225837956 11176.528065397684 153683.7041015625 6.73095703125 39358.052331216575 1870
stats: users_count 0 1924
stats: finish_users_count 31 1901
stats: request 254 15.427014448511322 25.23961779933274 5725.053955078125 0.05712890625 620.1668117809577 22298
stats: connect 2 0.72705078125 9.765625e-4 103.764892578125 0.47705078125 2.5442677759553414 2715
stats: page 183 21.419868510928957 32.31919442414952 6550.1669921875 0.528076171875 739.6571868821403 18698
stats: tr_play_game__ready_page 0 0 0 3761.97705078125 0.60693359375 724.753600293718 782
stats: 302 89 2445
stats: tr_play_game__leaderboard 14 17.2900390625 15.648548471356468 3872.759033203125 0.625 635.6765178479648 760
stats: 200 94 7010
stats: tr_question_new_POST 62 12.742415889616936 10.638971355537612 3033.424072265625 0.64404296875 461.0254321948902 2220
stats: size_rcv 355281 25667395
stats: tr_quiz_new_POST 8 15.118927001953125 9.284096630040297 2709.157958984375 0.875 546.4132294466846 279
stats: newphase 0 6
stats: tr_search_all_users 0 0 0 2959.21484375 0.6611328125 636.6372878725166 302
stats: 422 45 1101
stats: tr_friend_requests 0 0 0 2685.386962890625 0.65087890625 588.9412956049877 203
stats: size_sent 205984 13693575
stats: tr_friends 3 4.401936848958333 0.5789239992528752 3863.135009765625 0.663818359375 610.1131030273435 200
stats: connected -29 20
stats: tr_browse_quizzes_page_1 0 0 0 3515.030029296875 0.638916015625 800.318113806652 342
stats: error_connection_closed 0 103
stats: tr_play_game__1st_question 0 0 0 2835.537109375 0.641845703125 639.5580754975224 782
stats: error_abort_max_send_retries 0 6
stats: tr_play_game__answer_to_question 0 0 0 3593.260009765625 0.6240234375 627.127910331082 782
stats: 503 0 9397
stats: tr_index 0 0 0 5725.10400390625 1.175048828125 845.7402659072291 782
stats: 404 22 500
stats: tr_quizzes_page_INDEX 0 0 0 2740.7119140625 0.6669921875 641.2186204559948 294
stats: 500 4 1402
stats: tr_quiz_questions_SHOW 61 12.828881435706966 7.551323806573049 4522.14404296875 0.1181640625 434.2510515642596 2220
# stats: dump at 1449467669
stats: users 11 1013
stats: {recvpackets,"tsung_controller@ip-172-30-3-100"} 1 699.0 0.0 6654 94 2732.5 28
stats: {sentpackets,"tsung_controller@ip-172-30-3-100"} 1 595.0 0.0 7607 107 2664.75 28
stats: {cpu,"tsung_controller@ip-172-30-3-100"} 1 1.6831683168316833 0.0 21.64750957854406 1.2871287128712872 7.065881722828443 29
stats: {load,"tsung_controller@ip-172-30-3-100"} 1 0.0390625 0.0 0.23046875 0.03125 0.11031788793103449 29
stats: {freemem,"tsung_controller@ip-172-30-3-100"} 1 3120.09375 0.0 3171.61328125 3109.7265625 3142.8072467672414 29
stats: session 12 93191.20273844402 11226.6849501139 153683.7041015625 6.73095703125 40118.501246388616 1901
stats: users_count 0 1924
stats: finish_users_count 12 1913
stats: request 81 8.515429084683642 6.8125999658538605 5725.053955078125 0.05712890625 613.3557126091573 22552
stats: connect 2 4.760498046875 4.0234375 103.764892578125 0.47705078125 2.5429301116235745 2717
stats: page 60 11.634920247395833 10.40004343738321 6550.1669921875 0.528076171875 732.6958273534113 18881
stats: tr_play_game__ready_page 0 0 0 3761.97705078125 0.60693359375 724.753600293718 782
stats: 302 34 2479
stats: tr_play_game__leaderboard 6 7.869303385416667 1.5629462728032755 3872.759033203125 0.625 624.4912327019745 774
stats: 200 24 7034
stats: tr_question_new_POST 18 8.060546875 3.9601112112477366 3033.424072265625 0.64404296875 448.8459637413727 2282
stats: size_rcv 106306 25773701
stats: tr_quiz_new_POST 2 10.6790771484375 4.9581298828125 2709.157958984375 0.875 531.6036321659952 287
stats: newphase 0 6
stats: tr_search_all_users 1 40.02099609375 0.0 2959.21484375 0.6611328125 636.6372878725166 302
stats: 422 18 1119
stats: tr_friend_requests 0 0 0 2685.386962890625 0.65087890625 588.9412956049877 203
stats: size_sent 58713 13752288
stats: tr_friends 0 0 0 3863.135009765625 0.663818359375 601.1617064828354 203
stats: connected -12 8
stats: tr_browse_quizzes_page_1 0 0 0 3515.030029296875 0.638916015625 800.318113806652 342
stats: error_connection_closed 0 103
stats: tr_play_game__1st_question 0 0 0 2835.537109375 0.641845703125 639.5580754975224 782
stats: error_abort_max_send_retries 0 6
stats: tr_play_game__answer_to_question 0 0 0 3593.260009765625 0.6240234375 627.127910331082 782
stats: 503 0 9397
stats: tr_index 0 0 0 5725.10400390625 1.175048828125 845.7402659072291 782
stats: 404 2 502
stats: tr_quizzes_page_INDEX 0 0 0 2740.7119140625 0.6669921875 641.2186204559948 294
stats: 500 3 1405
stats: tr_quiz_questions_SHOW 19 6.795178865131579 5.259762282286454 4522.14404296875 0.1181640625 422.98110313030884 2281
# stats: dump at 1449467679
stats: users 4 1013
stats: {recvpackets,"tsung_controller@ip-172-30-3-100"} 1 109.0 0.0 6654 94 2662.3793103448274 29
stats: {sentpackets,"tsung_controller@ip-172-30-3-100"} 1 106.0 0.0 7607 106 2593.3793103448274 29
stats: {cpu,"tsung_controller@ip-172-30-3-100"} 1 1.2807881773399015 0.0 21.64750957854406 1.2807881773399015 6.886457942628551 30
stats: {load,"tsung_controller@ip-172-30-3-100"} 1 0.03125 0.0 0.23046875 0.03125 0.10794270833333333 30
stats: {freemem,"tsung_controller@ip-172-30-3-100"} 1 3120.34765625 0.0 3171.61328125 3109.7265625 3142.0501302083335 30
stats: session 7 105354.01297433036 8946.020134653409 153683.7041015625 6.73095703125 40451.41939479671 1913
stats: users_count 0 1924
stats: finish_users_count 7 1920
stats: request 83 7.003188535391566 4.387389731038644 5725.053955078125 0.05712890625 611.1910829548701 22633
stats: connect 2 1.150146484375 0.365966796875 103.764892578125 0.47705078125 2.544561275974624 2719
stats: page 56 10.425009591238837 5.82478921206295 6550.1669921875 0.528076171875 730.4117000936911 18941
stats: tr_play_game__ready_page 0 0 0 3761.97705078125 0.60693359375 724.753600293718 782
stats: 302 51 2530
stats: tr_play_game__leaderboard 0 0 0 3872.759033203125 0.625 619.7479870918471 780
stats: 200 5 7039
stats: tr_question_new_POST 24 9.317260742187498 4.7366311684892795 3033.424072265625 0.64404296875 445.3963387398098 2300
stats: size_rcv 58877 25832578
stats: tr_quiz_new_POST 3 6.170328776041667 0.8312317813543525 2709.157958984375 0.875 527.9986179444204 289
stats: newphase 0 6
stats: tr_search_all_users 0 0 0 2959.21484375 0.6611328125 634.66825720658 303
stats: 422 27 1146
stats: tr_friend_requests 0 0 0 2685.386962890625 0.65087890625 588.9412956049877 203
stats: size_sent 65682 13817970
stats: tr_friends 0 0 0 3863.135009765625 0.663818359375 601.1617064828354 203
stats: connected -6 2
stats: tr_browse_quizzes_page_1 0 0 0 3515.030029296875 0.638916015625 800.318113806652 342
stats: error_connection_closed 0 103
stats: tr_play_game__1st_question 0 0 0 2835.537109375 0.641845703125 639.5580754975224 782
stats: error_abort_max_send_retries 0 6
stats: tr_play_game__answer_to_question 0 0 0 3593.260009765625 0.6240234375 627.127910331082 782
stats: 503 0 9397
stats: tr_index 0 0 0 5725.10400390625 1.175048828125 845.7402659072291 782
stats: 404 0 502
stats: tr_quizzes_page_INDEX 0 0 0 2740.7119140625 0.6669921875 641.2186204559948 294
stats: 500 0 1405
stats: tr_quiz_questions_SHOW 24 6.1688232421875 4.467064564652153 4522.14404296875 0.1181640625 419.5430454950748 2300
# stats: dump at 1449467689
stats: users 2 1013
stats: {recvpackets,"tsung_controller@ip-172-30-3-100"} 1 311.0 0.0 6654 94 2577.266666666667 30
stats: {sentpackets,"tsung_controller@ip-172-30-3-100"} 1 260.0 0.0 7607 106 2510.4666666666667 30
stats: {cpu,"tsung_controller@ip-172-30-3-100"} 1 1.188118811881188 0.0 21.64750957854406 1.188118811881188 6.705629885683756 31
stats: {load,"tsung_controller@ip-172-30-3-100"} 1 0.03125 0.0 0.23046875 0.03125 0.10546875 31
stats: {freemem,"tsung_controller@ip-172-30-3-100"} 1 3120.421875 0.0 3171.61328125 3109.7265625 3141.350050403226 31
stats: session 2 118712.65600585938 7363.741943359375 153683.7041015625 6.73095703125 40688.04343388875 1920
stats: users_count 0 1924
stats: finish_users_count 2 1922
stats: request 29 6.524018386314655 3.1929748389966943 5725.053955078125 0.05712890625 608.9834938002296 22716
stats: connect 1 0.698974609375 0.0 103.764892578125 0.47705078125 2.5435363477926325 2721
stats: page 20 9.50313720703125 4.699683451185646 6550.1669921875 0.528076171875 728.2892989425548 18997
stats: tr_play_game__ready_page 0 0 0 3761.97705078125 0.60693359375 724.753600293718 782
stats: 302 17 2547
stats: tr_play_game__leaderboard 1 11.510986328125 0.0 3872.759033203125 0.625 619.7479870918471 780
stats: 200 2 7041
stats: tr_question_new_POST 8 7.28448486328125 3.4552939014972734 3033.424072265625 0.64404296875 440.89294034396517 2324
stats: size_rcv 22045 25854623
stats: tr_quiz_new_POST 1 5.806884765625 0.0 2709.157958984375 0.875 522.63736839817 292
stats: newphase 0 6
stats: tr_search_all_users 0 0 0 2959.21484375 0.6611328125 634.66825720658 303
stats: 422 9 1155
stats: tr_friend_requests 0 0 0 2685.386962890625 0.65087890625 588.9412956049877 203
stats: size_sent 24364 13842334
stats: tr_friends 0 0 0 3863.135009765625 0.663818359375 601.1617064828354 203
stats: connected -1 1
stats: tr_browse_quizzes_page_1 0 0 0 3515.030029296875 0.638916015625 800.318113806652 342
stats: error_connection_closed 0 103
stats: tr_play_game__1st_question 0 0 0 2835.537109375 0.641845703125 639.5580754975224 782
stats: error_abort_max_send_retries 0 6
stats: tr_play_game__answer_to_question 0 0 0 3593.260009765625 0.6240234375 627.127910331082 782
stats: 503 0 9397
stats: tr_index 0 0 0 5725.10400390625 1.175048828125 845.7402659072291 782
stats: 404 0 502
stats: tr_quizzes_page_INDEX 0 0 0 2740.7119140625 0.6669921875 641.2186204559948 294
stats: 500 1 1406
stats: tr_quiz_questions_SHOW 8 6.3902587890625 3.4612794431623706 4522.14404296875 0.1181640625 415.2741206525321 2324
# stats: dump at 1449467699
stats: users 0 1013
stats: {recvpackets,"tsung_controller@ip-172-30-3-100"} 1 115.0 0.0 6654 94 2504.1612903225805 31
stats: {sentpackets,"tsung_controller@ip-172-30-3-100"} 1 82.0 0.0 7607 82 2437.8709677419356 31
stats: {cpu,"tsung_controller@ip-172-30-3-100"} 1 1.185770750988142 0.0 21.64750957854406 1.185770750988142 6.533207664627426 32
stats: {load,"tsung_controller@ip-172-30-3-100"} 1 0.01953125 0.0 0.23046875 0.01953125 0.1031494140625 32
stats: {freemem,"tsung_controller@ip-172-30-3-100"} 1 3120.48828125 0.0 3171.61328125 3109.7265625 3140.696044921875 32
stats: session 2 116963.419921875 2174.669921875 153683.7041015625 6.73095703125 40769.234497959485 1922
stats: users_count 0 1924
stats: finish_users_count 2 1924
stats: request 28 13.204066685267858 6.673752286018892 5725.053955078125 0.05712890625 608.2153546581322 22745
stats: connect 1 0.791015625 0.0 103.764892578125 0.47705078125 2.5428586983663215 2722
stats: page 19 19.517308285361842 6.787017308074478 6550.1669921875 0.528076171875 727.5333582981466 19017
stats: tr_play_game__ready_page 0 0 0 3761.97705078125 0.60693359375 724.753600293718 782
stats: 302 0 2547
stats: tr_play_game__leaderboard 1 8.47314453125 0.0 3872.759033203125 0.625 618.9691945172457 781
stats: 200 20 7061
stats: tr_question_new_POST 8 7.543853759765625 3.930482745875479 3033.424072265625 0.64404296875 439.40543277799367 2332
stats: size_rcv 72975 25927598
stats: tr_quiz_new_POST 1 13.7041015625 0.0 2709.157958984375 0.875 520.8734418328712 293
stats: newphase 0 6
stats: tr_search_all_users 0 0 0 2959.21484375 0.6611328125 634.66825720658 303
stats: 422 0 1155
stats: tr_friend_requests 0 0 0 2685.386962890625 0.65087890625 588.9412956049877 203
stats: size_sent 24069 13866403
stats: tr_friends 0 0 0 3863.135009765625 0.663818359375 601.1617064828354 203
stats: connected -1 0
stats: tr_browse_quizzes_page_1 0 0 0 3515.030029296875 0.638916015625 800.318113806652 342
stats: error_connection_closed 0 103
stats: tr_play_game__1st_question 0 0 0 2835.537109375 0.641845703125 639.5580754975224 782
stats: error_abort_max_send_retries 0 6
stats: tr_play_game__answer_to_question 0 0 0 3593.260009765625 0.6240234375 627.127910331082 782
stats: 503 0 9397
stats: tr_index 0 0 0 5725.10400390625 1.175048828125 845.7402659072291 782
stats: 404 8 510
stats: tr_quizzes_page_INDEX 0 0 0 2740.7119140625 0.6669921875 641.2186204559948 294
stats: 500 0 1406
stats: tr_quiz_questions_SHOW 8 13.51849365234375 4.044375569683672 4522.14404296875 0.1181640625 413.8714315895356 2332
# stats: dump at 1449467702
stats: users 0 1013
stats: {recvpackets,"tsung_controller@ip-172-30-3-100"} 0 0 0 6654 94 2429.5 32
stats: {sentpackets,"tsung_controller@ip-172-30-3-100"} 0 0 0 7607 82 2364.25 32
stats: {cpu,"tsung_controller@ip-172-30-3-100"} 0 0 0 21.64750957854406 1.185770750988142 6.371164121789873 33
stats: {load,"tsung_controller@ip-172-30-3-100"} 0 0 0 0.23046875 0.01953125 0.1006155303030303 33
stats: {freemem,"tsung_controller@ip-172-30-3-100"} 0 0 0 3171.61328125 3109.7265625 3140.0836884469695 33
stats: session 0 0 0 153683.7041015625 6.73095703125 40848.43843291158 1924
stats: users_count 0 1924
stats: finish_users_count 0 1924
stats: request 0 0 0 5725.053955078125 0.05712890625 607.483772694261 22773
stats: connect 0 0 0 103.764892578125 0.47705078125 2.5422153479904983 2723
stats: page 0 0 0 6550.1669921875 0.528076171875 726.8266812152383 19036
stats: tr_play_game__ready_page 0 0 0 3761.97705078125 0.60693359375 724.753600293718 782
stats: 302 0 2547
stats: tr_play_game__leaderboard 0 0 0 3872.759033203125 0.625 618.1885090313301 782
stats: 200 0 7061
stats: tr_question_new_POST 0 0 0 3033.424072265625 0.64404296875 437.9289829351963 2340
stats: size_rcv 0 25927598
stats: tr_quiz_new_POST 0 0 0 2709.157958984375 0.875 519.1483760496386 294
stats: newphase 0 6
stats: tr_search_all_users 0 0 0 2959.21484375 0.6611328125 634.66825720658 303
stats: 422 0 1155
stats: tr_friend_requests 0 0 0 2685.386962890625 0.65087890625 588.9412956049877 203
stats: size_sent 0 13866403
stats: tr_friends 0 0 0 3863.135009765625 0.663818359375 601.1617064828354 203
stats: connected 0 0
stats: tr_browse_quizzes_page_1 0 0 0 3515.030029296875 0.638916015625 800.318113806652 342
stats: error_connection_closed 0 103
stats: tr_play_game__1st_question 0 0 0 2835.537109375 0.641845703125 639.5580754975224 782
stats: error_abort_max_send_retries 0 6
stats: tr_play_game__answer_to_question 0 0 0 3593.260009765625 0.6240234375 627.127910331082 782
stats: 503 0 9397
stats: tr_index 0 0 0 5725.10400390625 1.175048828125 845.7402659072291 782
stats: 404 0 510
stats: tr_quizzes_page_INDEX 0 0 0 2740.7119140625 0.6669921875 641.2186204559948 294
stats: 500 0 1406
stats: tr_quiz_questions_SHOW 0 0 0 4522.14404296875 0.1181640625 412.50270359658793 2340
EndMonitor:{1449,467702,503573}
