# stats: dump at 1448596350
stats: users 5 5
stats: {freemem,"tsung_controller@ip-172-30-3-173"} 1 3171.015625 0 3171.015625 3171.015625 0 0
stats: {cpu,"tsung_controller@ip-172-30-3-173"} 1 9.957030526838869 0 9.957030526838869 9.957030526838869 0 0
stats: {load,"tsung_controller@ip-172-30-3-173"} 1 0.0 0 0.0 0.0 0 0
stats: users_count 5 5
stats: finish_users_count 0 0
stats: request 11 18.02163973721591 30.844094140952247 115.485107421875 7.3310546875 0 0
stats: connect 4 27.61553955078125 46.29981899182805 107.80908203125 0.805908203125 0 0
stats: page 11 18.02163973721591 30.844094140952247 115.485107421875 7.3310546875 0 0
stats: tr_play_game__ready_page 2 8.576904296875 0.593017578125 9.169921875 7.98388671875 0 0
stats: 200 11 11
stats: tr_play_game__1st_question 1 8.10302734375 0 8.10302734375 8.10302734375 0 0
stats: size_rcv 18117 18117
stats: tr_play_game__answer_to_question 1 7.51220703125 0 7.51220703125 7.51220703125 0 0
stats: size_sent 5036 5036
stats: tr_index 2 62.458984375 55.032958984375 117.491943359375 7.426025390625 0 0
stats: connected 4 4
# stats: dump at 1448596360
stats: users 13 13
stats: {freemem,"tsung_controller@ip-172-30-3-173"} 1 3170.671875 0.0 3171.015625 3170.671875 3171.015625 1
stats: {recvpackets,"tsung_controller@ip-172-30-3-173"} 1 62 0 62 62 0 0
stats: {sentpackets,"tsung_controller@ip-172-30-3-173"} 1 73 0 73 73 0 0
stats: {cpu,"tsung_controller@ip-172-30-3-173"} 1 2.167487684729064 0.0 9.957030526838869 2.167487684729064 9.957030526838869 1
stats: {load,"tsung_controller@ip-172-30-3-173"} 1 0.0 0.0 0.0 0.0 0.0 1
stats: session 4 1640.0930786132813 494.467634966667 2315.9501953125 1026.493896484375 0 0
stats: users_count 12 17
stats: finish_users_count 4 4
stats: request 31 38.30412833921371 34.22517789590475 163.612060546875 7.072998046875 18.02163973721591 11
stats: connect 12 3.4571126302083335 2.6179898627887708 107.80908203125 0.588134765625 27.61553955078125 4
stats: page 30 39.58250325520833 38.36052967200532 192.188232421875 7.072998046875 18.02163973721591 11
stats: tr_play_game__ready_page 3 46.644938151041664 14.041083701565904 65.5029296875 7.98388671875 8.576904296875 2
stats: 302 1 1
stats: tr_browse_quizzes_page_1 4 54.15203857421875 20.59802254476458 74.986083984375 27.861083984375 0 0
stats: 200 30 41
stats: tr_play_game__1st_question 3 29.297688802083332 5.05409787705947 33.35595703125 8.10302734375 8.10302734375 1
stats: size_rcv 81292 99409
stats: tr_play_game__answer_to_question 2 38.8460693359375 18.7589111328125 57.60498046875 7.51220703125 7.51220703125 1
stats: size_sent 14644 19680
stats: tr_index 4 40.8170166015625 27.45977683375117 117.491943359375 7.426025390625 62.458984375 2
stats: connected 8 12
# stats: dump at 1448596370
stats: users 24 24
stats: {freemem,"tsung_controller@ip-172-30-3-173"} 1 3170.109375 0.0 3171.015625 3170.109375 3170.84375 2
stats: {recvpackets,"tsung_controller@ip-172-30-3-173"} 1 187.0 0.0 187 62 62.0 1
stats: {sentpackets,"tsung_controller@ip-172-30-3-173"} 1 192.0 0.0 192 73 73.0 1
stats: {cpu,"tsung_controller@ip-172-30-3-173"} 1 1.185770750988142 0.0 9.957030526838869 1.185770750988142 6.0622591057839665 2
stats: {load,"tsung_controller@ip-172-30-3-173"} 1 0.0 0.0 0.0 0.0 0.0 2
stats: session 1 21032.35205078125 0.0 21032.35205078125 1026.493896484375 1640.0930786132813 4
stats: users_count 12 29
stats: finish_users_count 1 5
stats: request 45 28.697639973958335 59.661846639447674 250.52392578125 5.470947265625 32.99204799107143 42
stats: connect 13 0.7332294170673077 0.05640980644202222 107.80908203125 0.588134765625 9.496719360351563 16
stats: page 43 30.036303143168606 63.53213528430383 260.6328125 5.470947265625 33.79788133574695 41
stats: tr_play_game__ready_page 2 129.262451171875 121.3115234375 250.573974609375 7.950927734375 31.417724609375 5
stats: 302 1 2
stats: tr_search_all_users 1 29.967041015625 0 29.967041015625 29.967041015625 0 0
stats: 200 44 85
stats: tr_browse_quizzes_page_1 0 0 0 74.986083984375 27.861083984375 54.15203857421875 4
stats: size_rcv 91593 191002
stats: tr_play_game__1st_question 3 7.892333984375 0.14887814619838033 33.35595703125 7.7509765625 23.9990234375 4
stats: size_sent 24056 43736
stats: tr_play_game__answer_to_question 3 41.126057942708336 48.91281072643693 110.2890625 5.51806640625 28.401448567708332 3
stats: connected 12 24
stats: tr_index 3 6.638997395833333 0.2914386266518028 117.491943359375 6.424072265625 48.031005859375 6
# stats: dump at 1448596380
stats: users 31 32
stats: {freemem,"tsung_controller@ip-172-30-3-173"} 1 3169.2734375 0.0 3171.015625 3169.2734375 3170.5989583333335 3
stats: {recvpackets,"tsung_controller@ip-172-30-3-173"} 1 220.0 0.0 220 62 124.5 2
stats: {sentpackets,"tsung_controller@ip-172-30-3-173"} 1 235.0 0.0 235 73 132.5 2
stats: {cpu,"tsung_controller@ip-172-30-3-173"} 1 1.4792899408284024 0.0 9.957030526838869 1.185770750988142 4.436762987518692 3
stats: {load,"tsung_controller@ip-172-30-3-173"} 1 0.0 0.0 0.0 0.0 0.0 3
stats: session 5 23341.6162109375 11728.504150153612 34558.2841796875 1026.493896484375 5518.544873046875 5
stats: users_count 12 41
stats: finish_users_count 5 10
stats: request 75 346.8217740885419 870.0366596445098 4478.386962890625 5.343994140625 30.77080246497845 87
stats: connect 12 1.0412190755208333 0.8971965669296124 107.80908203125 0.56787109375 5.568258351293103 29
stats: page 69 376.9838973335598 931.0515627617813 4526.35986328125 5.343994140625 31.872311546688987 84
stats: tr_play_game__ready_page 3 31.775634765625 34.34875998836203 250.573974609375 7.41796875 59.373360770089285 7
stats: 302 6 8
stats: tr_play_game__leaderboard 4 34.0787353515625 29.66633827972803 84.455078125 8.43994140625 0 0
stats: 200 69 154
stats: tr_search_all_users 0 0 0 29.967041015625 29.967041015625 29.967041015625 1
stats: size_rcv 128436 319438
stats: tr_friend_requests 2 320.3955078125 311.2275390625 631.623046875 9.16796875 0 0
stats: newphase 1 1
stats: tr_friends 1 13.18896484375 0 13.18896484375 13.18896484375 0 0
stats: size_sent 49595 93331
stats: tr_browse_quizzes_page_1 0 0 0 74.986083984375 27.861083984375 54.15203857421875 4
stats: connected 8 32
stats: tr_play_game__1st_question 3 11.185302734375 6.181525441362662 33.35595703125 6.751953125 17.096156529017858 7
stats: tr_play_game__answer_to_question 3 205.94002278645834 282.5938814787389 605.587890625 5.51806640625 34.763753255208336 6
stats: tr_index 5 175.610400390625 281.99405475152645 732.52685546875 5.703125 34.233669704861114 9
stats: tr_quizzes_page_INDEX 4 11.9234619140625 7.496614654754276 24.864990234375 6.77294921875 0 0
# stats: dump at 1448596390
stats: users 44 44
stats: {freemem,"tsung_controller@ip-172-30-3-173"} 1 3167.58984375 0.0 3171.015625 3167.58984375 3170.267578125 4
stats: {recvpackets,"tsung_controller@ip-172-30-3-173"} 1 409.0 0.0 409 62 156.33333333333334 3
stats: {sentpackets,"tsung_controller@ip-172-30-3-173"} 1 396.0 0.0 396 73 166.66666666666666 3
stats: {cpu,"tsung_controller@ip-172-30-3-173"} 1 1.9743336623889436 0.0 9.957030526838869 1.185770750988142 3.6973947258461193 4
stats: {load,"tsung_controller@ip-172-30-3-173"} 1 0.0 0.0 0.0 0.0 0.0 4
stats: session 6 16567.505452473957 9242.44738896128 34558.2841796875 522.261962890625 14430.080541992187 10
stats: users_count 19 60
stats: finish_users_count 6 16
stats: request 167 40.96943271659806 69.82388622099504 4478.386962890625 4.517822265625 177.0906967351467 162
stats: connect 18 0.7854546440972222 0.37127934822196745 107.80908203125 0.56787109375 4.243271246189025 41
stats: page 127 53.90769177534451 86.85205235121843 4526.35986328125 5.343994140625 187.5108698427288 153
stats: tr_play_game__ready_page 6 14.871175130208334 7.7601292627354495 250.573974609375 6.68603515625 51.09404296875 10
stats: 302 13 21
stats: tr_play_game__leaderboard 1 7.35400390625 0.0 84.455078125 7.35400390625 34.0787353515625 4
stats: 200 130 284
stats: tr_quiz_new_POST 3 44.098307291666664 44.93856567103105 107.64794921875 11.781005859375 0 0
stats: size_rcv 370876 690314
stats: tr_question_new_POST 24 21.431935628255207 23.719929620141407 115.970947265625 4.60595703125 0 0
stats: newphase 0 1
stats: tr_search_all_users 0 0 0 29.967041015625 29.967041015625 29.967041015625 1
stats: size_sent 123693 217024
stats: tr_friend_requests 4 59.16851806640625 87.10001448102851 631.623046875 7.989013671875 320.3955078125 2
stats: connected 11 43
stats: tr_friends 1 22.72021484375 0.0 22.72021484375 13.18896484375 13.18896484375 1
stats: 404 24 24
stats: tr_browse_quizzes_page_1 2 57.4329833984375 28.9039306640625 86.3369140625 27.861083984375 54.15203857421875 4
stats: tr_play_game__1st_question 3 16.04736328125 12.261046320785281 33.35595703125 6.37890625 15.322900390625 10
stats: tr_play_game__answer_to_question 1 40.405029296875 0.0 605.587890625 5.51806640625 91.822509765625 9
stats: tr_index 7 21.866001674107142 32.010319063896276 732.52685546875 5.703125 84.72535923549107 14
stats: tr_quizzes_page_INDEX 4 7.30523681640625 0.515996867524063 24.864990234375 6.740966796875 11.9234619140625 4
stats: tr_quiz_questions_SHOW 24 23.3043212890625 29.477768491836105 154.420166015625 6.528076171875 0 0
# stats: dump at 1448596400
stats: users 42 49
stats: {freemem,"tsung_controller@ip-172-30-3-173"} 1 3166.15625 0.0 3171.015625 3166.15625 3169.73203125 5
stats: {recvpackets,"tsung_controller@ip-172-30-3-173"} 1 819.0 0.0 819 62 219.5 4
stats: {sentpackets,"tsung_controller@ip-172-30-3-173"} 1 701.0 0.0 701 73 224.0 4
stats: {cpu,"tsung_controller@ip-172-30-3-173"} 1 2.272727272727273 0.0 9.957030526838869 1.185770750988142 3.352782513154684 5
stats: {load,"tsung_controller@ip-172-30-3-173"} 1 0.0 0.0 0.0 0.0 0.0 5
stats: session 16 21132.569107055664 13855.420631859453 50806.078125 522.261962890625 15231.614883422852 16
stats: users_count 14 74
stats: finish_users_count 16 32
stats: request 175 32.636566685267866 64.25703963380116 4478.386962890625 4.27978515625 107.99570861630896 329
stats: connect 14 1.6478271484375 2.1470922776793198 107.80908203125 0.566162109375 3.1883441472457625 59
stats: page 137 41.71920442233121 74.66590641458804 4526.35986328125 5.322998046875 126.91228550502235 280
stats: tr_play_game__ready_page 6 27.544474283854168 29.95324232987417 250.573974609375 6.1259765625 37.510467529296875 16
stats: 302 9 30
stats: tr_play_game__leaderboard 0 0 0 84.455078125 7.35400390625 28.7337890625 5
stats: 200 142 426
stats: tr_quiz_new_POST 3 19.478597005208332 5.352669499135809 107.64794921875 11.781005859375 44.098307291666664 3
stats: size_rcv 433934 1124248
stats: tr_question_new_POST 24 11.524302164713541 6.494937216861753 115.970947265625 4.372802734375 21.431935628255207 24
stats: newphase 0 1
stats: tr_search_all_users 2 33.3956298828125 2.6595458984375 36.05517578125 29.967041015625 29.967041015625 1
stats: size_sent 134505 351529
stats: tr_friend_requests 5 51.37138671875 40.33551753367633 631.623046875 7.9580078125 146.24418131510416 6
stats: connected 0 43
stats: tr_friends 5 28.794873046875 21.863711362816275 71.153076171875 12.343994140625 17.95458984375 2
stats: 404 24 48
stats: tr_browse_quizzes_page_1 3 67.46394856770833 29.56165632984574 106.47802734375 27.861083984375 55.245686848958336 6
stats: tr_play_game__1st_question 8 17.0584716796875 16.840608694461867 60.471923828125 6.37890625 15.490084134615385 13
stats: tr_play_game__answer_to_question 6 29.569661458333332 48.94771603001083 605.587890625 5.379150390625 86.68076171875 10
stats: tr_index 5 10.559619140625 4.928062191347058 732.52685546875 5.703125 63.772240048363095 21
stats: tr_quizzes_page_INDEX 1 7.048095703125 0.0 24.864990234375 6.740966796875 9.614349365234375 8
stats: tr_quiz_questions_SHOW 24 17.195617675781246 23.822752124431574 154.420166015625 6.35791015625 23.3043212890625 24
# stats: dump at 1448596410
stats: users 43 49
stats: {freemem,"tsung_controller@ip-172-30-3-173"} 1 3165.56640625 0.0 3171.015625 3165.56640625 3169.1360677083335 6
stats: {recvpackets,"tsung_controller@ip-172-30-3-173"} 1 726.0 0.0 819 62 339.4 5
stats: {sentpackets,"tsung_controller@ip-172-30-3-173"} 1 631.0 0.0 701 73 319.4 5
stats: {cpu,"tsung_controller@ip-172-30-3-173"} 1 2.3645320197044337 0.0 9.957030526838869 1.185770750988142 3.1727733064167825 6
stats: {load,"tsung_controller@ip-172-30-3-173"} 1 0.078125 0.0 0.078125 0.0 0.0 6
stats: session 14 25745.245535714286 17770.104641101472 53415.047119140625 374.704833984375 18182.091995239258 32
stats: users_count 15 89
stats: finish_users_count 14 46
stats: request 137 17.409284828353098 24.730634878247134 4478.386962890625 4.27978515625 81.82933989025302 504
stats: connect 16 0.7054595947265625 0.06621236933226202 107.80908203125 0.541015625 2.892902531035959 73
stats: page 120 19.88986206054687 29.927300716494763 4526.35986328125 5.197021484375 98.92319172006147 417
stats: tr_play_game__ready_page 8 12.115234375 9.580584509762307 250.573974609375 6.093017578125 34.79246937144887 22
stats: 302 3 33
stats: tr_play_game__leaderboard 3 7.100016276041667 0.7956664534553717 84.455078125 6.52099609375 28.7337890625 5
stats: 200 126 552
stats: tr_quiz_new_POST 1 12.64697265625 0.0 107.64794921875 11.781005859375 31.7884521484375 6
stats: size_rcv 361819 1486067
stats: tr_question_new_POST 8 13.6248779296875 6.232522660614757 115.970947265625 4.372802734375 16.478118896484375 48
stats: newphase 1 2
stats: tr_search_all_users 5 29.8728515625 3.8164410948553615 36.76708984375 27.02001953125 32.252766927083336 3
stats: size_sent 97880 449409
stats: tr_friend_requests 2 10.508056640625 2.60009765625 631.623046875 7.907958984375 103.12018377130681 11
stats: connected 1 44
stats: tr_friends 3 21.160481770833332 6.275123874147476 71.153076171875 12.343994140625 25.697649274553573 7
stats: 404 8 56
stats: tr_browse_quizzes_page_1 3 27.518961588541668 0.8709383960480955 106.47802734375 26.741943359375 59.318440755208336 9
stats: tr_play_game__1st_question 6 8.63623046875 2.9663486070903784 60.471923828125 6.06591796875 16.087565104166668 21
stats: tr_play_game__answer_to_question 7 7.011893136160714 2.2871099919571765 605.587890625 5.320068359375 65.26409912109375 16
stats: tr_index 4 7.50732421875 0.8645254291922427 732.52685546875 5.703125 53.53904371995192 26
stats: tr_quizzes_page_INDEX 0 0 0 24.864990234375 6.740966796875 9.329210069444445 9
stats: tr_quiz_questions_SHOW 8 13.305633544921875 9.010337631520022 154.420166015625 6.35791015625 20.24996948242187 48
# stats: dump at 1448596420
stats: users 44 49
stats: {freemem,"tsung_controller@ip-172-30-3-173"} 1 3165.5859375 0.0 3171.015625 3165.56640625 3168.6261160714284 7
stats: {recvpackets,"tsung_controller@ip-172-30-3-173"} 1 639.0 0.0 819 62 403.8333333333333 6
stats: {sentpackets,"tsung_controller@ip-172-30-3-173"} 1 636.0 0.0 701 73 371.3333333333333 6
stats: {cpu,"tsung_controller@ip-172-30-3-173"} 1 2.2682445759368837 0.0 9.957030526838869 1.185770750988142 3.0573102654578754 7
stats: {load,"tsung_controller@ip-172-30-3-173"} 1 0.0703125 0.0 0.078125 0.0 0.011160714285714286 7
stats: session 17 24831.812729779413 20866.28520573406 62329.954833984375 212.468994140625 20483.921333644703 46
stats: users_count 18 107
stats: finish_users_count 17 63
stats: request 164 27.56196854754192 46.452807568317404 4478.386962890625 4.27978515625 68.06093498622761 641
stats: connect 18 0.9880235460069444 0.603400832830991 107.80908203125 0.541015625 2.499654362710674 89
stats: page 135 33.50798791956021 55.530102083804856 4526.35986328125 5.197021484375 81.26211246653865 537
stats: tr_play_game__ready_page 2 7.5255126953125 0.3255615234375 250.573974609375 6.093017578125 28.74520670572917 30
stats: 302 7 40
stats: tr_play_game__leaderboard 5 12.613037109375 4.488116024418993 84.455078125 6.52099609375 20.621124267578125 8
stats: 200 141 693
stats: tr_quiz_new_POST 2 21.7130126953125 1.0059814453125 107.64794921875 11.781005859375 29.053955078125 7
stats: size_rcv 432223 1918290
stats: tr_question_new_POST 16 12.644088745117188 8.650637023552877 115.970947265625 4.372802734375 16.070513044084823 56
stats: newphase 0 2
stats: tr_search_all_users 4 50.8560791015625 34.456307225955676 110.363037109375 27.02001953125 30.76531982421875 8
stats: size_sent 119554 568963
stats: tr_friend_requests 2 8.8243408203125 0.4024658203125 631.623046875 7.907958984375 88.87216421274039 13
stats: connected 1 45
stats: tr_friends 3 26.220947265625 2.805243696425924 71.153076171875 12.343994140625 24.3364990234375 10
stats: 404 16 72
stats: tr_browse_quizzes_page_1 5 36.26240234375 7.114120838404491 106.47802734375 26.741943359375 51.368570963541664 12
stats: tr_play_game__1st_question 5 7.8224609375 0.9566854221109349 60.471923828125 6.06591796875 14.431712962962964 27
stats: tr_play_game__answer_to_question 4 10.05682373046875 6.255010221197676 605.587890625 5.320068359375 47.53516686480978 23
stats: tr_index 6 20.552042643229168 20.588931719908782 732.52685546875 5.703125 47.40148111979167 30
stats: tr_quizzes_page_INDEX 1 12.699951171875 0.0 24.864990234375 6.740966796875 9.329210069444445 9
stats: tr_quiz_questions_SHOW 16 14.8397216796875 6.307912049206051 154.420166015625 6.35791015625 19.25792149135044 56
# stats: dump at 1448596430
stats: users 48 49
stats: {freemem,"tsung_controller@ip-172-30-3-173"} 1 3164.75 0.0 3171.015625 3164.75 3168.24609375 8
stats: {recvpackets,"tsung_controller@ip-172-30-3-173"} 1 817.0 0.0 819 62 437.42857142857144 7
stats: {sentpackets,"tsung_controller@ip-172-30-3-173"} 1 723.0 0.0 723 73 409.14285714285717 7
stats: {cpu,"tsung_controller@ip-172-30-3-173"} 1 2.4630541871921183 0.0 9.957030526838869 1.185770750988142 2.9586770542677514 8
stats: {load,"tsung_controller@ip-172-30-3-173"} 1 0.05859375 0.0 0.078125 0.0 0.0185546875 8
stats: session 13 23839.312330979566 15509.545878859639 62329.954833984375 212.468994140625 21657.161869109623 63
stats: users_count 17 124
stats: finish_users_count 13 76
stats: request 118 22.58348574880826 40.04236268359832 4478.386962890625 4.27978515625 59.81021387325313 805
stats: connect 15 0.8878743489583333 0.4493617747669662 107.80908203125 0.541015625 2.2453613281249996 107
stats: page 109 24.451875179185777 44.52856622500274 4526.35986328125 5.197021484375 71.6686499459403 672
stats: tr_play_game__ready_page 7 7.302734375 0.766374415865159 250.573974609375 6.093017578125 27.41897583007813 32
stats: 302 6 46
stats: tr_play_game__leaderboard 7 16.75341796875 13.682648895848317 84.455078125 6.52099609375 17.541090745192307 13
stats: 200 112 805
stats: tr_quiz_new_POST 0 0 0 107.64794921875 11.781005859375 27.42263454861111 9
stats: size_rcv 275369 2193659
stats: tr_question_new_POST 0 0 0 115.970947265625 4.372802734375 15.309085422092014 72
stats: newphase 0 2
stats: tr_search_all_users 3 38.861979166666664 6.700354507700723 110.363037109375 27.02001953125 37.462239583333336 12
stats: size_sent 80230 649193
stats: tr_friend_requests 1 24.04296875 0.0 631.623046875 7.907958984375 78.19912109375 15
stats: connected 1 46
stats: tr_friends 2 52.467529296875 30.784423828125 83.251953125 12.343994140625 24.77137169471154 13
stats: 404 0 72
stats: tr_browse_quizzes_page_1 3 37.006673177083336 6.937910463984315 106.47802734375 26.741943359375 46.9255801930147 17
stats: tr_play_game__1st_question 6 13.0401611328125 8.566965228709735 60.471923828125 6.06591796875 13.399017333984375 32
stats: tr_play_game__answer_to_question 5 8.766064453125 4.141837281308211 605.587890625 5.320068359375 41.9828197337963 27
stats: tr_index 6 7.800333658854167 1.6314531317759362 732.52685546875 5.703125 42.92657470703125 36
stats: tr_quizzes_page_INDEX 3 12.394694010416666 5.844433274785228 24.864990234375 6.740966796875 9.6662841796875 10
stats: tr_quiz_questions_SHOW 0 0 0 154.420166015625 6.35791015625 18.2760993109809 72
# stats: dump at 1448596440
stats: users 70 70
stats: {freemem,"tsung_controller@ip-172-30-3-173"} 1 3164.64453125 0.0 3171.015625 3164.64453125 3167.8576388888887 9
stats: {recvpackets,"tsung_controller@ip-172-30-3-173"} 1 595.0 0.0 819 62 484.875 8
stats: {sentpackets,"tsung_controller@ip-172-30-3-173"} 1 617.0 0.0 723 73 448.375 8
stats: {cpu,"tsung_controller@ip-172-30-3-173"} 1 2.075098814229249 0.0 9.957030526838869 1.185770750988142 2.903607846814903 9
stats: {load,"tsung_controller@ip-172-30-3-173"} 1 0.05078125 0.0 0.078125 0.0 0.023003472222222224 9
stats: session 17 15807.488654641544 18518.248082764352 62329.954833984375 64.236083984375 22030.424448113692 76
stats: users_count 39 163
stats: finish_users_count 17 93
stats: request 206 47.01649489912014 83.87480044321644 4478.386962890625 4.27978515625 55.0510005268994 923
stats: connect 41 2.004680354420732 2.4771796491068727 107.80908203125 0.527099609375 2.0784571913422125 122
stats: page 178 54.43086156952247 99.97820501736105 4526.35986328125 5.197021484375 65.07885679667494 781
stats: tr_play_game__ready_page 10 47.380078125 71.82669134394214 250.573974609375 6.0791015625 23.80836838942308 39
stats: 302 8 54
stats: tr_play_game__leaderboard 4 25.52545166015625 24.960088723412014 84.455078125 6.52099609375 17.2654052734375 20
stats: 200 182 987
stats: tr_quiz_new_POST 2 31.70849609375 19.714599609375 107.64794921875 11.781005859375 27.42263454861111 9
stats: size_rcv 498507 2692166
stats: tr_question_new_POST 16 17.19970703125 9.792867655055389 115.970947265625 4.372802734375 15.309085422092014 72
stats: newphase 1 3
stats: tr_search_all_users 2 152.794677734375 85.490478515625 238.28515625 27.02001953125 37.7421875 15
stats: size_sent 135011 784204
stats: tr_friend_requests 0 0 0 631.623046875 7.907958984375 74.81436157226563 16
stats: connected 24 70
stats: tr_friends 0 0 0 83.251953125 12.343994140625 28.464192708333332 15
stats: 404 16 88
stats: tr_browse_quizzes_page_1 10 106.696337890625 106.80876703758122 391.088134765625 26.741943359375 45.437744140625 20
stats: tr_play_game__1st_question 7 14.269077845982142 11.272310382778254 60.471923828125 6.06591796875 13.342355828536185 38
stats: tr_play_game__answer_to_question 6 98.02205403645833 191.89144481993256 605.587890625 5.320068359375 36.792701721191406 32
stats: tr_index 15 23.42724609375 19.681785763203532 732.52685546875 5.703125 37.90854027157738 42
stats: tr_quizzes_page_INDEX 3 72.84700520833333 76.99523757999496 180.849853515625 6.740966796875 10.295917217548077 13
stats: tr_quiz_questions_SHOW 16 24.526596069335938 21.581812088568853 154.420166015625 6.35791015625 18.2760993109809 72
# stats: dump at 1448596450
stats: users 93 93
stats: {freemem,"tsung_controller@ip-172-30-3-173"} 1 3162.71875 0.0 3171.015625 3162.71875 3167.536328125 10
stats: {recvpackets,"tsung_controller@ip-172-30-3-173"} 1 1099.0 0.0 1099 62 497.1111111111111 9
stats: {sentpackets,"tsung_controller@ip-172-30-3-173"} 1 999.0 0.0 999 73 467.1111111111111 9
stats: {cpu,"tsung_controller@ip-172-30-3-173"} 1 2.4875621890547266 0.0 9.957030526838869 1.185770750988142 2.8207569435563378 10
stats: {load,"tsung_controller@ip-172-30-3-173"} 1 0.0390625 0.0 0.078125 0.0 0.02578125 10
stats: session 20 31265.605200195314 21283.657046404893 68190.67993164063 64.236083984375 20892.898550382226 93
stats: users_count 43 206
stats: finish_users_count 20 113
stats: request 315 44.566142733134924 135.68779700780783 4478.386962890625 4.27978515625 53.58500570021869 1129
stats: connect 42 1.4486549014136905 2.1449954840377865 107.80908203125 0.527099609375 2.0598998274539873 163
stats: page 259 54.23320331352558 151.6655303572524 4526.35986328125 5.197021484375 63.1024822915309 959
stats: tr_play_game__ready_page 10 22.372607421875 15.64968587275224 250.573974609375 6.052001953125 28.618921396683675 49
stats: 302 10 64
stats: tr_play_game__leaderboard 5 23.741650390625 22.969249426881056 84.455078125 6.52099609375 18.642079671223957 24
stats: 200 265 1252
stats: tr_quiz_new_POST 5 61.60439453125 57.03235927173976 172.163818359375 11.781005859375 28.201882102272727 11
stats: size_rcv 696994 3389160
stats: tr_question_new_POST 40 21.541473388671875 15.52478417526291 115.970947265625 4.372802734375 15.652834805575283 88
stats: newphase 0 3
stats: tr_search_all_users 1 31.428955078125 0.0 238.28515625 27.02001953125 51.27777458639706 17
stats: size_sent 227304 1011508
stats: tr_friend_requests 4 29.74554443359375 25.899861568679675 631.623046875 7.907958984375 74.81436157226563 16
stats: connected 22 92
stats: tr_friends 2 39.446533203125 18.29638671875 83.251953125 12.343994140625 28.464192708333332 15
stats: 404 40 128
stats: tr_browse_quizzes_page_1 5 72.82958984375 22.138105461504214 391.088134765625 26.741943359375 65.857275390625 30
stats: tr_play_game__1st_question 13 26.17474834735577 18.87462094591276 60.7509765625 6.06591796875 13.486512586805556 45
stats: tr_play_game__answer_to_question 16 20.200820922851563 15.34675877252914 605.587890625 5.320068359375 46.46049419202303 38
stats: tr_index 15 22.151839192708334 14.128768576962354 732.52685546875 5.703125 34.09767338267544 57
stats: tr_quizzes_page_INDEX 5 25.10419921875 18.972305077453633 180.849853515625 6.740966796875 22.024246215820313 16
stats: tr_quiz_questions_SHOW 40 25.115051269531254 17.73131628948116 154.420166015625 6.35791015625 19.412553267045453 88
# stats: dump at 1448596460
stats: users 113 113
stats: {freemem,"tsung_controller@ip-172-30-3-173"} 1 3161.765625 0.0 3171.015625 3161.765625 3167.0983664772725 11
stats: {recvpackets,"tsung_controller@ip-172-30-3-173"} 1 1599.0 0.0 1599 62 557.3 10
stats: {sentpackets,"tsung_controller@ip-172-30-3-173"} 1 1412.0 0.0 1412 73 520.3 10
stats: {cpu,"tsung_controller@ip-172-30-3-173"} 1 3.1777557100297913 0.0 9.957030526838869 1.185770750988142 2.7904665113289187 11
stats: {load,"tsung_controller@ip-172-30-3-173"} 1 0.0390625 0.0 0.078125 0.0 0.026988636363636364 11
stats: session 21 20892.061825706845 27302.36314346116 93867.74194335938 64.236083984375 22728.775833534983 113
stats: users_count 41 247
stats: finish_users_count 21 134
stats: request 282 51.236457987034576 86.92538597804212 4478.386962890625 4.27978515625 51.61759445739917 1444
stats: connect 42 1.9791143508184528 2.669227589930559 107.80908203125 0.527099609375 1.9346691596798777 205
stats: page 248 58.27361666771673 98.53120029462322 4526.35986328125 5.197021484375 61.21648618701252 1218
stats: tr_play_game__ready_page 23 27.98205035665761 24.637625646624176 250.573974609375 6.052001953125 27.560224112817796 59
stats: 302 14 78
stats: tr_play_game__leaderboard 2 92.3494873046875 63.3265380859375 155.676025390625 6.52099609375 19.52131600215517 29
stats: 200 252 1504
stats: tr_quiz_new_POST 2 51.883544921875 24.46435546875 172.163818359375 11.781005859375 38.640167236328125 16
stats: size_rcv 643970 4033130
stats: tr_question_new_POST 16 18.63189697265625 11.738549578356087 115.970947265625 4.372802734375 17.49303436279297 128
stats: newphase 0 3
stats: tr_search_all_users 2 109.41748046875 23.271484375 238.28515625 27.02001953125 50.17506239149306 18
stats: size_sent 187745 1199253
stats: tr_friend_requests 3 32.779378255208336 5.0803417056114615 631.623046875 7.907958984375 65.80059814453125 20
stats: connected 20 112
stats: tr_friends 2 83.0614013671875 29.1165771484375 112.177978515625 12.343994140625 29.756232766544116 17
stats: 404 16 144
stats: tr_browse_quizzes_page_1 12 89.55930582682292 68.91551086732899 391.088134765625 26.741943359375 66.8533203125 35
stats: tr_play_game__1st_question 20 29.12681884765625 30.739959806748693 102.718017578125 6.06591796875 16.330427498653016 58
stats: tr_play_game__answer_to_question 12 23.674947102864582 33.25658812369495 605.587890625 5.320068359375 38.679850260416664 54
stats: tr_index 19 24.49764854029605 29.5378452832579 732.52685546875 5.703125 31.608957926432293 72
stats: tr_quizzes_page_INDEX 3 23.820719401041668 20.621574321906337 180.849853515625 6.740966796875 22.757568359375 21
stats: tr_quiz_questions_SHOW 16 24.2369384765625 17.47133912730104 154.420166015625 6.35791015625 21.194583892822266 128
# stats: dump at 1448596470
stats: users 148 148
stats: {freemem,"tsung_controller@ip-172-30-3-173"} 1 3160.18359375 0.0 3171.015625 3160.18359375 3166.6539713541665 12
stats: {recvpackets,"tsung_controller@ip-172-30-3-173"} 1 1231.0 0.0 1599 62 652.0 11
stats: {sentpackets,"tsung_controller@ip-172-30-3-173"} 1 1248.0 0.0 1412 73 601.3636363636364 11
stats: {cpu,"tsung_controller@ip-172-30-3-173"} 1 2.589641434262948 0.0 9.957030526838869 1.185770750988142 2.822740611220658 12
stats: {load,"tsung_controller@ip-172-30-3-173"} 1 0.109375 0.0 0.109375 0.0 0.027994791666666668 12
stats: session 23 24065.453485903534 21028.797513071873 93867.74194335938 64.236083984375 22440.932593502217 134
stats: users_count 58 305
stats: finish_users_count 23 157
stats: request 360 46.910137261284746 76.55472813023049 4478.386962890625 4.27978515625 51.55532302944852 1726
stats: connect 57 2.4140753495065796 3.059440060798039 107.80908203125 0.52294921875 1.9422266415738865 247
stats: page 325 51.97256610576925 89.02333798740497 4526.35986328125 5.113037109375 60.71864741430764 1466
stats: tr_play_game__ready_page 17 39.607034122242645 28.42844120678295 250.573974609375 6.052001953125 27.678541229992376 82
stats: 302 10 88
stats: tr_play_game__leaderboard 7 27.488176618303573 28.21213453492352 155.676025390625 6.52099609375 24.21990769909274 31
stats: 200 334 1838
stats: tr_quiz_new_POST 2 23.468017578125 6.088134765625 172.163818359375 11.781005859375 40.111653645833336 18
stats: size_rcv 801916 4835046
stats: tr_question_new_POST 16 21.222183227539063 17.494527245740446 115.970947265625 4.372802734375 17.61957465277778 144
stats: newphase 1 4
stats: tr_search_all_users 7 108.13961356026786 75.03495233421187 262.177001953125 27.02001953125 56.09930419921875 20
stats: size_sent 248064 1447317
stats: tr_friend_requests 3 38.95068359375 23.673303197198145 631.623046875 7.755126953125 61.49348250679348 23
stats: connected 34 146
stats: tr_friends 2 30.4844970703125 9.1505126953125 112.177978515625 12.343994140625 35.36730314555921 19
stats: 404 16 160
stats: tr_browse_quizzes_page_1 7 117.29000418526786 116.55858072388583 391.088134765625 18.397216796875 72.65059320977393 47
stats: tr_play_game__1st_question 18 20.26201714409722 19.170722122155084 102.718017578125 6.06591796875 19.611553485576923 78
stats: tr_play_game__answer_to_question 22 26.525989879261363 22.92345500508186 605.587890625 5.248046875 35.95168604995265 66
stats: tr_index 22 43.49896795099432 52.80620701609138 732.52685546875 5.680908203125 30.12417904361264 91
stats: tr_quizzes_page_INDEX 3 45.489013671875 33.21985920130495 180.849853515625 6.740966796875 22.890462239583332 24
stats: tr_quiz_questions_SHOW 16 33.873260498046875 28.116924366520642 154.420166015625 6.35791015625 21.532623291015625 144
# stats: dump at 1448596480
stats: users 189 189
stats: {freemem,"tsung_controller@ip-172-30-3-173"} 1 3155.578125 0.0 3171.015625 3155.578125 3166.15625 13
stats: {recvpackets,"tsung_controller@ip-172-30-3-173"} 1 1922.0 0.0 1922 62 700.25 12
stats: {sentpackets,"tsung_controller@ip-172-30-3-173"} 1 1862.0 0.0 1862 73 655.25 12
stats: {cpu,"tsung_controller@ip-172-30-3-173"} 1 4.166666666666666 0.0 9.957030526838869 1.185770750988142 2.804809905300835 13
stats: {load,"tsung_controller@ip-172-30-3-173"} 1 0.08984375 0.0 0.109375 0.0 0.034254807692307696 13
stats: session 29 17828.145053205822 16090.083309974008 93867.74194335938 64.236083984375 22678.919730605594 157
stats: users_count 70 375
stats: finish_users_count 29 186
stats: request 407 549.061715390817 400.16145986789184 4478.386962890625 4.27978515625 50.75366105603579 2086
stats: connect 71 2.675753741197182 2.79047336609203 107.80908203125 0.510986328125 2.0306982743112663 304
stats: page 359 586.29694980632 482.74698208110175 4526.35986328125 5.113037109375 59.13155839963707 1791
stats: tr_play_game__ready_page 22 443.62723055752843 329.39614607527227 1244.51708984375 6.052001953125 29.72686829229798 99
stats: 302 23 111
stats: tr_play_game__leaderboard 14 614.2115478515625 254.8575281984679 1163.53515625 6.52099609375 24.821957236842106 38
stats: 200 370 2208
stats: tr_quiz_new_POST 6 478.2008870442708 303.39553494144235 835.297119140625 11.781005859375 38.4472900390625 20
stats: size_rcv 907360 5742406
stats: tr_question_new_POST 14 551.3665073939732 257.1115545551479 972.494873046875 4.372802734375 17.979835510253906 160
stats: newphase 0 4
stats: tr_search_all_users 5 536.864453125 370.4452612594787 1158.6259765625 27.02001953125 69.59123625578704 27
stats: size_sent 303399 1750716
stats: tr_friend_requests 6 347.2591959635417 277.15402981929384 854.43994140625 7.755126953125 58.89239032451923 26
stats: connected 42 188
stats: tr_friends 6 536.4052327473959 271.2421073970743 851.18115234375 12.343994140625 34.902273995535715 21
stats: 404 14 174
stats: tr_browse_quizzes_page_1 14 656.9248570033482 295.7523824346854 1104.093017578125 18.397216796875 78.43718352141204 54
stats: tr_play_game__1st_question 18 501.0226779513889 387.65483344749083 1272.489990234375 6.06591796875 19.73351542154948 96
stats: tr_play_game__answer_to_question 17 494.6519416360294 355.76260886771325 1155.273193359375 5.248046875 33.59526200727983 88
stats: tr_index 23 471.15102751358694 328.7523521654252 1257.89306640625 5.680908203125 32.72812024681969 113
stats: tr_quizzes_page_INDEX 4 415.55224609375 276.1322486513905 780.779052734375 6.740966796875 25.40141239872685 27
stats: tr_quiz_questions_SHOW 12 589.71484375 298.4641138684669 1298.112060546875 6.35791015625 22.76668701171875 160
# stats: dump at 1448596490
stats: users 236 236
stats: {freemem,"tsung_controller@ip-172-30-3-173"} 1 3150.203125 0.0 3171.015625 3150.203125 3165.4006696428573 14
stats: {recvpackets,"tsung_controller@ip-172-30-3-173"} 1 2345.0 0.0 2345 62 794.2307692307693 13
stats: {sentpackets,"tsung_controller@ip-172-30-3-173"} 1 2128.0 0.0 2128 73 748.0769230769231 13
stats: {cpu,"tsung_controller@ip-172-30-3-173"} 1 4.586241276171486 0.0 9.957030526838869 1.185770750988142 2.9020853882555366 14
stats: {load,"tsung_controller@ip-172-30-3-173"} 1 0.078125 0.0 0.109375 0.0 0.03822544642857143 14
stats: session 44 29118.011580033737 21223.58175798286 93867.74194335938 64.236083984375 21922.61615187122 186
stats: users_count 91 466
stats: finish_users_count 44 230
stats: request 411 1769.3823943126527 299.8881982300156 4478.386962890625 4.27978515625 132.1059988475544 2493
stats: connect 88 2.973879727450284 2.9438781298385264 107.80908203125 0.510009765625 2.1528287760416664 375
stats: page 365 1953.7439011665238 687.383393638957 4744.597900390625 5.113037109375 147.15591910428785 2150
stats: tr_play_game__ready_page 28 1703.9414760044642 207.407524820762 2185.406982421875 6.052001953125 104.98147961324896 121
stats: 302 23 134
stats: tr_play_game__leaderboard 13 1707.6700345552886 235.28089067801233 2097.4560546875 6.52099609375 183.50377009465143 52
stats: 200 376 2584
stats: tr_quiz_new_POST 2 1943.280029296875 239.031982421875 2182.31201171875 11.781005859375 139.92888934795673 26
stats: size_rcv 985298 6727704
stats: tr_question_new_POST 12 1690.909688313802 221.015429202597 2057.304931640625 4.372802734375 60.89600451239224 174
stats: newphase 0 4
stats: tr_search_all_users 9 1638.2262369791667 254.09174488257904 2049.615966796875 27.02001953125 142.60267639160156 32
stats: size_sent 279259 2029975
stats: tr_friend_requests 6 1819.6516927083333 159.90333128145656 2024.455078125 7.755126953125 112.96116638183594 32
stats: connected 45 233
stats: tr_friends 5 1913.202197265625 105.61068381236583 2106.25 12.343994140625 146.3473759403935 27
stats: 404 12 186
stats: tr_browse_quizzes_page_1 13 1808.2332857572114 168.98640227098358 1997.912109375 18.397216796875 197.53758688534006 68
stats: tr_play_game__1st_question 24 1687.6467386881511 213.92031995801548 2091.4990234375 6.06591796875 95.7265410841557 114
stats: tr_play_game__answer_to_question 12 1774.8912963867188 298.3973691573059 2176.47314453125 5.248046875 108.24253394717262 105
stats: tr_index 32 1754.061752319336 230.57770607690566 2178.4638671875 5.680908203125 106.87317074046416 136
stats: tr_quizzes_page_INDEX 6 1866.6501871744792 217.0914504155796 2164.484130859375 6.740966796875 75.74345545614919 31
stats: tr_quiz_questions_SHOW 10 1625.315771484375 197.4285597550142 1939.5849609375 6.35791015625 62.32120957485465 172
# stats: dump at 1448596500
stats: users 328 329
stats: {freemem,"tsung_controller@ip-172-30-3-173"} 1 3146.90234375 0.0 3171.015625 3146.90234375 3164.3875 15
stats: {recvpackets,"tsung_controller@ip-172-30-3-173"} 1 2462.0 0.0 2462 62 905.0 14
stats: {sentpackets,"tsung_controller@ip-172-30-3-173"} 1 2275.0 0.0 2275 73 846.6428571428571 14
stats: {cpu,"tsung_controller@ip-172-30-3-173"} 1 5.346534653465347 0.0 9.957030526838869 1.185770750988142 3.0143624474499333 15
stats: {load,"tsung_controller@ip-172-30-3-173"} 1 0.0703125 0.0 0.109375 0.0 0.04088541666666667 15
stats: session 43 25907.176519349563 22597.221308933145 93867.74194335938 64.236083984375 23299.12658160666 230
stats: users_count 135 601
stats: finish_users_count 43 273
stats: request 498 1900.8889169961094 707.0212990617478 4478.386962890625 0.572021484375 363.8279680404454 2904
stats: connect 137 3.3737543481979926 3.584417882093646 107.80908203125 0.496826171875 2.3088816566549677 463
stats: page 461 2084.525009320768 1043.2870277036268 5545.40185546875 0.6259765625 409.34463220675946 2515
stats: tr_play_game__ready_page 27 1550.1238606770833 930.0020368129345 2500.804931640625 0.6689453125 405.4571836330747 149
stats: 302 21 155
stats: tr_play_game__leaderboard 13 1892.2371732271636 581.4150928627683 2353.778076171875 1.26708984375 488.33702298677883 65
stats: 200 412 2996
stats: tr_quiz_new_POST 1 2419.72607421875 0.0 2419.72607421875 11.781005859375 268.73968505859375 28
stats: size_rcv 964657 7692361
stats: tr_question_new_POST 10 2022.3926025390624 165.61993270425856 2220.155029296875 4.372802734375 166.05817766087029 186
stats: newphase 1 5
stats: tr_search_all_users 3 1408.6068522135417 999.8897349621795 2226.514892578125 0.683837890625 470.9102872522866 41
stats: 422 1 1
stats: tr_friend_requests 5 1345.772021484375 1064.786066124963 2236.537841796875 4.2470703125 382.43861790707234 38
stats: size_sent 303106 2333081
stats: tr_friends 3 2046.3499348958333 216.1855473428196 2227.553955078125 12.343994140625 422.41844177246094 32
stats: connected 96 329
stats: tr_browse_quizzes_page_1 20 1953.3824096679687 834.7741889229329 2689.04296875 0.894775390625 456.044303988233 81
stats: 503 54 54
stats: tr_play_game__1st_question 26 1856.395977313702 694.0571391662039 2414.444091796875 0.822998046875 372.582227623981 138
stats: 404 10 196
stats: tr_play_game__answer_to_question 26 1821.2816256009614 685.207444048563 2447.4599609375 0.7861328125 279.1808685563568 117
stats: 500 1 1
stats: tr_index 43 1898.8066065588666 628.1146125235181 2333.458984375 1.242919921875 420.62337675548736 168
stats: tr_quizzes_page_INDEX 8 1269.8652954101563 986.0040722936532 2249.467041015625 1.02294921875 366.16076330236484 37
stats: tr_quiz_questions_SHOW 13 2164.941650390625 161.32416462505358 2366.1162109375 6.35791015625 148.20003165779534 182
# stats: dump at 1448596510
stats: users 415 415
stats: {freemem,"tsung_controller@ip-172-30-3-173"} 1 3140.89453125 0.0 3171.015625 3140.89453125 3163.294677734375 16
stats: {recvpackets,"tsung_controller@ip-172-30-3-173"} 1 2755.0 0.0 2755 62 1008.8 15
stats: {sentpackets,"tsung_controller@ip-172-30-3-173"} 1 2658.0 0.0 2658 73 941.8666666666667 15
stats: {cpu,"tsung_controller@ip-172-30-3-173"} 1 5.8999999999999995 0.0 9.957030526838869 1.185770750988142 3.1601232103258967 16
stats: {load,"tsung_controller@ip-172-30-3-173"} 1 0.05859375 0.0 0.109375 0.0 0.042724609375 16
stats: session 68 22160.47519459444 22655.705260091883 93867.74194335938 64.236083984375 23709.918330042354 273
stats: users_count 155 756
stats: finish_users_count 68 341
stats: request 750 1409.2629860026038 1257.0828436533802 4478.386962890625 0.06884765625 588.8298353478882 3402
stats: connect 154 2.9453299386160716 3.228431316767762 107.80908203125 0.494140625 2.552027587890625 600
stats: page 675 1533.2820106336803 1496.8150037054847 6665.005126953125 0.578857421875 668.8399796024443 2976
stats: tr_play_game__ready_page 55 1523.8727494673296 1211.8574379660943 3041.77197265625 0.640869140625 581.0594579523259 176
stats: 302 27 182
stats: tr_play_game__leaderboard 17 1324.6510225183824 1258.9787341169024 2702.282958984375 0.80810546875 722.3203813601763 78
stats: 200 364 3360
stats: tr_quiz_new_POST 3 956.2406412760416 1349.633877934353 2864.910888671875 0.9990234375 342.91162951239227 29
stats: size_rcv 1115101 8807462
stats: tr_question_new_POST 18 1727.3827311197915 1096.4623661272906 2843.486083984375 0.68310546875 260.769117705676 196
stats: newphase 0 5
stats: tr_search_all_users 10 1787.4194091796876 1187.0614676791863 3092.906005859375 0.683837890625 534.8441439541904 44
stats: 422 2 3
stats: tr_friend_requests 6 1261.2718505859375 1258.171276320996 2633.373046875 4.2470703125 494.4541299509448 43
stats: size_sent 415538 2748619
stats: tr_friends 6 748.4718831380209 1056.099295353575 2338.08203125 0.656005859375 561.6125697544643 35
stats: connected 80 409
stats: tr_browse_quizzes_page_1 41 1072.0311844988573 1276.6677602955099 3033.739013671875 0.68115234375 752.5468991723391 101
stats: 503 324 378
stats: tr_play_game__1st_question 49 1213.5996193399235 1193.6089743905386 2687.56298828125 0.68798828125 607.8209928186928 164
stats: 404 13 209
stats: tr_play_game__answer_to_question 33 1505.998594341856 1220.7045386780967 2900.339111328125 0.68115234375 559.5628243826486 143
stats: 500 16 17
stats: tr_index 66 1392.1879364938445 1202.9529322529734 2886.68310546875 1.173095703125 721.8645088955125 211
stats: tr_quizzes_page_INDEX 14 1597.373570033482 1212.5593933401487 3002.400146484375 0.705810546875 526.8193467881945 45
stats: tr_quiz_questions_SHOW 14 1582.172328404018 1184.7358914395277 2688.8818359375 0.1279296875 282.64947290665066 195
# stats: dump at 1448596520
stats: users 496 497
stats: {freemem,"tsung_controller@ip-172-30-3-173"} 1 3135.98046875 0.0 3171.015625 3135.98046875 3161.9770220588234 17
stats: {recvpackets,"tsung_controller@ip-172-30-3-173"} 1 3293.0 0.0 3293 62 1117.9375 16
stats: {sentpackets,"tsung_controller@ip-172-30-3-173"} 1 3343.0 0.0 3343 73 1049.125 16
stats: {cpu,"tsung_controller@ip-172-30-3-173"} 1 7.968127490039841 0.0 9.957030526838869 1.185770750988142 3.3212924332479026 17
stats: {load,"tsung_controller@ip-172-30-3-173"} 1 0.05078125 0.0 0.109375 0.0 0.043658088235294115 17
stats: session 90 25224.61579861111 24054.00243491312 93867.74194335938 9.55078125 23400.938467255088 341
stats: users_count 171 927
stats: finish_users_count 90 431
stats: request 1174 900.060484696084 1069.7777880778522 4478.386962890625 0.06787109375 737.0294651626851 4152
stats: connect 219 2.9277589005422375 3.227705183516179 107.80908203125 0.464111328125 2.6323572457311006 754
stats: page 1031 1033.7350439595195 1281.1165863849722 6665.005126953125 0.572998046875 828.6587610174222 3651
stats: tr_play_game__ready_page 81 998.221290870949 1067.6244555140152 3041.77197265625 0.640869140625 805.5388130749459 231
stats: 302 53 235
stats: tr_play_game__leaderboard 13 764.1717810997596 966.845388484409 2702.282958984375 0.744140625 830.1058645148026 95
stats: 200 370 3730
stats: tr_quiz_new_POST 13 965.7876915564904 1048.9009684221326 2864.910888671875 0.931884765625 400.4112243652344 32
stats: size_rcv 1315556 10123018
stats: tr_question_new_POST 59 558.6355890823623 920.609729841034 2843.486083984375 0.68017578125 384.12914126387267 214
stats: newphase 0 5
stats: tr_search_all_users 16 394.5178680419922 796.8937584215141 3092.906005859375 0.683837890625 766.8025264033565 54
stats: 422 18 21
stats: tr_friend_requests 9 873.4771321614584 987.0228861211801 2633.373046875 0.703125 588.3501773756377 49
stats: size_sent 671758 3420377
stats: tr_friends 7 687.7317592075893 1095.9668565920044 2727.923095703125 0.656005859375 588.9578351276676 41
stats: connected 88 497
stats: tr_browse_quizzes_page_1 43 1250.2929971384444 1118.5095138214838 3033.739013671875 0.6240234375 844.792361837038 142
stats: error_connection_closed 2 2
stats: tr_play_game__1st_question 82 982.7716540825077 1040.2741285324971 2687.56298828125 0.662841796875 747.1785172296802 213
stats: 503 639 1017
stats: tr_play_game__answer_to_question 59 929.2756761453924 1057.516768897512 2900.339111328125 0.68115234375 737.01953125 176
stats: 404 9 218
stats: tr_index 67 960.5131690181903 1044.0267152075962 2886.68310546875 1.173095703125 881.5805602366313 277
stats: 500 43 60
stats: tr_quizzes_page_INDEX 18 1238.2520073784722 1006.6919999313469 3002.400146484375 0.68505859375 780.8491624735169 59
stats: tr_quiz_questions_SHOW 60 434.9161905924479 828.0369945755145 2688.8818359375 0.119873046875 369.69885078685707 209
# stats: dump at 1448596530
stats: users 637 637
stats: {freemem,"tsung_controller@ip-172-30-3-173"} 1 3132.25390625 0.0 3171.015625 3132.25390625 3160.532769097222 18
stats: {recvpackets,"tsung_controller@ip-172-30-3-173"} 1 3968.0 0.0 3968 62 1245.8823529411766 17
stats: {sentpackets,"tsung_controller@ip-172-30-3-173"} 1 4133.0 0.0 4133 73 1184.0588235294117 17
stats: {cpu,"tsung_controller@ip-172-30-3-173"} 1 9.68063872255489 0.0 9.957030526838869 1.185770750988142 3.5794499364030106 18
stats: {load,"tsung_controller@ip-172-30-3-173"} 1 0.0390625 0.0 0.109375 0.0 0.04405381944444445 18
stats: session 114 27066.854881955867 24944.240476606563 124262.98901367188 9.55078125 23781.75275918558 431
stats: users_count 255 1182
stats: finish_users_count 114 545
stats: request 1521 706.2896019849702 931.7242720398089 4478.386962890625 0.06591796875 772.9660811845046 5326
stats: connect 322 2.656283360830746 3.131094209458382 107.80908203125 0.464111328125 2.698845387975334 973
stats: page 1321 820.9343806923023 1104.9221614204916 6665.005126953125 0.572998046875 873.8175922248768 4682
stats: tr_play_game__ready_page 75 706.69779296875 936.1319497326981 3041.77197265625 0.625 855.5621486566006 312
stats: 302 57 292
stats: tr_play_game__leaderboard 28 542.8367919921876 851.5384072280475 2702.282958984375 0.72607421875 822.169354474103 108
stats: 200 380 4110
stats: tr_quiz_new_POST 9 248.39830186631946 676.8729216700176 2864.910888671875 0.931884765625 563.7422037760417 45
stats: size_rcv 1512247 11635265
stats: tr_question_new_POST 106 599.6231620356723 872.8127830237307 2843.486083984375 0.6650390625 421.8429889609089 273
stats: newphase 1 6
stats: tr_search_all_users 19 849.2322162828947 995.7875458669299 3092.906005859375 0.683837890625 681.7088902064733 70
stats: 422 27 48
stats: tr_friend_requests 21 732.5784272693452 923.1001947439729 2633.373046875 0.698974609375 632.5940151872306 58
stats: size_sent 837063 4257440
stats: tr_friends 13 924.0689039963943 996.7301089736707 2727.923095703125 0.656005859375 603.3623657226561 48
stats: connected 137 634
stats: tr_browse_quizzes_page_1 47 925.6664000166223 1029.3508010883224 3033.739013671875 0.6240234375 939.0438608530405 185
stats: error_connection_closed 1 3
stats: tr_play_game__1st_question 68 750.4538430606617 919.1827640099247 2687.56298828125 0.662841796875 812.6654230667373 295
stats: 503 889 1906
stats: tr_play_game__answer_to_question 71 1006.3289949658893 968.0623967988492 2900.339111328125 0.662109375 785.2880952875666 235
stats: 404 19 237
stats: tr_index 113 748.3484902170907 913.6061001971099 2886.68310546875 1.1728515625 896.9540625283885 344
stats: 500 73 133
stats: tr_quizzes_page_INDEX 21 551.5608142671131 869.5463500110685 3002.400146484375 0.656982421875 887.7745028409091 77
stats: tr_quiz_questions_SHOW 106 419.3189328751474 797.3292410648937 2688.8818359375 0.117919921875 384.24546933085503 269
# stats: dump at 1448596540
stats: users 795 795
stats: {freemem,"tsung_controller@ip-172-30-3-173"} 1 3125.8125 0.0 3171.015625 3125.8125 3159.0444078947367 19
stats: {recvpackets,"tsung_controller@ip-172-30-3-173"} 1 5218.0 0.0 5218 62 1397.111111111111 18
stats: {sentpackets,"tsung_controller@ip-172-30-3-173"} 1 5721.0 0.0 5721 73 1347.888888888889 18
stats: {cpu,"tsung_controller@ip-172-30-3-173"} 1 15.5053974484789 0.0 15.5053974484789 1.185770750988142 3.900565135674162 19
stats: {load,"tsung_controller@ip-172-30-3-173"} 1 0.109375 0.0 0.109375 0.0 0.043791118421052634 19
stats: session 160 24840.683598327632 23017.356210155318 124262.98901367188 9.55078125 24468.911735324684 545
stats: users_count 318 1500
stats: finish_users_count 160 705
stats: request 2033 533.3189349608424 826.6812746756741 4478.386962890625 0.06591796875 758.1544958387339 6847
stats: connect 409 2.5645557953850835 2.932918341652225 107.80908203125 0.4599609375 2.688262397442085 1295
stats: page 1789 606.0828746200743 949.0917488672503 6665.005126953125 0.56787109375 862.180290469999 6003
stats: tr_play_game__ready_page 132 544.4460985588304 821.0940775245699 3041.77197265625 0.625 826.7124673217457 387
stats: 302 74 366
stats: tr_play_game__leaderboard 35 386.004638671875 698.4752123306373 2702.282958984375 0.638916015625 764.6597092572381 136
stats: 200 360 4470
stats: tr_quiz_new_POST 17 541.1609030330883 826.9699373702791 2864.910888671875 0.841064453125 511.18488679108805 54
stats: size_rcv 1821291 13456556
stats: tr_question_new_POST 121 302.0523247837034 654.2542224435762 2843.486083984375 0.6640625 471.56514818498516 379
stats: newphase 0 6
stats: tr_search_all_users 30 780.9081380208333 893.1221929578757 3092.906005859375 0.666015625 717.4722968969452 89
stats: 422 24 72
stats: tr_friend_requests 18 560.23681640625 790.332530216862 2633.373046875 0.698974609375 659.1721500445016 79
stats: size_sent 1021690 5279130
stats: tr_friends 19 546.2108090049342 803.3177939572115 2727.923095703125 0.656005859375 671.7096607646002 61
stats: connected 157 791
stats: tr_browse_quizzes_page_1 66 763.364931048769 978.2443606657079 3033.739013671875 0.6240234375 936.3337718042834 232
stats: error_connection_closed 6 9
stats: tr_play_game__1st_question 124 685.5743034116683 858.1393503317755 2687.56298828125 0.626953125 801.011463175792 363
stats: 503 1340 3246
stats: tr_play_game__answer_to_question 98 470.77168865593114 776.5698841327932 2900.339111328125 0.60791015625 836.575362859988 306
stats: 404 12 249
stats: tr_index 130 496.16603440504804 815.5069763277761 2886.68310546875 1.14892578125 860.2091398343476 457
stats: 500 127 260
stats: tr_quizzes_page_INDEX 19 609.6954281455592 794.6840666791506 3002.400146484375 0.6279296875 815.7287124322385 98
stats: tr_quiz_questions_SHOW 122 209.67240530545595 580.3384623698361 2688.8818359375 0.117919921875 394.159568359375 375
# stats: dump at 1448596550
stats: users 931 933
stats: {freemem,"tsung_controller@ip-172-30-3-173"} 1 3118.890625 0.0 3171.015625 3118.890625 3157.3828125 20
stats: {recvpackets,"tsung_controller@ip-172-30-3-173"} 1 6090.0 0.0 6090 62 1598.2105263157894 19
stats: {sentpackets,"tsung_controller@ip-172-30-3-173"} 1 6766.0 0.0 6766 73 1578.0526315789473 19
stats: {cpu,"tsung_controller@ip-172-30-3-173"} 1 18.8050930460333 0.0 18.8050930460333 1.185770750988142 4.4808067513143985 20
stats: {load,"tsung_controller@ip-172-30-3-173"} 1 0.08984375 0.0 0.109375 0.0 0.0470703125 20
stats: session 180 29414.84486219618 22827.098852588082 124262.98901367188 9.55078125 24553.2854914672 705
stats: users_count 316 1816
stats: finish_users_count 180 885
stats: request 2387 458.244246586327 792.8581989126749 4478.386962890625 0.05810546875 706.6803184440544 8880
stats: connect 428 2.896610438266648 3.3416722976611584 107.80908203125 0.4599609375 2.658569909037558 1704
stats: page 2069 528.4043883244854 897.6614704305033 6665.005126953125 0.56787109375 803.3817436327922 7792
stats: tr_play_game__ready_page 135 516.0450810185182 824.6423825195465 3041.77197265625 0.625 754.9221770005419 519
stats: 302 90 456
stats: tr_play_game__leaderboard 54 390.99659107349544 773.8489616515806 2702.282958984375 0.638916015625 687.1572094298245 171
stats: 200 336 4806
stats: tr_quiz_new_POST 20 318.83225097656253 712.9089134932315 2864.910888671875 0.841064453125 518.3622427926937 71
stats: size_rcv 1859626 15316182
stats: tr_question_new_POST 153 251.68708352481627 597.5647193537216 2843.486083984375 0.662109375 430.543044921875 500
stats: newphase 0 6
stats: tr_search_all_users 45 423.6600368923611 739.7659806011612 3092.906005859375 0.666015625 733.4645257517069 119
stats: 422 30 102
stats: tr_friend_requests 25 187.92623046875 485.0714189100983 2633.373046875 0.6640625 640.8130159673002 97
stats: size_sent 1205483 6484613
stats: tr_friends 22 631.660078568892 915.6915572970511 2727.923095703125 0.649169921875 641.9036834716796 80
stats: connected 132 923
stats: tr_browse_quizzes_page_1 51 755.6567047717524 946.8815041342698 3033.739013671875 0.6240234375 898.0252366033976 298
stats: error_connection_closed 26 35
stats: tr_play_game__1st_question 136 641.6838217342602 880.391640682407 2687.56298828125 0.626953125 771.6188393344135 487
stats: error_abort_max_send_retries 1 1
stats: tr_play_game__answer_to_question 107 492.8396520882009 785.3936921573061 2900.339111328125 0.60791015625 747.8408082263308 404
stats: 503 1689 4935
stats: tr_index 137 563.877156278513 821.1199507448229 2886.68310546875 1.14892578125 779.5863055825437 587
stats: 404 8 257
stats: tr_quizzes_page_INDEX 28 644.4787859235491 870.9754655184446 3002.400146484375 0.6279296875 782.2703158386752 117
stats: 500 142 402
stats: tr_quiz_questions_SHOW 153 176.60397677951383 506.57926590935637 2688.8818359375 0.114990234375 348.8729810503647 497
# stats: dump at 1448596560
stats: users 847 964
stats: {freemem,"tsung_controller@ip-172-30-3-173"} 1 3113.9140625 0.0 3171.015625 3113.9140625 3155.549851190476 21
stats: {recvpackets,"tsung_controller@ip-172-30-3-173"} 1 6541.0 0.0 6541 62 1822.8 20
stats: {sentpackets,"tsung_controller@ip-172-30-3-173"} 1 7423.0 0.0 7423 73 1837.45 20
stats: {cpu,"tsung_controller@ip-172-30-3-173"} 1 19.507389162561577 0.0 19.507389162561577 1.185770750988142 5.162915622491489 21
stats: {load,"tsung_controller@ip-172-30-3-173"} 1 0.078125 0.0 0.109375 0.0 0.049107142857142856 21
stats: session 167 32613.21107638239 20525.284155508813 124262.98901367188 9.55078125 25542.077227886653 885
stats: users_count 83 1899
stats: finish_users_count 167 1052
stats: request 2357 568.8903984681596 773.8204123126054 4478.386962890625 0.05810546875 654.0472392282564 11267
stats: connect 187 2.792587525066846 3.199673138286634 107.80908203125 0.4599609375 2.7063566569315785 2132
stats: page 2020 667.0760043606892 885.2191225278418 6665.005126953125 0.531005859375 745.6869714866725 9861
stats: tr_play_game__ready_page 92 705.7739762015963 822.2379514075387 3041.77197265625 0.625 705.6126847106746 654
stats: 302 114 570
stats: tr_play_game__leaderboard 86 724.6736038562863 790.8814639010799 2702.282958984375 0.638916015625 616.0786610243056 225
stats: 200 330 5136
stats: tr_quiz_new_POST 25 307.92197265625 598.3718681792784 2864.910888671875 0.837890625 474.5094973385989 91
stats: size_rcv 1936009 17252191
stats: tr_question_new_POST 169 376.7641601562501 649.9804543252683 2843.486083984375 0.6220703125 388.6365179789194 653
stats: newphase 0 6
stats: tr_search_all_users 36 485.68039957682294 712.7912204621153 3092.906005859375 0.666015625 648.4571964915206 164
stats: 422 57 159
stats: tr_friend_requests 22 564.933349609375 731.6813833839833 2633.373046875 0.6640625 548.0083468077613 122
stats: size_sent 1213365 7697978
stats: tr_friends 16 585.5052490234375 734.4380306379977 2727.923095703125 0.64306640625 639.6942784926471 102
stats: connected -80 843
stats: tr_browse_quizzes_page_1 36 989.8826972113716 897.0682743543873 3033.739013671875 0.6240234375 877.220666049203 349
stats: error_connection_closed 29 64
stats: tr_play_game__1st_question 103 581.82380157767 721.0289069658695 2687.56298828125 0.626953125 743.2542126993881 623
stats: error_abort_max_send_retries 1 2
stats: tr_play_game__answer_to_question 139 504.24951347515736 719.8307041606496 2900.339111328125 0.60791015625 694.4452628118887 511
stats: 503 1588 6523
stats: tr_index 45 1635.5327690972222 679.8655447125235 2938.618896484375 1.14892578125 738.768414070593 724
stats: 404 5 262
stats: tr_quizzes_page_INDEX 40 451.57918701171866 676.2174191171351 3002.400146484375 0.6240234375 755.6622962688577 145
stats: 500 214 616
stats: tr_quiz_questions_SHOW 167 312.5904957662799 577.8628570065893 2688.8818359375 0.114990234375 308.3235077373798 650
# stats: dump at 1448596570
stats: users 670 964
stats: {freemem,"tsung_controller@ip-172-30-3-173"} 1 3111.28125 0.0 3171.015625 3111.28125 3153.657315340909 22
stats: {recvpackets,"tsung_controller@ip-172-30-3-173"} 1 6534.0 0.0 6541 62 2047.4761904761904 21
stats: {sentpackets,"tsung_controller@ip-172-30-3-173"} 1 6772.0 0.0 7423 73 2103.4285714285716 21
stats: {cpu,"tsung_controller@ip-172-30-3-173"} 1 15.665024630541872 0.0 19.507389162561577 1.185770750988142 5.81493714704013 22
stats: {load,"tsung_controller@ip-172-30-3-173"} 1 0.05859375 0.0 0.109375 0.0 0.05042613636363636 22
stats: session 177 42588.74827170508 19402.927179271595 124262.98901367188 9.55078125 26664.58611828474 1052
stats: users_count 0 1899
stats: finish_users_count 177 1229
stats: request 1824 602.6390912240009 678.6537622708788 4478.386962890625 0.054931640625 639.3148057526585 13624
stats: connect 81 1.5716326678240742 2.6066876888484884 107.80908203125 0.4599609375 2.7133101594504634 2319
stats: page 1517 717.6043412290908 818.7991756248412 6665.005126953125 0.531005859375 732.3215852738549 11881
stats: tr_play_game__ready_page 16 845.3421173095703 666.7653664139498 3041.77197265625 0.625 705.6325758864987 746
stats: 302 206 776
stats: tr_play_game__leaderboard 78 645.7606420272436 686.8828637057537 2702.282958984375 0.638916015625 646.1081307463324 311
stats: 200 279 5415
stats: tr_quiz_new_POST 24 491.8802897135417 631.8958705297604 2864.910888671875 0.837890625 438.6070135708513 116
stats: size_rcv 1518246 18770437
stats: tr_question_new_POST 172 440.80150657476366 638.1518390397713 2843.486083984375 0.6220703125 386.1956074290032 822
stats: newphase 0 6
stats: tr_search_all_users 38 817.018265573602 703.6726515909652 3092.906005859375 0.666015625 619.157373046875 200
stats: 422 79 238
stats: tr_friend_requests 21 551.5811360677084 641.9707236549943 2633.373046875 0.6640625 550.5941111246744 144
stats: size_sent 1062779 8760757
stats: tr_friends 22 603.8873401988636 676.6218345144131 2727.923095703125 0.64306640625 632.3466134798729 118
stats: connected -177 666
stats: tr_browse_quizzes_page_1 3 1529.455078125 239.90782215273595 3033.739013671875 0.6240234375 887.7552975344968 385
stats: error_connection_closed 9 73
stats: tr_play_game__1st_question 34 707.4173727596508 676.9181837552585 2687.56298828125 0.626953125 720.351551066417 726
stats: error_abort_max_send_retries 1 3
stats: tr_play_game__answer_to_question 79 674.8107261174845 685.286407073868 2900.339111328125 0.60791015625 653.7726333383415 650
stats: 503 920 7443
stats: tr_index 0 0 0 2938.618896484375 1.14892578125 791.2448717769628 769
stats: 404 7 269
stats: tr_quizzes_page_INDEX 36 648.1182793511284 648.4131878763336 3002.400146484375 0.6240234375 689.9145969700169 185
stats: 500 247 863
stats: tr_quiz_questions_SHOW 172 338.9056822311048 568.873830220498 2688.8818359375 0.114990234375 309.19570724879515 817
# stats: dump at 1448596580
stats: users 531 964
stats: {freemem,"tsung_controller@ip-172-30-3-173"} 1 3110.93359375 0.0 3171.015625 3110.93359375 3151.8148777173915 23
stats: {recvpackets,"tsung_controller@ip-172-30-3-173"} 1 4886.0 0.0 6541 62 2251.409090909091 22
stats: {sentpackets,"tsung_controller@ip-172-30-3-173"} 1 4888.0 0.0 7423 73 2315.6363636363635 22
stats: {cpu,"tsung_controller@ip-172-30-3-173"} 1 11.177052423343223 0.0 19.507389162561577 1.185770750988142 6.243201820235858 23
stats: {load,"tsung_controller@ip-172-30-3-173"} 1 0.05078125 0.0 0.109375 0.0 0.05078125 23
stats: session 139 47942.43418741569 17961.038173495042 129228.66088867188 9.55078125 28957.976436556015 1229
stats: users_count 0 1899
stats: finish_users_count 139 1368
stats: request 1625 622.9418446514435 635.0184564708411 4478.386962890625 0.054931640625 634.984374415251 15448
stats: connect 86 1.9188913744549416 3.068743606296831 107.80908203125 0.4599609375 2.6747785441080727 2400
stats: page 1328 768.8570867331636 833.8760104941193 6665.005126953125 0.531005859375 730.6552127394538 13398
stats: tr_play_game__ready_page 6 415.8836669921875 580.8081931068347 3041.77197265625 0.625 708.5661095646734 762
stats: 302 243 1019
stats: tr_play_game__leaderboard 85 632.5300522748164 640.8052843291007 2702.282958984375 0.638916015625 646.0384543450756 389
stats: 200 246 5661
stats: tr_quiz_new_POST 36 661.3182305230034 628.7096117877061 2864.910888671875 0.837890625 447.7395751953125 140
stats: size_rcv 1370653 20141090
stats: tr_question_new_POST 198 485.71391650883834 604.0960801400862 2843.486083984375 0.6220703125 395.6445155306841 994
stats: newphase 0 6
stats: tr_search_all_users 23 871.565673828125 577.7767285297758 3092.906005859375 0.666015625 650.7486079881171 238
stats: 422 105 343
stats: tr_friend_requests 16 615.1770935058594 617.9101858609032 2633.373046875 0.6640625 550.7197324810606 165
stats: size_sent 1021705 9782462
stats: tr_friends 20 521.6311767578125 574.113299382926 2727.923095703125 0.64306640625 627.8744419642857 140
stats: connected -131 535
stats: tr_browse_quizzes_page_1 0 0 0 3033.739013671875 0.6240234375 892.7168937761759 388
stats: error_connection_closed 11 84
stats: tr_play_game__1st_question 5 3.666259765625 2.465002586216373 2687.56298828125 0.626953125 719.7729167737459 760
stats: error_abort_max_send_retries 0 3
stats: tr_play_game__answer_to_question 26 740.8988506610577 633.977517149715 2900.339111328125 0.60791015625 656.0524815270278 729
stats: 503 733 8176
stats: tr_index 0 0 0 2938.618896484375 1.14892578125 791.2448717769628 769
stats: 404 6 275
stats: tr_quizzes_page_INDEX 21 583.8421223958334 610.7269062005608 3002.400146484375 0.6240234375 683.1061470411482 221
stats: 500 206 1069
stats: tr_quiz_questions_SHOW 195 435.2377203525641 582.1384729008414 2688.8818359375 0.114990234375 314.3626594196316 989
# stats: dump at 1448596590
stats: users 384 964
stats: {freemem,"tsung_controller@ip-172-30-3-173"} 1 3110.84765625 0.0 3171.015625 3110.84765625 3150.1114908854165 24
stats: {recvpackets,"tsung_controller@ip-172-30-3-173"} 1 5155.0 0.0 6541 62 2365.9565217391305 23
stats: {sentpackets,"tsung_controller@ip-172-30-3-173"} 1 4780.0 0.0 7423 73 2427.478260869565 23
stats: {cpu,"tsung_controller@ip-172-30-3-173"} 1 10.147783251231528 0.0 19.507389162561577 1.185770750988142 6.4487789286986645 24
stats: {load,"tsung_controller@ip-172-30-3-173"} 1 0.12109375 0.0 0.12109375 0.0 0.05078125 24
stats: session 147 51838.18090986395 14171.000100099349 129228.66088867188 9.55078125 30886.95277235243 1368
stats: users_count 0 1899
stats: finish_users_count 147 1515
stats: request 1359 771.625792783354 528.2070541744498 4478.386962890625 0.054931640625 633.8381721739233 17073
stats: connect 76 2.623859606291119 5.472648863705307 107.80908203125 0.4599609375 2.648629591336484 2486
stats: page 1097 951.2509549748603 720.1419228604293 6665.005126953125 0.531005859375 734.100281913951 14726
stats: tr_play_game__ready_page 1 2.015869140625 0.0 3041.77197265625 0.625 706.2795279820758 768
stats: 302 274 1293
stats: tr_play_game__leaderboard 111 923.8260399070946 440.1184748712268 2702.282958984375 0.638916015625 643.6160615687633 474
stats: 200 324 5985
stats: tr_quiz_new_POST 30 852.1170572916667 475.7159144746979 2864.910888671875 0.837890625 491.426118330522 176
stats: size_rcv 1360219 21501309
stats: tr_question_new_POST 204 689.2740945255058 541.7498124781033 2843.486083984375 0.6220703125 410.6057079750419 1192
stats: newphase 0 6
stats: tr_search_all_users 12 612.9285278320313 618.0221026970293 3092.906005859375 0.666015625 670.2075831387691 261
stats: 422 144 487
stats: tr_friend_requests 6 381.4322102864583 528.6276258813733 2633.373046875 0.6640625 556.4176207484461 181
stats: size_sent 915118 10697580
stats: tr_friends 16 734.9928894042969 498.0860478251842 2727.923095703125 0.64306640625 614.5940338134766 160
stats: connected -144 391
stats: tr_browse_quizzes_page_1 0 0 0 3033.739013671875 0.6240234375 892.7168937761759 388
stats: error_connection_closed 5 89
stats: tr_play_game__1st_question 4 865.2039794921875 500.5987793191101 2687.56298828125 0.626953125 715.0924811070262 765
stats: error_abort_max_send_retries 0 3
stats: tr_play_game__answer_to_question 10 886.3121826171875 448.2277671224911 2900.339111328125 0.60791015625 658.9743432455507 755
stats: 503 352 8528
stats: tr_index 0 0 0 2938.618896484375 1.14892578125 791.2448717769628 769
stats: 404 12 287
stats: tr_quizzes_page_INDEX 9 1042.9654676649307 378.16457044014135 3002.400146484375 0.6240234375 674.492326720687 242
stats: 500 182 1251
stats: tr_quiz_questions_SHOW 198 618.9968668619795 545.7415461720128 2688.8818359375 0.114990234375 334.27029192125474 1184
# stats: dump at 1448596600
stats: users 243 964
stats: {freemem,"tsung_controller@ip-172-30-3-173"} 1 3110.8515625 0.0 3171.015625 3110.84765625 3148.5409375 25
stats: {recvpackets,"tsung_controller@ip-172-30-3-173"} 1 4507.0 0.0 6541 62 2482.1666666666665 24
stats: {sentpackets,"tsung_controller@ip-172-30-3-173"} 1 3790.0 0.0 7423 73 2525.4999999999995 24
stats: {cpu,"tsung_controller@ip-172-30-3-173"} 1 7.988165680473373 0.0 19.507389162561577 1.185770750988142 6.596739101599979 25
stats: {load,"tsung_controller@ip-172-30-3-173"} 1 0.1015625 0.0 0.12109375 0.0 0.05359375 25
stats: session 141 57330.171603155475 12691.383636702549 129228.66088867188 9.55078125 32919.8442153981 1515
stats: users_count 0 1899
stats: finish_users_count 141 1656
stats: request 1033 905.2471360153982 166.63967117205885 4478.386962890625 0.054931640625 643.9973180294038 18432
stats: connect 1 0.719970703125 0.0 107.80908203125 0.4599609375 2.6478948064561374 2562
stats: page 814 1149.154426443488 462.5036541154776 6665.005126953125 0.531005859375 749.1552201903725 15823
stats: tr_play_game__ready_page 0 0 0 3041.77197265625 0.625 705.3637104803314 769
stats: 302 350 1643
stats: tr_play_game__leaderboard 81 890.3147454909337 234.8699024036787 2702.282958984375 0.638916015625 696.7841087406518 585
stats: 200 328 6313
stats: tr_quiz_new_POST 17 910.5782686121323 137.26439814113473 2864.910888671875 0.837890625 543.9539249753489 206
stats: size_rcv 1307709 22809018
stats: tr_question_new_POST 186 910.7821359942036 116.58911076657728 2843.486083984375 0.6220703125 451.3280223420151 1396
stats: newphase 0 6
stats: tr_search_all_users 13 1041.8208571213943 207.19254638972026 3092.906005859375 0.666015625 667.6898224659456 273
stats: 422 174 661
stats: tr_friend_requests 1 1063.68896484375 0.0 2633.373046875 0.6640625 550.8031155999331 187
stats: size_sent 715717 11413297
stats: tr_friends 5 1008.5328125 48.62814248494528 2727.923095703125 0.64306640625 625.539384321733 176
stats: connected -145 246
stats: tr_browse_quizzes_page_1 0 0 0 3033.739013671875 0.6240234375 892.7168937761759 388
stats: error_connection_closed 0 89
stats: tr_play_game__1st_question 0 0 0 2687.56298828125 0.626953125 715.8732951428398 769
stats: error_abort_max_send_retries 0 3
stats: tr_play_game__answer_to_question 4 855.998291015625 74.45010907388213 2900.339111328125 0.60791015625 661.946079707925 765
stats: 503 17 8545
stats: tr_index 0 0 0 2938.618896484375 1.14892578125 791.2448717769628 769
stats: 404 32 319
stats: tr_quizzes_page_INDEX 2 987.053466796875 64.26953125 3002.400146484375 0.6240234375 687.7045110573332 251
stats: 500 132 1383
stats: tr_quiz_questions_SHOW 180 910.7959431966145 112.02940804586149 2688.8818359375 0.114990234375 375.0632454945279 1382
# stats: dump at 1448596610
stats: users 117 964
stats: {freemem,"tsung_controller@ip-172-30-3-173"} 1 3110.86328125 0.0 3171.015625 3110.84765625 3147.091346153846 26
stats: {recvpackets,"tsung_controller@ip-172-30-3-173"} 1 4434.0 0.0 6541 62 2563.16 25
stats: {sentpackets,"tsung_controller@ip-172-30-3-173"} 1 3344.0 0.0 7423 73 2576.0799999999995 25
stats: {cpu,"tsung_controller@ip-172-30-3-173"} 1 6.496062992125983 0.0 19.507389162561577 1.185770750988142 6.650255508479725 26
stats: {load,"tsung_controller@ip-172-30-3-173"} 1 0.08984375 0.0 0.12109375 0.0 0.05543870192307692 26
stats: session 126 69060.44860258563 14158.689291464258 132998.89282226563 9.55078125 34998.2597719644 1656
stats: users_count 0 1899
stats: finish_users_count 126 1782
stats: request 1042 513.3404081787577 181.4914297213793 4478.386962890625 0.054931640625 657.8617445374712 19465
stats: connect 1 0.633056640625 0.0 107.80908203125 0.4599609375 2.6471425926038816 2563
stats: page 769 715.5736196689085 350.6242332736168 6665.005126953125 0.531005859375 768.7260174428842 16637
stats: tr_play_game__ready_page 0 0 0 3041.77197265625 0.625 705.3637104803314 769
stats: 302 444 2087
stats: tr_play_game__leaderboard 56 603.6499677385602 168.0794830816718 2702.282958984375 0.638916015625 720.3216186156861 666
stats: 200 264 6577
stats: tr_quiz_new_POST 14 524.2473667689732 206.60898867191682 2864.910888671875 0.837890625 571.9028659700812 223
stats: size_rcv 1185259 23994277
stats: tr_question_new_POST 252 486.5543513222343 171.7600445414961 2843.486083984375 0.6220703125 505.3472796993521 1582
stats: newphase 0 6
stats: tr_search_all_users 4 618.0462646484375 31.256156438221417 3092.906005859375 0.666015625 684.6957785866477 286
stats: 422 226 887
stats: tr_friend_requests 0 0 0 2633.373046875 0.6640625 553.531231819315 188
stats: size_sent 771363 12184660
stats: tr_friends 3 507.0347493489583 59.25067728272955 2727.923095703125 0.64306640625 636.1193132769337 181
stats: connected -124 122
stats: tr_browse_quizzes_page_1 0 0 0 3033.739013671875 0.6240234375 892.7168937761759 388
stats: error_connection_closed 0 89
stats: tr_play_game__1st_question 0 0 0 2687.56298828125 0.626953125 715.8732951428398 769
stats: error_abort_max_send_retries 0 3
stats: tr_play_game__answer_to_question 0 0 0 2900.339111328125 0.60791015625 662.9554540190185 769
stats: 503 0 8545
stats: tr_index 0 0 0 2938.618896484375 1.14892578125 791.2448717769628 769
stats: 404 41 360
stats: tr_quizzes_page_INDEX 1 671.742919921875 0.0 3002.400146484375 0.6240234375 690.0709059643651 253
stats: 500 67 1450
stats: tr_quiz_questions_SHOW 264 494.19402243874265 176.981410431964 2688.8818359375 0.114990234375 436.7994078417594 1562
# stats: dump at 1448596620
stats: users 40 964
stats: {freemem,"tsung_controller@ip-172-30-3-173"} 1 3111.44921875 0.0 3171.015625 3110.84765625 3145.749565972222 27
stats: {recvpackets,"tsung_controller@ip-172-30-3-173"} 1 3742.0 0.0 6541 62 2635.1153846153848 26
stats: {sentpackets,"tsung_controller@ip-172-30-3-173"} 1 2681.0 0.0 7423 73 2605.615384615384 26
stats: {cpu,"tsung_controller@ip-172-30-3-173"} 1 4.856293359762141 0.0 19.507389162561577 1.185770750988142 6.644544674540697 27
stats: {load,"tsung_controller@ip-172-30-3-173"} 1 0.0703125 0.0 0.12109375 0.0 0.056712962962962965 27
stats: session 77 71510.79767717632 10615.002399165469 132998.89282226563 9.55078125 37406.697366048735 1782
stats: users_count 0 1899
stats: finish_users_count 77 1859
stats: request 498 72.54783685523341 95.68316381328289 4478.386962890625 0.054931640625 650.5183382622589 20507
stats: connect 3 2.914794921875 3.281975517595804 107.80908203125 0.4599609375 2.646357067661612 2564
stats: page 376 101.40509098134142 141.42684205002595 6665.005126953125 0.531005859375 766.3777355924769 17406
stats: tr_play_game__ready_page 0 0 0 3041.77197265625 0.625 705.3637104803314 769
stats: 302 208 2295
stats: tr_play_game__leaderboard 36 91.39603000217014 100.5611317266537 2702.282958984375 0.638916015625 711.2722938939146 722
stats: 200 143 6720
stats: tr_quiz_new_POST 7 16.600551060267858 17.349560852580986 2864.910888671875 0.837890625 569.0877731902689 237
stats: size_rcv 547539 24541816
stats: tr_question_new_POST 110 77.09147061434659 97.69124719812744 2843.486083984375 0.6220703125 502.76504526585495 1834
stats: newphase 0 6
stats: tr_search_all_users 3 6.7392578125 3.0289812610210713 3092.906005859375 0.666015625 683.7764749461207 290
stats: 422 100 987
stats: tr_friend_requests 2 49.6015625 25.03955078125 2633.373046875 0.6640625 553.531231819315 188
stats: size_sent 364575 12549235
stats: tr_friends 5 46.02880859375 45.38838324678905 2727.923095703125 0.64306640625 634.0146736476732 184
stats: connected -84 38
stats: tr_browse_quizzes_page_1 0 0 0 3033.739013671875 0.6240234375 892.7168937761759 388
stats: error_connection_closed 0 89
stats: tr_play_game__1st_question 0 0 0 2687.56298828125 0.626953125 715.8732951428398 769
stats: error_abort_max_send_retries 0 3
stats: tr_play_game__answer_to_question 0 0 0 2900.339111328125 0.60791015625 662.9554540190185 769
stats: 503 0 8545
stats: tr_index 0 0 0 2938.618896484375 1.14892578125 791.2448717769628 769
stats: 404 19 379
stats: tr_quizzes_page_INDEX 0 0 0 3002.400146484375 0.6240234375 689.998748539001 254
stats: 500 27 1477
stats: tr_quiz_questions_SHOW 118 81.03875422073621 99.67260552763783 2688.8818359375 0.114990234375 445.0974244099979 1826
# stats: dump at 1448596630
stats: users 15 964
stats: {freemem,"tsung_controller@ip-172-30-3-173"} 1 3112.01953125 0.0 3171.015625 3110.84765625 3144.5245535714284 28
stats: {recvpackets,"tsung_controller@ip-172-30-3-173"} 1 899.0 0.0 6541 62 2676.1111111111113 27
stats: {sentpackets,"tsung_controller@ip-172-30-3-173"} 1 835.0 0.0 7423 73 2608.407407407407 27
stats: {cpu,"tsung_controller@ip-172-30-3-173"} 1 2.4679170779861797 0.0 19.507389162561577 1.185770750988142 6.580678556155748 28
stats: {load,"tsung_controller@ip-172-30-3-173"} 1 0.05859375 0.0 0.12109375 0.0 0.05719866071428571 28
stats: session 25 84180.19766601562 11841.820924522497 132998.89282226563 9.55078125 38819.29323692384 1859
stats: users_count 0 1899
stats: finish_users_count 25 1884
stats: request 172 8.351789607558135 6.847154617866878 4478.386962890625 0.054931640625 636.8154432515139 21005
stats: connect 1 0.7099609375 0.0 107.80908203125 0.4599609375 2.646670785449941 2567
stats: page 123 11.719351419588413 8.066396596835482 6665.005126953125 0.531005859375 752.3169036065482 17782
stats: tr_play_game__ready_page 0 0 0 3041.77197265625 0.625 705.3637104803314 769
stats: 302 76 2371
stats: tr_play_game__leaderboard 7 10.618687220982142 5.628635723228821 2702.282958984375 0.638916015625 681.832260252618 758
stats: 200 48 6768
stats: tr_quiz_new_POST 5 5.00302734375 0.32900155831753475 2864.910888671875 0.837890625 553.237729932441 244
stats: size_rcv 187772 24729588
stats: tr_question_new_POST 40 6.686193847656251 3.577126780014023 2843.486083984375 0.6220703125 478.6785775643807 1944
stats: newphase 0 6
stats: tr_search_all_users 4 4.8228759765625 0.06656638640040864 3092.906005859375 0.666015625 676.8443532689847 293
stats: 422 37 1024
stats: tr_friend_requests 0 0 0 2633.373046875 0.6640625 548.2267089843749 190
stats: size_sent 139542 12688777
stats: tr_friends 0 0 0 2727.923095703125 0.64306640625 618.4594920324901 189
stats: connected -26 12
stats: tr_browse_quizzes_page_1 0 0 0 3033.739013671875 0.6240234375 892.7168937761759 388
stats: error_connection_closed 0 89
stats: tr_play_game__1st_question 0 0 0 2687.56298828125 0.626953125 715.8732951428398 769
stats: error_abort_max_send_retries 0 3
stats: tr_play_game__answer_to_question 0 0 0 2900.339111328125 0.60791015625 662.9554540190185 769
stats: 503 0 8545
stats: tr_index 0 0 0 2938.618896484375 1.14892578125 791.2448717769628 769
stats: 404 8 387
stats: tr_quizzes_page_INDEX 0 0 0 3002.400146484375 0.6240234375 689.998748539001 254
stats: 500 3 1480
stats: tr_quiz_questions_SHOW 40 9.65975341796875 7.558734450408258 2688.8818359375 0.114990234375 422.99921294789254 1944
# stats: dump at 1448596640
stats: users 7 964
stats: {freemem,"tsung_controller@ip-172-30-3-173"} 1 3120.66015625 0.0 3171.015625 3110.84765625 3143.4036907327586 29
stats: {recvpackets,"tsung_controller@ip-172-30-3-173"} 1 522.0 0.0 6541 62 2612.6428571428573 28
stats: {sentpackets,"tsung_controller@ip-172-30-3-173"} 1 459.0 0.0 7423 73 2545.071428571428 28
stats: {cpu,"tsung_controller@ip-172-30-3-173"} 1 1.8737672583826428 0.0 19.507389162561577 1.185770750988142 6.438859194839557 29
stats: {load,"tsung_controller@ip-172-30-3-173"} 1 0.05078125 0.0 0.12109375 0.0 0.05724676724137931 29
stats: session 8 88695.74325561523 6592.997823207221 132998.89282226563 9.55078125 39421.216066396926 1884
stats: users_count 0 1899
stats: finish_users_count 8 1892
stats: request 63 6.535880921378968 3.953364583913743 4478.386962890625 0.054931640625 631.711049407874 21177
stats: connect 1 0.934814453125 0.0 107.80908203125 0.4599609375 2.6459166149484026 2568
stats: page 44 9.398676091974435 5.099665608034402 6665.005126953125 0.531005859375 747.2293024382155 17905
stats: tr_play_game__ready_page 0 0 0 3041.77197265625 0.625 705.3637104803314 769
stats: 302 37 2408
stats: tr_play_game__leaderboard 2 7.8885498046875 0.0506591796875 2702.282958984375 0.638916015625 675.6904367085376 765
stats: 200 7 6775
stats: tr_quiz_new_POST 2 5.403076171875 0.134033203125 2864.910888671875 0.837890625 542.2290009647966 249
stats: size_rcv 47205 24776793
stats: tr_question_new_POST 16 5.6552886962890625 3.5944717765336445 2843.486083984375 0.6220703125 469.16260208622094 1984
stats: newphase 0 6
stats: tr_search_all_users 1 4.76904296875 0.0 3092.906005859375 0.666015625 667.793558962016 297
stats: 422 18 1042
stats: tr_friend_requests 0 0 0 2633.373046875 0.6640625 548.2267089843749 190
stats: size_sent 52696 12741473
stats: tr_friends 1 5.125 0.0 2727.923095703125 0.64306640625 618.4594920324901 189
stats: connected -8 4
stats: tr_browse_quizzes_page_1 0 0 0 3033.739013671875 0.6240234375 892.7168937761759 388
stats: error_connection_closed 0 89
stats: tr_play_game__1st_question 0 0 0 2687.56298828125 0.626953125 715.8732951428398 769
stats: error_abort_max_send_retries 0 3
stats: tr_play_game__answer_to_question 0 0 0 2900.339111328125 0.60791015625 662.9554540190185 769
stats: 503 0 8545
stats: tr_index 0 0 0 2938.618896484375 1.14892578125 791.2448717769628 769
stats: 404 0 387
stats: tr_quizzes_page_INDEX 0 0 0 3002.400146484375 0.6240234375 689.998748539001 254
stats: 500 1 1481
stats: tr_quiz_questions_SHOW 16 7.660308837890625 4.439180428600289 2688.8818359375 0.114990234375 414.6657561025312 1984
# stats: dump at 1448596650
stats: users 5 964
stats: {freemem,"tsung_controller@ip-172-30-3-173"} 1 3120.80078125 0.0 3171.015625 3110.84765625 3142.645572916667 30
stats: {recvpackets,"tsung_controller@ip-172-30-3-173"} 1 102.0 0.0 6541 62 2540.551724137931 29
stats: {sentpackets,"tsung_controller@ip-172-30-3-173"} 1 92.0 0.0 7423 73 2473.1379310344823 29
stats: {cpu,"tsung_controller@ip-172-30-3-173"} 1 1.1846001974333662 0.0 19.507389162561577 1.1846001974333662 6.2866894636243265 30
stats: {load,"tsung_controller@ip-172-30-3-173"} 1 0.05078125 0.0 0.12109375 0.0 0.05703125 30
stats: session 2 124347.396484375 910.655517578125 132998.89282226563 9.55078125 39629.565018571215 1892
stats: users_count 0 1899
stats: finish_users_count 2 1894
stats: request 10 6.16337890625 2.481955094170227 4478.386962890625 0.054931640625 629.8567162810074 21240
stats: connect 0 0 0 107.80908203125 0.4599609375 2.645250557275447 2569
stats: page 10 6.16337890625 2.481955094170227 6665.005126953125 0.531005859375 745.4205917825113 17949
stats: tr_play_game__ready_page 0 0 0 3041.77197265625 0.625 705.3637104803314 769
stats: 302 0 2408
stats: tr_play_game__leaderboard 1 7.75 0.0 2702.282958984375 0.638916015625 673.9491019317348 767
stats: 200 5 6780
stats: tr_quiz_new_POST 0 0 0 2864.910888671875 0.837890625 537.951503556088 251
stats: size_rcv 15932 24792725
stats: tr_question_new_POST 0 0 0 2843.486083984375 0.6220703125 465.4545435791015 2000
stats: newphase 0 6
stats: tr_search_all_users 0 0 0 3092.906005859375 0.666015625 665.5686444788172 298
stats: 422 0 1042
stats: tr_friend_requests 0 0 0 2633.373046875 0.6640625 548.2267089843749 190
stats: size_sent 4205 12745678
stats: tr_friends 0 0 0 2727.923095703125 0.64306640625 615.2314157586349 190
stats: connected -2 2
stats: tr_browse_quizzes_page_1 0 0 0 3033.739013671875 0.6240234375 892.7168937761759 388
stats: error_connection_closed 0 89
stats: tr_play_game__1st_question 0 0 0 2687.56298828125 0.626953125 715.8732951428398 769
stats: error_abort_max_send_retries 0 3
stats: tr_play_game__answer_to_question 0 0 0 2900.339111328125 0.60791015625 662.9554540190185 769
stats: 503 0 8545
stats: tr_index 0 0 0 2938.618896484375 1.14892578125 791.2448717769628 769
stats: 404 0 387
stats: tr_quizzes_page_INDEX 0 0 0 3002.400146484375 0.6240234375 689.998748539001 254
stats: 500 5 1486
stats: tr_quiz_questions_SHOW 0 0 0 2688.8818359375 0.114990234375 411.4097125244141 2000
# stats: dump at 1448596660
stats: users 3 964
stats: {freemem,"tsung_controller@ip-172-30-3-173"} 1 3120.8515625 0.0 3171.015625 3110.84765625 3141.940902217742 31
stats: {recvpackets,"tsung_controller@ip-172-30-3-173"} 1 33.0 0.0 6541 33 2459.266666666667 30
stats: {sentpackets,"tsung_controller@ip-172-30-3-173"} 1 43.0 0.0 7423 43 2393.766666666666 30
stats: {cpu,"tsung_controller@ip-172-30-3-173"} 1 0.9871668311944718 0.0 19.507389162561577 0.9871668311944718 6.122105938908488 31
stats: {load,"tsung_controller@ip-172-30-3-173"} 1 0.0390625 0.0 0.12109375 0.0 0.056829637096774195 31
stats: session 2 111086.32946777344 2529.6475830078125 132998.89282226563 9.55078125 39719.02418590575 1894
stats: users_count 0 1899
stats: finish_users_count 2 1896
stats: request 2 11.4449462890625 4.4749755859375 4478.386962890625 0.054931640625 629.5632135340076 21250
stats: connect 0 0 0 107.80908203125 0.4599609375 2.645250557275447 2569
stats: page 2 11.4449462890625 4.4749755859375 6665.005126953125 0.531005859375 745.0089557154273 17959
stats: tr_play_game__ready_page 0 0 0 3041.77197265625 0.625 705.3637104803314 769
stats: 302 0 2408
stats: tr_play_game__leaderboard 1 16.003173828125 0.0 2702.282958984375 0.638916015625 673.0816551844279 768
stats: 200 2 6782
stats: tr_quiz_new_POST 0 0 0 2864.910888671875 0.837890625 537.951503556088 251
stats: size_rcv 3321 24796046
stats: tr_question_new_POST 0 0 0 2843.486083984375 0.6220703125 465.4545435791015 2000
stats: newphase 0 6
stats: tr_search_all_users 0 0 0 3092.906005859375 0.666015625 665.5686444788172 298
stats: 422 0 1042
stats: tr_friend_requests 0 0 0 2633.373046875 0.6640625 548.2267089843749 190
stats: size_sent 1717 12747395
stats: tr_friends 0 0 0 2727.923095703125 0.64306640625 615.2314157586349 190
stats: connected -1 1
stats: tr_browse_quizzes_page_1 0 0 0 3033.739013671875 0.6240234375 892.7168937761759 388
stats: error_connection_closed 0 89
stats: tr_play_game__1st_question 0 0 0 2687.56298828125 0.626953125 715.8732951428398 769
stats: error_abort_max_send_retries 0 3
stats: tr_play_game__answer_to_question 0 0 0 2900.339111328125 0.60791015625 662.9554540190185 769
stats: 503 0 8545
stats: tr_index 0 0 0 2938.618896484375 1.14892578125 791.2448717769628 769
stats: 404 0 387
stats: tr_quizzes_page_INDEX 0 0 0 3002.400146484375 0.6240234375 689.998748539001 254
stats: 500 0 1486
stats: tr_quiz_questions_SHOW 0 0 0 2688.8818359375 0.114990234375 411.4097125244141 2000
# stats: dump at 1448596670
stats: users 3 964
stats: {freemem,"tsung_controller@ip-172-30-3-173"} 1 3121.1875 0.0 3171.015625 3110.84765625 3141.2818603515625 32
stats: {recvpackets,"tsung_controller@ip-172-30-3-173"} 1 9.0 0.0 6541 9 2381.0 31
stats: {sentpackets,"tsung_controller@ip-172-30-3-173"} 1 10.0 0.0 7423 10 2317.9354838709673 31
stats: {cpu,"tsung_controller@ip-172-30-3-173"} 1 0.9861932938856016 0.0 19.507389162561577 0.9861932938856016 5.961639091792426 32
stats: {load,"tsung_controller@ip-172-30-3-173"} 1 0.03125 0.0 0.12109375 0.0 0.0562744140625 32
stats: session 0 0 0 132998.89282226563 9.55078125 39794.30615350265 1896
stats: users_count 0 1899
stats: finish_users_count 0 1896
stats: request 1 6.633056640625 0.0 4478.386962890625 0.054931640625 629.5050431719479 21252
stats: connect 0 0 0 107.80908203125 0.4599609375 2.645250557275447 2569
stats: page 1 6.633056640625 0.0 6665.005126953125 0.531005859375 744.9272716210644 17961
stats: tr_play_game__ready_page 0 0 0 3041.77197265625 0.625 705.3637104803314 769
stats: 302 0 2408
stats: tr_play_game__leaderboard 0 0 0 2702.282958984375 0.638916015625 672.2271968211558 769
stats: 200 1 6783
stats: tr_quiz_new_POST 0 0 0 2864.910888671875 0.837890625 537.951503556088 251
stats: size_rcv 1635 24797681
stats: tr_question_new_POST 0 0 0 2843.486083984375 0.6220703125 465.4545435791015 2000
stats: newphase 0 6
stats: tr_search_all_users 0 0 0 3092.906005859375 0.666015625 665.5686444788172 298
stats: 422 0 1042
stats: tr_friend_requests 0 0 0 2633.373046875 0.6640625 548.2267089843749 190
stats: size_sent 676 12748071
stats: tr_friends 0 0 0 2727.923095703125 0.64306640625 615.2314157586349 190
stats: connected -1 0
stats: tr_browse_quizzes_page_1 0 0 0 3033.739013671875 0.6240234375 892.7168937761759 388
stats: error_connection_closed 0 89
stats: tr_play_game__1st_question 0 0 0 2687.56298828125 0.626953125 715.8732951428398 769
stats: error_abort_max_send_retries 0 3
stats: tr_play_game__answer_to_question 0 0 0 2900.339111328125 0.60791015625 662.9554540190185 769
stats: 503 0 8545
stats: tr_index 0 0 0 2938.618896484375 1.14892578125 791.2448717769628 769
stats: 404 0 387
stats: tr_quizzes_page_INDEX 0 0 0 3002.400146484375 0.6240234375 689.998748539001 254
stats: 500 0 1486
stats: tr_quiz_questions_SHOW 0 0 0 2688.8818359375 0.114990234375 411.4097125244141 2000
# stats: dump at 1448596680
stats: users 3 964
stats: {freemem,"tsung_controller@ip-172-30-3-173"} 1 3121.33984375 0.0 3171.015625 3110.84765625 3140.672940340909 33
stats: {recvpackets,"tsung_controller@ip-172-30-3-173"} 1 4.0 0.0 6541 4 2306.875 32
stats: {sentpackets,"tsung_controller@ip-172-30-3-173"} 1 3.0 0.0 7423 3 2245.8124999999995 32
stats: {cpu,"tsung_controller@ip-172-30-3-173"} 1 0.8893280632411068 0.0 19.507389162561577 0.8893280632411068 5.810868007007371 33
stats: {load,"tsung_controller@ip-172-30-3-173"} 1 0.03125 0.0 0.12109375 0.0 0.05551609848484849 33
stats: session 0 0 0 132998.89282226563 9.55078125 39794.30615350265 1896
stats: users_count 0 1899
stats: finish_users_count 0 1896
stats: request 0 0 0 4478.386962890625 0.054931640625 629.4757356865797 21253
stats: connect 0 0 0 107.80908203125 0.4599609375 2.645250557275447 2569
stats: page 0 0 0 6665.005126953125 0.531005859375 744.8861685025374 17962
stats: tr_play_game__ready_page 0 0 0 3041.77197265625 0.625 705.3637104803314 769
stats: 302 0 2408
stats: tr_play_game__leaderboard 0 0 0 2702.282958984375 0.638916015625 672.2271968211558 769
stats: 200 0 6783
stats: tr_quiz_new_POST 0 0 0 2864.910888671875 0.837890625 537.951503556088 251
stats: size_rcv 0 24797681
stats: tr_question_new_POST 0 0 0 2843.486083984375 0.6220703125 465.4545435791015 2000
stats: newphase 0 6
stats: tr_search_all_users 0 0 0 3092.906005859375 0.666015625 665.5686444788172 298
stats: 422 0 1042
stats: tr_friend_requests 0 0 0 2633.373046875 0.6640625 548.2267089843749 190
stats: size_sent 0 12748071
stats: tr_friends 0 0 0 2727.923095703125 0.64306640625 615.2314157586349 190
stats: connected 0 0
stats: tr_browse_quizzes_page_1 0 0 0 3033.739013671875 0.6240234375 892.7168937761759 388
stats: error_connection_closed 0 89
stats: tr_play_game__1st_question 0 0 0 2687.56298828125 0.626953125 715.8732951428398 769
stats: error_abort_max_send_retries 0 3
stats: tr_play_game__answer_to_question 0 0 0 2900.339111328125 0.60791015625 662.9554540190185 769
stats: 503 0 8545
stats: tr_index 0 0 0 2938.618896484375 1.14892578125 791.2448717769628 769
stats: 404 0 387
stats: tr_quizzes_page_INDEX 0 0 0 3002.400146484375 0.6240234375 689.998748539001 254
stats: 500 0 1486
stats: tr_quiz_questions_SHOW 0 0 0 2688.8818359375 0.114990234375 411.4097125244141 2000
# stats: dump at 1448596690
stats: users 3 964
stats: {freemem,"tsung_controller@ip-172-30-3-173"} 1 3121.359375 0.0 3171.015625 3110.84765625 3140.104319852941 34
stats: {recvpackets,"tsung_controller@ip-172-30-3-173"} 1 2.0 0.0 6541 2 2237.090909090909 33
stats: {sentpackets,"tsung_controller@ip-172-30-3-173"} 1 1.0 0.0 7423 1 2177.8484848484845 33
stats: {cpu,"tsung_controller@ip-172-30-3-173"} 1 0.9861932938856016 0.0 19.507389162561577 0.8893280632411068 5.666116832190716 34
stats: {load,"tsung_controller@ip-172-30-3-173"} 1 0.01953125 0.0 0.12109375 0.0 0.05480238970588235 34
stats: session 0 0 0 132998.89282226563 9.55078125 39794.30615350265 1896
stats: users_count 0 1899
stats: finish_users_count 0 1896
stats: request 0 0 0 4478.386962890625 0.054931640625 629.4757356865797 21253
stats: connect 0 0 0 107.80908203125 0.4599609375 2.645250557275447 2569
stats: page 0 0 0 6665.005126953125 0.531005859375 744.8861685025374 17962
stats: tr_play_game__ready_page 0 0 0 3041.77197265625 0.625 705.3637104803314 769
stats: 302 0 2408
stats: tr_play_game__leaderboard 0 0 0 2702.282958984375 0.638916015625 672.2271968211558 769
stats: 200 0 6783
stats: tr_quiz_new_POST 0 0 0 2864.910888671875 0.837890625 537.951503556088 251
stats: size_rcv 0 24797681
stats: tr_question_new_POST 0 0 0 2843.486083984375 0.6220703125 465.4545435791015 2000
stats: newphase 0 6
stats: tr_search_all_users 0 0 0 3092.906005859375 0.666015625 665.5686444788172 298
stats: 422 0 1042
stats: tr_friend_requests 0 0 0 2633.373046875 0.6640625 548.2267089843749 190
stats: size_sent 0 12748071
stats: tr_friends 0 0 0 2727.923095703125 0.64306640625 615.2314157586349 190
stats: connected 0 0
stats: tr_browse_quizzes_page_1 0 0 0 3033.739013671875 0.6240234375 892.7168937761759 388
stats: error_connection_closed 0 89
stats: tr_play_game__1st_question 0 0 0 2687.56298828125 0.626953125 715.8732951428398 769
stats: error_abort_max_send_retries 0 3
stats: tr_play_game__answer_to_question 0 0 0 2900.339111328125 0.60791015625 662.9554540190185 769
stats: 503 0 8545
stats: tr_index 0 0 0 2938.618896484375 1.14892578125 791.2448717769628 769
stats: 404 0 387
stats: tr_quizzes_page_INDEX 0 0 0 3002.400146484375 0.6240234375 689.998748539001 254
stats: 500 0 1486
stats: tr_quiz_questions_SHOW 0 0 0 2688.8818359375 0.114990234375 411.4097125244141 2000
# stats: dump at 1448596700
stats: users 2 964
stats: {freemem,"tsung_controller@ip-172-30-3-173"} 1 3121.4921875 0.0 3171.015625 3110.84765625 3139.56875 35
stats: {recvpackets,"tsung_controller@ip-172-30-3-173"} 1 3.0 0.0 6541 2 2171.3529411764707 34
stats: {sentpackets,"tsung_controller@ip-172-30-3-173"} 1 2.0 0.0 7423 1 2113.8235294117644 34
stats: {cpu,"tsung_controller@ip-172-30-3-173"} 1 0.8893280632411068 0.0 19.507389162561577 0.8893280632411068 5.532404731096284 35
stats: {load,"tsung_controller@ip-172-30-3-173"} 1 0.01953125 0.0 0.12109375 0.0 0.05379464285714286 35
stats: session 1 201010.421875 0.0 201010.421875 9.55078125 39794.30615350265 1896
stats: users_count 0 1899
stats: finish_users_count 1 1897
stats: request 26 6.7110126201923075 4.176451866303197 4478.386962890625 0.054931640625 629.4757356865797 21253
stats: connect 1 0.89404296875 0.0 107.80908203125 0.4599609375 2.645250557275447 2569
stats: page 17 10.314510569852942 6.394547581543714 6665.005126953125 0.531005859375 744.8861685025374 17962
stats: tr_play_game__ready_page 0 0 0 3041.77197265625 0.625 705.3637104803314 769
stats: 302 17 2425
stats: tr_play_game__leaderboard 0 0 0 2702.282958984375 0.638916015625 672.2271968211558 769
stats: 200 0 6783
stats: tr_quiz_new_POST 1 14.293212890625 0.0 2864.910888671875 0.837890625 537.951503556088 251
stats: size_rcv 17032 24814713
stats: tr_question_new_POST 8 7.736633300781251 4.526060796036222 2843.486083984375 0.6220703125 465.4545435791015 2000
stats: newphase 0 6
stats: tr_search_all_users 0 0 0 3092.906005859375 0.666015625 665.5686444788172 298
stats: 422 9 1051
stats: tr_friend_requests 0 0 0 2633.373046875 0.6640625 548.2267089843749 190
stats: size_sent 22057 12770128
stats: tr_friends 0 0 0 2727.923095703125 0.64306640625 615.2314157586349 190
stats: connected 0 0
stats: tr_browse_quizzes_page_1 0 0 0 3033.739013671875 0.6240234375 892.7168937761759 388
stats: error_connection_closed 0 89
stats: tr_play_game__1st_question 0 0 0 2687.56298828125 0.626953125 715.8732951428398 769
stats: error_abort_max_send_retries 0 3
stats: tr_play_game__answer_to_question 0 0 0 2900.339111328125 0.60791015625 662.9554540190185 769
stats: 503 0 8545
stats: tr_index 0 0 0 2938.618896484375 1.14892578125 791.2448717769628 769
stats: 404 0 387
stats: tr_quizzes_page_INDEX 0 0 0 3002.400146484375 0.6240234375 689.998748539001 254
stats: 500 0 1486
stats: tr_quiz_questions_SHOW 8 8.40545654296875 3.913167869808738 2688.8818359375 0.114990234375 411.4097125244141 2000
# stats: dump at 1448596708
stats: users 0 964
stats: {freemem,"tsung_controller@ip-172-30-3-173"} 1 3121.56640625 0.0 3171.015625 3110.84765625 3139.0666232638887 36
stats: {recvpackets,"tsung_controller@ip-172-30-3-173"} 1 196.0 0.0 6541 2 2109.4 35
stats: {sentpackets,"tsung_controller@ip-172-30-3-173"} 1 224.0 0.0 7423 1 2053.485714285714 35
stats: {cpu,"tsung_controller@ip-172-30-3-173"} 1 1.282051282051282 0.0 19.507389162561577 0.8893280632411068 5.403430379211418 36
stats: {load,"tsung_controller@ip-172-30-3-173"} 1 0.01953125 0.0 0.12109375 0.0 0.05284288194444445 36
stats: session 2 164422.5419921875 686.527099609375 201010.421875 9.55078125 39879.290927209295 1897
stats: users_count 0 1899
stats: finish_users_count 2 1899
stats: request 52 6.612694373497596 4.441272079916621 4478.386962890625 0.054931640625 628.7148031803658 21279
stats: connect 2 0.9954833984375 0.1114501953125 107.80908203125 0.4599609375 2.644569153544503 2570
stats: page 34 10.165204216452207 6.161986989027743 6665.005126953125 0.531005859375 744.1915960466247 17979
stats: tr_play_game__ready_page 0 0 0 3041.77197265625 0.625 705.3637104803314 769
stats: 302 34 2459
stats: tr_play_game__leaderboard 0 0 0 2702.282958984375 0.638916015625 672.2271968211558 769
stats: 200 0 6783
stats: tr_quiz_new_POST 2 16.5521240234375 1.6949462890625 2864.910888671875 0.837890625 535.8734944661458 252
stats: size_rcv 34053 24848766
stats: tr_question_new_POST 16 4.54925537109375 1.9918980023465644 2843.486083984375 0.6220703125 463.63096624731537 2008
stats: newphase 0 6
stats: tr_search_all_users 0 0 0 3092.906005859375 0.666015625 665.5686444788172 298
stats: 422 18 1069
stats: tr_friend_requests 0 0 0 2633.373046875 0.6640625 548.2267089843749 190
stats: size_sent 42106 12812234
stats: tr_friends 0 0 0 2727.923095703125 0.64306640625 615.2314157586349 190
stats: connected 0 0
stats: tr_browse_quizzes_page_1 0 0 0 3033.739013671875 0.6240234375 892.7168937761759 388
stats: error_connection_closed 0 89
stats: tr_play_game__1st_question 0 0 0 2687.56298828125 0.626953125 715.8732951428398 769
stats: error_abort_max_send_retries 0 3
stats: tr_play_game__answer_to_question 0 0 0 2900.339111328125 0.60791015625 662.9554540190185 769
stats: 503 0 8545
stats: tr_index 0 0 0 2938.618896484375 1.14892578125 791.2448717769628 769
stats: 404 0 387
stats: tr_quizzes_page_INDEX 0 0 0 3002.400146484375 0.6240234375 689.998748539001 254
stats: 500 0 1486
stats: tr_quiz_questions_SHOW 16 9.145355224609377 4.581135582499344 2688.8818359375 0.114990234375 409.8041178790697 2008
EndMonitor:{1448,596708,537816}
