# stats: dump at 1449462475
stats: users 10 10
stats: {cpu,"tsung_controller@ip-172-30-3-127"} 1 7.070934829022189 0 7.070934829022189 7.070934829022189 0 0
stats: {load,"tsung_controller@ip-172-30-3-127"} 1 0.01953125 0 0.01953125 0.01953125 0 0
stats: {freemem,"tsung_controller@ip-172-30-3-127"} 1 3163.8671875 0 3163.8671875 3163.8671875 0 0
stats: users_count 10 10
stats: finish_users_count 0 0
stats: request 15 47.453271484375 92.44933581288153 371.7099609375 5.9189453125 0 0
stats: connect 10 12.2300048828125 32.06229932053916 108.322021484375 0.681884765625 0 0
stats: page 15 47.453271484375 92.44933581288153 371.7099609375 5.9189453125 0 0
stats: tr_browse_quizzes_page_1 2 67.8814697265625 9.4974365234375 77.37890625 58.384033203125 0 0
stats: 200 15 15
stats: tr_index 3 8.366292317708334 1.8339699160170992 10.885986328125 6.573974609375 0 0
stats: size_rcv 43544 43544
stats: size_sent 4483 4483
stats: connected 10 10
# stats: dump at 1449462485
stats: users 19 19
stats: {recvpackets,"tsung_controller@ip-172-30-3-127"} 1 100 0 100 100 0 0
stats: {sentpackets,"tsung_controller@ip-172-30-3-127"} 1 90 0 90 90 0 0
stats: {cpu,"tsung_controller@ip-172-30-3-127"} 1 2.541544477028348 0.0 7.070934829022189 2.541544477028348 7.070934829022189 1
stats: {load,"tsung_controller@ip-172-30-3-127"} 1 0.01953125 0.0 0.01953125 0.01953125 0.01953125 1
stats: {freemem,"tsung_controller@ip-172-30-3-127"} 1 3163.96875 0.0 3163.96875 3163.8671875 3163.8671875 1
stats: users_count 9 19
stats: finish_users_count 0 0
stats: request 45 30.664078776041666 30.623709200101928 371.7099609375 5.7109375 47.453271484375 15
stats: connect 8 2.07763671875 1.7687160517329379 108.322021484375 0.6572265625 12.2300048828125 10
stats: page 40 34.50489501953125 32.879569588206266 371.7099609375 5.9189453125 47.453271484375 15
stats: tr_play_game__ready_page 7 25.248709542410715 30.79358446345946 99.009033203125 8.406005859375 0 0
stats: 302 5 5
stats: tr_browse_quizzes_page_1 7 65.92630440848214 13.52876448728393 87.5 53.51708984375 67.8814697265625 2
stats: 200 40 55
stats: tr_play_game__1st_question 2 23.6309814453125 12.6348876953125 36.265869140625 10.99609375 0 0
stats: size_rcv 141202 184746
stats: tr_index 7 11.113037109375 1.3410667039839879 13.826171875 6.573974609375 8.366292317708334 3
stats: size_sent 29711 34194
stats: tr_quizzes_page_INDEX 3 14.005777994791666 3.3590298990425156 17.208984375 9.3662109375 0 0
stats: connected 8 18
# stats: dump at 1449462495
stats: users 28 29
stats: {recvpackets,"tsung_controller@ip-172-30-3-127"} 1 296.0 0.0 296 100 100.0 1
stats: {sentpackets,"tsung_controller@ip-172-30-3-127"} 1 256.0 0.0 256 90 90.0 1
stats: {cpu,"tsung_controller@ip-172-30-3-127"} 1 1.279527559055118 0.0 7.070934829022189 1.279527559055118 4.806239653025268 2
stats: {load,"tsung_controller@ip-172-30-3-127"} 1 0.01171875 0.0 0.01953125 0.01171875 0.01953125 2
stats: {freemem,"tsung_controller@ip-172-30-3-127"} 1 3159.125 0.0 3163.96875 3159.125 3163.91796875 2
stats: session 2 18242.352905273438 755.6458740234375 18997.998779296875 17486.70703125 0 0
stats: users_count 11 30
stats: finish_users_count 2 2
stats: request 119 21.78013598017332 46.35442346340652 417.69091796875 4.466064453125 34.861376953125 60
stats: connect 12 2.4797159830729165 2.8984171505208263 108.322021484375 0.591064453125 7.717841254340278 18
stats: page 98 26.47792520328444 50.37893115354887 417.69091796875 5.9189453125 38.03627041903409 55
stats: tr_play_game__ready_page 8 10.587615966796875 2.4472502792056883 99.009033203125 7.568115234375 25.248709542410715 7
stats: 302 3 8
stats: tr_question_new_POST 16 5.6109466552734375 1.30093735101544 8.77099609375 4.5478515625 0 0
stats: 200 100 155
stats: tr_quiz_new_POST 2 12.674560546875 0.533447265625 13.2080078125 12.14111328125 0 0
stats: size_rcv 321031 505777
stats: tr_friend_requests 1 29.010009765625 0 29.010009765625 29.010009765625 0 0
stats: size_sent 149308 183502
stats: tr_browse_quizzes_page_1 8 108.99240112304688 117.30221015363459 417.774169921875 53.51708984375 66.36078559027777 9
stats: connected 10 28
stats: tr_play_game__1st_question 12 34.23254394531251 68.00443662769342 258.388916015625 9.26513671875 23.6309814453125 2
stats: 404 16 16
stats: tr_play_game__answer_to_question 6 14.057210286458334 4.18114875768455 20.843994140625 10.3740234375 0 0
stats: tr_index 7 12.241873604910714 4.427304188202259 20.64501953125 5.998046875 10.289013671875 10
stats: tr_quizzes_page_INDEX 1 9.772216796875 0.0 17.208984375 9.3662109375 14.005777994791666 3
stats: tr_quiz_questions_SHOW 16 10.407196044921875 2.37001645640773 15.2138671875 8.748046875 0 0
# stats: dump at 1449462505
stats: users 36 36
stats: {recvpackets,"tsung_controller@ip-172-30-3-127"} 1 656.0 0.0 656 100 198.0 2
stats: {sentpackets,"tsung_controller@ip-172-30-3-127"} 1 596.0 0.0 596 90 173.0 2
stats: {cpu,"tsung_controller@ip-172-30-3-127"} 1 2.24609375 0.0 7.070934829022189 1.279527559055118 3.6306689550352185 3
stats: {load,"tsung_controller@ip-172-30-3-127"} 1 0.01171875 0.0 0.01953125 0.01171875 0.016927083333333332 3
stats: {freemem,"tsung_controller@ip-172-30-3-127"} 1 3155.640625 0.0 3163.96875 3155.640625 3162.3203125 3
stats: session 4 27020.810485839844 2808.4661696084604 31792.66796875 17486.70703125 18242.352905273438 2
stats: users_count 12 42
stats: finish_users_count 4 6
stats: request 116 19.39928988752694 23.751718443944675 417.69091796875 4.466064453125 26.164909490659916 179
stats: connect 12 1.3565877278645833 1.3963155167163368 108.322021484375 0.591064453125 5.622591145833334 30
stats: page 103 21.863513539138342 25.758113694708804 417.69091796875 5.9189453125 30.632885901756534 153
stats: tr_play_game__ready_page 4 8.74951171875 1.037824868849573 99.009033203125 7.568115234375 17.429459635416666 15
stats: 302 2 10
stats: tr_question_new_POST 8 6.535491943359375 2.7158977080177147 12.64892578125 4.5478515625 5.6109466552734375 16
stats: 200 106 261
stats: tr_quiz_new_POST 1 37.841064453125 0.0 37.841064453125 12.14111328125 12.674560546875 2
stats: size_rcv 297489 803266
stats: tr_play_game__leaderboard 2 9.83837890625 0.656494140625 10.494873046875 9.181884765625 0 0
stats: newphase 1 1
stats: tr_friend_requests 5 14.04716796875 9.32611480395046 32.67919921875 8.67919921875 29.010009765625 1
stats: size_sent 207439 390941
stats: tr_friends 2 51.240966796875 15.257080078125 66.498046875 35.98388671875 0 0
stats: connected 8 36
stats: tr_search_all_users 1 76.243896484375 0 76.243896484375 76.243896484375 0 0
stats: 404 8 24
stats: tr_browse_quizzes_page_1 7 60.105782645089285 5.0494895714099295 417.774169921875 53.314208984375 86.42272231158088 17
stats: tr_play_game__1st_question 4 10.748779296875 2.0517458363854835 258.388916015625 8.888916015625 32.71803501674108 14
stats: tr_play_game__answer_to_question 8 15.675689697265625 8.23571751283691 36.79296875 10.212890625 14.057210286458334 6
stats: tr_index 9 9.252251519097221 3.6018665849685254 20.64501953125 5.998046875 11.093132467830882 17
stats: tr_quizzes_page_INDEX 0 0 0 17.208984375 9.3662109375 12.9473876953125 4
stats: tr_quiz_questions_SHOW 8 11.66424560546875 7.4843982562279185 31.4609375 8.656005859375 10.407196044921875 16
# stats: dump at 1449462515
stats: users 48 48
stats: {recvpackets,"tsung_controller@ip-172-30-3-127"} 1 758.0 0.0 758 100 350.6666666666667 3
stats: {sentpackets,"tsung_controller@ip-172-30-3-127"} 1 663.0 0.0 663 90 314.0 3
stats: {cpu,"tsung_controller@ip-172-30-3-127"} 1 2.24609375 0.0 7.070934829022189 1.279527559055118 3.2845251537764137 4
stats: {load,"tsung_controller@ip-172-30-3-127"} 1 0.01171875 0.0 0.01953125 0.01171875 0.015625 4
stats: {freemem,"tsung_controller@ip-172-30-3-127"} 1 3151.28515625 0.0 3163.96875 3151.28515625 3160.650390625 4
stats: session 5 28510.13037109375 6713.187179305292 39406.947021484375 17486.70703125 24094.657958984375 6
stats: users_count 17 59
stats: finish_users_count 5 11
stats: request 119 20.452917788209028 22.425660173616546 417.69091796875 4.466064453125 23.504530256885594 295
stats: connect 17 2.465863396139706 2.296826023947834 108.322021484375 0.56103515625 4.403733026413691 42
stats: page 114 21.35182805646931 23.975736577061284 417.69091796875 5.9189453125 27.10458374023437 256
stats: tr_play_game__ready_page 10 9.1528564453125 0.9507600959048202 99.009033203125 7.568115234375 15.602102179276315 19
stats: 302 4 14
stats: tr_question_new_POST 0 0 0 12.64892578125 4.5478515625 5.91912841796875 24
stats: 200 115 376
stats: tr_quiz_new_POST 0 0 0 37.841064453125 12.14111328125 21.063395182291668 3
stats: size_rcv 294133 1097399
stats: tr_play_game__leaderboard 3 10.893961588541666 1.6702696360666964 13.092041015625 9.0458984375 9.83837890625 2
stats: newphase 0 1
stats: tr_friend_requests 1 9.123046875 0.0 32.67919921875 8.67919921875 16.540974934895832 6
stats: size_sent 221252 612193
stats: tr_friends 1 36.920166015625 0.0 66.498046875 35.98388671875 51.240966796875 2
stats: connected 12 48
stats: tr_search_all_users 2 62.9381103515625 2.4879150390625 76.243896484375 60.4501953125 76.243896484375 1
stats: 404 0 24
stats: tr_browse_quizzes_page_1 8 59.319549560546875 8.201591151601779 417.774169921875 53.157958984375 78.7469482421875 24
stats: tr_play_game__1st_question 10 23.6875244140625 35.08055955003332 258.388916015625 8.888916015625 27.83597819010417 18
stats: tr_play_game__answer_to_question 8 16.29541015625 6.207906669691691 36.79296875 10.212890625 14.9820556640625 14
stats: tr_index 6 8.674031575520834 1.6612662724545597 20.64501953125 5.998046875 10.455904447115385 26
stats: tr_quizzes_page_INDEX 0 0 0 17.208984375 9.3662109375 12.9473876953125 4
stats: tr_quiz_questions_SHOW 0 0 0 31.4609375 8.656005859375 10.826212565104166 24
# stats: dump at 1449462525
stats: users 49 50
stats: {recvpackets,"tsung_controller@ip-172-30-3-127"} 1 722.0 0.0 758 100 452.5 4
stats: {sentpackets,"tsung_controller@ip-172-30-3-127"} 1 622.0 0.0 663 90 401.25 4
stats: {cpu,"tsung_controller@ip-172-30-3-127"} 1 2.810077519379845 0.0 7.070934829022189 1.279527559055118 3.076838873021131 5
stats: {load,"tsung_controller@ip-172-30-3-127"} 1 0.01171875 0.0 0.01953125 0.01171875 0.01484375 5
stats: {freemem,"tsung_controller@ip-172-30-3-127"} 1 3148.390625 0.0 3163.96875 3148.390625 3158.77734375 5
stats: session 9 27522.20716688368 11247.152680397183 46809.741943359375 11412.7021484375 26101.690873579544 11
stats: users_count 10 69
stats: finish_users_count 9 20
stats: request 155 24.810716985887108 50.021346228920294 548.9208984375 4.431884765625 22.62737594825634 414
stats: connect 10 2.1964111328125 1.785949908736567 108.322021484375 0.56103515625 3.845363810911017 59
stats: page 132 29.15444853811553 55.23177381182009 563.601806640625 5.9189453125 25.33211307010135 370
stats: tr_play_game__ready_page 4 9.17803955078125 0.6766244638581108 99.009033203125 7.568115234375 13.378224339978448 29
stats: 302 7 21
stats: tr_question_new_POST 8 5.117706298828125 1.1507115875668241 12.64892578125 4.532958984375 5.91912841796875 24
stats: 200 140 516
stats: tr_quiz_new_POST 1 549.701904296875 0.0 549.701904296875 12.14111328125 21.063395182291668 3
stats: size_rcv 406189 1503588
stats: tr_play_game__leaderboard 6 12.516682942708334 6.470682153022675 26.760009765625 8.364013671875 10.471728515625 5
stats: newphase 0 1
stats: tr_friend_requests 4 10.04803466796875 1.6072797874698572 32.67919921875 8.4111328125 15.481270926339286 7
stats: size_sent 252799 864992
stats: tr_friends 7 46.439627511160715 14.12305831989463 75.7119140625 32.85498046875 46.467366536458336 3
stats: connected 2 50
stats: tr_search_all_users 4 76.45269775390625 12.74562924909724 87.94091796875 55.22900390625 67.37337239583333 3
stats: 404 8 32
stats: tr_browse_quizzes_page_1 3 103.63004557291667 31.345558285701266 417.774169921875 53.157958984375 73.89009857177734 32
stats: tr_play_game__1st_question 5 10.480419921875 1.2415649523880055 258.388916015625 8.888916015625 26.354387555803577 28
stats: tr_play_game__answer_to_question 7 13.906354631696429 4.8156877035978765 36.79296875 10.212890625 15.459639115767045 22
stats: tr_index 5 11.039208984375 3.5582337067718224 20.64501953125 5.998046875 10.121803283691406 32
stats: tr_quizzes_page_INDEX 3 11.690348307291666 2.009031747728435 17.208984375 9.3662109375 12.9473876953125 4
stats: tr_quiz_questions_SHOW 8 9.96685791015625 2.330376060828078 31.4609375 8.656005859375 10.826212565104166 24
# stats: dump at 1449462535
stats: users 59 60
stats: {recvpackets,"tsung_controller@ip-172-30-3-127"} 1 979.0 0.0 979 100 506.4 5
stats: {sentpackets,"tsung_controller@ip-172-30-3-127"} 1 764.0 0.0 764 90 445.4 5
stats: {cpu,"tsung_controller@ip-172-30-3-127"} 1 2.729044834307992 0.0 7.070934829022189 1.279527559055118 3.03237864741425 6
stats: {load,"tsung_controller@ip-172-30-3-127"} 1 0.01171875 0.0 0.01953125 0.01171875 0.014322916666666666 6
stats: {freemem,"tsung_controller@ip-172-30-3-127"} 1 3145.859375 0.0 3163.96875 3145.859375 3157.0462239583335 6
stats: session 13 40696.08090444712 15508.80733633892 61082.10302734375 11412.7021484375 26740.923205566407 20
stats: users_count 23 92
stats: finish_users_count 13 33
stats: request 194 18.714393222454905 21.25566185966562 548.9208984375 4.431884765625 23.222134930387746 569
stats: connect 23 1.3345469599184783 1.3603904843756753 108.322021484375 0.56103515625 3.606385161911232 69
stats: page 169 21.500171909670865 22.895120551469038 563.601806640625 5.9189453125 26.33718932862301 502
stats: tr_play_game__ready_page 8 9.5128173828125 1.3570439807512105 99.009033203125 7.568115234375 12.869111032196969 33
stats: 302 6 27
stats: tr_question_new_POST 16 5.819671630859375 1.7124932063513545 12.64892578125 4.532958984375 5.718772888183594 32
stats: 200 172 688
stats: tr_quiz_new_POST 2 14.7685546875 2.5615234375 549.701904296875 12.14111328125 153.2230224609375 4
stats: size_rcv 573896 2077484
stats: tr_play_game__leaderboard 7 10.695347377232142 2.3731323565106797 26.760009765625 8.364013671875 11.587158203125 11
stats: newphase 1 2
stats: tr_friend_requests 4 9.04547119140625 1.8829495817355806 32.67919921875 7.408935546875 13.505548650568182 11
stats: size_sent 293678 1158670
stats: tr_friends 1 46.944091796875 0.0 75.7119140625 32.85498046875 46.44794921875 10
stats: connected 10 60
stats: tr_search_all_users 4 59.5626220703125 5.329671071893117 87.94091796875 54.149169921875 72.56155831473214 7
stats: 404 16 48
stats: tr_browse_quizzes_page_1 15 62.54482421875 6.602881930045183 417.774169921875 52.574951171875 76.43923688616071 35
stats: tr_play_game__1st_question 5 10.879833984375 1.9110694583923709 258.388916015625 8.888916015625 23.949240944602277 33
stats: tr_play_game__answer_to_question 5 13.318017578125 1.6823635667803118 36.79296875 10.212890625 15.084708378232758 29
stats: tr_index 17 7.434771369485294 1.4733607980915184 20.64501953125 5.998046875 10.245777027027026 37
stats: tr_quizzes_page_INDEX 1 9.239990234375 0.0 17.208984375 9.239990234375 12.408656529017858 7
stats: tr_quiz_questions_SHOW 16 11.00872802734375 2.54377158554746 31.4609375 8.616943359375 10.611373901367188 32
# stats: dump at 1449462545
stats: users 69 69
stats: {recvpackets,"tsung_controller@ip-172-30-3-127"} 1 964.0 0.0 979 100 585.1666666666666 6
stats: {sentpackets,"tsung_controller@ip-172-30-3-127"} 1 787.0 0.0 787 90 498.5 6
stats: {cpu,"tsung_controller@ip-172-30-3-127"} 1 3.1067961165048543 0.0 7.070934829022189 1.279527559055118 2.989045245541927 7
stats: {load,"tsung_controller@ip-172-30-3-127"} 1 0.01171875 0.0 0.01953125 0.01171875 0.013950892857142858 7
stats: {freemem,"tsung_controller@ip-172-30-3-127"} 1 3147.8203125 0.0 3163.96875 3145.859375 3155.4481026785716 7
stats: session 8 36841.06115722656 10240.80108086825 61082.10302734375 11412.7021484375 32238.40957179214 33
stats: users_count 18 110
stats: finish_users_count 8 41
stats: request 207 17.626754981884073 18.940102534477013 548.9208984375 4.431884765625 22.07599876873772 763
stats: connect 17 0.9636517693014706 0.8489818342328094 108.322021484375 0.56103515625 3.0384256114130435 92
stats: page 179 20.403218018942038 20.77648356992925 563.601806640625 5.824951171875 25.118924136666354 671
stats: tr_play_game__ready_page 12 10.943216959635416 3.4586044933759332 99.009033203125 7.568115234375 12.214224466463415 41
stats: 302 6 33
stats: tr_question_new_POST 16 6.35699462890625 3.1946929917516393 15.623779296875 4.532958984375 5.7524058024088545 48
stats: 200 185 873
stats: tr_quiz_new_POST 2 16.551025390625 3.22607421875 549.701904296875 12.14111328125 107.071533203125 6
stats: size_rcv 544044 2621528
stats: tr_play_game__leaderboard 6 11.10888671875 1.8337213112932256 26.760009765625 8.364013671875 11.240342881944445 18
stats: newphase 0 2
stats: tr_friend_requests 5 13.215625 3.7038915827375667 32.67919921875 7.408935546875 12.316194661458333 15
stats: size_sent 328735 1487405
stats: tr_friends 4 37.3477783203125 2.2708817729829005 75.7119140625 32.85498046875 46.49305308948863 11
stats: connected 8 68
stats: tr_search_all_users 2 65.6474609375 2.060546875 87.94091796875 54.149169921875 67.83467240767045 11
stats: 404 16 64
stats: tr_browse_quizzes_page_1 12 64.70949300130208 9.181008114591148 417.774169921875 52.574951171875 72.2709130859375 50
stats: tr_play_game__1st_question 13 10.699331430288462 1.4964679024620737 258.388916015625 8.888916015625 22.229582134046055 38
stats: tr_play_game__answer_to_question 11 13.817005504261363 1.9614458992902808 36.79296875 10.212890625 14.824900907628676 34
stats: tr_index 9 8.731282552083334 2.161968284413516 20.64501953125 5.998046875 9.36083080150463 54
stats: tr_quizzes_page_INDEX 2 10.5164794921875 0.6014404296875 17.208984375 9.239990234375 12.0125732421875 8
stats: tr_quiz_questions_SHOW 16 10.554367065429688 2.180256562001925 31.4609375 8.616943359375 10.743825276692709 48
# stats: dump at 1449462555
stats: users 75 77
stats: {recvpackets,"tsung_controller@ip-172-30-3-127"} 1 1171.0 0.0 1171 100 639.2857142857143 7
stats: {sentpackets,"tsung_controller@ip-172-30-3-127"} 1 886.0 0.0 886 90 539.7142857142857 7
stats: {cpu,"tsung_controller@ip-172-30-3-127"} 1 29.51471758154336 0.0 29.51471758154336 1.279527559055118 3.003764104412293 8
stats: {load,"tsung_controller@ip-172-30-3-127"} 1 0.08984375 0.0 0.08984375 0.01171875 0.013671875 8
stats: {freemem,"tsung_controller@ip-172-30-3-127"} 1 3141.765625 0.0 3163.96875 3141.765625 3154.49462890625 8
stats: session 9 43400.39265950521 22189.978287653925 81522.97998046875 11412.7021484375 33136.487929925686 41
stats: users_count 15 125
stats: finish_users_count 9 50
stats: request 211 18.419707818053926 19.295980884753778 548.9208984375 4.431884765625 21.12652097092462 970
stats: connect 16 1.9794158935546877 2.731653013599153 108.322021484375 0.56103515625 2.714837030533257 109
stats: page 185 21.028400812922303 21.053534712833937 563.601806640625 5.824951171875 24.125851907169118 850
stats: tr_play_game__ready_page 9 10.99392361111111 4.002693852734527 99.009033203125 7.4140625 11.926449181898585 53
stats: 302 8 41
stats: tr_question_new_POST 16 7.879486083984375 3.665072610819974 19.389892578125 4.532958984375 5.903553009033203 64
stats: 200 187 1060
stats: tr_quiz_new_POST 2 15.4979248046875 3.4840087890625 549.701904296875 12.013916015625 84.44140625 8
stats: size_rcv 493202 3114730
stats: tr_play_game__leaderboard 7 12.114013671875 2.0974997471959114 26.760009765625 8.364013671875 11.207478841145834 24
stats: newphase 0 2
stats: tr_friend_requests 4 11.32415771484375 3.5201627411419087 32.67919921875 7.408935546875 12.54105224609375 20
stats: size_sent 368948 1856353
stats: tr_friends 0 0 0 75.7119140625 32.85498046875 44.05431315104167 15
stats: connected 8 76
stats: tr_search_all_users 2 65.907958984375 4.3291015625 87.94091796875 54.149169921875 67.49817833533653 13
stats: 404 16 80
stats: tr_browse_quizzes_page_1 7 74.92292131696429 14.527830375899715 417.774169921875 52.574951171875 70.80741242439517 62
stats: tr_play_game__1st_question 9 14.971869574652779 3.238887948918847 258.388916015625 8.6181640625 19.290498621323533 51
stats: tr_play_game__answer_to_question 9 18.37546115451389 7.356784621544304 36.79296875 10.212890625 14.578526475694444 45
stats: tr_index 7 10.530168805803571 3.2133432228889443 20.64501953125 5.998046875 9.270895337301587 63
stats: tr_quizzes_page_INDEX 3 11.794026692708334 3.076821874875842 17.208984375 9.239990234375 11.7133544921875 10
stats: tr_quiz_questions_SHOW 16 12.567779541015625 2.65842585345279 31.4609375 8.5859375 10.696460723876953 64
# stats: dump at 1449462565
stats: users 88 89
stats: {recvpackets,"tsung_controller@ip-172-30-3-127"} 1 1250.0 0.0 1250 100 705.75 8
stats: {sentpackets,"tsung_controller@ip-172-30-3-127"} 1 919.0 0.0 919 90 583.0 8
stats: {cpu,"tsung_controller@ip-172-30-3-127"} 1 36.39679066374909 0.0 36.39679066374909 1.279527559055118 5.949425601871301 9
stats: {load,"tsung_controller@ip-172-30-3-127"} 1 0.21875 0.0 0.21875 0.01171875 0.022135416666666668 9
stats: {freemem,"tsung_controller@ip-172-30-3-127"} 1 3138.25390625 0.0 3163.96875 3138.25390625 3153.0802951388887 9
stats: session 15 46615.10973307292 9744.242412012401 81522.97998046875 11412.7021484375 34983.99078125 50
stats: users_count 28 153
stats: finish_users_count 15 65
stats: request 202 21.555123810720907 24.80011044991502 548.9208984375 4.431884765625 20.64291591143629 1181
stats: connect 27 1.6423068576388888 1.6054400077961102 108.322021484375 0.5400390625 2.620703125 125
stats: page 189 23.041298518105165 26.372596823265543 563.601806640625 5.81298828125 23.57220122848732 1035
stats: tr_play_game__ready_page 14 10.231410435267858 2.2876801371039712 99.009033203125 7.4140625 11.791082566784274 62
stats: 302 9 50
stats: tr_question_new_POST 0 0 0 19.389892578125 4.532958984375 6.298739624023438 80
stats: 200 193 1253
stats: tr_quiz_new_POST 0 0 0 549.701904296875 12.013916015625 70.6527099609375 10
stats: size_rcv 504895 3619625
stats: tr_play_game__leaderboard 7 15.319580078125 6.657437469972949 26.760009765625 8.364013671875 11.41218025453629 31
stats: newphase 1 3
stats: tr_friend_requests 4 9.031005859375 1.0355257058758875 32.67919921875 7.408935546875 12.338236490885416 24
stats: size_sent 366494 2222847
stats: tr_friends 4 44.2613525390625 7.831695185084117 75.7119140625 32.85498046875 44.05431315104167 15
stats: connected 11 87
stats: tr_search_all_users 4 85.40020751953125 22.222773159787078 111.030029296875 54.149169921875 67.28614908854166 15
stats: 404 0 80
stats: tr_browse_quizzes_page_1 11 76.1595791903409 13.300557967604895 417.774169921875 52.574951171875 71.22492781929348 69
stats: tr_play_game__1st_question 14 14.6143798828125 5.868847836644221 258.388916015625 8.6181640625 18.642704264322916 60
stats: tr_play_game__answer_to_question 9 14.318413628472221 5.631371990732905 36.79296875 10.212890625 15.211348922164351 54
stats: tr_index 12 11.072957356770834 4.617980509003214 23.237060546875 5.85595703125 9.396822684151786 70
stats: tr_quizzes_page_INDEX 2 16.0921630859375 5.6839599609375 21.776123046875 9.239990234375 11.731971153846153 13
stats: tr_quiz_questions_SHOW 0 0 0 31.4609375 8.5859375 11.070724487304688 80
# stats: dump at 1449462575
stats: users 113 113
stats: {recvpackets,"tsung_controller@ip-172-30-3-127"} 1 1319.0 0.0 1319 100 766.2222222222222 9
stats: {sentpackets,"tsung_controller@ip-172-30-3-127"} 1 1117.0 0.0 1117 90 620.3333333333334 9
stats: {cpu,"tsung_controller@ip-172-30-3-127"} 1 3.6573628488931664 0.0 36.39679066374909 1.279527559055118 8.99416210805908 10
stats: {load,"tsung_controller@ip-172-30-3-127"} 1 0.19140625 0.0 0.21875 0.01171875 0.041796875 10
stats: {freemem,"tsung_controller@ip-172-30-3-127"} 1 3140.5703125 0.0 3163.96875 3138.25390625 3151.59765625 10
stats: session 16 36957.34605407715 18600.639978192845 81522.97998046875 6973.427001953125 37668.0951547476 65
stats: users_count 41 194
stats: finish_users_count 16 81
stats: request 316 44.06089377101461 105.5745104148419 1097.739990234375 4.431884765625 20.776152350811195 1383
stats: connect 41 1.6600609756097562 1.6157260239597708 108.322021484375 0.5400390625 2.446909051192434 152
stats: page 275 50.644426491477304 113.41139033136518 1106.375 5.81298828125 23.490223604090072 1224
stats: tr_play_game__ready_page 12 14.782755533854166 5.564088923824711 99.009033203125 7.4140625 11.503774542557565 76
stats: 302 12 62
stats: tr_question_new_POST 16 14.092178344726559 12.429113503673642 52.81396484375 4.532958984375 6.298739624023438 80
stats: 200 288 1541
stats: tr_quiz_new_POST 2 14.45654296875 2.196533203125 549.701904296875 12.013916015625 70.6527099609375 10
stats: size_rcv 933566 4553191
stats: tr_play_game__leaderboard 12 15.645670572916666 8.153662703797277 36.83203125 8.364013671875 12.13196443256579 38
stats: newphase 0 3
stats: tr_friend_requests 9 56.326931423611114 116.93371992229925 385.4560546875 7.408935546875 11.865774972098214 28
stats: size_sent 452788 2675635
stats: tr_friends 11 68.419189453125 45.605337916434 185.445068359375 32.85498046875 44.097900390625 19
stats: connected 25 112
stats: tr_search_all_users 8 99.50802612304688 29.593947680929283 153.1201171875 54.149169921875 71.09963507401316 19
stats: 404 16 96
stats: tr_browse_quizzes_page_1 20 171.7257080078125 210.79607590947396 1043.455078125 52.574951171875 71.9034423828125 80
stats: tr_play_game__1st_question 11 18.31136807528409 9.361410819134726 258.388916015625 8.6181640625 17.88058884079392 74
stats: tr_play_game__answer_to_question 14 21.488734654017858 12.448399341264343 56.741943359375 10.212890625 15.08378673735119 63
stats: tr_index 26 13.470308743990385 8.977517424989573 52.256103515625 5.85595703125 9.642110685022866 82
stats: tr_quizzes_page_INDEX 6 24.701822916666668 11.059418692467617 42.9228515625 9.239990234375 12.313330078125 15
stats: tr_quiz_questions_SHOW 16 20.76141357421875 12.109877974154932 49.5859375 8.5859375 11.070724487304688 80
# stats: dump at 1449462585
stats: users 133 133
stats: {recvpackets,"tsung_controller@ip-172-30-3-127"} 1 1933.0 0.0 1933 100 821.5 10
stats: {sentpackets,"tsung_controller@ip-172-30-3-127"} 1 1603.0 0.0 1603 90 670.0 10
stats: {cpu,"tsung_controller@ip-172-30-3-127"} 1 3.934740882917467 0.0 36.39679066374909 1.279527559055118 8.508998539043997 11
stats: {load,"tsung_controller@ip-172-30-3-127"} 1 0.16015625 0.0 0.21875 0.01171875 0.05539772727272727 11
stats: {freemem,"tsung_controller@ip-172-30-3-127"} 1 3136.69921875 0.0 3163.96875 3136.69921875 3150.5951704545455 11
stats: session 18 43538.355305989586 13318.748795230982 81522.97998046875 6973.427001953125 37527.70027066454 81
stats: users_count 38 232
stats: finish_users_count 18 99
stats: request 383 22.621388886055808 29.899310382754678 1097.739990234375 4.406982421875 25.106922385410535 1699
stats: connect 39 1.1652581630608978 1.220144921694861 108.322021484375 0.5400390625 2.2797547967940415 193
stats: page 331 25.938193329871602 32.36745006300153 1106.375 5.81298828125 28.471815194504675 1499
stats: tr_play_game__ready_page 20 14.71187744140625 10.642804189658825 99.009033203125 7.4140625 11.950908314098012 88
stats: 302 12 74
stats: tr_question_new_POST 32 6.3193206787109375 2.7886644340711224 52.81396484375 4.49609375 7.597646077473958 96
stats: 200 339 1880
stats: tr_quiz_new_POST 4 18.8402099609375 7.902384337859827 549.701904296875 12.013916015625 61.28668212890625 12
stats: size_rcv 1006383 5559574
stats: tr_play_game__leaderboard 8 11.782928466796875 1.8249012792905384 36.83203125 8.364013671875 12.97525390625 50
stats: newphase 0 3
stats: tr_friend_requests 4 19.6903076171875 8.432935915226398 385.4560546875 7.408935546875 22.68065086570946 37
stats: size_sent 583190 3258825
stats: tr_friends 4 46.4840087890625 8.632441072543193 185.445068359375 32.85498046875 53.015706380208336 30
stats: connected 21 133
stats: tr_search_all_users 4 83.56585693359375 2.810026996212846 153.1201171875 54.149169921875 79.51693612557871 27
stats: 404 32 128
stats: tr_browse_quizzes_page_1 21 81.919189453125 33.233967518281766 1043.455078125 52.574951171875 91.8678955078125 100
stats: tr_play_game__1st_question 19 14.53258634868421 6.684438677145572 258.388916015625 8.537109375 17.936336741727942 85
stats: tr_play_game__answer_to_question 12 16.951456705729168 7.280247945987503 56.741943359375 10.212890625 16.248322722199674 77
stats: tr_index 18 13.63376193576389 8.834402448838786 52.256103515625 5.85595703125 10.563713921440971 108
stats: tr_quizzes_page_INDEX 7 19.525181361607142 10.115195074421875 42.9228515625 9.119140625 15.852899460565476 21
stats: tr_quiz_questions_SHOW 32 11.941909790039063 3.6836199996845775 49.5859375 8.5859375 12.685839335123697 96
# stats: dump at 1449462595
stats: users 182 182
stats: {recvpackets,"tsung_controller@ip-172-30-3-127"} 1 2236.0 0.0 2236 100 922.5454545454545 11
stats: {sentpackets,"tsung_controller@ip-172-30-3-127"} 1 1848.0 0.0 1848 90 754.8181818181819 11
stats: {cpu,"tsung_controller@ip-172-30-3-127"} 1 5.193578847969783 0.0 36.39679066374909 1.279527559055118 8.127810401033452 12
stats: {load,"tsung_controller@ip-172-30-3-127"} 1 0.2109375 0.0 0.21875 0.01171875 0.06412760416666667 12
stats: {freemem,"tsung_controller@ip-172-30-3-127"} 1 3129.27734375 0.0 3163.96875 3129.27734375 3149.4371744791665 12
stats: session 18 44564.38170030382 18332.796164423275 83488.51489257813 6973.427001953125 38620.546640723645 99
stats: users_count 67 299
stats: finish_users_count 18 117
stats: request 475 32.14349609375001 47.6150817524504 1097.739990234375 4.406982421875 24.64968927770023 2082
stats: connect 66 1.551217743844697 1.723037904718586 108.322021484375 0.533935546875 2.0924040695716597 232
stats: page 422 35.867545032953174 53.56131330661696 1106.375 5.76904296875 28.013548070355196 1830
stats: tr_play_game__ready_page 35 17.568003627232144 14.539199229602747 99.009033203125 7.4140625 12.462198893229166 108
stats: 302 15 89
stats: tr_question_new_POST 27 12.980839482060185 20.045218797452858 111.52197265625 4.49609375 7.278064727783203 128
stats: 200 433 2313
stats: tr_quiz_new_POST 4 25.72674560546875 14.989813334239876 549.701904296875 11.78515625 50.67506408691406 16
stats: size_rcv 1244498 6804072
stats: tr_play_game__leaderboard 13 20.173170823317307 26.04513725076793 108.801025390625 8.364013671875 12.810795224946121 58
stats: newphase 1 4
stats: tr_friend_requests 8 30.229827880859375 36.844231355258664 385.4560546875 7.408935546875 22.38891006097561 41
stats: size_sent 716939 3975764
stats: tr_friends 7 65.94960239955357 23.715268508650404 185.445068359375 32.85498046875 52.2472713694853 34
stats: connected 47 180
stats: tr_search_all_users 5 103.612158203125 28.51745122861065 153.1201171875 54.149169921875 80.0393775201613 31
stats: 404 27 155
stats: tr_browse_quizzes_page_1 30 116.76007486979167 69.02104507718364 1043.455078125 52.574951171875 90.14126057270144 121
stats: tr_play_game__1st_question 27 24.58645290798611 26.859512032072505 258.388916015625 8.537109375 17.31449772761418 104
stats: tr_play_game__answer_to_question 19 18.90222810444079 6.772076265139992 56.741943359375 10.212890625 16.343127304248597 89
stats: tr_index 30 11.43866373697917 5.826107287007531 52.256103515625 5.81689453125 11.00229220920139 126
stats: tr_quizzes_page_INDEX 4 11.20477294921875 1.736191437386217 42.9228515625 9.119140625 16.770969935825892 28
stats: tr_quiz_questions_SHOW 27 21.91267903645833 18.198461456868724 95.00390625 8.5859375 12.499856948852539 128
# stats: dump at 1449462605
stats: users 233 233
stats: {recvpackets,"tsung_controller@ip-172-30-3-127"} 1 3296.0 0.0 3296 100 1032.0 12
stats: {sentpackets,"tsung_controller@ip-172-30-3-127"} 1 2744.0 0.0 2744 90 845.9166666666666 12
stats: {cpu,"tsung_controller@ip-172-30-3-127"} 1 6.586270871985158 0.0 36.39679066374909 1.279527559055118 7.902100281567017 13
stats: {load,"tsung_controller@ip-172-30-3-127"} 1 0.1796875 0.0 0.21875 0.01171875 0.07542067307692307 13
stats: {freemem,"tsung_controller@ip-172-30-3-127"} 1 3121.69921875 0.0 3163.96875 3121.69921875 3147.886418269231 13
stats: session 28 37862.881862095426 17313.107696461946 83488.51489257813 6973.427001953125 39534.98280373598 117
stats: users_count 79 378
stats: finish_users_count 28 145
stats: request 660 49.86738984079071 65.11942122316812 1097.739990234375 4.406982421875 26.041773062457224 2557
stats: connect 81 1.4001947096836418 1.4675481980294753 108.322021484375 0.528076171875 1.9725440108536074 298
stats: page 569 58.25649053644 75.66623081178484 1106.375 5.76904296875 29.48530060952764 2252
stats: tr_play_game__ready_page 25 27.999130859375 17.63097723433525 99.009033203125 7.4140625 13.711871380572552 143
stats: 302 29 118
stats: tr_question_new_POST 48 20.03103637695312 29.857433263343733 154.133056640625 4.49609375 8.271451297883065 155
stats: 200 583 2896
stats: tr_quiz_new_POST 6 60.328857421875 59.73209824473518 549.701904296875 11.78515625 45.685400390625 20
stats: size_rcv 1711804 8515876
stats: tr_play_game__leaderboard 10 34.9218017578125 39.6138783089388 137.5380859375 8.364013671875 14.158835827464788 71
stats: newphase 0 4
stats: tr_friend_requests 16 34.98908996582031 30.262350985854486 385.4560546875 7.408935546875 23.6690599091199 49
stats: size_sent 914583 4890347
stats: tr_friends 8 75.22061157226563 28.55779921434824 185.445068359375 32.85498046875 54.58669374047256 41
stats: connected 53 233
stats: tr_search_all_users 10 173.4794189453125 101.74768765813404 330.607177734375 54.149169921875 83.31337483723958 36
stats: 404 48 203
stats: tr_browse_quizzes_page_1 28 150.71410260881694 67.80932277315968 1043.455078125 52.574951171875 95.42976672444122 151
stats: tr_play_game__1st_question 33 37.664750532670446 34.051472308863744 258.388916015625 8.537109375 18.81329765028626 131
stats: tr_play_game__answer_to_question 35 46.85783342633928 45.713717757221 170.162841796875 10.18896484375 16.793339482060187 108
stats: tr_index 32 44.50012969970703 50.899409389401754 177.26611328125 5.81689453125 11.086209810697115 156
stats: tr_quizzes_page_INDEX 10 30.173974609375 20.87849197767476 60.6259765625 9.119140625 16.0751953125 32
stats: tr_quiz_questions_SHOW 48 26.639485677083332 22.094638907093003 130.175048828125 8.5859375 14.139509828629032 155
# stats: dump at 1449462615
stats: users 296 297
stats: {recvpackets,"tsung_controller@ip-172-30-3-127"} 1 4039.0 0.0 4039 100 1206.1538461538462 13
stats: {sentpackets,"tsung_controller@ip-172-30-3-127"} 1 3334.0 0.0 3334 90 991.9230769230769 13
stats: {cpu,"tsung_controller@ip-172-30-3-127"} 1 7.29455216989843 0.0 36.39679066374909 1.279527559055118 7.808112466596884 14
stats: {load,"tsung_controller@ip-172-30-3-127"} 1 0.1484375 0.0 0.21875 0.01171875 0.08286830357142858 14
stats: {freemem,"tsung_controller@ip-172-30-3-127"} 1 3113.3515625 0.0 3163.96875 3113.3515625 3146.0159040178573 14
stats: session 30 39460.35345865886 16202.360113241595 83488.51489257813 6973.427001953125 39212.09434603987 145
stats: users_count 93 471
stats: finish_users_count 30 175
stats: request 760 179.97024022152564 147.4820716721273 1097.739990234375 4.406982421875 30.92983867442493 3217
stats: connect 92 1.2348340905230974 1.4403832936663057 108.322021484375 0.528076171875 1.8502213369887863 379
stats: page 645 208.19855597444283 182.31204487307042 1106.375 5.76904296875 35.28849347319766 2821
stats: tr_play_game__ready_page 27 129.04021990740742 89.55075037776709 251.197998046875 7.4140625 15.83795166015625 168
stats: 302 50 168
stats: tr_question_new_POST 39 51.825508313301285 76.02631240743398 370.674072265625 4.49609375 11.05204284367303 203
stats: 200 671 3567
stats: tr_quiz_new_POST 7 170.988525390625 140.0454693537643 549.701904296875 11.78515625 49.06465970552885 26
stats: size_rcv 2093552 10609428
stats: tr_play_game__leaderboard 12 171.63448079427084 93.37526410250577 349.148193359375 8.364013671875 16.72216495466821 81
stats: newphase 0 4
stats: tr_friend_requests 20 173.43623046874995 101.86348860894991 385.4560546875 7.408935546875 26.455528846153847 65
stats: size_sent 1096700 5987047
stats: tr_friends 19 272.36690481085526 98.45567751724033 517.675048828125 32.85498046875 57.955496651785715 49
stats: connected 63 296
stats: tr_search_all_users 16 393.52024841308594 158.92949072086938 678.631103515625 54.149169921875 102.91468877377717 46
stats: 404 39 242
stats: tr_browse_quizzes_page_1 43 335.4105252997819 134.5569516002819 1043.455078125 52.574951171875 104.07759580132682 179
stats: tr_play_game__1st_question 28 163.06441824776786 130.04320151713463 579.736083984375 8.537109375 22.606577803448932 164
stats: tr_play_game__answer_to_question 20 120.8368896484375 81.85366643262275 314.3251953125 10.18896484375 24.15178205583479 143
stats: tr_index 50 154.29669433593753 135.65187993662562 582.80615234375 5.81689453125 16.773685536486038 188
stats: tr_quizzes_page_INDEX 14 187.98990304129464 105.21531222739142 462.4619140625 9.119140625 19.432047526041668 42
stats: tr_quiz_questions_SHOW 39 68.56194911858974 73.93950516482128 342.592041015625 8.5859375 17.09516914254926 203
# stats: dump at 1449462625
stats: users 390 391
stats: {recvpackets,"tsung_controller@ip-172-30-3-127"} 1 5102.0 0.0 5102 100 1408.5 14
stats: {sentpackets,"tsung_controller@ip-172-30-3-127"} 1 3953.0 0.0 3953 90 1159.2142857142858 14
stats: {cpu,"tsung_controller@ip-172-30-3-127"} 1 8.46084608460846 0.0 36.39679066374909 1.279527559055118 7.773875113483654 15
stats: {load,"tsung_controller@ip-172-30-3-127"} 1 0.12890625 0.0 0.21875 0.01171875 0.08723958333333333 15
stats: {freemem,"tsung_controller@ip-172-30-3-127"} 1 3097.74609375 0.0 3163.96875 3097.74609375 3143.83828125 15
stats: session 40 39016.23483886719 15736.60701159824 83488.51489257813 6973.427001953125 39254.65305106027 175
stats: users_count 134 605
stats: finish_users_count 40 215
stats: request 835 588.2201610450968 187.4174681355507 1106.8359375 4.406982421875 59.411283274826374 3977
stats: connect 131 1.2713334178196565 1.465417490321918 108.322021484375 0.528076171875 1.7300183079551485 471
stats: page 739 654.359953471225 276.46906086150915 1944.22705078125 5.76904296875 67.46592864726088 3466
stats: tr_play_game__ready_page 54 530.4474645543982 180.67830354941952 989.60302734375 7.4140625 31.51211187900641 195
stats: 302 29 197
stats: tr_question_new_POST 38 512.6921258223684 146.21069078813852 864.2490234375 4.49609375 17.622973229274276 242
stats: 200 768 4335
stats: tr_quiz_new_POST 8 583.6211547851563 140.2136943151379 783.80419921875 11.78515625 74.9272978811553 33
stats: size_rcv 2305854 12915282
stats: tr_play_game__leaderboard 23 513.7041864809783 156.59160836606932 820.681884765625 8.364013671875 36.71085086945565 93
stats: newphase 1 5
stats: tr_friend_requests 20 465.053564453125 114.03058936103076 738.485107421875 7.408935546875 61.039223345588226 85
stats: size_sent 1288157 7275204
stats: tr_friends 21 642.7906901041666 144.7042611610364 887.406982421875 32.85498046875 117.86456657858456 68
stats: connected 90 386
stats: tr_search_all_users 14 739.623517717634 143.32103064281677 1025.3671875 54.149169921875 177.909671906502 62
stats: 404 38 280
stats: tr_browse_quizzes_page_1 52 798.552016038161 146.58443711062657 1080.56982421875 52.574951171875 148.88532538886543 222
stats: tr_play_game__1st_question 44 579.4492242986506 176.46628209447485 1007.72802734375 8.537109375 43.090012868245445 192
stats: tr_play_game__answer_to_question 36 567.6052720811632 181.62087203115806 1001.345947265625 10.18896484375 36.01498544143021 163
stats: tr_index 57 545.7896878426535 170.28707236141935 871.317138671875 5.81689453125 45.66507393973215 238
stats: tr_quizzes_page_INDEX 13 570.8746431790865 133.93094255595258 832.733154296875 9.119140625 61.57151140485491 56
stats: tr_quiz_questions_SHOW 37 541.0798669763514 160.29018218162994 888.990966796875 8.5859375 25.38940227918388 242
# stats: dump at 1449462635
stats: users 516 517
stats: {recvpackets,"tsung_controller@ip-172-30-3-127"} 1 5557.0 0.0 5557 100 1654.7333333333333 15
stats: {sentpackets,"tsung_controller@ip-172-30-3-127"} 1 4349.0 0.0 4349 90 1345.4666666666667 15
stats: {cpu,"tsung_controller@ip-172-30-3-127"} 1 8.873114463176575 0.0 36.39679066374909 1.279527559055118 7.816810799178954 16
stats: {load,"tsung_controller@ip-172-30-3-127"} 1 0.19140625 0.0 0.21875 0.01171875 0.08984375 16
stats: {freemem,"tsung_controller@ip-172-30-3-127"} 1 3078.6328125 0.0 3163.96875 3078.6328125 3140.95751953125 16
stats: session 37 40540.91416807433 14529.97372480046 83488.51489257813 6973.427001953125 39210.29617437319 215
stats: users_count 163 768
stats: finish_users_count 37 252
stats: request 1135 866.2615722656253 593.5155272078055 1781.175048828125 0.06787109375 151.17259103421455 4812
stats: connect 201 1.5209377915111941 1.6466326204107928 108.322021484375 0.52587890625 1.630204818573505 602
stats: page 980 994.1244135642547 732.3410947729651 3011.3740234375 0.677978515625 170.6085408577031 4205
stats: tr_play_game__ready_page 61 942.3264920594263 530.8716322975328 1513.85107421875 0.81005859375 139.71495944716366 249
stats: 302 38 235
stats: tr_question_new_POST 76 513.0804636101975 580.222530352874 1519.546142578125 0.76806640625 84.81092965262276 280
stats: 200 704 5039
stats: tr_quiz_new_POST 10 838.8551513671875 571.1823295303107 1482.903076171875 1.10791015625 174.1846358136433 41
stats: size_rcv 2336417 15251699
stats: tr_play_game__leaderboard 19 937.2208444695724 503.0762729358061 1480.81494140625 0.98486328125 131.2871156889817 116
stats: newphase 0 5
stats: tr_friend_requests 23 891.045017408288 605.5362038100565 1482.715087890625 0.7919921875 137.9943359375 105
stats: 422 9 9
stats: tr_friends 18 1012.0397271050347 558.4440371532112 1578.949951171875 0.77001953125 241.72353954529495 89
stats: size_sent 1430896 8706100
stats: tr_search_all_users 18 1145.4687499999998 544.5017608690465 1727.967041015625 0.94189453125 281.3832750822368 76
stats: connected 129 515
stats: tr_browse_quizzes_page_1 79 1057.167495920688 651.620892556668 1758.29296875 0.72900390625 272.1797338332573 274
stats: error_connection_closed 1 1
stats: tr_play_game__1st_question 52 889.1350285456733 527.0821713190235 1474.296875 0.838134765625 143.08918788069386 236
stats: 503 311 311
stats: tr_play_game__answer_to_question 40 954.1916687011719 536.9081798009543 1540.837158203125 1.02099609375 132.18207247173368 199
stats: 404 38 318
stats: tr_index 87 944.9805220680676 505.2022291676569 1517.35888671875 1.406982421875 142.29932137182203 295
stats: tr_quizzes_page_INDEX 16 762.0733184814453 605.9024977513653 1517.822998046875 0.77001953125 157.52717391304347 69
stats: tr_quiz_questions_SHOW 71 408.632568359375 560.5193492193592 1504.69189453125 0.125 93.77846032146057 279
# stats: dump at 1449462645
stats: users 616 616
stats: {recvpackets,"tsung_controller@ip-172-30-3-127"} 1 6113.0 0.0 6113 100 1898.625 16
stats: {sentpackets,"tsung_controller@ip-172-30-3-127"} 1 4948.0 0.0 4948 90 1533.1875 16
stats: {cpu,"tsung_controller@ip-172-30-3-127"} 1 10.907504363001745 0.0 36.39679066374909 1.279527559055118 7.878946308825872 17
stats: {load,"tsung_controller@ip-172-30-3-127"} 1 0.16015625 0.0 0.21875 0.01171875 0.09581801470588236 17
stats: {freemem,"tsung_controller@ip-172-30-3-127"} 1 3063.41015625 0.0 3163.96875 3063.41015625 3137.2913602941176 17
stats: session 60 46204.64241536457 17656.649383522396 101537.5830078125 6973.427001953125 39405.66468932137 252
stats: users_count 160 928
stats: finish_users_count 60 312
stats: request 1479 724.4219941815629 651.9926727790426 1893.25 0.056884765625 287.6491327691483 5947
stats: connect 212 1.2698951577240567 1.41846681501535 108.322021484375 0.488037109375 1.6028540434308842 803
stats: page 1279 841.6998125900973 806.3192600008981 3180.715087890625 0.66015625 326.2585997299154 5185
stats: tr_play_game__ready_page 85 696.4287999770221 623.3137172024549 1634.01416015625 0.739990234375 297.6481965095766 310
stats: 302 72 307
stats: tr_question_new_POST 91 434.02611768114684 605.0898339910121 1609.781005859375 0.76806640625 176.23925712671178 356
stats: 200 692 5731
stats: tr_quiz_new_POST 15 701.9243815104167 598.1223448996803 1509.865966796875 1.017822265625 304.5121878829657 51
stats: size_rcv 2528165 17779864
stats: tr_play_game__leaderboard 21 825.6670386904761 554.3878533733928 1584.72119140625 0.864013671875 244.71482566550927 135
stats: newphase 0 5
stats: tr_friend_requests 36 722.2461480034722 592.808596831336 1494.52685546875 0.7919921875 273.3081302642822 128
stats: 422 21 30
stats: tr_friends 26 857.1161639873798 709.0128619651114 1713.567138671875 0.77001953125 371.30944025627923 107
stats: size_sent 1764434 10470534
stats: tr_search_all_users 25 620.9156445312499 712.8193566215134 1811.625 0.739990234375 446.84645113031917 94
stats: connected 97 612
stats: tr_browse_quizzes_page_1 91 1060.0976857615044 710.8083594384327 1893.30908203125 0.72900390625 447.8568817225123 353
stats: error_connection_closed 4 5
stats: tr_play_game__1st_question 80 775.5015167236328 598.2157336134759 1600.8310546875 0.81103515625 277.7919091118707 288
stats: 503 578 889
stats: tr_play_game__answer_to_question 69 737.0663142549819 599.8168970171191 1567.171142578125 0.769775390625 269.75690029256015 239
stats: 404 62 380
stats: tr_index 84 740.4246855236236 630.7136312453288 1540.866943359375 1.364013671875 325.1089142005481 382
stats: tr_quizzes_page_INDEX 33 811.4734996448864 559.4400907149139 1562.14208984375 0.764892578125 271.32409524356615 85
stats: tr_quiz_questions_SHOW 95 440.2045050370068 580.4112978800487 1507.466064453125 0.111083984375 157.64886509486607 350
# stats: dump at 1449462655
stats: users 849 849
stats: {recvpackets,"tsung_controller@ip-172-30-3-127"} 1 7120.0 0.0 7120 100 2146.529411764706 17
stats: {sentpackets,"tsung_controller@ip-172-30-3-127"} 1 6110.0 0.0 6110 90 1734.0588235294117 17
stats: {cpu,"tsung_controller@ip-172-30-3-127"} 1 11.861471861471863 0.0 36.39679066374909 1.279527559055118 8.047199534057865 18
stats: {load,"tsung_controller@ip-172-30-3-127"} 1 0.21875 0.0 0.21875 0.01171875 0.0993923611111111 18
stats: {freemem,"tsung_controller@ip-172-30-3-127"} 1 3051.234375 0.0 3163.96875 3051.234375 3133.1868489583335 18
stats: session 67 43405.242056319956 19016.429854573533 105000.73510742188 6973.427001953125 40713.16040586814 312
stats: users_count 300 1228
stats: finish_users_count 67 379
stats: request 2162 488.43933545870414 534.1188337200253 1893.25 0.056884765625 374.63904147221336 7426
stats: connect 395 1.2932098002373416 1.5885742233159876 108.322021484375 0.487060546875 1.5333099214901478 1015
stats: page 1870 566.0644798890792 646.8370334717472 3180.715087890625 0.659912109375 428.2464263462787 6464
stats: tr_play_game__ready_page 104 442.6092857947716 510.2220078014555 1634.01416015625 0.739990234375 383.4617440911788 395
stats: 302 118 425
stats: tr_question_new_POST 157 342.30118866938705 489.8031463293274 1609.781005859375 0.76806640625 228.7193562552433 447
stats: 200 731 6462
stats: tr_quiz_new_POST 18 443.11646864149304 503.33242907549766 1509.865966796875 0.97412109375 394.8331409801136 66
stats: size_rcv 2806081 20585945
stats: tr_play_game__leaderboard 31 589.9335307459676 509.2503724890098 1584.72119140625 0.864013671875 322.91993126502405 156
stats: newphase 1 6
stats: tr_friend_requests 50 546.5318310546872 510.6069467827522 1494.52685546875 0.737060546875 371.85550001190927 164
stats: 422 40 70
stats: tr_friends 31 460.76523122479836 547.2740604744238 1713.567138671875 0.761962890625 466.2791757225094 133
stats: size_sent 2373855 12844389
stats: tr_search_all_users 32 568.2182464599609 586.3796813600015 1811.625 0.739990234375 483.4156094078256 119
stats: connected 233 845
stats: tr_browse_quizzes_page_1 131 605.5012672948476 642.896399727851 1893.30908203125 0.72900390625 573.3386681359093 444
stats: error_connection_closed 4 9
stats: tr_play_game__1st_question 90 542.1374837239586 523.3292037010128 1600.8310546875 0.76904296875 385.9896498970364 368
stats: 503 1057 1946
stats: tr_play_game__answer_to_question 90 486.57270779079846 535.2638097958884 1567.171142578125 0.73095703125 374.4463469269988 308
stats: 404 111 491
stats: tr_index 148 545.9433841189824 509.8966187125457 1540.866943359375 1.23583984375 399.97270130599514 466
stats: tr_quizzes_page_INDEX 32 439.40810394287115 502.5824875986779 1562.14208984375 0.7421875 422.38282698291846 118
stats: tr_quiz_questions_SHOW 154 283.60377086292624 459.86703650623565 1507.466064453125 0.111083984375 217.96973204880624 445
# stats: dump at 1449462665
stats: users 1099 1099
stats: {recvpackets,"tsung_controller@ip-172-30-3-127"} 1 8436.0 0.0 8436 100 2422.8333333333335 18
stats: {sentpackets,"tsung_controller@ip-172-30-3-127"} 1 7674.0 0.0 7674 90 1977.1666666666667 18
stats: {cpu,"tsung_controller@ip-172-30-3-127"} 1 14.94057724957555 0.0 36.39679066374909 1.279527559055118 8.247950709184918 19
stats: {load,"tsung_controller@ip-172-30-3-127"} 1 0.1796875 0.0 0.21875 0.01171875 0.10567434210526316 19
stats: {freemem,"tsung_controller@ip-172-30-3-127"} 1 3041.609375 0.0 3163.96875 3041.609375 3128.8735608552633 19
stats: session 87 45144.192857062684 17094.94683308949 105000.73510742188 6973.427001953125 41189.06929921978 379
stats: users_count 337 1565
stats: finish_users_count 87 466
stats: request 2241 590.5248443862258 732.2656791889805 4950.5 0.056884765625 400.29989207701027 9588
stats: connect 358 4.117716016716128 52.75262490359147 1000.47509765625 0.487060546875 1.4660478307845746 1410
stats: page 1929 684.3573774512777 828.493755691554 4950.5 0.593017578125 459.17032364949887 8334
stats: tr_play_game__ready_page 131 489.6398608957539 493.9092271352968 1634.01416015625 0.739990234375 395.7890874522482 499
stats: 302 151 576
stats: tr_question_new_POST 119 386.00210289193797 476.1446299036879 1609.781005859375 0.763916015625 258.24311070726407 604
stats: 200 669 7131
stats: tr_quiz_new_POST 33 514.8319498697916 511.0821697399576 1566.19482421875 0.97412109375 405.1795683361235 84
stats: size_rcv 2893915 23479860
stats: tr_play_game__leaderboard 44 625.7858886718751 476.23555854760167 1584.72119140625 0.8271484375 367.1842178099933 187
stats: newphase 0 6
stats: tr_friend_requests 55 428.1374334161932 509.36458032496705 1494.52685546875 0.719970703125 412.66772689106296 214
stats: 422 63 133
stats: tr_friends 46 413.119873046875 495.66347498848575 1713.567138671875 0.710205078125 465.2369057259909 164
stats: size_sent 2459078 15303467
stats: tr_search_all_users 28 738.698224748884 527.4949100354421 1811.625 0.739990234375 501.38702918046357 151
stats: connected 188 1033
stats: tr_browse_quizzes_page_1 103 688.5573943795508 626.2269401153384 1893.30908203125 0.698974609375 580.6661472486413 575
stats: error_connection_closed 4 13
stats: tr_play_game__1st_question 138 539.8048095703125 497.27686386294084 1600.8310546875 0.674072265625 416.6737220464316 458
stats: 503 1088 3034
stats: tr_play_game__answer_to_question 98 491.4515131736288 488.9333237079539 1567.171142578125 0.73095703125 399.8015541575063 398
stats: 404 182 673
stats: tr_index 91 1643.9551881224245 1442.4557317398458 4950.863037109375 1.23583984375 435.1578170329041 614
stats: 500 24 24
stats: tr_quizzes_page_INDEX 44 530.4706198952415 489.3667089194224 1562.14208984375 0.7421875 426.01488606770835 150
stats: tr_quiz_questions_SHOW 118 393.67954060182745 541.1319121253725 3110.9169921875 0.111083984375 234.8439256671276 599
# stats: dump at 1449462675
stats: users 1275 1275
stats: {recvpackets,"tsung_controller@ip-172-30-3-127"} 1 8922.0 0.0 8922 100 2739.315789473684 19
stats: {sentpackets,"tsung_controller@ip-172-30-3-127"} 1 8167.0 0.0 8167 90 2277.0 19
stats: {cpu,"tsung_controller@ip-172-30-3-127"} 1 15.710723192019952 0.0 36.39679066374909 1.279527559055118 8.58258203620445 20
stats: {load,"tsung_controller@ip-172-30-3-127"} 1 0.1484375 0.0 0.21875 0.01171875 0.109375 20
stats: {freemem,"tsung_controller@ip-172-30-3-127"} 1 3022.16796875 0.0 3163.96875 3022.16796875 3124.5103515625 20
stats: session 119 41706.34820607931 16234.398669855102 105000.73510742188 6973.427001953125 41927.47219521191 466
stats: users_count 295 1860
stats: finish_users_count 119 585
stats: request 2206 1034.0964342188183 1872.3890891038745 10590.14990234375 0.056884765625 436.33794416298133 11829
stats: connect 180 423.738065592448 1146.2620384398529 7013.304931640625 0.487060546875 2.0029806421892666 1768
stats: page 1903 1195.4196577207454 2001.4821349258154 12518.781982421875 0.593017578125 501.49574767596596 10263
stats: tr_play_game__ready_page 75 505.9439876302083 447.5541526324699 1634.01416015625 0.70703125 415.30408954923115 630
stats: 302 275 851
stats: tr_question_new_POST 116 793.087838008486 1305.2034285240647 7513.876953125 0.76318359375 279.2712159216157 723
stats: 200 611 7742
stats: tr_quiz_new_POST 28 344.11547851562506 434.0231836579523 1566.19482421875 0.97412109375 436.10716312767096 117
stats: size_rcv 2637321 26117181
stats: tr_play_game__leaderboard 64 424.11507415771484 414.759669209507 1584.72119140625 0.8271484375 416.4416789265422 231
stats: newphase 0 6
stats: tr_friend_requests 70 494.6376255580357 425.3306627710428 1494.52685546875 0.719970703125 415.8306780393238 269
stats: 422 67 200
stats: tr_friends 62 516.437259797127 437.4640117018919 1713.567138671875 0.710205078125 453.8207938058036 210
stats: size_sent 2627568 17931035
stats: tr_search_all_users 54 536.0120985243054 482.5110152892568 1811.625 0.739990234375 538.5083335151885 179
stats: connected -11 1022
stats: tr_browse_quizzes_page_1 75 984.013837890625 1577.9983847023416 7126.110107421875 0.698974609375 597.0567054410951 678
stats: error_connection_closed 5 18
stats: tr_play_game__1st_question 88 414.83309936523443 421.58433512603403 1600.8310546875 0.674072265625 445.1839402986053 596
stats: 503 968 4002
stats: tr_play_game__answer_to_question 114 472.1246916118421 425.16943714065775 1567.171142578125 0.73095703125 417.9098121889176 496
stats: 404 215 888
stats: tr_index 92 6992.070280655571 942.9873301126535 10590.311767578125 1.23583984375 591.1869812444593 705
stats: 500 33 57
stats: tr_quizzes_page_INDEX 37 499.9109744510135 445.3240547864565 1562.14208984375 0.7421875 449.705877245087 194
stats: tr_quiz_questions_SHOW 115 541.9975522248639 662.0959037236079 5974.080078125 0.111083984375 260.9842360747909 717
# stats: dump at 1449462685
stats: users 1178 1295
stats: {recvpackets,"tsung_controller@ip-172-30-3-127"} 1 9167.0 0.0 9167 100 3048.45 20
stats: {sentpackets,"tsung_controller@ip-172-30-3-127"} 1 8710.0 0.0 8710 90 2571.5 20
stats: {cpu,"tsung_controller@ip-172-30-3-127"} 1 14.214046822742473 0.0 36.39679066374909 1.279527559055118 8.922017329338521 21
stats: {load,"tsung_controller@ip-172-30-3-127"} 1 0.2109375 0.0 0.21875 0.01171875 0.11123511904761904 21
stats: {freemem,"tsung_controller@ip-172-30-3-127"} 1 3008.8515625 0.0 3163.96875 3008.8515625 3119.6369047619046 21
stats: session 134 45205.42618936566 15651.930016316659 105000.73510742188 6973.427001953125 41882.491417935365 585
stats: users_count 37 1897
stats: finish_users_count 134 719
stats: request 2373 1082.3001863822828 2118.098208301849 20839.99609375 0.056884765625 530.2927164510595 14035
stats: connect 218 5510.382211107724 6493.759411296974 15039.192138671875 0.487060546875 40.97234167455404 1948
stats: page 2044 1256.6693217954967 2272.2744176185447 20839.99609375 0.593017578125 610.0389994279975 12166
stats: tr_play_game__ready_page 90 451.44622667100697 407.0339896820336 1634.01416015625 0.70703125 424.9466318982713 705
stats: 302 250 1101
stats: tr_question_new_POST 174 496.90768257228814 678.7379829986185 7513.876953125 0.76318359375 350.3114163531734 839
stats: 200 666 8408
stats: tr_quiz_new_POST 30 491.95042317708334 1212.3267900326814 6742.552001953125 0.9619140625 418.3432516163793 145
stats: size_rcv 2921590 29038771
stats: tr_play_game__leaderboard 83 478.07374223456327 417.5805265296367 1584.72119140625 0.791015625 418.1064155190678 295
stats: newphase 0 6
stats: tr_friend_requests 47 392.97816240026594 392.7872928324128 1494.52685546875 0.719970703125 432.1034990608867 339
stats: 422 86 286
stats: tr_friends 51 334.4360543045343 409.3856264365096 1713.567138671875 0.710205078125 468.09366473029644 272
stats: size_sent 2708735 20639770
stats: tr_search_all_users 62 482.9384883757561 438.7145928071292 1811.625 0.73583984375 537.9298069507778 233
stats: connected -4 1018
stats: tr_browse_quizzes_page_1 86 1504.6086369004358 2906.4752419667207 20810.18017578125 0.698974609375 635.5982524978212 753
stats: error_connection_closed 12 30
stats: tr_play_game__1st_question 89 461.2094808857093 418.7817934164029 1600.8310546875 0.674072265625 441.27915374577395 684
stats: 503 1010 5012
stats: tr_play_game__answer_to_question 92 527.072578761889 680.8504017700667 5801.802978515625 0.73095703125 428.0417732613986 610
stats: 404 279 1167
stats: tr_index 78 7416.266013120993 2673.332331671357 20800.197998046875 1.23583984375 1330.0593319920404 797
stats: 500 30 87
stats: tr_quizzes_page_INDEX 30 508.8457682291666 400.112003618876 1562.14208984375 0.7421875 457.7473863213609 231
stats: tr_quiz_questions_SHOW 163 485.52963987011117 693.8978737610258 5974.080078125 0.111083984375 299.826220879188 832
# stats: dump at 1449462695
stats: users 1008 1295
stats: {recvpackets,"tsung_controller@ip-172-30-3-127"} 1 9219.0 0.0 9219 100 3339.809523809524 21
stats: {sentpackets,"tsung_controller@ip-172-30-3-127"} 1 7975.0 0.0 8710 90 2863.809523809524 21
stats: {cpu,"tsung_controller@ip-172-30-3-127"} 1 13.12026913372582 0.0 36.39679066374909 1.279527559055118 9.162564124493246 22
stats: {load,"tsung_controller@ip-172-30-3-127"} 1 0.1796875 0.0 0.21875 0.01171875 0.11576704545454546 22
stats: {freemem,"tsung_controller@ip-172-30-3-127"} 1 3003.52734375 0.0 3163.96875 3003.52734375 3114.6012073863635 22
stats: session 170 52011.51497874541 16194.604283029925 105000.73510742188 6973.427001953125 42501.78663263865 719
stats: users_count 0 1897
stats: finish_users_count 170 889
stats: request 2672 1712.4974917109148 4287.422852114521 21383.52197265625 0.056884765625 610.1265612917953 16408
stats: connect 298 4791.965288610267 8023.535681236727 31073.409912109375 0.487060546875 591.4484965851871 2166
stats: page 2233 2052.8549618821403 4653.7704168357905 21383.52197265625 0.593017578125 703.0518339754407 14210
stats: tr_play_game__ready_page 79 390.4285625988923 392.04576893047965 1634.01416015625 0.70703125 427.94658602348665 795
stats: 302 243 1344
stats: tr_question_new_POST 289 454.6122861024005 931.399226128299 7513.876953125 0.76318359375 375.4918214095663 1013
stats: 200 713 9121
stats: tr_quiz_new_POST 32 590.1011962890626 994.6729970946028 6742.552001953125 0.9619140625 430.96162388392855 175
stats: size_rcv 3104221 32142992
stats: tr_play_game__leaderboard 97 521.7603168290916 382.8426490633675 1584.72119140625 0.783935546875 431.2738444010417 378
stats: newphase 0 6
stats: tr_friend_requests 43 491.6839968659157 385.8160556118412 1494.52685546875 0.719970703125 427.339533198065 386
stats: 422 85 371
stats: tr_friends 54 460.5849518952546 418.44460859735193 1713.567138671875 0.710205078125 446.9898315051761 323
stats: size_sent 3109069 23748839
stats: tr_search_all_users 54 408.42722800925924 418.47206798875476 1811.625 0.73583984375 526.3723094875529 295
stats: connected -82 936
stats: tr_browse_quizzes_page_1 73 3121.7065831014556 5370.9462969316955 20810.18017578125 0.698974609375 724.6744063221655 839
stats: error_connection_closed 134 164
stats: tr_play_game__1st_question 90 455.37085774739586 384.5896340044833 1600.8310546875 0.674072265625 443.57384859112227 773
stats: error_abort_max_send_retries 3 3
stats: tr_play_game__answer_to_question 94 523.371059985871 678.4970771704233 5801.802978515625 0.73095703125 441.02016942385603 702
stats: 503 1268 6280
stats: tr_index 56 18623.25976126535 2191.2289698903405 21370.52294921875 1.23583984375 1872.6011847098214 875
stats: 404 285 1452
stats: tr_quizzes_page_INDEX 21 228.9970238095238 322.91047683570673 1562.14208984375 0.7421875 463.6207635521432 261
stats: 500 36 123
stats: tr_quiz_questions_SHOW 252 1525.4807157970617 1774.4867900975607 18183.97119140625 0.111083984375 330.2479870053392 995
# stats: dump at 1449462705
stats: users 753 1295
stats: {recvpackets,"tsung_controller@ip-172-30-3-127"} 1 10891.0 0.0 10891 100 3607.0454545454545 22
stats: {sentpackets,"tsung_controller@ip-172-30-3-127"} 1 9235.0 0.0 9235 90 3096.1363636363635 22
stats: {cpu,"tsung_controller@ip-172-30-3-127"} 1 14.71825063078217 0.0 36.39679066374909 1.279527559055118 9.334638255329445 23
stats: {load,"tsung_controller@ip-172-30-3-127"} 1 0.21875 0.0 0.21875 0.01171875 0.11854619565217392 23
stats: {freemem,"tsung_controller@ip-172-30-3-127"} 1 3006.3125 0.0 3163.96875 3003.52734375 3109.7719089673915 23
stats: session 255 56409.54757199755 18636.78589760735 142940.77709960938 6973.427001953125 44320.29486530248 889
stats: users_count 0 1897
stats: finish_users_count 255 1144
stats: request 2807 1328.3151377972479 5215.705610654575 33113.76806640625 0.056884765625 764.5047125538439 19080
stats: connect 239 8968.423401134278 14074.729624986732 31080.57421875 0.487060546875 1099.4655436726357 2464
stats: page 2267 1645.4339754149228 5770.052831640918 33113.76806640625 0.593017578125 886.3584315923999 16443
stats: tr_play_game__ready_page 53 401.98373470666274 355.30659031679886 1634.01416015625 0.70703125 424.5553688031858 874
stats: 302 405 1749
stats: tr_question_new_POST 365 279.3924296339897 336.5232272514414 7513.876953125 0.75 393.05389076150874 1302
stats: 200 674 9795
stats: tr_quiz_new_POST 31 1568.903532951109 5597.3747632379755 32177.10107421875 0.9169921875 455.5629104393116 207
stats: size_rcv 2993714 35136706
stats: tr_play_game__leaderboard 112 469.02137538364957 338.03488162248556 1584.72119140625 0.73583984375 449.7521345600329 475
stats: newphase 0 6
stats: tr_friend_requests 52 409.7588219275841 341.4009749936437 1494.52685546875 0.719970703125 433.7889782743298 429
stats: 422 137 508
stats: tr_friends 57 443.4765710663377 360.30784627032295 1713.567138671875 0.710205078125 448.93714317908655 377
stats: size_sent 3131265 26880104
stats: tr_search_all_users 54 467.7900390625 340.07687353352173 1811.625 0.73193359375 508.1229272530891 349
stats: connected -177 759
stats: tr_browse_quizzes_page_1 43 3610.3752668513807 9173.580387200063 33113.803955078125 0.698974609375 916.5421134547183 912
stats: error_connection_closed 89 253
stats: tr_play_game__1st_question 57 316.21873715049355 349.2030170735987 1600.8310546875 0.674072265625 444.8041276456583 863
stats: error_abort_max_send_retries 47 50
stats: tr_play_game__answer_to_question 79 376.55658808840974 347.7107668516418 5801.802978515625 0.73095703125 450.74502333444576 796
stats: 503 1223 7503
stats: tr_index 29 31892.068536166487 497.6197439220883 32788.365966796875 1.23583984375 2880.1595953297033 931
stats: 404 280 1732
stats: tr_quizzes_page_INDEX 30 477.21140950520834 316.1154288012382 1562.14208984375 0.73291015625 446.14878293301194 282
stats: 500 9 132
stats: tr_quiz_questions_SHOW 412 584.0378832770783 572.9573948635922 18183.97119140625 0.080078125 571.7865977956473 1247
# stats: dump at 1449462715
stats: users 589 1295
stats: {recvpackets,"tsung_controller@ip-172-30-3-127"} 1 9208.0 0.0 10891 100 3923.7391304347825 23
stats: {sentpackets,"tsung_controller@ip-172-30-3-127"} 1 7496.0 0.0 9235 90 3363.0434782608695 23
stats: {cpu,"tsung_controller@ip-172-30-3-127"} 1 12.074829931972788 0.0 36.39679066374909 1.279527559055118 9.558955437639975 24
stats: {load,"tsung_controller@ip-172-30-3-127"} 1 0.19140625 0.0 0.21875 0.01171875 0.12272135416666667 24
stats: {freemem,"tsung_controller@ip-172-30-3-127"} 1 3003.17578125 0.0 3163.96875 3003.17578125 3105.4611002604165 24
stats: session 164 56544.250553782396 14249.513044988556 142940.77709960938 6973.427001953125 47015.01465569343 1144
stats: users_count 0 1897
stats: finish_users_count 164 1308
stats: request 1844 545.3656792299357 225.50376563458136 33113.76806640625 0.056884765625 836.8131999508483 21887
stats: connect 33 1.5839399857954546 1.627488125954722 31080.57421875 0.487060546875 1795.2409517130843 2703
stats: page 1516 667.0532197574821 360.3338657451335 33113.76806640625 0.593017578125 978.3319354858077 18710
stats: tr_play_game__ready_page 29 590.98332266972 130.06892887995386 1634.01416015625 0.70703125 423.2648654513889 927
stats: 302 431 2180
stats: tr_question_new_POST 203 504.2761001962746 238.4758360789599 7513.876953125 0.75 368.16700815110414 1667
stats: 200 725 10520
stats: tr_quiz_new_POST 25 486.361455078125 253.04563693620466 32177.10107421875 0.9169921875 600.5778654723608 238
stats: size_rcv 2643643 37780349
stats: tr_play_game__leaderboard 96 588.8115488688153 186.6056914295343 1584.72119140625 0.73583984375 453.4287188398371 587
stats: newphase 0 6
stats: tr_friend_requests 48 547.5193176269532 200.7430978447417 1494.52685546875 0.719970703125 431.19112353414107 481
stats: 422 156 664
stats: tr_friends 45 561.7091851128472 238.51716397961937 1713.567138671875 0.710205078125 448.219971265661 434
stats: size_sent 2263298 29143402
stats: tr_search_all_users 44 631.9511496803979 220.4115630968812 1811.625 0.73193359375 502.718520398767 403
stats: connected -164 595
stats: tr_browse_quizzes_page_1 5 865.03662109375 86.32254280580787 33113.803955078125 0.698974609375 1037.8351245500655 955
stats: error_connection_closed 5 258
stats: tr_play_game__1st_question 30 464.31089680989584 265.81188987447456 1600.8310546875 0.674072265625 436.83742410411 920
stats: error_abort_max_send_retries 0 50
stats: tr_play_game__answer_to_question 50 551.9774755859374 234.93621320497826 5801.802978515625 0.73095703125 444.04686746651794 875
stats: 503 204 7707
stats: tr_index 0 0 0 32788.365966796875 1.23583984375 3756.5610112508143 960
stats: 404 303 2035
stats: tr_quizzes_page_INDEX 27 567.4695457175925 128.40770775764946 1562.14208984375 0.73291015625 449.13557394956933 312
stats: 500 0 132
stats: tr_quiz_questions_SHOW 198 509.959751321812 236.6418432950624 18183.97119140625 0.080078125 574.8291111279857 1659
# stats: dump at 1449462725
stats: users 428 1295
stats: {recvpackets,"tsung_controller@ip-172-30-3-127"} 1 8022.0 0.0 10891 100 4143.916666666667 24
stats: {sentpackets,"tsung_controller@ip-172-30-3-127"} 1 6042.0 0.0 9235 90 3535.25 24
stats: {cpu,"tsung_controller@ip-172-30-3-127"} 1 9.137931034482758 0.0 36.39679066374909 1.279527559055118 9.65959041741329 25
stats: {load,"tsung_controller@ip-172-30-3-127"} 1 0.16015625 0.0 0.21875 0.01171875 0.12546875 25
stats: {freemem,"tsung_controller@ip-172-30-3-127"} 1 3007.1953125 0.0 3163.96875 3003.17578125 3101.3696875 25
stats: session 161 61658.89198066285 13395.086181353656 142940.77709960938 6973.427001953125 48209.81181722752 1308
stats: users_count 0 1897
stats: finish_users_count 161 1469
stats: request 1483 543.1858455068899 94.78665473338053 33113.76806640625 0.056884765625 814.1664834951843 23731
stats: connect 1 4.30908203125 0.0 31080.57421875 0.487060546875 1773.6069307383034 2736
stats: page 1197 676.6601595133667 253.93832262906528 33113.76806640625 0.593017578125 955.0006523332248 20226
stats: tr_play_game__ready_page 4 516.4127807617188 105.81671540216456 1634.01416015625 0.70703125 428.3525592373006 956
stats: 302 379 2559
stats: tr_question_new_POST 194 517.6118868798328 83.87028976562421 7513.876953125 0.75 382.9424871271307 1870
stats: 200 688 11208
stats: tr_quiz_new_POST 28 549.9000767299107 77.7550131529336 32177.10107421875 0.9169921875 589.7207922409696 263
stats: size_rcv 2604072 40384421
stats: tr_play_game__leaderboard 78 539.7134853265226 78.71408344457771 1584.72119140625 0.73583984375 472.4576378483025 683
stats: newphase 0 6
stats: tr_friend_requests 28 550.7291085379464 92.64358605325917 1494.52685546875 0.719970703125 441.7464228091032 529
stats: 422 138 802
stats: tr_friends 38 610.1182668585526 100.84421509995813 1713.567138671875 0.710205078125 458.8817972012004 479
stats: size_sent 1864430 31007832
stats: tr_search_all_users 49 617.0014847735966 124.73805979164162 1811.625 0.73193359375 515.439405607697 447
stats: connected -177 418
stats: tr_browse_quizzes_page_1 0 0 0 33113.803955078125 0.698974609375 1036.935132344564 960
stats: error_connection_closed 0 258
stats: tr_play_game__1st_question 10 540.6791259765625 54.11039265968605 1600.8310546875 0.674072265625 437.7050074527138 950
stats: error_abort_max_send_retries 0 50
stats: tr_play_game__answer_to_question 22 550.0211736505682 74.64024226565806 5801.802978515625 0.73095703125 449.880954391892 925
stats: 503 0 7707
stats: tr_index 0 0 0 32788.365966796875 1.23583984375 3756.5610112508143 960
stats: 404 277 2312
stats: tr_quizzes_page_INDEX 8 557.7327575683594 67.9362507587202 1562.14208984375 0.73291015625 458.5604035594119 339
stats: 500 0 132
stats: tr_quiz_questions_SHOW 201 524.2354803132773 83.30573535581007 18183.97119140625 0.080078125 567.9125073360512 1857
# stats: dump at 1449462735
stats: users 268 1295
stats: {recvpackets,"tsung_controller@ip-172-30-3-127"} 1 7725.0 0.0 10891 100 4299.04 25
stats: {sentpackets,"tsung_controller@ip-172-30-3-127"} 1 5317.0 0.0 9235 90 3635.52 25
stats: {cpu,"tsung_controller@ip-172-30-3-127"} 1 8.9666951323655 0.0 36.39679066374909 1.279527559055118 9.639526594992885 26
stats: {load,"tsung_controller@ip-172-30-3-127"} 1 0.140625 0.0 0.21875 0.01171875 0.1268028846153846 26
stats: {freemem,"tsung_controller@ip-172-30-3-127"} 1 3019.05078125 0.0 3163.96875 3003.17578125 3097.747596153846 26
stats: session 160 68270.4897338867 11813.677138975154 142940.77709960938 6973.427001953125 49683.80903051076 1469
stats: users_count 0 1897
stats: finish_users_count 160 1629
stats: request 1549 370.8886290045997 118.10555504924336 33113.76806640625 0.056884765625 798.2283425363265 25214
stats: connect 4 1.60845947265625 1.5783275094261782 31080.57421875 0.487060546875 1772.9604938187904 2737
stats: page 1184 487.96026302028355 222.64644588697882 33113.76806640625 0.593017578125 939.4485088470011 21423
stats: tr_play_game__ready_page 0 0 0 1634.01416015625 0.70703125 428.71947682698567 960
stats: 302 358 2917
stats: tr_question_new_POST 298 343.2579886417261 109.7571404642381 7513.876953125 0.75 395.6003667550494 2064
stats: 200 736 11944
stats: tr_quiz_new_POST 22 409.26286177201706 113.14992087271789 32177.10107421875 0.9169921875 585.8892457313144 291
stats: size_rcv 2960440 43344861
stats: tr_play_game__leaderboard 82 354.0944853991996 100.32900271904674 1584.72119140625 0.73583984375 479.3511412691976 761
stats: newphase 0 6
stats: tr_friend_requests 18 405.4989420572917 90.48300568777394 1494.52685546875 0.719970703125 447.2249061132461 557
stats: 422 159 961
stats: tr_friends 35 452.52162388392856 137.2561255457584 1713.567138671875 0.710205078125 469.9978239845261 517
stats: size_sent 1808279 32816111
stats: tr_search_all_users 39 460.75385616987177 156.84584824186774 1811.625 0.73193359375 525.4727561704573 496
stats: connected -152 266
stats: tr_browse_quizzes_page_1 0 0 0 33113.803955078125 0.698974609375 1036.935132344564 960
stats: error_connection_closed 0 258
stats: tr_play_game__1st_question 0 0 0 1600.8310546875 0.674072265625 438.7776545206706 960
stats: error_abort_max_send_retries 0 50
stats: tr_play_game__answer_to_question 8 474.327880859375 119.47704228377376 5801.802978515625 0.73095703125 452.20733752144935 947
stats: 503 0 7707
stats: tr_index 0 0 0 32788.365966796875 1.23583984375 3756.5610112508143 960
stats: 404 295 2607
stats: tr_quizzes_page_INDEX 1 642.4990234375 0.0 1562.14208984375 0.73291015625 460.8467978881484 347
stats: 500 0 132
stats: tr_quiz_questions_SHOW 297 349.42840761126905 103.11092699334534 18183.97119140625 0.080078125 563.6466752507366 2058
# stats: dump at 1449462745
stats: users 129 1295
stats: {recvpackets,"tsung_controller@ip-172-30-3-127"} 1 6726.0 0.0 10891 100 4430.807692307692 26
stats: {sentpackets,"tsung_controller@ip-172-30-3-127"} 1 4644.0 0.0 9235 90 3700.1923076923076 26
stats: {cpu,"tsung_controller@ip-172-30-3-127"} 1 8.101045296167248 0.0 36.39679066374909 1.279527559055118 9.61460691119187 27
stats: {load,"tsung_controller@ip-172-30-3-127"} 1 0.19140625 0.0 0.21875 0.01171875 0.12731481481481483 27
stats: {freemem,"tsung_controller@ip-172-30-3-127"} 1 3025.19140625 0.0 3163.96875 3003.17578125 3094.8328993055557 27
stats: session 139 75488.9259656728 12347.603338664367 142940.77709960938 6973.427001953125 51509.38847344517 1629
stats: users_count 0 1897
stats: finish_users_count 139 1768
stats: request 919 38.12499229588887 58.96403753164628 33113.76806640625 0.056884765625 773.4945975802063 26763
stats: connect 6 1.8896891276041667 1.7398411893756769 31080.57421875 0.487060546875 1770.3755218606057 2741
stats: page 720 50.52939147949222 80.06272379592545 33113.76806640625 0.593017578125 915.8026432717884 22607
stats: tr_play_game__ready_page 0 0 0 1634.01416015625 0.70703125 428.71947682698567 960
stats: 302 232 3149
stats: tr_question_new_POST 161 30.9186435486219 48.9108491686184 7513.876953125 0.75 388.9966289575175 2362
stats: 200 451 12395
stats: tr_quiz_new_POST 16 41.65763854980469 64.33588870038675 32177.10107421875 0.9169921875 573.474611715006 313
stats: size_rcv 1636228 44981089
stats: tr_play_game__leaderboard 60 36.155342610677074 53.876356098500494 1584.72119140625 0.73583984375 467.1672198203959 843
stats: newphase 0 6
stats: tr_friend_requests 9 9.826253255208334 7.380342157012513 1494.52685546875 0.719970703125 445.9187020210597 575
stats: 422 98 1059
stats: tr_friends 17 57.22832892922795 64.66139416518367 1713.567138671875 0.710205078125 468.8897315868433 552
stats: size_sent 1175140 33991251
stats: tr_search_all_users 23 69.2394913383152 86.1876761314263 1811.625 0.73193359375 520.7549298152744 535
stats: connected -144 122
stats: tr_browse_quizzes_page_1 0 0 0 33113.803955078125 0.698974609375 1036.935132344564 960
stats: error_connection_closed 0 258
stats: tr_play_game__1st_question 0 0 0 1600.8310546875 0.674072265625 438.7776545206706 960
stats: error_abort_max_send_retries 0 50
stats: tr_play_game__answer_to_question 5 60.46416015625 66.99095436859058 5801.802978515625 0.73095703125 452.39264050229065 955
stats: 503 0 7707
stats: tr_index 0 0 0 32788.365966796875 1.23583984375 3756.5610112508143 960
stats: 404 137 2744
stats: tr_quizzes_page_INDEX 1 14.791015625 0.0 1562.14208984375 0.73291015625 461.3687870420259 348
stats: 500 0 132
stats: tr_quiz_questions_SHOW 168 38.51922316778274 51.94280444626156 18183.97119140625 0.080078125 536.6306134720012 2355
# stats: dump at 1449462755
stats: users 62 1295
stats: {recvpackets,"tsung_controller@ip-172-30-3-127"} 1 2702.0 0.0 10891 100 4515.814814814815 27
stats: {sentpackets,"tsung_controller@ip-172-30-3-127"} 1 2175.0 0.0 9235 90 3735.1481481481483 27
stats: {cpu,"tsung_controller@ip-172-30-3-127"} 1 4.967197750702906 0.0 36.39679066374909 1.279527559055118 9.560551139226705 28
stats: {load,"tsung_controller@ip-172-30-3-127"} 1 0.23828125 0.0 0.23828125 0.01171875 0.12960379464285715 28
stats: {freemem,"tsung_controller@ip-172-30-3-127"} 1 3028.41796875 0.0 3163.96875 3003.17578125 3092.345703125 28
stats: session 67 85404.91118382697 13348.759256375415 149271.1611328125 6973.427001953125 53394.657540990214 1768
stats: users_count 0 1897
stats: finish_users_count 67 1835
stats: request 401 14.336485446539912 18.653852537193522 33113.76806640625 0.056884765625 749.0814530365936 27682
stats: connect 7 0.7445940290178571 0.06012496964038206 31080.57421875 0.487060546875 1766.5127934309012 2747
stats: page 321 17.936367522147584 20.85814700029277 33113.76806640625 0.593017578125 889.0955338582138 23327
stats: tr_play_game__ready_page 0 0 0 1634.01416015625 0.70703125 428.71947682698567 960
stats: 302 70 3219
stats: tr_question_new_POST 56 6.548771449497768 3.524949028091761 7513.876953125 0.75 366.14662671779007 2523
stats: 200 244 12639
stats: tr_quiz_new_POST 7 9.378348214285714 3.884350268955867 32177.10107421875 0.9169921875 547.6111722905586 329
stats: size_rcv 890120 45871209
stats: tr_play_game__leaderboard 30 13.279654947916667 10.819637920542945 1584.72119140625 0.73583984375 438.5285568828731 903
stats: newphase 0 6
stats: tr_friend_requests 3 9.07275390625 1.5663783323823661 1494.52685546875 0.719970703125 439.19809921473666 584
stats: 422 20 1079
stats: tr_friends 14 30.732334681919642 23.711165207982532 1713.567138671875 0.710205078125 456.590533264911 569
stats: size_sent 559491 34550742
stats: tr_search_all_users 20 40.1528564453125 36.89360347769921 1811.625 0.73193359375 502.14407840851806 558
stats: connected -62 60
stats: tr_browse_quizzes_page_1 0 0 0 33113.803955078125 0.698974609375 1036.935132344564 960
stats: error_connection_closed 0 258
stats: tr_play_game__1st_question 0 0 0 1600.8310546875 0.674072265625 438.7776545206706 960
stats: error_abort_max_send_retries 0 50
stats: tr_play_game__answer_to_question 0 0 0 5801.802978515625 0.73095703125 450.35134633382165 960
stats: 503 0 7707
stats: tr_index 0 0 0 32788.365966796875 1.23583984375 3756.5610112508143 960
stats: 404 67 2811
stats: tr_quizzes_page_INDEX 1 10.64306640625 0.0 1562.14208984375 0.73291015625 460.0891945737822 349
stats: 500 0 132
stats: tr_quiz_questions_SHOW 56 9.992427280970983 6.70492203101116 18183.97119140625 0.080078125 503.4626730950259 2523
# stats: dump at 1449462765
stats: users 35 1295
stats: {recvpackets,"tsung_controller@ip-172-30-3-127"} 1 1511.0 0.0 10891 100 4451.035714285715 28
stats: {sentpackets,"tsung_controller@ip-172-30-3-127"} 1 1247.0 0.0 9235 90 3679.4285714285716 28
stats: {cpu,"tsung_controller@ip-172-30-3-127"} 1 3.8461538461538463 0.0 36.39679066374909 1.279527559055118 9.402159643070712 29
stats: {load,"tsung_controller@ip-172-30-3-127"} 1 0.19921875 0.0 0.23828125 0.01171875 0.1333512931034483 29
stats: {freemem,"tsung_controller@ip-172-30-3-127"} 1 3045.78125 0.0 3163.96875 3003.17578125 3090.1412984913795 29
stats: session 27 94038.59398509839 6662.766339137336 149271.1611328125 6973.427001953125 54563.42429525183 1835
stats: users_count 0 1897
stats: finish_users_count 27 1862
stats: request 239 9.592183005360877 12.861811060731357 33113.76806640625 0.056884765625 738.5899552620107 28083
stats: connect 2 0.6925048828125 0.0335693359375 31080.57421875 0.487060546875 1762.0246389661907 2754
stats: page 178 12.9181182518434 14.753892605542553 33113.76806640625 0.593017578125 877.2703438889193 23648
stats: tr_play_game__ready_page 0 0 0 1634.01416015625 0.70703125 428.71947682698567 960
stats: 302 91 3310
stats: tr_question_new_POST 51 6.260948031556373 3.5085097339688485 7513.876953125 0.75 358.3383754983157 2579
stats: 200 75 12714
stats: tr_quiz_new_POST 7 9.209716796875 5.179646520405255 32177.10107421875 0.9169921875 536.3979884556362 336
stats: size_rcv 368365 46239574
stats: tr_play_game__leaderboard 16 7.777969360351561 3.376946678143057 1584.72119140625 0.73583984375 424.85495874991625 933
stats: newphase 0 6
stats: tr_friend_requests 0 0 0 1494.52685546875 0.719970703125 436.999843616908 587
stats: 422 46 1125
stats: tr_friends 3 30.104736328125 18.145398336934708 1713.567138671875 0.710205078125 446.36409281866423 583
stats: size_sent 278887 34829629
stats: tr_search_all_users 6 51.370524088541664 35.27626371180018 1811.625 0.73193359375 486.15822297726527 578
stats: connected -25 35
stats: tr_browse_quizzes_page_1 0 0 0 33113.803955078125 0.698974609375 1036.935132344564 960
stats: error_connection_closed 0 258
stats: tr_play_game__1st_question 0 0 0 1600.8310546875 0.674072265625 438.7776545206706 960
stats: error_abort_max_send_retries 0 50
stats: tr_play_game__answer_to_question 0 0 0 5801.802978515625 0.73095703125 450.35134633382165 960
stats: 503 0 7707
stats: tr_index 0 0 0 32788.365966796875 1.23583984375 3756.5610112508143 960
stats: 404 27 2838
stats: tr_quizzes_page_INDEX 0 0 0 1562.14208984375 0.73291015625 458.8050627790179 350
stats: 500 0 132
stats: tr_quiz_questions_SHOW 51 6.350562002144608 3.23508178804099 18183.97119140625 0.080078125 492.7475378621499 2579
# stats: dump at 1449462775
stats: users 14 1295
stats: {recvpackets,"tsung_controller@ip-172-30-3-127"} 1 737.0 0.0 10891 100 4349.6551724137935 29
stats: {sentpackets,"tsung_controller@ip-172-30-3-127"} 1 601.0 0.0 9235 90 3595.551724137931 29
stats: {cpu,"tsung_controller@ip-172-30-3-127"} 1 2.239532619279455 0.0 36.39679066374909 1.279527559055118 9.21695944984015 30
stats: {load,"tsung_controller@ip-172-30-3-127"} 1 0.171875 0.0 0.23828125 0.01171875 0.135546875 30
stats: {freemem,"tsung_controller@ip-172-30-3-127"} 1 3054.9609375 0.0 3163.96875 3003.17578125 3088.662630208333 30
stats: session 21 104908.67708333333 8375.926351858809 149271.1611328125 6973.427001953125 55135.83545616797 1862
stats: users_count 0 1897
stats: finish_users_count 21 1883
stats: request 182 8.424897246308374 6.012869119140071 33113.76806640625 0.056884765625 732.438183933385 28322
stats: connect 2 2.5810546875 1.781005859375 31080.57421875 0.487060546875 1760.7464588979153 2756
stats: page 131 11.750984017175572 7.079666485766485 33113.76806640625 0.593017578125 870.8129151907157 23826
stats: tr_play_game__ready_page 0 0 0 1634.01416015625 0.70703125 428.71947682698567 960
stats: 302 23 3333
stats: tr_question_new_POST 45 4.96962890625 0.8264007554328692 7513.876953125 0.75 351.5110185398348 2630
stats: 200 109 12823
stats: tr_quiz_new_POST 5 12.52333984375 4.323566199656011 32177.10107421875 0.9169921875 525.6390441360697 343
stats: size_rcv 407498 46647072
stats: tr_play_game__leaderboard 5 9.552880859375 2.8876426265220356 1584.72119140625 0.73583984375 417.8231022375527 949
stats: newphase 0 6
stats: tr_friend_requests 0 0 0 1494.52685546875 0.719970703125 436.999843616908 587
stats: 422 10 1135
stats: tr_friends 1 5.18701171875 0.0 1713.567138671875 0.710205078125 444.2330722222963 586
stats: size_sent 209141 35038770
stats: tr_search_all_users 3 22.873697916666668 24.98378755781298 1811.625 0.73193359375 481.6912260708743 584
stats: connected -22 13
stats: tr_browse_quizzes_page_1 0 0 0 33113.803955078125 0.698974609375 1036.935132344564 960
stats: error_connection_closed 0 258
stats: tr_play_game__1st_question 0 0 0 1600.8310546875 0.674072265625 438.7776545206706 960
stats: error_abort_max_send_retries 0 50
stats: tr_play_game__answer_to_question 0 0 0 5801.802978515625 0.73095703125 450.35134633382165 960
stats: 503 0 7707
stats: tr_index 0 0 0 32788.365966796875 1.23583984375 3756.5610112508143 960
stats: 404 40 2878
stats: tr_quizzes_page_INDEX 0 0 0 1562.14208984375 0.73291015625 458.8050627790179 350
stats: 500 0 132
stats: tr_quiz_questions_SHOW 45 8.153998480902779 2.2497302911483965 18183.97119140625 0.080078125 483.315505250416 2630
# stats: dump at 1449462785
stats: users 6 1295
stats: {recvpackets,"tsung_controller@ip-172-30-3-127"} 1 456.0 0.0 10891 100 4229.233333333334 30
stats: {sentpackets,"tsung_controller@ip-172-30-3-127"} 1 351.0 0.0 9235 90 3495.733333333333 30
stats: {cpu,"tsung_controller@ip-172-30-3-127"} 1 1.953125 0.0 36.39679066374909 1.279527559055118 8.991881164983353 31
stats: {load,"tsung_controller@ip-172-30-3-127"} 1 0.1484375 0.0 0.23828125 0.01171875 0.13671875 31
stats: {freemem,"tsung_controller@ip-172-30-3-127"} 1 3065.578125 0.0 3163.96875 3003.17578125 3087.5754788306454 31
stats: session 8 112266.08404541016 6608.698481282981 149271.1611328125 6973.427001953125 55690.92290925904 1883
stats: users_count 0 1897
stats: finish_users_count 8 1891
stats: request 23 9.69088612432065 2.415521346819563 33113.76806640625 0.056884765625 727.8153093130843 28504
stats: connect 0 0 0 31080.57421875 0.487060546875 1759.4715021145864 2758
stats: page 23 9.69088612432065 2.415521346819563 33113.76806640625 0.593017578125 866.1154525291248 23957
stats: tr_play_game__ready_page 0 0 0 1634.01416015625 0.70703125 428.71947682698567 960
stats: 302 0 3333
stats: tr_question_new_POST 0 0 0 7513.876953125 0.75 345.6813503030082 2675
stats: 200 22 12845
stats: tr_quiz_new_POST 0 0 0 32177.10107421875 0.9169921875 518.2666920629042 348
stats: size_rcv 35404 46682476
stats: tr_play_game__leaderboard 4 8.74578857421875 2.4781888103026586 1584.72119140625 0.73583984375 415.6833212030759 954
stats: newphase 0 6
stats: tr_friend_requests 0 0 0 1494.52685546875 0.719970703125 436.999843616908 587
stats: 422 0 1135
stats: tr_friends 0 0 0 1713.567138671875 0.710205078125 443.4851232265492 587
stats: size_sent 60216 35098986
stats: tr_search_all_users 0 0 0 1811.625 0.73193359375 479.3463324005802 587
stats: connected -9 4
stats: tr_browse_quizzes_page_1 0 0 0 33113.803955078125 0.698974609375 1036.935132344564 960
stats: error_connection_closed 0 258
stats: tr_play_game__1st_question 0 0 0 1600.8310546875 0.674072265625 438.7776545206706 960
stats: error_abort_max_send_retries 0 50
stats: tr_play_game__answer_to_question 0 0 0 5801.802978515625 0.73095703125 450.35134633382165 960
stats: 503 0 7707
stats: tr_index 0 0 0 32788.365966796875 1.23583984375 3756.5610112508143 960
stats: 404 1 2879
stats: tr_quizzes_page_INDEX 0 0 0 1562.14208984375 0.73291015625 458.8050627790179 350
stats: 500 0 132
stats: tr_quiz_questions_SHOW 0 0 0 18183.97119140625 0.080078125 475.3221341084989 2675
# stats: dump at 1449462795
stats: users 2 1295
stats: {recvpackets,"tsung_controller@ip-172-30-3-127"} 1 80.0 0.0 10891 80 4107.5161290322585 31
stats: {sentpackets,"tsung_controller@ip-172-30-3-127"} 1 75.0 0.0 9235 75 3394.2903225806454 31
stats: {cpu,"tsung_controller@ip-172-30-3-127"} 1 1.376597836774828 0.0 36.39679066374909 1.279527559055118 8.771920034827623 32
stats: {load,"tsung_controller@ip-172-30-3-127"} 1 0.12109375 0.0 0.23828125 0.01171875 0.1370849609375 32
stats: {freemem,"tsung_controller@ip-172-30-3-127"} 1 3065.94921875 0.0 3163.96875 3003.17578125 3086.8880615234375 32
stats: session 4 118730.07025146484 1808.847733986772 149271.1611328125 6973.427001953125 55930.267853251215 1891
stats: users_count 0 1897
stats: finish_users_count 4 1895
stats: request 7 9.604422433035714 2.876795855622084 33113.76806640625 0.056884765625 727.2363188222041 28527
stats: connect 0 0 0 31080.57421875 0.487060546875 1759.4715021145864 2758
stats: page 7 9.604422433035714 2.876795855622084 33113.76806640625 0.593017578125 865.2940277990451 23980
stats: tr_play_game__ready_page 0 0 0 1634.01416015625 0.70703125 428.71947682698567 960
stats: 302 0 3333
stats: tr_question_new_POST 0 0 0 7513.876953125 0.75 345.6813503030082 2675
stats: 200 7 12852
stats: tr_quiz_new_POST 0 0 0 32177.10107421875 0.9169921875 518.2666920629042 348
stats: size_rcv 11165 46693641
stats: tr_play_game__leaderboard 2 11.4534912109375 1.0155029296875 1584.72119140625 0.73583984375 413.9842083319742 958
stats: newphase 0 6
stats: tr_friend_requests 0 0 0 1494.52685546875 0.719970703125 436.999843616908 587
stats: 422 0 1135
stats: tr_friends 0 0 0 1713.567138671875 0.710205078125 443.4851232265492 587
stats: size_sent 23130 35122116
stats: tr_search_all_users 0 0 0 1811.625 0.73193359375 479.3463324005802 587
stats: connected -4 0
stats: tr_browse_quizzes_page_1 0 0 0 33113.803955078125 0.698974609375 1036.935132344564 960
stats: error_connection_closed 0 258
stats: tr_play_game__1st_question 0 0 0 1600.8310546875 0.674072265625 438.7776545206706 960
stats: error_abort_max_send_retries 0 50
stats: tr_play_game__answer_to_question 0 0 0 5801.802978515625 0.73095703125 450.35134633382165 960
stats: 503 0 7707
stats: tr_index 0 0 0 32788.365966796875 1.23583984375 3756.5610112508143 960
stats: 404 0 2879
stats: tr_quizzes_page_INDEX 0 0 0 1562.14208984375 0.73291015625 458.8050627790179 350
stats: 500 0 132
stats: tr_quiz_questions_SHOW 0 0 0 18183.97119140625 0.080078125 475.3221341084989 2675
# stats: dump at 1449462805
stats: users 1 1295
stats: {recvpackets,"tsung_controller@ip-172-30-3-127"} 1 78.0 0.0 10891 78 3981.6562500000005 32
stats: {sentpackets,"tsung_controller@ip-172-30-3-127"} 1 80.0 0.0 9235 75 3290.5625 32
stats: {cpu,"tsung_controller@ip-172-30-3-127"} 1 1.3738959764474974 0.0 36.39679066374909 1.279527559055118 8.547819362159355 33
stats: {load,"tsung_controller@ip-172-30-3-127"} 1 0.1015625 0.0 0.23828125 0.01171875 0.13660037878787878 33
stats: {freemem,"tsung_controller@ip-172-30-3-127"} 1 3067.1796875 0.0 3163.96875 3003.17578125 3086.2535511363635 33
stats: session 1 122394.85791015625 0.0 149271.1611328125 6973.427001953125 56062.826802904434 1895
stats: users_count 0 1897
stats: finish_users_count 1 1896
stats: request 26 3.8374774639423075 0.5377374640114233 33113.76806640625 0.056884765625 727.0602683815114 28534
stats: connect 1 0.81591796875 0.0 31080.57421875 0.487060546875 1759.4715021145864 2758
stats: page 17 5.922549977022059 2.1364140866619 33113.76806640625 0.593017578125 865.0443164038076 23987
stats: tr_play_game__ready_page 0 0 0 1634.01416015625 0.70703125 428.71947682698567 960
stats: 302 17 3350
stats: tr_question_new_POST 8 4.1549072265625 0.06454172691291514 7513.876953125 0.75 345.6813503030082 2675
stats: 200 0 12852
stats: tr_quiz_new_POST 1 6.31201171875 0.0 32177.10107421875 0.9169921875 518.2666920629042 348
stats: size_rcv 17117 46710758
stats: tr_play_game__leaderboard 0 0 0 1584.72119140625 0.73583984375 413.1456026713053 960
stats: newphase 0 6
stats: tr_friend_requests 0 0 0 1494.52685546875 0.719970703125 436.999843616908 587
stats: 422 9 1144
stats: tr_friends 0 0 0 1713.567138671875 0.710205078125 443.4851232265492 587
stats: size_sent 19597 35141713
stats: tr_search_all_users 0 0 0 1811.625 0.73193359375 479.3463324005802 587
stats: connected 0 0
stats: tr_browse_quizzes_page_1 0 0 0 33113.803955078125 0.698974609375 1036.935132344564 960
stats: error_connection_closed 0 258
stats: tr_play_game__1st_question 0 0 0 1600.8310546875 0.674072265625 438.7776545206706 960
stats: error_abort_max_send_retries 0 50
stats: tr_play_game__answer_to_question 0 0 0 5801.802978515625 0.73095703125 450.35134633382165 960
stats: 503 0 7707
stats: tr_index 0 0 0 32788.365966796875 1.23583984375 3756.5610112508143 960
stats: 404 0 2879
stats: tr_quizzes_page_INDEX 0 0 0 1562.14208984375 0.73291015625 458.8050627790179 350
stats: 500 0 132
stats: tr_quiz_questions_SHOW 8 3.51556396484375 0.3076517903075909 18183.97119140625 0.080078125 475.3221341084989 2675
# stats: dump at 1449462815
stats: users 1 1295
stats: {recvpackets,"tsung_controller@ip-172-30-3-127"} 1 0.0 0.0 10891 0 3863.363636363637 33
stats: {sentpackets,"tsung_controller@ip-172-30-3-127"} 1 0.0 0.0 9235 0 3193.2727272727275 33
stats: {cpu,"tsung_controller@ip-172-30-3-127"} 1 1.083743842364532 0.0 36.39679066374909 1.083743842364532 8.336821615520773 34
stats: {load,"tsung_controller@ip-172-30-3-127"} 1 0.08984375 0.0 0.23828125 0.01171875 0.13556985294117646 34
stats: {freemem,"tsung_controller@ip-172-30-3-127"} 1 3067.2734375 0.0 3163.96875 3003.17578125 3085.692555147059 34
stats: session 0 0 0 149271.1611328125 6973.427001953125 56097.81205137872 1896
stats: users_count 0 1897
stats: finish_users_count 0 1896
stats: request 0 0 0 33113.76806640625 0.056884765625 726.4018722833372 28560
stats: connect 0 0 0 31080.57421875 0.487060546875 1758.8340771112714 2759
stats: page 0 0 0 33113.76806640625 0.593017578125 864.4358732264515 24004
stats: tr_play_game__ready_page 0 0 0 1634.01416015625 0.70703125 428.71947682698567 960
stats: 302 0 3350
stats: tr_question_new_POST 0 0 0 7513.876953125 0.75 344.6630083184344 2683
stats: 200 0 12852
stats: tr_quiz_new_POST 0 0 0 32177.10107421875 0.9169921875 516.7997732080498 349
stats: size_rcv 0 46710758
stats: tr_play_game__leaderboard 0 0 0 1584.72119140625 0.73583984375 413.1456026713053 960
stats: newphase 0 6
stats: tr_friend_requests 0 0 0 1494.52685546875 0.719970703125 436.999843616908 587
stats: 422 0 1144
stats: tr_friends 0 0 0 1713.567138671875 0.710205078125 443.4851232265492 587
stats: size_sent 0 35141713
stats: tr_search_all_users 0 0 0 1811.625 0.73193359375 479.3463324005802 587
stats: connected 0 0
stats: tr_browse_quizzes_page_1 0 0 0 33113.803955078125 0.698974609375 1036.935132344564 960
stats: error_connection_closed 0 258
stats: tr_play_game__1st_question 0 0 0 1600.8310546875 0.674072265625 438.7776545206706 960
stats: error_abort_max_send_retries 0 50
stats: tr_play_game__answer_to_question 0 0 0 5801.802978515625 0.73095703125 450.35134633382165 960
stats: 503 0 7707
stats: tr_index 0 0 0 32788.365966796875 1.23583984375 3756.5610112508143 960
stats: 404 0 2879
stats: tr_quizzes_page_INDEX 0 0 0 1562.14208984375 0.73291015625 458.8050627790179 350
stats: 500 0 132
stats: tr_quiz_questions_SHOW 0 0 0 18183.97119140625 0.080078125 473.91533106669897 2683
# stats: dump at 1449462825
stats: users 0 1295
stats: {recvpackets,"tsung_controller@ip-172-30-3-127"} 1 0.0 0.0 10891 0 3749.7352941176473 34
stats: {sentpackets,"tsung_controller@ip-172-30-3-127"} 1 0.0 0.0 9235 0 3099.3529411764707 34
stats: {cpu,"tsung_controller@ip-172-30-3-127"} 1 0.8893280632411068 0.0 36.39679066374909 0.8893280632411068 8.129590822002022 35
stats: {load,"tsung_controller@ip-172-30-3-127"} 1 0.0703125 0.0 0.23828125 0.01171875 0.13426339285714287 35
stats: {freemem,"tsung_controller@ip-172-30-3-127"} 1 3067.32421875 0.0 3163.96875 3003.17578125 3085.1662946428573 35
stats: session 1 150991.57592773438 0.0 150991.57592773438 6973.427001953125 56097.81205137872 1896
stats: users_count 0 1897
stats: finish_users_count 1 1897
stats: request 26 9.049814077524038 3.0308709686446713 33113.76806640625 0.056884765625 726.4018722833372 28560
stats: connect 1 0.800048828125 0.0 31080.57421875 0.487060546875 1758.8340771112714 2759
stats: page 17 13.916460822610293 4.023379423144132 33113.76806640625 0.593017578125 864.4358732264515 24004
stats: tr_play_game__ready_page 0 0 0 1634.01416015625 0.70703125 428.71947682698567 960
stats: 302 0 3350
stats: tr_question_new_POST 8 5.605743408203125 1.3581072246973283 7513.876953125 0.75 344.6630083184344 2683
stats: 200 18 12870
stats: tr_quiz_new_POST 1 17.989990234375 0.0 32177.10107421875 0.9169921875 516.7997732080498 349
stats: size_rcv 70953 46781711
stats: tr_play_game__leaderboard 0 0 0 1584.72119140625 0.73583984375 413.1456026713053 960
stats: newphase 0 6
stats: tr_friend_requests 0 0 0 1494.52685546875 0.719970703125 436.999843616908 587
stats: 422 0 1144
stats: tr_friends 0 0 0 1713.567138671875 0.710205078125 443.4851232265492 587
stats: size_sent 23219 35164932
stats: tr_search_all_users 0 0 0 1811.625 0.73193359375 479.3463324005802 587
stats: connected 0 0
stats: tr_browse_quizzes_page_1 0 0 0 33113.803955078125 0.698974609375 1036.935132344564 960
stats: error_connection_closed 0 258
stats: tr_play_game__1st_question 0 0 0 1600.8310546875 0.674072265625 438.7776545206706 960
stats: error_abort_max_send_retries 0 50
stats: tr_play_game__answer_to_question 0 0 0 5801.802978515625 0.73095703125 450.35134633382165 960
stats: 503 0 7707
stats: tr_index 0 0 0 32788.365966796875 1.23583984375 3756.5610112508143 960
stats: 404 8 2887
stats: tr_quizzes_page_INDEX 0 0 0 1562.14208984375 0.73291015625 458.8050627790179 350
stats: 500 0 132
stats: tr_quiz_questions_SHOW 8 9.3214111328125 0.17849013232089278 18183.97119140625 0.080078125 473.91533106669897 2683
# stats: dump at 1449462827
stats: users 0 1295
stats: {recvpackets,"tsung_controller@ip-172-30-3-127"} 0 0 0 10891 0 3642.6000000000004 35
stats: {sentpackets,"tsung_controller@ip-172-30-3-127"} 0 0 0 9235 0 3010.8 35
stats: {cpu,"tsung_controller@ip-172-30-3-127"} 0 0 0 36.39679066374909 0.8893280632411068 7.928472412036442 36
stats: {load,"tsung_controller@ip-172-30-3-127"} 0 0 0 0.23828125 0.01171875 0.13248697916666666 36
stats: {freemem,"tsung_controller@ip-172-30-3-127"} 0 0 0 3163.96875 3003.17578125 3084.6706814236113 36
stats: session 0 0 0 150991.57592773438 6973.427001953125 56147.83512142425 1897
stats: users_count 0 1897
stats: finish_users_count 0 1897
stats: request 0 0 0 33113.76806640625 0.056884765625 725.7494146637558 28586
stats: connect 0 0 0 31080.57421875 0.487060546875 1758.1971082604443 2760
stats: page 0 0 0 33113.76806640625 0.593017578125 863.8339486599945 24021
stats: tr_play_game__ready_page 0 0 0 1634.01416015625 0.70703125 428.71947682698567 960
stats: 302 0 3350
stats: tr_question_new_POST 0 0 0 7513.876953125 0.75 343.6550342867429 2691
stats: 200 0 12870
stats: tr_quiz_new_POST 0 0 0 32177.10107421875 0.9169921875 515.3746023995536 350
stats: size_rcv 0 46781711
stats: tr_play_game__leaderboard 0 0 0 1584.72119140625 0.73583984375 413.1456026713053 960
stats: newphase 0 6
stats: tr_friend_requests 0 0 0 1494.52685546875 0.719970703125 436.999843616908 587
stats: 422 0 1144
stats: tr_friends 0 0 0 1713.567138671875 0.710205078125 443.4851232265492 587
stats: size_sent 0 35164932
stats: tr_search_all_users 0 0 0 1811.625 0.73193359375 479.3463324005802 587
stats: connected 0 0
stats: tr_browse_quizzes_page_1 0 0 0 33113.803955078125 0.698974609375 1036.935132344564 960
stats: error_connection_closed 0 258
stats: tr_play_game__1st_question 0 0 0 1600.8310546875 0.674072265625 438.7776545206706 960
stats: error_abort_max_send_retries 0 50
stats: tr_play_game__answer_to_question 0 0 0 5801.802978515625 0.73095703125 450.35134633382165 960
stats: 503 0 7707
stats: tr_index 0 0 0 32788.365966796875 1.23583984375 3756.5610112508143 960
stats: 404 0 2887
stats: tr_quizzes_page_INDEX 0 0 0 1562.14208984375 0.73291015625 458.8050627790179 350
stats: 500 0 132
stats: tr_quiz_questions_SHOW 0 0 0 18183.97119140625 0.080078125 472.53415256076397 2691
EndMonitor:{1449,462827,568630}
