# stats: dump at 1449533882
stats: users 3 4
stats: {cpu,"tsung_controller@ip-172-30-3-194"} 1 14.874980660978018 0 14.874980660978018 14.874980660978018 0 0
stats: {load,"tsung_controller@ip-172-30-3-194"} 1 0.0703125 0 0.0703125 0.0703125 0 0
stats: {freemem,"tsung_controller@ip-172-30-3-194"} 1 3172.203125 0 3172.203125 3172.203125 0 0
stats: session 1 7853.041015625 0 7853.041015625 7853.041015625 0 0
stats: users_count 4 4
stats: finish_users_count 1 1
stats: request 7 86.11418805803571 113.011703284289 347.744873046875 6.778076171875 0 0
stats: connect 4 28.63824462890625 46.799632375986725 109.675048828125 0.720947265625 0 0
stats: page 7 86.11418805803571 113.011703284289 347.744873046875 6.778076171875 0 0
stats: tr_play_game__ready_page 1 53.27197265625 0 53.27197265625 53.27197265625 0 0
stats: 200 7 7
stats: tr_play_game__1st_question 1 57.550048828125 0 57.550048828125 57.550048828125 0 0
stats: size_rcv 10976 10976
stats: tr_play_game__answer_to_question 1 12.58984375 0 12.58984375 12.58984375 0 0
stats: size_sent 3198 3198
stats: connected 4 4
# stats: dump at 1449533892
stats: users 10 10
stats: {recvpackets,"tsung_controller@ip-172-30-3-194"} 1 63 0 63 63 0 0
stats: {sentpackets,"tsung_controller@ip-172-30-3-194"} 1 66 0 66 66 0 0
stats: {cpu,"tsung_controller@ip-172-30-3-194"} 1 2.75049115913556 0.0 14.874980660978018 2.75049115913556 14.874980660978018 1
stats: {load,"tsung_controller@ip-172-30-3-194"} 1 0.05859375 0.0 0.0703125 0.05859375 0.0703125 1
stats: {freemem,"tsung_controller@ip-172-30-3-194"} 1 3171.38671875 0.0 3172.203125 3171.38671875 3172.203125 1
stats: session 1 16317.68212890625 0.0 16317.68212890625 7853.041015625 7853.041015625 1
stats: users_count 8 12
stats: finish_users_count 1 2
stats: request 26 60.219444861778825 193.38999206915378 1006.366943359375 5.717041015625 86.11418805803571 7
stats: connect 8 0.694854736328125 0.06565912784141185 109.675048828125 0.60205078125 28.63824462890625 4
stats: page 25 62.630986328125 197.34921739152358 1006.366943359375 5.717041015625 86.11418805803571 7
stats: tr_play_game__ready_page 3 8.554443359375 1.252244983759768 53.27197265625 7.576171875 53.27197265625 1
stats: 302 1 1
stats: tr_friend_requests 1 44.072998046875 0 44.072998046875 44.072998046875 0 0
stats: 200 25 32
stats: tr_friends 1 28.7470703125 0 28.7470703125 28.7470703125 0 0
stats: size_rcv 53802 64778
stats: tr_browse_quizzes_page_1 1 1006.472900390625 0 1006.472900390625 1006.472900390625 0 0
stats: size_sent 13062 16260
stats: tr_play_game__1st_question 2 7.224609375 0.6884765625 57.550048828125 6.5361328125 57.550048828125 1
stats: connected 6 10
stats: tr_play_game__answer_to_question 2 6.03955078125 0.242431640625 12.58984375 5.797119140625 12.58984375 1
stats: tr_sign_in_SHOW 1 8.704833984375 0 8.704833984375 8.704833984375 0 0
# stats: dump at 1449533902
stats: users 28 28
stats: {recvpackets,"tsung_controller@ip-172-30-3-194"} 1 432.0 0.0 432 63 63.0 1
stats: {sentpackets,"tsung_controller@ip-172-30-3-194"} 1 358.0 0.0 358 66 66.0 1
stats: {cpu,"tsung_controller@ip-172-30-3-194"} 1 1.4822134387351777 0.0 14.874980660978018 1.4822134387351777 8.812735910056789 2
stats: {load,"tsung_controller@ip-172-30-3-194"} 1 0.05078125 0.0 0.0703125 0.05078125 0.064453125 2
stats: {freemem,"tsung_controller@ip-172-30-3-194"} 1 3170.33984375 0.0 3172.203125 3170.33984375 3171.794921875 2
stats: session 0 0 0 16317.68212890625 7853.041015625 12085.361572265625 2
stats: users_count 18 30
stats: finish_users_count 0 2
stats: request 37 40.606346336570944 147.98475219588897 1006.366943359375 5.6689453125 65.71226917613635 33
stats: connect 18 1.1993950737847223 1.8412877302971233 109.675048828125 0.59814453125 10.009318033854166 12
stats: page 36 41.736328125 150.10798114131984 1006.366943359375 5.6689453125 67.76793670654297 32
stats: tr_play_game__ready_page 6 15.434814453125 17.340441416854066 54.2041015625 7.300048828125 19.73382568359375 4
stats: 302 1 2
stats: tr_friend_requests 0 0 0 44.072998046875 44.072998046875 44.072998046875 1
stats: 200 36 68
stats: tr_friends 0 0 0 28.7470703125 28.7470703125 28.7470703125 1
stats: size_rcv 59957 124735
stats: tr_browse_quizzes_page_1 0 0 0 1006.472900390625 1006.472900390625 1006.472900390625 1
stats: size_sent 15946 32206
stats: tr_play_game__1st_question 5 7.143212890625 0.8545191625206484 57.550048828125 6.132080078125 23.999755859375 3
stats: connected 18 28
stats: tr_play_game__answer_to_question 1 7.27197265625 0.0 12.58984375 5.797119140625 8.222981770833334 3
stats: tr_sign_in_SHOW 0 0 0 8.704833984375 8.704833984375 8.704833984375 1
# stats: dump at 1449533912
stats: users 39 39
stats: {recvpackets,"tsung_controller@ip-172-30-3-194"} 1 205.0 0.0 432 63 247.5 2
stats: {sentpackets,"tsung_controller@ip-172-30-3-194"} 1 226.0 0.0 358 66 212.0 2
stats: {cpu,"tsung_controller@ip-172-30-3-194"} 1 1.3820335636722607 0.0 14.874980660978018 1.3820335636722607 6.369228419616252 3
stats: {load,"tsung_controller@ip-172-30-3-194"} 1 0.0390625 0.0 0.0703125 0.0390625 0.059895833333333336 3
stats: {freemem,"tsung_controller@ip-172-30-3-194"} 1 3169.35546875 0.0 3172.203125 3169.35546875 3171.3098958333335 3
stats: session 5 12358.69775390625 6981.613606876968 20449.73583984375 397.327880859375 12085.361572265625 2
stats: users_count 16 46
stats: finish_users_count 5 7
stats: request 115 47.334825067934766 116.26757981296761 1064.387939453125 4.510986328125 52.44199567522321 70
stats: connect 14 0.7205810546875 0.23594908509913595 109.675048828125 0.5478515625 4.7233642578125 30
stats: page 101 53.91236801902848 127.79075818378669 1113.30810546875 5.18505859375 53.98649686925552 68
stats: tr_play_game__ready_page 11 50.69659978693182 106.43668793006644 385.83203125 6.443115234375 17.1544189453125 10
stats: 302 4 6
stats: tr_sign_in_POST 1 159.073974609375 0 159.073974609375 159.073974609375 0 0
stats: 200 103 171
stats: tr_question_new_POST 8 13.87799072265625 8.690226118355028 30.697021484375 4.60205078125 0 0
stats: size_rcv 251147 375882
stats: tr_quiz_new_POST 1 20.298095703125 0 20.298095703125 20.298095703125 0 0
stats: newphase 1 1
stats: tr_friend_requests 0 0 0 44.072998046875 44.072998046875 44.072998046875 1
stats: size_sent 78374 110580
stats: tr_friends 0 0 0 28.7470703125 28.7470703125 28.7470703125 1
stats: connected 9 37
stats: tr_search_all_users 1 1064.47021484375 0 1064.47021484375 1064.47021484375 0 0
stats: 404 8 8
stats: tr_browse_quizzes_page_1 3 174.88704427083334 117.03303905342499 1006.472900390625 27.044921875 1006.472900390625 1
stats: tr_play_game__1st_question 10 41.06416015625 93.87272801480422 322.243896484375 6.031005859375 13.46441650390625 8
stats: tr_play_game__answer_to_question 9 17.05715603298611 24.96097769774819 84.91796875 5.234130859375 7.9852294921875 4
stats: tr_quizzes_page_INDEX 1 12.244873046875 0 12.244873046875 12.244873046875 0 0
stats: tr_sign_in_SHOW 4 11.457763671875 4.405751118926782 19.06103515625 8.3310546875 8.704833984375 1
stats: tr_quiz_questions_SHOW 8 43.63726806640625 23.530487876416835 73.569091796875 7.11083984375 0 0
# stats: dump at 1449533922
stats: users 52 52
stats: {recvpackets,"tsung_controller@ip-172-30-3-194"} 1 578.0 0.0 578 63 233.33333333333334 3
stats: {sentpackets,"tsung_controller@ip-172-30-3-194"} 1 578.0 0.0 578 66 216.66666666666666 3
stats: {cpu,"tsung_controller@ip-172-30-3-194"} 1 2.0771513353115725 0.0 14.874980660978018 1.3820335636722607 5.122429705630253 4
stats: {load,"tsung_controller@ip-172-30-3-194"} 1 0.0390625 0.0 0.0703125 0.0390625 0.0546875 4
stats: {freemem,"tsung_controller@ip-172-30-3-194"} 1 3166.66796875 0.0 3172.203125 3166.66796875 3170.8212890625 4
stats: session 5 19126.16796875 7074.770026324095 25006.137939453125 397.327880859375 12280.60170200893 7
stats: users_count 18 64
stats: finish_users_count 5 12
stats: request 135 40.673480902777776 108.93571652878873 1064.387939453125 4.298095703125 49.267268000422284 185
stats: connect 19 1.4755216899671053 2.063440853336383 109.675048828125 0.5478515625 3.4497514204545454 44
stats: page 118 46.547137761520126 120.54098074121914 1113.30810546875 5.18505859375 53.94219501201923 169
stats: tr_play_game__ready_page 8 58.36175537109375 113.8889519691016 385.83203125 5.77880859375 34.72413271949405 21
stats: 302 6 12
stats: tr_sign_in_POST 3 237.79182942708334 73.49761690450444 341.6171875 159.073974609375 159.073974609375 1
stats: 200 121 292
stats: tr_question_new_POST 8 8.1729736328125 3.8083055162179056 30.697021484375 4.390869140625 13.87799072265625 8
stats: size_rcv 290790 666672
stats: tr_quiz_new_POST 1 13.0419921875 0.0 20.298095703125 13.0419921875 20.298095703125 1
stats: newphase 0 1
stats: tr_play_game__leaderboard 1 8.916015625 0 8.916015625 8.916015625 0 0
stats: size_sent 92823 203403
stats: tr_friend_requests 0 0 0 44.072998046875 44.072998046875 44.072998046875 1
stats: connected 14 51
stats: tr_friends 0 0 0 28.7470703125 28.7470703125 28.7470703125 1
stats: 404 8 16
stats: tr_search_all_users 2 42.1624755859375 5.5313720703125 1064.47021484375 36.631103515625 1064.47021484375 1
stats: tr_browse_quizzes_page_1 1 40.217041015625 0.0 1006.472900390625 27.044921875 382.78350830078125 4
stats: tr_play_game__1st_question 10 68.896435546875 174.7443162409823 592.626953125 6.031005859375 28.797607421875 18
stats: tr_play_game__answer_to_question 6 6.836100260416667 1.3535696254060303 84.91796875 5.234130859375 14.265794020432692 13
stats: tr_quizzes_page_INDEX 3 12.435302734375 6.754863402757107 21.988037109375 7.6240234375 12.244873046875 1
stats: tr_sign_in_SHOW 2 8.490966796875 0.338134765625 19.06103515625 8.15283203125 10.907177734375 5
stats: tr_quiz_questions_SHOW 8 15.448089599609375 8.494342989198415 73.569091796875 6.8369140625 43.63726806640625 8
# stats: dump at 1449533932
stats: users 55 60
stats: {recvpackets,"tsung_controller@ip-172-30-3-194"} 1 601.0 0.0 601 63 319.5 4
stats: {sentpackets,"tsung_controller@ip-172-30-3-194"} 1 614.0 0.0 614 66 307.0 4
stats: {cpu,"tsung_controller@ip-172-30-3-194"} 1 1.9801980198019802 0.0 14.874980660978018 1.3820335636722607 4.513374031566517 5
stats: {load,"tsung_controller@ip-172-30-3-194"} 1 0.03125 0.0 0.0703125 0.03125 0.0515625 5
stats: {freemem,"tsung_controller@ip-172-30-3-194"} 1 3166.06640625 0.0 3172.203125 3166.06640625 3169.990625 5
stats: session 8 21965.29022216797 16089.805434339996 50292.427001953125 397.327880859375 15132.920979817709 12
stats: users_count 11 75
stats: finish_users_count 8 20
stats: request 135 29.253710937499985 59.036223473327254 1064.387939453125 4.298095703125 45.64176406860351 320
stats: connect 12 2.5229288736979165 2.6675079630270155 109.675048828125 0.531982421875 2.8543488033234126 63
stats: page 123 32.11181640624998 67.19125344286832 1113.30810546875 5.1650390625 50.901718511814025 287
stats: tr_play_game__ready_page 7 9.981619698660714 8.565791544276355 385.83203125 5.77880859375 41.244856209590516 29
stats: 302 10 22
stats: tr_sign_in_POST 3 199.01009114583334 60.629261229659384 341.6171875 152.591064453125 218.11236572265625 4
stats: 200 125 417
stats: tr_question_new_POST 0 0 0 30.697021484375 4.390869140625 11.025482177734375 16
stats: size_rcv 266065 932737
stats: tr_quiz_new_POST 0 0 0 20.298095703125 13.0419921875 16.6700439453125 2
stats: newphase 0 1
stats: tr_play_game__leaderboard 4 7.207275390625 0.6409979176792476 8.916015625 6.511962890625 8.916015625 1
stats: size_sent 96832 300235
stats: tr_friend_requests 3 8.573567708333334 0.6512514615586554 44.072998046875 7.699951171875 44.072998046875 1
stats: connected 4 55
stats: tr_friends 1 22.63916015625 0.0 28.7470703125 22.63916015625 28.7470703125 1
stats: 404 0 16
stats: tr_search_all_users 2 34.611083984375 2.35107421875 1064.47021484375 32.260009765625 382.9317220052083 3
stats: tr_browse_quizzes_page_1 2 55.52099609375 20.18701171875 1006.472900390625 27.044921875 314.27021484375 5
stats: tr_play_game__1st_question 7 10.172049386160714 5.986129853064282 592.626953125 6.031005859375 43.118617466517854 28
stats: tr_play_game__answer_to_question 11 11.046564275568182 7.726264661106689 84.91796875 5.234130859375 11.919574938322368 19
stats: tr_quizzes_page_INDEX 2 7.615966796875 0.279052734375 21.988037109375 7.3369140625 12.3876953125 4
stats: tr_sign_in_SHOW 3 8.61328125 0.7739783813700393 19.06103515625 7.949951171875 10.216831752232142 7
stats: tr_quiz_questions_SHOW 0 0 0 73.569091796875 6.8369140625 29.542678833007813 16
# stats: dump at 1449533942
stats: users 51 60
stats: {recvpackets,"tsung_controller@ip-172-30-3-194"} 1 591.0 0.0 601 63 375.8 5
stats: {sentpackets,"tsung_controller@ip-172-30-3-194"} 1 625.0 0.0 625 66 368.4 5
stats: {cpu,"tsung_controller@ip-172-30-3-194"} 1 2.171767028627838 0.0 14.874980660978018 1.3820335636722607 4.091178029605761 6
stats: {load,"tsung_controller@ip-172-30-3-194"} 1 0.03125 0.0 0.0703125 0.03125 0.048177083333333336 6
stats: {freemem,"tsung_controller@ip-172-30-3-194"} 1 3162.63671875 0.0 3172.203125 3162.63671875 3169.3365885416665 6
stats: session 16 26155.745635986328 16613.88852245268 56783.68310546875 397.327880859375 17865.86867675781 20
stats: users_count 12 87
stats: finish_users_count 16 36
stats: request 125 43.352310546875 120.06730063031115 1065.9130859375 4.298095703125 40.7793746780563 455
stats: connect 11 2.0356889204545454 2.263776911099247 109.675048828125 0.531982421875 2.8013216145833333 75
stats: page 115 47.126929772418464 128.5290854156795 1113.30810546875 5.029052734375 45.26474788014481 410
stats: tr_play_game__ready_page 3 34.410319010416664 20.678712053315184 385.83203125 5.77880859375 35.1658935546875 36
stats: 302 5 27
stats: tr_sign_in_POST 2 159.337158203125 9.883056640625 341.6171875 149.4541015625 209.92567661830358 7
stats: 200 120 537
stats: tr_question_new_POST 0 0 0 30.697021484375 4.390869140625 11.025482177734375 16
stats: size_rcv 315856 1248593
stats: tr_quiz_new_POST 0 0 0 20.298095703125 13.0419921875 16.6700439453125 2
stats: newphase 1 2
stats: tr_play_game__leaderboard 10 17.32705078125 23.266337532830168 84.0361328125 6.1611328125 7.5490234375 5
stats: size_sent 89667 389902
stats: tr_friend_requests 1 8.004150390625 0.0 44.072998046875 7.699951171875 17.44842529296875 4
stats: connected -5 50
stats: tr_friends 2 16.884033203125 4.114013671875 28.7470703125 12.77001953125 25.693115234375 2
stats: 404 0 16
stats: tr_search_all_users 5 51.464599609375 34.09486479121099 1064.47021484375 27.31396484375 243.603466796875 5
stats: tr_browse_quizzes_page_1 3 60.773111979166664 14.673163595184077 1006.472900390625 27.044921875 240.34186662946428 7
stats: tr_play_game__1st_question 3 26.487467447916668 28.467006247033844 592.626953125 6.031005859375 36.52930385044643 35
stats: tr_play_game__answer_to_question 4 25.85357666015625 27.923222347264932 84.91796875 5.234130859375 11.599471028645834 30
stats: tr_quizzes_page_INDEX 2 88.7220458984375 81.6019287109375 170.323974609375 7.1201171875 10.797119140625 6
stats: tr_sign_in_SHOW 1 31.2099609375 0.0 31.2099609375 7.949951171875 9.7357666015625 10
stats: tr_quiz_questions_SHOW 0 0 0 73.569091796875 6.8369140625 29.542678833007813 16
# stats: dump at 1449533952
stats: users 56 60
stats: {recvpackets,"tsung_controller@ip-172-30-3-194"} 1 629.0 0.0 629 63 411.6666666666667 6
stats: {sentpackets,"tsung_controller@ip-172-30-3-194"} 1 653.0 0.0 653 66 411.1666666666667 6
stats: {cpu,"tsung_controller@ip-172-30-3-194"} 1 2.272727272727273 0.0 14.874980660978018 1.3820335636722607 3.816976458037486 7
stats: {load,"tsung_controller@ip-172-30-3-194"} 1 0.01953125 0.0 0.0703125 0.01953125 0.04575892857142857 7
stats: {freemem,"tsung_controller@ip-172-30-3-194"} 1 3161.8125 0.0 3172.203125 3161.8125 3168.379464285714 7
stats: session 16 33245.098220825195 18463.16369257445 64499.23193359375 397.327880859375 21550.25843641493 36
stats: users_count 21 108
stats: finish_users_count 16 52
stats: request 175 23.52222377232143 39.30928161934601 1065.9130859375 4.2841796875 41.33388671874999 580
stats: connect 22 1.5803777521306819 2.241440659119697 109.675048828125 0.52099609375 2.703391851380814 86
stats: page 148 27.834848764780418 47.00309405844845 1113.30810546875 5.029052734375 45.67265438988094 525
stats: tr_play_game__ready_page 4 12.66949462890625 10.590815965432611 385.83203125 5.77880859375 35.10777243589744 39
stats: 302 7 34
stats: tr_sign_in_POST 5 195.02939453125 43.791028434894805 341.6171875 149.4541015625 198.68378363715277 9
stats: 200 152 689
stats: tr_question_new_POST 16 10.062469482421875 5.909560498061999 30.697021484375 4.373046875 11.025482177734375 16
stats: size_rcv 402642 1651235
stats: tr_quiz_new_POST 2 39.45751953125 12.525634765625 51.983154296875 13.0419921875 16.6700439453125 2
stats: newphase 0 2
stats: tr_play_game__leaderboard 7 9.614920479910714 5.434781465618704 84.0361328125 6.1611328125 14.067708333333334 15
stats: size_sent 127842 517744
stats: tr_friend_requests 0 0 0 44.072998046875 7.699951171875 15.5595703125 5
stats: connected 6 56
stats: tr_friends 1 12.399169921875 0.0 28.7470703125 12.399169921875 21.28857421875 4
stats: 404 16 32
stats: tr_search_all_users 2 71.991455078125 32.342529296875 1064.47021484375 27.31396484375 147.534033203125 10
stats: tr_browse_quizzes_page_1 3 56.734293619791664 32.46386367109372 1006.472900390625 26.837158203125 186.471240234375 10
stats: tr_play_game__1st_question 5 11.925244140625 7.737415370262645 592.626953125 6.031005859375 35.73652729235198 38
stats: tr_play_game__answer_to_question 6 7.7933349609375 4.823229402827808 84.91796875 5.234130859375 13.276424632352942 34
stats: tr_quizzes_page_INDEX 4 11.9873046875 8.083018355566056 170.323974609375 7.1201171875 30.278350830078125 8
stats: tr_sign_in_SHOW 3 12.011393229166666 5.017049396369383 31.2099609375 7.949951171875 11.687966086647727 11
stats: tr_quiz_questions_SHOW 16 15.23394775390625 4.6900161344024704 73.569091796875 6.8369140625 29.542678833007813 16
# stats: dump at 1449533962
stats: users 58 60
stats: {recvpackets,"tsung_controller@ip-172-30-3-194"} 1 913.0 0.0 913 63 442.7142857142857 7
stats: {sentpackets,"tsung_controller@ip-172-30-3-194"} 1 844.0 0.0 844 66 445.7142857142857 7
stats: {cpu,"tsung_controller@ip-172-30-3-194"} 1 2.4703557312252964 0.0 14.874980660978018 1.3820335636722607 3.6239453098737093 8
stats: {load,"tsung_controller@ip-172-30-3-194"} 1 0.01953125 0.0 0.0703125 0.01953125 0.04248046875 8
stats: {freemem,"tsung_controller@ip-172-30-3-194"} 1 3163.30078125 0.0 3172.203125 3161.8125 3167.55859375 8
stats: session 18 27859.94997829861 23997.10543915247 68757.07397460938 198.692138671875 25148.670677771934 52
stats: users_count 20 128
stats: finish_users_count 18 70
stats: request 181 19.279910598670586 24.2990540235276 1065.9130859375 4.2841796875 37.205355572226814 755
stats: connect 19 0.9058773643092105 0.7615267837049495 109.675048828125 0.5009765625 2.4746297200520835 108
stats: page 158 22.10357897794698 28.84203449784034 1113.30810546875 5.029052734375 41.74992744706537 673
stats: tr_play_game__ready_page 12 13.034627278645834 8.93289227509995 385.83203125 5.77880859375 33.02049077943314 43
stats: 302 2 36
stats: tr_sign_in_POST 0 0 0 341.6171875 149.4541015625 197.37864467075892 14
stats: 200 163 852
stats: tr_question_new_POST 16 14.138442993164063 14.822182596282687 65.6669921875 4.373046875 10.543975830078125 32
stats: size_rcv 456245 2107480
stats: tr_quiz_new_POST 2 23.3919677734375 12.1900634765625 51.983154296875 11.201904296875 28.06378173828125 4
stats: newphase 0 2
stats: tr_play_game__leaderboard 4 12.09326171875 8.43378241726842 84.0361328125 6.1611328125 12.650912198153408 22
stats: size_sent 130293 648037
stats: tr_friend_requests 0 0 0 44.072998046875 7.699951171875 15.5595703125 5
stats: connected 2 58
stats: tr_friends 0 0 0 28.7470703125 12.399169921875 19.510693359375 5
stats: 404 16 48
stats: tr_search_all_users 3 37.119384765625 9.486394640981453 1064.47021484375 27.31396484375 134.943603515625 12
stats: tr_browse_quizzes_page_1 7 52.76890345982143 37.013809015059635 1006.472900390625 26.755859375 156.53194486177884 13
stats: tr_play_game__1st_question 9 12.161268446180555 12.067381323082012 592.626953125 5.952880859375 32.96777343750001 43
stats: tr_play_game__answer_to_question 7 16.109200613839285 10.97988734870002 84.91796875 5.234130859375 12.453961181640626 40
stats: tr_quizzes_page_INDEX 2 35.6474609375 27.468505859375 170.323974609375 7.1201171875 24.18133544921875 12
stats: tr_sign_in_SHOW 4 12.885009765625 7.399311455141943 31.2099609375 7.949951171875 11.757271902901786 14
stats: tr_quiz_questions_SHOW 16 16.69035339355469 9.40790870476613 73.569091796875 6.8369140625 22.38831329345703 32
# stats: dump at 1449533972
stats: users 82 82
stats: {recvpackets,"tsung_controller@ip-172-30-3-194"} 1 753.0 0.0 913 63 501.5 8
stats: {sentpackets,"tsung_controller@ip-172-30-3-194"} 1 775.0 0.0 844 66 495.5 8
stats: {cpu,"tsung_controller@ip-172-30-3-194"} 1 2.1739130434782608 0.0 14.874980660978018 1.3820335636722607 3.4957686900238856 9
stats: {load,"tsung_controller@ip-172-30-3-194"} 1 0.01953125 0.0 0.0703125 0.01953125 0.03993055555555555 9
stats: {freemem,"tsung_controller@ip-172-30-3-194"} 1 3163.3203125 0.0 3172.203125 3161.8125 3167.085503472222 9
stats: session 9 37250.631049262156 20730.118298247904 68757.07397460938 198.692138671875 25845.856783621653 70
stats: users_count 33 161
stats: finish_users_count 9 79
stats: request 181 21.746243471598763 46.36921995716916 1065.9130859375 4.2841796875 33.739003499348954 936
stats: connect 32 1.2200469970703127 1.846030155291529 109.675048828125 0.48388671875 2.2399344857283463 127
stats: page 165 23.86500059185606 51.37386357447157 1113.30810546875 5.029052734375 38.01452063825586 831
stats: tr_play_game__ready_page 10 10.8200927734375 6.632693599403546 385.83203125 5.77880859375 28.659938742897726 55
stats: 302 5 41
stats: tr_sign_in_POST 4 254.86492919921875 121.54146392903077 464.130859375 149.4541015625 197.37864467075892 14
stats: 200 168 1020
stats: tr_question_new_POST 8 10.4935302734375 5.283023605540259 65.6669921875 4.373046875 11.742131551106771 48
stats: size_rcv 353659 2461139
stats: tr_quiz_new_POST 1 11.3818359375 0.0 51.983154296875 11.201904296875 26.506510416666668 6
stats: newphase 1 3
stats: tr_play_game__leaderboard 9 13.012451171875 9.737040368950804 84.0361328125 6.1611328125 12.56511981670673 26
stats: size_sent 122859 770896
stats: tr_friend_requests 1 170.61181640625 0.0 170.61181640625 7.699951171875 15.5595703125 5
stats: connected 23 81
stats: tr_friends 0 0 0 28.7470703125 12.399169921875 19.510693359375 5
stats: 404 8 56
stats: tr_search_all_users 2 41.0975341796875 14.5494384765625 1064.47021484375 26.548095703125 115.378759765625 15
stats: tr_browse_quizzes_page_1 0 0 0 1006.472900390625 26.755859375 120.21488037109376 20
stats: tr_play_game__1st_question 12 10.677083333333334 10.041078122390163 592.626953125 5.952880859375 29.366647573617794 52
stats: tr_play_game__answer_to_question 10 6.26845703125 1.1559966876946088 84.91796875 5.234130859375 12.99835854388298 47
stats: tr_quizzes_page_INDEX 2 8.0035400390625 0.6075439453125 170.323974609375 7.1201171875 25.819353376116073 14
stats: tr_sign_in_SHOW 4 8.20050048828125 0.2670809379920034 31.2099609375 7.843994140625 12.007880316840279 18
stats: tr_quiz_questions_SHOW 8 16.78118896484375 7.035084566527414 73.569091796875 6.8369140625 20.488993326822918 48
# stats: dump at 1449533982
stats: users 96 96
stats: {recvpackets,"tsung_controller@ip-172-30-3-194"} 1 1038.0 0.0 1038 63 529.4444444444445 9
stats: {sentpackets,"tsung_controller@ip-172-30-3-194"} 1 1044.0 0.0 1044 66 526.5555555555555 9
stats: {cpu,"tsung_controller@ip-172-30-3-194"} 1 3.0632411067193677 0.0 14.874980660978018 1.3820335636722607 3.363583125369323 10
stats: {load,"tsung_controller@ip-172-30-3-194"} 1 0.01171875 0.0 0.0703125 0.01171875 0.037890625 10
stats: {freemem,"tsung_controller@ip-172-30-3-194"} 1 3162.98828125 0.0 3172.203125 3161.8125 3166.708984375 10
stats: session 23 30241.697010869564 25693.58597826778 84090.26318359375 198.692138671875 27145.134864517404 79
stats: users_count 37 198
stats: finish_users_count 23 102
stats: request 303 42.70487024288364 108.74515407183047 1605.410888671875 4.281005859375 31.795682492166517 1117
stats: connect 39 2.2105055588942304 3.086141160950403 109.675048828125 0.48388671875 2.034674110652516 159
stats: page 247 52.41448060317564 124.1619223241879 1611.140869140625 5.029052734375 35.67047364261734 996
stats: tr_play_game__ready_page 11 38.32614968039773 58.009172702620695 385.83203125 5.77880859375 25.91534705528846 65
stats: 302 9 50
stats: tr_sign_in_POST 1 410.77490234375 0.0 464.130859375 149.4541015625 210.15337456597223 18
stats: 200 255 1275
stats: tr_question_new_POST 40 16.86519775390625 12.80950120403414 65.6669921875 4.3681640625 11.563759940011161 56
stats: size_rcv 737866 3199005
stats: tr_quiz_new_POST 5 26.665771484375 17.964266612119413 59.56689453125 11.201904296875 24.345842633928573 7
stats: newphase 0 3
stats: tr_play_game__leaderboard 7 33.392054966517854 38.24515716797188 101.35302734375 6.153076171875 12.680147879464286 35
stats: size_sent 218013 988909
stats: tr_friend_requests 0 0 0 170.61181640625 7.699951171875 41.401611328125 6
stats: connected 15 96
stats: tr_friends 0 0 0 28.7470703125 12.399169921875 19.510693359375 5
stats: 404 40 96
stats: tr_search_all_users 2 138.5230712890625 59.9801025390625 1064.47021484375 26.548095703125 106.63979204963235 17
stats: tr_browse_quizzes_page_1 9 76.59518771701389 47.28594826905167 1006.472900390625 26.755859375 120.21488037109376 20
stats: tr_play_game__1st_question 9 33.73084852430556 31.414398592355283 592.626953125 5.952880859375 25.862354278564457 64
stats: tr_play_game__answer_to_question 7 21.04833984375 17.036993575638526 84.91796875 5.234130859375 11.817674067982455 57
stats: tr_quizzes_page_INDEX 3 32.315022786458336 18.418234791816978 170.323974609375 7.1201171875 23.592376708984375 16
stats: tr_sign_in_SHOW 2 41.5040283203125 33.1490478515625 74.653076171875 7.843994140625 11.315629438920455 22
stats: tr_quiz_questions_SHOW 40 28.674920654296887 26.017657099794317 131.16015625 6.73095703125 19.959306989397323 56
# stats: dump at 1449533992
stats: users 111 111
stats: {recvpackets,"tsung_controller@ip-172-30-3-194"} 1 1512.0 0.0 1512 63 580.3 10
stats: {sentpackets,"tsung_controller@ip-172-30-3-194"} 1 1320.0 0.0 1320 66 578.3 10
stats: {cpu,"tsung_controller@ip-172-30-3-194"} 1 3.3630069238377844 0.0 14.874980660978018 1.3820335636722607 3.3362793054920545 11
stats: {load,"tsung_controller@ip-172-30-3-194"} 1 0.01171875 0.0 0.0703125 0.01171875 0.03551136363636364 11
stats: {freemem,"tsung_controller@ip-172-30-3-194"} 1 3162.36328125 0.0 3172.203125 3161.8125 3166.3707386363635 11
stats: session 22 26488.59501509233 20860.66683995665 84090.26318359375 198.692138671875 27843.379270067402 102
stats: users_count 37 235
stats: finish_users_count 22 124
stats: request 299 109.06708396477845 253.36092497865735 3344.239013671875 4.281005859375 34.12348804742517 1420
stats: connect 36 2.3753797743055554 2.7659445441203085 109.675048828125 0.450927734375 2.0693075777304295 198
stats: page 252 129.28734867156504 285.610985937323 3344.239013671875 5.029052734375 38.997722008874696 1243
stats: tr_play_game__ready_page 19 38.311433490953945 25.53425421118895 385.83203125 5.77880859375 27.711647435238486 76
stats: 302 16 66
stats: tr_sign_in_POST 4 839.9728393554688 233.0940351806897 1167.175048828125 149.4541015625 220.71240234375 19
stats: 200 261 1536
stats: tr_question_new_POST 21 39.025599888392854 61.859930089497674 293.551025390625 4.3681640625 13.772692362467447 96
stats: size_rcv 712811 3911816
stats: tr_quiz_new_POST 4 98.13800048828125 82.76580845371124 207.40185546875 11.201904296875 25.312479654947918 12
stats: newphase 0 3
stats: tr_play_game__leaderboard 8 99.25527954101563 89.85715611589413 270.464111328125 6.153076171875 16.132132393973215 42
stats: size_sent 212343 1201252
stats: tr_friend_requests 4 226.2315673828125 192.40521170078256 536.112060546875 7.699951171875 41.401611328125 6
stats: connected 14 110
stats: tr_friends 1 107.219970703125 0.0 107.219970703125 12.399169921875 19.510693359375 5
stats: 404 21 117
stats: tr_search_all_users 6 189.1220703125 172.3761458033216 1064.47021484375 26.548095703125 109.99592670641448 19
stats: tr_browse_quizzes_page_1 6 201.60750325520834 91.03540497421476 1006.472900390625 26.755859375 106.677734375 29
stats: tr_play_game__1st_question 17 51.977653952205884 46.551968206262664 592.626953125 5.952880859375 26.83244261023117 73
stats: tr_play_game__answer_to_question 14 42.24461146763393 32.387746215376 129.12109375 5.234130859375 12.827278137207031 64
stats: tr_quizzes_page_INDEX 3 58.606689453125 43.79276262905761 170.323974609375 7.1201171875 24.96963661595395 19
stats: tr_sign_in_SHOW 7 501.808349609375 1160.5890711925974 3344.322998046875 7.843994140625 13.831329345703125 24
stats: tr_quiz_questions_SHOW 19 42.76477693256579 41.5140124559085 167.845947265625 6.73095703125 23.590812683105472 96
# stats: dump at 1449534002
stats: users 132 134
stats: {recvpackets,"tsung_controller@ip-172-30-3-194"} 1 1655.0 0.0 1655 63 665.0 11
stats: {sentpackets,"tsung_controller@ip-172-30-3-194"} 1 1473.0 0.0 1473 66 645.7272727272727 11
stats: {cpu,"tsung_controller@ip-172-30-3-194"} 1 4.137931034482759 0.0 14.874980660978018 1.3820335636722607 3.3385066070208658 12
stats: {load,"tsung_controller@ip-172-30-3-194"} 1 0.01171875 0.0 0.0703125 0.01171875 0.033528645833333336 12
stats: {freemem,"tsung_controller@ip-172-30-3-194"} 1 3159.203125 0.0 3172.203125 3159.203125 3166.0367838541665 12
stats: session 34 32860.457799574906 24711.11772096175 103936.01611328125 198.692138671875 27603.01432160408 124
stats: users_count 55 290
stats: finish_users_count 34 158
stats: request 436 147.4644473014623 183.79298261655867 3344.239013671875 4.281005859375 47.15905243328243 1719
stats: connect 56 3.0439976283482144 3.488284688386849 109.675048828125 0.450927734375 2.116395607972757 234
stats: page 355 180.1856080820864 231.12581865164927 3344.239013671875 5.029052734375 54.21711058345528 1495
stats: tr_play_game__ready_page 15 145.53811848958333 126.35255189215087 448.416015625 5.77880859375 29.831604646381578 95
stats: 302 18 84
stats: tr_sign_in_POST 3 669.0023600260416 266.08000573612713 1167.175048828125 149.4541015625 328.4098696501359 23
stats: 200 370 1906
stats: tr_question_new_POST 49 69.68572624362243 78.18150116251137 416.85693359375 4.3681640625 18.305265508146366 117
stats: size_rcv 1098696 5010512
stats: tr_quiz_new_POST 5 171.698583984375 67.1849613702982 285.002197265625 11.201904296875 43.51885986328125 16
stats: newphase 1 4
stats: tr_play_game__leaderboard 3 145.82633463541666 145.92892080902837 351.152099609375 6.153076171875 29.4318359375 50
stats: size_sent 320078 1521330
stats: tr_friend_requests 2 359.08154296875 4.408447265625 536.112060546875 7.699951171875 115.33359375 10
stats: connected 22 132
stats: tr_friends 4 364.3800048828125 49.996486253208815 440.358154296875 12.399169921875 34.12890625 6
stats: 404 49 166
stats: tr_search_all_users 9 267.3447536892361 116.41974439112977 1064.47021484375 26.548095703125 128.986201171875 25
stats: tr_browse_quizzes_page_1 8 257.9039001464844 101.63923989054699 1006.472900390625 26.755859375 122.95140904017858 35
stats: tr_play_game__1st_question 17 144.5829647288603 89.07333279161762 592.626953125 5.952880859375 31.58209364149306 90
stats: tr_play_game__answer_to_question 13 166.26949368990384 79.40667055992583 307.7451171875 5.234130859375 18.10731232471955 78
stats: tr_quizzes_page_INDEX 3 203.41178385416666 139.57222648912315 359.044189453125 7.1201171875 29.556507457386363 22
stats: tr_sign_in_SHOW 7 119.21261160714286 57.692951069490086 3344.322998046875 7.843994140625 124.01968876008064 31
stats: tr_quiz_questions_SHOW 51 86.58366842830881 71.48631126921822 407.1328125 6.73095703125 26.758685037364135 115
# stats: dump at 1449534012
stats: users 183 183
stats: {recvpackets,"tsung_controller@ip-172-30-3-194"} 1 2456.0 0.0 2456 63 747.5 12
stats: {sentpackets,"tsung_controller@ip-172-30-3-194"} 1 1992.0 0.0 1992 66 714.6666666666666 12
stats: {cpu,"tsung_controller@ip-172-30-3-194"} 1 4.733727810650888 0.0 14.874980660978018 1.3820335636722607 3.4000007937487036 13
stats: {load,"tsung_controller@ip-172-30-3-194"} 1 0.01171875 0.0 0.0703125 0.01171875 0.031850961538461536 13
stats: {freemem,"tsung_controller@ip-172-30-3-194"} 1 3156.9375 0.0 3172.203125 3156.9375 3165.5111177884614 13
stats: session 24 27380.848225911457 20299.18247171511 103936.01611328125 198.692138671875 28734.36291812945 158
stats: users_count 75 365
stats: finish_users_count 24 182
stats: request 490 258.9948630819514 219.46343098273772 3344.239013671875 4.281005859375 67.45285854118332 2155
stats: connect 75 3.501126302083333 3.3882458762793797 109.675048828125 0.450927734375 2.2955187567349142 290
stats: page 424 299.5994112986438 272.32664625806484 3344.239013671875 5.029052734375 78.38944388724666 1850
stats: tr_play_game__ready_page 27 188.72862413194446 119.1652001735721 463.555908203125 5.77880859375 45.609765625 110
stats: 302 18 102
stats: tr_sign_in_POST 9 1070.4016655815972 290.12454291285763 1707.14892578125 149.4541015625 367.7090031550481 26
stats: 200 436 2342
stats: tr_question_new_POST 36 147.83643256293402 103.19649761336012 443.760986328125 4.3681640625 33.47178705054593 166
stats: size_rcv 1094110 6104622
stats: tr_quiz_new_POST 5 297.999560546875 208.4097200720776 646.2587890625 11.201904296875 74.037841796875 21
stats: newphase 0 4
stats: tr_play_game__leaderboard 10 233.949169921875 159.03820667360947 507.501953125 6.153076171875 36.020203788325475 53
stats: size_sent 347595 1868925
stats: tr_friend_requests 0 0 0 536.112060546875 7.699951171875 155.958251953125 12
stats: connected 51 183
stats: tr_friends 1 227.52001953125 0.0 440.358154296875 12.399169921875 166.229345703125 10
stats: 404 36 202
stats: tr_search_all_users 7 329.66346958705356 116.74507045781823 1064.47021484375 26.548095703125 165.6105238970588 34
stats: tr_browse_quizzes_page_1 6 384.8486735026042 169.10347695265506 1006.472900390625 26.755859375 148.0588492460029 43
stats: tr_play_game__1st_question 25 194.397763671875 86.68291345574667 592.626953125 5.952880859375 49.53550306658879 107
stats: tr_play_game__answer_to_question 21 269.7817964099702 158.6528426747892 556.1220703125 5.234130859375 39.27333823403159 91
stats: tr_quizzes_page_INDEX 7 215.41768973214286 133.11922778731213 445.29296875 7.1201171875 50.419140625 25
stats: tr_sign_in_SHOW 7 280.10689871651783 159.1626597184532 3344.322998046875 7.843994140625 123.13417454769737 38
stats: tr_quiz_questions_SHOW 35 180.59978376116072 118.01840130901478 608.072998046875 6.73095703125 45.13864981410015 166
# stats: dump at 1449534022
stats: users 226 226
stats: {recvpackets,"tsung_controller@ip-172-30-3-194"} 1 2935.0 0.0 2935 63 878.9230769230769 13
stats: {sentpackets,"tsung_controller@ip-172-30-3-194"} 1 2514.0 0.0 2514 66 812.9230769230769 13
stats: {cpu,"tsung_controller@ip-172-30-3-194"} 1 6.568627450980393 0.0 14.874980660978018 1.3820335636722607 3.4952670092417173 14
stats: {load,"tsung_controller@ip-172-30-3-194"} 1 0.078125 0.0 0.078125 0.01171875 0.030412946428571428 14
stats: {freemem,"tsung_controller@ip-172-30-3-194"} 1 3151.8984375 0.0 3172.203125 3151.8984375 3164.8987165178573 14
stats: session 41 26256.2680485423 19977.951360346084 103936.01611328125 198.692138671875 28555.877464210593 182
stats: users_count 84 449
stats: finish_users_count 41 223
stats: request 463 350.9629096078564 272.3740587918409 3344.239013671875 4.281005859375 102.93701061111767 2645
stats: connect 83 2.758994964231927 3.198577276357782 109.675048828125 0.450927734375 2.5432463345462333 365
stats: page 420 384.1739984421503 345.1592534595826 3344.239013671875 5.029052734375 119.63527774055903 2274
stats: tr_play_game__ready_page 23 211.38566788383153 197.9330231350224 748.570068359375 5.77880859375 73.81567204607664 137
stats: 302 17 119
stats: tr_sign_in_POST 4 1254.848876953125 458.5465568553791 1945.748779296875 149.4541015625 548.4014020647321 35
stats: 200 432 2774
stats: tr_question_new_POST 14 107.35224260602679 90.6849060587202 443.760986328125 4.3681640625 53.8536050626547 202
stats: size_rcv 1106286 7210908
stats: tr_quiz_new_POST 1 261.921875 0.0 646.2587890625 11.201904296875 117.10740309495192 26
stats: newphase 0 4
stats: tr_play_game__leaderboard 11 265.1338556463068 225.00674003428233 780.155029296875 6.153076171875 67.4375 63
stats: size_sent 308942 2177867
stats: tr_friend_requests 4 313.8399658203125 193.99169777961262 564.406005859375 7.699951171875 155.958251953125 12
stats: connected 43 226
stats: tr_friends 1 503.117919921875 0.0 503.117919921875 12.399169921875 171.80122514204547 11
stats: 404 14 216
stats: tr_search_all_users 11 478.4609375 233.2212191522079 1064.47021484375 26.548095703125 193.6195634051067 41
stats: tr_browse_quizzes_page_1 15 491.9386881510417 145.935139424427 1006.472900390625 26.755859375 177.0535216039541 49
stats: tr_play_game__1st_question 25 282.12056640625 183.6440945186756 736.13916015625 5.952880859375 76.97153727213542 132
stats: tr_play_game__answer_to_question 26 364.4474346454327 180.3938362747044 657.6298828125 5.234130859375 82.49367414202008 112
stats: tr_quizzes_page_INDEX 5 310.8 267.4949636195312 762.531005859375 7.1201171875 86.5125732421875 32
stats: tr_sign_in_SHOW 8 268.42041015625 222.80576312204997 3344.322998046875 7.843994140625 147.55215386284723 45
stats: tr_quiz_questions_SHOW 15 124.94720052083333 87.07492172025522 608.072998046875 6.73095703125 68.72640945662313 201
# stats: dump at 1449534032
stats: users 323 323
stats: {recvpackets,"tsung_controller@ip-172-30-3-194"} 1 2346.0 0.0 2935 63 1025.7857142857142 14
stats: {sentpackets,"tsung_controller@ip-172-30-3-194"} 1 2202.0 0.0 2514 66 934.4285714285714 14
stats: {cpu,"tsung_controller@ip-172-30-3-194"} 1 5.824284304047384 0.0 14.874980660978018 1.3820335636722607 3.7001577053576287 15
stats: {load,"tsung_controller@ip-172-30-3-194"} 1 0.0703125 0.0 0.078125 0.01171875 0.03359375 15
stats: {freemem,"tsung_controller@ip-172-30-3-194"} 1 3150.10546875 0.0 3172.203125 3150.10546875 3164.03203125 15
stats: session 33 21435.587698271785 16612.06828522029 103936.01611328125 198.692138671875 28133.079320522702 223
stats: users_count 130 579
stats: finish_users_count 33 256
stats: request 495 1449.467679233744 796.1572591407655 3344.239013671875 0.06591796875 139.88552773965372 3108
stats: connect 132 2.863893451112689 3.13237748181018 109.675048828125 0.450927734375 2.5832176208496094 448
stats: page 446 1556.327813529113 991.8646277541031 5035.9609375 0.5810546875 160.8773945537247 2694
stats: tr_play_game__ready_page 39 1505.6298202123398 823.4680951493068 2548.60400390625 0.64111328125 93.5913589477539 160
stats: 302 27 146
stats: tr_sign_in_POST 8 2601.487030029297 474.96548881103 3202.199951171875 149.4541015625 620.8575533353365 39
stats: 200 376 3150
stats: tr_question_new_POST 5 960.3814453125 1178.441192269729 2535.572021484375 0.68798828125 57.32110934787326 216
stats: size_rcv 929211 8140119
stats: tr_quiz_new_POST 5 1388.42216796875 743.1359644968917 2174.938232421875 1.015869140625 122.47090205439815 27
stats: newphase 1 5
stats: tr_play_game__leaderboard 14 1769.951869419643 635.8048186757759 2484.22802734375 5.9169921875 96.82479610958615 74
stats: size_sent 340920 2518787
stats: tr_friend_requests 3 1800.2354329427083 630.0608481693482 2566.43408203125 7.699951171875 195.42868041992188 16
stats: connected 96 322
stats: tr_friends 3 1518.6473795572917 308.5418121118608 1954.946044921875 12.399169921875 199.41094970703125 12
stats: 503 86 86
stats: tr_search_all_users 10 1462.879296875 825.2975892842235 2366.56005859375 0.678955078125 253.87446946364182 52
stats: 404 2 218
stats: tr_browse_quizzes_page_1 14 1401.3207310267858 710.8889628514158 2312.345947265625 0.64404296875 250.85473251342773 64
stats: tr_play_game__1st_question 26 1078.0658522385818 899.0222141015273 2291.166015625 0.678955078125 109.63858012788614 157
stats: tr_play_game__answer_to_question 19 1429.983796772204 481.4700502197923 2274.52197265625 5.234130859375 135.61539713541666 138
stats: tr_quizzes_page_INDEX 7 1581.674769810268 764.8888740715709 2211.18115234375 0.68603515625 116.82168496621621 37
stats: tr_sign_in_SHOW 13 1476.1642503004807 695.8542918725643 3344.322998046875 5.513916015625 165.7964189637382 53
stats: tr_quiz_questions_SHOW 3 0.13761393229166666 0.010250676367962524 608.072998046875 0.1298828125 72.6306310583044 216
# stats: dump at 1449534042
stats: users 410 410
stats: {recvpackets,"tsung_controller@ip-172-30-3-194"} 1 2798.0 0.0 2935 63 1113.8 15
stats: {sentpackets,"tsung_controller@ip-172-30-3-194"} 1 2753.0 0.0 2753 66 1018.9333333333333 15
stats: {cpu,"tsung_controller@ip-172-30-3-194"} 1 7.874015748031496 0.0 14.874980660978018 1.3820335636722607 3.8329156177757384 16
stats: {load,"tsung_controller@ip-172-30-3-194"} 1 0.05859375 0.0 0.078125 0.01171875 0.035888671875 16
stats: {freemem,"tsung_controller@ip-172-30-3-194"} 1 3142.33984375 0.0 3172.203125 3142.33984375 3163.16162109375 16
stats: session 64 27923.5304145813 22546.950140471185 103936.01611328125 198.692138671875 27269.73079109192 256
stats: users_count 151 730
stats: finish_users_count 64 320
stats: request 834 1280.3335177561087 1176.873068940451 3954.84521484375 0.05908203125 319.80314222468695 3603
stats: connect 172 3.19805908203125 3.2961978551345035 109.675048828125 0.444091796875 2.647095568426724 580
stats: page 746 1428.880315131222 1405.270428950797 6278.566162109375 0.543212890625 359.0846833636047 3140
stats: tr_play_game__ready_page 70 1248.058415876116 1115.6305979485924 2701.256103515625 0.62109375 370.32251467297425 199
stats: 302 30 176
stats: tr_sign_in_POST 20 1613.1924194335938 1635.9743337848613 3954.94384765625 0.68603515625 957.985974900266 47
stats: 200 397 3547
stats: tr_question_new_POST 31 646.1091781123991 1010.9223789917472 2681.39794921875 0.587158203125 77.75233866833993 221
stats: size_rcv 1145047 9285166
stats: tr_quiz_new_POST 5 1933.715576171875 972.2187369705238 2592.849853515625 0.929931640625 320.2757873535156 32
stats: newphase 0 5
stats: tr_play_game__leaderboard 21 1430.6826753162202 1129.0168316952102 2702.39794921875 0.671142578125 363.0041032270952 88
stats: 422 6 6
stats: tr_friend_requests 6 1178.0598958333333 1180.7865580950245 2566.43408203125 0.744140625 448.8192202919408 19
stats: size_sent 486419 3005206
stats: tr_friends 4 1859.9667358398438 1072.275059984237 2569.52001953125 6.072021484375 463.25823567708335 15
stats: connected 86 408
stats: tr_search_all_users 10 1225.0775390625 1223.3899255531305 2605.0380859375 0.678955078125 448.875248078377 62
stats: error_connection_closed 3 3
stats: tr_browse_quizzes_page_1 27 1222.3619972511574 1180.584577738 2631.385009765625 0.64404296875 457.348629682492 78
stats: 503 358 444
stats: tr_play_game__1st_question 67 1358.928947790345 1121.8517986290792 2679.972900390625 0.631103515625 247.22934009989754 183
stats: 404 6 224
stats: tr_play_game__answer_to_question 38 1510.0865221525494 1092.1277822323987 2599.696044921875 0.60302734375 292.25870664560114 157
stats: 500 18 18
stats: tr_quizzes_page_INDEX 15 1350.2231282552084 1107.9612377451922 2625.4140625 0.650146484375 349.866493918679 44
stats: tr_sign_in_SHOW 20 1274.5882568359375 1155.4928490156587 3344.322998046875 0.779052734375 423.8991736209754 66
stats: tr_quiz_questions_SHOW 30 535.3657552083332 966.737398829498 2441.64599609375 0.123046875 71.63757602918093 219
# stats: dump at 1449534052
stats: users 500 500
stats: {recvpackets,"tsung_controller@ip-172-30-3-194"} 1 3424.0 0.0 3424 63 1219.0625 16
stats: {sentpackets,"tsung_controller@ip-172-30-3-194"} 1 3508.0 0.0 3508 66 1127.3125 16
stats: {cpu,"tsung_controller@ip-172-30-3-194"} 1 9.43952802359882 0.0 14.874980660978018 1.3820335636722607 4.0706273901437235 17
stats: {load,"tsung_controller@ip-172-30-3-194"} 1 0.05078125 0.0 0.078125 0.01171875 0.03722426470588235 17
stats: {freemem,"tsung_controller@ip-172-30-3-194"} 1 3138.2734375 0.0 3172.203125 3138.2734375 3161.936810661765 17
stats: session 69 30160.628594882248 21069.837820094308 103936.01611328125 198.692138671875 27400.490715789794 320
stats: users_count 159 889
stats: finish_users_count 69 389
stats: request 1061 1031.983145783018 1094.3441230049018 3954.84521484375 0.05908203125 500.34908164168166 4437
stats: connect 188 2.731272595994017 3.2352583836250637 109.675048828125 0.444091796875 2.7731138188788234 752
stats: page 934 1193.4259352102004 1355.3880083350953 6278.566162109375 0.494140625 564.4546116442641 3886
stats: tr_play_game__ready_page 64 1152.2522735595708 1071.1061300963866 2701.256103515625 0.597900390625 598.729626510223 269
stats: 302 45 221
stats: tr_sign_in_POST 19 1685.3280222039473 1508.0688495589045 3954.94384765625 0.68603515625 1153.5699881937967 67
stats: 200 394 3941
stats: tr_question_new_POST 55 619.0777210582386 977.9662741611987 2681.39794921875 0.578125 147.66925145709325 252
stats: size_rcv 1304739 10589905
stats: tr_quiz_new_POST 10 905.0766845703125 1106.609961243975 2592.849853515625 0.866943359375 538.3081912478885 37
stats: newphase 0 5
stats: tr_play_game__leaderboard 19 894.6455335115131 1062.4362756547732 2702.39794921875 0.64892578125 568.7036446387615 109
stats: 422 12 18
stats: tr_friend_requests 9 1342.334255642361 980.3048618987555 2566.43408203125 0.744140625 623.836982421875 25
stats: size_sent 616754 3621960
stats: tr_friends 5 847.410205078125 1034.3331107486085 2569.52001953125 0.677978515625 757.3021304481908 19
stats: connected 91 499
stats: tr_search_all_users 13 796.0782564603365 1009.1216158969054 2605.0380859375 0.6611328125 556.6811218261719 72
stats: error_connection_closed 2 5
stats: tr_browse_quizzes_page_1 24 1417.0572204589844 1020.4100156484677 2631.385009765625 0.64111328125 654.0663527715774 105
stats: 503 518 962
stats: tr_play_game__1st_question 63 953.1822606646825 1041.751897299521 2679.972900390625 0.6181640625 545.1648349609375 250
stats: 404 14 238
stats: tr_play_game__answer_to_question 65 1125.1235990084135 1086.9832313945267 2599.696044921875 0.60302734375 529.5789988982372 195
stats: 500 47 65
stats: tr_quizzes_page_INDEX 20 1181.5935302734374 1005.8630765221582 2625.4140625 0.630859375 604.1944518008474 59
stats: tr_sign_in_SHOW 24 1121.4362182617185 1047.3007999586864 3344.322998046875 0.7412109375 621.7338441360829 86
stats: tr_quiz_questions_SHOW 54 517.4148401331018 926.4295961050323 2496.473876953125 0.120849609375 127.50844099052459 249
# stats: dump at 1449534062
stats: users 662 662
stats: {recvpackets,"tsung_controller@ip-172-30-3-194"} 1 3770.0 0.0 3770 63 1348.764705882353 17
stats: {sentpackets,"tsung_controller@ip-172-30-3-194"} 1 3872.0 0.0 3872 66 1267.3529411764705 17
stats: {cpu,"tsung_controller@ip-172-30-3-194"} 1 10.157790927021697 0.0 14.874980660978018 1.3820335636722607 4.368899647557896 18
stats: {load,"tsung_controller@ip-172-30-3-194"} 1 0.0390625 0.0 0.078125 0.01171875 0.03797743055555555 18
stats: {freemem,"tsung_controller@ip-172-30-3-194"} 1 3133.80078125 0.0 3172.203125 3133.80078125 3160.6221788194443 18
stats: session 101 26678.43643158261 23248.78493534685 103936.01611328125 198.692138671875 27890.07815449771 389
stats: users_count 263 1152
stats: finish_users_count 101 490
stats: request 1581 670.4318946486104 855.2802555517312 3954.84521484375 0.054931640625 602.9434326882364 5498
stats: connect 322 3.093570306434394 3.6961215117365036 109.675048828125 0.444091796875 2.7647455743018616 940
stats: page 1393 755.2930833716574 992.1283624820142 6278.566162109375 0.494140625 686.3341170821448 4820
stats: tr_play_game__ready_page 106 800.222676978921 891.0565671921888 2701.256103515625 0.597900390625 705.1123574746623 333
stats: 302 74 295
stats: tr_sign_in_POST 16 1207.1537017822266 1014.1808353337207 3954.94384765625 0.6728515625 1271.0514143123182 86
stats: 200 411 4352
stats: tr_question_new_POST 94 461.41663896276594 778.664575303855 2681.39794921875 0.578125 232.123537541989 307
stats: size_rcv 1603237 12193142
stats: tr_quiz_new_POST 14 779.0083530970982 778.1948565458629 2592.849853515625 0.866943359375 616.3440408909574 47
stats: newphase 1 6
stats: tr_play_game__leaderboard 25 511.26104492187517 841.8553811564715 2702.39794921875 0.64892578125 617.0856437683105 128
stats: 422 32 50
stats: tr_friend_requests 14 487.5936628069197 774.1884352411822 2566.43408203125 0.656982421875 814.027437097886 34
stats: size_sent 873185 4495145
stats: tr_friends 11 882.3109463778409 970.2700240822656 2569.52001953125 0.666015625 776.0746459960938 24
stats: connected 161 660
stats: tr_search_all_users 21 748.0700451078869 884.0289700189824 2605.0380859375 0.64599609375 593.2948012408089 85
stats: error_connection_closed 2 7
stats: tr_browse_quizzes_page_1 42 817.2072986421131 953.9446869528193 2631.385009765625 0.60791015625 796.0181421087693 129
stats: 503 901 1863
stats: tr_play_game__1st_question 96 735.5035171508789 846.8160770603644 2679.972900390625 0.614990234375 627.2897481217552 313
stats: 404 12 250
stats: tr_play_game__answer_to_question 80 660.845379638672 839.7979482453834 2599.696044921875 0.60302734375 678.4651489257813 260
stats: 500 87 152
stats: tr_quizzes_page_INDEX 19 1195.7312525699012 921.9804468613773 2625.4140625 0.630859375 750.3714336926424 79
stats: tr_sign_in_SHOW 24 1110.9673258463542 950.392337999277 3344.322998046875 0.68603515625 730.7598166725852 110
stats: tr_quiz_questions_SHOW 94 358.45146536319805 673.7478306604373 2496.473876953125 0.120849609375 196.99671014464727 303
# stats: dump at 1449534072
stats: users 813 813
stats: {recvpackets,"tsung_controller@ip-172-30-3-194"} 1 5691.0 0.0 5691 63 1483.2777777777778 18
stats: {sentpackets,"tsung_controller@ip-172-30-3-194"} 1 6087.0 0.0 6087 66 1412.0555555555557 18
stats: {cpu,"tsung_controller@ip-172-30-3-194"} 1 17.63005780346821 0.0 17.63005780346821 1.3820335636722607 4.673578135950727 19
stats: {load,"tsung_controller@ip-172-30-3-194"} 1 0.0390625 0.0 0.078125 0.01171875 0.03803453947368421 19
stats: {freemem,"tsung_controller@ip-172-30-3-194"} 1 3125.40234375 0.0 3172.203125 3125.40234375 3159.2105263157896 19
stats: session 169 28879.89728758321 22580.993323383984 103936.01611328125 102.885986328125 27640.3315952846 490
stats: users_count 320 1472
stats: finish_users_count 169 659
stats: request 2266 471.51905665183017 792.6314313073777 3954.84521484375 0.054931640625 618.0160783104078 7079
stats: connect 437 2.5931052899742575 3.2580674213571035 109.675048828125 0.444091796875 2.848645387096375 1262
stats: page 1958 544.8690451133975 901.5036477105847 6278.566162109375 0.494140625 701.7952212252786 6213
stats: tr_play_game__ready_page 110 518.8078613281249 803.1707886179604 2701.256103515625 0.597900390625 728.0774915690847 439
stats: 302 89 384
stats: tr_sign_in_POST 32 702.0725936889647 1051.3666518082791 3954.94384765625 0.6728515625 1261.0282437193628 102
stats: 200 366 4718
stats: tr_question_new_POST 168 227.7003406343006 580.7558284271798 2681.39794921875 0.578125 285.8730426131936 401
stats: size_rcv 1838529 14031671
stats: tr_quiz_new_POST 17 315.92575252757354 663.4547437096901 2592.849853515625 0.865966796875 653.6768338563012 61
stats: newphase 0 6
stats: tr_play_game__leaderboard 47 375.385498046875 706.3616796070944 2702.39794921875 0.614990234375 599.7940426496119 153
stats: 422 30 80
stats: tr_friend_requests 27 585.2009186921297 822.3235886251956 2566.43408203125 0.651123046875 718.8175862630209 48
stats: size_sent 1222497 5717642
stats: tr_friends 19 104.86247173108552 424.5591951750852 2569.52001953125 0.6240234375 809.4631975446429 35
stats: connected 151 811
stats: tr_search_all_users 27 406.3346263744213 749.9941037061358 2605.0380859375 0.623046875 623.957821252211 106
stats: error_connection_closed 7 14
stats: tr_browse_quizzes_page_1 59 808.4402476165254 986.7458646026629 2827.774169921875 0.60791015625 801.2224963450292 171
stats: 503 1550 3413
stats: tr_play_game__1st_question 109 472.6248611310205 749.9447322715199 2679.972900390625 0.610107421875 652.6895569892267 409
stats: 404 11 261
stats: tr_play_game__answer_to_question 103 541.0814078618022 819.8561363119294 2599.696044921875 0.60302734375 674.3193208582261 340
stats: 500 96 248
stats: tr_quizzes_page_INDEX 26 562.483389047476 836.6581245542342 2625.4140625 0.60302734375 836.7167046994579 98
stats: tr_sign_in_SHOW 48 446.5567270914714 804.883470779787 3344.322998046875 0.68603515625 798.8566839872901 134
stats: tr_quiz_questions_SHOW 170 202.46990320542278 568.3218099188722 2496.473876953125 0.107177734375 235.22529198480794 397
# stats: dump at 1449534082
stats: users 946 946
stats: {recvpackets,"tsung_controller@ip-172-30-3-194"} 1 6570.0 0.0 6570 63 1704.7368421052631 19
stats: {sentpackets,"tsung_controller@ip-172-30-3-194"} 1 7463.0 0.0 7463 66 1658.1052631578948 19
stats: {cpu,"tsung_controller@ip-172-30-3-194"} 1 20.46783625730994 0.0 20.46783625730994 1.3820335636722607 5.321402119326601 20
stats: {load,"tsung_controller@ip-172-30-3-194"} 1 0.109375 0.0 0.109375 0.01171875 0.0380859375 20
stats: {freemem,"tsung_controller@ip-172-30-3-194"} 1 3121.44921875 0.0 3172.203125 3121.44921875 3157.5201171875 20
stats: session 183 26972.87808977971 21212.162755488647 103936.01611328125 102.885986328125 27958.217182535685 659
stats: users_count 316 1788
stats: finish_users_count 183 842
stats: request 2246 493.8428721372718 746.5316044634714 3954.84521484375 0.054931640625 582.4930979916986 9345
stats: connect 384 3.027348200480143 3.5020380894290892 109.675048828125 0.444091796875 2.782917887130297 1699
stats: page 1976 559.0730771207622 871.8619499948423 6278.566162109375 0.494140625 664.1913229475815 8171
stats: tr_play_game__ready_page 101 698.318369043936 785.0610361687134 2701.256103515625 0.596923828125 686.1473288614243 549
stats: 302 105 489
stats: tr_sign_in_POST 39 513.9910419170673 910.3091910163387 3954.94384765625 0.6669921875 1127.5462974434467 134
stats: 200 357 5075
stats: tr_question_new_POST 108 447.2966150354455 722.7235360055868 2681.39794921875 0.578125 268.6972712029053 569
stats: size_rcv 1858980 15890651
stats: tr_quiz_new_POST 19 572.4452868009869 748.2114819465411 2592.849853515625 0.850830078125 580.0644186949119 78
stats: newphase 0 6
stats: tr_play_game__leaderboard 67 478.1569678463153 734.2589848101768 2702.39794921875 0.614990234375 547.0580346679687 200
stats: 422 51 131
stats: tr_friend_requests 24 381.1638692220052 661.3550509660179 2566.43408203125 0.6279296875 670.7155859375 75
stats: size_sent 1119802 6837444
stats: tr_friends 19 456.4913779810855 765.028648907684 2569.52001953125 0.6240234375 561.5481273509838 54
stats: connected 124 935
stats: tr_search_all_users 36 602.4235297309028 805.9814181639928 2605.0380859375 0.614990234375 579.7786764273966 133
stats: error_connection_closed 10 24
stats: tr_browse_quizzes_page_1 61 607.0456863153177 838.1964566731338 2827.774169921875 0.60791015625 803.0740064538044 230
stats: 503 1523 4936
stats: tr_play_game__1st_question 109 442.253942087156 726.6767426898051 2679.972900390625 0.610107421875 614.7994955055502 518
stats: 404 4 265
stats: tr_play_game__answer_to_question 108 516.6376161928534 749.6423896714274 2599.696044921875 0.600830078125 643.3407541795993 443
stats: 500 150 398
stats: tr_quizzes_page_INDEX 36 497.09345160590277 745.8668277742175 2625.4140625 0.60302734375 779.2161707724295 124
stats: tr_sign_in_SHOW 56 645.9926845005581 834.1683912877584 3344.322998046875 0.68603515625 705.9424096411401 182
stats: tr_quiz_questions_SHOW 101 332.87659053991354 635.4703191836659 2496.473876953125 0.107177734375 225.40445231550376 567
# stats: dump at 1449534092
stats: users 824 971
stats: {recvpackets,"tsung_controller@ip-172-30-3-194"} 1 6432.0 0.0 6570 63 1948.0 20
stats: {sentpackets,"tsung_controller@ip-172-30-3-194"} 1 7108.0 0.0 7463 66 1948.35 20
stats: {cpu,"tsung_controller@ip-172-30-3-194"} 1 21.07795957651588 0.0 21.07795957651588 1.3820335636722607 6.042660887801998 21
stats: {load,"tsung_controller@ip-172-30-3-194"} 1 0.08984375 0.0 0.109375 0.01171875 0.04148065476190476 21
stats: {freemem,"tsung_controller@ip-172-30-3-194"} 1 3116.328125 0.0 3172.203125 3116.328125 3155.8024553571427 21
stats: session 198 33445.21619885377 21756.63472011771 106544.501953125 102.885986328125 27744.06391178231 842
stats: users_count 76 1864
stats: finish_users_count 198 1040
stats: request 2401 577.2261306527555 799.8796834483369 3954.84521484375 0.054931640625 565.3152524849224 11591
stats: connect 217 2.6977291546658986 3.347407497847226 109.675048828125 0.444091796875 2.827978492183749 2083
stats: page 1984 703.5102540293047 920.6495320490202 6278.566162109375 0.490966796875 643.7208731837306 10147
stats: tr_play_game__ready_page 82 828.6673494664634 795.6212364543785 2701.256103515625 0.596923828125 688.0385212590146 650
stats: 302 173 662
stats: tr_sign_in_POST 50 747.9243408203125 926.4687320686712 3954.94384765625 0.635986328125 989.230372787211 173
stats: 200 276 5351
stats: tr_question_new_POST 232 312.5782733785695 624.3888171856294 2681.39794921875 0.578125 297.1887470284804 677
stats: size_rcv 1832373 17723024
stats: tr_quiz_new_POST 31 577.6822627898185 753.4381434595149 2592.849853515625 0.850830078125 578.5720114167203 97
stats: newphase 0 6
stats: tr_play_game__leaderboard 70 443.94837472098214 714.5615702570485 2702.39794921875 0.60888671875 529.7682538550445 267
stats: 422 80 211
stats: tr_friend_requests 36 546.9228786892361 718.2395341089937 2566.43408203125 0.6279296875 600.5212303701073 99
stats: size_sent 1346122 8183566
stats: tr_friends 28 500.7144077845982 705.950813863637 2569.52001953125 0.6240234375 534.20458984375 73
stats: connected -111 824
stats: tr_search_all_users 34 561.3936911190257 774.4163061866925 2605.0380859375 0.614990234375 584.6024321606878 169
stats: error_connection_closed 46 70
stats: tr_browse_quizzes_page_1 42 842.663097563244 882.7035941327504 2827.774169921875 0.60791015625 761.9821592770081 291
stats: error_abort_max_send_retries 8 8
stats: tr_play_game__1st_question 82 559.2308349609377 760.0194615817363 2679.972900390625 0.610107421875 584.8035380532297 627
stats: 503 1622 6558
stats: tr_play_game__answer_to_question 100 428.6258569335939 712.608298887628 3070.059814453125 0.600830078125 618.5060193292027 551
stats: 404 1 266
stats: tr_quizzes_page_INDEX 42 579.5882975260416 769.0293388065379 2625.4140625 0.60302734375 715.738558959961 160
stats: 500 177 575
stats: tr_sign_in_SHOW 19 883.5310444078947 844.9064833028624 3344.322998046875 0.68603515625 691.8365919610031 238
stats: tr_quiz_questions_SHOW 235 397.703741065492 667.351928130415 2496.473876953125 0.078857421875 241.65398219673938 668
# stats: dump at 1449534102
stats: users 652 971
stats: {recvpackets,"tsung_controller@ip-172-30-3-194"} 1 6803.0 0.0 6803 63 2161.5238095238096 21
stats: {sentpackets,"tsung_controller@ip-172-30-3-194"} 1 6967.0 0.0 7463 66 2194.0476190476193 21
stats: {cpu,"tsung_controller@ip-172-30-3-194"} 1 17.251461988304094 0.0 21.07795957651588 1.3820335636722607 6.726083555470811 22
stats: {load,"tsung_controller@ip-172-30-3-194"} 1 0.078125 0.0 0.109375 0.01171875 0.04367897727272727 22
stats: {freemem,"tsung_controller@ip-172-30-3-194"} 1 3113.796875 0.0 3172.203125 3113.796875 3154.0081676136365 22
stats: session 172 36381.26821544557 15139.157590919745 106544.501953125 102.885986328125 28829.475597205528 1040
stats: users_count 0 1864
stats: finish_users_count 172 1212
stats: request 2095 504.9205826279085 628.9445707446733 3954.84521484375 0.052001953125 567.3591360241568 13992
stats: connect 106 1.4753394936615567 2.332605815660916 109.675048828125 0.444091796875 2.815689750339674 2300
stats: page 1698 619.0131101215119 789.5787393328957 6278.566162109375 0.490966796875 653.4993029584912 12131
stats: tr_play_game__ready_page 20 752.9668579101563 680.9573636693407 2701.256103515625 0.596923828125 703.7920238724173 732
stats: 302 255 917
stats: tr_sign_in_POST 19 963.4875873766449 833.2027762577871 3954.94384765625 0.635986328125 935.1258813148122 223
stats: 200 280 5631
stats: tr_question_new_POST 253 362.1686365180337 560.6691753103033 2681.39794921875 0.578125 301.11654693301364 909
stats: size_rcv 1638377 19361401
stats: tr_quiz_new_POST 40 532.5069702148437 621.2900211504075 2592.849853515625 0.833984375 578.3565254211426 128
stats: newphase 0 6
stats: tr_play_game__leaderboard 72 632.4335462782118 617.6446917522189 2702.39794921875 0.60888671875 511.94216620108494 337
stats: 422 109 320
stats: tr_friend_requests 31 787.4418630292339 636.1675000756845 2566.43408203125 0.6279296875 586.2283365885417 135
stats: size_sent 1305706 9489272
stats: tr_friends 33 490.6058238636364 611.2694107978505 2569.52001953125 0.6240234375 524.9201829362623 101
stats: connected -172 652
stats: tr_search_all_users 35 560.8411551339286 614.8625891620759 2605.0380859375 0.614990234375 580.7152538581435 203
stats: error_connection_closed 10 80
stats: tr_browse_quizzes_page_1 12 1156.7864990234375 662.8160130778153 2827.774169921875 0.60791015625 772.1581334752722 333
stats: error_abort_max_send_retries 0 8
stats: tr_play_game__1st_question 40 715.8687255859375 648.7972510994944 2679.972900390625 0.610107421875 581.8459052555315 709
stats: 503 1164 7722
stats: tr_play_game__answer_to_question 66 422.2477324514678 588.6790371617417 3070.059814453125 0.600830078125 589.3385596678188 651
stats: 404 9 275
stats: tr_quizzes_page_INDEX 37 715.9703995988176 629.5186032620168 2625.4140625 0.60302734375 687.4300887608292 202
stats: 500 178 753
stats: tr_sign_in_SHOW 4 635.4671630859375 636.7648871153946 3344.322998046875 0.68603515625 706.0085553714738 257
stats: tr_quiz_questions_SHOW 246 331.0588071249364 560.2157370253601 2496.473876953125 0.078857421875 282.2649382700028 903
# stats: dump at 1449534112
stats: users 484 971
stats: {recvpackets,"tsung_controller@ip-172-30-3-194"} 1 5569.0 0.0 6803 63 2372.5 22
stats: {sentpackets,"tsung_controller@ip-172-30-3-194"} 1 5342.0 0.0 7463 66 2411.0000000000005 22
stats: {cpu,"tsung_controller@ip-172-30-3-194"} 1 13.482056256062075 0.0 21.07795957651588 1.3820335636722607 7.183708704724432 23
stats: {load,"tsung_controller@ip-172-30-3-194"} 1 0.0703125 0.0 0.109375 0.01171875 0.04517663043478261 23
stats: {freemem,"tsung_controller@ip-172-30-3-194"} 1 3112.9765625 0.0 3172.203125 3112.9765625 3152.2598505434785 23
stats: session 168 46255.63773309618 16428.16569358007 106544.501953125 102.885986328125 29901.18214038811 1212
stats: users_count 0 1864
stats: finish_users_count 168 1380
stats: request 1644 647.1342739281571 609.533914175161 3954.84521484375 0.052001953125 559.2278020672263 16087
stats: connect 85 1.6633473115808821 3.121488500855635 109.675048828125 0.433837890625 2.7566385752740543 2406
stats: page 1315 805.8444012892103 808.4606686681881 6278.566162109375 0.490966796875 649.2649002224156 13829
stats: tr_play_game__ready_page 1 1215.89990234375 0.0 2701.256103515625 0.596923828125 705.0998652032083 752
stats: 302 283 1200
stats: tr_sign_in_POST 16 1077.2554779052734 941.0758380566401 3954.94384765625 0.635986328125 937.3526268320635 242
stats: 200 308 5939
stats: tr_question_new_POST 231 570.2662031165441 598.5581271673284 2681.39794921875 0.578125 314.4092996567744 1162
stats: size_rcv 1426129 20787530
stats: tr_quiz_new_POST 32 530.0077056884766 594.2816991375059 2592.849853515625 0.833984375 567.4399646577381 168
stats: newphase 0 6
stats: tr_play_game__leaderboard 96 719.8716150919598 610.8793177564633 2702.39794921875 0.60888671875 533.1533626938799 409
stats: 422 125 445
stats: tr_friend_requests 16 589.9739990234375 590.4782786799008 2566.43408203125 0.575927734375 623.8043565865023 166
stats: size_sent 1122261 10611533
stats: tr_friends 22 725.245361328125 603.377091276301 2569.52001953125 0.6240234375 516.469631821362 134
stats: connected -162 490
stats: tr_search_all_users 26 967.9602426382212 476.43938620001654 2605.0380859375 0.614990234375 577.7925922810531 238
stats: error_connection_closed 5 85
stats: tr_browse_quizzes_page_1 2 1357.7550048828125 65.2159423828125 2827.774169921875 0.60791015625 785.5365114073822 345
stats: error_abort_max_send_retries 0 8
stats: tr_play_game__1st_question 4 915.699462890625 536.9469523357723 2679.972900390625 0.610107421875 589.0033322424691 749
stats: 503 681 8403
stats: tr_play_game__answer_to_question 26 625.7605168269231 622.5486171580689 3070.059814453125 0.600830078125 573.9578140663137 717
stats: 404 11 286
stats: tr_quizzes_page_INDEX 12 679.1771443684896 575.0981134883367 2625.4140625 0.60302734375 691.8484632420241 239
stats: 500 151 904
stats: tr_sign_in_SHOW 4 885.2349853515625 519.609317906422 3344.322998046875 0.68603515625 704.9274612368295 261
stats: tr_quiz_questions_SHOW 230 495.02234735903534 586.3556125578381 2496.473876953125 0.078857421875 292.7116673721035 1149
# stats: dump at 1449534122
stats: users 345 971
stats: {recvpackets,"tsung_controller@ip-172-30-3-194"} 1 5069.0 0.0 6803 63 2511.478260869565 23
stats: {sentpackets,"tsung_controller@ip-172-30-3-194"} 1 4546.0 0.0 7463 66 2538.434782608696 23
stats: {cpu,"tsung_controller@ip-172-30-3-194"} 1 10.721247563352826 0.0 21.07795957651588 1.3820335636722607 7.446139852696834 24
stats: {load,"tsung_controller@ip-172-30-3-194"} 1 0.12109375 0.0 0.12109375 0.01171875 0.046223958333333336 24
stats: {freemem,"tsung_controller@ip-172-30-3-194"} 1 3112.7421875 0.0 3172.203125 3112.7421875 3150.623046875 24
stats: session 139 52793.30345098921 15067.325720129236 106544.501953125 102.885986328125 31892.15934297866 1380
stats: users_count 0 1864
stats: finish_users_count 139 1519
stats: request 1234 847.3761107013514 483.310287922958 3954.84521484375 0.052001953125 567.3783993115651 17731
stats: connect 29 1.6890069369612069 3.8081546121188 109.675048828125 0.433837890625 2.71933236996939 2491
stats: page 985 1052.0975930460806 709.294832443188 6278.566162109375 0.490966796875 662.861178874214 15144
stats: tr_play_game__ready_page 0 0 0 2701.256103515625 0.596923828125 705.7782185061837 753
stats: 302 312 1512
stats: tr_sign_in_POST 3 1405.8753255208333 297.194845414087 3954.94384765625 0.635986328125 946.0287726350533 258
stats: 200 321 6260
stats: tr_question_new_POST 183 813.1203746691424 481.4716445569254 2681.39794921875 0.578125 356.837831386284 1393
stats: size_rcv 1289543 22077073
stats: tr_quiz_new_POST 26 817.4829289362981 498.69395504228885 2592.849853515625 0.833984375 561.4508032226563 200
stats: newphase 0 6
stats: tr_play_game__leaderboard 86 817.4899419740188 513.1693554526244 2702.39794921875 0.60888671875 568.648317605198 505
stats: 422 141 586
stats: tr_friend_requests 4 768.5560913085938 443.6598431917164 2566.43408203125 0.575927734375 620.8302592183209 182
stats: size_sent 846755 11458288
stats: tr_friends 18 888.5455457899305 478.52363254418276 2569.52001953125 0.6240234375 545.912362905649 156
stats: connected -141 349
stats: tr_search_all_users 21 863.5074172247024 482.99701629004323 2605.0380859375 0.614990234375 616.2181942101681 264
stats: error_connection_closed 0 85
stats: tr_browse_quizzes_page_1 0 0 0 2827.774169921875 0.60791015625 788.8346007069524 347
stats: error_abort_max_send_retries 0 8
stats: tr_play_game__1st_question 0 0 0 2679.972900390625 0.610107421875 590.738769855474 753
stats: 503 260 8663
stats: tr_play_game__answer_to_question 9 831.4325358072916 443.9920706067607 3070.059814453125 0.600830078125 575.7705600579367 743
stats: 404 24 310
stats: tr_quizzes_page_INDEX 10 974.0007568359375 330.27353347555754 2625.4140625 0.60302734375 691.2426631365164 251
stats: 500 144 1048
stats: tr_sign_in_SHOW 1 1097.587890625 0.0 3344.322998046875 0.68603515625 707.6490842423349 265
stats: tr_quiz_questions_SHOW 175 793.8427957589289 493.39507397751913 2496.473876953125 0.078857421875 326.4545654119833 1379
# stats: dump at 1449534132
stats: users 216 971
stats: {recvpackets,"tsung_controller@ip-172-30-3-194"} 1 4404.0 0.0 6803 63 2618.0416666666665 24
stats: {sentpackets,"tsung_controller@ip-172-30-3-194"} 1 3642.0 0.0 7463 66 2622.0833333333335 24
stats: {cpu,"tsung_controller@ip-172-30-3-194"} 1 9.362934362934363 0.0 21.07795957651588 1.3820335636722607 7.577144161123073 25
stats: {load,"tsung_controller@ip-172-30-3-194"} 1 0.1015625 0.0 0.12109375 0.01171875 0.04921875 25
stats: {freemem,"tsung_controller@ip-172-30-3-194"} 1 3112.5234375 0.0 3172.203125 3112.5234375 3149.1078125 25
stats: session 129 60637.517557306805 15243.387733743402 155124.57397460938 102.885986328125 33804.77226662149 1519
stats: users_count 0 1864
stats: finish_users_count 129 1648
stats: request 987 885.5957055985641 223.7550620508914 3954.84521484375 0.052001953125 585.5970745477895 18965
stats: connect 1 0.537109375 0.0 109.675048828125 0.433837890625 2.7074754503038196 2520
stats: page 774 1150.5152546885117 493.36220963825855 6278.566162109375 0.490966796875 686.6318942291206 16129
stats: tr_play_game__ready_page 0 0 0 2701.256103515625 0.596923828125 705.7782185061837 753
stats: 302 344 1856
stats: tr_sign_in_POST 0 0 0 3954.94384765625 0.635986328125 951.3143651969588 261
stats: 200 325 6585
stats: tr_question_new_POST 178 851.1684926922405 198.13943750867494 2681.39794921875 0.578125 409.8198779730626 1576
stats: size_rcv 1233586 23310659
stats: tr_quiz_new_POST 18 829.7594401041666 165.8538122655106 2592.849853515625 0.833984375 590.9058265348451 226
stats: newphase 0 6
stats: tr_play_game__leaderboard 80 920.9427856445312 227.58456126057865 2702.39794921875 0.60888671875 604.8587739431314 591
stats: 422 164 750
stats: tr_friend_requests 4 951.2034912109375 158.1854799129682 2566.43408203125 0.575927734375 624.0071588331655 186
stats: size_sent 707809 12166097
stats: tr_friends 9 996.4775661892361 244.29521489434634 2569.52001953125 0.6240234375 581.3571749281609 174
stats: connected -127 222
stats: tr_search_all_users 10 917.8558349609375 282.7478543898169 2605.0380859375 0.614990234375 634.4395053796601 285
stats: error_connection_closed 0 85
stats: tr_browse_quizzes_page_1 0 0 0 2827.774169921875 0.60791015625 788.8346007069524 347
stats: error_abort_max_send_retries 0 8
stats: tr_play_game__1st_question 0 0 0 2679.972900390625 0.610107421875 590.738769855474 753
stats: 503 8 8671
stats: tr_play_game__answer_to_question 1 731.39892578125 0.0 3070.059814453125 0.600830078125 578.830344342171 752
stats: 404 32 342
stats: tr_quizzes_page_INDEX 0 0 0 2625.4140625 0.60302734375 702.0763065732758 261
stats: 500 114 1162
stats: tr_sign_in_SHOW 0 0 0 3344.322998046875 0.68603515625 709.1150196046758 266
stats: tr_quiz_questions_SHOW 183 864.3384416090333 198.89172887542753 2496.473876953125 0.078857421875 379.08837513573843 1554
# stats: dump at 1449534142
stats: users 89 971
stats: {recvpackets,"tsung_controller@ip-172-30-3-194"} 1 4316.0 0.0 6803 63 2689.48 25
stats: {sentpackets,"tsung_controller@ip-172-30-3-194"} 1 3225.0 0.0 7463 66 2662.88 25
stats: {cpu,"tsung_controller@ip-172-30-3-194"} 1 9.029779058597502 0.0 21.07795957651588 1.3820335636722607 7.645828399654277 26
stats: {load,"tsung_controller@ip-172-30-3-194"} 1 0.08984375 0.0 0.12109375 0.01171875 0.05123197115384615 26
stats: {freemem,"tsung_controller@ip-172-30-3-194"} 1 3112.671875 0.0 3172.203125 3112.5234375 3147.700721153846 26
stats: session 127 66965.97541292445 11946.247962824807 155124.57397460938 102.885986328125 35905.15099386567 1648
stats: users_count 0 1864
stats: finish_users_count 127 1775
stats: request 947 522.7667461906844 222.58996930575648 3954.84521484375 0.052001953125 600.4376243095735 19952
stats: connect 2 2.125 1.487060546875 109.675048828125 0.433837890625 2.706614535557567 2521
stats: page 699 730.5761540621644 399.4238326604546 6278.566162109375 0.490966796875 707.8734324765068 16903
stats: tr_play_game__ready_page 0 0 0 2701.256103515625 0.596923828125 705.7782185061837 753
stats: 302 343 2199
stats: tr_sign_in_POST 4 1001.2353515625 695.4822726234738 3954.94384765625 0.635986328125 951.3143651969588 261
stats: 200 319 6904
stats: tr_question_new_POST 229 494.98727910070943 210.9472956035307 2681.39794921875 0.578125 454.60896202096086 1754
stats: size_rcv 1315916 24626575
stats: tr_quiz_new_POST 9 556.3729383680555 276.08282132811104 2592.849853515625 0.833984375 608.5261750768443 244
stats: newphase 0 6
stats: tr_play_game__leaderboard 40 585.5642761230469 166.332141162213 2702.39794921875 0.60888671875 642.5439020148333 671
stats: 422 167 917
stats: tr_friend_requests 2 534.2640380859375 222.7860107421875 2566.43408203125 0.575927734375 630.8955026726975 190
stats: size_sent 719483 12885580
stats: tr_friends 6 529.4700113932291 226.8069096199542 2569.52001953125 0.6240234375 601.7729318754269 183
stats: connected -130 92
stats: tr_search_all_users 6 716.4652099609375 200.76226103767212 2605.0380859375 0.614990234375 644.0468385858051 295
stats: error_connection_closed 0 85
stats: tr_browse_quizzes_page_1 0 0 0 2827.774169921875 0.60791015625 788.8346007069524 347
stats: error_abort_max_send_retries 0 8
stats: tr_play_game__1st_question 0 0 0 2679.972900390625 0.610107421875 590.738769855474 753
stats: 503 0 8671
stats: tr_play_game__answer_to_question 0 0 0 3070.059814453125 0.600830078125 579.0329586601512 753
stats: 404 71 413
stats: tr_quizzes_page_INDEX 3 511.968994140625 184.51608984687806 2625.4140625 0.60302734375 702.0763065732758 261
stats: 500 46 1208
stats: tr_sign_in_SHOW 0 0 0 3344.322998046875 0.68603515625 709.1150196046758 266
stats: tr_quiz_questions_SHOW 244 491.46691694415995 213.03409714142686 2496.473876953125 0.078857421875 430.2114391337885 1737
# stats: dump at 1449534152
stats: users 36 971
stats: {recvpackets,"tsung_controller@ip-172-30-3-194"} 1 3265.0 0.0 6803 63 2752.0384615384614 26
stats: {sentpackets,"tsung_controller@ip-172-30-3-194"} 1 2283.0 0.0 7463 66 2684.5 26
stats: {cpu,"tsung_controller@ip-172-30-3-194"} 1 6.9364161849710975 0.0 21.07795957651588 1.3820335636722607 7.697085831466989 27
stats: {load,"tsung_controller@ip-172-30-3-194"} 1 0.0703125 0.0 0.12109375 0.01171875 0.052662037037037035 27
stats: {freemem,"tsung_controller@ip-172-30-3-194"} 1 3113.32421875 0.0 3172.203125 3112.5234375 3146.4033564814813 27
stats: session 53 72400.75507628242 10277.278946872922 155124.57397460938 102.885986328125 38127.53110722931 1775
stats: users_count 0 1864
stats: finish_users_count 53 1828
stats: request 283 42.07469409093421 62.101828868429166 3954.84521484375 0.052001953125 596.9181103817019 20899
stats: connect 1 5.444091796875 0.0 109.675048828125 0.433837890625 2.706153485588833 2523
stats: page 219 56.19813739654683 88.62004592648381 6278.566162109375 0.490966796875 708.7749892534853 17602
stats: tr_play_game__ready_page 0 0 0 2701.256103515625 0.596923828125 705.7782185061837 753
stats: 302 106 2305
stats: tr_sign_in_POST 1 154.971923828125 0.0 3954.94384765625 0.635986328125 952.0678895194576 265
stats: 200 98 7002
stats: tr_question_new_POST 55 57.878830788352275 64.01461294046345 2681.39794921875 0.578125 459.271914422001 1983
stats: size_rcv 344456 24971031
stats: tr_quiz_new_POST 3 4.708333333333333 0.6177954382377047 2592.849853515625 0.833984375 606.670921597085 253
stats: newphase 0 6
stats: tr_play_game__leaderboard 30 36.872517903645836 63.824893042499404 2702.39794921875 0.60888671875 639.3382971826653 711
stats: 422 51 968
stats: tr_friend_requests 0 0 0 2566.43408203125 0.575927734375 629.8889249165854 192
stats: size_sent 199241 13084821
stats: tr_friends 2 8.623046875 5.154052734375 2569.52001953125 0.6240234375 599.4776010664683 189
stats: connected -58 34
stats: tr_search_all_users 3 85.31062825520833 99.09795664407699 2605.0380859375 0.614990234375 645.4903941613891 301
stats: error_connection_closed 0 85
stats: tr_browse_quizzes_page_1 0 0 0 2827.774169921875 0.60791015625 788.8346007069524 347
stats: error_abort_max_send_retries 0 8
stats: tr_play_game__1st_question 0 0 0 2679.972900390625 0.610107421875 590.738769855474 753
stats: 503 0 8671
stats: tr_play_game__answer_to_question 0 0 0 3070.059814453125 0.600830078125 579.0329586601512 753
stats: 404 8 421
stats: tr_quizzes_page_INDEX 2 5.4276123046875 1.8594970703125 2625.4140625 0.60302734375 699.915996204723 264
stats: 500 20 1228
stats: tr_sign_in_SHOW 0 0 0 3344.322998046875 0.68603515625 709.1150196046758 266
stats: tr_quiz_questions_SHOW 57 47.05252021655702 57.20731441931462 2496.473876953125 0.078857421875 437.7562834476353 1981
# stats: dump at 1449534162
stats: users 16 971
stats: {recvpackets,"tsung_controller@ip-172-30-3-194"} 1 456.0 0.0 6803 63 2771.037037037037 27
stats: {sentpackets,"tsung_controller@ip-172-30-3-194"} 1 473.0 0.0 7463 66 2669.6296296296296 27
stats: {cpu,"tsung_controller@ip-172-30-3-194"} 1 1.582591493570722 0.0 21.07795957651588 1.3820335636722607 7.66991905837785 28
stats: {load,"tsung_controller@ip-172-30-3-194"} 1 0.05859375 0.0 0.12109375 0.01171875 0.05329241071428571 28
stats: {freemem,"tsung_controller@ip-172-30-3-194"} 1 3113.8359375 0.0 3172.203125 3112.5234375 3145.2219587053573 28
stats: session 20 84548.24239501954 14441.69556871576 155124.57397460938 102.885986328125 39121.2296139907 1828
stats: users_count 0 1864
stats: finish_users_count 20 1848
stats: request 89 12.989076764396067 8.566615810364391 3954.84521484375 0.052001953125 589.5051802140932 21182
stats: connect 1 0.73583984375 0.0 109.675048828125 0.433837890625 2.7072382472018623 2524
stats: page 70 16.54593680245536 9.50254888710968 6278.566162109375 0.490966796875 700.7555554082089 17821
stats: tr_play_game__ready_page 0 0 0 2701.256103515625 0.596923828125 705.7782185061837 753
stats: 302 3 2308
stats: tr_sign_in_POST 0 0 0 3954.94384765625 0.635986328125 949.0712881446781 266
stats: 200 68 7070
stats: tr_question_new_POST 16 8.216400146484375 4.6099077627045935 2681.39794921875 0.578125 448.4394219785021 2038
stats: size_rcv 197636 25168667
stats: tr_quiz_new_POST 2 8.6904296875 2.767578125 2592.849853515625 0.833984375 599.6166725158691 256
stats: newphase 0 6
stats: tr_play_game__leaderboard 8 15.090576171875002 11.02820351857257 2702.39794921875 0.60888671875 614.9469700863488 741
stats: 422 1 969
stats: tr_friend_requests 0 0 0 2566.43408203125 0.575927734375 629.8889249165854 192
stats: size_sent 71706 13156527
stats: tr_friends 1 22.640869140625 0.0 2569.52001953125 0.6240234375 593.2906423838351 191
stats: connected -21 13
stats: tr_search_all_users 1 3.916015625 0.0 2605.0380859375 0.614990234375 639.9623043662623 304
stats: error_connection_closed 0 85
stats: tr_browse_quizzes_page_1 0 0 0 2827.774169921875 0.60791015625 788.8346007069524 347
stats: error_abort_max_send_retries 0 8
stats: tr_play_game__1st_question 0 0 0 2679.972900390625 0.610107421875 590.738769855474 753
stats: 503 0 8671
stats: tr_play_game__answer_to_question 0 0 0 3070.059814453125 0.600830078125 579.0329586601512 753
stats: 404 16 437
stats: tr_quizzes_page_INDEX 0 0 0 2625.4140625 0.60302734375 694.6942790325423 266
stats: 500 1 1229
stats: tr_sign_in_SHOW 0 0 0 3344.322998046875 0.68603515625 709.1150196046758 266
stats: tr_quiz_questions_SHOW 16 14.765365600585938 4.6751255616726635 2496.473876953125 0.078857421875 426.8288474789546 2038
# stats: dump at 1449534172
stats: users 7 971
stats: {recvpackets,"tsung_controller@ip-172-30-3-194"} 1 468.0 0.0 6803 63 2688.3571428571427 28
stats: {sentpackets,"tsung_controller@ip-172-30-3-194"} 1 385.0 0.0 7463 66 2591.1785714285716 28
stats: {cpu,"tsung_controller@ip-172-30-3-194"} 1 1.671583087512291 0.0 21.07795957651588 1.3820335636722607 7.4600112113155355 29
stats: {load,"tsung_controller@ip-172-30-3-194"} 1 0.05078125 0.0 0.12109375 0.01171875 0.05347521551724138 29
stats: {freemem,"tsung_controller@ip-172-30-3-194"} 1 3114.36328125 0.0 3172.203125 3112.5234375 3144.139682112069 29
stats: session 9 95596.51264105903 12331.641512292801 155124.57397460938 102.885986328125 39612.863951447725 1848
stats: users_count 0 1864
stats: finish_users_count 9 1857
stats: request 140 10.820858328683034 7.5200377430724785 3954.84521484375 0.052001953125 587.0929789444292 21271
stats: connect 2 0.675048828125 0.094970703125 109.675048828125 0.433837890625 2.706457495358911 2525
stats: page 95 15.999414062500005 8.419290970575313 6278.566162109375 0.490966796875 698.0785293446908 17891
stats: tr_play_game__ready_page 0 0 0 2701.256103515625 0.596923828125 705.7782185061837 753
stats: 302 34 2342
stats: tr_sign_in_POST 0 0 0 3954.94384765625 0.635986328125 949.0712881446781 266
stats: 200 60 7130
stats: tr_question_new_POST 40 6.562384033203125 3.7776926855791255 2681.39794921875 0.578125 445.01022609276094 2054
stats: size_rcv 258748 25427415
stats: tr_quiz_new_POST 5 12.510546875 8.960854343071697 2592.849853515625 0.833984375 595.0358489280524 258
stats: newphase 0 6
stats: tr_play_game__leaderboard 4 9.06982421875 2.5801966406770696 2702.39794921875 0.60888671875 608.5399592034171 749
stats: 422 19 988
stats: tr_friend_requests 0 0 0 2566.43408203125 0.575927734375 629.8889249165854 192
stats: size_sent 119423 13275950
stats: tr_friends 0 0 0 2569.52001953125 0.6240234375 590.3185081481935 192
stats: connected -8 5
stats: tr_search_all_users 0 0 0 2605.0380859375 0.614990234375 637.8769066982582 305
stats: error_connection_closed 0 85
stats: tr_browse_quizzes_page_1 0 0 0 2827.774169921875 0.60791015625 788.8346007069524 347
stats: error_abort_max_send_retries 0 8
stats: tr_play_game__1st_question 0 0 0 2679.972900390625 0.610107421875 590.738769855474 753
stats: 503 0 8671
stats: tr_play_game__answer_to_question 0 0 0 3070.059814453125 0.600830078125 579.0329586601512 753
stats: 404 24 461
stats: tr_quizzes_page_INDEX 0 0 0 2625.4140625 0.60302734375 694.6942790325423 266
stats: 500 3 1232
stats: tr_sign_in_SHOW 0 0 0 3344.322998046875 0.68603515625 709.1150196046758 266
stats: tr_quiz_questions_SHOW 40 11.355908203125 5.557694414024866 2496.473876953125 0.078857421875 423.61900536110943 2054
# stats: dump at 1449534182
stats: users 3 971
stats: {recvpackets,"tsung_controller@ip-172-30-3-194"} 1 554.0 0.0 6803 63 2611.793103448276 29
stats: {sentpackets,"tsung_controller@ip-172-30-3-194"} 1 404.0 0.0 7463 66 2515.103448275862 29
stats: {cpu,"tsung_controller@ip-172-30-3-194"} 1 1.5794669299111548 0.0 21.07795957651588 1.3820335636722607 7.267063607188761 30
stats: {load,"tsung_controller@ip-172-30-3-194"} 1 0.0390625 0.0 0.12109375 0.01171875 0.053385416666666664 30
stats: {freemem,"tsung_controller@ip-172-30-3-194"} 1 3114.4140625 0.0 3172.203125 3112.5234375 3143.1471354166665 30
stats: session 4 104080.17352294922 7746.1315825643915 155124.57397460938 102.885986328125 39884.19019711627 1857
stats: users_count 0 1864
stats: finish_users_count 4 1861
stats: request 58 6.184364055765086 4.065656643705628 3954.84521484375 0.052001953125 583.3249112742501 21411
stats: connect 3 0.7664388020833334 0.06113771764910236 109.675048828125 0.433837890625 2.704849732266522 2527
stats: page 39 9.243358122996796 5.043238671169887 6278.566162109375 0.490966796875 694.4758652753142 17986
stats: tr_play_game__ready_page 0 0 0 2701.256103515625 0.596923828125 705.7782185061837 753
stats: 302 35 2377
stats: tr_sign_in_POST 0 0 0 3954.94384765625 0.635986328125 949.0712881446781 266
stats: 200 4 7134
stats: tr_question_new_POST 16 7.346664428710937 4.700419416435927 2681.39794921875 0.578125 436.6349091479748 2094
stats: size_rcv 42446 25469861
stats: tr_quiz_new_POST 2 6.0185546875 0.1064453125 2592.849853515625 0.833984375 583.9612234137358 263
stats: newphase 0 6
stats: tr_play_game__leaderboard 0 0 0 2702.39794921875 0.60888671875 605.3555228953976 753
stats: 422 19 1007
stats: tr_friend_requests 1 3.64013671875 0.0 2566.43408203125 0.575927734375 629.8889249165854 192
stats: size_sent 49214 13325164
stats: tr_friends 0 0 0 2569.52001953125 0.6240234375 590.3185081481935 192
stats: connected -3 2
stats: tr_search_all_users 0 0 0 2605.0380859375 0.614990234375 637.8769066982582 305
stats: error_connection_closed 0 85
stats: tr_browse_quizzes_page_1 0 0 0 2827.774169921875 0.60791015625 788.8346007069524 347
stats: error_abort_max_send_retries 0 8
stats: tr_play_game__1st_question 0 0 0 2679.972900390625 0.610107421875 590.738769855474 753
stats: 503 0 8671
stats: tr_play_game__answer_to_question 0 0 0 3070.059814453125 0.600830078125 579.0329586601512 753
stats: 404 0 461
stats: tr_quizzes_page_INDEX 0 0 0 2625.4140625 0.60302734375 694.6942790325423 266
stats: 500 0 1232
stats: tr_sign_in_SHOW 0 0 0 3344.322998046875 0.68603515625 709.1150196046758 266
stats: tr_quiz_questions_SHOW 16 5.09515380859375 3.829631381069192 2496.473876953125 0.078857421875 415.7438745653504 2094
# stats: dump at 1449534190
stats: users 0 971
stats: {recvpackets,"tsung_controller@ip-172-30-3-194"} 1 162.0 0.0 6803 63 2543.2 30
stats: {sentpackets,"tsung_controller@ip-172-30-3-194"} 1 136.0 0.0 7463 66 2444.733333333333 30
stats: {cpu,"tsung_controller@ip-172-30-3-194"} 1 1.282051282051282 0.0 21.07795957651588 1.282051282051282 7.083592746631418 31
stats: {load,"tsung_controller@ip-172-30-3-194"} 1 0.0390625 0.0 0.12109375 0.01171875 0.052923387096774195 31
stats: {freemem,"tsung_controller@ip-172-30-3-194"} 1 3114.42578125 0.0 3172.203125 3112.5234375 3142.220262096774 31
stats: session 3 109592.36295572917 4479.959915321241 155124.57397460938 102.885986328125 40022.17189152967 1861
stats: users_count 0 1864
stats: finish_users_count 3 1864
stats: request 28 6.612679617745536 4.296353074358187 3954.84521484375 0.052001953125 581.7657258562673 21469
stats: connect 1 0.734130859375 0.0 109.675048828125 0.433837890625 2.702551221282115 2530
stats: page 19 9.792480468749998 4.597809121242488 6278.566162109375 0.490966796875 692.9932540254423 18025
stats: tr_play_game__ready_page 0 0 0 2701.256103515625 0.596923828125 705.7782185061837 753
stats: 302 18 2395
stats: tr_sign_in_POST 0 0 0 3954.94384765625 0.635986328125 949.0712881446781 266
stats: 200 1 7135
stats: tr_question_new_POST 8 8.25238037109375 3.8907877010006886 2681.39794921875 0.578125 433.37964283730736 2110
stats: size_rcv 18798 25488659
stats: tr_quiz_new_POST 1 5.9580078125 0.0 2592.849853515625 0.833984375 579.5993919516509 265
stats: newphase 0 6
stats: tr_play_game__leaderboard 0 0 0 2702.39794921875 0.60888671875 605.3555228953976 753
stats: 422 9 1016
stats: tr_friend_requests 0 0 0 2566.43408203125 0.575927734375 626.6441125425034 193
stats: size_sent 24070 13349234
stats: tr_friends 1 4.615966796875 0.0 2569.52001953125 0.6240234375 590.3185081481935 192
stats: connected -2 0
stats: tr_search_all_users 0 0 0 2605.0380859375 0.614990234375 637.8769066982582 305
stats: error_connection_closed 0 85
stats: tr_browse_quizzes_page_1 0 0 0 2827.774169921875 0.60791015625 788.8346007069524 347
stats: error_abort_max_send_retries 0 8
stats: tr_play_game__1st_question 0 0 0 2679.972900390625 0.610107421875 590.738769855474 753
stats: 503 0 8671
stats: tr_play_game__answer_to_question 0 0 0 3070.059814453125 0.600830078125 579.0329586601512 753
stats: 404 0 461
stats: tr_quizzes_page_INDEX 0 0 0 2625.4140625 0.60302734375 694.6942790325423 266
stats: 500 0 1232
stats: tr_sign_in_SHOW 0 0 0 3344.322998046875 0.68603515625 709.1150196046758 266
stats: tr_quiz_questions_SHOW 8 3.30255126953125 0.09141711553566569 2496.473876953125 0.078857421875 412.629950616484 2110
EndMonitor:{1449,534190,881896}
