# stats: dump at 1448600519
stats: users 7 7
stats: {freemem,"tsung_controller@ip-172-30-3-25"} 1 3170.89453125 0 3170.89453125 3170.89453125 0 0
stats: {load,"tsung_controller@ip-172-30-3-25"} 1 0.078125 0 0.078125 0.078125 0 0
stats: {cpu,"tsung_controller@ip-172-30-3-25"} 1 5.4779438522664865 0 5.4779438522664865 5.4779438522664865 0 0
stats: users_count 7 7
stats: finish_users_count 0 0
stats: request 9 19.03607855902778 36.03801469414685 120.847900390625 3.719970703125 0 0
stats: connect 6 19.636962890625 42.15581766519067 113.900146484375 0.68896484375 0 0
stats: page 9 19.03607855902778 36.03801469414685 120.847900390625 3.719970703125 0 0
stats: tr_browse_quizzes_page_1 3 4.362955729166667 0.45221260261822593 4.866943359375 3.77001953125 0 0
stats: 302 3 3
stats: tr_index 4 36.7469482421875 49.76176448008111 122.912109375 6.89990234375 0 0
stats: 200 6 6
stats: size_rcv 10062 10062
stats: size_sent 2373 2373
stats: connected 6 6
# stats: dump at 1448600529
stats: users 15 16
stats: {freemem,"tsung_controller@ip-172-30-3-25"} 1 3169.6875 0.0 3170.89453125 3169.6875 3170.89453125 1
stats: {load,"tsung_controller@ip-172-30-3-25"} 1 0.0703125 0.0 0.078125 0.0703125 0.078125 1
stats: {recvpackets,"tsung_controller@ip-172-30-3-25"} 1 115 0 115 115 0 0
stats: {sentpackets,"tsung_controller@ip-172-30-3-25"} 1 177 0 177 177 0 0
stats: {cpu,"tsung_controller@ip-172-30-3-25"} 1 2.359882005899705 0.0 5.4779438522664865 2.359882005899705 5.4779438522664865 1
stats: session 1 13240.126953125 0 13240.126953125 13240.126953125 0 0
stats: users_count 9 16
stats: finish_users_count 1 1
stats: request 70 17.20693359375 48.27097243252385 397.69287109375 3.64697265625 19.03607855902778 9
stats: connect 10 0.7662109375 0.07620912863551213 113.900146484375 0.633056640625 19.636962890625 6
stats: page 58 20.79144918507544 52.975224869310736 397.69287109375 3.64697265625 19.03607855902778 9
stats: tr_play_game__ready_page 5 9.43564453125 0.46396215105248934 9.925048828125 8.720947265625 0 0
stats: 302 9 12
stats: tr_question_new_POST 8 4.83935546875 0.10763445540837904 5.02392578125 4.716064453125 0 0
stats: 200 53 59
stats: tr_quiz_new_POST 1 13.4169921875 0 13.4169921875 13.4169921875 0 0
stats: size_rcv 135253 145315
stats: tr_browse_quizzes_page_1 6 4.52099609375 0.4795138994469051 4.9990234375 3.691162109375 4.362955729166667 3
stats: size_sent 66327 68700
stats: tr_play_game__1st_question 4 10.79052734375 0.09170608901022292 10.860107421875 10.6328125 0 0
stats: connected 9 15
stats: tr_play_game__answer_to_question 2 12.41943359375 0.111572265625 12.531005859375 12.307861328125 0 0
stats: 404 8 8
stats: tr_index 6 8.7364501953125 2.947462057246102 122.912109375 6.89990234375 36.7469482421875 4
stats: tr_quizzes_page_INDEX 2 9.99560546875 0.20849609375 10.2041015625 9.787109375 0 0
stats: tr_quiz_questions_SHOW 8 8.656890869140625 1.0754732258718933 11.470947265625 7.985107421875 0 0
# stats: dump at 1448600539
stats: users 26 26
stats: {freemem,"tsung_controller@ip-172-30-3-25"} 1 3165.46875 0.0 3170.89453125 3165.46875 3170.291015625 2
stats: {load,"tsung_controller@ip-172-30-3-25"} 1 0.05859375 0.0 0.078125 0.05859375 0.07421875 2
stats: {recvpackets,"tsung_controller@ip-172-30-3-25"} 1 308.0 0.0 308 115 115.0 1
stats: {sentpackets,"tsung_controller@ip-172-30-3-25"} 1 271.0 0.0 271 177 177.0 1
stats: {cpu,"tsung_controller@ip-172-30-3-25"} 1 1.6748768472906401 0.0 5.4779438522664865 1.6748768472906401 3.9189129290830955 2
stats: session 2 15386.511962890625 215.39697265625 15601.908935546875 13240.126953125 13240.126953125 1
stats: users_count 13 29
stats: finish_users_count 2 3
stats: request 119 11.23879825367647 14.312442942304557 397.69287109375 3.64697265625 17.41531719738924 79
stats: connect 13 0.8170447716346154 0.2830260602223247 113.900146484375 0.5458984375 7.842742919921875 16
stats: page 97 13.816567332474227 16.466967603908117 397.69287109375 3.64697265625 20.55565313083023 67
stats: tr_play_game__ready_page 8 9.934539794921875 2.728108646559832 16.572021484375 7.60205078125 9.43564453125 5
stats: 302 9 21
stats: tr_question_new_POST 16 4.5538482666015625 0.08452802701074805 5.02392578125 4.41015625 4.83935546875 8
stats: 200 94 153
stats: tr_quiz_new_POST 2 11.6165771484375 0.0413818359375 13.4169921875 11.5751953125 13.4169921875 1
stats: size_rcv 238017 383332
stats: tr_browse_quizzes_page_1 5 6.190234375 2.9020617686664205 11.52587890625 3.691162109375 4.468315972222222 9
stats: size_sent 149423 218123
stats: tr_play_game__1st_question 6 9.516886393229166 0.8000853629150569 10.860107421875 8.744140625 10.79052734375 4
stats: connected 11 26
stats: tr_play_game__answer_to_question 5 12.253955078125 1.8114493804353569 15.35595703125 10.35302734375 12.41943359375 2
stats: 404 16 24
stats: tr_index 5 7.12060546875 0.9086574148372737 122.912109375 5.918212890625 19.9406494140625 10
stats: tr_quizzes_page_INDEX 3 9.872721354166666 0.14150841232413497 10.2041015625 9.677978515625 9.99560546875 2
stats: tr_quiz_questions_SHOW 16 7.991302490234375 0.72299907839087 11.470947265625 7.609130859375 8.656890869140625 8
# stats: dump at 1448600549
stats: users 28 29
stats: {freemem,"tsung_controller@ip-172-30-3-25"} 1 3162.34375 0.0 3170.89453125 3162.34375 3168.68359375 3
stats: {load,"tsung_controller@ip-172-30-3-25"} 1 0.05078125 0.0 0.078125 0.05078125 0.06901041666666667 3
stats: {recvpackets,"tsung_controller@ip-172-30-3-25"} 1 519.0 0.0 519 115 211.5 2
stats: {sentpackets,"tsung_controller@ip-172-30-3-25"} 1 470.0 0.0 470 177 224.0 2
stats: {cpu,"tsung_controller@ip-172-30-3-25"} 1 1.9743336623889436 0.0 5.4779438522664865 1.6748768472906401 3.170900901818944 3
stats: session 2 25407.320556640625 3943.619384765625 29350.93994140625 13240.126953125 14671.05029296875 3
stats: users_count 4 33
stats: finish_users_count 2 5
stats: request 64 14.855583190917967 17.260121665277325 397.69287109375 3.64697265625 13.703166923137626 198
stats: connect 4 0.85272216796875 0.20497443893163675 113.900146484375 0.5458984375 4.693292025862069 29
stats: page 58 16.400832603717678 19.244138815140126 397.69287109375 3.64697265625 16.569730433022105 164
stats: tr_play_game__ready_page 1 7.712158203125 0.0 16.572021484375 7.60205078125 9.742657001201923 13
stats: 302 4 25
stats: tr_question_new_POST 0 0 0 5.02392578125 4.41015625 4.649017333984375 24
stats: 200 60 213
stats: tr_quiz_new_POST 0 0 0 13.4169921875 11.5751953125 12.216715494791666 3
stats: size_rcv 134169 517501
stats: tr_play_game__leaderboard 1 8.902099609375 0 8.902099609375 8.902099609375 0 0
stats: newphase 1 1
stats: tr_friend_requests 4 8.28424072265625 0.3755232170927002 8.926025390625 8.01904296875 0 0
stats: size_sent 120879 339002
stats: tr_friends 3 32.569091796875 1.3309869933272647 34.39013671875 31.24609375 0 0
stats: connected 2 28
stats: tr_search_all_users 1 56.947998046875 0 56.947998046875 56.947998046875 0 0
stats: 404 0 24
stats: tr_browse_quizzes_page_1 1 4.010009765625 0.0 11.52587890625 3.691162109375 5.083286830357143 14
stats: tr_play_game__1st_question 3 9.686604817708334 0.4788694289079863 10.860107421875 8.744140625 10.0263427734375 10
stats: tr_play_game__answer_to_question 4 11.34259033203125 0.5209298024641467 15.35595703125 10.35302734375 12.301234654017858 7
stats: tr_index 0 0 0 122.912109375 5.918212890625 15.667301432291667 15
stats: tr_quizzes_page_INDEX 1 16.35595703125 0.0 16.35595703125 9.677978515625 9.921875 5
stats: tr_quiz_questions_SHOW 0 0 0 11.470947265625 7.609130859375 8.213165283203125 24
# stats: dump at 1448600559
stats: users 38 39
stats: {freemem,"tsung_controller@ip-172-30-3-25"} 1 3162.359375 0.0 3170.89453125 3162.34375 3167.0986328125 4
stats: {load,"tsung_controller@ip-172-30-3-25"} 1 0.0390625 0.0 0.078125 0.0390625 0.064453125 4
stats: {recvpackets,"tsung_controller@ip-172-30-3-25"} 1 364.0 0.0 519 115 314.0 3
stats: {sentpackets,"tsung_controller@ip-172-30-3-25"} 1 305.0 0.0 470 177 306.0 3
stats: {cpu,"tsung_controller@ip-172-30-3-25"} 1 1.9704433497536946 0.0 5.4779438522664865 1.6748768472906401 2.8717590919614437 4
stats: session 4 29961.289001464844 6274.125858940736 34658.885009765625 13240.126953125 18965.5583984375 5
stats: users_count 14 47
stats: finish_users_count 4 9
stats: request 63 25.5521724640377 57.33473945533204 436.343994140625 3.64697265625 13.984673187022901 262
stats: connect 14 1.0731898716517858 1.1828141805769377 113.900146484375 0.5458984375 4.227768406723484 33
stats: page 57 28.247348718475877 60.80784037894332 436.343994140625 3.64697265625 16.525603973113743 222
stats: tr_play_game__ready_page 2 16.33642578125 7.3994140625 23.73583984375 7.60205078125 9.597621372767858 14
stats: 302 8 33
stats: tr_question_new_POST 0 0 0 5.02392578125 4.41015625 4.649017333984375 24
stats: 200 55 268
stats: tr_quiz_new_POST 0 0 0 13.4169921875 11.5751953125 12.216715494791666 3
stats: size_rcv 116056 633557
stats: tr_play_game__leaderboard 3 14.052327473958334 3.1532500291914047 18.506103515625 8.902099609375 8.902099609375 1
stats: newphase 0 1
stats: tr_friend_requests 2 11.303955078125 1.761962890625 13.06591796875 8.01904296875 8.28424072265625 4
stats: size_sent 96331 435333
stats: tr_friends 0 0 0 34.39013671875 31.24609375 32.569091796875 3
stats: connected 11 39
stats: tr_search_all_users 1 68.078857421875 0.0 68.078857421875 56.947998046875 56.947998046875 1
stats: 404 0 24
stats: tr_browse_quizzes_page_1 2 5.892578125 1.808349609375 11.52587890625 3.691162109375 5.011735026041666 15
stats: tr_play_game__1st_question 3 11.529378255208334 2.597945472722774 15.14208984375 8.744140625 9.94794170673077 13
stats: tr_play_game__answer_to_question 1 11.88818359375 0.0 15.35595703125 10.35302734375 11.95263671875 11
stats: tr_index 4 9.396728515625 1.4593669078365663 122.912109375 5.918212890625 15.667301432291667 15
stats: tr_quizzes_page_INDEX 0 0 0 16.35595703125 9.677978515625 10.994222005208334 6
stats: tr_quiz_questions_SHOW 0 0 0 11.470947265625 7.609130859375 8.213165283203125 24
# stats: dump at 1448600569
stats: users 49 49
stats: {freemem,"tsung_controller@ip-172-30-3-25"} 1 3161.625 0.0 3170.89453125 3161.625 3166.15078125 5
stats: {load,"tsung_controller@ip-172-30-3-25"} 1 0.0390625 0.0 0.078125 0.0390625 0.059375 5
stats: {recvpackets,"tsung_controller@ip-172-30-3-25"} 1 335.0 0.0 519 115 326.5 4
stats: {sentpackets,"tsung_controller@ip-172-30-3-25"} 1 313.0 0.0 470 177 305.75 4
stats: {cpu,"tsung_controller@ip-172-30-3-25"} 1 1.6798418972332017 0.0 5.4779438522664865 1.6748768472906401 2.691495943519894 5
stats: session 5 34295.53217773438 7197.907662118471 46722.35400390625 13240.126953125 23852.549777560766 9
stats: users_count 16 63
stats: finish_users_count 5 14
stats: request 127 17.359380767101364 21.945595405172607 436.343994140625 3.64697265625 16.226988431490383 325
stats: connect 15 1.157470703125 1.171848880052873 113.900146484375 0.526123046875 3.288106715425532 47
stats: page 107 20.62287574839369 24.886738200953893 436.343994140625 3.64697265625 18.920369028617834 279
stats: tr_play_game__ready_page 6 8.920369466145834 0.7964618636234404 23.73583984375 7.60205078125 10.439971923828125 16
stats: 302 16 49
stats: tr_question_new_POST 8 17.582061767578125 34.34915343408118 108.461181640625 4.41015625 4.649017333984375 24
stats: 200 103 371
stats: tr_quiz_new_POST 1 16.088134765625 0.0 16.088134765625 11.5751953125 12.216715494791666 3
stats: size_rcv 295408 928965
stats: tr_play_game__leaderboard 2 8.939453125 0.467529296875 18.506103515625 8.471923828125 12.7647705078125 4
stats: newphase 0 1
stats: tr_friend_requests 4 14.580322265625 11.156033668771418 33.89013671875 7.48291015625 9.290812174479166 6
stats: size_sent 150124 585457
stats: tr_friends 4 40.95477294921875 11.244747040653271 60.307861328125 31.24609375 32.569091796875 3
stats: connected 9 48
stats: tr_search_all_users 3 57.742594401041664 2.182947929596794 68.078857421875 55.42578125 62.513427734375 2
stats: 404 8 32
stats: tr_browse_quizzes_page_1 9 4.035888671875 0.3743268081082726 11.52587890625 3.691162109375 5.115363625919118 17
stats: tr_play_game__1st_question 4 12.13214111328125 2.9865180922538928 17.204833984375 8.744140625 10.244461059570313 16
stats: tr_play_game__answer_to_question 2 13.455322265625 2.635498046875 16.0908203125 10.35302734375 11.947265625 12
stats: tr_index 9 8.30636935763889 2.309670167253422 122.912109375 5.719970703125 14.347180818256579 19
stats: tr_quizzes_page_INDEX 5 13.14326171875 4.693027041412811 18.573974609375 7.7841796875 10.994222005208334 6
stats: tr_quiz_questions_SHOW 8 8.307769775390625 1.0475865403998834 11.470947265625 7.609130859375 8.213165283203125 24
# stats: dump at 1448600579
stats: users 54 56
stats: {freemem,"tsung_controller@ip-172-30-3-25"} 1 3161.046875 0.0 3170.89453125 3161.046875 3165.396484375 6
stats: {load,"tsung_controller@ip-172-30-3-25"} 1 0.03125 0.0 0.078125 0.03125 0.055989583333333336 6
stats: {recvpackets,"tsung_controller@ip-172-30-3-25"} 1 658.0 0.0 658 115 328.2 5
stats: {sentpackets,"tsung_controller@ip-172-30-3-25"} 1 571.0 0.0 571 177 307.2 5
stats: {cpu,"tsung_controller@ip-172-30-3-25"} 1 2.171767028627838 0.0 5.4779438522664865 1.6748768472906401 2.522886935805445 6
stats: session 12 29287.49639892578 10333.463144821375 46722.35400390625 10490.248046875 27582.18634905134 14
stats: users_count 17 80
stats: finish_users_count 12 26
stats: request 222 14.698075028153157 18.302681356512736 436.343994140625 3.64697265625 16.545160614283734 452
stats: connect 17 0.8617446001838235 0.570552451244652 113.900146484375 0.526123046875 2.7726302608366935 62
stats: page 182 17.95529409555289 20.48265879414905 436.343994140625 3.64697265625 19.392307419851036 386
stats: tr_play_game__ready_page 11 8.211026278409092 1.2769424926987634 23.73583984375 7.40478515625 10.025534889914773 22
stats: 302 17 66
stats: tr_question_new_POST 24 4.840525309244792 0.6583397455767065 108.461181640625 4.41015625 7.8822784423828125 32
stats: 200 181 552
stats: tr_quiz_new_POST 3 13.889241536458334 2.147451688607687 16.9228515625 11.5751953125 13.1845703125 4
stats: size_rcv 574434 1503399
stats: tr_play_game__leaderboard 4 9.99334716796875 1.7548059935996172 18.506103515625 8.471923828125 11.489664713541666 6
stats: newphase 1 2
stats: tr_friend_requests 3 10.716471354166666 2.112560328663605 33.89013671875 7.48291015625 11.4066162109375 10
stats: size_sent 276172 861629
stats: tr_friends 5 33.654541015625 1.7297787153802175 60.307861328125 31.096923828125 37.360909598214285 7
stats: connected 5 53
stats: tr_search_all_users 7 59.053152901785715 4.509874618270122 68.078857421875 55.06005859375 59.650927734375 5
stats: 404 24 56
stats: tr_browse_quizzes_page_1 9 4.509928385416667 1.4821602611865892 11.52587890625 3.691162109375 4.74169921875 26
stats: tr_play_game__1st_question 10 10.8326416015625 3.524282346966416 20.7119140625 8.522216796875 10.6219970703125 20
stats: tr_play_game__answer_to_question 10 11.603076171875 1.5870992222207005 16.0908203125 10.1669921875 12.162702287946429 14
stats: tr_index 8 7.222076416015625 1.3878643190015127 122.912109375 5.719970703125 12.405491420200892 28
stats: tr_quizzes_page_INDEX 6 9.503499348958334 1.4102628297176174 18.573974609375 7.7841796875 11.971058238636363 11
stats: tr_quiz_questions_SHOW 24 8.351511637369791 0.9941970793656476 11.546875 7.56298828125 8.23681640625 32
# stats: dump at 1448600589
stats: users 63 65
stats: {freemem,"tsung_controller@ip-172-30-3-25"} 1 3156.34375 0.0 3170.89453125 3156.34375 3164.7751116071427 7
stats: {load,"tsung_controller@ip-172-30-3-25"} 1 0.03125 0.0 0.078125 0.03125 0.052455357142857144 7
stats: {recvpackets,"tsung_controller@ip-172-30-3-25"} 1 1222.0 0.0 1222 115 383.1666666666667 6
stats: {sentpackets,"tsung_controller@ip-172-30-3-25"} 1 986.0 0.0 986 177 351.1666666666667 6
stats: {cpu,"tsung_controller@ip-172-30-3-25"} 1 3.7254901960784315 0.0 5.4779438522664865 1.6748768472906401 2.4727269490657866 7
stats: session 8 35430.91323852539 20032.90655372042 70028.13500976563 8765.906005859375 28369.252525916465 26
stats: users_count 17 97
stats: finish_users_count 8 34
stats: request 269 11.496671882260689 15.28565723658259 436.343994140625 3.63818359375 15.936773373748146 674
stats: connect 18 0.7376844618055556 0.06914201687022922 113.900146484375 0.526123046875 2.361427017405063 79
stats: page 211 14.689868511181873 18.12181366641047 436.343994140625 3.63818359375 18.93185596734705 568
stats: tr_play_game__ready_page 6 8.439778645833334 0.8121363567815831 23.73583984375 7.40478515625 9.420698686079545 33
stats: 302 22 88
stats: tr_question_new_POST 40 4.870208740234375 1.2360493346392147 108.461181640625 4.41015625 6.578669956752232 56
stats: 200 207 759
stats: tr_quiz_new_POST 5 12.06435546875 0.9522982103758177 16.9228515625 11.151123046875 13.486572265625 7
stats: size_rcv 557661 2061060
stats: tr_play_game__leaderboard 1 9.458984375 0.0 18.506103515625 8.471923828125 10.8911376953125 10
stats: newphase 0 2
stats: tr_friend_requests 0 0 0 33.89013671875 7.48291015625 11.247352013221153 13
stats: size_sent 339130 1200759
stats: tr_friends 1 31.47705078125 0.0 60.307861328125 31.096923828125 35.81658935546875 12
stats: connected 11 64
stats: tr_search_all_users 0 0 0 68.078857421875 55.06005859375 59.302225748697914 12
stats: 404 40 96
stats: tr_browse_quizzes_page_1 10 3.9677734375 0.2245879851397951 11.52587890625 3.691162109375 4.682101004464286 35
stats: tr_play_game__1st_question 6 9.552408854166666 0.5915900086723361 20.7119140625 8.522216796875 10.6922119140625 30
stats: tr_play_game__answer_to_question 7 10.89013671875 0.785684089575819 16.0908203125 10.071044921875 11.929524739583334 24
stats: tr_index 11 7.3364035866477275 1.6425953826461053 122.912109375 5.719970703125 11.253621419270834 36
stats: tr_quizzes_page_INDEX 8 8.409393310546875 0.42379110917384705 18.573974609375 7.719970703125 11.100155101102942 17
stats: tr_quiz_questions_SHOW 40 8.235998535156252 1.0346310799158391 11.546875 7.56298828125 8.285971505301339 56
# stats: dump at 1448600599
stats: users 74 77
stats: {freemem,"tsung_controller@ip-172-30-3-25"} 1 3152.12890625 0.0 3170.89453125 3152.12890625 3163.72119140625 8
stats: {load,"tsung_controller@ip-172-30-3-25"} 1 0.01953125 0.0 0.078125 0.01953125 0.0498046875 8
stats: {recvpackets,"tsung_controller@ip-172-30-3-25"} 1 1187.0 0.0 1222 115 503.0 7
stats: {sentpackets,"tsung_controller@ip-172-30-3-25"} 1 995.0 0.0 995 177 441.85714285714283 7
stats: {cpu,"tsung_controller@ip-172-30-3-25"} 1 3.721841332027424 0.0 5.4779438522664865 1.6748768472906401 2.629322354942367 8
stats: session 12 50389.67218017578 18033.04864288472 82981.67895507813 8765.906005859375 30030.819752412684 34
stats: users_count 23 120
stats: finish_users_count 12 46
stats: request 295 9.845288499735169 10.542984029572791 436.343994140625 3.580078125 14.670190869813759 943
stats: connect 23 0.6885190217391304 0.037613964517048834 113.900146484375 0.526123046875 2.0601139658505154 97
stats: page 243 11.97894161522634 12.12809355147728 436.343994140625 3.580078125 17.782870918244544 779
stats: tr_play_game__ready_page 13 8.121300330528848 0.6953935030068334 23.73583984375 7.40478515625 9.269787910657051 39
stats: 302 17 105
stats: tr_question_new_POST 40 4.619482421875001 0.26451491362346324 108.461181640625 4.387939453125 5.866811116536458 96
stats: 200 238 997
stats: tr_quiz_new_POST 5 11.6923828125 0.6320623024761292 16.9228515625 10.968017578125 12.89398193359375 12
stats: size_rcv 610448 2671508
stats: tr_play_game__leaderboard 6 8.982218424479166 1.4858906180394262 18.506103515625 8.06201171875 10.760941938920455 11
stats: newphase 0 2
stats: tr_friend_requests 8 8.355865478515625 0.3818531069102778 33.89013671875 7.48291015625 11.247352013221153 13
stats: size_sent 436400 1637159
stats: tr_friends 2 33.8134765625 1.6865234375 60.307861328125 31.096923828125 35.48277869591346 13
stats: connected 10 74
stats: tr_search_all_users 1 55.89599609375 0.0 68.078857421875 55.06005859375 59.302225748697914 12
stats: 404 40 136
stats: tr_browse_quizzes_page_1 12 4.405721028645833 0.8651528005462507 11.52587890625 3.6240234375 4.523361545138889 45
stats: tr_play_game__1st_question 14 9.917532784598214 1.68235809626007 20.7119140625 8.522216796875 10.502244737413195 36
stats: tr_play_game__answer_to_question 10 11.177685546875 0.959688120636511 16.0908203125 10.071044921875 11.69482421875 31
stats: tr_index 10 6.82197265625 0.8536044761099718 122.912109375 5.719970703125 10.33682575631649 47
stats: tr_quizzes_page_INDEX 1 7.9970703125 0.0 18.573974609375 7.719970703125 10.239111328125 25
stats: tr_quiz_questions_SHOW 40 8.076086425781247 0.9405407683307889 12.406982421875 7.51708984375 8.265149434407553 96
# stats: dump at 1448600609
stats: users 85 85
stats: {freemem,"tsung_controller@ip-172-30-3-25"} 1 3147.66015625 0.0 3170.89453125 3147.66015625 3162.433159722222 9
stats: {load,"tsung_controller@ip-172-30-3-25"} 1 0.01953125 0.0 0.078125 0.01953125 0.046440972222222224 9
stats: {recvpackets,"tsung_controller@ip-172-30-3-25"} 1 1293.0 0.0 1293 115 588.5 8
stats: {sentpackets,"tsung_controller@ip-172-30-3-25"} 1 1082.0 0.0 1082 177 511.0 8
stats: {cpu,"tsung_controller@ip-172-30-3-25"} 1 3.4482758620689653 0.0 5.4779438522664865 1.6748768472906401 2.7507133523962626 9
stats: session 13 44721.49111703725 22855.724882918275 84300.09497070313 8765.906005859375 35341.824733568275 46
stats: users_count 24 144
stats: finish_users_count 13 59
stats: request 291 11.680495429284791 12.804776448173582 436.343994140625 3.580078125 13.520476654003433 1238
stats: connect 26 0.7537935697115384 0.12645402537719208 113.900146484375 0.526123046875 1.7972249348958333 120
stats: page 243 14.01106469425154 14.523335101190453 436.343994140625 3.580078125 16.402875986117905 1022
stats: tr_play_game__ready_page 11 9.204900568181818 2.456071289471701 23.73583984375 7.40478515625 8.982666015625 52
stats: 302 16 121
stats: tr_question_new_POST 32 4.817489624023437 0.5009069559380254 108.461181640625 4.387939453125 5.499949735753677 136
stats: 200 243 1240
stats: tr_quiz_new_POST 4 12.6920166015625 1.1028013973158224 16.9228515625 10.968017578125 12.540570427389707 17
stats: size_rcv 642409 3313917
stats: tr_play_game__leaderboard 5 9.800927734375 1.674178086933827 18.506103515625 8.06201171875 10.133157169117647 17
stats: newphase 1 3
stats: tr_friend_requests 2 8.9329833984375 0.4019775390625 33.89013671875 7.48291015625 10.145833333333334 21
stats: size_sent 470875 2108034
stats: tr_friends 7 33.120535714285715 1.3265900258348462 60.307861328125 31.096923828125 35.260205078125 15
stats: connected 11 85
stats: tr_search_all_users 4 55.68963623046875 1.7115634694130637 68.078857421875 53.656005859375 59.04020808293269 13
stats: 404 32 168
stats: tr_browse_quizzes_page_1 11 4.4734108664772725 0.948857759074375 11.52587890625 3.6240234375 4.498595120614035 57
stats: tr_play_game__1st_question 13 9.921217698317308 1.5359308999374948 20.7119140625 8.522216796875 10.338525390625 50
stats: tr_play_game__answer_to_question 14 11.526227678571429 1.8733137534475597 16.365966796875 9.865966796875 11.568692835365853 41
stats: tr_index 15 6.328515625 0.3239925444141544 122.912109375 5.719970703125 9.720184861567983 57
stats: tr_quizzes_page_INDEX 0 0 0 18.573974609375 7.719970703125 10.152878981370192 26
stats: tr_quiz_questions_SHOW 32 8.473731994628906 1.5820814040668443 15.85498046875 7.51708984375 8.209542667164522 136
# stats: dump at 1448600619
stats: users 109 111
stats: {freemem,"tsung_controller@ip-172-30-3-25"} 1 3146.4453125 0.0 3170.89453125 3146.4453125 3160.955859375 10
stats: {load,"tsung_controller@ip-172-30-3-25"} 1 0.01953125 0.0 0.078125 0.01953125 0.04375 10
stats: {recvpackets,"tsung_controller@ip-172-30-3-25"} 1 1719.0 0.0 1719 115 666.7777777777778 9
stats: {sentpackets,"tsung_controller@ip-172-30-3-25"} 1 1421.0 0.0 1421 177 574.4444444444445 9
stats: {cpu,"tsung_controller@ip-172-30-3-25"} 1 4.5142296368989205 0.0 5.4779438522664865 1.6748768472906401 2.8204696033635326 10
stats: session 18 36711.349093967016 14567.36135426561 84300.09497070313 8765.906005859375 37408.530885858054 59
stats: users_count 42 186
stats: finish_users_count 18 77
stats: request 421 12.441636472869657 15.008104996253138 436.343994140625 3.4609375 13.170290560875163 1529
stats: connect 41 0.7436821169969512 0.2079110772406452 113.900146484375 0.526123046875 1.6114083904109588 146
stats: page 352 14.90419561212713 17.158744465649445 436.343994140625 3.4609375 15.943421326889823 1265
stats: tr_play_game__ready_page 17 9.731158088235293 2.918964377723417 23.73583984375 7.358154296875 9.021468874007937 63
stats: 302 33 154
stats: tr_question_new_POST 48 5.5225982666015625 3.1925219951181667 108.461181640625 4.387939453125 5.369957333519345 168
stats: 200 340 1580
stats: tr_quiz_new_POST 6 11.360636393229166 0.24282680411518515 16.9228515625 10.968017578125 12.569417317708334 21
stats: size_rcv 902012 4215929
stats: tr_play_game__leaderboard 7 9.255894252232142 1.0256448935759424 18.506103515625 8.06201171875 10.057650479403408 22
stats: newphase 0 3
stats: tr_friend_requests 6 8.003133138020834 0.4008433793072011 33.89013671875 7.48291015625 10.040368121603262 23
stats: size_sent 590704 2698738
stats: tr_friends 2 33.971435546875 0.41943359375 60.307861328125 31.096923828125 34.57940118963068 22
stats: connected 23 108
stats: tr_search_all_users 5 58.242431640625 3.763210085781402 68.078857421875 53.656005859375 58.251838235294116 17
stats: 404 48 216
stats: tr_browse_quizzes_page_1 20 4.08890380859375 0.6209777496983082 11.52587890625 3.52099609375 4.4945211971507355 68
stats: tr_play_game__1st_question 13 11.155724158653847 2.787112747125616 20.7119140625 8.47900390625 10.25241427951389 63
stats: tr_play_game__answer_to_question 12 16.808573404947918 14.543674617327419 64.549072265625 9.865966796875 11.557883522727273 55
stats: tr_index 20 7.2926513671875 2.5511722003385766 122.912109375 5.719970703125 9.013587103949654 72
stats: tr_quizzes_page_INDEX 5 9.073876953125 1.8313408148839212 18.573974609375 7.719970703125 10.152878981370192 26
stats: tr_quiz_questions_SHOW 48 9.033045450846355 2.551156139373723 21.9599609375 7.51708984375 8.259864443824405 168
# stats: dump at 1448600629
stats: users 133 133
stats: {freemem,"tsung_controller@ip-172-30-3-25"} 1 3139.6953125 0.0 3170.89453125 3139.6953125 3159.63671875 11
stats: {load,"tsung_controller@ip-172-30-3-25"} 1 0.01171875 0.0 0.078125 0.01171875 0.041548295454545456 11
stats: {recvpackets,"tsung_controller@ip-172-30-3-25"} 1 1883.0 0.0 1883 115 772.0 10
stats: {sentpackets,"tsung_controller@ip-172-30-3-25"} 1 1628.0 0.0 1628 177 659.1 10
stats: {cpu,"tsung_controller@ip-172-30-3-25"} 1 4.724409448818897 0.0 5.4779438522664865 1.6748768472906401 2.974447788230386 11
stats: session 15 42109.98108723958 14364.459735070734 84300.09497070313 8765.906005859375 37245.55332411729 77
stats: users_count 39 225
stats: finish_users_count 15 92
stats: request 345 15.331595335144927 26.239179293117825 436.343994140625 3.4609375 13.012976011618589 1950
stats: connect 39 0.703056139823718 0.09480244204276886 113.900146484375 0.526123046875 1.4211582449030749 187
stats: page 313 16.906331120207668 28.177854190216475 436.343994140625 3.4609375 15.717195320955087 1617
stats: tr_play_game__ready_page 18 8.49350314670139 1.1588999510986417 23.73583984375 7.291015625 9.17227783203125 80
stats: 302 36 190
stats: tr_question_new_POST 8 4.8974609375 0.8674209898990795 108.461181640625 4.387939453125 5.403877540870949 216
stats: 200 301 1881
stats: tr_quiz_new_POST 1 11.60791015625 0.0 16.9228515625 10.968017578125 12.30079933449074 27
stats: size_rcv 661619 4877548
stats: tr_play_game__leaderboard 13 9.273399939903848 1.8034832311755846 18.506103515625 8.06201171875 9.864123114224139 29
stats: newphase 0 3
stats: tr_friend_requests 12 9.340352376302084 1.4366779722585672 33.89013671875 7.48291015625 9.618871228448276 29
stats: size_sent 595596 3294334
stats: tr_friends 7 33.87548828125 2.8410561046956055 60.307861328125 31.096923828125 34.52873738606771 24
stats: connected 24 132
stats: tr_search_all_users 4 77.322021484375 3.6539073595816505 81.2060546875 53.656005859375 58.24970037286932 22
stats: 404 8 224
stats: tr_browse_quizzes_page_1 20 4.7462890625 1.2494100384858369 11.52587890625 3.52099609375 4.4023354270241475 88
stats: tr_play_game__1st_question 19 10.105070415296053 2.1912731473594547 20.7119140625 8.47900390625 10.40692781147204 76
stats: tr_play_game__answer_to_question 16 11.49737548828125 1.9144998955671177 64.549072265625 9.865966796875 12.498305591184701 67
stats: tr_index 19 6.732755962171052 1.026785521824666 122.912109375 5.719970703125 8.63947063943614 92
stats: tr_quizzes_page_INDEX 8 9.8245849609375 2.3113030899546185 18.573974609375 7.719970703125 9.978846396169354 31
stats: tr_quiz_questions_SHOW 8 8.142303466796875 0.8594102023240735 21.9599609375 7.51708984375 8.431682445384839 216
# stats: dump at 1448600639
stats: users 168 168
stats: {freemem,"tsung_controller@ip-172-30-3-25"} 1 3134.1171875 0.0 3170.89453125 3134.1171875 3157.9749348958335 12
stats: {load,"tsung_controller@ip-172-30-3-25"} 1 0.01171875 0.0 0.078125 0.01171875 0.0390625 12
stats: {recvpackets,"tsung_controller@ip-172-30-3-25"} 1 1877.0 0.0 1883 115 873.0 11
stats: {sentpackets,"tsung_controller@ip-172-30-3-25"} 1 1655.0 0.0 1655 177 747.1818181818181 11
stats: {cpu,"tsung_controller@ip-172-30-3-25"} 1 5.38160469667319 0.0 5.4779438522664865 1.6748768472906401 3.120277926612762 12
stats: session 26 39453.30970177283 17176.7199059558 84300.09497070313 8765.906005859375 38038.666546365486 92
stats: users_count 61 286
stats: finish_users_count 26 118
stats: request 541 13.436540134733134 16.227992668341116 436.343994140625 3.4609375 13.36152662888072 2295
stats: connect 59 0.6800433659957628 0.09106922134750942 113.900146484375 0.526123046875 1.2972379701327434 226
stats: page 452 16.106352409430308 18.44520372193572 436.343994140625 3.4609375 15.910044805497085 1930
stats: tr_play_game__ready_page 21 9.693231491815476 3.87051439809315 24.987060546875 7.291015625 9.047604930644132 98
stats: 302 44 234
stats: tr_question_new_POST 56 5.780591692243304 1.8793955664662927 108.461181640625 4.387939453125 5.3857912336077005 224
stats: 200 441 2322
stats: tr_quiz_new_POST 7 14.556745256696429 4.631764702351189 25.421142578125 10.968017578125 12.276053292410714 28
stats: size_rcv 1169331 6046879
stats: tr_play_game__leaderboard 16 9.537155151367188 1.715239080030273 18.506103515625 8.06201171875 9.681280226934524 42
stats: newphase 1 4
stats: tr_friend_requests 8 9.678863525390625 1.5232232013389302 33.89013671875 7.48291015625 9.537353515625 41
stats: size_sent 769705 4064039
stats: tr_friends 11 35.77503551136363 3.3952922147502873 60.307861328125 31.096923828125 34.38122952368952 31
stats: connected 33 165
stats: tr_search_all_users 7 71.71861049107143 15.193782840556493 98.461181640625 53.656005859375 61.18390362079327 26
stats: 404 56 280
stats: tr_browse_quizzes_page_1 29 4.713606209590517 1.6556960315942706 11.52587890625 3.52099609375 4.466030544704861 108
stats: tr_play_game__1st_question 17 10.528679342830882 2.079631784067866 20.7119140625 8.439208984375 10.346556332236842 95
stats: tr_play_game__answer_to_question 17 14.003733915441176 5.373032508393657 64.549072265625 9.865966796875 12.305355209902109 83
stats: tr_index 34 9.2044677734375 9.082334866693623 122.912109375 5.719970703125 8.313096055039415 111
stats: tr_quizzes_page_INDEX 3 9.723714192708334 1.7115031700274563 18.573974609375 7.719970703125 9.947203024839743 39
stats: tr_quiz_questions_SHOW 56 9.155308314732142 2.2700988309439585 21.9599609375 7.51708984375 8.42134748186384 224
# stats: dump at 1448600649
stats: users 213 213
stats: {freemem,"tsung_controller@ip-172-30-3-25"} 1 3133.328125 0.0 3170.89453125 3133.328125 3156.1397235576924 13
stats: {load,"tsung_controller@ip-172-30-3-25"} 1 0.01171875 0.0 0.078125 0.01171875 0.036959134615384616 13
stats: {recvpackets,"tsung_controller@ip-172-30-3-25"} 1 2634.0 0.0 2634 115 956.6666666666666 12
stats: {sentpackets,"tsung_controller@ip-172-30-3-25"} 1 2254.0 0.0 2254 177 822.8333333333334 12
stats: {cpu,"tsung_controller@ip-172-30-3-25"} 1 6.426484907497566 0.0 6.426484907497566 1.6748768472906401 3.294226139694333 13
stats: session 27 40342.97555881076 13150.564712946041 84300.09497070313 8765.906005859375 38350.36758060778 118
stats: users_count 72 358
stats: finish_users_count 27 145
stats: request 526 17.77264520333294 36.64147268581051 551.7109375 3.4609375 13.375836327987262 2836
stats: connect 73 0.7225425406678082 0.1578339030834584 113.900146484375 0.526123046875 1.1694678591008771 285
stats: page 475 19.689345703125 39.68507360236457 551.7109375 3.4609375 15.94729545074386 2382
stats: tr_play_game__ready_page 33 9.947125059185606 5.119800601262309 33.23095703125 7.291015625 9.161539029674369 119
stats: 302 58 292
stats: tr_question_new_POST 16 4.89202880859375 0.7706844891181609 108.461181640625 4.387939453125 5.464751325334821 280
stats: 200 452 2774
stats: tr_quiz_new_POST 2 12.3486328125 0.364501953125 25.421142578125 10.968017578125 12.732191685267857 35
stats: size_rcv 1108919 7155798
stats: tr_play_game__leaderboard 13 14.068472055288462 9.908333022079544 44.031005859375 8.06201171875 9.641521585398706 58
stats: newphase 0 4
stats: tr_friend_requests 10 16.8521484375 12.991070934035339 45.252197265625 7.48291015625 9.560457190688776 49
stats: size_sent 810310 4874349
stats: tr_friends 7 36.305419921875 3.431590938976073 60.307861328125 31.096923828125 34.74627394903274 42
stats: connected 46 211
stats: tr_search_all_users 12 109.94510904947917 134.099950785566 551.773193359375 53.656005859375 63.418538411458336 33
stats: 404 16 296
stats: tr_browse_quizzes_page_1 32 4.522781372070313 0.7990088933039676 11.52587890625 3.52099609375 4.518437072308394 137
stats: tr_play_game__1st_question 36 10.493333604600695 2.0891527682015063 20.7119140625 8.439208984375 10.374200003487724 112
stats: tr_play_game__answer_to_question 21 12.117420014880953 1.8658285818081108 64.549072265625 9.865966796875 12.59407958984375 100
stats: tr_index 28 7.695425851004465 2.1237446373499003 122.912109375 5.719970703125 8.522107354525861 145
stats: tr_quizzes_page_INDEX 11 9.145973899147727 1.7263798444991372 18.573974609375 7.719970703125 9.931239536830356 42
stats: tr_quiz_questions_SHOW 16 8.576065063476563 1.0346939132942659 21.9599609375 7.51708984375 8.5681396484375 280
# stats: dump at 1448600659
stats: users 275 275
stats: {freemem,"tsung_controller@ip-172-30-3-25"} 1 3128.61328125 0.0 3170.89453125 3128.61328125 3154.510323660714 14
stats: {load,"tsung_controller@ip-172-30-3-25"} 1 0.01171875 0.0 0.078125 0.01171875 0.03515625 14
stats: {recvpackets,"tsung_controller@ip-172-30-3-25"} 1 2947.0 0.0 2947 115 1085.6923076923076 13
stats: {sentpackets,"tsung_controller@ip-172-30-3-25"} 1 2590.0 0.0 2590 177 932.9230769230769 13
stats: {cpu,"tsung_controller@ip-172-30-3-25"} 1 7.8870496592015575 0.0 7.8870496592015575 1.6748768472906401 3.5179589088231356 14
stats: session 30 30467.999666341148 13786.658442096565 84300.09497070313 8765.906005859375 38721.404928273165 145
stats: users_count 92 450
stats: finish_users_count 30 175
stats: request 788 15.046258761798065 18.789515472983265 551.7109375 3.4609375 14.06373682424896 3362
stats: connect 91 0.699677519745879 0.10004965965989142 113.900146484375 0.52392578125 1.0783350427723464 358
stats: page 674 17.610197616260212 21.593866801333768 551.7109375 3.4609375 16.569442412550316 2857
stats: tr_play_game__ready_page 42 9.985892159598215 3.6098400405123034 33.23095703125 7.291015625 9.332093891344572 152
stats: 302 76 368
stats: tr_question_new_POST 64 5.887290954589844 2.500567589797599 108.461181640625 4.387939453125 5.4337933514569245 296
stats: 200 648 3422
stats: tr_quiz_new_POST 8 12.799407958984375 1.047912687863427 25.421142578125 10.968017578125 12.71145877322635 37
stats: size_rcv 1644888 8800686
stats: tr_play_game__leaderboard 14 11.290544782366071 1.9865348237132427 44.031005859375 8.06201171875 10.452089981294014 71
stats: newphase 0 4
stats: tr_friend_requests 19 9.794253700657896 3.1104655587745027 45.252197265625 7.447998046875 10.796337063029661 59
stats: size_sent 1087944 5962293
stats: tr_friends 9 44.369303385416664 19.828291579758314 98.3701171875 31.096923828125 34.9690090880102 49
stats: connected 61 272
stats: tr_search_all_users 10 62.4954833984375 8.768390326930282 551.773193359375 53.5390625 75.82562391493056 45
stats: 404 64 360
stats: tr_browse_quizzes_page_1 43 5.284247819767442 3.3053020524040653 25.56201171875 3.52099609375 4.519259661612426 169
stats: tr_play_game__1st_question 33 12.146943063446969 9.055580082750222 49.471923828125 8.439208984375 10.40317844700169 148
stats: tr_play_game__answer_to_question 34 12.838967715992647 2.3627770702470565 64.549072265625 9.865966796875 12.511353547908058 121
stats: tr_index 43 9.198878088662791 5.504790970340711 122.912109375 5.64599609375 8.388309192106213 173
stats: tr_quizzes_page_INDEX 12 8.90338134765625 1.0833609182791941 18.573974609375 7.662109375 9.768259876179245 53
stats: tr_quiz_questions_SHOW 64 9.993656158447266 3.107113330603175 21.9599609375 7.51708984375 8.568568049250421 296
# stats: dump at 1448600669
stats: users 338 339
stats: {freemem,"tsung_controller@ip-172-30-3-25"} 1 3111.30859375 0.0 3170.89453125 3111.30859375 3152.7838541666665 15
stats: {load,"tsung_controller@ip-172-30-3-25"} 1 0.01171875 0.0 0.078125 0.01171875 0.03359375 15
stats: {recvpackets,"tsung_controller@ip-172-30-3-25"} 1 4291.0 0.0 4291 115 1218.642857142857 14
stats: {sentpackets,"tsung_controller@ip-172-30-3-25"} 1 3585.0 0.0 3585 177 1051.2857142857142 14
stats: {cpu,"tsung_controller@ip-172-30-3-25"} 1 9.320388349514563 0.0 9.320388349514563 1.6748768472906401 3.8092316255150305 15
stats: session 52 39140.852661132805 17968.722587094493 97281.71997070313 6845.594970703125 37306.5354547991 175
stats: users_count 115 565
stats: finish_users_count 52 227
stats: request 1100 18.237708407315356 21.811971723711913 551.7109375 3.4609375 14.250297616246234 4150
stats: connect 115 0.8184251868206521 1.0032793185574458 113.900146484375 0.48486328125 1.0015915358783407 449
stats: page 906 22.168315020091747 25.527091512887324 551.7109375 3.4609375 16.768102567549032 3531
stats: tr_play_game__ready_page 28 13.247122628348214 7.283423081760582 34.39306640625 7.291015625 9.47363784632732 194
stats: 302 91 459
stats: tr_question_new_POST 112 9.015906197684151 8.408051613771914 108.461181640625 4.387939453125 5.514415147569443 360
stats: 200 897 4319
stats: tr_quiz_new_POST 14 22.767752511160715 14.944752117681123 68.005859375 10.968017578125 12.727094184027777 45
stats: size_rcv 2445641 11246327
stats: tr_play_game__leaderboard 13 12.002666766826923 4.308014379830146 44.031005859375 8.06201171875 10.590188419117647 85
stats: newphase 1 5
stats: tr_friend_requests 24 12.434214274088541 7.758322023540879 48.046875 7.447998046875 10.552239833733974 78
stats: size_sent 1485121 7447414
stats: tr_friends 21 45.92618815104166 17.163754584408565 99.315185546875 31.096923828125 36.42767544450431 58
stats: connected 64 336
stats: tr_search_all_users 16 79.81419372558594 26.9120578595763 551.773193359375 53.5390625 73.4019620028409 55
stats: 404 112 472
stats: tr_browse_quizzes_page_1 44 6.992664683948865 7.980172692386264 56.72802734375 3.52099609375 4.674422354068396 212
stats: tr_play_game__1st_question 33 12.908166133996213 4.737351204782354 49.471923828125 8.439208984375 10.721102382596685 181
stats: tr_play_game__answer_to_question 41 15.867348275533537 6.504181883540685 64.549072265625 9.865966796875 12.583217300907258 155
stats: tr_index 53 10.566742519162736 8.296529159062004 122.912109375 5.64599609375 8.549672444661457 216
stats: tr_quizzes_page_INDEX 18 13.203206380208334 7.370589946112598 39.32080078125 7.662109375 9.608589993990385 65
stats: tr_quiz_questions_SHOW 112 12.563064575195313 6.863215966850587 46.76904296875 7.51708984375 8.821917046440971 360
# stats: dump at 1448600679
stats: users 452 453
stats: {freemem,"tsung_controller@ip-172-30-3-25"} 1 3095.51171875 0.0 3170.89453125 3095.51171875 3150.191650390625 16
stats: {load,"tsung_controller@ip-172-30-3-25"} 1 0.08984375 0.0 0.08984375 0.01171875 0.0322265625 16
stats: {recvpackets,"tsung_controller@ip-172-30-3-25"} 1 5416.0 0.0 5416 115 1423.4666666666667 15
stats: {sentpackets,"tsung_controller@ip-172-30-3-25"} 1 4606.0 0.0 4606 177 1220.2 15
stats: {cpu,"tsung_controller@ip-172-30-3-25"} 1 11.498586239396795 0.0 11.498586239396795 1.6748768472906401 4.153678920765001 16
stats: session 45 36627.53907877603 15171.022187531293 97281.71997070313 6845.594970703125 37726.731466822675 227
stats: users_count 159 724
stats: finish_users_count 45 272
stats: request 1323 18.920092016841483 22.36639871619736 551.7109375 3.4609375 15.085755115327384 5250
stats: connect 160 0.7157897949218752 0.3825140409974007 113.900146484375 0.48486328125 0.964243787400266 564
stats: page 1132 22.131274112121805 25.854387541050148 551.7109375 3.4609375 17.870782865498928 4437
stats: tr_play_game__ready_page 69 14.026851930480072 6.430560203430326 34.405029296875 7.291015625 9.949572863879505 222
stats: 302 146 605
stats: tr_question_new_POST 91 7.444547883756868 3.2790039136586557 108.461181640625 4.387939453125 6.34527743064751 472
stats: 200 1086 5405
stats: tr_quiz_new_POST 14 22.927420479910715 10.181407449177998 68.005859375 10.968017578125 15.109623278601696 59
stats: size_rcv 2755724 14002051
stats: tr_play_game__leaderboard 31 17.363060735887093 9.934422697252852 52.3759765625 8.06201171875 10.777557995854592 98
stats: newphase 0 5
stats: tr_friend_requests 28 13.680925641741071 5.9411258134840805 48.046875 7.447998046875 10.99505734911152 102
stats: size_sent 1807626 9255040
stats: tr_friends 23 50.73312245244565 16.52697951079089 103.135009765625 31.096923828125 38.95259654371044 79
stats: connected 115 451
stats: tr_search_all_users 17 83.00634765625 16.567314880393717 551.773193359375 53.5390625 74.84697196852993 71
stats: 404 91 563
stats: tr_browse_quizzes_page_1 83 6.699857045368976 4.452603514916604 56.72802734375 3.52099609375 5.072870254516602 256
stats: tr_play_game__1st_question 66 14.642936937736742 6.716380781517017 49.471923828125 8.439208984375 11.058359876971378 214
stats: tr_play_game__answer_to_question 39 17.61466471354166 7.860994046961959 64.549072265625 9.865966796875 13.270203882334183 196
stats: tr_index 91 9.789368346497254 4.483474534645891 122.912109375 5.64599609375 8.947087738150557 269
stats: tr_quizzes_page_INDEX 33 13.415934244791666 8.613520411483401 39.32080078125 7.662109375 10.388145354856928 83
stats: tr_quiz_questions_SHOW 91 11.44154307606456 4.5721224888142205 46.76904296875 7.51708984375 9.709646968518273 472
# stats: dump at 1448600689
stats: users 550 551
stats: {freemem,"tsung_controller@ip-172-30-3-25"} 1 3075.33203125 0.0 3170.89453125 3075.33203125 3146.9751838235293 17
stats: {load,"tsung_controller@ip-172-30-3-25"} 1 0.1484375 0.0 0.1484375 0.01171875 0.03561580882352941 17
stats: {recvpackets,"tsung_controller@ip-172-30-3-25"} 1 7372.0 0.0 7372 115 1673.0 16
stats: {sentpackets,"tsung_controller@ip-172-30-3-25"} 1 6341.0 0.0 6341 177 1431.8125 16
stats: {cpu,"tsung_controller@ip-172-30-3-25"} 1 15.865384615384615 0.0 15.865384615384615 1.6748768472906401 4.585732292449225 17
stats: session 69 35823.43096127717 14660.701211335589 97281.71997070313 6845.594970703125 37544.87978497673 272
stats: users_count 167 891
stats: finish_users_count 69 341
stats: request 1694 22.125289826916713 24.896690034615208 551.7109375 3.4609375 15.857522606686452 6573
stats: connect 167 0.7038311073166166 0.6131572449063185 113.900146484375 0.48486328125 0.9093368277365331 724
stats: page 1435 26.138962461890245 29.178922779117045 551.7109375 3.4609375 18.73680478885628 5569
stats: tr_play_game__ready_page 94 14.646972656249998 8.025401137133608 45.381103515625 7.291015625 10.916350374516753 291
stats: 302 140 745
stats: tr_question_new_POST 157 11.16684756916799 8.250680408624909 108.461181640625 4.387939453125 6.522957024311722 563
stats: 200 1397 6802
stats: tr_quiz_new_POST 17 20.88808306525735 6.515628385850382 68.005859375 10.968017578125 16.60892685145548 73
stats: size_rcv 3673517 17675568
stats: tr_play_game__leaderboard 22 17.75719105113636 8.31978550762352 52.3759765625 8.06201171875 12.360120669815892 129
stats: newphase 0 5
stats: tr_friend_requests 31 18.016475554435484 10.936700865363344 48.552001953125 7.447998046875 11.57355205829327 130
stats: size_sent 2419119 11674159
stats: tr_friends 29 66.17791116648706 22.150165982931426 110.53515625 31.096923828125 41.608989640778184 102
stats: connected 96 547
stats: tr_search_all_users 25 98.784033203125 33.47032352719971 551.773193359375 53.5390625 76.42321499911222 88
stats: 404 157 720
stats: tr_browse_quizzes_page_1 84 8.895129975818454 7.545483916827255 56.72802734375 3.52099609375 5.471218052866888 339
stats: tr_play_game__1st_question 78 16.731007111378204 7.0159936471544 49.471923828125 8.439208984375 11.9032958984375 280
stats: tr_play_game__answer_to_question 66 19.983827533143938 10.485130653913714 65.3701171875 9.865966796875 13.991199509640957 235
stats: tr_index 84 13.489153180803571 10.259127700993457 122.912109375 5.64599609375 9.15999755859375 360
stats: tr_quizzes_page_INDEX 20 21.7235107421875 12.090459282139426 53.525146484375 7.662109375 11.249499090786639 116
stats: tr_quiz_questions_SHOW 157 15.661818583300157 9.427670043031009 49.77587890625 7.51708984375 9.989580442384547 563
# stats: dump at 1448600699
stats: users 673 673
stats: {freemem,"tsung_controller@ip-172-30-3-25"} 1 3049.28125 0.0 3170.89453125 3049.28125 3142.9950086805557 18
stats: {load,"tsung_controller@ip-172-30-3-25"} 1 0.19921875 0.0 0.19921875 0.01171875 0.04188368055555555 18
stats: {recvpackets,"tsung_controller@ip-172-30-3-25"} 1 8918.0 0.0 8918 115 2008.235294117647 17
stats: {sentpackets,"tsung_controller@ip-172-30-3-25"} 1 7455.0 0.0 7455 177 1720.5882352941176 17
stats: {cpu,"tsung_controller@ip-172-30-3-25"} 1 18.353831598864712 0.0 18.353831598864712 1.6748768472906401 5.212379643723413 18
stats: session 77 38810.42195743709 17875.28421690286 97281.71997070313 6845.594970703125 37196.5514306211 341
stats: users_count 200 1091
stats: finish_users_count 77 418
stats: request 1913 60.93247603771885 59.58185812812624 551.7109375 3.446044921875 17.141857634032533 8267
stats: connect 199 0.6520640310929653 0.1568267746577199 113.900146484375 0.48486328125 0.8708189205422279 891
stats: page 1630 71.23333118649352 74.39466299675462 551.7109375 3.446044921875 20.253380497137798 7004
stats: tr_play_game__ready_page 80 49.181460571289065 53.91940239797248 185.23486328125 7.291015625 11.827203606939936 385
stats: 302 172 917
stats: tr_question_new_POST 150 43.72017740885417 50.3748101916633 182.72900390625 4.387939453125 7.5355831570095475 720
stats: 200 1591 8393
stats: tr_quiz_new_POST 23 60.98721976902174 59.4612562218326 190.071044921875 10.968017578125 17.4172119140625 90
stats: size_rcv 4144772 21820340
stats: tr_play_game__leaderboard 35 57.84460797991071 44.39521526229993 182.0048828125 8.06201171875 13.146448804842715 151
stats: newphase 1 6
stats: tr_friend_requests 38 33.671110454358555 34.13110137199564 136.317138671875 7.447998046875 12.814114967488354 161
stats: size_sent 2899241 14573400
stats: tr_friends 35 99.49540318080358 59.48005190109468 267.469970703125 31.096923828125 47.04791119990458 131
stats: connected 121 668
stats: tr_search_all_users 32 159.0932846069336 67.21195459980156 551.773193359375 53.5390625 81.37029867256638 113
stats: 404 150 870
stats: tr_browse_quizzes_page_1 97 48.154734817976795 52.5730944173551 171.758056640625 3.4931640625 6.151143824800532 423
stats: tr_play_game__1st_question 86 49.556725790334305 47.19206802050066 193.548828125 8.439208984375 12.955143592877095 358
stats: tr_play_game__answer_to_question 87 58.10233982130029 47.76203812204248 181.635986328125 9.865966796875 15.305197680907392 301
stats: tr_index 103 55.650805427032765 55.98722698850586 195.390869140625 5.64599609375 9.979027000633446 444
stats: tr_quizzes_page_INDEX 33 63.039077296401516 54.84567345420301 181.35595703125 7.662109375 12.789794921875 136
stats: tr_quiz_questions_SHOW 148 49.0508653795397 49.197463652727166 188.945068359375 7.51708984375 11.226443481445312 720
# stats: dump at 1448600709
stats: users 898 899
stats: {freemem,"tsung_controller@ip-172-30-3-25"} 1 3009.73828125 0.0 3170.89453125 3009.73828125 3138.0627055921054 19
stats: {load,"tsung_controller@ip-172-30-3-25"} 1 0.171875 0.0 0.19921875 0.01171875 0.05016447368421053 19
stats: {recvpackets,"tsung_controller@ip-172-30-3-25"} 1 11696.0 0.0 11696 115 2392.1111111111113 18
stats: {sentpackets,"tsung_controller@ip-172-30-3-25"} 1 9280.0 0.0 9280 177 2039.1666666666667 18
stats: {cpu,"tsung_controller@ip-172-30-3-25"} 1 21.930646672914715 0.0 21.930646672914715 1.6748768472906401 5.904035009783481 19
stats: session 96 38318.64931488039 16189.875522916302 97281.71997070313 6845.594970703125 37493.84336977141 418
stats: users_count 321 1412
stats: finish_users_count 96 514
stats: request 2401 203.2729457615318 136.93537272909842 684.4560546875 0.077880859375 25.37088052266239 10180
stats: connect 325 0.7939265324519227 0.6996890694141196 113.900146484375 0.48486328125 0.8308811012758028 1090
stats: page 2112 228.64571461533055 167.739349773575 1135.14892578125 0.739013671875 29.877809455169974 8634
stats: tr_play_game__ready_page 142 209.35590717154489 138.33479488536892 541.135986328125 0.7890625 18.253742439516127 465
stats: 302 233 1150
stats: tr_question_new_POST 153 150.29466496885212 111.15811326453218 545.867919921875 0.830810546875 13.77430630387931 870
stats: 200 1967 10360
stats: tr_quiz_new_POST 25 215.82103515625 134.2270887658281 468.530029296875 10.968017578125 26.285443601355087 113
stats: size_rcv 4859615 26679955
stats: tr_play_game__leaderboard 50 203.90833984375004 116.76161620590159 504.79296875 8.06201171875 21.55739273563508 186
stats: newphase 0 6
stats: tr_friend_requests 43 212.05063363008722 147.12378278012662 537.119140625 0.84814453125 16.796857824277637 199
stats: size_sent 3742387 18315787
stats: tr_friends 36 268.4187282986111 125.13089609637585 585.703125 31.096923828125 58.10611734045557 166
stats: connected 228 896
stats: tr_search_all_users 38 315.702437551398 132.48202220933112 587.52197265625 7.806884765625 98.52295763739224 145
stats: 503 48 48
stats: tr_browse_quizzes_page_1 163 178.75024264282982 126.72707020366424 530.794921875 0.926025390625 13.986429067758412 520
stats: 404 152 1022
stats: tr_play_game__1st_question 126 204.08275204613096 141.0309535926127 544.055908203125 1.093017578125 20.044639243735922 444
stats: tr_play_game__answer_to_question 86 208.01578965297966 131.24903147290166 554.89111328125 1.032958984375 24.9014640886759 388
stats: tr_index 180 191.1621812608507 131.21277872322815 535.095947265625 1.6279296875 18.579014528821983 547
stats: tr_quizzes_page_INDEX 23 170.3553413722826 100.35224279176991 521.81396484375 7.662109375 22.60178497133876 169
stats: tr_quiz_questions_SHOW 151 159.5262944303601 106.59062146611372 528.226806640625 0.14306640625 17.67576887420795 868
# stats: dump at 1448600719
stats: users 1085 1086
stats: {freemem,"tsung_controller@ip-172-30-3-25"} 1 2950.65625 0.0 3170.89453125 2950.65625 3131.646484375 20
stats: {load,"tsung_controller@ip-172-30-3-25"} 1 0.21875 0.0 0.21875 0.01171875 0.05625 20
stats: {recvpackets,"tsung_controller@ip-172-30-3-25"} 1 15134.0 0.0 15134 115 2881.7894736842104 19
stats: {sentpackets,"tsung_controller@ip-172-30-3-25"} 1 11540.0 0.0 11540 177 2420.2631578947367 19
stats: {cpu,"tsung_controller@ip-172-30-3-25"} 1 24.930747922437675 0.0 24.930747922437675 1.6748768472906401 6.705365592940042 20
stats: session 114 44847.89930055852 16428.256016138148 97281.71997070313 6845.594970703125 37647.8927291692 514
stats: users_count 301 1713
stats: finish_users_count 114 628
stats: request 2437 573.7906191093691 704.436963793682 4487.1171875 0.06982421875 59.32230398967816 12581
stats: connect 332 0.7197706842996993 0.866954558233488 113.900146484375 0.48486328125 0.8223933027826855 1415
stats: page 2123 656.9269567589351 757.7400274921747 4487.1171875 0.5380859375 68.94330505337015 10746
stats: tr_play_game__ready_page 123 417.991897707063 265.3086079521494 3021.81103515625 0.653076171875 62.959685424603585 607
stats: 302 200 1350
stats: tr_question_new_POST 142 445.3965101645026 234.95898259842636 2929.31494140625 0.81591796875 34.19230715993096 1023
stats: 200 1851 12211
stats: tr_quiz_new_POST 24 360.74831136067706 166.9624165978062 542.4208984375 1.115966796875 60.6216014917346 138
stats: size_rcv 4658591 31338546
stats: tr_play_game__leaderboard 79 498.19364369066454 525.0990803334485 3973.073974609375 0.7421875 60.1910679704052 236
stats: newphase 0 6
stats: tr_friend_requests 58 401.61219103582977 120.44653931344199 537.119140625 0.80908203125 51.49071055010331 242
stats: 422 6 6
stats: tr_friends 39 426.23286007612177 192.13696848293452 632.488037109375 0.626953125 95.58757275874072 202
stats: size_sent 4126018 22441805
stats: tr_search_all_users 40 457.46209716796875 200.16178702883312 648.68994140625 0.651123046875 143.62033598019124 183
stats: connected 136 1032
stats: tr_browse_quizzes_page_1 98 489.7689084422832 517.8837308329272 3949.881103515625 0.698974609375 53.307807710125374 683
stats: 503 140 188
stats: tr_play_game__1st_question 139 427.3897397706834 327.2565191816431 3902.593994140625 0.787841796875 60.72674838952851 570
stats: 404 155 1177
stats: tr_play_game__answer_to_question 135 453.34393627025463 366.6639823658048 4077.365966796875 0.94287109375 58.12473834717827 474
stats: 500 77 77
stats: tr_index 77 2318.8979460480923 1585.4384247771313 4487.156005859375 1.467041015625 61.30937217911795 727
stats: tr_quizzes_page_INDEX 46 348.0598356827445 178.17799315420007 550.001953125 0.6630859375 40.301429748535156 192
stats: tr_quiz_questions_SHOW 136 415.3589262120864 116.35707637901291 562.641845703125 0.129150390625 38.695817312852675 1019
# stats: dump at 1448600729
stats: users 1128 1190
stats: {freemem,"tsung_controller@ip-172-30-3-25"} 1 2926.6328125 0.0 3170.89453125 2926.6328125 3123.027901785714 21
stats: {load,"tsung_controller@ip-172-30-3-25"} 1 0.19140625 0.0 0.21875 0.01171875 0.06398809523809523 21
stats: {recvpackets,"tsung_controller@ip-172-30-3-25"} 1 14923.0 0.0 15134 115 3494.4 20
stats: {sentpackets,"tsung_controller@ip-172-30-3-25"} 1 11330.0 0.0 11540 177 2876.25 20
stats: {cpu,"tsung_controller@ip-172-30-3-25"} 1 27.170868347338935 0.0 27.170868347338935 1.6748768472906401 7.573240941963739 21
stats: session 128 43266.54338264465 16946.60622457782 109356.06103515625 6845.594970703125 38954.90029149147 628
stats: users_count 171 1884
stats: finish_users_count 128 756
stats: request 2560 863.8062662124632 1598.4796603478455 8591.751953125 0.06982421875 142.8060757267062 15018
stats: connect 212 1762.5266182377657 2598.0097080349565 7017.326904296875 0.48486328125 0.8028908933171152 1747
stats: page 2200 1008.3805220170455 1700.48055398133 8591.751953125 0.5380859375 165.94301696345752 12869
stats: tr_play_game__ready_page 89 500.1617637377105 747.6020275056701 5870.612060546875 0.639892578125 122.78018146671661 730
stats: 302 198 1548
stats: tr_question_new_POST 186 380.2877722299227 135.7498319921294 2929.31494140625 0.7890625 84.31333447894313 1165
stats: 200 1873 14084
stats: tr_quiz_new_POST 35 403.2345982142857 111.26223674690146 585.488037109375 1.0419921875 105.08481776861497 162
stats: size_rcv 4898492 36237038
stats: tr_play_game__leaderboard 80 367.27027587890626 155.50824049428118 3973.073974609375 0.7421875 170.0393329923115 315
stats: newphase 0 6
stats: tr_friend_requests 49 395.18648357780614 124.92215336936685 552.56396484375 0.736083984375 119.18086344401041 300
stats: 422 16 22
stats: tr_friends 48 431.1270395914714 170.86952674305596 632.488037109375 0.626953125 149.09448647400154 241
stats: size_sent 4371784 26813589
stats: tr_search_all_users 41 478.6497058403201 171.39381039403347 687.0908203125 0.651123046875 199.91482229190024 223
stats: connected -2 1030
stats: tr_browse_quizzes_page_1 85 641.1735093060665 1265.812090018199 7090.411865234375 0.698974609375 108.0750136918814 781
stats: 503 198 386
stats: tr_play_game__1st_question 84 388.4328729538691 145.69126963550065 3902.593994140625 0.787841796875 132.6113122851287 709
stats: 404 190 1367
stats: tr_play_game__answer_to_question 115 402.6812139096467 515.296937078996 5577.3740234375 0.788818359375 145.73490537446122 609
stats: 500 67 144
stats: tr_index 94 6010.419012840758 1159.4544597708018 8533.600830078125 1.467041015625 277.521213208858 804
stats: tr_quizzes_page_INDEX 43 385.45478856286337 139.73915080084285 560.9189453125 0.6630859375 99.78414686186973 238
stats: tr_quiz_questions_SHOW 192 411.0909487406413 450.29984962401824 6313.992919921875 0.129150390625 83.04749074168019 1155
# stats: dump at 1448600739
stats: users 958 1190
stats: {freemem,"tsung_controller@ip-172-30-3-25"} 1 2921.78515625 0.0 3170.89453125 2921.78515625 3114.1008522727275 22
stats: {load,"tsung_controller@ip-172-30-3-25"} 1 0.23828125 0.0 0.23828125 0.01171875 0.06977982954545454 22
stats: {recvpackets,"tsung_controller@ip-172-30-3-25"} 1 14718.0 0.0 15134 115 4038.6190476190477 21
stats: {sentpackets,"tsung_controller@ip-172-30-3-25"} 1 11075.0 0.0 11540 177 3278.809523809524 21
stats: {cpu,"tsung_controller@ip-172-30-3-25"} 1 23.55723746452223 0.0 27.170868347338935 1.6748768472906401 8.464042187662612 22
stats: session 170 44553.63155445773 14537.453085888526 109356.06103515625 6845.594970703125 39684.91393655444 756
stats: users_count 0 1884
stats: finish_users_count 170 926
stats: request 2664 1085.2369510318404 2683.969905217961 19287.3759765625 0.06982421875 247.810085718943 17578
stats: connect 135 5142.44845739294 6585.802046593128 15036.505859375 0.48486328125 191.45395276009765 1959
stats: page 2215 1301.7613884161615 2907.342368672174 19287.3759765625 0.535888671875 288.9347557064327 15069
stats: tr_play_game__ready_page 80 518.2290832519532 1333.2357653791778 12252.376953125 0.631103515625 163.78990164024344 819
stats: 302 172 1720
stats: tr_question_new_POST 269 464.9468454126975 650.4770476650812 6800.06396484375 0.77880859375 125.0618507052068 1351
stats: 200 1653 15737
stats: tr_quiz_new_POST 32 601.3424301147461 1007.3912065767221 4856.462890625 0.98291015625 158.05559094424174 197
stats: size_rcv 4967407 41204445
stats: tr_play_game__leaderboard 83 340.3108174887049 204.2677990777107 3973.073974609375 0.7421875 209.98484041238132 395
stats: newphase 0 6
stats: tr_friend_requests 65 446.8352952223558 728.0277497841133 6054.221923828125 0.736083984375 157.93236884961496 349
stats: 422 36 58
stats: tr_friends 59 505.65241409560383 645.8035579864493 5176.679931640625 0.626953125 195.93726346237025 289
stats: size_sent 4187754 31001343
stats: tr_search_all_users 47 474.0310318317819 221.63541677192617 720.05908203125 0.651123046875 243.2031943581321 264
stats: connected -91 939
stats: tr_browse_quizzes_page_1 64 1290.991901397705 2921.2891570608135 19246.444091796875 0.698974609375 160.39992376948618 866
stats: error_connection_closed 4 4
stats: tr_play_game__1st_question 81 989.2332175925926 2881.143524992272 18546.29296875 0.761962890625 159.70968693351983 793
stats: 503 498 884
stats: tr_play_game__answer_to_question 88 993.0968877618965 3032.1498699454582 18767.65478515625 0.788818359375 186.5482002384755 724
stats: 404 234 1601
stats: tr_index 48 11261.409845987953 3924.021335908409 19287.416015625 1.467041015625 877.6241009208832 898
stats: 500 32 176
stats: tr_quizzes_page_INDEX 35 381.63466796875 165.90293254057246 577.655029296875 0.6630859375 143.49887139262677 281
stats: tr_quiz_questions_SHOW 264 414.6727803548177 514.6358300890157 6394.005126953125 0.1259765625 129.8064691646947 1347
# stats: dump at 1448600749
stats: users 733 1190
stats: {freemem,"tsung_controller@ip-172-30-3-25"} 1 2933.51953125 0.0 3170.89453125 2921.78515625 3105.739300271739 23
stats: {load,"tsung_controller@ip-172-30-3-25"} 1 0.19921875 0.0 0.23828125 0.01171875 0.07710597826086957 23
stats: {recvpackets,"tsung_controller@ip-172-30-3-25"} 1 15158.0 0.0 15158 115 4524.045454545455 22
stats: {sentpackets,"tsung_controller@ip-172-30-3-25"} 1 11022.0 0.0 11540 177 3633.181818181818 22
stats: {cpu,"tsung_controller@ip-172-30-3-25"} 1 22.380952380952383 0.0 27.170868347338935 1.6748768472906401 9.120268069265205 23
stats: session 225 49162.850895182295 15549.029264273518 109356.06103515625 6845.594970703125 40578.73898519759 926
stats: users_count 0 1884
stats: finish_users_count 225 1151
stats: request 2825 566.525498651825 1710.3610279186341 19287.3759765625 0.067138671875 358.0217826458059 20242
stats: connect 101 1340.0211677173577 4281.409679885323 15036.505859375 0.48486328125 510.6441428868569 2094
stats: page 2267 707.5071843252024 1916.8216532702093 19287.3759765625 0.535888671875 418.7317350776459 17284
stats: tr_play_game__ready_page 50 452.6252783203125 410.9412366212991 12252.376953125 0.631103515625 195.33065195051793 899
stats: 302 220 1940
stats: tr_question_new_POST 366 351.9262401810108 263.64270519697266 6800.06396484375 0.762939453125 181.49954427083333 1620
stats: 200 1700 17437
stats: tr_quiz_new_POST 43 835.5578613281253 2461.5483465209195 16552.148193359375 0.98291015625 219.9996034047489 229
stats: size_rcv 5414097 46618542
stats: tr_play_game__leaderboard 115 355.1361667798913 178.27806307075184 3973.073974609375 0.7421875 232.61466488379315 478
stats: newphase 0 6
stats: tr_friend_requests 44 344.16344105113643 171.68782543471977 6054.221923828125 0.736083984375 203.29152395644627 414
stats: 422 55 113
stats: tr_friends 61 401.5909203701332 185.70020767450254 5176.679931640625 0.626953125 248.44644129961387 348
stats: size_sent 4373744 35375087
stats: tr_search_all_users 67 445.1547268540112 187.50943072050194 720.05908203125 0.651123046875 278.08714407279945 311
stats: connected -195 744
stats: tr_browse_quizzes_page_1 25 1219.7698339843753 3664.7813632864027 19246.444091796875 0.698974609375 238.20410287508403 930
stats: error_connection_closed 17 21
stats: tr_play_game__1st_question 66 405.94467625473476 463.36417742623183 18546.29296875 0.73583984375 236.58772581611123 874
stats: 503 454 1338
stats: tr_play_game__answer_to_question 86 393.12200218023264 245.4254871175279 18767.65478515625 0.69287109375 273.95741760554574 812
stats: 404 325 1926
stats: tr_index 9 17539.33119032118 723.5444345048045 19287.416015625 1.467041015625 1404.4969505648785 946
stats: 500 9 185
stats: tr_quizzes_page_INDEX 39 356.82811873998395 161.6717120464327 577.655029296875 0.6630859375 169.87467164631133 316
stats: tr_quiz_questions_SHOW 359 353.1371485463092 278.516573441524 6394.005126953125 0.12109375 176.48847174333682 1611
# stats: dump at 1448600759
stats: users 484 1190
stats: {freemem,"tsung_controller@ip-172-30-3-25"} 1 2943.07421875 0.0 3170.89453125 2921.78515625 3098.5634765625 24
stats: {load,"tsung_controller@ip-172-30-3-25"} 1 0.3203125 0.0 0.3203125 0.01171875 0.08219401041666667 24
stats: {recvpackets,"tsung_controller@ip-172-30-3-25"} 1 14432.0 0.0 15158 115 4986.391304347827 23
stats: {sentpackets,"tsung_controller@ip-172-30-3-25"} 1 9879.0 0.0 11540 177 3954.4347826086955 23
stats: {cpu,"tsung_controller@ip-172-30-3-25"} 1 20.260223048327138 0.0 27.170868347338935 1.6748768472906401 9.67279658225217 24
stats: session 249 50826.88919741466 14578.129223273476 139268.3330078125 6845.594970703125 42256.77997542049 1151
stats: users_count 0 1884
stats: finish_users_count 249 1400
stats: request 2760 257.3544805996655 116.14675259856864 19287.3759765625 0.067138671875 383.5570927302124 23067
stats: connect 7 0.8396693638392857 0.43420143137782596 15036.505859375 0.48486328125 548.8068214781465 2195
stats: page 2139 335.3312819357396 187.13858289751363 19287.3759765625 0.535888671875 452.21615753400164 19551
stats: tr_play_game__ready_page 3 239.81201171875 47.66002537807587 12252.376953125 0.631103515625 208.8867439615714 949
stats: 302 378 2318
stats: tr_question_new_POST 492 229.77131665237536 111.38617129900703 6800.06396484375 0.762939453125 212.9074852089627 1986
stats: 200 1778 19215
stats: tr_quiz_new_POST 40 279.3738647460938 99.97413847631711 16552.148193359375 0.98291015625 317.3121221205768 272
stats: size_rcv 5748007 52366549
stats: tr_play_game__leaderboard 111 280.32739917652054 114.29995171552653 3973.073974609375 0.7421875 256.3751585061393 593
stats: newphase 0 6
stats: tr_friend_requests 40 269.24810180664053 135.13079806920547 6054.221923828125 0.736083984375 216.82507057689682 458
stats: 422 148 261
stats: tr_friends 42 276.9467773437499 104.6098611174955 5176.679931640625 0.626953125 271.2870604274908 409
stats: size_sent 3992121 39367208
stats: tr_search_all_users 53 349.5260585568986 119.83682004707785 720.05908203125 0.651123046875 307.6996521319031 378
stats: connected -254 490
stats: tr_browse_quizzes_page_1 0 0 0 19246.444091796875 0.698974609375 263.89954086223827 955
stats: error_connection_closed 0 21
stats: tr_play_game__1st_question 11 352.97090287642044 52.96155969668078 18546.29296875 0.73583984375 248.47874574052523 940
stats: 503 14 1352
stats: tr_play_game__answer_to_question 43 296.72380314316854 95.31317577395232 18767.65478515625 0.69287109375 285.3696161282886 898
stats: 404 437 2363
stats: tr_index 0 0 0 19287.416015625 1.467041015625 1556.5529800494928 955
stats: 500 0 185
stats: tr_quizzes_page_INDEX 27 257.4129322193287 116.07114181940922 577.655029296875 0.6630859375 190.41321935519366 355
stats: tr_quiz_questions_SHOW 507 233.24900080513453 111.74919081780757 6394.005126953125 0.12109375 208.67977883585817 1970
# stats: dump at 1448600769
stats: users 323 1190
stats: {freemem,"tsung_controller@ip-172-30-3-25"} 1 2965.84765625 0.0 3170.89453125 2921.78515625 3092.34390625 25
stats: {load,"tsung_controller@ip-172-30-3-25"} 1 0.26953125 0.0 0.3203125 0.01171875 0.09171875 25
stats: {recvpackets,"tsung_controller@ip-172-30-3-25"} 1 13687.0 0.0 15158 115 5379.958333333334 24
stats: {sentpackets,"tsung_controller@ip-172-30-3-25"} 1 8990.0 0.0 11540 177 4201.291666666667 24
stats: {cpu,"tsung_controller@ip-172-30-3-25"} 1 15.138772077375945 0.0 27.170868347338935 1.6748768472906401 10.09629364089517 25
stats: session 161 55653.24339303911 12227.037285208697 139268.3330078125 6845.594970703125 43781.035115618026 1400
stats: users_count 0 1884
stats: finish_users_count 161 1561
stats: request 1657 21.68890178268331 24.477340418390042 19287.3759765625 0.067138671875 370.07046209249563 25827
stats: connect 3 0.71337890625 0.06311023350599451 15036.505859375 0.48486328125 547.0648732198358 2202
stats: page 1316 27.36358086026546 28.849928445620897 19287.3759765625 0.535888671875 440.68933646877883 21690
stats: tr_play_game__ready_page 3 22.555989583333332 1.265125385356187 12252.376953125 0.631103515625 208.98419753643645 952
stats: 302 231 2549
stats: tr_question_new_POST 258 13.479642646257274 11.488022365403095 6800.06396484375 0.762939453125 216.2557519846524 2478
stats: 200 1073 20288
stats: tr_quiz_new_POST 30 24.468806966145834 16.642601162416828 16552.148193359375 0.98291015625 312.44824297000207 312
stats: size_rcv 3538525 55905074
stats: tr_play_game__leaderboard 91 15.666530734890115 11.454488421140345 3973.073974609375 0.7421875 260.15171918002045 704
stats: newphase 0 6
stats: tr_friend_requests 18 18.23095703125 8.966481154057881 6054.221923828125 0.736083984375 221.0357558162337 498
stats: 422 103 364
stats: tr_friends 36 43.98668755425347 28.122131768926625 5176.679931640625 0.626953125 271.8141294086059 451
stats: size_sent 2642657 42009865
stats: tr_search_all_users 40 87.43262329101562 48.90123756908734 720.05908203125 0.651123046875 312.8430385368329 431
stats: connected -164 326
stats: tr_browse_quizzes_page_1 0 0 0 19246.444091796875 0.698974609375 263.89954086223827 955
stats: error_connection_closed 0 21
stats: tr_play_game__1st_question 4 13.5474853515625 2.4650114005455794 18546.29296875 0.73583984375 249.68738267900562 951
stats: 503 0 1352
stats: tr_play_game__answer_to_question 10 15.6822509765625 10.235757141114005 18767.65478515625 0.69287109375 285.8884578303501 941
stats: 404 250 2613
stats: tr_index 0 0 0 19287.416015625 1.467041015625 1556.5529800494928 955
stats: 500 0 185
stats: tr_quizzes_page_INDEX 6 26.728230794270832 14.57001640108728 577.655029296875 0.6630859375 195.14880115449117 382
stats: tr_quiz_questions_SHOW 259 16.300453215492272 12.687968865861238 6394.005126953125 0.12109375 213.70868296925468 2477
# stats: dump at 1448600779
stats: users 185 1190
stats: {freemem,"tsung_controller@ip-172-30-3-25"} 1 2986.38671875 0.0 3170.89453125 2921.78515625 3087.4786658653848 26
stats: {load,"tsung_controller@ip-172-30-3-25"} 1 0.23046875 0.0 0.3203125 0.01171875 0.0985576923076923 26
stats: {recvpackets,"tsung_controller@ip-172-30-3-25"} 1 5577.0 0.0 15158 115 5712.24 25
stats: {sentpackets,"tsung_controller@ip-172-30-3-25"} 1 4524.0 0.0 11540 177 4392.84 25
stats: {cpu,"tsung_controller@ip-172-30-3-25"} 1 10.526315789473683 0.0 27.170868347338935 1.6748768472906401 10.290235119221354 26
stats: session 138 61385.61144842618 13239.733654509653 153685.0 6845.594970703125 45005.52296485876 1561
stats: users_count 0 1884
stats: finish_users_count 138 1699
stats: request 1073 12.198088149100066 15.032713541206194 19287.3759765625 0.067138671875 349.06666914265725 27484
stats: connect 3 1.2020670572916667 0.854332442595352 15036.505859375 0.48486328125 546.3215378534227 2205
stats: page 843 15.554536903173164 17.07663564132222 19287.3759765625 0.535888671875 417.04608277927156 23006
stats: tr_play_game__ready_page 0 0 0 12252.376953125 0.631103515625 208.39855918684555 955
stats: 302 167 2716
stats: tr_question_new_POST 176 5.589829878373582 1.6982674293881448 6800.06396484375 0.762939453125 197.13432062160197 2736
stats: 200 663 20951
stats: tr_quiz_new_POST 22 11.381691672585227 5.17681734875908 16552.148193359375 0.98291015625 287.1868889345761 342
stats: size_rcv 2222996 58128070
stats: tr_play_game__leaderboard 83 11.183949665850898 5.3232131096492115 3973.073974609375 0.7421875 232.16662213787347 795
stats: newphase 0 6
stats: tr_friend_requests 9 8.553141276041666 3.3262431038217133 6054.221923828125 0.736083984375 213.96116981210633 516
stats: 422 73 437
stats: tr_friends 24 35.472676595052086 16.91250809316 5176.679931640625 0.626953125 254.97267580130261 487
stats: size_sent 1651589 43661454
stats: tr_search_all_users 22 57.814453125 32.48046972309917 720.05908203125 0.651123046875 293.6999034841096 471
stats: connected -138 188
stats: tr_browse_quizzes_page_1 0 0 0 19246.444091796875 0.698974609375 263.89954086223827 955
stats: error_connection_closed 0 21
stats: tr_play_game__1st_question 0 0 0 18546.29296875 0.73583984375 248.69831504622053 955
stats: 503 0 1352
stats: tr_play_game__answer_to_question 2 19.3961181640625 3.8880615234375 18767.65478515625 0.69287109375 283.0471727950842 951
stats: 404 170 2783
stats: tr_index 0 0 0 19287.416015625 1.467041015625 1556.5529800494928 955
stats: 500 0 185
stats: tr_quizzes_page_INDEX 6 10.9393310546875 2.516321669243418 577.655029296875 0.6630859375 192.54435934479704 388
stats: tr_quiz_questions_SHOW 176 7.646290172230113 3.118615999129684 6394.005126953125 0.12109375 195.02128110294458 2736
# stats: dump at 1448600789
stats: users 91 1190
stats: {freemem,"tsung_controller@ip-172-30-3-25"} 1 3021.375 0.0 3170.89453125 2921.78515625 3083.734519675926 27
stats: {load,"tsung_controller@ip-172-30-3-25"} 1 0.26953125 0.0 0.3203125 0.01171875 0.10344328703703703 27
stats: {recvpackets,"tsung_controller@ip-172-30-3-25"} 1 4125.0 0.0 15158 115 5707.038461538462 26
stats: {sentpackets,"tsung_controller@ip-172-30-3-25"} 1 3334.0 0.0 11540 177 4397.884615384615 26
stats: {cpu,"tsung_controller@ip-172-30-3-25"} 1 7.086614173228346 0.0 27.170868347338935 1.6748768472906401 10.298978847749218 27
stats: session 94 69025.27827356214 9536.868209250046 153685.0 6845.594970703125 46335.9833596394 1699
stats: users_count 0 1884
stats: finish_users_count 94 1793
stats: request 553 11.78617651941117 13.266037210658114 19287.3759765625 0.067138671875 336.40917755019 28557
stats: connect 4 0.7208251953125 0.045957648860414514 15036.505859375 0.48486328125 545.5808863985367 2208
stats: page 437 14.9440309013873 14.735301629366807 19287.3759765625 0.535888671875 402.8544029112037 23849
stats: tr_play_game__ready_page 0 0 0 12252.376953125 0.631103515625 208.39855918684555 955
stats: 302 34 2750
stats: tr_question_new_POST 88 5.333498868075286 1.1047623712183592 6800.06396484375 0.762939453125 185.5574557964618 2912
stats: 200 408 21359
stats: tr_quiz_new_POST 11 13.288862748579545 1.5760342350160703 16552.148193359375 0.98291015625 270.51734404511507 364
stats: size_rcv 1368664 59496734
stats: tr_play_game__leaderboard 44 9.255637428977272 3.0498617861946307 3973.073974609375 0.7421875 211.27646061716973 878
stats: newphase 0 6
stats: tr_friend_requests 4 8.5015869140625 2.7040582407480596 6054.221923828125 0.736083984375 210.43988932291666 525
stats: 422 2 439
stats: tr_friends 10 17.2478271484375 15.405333510853337 5176.679931640625 0.626953125 244.66347818691904 511
stats: size_sent 834009 44495463
stats: tr_search_all_users 20 41.39052734375 27.39413217018612 720.05908203125 0.651123046875 283.1735750705185 493
stats: connected -96 92
stats: tr_browse_quizzes_page_1 0 0 0 19246.444091796875 0.698974609375 263.89954086223827 955
stats: error_connection_closed 0 21
stats: tr_play_game__1st_question 0 0 0 18546.29296875 0.73583984375 248.69831504622053 955
stats: 503 0 1352
stats: tr_play_game__answer_to_question 2 14.27587890625 3.2109375 18767.65478515625 0.69287109375 282.4938652302762 953
stats: 404 109 2892
stats: tr_index 0 0 0 19287.416015625 1.467041015625 1556.5529800494928 955
stats: 500 0 185
stats: tr_quizzes_page_INDEX 4 7.66400146484375 2.3298922582136354 577.655029296875 0.6630859375 189.77880053834866 394
stats: tr_quiz_questions_SHOW 88 8.728990034623576 1.5566176162738659 6394.005126953125 0.12109375 183.69641901372557 2912
# stats: dump at 1448600799
stats: users 43 1190
stats: {freemem,"tsung_controller@ip-172-30-3-25"} 1 3057.83203125 0.0 3170.89453125 2921.78515625 3081.507393973214 28
stats: {load,"tsung_controller@ip-172-30-3-25"} 1 0.23046875 0.0 0.3203125 0.01171875 0.109375 28
stats: {recvpackets,"tsung_controller@ip-172-30-3-25"} 1 2001.0 0.0 15158 115 5648.444444444444 27
stats: {sentpackets,"tsung_controller@ip-172-30-3-25"} 1 1591.0 0.0 11540 177 4358.481481481482 27
stats: {cpu,"tsung_controller@ip-172-30-3-25"} 1 4.453049370764763 0.0 27.170868347338935 1.6748768472906401 10.1842515379449 28
stats: session 48 80724.01724751788 9820.293253736034 153685.0 6845.594970703125 47525.49463789302 1793
stats: users_count 0 1884
stats: finish_users_count 48 1841
stats: request 405 9.769656032986104 10.782506374181091 19287.3759765625 0.067138671875 330.2423441743734 29110
stats: connect 3 0.7639973958333334 0.0070204286543586215 15036.505859375 0.48486328125 544.5956059985308 2212
stats: page 302 13.098320765211088 12.115098215906526 19287.3759765625 0.535888671875 395.87438015865945 24286
stats: tr_play_game__ready_page 0 0 0 12252.376953125 0.631103515625 208.39855918684555 955
stats: 302 73 2823
stats: tr_question_new_POST 88 5.171442205255683 0.9601690900339488 6800.06396484375 0.762939453125 180.27088639322912 3000
stats: 200 230 21589
stats: tr_quiz_new_POST 12 10.738525390625 3.303354078461714 16552.148193359375 0.98291015625 262.9719752604167 375
stats: size_rcv 854779 60351513
stats: tr_play_game__leaderboard 18 8.669501410590279 2.853827486287178 3973.073974609375 0.7421875 201.6355536537419 922
stats: newphase 0 6
stats: tr_friend_requests 0 0 0 6054.221923828125 0.736083984375 208.91294563740547 529
stats: 422 36 475
stats: tr_friends 2 35.238525390625 0.67138671875 5176.679931640625 0.626953125 240.29849448176583 521
stats: size_sent 527195 45022658
stats: tr_search_all_users 9 46.788791232638886 22.694126101042745 720.05908203125 0.651123046875 273.74733539306163 513
stats: connected -52 40
stats: tr_browse_quizzes_page_1 0 0 0 19246.444091796875 0.698974609375 263.89954086223827 955
stats: error_connection_closed 0 21
stats: tr_play_game__1st_question 0 0 0 18546.29296875 0.73583984375 248.69831504622053 955
stats: 503 0 1352
stats: tr_play_game__answer_to_question 0 0 0 18767.65478515625 0.69287109375 281.9321521699117 955
stats: 404 66 2958
stats: tr_index 0 0 0 19287.416015625 1.467041015625 1556.5529800494928 955
stats: 500 0 185
stats: tr_quizzes_page_INDEX 2 9.58447265625 0.08349609375 577.655029296875 0.6630859375 187.94850105017275 398
stats: tr_quiz_questions_SHOW 88 7.189525257457387 2.4872565832513884 6394.005126953125 0.12109375 178.56404109700526 3000
# stats: dump at 1448600809
stats: users 26 1190
stats: {freemem,"tsung_controller@ip-172-30-3-25"} 1 3082.94921875 0.0 3170.89453125 2921.78515625 3080.6910021551726 29
stats: {load,"tsung_controller@ip-172-30-3-25"} 1 0.19140625 0.0 0.3203125 0.01171875 0.11355064655172414 29
stats: {recvpackets,"tsung_controller@ip-172-30-3-25"} 1 1167.0 0.0 15158 115 5518.178571428572 28
stats: {sentpackets,"tsung_controller@ip-172-30-3-25"} 1 925.0 0.0 11540 177 4259.642857142857 28
stats: {cpu,"tsung_controller@ip-172-30-3-25"} 1 2.564102564102564 0.0 27.170868347338935 1.6748768472906401 9.986623877007654 29
stats: session 17 86348.84540153953 7591.626843387905 153685.0 6845.594970703125 48391.072630973955 1841
stats: users_count 0 1884
stats: finish_users_count 17 1858
stats: request 195 9.531490384615392 8.787574597519306 19287.3759765625 0.067138671875 325.8448703916439 29515
stats: connect 1 0.599853515625 0.0 15036.505859375 0.48486328125 543.8590394857507 2215
stats: page 139 13.513408413893886 9.79977117183228 19287.3759765625 0.535888671875 391.17296605678774 24588
stats: tr_play_game__ready_page 0 0 0 12252.376953125 0.631103515625 208.39855918684555 955
stats: 302 2 2825
stats: tr_question_new_POST 48 4.671849568684897 0.5593482553660879 6800.06396484375 0.762939453125 175.28100585937497 3088
stats: 200 144 21733
stats: tr_quiz_new_POST 5 12.561376953125 1.8244435441828954 16552.148193359375 0.98291015625 255.15078301639213 387
stats: size_rcv 518701 60870214
stats: tr_play_game__leaderboard 6 8.377400716145834 1.8849000104345084 3973.073974609375 0.7421875 197.94045903631985 940
stats: newphase 0 6
stats: tr_friend_requests 0 0 0 6054.221923828125 0.736083984375 208.91294563740547 529
stats: 422 0 475
stats: tr_friends 3 24.480794270833332 14.302575456469523 5176.679931640625 0.626953125 239.5143263399259 523
stats: size_sent 234225 45256883
stats: tr_search_all_users 3 55.466878255208336 0.9270938701245172 720.05908203125 0.651123046875 269.8342570454682 522
stats: connected -18 22
stats: tr_browse_quizzes_page_1 0 0 0 19246.444091796875 0.698974609375 263.89954086223827 955
stats: error_connection_closed 0 21
stats: tr_play_game__1st_question 0 0 0 18546.29296875 0.73583984375 248.69831504622053 955
stats: 503 0 1352
stats: tr_play_game__answer_to_question 0 0 0 18767.65478515625 0.69287109375 281.9321521699117 955
stats: 404 49 3007
stats: tr_index 0 0 0 19287.416015625 1.467041015625 1556.5529800494928 955
stats: 500 0 185
stats: tr_quizzes_page_INDEX 0 0 0 577.655029296875 0.6630859375 187.05668090820313 400
stats: tr_quiz_questions_SHOW 48 7.8655548095703125 0.3840580133158773 6394.005126953125 0.12109375 173.68031137100778 3088
# stats: dump at 1448600819
stats: users 13 1190
stats: {freemem,"tsung_controller@ip-172-30-3-25"} 1 3083.8203125 0.0 3170.89453125 2921.78515625 3080.7662760416665 30
stats: {load,"tsung_controller@ip-172-30-3-25"} 1 0.16015625 0.0 0.3203125 0.01171875 0.11614583333333334 30
stats: {recvpackets,"tsung_controller@ip-172-30-3-25"} 1 672.0 0.0 15158 115 5368.137931034483 29
stats: {sentpackets,"tsung_controller@ip-172-30-3-25"} 1 544.0 0.0 11540 177 4144.6551724137935 29
stats: {cpu,"tsung_controller@ip-172-30-3-25"} 1 1.5810276679841897 0.0 27.170868347338935 1.5810276679841897 9.739206499910816 30
stats: session 13 96263.06772085336 7437.603594724035 153685.0 6845.594970703125 48738.37195126438 1858
stats: users_count 0 1884
stats: finish_users_count 13 1871
stats: request 158 5.862728070609177 3.579531559940392 19287.3759765625 0.067138671875 323.76876439698316 29710
stats: connect 3 0.7289225260416666 0.028810892534225772 15036.505859375 0.48486328125 543.6138864234898 2216
stats: page 111 8.387171839808559 4.557334845557193 19287.3759765625 0.535888671875 389.0499960841925 24727
stats: tr_play_game__ready_page 0 0 0 12252.376953125 0.631103515625 208.39855918684555 955
stats: 302 57 2882
stats: tr_question_new_POST 40 4.321453857421875 0.4701561955987247 6800.06396484375 0.762939453125 172.66964122227256 3136
stats: 200 57 21790
stats: tr_quiz_new_POST 5 6.756591796875 2.5915459793872455 16552.148193359375 0.98291015625 252.05653038803413 392
stats: size_rcv 222719 61092933
stats: tr_play_game__leaderboard 4 8.8472900390625 0.43214388891421185 3973.073974609375 0.7421875 196.73815634084306 946
stats: newphase 0 6
stats: tr_friend_requests 0 0 0 6054.221923828125 0.736083984375 208.91294563740547 529
stats: 422 28 503
stats: tr_friends 2 20.487548828125 16.10546875 5176.679931640625 0.626953125 238.2878993509387 526
stats: size_sent 183829 45440712
stats: tr_search_all_users 2 4.1114501953125 0.0894775390625 720.05908203125 0.651123046875 268.6093005952381 525
stats: connected -11 11
stats: tr_browse_quizzes_page_1 0 0 0 19246.444091796875 0.698974609375 263.89954086223827 955
stats: error_connection_closed 0 21
stats: tr_play_game__1st_question 0 0 0 18546.29296875 0.73583984375 248.69831504622053 955
stats: 503 0 1352
stats: tr_play_game__answer_to_question 0 0 0 18767.65478515625 0.69287109375 281.9321521699117 955
stats: 404 16 3023
stats: tr_index 0 0 0 19287.416015625 1.467041015625 1556.5529800494928 955
stats: 500 0 185
stats: tr_quizzes_page_INDEX 0 0 0 577.655029296875 0.6630859375 187.05668090820313 400
stats: tr_quiz_questions_SHOW 40 5.26322021484375 2.2483935790911707 6394.005126953125 0.12109375 171.14233040323066 3136
# stats: dump at 1448600829
stats: users 6 1190
stats: {freemem,"tsung_controller@ip-172-30-3-25"} 1 3084.30859375 0.0 3170.89453125 2921.78515625 3080.864793346774 31
stats: {load,"tsung_controller@ip-172-30-3-25"} 1 0.140625 0.0 0.3203125 0.01171875 0.11756552419354839 31
stats: {recvpackets,"tsung_controller@ip-172-30-3-25"} 1 215.0 0.0 15158 115 5211.6 30
stats: {sentpackets,"tsung_controller@ip-172-30-3-25"} 1 188.0 0.0 11540 177 4024.6333333333337 30
stats: {cpu,"tsung_controller@ip-172-30-3-25"} 1 1.4807502467917077 0.0 27.170868347338935 1.4807502467917077 9.47603944081641 31
stats: session 7 106656.20629882813 6086.702727920372 153685.0 6845.594970703125 49068.58095447371 1871
stats: users_count 0 1884
stats: finish_users_count 7 1878
stats: request 69 8.297879868659422 8.77044894562543 19287.3759765625 0.067138671875 322.08705977198093 29868
stats: connect 1 0.781005859375 0.0 15036.505859375 0.48486328125 542.8799274817627 2219
stats: page 51 11.268444584865197 9.695575086231958 19287.3759765625 0.535888671875 387.3488295856368 24838
stats: tr_play_game__ready_page 0 0 0 12252.376953125 0.631103515625 208.39855918684555 955
stats: 302 17 2899
stats: tr_question_new_POST 16 4.439758300781249 0.4017720883382567 6800.06396484375 0.762939453125 170.54938697334498 3176
stats: 200 35 21825
stats: tr_quiz_new_POST 2 9.3494873046875 3.2164306640625 16552.148193359375 0.98291015625 248.96711050653337 397
stats: size_rcv 127518 61220451
stats: tr_play_game__leaderboard 4 10.06298828125 0.2220321743306324 3973.073974609375 0.7421875 195.94703690378293 950
stats: newphase 0 6
stats: tr_friend_requests 0 0 0 6054.221923828125 0.736083984375 208.91294563740547 529
stats: 422 9 512
stats: tr_friends 0 0 0 5176.679931640625 0.626953125 237.46289802320075 528
stats: size_sent 96918 45537630
stats: tr_search_all_users 1 56.887939453125 0.0 720.05908203125 0.651123046875 267.60551368669945 527
stats: connected -6 5
stats: tr_browse_quizzes_page_1 0 0 0 19246.444091796875 0.698974609375 263.89954086223827 955
stats: error_connection_closed 0 21
stats: tr_play_game__1st_question 0 0 0 18546.29296875 0.73583984375 248.69831504622053 955
stats: 503 0 1352
stats: tr_play_game__answer_to_question 0 0 0 18767.65478515625 0.69287109375 281.9321521699117 955
stats: 404 8 3031
stats: tr_index 0 0 0 19287.416015625 1.467041015625 1556.5529800494928 955
stats: 500 0 185
stats: tr_quizzes_page_INDEX 0 0 0 577.655029296875 0.6630859375 187.05668090820313 400
stats: tr_quiz_questions_SHOW 16 5.921600341796875 2.5699979071800523 6394.005126953125 0.12109375 169.05317284418297 3176
# stats: dump at 1448600839
stats: users 3 1190
stats: {freemem,"tsung_controller@ip-172-30-3-25"} 1 3095.80859375 0.0 3170.89453125 2921.78515625 3080.972412109375 32
stats: {load,"tsung_controller@ip-172-30-3-25"} 1 0.12109375 0.0 0.3203125 0.01171875 0.1182861328125 32
stats: {recvpackets,"tsung_controller@ip-172-30-3-25"} 1 245.0 0.0 15158 115 5050.419354838709 31
stats: {sentpackets,"tsung_controller@ip-172-30-3-25"} 1 207.0 0.0 11540 177 3900.870967741936 31
stats: {cpu,"tsung_controller@ip-172-30-3-25"} 1 1.5763546798029555 0.0 27.170868347338935 1.4807502467917077 9.226186653503138 32
stats: session 3 115888.4042154948 4757.891030552285 153685.0 6845.594970703125 49283.231315182165 1878
stats: users_count 0 1884
stats: finish_users_count 3 1881
stats: request 32 8.872520446777344 5.423922789694832 19287.3759765625 0.067138671875 321.3638258670028 29937
stats: connect 1 0.840087890625 0.0 15036.505859375 0.48486328125 542.6357387783293 2220
stats: page 22 12.962113813920455 6.520571232194065 19287.3759765625 0.535888671875 386.578204022736 24889
stats: tr_play_game__ready_page 0 0 0 12252.376953125 0.631103515625 208.39855918684555 955
stats: 302 0 2899
stats: tr_question_new_POST 8 4.52337646484375 0.10648455465165887 6800.06396484375 0.762939453125 169.716757255688 3192
stats: 200 24 21849
stats: tr_quiz_new_POST 1 13.029052734375 0.0 16552.148193359375 0.98291015625 247.76601966341636 399
stats: size_rcv 80370 61300821
stats: tr_play_game__leaderboard 0 0 0 3973.073974609375 0.7421875 195.167648859244 954
stats: newphase 0 6
stats: tr_friend_requests 0 0 0 6054.221923828125 0.736083984375 208.91294563740547 529
stats: 422 0 512
stats: tr_friends 1 35.468994140625 0.0 5176.679931640625 0.626953125 237.46289802320075 528
stats: size_sent 37962 45575592
stats: tr_search_all_users 0 0 0 720.05908203125 0.651123046875 267.2064273718632 528
stats: connected -1 4
stats: tr_browse_quizzes_page_1 0 0 0 19246.444091796875 0.698974609375 263.89954086223827 955
stats: error_connection_closed 0 21
stats: tr_play_game__1st_question 0 0 0 18546.29296875 0.73583984375 248.69831504622053 955
stats: 503 0 1352
stats: tr_play_game__answer_to_question 0 0 0 18767.65478515625 0.69287109375 281.9321521699117 955
stats: 404 8 3039
stats: tr_index 0 0 0 19287.416015625 1.467041015625 1556.5529800494928 955
stats: 500 0 185
stats: tr_quizzes_page_INDEX 0 0 0 577.655029296875 0.6630859375 187.05668090820313 400
stats: tr_quiz_questions_SHOW 8 8.279205322265625 1.2667812783883554 6394.005126953125 0.12109375 168.23547072637652 3192
# stats: dump at 1448600849
stats: users 1 1190
stats: {freemem,"tsung_controller@ip-172-30-3-25"} 1 3095.8984375 0.0 3170.89453125 2921.78515625 3081.421993371212 33
stats: {load,"tsung_controller@ip-172-30-3-25"} 1 0.1015625 0.0 0.3203125 0.01171875 0.11837121212121213 33
stats: {recvpackets,"tsung_controller@ip-172-30-3-25"} 1 131.0 0.0 15158 115 4900.25 32
stats: {sentpackets,"tsung_controller@ip-172-30-3-25"} 1 88.0 0.0 11540 88 3785.4375000000005 32
stats: {cpu,"tsung_controller@ip-172-30-3-25"} 1 1.2807881773399015 0.0 27.170868347338935 1.2807881773399015 8.99437356339101 33
stats: session 2 132856.9073486328 4924.4444580078125 153685.0 6845.594970703125 49389.45966111568 1881
stats: users_count 0 1884
stats: finish_users_count 2 1883
stats: request 5 28.077001953125 23.389121873627197 19287.3759765625 0.067138671875 321.03015701674263 29969
stats: connect 0 0 0 15036.505859375 0.48486328125 542.3917965672136 2221
stats: page 5 28.077001953125 23.389121873627197 19287.3759765625 0.535888671875 386.24824721712423 24911
stats: tr_play_game__ready_page 0 0 0 12252.376953125 0.631103515625 208.39855918684555 955
stats: 302 0 2899
stats: tr_question_new_POST 0 0 0 6800.06396484375 0.762939453125 169.3037738037109 3200
stats: 200 5 21854
stats: tr_quiz_new_POST 0 0 0 16552.148193359375 0.98291015625 247.17917724609376 400
stats: size_rcv 25286 61326107
stats: tr_play_game__leaderboard 0 0 0 3973.073974609375 0.7421875 195.167648859244 954
stats: newphase 0 6
stats: tr_friend_requests 0 0 0 6054.221923828125 0.736083984375 208.91294563740547 529
stats: 422 0 512
stats: tr_friends 0 0 0 5176.679931640625 0.626953125 237.08105699506734 529
stats: size_sent 11686 45587278
stats: tr_search_all_users 1 59.7841796875 0.0 720.05908203125 0.651123046875 267.2064273718632 528
stats: connected -3 1
stats: tr_browse_quizzes_page_1 0 0 0 19246.444091796875 0.698974609375 263.89954086223827 955
stats: error_connection_closed 0 21
stats: tr_play_game__1st_question 0 0 0 18546.29296875 0.73583984375 248.69831504622053 955
stats: 503 0 1352
stats: tr_play_game__answer_to_question 0 0 0 18767.65478515625 0.69287109375 281.9321521699117 955
stats: 404 0 3039
stats: tr_index 0 0 0 19287.416015625 1.467041015625 1556.5529800494928 955
stats: 500 0 185
stats: tr_quizzes_page_INDEX 0 0 0 577.655029296875 0.6630859375 187.05668090820313 400
stats: tr_quiz_questions_SHOW 0 0 0 6394.005126953125 0.12109375 167.83558006286626 3200
# stats: dump at 1448600855
stats: users 0 1190
stats: {freemem,"tsung_controller@ip-172-30-3-25"} 1 3095.8203125 0.0 3170.89453125 2921.78515625 3081.847771139706 34
stats: {load,"tsung_controller@ip-172-30-3-25"} 1 0.078125 0.0 0.3203125 0.01171875 0.11787683823529412 34
stats: {recvpackets,"tsung_controller@ip-172-30-3-25"} 1 66.0 0.0 15158 66 4755.727272727273 33
stats: {sentpackets,"tsung_controller@ip-172-30-3-25"} 1 125.0 0.0 11540 88 3673.39393939394 33
stats: {cpu,"tsung_controller@ip-172-30-3-25"} 1 1.085883514313919 0.0 27.170868347338935 1.085883514313919 8.767503404977743 34
stats: session 1 130703.71484375 0.0 153685.0 6845.594970703125 49478.113349578256 1883
stats: users_count 0 1884
stats: finish_users_count 1 1884
stats: request 2 8.91552734375 1.195556640625 19287.3759765625 0.067138671875 320.98128913873774 29974
stats: connect 0 0 0 15036.505859375 0.48486328125 542.3917965672136 2221
stats: page 2 8.91552734375 1.195556640625 19287.3759765625 0.535888671875 386.1763714655461 24916
stats: tr_play_game__ready_page 0 0 0 12252.376953125 0.631103515625 208.39855918684555 955
stats: 302 0 2899
stats: tr_question_new_POST 0 0 0 6800.06396484375 0.762939453125 169.3037738037109 3200
stats: 200 2 21856
stats: tr_quiz_new_POST 0 0 0 16552.148193359375 0.98291015625 247.17917724609376 400
stats: size_rcv 3315 61329422
stats: tr_play_game__leaderboard 1 10.2099609375 0.0 3973.073974609375 0.7421875 195.167648859244 954
stats: newphase 0 6
stats: tr_friend_requests 0 0 0 6054.221923828125 0.736083984375 208.91294563740547 529
stats: 422 0 512
stats: tr_friends 0 0 0 5176.679931640625 0.626953125 237.08105699506734 529
stats: size_sent 6693 45593971
stats: tr_search_all_users 0 0 0 720.05908203125 0.651123046875 266.81432482425566 529
stats: connected -1 0
stats: tr_browse_quizzes_page_1 0 0 0 19246.444091796875 0.698974609375 263.89954086223827 955
stats: error_connection_closed 0 21
stats: tr_play_game__1st_question 0 0 0 18546.29296875 0.73583984375 248.69831504622053 955
stats: 503 0 1352
stats: tr_play_game__answer_to_question 0 0 0 18767.65478515625 0.69287109375 281.9321521699117 955
stats: 404 0 3039
stats: tr_index 0 0 0 19287.416015625 1.467041015625 1556.5529800494928 955
stats: 500 0 185
stats: tr_quizzes_page_INDEX 0 0 0 577.655029296875 0.6630859375 187.05668090820313 400
stats: tr_quiz_questions_SHOW 0 0 0 6394.005126953125 0.12109375 167.83558006286626 3200
EndMonitor:{1448,600855,696664}
